PRT1
308
847
4 0 5 (3808 3072 2528 ) (3072 3072 2528 ) (3072 3072 -992 ) (3808 3072 -992 ) 
4 0 1 (3072 3072 -992 ) (3072 3072 2528 ) (3072 4064 2528 ) (3072 4064 -992 ) 
4 1 6 (3072 3072 -992 ) (3072 3072 2528 ) (2048 3072 2528 ) (2048 3072 -992 ) 
4 1 2 (2048 3072 -992 ) (2048 3072 2528 ) (2048 4064 2528 ) (2048 4064 -992 ) 
4 2 13 (2048 3072 -992 ) (2048 3072 2528 ) (1024 3072 2528 ) (1024 3072 -992 ) 
4 2 3 (1024 3072 -992 ) (1024 3072 2528 ) (1024 4064 2528 ) (1024 4064 -992 ) 
4 3 15 (1024 3072 -992 ) (1024 3072 2528 ) (0 3072 2528 ) (0 3072 -992 ) 
4 3 4 (0 3072 -992 ) (0 3072 2528 ) (0 4064 2528 ) (0 4064 -992 ) 
4 4 43 (-1024 3072 -992 ) (-1024 3072 2528 ) (-1024 4064 2528 ) (-1024 4064 -992 ) 
4 4 16 (0 3072 -992 ) (0 3072 2528 ) (-1024 3072 2528 ) (-1024 3072 -992 ) 
4 5 7 (3808 2048 2528 ) (3072 2048 2528 ) (3072 2048 -992 ) (3808 2048 -992 ) 
4 5 6 (3072 3072 2528 ) (3072 3072 -992 ) (3072 2048 -992 ) (3072 2048 2528 ) 
4 6 13 (2048 3072 2528 ) (2048 3072 -992 ) (2048 2048 -992 ) (2048 2048 2528 ) 
4 6 8 (3072 2048 -992 ) (3072 2048 2528 ) (2048 2048 2528 ) (2048 2048 -992 ) 
4 7 9 (3808 1024 2528 ) (3072 1024 2528 ) (3072 1024 -992 ) (3808 1024 -992 ) 
4 7 8 (3072 2048 2528 ) (3072 2048 -992 ) (3072 1024 -992 ) (3072 1024 2528 ) 
4 8 14 (2048 1024 -992 ) (2048 1024 2528 ) (2048 2048 2528 ) (2048 2048 -992 ) 
4 8 10 (3072 1024 -992 ) (3072 1024 2528 ) (2048 1024 2528 ) (2048 1024 -992 ) 
4 9 11 (3808 0 2528 ) (3072 0 2528 ) (3072 0 -992 ) (3808 0 -992 ) 
4 9 10 (3072 1024 2528 ) (3072 1024 -992 ) (3072 0 -992 ) (3072 0 2528 ) 
4 10 24 (2048 0 -992 ) (2048 0 2528 ) (2048 1024 2528 ) (2048 1024 -992 ) 
4 10 12 (3072 0 -992 ) (3072 0 2528 ) (2048 0 2528 ) (2048 0 -992 ) 
4 11 174 (3808 -1024 2528 ) (3072 -1024 2528 ) (3072 -1024 -992 ) (3808 -1024 -992 ) 
4 11 12 (3072 0 2528 ) (3072 0 -992 ) (3072 -1024 -992 ) (3072 -1024 2528 ) 
4 12 175 (3072 -1024 -992 ) (3072 -1024 2528 ) (2048 -1024 2528 ) (2048 -1024 -992 ) 
4 12 25 (2048 -1024 -992 ) (2048 -1024 2528 ) (2048 0 2528 ) (2048 0 -992 ) 
4 13 15 (1024 3072 2528 ) (1024 3072 -992 ) (1024 2048 -992 ) (1024 2048 2528 ) 
4 13 14 (2048 2048 -992 ) (2048 2048 2528 ) (1024 2048 2528 ) (1024 2048 -992 ) 
4 14 24 (2048 1024 -992 ) (2048 1024 2528 ) (1024 1024 2528 ) (1024 1024 -992 ) 
4 14 17 (1024 1024 -992 ) (1024 1024 2528 ) (1024 2048 2528 ) (1024 2048 -992 ) 
4 15 17 (1024 2048 -992 ) (1024 2048 2528 ) (0 2048 2528 ) (0 2048 -992 ) 
4 15 16 (0 3072 2528 ) (0 3072 -992 ) (0 2048 -992 ) (0 2048 2528 ) 
4 16 52 (-1024 2048 -992 ) (-1024 2048 -128 ) (-1024 3072 -128 ) (-1024 3072 -992 ) 
4 16 49 (-1024 2048 -128 ) (-1024 2048 2528 ) (-1024 3072 2528 ) (-1024 3072 -128 ) 
4 16 22 (-512 2048 64 ) (-1024 2048 64 ) (-1024 2048 -992 ) (-512 2048 -992 ) 
4 16 21 (0 2048 -992 ) (0 2048 64 ) (-512 2048 64 ) (-512 2048 -992 ) 
4 16 18 (0 2048 64 ) (0 2048 2528 ) (-512 2048 2528 ) (-512 2048 64 ) 
4 16 20 (-512 2048 2528 ) (-1024 2048 2528 ) (-1024 2048 64 ) (-512 2048 64 ) 
4 17 26 (1024 1024 -992 ) (1024 1024 2528 ) (0 1024 2528 ) (0 1024 -992 ) 
4 17 21 (0 2048 64 ) (0 2048 -992 ) (0 1024 -992 ) (0 1024 64 ) 
4 17 19 (0 1024 320 ) (0 1024 2528 ) (0 1632 2528 ) (0 1632 320 ) 
4 17 18 (0 2048 2528 ) (0 2048 64 ) (0 1632 64 ) (0 1632 2528 ) 
4 18 21 (0 2048 64 ) (0 1632 64 ) (-512 1632 64 ) (-512 2048 64 ) 
4 18 19 (-512 1632 2528 ) (-512 1632 320 ) (0 1632 320 ) (0 1632 2528 ) 
4 18 20 (-512 2048 64 ) (-512 1632 64 ) (-512 1632 2528 ) (-512 2048 2528 ) 
4 19 27 (0 1024 320 ) (0 1024 2528 ) (-512 1024 2528 ) (-512 1024 320 ) 
4 19 20 (-512 1024 320 ) (-512 1024 2528 ) (-512 1632 2528 ) (-512 1632 320 ) 
4 20 54 (-1024 1024 64 ) (-1024 1024 2528 ) (-1024 1632 2528 ) (-1024 1632 64 ) 
4 20 53 (-1024 1632 2528 ) (-1024 2048 2528 ) (-1024 2048 64 ) (-1024 1632 64 ) 
4 20 28 (-512 1024 2528 ) (-1024 1024 2528 ) (-1024 1024 64 ) (-512 1024 64 ) 
4 20 22 (-1024 1632 64 ) (-1024 2048 64 ) (-512 2048 64 ) (-512 1632 64 ) 
4 21 29 (0 1024 -992 ) (0 1024 64 ) (-512 1024 64 ) (-512 1024 -992 ) 
4 21 23 (-512 1632 -992 ) (-512 1024 -992 ) (-512 1024 -64 ) (-512 1632 -64 ) 
4 21 22 (-512 2048 -992 ) (-512 1632 -992 ) (-512 1632 64 ) (-512 2048 64 ) 
4 22 56 (-1024 2048 -64 ) (-1024 2048 -992 ) (-1024 1632 -992 ) (-1024 1632 -64 ) 
4 22 53 (-1024 1632 64 ) (-1024 2048 64 ) (-1024 2048 -64 ) (-1024 1632 -64 ) 
4 22 23 (-1024 1632 -992 ) (-512 1632 -992 ) (-512 1632 -64 ) (-1024 1632 -64 ) 
4 23 56 (-1024 1024 -992 ) (-1024 1024 -64 ) (-1024 1632 -64 ) (-1024 1632 -992 ) 
4 23 30 (-1024 1024 -64 ) (-1024 1024 -992 ) (-512 1024 -992 ) (-512 1024 -64 ) 
4 24 26 (1024 1024 2528 ) (1024 1024 -992 ) (1024 0 -992 ) (1024 0 2528 ) 
4 24 25 (2048 0 -992 ) (2048 0 2528 ) (1024 0 2528 ) (1024 0 -992 ) 
4 25 180 (2048 -1024 -992 ) (2048 -1024 2528 ) (1024 -1024 2528 ) (1024 -1024 -992 ) 
4 25 34 (1024 -1024 -992 ) (1024 -1024 576 ) (1024 0 576 ) (1024 0 -992 ) 
4 25 31 (1024 -1024 576 ) (1024 -1024 2528 ) (1024 0 2528 ) (1024 0 576 ) 
4 26 34 (1024 0 -992 ) (1024 0 576 ) (0 0 576 ) (0 0 -992 ) 
4 26 32 (32 0 2528 ) (0 0 2528 ) (0 0 576 ) (32 0 576 ) 
4 26 31 (1024 0 576 ) (1024 0 2528 ) (32 0 2528 ) (32 0 576 ) 
4 26 29 (0 1024 64 ) (0 1024 -992 ) (0 0 -992 ) (0 0 64 ) 
4 26 27 (0 1024 2528 ) (0 1024 320 ) (0 0 320 ) (0 0 2528 ) 
4 27 38 (0 0 320 ) (0 0 544 ) (-512 0 544 ) (-512 0 320 ) 
4 27 36 (0 0 544 ) (0 0 576 ) (-512 0 576 ) (-512 0 544 ) 
4 27 35 (0 0 576 ) (0 0 2528 ) (-512 0 2528 ) (-512 0 576 ) 
4 27 28 (-512 0 320 ) (-512 0 2528 ) (-512 1024 2528 ) (-512 1024 320 ) 
4 28 67 (-1024 0 64 ) (-1024 0 2528 ) (-1024 1024 2528 ) (-1024 1024 64 ) 
4 28 35 (-512 0 2528 ) (-1024 0 2528 ) (-1024 0 576 ) (-512 0 576 ) 
4 29 41 (0 0 -992 ) (0 0 64 ) (-512 0 64 ) (-512 0 -992 ) 
4 29 30 (-512 1024 -992 ) (-512 0 -992 ) (-512 0 -64 ) (-512 1024 -64 ) 
4 30 69 (-1024 0 -992 ) (-1024 0 -64 ) (-1024 1024 -64 ) (-1024 1024 -992 ) 
4 30 42 (-1024 0 -64 ) (-1024 0 -992 ) (-512 0 -992 ) (-512 0 -64 ) 
4 31 181 (1024 -1024 576 ) (1024 -1024 2528 ) (32 -1024 2528 ) (32 -1024 576 ) 
4 31 34 (1024 -1024 576 ) (32 -1024 576 ) (32 0 576 ) (1024 0 576 ) 
4 31 33 (32 -1024 704 ) (32 -1024 2528 ) (32 -64 2528 ) (32 -64 704 ) 
4 31 32 (32 0 576 ) (32 -64 576 ) (32 -64 2528 ) (32 0 2528 ) 
4 32 35 (0 0 2528 ) (0 0 576 ) (0 -64 576 ) (0 -64 2528 ) 
4 32 34 (0 -64 576 ) (0 0 576 ) (32 0 576 ) (32 -64 576 ) 
4 32 33 (32 -64 704 ) (32 -64 2528 ) (0 -64 2528 ) (0 -64 704 ) 
4 33 182 (32 -1024 2528 ) (0 -1024 2528 ) (0 -1024 704 ) (32 -1024 704 ) 
4 33 35 (0 -1024 704 ) (0 -1024 2528 ) (0 -64 2528 ) (0 -64 704 ) 
4 34 184 (1024 -1024 -992 ) (1024 -1024 576 ) (0 -1024 576 ) (0 -1024 -992 ) 
4 34 41 (0 0 64 ) (0 0 -992 ) (0 -1024 -992 ) (0 -1024 64 ) 
4 34 38 (0 0 544 ) (0 0 320 ) (0 -1024 320 ) (0 -1024 544 ) 
4 34 36 (0 0 576 ) (0 0 544 ) (0 -1024 544 ) (0 -1024 576 ) 
4 35 186 (0 -1024 576 ) (0 -1024 704 ) (-1024 -1024 704 ) (-1024 -1024 576 ) 
4 35 185 (0 -1024 704 ) (0 -1024 2528 ) (-1024 -1024 2528 ) (-1024 -1024 704 ) 
4 35 71 (-1024 -1024 576 ) (-1024 -1024 2528 ) (-1024 0 2528 ) (-1024 0 576 ) 
4 35 37 (-512 -1024 576 ) (-1024 -1024 576 ) (-1024 -576 576 ) (-512 -576 576 ) 
4 35 36 (0 0 576 ) (0 -1024 576 ) (-512 -1024 576 ) (-512 0 576 ) 
4 36 187 (0 -1024 544 ) (0 -1024 576 ) (-512 -1024 576 ) (-512 -1024 544 ) 
4 36 38 (0 -1024 544 ) (-512 -1024 544 ) (-512 0 544 ) (0 0 544 ) 
4 36 37 (-512 -576 544 ) (-512 -1024 544 ) (-512 -1024 576 ) (-512 -576 576 ) 
4 37 188 (-512 -1024 576 ) (-1024 -1024 576 ) (-1024 -1024 544 ) (-512 -1024 544 ) 
4 37 72 (-1024 -1024 544 ) (-1024 -1024 576 ) (-1024 -576 576 ) (-1024 -576 544 ) 
4 37 40 (-512 -1024 544 ) (-1024 -1024 544 ) (-1024 -576 544 ) (-512 -576 544 ) 
4 38 187 (0 -1024 320 ) (0 -1024 544 ) (-512 -1024 544 ) (-512 -1024 320 ) 
4 38 40 (-512 -1024 320 ) (-512 -1024 544 ) (-512 -576 544 ) (-512 -576 320 ) 
4 38 39 (-512 -512 544 ) (-512 -64 544 ) (-512 -64 320 ) (-512 -512 320 ) 
4 39 84 (-1024 -64 384 ) (-1024 -64 64 ) (-1024 -512 64 ) (-1024 -512 384 ) 
4 39 75 (-1024 -512 544 ) (-1024 -64 544 ) (-1024 -64 384 ) (-1024 -512 384 ) 
4 40 188 (-512 -1024 544 ) (-1024 -1024 544 ) (-1024 -1024 64 ) (-512 -1024 64 ) 
4 40 88 (-1024 -1024 64 ) (-1024 -1024 544 ) (-1024 -576 544 ) (-1024 -576 64 ) 
4 41 191 (0 -1024 -992 ) (0 -1024 -64 ) (-512 -1024 -64 ) (-512 -1024 -992 ) 
4 41 190 (0 -1024 -64 ) (0 -1024 64 ) (-512 -1024 64 ) (-512 -1024 -64 ) 
4 41 42 (-512 0 -992 ) (-512 -1024 -992 ) (-512 -1024 -64 ) (-512 0 -64 ) 
4 42 191 (-1024 -1024 -64 ) (-1024 -1024 -992 ) (-512 -1024 -992 ) (-512 -1024 -64 ) 
4 42 93 (-1024 -1024 -992 ) (-1024 -1024 -128 ) (-1024 0 -128 ) (-1024 0 -992 ) 
4 42 92 (-1024 -1024 -128 ) (-1024 -1024 -64 ) (-1024 0 -64 ) (-1024 0 -128 ) 
4 43 52 (-1024 3072 -992 ) (-1024 3072 -128 ) (-2048 3072 -128 ) (-2048 3072 -992 ) 
4 43 50 (-1472 3072 2528 ) (-2048 3072 2528 ) (-2048 3072 -128 ) (-1472 3072 -128 ) 
4 43 49 (-1024 3072 -128 ) (-1024 3072 2528 ) (-1472 3072 2528 ) (-1472 3072 -128 ) 
4 43 44 (-2048 3072 -992 ) (-2048 3072 2528 ) (-2048 4064 2528 ) (-2048 4064 -992 ) 
4 44 61 (-2048 3072 -992 ) (-2048 3072 -128 ) (-3072 3072 -128 ) (-3072 3072 -992 ) 
4 44 58 (-2048 3072 -128 ) (-2048 3072 2528 ) (-2496 3072 2528 ) (-2496 3072 -128 ) 
4 44 60 (-2496 3072 2528 ) (-3072 3072 2528 ) (-3072 3072 -128 ) (-2496 3072 -128 ) 
4 44 45 (-3072 3072 -992 ) (-3072 3072 2528 ) (-3072 4064 2528 ) (-3072 4064 -992 ) 
4 45 62 (-3072 3072 -992 ) (-3072 3072 2528 ) (-4096 3072 2528 ) (-4096 3072 -992 ) 
4 45 46 (-4096 3072 -992 ) (-4096 3072 2528 ) (-4096 4064 2528 ) (-4096 4064 -992 ) 
4 46 162 (-4096 3072 -992 ) (-4096 3072 2528 ) (-5120 3072 2528 ) (-5120 3072 -992 ) 
4 46 47 (-5120 3072 -992 ) (-5120 3072 2528 ) (-5120 4064 2528 ) (-5120 4064 -992 ) 
4 47 163 (-5120 3072 -992 ) (-5120 3072 2528 ) (-6144 3072 2528 ) (-6144 3072 -992 ) 
4 47 48 (-6144 3072 -992 ) (-6144 3072 2528 ) (-6144 4064 2528 ) (-6144 4064 -992 ) 
4 48 166 (-6144 3072 -992 ) (-6144 3072 2528 ) (-6880 3072 2528 ) (-6880 3072 -992 ) 
4 49 56 (-1024 2048 -128 ) (-1024 2048 -64 ) (-1472 2048 -64 ) (-1472 2048 -128 ) 
4 49 53 (-1024 2048 -64 ) (-1024 2048 2528 ) (-1472 2048 2528 ) (-1472 2048 -64 ) 
4 49 52 (-1472 3072 -128 ) (-1024 3072 -128 ) (-1024 2048 -128 ) (-1472 2048 -128 ) 
4 49 51 (-1472 2048 -64 ) (-1472 2048 2528 ) (-1472 2304 2528 ) (-1472 2304 -64 ) 
4 49 50 (-1472 3072 -128 ) (-1472 2304 -128 ) (-1472 2304 2528 ) (-1472 3072 2528 ) 
4 50 58 (-2048 3072 2528 ) (-2048 3072 -128 ) (-2048 2304 -128 ) (-2048 2304 2528 ) 
4 50 52 (-2048 2304 -128 ) (-2048 3072 -128 ) (-1472 3072 -128 ) (-1472 2304 -128 ) 
4 50 51 (-1472 2304 -64 ) (-1472 2304 2528 ) (-2048 2304 2528 ) (-2048 2304 -64 ) 
4 51 59 (-2048 2048 -64 ) (-2048 2048 2528 ) (-2048 2304 2528 ) (-2048 2304 -64 ) 
4 51 55 (-1472 2048 2528 ) (-2048 2048 2528 ) (-2048 2048 -64 ) (-1472 2048 -64 ) 
4 52 61 (-2048 3072 -128 ) (-2048 3072 -992 ) (-2048 2048 -992 ) (-2048 2048 -128 ) 
4 52 57 (-1472 2048 -128 ) (-2048 2048 -128 ) (-2048 2048 -992 ) (-1472 2048 -992 ) 
4 52 56 (-1024 2048 -992 ) (-1024 2048 -128 ) (-1472 2048 -128 ) (-1472 2048 -992 ) 
4 53 56 (-1472 2048 -64 ) (-1024 2048 -64 ) (-1024 1632 -64 ) (-1472 1632 -64 ) 
4 53 54 (-1472 1632 2528 ) (-1472 1632 64 ) (-1024 1632 64 ) (-1024 1632 2528 ) 
4 53 55 (-1472 2048 -64 ) (-1472 1632 -64 ) (-1472 1632 2528 ) (-1472 2048 2528 ) 
4 54 67 (-1024 1024 64 ) (-1024 1024 2528 ) (-1472 1024 2528 ) (-1472 1024 64 ) 
4 54 55 (-1472 1024 64 ) (-1472 1024 2528 ) (-1472 1632 2528 ) (-1472 1632 64 ) 
4 55 68 (-1472 1024 2528 ) (-2048 1024 2528 ) (-2048 1024 -64 ) (-1472 1024 -64 ) 
4 55 63 (-2048 1024 -64 ) (-2048 1024 2528 ) (-2048 2048 2528 ) (-2048 2048 -64 ) 
4 56 69 (-1024 1024 -992 ) (-1024 1024 -64 ) (-1472 1024 -64 ) (-1472 1024 -992 ) 
4 56 57 (-1472 2048 -992 ) (-1472 1024 -992 ) (-1472 1024 -128 ) (-1472 2048 -128 ) 
4 57 70 (-2048 1024 -128 ) (-2048 1024 -992 ) (-1472 1024 -992 ) (-1472 1024 -128 ) 
4 57 65 (-2048 1024 -992 ) (-2048 1024 -128 ) (-2048 2048 -128 ) (-2048 2048 -992 ) 
4 58 61 (-2496 2304 -128 ) (-2496 3072 -128 ) (-2048 3072 -128 ) (-2048 2304 -128 ) 
4 58 59 (-2496 2304 2528 ) (-2496 2304 -64 ) (-2048 2304 -64 ) (-2048 2304 2528 ) 
4 58 60 (-2496 3072 -128 ) (-2496 2304 -128 ) (-2496 2304 2528 ) (-2496 3072 2528 ) 
4 59 63 (-2048 2048 -64 ) (-2048 2048 2528 ) (-2496 2048 2528 ) (-2496 2048 -64 ) 
4 59 60 (-2496 2048 -64 ) (-2496 2048 2528 ) (-2496 2304 2528 ) (-2496 2304 -64 ) 
4 60 64 (-2496 2048 2528 ) (-3072 2048 2528 ) (-3072 2048 -128 ) (-2496 2048 -128 ) 
4 60 62 (-3072 3072 2528 ) (-3072 3072 -128 ) (-3072 2048 -128 ) (-3072 2048 2528 ) 
4 60 61 (-2496 2048 -128 ) (-3072 2048 -128 ) (-3072 3072 -128 ) (-2496 3072 -128 ) 
4 61 65 (-2048 2048 -992 ) (-2048 2048 -128 ) (-3072 2048 -128 ) (-3072 2048 -992 ) 
4 61 62 (-3072 3072 -128 ) (-3072 3072 -992 ) (-3072 2048 -992 ) (-3072 2048 -128 ) 
4 62 162 (-4096 3072 2528 ) (-4096 3072 -992 ) (-4096 2048 -992 ) (-4096 2048 2528 ) 
4 62 66 (-3072 2048 -992 ) (-3072 2048 2528 ) (-4096 2048 2528 ) (-4096 2048 -992 ) 
4 63 95 (-2472 1024 2528 ) (-2496 1024 2528 ) (-2496 1024 -64 ) (-2472 1024 -64 ) 
4 63 94 (-2048 1024 -64 ) (-2048 1024 2528 ) (-2472 1024 2528 ) (-2472 1024 -64 ) 
4 63 64 (-2496 1024 -64 ) (-2496 1024 2528 ) (-2496 2048 2528 ) (-2496 2048 -64 ) 
4 64 125 (-3072 1024 -64 ) (-3072 1024 -128 ) (-2496 1024 -128 ) (-2496 1024 -64 ) 
4 64 122 (-3072 1024 -24 ) (-3072 1024 -64 ) (-2816 1024 -64 ) (-2816 1024 -24 ) 
4 64 121 (-2816 1024 2528 ) (-3072 1024 2528 ) (-3072 1024 -24 ) (-2816 1024 -24 ) 
4 64 117 (-2816 1024 224 ) (-2816 1024 -64 ) (-2768 1024 -64 ) (-2768 1024 224 ) 
4 64 116 (-2768 1024 2528 ) (-2816 1024 2528 ) (-2816 1024 224 ) (-2768 1024 224 ) 
4 64 113 (-2536 1024 2528 ) (-2768 1024 2528 ) (-2768 1024 -64 ) (-2536 1024 -64 ) 
4 64 95 (-2496 1024 2528 ) (-2536 1024 2528 ) (-2536 1024 -64 ) (-2496 1024 -64 ) 
4 64 66 (-3072 2048 2528 ) (-3072 2048 -128 ) (-3072 1024 -128 ) (-3072 1024 2528 ) 
4 64 65 (-3072 2048 -128 ) (-2496 2048 -128 ) (-2496 1024 -128 ) (-3072 1024 -128 ) 
4 65 124 (-2048 1024 -992 ) (-2048 1024 -128 ) (-2496 1024 -128 ) (-2496 1024 -992 ) 
4 65 125 (-2496 1024 -128 ) (-3072 1024 -128 ) (-3072 1024 -992 ) (-2496 1024 -992 ) 
4 65 66 (-3072 2048 -128 ) (-3072 2048 -992 ) (-3072 1024 -992 ) (-3072 1024 -128 ) 
4 66 164 (-4096 1024 -992 ) (-4096 1024 2528 ) (-4096 2048 2528 ) (-4096 2048 -992 ) 
4 66 138 (-3072 1024 -992 ) (-3072 1024 -64 ) (-4096 1024 -64 ) (-4096 1024 -992 ) 
4 66 135 (-3424 1024 -64 ) (-3168 1024 -64 ) (-3168 1024 192 ) (-3424 1024 192 ) 
4 66 137 (-4096 1024 192 ) (-4096 1024 -64 ) (-3424 1024 -64 ) (-3424 1024 192 ) 
4 66 134 (-3168 1024 2528 ) (-4096 1024 2528 ) (-4096 1024 192 ) (-3168 1024 192 ) 
4 66 129 (-3120 1024 2528 ) (-3168 1024 2528 ) (-3168 1024 -64 ) (-3120 1024 -64 ) 
4 66 126 (-3072 1024 -64 ) (-3072 1024 2528 ) (-3120 1024 2528 ) (-3120 1024 -64 ) 
5 67 74 (-1216.009521 0 544 ) (-1472 0 544 ) (-1472 0 64 ) (-1152 0 64 ) (-1152 0 383.976227 ) 
4 67 73 (-1216 0 576 ) (-1472 0 576 ) (-1472 0 544 ) (-1216 0 544 ) 
4 67 71 (-1024 0 576 ) (-1024 0 2528 ) (-1472 0 2528 ) (-1472 0 576 ) 
4 67 68 (-1472 0 64 ) (-1472 0 2528 ) (-1472 1024 2528 ) (-1472 1024 64 ) 
4 68 101 (-2048 928 -64 ) (-2048 0 -64 ) (-2048 0 2528 ) (-2048 928 2528 ) 
4 68 94 (-2048 1024 2528 ) (-2048 1024 -64 ) (-2048 928 -64 ) (-2048 928 2528 ) 
4 68 91 (-2048 0 64 ) (-2048 0 -64 ) (-1472 0 -64 ) (-1472 0 64 ) 
4 68 74 (-2048 0 544 ) (-2048 0 64 ) (-1472 0 64 ) (-1472 0 544 ) 
4 68 73 (-2048 0 576 ) (-2048 0 544 ) (-1472 0 544 ) (-1472 0 576 ) 
4 68 71 (-1472 0 2528 ) (-2048 0 2528 ) (-2048 0 576 ) (-1472 0 576 ) 
4 69 93 (-1024 0 -992 ) (-1024 0 -128 ) (-1472 0 -128 ) (-1472 0 -992 ) 
4 69 92 (-1024 0 -128 ) (-1024 0 -64 ) (-1472 0 -64 ) (-1472 0 -128 ) 
4 69 70 (-1472 1024 -992 ) (-1472 0 -992 ) (-1472 0 -128 ) (-1472 1024 -128 ) 
4 70 124 (-2048 1024 -128 ) (-2048 1024 -992 ) (-2048 0 -992 ) (-2048 0 -128 ) 
4 70 93 (-2048 0 -128 ) (-2048 0 -992 ) (-1472 0 -992 ) (-1472 0 -128 ) 
4 71 219 (-1024 -1024 576 ) (-1024 -1024 2528 ) (-2048 -1024 2528 ) (-2048 -1024 576 ) 
4 71 139 (-2048 -1024 576 ) (-2048 -1024 2528 ) (-2048 0 2528 ) (-2048 0 576 ) 
4 71 72 (-1024 -1024 576 ) (-1216 -1024 576 ) (-1216 -576 576 ) (-1024 -576 576 ) 
4 71 73 (-1216 -1024 576 ) (-2048 -1024 576 ) (-2048 0 576 ) (-1216 0 576 ) 
4 72 219 (-1024 -1024 544 ) (-1024 -1024 576 ) (-1216 -1024 576 ) (-1216 -1024 544 ) 
4 72 90 (-1152 -1024 544 ) (-1216 -1024 544 ) (-1216 -576 544 ) (-1152 -576 544 ) 
4 72 88 (-1024 -576 544 ) (-1024 -1024 544 ) (-1152 -1024 544 ) (-1152 -576 544 ) 
4 72 73 (-1216 -576 544 ) (-1216 -1024 544 ) (-1216 -1024 576 ) (-1216 -576 576 ) 
4 73 219 (-1216 -1024 576 ) (-2048 -1024 576 ) (-2048 -1024 544 ) (-1216 -1024 544 ) 
4 73 139 (-2048 -1024 544 ) (-2048 -1024 576 ) (-2048 0 576 ) (-2048 0 544 ) 
4 73 89 (-2048 -576 544 ) (-2048 -512 544 ) (-1216 -512 544 ) (-1216 -576 544 ) 
4 73 90 (-1216 -1024 544 ) (-2048 -1024 544 ) (-2048 -576 544 ) (-1216 -576 544 ) 
4 73 81 (-2048 -512 544 ) (-2048 -320 544 ) (-1216 -320 544 ) (-1216 -512 544 ) 
4 73 80 (-2048 -320 544 ) (-2048 -256 544 ) (-1216 -256 544 ) (-1216 -320 544 ) 
4 73 76 (-2048 -256 544 ) (-2048 -64 544 ) (-1216 -64 544 ) (-1216 -256 544 ) 
4 73 74 (-2048 -64 544 ) (-2048 0 544 ) (-1216 0 544 ) (-1216 -64 544 ) 
4 74 140 (-2048 0 224 ) (-2048 0 64 ) (-2048 -64 64 ) (-2048 -64 224 ) 
4 74 139 (-2048 -64 544 ) (-2048 0 544 ) (-2048 0 224 ) (-2048 -64 224 ) 
4 74 91 (-2048 -64 64 ) (-2048 0 64 ) (-1472 0 64 ) (-1472 -64 64 ) 
5 74 87 (-2048 -64 64 ) (-1152 -64 64 ) (-1152 -64 383.976227 ) (-1152.009521 -64 384 ) (-2048 -64 384 ) 
4 74 78 (-1152.009521 -64 384 ) (-1164.809570 -64 416 ) (-2048 -64 416 ) (-2048 -64 384 ) 
4 74 76 (-1164.809570 -64 416 ) (-1216.009521 -64 544 ) (-2048 -64 544 ) (-2048 -64 416 ) 
4 75 84 (-1024 -512 384 ) (-1080 -512 384 ) (-1080 -64 384 ) (-1024 -64 384 ) 
4 75 82 (-1080 -320 384 ) (-1080 -512 384 ) (-1080 -512 416 ) (-1080 -320 416 ) 
4 75 79 (-1080 -256 384 ) (-1080 -320 384 ) (-1080 -320 544 ) (-1080 -256 544 ) 
4 75 77 (-1080 -64 416 ) (-1080 -64 384 ) (-1080 -256 384 ) (-1080 -256 416 ) 
4 76 139 (-2048 -256 544 ) (-2048 -64 544 ) (-2048 -64 416 ) (-2048 -256 416 ) 
4 76 80 (-1216.009521 -256 544 ) (-2048 -256 544 ) (-2048 -256 416 ) (-1164.809448 -256 416 ) 
4 76 78 (-1152 -256 416 ) (-2048 -256 416 ) (-2048 -64 416 ) (-1152 -64 416 ) 
4 77 84 (-1088 -64 384 ) (-1080 -64 384 ) (-1080 -256 384 ) (-1088 -256 384 ) 
4 77 79 (-1088 -256 384 ) (-1080 -256 384 ) (-1080 -256 416 ) (-1088 -256 416 ) 
4 78 139 (-2048 -64 416 ) (-2048 -64 384 ) (-2048 -256 384 ) (-2048 -256 416 ) 
4 78 87 (-2048 -256 384 ) (-2048 -64 384 ) (-1152 -64 384 ) (-1152 -256 384 ) 
4 78 80 (-2048 -256 384 ) (-1152.009521 -256 384 ) (-1164.809448 -256 416 ) (-2048 -256 416 ) 
4 79 84 (-1088 -256 384 ) (-1080 -256 384 ) (-1080 -320 384 ) (-1088 -320 384 ) 
4 79 82 (-1088 -320 384 ) (-1080 -320 384 ) (-1080 -320 416 ) (-1088 -320 416 ) 
4 80 139 (-2048 -320 544 ) (-2048 -256 544 ) (-2048 -256 384 ) (-2048 -320 384 ) 
4 80 87 (-2048 -320 384 ) (-2048 -256 384 ) (-1152 -256 384 ) (-1152 -320 384 ) 
4 80 83 (-2048 -320 384 ) (-1152.009521 -320 384 ) (-1164.809570 -320 416 ) (-2048 -320 416 ) 
4 80 81 (-1164.809570 -320 416 ) (-1216.009521 -320 544 ) (-2048 -320 544 ) (-2048 -320 416 ) 
4 81 139 (-2048 -512 544 ) (-2048 -320 544 ) (-2048 -320 416 ) (-2048 -512 416 ) 
4 81 89 (-1216.009521 -512 544 ) (-2048 -512 544 ) (-2048 -512 416 ) (-1164.809448 -512 416 ) 
4 81 83 (-2048 -320 416 ) (-1152 -320 416 ) (-1152 -512 416 ) (-2048 -512 416 ) 
4 82 84 (-1080 -512 384 ) (-1088 -512 384 ) (-1088 -320 384 ) (-1080 -320 384 ) 
4 83 139 (-2048 -320 416 ) (-2048 -320 384 ) (-2048 -512 384 ) (-2048 -512 416 ) 
4 83 89 (-2048 -512 416 ) (-2048 -512 384 ) (-1152.009521 -512 384 ) (-1164.809448 -512 416 ) 
4 83 87 (-1152 -512 384 ) (-2048 -512 384 ) (-2048 -320 384 ) (-1152 -320 384 ) 
4 85 87 (-1152 -256 384 ) (-1152 -64 384 ) (-1152 -64 64 ) (-1152 -256 64 ) 
4 86 87 (-1152 -512 64 ) (-1152 -512 384 ) (-1152 -320 384 ) (-1152 -320 64 ) 
4 87 140 (-2048 -64 224 ) (-2048 -64 64 ) (-2048 -512 64 ) (-2048 -512 224 ) 
4 87 139 (-2048 -64 384 ) (-2048 -64 224 ) (-2048 -512 224 ) (-2048 -512 384 ) 
4 87 91 (-2048 -512 64 ) (-2048 -64 64 ) (-1472 -64 64 ) (-1472 -512 64 ) 
4 87 89 (-2048 -512 64 ) (-1152 -512 64 ) (-1152 -512 384 ) (-2048 -512 384 ) 
4 88 219 (-1024 -1024 64 ) (-1024 -1024 544 ) (-1152 -1024 544 ) (-1152 -1024 64 ) 
4 88 90 (-1152 -576 64 ) (-1152 -1024 64 ) (-1152 -1024 544 ) (-1152 -576 544 ) 
4 89 140 (-2048 -512 224 ) (-2048 -512 64 ) (-2048 -576 64 ) (-2048 -576 224 ) 
4 89 139 (-2048 -576 544 ) (-2048 -512 544 ) (-2048 -512 224 ) (-2048 -576 224 ) 
4 89 91 (-2048 -576 64 ) (-2048 -512 64 ) (-1472 -512 64 ) (-1472 -576 64 ) 
5 89 90 (-2048 -576 64 ) (-1152 -576 64 ) (-1152 -576 383.976227 ) (-1216.009521 -576 544 ) (-2048 -576 544 ) 
4 90 219 (-1152 -1024 544 ) (-2048 -1024 544 ) (-2048 -1024 64 ) (-1152 -1024 64 ) 
4 90 140 (-2048 -1024 64 ) (-2048 -1024 224 ) (-2048 -576 224 ) (-2048 -576 64 ) 
4 90 139 (-2048 -1024 224 ) (-2048 -1024 544 ) (-2048 -576 544 ) (-2048 -576 224 ) 
4 90 91 (-1472 -1024 64 ) (-2048 -1024 64 ) (-2048 -576 64 ) (-1472 -576 64 ) 
4 91 224 (-1472 -1024 64 ) (-2048 -1024 64 ) (-2048 -1024 -64 ) (-1472 -1024 -64 ) 
4 91 140 (-2048 -1024 -64 ) (-2048 -1024 64 ) (-2048 0 64 ) (-2048 0 -64 ) 
4 92 227 (-1024 -1024 -128 ) (-1024 -1024 -64 ) (-1472 -1024 -64 ) (-1472 -1024 -128 ) 
4 92 93 (-1024 -1024 -128 ) (-1472 -1024 -128 ) (-1472 0 -128 ) (-1024 0 -128 ) 
4 93 228 (-1024 -1024 -992 ) (-1024 -1024 -128 ) (-2048 -1024 -128 ) (-2048 -1024 -992 ) 
4 93 159 (-2048 -1024 -992 ) (-2048 -1024 -128 ) (-2048 0 -128 ) (-2048 0 -992 ) 
4 94 101 (-2472 928 -64 ) (-2048 928 -64 ) (-2048 928 2528 ) (-2472 928 2528 ) 
4 94 98 (-2472 944 -64 ) (-2472 928 -64 ) (-2472 928 224 ) (-2472 944 224 ) 
4 94 97 (-2472 992 -64 ) (-2472 976 -64 ) (-2472 976 224 ) (-2472 992 224 ) 
4 94 96 (-2472 928 224 ) (-2472 928 2528 ) (-2472 992 2528 ) (-2472 992 224 ) 
4 94 95 (-2472 1024 -64 ) (-2472 992 -64 ) (-2472 992 2528 ) (-2472 1024 2528 ) 
4 95 125 (-2536 992 -64 ) (-2536 1024 -64 ) (-2496 1024 -64 ) (-2496 992 -64 ) 
4 95 113 (-2536 1024 2528 ) (-2536 1024 -64 ) (-2536 992 -64 ) (-2536 992 2528 ) 
4 95 99 (-2520 992 224 ) (-2536 992 224 ) (-2536 992 -64 ) (-2520 992 -64 ) 
4 95 97 (-2472 992 -64 ) (-2472 992 224 ) (-2488 992 224 ) (-2488 992 -64 ) 
4 95 96 (-2472 992 224 ) (-2472 992 2528 ) (-2536 992 2528 ) (-2536 992 224 ) 
4 96 114 (-2536 952 2528 ) (-2536 968 2528 ) (-2536 968 224 ) (-2536 952 224 ) 
4 96 113 (-2536 968 2528 ) (-2536 992 2528 ) (-2536 992 224 ) (-2536 968 224 ) 
4 96 115 (-2536 928 224 ) (-2536 928 2528 ) (-2536 952 2528 ) (-2536 952 224 ) 
4 96 102 (-2536 928 2528 ) (-2536 928 224 ) (-2472 928 224 ) (-2472 928 2528 ) 
3 96 100 (-2520 928 224 ) (-2536 928 224 ) (-2536 944 224 ) 
3 96 99 (-2536 992 224 ) (-2520 992 224 ) (-2536 976 224 ) 
3 96 98 (-2472 944 224 ) (-2472 928 224 ) (-2488 928 224 ) 
3 96 97 (-2488 992 224 ) (-2472 992 224 ) (-2472 976 224 ) 
4 98 103 (-2488 928 -64 ) (-2472 928 -64 ) (-2472 928 224 ) (-2488 928 224 ) 
3 99 125 (-2536 976 -64 ) (-2536 992 -64 ) (-2520 992 -64 ) 
4 99 113 (-2536 992 -64 ) (-2536 976 -64 ) (-2536 976 224 ) (-2536 992 224 ) 
3 100 125 (-2536 928 -64 ) (-2536 944 -64 ) (-2520 928 -64 ) 
4 100 115 (-2536 944 -64 ) (-2536 928 -64 ) (-2536 928 224 ) (-2536 944 224 ) 
4 100 109 (-2536 928 224 ) (-2536 928 -64 ) (-2520 928 -64 ) (-2520 928 224 ) 
4 101 140 (-2048 0 -64 ) (-2048 0 224 ) (-2472 0 224 ) (-2472 0 -64 ) 
4 101 139 (-2048 0 224 ) (-2048 0 2528 ) (-2472 0 2528 ) (-2472 0 224 ) 
4 101 105 (-2472 432 -64 ) (-2472 416 -64 ) (-2472 416 224 ) (-2472 432 224 ) 
4 101 104 (-2472 480 -64 ) (-2472 464 -64 ) (-2472 464 224 ) (-2472 480 224 ) 
4 101 103 (-2472 928 224 ) (-2472 928 -64 ) (-2472 480 -64 ) (-2472 480 224 ) 
4 101 106 (-2472 416 -64 ) (-2472 0 -64 ) (-2472 0 224 ) (-2472 416 224 ) 
4 101 102 (-2472 0 2528 ) (-2472 928 2528 ) (-2472 928 224 ) (-2472 0 224 ) 
4 102 139 (-2472 0 2528 ) (-2536 0 2528 ) (-2536 0 224 ) (-2472 0 224 ) 
4 102 115 (-2536 0 224 ) (-2536 0 2528 ) (-2536 928 2528 ) (-2536 928 224 ) 
3 102 111 (-2536 416 224 ) (-2536 432 224 ) (-2520 416 224 ) 
3 102 110 (-2536 464 224 ) (-2536 480 224 ) (-2520 480 224 ) 
4 102 109 (-2536 480 224 ) (-2536 928 224 ) (-2512 928 224 ) (-2512 480 224 ) 
4 102 112 (-2536 0 224 ) (-2536 416 224 ) (-2512 416 224 ) (-2512 0 224 ) 
4 102 108 (-2496 416 224 ) (-2496 0 224 ) (-2512 0 224 ) (-2512 416 224 ) 
4 102 107 (-2512 928 224 ) (-2496 928 224 ) (-2496 480 224 ) (-2512 480 224 ) 
3 102 105 (-2472 432 224 ) (-2472 416 224 ) (-2488 416 224 ) 
3 102 104 (-2472 480 224 ) (-2472 464 224 ) (-2488 480 224 ) 
4 102 103 (-2496 928 224 ) (-2472 928 224 ) (-2472 480 224 ) (-2496 480 224 ) 
4 102 106 (-2472 416 224 ) (-2472 0 224 ) (-2496 0 224 ) (-2496 416 224 ) 
4 103 107 (-2496 480 224 ) (-2496 928 224 ) (-2496 928 192 ) (-2496 480 192 ) 
4 103 104 (-2488 480 -64 ) (-2472 480 -64 ) (-2472 480 224 ) (-2488 480 224 ) 
4 105 106 (-2488 416 -64 ) (-2472 416 -64 ) (-2472 416 224 ) (-2488 416 224 ) 
4 106 141 (-2496 0 -64 ) (-2472 0 -64 ) (-2472 0 224 ) (-2496 0 224 ) 
4 106 108 (-2496 0 224 ) (-2496 416 224 ) (-2496 416 192 ) (-2496 0 192 ) 
4 107 109 (-2512 480 224 ) (-2512 928 224 ) (-2512 928 192 ) (-2512 480 192 ) 
4 108 145 (-2496 0 192 ) (-2496 0 224 ) (-2512 0 224 ) (-2512 0 192 ) 
4 108 112 (-2512 0 224 ) (-2512 416 224 ) (-2512 416 192 ) (-2512 0 192 ) 
4 109 125 (-2536 480 -64 ) (-2536 928 -64 ) (-2512 928 -64 ) (-2512 480 -64 ) 
4 109 115 (-2536 928 -64 ) (-2536 480 -64 ) (-2536 480 224 ) (-2536 928 224 ) 
4 109 110 (-2520 480 224 ) (-2536 480 224 ) (-2536 480 -64 ) (-2520 480 -64 ) 
3 110 125 (-2536 464 -64 ) (-2536 480 -64 ) (-2520 480 -64 ) 
4 110 115 (-2536 480 -64 ) (-2536 464 -64 ) (-2536 464 224 ) (-2536 480 224 ) 
3 111 125 (-2536 416 -64 ) (-2536 432 -64 ) (-2520 416 -64 ) 
4 111 115 (-2536 432 -64 ) (-2536 416 -64 ) (-2536 416 224 ) (-2536 432 224 ) 
4 111 112 (-2520 416 224 ) (-2536 416 224 ) (-2536 416 -64 ) (-2520 416 -64 ) 
4 112 151 (-2536 0 224 ) (-2536 0 -64 ) (-2512 0 -64 ) (-2512 0 224 ) 
4 112 125 (-2512 0 -64 ) (-2536 0 -64 ) (-2536 416 -64 ) (-2512 416 -64 ) 
4 112 115 (-2536 416 -64 ) (-2536 0 -64 ) (-2536 0 224 ) (-2536 416 224 ) 
4 113 125 (-2768 968 -64 ) (-2768 1024 -64 ) (-2536 1024 -64 ) (-2536 968 -64 ) 
4 113 117 (-2768 1024 -64 ) (-2768 992 -64 ) (-2768 992 224 ) (-2768 1024 224 ) 
4 113 116 (-2768 968 224 ) (-2768 968 2528 ) (-2768 1024 2528 ) (-2768 1024 224 ) 
4 113 114 (-2536 968 192 ) (-2536 968 2528 ) (-2768 968 2528 ) (-2768 968 192 ) 
4 114 116 (-2768 952 224 ) (-2768 952 2528 ) (-2768 968 2528 ) (-2768 968 224 ) 
4 114 115 (-2536 952 192 ) (-2536 952 2528 ) (-2768 952 2528 ) (-2768 952 192 ) 
4 115 158 (-2768 0 224 ) (-2768 0 -64 ) (-2536 0 -64 ) (-2536 0 224 ) 
4 115 139 (-2768 0 2528 ) (-2768 0 224 ) (-2536 0 224 ) (-2536 0 2528 ) 
4 115 125 (-2536 0 -64 ) (-2768 0 -64 ) (-2768 952 -64 ) (-2536 952 -64 ) 
4 115 120 (-2768 928 -64 ) (-2768 0 -64 ) (-2768 0 224 ) (-2768 928 224 ) 
4 115 116 (-2768 0 224 ) (-2768 0 2528 ) (-2768 952 2528 ) (-2768 952 224 ) 
4 116 139 (-2816 0 2528 ) (-2816 0 224 ) (-2768 0 224 ) (-2768 0 2528 ) 
4 116 121 (-2816 1024 2528 ) (-2816 1024 224 ) (-2816 0 224 ) (-2816 0 2528 ) 
3 116 119 (-2816 928 224 ) (-2816 944 224 ) (-2800 928 224 ) 
3 116 118 (-2816 976 224 ) (-2816 992 224 ) (-2800 992 224 ) 
4 116 117 (-2816 992 224 ) (-2816 1024 224 ) (-2768 1024 224 ) (-2768 992 224 ) 
4 116 120 (-2816 0 224 ) (-2816 928 224 ) (-2768 928 224 ) (-2768 0 224 ) 
4 117 125 (-2816 992 -64 ) (-2816 1024 -64 ) (-2768 1024 -64 ) (-2768 992 -64 ) 
4 117 122 (-2816 1024 -24 ) (-2816 1024 -64 ) (-2816 992 -64 ) (-2816 992 -24 ) 
4 117 121 (-2816 1024 224 ) (-2816 1024 -24 ) (-2816 992 -24 ) (-2816 992 224 ) 
4 117 118 (-2800 992 224 ) (-2816 992 224 ) (-2816 992 -64 ) (-2800 992 -64 ) 
3 118 125 (-2816 976 -64 ) (-2816 992 -64 ) (-2800 992 -64 ) 
4 118 122 (-2816 992 -64 ) (-2816 976 -64 ) (-2816 976 -24 ) (-2816 992 -24 ) 
4 118 121 (-2816 976 -24 ) (-2816 976 224 ) (-2816 992 224 ) (-2816 992 -24 ) 
3 119 125 (-2816 928 -64 ) (-2816 944 -64 ) (-2800 928 -64 ) 
4 119 123 (-2816 944 -64 ) (-2816 928 -64 ) (-2816 928 -24 ) (-2816 944 -24 ) 
4 119 121 (-2816 928 -24 ) (-2816 928 224 ) (-2816 944 224 ) (-2816 944 -24 ) 
4 119 120 (-2800 928 224 ) (-2816 928 224 ) (-2816 928 -64 ) (-2800 928 -64 ) 
4 120 158 (-2816 0 224 ) (-2816 0 -64 ) (-2768 0 -64 ) (-2768 0 224 ) 
4 120 125 (-2768 0 -64 ) (-2816 0 -64 ) (-2816 928 -64 ) (-2768 928 -64 ) 
4 120 123 (-2816 928 -64 ) (-2816 0 -64 ) (-2816 0 -24 ) (-2816 928 -24 ) 
4 120 121 (-2816 0 -24 ) (-2816 0 224 ) (-2816 928 224 ) (-2816 928 -24 ) 
4 121 158 (-3072 0 224 ) (-3072 0 -24 ) (-2816 0 -24 ) (-2816 0 224 ) 
4 121 139 (-3072 0 2528 ) (-3072 0 224 ) (-2816 0 224 ) (-2816 0 2528 ) 
4 121 127 (-3072 968 -24 ) (-3072 952 -24 ) (-3072 952 2528 ) (-3072 968 2528 ) 
4 121 126 (-3072 1024 2528 ) (-3072 1024 -24 ) (-3072 968 -24 ) (-3072 968 2528 ) 
4 121 128 (-3072 952 -24 ) (-3072 0 -24 ) (-3072 0 2528 ) (-3072 952 2528 ) 
4 121 122 (-3072 1024 -24 ) (-2816 1024 -24 ) (-2816 968 -24 ) (-3072 968 -24 ) 
4 121 123 (-2816 952 -24 ) (-2816 0 -24 ) (-3072 0 -24 ) (-3072 952 -24 ) 
4 122 126 (-3072 1024 -24 ) (-3072 1024 -64 ) (-3072 968 -64 ) (-3072 968 -24 ) 
4 122 125 (-3072 968 -64 ) (-3072 1024 -64 ) (-2816 1024 -64 ) (-2816 968 -64 ) 
4 123 158 (-3072 0 -24 ) (-3072 0 -64 ) (-2816 0 -64 ) (-2816 0 -24 ) 
4 123 128 (-3072 952 -64 ) (-3072 0 -64 ) (-3072 0 -24 ) (-3072 952 -24 ) 
4 123 125 (-2816 0 -64 ) (-3072 0 -64 ) (-3072 952 -64 ) (-2816 952 -64 ) 
4 124 159 (-2048 0 -992 ) (-2048 0 -128 ) (-2496 0 -128 ) (-2496 0 -992 ) 
4 124 125 (-2496 1024 -992 ) (-2496 0 -992 ) (-2496 0 -128 ) (-2496 1024 -128 ) 
4 125 160 (-2496 0 -64 ) (-3072 0 -64 ) (-3072 0 -992 ) (-2496 0 -992 ) 
4 125 138 (-3072 1024 -64 ) (-3072 1024 -992 ) (-3072 0 -992 ) (-3072 0 -64 ) 
4 126 138 (-3072 1024 -64 ) (-3072 968 -64 ) (-3120 968 -64 ) (-3120 1024 -64 ) 
4 126 132 (-3120 992 -64 ) (-3120 976 -64 ) (-3120 976 224 ) (-3120 992 224 ) 
4 126 130 (-3120 968 224 ) (-3120 968 2528 ) (-3120 992 2528 ) (-3120 992 224 ) 
4 126 129 (-3120 1024 -64 ) (-3120 992 -64 ) (-3120 992 2528 ) (-3120 1024 2528 ) 
4 126 127 (-3072 968 2528 ) (-3120 968 2528 ) (-3120 968 -24 ) (-3072 968 -24 ) 
4 127 130 (-3120 952 224 ) (-3120 952 2528 ) (-3120 968 2528 ) (-3120 968 224 ) 
4 127 128 (-3072 952 2528 ) (-3120 952 2528 ) (-3120 952 -24 ) (-3072 952 -24 ) 
4 128 161 (-3072 0 -64 ) (-3072 0 2528 ) (-3120 0 2528 ) (-3120 0 -64 ) 
4 128 138 (-3072 952 -64 ) (-3072 0 -64 ) (-3120 0 -64 ) (-3120 952 -64 ) 
4 128 131 (-3120 944 -64 ) (-3120 928 -64 ) (-3120 928 224 ) (-3120 944 224 ) 
4 128 130 (-3120 928 224 ) (-3120 928 2528 ) (-3120 952 2528 ) (-3120 952 224 ) 
4 128 133 (-3120 928 -64 ) (-3120 0 -64 ) (-3120 0 2528 ) (-3120 928 2528 ) 
4 129 138 (-3168 992 -64 ) (-3168 1024 -64 ) (-3120 1024 -64 ) (-3120 992 -64 ) 
4 129 135 (-3168 1024 192 ) (-3168 1024 -64 ) (-3168 992 -64 ) (-3168 992 192 ) 
4 129 134 (-3168 1024 2528 ) (-3168 1024 192 ) (-3168 992 192 ) (-3168 992 2528 ) 
4 129 132 (-3120 992 -64 ) (-3120 992 224 ) (-3136 992 224 ) (-3136 992 -64 ) 
4 129 130 (-3120 992 224 ) (-3120 992 2528 ) (-3168 992 2528 ) (-3168 992 224 ) 
4 130 134 (-3168 928 224 ) (-3168 928 2528 ) (-3168 992 2528 ) (-3168 992 224 ) 
3 130 132 (-3136 992 224 ) (-3120 992 224 ) (-3120 976 224 ) 
3 130 131 (-3120 928 224 ) (-3136 928 224 ) (-3120 944 224 ) 
4 130 133 (-3120 928 224 ) (-3120 928 2528 ) (-3168 928 2528 ) (-3168 928 224 ) 
3 131 138 (-3120 944 -64 ) (-3120 928 -64 ) (-3136 928 -64 ) 
4 131 133 (-3120 928 -64 ) (-3120 928 224 ) (-3136 928 224 ) (-3136 928 -64 ) 
3 132 138 (-3136 992 -64 ) (-3120 992 -64 ) (-3120 976 -64 ) 
4 133 161 (-3168 0 2528 ) (-3168 0 -64 ) (-3120 0 -64 ) (-3120 0 2528 ) 
4 133 138 (-3120 0 -64 ) (-3168 0 -64 ) (-3168 928 -64 ) (-3120 928 -64 ) 
4 133 136 (-3168 928 -64 ) (-3168 0 -64 ) (-3168 0 192 ) (-3168 928 192 ) 
4 133 134 (-3168 0 192 ) (-3168 0 2528 ) (-3168 928 2528 ) (-3168 928 192 ) 
4 134 168 (-4096 0 192 ) (-4096 0 2528 ) (-4096 1024 2528 ) (-4096 1024 192 ) 
4 134 161 (-4096 0 2528 ) (-4096 0 192 ) (-3168 0 192 ) (-3168 0 2528 ) 
4 134 135 (-3168 1024 192 ) (-3168 968 192 ) (-3424 968 192 ) (-3424 1024 192 ) 
4 134 136 (-3168 952 192 ) (-3168 0 192 ) (-3424 0 192 ) (-3424 952 192 ) 
4 134 137 (-3424 0 192 ) (-4096 0 192 ) (-4096 1024 192 ) (-3424 1024 192 ) 
4 135 138 (-3424 968 -64 ) (-3424 1024 -64 ) (-3168 1024 -64 ) (-3168 968 -64 ) 
4 135 137 (-3424 1024 -64 ) (-3424 968 -64 ) (-3424 968 192 ) (-3424 1024 192 ) 
4 136 161 (-3424 0 -64 ) (-3168 0 -64 ) (-3168 0 192 ) (-3424 0 192 ) 
4 136 138 (-3168 0 -64 ) (-3424 0 -64 ) (-3424 952 -64 ) (-3168 952 -64 ) 
4 136 137 (-3424 952 -64 ) (-3424 0 -64 ) (-3424 0 192 ) (-3424 952 192 ) 
4 137 168 (-4096 0 -64 ) (-4096 0 192 ) (-4096 1024 192 ) (-4096 1024 -64 ) 
4 137 161 (-4096 0 192 ) (-4096 0 -64 ) (-3424 0 -64 ) (-3424 0 192 ) 
4 137 138 (-3424 0 -64 ) (-4096 0 -64 ) (-4096 1024 -64 ) (-3424 1024 -64 ) 
4 138 168 (-4096 0 -992 ) (-4096 0 -64 ) (-4096 1024 -64 ) (-4096 1024 -992 ) 
4 138 161 (-3072 0 -992 ) (-3072 0 -64 ) (-4096 0 -64 ) (-4096 0 -992 ) 
4 139 230 (-2472 -1024 2528 ) (-2536 -1024 2528 ) (-2536 -1024 224 ) (-2472 -1024 224 ) 
4 139 229 (-2048 -1024 224 ) (-2048 -1024 2528 ) (-2472 -1024 2528 ) (-2472 -1024 224 ) 
4 139 241 (-2536 -1024 2528 ) (-3072 -1024 2528 ) (-3072 -1024 224 ) (-2536 -1024 224 ) 
4 139 161 (-3072 0 2528 ) (-3072 0 224 ) (-3072 -1024 224 ) (-3072 -1024 2528 ) 
3 139 156 (-2536 -608 224 ) (-2536 -592 224 ) (-2520 -608 224 ) 
3 139 155 (-2536 -560 224 ) (-2536 -544 224 ) (-2520 -544 224 ) 
4 139 157 (-2512 -1024 224 ) (-2536 -1024 224 ) (-2536 -608 224 ) (-2512 -608 224 ) 
3 139 153 (-2536 -96 224 ) (-2536 -80 224 ) (-2520 -96 224 ) 
3 139 152 (-2536 -48 224 ) (-2536 -32 224 ) (-2520 -32 224 ) 
4 139 151 (-2536 -32 224 ) (-2536 0 224 ) (-2512 0 224 ) (-2512 -32 224 ) 
4 139 154 (-2536 -544 224 ) (-2536 -96 224 ) (-2512 -96 224 ) (-2512 -544 224 ) 
4 139 150 (-2496 -1024 224 ) (-2512 -1024 224 ) (-2512 -608 224 ) (-2496 -608 224 ) 
3 139 148 (-2472 -592 224 ) (-2472 -608 224 ) (-2488 -608 224 ) 
3 139 147 (-2488 -544 224 ) (-2472 -544 224 ) (-2472 -560 224 ) 
4 139 149 (-2472 -1024 224 ) (-2496 -1024 224 ) (-2496 -608 224 ) (-2472 -608 224 ) 
4 139 146 (-2512 -544 224 ) (-2512 -96 224 ) (-2496 -96 224 ) (-2496 -544 224 ) 
4 139 145 (-2512 -32 224 ) (-2512 0 224 ) (-2496 0 224 ) (-2496 -32 224 ) 
3 139 143 (-2472 -80 224 ) (-2472 -96 224 ) (-2488 -96 224 ) 
3 139 142 (-2472 -32 224 ) (-2472 -48 224 ) (-2488 -32 224 ) 
4 139 141 (-2496 0 224 ) (-2472 0 224 ) (-2472 -32 224 ) (-2496 -32 224 ) 
4 139 144 (-2472 -96 224 ) (-2472 -544 224 ) (-2496 -544 224 ) (-2496 -96 224 ) 
4 139 140 (-2048 -1024 224 ) (-2472 -1024 224 ) (-2472 0 224 ) (-2048 0 224 ) 
4 139 158 (-2536 -1024 224 ) (-3072 -1024 224 ) (-3072 0 224 ) (-2536 0 224 ) 
4 140 229 (-2048 -1024 -64 ) (-2048 -1024 224 ) (-2472 -1024 224 ) (-2472 -1024 -64 ) 
4 140 148 (-2472 -592 -64 ) (-2472 -608 -64 ) (-2472 -608 224 ) (-2472 -592 224 ) 
4 140 147 (-2472 -544 -64 ) (-2472 -560 -64 ) (-2472 -560 224 ) (-2472 -544 224 ) 
4 140 149 (-2472 -608 -64 ) (-2472 -1024 -64 ) (-2472 -1024 224 ) (-2472 -608 224 ) 
4 140 143 (-2472 -80 -64 ) (-2472 -96 -64 ) (-2472 -96 224 ) (-2472 -80 224 ) 
4 140 142 (-2472 -32 -64 ) (-2472 -48 -64 ) (-2472 -48 224 ) (-2472 -32 224 ) 
4 140 141 (-2472 0 -64 ) (-2472 -32 -64 ) (-2472 -32 224 ) (-2472 0 224 ) 
4 140 144 (-2472 -96 -64 ) (-2472 -544 -64 ) (-2472 -544 224 ) (-2472 -96 224 ) 
4 141 145 (-2496 -32 192 ) (-2496 -32 224 ) (-2496 0 224 ) (-2496 0 192 ) 
4 141 142 (-2488 -32 -64 ) (-2472 -32 -64 ) (-2472 -32 224 ) (-2488 -32 224 ) 
4 143 144 (-2488 -96 -64 ) (-2472 -96 -64 ) (-2472 -96 224 ) (-2488 -96 224 ) 
4 144 147 (-2488 -544 -64 ) (-2472 -544 -64 ) (-2472 -544 224 ) (-2488 -544 224 ) 
4 144 146 (-2496 -544 192 ) (-2496 -544 224 ) (-2496 -96 224 ) (-2496 -96 192 ) 
4 145 151 (-2512 -32 192 ) (-2512 -32 224 ) (-2512 0 224 ) (-2512 0 192 ) 
4 146 154 (-2512 -544 192 ) (-2512 -544 224 ) (-2512 -96 224 ) (-2512 -96 192 ) 
4 148 149 (-2488 -608 -64 ) (-2472 -608 -64 ) (-2472 -608 224 ) (-2488 -608 224 ) 
4 149 231 (-2472 -1024 224 ) (-2496 -1024 224 ) (-2496 -1024 -64 ) (-2472 -1024 -64 ) 
4 149 150 (-2496 -1024 192 ) (-2496 -1024 224 ) (-2496 -608 224 ) (-2496 -608 192 ) 
4 150 235 (-2496 -1024 224 ) (-2512 -1024 224 ) (-2512 -1024 192 ) (-2496 -1024 192 ) 
4 150 157 (-2512 -1024 192 ) (-2512 -1024 224 ) (-2512 -608 224 ) (-2512 -608 192 ) 
4 151 160 (-2536 0 -64 ) (-2512 0 -64 ) (-2512 -32 -64 ) (-2536 -32 -64 ) 
4 151 152 (-2536 -32 224 ) (-2536 -32 -64 ) (-2520 -32 -64 ) (-2520 -32 224 ) 
4 151 158 (-2536 0 -64 ) (-2536 -32 -64 ) (-2536 -32 224 ) (-2536 0 224 ) 
3 152 160 (-2536 -48 -64 ) (-2536 -32 -64 ) (-2520 -32 -64 ) 
4 152 158 (-2536 -32 -64 ) (-2536 -48 -64 ) (-2536 -48 224 ) (-2536 -32 224 ) 
3 153 160 (-2520 -96 -64 ) (-2536 -96 -64 ) (-2536 -80 -64 ) 
4 153 154 (-2536 -96 224 ) (-2536 -96 -64 ) (-2520 -96 -64 ) (-2520 -96 224 ) 
4 153 158 (-2536 -80 -64 ) (-2536 -96 -64 ) (-2536 -96 224 ) (-2536 -80 224 ) 
4 154 160 (-2512 -96 -64 ) (-2512 -544 -64 ) (-2536 -544 -64 ) (-2536 -96 -64 ) 
4 154 155 (-2536 -544 224 ) (-2536 -544 -64 ) (-2520 -544 -64 ) (-2520 -544 224 ) 
4 154 158 (-2536 -96 -64 ) (-2536 -544 -64 ) (-2536 -544 224 ) (-2536 -96 224 ) 
3 155 160 (-2536 -560 -64 ) (-2536 -544 -64 ) (-2520 -544 -64 ) 
4 155 158 (-2536 -544 -64 ) (-2536 -560 -64 ) (-2536 -560 224 ) (-2536 -544 224 ) 
3 156 160 (-2520 -608 -64 ) (-2536 -608 -64 ) (-2536 -592 -64 ) 
4 156 158 (-2536 -592 -64 ) (-2536 -608 -64 ) (-2536 -608 224 ) (-2536 -592 224 ) 
4 156 157 (-2536 -608 224 ) (-2536 -608 -64 ) (-2520 -608 -64 ) (-2520 -608 224 ) 
4 157 237 (-2512 -1024 224 ) (-2536 -1024 224 ) (-2536 -1024 -64 ) (-2512 -1024 -64 ) 
4 157 160 (-2512 -608 -64 ) (-2512 -1024 -64 ) (-2536 -1024 -64 ) (-2536 -608 -64 ) 
4 157 158 (-2536 -608 -64 ) (-2536 -1024 -64 ) (-2536 -1024 224 ) (-2536 -608 224 ) 
4 158 241 (-2536 -1024 224 ) (-3072 -1024 224 ) (-3072 -1024 -64 ) (-2536 -1024 -64 ) 
4 158 161 (-3072 0 224 ) (-3072 0 -64 ) (-3072 -1024 -64 ) (-3072 -1024 224 ) 
4 158 160 (-3072 0 -64 ) (-2536 0 -64 ) (-2536 -1024 -64 ) (-3072 -1024 -64 ) 
4 159 248 (-2048 -1024 -992 ) (-2048 -1024 -128 ) (-2496 -1024 -128 ) (-2496 -1024 -992 ) 
4 159 160 (-2496 0 -992 ) (-2496 -1024 -992 ) (-2496 -1024 -128 ) (-2496 0 -128 ) 
4 160 248 (-3072 -1024 -128 ) (-3072 -1024 -992 ) (-2496 -1024 -992 ) (-2496 -1024 -128 ) 
4 160 247 (-2496 -1024 -64 ) (-3072 -1024 -64 ) (-3072 -1024 -128 ) (-2496 -1024 -128 ) 
4 160 161 (-3072 0 -64 ) (-3072 0 -992 ) (-3072 -1024 -992 ) (-3072 -1024 -64 ) 
4 161 254 (-3072 -1024 -992 ) (-3072 -1024 -64 ) (-4096 -1024 -64 ) (-4096 -1024 -992 ) 
4 161 251 (-3072 -1024 -64 ) (-3072 -1024 576 ) (-3456 -1024 576 ) (-3456 -1024 -64 ) 
4 161 253 (-3456 -1024 576 ) (-4096 -1024 576 ) (-4096 -1024 -64 ) (-3456 -1024 -64 ) 
4 161 249 (-3072 -1024 576 ) (-3072 -1024 2528 ) (-4096 -1024 2528 ) (-4096 -1024 576 ) 
4 161 170 (-4096 -1024 -992 ) (-4096 -1024 2528 ) (-4096 0 2528 ) (-4096 0 -992 ) 
4 162 164 (-4096 2048 -992 ) (-4096 2048 2528 ) (-5120 2048 2528 ) (-5120 2048 -992 ) 
4 162 163 (-5120 3072 2528 ) (-5120 3072 -992 ) (-5120 2048 -992 ) (-5120 2048 2528 ) 
4 163 166 (-6144 3072 2528 ) (-6144 3072 -992 ) (-6144 2048 -992 ) (-6144 2048 2528 ) 
4 163 165 (-5120 2048 -992 ) (-5120 2048 2528 ) (-6144 2048 2528 ) (-6144 2048 -992 ) 
4 164 168 (-4096 1024 -992 ) (-4096 1024 2528 ) (-5120 1024 2528 ) (-5120 1024 -992 ) 
4 164 165 (-5120 2048 2528 ) (-5120 2048 -992 ) (-5120 1024 -992 ) (-5120 1024 2528 ) 
4 165 169 (-5120 1024 -992 ) (-5120 1024 2528 ) (-6144 1024 2528 ) (-6144 1024 -992 ) 
4 165 167 (-6144 1024 -992 ) (-6144 1024 2528 ) (-6144 2048 2528 ) (-6144 2048 -992 ) 
4 166 167 (-6144 2048 -992 ) (-6144 2048 2528 ) (-6880 2048 2528 ) (-6880 2048 -992 ) 
4 167 172 (-6144 1024 -992 ) (-6144 1024 2528 ) (-6880 1024 2528 ) (-6880 1024 -992 ) 
4 168 170 (-4096 0 -992 ) (-4096 0 2528 ) (-5120 0 2528 ) (-5120 0 -992 ) 
4 168 169 (-5120 1024 2528 ) (-5120 1024 -992 ) (-5120 0 -992 ) (-5120 0 2528 ) 
4 169 172 (-6144 1024 2528 ) (-6144 1024 -992 ) (-6144 0 -992 ) (-6144 0 2528 ) 
4 169 171 (-5120 0 -992 ) (-5120 0 2528 ) (-6144 0 2528 ) (-6144 0 -992 ) 
4 170 281 (-4096 -1024 -992 ) (-4096 -1024 576 ) (-5120 -1024 576 ) (-5120 -1024 -992 ) 
4 170 278 (-4096 -1024 576 ) (-4096 -1024 2528 ) (-4160 -1024 2528 ) (-4160 -1024 576 ) 
4 170 280 (-4160 -1024 2528 ) (-5120 -1024 2528 ) (-5120 -1024 576 ) (-4160 -1024 576 ) 
4 170 171 (-5120 0 2528 ) (-5120 0 -992 ) (-5120 -1024 -992 ) (-5120 -1024 2528 ) 
4 171 282 (-5120 -1024 -992 ) (-5120 -1024 2528 ) (-6144 -1024 2528 ) (-6144 -1024 -992 ) 
4 171 173 (-6144 -1024 -992 ) (-6144 -1024 2528 ) (-6144 0 2528 ) (-6144 0 -992 ) 
4 172 173 (-6144 0 -992 ) (-6144 0 2528 ) (-6880 0 2528 ) (-6880 0 -992 ) 
4 173 287 (-6144 -1024 -992 ) (-6144 -1024 2528 ) (-6880 -1024 2528 ) (-6880 -1024 -992 ) 
4 174 176 (3808 -2048 2528 ) (3072 -2048 2528 ) (3072 -2048 -992 ) (3808 -2048 -992 ) 
4 174 175 (3072 -2048 -992 ) (3072 -2048 2528 ) (3072 -1024 2528 ) (3072 -1024 -992 ) 
4 175 180 (2048 -1024 2528 ) (2048 -1024 -992 ) (2048 -2048 -992 ) (2048 -2048 2528 ) 
4 175 177 (3072 -2048 -992 ) (3072 -2048 2528 ) (2048 -2048 2528 ) (2048 -2048 -992 ) 
4 176 178 (3808 -3072 2528 ) (3072 -3072 2528 ) (3072 -3072 -992 ) (3808 -3072 -992 ) 
4 176 177 (3072 -2048 2528 ) (3072 -2048 -992 ) (3072 -3072 -992 ) (3072 -3072 2528 ) 
4 177 192 (2048 -3072 -992 ) (2048 -3072 2528 ) (2048 -2048 2528 ) (2048 -2048 -992 ) 
4 177 179 (3072 -3072 -992 ) (3072 -3072 2528 ) (2048 -3072 2528 ) (2048 -3072 -992 ) 
4 178 204 (3808 -4096 2528 ) (3072 -4096 2528 ) (3072 -4096 -992 ) (3808 -4096 -992 ) 
4 178 179 (3072 -3072 2528 ) (3072 -3072 -992 ) (3072 -4096 -992 ) (3072 -4096 2528 ) 
4 179 205 (3072 -4096 -992 ) (3072 -4096 2528 ) (2048 -4096 2528 ) (2048 -4096 -992 ) 
4 179 193 (2048 -4096 -992 ) (2048 -4096 2528 ) (2048 -3072 2528 ) (2048 -3072 -992 ) 
4 180 192 (2048 -2048 -992 ) (2048 -2048 2528 ) (1024 -2048 2528 ) (1024 -2048 -992 ) 
4 180 184 (1024 -1024 576 ) (1024 -1024 -992 ) (1024 -2048 -992 ) (1024 -2048 576 ) 
4 180 181 (1024 -1024 2528 ) (1024 -1024 576 ) (1024 -2048 576 ) (1024 -2048 2528 ) 
4 181 194 (1024 -2048 576 ) (1024 -2048 2528 ) (32 -2048 2528 ) (32 -2048 576 ) 
4 181 184 (32 -1024 576 ) (1024 -1024 576 ) (1024 -2048 576 ) (32 -2048 576 ) 
4 181 182 (32 -1536 704 ) (32 -1536 2528 ) (32 -1024 2528 ) (32 -1024 704 ) 
4 181 183 (32 -1536 576 ) (32 -2048 576 ) (32 -2048 2528 ) (32 -1536 2528 ) 
4 182 185 (0 -1536 2528 ) (0 -1024 2528 ) (0 -1024 704 ) (0 -1536 704 ) 
4 182 183 (32 -1536 704 ) (32 -1536 2528 ) (0 -1536 2528 ) (0 -1536 704 ) 
4 183 194 (32 -2048 2528 ) (0 -2048 2528 ) (0 -2048 576 ) (32 -2048 576 ) 
4 183 185 (0 -2048 704 ) (0 -2048 2528 ) (0 -1536 2528 ) (0 -1536 704 ) 
4 183 184 (0 -2048 576 ) (0 -1536 576 ) (32 -1536 576 ) (32 -2048 576 ) 
4 184 194 (1024 -2048 -992 ) (1024 -2048 576 ) (0 -2048 576 ) (0 -2048 -992 ) 
4 184 191 (0 -2048 -992 ) (0 -2048 -64 ) (0 -1024 -64 ) (0 -1024 -992 ) 
4 184 190 (0 -2048 -64 ) (0 -2048 64 ) (0 -1024 64 ) (0 -1024 -64 ) 
4 184 187 (0 -2048 320 ) (0 -2048 576 ) (0 -1024 576 ) (0 -1024 320 ) 
4 185 220 (-1024 -1536 704 ) (-1024 -2048 704 ) (-1024 -2048 2528 ) (-1024 -1536 2528 ) 
4 185 219 (-1024 -1024 2528 ) (-1024 -1024 704 ) (-1024 -1536 704 ) (-1024 -1536 2528 ) 
4 185 195 (0 -2048 704 ) (0 -2048 2528 ) (-1024 -2048 2528 ) (-1024 -2048 704 ) 
4 185 186 (-1024 -1536 704 ) (-1024 -1024 704 ) (0 -1024 704 ) (0 -1536 704 ) 
4 186 219 (-1024 -1024 704 ) (-1024 -1024 576 ) (-1024 -1536 576 ) (-1024 -1536 704 ) 
4 186 188 (-1024 -1536 576 ) (-1024 -1024 576 ) (-512 -1024 576 ) (-512 -1536 576 ) 
4 186 187 (-512 -1024 576 ) (0 -1024 576 ) (0 -1536 576 ) (-512 -1536 576 ) 
4 187 196 (0 -2048 320 ) (0 -2048 576 ) (-512 -2048 576 ) (-512 -2048 320 ) 
4 187 189 (-512 -2048 320 ) (-512 -2048 576 ) (-512 -1536 576 ) (-512 -1536 320 ) 
4 187 188 (-512 -1536 576 ) (-512 -1024 576 ) (-512 -1024 320 ) (-512 -1536 320 ) 
4 188 219 (-1024 -1024 576 ) (-1024 -1024 64 ) (-1024 -1536 64 ) (-1024 -1536 576 ) 
4 188 189 (-512 -1536 192 ) (-512 -1536 576 ) (-1024 -1536 576 ) (-1024 -1536 192 ) 
4 189 221 (-1024 -2048 192 ) (-1024 -2048 576 ) (-1024 -1536 576 ) (-1024 -1536 192 ) 
4 189 197 (-512 -2048 576 ) (-1024 -2048 576 ) (-1024 -2048 192 ) (-512 -2048 192 ) 
4 190 199 (0 -2048 -64 ) (0 -2048 64 ) (-512 -2048 64 ) (-512 -2048 -64 ) 
4 190 191 (0 -2048 -64 ) (-512 -2048 -64 ) (-512 -1024 -64 ) (0 -1024 -64 ) 
4 191 228 (-1024 -1024 -128 ) (-1024 -1024 -992 ) (-1024 -2048 -992 ) (-1024 -2048 -128 ) 
4 191 227 (-1024 -1024 -64 ) (-1024 -1024 -128 ) (-1024 -2048 -128 ) (-1024 -2048 -64 ) 
4 191 200 (-512 -2048 -64 ) (-1024 -2048 -64 ) (-1024 -2048 -992 ) (-512 -2048 -992 ) 
4 191 199 (0 -2048 -992 ) (0 -2048 -64 ) (-512 -2048 -64 ) (-512 -2048 -992 ) 
4 192 194 (1024 -2048 2528 ) (1024 -2048 -992 ) (1024 -3072 -992 ) (1024 -3072 2528 ) 
4 192 193 (2048 -3072 -992 ) (2048 -3072 2528 ) (1024 -3072 2528 ) (1024 -3072 -992 ) 
4 193 210 (2048 -4096 -992 ) (2048 -4096 2528 ) (1024 -4096 2528 ) (1024 -4096 -992 ) 
4 193 202 (1024 -4096 -992 ) (1024 -4096 2528 ) (1024 -3072 2528 ) (1024 -3072 -992 ) 
4 194 202 (1024 -3072 -992 ) (1024 -3072 2528 ) (0 -3072 2528 ) (0 -3072 -992 ) 
4 194 199 (0 -2048 64 ) (0 -2048 -992 ) (0 -3072 -992 ) (0 -3072 64 ) 
4 194 198 (0 -2112 64 ) (0 -3072 64 ) (0 -3072 2528 ) (0 -2112 2528 ) 
4 194 196 (0 -2048 576 ) (0 -2048 320 ) (0 -2112 320 ) (0 -2112 576 ) 
4 194 195 (0 -2048 2528 ) (0 -2048 704 ) (0 -2112 704 ) (0 -2112 2528 ) 
4 195 255 (-1024 -2048 2528 ) (-1024 -2048 704 ) (-1024 -2112 704 ) (-1024 -2112 2528 ) 
4 195 198 (-1024 -2112 2528 ) (-1024 -2112 704 ) (0 -2112 704 ) (0 -2112 2528 ) 
4 196 198 (0 -2112 320 ) (0 -2112 576 ) (-512 -2112 576 ) (-512 -2112 320 ) 
4 196 197 (-512 -2112 320 ) (-512 -2112 576 ) (-512 -2048 576 ) (-512 -2048 320 ) 
4 197 256 (-1024 -2048 576 ) (-1024 -2048 192 ) (-1024 -2112 192 ) (-1024 -2112 576 ) 
4 197 198 (-1024 -2112 576 ) (-1024 -2112 192 ) (-512 -2112 192 ) (-512 -2112 576 ) 
4 198 258 (-1024 -3072 64 ) (-1024 -3072 2528 ) (-1024 -2112 2528 ) (-1024 -2112 64 ) 
4 198 203 (0 -3072 64 ) (0 -3072 2528 ) (-1024 -3072 2528 ) (-1024 -3072 64 ) 
4 198 201 (-512 -3072 64 ) (-1024 -3072 64 ) (-1024 -2112 64 ) (-512 -2112 64 ) 
4 198 199 (0 -2112 64 ) (0 -3072 64 ) (-512 -3072 64 ) (-512 -2112 64 ) 
4 199 203 (0 -3072 -992 ) (0 -3072 64 ) (-512 -3072 64 ) (-512 -3072 -992 ) 
4 199 200 (-512 -2048 -992 ) (-512 -2112 -992 ) (-512 -2112 -64 ) (-512 -2048 -64 ) 
4 199 201 (-512 -2112 -992 ) (-512 -3072 -992 ) (-512 -3072 64 ) (-512 -2112 64 ) 
4 200 259 (-1024 -2048 -64 ) (-1024 -2048 -992 ) (-1024 -2112 -992 ) (-1024 -2112 -64 ) 
4 200 201 (-1024 -2112 -992 ) (-512 -2112 -992 ) (-512 -2112 -64 ) (-1024 -2112 -64 ) 
4 201 259 (-1024 -3072 -992 ) (-1024 -3072 -64 ) (-1024 -2112 -64 ) (-1024 -2112 -992 ) 
4 201 258 (-1024 -3072 -64 ) (-1024 -3072 64 ) (-1024 -2112 64 ) (-1024 -2112 -64 ) 
4 201 203 (-512 -3072 64 ) (-1024 -3072 64 ) (-1024 -3072 -992 ) (-512 -3072 -992 ) 
4 202 212 (1024 -4096 -992 ) (1024 -4096 2528 ) (0 -4096 2528 ) (0 -4096 -992 ) 
4 202 203 (0 -3072 2528 ) (0 -3072 -992 ) (0 -4096 -992 ) (0 -4096 2528 ) 
4 203 264 (-1024 -4096 -992 ) (-1024 -4096 -128 ) (-1024 -3072 -128 ) (-1024 -3072 -992 ) 
4 203 261 (-1024 -4096 -128 ) (-1024 -4096 2528 ) (-1024 -3072 2528 ) (-1024 -3072 -128 ) 
4 203 213 (0 -4096 -992 ) (0 -4096 2528 ) (-1024 -4096 2528 ) (-1024 -4096 -992 ) 
4 204 206 (3808 -5120 2528 ) (3072 -5120 2528 ) (3072 -5120 -992 ) (3808 -5120 -992 ) 
4 204 205 (3072 -4096 2528 ) (3072 -4096 -992 ) (3072 -5120 -992 ) (3072 -5120 2528 ) 
4 205 210 (2048 -4096 2528 ) (2048 -4096 -992 ) (2048 -5120 -992 ) (2048 -5120 2528 ) 
4 205 207 (3072 -5120 -992 ) (3072 -5120 2528 ) (2048 -5120 2528 ) (2048 -5120 -992 ) 
4 206 208 (3808 -6144 2528 ) (3072 -6144 2528 ) (3072 -6144 -992 ) (3808 -6144 -992 ) 
4 206 207 (3072 -5120 2528 ) (3072 -5120 -992 ) (3072 -6144 -992 ) (3072 -6144 2528 ) 
4 207 211 (2048 -6144 -992 ) (2048 -6144 2528 ) (2048 -5120 2528 ) (2048 -5120 -992 ) 
4 207 209 (3072 -6144 -992 ) (3072 -6144 2528 ) (2048 -6144 2528 ) (2048 -6144 -992 ) 
4 208 209 (3072 -6144 2528 ) (3072 -6144 -992 ) (3072 -6624 -992 ) (3072 -6624 2528 ) 
4 209 216 (2048 -6624 2528 ) (2048 -6144 2528 ) (2048 -6144 -992 ) (2048 -6624 -992 ) 
4 210 212 (1024 -4096 2528 ) (1024 -4096 -992 ) (1024 -5120 -992 ) (1024 -5120 2528 ) 
4 210 211 (2048 -5120 -992 ) (2048 -5120 2528 ) (1024 -5120 2528 ) (1024 -5120 -992 ) 
4 211 216 (2048 -6144 -992 ) (2048 -6144 2528 ) (1024 -6144 2528 ) (1024 -6144 -992 ) 
4 211 214 (1024 -6144 -992 ) (1024 -6144 2528 ) (1024 -5120 2528 ) (1024 -5120 -992 ) 
4 212 214 (1024 -5120 -992 ) (1024 -5120 2528 ) (0 -5120 2528 ) (0 -5120 -992 ) 
4 212 213 (0 -4096 2528 ) (0 -4096 -992 ) (0 -5120 -992 ) (0 -5120 2528 ) 
4 213 290 (-1024 -5120 -992 ) (-1024 -5120 2528 ) (-1024 -4096 2528 ) (-1024 -4096 -992 ) 
4 213 215 (0 -5120 -992 ) (0 -5120 2528 ) (-1024 -5120 2528 ) (-1024 -5120 -992 ) 
4 214 217 (1024 -6144 -992 ) (1024 -6144 2528 ) (0 -6144 2528 ) (0 -6144 -992 ) 
4 214 215 (0 -5120 2528 ) (0 -5120 -992 ) (0 -6144 -992 ) (0 -6144 2528 ) 
4 215 291 (-1024 -6144 -992 ) (-1024 -6144 2528 ) (-1024 -5120 2528 ) (-1024 -5120 -992 ) 
4 215 218 (0 -6144 -992 ) (0 -6144 2528 ) (-1024 -6144 2528 ) (-1024 -6144 -992 ) 
4 216 217 (1024 -6144 2528 ) (1024 -6144 -992 ) (1024 -6624 -992 ) (1024 -6624 2528 ) 
4 217 218 (0 -6144 2528 ) (0 -6144 -992 ) (0 -6624 -992 ) (0 -6624 2528 ) 
4 218 296 (-1024 -6624 2528 ) (-1024 -6144 2528 ) (-1024 -6144 -992 ) (-1024 -6624 -992 ) 
4 219 229 (-2048 -1024 2528 ) (-2048 -1024 64 ) (-2048 -1536 64 ) (-2048 -1536 2528 ) 
4 219 224 (-2048 -1536 64 ) (-2048 -1024 64 ) (-1472 -1024 64 ) (-1472 -1536 64 ) 
4 219 222 (-1632 -1536 64 ) (-1568 -1536 64 ) (-1568 -1536 192 ) (-1632 -1536 192 ) 
4 219 223 (-2048 -1536 64 ) (-1632 -1536 64 ) (-1632 -1536 192 ) (-2048 -1536 192 ) 
4 219 220 (-1024 -1536 704 ) (-1024 -1536 2528 ) (-2048 -1536 2528 ) (-2048 -1536 704 ) 
4 219 221 (-1024 -1536 192 ) (-1024 -1536 576 ) (-2048 -1536 576 ) (-2048 -1536 192 ) 
4 220 255 (-1024 -2048 704 ) (-1024 -2048 2528 ) (-2048 -2048 2528 ) (-2048 -2048 704 ) 
4 220 242 (-2048 -2048 704 ) (-2048 -2048 2528 ) (-2048 -1536 2528 ) (-2048 -1536 704 ) 
4 221 256 (-1024 -2048 192 ) (-1024 -2048 576 ) (-2048 -2048 576 ) (-2048 -2048 192 ) 
4 221 243 (-2048 -2048 192 ) (-2048 -2048 576 ) (-2048 -1536 576 ) (-2048 -1536 192 ) 
3 221 222 (-1632 -1536 192 ) (-1568 -1536 192 ) (-1632 -1600 192 ) 
4 221 223 (-2048 -2048 192 ) (-2048 -1536 192 ) (-1632 -1536 192 ) (-1632 -2048 192 ) 
3 222 225 (-1632 -1600 64 ) (-1632 -1536 64 ) (-1568 -1536 64 ) 
4 222 223 (-1632 -1600 192 ) (-1632 -1536 192 ) (-1632 -1536 64 ) (-1632 -1600 64 ) 
4 223 257 (-1632 -2048 192 ) (-2048 -2048 192 ) (-2048 -2048 64 ) (-1632 -2048 64 ) 
4 223 244 (-2048 -1536 64 ) (-2048 -2048 64 ) (-2048 -2048 192 ) (-2048 -1536 192 ) 
4 223 226 (-1632 -2048 64 ) (-2048 -2048 64 ) (-2048 -1536 64 ) (-1632 -1536 64 ) 
4 224 229 (-2048 -1024 64 ) (-2048 -1024 -64 ) (-2048 -1536 -64 ) (-2048 -1536 64 ) 
4 224 225 (-1632 -1536 -64 ) (-1568 -1536 -64 ) (-1568 -1536 64 ) (-1632 -1536 64 ) 
4 224 226 (-2048 -1536 -64 ) (-1632 -1536 -64 ) (-1632 -1536 64 ) (-2048 -1536 64 ) 
4 225 226 (-1632 -1536 64 ) (-1632 -1536 -64 ) (-1632 -1600 -64 ) (-1632 -1600 64 ) 
4 226 257 (-1632 -2048 64 ) (-2048 -2048 64 ) (-2048 -2048 -64 ) (-1632 -2048 -64 ) 
4 226 244 (-2048 -1536 -64 ) (-2048 -2048 -64 ) (-2048 -2048 64 ) (-2048 -1536 64 ) 
4 227 259 (-1024 -2048 -128 ) (-1024 -2048 -64 ) (-1472 -2048 -64 ) (-1472 -2048 -128 ) 
4 227 228 (-1024 -2048 -128 ) (-1472 -2048 -128 ) (-1472 -1024 -128 ) (-1024 -1024 -128 ) 
4 228 260 (-1472 -2048 -128 ) (-2048 -2048 -128 ) (-2048 -2048 -992 ) (-1472 -2048 -992 ) 
4 228 259 (-1024 -2048 -992 ) (-1024 -2048 -128 ) (-1472 -2048 -128 ) (-1472 -2048 -992 ) 
4 228 248 (-2048 -1024 -128 ) (-2048 -1024 -992 ) (-2048 -2048 -992 ) (-2048 -2048 -128 ) 
4 229 246 (-2400 -1536 -64 ) (-2336 -1536 -64 ) (-2336 -1536 192 ) (-2400 -1536 192 ) 
4 229 244 (-2336 -1536 -64 ) (-2048 -1536 -64 ) (-2048 -1536 192 ) (-2336 -1536 192 ) 
4 229 243 (-2048 -1536 192 ) (-2048 -1536 576 ) (-2472 -1536 576 ) (-2472 -1536 192 ) 
4 229 242 (-2048 -1536 704 ) (-2048 -1536 2528 ) (-2472 -1536 2528 ) (-2472 -1536 704 ) 
4 229 233 (-2472 -1104 -64 ) (-2472 -1120 -64 ) (-2472 -1120 224 ) (-2472 -1104 224 ) 
4 229 232 (-2472 -1056 -64 ) (-2472 -1072 -64 ) (-2472 -1072 224 ) (-2472 -1056 224 ) 
4 229 231 (-2472 -1024 -64 ) (-2472 -1056 -64 ) (-2472 -1056 224 ) (-2472 -1024 224 ) 
4 229 234 (-2472 -1120 -64 ) (-2472 -1536 -64 ) (-2472 -1536 224 ) (-2472 -1120 224 ) 
4 229 230 (-2472 -1536 224 ) (-2472 -1536 2528 ) (-2472 -1024 2528 ) (-2472 -1024 224 ) 
4 230 243 (-2472 -1536 224 ) (-2472 -1536 576 ) (-2536 -1536 576 ) (-2536 -1536 224 ) 
4 230 242 (-2472 -1536 704 ) (-2472 -1536 2528 ) (-2536 -1536 2528 ) (-2536 -1536 704 ) 
3 230 239 (-2536 -1120 224 ) (-2536 -1104 224 ) (-2520 -1120 224 ) 
3 230 238 (-2536 -1072 224 ) (-2536 -1056 224 ) (-2520 -1056 224 ) 
4 230 237 (-2536 -1056 224 ) (-2536 -1024 224 ) (-2512 -1024 224 ) (-2512 -1056 224 ) 
4 230 240 (-2536 -1536 224 ) (-2536 -1120 224 ) (-2512 -1120 224 ) (-2512 -1536 224 ) 
4 230 236 (-2496 -1120 224 ) (-2496 -1536 224 ) (-2512 -1536 224 ) (-2512 -1120 224 ) 
4 230 235 (-2512 -1024 224 ) (-2496 -1024 224 ) (-2496 -1056 224 ) (-2512 -1056 224 ) 
3 230 233 (-2472 -1104 224 ) (-2472 -1120 224 ) (-2488 -1120 224 ) 
3 230 232 (-2472 -1056 224 ) (-2472 -1072 224 ) (-2488 -1056 224 ) 
4 230 231 (-2496 -1024 224 ) (-2472 -1024 224 ) (-2472 -1056 224 ) (-2496 -1056 224 ) 
4 230 234 (-2472 -1120 224 ) (-2472 -1536 224 ) (-2496 -1536 224 ) (-2496 -1120 224 ) 
4 230 241 (-2536 -1536 224 ) (-2536 -1536 2528 ) (-2536 -1024 2528 ) (-2536 -1024 224 ) 
4 231 235 (-2496 -1056 192 ) (-2496 -1056 224 ) (-2496 -1024 224 ) (-2496 -1024 192 ) 
4 231 232 (-2488 -1056 -64 ) (-2472 -1056 -64 ) (-2472 -1056 224 ) (-2488 -1056 224 ) 
4 233 234 (-2488 -1120 -64 ) (-2472 -1120 -64 ) (-2472 -1120 224 ) (-2488 -1120 224 ) 
4 234 243 (-2472 -1536 192 ) (-2472 -1536 224 ) (-2496 -1536 224 ) (-2496 -1536 192 ) 
4 234 236 (-2496 -1536 192 ) (-2496 -1536 224 ) (-2496 -1120 224 ) (-2496 -1120 192 ) 
4 235 237 (-2512 -1056 192 ) (-2512 -1056 224 ) (-2512 -1024 224 ) (-2512 -1024 192 ) 
4 236 243 (-2496 -1536 192 ) (-2496 -1536 224 ) (-2512 -1536 224 ) (-2512 -1536 192 ) 
4 236 240 (-2512 -1536 192 ) (-2512 -1536 224 ) (-2512 -1120 224 ) (-2512 -1120 192 ) 
4 237 247 (-2536 -1024 -64 ) (-2512 -1024 -64 ) (-2512 -1056 -64 ) (-2536 -1056 -64 ) 
4 237 238 (-2520 -1056 224 ) (-2536 -1056 224 ) (-2536 -1056 -64 ) (-2520 -1056 -64 ) 
4 237 241 (-2536 -1024 -64 ) (-2536 -1056 -64 ) (-2536 -1056 224 ) (-2536 -1024 224 ) 
3 238 247 (-2536 -1072 -64 ) (-2536 -1056 -64 ) (-2520 -1056 -64 ) 
4 238 241 (-2536 -1056 -64 ) (-2536 -1072 -64 ) (-2536 -1072 224 ) (-2536 -1056 224 ) 
3 239 247 (-2520 -1120 -64 ) (-2536 -1120 -64 ) (-2536 -1104 -64 ) 
4 239 240 (-2520 -1120 224 ) (-2536 -1120 224 ) (-2536 -1120 -64 ) (-2520 -1120 -64 ) 
4 239 241 (-2536 -1104 -64 ) (-2536 -1120 -64 ) (-2536 -1120 224 ) (-2536 -1104 224 ) 
4 240 247 (-2512 -1120 -64 ) (-2512 -1536 -64 ) (-2536 -1536 -64 ) (-2536 -1120 -64 ) 
4 240 243 (-2512 -1536 192 ) (-2512 -1536 224 ) (-2536 -1536 224 ) (-2536 -1536 192 ) 
4 240 241 (-2536 -1120 -64 ) (-2536 -1536 -64 ) (-2536 -1536 224 ) (-2536 -1120 224 ) 
4 241 251 (-3072 -1024 576 ) (-3072 -1024 -64 ) (-3072 -1536 -64 ) (-3072 -1536 576 ) 
4 241 249 (-3072 -1024 2528 ) (-3072 -1024 576 ) (-3072 -1536 576 ) (-3072 -1536 2528 ) 
4 241 247 (-3072 -1536 -64 ) (-3072 -1024 -64 ) (-2536 -1024 -64 ) (-2536 -1536 -64 ) 
4 241 243 (-3072 -1536 576 ) (-3072 -1536 192 ) (-2536 -1536 192 ) (-2536 -1536 576 ) 
4 241 242 (-3072 -1536 2528 ) (-3072 -1536 704 ) (-2536 -1536 704 ) (-2536 -1536 2528 ) 
4 242 265 (-2048 -2048 704 ) (-2048 -2048 2528 ) (-3072 -2048 2528 ) (-3072 -2048 704 ) 
4 242 250 (-3072 -2048 704 ) (-3072 -2048 2528 ) (-3072 -1536 2528 ) (-3072 -1536 704 ) 
4 243 266 (-2048 -2048 192 ) (-2048 -2048 576 ) (-3072 -2048 576 ) (-3072 -2048 192 ) 
4 243 252 (-3072 -2048 192 ) (-3072 -2048 576 ) (-3072 -1536 576 ) (-3072 -1536 192 ) 
3 243 246 (-2400 -1536 192 ) (-2336 -1536 192 ) (-2336 -1600 192 ) 
3 243 245 (-2336 -2048 192 ) (-2400 -2048 192 ) (-2336 -1984 192 ) 
4 243 244 (-2048 -2048 192 ) (-2336 -2048 192 ) (-2336 -1536 192 ) (-2048 -1536 192 ) 
4 244 266 (-2048 -2048 -64 ) (-2048 -2048 192 ) (-2336 -2048 192 ) (-2336 -2048 -64 ) 
4 244 246 (-2336 -1600 192 ) (-2336 -1536 192 ) (-2336 -1536 -64 ) (-2336 -1600 -64 ) 
4 244 245 (-2336 -2048 192 ) (-2336 -1984 192 ) (-2336 -1984 -64 ) (-2336 -2048 -64 ) 
4 245 266 (-2336 -2048 192 ) (-2400 -2048 192 ) (-2400 -2048 -64 ) (-2336 -2048 -64 ) 
4 247 269 (-2496 -2048 -64 ) (-3072 -2048 -64 ) (-3072 -2048 -128 ) (-2496 -2048 -128 ) 
4 247 254 (-3072 -2048 -128 ) (-3072 -2048 -64 ) (-3072 -1024 -64 ) (-3072 -1024 -128 ) 
4 247 248 (-3072 -2048 -128 ) (-3072 -1024 -128 ) (-2496 -1024 -128 ) (-2496 -2048 -128 ) 
4 248 268 (-2048 -2048 -992 ) (-2048 -2048 -128 ) (-2496 -2048 -128 ) (-2496 -2048 -992 ) 
4 248 269 (-2496 -2048 -128 ) (-3072 -2048 -128 ) (-3072 -2048 -992 ) (-2496 -2048 -992 ) 
4 248 254 (-3072 -2048 -992 ) (-3072 -2048 -128 ) (-3072 -1024 -128 ) (-3072 -1024 -992 ) 
4 249 279 (-4096 -1536 704 ) (-4096 -1536 2528 ) (-4096 -1280 2528 ) (-4096 -1280 704 ) 
4 249 278 (-4096 -1024 2528 ) (-4096 -1024 576 ) (-4096 -1280 576 ) (-4096 -1280 2528 ) 
4 249 251 (-3456 -1024 576 ) (-3072 -1024 576 ) (-3072 -1536 576 ) (-3456 -1536 576 ) 
4 249 253 (-4096 -1536 576 ) (-4096 -1024 576 ) (-3456 -1024 576 ) (-3456 -1536 576 ) 
4 249 250 (-3072 -1536 704 ) (-3072 -1536 2528 ) (-4096 -1536 2528 ) (-4096 -1536 704 ) 
4 250 279 (-4096 -2048 704 ) (-4096 -2048 2528 ) (-4096 -1536 2528 ) (-4096 -1536 704 ) 
4 250 270 (-3072 -2048 704 ) (-3072 -2048 2528 ) (-4096 -2048 2528 ) (-4096 -2048 704 ) 
4 251 254 (-3456 -1536 -64 ) (-3456 -1024 -64 ) (-3072 -1024 -64 ) (-3072 -1536 -64 ) 
4 251 252 (-3456 -1536 576 ) (-3456 -1536 192 ) (-3072 -1536 192 ) (-3072 -1536 576 ) 
4 251 253 (-3456 -1024 -64 ) (-3456 -1536 -64 ) (-3456 -1536 576 ) (-3456 -1024 576 ) 
4 252 272 (-3072 -2048 192 ) (-3072 -2048 576 ) (-3456 -2048 576 ) (-3456 -2048 192 ) 
4 252 253 (-3456 -2048 192 ) (-3456 -2048 576 ) (-3456 -1536 576 ) (-3456 -1536 192 ) 
4 253 281 (-4096 -1024 576 ) (-4096 -1024 -64 ) (-4096 -2048 -64 ) (-4096 -2048 576 ) 
4 253 272 (-3456 -2048 576 ) (-4096 -2048 576 ) (-4096 -2048 -64 ) (-3456 -2048 -64 ) 
4 253 254 (-3456 -2048 -64 ) (-4096 -2048 -64 ) (-4096 -1024 -64 ) (-3456 -1024 -64 ) 
4 254 281 (-4096 -1024 -64 ) (-4096 -1024 -992 ) (-4096 -2048 -992 ) (-4096 -2048 -64 ) 
4 254 272 (-3072 -2048 -992 ) (-3072 -2048 -64 ) (-4096 -2048 -64 ) (-4096 -2048 -992 ) 
4 255 265 (-2048 -2048 2528 ) (-2048 -2048 704 ) (-2048 -2112 704 ) (-2048 -2112 2528 ) 
4 255 258 (-1024 -2112 704 ) (-1024 -2112 2528 ) (-2048 -2112 2528 ) (-2048 -2112 704 ) 
4 256 266 (-2048 -2048 576 ) (-2048 -2048 192 ) (-2048 -2112 192 ) (-2048 -2112 576 ) 
4 256 258 (-1024 -2112 192 ) (-1024 -2112 576 ) (-2048 -2112 576 ) (-2048 -2112 192 ) 
4 256 257 (-1568 -2112 192 ) (-2048 -2112 192 ) (-2048 -2048 192 ) (-1632 -2048 192 ) 
4 257 266 (-2048 -2048 192 ) (-2048 -2048 -64 ) (-2048 -2112 -64 ) (-2048 -2112 192 ) 
4 257 258 (-2048 -2112 -64 ) (-1568 -2112 -64 ) (-1568 -2112 192 ) (-2048 -2112 192 ) 
4 258 267 (-2048 -2112 -64 ) (-2048 -3072 -64 ) (-2048 -3072 2528 ) (-2048 -2112 2528 ) 
4 258 262 (-1472 -3072 2528 ) (-2048 -3072 2528 ) (-2048 -3072 -64 ) (-1472 -3072 -64 ) 
4 258 261 (-1024 -3072 -64 ) (-1024 -3072 2528 ) (-1472 -3072 2528 ) (-1472 -3072 -64 ) 
4 258 259 (-1472 -2112 -64 ) (-1024 -2112 -64 ) (-1024 -3072 -64 ) (-1472 -3072 -64 ) 
4 259 264 (-1024 -3072 -992 ) (-1024 -3072 -128 ) (-1472 -3072 -128 ) (-1472 -3072 -992 ) 
4 259 261 (-1024 -3072 -128 ) (-1024 -3072 -64 ) (-1472 -3072 -64 ) (-1472 -3072 -128 ) 
4 259 260 (-1472 -2048 -992 ) (-1472 -3072 -992 ) (-1472 -3072 -128 ) (-1472 -2048 -128 ) 
4 260 268 (-2048 -2048 -128 ) (-2048 -2048 -992 ) (-2048 -3072 -992 ) (-2048 -3072 -128 ) 
4 260 264 (-2048 -3072 -128 ) (-2048 -3072 -992 ) (-1472 -3072 -992 ) (-1472 -3072 -128 ) 
4 261 290 (-1024 -4096 -128 ) (-1024 -4096 2528 ) (-1472 -4096 2528 ) (-1472 -4096 -128 ) 
4 261 264 (-1472 -3072 -128 ) (-1024 -3072 -128 ) (-1024 -4096 -128 ) (-1472 -4096 -128 ) 
4 261 262 (-1472 -3136 -64 ) (-1472 -3136 2528 ) (-1472 -3072 2528 ) (-1472 -3072 -64 ) 
4 261 263 (-1472 -3136 -128 ) (-1472 -4096 -128 ) (-1472 -4096 2528 ) (-1472 -3136 2528 ) 
4 262 273 (-2048 -3136 2528 ) (-2048 -3072 2528 ) (-2048 -3072 -64 ) (-2048 -3136 -64 ) 
4 262 263 (-1472 -3136 -64 ) (-1472 -3136 2528 ) (-2048 -3136 2528 ) (-2048 -3136 -64 ) 
4 263 290 (-1472 -4096 2528 ) (-2048 -4096 2528 ) (-2048 -4096 -128 ) (-1472 -4096 -128 ) 
4 263 274 (-2048 -4096 -128 ) (-2048 -4096 2528 ) (-2048 -3136 2528 ) (-2048 -3136 -128 ) 
4 263 264 (-2048 -4096 -128 ) (-2048 -3136 -128 ) (-1472 -3136 -128 ) (-1472 -4096 -128 ) 
4 264 290 (-1024 -4096 -992 ) (-1024 -4096 -128 ) (-2048 -4096 -128 ) (-2048 -4096 -992 ) 
4 264 276 (-2048 -4096 -992 ) (-2048 -4096 -128 ) (-2048 -3072 -128 ) (-2048 -3072 -992 ) 
4 265 270 (-3072 -2048 2528 ) (-3072 -2048 704 ) (-3072 -2112 704 ) (-3072 -2112 2528 ) 
4 265 267 (-2048 -2112 704 ) (-2048 -2112 2528 ) (-3072 -2112 2528 ) (-3072 -2112 704 ) 
4 266 272 (-3072 -2048 576 ) (-3072 -2048 -64 ) (-3072 -2112 -64 ) (-3072 -2112 576 ) 
4 266 269 (-3072 -2112 -64 ) (-3072 -2048 -64 ) (-2496 -2048 -64 ) (-2496 -2112 -64 ) 
4 266 267 (-3072 -2112 -64 ) (-2048 -2112 -64 ) (-2048 -2112 576 ) (-3072 -2112 576 ) 
4 267 273 (-2048 -3072 -64 ) (-2048 -3072 2528 ) (-2496 -3072 2528 ) (-2496 -3072 -64 ) 
4 267 275 (-2496 -3072 2528 ) (-3072 -3072 2528 ) (-3072 -3072 -64 ) (-2496 -3072 -64 ) 
4 267 272 (-3072 -2112 -64 ) (-3072 -3072 -64 ) (-3072 -3072 576 ) (-3072 -2112 576 ) 
4 267 271 (-3072 -3072 576 ) (-3072 -3072 2528 ) (-3072 -2112 2528 ) (-3072 -2112 576 ) 
4 267 269 (-2496 -3072 -64 ) (-3072 -3072 -64 ) (-3072 -2112 -64 ) (-2496 -2112 -64 ) 
4 268 276 (-2048 -3072 -992 ) (-2048 -3072 -128 ) (-2496 -3072 -128 ) (-2496 -3072 -992 ) 
4 268 269 (-2496 -2048 -992 ) (-2496 -3072 -992 ) (-2496 -3072 -128 ) (-2496 -2048 -128 ) 
4 269 276 (-3072 -3072 -128 ) (-3072 -3072 -992 ) (-2496 -3072 -992 ) (-2496 -3072 -128 ) 
4 269 275 (-2496 -3072 -64 ) (-3072 -3072 -64 ) (-3072 -3072 -128 ) (-2496 -3072 -128 ) 
4 269 272 (-3072 -2048 -64 ) (-3072 -2048 -992 ) (-3072 -3072 -992 ) (-3072 -3072 -64 ) 
4 270 283 (-4096 -2112 2528 ) (-4096 -2048 2528 ) (-4096 -2048 704 ) (-4096 -2112 704 ) 
4 270 271 (-3072 -2112 704 ) (-3072 -2112 2528 ) (-4096 -2112 2528 ) (-4096 -2112 704 ) 
4 271 283 (-4096 -3072 576 ) (-4096 -3072 2528 ) (-4096 -2112 2528 ) (-4096 -2112 576 ) 
4 271 277 (-3072 -3072 576 ) (-3072 -3072 2528 ) (-4096 -3072 2528 ) (-4096 -3072 576 ) 
4 271 272 (-3072 -2112 576 ) (-3072 -3072 576 ) (-4096 -3072 576 ) (-4096 -2112 576 ) 
4 272 283 (-4096 -3072 -992 ) (-4096 -3072 576 ) (-4096 -2048 576 ) (-4096 -2048 -992 ) 
4 272 277 (-3072 -3072 -992 ) (-3072 -3072 576 ) (-4096 -3072 576 ) (-4096 -3072 -992 ) 
4 273 274 (-2496 -3136 2528 ) (-2496 -3136 -64 ) (-2048 -3136 -64 ) (-2048 -3136 2528 ) 
4 273 275 (-2496 -3136 -64 ) (-2496 -3136 2528 ) (-2496 -3072 2528 ) (-2496 -3072 -64 ) 
4 274 292 (-2048 -4096 -128 ) (-2048 -4096 2528 ) (-2496 -4096 2528 ) (-2496 -4096 -128 ) 
4 274 276 (-2048 -3136 -128 ) (-2048 -4096 -128 ) (-2496 -4096 -128 ) (-2496 -3136 -128 ) 
4 274 275 (-2496 -3136 -128 ) (-2496 -4096 -128 ) (-2496 -4096 2528 ) (-2496 -3136 2528 ) 
4 275 292 (-2496 -4096 2528 ) (-3072 -4096 2528 ) (-3072 -4096 -128 ) (-2496 -4096 -128 ) 
4 275 277 (-3072 -3072 2528 ) (-3072 -3072 -128 ) (-3072 -4096 -128 ) (-3072 -4096 2528 ) 
4 275 276 (-3072 -3072 -128 ) (-2496 -3072 -128 ) (-2496 -4096 -128 ) (-3072 -4096 -128 ) 
4 276 292 (-2048 -4096 -992 ) (-2048 -4096 -128 ) (-3072 -4096 -128 ) (-3072 -4096 -992 ) 
4 276 277 (-3072 -3072 -128 ) (-3072 -3072 -992 ) (-3072 -4096 -992 ) (-3072 -4096 -128 ) 
4 277 293 (-3072 -4096 -992 ) (-3072 -4096 2528 ) (-4096 -4096 2528 ) (-4096 -4096 -992 ) 
4 277 285 (-4096 -4096 -992 ) (-4096 -4096 2528 ) (-4096 -3072 2528 ) (-4096 -3072 -992 ) 
4 278 281 (-4160 -1280 576 ) (-4160 -1024 576 ) (-4096 -1024 576 ) (-4096 -1280 576 ) 
4 278 279 (-4160 -1280 2528 ) (-4160 -1280 704 ) (-4096 -1280 704 ) (-4096 -1280 2528 ) 
4 278 280 (-4160 -1024 576 ) (-4160 -1280 576 ) (-4160 -1280 2528 ) (-4160 -1024 2528 ) 
4 279 283 (-4096 -2048 704 ) (-4096 -2048 2528 ) (-4160 -2048 2528 ) (-4160 -2048 704 ) 
4 279 280 (-4160 -2048 704 ) (-4160 -2048 2528 ) (-4160 -1280 2528 ) (-4160 -1280 704 ) 
4 280 283 (-4160 -2048 2528 ) (-5120 -2048 2528 ) (-5120 -2048 576 ) (-4160 -2048 576 ) 
4 280 282 (-5120 -2048 576 ) (-5120 -2048 2528 ) (-5120 -1024 2528 ) (-5120 -1024 576 ) 
4 280 281 (-4160 -2048 576 ) (-5120 -2048 576 ) (-5120 -1024 576 ) (-4160 -1024 576 ) 
4 281 283 (-4096 -2048 -992 ) (-4096 -2048 576 ) (-5120 -2048 576 ) (-5120 -2048 -992 ) 
4 281 282 (-5120 -2048 -992 ) (-5120 -2048 576 ) (-5120 -1024 576 ) (-5120 -1024 -992 ) 
4 282 287 (-6144 -2048 -992 ) (-6144 -2048 2528 ) (-6144 -1024 2528 ) (-6144 -1024 -992 ) 
4 282 284 (-5120 -2048 -992 ) (-5120 -2048 2528 ) (-6144 -2048 2528 ) (-6144 -2048 -992 ) 
4 283 285 (-4096 -3072 -992 ) (-4096 -3072 2528 ) (-5120 -3072 2528 ) (-5120 -3072 -992 ) 
4 283 284 (-5120 -3072 -992 ) (-5120 -3072 2528 ) (-5120 -2048 2528 ) (-5120 -2048 -992 ) 
4 284 288 (-6144 -3072 -992 ) (-6144 -3072 2528 ) (-6144 -2048 2528 ) (-6144 -2048 -992 ) 
4 284 286 (-6144 -3072 2528 ) (-6144 -3072 -992 ) (-5120 -3072 -992 ) (-5120 -3072 2528 ) 
4 285 299 (-4096 -4096 -992 ) (-4096 -4096 2528 ) (-5120 -4096 2528 ) (-5120 -4096 -992 ) 
4 285 286 (-5120 -3072 2528 ) (-5120 -3072 -992 ) (-5120 -4096 -992 ) (-5120 -4096 2528 ) 
4 286 300 (-5120 -4096 -992 ) (-5120 -4096 2528 ) (-6144 -4096 2528 ) (-6144 -4096 -992 ) 
4 286 289 (-6144 -4096 -992 ) (-6144 -4096 2528 ) (-6144 -3072 2528 ) (-6144 -3072 -992 ) 
4 287 288 (-6144 -2048 -992 ) (-6144 -2048 2528 ) (-6880 -2048 2528 ) (-6880 -2048 -992 ) 
4 288 289 (-6144 -3072 -992 ) (-6144 -3072 2528 ) (-6880 -3072 2528 ) (-6880 -3072 -992 ) 
4 289 303 (-6144 -4096 -992 ) (-6144 -4096 2528 ) (-6880 -4096 2528 ) (-6880 -4096 -992 ) 
4 290 292 (-2048 -4096 2528 ) (-2048 -4096 -992 ) (-2048 -5120 -992 ) (-2048 -5120 2528 ) 
4 290 291 (-1024 -5120 -992 ) (-1024 -5120 2528 ) (-2048 -5120 2528 ) (-2048 -5120 -992 ) 
4 291 296 (-1024 -6144 -992 ) (-1024 -6144 2528 ) (-2048 -6144 2528 ) (-2048 -6144 -992 ) 
4 291 294 (-2048 -6144 -992 ) (-2048 -6144 2528 ) (-2048 -5120 2528 ) (-2048 -5120 -992 ) 
4 292 294 (-2048 -5120 -992 ) (-2048 -5120 2528 ) (-3072 -5120 2528 ) (-3072 -5120 -992 ) 
4 292 293 (-3072 -4096 2528 ) (-3072 -4096 -992 ) (-3072 -5120 -992 ) (-3072 -5120 2528 ) 
4 293 299 (-4096 -4096 2528 ) (-4096 -4096 -992 ) (-4096 -5120 -992 ) (-4096 -5120 2528 ) 
4 293 295 (-3072 -5120 -992 ) (-3072 -5120 2528 ) (-4096 -5120 2528 ) (-4096 -5120 -992 ) 
4 294 297 (-2048 -6144 -992 ) (-2048 -6144 2528 ) (-3072 -6144 2528 ) (-3072 -6144 -992 ) 
4 294 295 (-3072 -5120 2528 ) (-3072 -5120 -992 ) (-3072 -6144 -992 ) (-3072 -6144 2528 ) 
4 295 301 (-4096 -6144 -992 ) (-4096 -6144 2528 ) (-4096 -5120 2528 ) (-4096 -5120 -992 ) 
4 295 298 (-3072 -6144 -992 ) (-3072 -6144 2528 ) (-4096 -6144 2528 ) (-4096 -6144 -992 ) 
4 296 297 (-2048 -6144 2528 ) (-2048 -6144 -992 ) (-2048 -6624 -992 ) (-2048 -6624 2528 ) 
4 297 298 (-3072 -6144 2528 ) (-3072 -6144 -992 ) (-3072 -6624 -992 ) (-3072 -6624 2528 ) 
4 298 305 (-4096 -6624 2528 ) (-4096 -6144 2528 ) (-4096 -6144 -992 ) (-4096 -6624 -992 ) 
4 299 301 (-4096 -5120 -992 ) (-4096 -5120 2528 ) (-5120 -5120 2528 ) (-5120 -5120 -992 ) 
4 299 300 (-5120 -4096 2528 ) (-5120 -4096 -992 ) (-5120 -5120 -992 ) (-5120 -5120 2528 ) 
4 300 303 (-6144 -4096 2528 ) (-6144 -4096 -992 ) (-6144 -5120 -992 ) (-6144 -5120 2528 ) 
4 300 302 (-5120 -5120 -992 ) (-5120 -5120 2528 ) (-6144 -5120 2528 ) (-6144 -5120 -992 ) 
4 301 305 (-4096 -6144 -992 ) (-4096 -6144 2528 ) (-5120 -6144 2528 ) (-5120 -6144 -992 ) 
4 301 302 (-5120 -5120 2528 ) (-5120 -5120 -992 ) (-5120 -6144 -992 ) (-5120 -6144 2528 ) 
4 302 306 (-5120 -6144 -992 ) (-5120 -6144 2528 ) (-6144 -6144 2528 ) (-6144 -6144 -992 ) 
4 302 304 (-6144 -6144 -992 ) (-6144 -6144 2528 ) (-6144 -5120 2528 ) (-6144 -5120 -992 ) 
4 303 304 (-6144 -5120 -992 ) (-6144 -5120 2528 ) (-6880 -5120 2528 ) (-6880 -5120 -992 ) 
4 304 307 (-6144 -6144 -992 ) (-6144 -6144 2528 ) (-6880 -6144 2528 ) (-6880 -6144 -992 ) 
4 305 306 (-5120 -6144 2528 ) (-5120 -6144 -992 ) (-5120 -6624 -992 ) (-5120 -6624 2528 ) 
4 306 307 (-6144 -6144 2528 ) (-6144 -6144 -992 ) (-6144 -6624 -992 ) (-6144 -6624 2528 ) 
