PRT1
233
497
4 0 41 (-10920 12288 56 ) (-11048 12288 56 ) (-11048 12288 -72 ) (-10920 12288 -72 ) 
4 0 40 (-10912 12288 56 ) (-10920 12288 56 ) (-10920 12288 -72 ) (-10912 12288 -72 ) 
4 0 1 (-11048 12288 -72 ) (-11048 12416 -72 ) (-10920 12416 -72 ) (-10920 12288 -72 ) 
4 1 41 (-10920 12288 -192 ) (-10920 12288 -72 ) (-11048 12288 -72 ) (-11048 12288 -192 ) 
4 2 67 (-11264 12288 216 ) (-11264 12288 224 ) (-11264 12384 224 ) (-11264 12384 216 ) 
4 2 55 (-11264 12288 224 ) (-11264 12288 216 ) (-11224 12288 216 ) (-11224 12288 224 ) 
4 2 43 (-11224 12288 216 ) (-11144 12288 216 ) (-11144 12288 224 ) (-11224 12288 224 ) 
4 2 3 (-11264 12384 216 ) (-11144 12384 216 ) (-11144 12288 216 ) (-11264 12288 216 ) 
4 3 68 (-11264 12288 192 ) (-11264 12288 216 ) (-11264 12384 216 ) (-11264 12384 192 ) 
4 3 56 (-11264 12288 216 ) (-11264 12288 192 ) (-11224 12288 192 ) (-11224 12288 216 ) 
4 3 44 (-11224 12288 192 ) (-11144 12288 192 ) (-11144 12288 216 ) (-11224 12288 216 ) 
4 3 4 (-11144 12384 192 ) (-11144 12288 192 ) (-11264 12288 192 ) (-11264 12384 192 ) 
4 4 75 (-11264 12288 -192 ) (-11264 12288 -64 ) (-11264 12416 -64 ) (-11264 12416 -192 ) 
4 4 72 (-11264 12288 -64 ) (-11264 12288 128 ) (-11264 12416 128 ) (-11264 12416 -64 ) 
4 4 71 (-11264 12288 128 ) (-11264 12288 192 ) (-11264 12416 192 ) (-11264 12416 128 ) 
4 4 61 (-11264 12288 157.553802 ) (-11264 12288 -29.596375 ) (-11224 12288 -35.998795 ) (-11224 12288 151.168976 ) 
4 4 58 (-11264 12288 -29.596375 ) (-11264 12288 -192 ) (-11224 12288 -192 ) (-11224 12288 -35.998795 ) 
4 4 57 (-11224 12288 192 ) (-11264 12288 192 ) (-11264 12288 157.553802 ) (-11224 12288 151.168976 ) 
4 4 45 (-11064 12288 -192 ) (-11064 12288 192 ) (-11224 12288 192 ) (-11224 12288 -192 ) 
4 5 6 (-8668 11880 -3092 ) (-8700 11880 -3092 ) (-8700 11880 -3156 ) (-8668 11880 -3156 ) 
4 6 13 (-8668 11872 -3092 ) (-8700 11872 -3092 ) (-8700 11872 -3156 ) (-8668 11872 -3156 ) 
4 7 18 (-8620 11264 -3060 ) (-8652 11264 -3060 ) (-8652 11264 -3076 ) (-8620 11264 -3076 ) 
4 7 13 (-8620 11264 -3076 ) (-8652 11264 -3076 ) (-8652 11872 -3076 ) (-8620 11872 -3076 ) 
4 7 9 (-8652 11648 -3076 ) (-8652 11584 -3076 ) (-8652 11584 -3061 ) (-8652 11648 -3061 ) 
4 7 8 (-8652 11872 -3060 ) (-8652 11872 -3076 ) (-8652 11648 -3076 ) (-8652 11648 -3060 ) 
4 7 10 (-8652 11584 -3076 ) (-8652 11264 -3076 ) (-8652 11264 -3060 ) (-8652 11584 -3060 ) 
4 8 13 (-8716 11648 -3076 ) (-8716 11872 -3076 ) (-8652 11872 -3076 ) (-8652 11648 -3076 ) 
4 8 11 (-8716 11872 -3060 ) (-8716 11872 -3076 ) (-8716 11648 -3076 ) (-8716 11648 -3060 ) 
4 8 9 (-8716 11648 -3061 ) (-8716 11648 -3076 ) (-8652 11648 -3076 ) (-8652 11648 -3061 ) 
4 9 13 (-8716 11584 -3076 ) (-8716 11648 -3076 ) (-8652 11648 -3076 ) (-8652 11584 -3076 ) 
4 9 11 (-8716 11648 -3076 ) (-8716 11584 -3076 ) (-8716 11584 -3061 ) (-8716 11648 -3061 ) 
4 9 10 (-8716 11584 -3061 ) (-8716 11584 -3076 ) (-8652 11584 -3076 ) (-8652 11584 -3061 ) 
4 10 19 (-8652 11264 -3060 ) (-8716 11264 -3060 ) (-8716 11264 -3076 ) (-8652 11264 -3076 ) 
4 10 13 (-8652 11264 -3076 ) (-8716 11264 -3076 ) (-8716 11584 -3076 ) (-8652 11584 -3076 ) 
4 10 11 (-8716 11584 -3076 ) (-8716 11264 -3076 ) (-8716 11264 -3060 ) (-8716 11584 -3060 ) 
4 11 22 (-8716 11264 -3060 ) (-8748 11264 -3060 ) (-8748 11264 -3076 ) (-8716 11264 -3076 ) 
4 11 13 (-8716 11264 -3076 ) (-8748 11264 -3076 ) (-8748 11872 -3076 ) (-8716 11872 -3076 ) 
4 12 13 (-8620 11588 -3076 ) (-8620 11644 -3076 ) (-8620 11644 -3188 ) (-8620 11588 -3188 ) 
4 13 27 (-8620 11264 -3076 ) (-8748 11264 -3076 ) (-8748 11264 -3188 ) (-8620 11264 -3188 ) 
4 13 14 (-8748 11588 -3076 ) (-8748 11644 -3076 ) (-8748 11644 -3188 ) (-8748 11588 -3188 ) 
4 15 29 (-8876 11264 -3076 ) (-8876 11264 -3188 ) (-8756 11264 -3188 ) (-8756 11264 -3076 ) 
4 15 23 (-8756 11264 -3060 ) (-8876 11264 -3060 ) (-8876 11264 -3076 ) (-8756 11264 -3076 ) 
4 16 30 (-9132 11264 -3076 ) (-9132 11264 -3188 ) (-8884 11264 -3188 ) (-8884 11264 -3076 ) 
4 16 24 (-8884 11264 -3060 ) (-9132 11264 -3060 ) (-9132 11264 -3076 ) (-8884 11264 -3076 ) 
4 16 17 (-9132 11294 -3148 ) (-9132 11264 -3148 ) (-9132 11264 -3084 ) (-9132 11294 -3084 ) 
4 17 34 (-9140 11264 -3084 ) (-9140 11264 -3148 ) (-9132 11264 -3148 ) (-9132 11264 -3084 ) 
4 18 37 (-8652 10848 -3072 ) (-8652 10848 -3076 ) (-8632 10848 -3076 ) (-8632 10848 -3072 ) 
4 18 27 (-8620 10848 -3076 ) (-8652 10848 -3076 ) (-8652 11264 -3076 ) (-8620 11264 -3076 ) 
4 18 20 (-8652 11136 -3076 ) (-8652 11072 -3076 ) (-8652 11072 -3061 ) (-8652 11136 -3061 ) 
4 18 19 (-8652 11264 -3076 ) (-8652 11136 -3076 ) (-8652 11136 -3060 ) (-8652 11264 -3060 ) 
4 18 21 (-8652 11072 -3076 ) (-8652 10848 -3076 ) (-8652 10848 -3060 ) (-8652 11072 -3060 ) 
4 19 27 (-8716 11136 -3076 ) (-8716 11264 -3076 ) (-8652 11264 -3076 ) (-8652 11136 -3076 ) 
4 19 22 (-8716 11264 -3076 ) (-8716 11136 -3076 ) (-8716 11136 -3060 ) (-8716 11264 -3060 ) 
4 19 20 (-8716 11136 -3061 ) (-8716 11136 -3076 ) (-8652 11136 -3076 ) (-8652 11136 -3061 ) 
4 20 27 (-8716 11072 -3076 ) (-8716 11136 -3076 ) (-8652 11136 -3076 ) (-8652 11072 -3076 ) 
4 20 22 (-8716 11136 -3076 ) (-8716 11072 -3076 ) (-8716 11072 -3061 ) (-8716 11136 -3061 ) 
4 20 21 (-8716 11072 -3061 ) (-8716 11072 -3076 ) (-8652 11072 -3076 ) (-8652 11072 -3061 ) 
4 21 37 (-8716 10848 -3072 ) (-8716 10848 -3076 ) (-8652 10848 -3076 ) (-8652 10848 -3072 ) 
4 21 27 (-8652 10848 -3076 ) (-8716 10848 -3076 ) (-8716 11072 -3076 ) (-8652 11072 -3076 ) 
4 21 22 (-8716 11072 -3076 ) (-8716 10848 -3076 ) (-8716 10848 -3060 ) (-8716 11072 -3060 ) 
4 22 37 (-8736 10848 -3076 ) (-8716 10848 -3076 ) (-8716 10848 -3072 ) (-8736 10848 -3072 ) 
4 22 27 (-8716 10848 -3076 ) (-8748 10848 -3076 ) (-8748 11264 -3076 ) (-8716 11264 -3076 ) 
4 23 29 (-8876 11264 -3076 ) (-8756 11264 -3076 ) (-8756 11172 -3076 ) (-8876 11172 -3076 ) 
4 24 30 (-9132 11172 -3076 ) (-9132 11264 -3076 ) (-8884 11264 -3076 ) (-8884 11172 -3076 ) 
4 25 33 (-8756 10848 -3076 ) (-9132 10848 -3076 ) (-9132 11164 -3076 ) (-8756 11164 -3076 ) 
4 26 27 (-8620 11132 -3188 ) (-8620 11076 -3188 ) (-8620 11076 -3076 ) (-8620 11132 -3076 ) 
4 27 37 (-8736 10848 -3188 ) (-8632 10848 -3188 ) (-8632 10848 -3076 ) (-8736 10848 -3076 ) 
4 27 28 (-8748 11132 -3188 ) (-8748 11076 -3188 ) (-8748 11076 -3076 ) (-8748 11132 -3076 ) 
4 28 33 (-8756 11132 -3188 ) (-8756 11076 -3188 ) (-8756 11076 -3076 ) (-8756 11132 -3076 ) 
4 29 31 (-8792 11172 -3076 ) (-8848 11172 -3076 ) (-8848 11172 -3188 ) (-8792 11172 -3188 ) 
4 30 34 (-9132 11264 -3084 ) (-9132 11264 -3148 ) (-9132 11234 -3148 ) (-9132 11234 -3084 ) 
4 30 32 (-8912 11172 -3076 ) (-8968 11172 -3076 ) (-8968 11172 -3188 ) (-8912 11172 -3188 ) 
4 31 33 (-8792 11164 -3076 ) (-8848 11164 -3076 ) (-8848 11164 -3188 ) (-8792 11164 -3188 ) 
4 32 33 (-8912 11164 -3076 ) (-8968 11164 -3076 ) (-8968 11164 -3188 ) (-8912 11164 -3188 ) 
4 33 35 (-9132 10950 -3084 ) (-9132 11062 -3084 ) (-9132 11062 -3148 ) (-9132 10950 -3148 ) 
4 36 38 (-8620 10696 -3060 ) (-8748 10696 -3060 ) (-8748 10844 -3060 ) (-8620 10844 -3060 ) 
4 37 39 (-8736 10848 -3188 ) (-8632 10848 -3188 ) (-8632 10844 -3188 ) (-8736 10844 -3188 ) 
4 37 38 (-8736 10844 -3188 ) (-8632 10844 -3188 ) (-8632 10844 -3072 ) (-8736 10844 -3072 ) 
4 38 39 (-8620 10696 -3188 ) (-8748 10696 -3188 ) (-8748 10844 -3188 ) (-8620 10844 -3188 ) 
4 40 65 (-10912 11264 -72 ) (-10912 11264 56 ) (-10920 11264 56 ) (-10920 11264 -72 ) 
4 40 41 (-10920 12288 56 ) (-10920 12288 -72 ) (-10920 11264 -72 ) (-10920 11264 56 ) 
4 41 66 (-10920 11264 -192 ) (-10920 11264 -72 ) (-11048 11264 -72 ) (-11048 11264 -192 ) 
4 41 65 (-10920 11264 -72 ) (-10920 11264 56 ) (-11048 11264 56 ) (-11048 11264 -72 ) 
4 41 42 (-11048 12276 -192 ) (-11048 12172 -192 ) (-11048 12172 -80 ) (-11048 12276 -80 ) 
4 42 45 (-11064 12276 -80 ) (-11064 12276 -192 ) (-11064 12172 -192 ) (-11064 12172 -80 ) 
4 43 55 (-11224 12288 224 ) (-11224 12288 216 ) (-11224 12064 216 ) (-11224 12064 224 ) 
4 43 44 (-11144 12064 216 ) (-11224 12064 216 ) (-11224 12288 216 ) (-11144 12288 216 ) 
4 44 56 (-11224 12288 216 ) (-11224 12288 192 ) (-11224 12064 192 ) (-11224 12064 216 ) 
4 44 45 (-11224 12064 192 ) (-11224 12288 192 ) (-11144 12288 192 ) (-11144 12064 192 ) 
4 45 61 (-11224 12288 151.168961 ) (-11224 12288 -35.998779 ) (-11224 12099.627930 -18.585262 ) (-11224 12100.123047 168.489212 ) 
4 45 59 (-11224 12099.627930 -18.585262 ) (-11224 12032 -12.333603 ) (-11224 12032 174.769470 ) (-11224 12100.123047 168.489212 ) 
4 45 58 (-11224 12288 -35.998779 ) (-11224 12288 -192 ) (-11224 12032 -192 ) (-11224 12032 -12.333603 ) 
4 45 57 (-11224 12288 192 ) (-11224 12288 151.168961 ) (-11224 12032 174.769470 ) (-11224 12032 192 ) 
4 45 47 (-11224 12032 -192 ) (-11064 12032 -192 ) (-11064 12032 -184 ) (-11224 12032 -184 ) 
4 45 46 (-11064 12032 -184 ) (-11064 12032 128 ) (-11224 12032 128 ) (-11224 12032 -184 ) 
4 46 48 (-11064 11840 -176 ) (-11064 11840 128 ) (-11224 11840 128 ) (-11224 11840 -176 ) 
4 46 47 (-11224 11856 -184 ) (-11224 12032 -184 ) (-11064 12032 -184 ) (-11064 11856 -184 ) 
4 48 49 (-11064 11824 -168 ) (-11064 11824 128 ) (-11224 11824 128 ) (-11224 11824 -168 ) 
4 49 50 (-11064 11808 -160 ) (-11064 11808 128 ) (-11224 11808 128 ) (-11224 11808 -160 ) 
4 50 51 (-11064 11792 -152 ) (-11064 11792 128 ) (-11224 11792 128 ) (-11224 11792 -152 ) 
4 51 52 (-11064 11776 -144 ) (-11064 11776 128 ) (-11224 11776 128 ) (-11224 11776 -144 ) 
4 52 53 (-11064 11760 -136 ) (-11064 11760 128 ) (-11224 11760 128 ) (-11224 11760 -136 ) 
4 53 54 (-11064 11744 -128 ) (-11064 11744 128 ) (-11224 11744 128 ) (-11224 11744 -128 ) 
4 54 64 (-11224 11264 -128 ) (-11224 11264 128 ) (-11224 11520 128 ) (-11224 11520 -128 ) 
4 54 63 (-11224 11520 128 ) (-11224 11536 128 ) (-11224 11536 -128 ) (-11224 11520 -128 ) 
4 55 100 (-11264 12064 224 ) (-11264 12288 224 ) (-11264 12288 216 ) (-11264 12064 216 ) 
4 55 56 (-11224 12064 216 ) (-11264 12064 216 ) (-11264 12288 216 ) (-11224 12288 216 ) 
4 56 101 (-11264 12288 216 ) (-11264 12288 192 ) (-11264 12064 192 ) (-11264 12064 216 ) 
4 56 57 (-11264 12064 192 ) (-11264 12288 192 ) (-11224 12288 192 ) (-11224 12064 192 ) 
4 57 104 (-11264 12032 181.154297 ) (-11264 12032 192 ) (-11264 12288 192 ) (-11264 12288 157.553802 ) 
4 57 62 (-11231.198242 12096.100586 170.008377 ) (-11234.599609 12094.200195 170.726440 ) (-11264 12145.107422 170.726532 ) (-11264 12152.894531 170.008636 ) 
5 57 61 (-11224 12288 151.168457 ) (-11224 12100.123047 168.488586 ) (-11231.198242 12096.100586 170.008377 ) (-11264 12152.894531 170.008636 ) (-11264 12288 157.553406 ) 
3 57 60 (-11234.599609 12094.200195 170.726440 ) (-11264 12077.772461 176.934021 ) (-11264 12145.107422 170.726532 ) 
4 57 59 (-11224 12100.123047 168.488586 ) (-11224 12032 174.768799 ) (-11264 12032 181.153732 ) (-11264 12077.772461 176.934021 ) 
4 58 176 (-11264 12032 -192 ) (-11264 12032 -128 ) (-11264 12168 -128 ) (-11264 12168 -192 ) 
4 58 172 (-11264 12168 -128 ) (-11264 12288 -128 ) (-11264 12288 -192 ) (-11264 12168 -192 ) 
4 58 134 (-11264 12032 -64 ) (-11264 12032 -5.931183 ) (-11264 12176 -19.242853 ) (-11264 12176 -64 ) 
4 58 139 (-11264 12032 -128 ) (-11264 12032 -64 ) (-11264 12176 -64 ) (-11264 12176 -128 ) 
4 58 133 (-11264 12176 -19.242853 ) (-11264 12288 -29.596375 ) (-11264 12288 -128 ) (-11264 12176 -128 ) 
4 58 62 (-11264 12085.979492 -10.921579 ) (-11264 12078.094727 -10.192722 ) (-11263.642578 12077.476562 -10.192724 ) (-11260.199219 12079.400391 -10.921665 ) 
5 58 61 (-11224 12099.627930 -18.585770 ) (-11224 12288 -36 ) (-11264 12288 -29.596798 ) (-11264 12085.979492 -10.921579 ) (-11260.199219 12079.400391 -10.921665 ) 
3 58 60 (-11264 12078.094727 -10.192722 ) (-11264 12077.277344 -10.117153 ) (-11263.642578 12077.476562 -10.192724 ) 
4 58 59 (-11264 12032 -5.931671 ) (-11224 12032 -12.334122 ) (-11224 12099.627930 -18.585770 ) (-11264 12077.277344 -10.117153 ) 
4 59 136 (-11264 12032 -5.931183 ) (-11264 12032 0 ) (-11264 12077.303711 0 ) (-11264 12077.277344 -10.116676 ) 
4 59 113 (-11264 12032 0 ) (-11264 12032 128 ) (-11264 12077.642578 128 ) (-11264 12077.303711 0 ) 
4 59 106 (-11264 12032 128 ) (-11264 12032 181.154297 ) (-11264 12077.772461 176.934555 ) (-11264 12077.642578 128 ) 
4 59 62 (-11260.201172 12079.401367 -10.920436 ) (-11263.643555 12077.478516 -10.191654 ) (-11234.600586 12094.203125 170.725571 ) (-11231.201172 12096.102539 170.007721 ) 
4 59 61 (-11224 12099.628906 -18.584778 ) (-11260.201172 12079.401367 -10.920436 ) (-11231.201172 12096.102539 170.007721 ) (-11224 12100.126953 168.487320 ) 
4 59 60 (-11263.643555 12077.478516 -10.191654 ) (-11264 12077.279297 -10.116217 ) (-11264 12077.776367 176.932724 ) (-11234.600586 12094.203125 170.725571 ) 
4 60 136 (-11264 12081.870117 0 ) (-11264 12078.094727 -10.192245 ) (-11264 12077.277344 -10.116676 ) (-11264 12077.303711 0 ) 
4 60 113 (-11264 12129.281250 128 ) (-11264 12081.870117 0 ) (-11264 12077.303711 0 ) (-11264 12077.642578 128 ) 
4 60 106 (-11264 12077.772461 176.934555 ) (-11264 12145.107422 170.726990 ) (-11264 12129.281250 128 ) (-11264 12077.642578 128 ) 
4 60 62 (-11234.599609 12094.207031 170.730469 ) (-11263.644531 12077.482422 -10.191406 ) (-11264 12078.097656 -10.191406 ) (-11264 12145.113281 170.730469 ) 
4 61 137 (-11264 12176 -19.242821 ) (-11264 12085.979492 -10.921104 ) (-11264 12090.018555 0 ) (-11264 12176 0 ) 
4 61 133 (-11264 12288 0 ) (-11264 12288 -29.596375 ) (-11264 12176 -19.242821 ) (-11264 12176 0 ) 
4 61 114 (-11264 12202.404297 0 ) (-11264 12090.018555 0 ) (-11264 12137.358398 128 ) (-11264 12202.226562 128 ) 
4 61 112 (-11264 12288 128 ) (-11264 12288 0 ) (-11264 12202.404297 0 ) (-11264 12202.226562 128 ) 
4 61 107 (-11264 12152.894531 170.009094 ) (-11264 12202.172852 165.466125 ) (-11264 12202.226562 128 ) (-11264 12137.358398 128 ) 
4 61 105 (-11264 12202.172852 165.466125 ) (-11264 12288 157.553802 ) (-11264 12288 128 ) (-11264 12202.226562 128 ) 
4 61 62 (-11264 12085.976562 -10.921875 ) (-11260.202148 12079.401367 -10.921875 ) (-11231.200195 12096.101562 170.009247 ) (-11264 12152.893555 170.009247 ) 
4 62 138 (-11264 12090.018555 0 ) (-11264 12085.979492 -10.921104 ) (-11264 12078.094727 -10.192245 ) (-11264 12081.870117 0 ) 
4 62 115 (-11264 12137.358398 128 ) (-11264 12090.018555 0 ) (-11264 12081.870117 0 ) (-11264 12129.281250 128 ) 
4 62 108 (-11264 12145.107422 170.726990 ) (-11264 12152.894531 170.009094 ) (-11264 12137.358398 128 ) (-11264 12129.281250 128 ) 
4 63 64 (-11224 11520 -128 ) (-11224 11520 128 ) (-11240 11520 128 ) (-11240 11520 -128 ) 
4 64 162 (-11264 11264 -128 ) (-11264 11264 0 ) (-11264 11392 0 ) (-11264 11392 -128 ) 
4 64 160 (-11264 11426 -128 ) (-11264 11392 -128 ) (-11264 11392 -16 ) (-11264 11426 -16 ) 
4 64 157 (-11264 11482 -128 ) (-11264 11426 -128 ) (-11264 11426 -20 ) (-11264 11482 -20 ) 
4 64 155 (-11264 11426 -20 ) (-11264 11426 -16 ) (-11264 11482 -16 ) (-11264 11482 -20 ) 
4 64 148 (-11264 11520 -16 ) (-11264 11520 -128 ) (-11264 11482 -128 ) (-11264 11482 -16 ) 
4 64 146 (-11264 11392 0 ) (-11264 11520 0 ) (-11264 11520 -16 ) (-11264 11392 -16 ) 
4 64 123 (-11264 11264 0 ) (-11264 11264 128 ) (-11264 11392 128 ) (-11264 11392 0 ) 
4 64 119 (-11264 11392 128 ) (-11264 11520 128 ) (-11264 11520 0 ) (-11264 11392 0 ) 
4 65 66 (-11048 11256 -72 ) (-11048 11264 -72 ) (-10920 11264 -72 ) (-10920 11256 -72 ) 
4 67 100 (-11264 12288 216 ) (-11264 12288 224 ) (-11272 12288 224 ) (-11272 12288 216 ) 
4 67 68 (-11264 12288 216 ) (-11272 12288 216 ) (-11272 12384 216 ) (-11264 12384 216 ) 
4 68 101 (-11264 12288 192 ) (-11264 12288 216 ) (-11272 12288 216 ) (-11272 12288 192 ) 
4 68 71 (-11264 12384 192 ) (-11264 12288 192 ) (-11272 12288 192 ) (-11272 12384 192 ) 
4 69 102 (-11304 12288 224 ) (-11432 12288 224 ) (-11432 12288 216 ) (-11304 12288 216 ) 
4 69 70 (-11432 12288 216 ) (-11432 12384 216 ) (-11304 12384 216 ) (-11304 12288 216 ) 
4 70 103 (-11432 12288 216 ) (-11432 12288 192 ) (-11304 12288 192 ) (-11304 12288 216 ) 
4 70 71 (-11304 12384 192 ) (-11304 12288 192 ) (-11432 12288 192 ) (-11432 12384 192 ) 
5 71 105 (-11264 12288 128 ) (-11264 12288 157.553802 ) (-11479.795898 12288 192 ) (-11512 12288 192 ) (-11512 12288 128 ) 
3 71 104 (-11264 12288 157.553802 ) (-11264 12288 192 ) (-11479.795898 12288 192 ) 
4 71 72 (-11264 12288 128 ) (-11512 12288 128 ) (-11512 12416 128 ) (-11264 12416 128 ) 
4 72 133 (-11264 12288 -64 ) (-11264 12288 0 ) (-11704 12288 0 ) (-11704 12288 -64 ) 
4 72 116 (-11512 12288 128 ) (-11704 12288 128 ) (-11704 12288 0 ) (-11512 12288 0 ) 
4 72 112 (-11264 12288 0 ) (-11264 12288 128 ) (-11512 12288 128 ) (-11512 12288 0 ) 
4 72 76 (-11520 12288 -64 ) (-11544 12288 -64 ) (-11544 12416 -64 ) (-11520 12416 -64 ) 
4 72 75 (-11264 12288 -64 ) (-11520 12288 -64 ) (-11520 12416 -64 ) (-11264 12416 -64 ) 
4 72 78 (-11544 12288 -64 ) (-11704 12288 -64 ) (-11704 12416 -64 ) (-11544 12416 -64 ) 
4 73 86 (-11704 12600 -192 ) (-11704 12416 -192 ) (-11832 12416 -192 ) (-11832 12600 -192 ) 
4 73 84 (-11704 12608 -192 ) (-11704 12600 -192 ) (-11832 12600 -192 ) (-11832 12608 -192 ) 
4 73 83 (-11704 12736 -192 ) (-11704 12608 -192 ) (-11832 12608 -192 ) (-11832 12736 -192 ) 
4 73 80 (-11828 12416 -192 ) (-11708 12416 -192 ) (-11708 12416 -68 ) (-11828 12416 -68 ) 
8 73 74 (-11832 12736 -192 ) (-11832 12608 -192 ) (-11832 12608 -127.998909 ) (-11832 12624 -96 ) (-11832 12656 -64 ) (-11832 12688 -64 ) (-11832 12720 -96 ) (-11832 12736 -128.001099 ) 
8 74 87 (-12288 12656 -64 ) (-12288 12688 -64 ) (-12288 12720 -96 ) (-12288 12736 -128.001099 ) (-12288 12736 -192 ) (-12288 12608 -192 ) (-12288 12608 -127.998909 ) (-12288 12624 -96 ) 
4 74 83 (-12288 12608 -192 ) (-12288 12736 -192 ) (-11832 12736 -192 ) (-11832 12608 -192 ) 
4 75 172 (-11264 12288 -192 ) (-11264 12288 -128 ) (-11520 12288 -128 ) (-11520 12288 -192 ) 
4 75 133 (-11264 12288 -128 ) (-11264 12288 -64 ) (-11520 12288 -64 ) (-11520 12288 -128 ) 
4 75 76 (-11520 12416 -64 ) (-11520 12416 -152 ) (-11520 12288 -152 ) (-11520 12288 -64 ) 
4 75 77 (-11520 12416 -156 ) (-11520 12416 -192 ) (-11520 12288 -192 ) (-11520 12288 -156 ) 
4 76 173 (-11544 12288 -128 ) (-11544 12288 -152 ) (-11520 12288 -152 ) (-11520 12288 -128 ) 
4 76 133 (-11520 12288 -64 ) (-11544 12288 -64 ) (-11544 12288 -128 ) (-11520 12288 -128 ) 
4 76 78 (-11544 12416 -64 ) (-11544 12416 -152 ) (-11544 12288 -152 ) (-11544 12288 -64 ) 
4 77 174 (-11544 12288 -156 ) (-11544 12288 -192 ) (-11520 12288 -192 ) (-11520 12288 -156 ) 
4 77 78 (-11544 12416 -156 ) (-11544 12416 -192 ) (-11544 12288 -192 ) (-11544 12288 -156 ) 
4 78 175 (-11704 12288 -128 ) (-11704 12288 -192 ) (-11544 12288 -192 ) (-11544 12288 -128 ) 
4 78 133 (-11544 12288 -64 ) (-11704 12288 -64 ) (-11704 12288 -128 ) (-11544 12288 -128 ) 
4 78 79 (-11704 12408 -192 ) (-11704 12288 -192 ) (-11704 12288 -64 ) (-11704 12408 -64 ) 
4 79 175 (-11708 12288 -128 ) (-11708 12288 -192 ) (-11704 12288 -192 ) (-11704 12288 -128 ) 
4 79 140 (-11704 12288 -64 ) (-11708 12288 -64 ) (-11708 12288 -128 ) (-11704 12288 -128 ) 
4 79 81 (-11708 12408 -192 ) (-11708 12288 -192 ) (-11708 12288 -64 ) (-11708 12408 -64 ) 
4 80 81 (-11828 12408 -68 ) (-11828 12408 -192 ) (-11708 12408 -192 ) (-11708 12408 -68 ) 
4 81 175 (-11828 12288 -128 ) (-11828 12288 -192 ) (-11708 12288 -192 ) (-11708 12288 -128 ) 
4 81 140 (-11708 12288 -64 ) (-11828 12288 -64 ) (-11828 12288 -128 ) (-11708 12288 -128 ) 
4 81 82 (-11828 12408 -192 ) (-11828 12288 -192 ) (-11828 12288 -64 ) (-11828 12408 -64 ) 
4 82 175 (-11832 12288 -128 ) (-11832 12288 -192 ) (-11828 12288 -192 ) (-11828 12288 -128 ) 
4 82 140 (-11828 12288 -64 ) (-11832 12288 -64 ) (-11832 12288 -128 ) (-11828 12288 -128 ) 
4 83 87 (-12288 12608 -192 ) (-12288 12736 -192 ) (-12288 12736 -320 ) (-12288 12608 -320 ) 
4 83 85 (-11832 12608 -320 ) (-11704 12608 -320 ) (-11704 12608 -272 ) (-11832 12608 -272 ) 
4 83 84 (-11704 12608 -272 ) (-11704 12608 -192 ) (-11832 12608 -192 ) (-11832 12608 -272 ) 
4 84 86 (-11704 12600 -272 ) (-11704 12600 -192 ) (-11832 12600 -192 ) (-11832 12600 -272 ) 
4 84 85 (-11704 12600 -272 ) (-11832 12600 -272 ) (-11832 12608 -272 ) (-11704 12608 -272 ) 
4 85 86 (-11832 12600 -320 ) (-11704 12600 -320 ) (-11704 12600 -272 ) (-11832 12600 -272 ) 
4 87 89 (-12984 12608 -320 ) (-12984 12736 -320 ) (-12344 12736 -320 ) (-12344 12608 -320 ) 
4 87 88 (-12592 12608 -320 ) (-12480 12608 -320 ) (-12480 12608 -272 ) (-12592 12608 -272 ) 
4 88 98 (-12544 12600 -272 ) (-12592 12600 -272 ) (-12592 12600 -320 ) (-12544 12600 -320 ) 
4 88 96 (-12536 12600 -272 ) (-12544 12600 -272 ) (-12544 12600 -320 ) (-12536 12600 -320 ) 
4 88 94 (-12480 12600 -272 ) (-12536 12600 -272 ) (-12536 12600 -320 ) (-12480 12600 -320 ) 
4 88 90 (-12480 12600 -320 ) (-12592 12600 -320 ) (-12592 12608 -320 ) (-12480 12608 -320 ) 
4 89 90 (-12592 12608 -384 ) (-12480 12608 -384 ) (-12480 12608 -320 ) (-12592 12608 -320 ) 
4 90 98 (-12544 12600 -320 ) (-12592 12600 -320 ) (-12592 12600 -384 ) (-12544 12600 -384 ) 
4 90 96 (-12536 12600 -320 ) (-12544 12600 -320 ) (-12544 12600 -384 ) (-12536 12600 -384 ) 
4 90 94 (-12480 12600 -320 ) (-12536 12600 -320 ) (-12536 12600 -384 ) (-12480 12600 -384 ) 
4 91 182 (-12408 12288 -256 ) (-12408 12288 -384 ) (-12352 12288 -384 ) (-12352 12288 -256 ) 
4 91 94 (-12408 12600 -256 ) (-12408 12600 -384 ) (-12408 12288 -384 ) (-12408 12288 -256 ) 
4 92 179 (-12536 12288 -192 ) (-12536 12288 -240 ) (-12408 12288 -240 ) (-12408 12288 -192 ) 
4 92 93 (-12536 12288 -240 ) (-12536 12600 -240 ) (-12408 12600 -240 ) (-12408 12288 -240 ) 
4 93 180 (-12536 12288 -240 ) (-12536 12288 -248 ) (-12408 12288 -248 ) (-12408 12288 -240 ) 
4 93 94 (-12536 12288 -248 ) (-12536 12600 -248 ) (-12408 12600 -248 ) (-12408 12288 -248 ) 
4 94 182 (-12536 12288 -256 ) (-12536 12288 -384 ) (-12408 12288 -384 ) (-12408 12288 -256 ) 
4 94 181 (-12536 12288 -248 ) (-12536 12288 -256 ) (-12408 12288 -256 ) (-12408 12288 -248 ) 
4 94 97 (-12536 12348 -384 ) (-12536 12292 -384 ) (-12536 12292 -272 ) (-12536 12348 -272 ) 
4 94 96 (-12536 12600 -272 ) (-12536 12600 -384 ) (-12536 12416 -384 ) (-12536 12416 -272 ) 
4 94 95 (-12536 12600 -256 ) (-12536 12600 -272 ) (-12536 12416 -272 ) (-12536 12416 -256 ) 
4 95 98 (-12544 12416 -256 ) (-12544 12600 -256 ) (-12544 12600 -272 ) (-12544 12416 -272 ) 
4 95 96 (-12544 12416 -272 ) (-12544 12600 -272 ) (-12536 12600 -272 ) (-12536 12416 -272 ) 
4 96 98 (-12544 12600 -384 ) (-12544 12416 -384 ) (-12544 12416 -272 ) (-12544 12600 -272 ) 
4 97 99 (-12544 12348 -384 ) (-12544 12292 -384 ) (-12544 12292 -272 ) (-12544 12348 -272 ) 
4 99 187 (-12720 12288 -384 ) (-12544 12288 -384 ) (-12544 12288 -256 ) (-12720 12288 -256 ) 
4 100 101 (-11264 12064 216 ) (-11272 12064 216 ) (-11272 12288 216 ) (-11264 12288 216 ) 
4 101 104 (-11272 12064 192 ) (-11272 12288 192 ) (-11264 12288 192 ) (-11264 12064 192 ) 
4 102 103 (-11304 12064 216 ) (-11432 12064 216 ) (-11432 12288 216 ) (-11304 12288 216 ) 
4 103 106 (-11432 12064 192 ) (-11432 12103.346680 192 ) (-11388.070312 12129.178711 192 ) (-11350.426758 12064 192 ) 
3 103 105 (-11432 12103.346680 192 ) (-11432 12205.242188 192 ) (-11388.070312 12129.178711 192 ) 
5 103 104 (-11432 12205.242188 192 ) (-11432 12288 192 ) (-11304 12288 192 ) (-11304 12064 192 ) (-11350.426758 12064 192 ) 
4 104 108 (-11288.598633 12187.699219 170.726578 ) (-11285.241211 12189.674805 170.008591 ) (-11264 12152.894531 170.008591 ) (-11264 12145.106445 170.726578 ) 
3 104 107 (-11285.241211 12189.674805 170.008591 ) (-11264 12202.171875 165.465836 ) (-11264 12152.894531 170.008591 ) 
5 104 106 (-11264 12032 181.153763 ) (-11331.949219 12032 192 ) (-11388.072266 12129.176758 192 ) (-11288.598633 12187.699219 170.726578 ) (-11264 12145.106445 170.726578 ) 
4 104 105 (-11388.072266 12129.176758 192 ) (-11479.797852 12288 192 ) (-11264 12288 157.553513 ) (-11264 12202.171875 165.465836 ) 
4 105 112 (-11512 12288 128 ) (-11264 12288 128 ) (-11264 12202.225586 128 ) (-11512 12056.392578 128 ) 
4 105 108 (-11285.243164 12189.676758 170.005142 ) (-11288.600586 12187.702148 170.723099 ) (-11295.449219 12183.734375 128 ) (-11291.966797 12185.782227 128 ) 
4 105 107 (-11264 12202.175781 165.461853 ) (-11285.243164 12189.676758 170.005142 ) (-11291.966797 12185.782227 128 ) (-11264 12202.227539 128 ) 
5 105 106 (-11288.600586 12187.702148 170.723099 ) (-11388.089844 12129.167969 192 ) (-11512 12056.302734 192 ) (-11512 12056.392578 128 ) (-11295.449219 12183.734375 128 ) 
5 106 113 (-11264 12129.281250 128 ) (-11264 12032 128 ) (-11512 12032 128 ) (-11512 12056.392578 128 ) (-11295.448242 12183.733398 128 ) 
4 106 108 (-11295.446289 12183.733398 128 ) (-11288.597656 12187.701172 170.726562 ) (-11264 12145.111328 170.726562 ) (-11264 12129.284180 128 ) 
3 107 114 (-11264 12202.225586 128 ) (-11264 12137.358398 128 ) (-11291.965820 12185.781250 128 ) 
4 107 108 (-11264 12152.890625 170.008789 ) (-11285.246094 12189.678711 170.008789 ) (-11291.969727 12185.784180 128 ) (-11264 12137.354492 128 ) 
4 108 115 (-11264 12137.358398 128 ) (-11264 12129.281250 128 ) (-11295.448242 12183.733398 128 ) (-11291.965820 12185.781250 128 ) 
4 109 110 (-12088 11264 136 ) (-12088 11456 136 ) (-11896 11456 136 ) (-11896 11264 136 ) 
4 110 111 (-12088 11264 132 ) (-12088 11456 132 ) (-11896 11456 132 ) (-11896 11264 132 ) 
4 111 124 (-11896 11392 128 ) (-11896 11264 128 ) (-12088 11264 128 ) (-12088 11392 128 ) 
4 111 122 (-11896 11456 128 ) (-11896 11392 128 ) (-12088 11392 128 ) (-12088 11456 128 ) 
3 112 135 (-11308.902344 12176 0 ) (-11365.126953 12142.938477 0 ) (-11384.221680 12176 0 ) 
4 112 134 (-11365.126953 12142.938477 0 ) (-11512 12056.571289 0 ) (-11512 12176 0 ) (-11384.221680 12176 0 ) 
5 112 133 (-11512 12288 0 ) (-11264 12288 0 ) (-11264 12202.404297 0 ) (-11308.902344 12176 0 ) (-11512 12176 0 ) 
4 112 116 (-11512 12288 0 ) (-11512 12176 0 ) (-11512 12176 128 ) (-11512 12288 128 ) 
4 112 115 (-11315.966797 12171.849609 0 ) (-11312.454102 12173.915039 0 ) (-11291.967773 12185.784180 128 ) (-11295.450195 12183.736328 128 ) 
4 112 114 (-11312.454102 12173.915039 0 ) (-11264 12202.408203 0 ) (-11264 12202.230469 128 ) (-11291.967773 12185.784180 128 ) 
4 112 113 (-11512 12056.396484 128 ) (-11512 12056.575195 0 ) (-11315.966797 12171.849609 0 ) (-11295.450195 12183.736328 128 ) 
5 113 136 (-11264 12081.869141 0 ) (-11264 12032 0 ) (-11301.055664 12032 0 ) (-11365.126953 12142.938477 0 ) (-11315.965820 12171.846680 0 ) 
4 113 134 (-11301.055664 12032 0 ) (-11512 12032 0 ) (-11512 12056.571289 0 ) (-11365.126953 12142.938477 0 ) 
4 113 115 (-11264 12081.874023 0 ) (-11315.962891 12171.848633 0 ) (-11295.445312 12183.734375 128 ) (-11264 12129.286133 128 ) 
4 114 137 (-11264 12176 0 ) (-11264 12090.018555 0 ) (-11312.452148 12173.913086 0 ) (-11308.903320 12176 0 ) 
3 114 133 (-11264 12202.404297 0 ) (-11264 12176 0 ) (-11308.903320 12176 0 ) 
4 114 115 (-11291.968750 12185.783203 128 ) (-11312.455078 12173.916016 0 ) (-11264 12090.015625 0 ) (-11264 12137.355469 128 ) 
4 115 138 (-11264 12090.018555 0 ) (-11264 12081.869141 0 ) (-11315.965820 12171.846680 0 ) (-11312.452148 12173.913086 0 ) 
4 116 133 (-11704 12288 0 ) (-11512 12288 0 ) (-11512 12176 0 ) (-11704 12176 0 ) 
4 117 144 (-11544 11520 0 ) (-11736 11520 0 ) (-11736 11536 0 ) (-11544 11536 0 ) 
4 117 122 (-11736 11520 0 ) (-11578 11520 0 ) (-11578 11520 128 ) (-11736 11520 128 ) 
4 117 120 (-11578 11520 0 ) (-11544 11520 0 ) (-11544 11520 128 ) (-11578 11520 128 ) 
4 118 145 (-11840 11896 0 ) (-11840 11520 0 ) (-12152 11520 0 ) (-12152 11896 0 ) 
4 118 122 (-12152 11520 0 ) (-11840 11520 0 ) (-11840 11520 128 ) (-12152 11520 128 ) 
4 119 146 (-11530 11520 0 ) (-11264 11520 0 ) (-11264 11392 0 ) (-11530 11392 0 ) 
4 119 132 (-11464 11392 0 ) (-11448 11392 0 ) (-11448 11392 128 ) (-11464 11392 128 ) 
4 119 123 (-11448 11392 0 ) (-11264 11392 0 ) (-11264 11392 128 ) (-11448 11392 128 ) 
4 120 147 (-11578 11520 0 ) (-11544 11520 0 ) (-11544 11518 0 ) (-11578 11518 0 ) 
4 120 122 (-11578 11520 128 ) (-11578 11520 0 ) (-11578 11518 0 ) (-11578 11518 128 ) 
4 120 121 (-11578 11518 120 ) (-11578 11518 0 ) (-11542 11518 0 ) (-11542 11518 120 ) 
4 121 147 (-11544 11392 0 ) (-11578 11392 0 ) (-11578 11518 0 ) (-11544 11518 0 ) 
4 121 122 (-11578 11518 0 ) (-11578 11392 0 ) (-11578 11392 120 ) (-11578 11518 120 ) 
4 122 147 (-12152 11520 0 ) (-11578 11520 0 ) (-11578 11392 0 ) (-12152 11392 0 ) 
4 122 130 (-11730 11392 0 ) (-11712.007812 11392 0 ) (-11712.007812 11392 128 ) (-11730 11392 128 ) 
4 122 128 (-11759.250000 11392 0 ) (-11730 11392 0 ) (-11730 11392 128 ) (-11759.250000 11392 128 ) 
4 122 126 (-11768.222656 11392 0 ) (-11759.250000 11392 0 ) (-11759.250000 11392 128 ) (-11768.222656 11392 128 ) 
4 122 124 (-12152 11392 0 ) (-11768.222656 11392 0 ) (-11768.222656 11392 128 ) (-12152 11392 128 ) 
4 123 162 (-11264 11264 0 ) (-11448 11264 0 ) (-11448 11392 0 ) (-11264 11392 0 ) 
4 123 132 (-11448 11392 128 ) (-11448 11392 0 ) (-11448 11376 0 ) (-11448 11376 128 ) 
4 124 200 (-11882 11264 128 ) (-12152 11264 128 ) (-12152 11264 0 ) (-11882 11264 0 ) 
3 124 168 (-11882 11264 0 ) (-11903.248047 11264 0 ) (-11802 11353.998047 0 ) 
5 124 163 (-11903.248047 11264 0 ) (-12152 11264 0 ) (-12152 11392 0 ) (-11768.222656 11392 0 ) (-11802 11353.998047 0 ) 
4 124 127 (-11824.401367 11328.793945 0 ) (-11818.002930 11335.992188 0 ) (-11818.002930 11335.992188 128 ) (-11824.401367 11328.793945 128 ) 
4 124 126 (-11801.984375 11354.012695 0 ) (-11768.218750 11392 0 ) (-11768.218750 11392 128 ) (-11801.984375 11354.012695 128 ) 
4 124 125 (-11881.996094 11264 0 ) (-11824.401367 11328.793945 0 ) (-11824.401367 11328.793945 128 ) (-11881.996094 11264 128 ) 
4 125 200 (-11846 11264 128 ) (-11882 11264 128 ) (-11882 11264 0 ) (-11846 11264 0 ) 
3 125 169 (-11846 11264 0 ) (-11882 11264 0 ) (-11824.400391 11328.799805 0 ) 
4 125 131 (-11846.001953 11264 0 ) (-11837.998047 11288.011719 0 ) (-11837.998047 11288.011719 128 ) (-11846.001953 11264 128 ) 
4 125 127 (-11830.007812 11311.983398 0 ) (-11824.404297 11328.792969 0 ) (-11824.404297 11328.792969 128 ) (-11830.007812 11311.983398 128 ) 
3 126 163 (-11802 11354 0 ) (-11768.222656 11392 0 ) (-11759.250000 11392 0 ) 
4 126 129 (-11783.987305 11370.004883 0 ) (-11776.788086 11376.404297 0 ) (-11776.788086 11376.404297 128 ) (-11783.987305 11370.004883 128 ) 
4 126 128 (-11776.788086 11376.404297 0 ) (-11759.242188 11392 0 ) (-11759.242188 11392 128 ) (-11776.788086 11376.404297 128 ) 
3 127 170 (-11830.002930 11311.990234 0 ) (-11824.400391 11328.799805 0 ) (-11817.997070 11336.002930 0 ) 
3 128 164 (-11776.800781 11376.399414 0 ) (-11759.250000 11392 0 ) (-11730 11392 0 ) 
4 128 130 (-11736.017578 11390 0 ) (-11730.013672 11392 0 ) (-11730.013672 11392 128 ) (-11736.017578 11390 128 ) 
4 128 129 (-11776.794922 11376.406250 128 ) (-11776.794922 11376.406250 0 ) (-11759.971680 11382.013672 0 ) (-11759.971680 11382.013672 128 ) 
3 129 165 (-11784.001953 11369.998047 0 ) (-11776.800781 11376.399414 0 ) (-11760 11382 0 ) 
3 130 166 (-11735.996094 11390 0 ) (-11730 11392 0 ) (-11712.006836 11392 0 ) 
4 131 200 (-11840 11264 128 ) (-11846 11264 128 ) (-11846 11264 0 ) (-11840 11264 0 ) 
3 131 171 (-11840 11264 0 ) (-11846 11264 0 ) (-11838 11288 0 ) 
3 132 167 (-11464 11392 0 ) (-11448 11392 0 ) (-11448 11376 0 ) 
4 133 173 (-11544 12288 -128 ) (-11520 12288 -128 ) (-11520 12176 -128 ) (-11544 12176 -128 ) 
4 133 172 (-11520 12288 -128 ) (-11264 12288 -128 ) (-11264 12176 -128 ) (-11520 12176 -128 ) 
4 133 175 (-11704 12288 -128 ) (-11544 12288 -128 ) (-11544 12176 -128 ) (-11704 12176 -128 ) 
4 133 140 (-11704 12288 -128 ) (-11704 12176 -128 ) (-11704 12176 -64 ) (-11704 12288 -64 ) 
4 133 137 (-11264 12176 -19.242889 ) (-11264 12176 0 ) (-11308.902344 12176 0 ) (-11308.931641 12176 -12.051081 ) 
3 133 135 (-11308.902344 12176 0 ) (-11384.221680 12176 0 ) (-11308.931641 12176 -12.051081 ) 
5 133 134 (-11576 12176 -64 ) (-11264 12176 -64 ) (-11264 12176 -19.242889 ) (-11384.221680 12176 0 ) (-11512 12176 0 ) 
4 133 139 (-11704 12176 -64 ) (-11704 12176 -128 ) (-11264 12176 -128 ) (-11264 12176 -64 ) 
4 134 138 (-11264 12078.094727 -10.192481 ) (-11264 12085.979492 -10.921330 ) (-11314.200195 12172.900391 -10.921344 ) (-11317.599609 12170.900391 -10.192371 ) 
4 134 137 (-11264 12085.979492 -10.921330 ) (-11264 12176 -19.242954 ) (-11308.931641 12176 -12.051121 ) (-11314.200195 12172.900391 -10.921344 ) 
5 134 136 (-11301.057617 12032 0 ) (-11264 12032 -5.931492 ) (-11264 12078.094727 -10.192481 ) (-11317.599609 12170.900391 -10.192371 ) (-11365.127930 12142.937500 0 ) 
3 134 135 (-11308.931641 12176 -12.051121 ) (-11384.222656 12176 0 ) (-11365.127930 12142.937500 0 ) 
4 134 139 (-11264 12032 -64 ) (-11576 12032 -64 ) (-11576 12176 -64 ) (-11264 12176 -64 ) 
4 135 138 (-11317.600586 12170.902344 -10.193745 ) (-11314.201172 12172.902344 -10.922757 ) (-11312.453125 12173.914062 0 ) (-11315.965820 12171.848633 0 ) 
4 135 137 (-11314.201172 12172.902344 -10.922757 ) (-11308.935547 12176 -12.051998 ) (-11308.906250 12176 0 ) (-11312.453125 12173.914062 0 ) 
3 135 136 (-11365.135742 12142.935547 0 ) (-11317.600586 12170.902344 -10.193745 ) (-11315.965820 12171.848633 0 ) 
4 136 138 (-11264 12078.095703 -10.191401 ) (-11317.597656 12170.901367 -10.191406 ) (-11315.963867 12171.847656 0 ) (-11264 12081.871094 0 ) 
4 137 138 (-11312.455078 12173.916016 0 ) (-11314.203125 12172.903320 -10.920898 ) (-11264 12085.977539 -10.920895 ) (-11264 12090.016602 0 ) 
4 139 176 (-11264 12168 -128 ) (-11264 12032 -128 ) (-11704 12032 -128 ) (-11704 12168 -128 ) 
4 139 173 (-11520 12168 -128 ) (-11544 12168 -128 ) (-11544 12176 -128 ) (-11520 12176 -128 ) 
4 139 172 (-11264 12176 -128 ) (-11264 12168 -128 ) (-11520 12168 -128 ) (-11520 12176 -128 ) 
4 139 175 (-11544 12168 -128 ) (-11704 12168 -128 ) (-11704 12176 -128 ) (-11544 12176 -128 ) 
4 139 140 (-11704 12176 -128 ) (-11704 12032 -128 ) (-11704 12032 -64 ) (-11704 12176 -64 ) 
4 140 176 (-11704 12168 -128 ) (-11704 12032 -128 ) (-11832 12032 -128 ) (-11832 12168 -128 ) 
4 140 175 (-11832 12288 -128 ) (-11704 12288 -128 ) (-11704 12168 -128 ) (-11832 12168 -128 ) 
4 141 142 (-11672 11832 0 ) (-11672 11832 -128 ) (-11672 11720 -128 ) (-11672 11720 0 ) 
4 142 143 (-11832 11712 0 ) (-11832 11712 -128 ) (-11672 11712 -128 ) (-11672 11712 0 ) 
4 143 144 (-11736 11536 -128 ) (-11544 11536 -128 ) (-11544 11536 0 ) (-11736 11536 0 ) 
4 144 149 (-11736 11520 -128 ) (-11544 11520 -128 ) (-11544 11520 -16 ) (-11736 11520 -16 ) 
4 144 147 (-11544 11520 -16 ) (-11544 11520 0 ) (-11736 11520 0 ) (-11736 11520 -16 ) 
4 145 154 (-12152 11520 -128 ) (-11840 11520 -128 ) (-11840 11520 -16 ) (-12152 11520 -16 ) 
4 145 147 (-11840 11520 -16 ) (-11840 11520 0 ) (-12152 11520 0 ) (-12152 11520 -16 ) 
4 146 167 (-11448 11392 0 ) (-11464 11392 0 ) (-11464 11392 -16 ) (-11448 11392 -16 ) 
4 146 162 (-11264 11392 -16 ) (-11264 11392 0 ) (-11448 11392 0 ) (-11448 11392 -16 ) 
4 146 160 (-11264 11392 -16 ) (-11530 11392 -16 ) (-11530 11426 -16 ) (-11264 11426 -16 ) 
4 146 155 (-11530 11426 -16 ) (-11530 11482 -16 ) (-11264 11482 -16 ) (-11264 11426 -16 ) 
4 146 148 (-11530 11482 -16 ) (-11530 11520 -16 ) (-11264 11520 -16 ) (-11264 11482 -16 ) 
4 147 178 (-12288 11392 -16 ) (-12288 11392 0 ) (-12288 11520 0 ) (-12288 11520 -16 ) 
4 147 166 (-11712.006836 11392 0 ) (-11730 11392 0 ) (-11730 11392 -16 ) (-11712.006836 11392 -16 ) 
4 147 164 (-11730 11392 0 ) (-11759.250000 11392 0 ) (-11759.250000 11392 -16 ) (-11730 11392 -16 ) 
4 147 163 (-11759.250000 11392 0 ) (-12288 11392 0 ) (-12288 11392 -16 ) (-11759.250000 11392 -16 ) 
4 147 161 (-11544 11392 -16 ) (-12288 11392 -16 ) (-12288 11426 -16 ) (-11544 11426 -16 ) 
4 147 156 (-12288 11426 -16 ) (-12288 11482 -16 ) (-11544 11482 -16 ) (-11544 11426 -16 ) 
4 147 151 (-11764 11518 -16 ) (-11764 11506 -16 ) (-11812 11506 -16 ) (-11812 11518 -16 ) 
4 147 150 (-11812 11520 -16 ) (-11764 11520 -16 ) (-11764 11518 -16 ) (-11812 11518 -16 ) 
4 147 153 (-11764 11506 -16 ) (-11764 11482 -16 ) (-11812 11482 -16 ) (-11812 11506 -16 ) 
4 147 154 (-12288 11482 -16 ) (-12288 11520 -16 ) (-11812 11520 -16 ) (-11812 11482 -16 ) 
4 147 149 (-11764 11520 -16 ) (-11544 11520 -16 ) (-11544 11482 -16 ) (-11764 11482 -16 ) 
4 148 157 (-11530 11482 -128 ) (-11264 11482 -128 ) (-11264 11482 -20 ) (-11530 11482 -20 ) 
4 148 155 (-11264 11482 -20 ) (-11264 11482 -16 ) (-11530 11482 -16 ) (-11530 11482 -20 ) 
4 149 159 (-11764 11482 -128 ) (-11544 11482 -128 ) (-11544 11482 -20 ) (-11764 11482 -20 ) 
4 149 156 (-11544 11482 -20 ) (-11544 11482 -16 ) (-11764 11482 -16 ) (-11764 11482 -20 ) 
4 149 151 (-11764 11506 -16 ) (-11764 11518 -16 ) (-11764 11518 -88 ) (-11764 11506 -88 ) 
4 149 152 (-11764 11518 -90 ) (-11764 11518 -128 ) (-11764 11506 -128 ) (-11764 11506 -90 ) 
4 149 150 (-11764 11518 -16 ) (-11764 11520 -16 ) (-11764 11520 -128 ) (-11764 11518 -128 ) 
4 149 153 (-11764 11482 -128 ) (-11764 11482 -16 ) (-11764 11506 -16 ) (-11764 11506 -128 ) 
4 150 151 (-11812 11518 -16 ) (-11812 11518 -88 ) (-11764 11518 -88 ) (-11764 11518 -16 ) 
4 150 152 (-11812 11518 -90 ) (-11812 11518 -128 ) (-11764 11518 -128 ) (-11764 11518 -90 ) 
4 150 154 (-11812 11518 -16 ) (-11812 11520 -16 ) (-11812 11520 -128 ) (-11812 11518 -128 ) 
4 151 153 (-11812 11506 -16 ) (-11812 11506 -88 ) (-11764 11506 -88 ) (-11764 11506 -16 ) 
4 151 154 (-11812 11506 -16 ) (-11812 11518 -16 ) (-11812 11518 -88 ) (-11812 11506 -88 ) 
4 152 154 (-11812 11518 -90 ) (-11812 11518 -128 ) (-11812 11506 -128 ) (-11812 11506 -90 ) 
4 152 153 (-11812 11506 -90 ) (-11812 11506 -128 ) (-11764 11506 -128 ) (-11764 11506 -90 ) 
4 153 159 (-11812 11482 -128 ) (-11764 11482 -128 ) (-11764 11482 -20 ) (-11812 11482 -20 ) 
4 153 156 (-11764 11482 -20 ) (-11764 11482 -16 ) (-11812 11482 -16 ) (-11812 11482 -20 ) 
4 153 154 (-11812 11482 -128 ) (-11812 11482 -16 ) (-11812 11506 -16 ) (-11812 11506 -128 ) 
4 154 178 (-12288 11520 -128 ) (-12288 11482 -128 ) (-12288 11482 -16 ) (-12288 11520 -16 ) 
4 154 177 (-12288 11482 -128 ) (-12288 11520 -128 ) (-12152 11520 -128 ) (-12152 11482 -128 ) 
4 154 159 (-12288 11482 -128 ) (-11812 11482 -128 ) (-11812 11482 -20 ) (-12288 11482 -20 ) 
4 154 156 (-11812 11482 -20 ) (-11812 11482 -16 ) (-12288 11482 -16 ) (-12288 11482 -20 ) 
4 155 160 (-11264 11426 -20 ) (-11264 11426 -16 ) (-11530 11426 -16 ) (-11530 11426 -20 ) 
4 155 157 (-11264 11426 -20 ) (-11534 11426 -20 ) (-11534 11482 -20 ) (-11264 11482 -20 ) 
4 156 178 (-12288 11426 -20 ) (-12288 11426 -16 ) (-12288 11482 -16 ) (-12288 11482 -20 ) 
4 156 161 (-11544 11426 -16 ) (-12288 11426 -16 ) (-12288 11426 -20 ) (-11544 11426 -20 ) 
4 156 159 (-11538 11426 -20 ) (-12288 11426 -20 ) (-12288 11482 -20 ) (-11538 11482 -20 ) 
4 157 160 (-11530 11426 -128 ) (-11264 11426 -128 ) (-11264 11426 -20 ) (-11530 11426 -20 ) 
4 157 158 (-11534 11430 -20 ) (-11534 11478 -20 ) (-11534 11478 -128 ) (-11534 11430 -128 ) 
4 158 159 (-11538 11430 -20 ) (-11538 11478 -20 ) (-11538 11478 -128 ) (-11538 11430 -128 ) 
4 159 178 (-12288 11482 -128 ) (-12288 11426 -128 ) (-12288 11426 -20 ) (-12288 11482 -20 ) 
4 159 177 (-12288 11426 -128 ) (-12288 11482 -128 ) (-12152 11482 -128 ) (-12152 11426 -128 ) 
4 159 161 (-12288 11426 -128 ) (-11544 11426 -128 ) (-11544 11426 -20 ) (-12288 11426 -20 ) 
4 160 167 (-11464 11392 -128 ) (-11448 11392 -128 ) (-11448 11392 -16 ) (-11464 11392 -16 ) 
4 160 162 (-11448 11392 -128 ) (-11264 11392 -128 ) (-11264 11392 -16 ) (-11448 11392 -16 ) 
4 161 178 (-12288 11426 -128 ) (-12288 11392 -128 ) (-12288 11392 -16 ) (-12288 11426 -16 ) 
4 161 177 (-12288 11392 -128 ) (-12288 11426 -128 ) (-12152 11426 -128 ) (-12152 11392 -128 ) 
4 161 166 (-11730 11392 -128 ) (-11712.006836 11392 -128 ) (-11712.006836 11392 -16 ) (-11730 11392 -16 ) 
4 161 164 (-11759.250000 11392 -128 ) (-11730 11392 -128 ) (-11730 11392 -16 ) (-11759.250000 11392 -16 ) 
4 161 163 (-12288 11392 -128 ) (-11759.250000 11392 -128 ) (-11759.250000 11392 -16 ) (-12288 11392 -16 ) 
4 162 167 (-11448 11392 0 ) (-11448 11392 -128 ) (-11448 11376 -128 ) (-11448 11376 0 ) 
4 163 215 (-11903.250000 11264 0 ) (-12152 11264 0 ) (-12152 11264 -128 ) (-11903.250000 11264 -128 ) 
4 163 178 (-12288 11392 -128 ) (-12288 11264 -128 ) (-12288 11264 0 ) (-12288 11392 0 ) 
4 163 177 (-12288 11264 -128 ) (-12288 11392 -128 ) (-12152 11392 -128 ) (-12152 11264 -128 ) 
4 163 168 (-11903.244141 11264 -128 ) (-11802.023438 11353.973633 -128 ) (-11802.023438 11353.973633 0 ) (-11903.244141 11264 0 ) 
4 163 165 (-11783.987305 11370.005859 -128 ) (-11776.791016 11376.402344 -128 ) (-11776.791016 11376.402344 0 ) (-11783.987305 11370.005859 0 ) 
4 163 164 (-11776.791016 11376.402344 -128 ) (-11759.244141 11392 -128 ) (-11759.244141 11392 0 ) (-11776.791016 11376.402344 0 ) 
4 164 166 (-11736.012695 11390 -128 ) (-11730.010742 11392 -128 ) (-11730.010742 11392 0 ) (-11736.012695 11390 0 ) 
4 164 165 (-11776.792969 11376.406250 0 ) (-11776.792969 11376.406250 -128 ) (-11759.971680 11382.013672 -128 ) (-11759.971680 11382.013672 0 ) 
4 168 215 (-11882 11264 0 ) (-11903.250000 11264 0 ) (-11903.250000 11264 -128 ) (-11882 11264 -128 ) 
4 168 170 (-11824.401367 11328.792969 -128 ) (-11818.002930 11335.991211 -128 ) (-11818.005859 11335.988281 0 ) (-11824.402344 11328.791992 0 ) 
4 168 169 (-11881.996094 11264 -128 ) (-11824.401367 11328.792969 -128 ) (-11824.402344 11328.791992 0 ) (-11881.995117 11264 0 ) 
4 169 215 (-11846 11264 0 ) (-11882 11264 0 ) (-11882 11264 -128 ) (-11846 11264 -128 ) 
4 169 171 (-11846.001953 11264 -128 ) (-11837.998047 11288.008789 -128 ) (-11838 11288.007812 0 ) (-11846 11264 0 ) 
4 169 170 (-11830.002930 11311.993164 -128 ) (-11824.403320 11328.792969 -128 ) (-11824.403320 11328.792969 0 ) (-11830.002930 11311.995117 0 ) 
4 171 215 (-11840 11264 0 ) (-11846 11264 0 ) (-11846 11264 -128 ) (-11840 11264 -128 ) 
4 172 176 (-11520 12168 -192 ) (-11264 12168 -192 ) (-11264 12168 -128 ) (-11520 12168 -128 ) 
4 172 173 (-11520 12168 -152 ) (-11520 12168 -128 ) (-11520 12288 -128 ) (-11520 12288 -152 ) 
4 172 174 (-11520 12288 -192 ) (-11520 12168 -192 ) (-11520 12168 -156 ) (-11520 12288 -156 ) 
4 173 176 (-11520 12168 -152 ) (-11520 12168 -128 ) (-11544 12168 -128 ) (-11544 12168 -152 ) 
4 173 175 (-11544 12168 -152 ) (-11544 12168 -128 ) (-11544 12288 -128 ) (-11544 12288 -152 ) 
4 174 176 (-11544 12168 -192 ) (-11520 12168 -192 ) (-11520 12168 -156 ) (-11544 12168 -156 ) 
4 174 175 (-11544 12288 -192 ) (-11544 12168 -192 ) (-11544 12168 -156 ) (-11544 12288 -156 ) 
4 175 176 (-11832 12168 -128 ) (-11832 12168 -192 ) (-11544 12168 -192 ) (-11544 12168 -128 ) 
4 177 178 (-12288 11520 -192 ) (-12288 11264 -192 ) (-12288 11264 -128 ) (-12288 11520 -128 ) 
4 179 180 (-12536 11712 -240 ) (-12536 12288 -240 ) (-12408 12288 -240 ) (-12408 11712 -240 ) 
4 180 181 (-12536 11712 -248 ) (-12536 12288 -248 ) (-12408 12288 -248 ) (-12408 11712 -248 ) 
4 181 182 (-12536 12288 -256 ) (-12408 12288 -256 ) (-12408 11712 -256 ) (-12536 11712 -256 ) 
4 182 185 (-12536 11964 -384 ) (-12536 11908 -384 ) (-12536 11908 -272 ) (-12536 11964 -272 ) 
4 182 186 (-12536 11832 -384 ) (-12536 11712 -384 ) (-12536 11712 -272 ) (-12536 11832 -272 ) 
4 182 184 (-12536 12156 -384 ) (-12536 12100 -384 ) (-12536 12100 -272 ) (-12536 12156 -272 ) 
4 182 183 (-12536 11712 -272 ) (-12536 11712 -256 ) (-12536 11832 -256 ) (-12536 11832 -272 ) 
4 183 190 (-12544 11712 -256 ) (-12544 11832 -256 ) (-12544 11832 -272 ) (-12544 11712 -272 ) 
4 183 186 (-12544 11712 -272 ) (-12544 11832 -272 ) (-12536 11832 -272 ) (-12536 11712 -272 ) 
4 184 188 (-12544 12156 -384 ) (-12544 12100 -384 ) (-12544 12100 -272 ) (-12544 12156 -272 ) 
4 185 189 (-12544 11964 -384 ) (-12544 11908 -384 ) (-12544 11908 -272 ) (-12544 11964 -272 ) 
4 186 190 (-12544 11832 -384 ) (-12544 11712 -384 ) (-12544 11712 -272 ) (-12544 11832 -272 ) 
4 190 192 (-12728 11832 -384 ) (-12728 11712 -384 ) (-12728 11712 -256 ) (-12728 11832 -256 ) 
4 191 196 (-13120 11648 -200 ) (-13304 11648 -200 ) (-13304 11904 -200 ) (-13120 11904 -200 ) 
4 191 195 (-13104 11648 -200 ) (-13120 11648 -200 ) (-13120 11904 -200 ) (-13104 11904 -200 ) 
4 191 193 (-12912 11648 -200 ) (-12928 11648 -200 ) (-12928 11904 -200 ) (-12912 11904 -200 ) 
4 191 192 (-12728 11904 -200 ) (-12728 11648 -200 ) (-12912 11648 -200 ) (-12912 11904 -200 ) 
4 191 194 (-12928 11648 -200 ) (-13104 11648 -200 ) (-13104 11904 -200 ) (-12928 11904 -200 ) 
4 192 193 (-12912 11936 -384 ) (-12912 11616 -384 ) (-12912 11616 -200 ) (-12912 11936 -200 ) 
4 193 194 (-12928 11936 -384 ) (-12928 11616 -384 ) (-12928 11616 -200 ) (-12928 11936 -200 ) 
4 194 195 (-13104 11936 -384 ) (-13104 11616 -384 ) (-13104 11616 -200 ) (-13104 11936 -200 ) 
4 195 196 (-13120 11936 -384 ) (-13120 11616 -384 ) (-13120 11616 -200 ) (-13120 11936 -200 ) 
4 197 198 (-11896 10944 136 ) (-12088 10944 136 ) (-12088 11136 136 ) (-11896 11136 136 ) 
4 198 199 (-11896 10944 132 ) (-12088 10944 132 ) (-12088 11136 132 ) (-11896 11136 132 ) 
4 199 200 (-11896 11136 128 ) (-11896 10944 128 ) (-12088 10944 128 ) (-12088 11136 128 ) 
4 200 215 (-12152 11264 0 ) (-11840 11264 0 ) (-11840 10888 0 ) (-12152 10888 0 ) 
4 200 204 (-12152 10888 0 ) (-11840 10888 0 ) (-11840 10888 32 ) (-12152 10888 32 ) 
4 200 202 (-11840 10888 32 ) (-11840 10888 88 ) (-12152 10888 88 ) (-12152 10888 32 ) 
4 200 201 (-11840 10888 88 ) (-11840 10888 128 ) (-12152 10888 128 ) (-12152 10888 88 ) 
4 201 206 (-11952 10880 128 ) (-12152 10880 128 ) (-12152 10880 88 ) (-11952 10880 88 ) 
4 201 205 (-11840 10880 88 ) (-11840 10880 128 ) (-11952 10880 128 ) (-11952 10880 88 ) 
4 201 202 (-12152 10888 88 ) (-11840 10888 88 ) (-11840 10880 88 ) (-12152 10880 88 ) 
4 202 206 (-11952 10880 88 ) (-12152 10880 88 ) (-12152 10880 32 ) (-11952 10880 32 ) 
4 202 205 (-11840 10880 32 ) (-11840 10880 88 ) (-11952 10880 88 ) (-11952 10880 32 ) 
4 202 204 (-12152 10888 32 ) (-11840 10888 32 ) (-11840 10880 32 ) (-12152 10880 32 ) 
4 203 216 (-12288 10888 88 ) (-12288 10888 32 ) (-12288 10880 32 ) (-12288 10880 88 ) 
4 203 208 (-12280 10880 88 ) (-12288 10880 88 ) (-12288 10880 32 ) (-12280 10880 32 ) 
4 204 215 (-12152 10888 0 ) (-11840 10888 0 ) (-11840 10880 0 ) (-12152 10880 0 ) 
4 204 206 (-11952 10880 8.263350 ) (-11952 10880 32 ) (-12152 10880 32 ) (-12152 10880 8.263350 ) 
4 204 205 (-11952 10880 0 ) (-11840 10880 0 ) (-11840 10880 32 ) (-11952 10880 32 ) 
4 205 210 (-11952 10688 0 ) (-11907.651367 10688 0 ) (-11907.651367 10688 112 ) (-11952 10688 112 ) 
4 205 209 (-11907.651367 10688 112 ) (-11907.651367 10688 128 ) (-11952 10688 128 ) (-11952 10688 112 ) 
4 205 206 (-11952 10880 128 ) (-11952 10880 8.263350 ) (-11952 10872 8.263350 ) (-11952 10872 128 ) 
4 205 207 (-11952 10872 0 ) (-11952 10688 0 ) (-11952 10688 128 ) (-11952 10872 128 ) 
4 206 207 (-12152 10872 128 ) (-12152 10872 8.263350 ) (-11952 10872 8.263350 ) (-11952 10872 128 ) 
4 207 210 (-12152 10688 0 ) (-11952 10688 0 ) (-11952 10688 112 ) (-12152 10688 112 ) 
4 207 209 (-11952 10688 112 ) (-11952 10688 128 ) (-12152 10688 128 ) (-12152 10688 112 ) 
4 208 218 (-12288 10688 128 ) (-12288 10880 128 ) (-12288 10880 0 ) (-12288 10688 0 ) 
4 208 211 (-12288 10688 0 ) (-12268 10688 0 ) (-12268 10688 112 ) (-12288 10688 112 ) 
4 209 212 (-11914.608398 10680 128 ) (-12159.398438 10680 128 ) (-12159.398438 10680 112 ) (-11914.608398 10680 112 ) 
4 209 210 (-11914.608398 10680 112 ) (-12159.398438 10680 112 ) (-12151.998047 10688 112 ) (-11907.652344 10688 112 ) 
4 210 213 (-12160 10680 0 ) (-11914.607422 10680 0 ) (-11914.607422 10680 112 ) (-12160 10680 112 ) 
4 211 221 (-12288 10688 112 ) (-12288 10688 0 ) (-12288 10680 0 ) (-12288 10680 112 ) 
4 211 214 (-12288 10680 0 ) (-12268 10680 0 ) (-12268 10680 112 ) (-12288 10680 112 ) 
4 212 220 (-12288 10568 128 ) (-12288 10680 128 ) (-12288 10680 112 ) (-12288 10568 112 ) 
8 212 213 (-12268 10680 112 ) (-11914.605469 10680 112 ) (-11931.996094 10660 112 ) (-11977.991211 10620.004883 112 ) (-12032.001953 10592 112 ) (-12092.003906 10574 112 ) (-12151.992188 10568 112 ) (-12268 10568 112 ) 
4 212 214 (-12288 10680 112 ) (-12268 10680 112 ) (-12268 10568 112 ) (-12288 10568 112 ) 
4 213 214 (-12268 10568 112 ) (-12268 10680 112 ) (-12268 10680 0 ) (-12268 10568 0 ) 
4 214 225 (-12288 10568 0 ) (-12288 10560 0 ) (-12288 10560 112 ) (-12288 10568 112 ) 
4 214 224 (-12288 10680 112 ) (-12288 10680 0 ) (-12288 10568 0 ) (-12288 10568 112 ) 
4 216 218 (-12312 10880 32 ) (-12288 10880 32 ) (-12288 10880 88 ) (-12312 10880 88 ) 
4 217 219 (-12712 10880 32 ) (-12680 10880 32 ) (-12680 10880 88 ) (-12712 10880 88 ) 
4 218 221 (-12324 10688 0 ) (-12288 10688 0 ) (-12288 10688 112 ) (-12324 10688 112 ) 
4 219 223 (-12724 10688 0 ) (-12668 10688 0 ) (-12668 10688 112 ) (-12724 10688 112 ) 
4 220 224 (-12792 10568 112 ) (-12792 10680 112 ) (-12288 10680 112 ) (-12288 10568 112 ) 
4 221 224 (-12288 10680 112 ) (-12324 10680 112 ) (-12324 10680 0 ) (-12288 10680 0 ) 
4 222 224 (-12468 10680 112 ) (-12524 10680 112 ) (-12524 10680 0 ) (-12468 10680 0 ) 
4 223 224 (-12668 10680 112 ) (-12724 10680 112 ) (-12724 10680 0 ) (-12668 10680 0 ) 
4 224 228 (-12792 10608 88 ) (-12792 10640 88 ) (-12792 10640 32 ) (-12792 10608 32 ) 
4 224 226 (-12468 10568 112 ) (-12524 10568 112 ) (-12524 10568 0 ) (-12468 10568 0 ) 
4 224 227 (-12668 10568 112 ) (-12724 10568 112 ) (-12724 10568 0 ) (-12668 10568 0 ) 
4 224 225 (-12288 10568 112 ) (-12324 10568 112 ) (-12324 10568 0 ) (-12288 10568 0 ) 
4 229 230 (-13254 -1758 288 ) (-12742 -1758 288 ) (-12742 -1758 480 ) (-13254 -1758 480 ) 
4 230 231 (-12742 -2048 288 ) (-12742 -2048 480 ) (-13254 -2048 480 ) (-13254 -2048 288 ) 
