PRT1
69
181
4 0 5 (800 128 64 ) (640 128 64 ) (640 256 64 ) (800 256 64 ) 
4 0 2 (640 176 128 ) (640 176 192 ) (640 240 192 ) (640 240 128 ) 
4 0 1 (640 256 192 ) (640 256 64 ) (640 240 64 ) (640 240 192 ) 
4 0 3 (640 176 64 ) (640 128 64 ) (640 128 192 ) (640 176 192 ) 
4 1 5 (576 240 64 ) (576 256 64 ) (640 256 64 ) (640 240 64 ) 
4 1 2 (576 240 192 ) (576 240 128 ) (640 240 128 ) (640 240 192 ) 
4 1 4 (576 256 192 ) (576 256 64 ) (576 240 64 ) (576 240 192 ) 
4 2 4 (576 176 128 ) (576 176 192 ) (576 240 192 ) (576 240 128 ) 
4 2 3 (576 176 192 ) (576 176 128 ) (640 176 128 ) (640 176 192 ) 
4 3 5 (640 128 64 ) (576 128 64 ) (576 176 64 ) (640 176 64 ) 
4 3 4 (576 176 64 ) (576 128 64 ) (576 128 192 ) (576 176 192 ) 
4 4 6 (400 256 176 ) (400 256 64 ) (400 128 64 ) (400 128 176 ) 
4 4 5 (576 128 64 ) (400 128 64 ) (400 256 64 ) (576 256 64 ) 
4 6 22 (384 256 128 ) (384 256 64 ) (384 128 64 ) (384 128 128 ) 
4 6 18 (384 256 176 ) (384 256 128 ) (384 128 128 ) (384 128 176 ) 
4 7 33 (0 1024 512 ) (0 1024 384 ) (0 656 384 ) (0 656 512 ) 
4 7 8 (64 1024 384 ) (384 1024 384 ) (384 656 384 ) (64 656 384 ) 
4 7 9 (0 656 384 ) (0 1024 384 ) (64 1024 384 ) (64 656 384 ) 
4 8 15 (64 1024 256 ) (256 1024 256 ) (256 896 256 ) (64 896 256 ) 
4 8 16 (256 896 256 ) (256 768 256 ) (64 768 256 ) (64 896 256 ) 
4 8 9 (64 1024 256 ) (64 656 256 ) (64 656 384 ) (64 1024 384 ) 
4 9 34 (0 1024 384 ) (0 1024 256 ) (0 640 256 ) (0 640 384 ) 
4 9 15 (0 896 256 ) (0 1024 256 ) (64 1024 256 ) (64 896 256 ) 
4 9 16 (0 768 256 ) (0 896 256 ) (64 896 256 ) (64 768 256 ) 
4 9 11 (0 640 256 ) (64 640 256 ) (64 640 384 ) (0 640 384 ) 
4 10 32 (0 128 576 ) (0 384 576 ) (0 384 512 ) (0 128 512 ) 
4 10 14 (256 384 512 ) (256 128 512 ) (0 128 512 ) (0 384 512 ) 
4 11 36 (0 513 512 ) (0 640 512 ) (0 640 256 ) (0 513 256 ) 
4 11 13 (0 513 256 ) (384 513 256 ) (384 513 288 ) (0 513 288 ) 
4 11 12 (384 513 288 ) (384 513 512 ) (0 513 512 ) (0 513 288 ) 
4 12 37 (0 512 512 ) (0 513 512 ) (0 513 288 ) (0 512 288 ) 
4 12 14 (384 512 288 ) (384 512 512 ) (0 512 512 ) (0 512 288 ) 
4 12 13 (384 512 288 ) (0 512 288 ) (0 513 288 ) (384 513 288 ) 
4 13 38 (0 513 288 ) (0 513 256 ) (0 512 256 ) (0 512 288 ) 
4 13 14 (0 512 256 ) (384 512 256 ) (384 512 288 ) (0 512 288 ) 
4 14 40 (0 0 256 ) (0 0 512 ) (0 512 512 ) (0 512 256 ) 
4 14 27 (256 0 512 ) (0 0 512 ) (0 0 256 ) (256 0 256 ) 
4 14 26 (384 0 256 ) (384 0 512 ) (256 0 512 ) (256 0 256 ) 
4 14 18 (0 0 256 ) (0 512 256 ) (384 512 256 ) (384 0 256 ) 
4 15 44 (0 896 256 ) (0 1024 256 ) (0 1024 128 ) (0 896 128 ) 
3 15 16 (0 896 128 ) (256 896 256 ) (0 896 256 ) 
4 16 44 (0 768 256 ) (0 896 256 ) (0 896 128 ) (0 768 128 ) 
4 16 19 (256 896 128 ) (256 768 128 ) (64 768 128 ) (64 896 128 ) 
4 16 21 (64 768 128 ) (0 768 128 ) (0 896 128 ) (64 896 128 ) 
4 17 48 (0 640 240 ) (0 640 128 ) (0 528 128 ) (0 528 240 ) 
4 17 19 (384 640 128 ) (384 528 128 ) (64 528 128 ) (64 640 128 ) 
4 17 21 (64 528 128 ) (0 528 128 ) (0 640 128 ) (64 640 128 ) 
4 18 52 (0 0 128 ) (0 0 136 ) (0 512 136 ) (0 512 128 ) 
4 18 50 (0 0 136 ) (0 0 184 ) (0 512 184 ) (0 512 136 ) 
4 18 49 (0 0 184 ) (0 0 256 ) (0 512 256 ) (0 512 184 ) 
4 18 27 (256 0 256 ) (0 0 256 ) (0 0 128 ) (256 0 128 ) 
4 18 26 (384 0 128 ) (384 0 256 ) (256 0 256 ) (256 0 128 ) 
4 18 22 (384 384 128 ) (384 0 128 ) (0 0 128 ) (0 384 128 ) 
4 18 20 (384 512 128 ) (384 384 128 ) (64 384 128 ) (64 512 128 ) 
4 18 21 (64 384 128 ) (0 384 128 ) (0 512 128 ) (64 512 128 ) 
4 19 21 (64 896 128 ) (64 896 0 ) (64 528 0 ) (64 528 128 ) 
4 20 24 (160 384 0 ) (224 384 0 ) (224 384 64 ) (160 384 64 ) 
4 20 23 (224 384 0 ) (256 384 0 ) (256 384 64 ) (224 384 64 ) 
4 20 25 (64 384 0 ) (160 384 0 ) (160 384 64 ) (64 384 64 ) 
4 20 22 (384 384 64 ) (384 384 128 ) (64 384 128 ) (64 384 64 ) 
4 20 21 (64 512 0 ) (64 384 0 ) (64 384 128 ) (64 512 128 ) 
4 21 52 (0 384 128 ) (0 512 128 ) (0 512 0 ) (0 384 0 ) 
4 21 51 (0 512 128 ) (0 528 128 ) (0 528 0 ) (0 512 0 ) 
4 21 48 (0 528 128 ) (0 640 128 ) (0 640 0 ) (0 528 0 ) 
4 21 46 (0 640 128 ) (0 896 128 ) (0 896 0 ) (0 640 0 ) 
4 21 25 (0 384 0 ) (64 384 0 ) (64 384 64 ) (0 384 64 ) 
4 21 22 (64 384 64 ) (64 384 128 ) (0 384 128 ) (0 384 64 ) 
4 22 52 (0 0 64 ) (0 0 128 ) (0 384 128 ) (0 384 64 ) 
4 22 27 (256 0 128 ) (0 0 128 ) (0 0 64 ) (256 0 64 ) 
4 22 26 (384 0 64 ) (384 0 128 ) (256 0 128 ) (256 0 64 ) 
4 22 24 (160 384 64 ) (224 384 64 ) (224 16 64 ) (160 16 64 ) 
4 22 23 (224 384 64 ) (256 384 64 ) (256 0 64 ) (224 0 64 ) 
4 22 25 (0 0 64 ) (0 384 64 ) (160 384 64 ) (160 0 64 ) 
4 23 29 (256 0 64 ) (224 0 64 ) (224 0 0 ) (256 0 0 ) 
4 23 24 (224 16 64 ) (224 384 64 ) (224 384 0 ) (224 16 0 ) 
4 24 25 (160 16 64 ) (160 384 64 ) (160 384 0 ) (160 16 0 ) 
4 25 52 (0 0 0 ) (0 0 64 ) (0 384 64 ) (0 384 0 ) 
4 25 31 (160 0 64 ) (0 0 64 ) (0 0 0 ) (160 0 0 ) 
4 26 28 (256 -256 64 ) (256 -512 64 ) (256 -512 512 ) (256 -256 512 ) 
4 26 27 (256 0 64 ) (256 -256 64 ) (256 -256 512 ) (256 0 512 ) 
4 27 58 (0 0 256 ) (0 0 64 ) (0 -256 64 ) (0 -256 256 ) 
4 27 54 (0 0 512 ) (0 0 256 ) (0 -256 256 ) (0 -256 512 ) 
4 27 53 (0 0 576 ) (0 0 512 ) (0 -256 512 ) (0 -256 576 ) 
4 27 30 (224 -48 64 ) (224 -256 64 ) (160 -256 64 ) (160 -48 64 ) 
4 27 29 (224 0 64 ) (256 0 64 ) (256 -256 64 ) (224 -256 64 ) 
4 27 31 (0 -256 64 ) (0 0 64 ) (160 0 64 ) (160 -256 64 ) 
4 27 28 (0 -256 64 ) (256 -256 64 ) (256 -256 512 ) (0 -256 512 ) 
4 28 66 (0 -384 64 ) (0 -512 64 ) (0 -512 256 ) (0 -384 256 ) 
4 28 63 (0 -384 128 ) (0 -384 256 ) (0 -256 256 ) (0 -256 128 ) 
4 28 54 (0 -512 256 ) (0 -512 512 ) (0 -256 512 ) (0 -256 256 ) 
4 28 30 (160 -256 64 ) (224 -256 64 ) (224 -384 64 ) (160 -384 64 ) 
4 28 29 (224 -256 64 ) (256 -256 64 ) (256 -384 64 ) (224 -384 64 ) 
4 28 31 (0 -384 64 ) (0 -256 64 ) (160 -256 64 ) (160 -384 64 ) 
4 29 30 (224 -48 0 ) (224 -384 0 ) (224 -384 64 ) (224 -48 64 ) 
4 30 31 (160 -48 0 ) (160 -384 0 ) (160 -384 64 ) (160 -48 64 ) 
4 31 58 (0 -256 64 ) (0 0 64 ) (0 0 0 ) (0 -256 0 ) 
4 32 40 (0 384 512 ) (0 128 512 ) (-384 128 512 ) (-384 384 512 ) 
4 33 35 (-384 1024 384 ) (-64 1024 384 ) (-64 656 384 ) (-384 656 384 ) 
4 33 34 (-64 1024 384 ) (0 1024 384 ) (0 656 384 ) (-64 656 384 ) 
4 34 44 (-64 1024 256 ) (0 1024 256 ) (0 768 256 ) (-64 768 256 ) 
4 34 36 (-64 640 256 ) (0 640 256 ) (0 640 384 ) (-64 640 384 ) 
4 34 35 (-64 1024 256 ) (-64 656 256 ) (-64 656 384 ) (-64 1024 384 ) 
4 35 44 (-128 1024 256 ) (-64 1024 256 ) (-64 768 256 ) (-128 768 256 ) 
4 35 45 (-384 1024 256 ) (-128 1024 256 ) (-128 656 256 ) (-384 656 256 ) 
4 36 38 (-385 513 288 ) (-385 513 256 ) (0 513 256 ) (0 513 288 ) 
4 36 37 (-385 513 512 ) (-385 513 288 ) (0 513 288 ) (0 513 512 ) 
4 36 39 (-385 640 512 ) (-385 640 256 ) (-385 513 256 ) (-385 513 512 ) 
4 37 41 (-384 512 512 ) (-385 512 512 ) (-385 512 288 ) (-384 512 288 ) 
4 37 40 (0 512 288 ) (0 512 512 ) (-384 512 512 ) (-384 512 288 ) 
4 37 39 (-385 512 288 ) (-385 512 512 ) (-385 513 512 ) (-385 513 288 ) 
4 37 38 (0 512 288 ) (-385 512 288 ) (-385 513 288 ) (0 513 288 ) 
4 38 42 (-385 512 256 ) (-384 512 256 ) (-384 512 288 ) (-385 512 288 ) 
4 38 40 (-384 512 256 ) (0 512 256 ) (0 512 288 ) (-384 512 288 ) 
4 38 39 (-385 513 256 ) (-385 512 256 ) (-385 512 288 ) (-385 513 288 ) 
4 39 43 (-512 512 512 ) (-512 512 256 ) (-385 512 256 ) (-385 512 512 ) 
4 40 54 (0 0 256 ) (0 0 512 ) (-384 0 512 ) (-384 0 256 ) 
4 40 49 (0 0 256 ) (-384 0 256 ) (-384 512 256 ) (0 512 256 ) 
4 40 42 (-384 512 288 ) (-384 512 256 ) (-384 0 256 ) (-384 0 288 ) 
4 40 41 (-384 512 512 ) (-384 512 288 ) (-384 0 288 ) (-384 0 512 ) 
4 41 55 (-384 0 512 ) (-385 0 512 ) (-385 0 288 ) (-384 0 288 ) 
4 41 43 (-385 512 512 ) (-385 512 288 ) (-385 0 288 ) (-385 0 512 ) 
4 41 42 (-385 0 288 ) (-385 512 288 ) (-384 512 288 ) (-384 0 288 ) 
4 42 56 (-385 0 288 ) (-385 0 256 ) (-384 0 256 ) (-384 0 288 ) 
4 42 43 (-385 512 288 ) (-385 512 256 ) (-385 0 256 ) (-385 0 288 ) 
4 43 57 (-385 0 512 ) (-512 0 512 ) (-512 0 256 ) (-385 0 256 ) 
4 44 46 (-128 768 128 ) (-128 896 128 ) (0 896 128 ) (0 768 128 ) 
4 44 45 (-128 1024 128 ) (-128 768 128 ) (-128 768 256 ) (-128 1024 256 ) 
4 45 48 (-384 640 240 ) (-384 640 128 ) (-128 640 128 ) (-128 640 240 ) 
4 45 47 (-256 640 128 ) (-384 640 128 ) (-384 896 128 ) (-256 896 128 ) 
4 45 46 (-128 640 128 ) (-256 640 128 ) (-256 896 128 ) (-128 896 128 ) 
4 46 48 (-256 640 0 ) (0 640 0 ) (0 640 128 ) (-256 640 128 ) 
3 46 47 (-256 896 128 ) (-256 640 0 ) (-256 640 128 ) 
4 47 48 (-384 640 0 ) (-256 640 0 ) (-256 640 128 ) (-384 640 128 ) 
4 48 51 (-64 528 0 ) (0 528 0 ) (0 528 128 ) (-64 528 128 ) 
4 49 59 (-80 0 256 ) (-144 0 256 ) (-144 0 184 ) (-80 0 184 ) 
4 49 58 (0 0 184 ) (0 0 256 ) (-80 0 256 ) (-80 0 184 ) 
4 49 62 (-144 0 256 ) (-384 0 256 ) (-384 0 184 ) (-144 0 184 ) 
4 49 50 (-384 512 184 ) (0 512 184 ) (0 0 184 ) (-384 0 184 ) 
4 50 59 (-80 0 184 ) (-144 0 184 ) (-144 0 136 ) (-80 0 136 ) 
4 50 58 (0 0 136 ) (0 0 184 ) (-80 0 184 ) (-80 0 136 ) 
4 50 62 (-144 0 184 ) (-384 0 184 ) (-384 0 136 ) (-144 0 136 ) 
4 50 52 (0 0 136 ) (-384 0 136 ) (-384 512 136 ) (0 512 136 ) 
4 51 52 (-64 512 0 ) (0 512 0 ) (0 512 128 ) (-64 512 128 ) 
4 52 59 (-80 0 136 ) (-144 0 136 ) (-144 0 0 ) (-80 0 0 ) 
4 52 58 (0 0 0 ) (0 0 136 ) (-80 0 136 ) (-80 0 0 ) 
4 52 62 (-144 0 136 ) (-384 0 136 ) (-384 0 0 ) (-144 0 0 ) 
4 53 54 (-384 0 512 ) (0 0 512 ) (0 -256 512 ) (-384 -256 512 ) 
4 54 66 (0 -384 256 ) (0 -512 256 ) (-384 -512 256 ) (-384 -384 256 ) 
4 54 65 (-256 -384 256 ) (-384 -384 256 ) (-384 -256 256 ) (-256 -256 256 ) 
4 54 64 (-64 -384 256 ) (-256 -384 256 ) (-256 -256 256 ) (-64 -256 256 ) 
4 54 63 (0 -256 256 ) (0 -384 256 ) (-64 -384 256 ) (-64 -256 256 ) 
4 54 60 (-80 -32 256 ) (-80 -96 256 ) (-144 -96 256 ) (-144 -32 256 ) 
4 54 59 (-144 0 256 ) (-80 0 256 ) (-80 -32 256 ) (-144 -32 256 ) 
4 54 61 (-80 -96 256 ) (-80 -256 256 ) (-144 -256 256 ) (-144 -96 256 ) 
4 54 58 (-80 0 256 ) (0 0 256 ) (0 -256 256 ) (-80 -256 256 ) 
4 54 62 (-384 0 256 ) (-144 0 256 ) (-144 -256 256 ) (-384 -256 256 ) 
4 54 56 (-384 0 256 ) (-384 -512 256 ) (-384 -512 288 ) (-384 0 288 ) 
4 54 55 (-384 -512 288 ) (-384 -512 512 ) (-384 0 512 ) (-384 0 288 ) 
4 55 57 (-385 -512 288 ) (-385 -512 512 ) (-385 0 512 ) (-385 0 288 ) 
4 55 56 (-385 -512 288 ) (-385 0 288 ) (-384 0 288 ) (-384 -512 288 ) 
4 56 57 (-385 0 256 ) (-385 -512 256 ) (-385 -512 288 ) (-385 0 288 ) 
4 58 64 (-80 -256 0 ) (-64 -256 0 ) (-64 -256 256 ) (-80 -256 256 ) 
4 58 63 (0 -256 128 ) (0 -256 256 ) (-64 -256 256 ) (-64 -256 128 ) 
4 58 60 (-80 -96 64 ) (-80 -96 256 ) (-80 -32 256 ) (-80 -32 64 ) 
4 58 59 (-80 0 0 ) (-80 -32 0 ) (-80 -32 256 ) (-80 0 256 ) 
4 58 61 (-80 -96 0 ) (-80 -256 0 ) (-80 -256 256 ) (-80 -96 256 ) 
4 59 60 (-144 -32 256 ) (-144 -32 64 ) (-80 -32 64 ) (-80 -32 256 ) 
4 59 62 (-144 0 0 ) (-144 -32 0 ) (-144 -32 256 ) (-144 0 256 ) 
4 60 62 (-144 -96 64 ) (-144 -96 256 ) (-144 -32 256 ) (-144 -32 64 ) 
4 60 61 (-144 -96 256 ) (-144 -96 64 ) (-80 -96 64 ) (-80 -96 256 ) 
4 61 64 (-144 -256 0 ) (-80 -256 0 ) (-80 -256 256 ) (-144 -256 256 ) 
4 61 62 (-144 -96 0 ) (-144 -256 0 ) (-144 -256 256 ) (-144 -96 256 ) 
4 62 65 (-384 -256 256 ) (-384 -256 192 ) (-256 -256 192 ) (-256 -256 256 ) 
4 62 64 (-256 -256 0 ) (-144 -256 0 ) (-144 -256 256 ) (-256 -256 256 ) 
4 63 66 (0 -384 128 ) (0 -384 256 ) (-64 -384 256 ) (-64 -384 128 ) 
4 63 64 (-64 -256 256 ) (-64 -256 128 ) (-64 -384 128 ) (-64 -384 256 ) 
4 64 66 (-64 -384 64 ) (-64 -384 256 ) (-256 -384 256 ) (-256 -384 64 ) 
4 64 65 (-256 -256 256 ) (-256 -256 192 ) (-256 -384 192 ) (-256 -384 256 ) 
4 65 66 (-384 -384 256 ) (-384 -384 192 ) (-256 -384 192 ) (-256 -384 256 ) 
4 66 67 (-384 -472 184 ) (-384 -424 184 ) (-384 -424 136 ) (-384 -472 136 ) 
4 67 68 (-400 -472 184 ) (-400 -424 184 ) (-400 -424 136 ) (-400 -472 136 ) 
