PRT1
67
150
4 0 3 (384 4096 -64 ) (384 4096 4096 ) (0 4096 4096 ) (0 4096 -64 ) 
4 0 1 (0 4096 -64 ) (0 4096 4096 ) (0 4864 4096 ) (0 4864 -64 ) 
4 1 5 (0 4096 -64 ) (0 4096 4096 ) (-1024 4096 4096 ) (-1024 4096 -64 ) 
4 1 2 (-1024 4096 -64 ) (-1024 4096 4096 ) (-1024 4864 4096 ) (-1024 4864 -64 ) 
4 2 16 (-2048 4096 -64 ) (-2048 4096 4096 ) (-2048 4864 4096 ) (-2048 4864 -64 ) 
4 2 10 (-1024 4096 -64 ) (-1024 4096 0 ) (-2048 4096 0 ) (-2048 4096 -64 ) 
4 2 7 (-1200 4096 4096 ) (-1216 4096 4096 ) (-1216 4096 0 ) (-1200 4096 0 ) 
4 2 6 (-1024 4096 0 ) (-1024 4096 4096 ) (-1200 4096 4096 ) (-1200 4096 0 ) 
4 2 9 (-1216 4096 4096 ) (-2048 4096 4096 ) (-2048 4096 0 ) (-1216 4096 0 ) 
4 3 5 (0 4096 4096 ) (0 4096 -64 ) (0 3072 -64 ) (0 3072 4096 ) 
4 3 4 (384 3072 -64 ) (384 3072 4096 ) (0 3072 4096 ) (0 3072 -64 ) 
4 4 27 (384 2048 -64 ) (384 2048 4096 ) (0 2048 4096 ) (0 2048 -64 ) 
4 4 11 (0 2048 -64 ) (0 2048 4096 ) (0 3072 4096 ) (0 3072 -64 ) 
4 5 11 (0 3072 -64 ) (0 3072 4096 ) (-1024 3072 4096 ) (-1024 3072 -64 ) 
4 5 10 (-1024 4096 0 ) (-1024 4096 -64 ) (-1024 3072 -64 ) (-1024 3072 0 ) 
4 5 6 (-1024 4096 4096 ) (-1024 4096 0 ) (-1024 3072 0 ) (-1024 3072 4096 ) 
4 6 12 (-1024 3072 0 ) (-1024 3072 4096 ) (-1200 3072 4096 ) (-1200 3072 0 ) 
4 6 10 (-1024 4096 0 ) (-1024 3072 0 ) (-1200 3072 0 ) (-1200 4096 0 ) 
4 6 8 (-1200 3072 32 ) (-1200 3072 4096 ) (-1200 3136 4096 ) (-1200 3136 32 ) 
4 6 7 (-1200 4096 0 ) (-1200 3136 0 ) (-1200 3136 4096 ) (-1200 4096 4096 ) 
4 7 10 (-1216 3136 0 ) (-1216 4096 0 ) (-1200 4096 0 ) (-1200 3136 0 ) 
4 7 8 (-1216 3136 4096 ) (-1216 3136 32 ) (-1200 3136 32 ) (-1200 3136 4096 ) 
4 7 9 (-1216 4096 0 ) (-1216 3136 0 ) (-1216 3136 4096 ) (-1216 4096 4096 ) 
4 8 13 (-1200 3072 4096 ) (-1216 3072 4096 ) (-1216 3072 32 ) (-1200 3072 32 ) 
4 8 9 (-1216 3072 32 ) (-1216 3072 4096 ) (-1216 3136 4096 ) (-1216 3136 32 ) 
4 9 18 (-2048 3072 0 ) (-2048 3072 4096 ) (-2048 4096 4096 ) (-2048 4096 0 ) 
4 9 14 (-1216 3072 4096 ) (-2048 3072 4096 ) (-2048 3072 0 ) (-1216 3072 0 ) 
4 9 10 (-1216 3072 0 ) (-2048 3072 0 ) (-2048 4096 0 ) (-1216 4096 0 ) 
4 10 18 (-2048 3072 -64 ) (-2048 3072 0 ) (-2048 4096 0 ) (-2048 4096 -64 ) 
4 10 15 (-1024 3072 -64 ) (-1024 3072 0 ) (-2048 3072 0 ) (-2048 3072 -64 ) 
4 11 35 (-192 2048 384 ) (-1024 2048 384 ) (-1024 2048 -64 ) (-192 2048 -64 ) 
4 11 34 (0 2048 -64 ) (0 2048 384 ) (-192 2048 384 ) (-192 2048 -64 ) 
4 11 32 (0 2048 384 ) (0 2048 448 ) (-1024 2048 448 ) (-1024 2048 384 ) 
4 11 31 (0 2048 448 ) (0 2048 576 ) (-1024 2048 576 ) (-1024 2048 448 ) 
4 11 30 (0 2048 576 ) (0 2048 4096 ) (-1024 2048 4096 ) (-1024 2048 576 ) 
4 11 15 (-1024 3072 0 ) (-1024 3072 -64 ) (-1024 2048 -64 ) (-1024 2048 0 ) 
4 11 12 (-1024 3072 4096 ) (-1024 3072 0 ) (-1024 2048 0 ) (-1024 2048 4096 ) 
4 12 41 (-1088 2048 384 ) (-1200 2048 384 ) (-1200 2048 0 ) (-1088 2048 0 ) 
4 12 40 (-1024 2048 0 ) (-1024 2048 384 ) (-1088 2048 384 ) (-1088 2048 0 ) 
3 12 39 (-1024 2048 384 ) (-1024 2048 448 ) (-1088 2048 384 ) 
5 12 37 (-1024 2048 448 ) (-1024 2048 4096 ) (-1200 2048 4096 ) (-1200 2048 384 ) (-1088 2048 384 ) 
4 12 15 (-1024 3072 0 ) (-1024 2048 0 ) (-1200 2048 0 ) (-1200 3072 0 ) 
4 12 13 (-1200 2048 32 ) (-1200 2048 4096 ) (-1200 3072 4096 ) (-1200 3072 32 ) 
4 13 42 (-1216 2048 384 ) (-1216 2048 32 ) (-1200 2048 32 ) (-1200 2048 384 ) 
4 13 37 (-1200 2048 4096 ) (-1216 2048 4096 ) (-1216 2048 384 ) (-1200 2048 384 ) 
4 13 14 (-1216 2048 32 ) (-1216 2048 4096 ) (-1216 3072 4096 ) (-1216 3072 32 ) 
4 14 44 (-2048 2048 384 ) (-2048 2048 0 ) (-1216 2048 0 ) (-1216 2048 384 ) 
4 14 37 (-1216 2048 4096 ) (-2048 2048 4096 ) (-2048 2048 384 ) (-1216 2048 384 ) 
4 14 23 (-2048 2048 0 ) (-2048 2048 4096 ) (-2048 3072 4096 ) (-2048 3072 0 ) 
4 14 15 (-1216 2048 0 ) (-2048 2048 0 ) (-2048 3072 0 ) (-1216 3072 0 ) 
4 15 43 (-1200 2048 0 ) (-1216 2048 0 ) (-1216 2048 -64 ) (-1200 2048 -64 ) 
4 15 41 (-1088 2048 0 ) (-1200 2048 0 ) (-1200 2048 -64 ) (-1088 2048 -64 ) 
4 15 44 (-1216 2048 0 ) (-2048 2048 0 ) (-2048 2048 -64 ) (-1216 2048 -64 ) 
4 15 40 (-1024 2048 -64 ) (-1024 2048 0 ) (-1088 2048 0 ) (-1088 2048 -64 ) 
4 15 23 (-2048 2048 -64 ) (-2048 2048 0 ) (-2048 3072 0 ) (-2048 3072 -64 ) 
4 16 18 (-2048 4096 -64 ) (-2048 4096 4096 ) (-3072 4096 4096 ) (-3072 4096 -64 ) 
4 16 17 (-3072 4096 -64 ) (-3072 4096 4096 ) (-3072 4864 4096 ) (-3072 4864 -64 ) 
4 17 21 (-4080 4096 576 ) (-4096 4096 576 ) (-4096 4096 -64 ) (-4080 4096 -64 ) 
4 17 20 (-3072 4096 -64 ) (-3072 4096 576 ) (-4080 4096 576 ) (-4080 4096 -64 ) 
4 17 19 (-3072 4096 576 ) (-3072 4096 4096 ) (-4096 4096 4096 ) (-4096 4096 576 ) 
4 18 23 (-2048 3072 -64 ) (-2048 3072 4096 ) (-3072 3072 4096 ) (-3072 3072 -64 ) 
4 18 20 (-3072 4096 576 ) (-3072 4096 -64 ) (-3072 3072 -64 ) (-3072 3072 576 ) 
4 18 19 (-3072 4096 4096 ) (-3072 4096 576 ) (-3072 3072 576 ) (-3072 3072 4096 ) 
4 19 24 (-3072 3072 576 ) (-3072 3072 4096 ) (-4096 3072 4096 ) (-4096 3072 576 ) 
4 19 21 (-4096 3136 576 ) (-4096 4096 576 ) (-4080 4096 576 ) (-4080 3136 576 ) 
4 19 20 (-3072 3072 576 ) (-4080 3072 576 ) (-4080 4096 576 ) (-3072 4096 576 ) 
4 20 25 (-3072 3072 -64 ) (-3072 3072 576 ) (-4080 3072 576 ) (-4080 3072 -64 ) 
4 20 22 (-4080 3136 -64 ) (-4080 3072 -64 ) (-4080 3072 32 ) (-4080 3136 32 ) 
4 20 21 (-4080 4096 -64 ) (-4080 3136 -64 ) (-4080 3136 576 ) (-4080 4096 576 ) 
4 21 22 (-4096 3136 -64 ) (-4080 3136 -64 ) (-4080 3136 32 ) (-4096 3136 32 ) 
4 22 26 (-4096 3072 32 ) (-4096 3072 -64 ) (-4080 3072 -64 ) (-4080 3072 32 ) 
4 23 57 (-2048 2048 -64 ) (-2048 2048 4096 ) (-3072 2048 4096 ) (-3072 2048 -64 ) 
4 23 25 (-3072 3072 576 ) (-3072 3072 -64 ) (-3072 2048 -64 ) (-3072 2048 576 ) 
4 23 24 (-3072 3072 4096 ) (-3072 3072 576 ) (-3072 2048 576 ) (-3072 2048 4096 ) 
4 24 59 (-3072 2048 576 ) (-3072 2048 4096 ) (-4096 2048 4096 ) (-4096 2048 576 ) 
4 24 25 (-3072 2048 576 ) (-4080 2048 576 ) (-4080 3072 576 ) (-3072 3072 576 ) 
4 25 60 (-3072 2048 -64 ) (-3072 2048 576 ) (-4080 2048 576 ) (-4080 2048 -64 ) 
4 25 26 (-4080 3072 -64 ) (-4080 2048 -64 ) (-4080 2048 32 ) (-4080 3072 32 ) 
4 26 61 (-4096 2048 32 ) (-4096 2048 -64 ) (-4080 2048 -64 ) (-4080 2048 32 ) 
4 27 34 (0 2048 384 ) (0 2048 -64 ) (0 1056 -64 ) (0 1056 384 ) 
4 27 33 (0 1088 384 ) (0 1056 384 ) (0 1056 448 ) (0 1088 448 ) 
4 27 32 (0 2048 448 ) (0 2048 384 ) (0 1088 384 ) (0 1088 448 ) 
4 27 31 (0 2048 576 ) (0 2048 448 ) (0 1056 448 ) (0 1056 576 ) 
4 27 30 (0 2048 4096 ) (0 2048 576 ) (0 1056 576 ) (0 1056 4096 ) 
4 27 28 (384 1056 576 ) (384 1056 4096 ) (0 1056 4096 ) (0 1056 576 ) 
4 28 30 (0 1024 576 ) (0 1024 4096 ) (0 1056 4096 ) (0 1056 576 ) 
4 28 29 (384 1024 576 ) (384 1024 4096 ) (0 1024 4096 ) (0 1024 576 ) 
4 29 51 (384 0 576 ) (384 0 4096 ) (0 0 4096 ) (0 0 576 ) 
4 29 45 (0 0 576 ) (0 0 4096 ) (0 1024 4096 ) (0 1024 576 ) 
4 30 45 (0 1024 576 ) (0 1024 4096 ) (-1024 1024 4096 ) (-1024 1024 576 ) 
4 30 38 (-1024 1056 576 ) (-1024 1024 576 ) (-1024 1024 4096 ) (-1024 1056 4096 ) 
4 30 37 (-1024 2048 4096 ) (-1024 2048 576 ) (-1024 1056 576 ) (-1024 1056 4096 ) 
4 30 31 (-1024 1056 576 ) (-1024 2048 576 ) (0 2048 576 ) (0 1056 576 ) 
4 31 37 (-1024 2048 576 ) (-1024 2048 448 ) (-1024 1056 448 ) (-1024 1056 576 ) 
4 31 33 (-256 1088 448 ) (0 1088 448 ) (0 1056 448 ) (-256 1056 448 ) 
4 31 32 (-1024 1088 448 ) (-1024 2048 448 ) (0 2048 448 ) (0 1088 448 ) 
4 32 39 (-1024 2048 448 ) (-1024 2048 384 ) (-1024 1088 384 ) (-1024 1088 448 ) 
4 32 35 (-1024 1088 384 ) (-1024 2048 384 ) (-192 2048 384 ) (-192 1088 384 ) 
4 32 34 (-192 2048 384 ) (0 2048 384 ) (0 1088 384 ) (-192 1088 384 ) 
4 32 33 (-192 1088 384 ) (0 1088 384 ) (0 1088 448 ) (-256 1088 448 ) 
4 33 34 (-192 1088 384 ) (0 1088 384 ) (0 1056 384 ) (-192 1056 384 ) 
4 34 35 (-192 1088 384 ) (-192 2048 384 ) (-192 2048 -64 ) (-192 1088 -64 ) 
4 35 40 (-1024 2048 384 ) (-1024 2048 -64 ) (-1024 1088 -64 ) (-1024 1088 384 ) 
6 35 36 (-1024 1088 -64 ) (-256 1088 -64 ) (-256 1088 320 ) (-320 1088 384 ) (-960 1088 384 ) (-1024 1088 320 ) 
6 36 48 (-320 1024 384 ) (-960 1024 384 ) (-1024 1024 320 ) (-1024 1024 -64 ) (-256 1024 -64 ) (-256 1024 320 ) 
4 37 57 (-2048 2048 4096 ) (-2048 2048 384 ) (-2048 1056 384 ) (-2048 1056 4096 ) 
4 37 42 (-1216 2048 384 ) (-1200 2048 384 ) (-1200 1056 384 ) (-1216 1056 384 ) 
4 37 41 (-1200 2048 384 ) (-1088 2048 384 ) (-1088 1056 384 ) (-1200 1056 384 ) 
4 37 44 (-2048 2048 384 ) (-1216 2048 384 ) (-1216 1056 384 ) (-2048 1056 384 ) 
4 37 39 (-1088 1088 384 ) (-1088 2048 384 ) (-1024 2048 448 ) (-1024 1088 448 ) 
4 37 38 (-1024 1056 576 ) (-1024 1056 4096 ) (-2048 1056 4096 ) (-2048 1056 576 ) 
4 38 58 (-2048 1024 576 ) (-2048 1024 4096 ) (-2048 1056 4096 ) (-2048 1056 576 ) 
4 38 49 (-1024 1024 576 ) (-1024 1024 4096 ) (-2048 1024 4096 ) (-2048 1024 576 ) 
4 39 40 (-1088 2048 384 ) (-1024 2048 384 ) (-1024 1088 384 ) (-1088 1088 384 ) 
4 40 41 (-1088 1088 384 ) (-1088 2048 384 ) (-1088 2048 -64 ) (-1088 1088 -64 ) 
4 41 42 (-1200 1056 32 ) (-1200 1056 384 ) (-1200 2048 384 ) (-1200 2048 32 ) 
4 41 43 (-1200 2048 -64 ) (-1200 1056 -64 ) (-1200 1056 0 ) (-1200 2048 0 ) 
4 42 44 (-1216 1056 32 ) (-1216 1056 384 ) (-1216 2048 384 ) (-1216 2048 32 ) 
4 43 44 (-1216 2048 -64 ) (-1216 1056 -64 ) (-1216 1056 0 ) (-1216 2048 0 ) 
4 44 57 (-2048 2048 384 ) (-2048 2048 -64 ) (-2048 1056 -64 ) (-2048 1056 384 ) 
4 45 52 (0 0 576 ) (0 0 4096 ) (-1024 0 4096 ) (-1024 0 576 ) 
4 45 49 (-1024 1024 4096 ) (-1024 1024 576 ) (-1024 0 576 ) (-1024 0 4096 ) 
4 46 48 (-672 1024 384 ) (-608 1024 384 ) (-608 992 384 ) (-672 992 384 ) 
4 46 47 (-672 992 384 ) (-608 992 384 ) (-608 992 448 ) (-672 992 448 ) 
4 47 54 (-320 0 448 ) (-960 0 448 ) (-960 0 384 ) (-320 0 384 ) 
4 47 48 (-320 992 384 ) (-320 0 384 ) (-960 0 384 ) (-960 992 384 ) 
4 48 55 (-960 0 384 ) (-1024 0 320 ) (-1024 0 -64 ) (-960 0 -64 ) 
4 48 54 (-320 0 384 ) (-960 0 384 ) (-960 0 -64 ) (-320 0 -64 ) 
4 48 53 (-256 0 -64 ) (-256 0 320 ) (-320 0 384 ) (-320 0 -64 ) 
4 48 50 (-1024 0 16 ) (-1024 0 320 ) (-1024 704 320 ) (-1024 704 16 ) 
4 49 63 (-2048 0 576 ) (-2048 0 4096 ) (-2048 1024 4096 ) (-2048 1024 576 ) 
4 49 56 (-1024 0 576 ) (-1024 0 4096 ) (-2048 0 4096 ) (-2048 0 576 ) 
4 51 52 (0 0 4096 ) (0 0 576 ) (0 -1024 576 ) (0 -1024 4096 ) 
4 52 56 (-1024 0 4096 ) (-1024 0 576 ) (-1024 -1024 576 ) (-1024 -1024 4096 ) 
4 53 54 (-320 0 -64 ) (-320 -1024 -64 ) (-320 -1024 384 ) (-320 0 384 ) 
4 54 55 (-960 0 -64 ) (-960 -1024 -64 ) (-960 -1024 384 ) (-960 0 384 ) 
4 56 65 (-2048 -1024 576 ) (-2048 -1024 4096 ) (-2048 0 4096 ) (-2048 0 576 ) 
4 57 60 (-3072 2048 576 ) (-3072 2048 -64 ) (-3072 1056 -64 ) (-3072 1056 576 ) 
4 57 59 (-3072 2048 4096 ) (-3072 2048 576 ) (-3072 1056 576 ) (-3072 1056 4096 ) 
4 57 58 (-3072 1056 4096 ) (-3072 1056 576 ) (-2048 1056 576 ) (-2048 1056 4096 ) 
4 58 63 (-2048 1024 576 ) (-2048 1024 4096 ) (-3072 1024 4096 ) (-3072 1024 576 ) 
4 58 62 (-3072 1024 576 ) (-3072 1024 4096 ) (-3072 1056 4096 ) (-3072 1056 576 ) 
4 59 62 (-3072 1056 576 ) (-3072 1056 4096 ) (-4096 1056 4096 ) (-4096 1056 576 ) 
4 59 60 (-3072 1056 576 ) (-4080 1056 576 ) (-4080 2048 576 ) (-3072 2048 576 ) 
4 60 61 (-4080 2048 -64 ) (-4080 1056 -64 ) (-4080 1056 32 ) (-4080 2048 32 ) 
4 62 64 (-3072 1024 576 ) (-3072 1024 4096 ) (-4096 1024 4096 ) (-4096 1024 576 ) 
4 63 65 (-2048 0 576 ) (-2048 0 4096 ) (-3072 0 4096 ) (-3072 0 576 ) 
4 63 64 (-3072 1024 4096 ) (-3072 1024 576 ) (-3072 0 576 ) (-3072 0 4096 ) 
4 64 66 (-3072 0 576 ) (-3072 0 4096 ) (-4096 0 4096 ) (-4096 0 576 ) 
4 65 66 (-3072 0 4096 ) (-3072 0 576 ) (-3072 -1024 576 ) (-3072 -1024 4096 ) 
