PRT1
55
150
4 0 13 (256 1024 512 ) (624 1024 512 ) (624 1024 576 ) (256 1024 576 ) 
4 0 14 (0 1024 576 ) (0 1024 512 ) (256 1024 512 ) (256 1024 576 ) 
4 0 9 (0 1024 512 ) (0 1024 576 ) (0 1712 576 ) (0 1712 512 ) 
4 0 2 (0 1024 512 ) (0 1184 512 ) (224 1184 512 ) (224 1024 512 ) 
4 0 1 (224 1712 512 ) (624 1712 512 ) (624 1024 512 ) (224 1024 512 ) 
4 1 15 (344 1024 392 ) (352 1024 384 ) (624 1024 384 ) (624 1024 392 ) 
5 1 13 (624 1024 512 ) (256 1024 512 ) (256 1024 480 ) (344 1024 392 ) (624 1024 392 ) 
3 1 14 (256 1024 512 ) (224 1024 512 ) (256 1024 480 ) 
4 1 4 (624 1024 384 ) (352 1024 384 ) (352 1584 384 ) (624 1584 384 ) 
3 1 3 (352 1184 384 ) (352 1056 384 ) (224 1184 512 ) 
4 1 2 (352 1056 384 ) (352 1024 384 ) (224 1024 512 ) (224 1184 512 ) 
4 2 15 (240 1024 384 ) (352 1024 384 ) (344 1024 392 ) (240 1024 392 ) 
4 2 16 (0 1024 392 ) (0 1024 384 ) (240 1024 384 ) (240 1024 392 ) 
3 2 13 (256 1024 392 ) (344 1024 392 ) (256 1024 480 ) 
5 2 14 (224 1024 512 ) (0 1024 512 ) (0 1024 392 ) (256 1024 392 ) (256 1024 480 ) 
4 2 10 (0 1024 384 ) (0 1024 512 ) (0 1184 512 ) (0 1056 384 ) 
4 2 6 (352 1024 384 ) (0 1024 384 ) (0 1056 384 ) (352 1056 384 ) 
3 2 3 (224 1184 512 ) (352 1056 384 ) (224 1056 384 ) 
3 3 5 (352 1184 384 ) (352 1056 384 ) (224 1056 384 ) 
4 4 24 (616 1024 128 ) (624 1024 128 ) (624 1024 136 ) (616 1024 136 ) 
4 4 25 (352 1024 136 ) (352 1024 128 ) (616 1024 128 ) (616 1024 136 ) 
4 4 15 (624 1024 384 ) (352 1024 384 ) (352 1024 136 ) (624 1024 136 ) 
4 4 8 (384 1024 128 ) (352 1024 128 ) (352 1117.817383 128 ) (384 1149.089844 128 ) 
4 4 7 (616 1024 128 ) (384 1024 128 ) (384 1584 128 ) (616 1584 128 ) 
4 4 5 (352 1184 128 ) (352 1056 128 ) (352 1056 384 ) (352 1184 384 ) 
4 4 6 (352 1056 128 ) (352 1024 128 ) (352 1024 384 ) (352 1056 384 ) 
3 5 8 (352 1117.817505 128 ) (352 1056 128 ) (288.744415 1056 128 ) 
4 5 6 (224 1056 128 ) (352 1056 128 ) (352 1056 384 ) (224 1056 384 ) 
4 6 28 (0 1024 136 ) (0 1024 128 ) (240 1024 128 ) (240 1024 136 ) 
4 6 25 (240 1024 128 ) (352 1024 128 ) (352 1024 136 ) (240 1024 136 ) 
4 6 15 (352 1024 384 ) (240 1024 384 ) (240 1024 136 ) (352 1024 136 ) 
4 6 16 (240 1024 384 ) (0 1024 384 ) (0 1024 136 ) (240 1024 136 ) 
4 6 11 (0 1024 128 ) (0 1024 352 ) (0 1056 384 ) (0 1056 128 ) 
3 6 10 (0 1024 352 ) (0 1024 384 ) (0 1056 384 ) 
4 6 8 (288.744415 1056 128 ) (352 1056 128 ) (352 1024 128 ) (256 1024 128 ) 
4 7 30 (384 1024 8 ) (384 1024 0 ) (616 1024 0 ) (616 1024 8 ) 
4 7 25 (616 1024 128 ) (384 1024 128 ) (384 1024 8 ) (616 1024 8 ) 
4 7 8 (384 1149.089844 0 ) (384 1024 0 ) (384 1024 128 ) (384 1149.089844 128 ) 
4 8 30 (256 1024 8 ) (256 1024 0 ) (384 1024 0 ) (384 1024 8 ) 
4 8 25 (384 1024 128 ) (256 1024 128 ) (256 1024 8 ) (384 1024 8 ) 
4 9 37 (-240 1024 576 ) (-320 1024 576 ) (-320 1024 512 ) (-240 1024 512 ) 
4 9 36 (0 1024 512 ) (0 1024 576 ) (-240 1024 576 ) (-240 1024 512 ) 
4 9 10 (-320 1024 512 ) (-320 1184 512 ) (0 1184 512 ) (0 1024 512 ) 
4 10 38 (0 1024 352 ) (0 1024 392 ) (-240 1024 392 ) (-240 1024 352 ) 
4 10 37 (-240 1024 512 ) (-320 1024 512 ) (-320 1024 502.545471 ) (-240 1024 448 ) 
4 10 36 (0 1024 392 ) (0 1024 512 ) (-240 1024 512 ) (-240 1024 392 ) 
4 10 11 (0 1024 352.001953 ) (-320 1024 352.001953 ) (-320 1056 384.001953 ) (0 1056 384.001953 ) 
4 11 38 (0 1024 128 ) (0 1024 352 ) (-240 1024 352 ) (-240 1024 128 ) 
4 12 13 (256 192.001968 519.998718 ) (256 276.003906 576 ) (624 276.003906 576 ) (624 192.001968 519.998718 ) 
3 12 14 (256 0 392 ) (256 0 576 ) (256 276 576 ) 
4 13 15 (256 1024 392 ) (624 1024 392 ) (624 896 392 ) (256 896 392 ) 
5 13 14 (256 1024 392 ) (256 384 392 ) (256 192 520 ) (256 276 576 ) (256 1024 576 ) 
4 14 36 (0 1024 576 ) (0 1024 392 ) (0 0 392 ) (0 0 576 ) 
4 14 22 (256 384 392 ) (256 272 392 ) (248 264 392 ) (248 384 392 ) 
3 14 23 (248 248 392 ) (112 384 392 ) (248 384 392 ) 
4 14 20 (256 48 392 ) (256 32 392 ) (0 32 392 ) (0 48 392 ) 
4 14 21 (256 32 392 ) (256 0 392 ) (0 0 392 ) (0 32 392 ) 
4 14 18 (256 240 392 ) (256 144 392 ) (248 136 392 ) (248 248 392 ) 
4 14 17 (256 112 392 ) (256 48 392 ) (248 48 392 ) (248 120 392 ) 
5 14 19 (248 48 392 ) (0 48 392 ) (0 384 392 ) (112 384 392 ) (248 248 392 ) 
4 14 15 (240 1024 392 ) (256 1024 392 ) (256 896 392 ) (240 896 392 ) 
4 14 16 (0 1024 392 ) (240 1024 392 ) (240 384 392 ) (0 384 392 ) 
4 15 24 (616 1024 136 ) (624 1024 136 ) (624 896 136 ) (616 896 136 ) 
4 15 25 (240 1024 136 ) (616 1024 136 ) (616 896 136 ) (240 896 136 ) 
4 15 16 (240 1024 136 ) (240 896 136 ) (240 896 392 ) (240 1024 392 ) 
4 16 47 (0 448 136 ) (0 384 136 ) (0 384 392 ) (0 448 392 ) 
4 16 44 (0 576 136 ) (0 448 136 ) (0 448 392 ) (0 576 392 ) 
4 16 40 (0 960 136 ) (0 576 136 ) (0 576 392 ) (0 960 392 ) 
4 16 38 (0 1024 392 ) (0 1024 136 ) (0 960 136 ) (0 960 392 ) 
4 16 28 (0 384 136 ) (0 1024 136 ) (240 1024 136 ) (240 384 136 ) 
4 16 23 (112 384 136 ) (240 384 136 ) (240 384 392 ) (112 384 392 ) 
4 16 19 (0 384 136 ) (112 384 136 ) (112 384 392 ) (0 384 392 ) 
4 17 20 (256 48 240 ) (256 48 392 ) (248 48 392 ) (248 48 240 ) 
4 17 19 (248 120 136 ) (248 48 136 ) (248 48 392 ) (248 120 392 ) 
4 18 19 (248 248 392 ) (248 248 136 ) (248 136 136 ) (248 136 392 ) 
4 19 49 (0 64 136 ) (0 48 136 ) (0 48 392 ) (0 64 392 ) 
4 19 47 (0 384 136 ) (0 64 136 ) (0 64 392 ) (0 384 392 ) 
5 19 28 (0 48 136 ) (0 384 136 ) (112 384 136 ) (240 256 136 ) (240 48 136 ) 
4 19 23 (248 248 136 ) (112 384 136 ) (112 384 392 ) (248 248 392 ) 
4 19 20 (248 48 240 ) (248 48 392 ) (0 48 392 ) (0 48 240 ) 
4 20 51 (0 32 240 ) (0 32 392 ) (0 48 392 ) (0 48 240 ) 
4 20 21 (256 32 240 ) (256 32 392 ) (0 32 392 ) (0 32 240 ) 
4 21 52 (0 32 136 ) (0 0 136 ) (0 0 392 ) (0 32 392 ) 
4 21 29 (0 0 136 ) (0 32 136 ) (240 32 136 ) (240 0 136 ) 
4 22 23 (248 384 392 ) (248 384 136 ) (248 264 136 ) (248 264 392 ) 
3 23 28 (112 384 136 ) (240 384 136 ) (240 256 136 ) 
4 24 25 (616 896 128 ) (616 896 136 ) (616 1024 136 ) (616 1024 128 ) 
4 25 30 (240 1024 8 ) (616 1024 8 ) (616 896 8 ) (240 896 8 ) 
4 25 28 (240 1024 8 ) (240 896 8 ) (240 896 136 ) (240 1024 136 ) 
4 26 27 (432 164 120 ) (432 220 120 ) (624 220 120 ) (624 164 120 ) 
4 27 31 (624 220 8 ) (624 164 8 ) (432 164 8 ) (432 220 8 ) 
4 28 49 (0 64 8 ) (0 48 8 ) (0 48 136 ) (0 64 136 ) 
4 28 48 (0 448 8 ) (0 64 8 ) (0 64 136 ) (0 448 136 ) 
4 28 44 (0 576 8 ) (0 448 8 ) (0 448 136 ) (0 576 136 ) 
4 28 41 (0 960 8 ) (0 576 8 ) (0 576 136 ) (0 960 136 ) 
4 28 38 (0 1024 136 ) (0 1024 8 ) (0 960 8 ) (0 960 136 ) 
4 28 33 (112 48 8 ) (0 48 8 ) (0 896 8 ) (112 896 8 ) 
4 28 30 (0 1024 8 ) (240 1024 8 ) (240 896 8 ) (0 896 8 ) 
4 29 52 (0 32 8 ) (0 0 8 ) (0 0 136 ) (0 32 136 ) 
4 29 35 (112 0 8 ) (0 0 8 ) (0 32 8 ) (112 32 8 ) 
4 30 53 (0 1024 8 ) (0 1024 0 ) (0 896 0 ) (0 896 8 ) 
4 30 33 (112 896 8 ) (0 896 8 ) (0 896 0 ) (112 896 0 ) 
4 30 32 (256 896 8 ) (240 896 8 ) (240 896 0 ) (256 896 0 ) 
4 30 31 (616 896 8 ) (256 896 8 ) (256 896 0 ) (616 896 0 ) 
4 31 34 (256 32 0 ) (256 0 0 ) (256 0 8 ) (256 32 8 ) 
4 31 32 (256 896 8 ) (256 896 0 ) (256 48 0 ) (256 48 8 ) 
4 33 53 (0 48 8 ) (0 896 8 ) (0 896 0 ) (0 48 0 ) 
4 35 54 (0 0 0 ) (0 0 8 ) (0 32 8 ) (0 32 0 ) 
4 36 52 (0 0 392 ) (-240 0 392 ) (-240 32 392 ) (0 32 392 ) 
4 36 51 (-240 32 392 ) (-240 48 392 ) (0 48 392 ) (0 32 392 ) 
4 36 49 (-240 48 392 ) (-240 64 392 ) (0 64 392 ) (0 48 392 ) 
4 36 47 (-240 64 392 ) (-240 448 392 ) (0 448 392 ) (0 64 392 ) 
4 36 44 (-240 448 392 ) (-240 576 392 ) (0 576 392 ) (0 448 392 ) 
4 36 40 (-240 576 392 ) (-240 960 392 ) (0 960 392 ) (0 576 392 ) 
4 36 38 (-240 960 392 ) (-240 1024 392 ) (0 1024 392 ) (0 960 392 ) 
4 36 37 (-240 0 448 ) (-240 0 576 ) (-240 1024 576 ) (-240 1024 448 ) 
4 38 53 (-128 1024 8 ) (0 1024 8 ) (0 960 8 ) (-128 960 8 ) 
4 38 41 (-240 960 8 ) (0 960 8 ) (0 960 136 ) (-240 960 136 ) 
4 38 40 (0 960 136 ) (0 960 392 ) (-240 960 392 ) (-240 960 136 ) 
4 38 39 (-240 976 8 ) (-240 960 8 ) (-240 960 392 ) (-240 976 392 ) 
4 39 41 (-256 960 8 ) (-240 960 8 ) (-240 960 136 ) (-256 960 136 ) 
4 39 40 (-240 960 136 ) (-240 960 392 ) (-256 960 392 ) (-256 960 136 ) 
4 40 46 (-240 576 392 ) (-256 576 392 ) (-256 576 136 ) (-240 576 136 ) 
4 40 44 (0 576 136 ) (0 576 392 ) (-240 576 392 ) (-240 576 136 ) 
4 40 43 (-272 640 136 ) (-272 704 136 ) (-256 704 136 ) (-256 640 136 ) 
4 40 42 (-272 832 136 ) (-272 896 136 ) (-256 896 136 ) (-256 832 136 ) 
4 40 41 (0 576 136 ) (-256 576 136 ) (-256 960 136 ) (0 960 136 ) 
4 41 53 (-128 960 8 ) (0 960 8 ) (0 576 8 ) (-128 576 8 ) 
4 41 46 (-256 576 8 ) (-240 576 8 ) (-240 576 136 ) (-256 576 136 ) 
4 41 44 (-240 576 8 ) (0 576 8 ) (0 576 136 ) (-240 576 136 ) 
4 41 43 (-256 640 136 ) (-256 704 136 ) (-256 704 8 ) (-256 640 8 ) 
4 41 42 (-256 832 136 ) (-256 896 136 ) (-256 896 8 ) (-256 832 8 ) 
4 44 53 (-128 576 8 ) (0 576 8 ) (0 448 8 ) (-128 448 8 ) 
4 44 48 (-240 448 8 ) (0 448 8 ) (0 448 136 ) (-240 448 136 ) 
4 44 47 (0 448 136 ) (0 448 392 ) (-240 448 392 ) (-240 448 136 ) 
4 44 46 (-240 576 392 ) (-240 576 8 ) (-240 560 8 ) (-240 560 392 ) 
4 44 45 (-240 464 8 ) (-240 448 8 ) (-240 448 392 ) (-240 464 392 ) 
4 45 48 (-256 448 8 ) (-240 448 8 ) (-240 448 136 ) (-256 448 136 ) 
4 45 47 (-240 448 136 ) (-240 448 392 ) (-256 448 392 ) (-256 448 136 ) 
4 47 50 (-240 64 392 ) (-256 64 392 ) (-256 64 136 ) (-240 64 136 ) 
4 47 49 (0 64 136 ) (0 64 392 ) (-240 64 392 ) (-240 64 136 ) 
4 47 48 (0 64 136 ) (-256 64 136 ) (-256 448 136 ) (0 448 136 ) 
4 48 53 (-128 448 8 ) (0 448 8 ) (0 64 8 ) (-128 64 8 ) 
4 48 50 (-256 64 8 ) (-240 64 8 ) (-240 64 136 ) (-256 64 136 ) 
4 48 49 (-240 64 8 ) (0 64 8 ) (0 64 136 ) (-240 64 136 ) 
4 49 53 (-128 64 8 ) (0 64 8 ) (0 48 8 ) (-128 48 8 ) 
4 49 51 (0 48 240 ) (0 48 392 ) (-240 48 392 ) (-240 48 240 ) 
4 49 50 (-240 64 392 ) (-240 64 8 ) (-240 48 8 ) (-240 48 392 ) 
4 51 52 (0 32 240 ) (0 32 392 ) (-240 32 392 ) (-240 32 240 ) 
4 52 54 (-128 32 8 ) (0 32 8 ) (0 0 8 ) (-128 0 8 ) 
