


materialPath: D:\steam\steamapps\sourcemods\entropyzero2-addonworkspace\materials
Loading d:\steam\steamapps\sourcemods\entropyzero2-addonworkspace\mapsrc\aptnew1.vmf
fixing up env_cubemap materials on brush sides...
0...1...2...3...4...5...6...7...8...9...100...1...2...3...4...5...6...7...8...9...10Processing areas...done (0)
Building Faces...done (0)
Chop Details...done (0)
Find Visible Detail Sides...done (0)
Merging details...done (0)
FixTjuncs...
PruneNodes...
WriteBSP...
done (0)
writing d:\steam\steamapps\sourcemods\entropyzero2-addonworkspace\mapsrc\aptnew1.prt...Building visibility clusters...
done (0)
Finding displacement neighbors...
Finding lightmap sample positions...
Displacement Alpha : 0...1...2...3...4...5...6...7...8...9...10
Building Physics collision data...
done (0) (21826 bytes)
Placing static props...
Placing detail props : 0...1...2...3...4...5...6...7...8...9...10
Compacting texture/material tables...
Reduced 70 texinfos to 34
Reduced 18 texdatas to 15 (472 bytes to 345)
Writing d:\steam\steamapps\sourcemods\entropyzero2-addonworkspace\mapsrc\aptnew1.bsp
0 seconds elapsed



12 threads
reading d:\steam\steamapps\sourcemods\entropyzero2-addonworkspace\mapsrc\aptnew1.bsp
reading d:\steam\steamapps\sourcemods\entropyzero2-addonworkspace\mapsrc\aptnew1.prt
  17 portalclusters
  18 numportals
0...1...2...3...4...5...6...7...8...9...10Optimized: 0 visible clusters (0.00%)
Total clusters visible: 169
Average clusters visible: 9
Building PAS...
Average clusters audible: 17
visdatasize:246  compressed from 272
writing d:\steam\steamapps\sourcemods\entropyzero2-addonworkspace\mapsrc\aptnew1.bsp
0 seconds elapsed



[Reading texlights from 'lights.rad']
[48 texlights parsed from 'lights.rad']

Loading d:\steam\steamapps\sourcemods\entropyzero2-addonworkspace\mapsrc\aptnew1.bsp
106 faces
13690 square feet [1971440.25 square inches]
0 Displacements
0 Square Feet [0.00 Square Inches]
106 patches before subdivision
1956 patches after subdivision
0 direct lights
0...1...2...3...4...5...6...7...8...9...100...1...2...3...4...5...6...7...8...9...10transfers 137282, max 211
transfer lists:   1.0 megs
0...1...2...3...4...5...6...7...8...9...10	Bounce #1 added RGB(0, 0, 0)
Build Patch/Sample Hash Table(s).....Done<0.0003 sec>
0...1...2...3...4...5...6...7...8...9...10FinalLightFace Done
0 of 0 (0% of) surface lights went in leaf ambient cubes.
0...1...2...3...4...5...6...7...8...9...10Writing leaf ambient...done
Ready to Finish

Object names       Objects/Maxobjs  Memory / Maxmem  Fullness 
------------       ---------------  ---------------  -------- 
models                   1/1024           48/49152    ( 0.1%) 
brushes                 63/8192          756/98304    ( 0.8%) 
brushsides             380/65536        3040/524288   ( 0.6%) 
planes                 140/65536        2800/1310720  ( 0.2%) 
vertexes               219/65536        2628/786432   ( 0.3%) 
nodes                   66/65536        2112/2097152  ( 0.1%) 
texinfos                34/12288        2448/884736   ( 0.3%) 
texdata                 15/2048          480/65536    ( 0.7%) 
dispinfos                0/0               0/0        ( 0.0%) 
disp_verts               0/0               0/0        ( 0.0%) 
disp_tris                0/0               0/0        ( 0.0%) 
disp_lmsamples           0/0               0/0        ( 0.0%) 
faces                  106/65536        5936/3670016  ( 0.2%) 
hdr faces                0/65536           0/3670016  ( 0.0%) 
origfaces               90/65536        5040/3670016  ( 0.1%) 
leaves                  68/65536        2176/2097152  ( 0.1%) 
leaffaces              106/65536         212/131072   ( 0.2%) 
leafbrushes             72/65536         144/131072   ( 0.1%) 
areas                    2/256            16/2048     ( 0.8%) 
surfedges              904/512000       3616/2048000  ( 0.2%) 
edges                  609/256000       2436/1024000  ( 0.2%) 
LDR worldlights          0/65536           0/5767168  ( 0.0%) 
HDR worldlights          0/65536           0/5767168  ( 0.0%) 
leafwaterdata            0/32768           0/393216   ( 0.0%) 
waterstrips             10/32768         100/327680   ( 0.0%) 
waterverts               0/65536           0/786432   ( 0.0%) 
waterindices           210/65536         420/131072   ( 0.3%) 
cubemapsamples           0/1024            0/16384    ( 0.0%) 
overlays                 0/8192            0/2883584  ( 0.0%) 
LDR lightdata         [variable]      132032/0        ( 0.0%) 
HDR lightdata         [variable]           0/0        ( 0.0%) 
visdata               [variable]         246/16777216 ( 0.0%) 
entdata               [variable]         823/393216   ( 0.2%) 
LDR ambient table       68/65536         272/262144   ( 0.1%) 
HDR ambient table       68/65536         272/262144   ( 0.1%) 
LDR leaf ambient        17/65536         476/1835008  ( 0.0%) 
HDR leaf ambient        68/65536        1904/1835008  ( 0.1%) 
occluders                0/0               0/0        ( 0.0%) 
occluder polygons        0/0               0/0        ( 0.0%) 
occluder vert ind        0/0               0/0        ( 0.0%) 
detail props          [variable]           1/12       ( 8.3%) 
static props          [variable]           1/810      ( 0.1%) 
pakfile               [variable]         676/0        ( 0.0%) 
physics               [variable]       21826/4194304  ( 0.5%) 
physics terrain       [variable]           2/1048576  ( 0.0%) 

Level flags = 0

Total triangle count: 332
Writing d:\steam\steamapps\sourcemods\entropyzero2-addonworkspace\mapsrc\aptnew1.bsp
0 seconds elapsed



materialPath: D:\steam\steamapps\sourcemods\entropyzero2-addonworkspace\materials
Loading d:\steam\steamapps\sourcemods\entropyzero2-addonworkspace\mapsrc\aptnew1.vmf
fixing up env_cubemap materials on brush sides...
0...1...2...3...4...5...6...7...8...9...100...1...2...3...4...5...6...7...8...9...10Processing areas...done (0)
Building Faces...done (0)
Chop Details...done (0)
Find Visible Detail Sides...done (0)
Merging details...done (0)
FixTjuncs...
PruneNodes...
WriteBSP...
done (0)
writing d:\steam\steamapps\sourcemods\entropyzero2-addonworkspace\mapsrc\aptnew1.prt...Building visibility clusters...
done (0)
Finding displacement neighbors...
Finding lightmap sample positions...
Displacement Alpha : 0...1...2...3...4...5...6...7...8...9...10
Building Physics collision data...
done (0) (21826 bytes)
Placing static props...
Placing detail props : 0...1...2...3...4...5...6...7...8...9...10
Compacting texture/material tables...
Reduced 70 texinfos to 34
Reduced 18 texdatas to 15 (472 bytes to 345)
Writing d:\steam\steamapps\sourcemods\entropyzero2-addonworkspace\mapsrc\aptnew1.bsp
0 seconds elapsed



12 threads
reading d:\steam\steamapps\sourcemods\entropyzero2-addonworkspace\mapsrc\aptnew1.bsp
reading d:\steam\steamapps\sourcemods\entropyzero2-addonworkspace\mapsrc\aptnew1.prt
  17 portalclusters
  18 numportals
0...1...2...3...4...5...6...7...8...9...10Optimized: 0 visible clusters (0.00%)
Total clusters visible: 169
Average clusters visible: 9
Building PAS...
Average clusters audible: 17
visdatasize:246  compressed from 272
writing d:\steam\steamapps\sourcemods\entropyzero2-addonworkspace\mapsrc\aptnew1.bsp
0 seconds elapsed



[Reading texlights from 'lights.rad']
[48 texlights parsed from 'lights.rad']

Loading d:\steam\steamapps\sourcemods\entropyzero2-addonworkspace\mapsrc\aptnew1.bsp
106 faces
13690 square feet [1971440.25 square inches]
0 Displacements
0 Square Feet [0.00 Square Inches]
106 patches before subdivision
1956 patches after subdivision
2 direct lights
0...1...2...3...4...5...6...7...8...9...100...1...2...3...4...5...6...7...8...9...10transfers 137282, max 211
transfer lists:   1.0 megs
0...1...2...3...4...5...6...7...8...9...10	Bounce #1 added RGB(34, 57, 60)
0...1...2...3...4...5...6...7...8...9...10	Bounce #2 added RGB(9, 13, 10)
Build Patch/Sample Hash Table(s).....Done<0.0003 sec>
0...1...2...3...4...5...6...7...8...9...10FinalLightFace Done
0 of 0 (0% of) surface lights went in leaf ambient cubes.
0...1...2...3...4...5...6...7...8...9...10Writing leaf ambient...done
Ready to Finish

Object names       Objects/Maxobjs  Memory / Maxmem  Fullness 
------------       ---------------  ---------------  -------- 
models                   1/1024           48/49152    ( 0.1%) 
brushes                 63/8192          756/98304    ( 0.8%) 
brushsides             380/65536        3040/524288   ( 0.6%) 
planes                 140/65536        2800/1310720  ( 0.2%) 
vertexes               219/65536        2628/786432   ( 0.3%) 
nodes                   66/65536        2112/2097152  ( 0.1%) 
texinfos                34/12288        2448/884736   ( 0.3%) 
texdata                 15/2048          480/65536    ( 0.7%) 
dispinfos                0/0               0/0        ( 0.0%) 
disp_verts               0/0               0/0        ( 0.0%) 
disp_tris                0/0               0/0        ( 0.0%) 
disp_lmsamples           0/0               0/0        ( 0.0%) 
faces                  106/65536        5936/3670016  ( 0.2%) 
hdr faces                0/65536           0/3670016  ( 0.0%) 
origfaces               90/65536        5040/3670016  ( 0.1%) 
leaves                  68/65536        2176/2097152  ( 0.1%) 
leaffaces              106/65536         212/131072   ( 0.2%) 
leafbrushes             72/65536         144/131072   ( 0.1%) 
areas                    2/256            16/2048     ( 0.8%) 
surfedges              904/512000       3616/2048000  ( 0.2%) 
edges                  609/256000       2436/1024000  ( 0.2%) 
LDR worldlights          2/65536         176/5767168  ( 0.0%) 
HDR worldlights          0/65536           0/5767168  ( 0.0%) 
leafwaterdata            0/32768           0/393216   ( 0.0%) 
waterstrips             10/32768         100/327680   ( 0.0%) 
waterverts               0/65536           0/786432   ( 0.0%) 
waterindices           210/65536         420/131072   ( 0.3%) 
cubemapsamples           0/1024            0/16384    ( 0.0%) 
overlays                 0/8192            0/2883584  ( 0.0%) 
LDR lightdata         [variable]      132032/0        ( 0.0%) 
HDR lightdata         [variable]           0/0        ( 0.0%) 
visdata               [variable]         246/16777216 ( 0.0%) 
entdata               [variable]        1087/393216   ( 0.3%) 
LDR ambient table       68/65536         272/262144   ( 0.1%) 
HDR ambient table       68/65536         272/262144   ( 0.1%) 
LDR leaf ambient        71/65536        1988/1835008  ( 0.1%) 
HDR leaf ambient        68/65536        1904/1835008  ( 0.1%) 
occluders                0/0               0/0        ( 0.0%) 
occluder polygons        0/0               0/0        ( 0.0%) 
occluder vert ind        0/0               0/0        ( 0.0%) 
detail props          [variable]           1/12       ( 8.3%) 
static props          [variable]           1/810      ( 0.1%) 
pakfile               [variable]         676/0        ( 0.0%) 
physics               [variable]       21826/4194304  ( 0.5%) 
physics terrain       [variable]           2/1048576  ( 0.0%) 

Level flags = 0

Total triangle count: 332
Writing d:\steam\steamapps\sourcemods\entropyzero2-addonworkspace\mapsrc\aptnew1.bsp
0 seconds elapsed



materialPath: D:\steam\steamapps\sourcemods\entropyzero2-addonworkspace\materials
Loading d:\steam\steamapps\sourcemods\entropyzero2-addonworkspace\mapsrc\aptnew1.vmf
fixing up env_cubemap materials on brush sides...
0...1...2...3...4...5...6...7...8...9...100...1...2...3...4...5...6...7...8...9...10Processing areas...done (0)
Building Faces...done (0)
Chop Details...done (0)
Find Visible Detail Sides...done (0)
Merging details...done (0)
FixTjuncs...
PruneNodes...
WriteBSP...
done (0)
writing d:\steam\steamapps\sourcemods\entropyzero2-addonworkspace\mapsrc\aptnew1.prt...Building visibility clusters...
done (0)
Finding displacement neighbors...
Finding lightmap sample positions...
Displacement Alpha : 0...1...2...3...4...5...6...7...8...9...10
Building Physics collision data...
done (0) (21826 bytes)
Placing static props...
Placing detail props : 0...1...2...3...4...5...6...7...8...9...10
Compacting texture/material tables...
Reduced 70 texinfos to 34
Reduced 18 texdatas to 15 (472 bytes to 345)
Writing d:\steam\steamapps\sourcemods\entropyzero2-addonworkspace\mapsrc\aptnew1.bsp
0 seconds elapsed



12 threads
reading d:\steam\steamapps\sourcemods\entropyzero2-addonworkspace\mapsrc\aptnew1.bsp
reading d:\steam\steamapps\sourcemods\entropyzero2-addonworkspace\mapsrc\aptnew1.prt
  17 portalclusters
  18 numportals
0...1...2...3...4...5...6...7...8...9...10Optimized: 0 visible clusters (0.00%)
Total clusters visible: 169
Average clusters visible: 9
Building PAS...
Average clusters audible: 17
visdatasize:246  compressed from 272
writing d:\steam\steamapps\sourcemods\entropyzero2-addonworkspace\mapsrc\aptnew1.bsp
0 seconds elapsed



[Reading texlights from 'lights.rad']
[48 texlights parsed from 'lights.rad']

Loading d:\steam\steamapps\sourcemods\entropyzero2-addonworkspace\mapsrc\aptnew1.bsp
106 faces
13690 square feet [1971440.25 square inches]
0 Displacements
0 Square Feet [0.00 Square Inches]
106 patches before subdivision
1956 patches after subdivision
4 direct lights
0...1...2...3...4...5...6...7...8...9...100...1...2...3...4...5...6...7...8...9...10transfers 137282, max 211
transfer lists:   1.0 megs
0...1...2...3...4...5...6...7...8...9...10	Bounce #1 added RGB(3841, 2481, 1155)
0...1...2...3...4...5...6...7...8...9...10	Bounce #2 added RGB(952, 523, 179)
Build Patch/Sample Hash Table(s).....Done<0.0003 sec>
0...1...2...3...4...5...6...7...8...9...10FinalLightFace Done
0 of 0 (0% of) surface lights went in leaf ambient cubes.
0...1...2...3...4...5...6...7...8...9...10Writing leaf ambient...done
Ready to Finish

Object names       Objects/Maxobjs  Memory / Maxmem  Fullness 
------------       ---------------  ---------------  -------- 
models                   1/1024           48/49152    ( 0.1%) 
brushes                 63/8192          756/98304    ( 0.8%) 
brushsides             380/65536        3040/524288   ( 0.6%) 
planes                 140/65536        2800/1310720  ( 0.2%) 
vertexes               219/65536        2628/786432   ( 0.3%) 
nodes                   66/65536        2112/2097152  ( 0.1%) 
texinfos                34/12288        2448/884736   ( 0.3%) 
texdata                 15/2048          480/65536    ( 0.7%) 
dispinfos                0/0               0/0        ( 0.0%) 
disp_verts               0/0               0/0        ( 0.0%) 
disp_tris                0/0               0/0        ( 0.0%) 
disp_lmsamples           0/0               0/0        ( 0.0%) 
faces                  106/65536        5936/3670016  ( 0.2%) 
hdr faces                0/65536           0/3670016  ( 0.0%) 
origfaces               90/65536        5040/3670016  ( 0.1%) 
leaves                  68/65536        2176/2097152  ( 0.1%) 
leaffaces              106/65536         212/131072   ( 0.2%) 
leafbrushes             72/65536         144/131072   ( 0.1%) 
areas                    2/256            16/2048     ( 0.8%) 
surfedges              904/512000       3616/2048000  ( 0.2%) 
edges                  609/256000       2436/1024000  ( 0.2%) 
LDR worldlights          4/65536         352/5767168  ( 0.0%) 
HDR worldlights          0/65536           0/5767168  ( 0.0%) 
leafwaterdata            0/32768           0/393216   ( 0.0%) 
waterstrips             10/32768         100/327680   ( 0.0%) 
waterverts               0/65536           0/786432   ( 0.0%) 
waterindices           210/65536         420/131072   ( 0.3%) 
cubemapsamples           0/1024            0/16384    ( 0.0%) 
overlays                 0/8192            0/2883584  ( 0.0%) 
LDR lightdata         [variable]      132032/0        ( 0.0%) 
HDR lightdata         [variable]           0/0        ( 0.0%) 
visdata               [variable]         246/16777216 ( 0.0%) 
entdata               [variable]        1467/393216   ( 0.4%) 
LDR ambient table       68/65536         272/262144   ( 0.1%) 
HDR ambient table       68/65536         272/262144   ( 0.1%) 
LDR leaf ambient        93/65536        2604/1835008  ( 0.1%) 
HDR leaf ambient        68/65536        1904/1835008  ( 0.1%) 
occluders                0/0               0/0        ( 0.0%) 
occluder polygons        0/0               0/0        ( 0.0%) 
occluder vert ind        0/0               0/0        ( 0.0%) 
detail props          [variable]           1/12       ( 8.3%) 
static props          [variable]           1/810      ( 0.1%) 
pakfile               [variable]         676/0        ( 0.0%) 
physics               [variable]       21826/4194304  ( 0.5%) 
physics terrain       [variable]           2/1048576  ( 0.0%) 

Level flags = 0

Total triangle count: 332
Writing d:\steam\steamapps\sourcemods\entropyzero2-addonworkspace\mapsrc\aptnew1.bsp
0 seconds elapsed
