PRT1
108
184
4 0 1 (1944 1240 -24 ) (1848 1240 -24 ) (1848 1240 -88 ) (1944 1240 -88 ) 
4 1 3 (1944 1232 -24 ) (1848 1232 -24 ) (1848 1232 -88 ) (1944 1232 -88 ) 
4 2 5 (1976 1168 -120 ) (1976 1104 -120 ) (1976 1104 -119 ) (1976 1168 -119 ) 
4 2 4 (1976 1104 -119 ) (1976 1104 8 ) (1976 1168 8 ) (1976 1168 -119 ) 
4 2 3 (1976 1232 -120 ) (1976 1168 -120 ) (1976 1168 8 ) (1976 1232 8 ) 
4 2 6 (1976 1104 -120 ) (1976 1040 -120 ) (1976 1040 8 ) (1976 1104 8 ) 
4 3 5 (1848 1168 -119 ) (1848 1168 -120 ) (1976 1168 -120 ) (1976 1168 -119 ) 
4 3 4 (1848 1168 8 ) (1848 1168 -119 ) (1976 1168 -119 ) (1976 1168 8 ) 
4 3 7 (1848 1232 -120 ) (1848 1168 -120 ) (1848 1168 8 ) (1848 1232 8 ) 
4 4 7 (1848 1104 -119 ) (1848 1104 8 ) (1848 1168 8 ) (1848 1168 -119 ) 
4 4 6 (1848 1104 8 ) (1848 1104 -119 ) (1976 1104 -119 ) (1976 1104 8 ) 
4 4 5 (1976 1104 -119 ) (1848 1104 -119 ) (1848 1168 -119 ) (1976 1168 -119 ) 
4 5 7 (1848 1168 -120 ) (1848 1104 -120 ) (1848 1104 -119 ) (1848 1168 -119 ) 
4 5 6 (1848 1104 -119 ) (1848 1104 -120 ) (1976 1104 -120 ) (1976 1104 -119 ) 
4 6 8 (1848 1040 -120 ) (1856 1040 -120 ) (1856 1040 -8 ) (1848 1040 -8 ) 
4 6 7 (1848 1104 -120 ) (1848 1040 -120 ) (1848 1040 8 ) (1848 1104 8 ) 
4 7 8 (1800 1040 -120 ) (1848 1040 -120 ) (1848 1040 -8 ) (1800 1040 -8 ) 
4 8 9 (1800 1032 -120 ) (1856 1032 -120 ) (1856 1032 -8 ) (1800 1032 -8 ) 
4 9 10 (2040 1024 8 ) (1792 1024 8 ) (1792 1024 -120 ) (2040 1024 -120 ) 
4 11 17 (376 1288 0 ) (376 1144 0 ) (376 1144 128 ) (376 1288 128 ) 
4 12 17 (376 1480 0 ) (376 1336 0 ) (376 1336 128 ) (376 1480 128 ) 
4 13 35 (384 1024 128 ) (376 1024 128 ) (376 1024 0 ) (384 1024 0 ) 
4 13 17 (376 1096 0 ) (376 1024 0 ) (376 1024 128 ) (376 1096 128 ) 
4 14 17 (376 1672 0 ) (376 1528 0 ) (376 1528 128 ) (376 1672 128 ) 
4 15 17 (376 1864 0 ) (376 1720 0 ) (376 1720 128 ) (376 1864 128 ) 
4 16 17 (376 2000 0 ) (376 1912 0 ) (376 1912 128 ) (376 2000 128 ) 
4 17 35 (376 1024 128 ) (256 1024 128 ) (256 1024 0 ) (376 1024 0 ) 
4 17 21 (256 1436 0 ) (256 1380 0 ) (256 1380 112 ) (256 1436 112 ) 
4 17 18 (256 1472 32 ) (256 1472 96 ) (256 1648 96 ) (256 1648 32 ) 
4 18 19 (254 1648 96 ) (254 1648 32 ) (254 1472 32 ) (254 1472 96 ) 
4 19 20 (250 1648 96 ) (250 1648 32 ) (250 1472 32 ) (250 1472 96 ) 
4 20 22 (248 1472 32 ) (248 1472 96 ) (248 1648 96 ) (248 1648 32 ) 
4 21 22 (248 1436 0 ) (248 1380 0 ) (248 1380 112 ) (248 1436 112 ) 
4 23 56 (-632 1024 128 ) (-632 1024 0 ) (-504 1024 0 ) (-504 1024 128 ) 
4 23 36 (-504 1024 192 ) (-632 1024 192 ) (-632 1024 128 ) (-504 1024 128 ) 
4 23 25 (-632 1180 0 ) (-632 1124 0 ) (-632 1124 112 ) (-632 1180 112 ) 
4 23 24 (-632 1672 0 ) (-632 1536 0 ) (-632 1536 192 ) (-632 1672 192 ) 
4 24 26 (-640 1672 0 ) (-640 1536 0 ) (-640 1536 192 ) (-640 1672 192 ) 
4 25 27 (-640 1180 0 ) (-640 1124 0 ) (-640 1124 112 ) (-640 1180 112 ) 
4 26 34 (-1024 1536 192 ) (-1024 1672 192 ) (-1024 1672 0 ) (-1024 1536 0 ) 
4 27 29 (-896 1096 0 ) (-888 1096 0 ) (-888 1096 192 ) (-896 1096 192 ) 
4 27 28 (-888 1096 0 ) (-640 1096 0 ) (-640 1096 192 ) (-888 1096 192 ) 
4 28 33 (-872 1032 0 ) (-816 1032 0 ) (-816 1032 112 ) (-872 1032 112 ) 
4 28 31 (-664 1032 96 ) (-792 1032 96 ) (-792 1032 32 ) (-664 1032 32 ) 
4 28 29 (-888 1096 192 ) (-888 1096 0 ) (-888 1088 0 ) (-888 1088 192 ) 
4 30 32 (-1008 1032 0 ) (-896 1032 0 ) (-896 1032 192 ) (-1008 1032 192 ) 
4 31 59 (-792 1024 32 ) (-664 1024 32 ) (-664 1024 96 ) (-792 1024 96 ) 
4 32 59 (-1008 1024 128 ) (-1008 1024 0 ) (-888 1024 0 ) (-888 1024 128 ) 
4 32 38 (-888 1024 192 ) (-1008 1024 192 ) (-1008 1024 128 ) (-888 1024 128 ) 
4 33 59 (-872 1024 0 ) (-816 1024 0 ) (-816 1024 112 ) (-872 1024 112 ) 
4 36 56 (-632 1024 128 ) (-504 1024 128 ) (-504 768 128 ) (-632 768 128 ) 
4 36 44 (-632 768 128 ) (-624 768 128 ) (-624 768 192 ) (-632 768 192 ) 
4 36 42 (-624 768 128 ) (-512 768 128 ) (-512 768 192 ) (-624 768 192 ) 
4 36 40 (-512 768 128 ) (-504 768 128 ) (-504 768 192 ) (-512 768 192 ) 
4 37 58 (-640 960 128 ) (-640 832 128 ) (-656 816 128 ) (-656 976 128 ) 
4 37 38 (-656 976 128 ) (-656 816 128 ) (-656 816 192 ) (-656 976 192 ) 
4 38 59 (-1008 1024 128 ) (-656 1024 128 ) (-656 768 128 ) (-1008 768 128 ) 
4 38 39 (-1008 976 128 ) (-1008 816 128 ) (-1008 816 192 ) (-1008 976 192 ) 
4 39 60 (-1008 976 128 ) (-1008 816 128 ) (-1024 832 128 ) (-1024 960 128 ) 
3 40 61 (-512 760 128 ) (-512 768 128 ) (-504 768 128 ) 
4 40 42 (-512 768 192 ) (-512 768 128 ) (-512 760 128 ) (-512 760 192 ) 
3 41 62 (-504 704 128 ) (-512 704 128 ) (-512 712 128 ) 
4 41 45 (-512 704 128 ) (-504 704 128 ) (-504 704 192 ) (-512 704 192 ) 
4 41 42 (-512 712 128 ) (-512 704 128 ) (-512 704 192 ) (-512 712 192 ) 
4 42 63 (-512 704 128 ) (-624 704 128 ) (-624 768 128 ) (-512 768 128 ) 
4 42 45 (-624 704 128 ) (-512 704 128 ) (-512 704 192 ) (-624 704 192 ) 
4 42 44 (-624 768 192 ) (-624 768 128 ) (-624 760 128 ) (-624 760 192 ) 
4 42 43 (-624 712 128 ) (-624 704 128 ) (-624 704 192 ) (-624 712 192 ) 
3 43 64 (-624 704 128 ) (-632 704 128 ) (-624 712 128 ) 
4 43 45 (-632 704 128 ) (-624 704 128 ) (-624 704 192 ) (-632 704 192 ) 
3 44 65 (-632 768 128 ) (-624 768 128 ) (-624 760 128 ) 
4 45 68 (-1024 595 128 ) (-1024 623 128 ) (-1023 623 128 ) (-1023 595 128 ) 
4 45 67 (-1024 623 128 ) (-1024 704 128 ) (-1023 704 128 ) (-1023 623 128 ) 
4 45 70 (-1024 512 128 ) (-1024 595 128 ) (-1023 595 128 ) (-1023 512 128 ) 
6 45 66 (-1023 704 128 ) (-336 704 128 ) (-320 688 128 ) (-320 528 128 ) (-336 512 128 ) (-1023 512 128 ) 
4 46 49 (-392 264 130 ) (-424 264 130 ) (-424 424 130 ) (-392 424 130 ) 
4 46 48 (-360 264 130 ) (-392 264 130 ) (-392 360 130 ) (-360 360 130 ) 
4 46 47 (-328 264 130 ) (-360 264 130 ) (-360 392 130 ) (-328 392 130 ) 
4 47 73 (-328 264 128 ) (-360 264 128 ) (-360 392 128 ) (-328 392 128 ) 
4 47 48 (-360 264 128 ) (-360 264 130 ) (-360 360 130 ) (-360 360 128 ) 
4 48 73 (-360 264 128 ) (-392 264 128 ) (-392 360 128 ) (-360 360 128 ) 
4 48 49 (-392 264 128 ) (-392 264 130 ) (-392 360 130 ) (-392 360 128 ) 
4 49 73 (-392 264 128 ) (-424 264 128 ) (-424 424 128 ) (-392 424 128 ) 
4 50 51 (-512 504 192 ) (-512 504 128 ) (-512 503.741974 128 ) (-512 503.741974 192 ) 
4 51 80 (-512 256 128 ) (-1016 256 128 ) (-1016 366 128 ) (-512 366 128 ) 
4 51 76 (-1016 366 128 ) (-1016 504 128 ) (-512 504 128 ) (-512 366 128 ) 
4 51 54 (-1016 256 128 ) (-768 256 128 ) (-768 256 192 ) (-1016 256 192 ) 
4 51 53 (-768 256 128 ) (-752 256 128 ) (-752 256 192 ) (-768 256 192 ) 
4 51 52 (-1016 504 192 ) (-1016 504 128 ) (-1016 280 128 ) (-1016 280 192 ) 
4 52 81 (-1024 288 128 ) (-1024 366 128 ) (-1016 366 128 ) (-1016 280 128 ) 
4 52 78 (-1024 366 128 ) (-1024 394 128 ) (-1023 394 128 ) (-1023 366 128 ) 
4 52 77 (-1024 394 128 ) (-1024 504 128 ) (-1023 504 128 ) (-1023 394 128 ) 
4 52 76 (-1023 504 128 ) (-1016 504 128 ) (-1016 366 128 ) (-1023 366 128 ) 
3 53 82 (-768 240 128 ) (-768 256 128 ) (-752 256 128 ) 
4 53 54 (-768 256 192 ) (-768 256 128 ) (-768 240 128 ) (-768 240 192 ) 
4 54 83 (-1024 16 128 ) (-1024 256 128 ) (-768 256 128 ) (-768 16 128 ) 
4 55 94 (-328 0 192 ) (-1024 0 192 ) (-1024 0 128 ) (-328 0 128 ) 
4 55 92 (-328 0 128 ) (-1024 0 128 ) (-1024 8 128 ) (-328 8 128 ) 
4 56 65 (-632 768 0 ) (-624 768 0 ) (-624 768 128 ) (-632 768 128 ) 
4 56 63 (-624 768 0 ) (-512 768 0 ) (-512 768 128 ) (-624 768 128 ) 
4 56 61 (-512 768 0 ) (-504 768 0 ) (-504 768 128 ) (-512 768 128 ) 
4 56 57 (-632 948 0 ) (-632 844 0 ) (-632 844 112 ) (-632 948 112 ) 
4 57 58 (-640 948 0 ) (-640 844 0 ) (-640 844 112 ) (-640 948 112 ) 
4 58 59 (-656 976 0 ) (-656 816 0 ) (-656 816 128 ) (-656 976 128 ) 
4 59 60 (-1008 976 0 ) (-1008 816 0 ) (-1008 816 128 ) (-1008 976 128 ) 
4 60 98 (-1024 881 93 ) (-1024 911 93 ) (-1024 911 31 ) (-1024 881 31 ) 
4 61 63 (-512 768 128 ) (-512 768 0 ) (-512 760 0 ) (-512 760 128 ) 
4 62 66 (-512 704 0 ) (-504 704 0 ) (-504 704 128 ) (-512 704 128 ) 
4 62 63 (-512 712 0 ) (-512 704 0 ) (-512 704 128 ) (-512 712 128 ) 
4 63 66 (-624 704 0 ) (-512 704 0 ) (-512 704 128 ) (-624 704 128 ) 
4 63 65 (-624 768 128 ) (-624 768 0 ) (-624 760 0 ) (-624 760 128 ) 
4 63 64 (-624 712 0 ) (-624 704 0 ) (-624 704 128 ) (-624 712 128 ) 
4 64 66 (-632 704 0 ) (-624 704 0 ) (-624 704 128 ) (-632 704 128 ) 
5 66 71 (-564 512 0 ) (-522 512 0 ) (-522 512 1 ) (-535 512 15 ) (-553 512 21 ) 
4 66 72 (-956 512 0 ) (-900 512 0 ) (-900 512 112 ) (-956 512 112 ) 
4 66 68 (-1023 595 92 ) (-1023 595 128 ) (-1023 623 128 ) (-1023 623 92 ) 
4 66 69 (-1023 623 0 ) (-1023 595 0 ) (-1023 595 59 ) (-1023 623 59 ) 
4 66 67 (-1023 704 128 ) (-1023 704 0 ) (-1023 623 0 ) (-1023 623 128 ) 
4 66 70 (-1023 595 0 ) (-1023 512 0 ) (-1023 512 128 ) (-1023 595 128 ) 
4 67 100 (-1024 623 31 ) (-1024 623 93 ) (-1024 625 93 ) (-1024 625 31 ) 
4 67 68 (-1023 623 92 ) (-1023 623 128 ) (-1024 623 128 ) (-1024 623 92 ) 
4 67 69 (-1024 623 0 ) (-1023 623 0 ) (-1023 623 59 ) (-1024 623 59 ) 
4 68 100 (-1024 595 92 ) (-1024 595 93 ) (-1024 623 93 ) (-1024 623 92 ) 
4 68 70 (-1023 595 92 ) (-1023 595 128 ) (-1024 595 128 ) (-1024 595 92 ) 
4 69 100 (-1024 595 31 ) (-1024 595 59 ) (-1024 623 59 ) (-1024 623 31 ) 
4 69 70 (-1024 595 0 ) (-1023 595 0 ) (-1023 595 59 ) (-1024 595 59 ) 
4 70 100 (-1024 593 93 ) (-1024 595 93 ) (-1024 595 31 ) (-1024 593 31 ) 
5 71 76 (-564 504 0 ) (-522 504 0 ) (-522 504 1 ) (-535 504 15 ) (-553 504 21 ) 
4 72 76 (-956 504 0 ) (-900 504 0 ) (-900 504 112 ) (-956 504 112 ) 
4 73 75 (-504 476 0 ) (-504 420 0 ) (-504 420 112 ) (-504 476 112 ) 
4 74 76 (-512 504 112 ) (-512 504 0 ) (-512 503.741974 0 ) (-512 503.741974 112 ) 
4 75 76 (-512 476 0 ) (-512 420 0 ) (-512 420 112 ) (-512 476 112 ) 
4 76 81 (-1023 366 0 ) (-1016 366 0 ) (-1016 366 128 ) (-1023 366 128 ) 
4 76 80 (-1016 366 0 ) (-512 366 0 ) (-512 366 128 ) (-1016 366 128 ) 
4 76 78 (-1023 366 92 ) (-1023 366 128 ) (-1023 394 128 ) (-1023 394 92 ) 
4 76 79 (-1023 394 0 ) (-1023 366 0 ) (-1023 366 46 ) (-1023 394 46 ) 
4 76 77 (-1023 504 128 ) (-1023 504 0 ) (-1023 394 0 ) (-1023 394 128 ) 
4 77 102 (-1024 394 31 ) (-1024 394 93 ) (-1024 396 93 ) (-1024 396 31 ) 
4 77 78 (-1023 394 92 ) (-1023 394 128 ) (-1024 394 128 ) (-1024 394 92 ) 
4 77 79 (-1024 394 0 ) (-1023 394 0 ) (-1023 394 46 ) (-1024 394 46 ) 
4 78 102 (-1024 366 92 ) (-1024 366 93 ) (-1024 394 93 ) (-1024 394 92 ) 
4 78 81 (-1023 366 92 ) (-1023 366 128 ) (-1024 366 128 ) (-1024 366 92 ) 
4 79 102 (-1024 366 31 ) (-1024 366 46 ) (-1024 394 46 ) (-1024 394 31 ) 
4 79 81 (-1024 366 0 ) (-1023 366 0 ) (-1023 366 46 ) (-1024 366 46 ) 
4 80 86 (-1016 256 0 ) (-768 256 0 ) (-768 256 112 ) (-1016 256 112 ) 
4 80 84 (-768 256 0 ) (-752 256 0 ) (-752 256 112 ) (-768 256 112 ) 
4 80 83 (-768 256 128 ) (-1016 256 128 ) (-1016 256 112 ) (-768 256 112 ) 
4 80 82 (-752 256 128 ) (-768 256 128 ) (-768 256 112 ) (-752 256 112 ) 
4 80 81 (-1016 366 128 ) (-1016 366 0 ) (-1016 280 0 ) (-1016 280 128 ) 
4 81 102 (-1024 364 93 ) (-1024 366 93 ) (-1024 366 31 ) (-1024 364 31 ) 
3 82 84 (-768 240 112 ) (-768 256 112 ) (-752 256 112 ) 
4 82 83 (-768 256 128 ) (-768 256 112 ) (-768 240 112 ) (-768 240 128 ) 
4 83 88 (-1024 118 112 ) (-1024 146 112 ) (-1023 146 112 ) (-1023 118 112 ) 
4 83 87 (-1024 146 112 ) (-1024 256 112 ) (-1023 256 112 ) (-1023 146 112 ) 
4 83 90 (-1024 16 112 ) (-1024 118 112 ) (-1023 118 112 ) (-1023 16 112 ) 
4 83 86 (-1023 256 112 ) (-768 256 112 ) (-768 16 112 ) (-1023 16 112 ) 
4 84 86 (-768 240 112 ) (-768 256 112 ) (-768 256 0 ) (-768 240 0 ) 
4 85 86 (-768 144 112 ) (-768 200 112 ) (-768 200 0 ) (-768 144 0 ) 
4 86 91 (-924 16 0 ) (-868 16 0 ) (-868 16 112 ) (-924 16 112 ) 
4 86 88 (-1023 118 112 ) (-1023 146 112 ) (-1023 146 92 ) (-1023 118 92 ) 
4 86 89 (-1023 146 46 ) (-1023 146 0 ) (-1023 118 0 ) (-1023 118 46 ) 
4 86 87 (-1023 146 112 ) (-1023 256 112 ) (-1023 256 0 ) (-1023 146 0 ) 
4 86 90 (-1023 16 0 ) (-1023 16 112 ) (-1023 118 112 ) (-1023 118 0 ) 
4 87 104 (-1024 146 31 ) (-1024 146 93 ) (-1024 148 93 ) (-1024 148 31 ) 
4 87 88 (-1023 146 92 ) (-1023 146 112 ) (-1024 146 112 ) (-1024 146 92 ) 
4 87 89 (-1024 146 0 ) (-1023 146 0 ) (-1023 146 46 ) (-1024 146 46 ) 
4 88 104 (-1024 118 92 ) (-1024 118 93 ) (-1024 146 93 ) (-1024 146 92 ) 
4 88 90 (-1023 118 92 ) (-1023 118 112 ) (-1024 118 112 ) (-1024 118 92 ) 
4 89 104 (-1024 118 31 ) (-1024 118 46 ) (-1024 146 46 ) (-1024 146 31 ) 
4 89 90 (-1024 118 0 ) (-1023 118 0 ) (-1023 118 46 ) (-1024 118 46 ) 
4 90 104 (-1024 116 93 ) (-1024 118 93 ) (-1024 118 31 ) (-1024 116 31 ) 
4 91 93 (-924 8 0 ) (-868 8 0 ) (-868 8 112 ) (-924 8 112 ) 
4 92 94 (-328 0 128 ) (-1024 0 128 ) (-1024 0 112 ) (-328 0 112 ) 
4 92 93 (-1024 0 112 ) (-1024 8 112 ) (-328 8 112 ) (-328 0 112 ) 
4 93 96 (-1024 0 112 ) (-1024 0 0 ) (-328 0 0 ) (-328 0 112 ) 
4 94 96 (-1024 0 112 ) (-328 0 112 ) (-328 -248 112 ) (-1024 -248 112 ) 
4 95 96 (-328 -92 0 ) (-328 -148 0 ) (-328 -148 112 ) (-328 -92 112 ) 
4 96 106 (-1024 -136 93 ) (-1024 -104 93 ) (-1024 -104 31 ) (-1024 -136 31 ) 
4 96 97 (-924 -248 0 ) (-868 -248 0 ) (-868 -248 112 ) (-924 -248 112 ) 
4 98 99 (-1028 911 93 ) (-1028 911 31 ) (-1028 881 31 ) (-1028 881 93 ) 
4 100 101 (-1028 625 93 ) (-1028 625 31 ) (-1028 593 31 ) (-1028 593 93 ) 
4 102 103 (-1028 396 93 ) (-1028 396 31 ) (-1028 364 31 ) (-1028 364 93 ) 
4 104 105 (-1028 148 93 ) (-1028 148 31 ) (-1028 116 31 ) (-1028 116 93 ) 
4 106 107 (-1028 -104 93 ) (-1028 -104 31 ) (-1028 -136 31 ) (-1028 -136 93 ) 
