PRT1
169
373
7 0 1 (616 3072 0 ) (616 3072 288 ) (560 3072 333 ) (424 3072 352 ) (288 3072 333 ) (232 3072 288 ) (232 3072 0 ) 
7 1 2 (616 2048 0 ) (616 2048 288 ) (560 2048 333 ) (424 2048 352 ) (288 2048 333 ) (232 2048 288 ) (232 2048 0 ) 
4 2 9 (232 1856 0 ) (616 1856 0 ) (616 1856 56 ) (232 1856 56 ) 
3 2 8 (246 1856 56 ) (248 1856 56 ) (248 1856 58 ) 
3 2 7 (248 1856 64 ) (246 1856 64 ) (248 1856 62 ) 
3 2 5 (600 1856 58 ) (600 1856 56 ) (602 1856 56 ) 
3 2 4 (602 1856 64 ) (600 1856 64 ) (600 1856 62 ) 
4 2 6 (600 1856 64 ) (248 1856 64 ) (248 1856 56 ) (600 1856 56 ) 
7 2 3 (616 1856 64 ) (616 1856 288 ) (560 1856 333 ) (424 1856 352 ) (288 1856 333 ) (232 1856 288 ) (232 1856 64 ) 
4 3 31 (104 1024 416 ) (104 1024 64 ) (232 1024 64 ) (232 1024 416 ) 
4 3 23 (232 1024 64 ) (248 1024 64 ) (248 1024 128 ) (232 1024 128 ) 
4 3 21 (248 1024 64 ) (600 1024 64 ) (600 1024 128 ) (248 1024 128 ) 
4 3 13 (600 1024 64 ) (616 1024 64 ) (616 1024 128 ) (600 1024 128 ) 
4 3 11 (616 1024 64 ) (744 1024 64 ) (744 1024 128 ) (616 1024 128 ) 
4 3 10 (744 1024 128 ) (744 1024 416 ) (232 1024 416 ) (232 1024 128 ) 
4 3 7 (248 1024 64 ) (246 1024 64 ) (246 1856 64 ) (248 1856 64 ) 
4 3 4 (602 1024 64 ) (600 1024 64 ) (600 1856 64 ) (602 1856 64 ) 
4 3 6 (600 1024 64 ) (248 1024 64 ) (248 1856 64 ) (600 1856 64 ) 
3 4 14 (602 1024 64 ) (600 1024 64 ) (600 1024 62 ) 
4 4 6 (600 1024 62 ) (600 1024 64 ) (600 1856 64 ) (600 1856 62 ) 
3 5 12 (600 1024 58 ) (600 1024 56 ) (602 1024 56 ) 
4 5 9 (600 1856 56 ) (602 1856 56 ) (602 1024 56 ) (600 1024 56 ) 
4 5 6 (600 1856 56 ) (600 1024 56 ) (600 1024 58 ) (600 1856 58 ) 
4 6 21 (600 1024 64 ) (248 1024 64 ) (248 1024 56 ) (600 1024 56 ) 
4 6 9 (248 1856 56 ) (600 1856 56 ) (600 1024 56 ) (248 1024 56 ) 
4 6 8 (248 1856 56 ) (248 1024 56 ) (248 1024 58 ) (248 1856 58 ) 
4 6 7 (248 1024 62 ) (248 1024 64 ) (248 1856 64 ) (248 1856 62 ) 
3 7 24 (248 1024 64 ) (246 1024 64 ) (248 1024 62 ) 
3 8 22 (246 1024 56 ) (248 1024 56 ) (248 1024 58 ) 
4 8 9 (246 1856 56 ) (248 1856 56 ) (248 1024 56 ) (246 1024 56 ) 
4 9 28 (248 1024 56 ) (232 1024 56 ) (232 1024 0 ) (248 1024 0 ) 
4 9 21 (600 1024 56 ) (248 1024 56 ) (248 1024 0 ) (600 1024 0 ) 
4 9 18 (616 1024 56 ) (600 1024 56 ) (600 1024 0 ) (616 1024 0 ) 
4 10 32 (232 384 416 ) (232 384 128 ) (744 384 128 ) (744 384 416 ) 
4 10 31 (232 1024 416 ) (232 1024 128 ) (232 384 128 ) (232 384 416 ) 
3 10 26 (232 384 128 ) (232 388 128 ) (236 388 128 ) 
3 10 25 (244 388 128 ) (248 388 128 ) (248 384 128 ) 
4 10 23 (232 388 128 ) (232 1024 128 ) (248 1024 128 ) (248 388 128 ) 
4 10 21 (248 1024 128 ) (600 1024 128 ) (600 384 128 ) (248 384 128 ) 
3 10 16 (600 384 128 ) (600 388 128 ) (604 388 128 ) 
3 10 15 (616 388 128 ) (616 384 128 ) (612 388 128 ) 
4 10 13 (600 1024 128 ) (616 1024 128 ) (616 388 128 ) (600 388 128 ) 
4 10 11 (616 1024 128 ) (744 1024 128 ) (744 384 128 ) (616 384 128 ) 
4 11 33 (744 384 64 ) (744 384 128 ) (616 384 128 ) (616 384 64 ) 
4 11 15 (616 384 64 ) (616 384 128 ) (616 388 128 ) (616 388 64 ) 
4 11 13 (616 388 128 ) (616 1024 128 ) (616 1024 64 ) (616 388 64 ) 
4 12 21 (600 384 56 ) (600 384 58 ) (600 1024 58 ) (600 1024 56 ) 
4 12 20 (600 384 56 ) (600 388 56 ) (602 388 56 ) (602 386 56 ) 
4 12 18 (600 388 56 ) (600 1024 56 ) (602 1024 56 ) (602 388 56 ) 
4 13 21 (600 388 128 ) (600 1024 128 ) (600 1024 64 ) (600 388 64 ) 
4 13 16 (600 388 128 ) (600 388 64 ) (604 388 64 ) (604 388 128 ) 
4 13 15 (612 388 64 ) (616 388 64 ) (616 388 128 ) (612 388 128 ) 
4 13 14 (602 388 64 ) (600 388 64 ) (600 1024 64 ) (602 1024 64 ) 
4 14 21 (600 1024 64 ) (600 1024 62 ) (600 388 62 ) (600 388 64 ) 
3 14 17 (600 388 64 ) (600 388 62 ) (602 388 64 ) 
4 16 21 (600 384 64 ) (600 384 128 ) (600 388 128 ) (600 388 64 ) 
4 16 17 (600 384 64 ) (600 388 64 ) (602 388 64 ) (602 386 64 ) 
4 17 21 (600 384 62 ) (600 384 64 ) (600 388 64 ) (600 388 62 ) 
4 18 21 (600 1024 0 ) (600 388 0 ) (600 388 56 ) (600 1024 56 ) 
4 18 20 (604 388 56 ) (600 388 56 ) (600 388 0 ) (604 388 0 ) 
4 18 19 (616 388 0 ) (616 388 56 ) (612 388 56 ) (612 388 0 ) 
4 20 21 (600 388 0 ) (600 384 0 ) (600 384 56 ) (600 388 56 ) 
4 21 34 (248 384 0 ) (600 384 0 ) (600 384 128 ) (248 384 128 ) 
4 21 29 (248 388 0 ) (248 384 0 ) (248 384 56 ) (248 388 56 ) 
4 21 28 (248 1024 0 ) (248 388 0 ) (248 388 56 ) (248 1024 56 ) 
4 21 27 (248 384 62 ) (248 384 64 ) (248 388 64 ) (248 388 62 ) 
4 21 25 (248 384 64 ) (248 384 128 ) (248 388 128 ) (248 388 64 ) 
4 21 24 (248 1024 64 ) (248 1024 62 ) (248 388 62 ) (248 388 64 ) 
4 21 23 (248 388 128 ) (248 1024 128 ) (248 1024 64 ) (248 388 64 ) 
4 21 22 (248 384 56 ) (248 384 58 ) (248 1024 58 ) (248 1024 56 ) 
4 22 29 (248 388 56 ) (248 384 56 ) (246 386 56 ) (246 388 56 ) 
4 22 28 (246 1024 56 ) (248 1024 56 ) (248 388 56 ) (246 388 56 ) 
4 23 31 (232 1024 128 ) (232 1024 64 ) (232 388 64 ) (232 388 128 ) 
4 23 26 (236 388 128 ) (232 388 128 ) (232 388 64 ) (236 388 64 ) 
4 23 25 (248 388 64 ) (248 388 128 ) (244 388 128 ) (244 388 64 ) 
4 23 24 (248 388 64 ) (246 388 64 ) (246 1024 64 ) (248 1024 64 ) 
3 24 27 (248 388 62 ) (248 388 64 ) (246 388 64 ) 
4 25 27 (246 388 64 ) (248 388 64 ) (248 384 64 ) (246 386 64 ) 
4 26 31 (232 384 64 ) (232 384 128 ) (232 388 128 ) (232 388 64 ) 
4 28 30 (236 388 56 ) (232 388 56 ) (232 388 0 ) (236 388 0 ) 
4 28 29 (248 388 0 ) (248 388 56 ) (244 388 56 ) (244 388 0 ) 
4 31 35 (104 384 128 ) (104 384 64 ) (232 384 64 ) (232 384 128 ) 
4 31 32 (104 384 416 ) (104 384 128 ) (232 384 128 ) (232 384 416 ) 
4 32 38 (104 0 416 ) (104 0 128 ) (744 0 128 ) (744 0 416 ) 
4 32 35 (104 384 128 ) (232 384 128 ) (232 0 128 ) (104 0 128 ) 
4 32 34 (248 384 128 ) (600 384 128 ) (600 0 128 ) (248 0 128 ) 
4 32 33 (616 384 128 ) (744 384 128 ) (744 0 128 ) (616 0 128 ) 
4 33 39 (744 0 128 ) (616 0 128 ) (616 0 0 ) (744 0 0 ) 
4 33 36 (744 0 0 ) (616 0 0 ) (616 368 0 ) (744 368 0 ) 
4 34 41 (600 0 128 ) (248 0 128 ) (248 0 0 ) (600 0 0 ) 
4 35 42 (232 0 128 ) (104 0 128 ) (104 0 0 ) (232 0 0 ) 
4 35 37 (232 0 0 ) (104 0 0 ) (104 368 0 ) (232 368 0 ) 
4 36 45 (744 0 0 ) (616 0 0 ) (616 0 -256 ) (744 0 -256 ) 
4 37 48 (232 0 0 ) (104 0 0 ) (104 0 -256 ) (232 0 -256 ) 
7 38 44 (232 -192 128 ) (616 -192 128 ) (616 -192 288 ) (560 -192 333 ) (424 -192 352 ) (288 -192 333 ) (232 -192 288 ) 
4 38 43 (232 -192 128 ) (104 -192 128 ) (104 -176 128 ) (232 -176 128 ) 
4 38 42 (104 -176 128 ) (104 0 128 ) (232 0 128 ) (232 -176 128 ) 
4 38 41 (600 -192 128 ) (248 -192 128 ) (248 0 128 ) (600 0 128 ) 
4 38 40 (744 -192 128 ) (616 -192 128 ) (616 -176 128 ) (744 -176 128 ) 
4 38 39 (616 -176 128 ) (616 0 128 ) (744 0 128 ) (744 -176 128 ) 
4 39 45 (616 0 0 ) (744 0 0 ) (744 -176 0 ) (616 -176 0 ) 
4 39 40 (616 -176 128 ) (616 -176 120 ) (744 -176 120 ) (744 -176 128 ) 
4 41 44 (248 -192 0 ) (600 -192 0 ) (600 -192 128 ) (248 -192 128 ) 
4 42 48 (104 0 0 ) (232 0 0 ) (232 -176 0 ) (104 -176 0 ) 
4 42 43 (104 -176 128 ) (104 -176 120 ) (232 -176 120 ) (232 -176 128 ) 
7 44 51 (232 -1024 288 ) (232 -1024 0 ) (616 -1024 0 ) (616 -1024 288 ) (560 -1024 333 ) (424 -1024 352 ) (288 -1024 333 ) 
5 45 47 (616 -176 -128.036041 ) (616 -176 -256 ) (680 -176 -256 ) (680 -176 -64.036499 ) (634.872070 -176 -83.036476 ) 
5 45 46 (680 -176 -256 ) (744 -176 -256 ) (744 -176 -128.036072 ) (725.127930 -176 -83.036484 ) (680 -176 -64.036491 ) 
5 46 50 (680 -416 -64.036491 ) (680 -416 -256 ) (744 -416 -256 ) (744 -416 -128.036072 ) (725.127930 -416 -83.036484 ) 
4 46 47 (680 -176 -64.036491 ) (680 -176 -256 ) (680 -416 -256 ) (680 -416 -64.036499 ) 
5 47 50 (616 -416 -128.036041 ) (616 -416 -256 ) (680 -416 -256 ) (680 -416 -64.036499 ) (634.872070 -416 -83.036476 ) 
7 48 49 (104 -176 -128.036011 ) (104 -176 -256 ) (232 -176 -256 ) (232 -176 -128.036011 ) (213.128006 -176 -83.036499 ) (168 -176 -64.036499 ) (122.872009 -176 -83.036491 ) 
7 49 50 (104 -416 -128.036011 ) (104 -416 -256 ) (232 -416 -256 ) (232 -416 -128.036011 ) (213.128006 -416 -83.036499 ) (168 -416 -64.036499 ) (122.872009 -416 -83.036491 ) 
4 50 55 (0 -672 -256 ) (0 -672 -64 ) (0 -416 -64 ) (0 -416 -256 ) 
7 51 54 (232 -1248 0 ) (616 -1248 0 ) (616 -1248 288 ) (560 -1248 333 ) (424 -1248 352 ) (288 -1248 333 ) (232 -1248 288 ) 
4 52 54 (232 -1696 416 ) (232 -1312 416 ) (616 -1312 416 ) (616 -1696 416 ) 
4 53 66 (616 -2048 512 ) (232 -2048 512 ) (232 -2048 416 ) (616 -2048 416 ) 
4 53 54 (616 -2048 416 ) (232 -2048 416 ) (232 -1760 416 ) (616 -1760 416 ) 
4 54 67 (680 -2048 0 ) (680 -2048 416 ) (168 -2048 416 ) (168 -2048 0 ) 
4 56 65 (1024 -2144 512 ) (1024 -2240 512 ) (1024 -2240 1440 ) (1024 -2144 1440 ) 
4 56 57 (1024 -2240 1440 ) (1024 -2240 512 ) (1576 -2240 512 ) (1576 -2240 1440 ) 
4 57 68 (1024 -3072 416 ) (1024 -3072 1440 ) (1024 -2240 1440 ) (1024 -2240 416 ) 
4 57 58 (1576 -3072 416 ) (1576 -3072 1440 ) (1024 -3072 1440 ) (1024 -3072 416 ) 
4 58 75 (1024 -4096 416 ) (1024 -4096 1440 ) (1024 -3264 1440 ) (1024 -3264 416 ) 
4 58 73 (1024 -3264 1440 ) (1024 -3072 1440 ) (1024 -3072 416 ) (1024 -3264 416 ) 
4 58 61 (1024 -4096 544 ) (1024 -4096 416 ) (1128 -4096 416 ) (1128 -4096 544 ) 
4 58 60 (1128 -4096 416 ) (1576 -4096 416 ) (1576 -4096 544 ) (1128 -4096 544 ) 
4 58 59 (1024 -4096 1440 ) (1024 -4096 544 ) (1576 -4096 544 ) (1576 -4096 1440 ) 
4 59 106 (1128 -5120 1440 ) (1024 -5120 1440 ) (1024 -5120 544 ) (1128 -5120 544 ) 
4 59 105 (1576 -5120 544 ) (1576 -5120 1440 ) (1128 -5120 1440 ) (1128 -5120 544 ) 
4 59 79 (1024 -5120 544 ) (1024 -5120 1440 ) (1024 -4096 1440 ) (1024 -4096 544 ) 
4 59 61 (1024 -4864 544 ) (1024 -4096 544 ) (1128 -4096 544 ) (1128 -4864 544 ) 
4 59 60 (1128 -4096 544 ) (1576 -4096 544 ) (1576 -5120 544 ) (1128 -5120 544 ) 
4 60 105 (1576 -5120 416 ) (1576 -5120 544 ) (1128 -5120 544 ) (1128 -5120 416 ) 
4 60 62 (1576 -4416 416 ) (1576 -4480 416 ) (1128 -4480 416 ) (1128 -4416 416 ) 
4 60 63 (1576 -4736 416 ) (1576 -4800 416 ) (1128 -4800 416 ) (1128 -4736 416 ) 
4 60 61 (1128 -4096 416 ) (1128 -4864 416 ) (1128 -4864 544 ) (1128 -4096 544 ) 
4 61 80 (1024 -4864 544 ) (1024 -4096 544 ) (1024 -4096 416 ) (1024 -4864 416 ) 
4 61 62 (1128 -4416 416 ) (1128 -4480 416 ) (1024 -4480 416 ) (1024 -4416 416 ) 
4 61 63 (1128 -4736 416 ) (1128 -4800 416 ) (1024 -4800 416 ) (1024 -4736 416 ) 
3 62 92 (1024 -4416 416 ) (1024 -4416 384 ) (1024 -4448 384 ) 
4 62 83 (1024 -4480 416 ) (1024 -4416 416 ) (1024 -4448 384 ) (1024 -4480 384 ) 
4 62 64 (1024 -4480 384 ) (1024 -4416 384 ) (1576 -4416 384 ) (1576 -4480 384 ) 
3 63 89 (1024 -4800 416 ) (1024 -4768 384 ) (1024 -4800 384 ) 
4 63 87 (1024 -4800 416 ) (1024 -4736 416 ) (1024 -4736 384 ) (1024 -4768 384 ) 
4 63 64 (1576 -4800 384 ) (1024 -4800 384 ) (1024 -4736 384 ) (1576 -4736 384 ) 
4 64 92 (1024 -4416 384 ) (1024 -4416 352 ) (1024 -4480 352 ) (1024 -4448 384 ) 
4 64 89 (1024 -4736 352 ) (1024 -4800 352 ) (1024 -4800 384 ) (1024 -4768 384 ) 
3 64 87 (1024 -4736 352 ) (1024 -4768 384 ) (1024 -4736 384 ) 
4 64 85 (1024 -4480 352 ) (1024 -4736 352 ) (1024 -4736 384 ) (1024 -4480 384 ) 
3 64 83 (1024 -4480 352 ) (1024 -4480 384 ) (1024 -4448 384 ) 
4 65 71 (0 -2144 512 ) (0 -2240 512 ) (0 -2240 1440 ) (0 -2144 1440 ) 
4 65 68 (1024 -2240 512 ) (1024 -2240 1440 ) (0 -2240 1440 ) (0 -2240 512 ) 
4 66 67 (232 -2048 416 ) (616 -2048 416 ) (616 -2144 416 ) (232 -2144 416 ) 
4 67 70 (616 -2240 128 ) (232 -2240 128 ) (232 -2240 0 ) (616 -2240 0 ) 
7 67 69 (288 -2240 333 ) (232 -2240 288 ) (232 -2240 128 ) (616 -2240 128 ) (616 -2240 288 ) (560 -2240 333 ) (424 -2240 352 ) 
4 68 73 (1024 -3072 416 ) (1024 -3072 1440 ) (0 -3072 1440 ) (0 -3072 416 ) 
4 68 72 (0 -3072 416 ) (0 -3072 1440 ) (0 -2240 1440 ) (0 -2240 416 ) 
7 69 74 (288 -3072 333 ) (232 -3072 288 ) (232 -3072 128 ) (616 -3072 128 ) (616 -3072 288 ) (560 -3072 333 ) (424 -3072 352 ) 
4 69 70 (232 -2240 128 ) (616 -2240 128 ) (616 -3072 128 ) (232 -3072 128 ) 
4 70 77 (616 -3072 128 ) (232 -3072 128 ) (232 -3072 0 ) (616 -3072 0 ) 
4 71 72 (-792 -2240 1440 ) (-792 -2240 512 ) (0 -2240 512 ) (0 -2240 1440 ) 
4 72 98 (0 -3072 416 ) (0 -3072 1440 ) (-792 -3072 1440 ) (-792 -3072 416 ) 
4 73 98 (0 -3072 1440 ) (0 -3072 416 ) (0 -3264 416 ) (0 -3264 1440 ) 
4 73 75 (1024 -3264 416 ) (1024 -3264 1440 ) (0 -3264 1440 ) (0 -3264 416 ) 
4 74 77 (232 -3072 128 ) (616 -3072 128 ) (616 -3264 128 ) (232 -3264 128 ) 
7 74 76 (232 -3264 128 ) (616 -3264 128 ) (616 -3264 288 ) (560 -3264 333 ) (424 -3264 352 ) (288 -3264 333 ) (232 -3264 288 ) 
4 75 98 (0 -4096 416 ) (0 -4096 1440 ) (0 -3264 1440 ) (0 -3264 416 ) 
4 75 80 (1024 -4096 416 ) (1024 -4096 544 ) (680 -4096 544 ) (680 -4096 416 ) 
4 75 81 (680 -4096 544 ) (0 -4096 544 ) (0 -4096 416 ) (680 -4096 416 ) 
4 75 79 (1024 -4096 544 ) (1024 -4096 1440 ) (0 -4096 1440 ) (0 -4096 544 ) 
6 75 76 (200 -3264 416 ) (648 -3264 416 ) (680 -3296 416 ) (680 -4096 416 ) (168 -4096 416 ) (168 -3296 416 ) 
4 76 82 (680 -4096 416 ) (168 -4096 416 ) (168 -4096 128 ) (680 -4096 128 ) 
6 76 78 (200 -3264 128 ) (648 -3264 128 ) (680 -3296 128 ) (680 -4096 128 ) (168 -4096 128 ) (168 -3296 128 ) 
4 77 78 (232 -3264 0 ) (616 -3264 0 ) (616 -3264 128 ) (232 -3264 128 ) 
4 78 97 (680 -4096 0 ) (680 -4096 128 ) (168 -4096 128 ) (168 -4096 0 ) 
4 79 114 (1024 -5120 544 ) (1024 -5120 1440 ) (0 -5120 1440 ) (0 -5120 544 ) 
4 79 99 (0 -5120 544 ) (0 -5120 1440 ) (0 -4096 1440 ) (0 -4096 544 ) 
4 79 80 (1024 -4096 544 ) (1024 -4864 544 ) (680 -4864 544 ) (680 -4096 544 ) 
4 79 81 (680 -5120 544 ) (0 -5120 544 ) (0 -4096 544 ) (680 -4096 544 ) 
4 80 88 (680 -4800 416 ) (680 -4736 416 ) (808 -4736 416 ) (808 -4800 416 ) 
4 80 87 (872 -4736 416 ) (1024 -4736 416 ) (1024 -4800 416 ) (872 -4800 416 ) 
4 80 84 (680 -4480 416 ) (680 -4416 416 ) (808 -4416 416 ) (808 -4480 416 ) 
4 80 83 (872 -4416 416 ) (1024 -4416 416 ) (1024 -4480 416 ) (872 -4480 416 ) 
4 80 81 (680 -4096 416 ) (680 -4864 416 ) (680 -4864 544 ) (680 -4096 544 ) 
4 81 115 (680 -5120 544 ) (0 -5120 544 ) (0 -5120 416 ) (680 -5120 416 ) 
4 81 99 (0 -5120 416 ) (0 -5120 544 ) (0 -4096 544 ) (0 -4096 416 ) 
4 81 96 (680 -5120 416 ) (168 -5120 416 ) (168 -4800 416 ) (680 -4800 416 ) 
4 81 88 (680 -4736 416 ) (680 -4800 416 ) (40 -4800 416 ) (40 -4736 416 ) 
4 81 84 (40 -4416 416 ) (680 -4416 416 ) (680 -4480 416 ) (40 -4480 416 ) 
4 81 82 (168 -4096 416 ) (680 -4096 416 ) (680 -4416 416 ) (168 -4416 416 ) 
4 82 97 (680 -4416 128 ) (168 -4416 128 ) (168 -4096 128 ) (680 -4096 128 ) 
4 82 95 (168 -4416 128 ) (680 -4416 128 ) (680 -4416 352 ) (168 -4416 352 ) 
4 82 93 (680 -4416 352 ) (680 -4416 416 ) (168 -4416 416 ) (168 -4416 352 ) 
4 83 92 (1024 -4480 352 ) (872 -4480 352 ) (872 -4416 416 ) (1024 -4416 416 ) 
4 83 85 (872 -4480 352 ) (1024 -4480 352 ) (1024 -4480 384 ) (872 -4480 384 ) 
4 84 93 (680 -4480 352 ) (168 -4480 352 ) (168 -4416 416 ) (680 -4416 416 ) 
4 84 86 (104 -4480 384 ) (168 -4480 352 ) (680 -4480 352 ) (744 -4480 384 ) 
4 85 87 (872 -4736 352 ) (1024 -4736 352 ) (1024 -4736 384 ) (872 -4736 384 ) 
4 86 95 (168 -4480 352 ) (680 -4480 352 ) (680 -4736 352 ) (168 -4736 352 ) 
4 86 88 (104 -4736 384 ) (168 -4736 352 ) (680 -4736 352 ) (744 -4736 384 ) 
4 87 89 (872 -4736 352 ) (1024 -4736 352 ) (1024 -4800 416 ) (872 -4800 416 ) 
4 88 90 (168 -4736 352 ) (680 -4736 352 ) (680 -4800 416 ) (168 -4800 416 ) 
4 90 96 (680 -4800 416 ) (168 -4800 416 ) (168 -4800 352 ) (680 -4800 352 ) 
4 90 95 (680 -4800 352 ) (168 -4800 352 ) (168 -4736 352 ) (680 -4736 352 ) 
3 91 101 (0 -4800 416 ) (0 -4736 352 ) (0 -4800 352 ) 
4 93 95 (168 -4416 352 ) (680 -4416 352 ) (680 -4480 352 ) (168 -4480 352 ) 
3 94 100 (0 -4416 416 ) (0 -4416 352 ) (0 -4480 352 ) 
4 95 97 (680 -4800 128 ) (168 -4800 128 ) (168 -4416 128 ) (680 -4416 128 ) 
4 95 96 (168 -4800 128 ) (680 -4800 128 ) (680 -4800 352 ) (168 -4800 352 ) 
4 96 119 (680 -5120 416 ) (168 -5120 416 ) (168 -5120 128 ) (680 -5120 128 ) 
4 96 97 (680 -5120 128 ) (168 -5120 128 ) (168 -4800 128 ) (680 -4800 128 ) 
4 97 133 (680 -5120 0 ) (680 -5120 128 ) (168 -5120 128 ) (168 -5120 0 ) 
4 98 99 (0 -4096 416 ) (0 -4096 1440 ) (-792 -4096 1440 ) (-792 -4096 416 ) 
4 99 147 (0 -5120 416 ) (0 -5120 1440 ) (-792 -5120 1440 ) (-792 -5120 416 ) 
4 99 102 (-792 -4480 416 ) (-792 -4416 416 ) (-24 -4416 416 ) (-24 -4480 416 ) 
4 99 104 (-792 -4800 416 ) (-792 -4736 416 ) (-24 -4736 416 ) (-24 -4800 416 ) 
3 100 102 (-24 -4416 416 ) (-24 -4416 352 ) (-24 -4480 352 ) 
3 101 104 (-24 -4736 352 ) (-24 -4800 352 ) (-24 -4800 416 ) 
4 102 103 (-792 -4480 352 ) (-24 -4480 352 ) (-24 -4480 384 ) (-792 -4480 384 ) 
4 103 104 (-792 -4736 352 ) (-24 -4736 352 ) (-24 -4736 384 ) (-792 -4736 384 ) 
4 105 109 (1128 -5504 416 ) (1576 -5504 416 ) (1576 -5504 544 ) (1128 -5504 544 ) 
4 105 108 (1576 -5504 544 ) (1576 -5504 1440 ) (1128 -5504 1440 ) (1128 -5504 544 ) 
4 105 106 (1128 -5248 544 ) (1128 -5248 1440 ) (1128 -5120 1440 ) (1128 -5120 544 ) 
4 105 107 (1128 -5248 416 ) (1128 -5504 416 ) (1128 -5504 1440 ) (1128 -5248 1440 ) 
4 106 114 (1024 -5120 1440 ) (1024 -5120 544 ) (1024 -5248 544 ) (1024 -5248 1440 ) 
4 106 107 (1128 -5248 544 ) (1128 -5248 1440 ) (1024 -5248 1440 ) (1024 -5248 544 ) 
4 107 116 (1024 -5248 416 ) (1024 -5504 416 ) (1024 -5504 544 ) (1024 -5248 544 ) 
4 107 114 (1024 -5504 544 ) (1024 -5504 1440 ) (1024 -5248 1440 ) (1024 -5248 544 ) 
4 107 109 (1024 -5504 544 ) (1024 -5504 416 ) (1128 -5504 416 ) (1128 -5504 544 ) 
4 107 108 (1024 -5504 1440 ) (1024 -5504 544 ) (1128 -5504 544 ) (1128 -5504 1440 ) 
4 108 114 (1024 -6144 544 ) (1024 -6144 1440 ) (1024 -5504 1440 ) (1024 -5504 544 ) 
4 108 111 (1576 -6144 544 ) (1576 -6144 1440 ) (1024 -6144 1440 ) (1024 -6144 544 ) 
4 108 109 (1024 -5504 544 ) (1576 -5504 544 ) (1576 -5920 544 ) (1024 -5920 544 ) 
4 109 120 (1024 -5504 416 ) (1024 -5504 288 ) (1024 -5920 288 ) (1024 -5920 416 ) 
4 109 116 (1024 -5920 544 ) (1024 -5504 544 ) (1024 -5504 416 ) (1024 -5920 416 ) 
4 110 131 (1024 -6144 -32 ) (1024 -6144 128 ) (1024 -5824 128 ) (1024 -5824 -32 ) 
4 110 125 (1024 -6144 128 ) (1024 -6144 256 ) (1024 -5824 256 ) (1024 -5824 128 ) 
4 110 113 (1192 -6144 -32 ) (1192 -6144 256 ) (1024 -6144 256 ) (1024 -6144 -32 ) 
4 111 149 (1576 -7168 544 ) (1576 -7168 1440 ) (1024 -7168 1440 ) (1024 -7168 544 ) 
4 111 134 (1024 -6304 1440 ) (1024 -6144 1440 ) (1024 -6144 544 ) (1024 -6304 544 ) 
4 111 135 (1024 -7168 544 ) (1024 -7168 1440 ) (1024 -6304 1440 ) (1024 -6304 544 ) 
4 111 112 (1192 -7168 544 ) (1024 -7168 544 ) (1024 -6304 544 ) (1192 -6304 544 ) 
4 112 150 (1192 -7168 544 ) (1024 -7168 544 ) (1024 -7168 288 ) (1192 -7168 288 ) 
4 112 137 (1024 -7168 288 ) (1024 -7168 416 ) (1024 -6304 416 ) (1024 -6304 288 ) 
4 112 135 (1024 -7168 416 ) (1024 -7168 544 ) (1024 -6304 544 ) (1024 -6304 416 ) 
4 113 140 (1024 -6976 256 ) (1024 -6144 256 ) (1024 -6144 -32 ) (1024 -6976 -32 ) 
4 114 147 (0 -6144 544 ) (0 -6144 1440 ) (0 -5120 1440 ) (0 -5120 544 ) 
4 114 134 (1024 -6144 544 ) (1024 -6144 1440 ) (936 -6144 1440 ) (936 -6144 544 ) 
4 114 136 (936 -6144 1440 ) (0 -6144 1440 ) (0 -6144 544 ) (936 -6144 544 ) 
4 114 116 (936 -5248 544 ) (1024 -5248 544 ) (1024 -5920 544 ) (936 -5920 544 ) 
4 114 117 (0 -6144 544 ) (0 -5248 544 ) (936 -5248 544 ) (936 -6144 544 ) 
4 114 115 (0 -5248 544 ) (0 -5120 544 ) (680 -5120 544 ) (680 -5248 544 ) 
4 115 147 (0 -5248 544 ) (0 -5120 544 ) (0 -5120 416 ) (0 -5248 416 ) 
4 115 119 (168 -5120 416 ) (680 -5120 416 ) (680 -5248 416 ) (168 -5248 416 ) 
4 115 117 (0 -5248 416 ) (680 -5248 416 ) (680 -5248 544 ) (0 -5248 544 ) 
4 116 120 (936 -5920 416 ) (936 -5504 416 ) (1024 -5504 416 ) (1024 -5920 416 ) 
4 116 117 (936 -5248 544 ) (936 -5248 416 ) (936 -5920 416 ) (936 -5920 544 ) 
4 117 147 (0 -6144 416 ) (0 -6144 544 ) (0 -5248 544 ) (0 -5248 416 ) 
4 117 136 (936 -6144 544 ) (0 -6144 544 ) (0 -6144 416 ) (936 -6144 416 ) 
4 117 121 (936 -6144 416 ) (168 -6144 416 ) (168 -5504 416 ) (936 -5504 416 ) 
4 117 119 (168 -5248 416 ) (680 -5248 416 ) (680 -5504 416 ) (168 -5504 416 ) 
3 117 118 (712 -5504 416 ) (680 -5504 416 ) (680 -5472 416 ) 
3 118 129 (712 -5504 128 ) (680 -5504 128 ) (680 -5474.060059 128 ) 
4 118 124 (680 -5504 128 ) (712 -5504 128 ) (712 -5504 256 ) (680 -5504 256 ) 
4 118 122 (712 -5504 256 ) (712 -5504 288 ) (680 -5504 288 ) (680 -5504 256 ) 
4 118 121 (712 -5504 288 ) (712 -5504 416 ) (680 -5504 416 ) (680 -5504 288 ) 
4 118 119 (680 -5472 128 ) (680 -5504 128 ) (680 -5504 416 ) (680 -5472 416 ) 
4 119 133 (168 -5120 128 ) (680 -5120 128 ) (680 -5504 128 ) (168 -5504 128 ) 
4 119 124 (168 -5504 128 ) (680 -5504 128 ) (680 -5504 256 ) (168 -5504 256 ) 
4 119 122 (680 -5504 256 ) (680 -5504 288 ) (168 -5504 288 ) (168 -5504 256 ) 
4 119 121 (680 -5504 288 ) (680 -5504 416 ) (168 -5504 416 ) (168 -5504 288 ) 
4 120 121 (936 -5504 416 ) (936 -5504 288 ) (936 -5920 288 ) (936 -5920 416 ) 
4 121 138 (936 -6144 416 ) (168 -6144 416 ) (168 -6144 288 ) (936 -6144 288 ) 
4 121 122 (168 -5504 288 ) (888 -5504 288 ) (888 -6144 288 ) (168 -6144 288 ) 
4 122 139 (888 -6144 288 ) (168 -6144 288 ) (168 -6144 256 ) (888 -6144 256 ) 
4 122 128 (888 -6144 256 ) (168 -6144 256 ) (168 -5824 256 ) (888 -5824 256 ) 
4 122 124 (168 -5824 256 ) (168 -5504 256 ) (888 -5504 256 ) (888 -5824 256 ) 
3 123 130 (968 -5824 128 ) (936 -5824 128 ) (936 -5792 128 ) 
4 123 128 (936 -5824 128 ) (968 -5824 128 ) (968 -5824 256 ) (936 -5824 256 ) 
4 123 124 (936 -5824 128 ) (936 -5824 256 ) (936 -5792 256 ) (936 -5792 128 ) 
4 124 133 (168 -5504 128 ) (680 -5504 128 ) (680 -5824 128 ) (168 -5824 128 ) 
4 124 132 (680 -5504 128 ) (936 -5504 128 ) (936 -5824 128 ) (680 -5824 128 ) 
4 124 128 (168 -5824 128 ) (936 -5824 128 ) (936 -5824 256 ) (168 -5824 256 ) 
4 125 140 (1024 -6144 128 ) (1024 -6144 256 ) (984 -6144 256 ) (984 -6144 128 ) 
4 125 131 (984 -5824 128 ) (1024 -5824 128 ) (1024 -6144 128 ) (984 -6144 128 ) 
4 125 127 (984 -5824 192 ) (984 -5824 128 ) (984 -6144 128 ) (984 -6144 192 ) 
4 125 126 (984 -5824 256 ) (984 -5824 192 ) (984 -6144 192 ) (984 -6144 256 ) 
4 126 141 (984 -6144 256 ) (968 -6144 256 ) (968 -6144 192 ) (984 -6144 192 ) 
4 126 128 (968 -5824 256 ) (968 -5824 192 ) (968 -6144 192 ) (968 -6144 256 ) 
4 126 127 (968 -6144 192 ) (968 -5824 192 ) (984 -5824 192 ) (984 -6144 192 ) 
4 127 142 (968 -6144 192 ) (968 -6144 128 ) (984 -6144 128 ) (984 -6144 192 ) 
4 127 131 (968 -5824 128 ) (984 -5824 128 ) (984 -6144 128 ) (968 -6144 128 ) 
4 127 128 (968 -5824 192 ) (968 -5824 128 ) (968 -6144 128 ) (968 -6144 192 ) 
4 128 146 (680 -6144 256 ) (168 -6144 256 ) (168 -6144 128 ) (680 -6144 128 ) 
4 128 145 (936 -6144 256 ) (680 -6144 256 ) (680 -6144 128 ) (936 -6144 128 ) 
4 128 143 (968 -6144 256 ) (936 -6144 256 ) (936 -6144 128 ) (968 -6144 128 ) 
4 128 133 (168 -5824 128 ) (680 -5824 128 ) (680 -6144 128 ) (168 -6144 128 ) 
4 128 131 (936 -5824 128 ) (968 -5824 128 ) (968 -6144 128 ) (936 -6144 128 ) 
4 128 132 (680 -5824 128 ) (936 -5824 128 ) (936 -6144 128 ) (680 -6144 128 ) 
4 129 133 (680 -5504 128 ) (680 -5474.060059 128 ) (680 -5474.060059 0 ) (680 -5504 0 ) 
4 129 132 (680 -5504 128 ) (680 -5504 -32 ) (712 -5504 -32 ) (712 -5504 128 ) 
4 130 131 (936 -5824 128 ) (936 -5824 -32 ) (968 -5824 -32 ) (968 -5824 128 ) 
4 130 132 (936 -5792 -32 ) (936 -5824 -32 ) (936 -5824 128 ) (936 -5792 128 ) 
4 131 142 (984 -6144 128 ) (968 -6144 128 ) (968 -6144 -32 ) (984 -6144 -32 ) 
4 131 140 (1024 -6144 -32 ) (1024 -6144 128 ) (984 -6144 128 ) (984 -6144 -32 ) 
4 131 143 (968 -6144 128 ) (936 -6144 128 ) (936 -6144 -32 ) (968 -6144 -32 ) 
4 131 132 (936 -5824 -32 ) (936 -6144 -32 ) (936 -6144 128 ) (936 -5824 128 ) 
4 132 145 (936 -6144 128 ) (680 -6144 128 ) (680 -6144 -32 ) (936 -6144 -32 ) 
4 132 133 (680 -6144 0 ) (680 -6144 128 ) (680 -5504 128 ) (680 -5504 0 ) 
4 133 146 (680 -6144 0 ) (680 -6144 128 ) (168 -6144 128 ) (168 -6144 0 ) 
4 134 135 (936 -6304 1440 ) (936 -6304 544 ) (1024 -6304 544 ) (1024 -6304 1440 ) 
4 134 136 (936 -6304 544 ) (936 -6304 1440 ) (936 -6144 1440 ) (936 -6144 544 ) 
4 135 152 (1024 -7168 416 ) (1024 -7168 1440 ) (936 -7168 1440 ) (936 -7168 416 ) 
4 135 137 (1024 -6304 416 ) (1024 -7168 416 ) (936 -7168 416 ) (936 -6304 416 ) 
4 135 136 (936 -6304 416 ) (936 -7168 416 ) (936 -7168 1440 ) (936 -6304 1440 ) 
4 136 158 (168 -7168 1440 ) (0 -7168 1440 ) (0 -7168 416 ) (168 -7168 416 ) 
4 136 156 (680 -7168 1440 ) (168 -7168 1440 ) (168 -7168 416 ) (680 -7168 416 ) 
4 136 152 (936 -7168 1440 ) (680 -7168 1440 ) (680 -7168 416 ) (936 -7168 416 ) 
4 136 148 (0 -7168 416 ) (0 -7168 1440 ) (0 -6144 1440 ) (0 -6144 416 ) 
4 136 138 (168 -6144 416 ) (936 -6144 416 ) (936 -7168 416 ) (168 -7168 416 ) 
4 137 152 (1024 -7168 288 ) (1024 -7168 416 ) (936 -7168 416 ) (936 -7168 288 ) 
4 137 138 (936 -6304 288 ) (936 -7168 288 ) (936 -7168 416 ) (936 -6304 416 ) 
4 138 157 (680 -7168 416 ) (168 -7168 416 ) (168 -7168 288 ) (680 -7168 288 ) 
4 138 152 (936 -7168 416 ) (680 -7168 416 ) (680 -7168 288 ) (936 -7168 288 ) 
4 138 139 (888 -7168 288 ) (168 -7168 288 ) (168 -6144 288 ) (888 -6144 288 ) 
4 139 157 (680 -7168 288 ) (168 -7168 288 ) (168 -7168 256 ) (680 -7168 256 ) 
4 139 153 (888 -7168 288 ) (680 -7168 288 ) (680 -7168 256 ) (888 -7168 256 ) 
4 139 146 (168 -7168 256 ) (168 -6144 256 ) (680 -6144 256 ) (680 -7168 256 ) 
4 139 145 (680 -6144 256 ) (888 -6144 256 ) (888 -7168 256 ) (680 -7168 256 ) 
4 140 142 (984 -6144 -32 ) (984 -6976 -32 ) (984 -6976 192 ) (984 -6144 192 ) 
4 140 141 (984 -6976 192 ) (984 -6976 256 ) (984 -6144 256 ) (984 -6144 192 ) 
4 141 143 (968 -6976 192 ) (968 -6976 256 ) (968 -6144 256 ) (968 -6144 192 ) 
4 141 142 (968 -6976 192 ) (968 -6144 192 ) (984 -6144 192 ) (984 -6976 192 ) 
4 142 143 (968 -6144 -32 ) (968 -6976 -32 ) (968 -6976 192 ) (968 -6144 192 ) 
4 143 145 (936 -6144 -32 ) (936 -6976 -32 ) (936 -6976 256 ) (936 -6144 256 ) 
4 143 144 (936 -6976 256 ) (936 -6976 -32 ) (968 -6976 -32 ) (968 -6976 256 ) 
4 144 145 (936 -6976 -32 ) (936 -7008 -32 ) (936 -7008 256 ) (936 -6976 256 ) 
4 145 154 (936 -7168 256 ) (680 -7168 256 ) (680 -7168 -32 ) (936 -7168 -32 ) 
4 145 146 (680 -7168 0 ) (680 -7168 256 ) (680 -6144 256 ) (680 -6144 0 ) 
4 146 157 (680 -7168 256 ) (168 -7168 256 ) (168 -7168 0 ) (680 -7168 0 ) 
4 147 148 (0 -6144 416 ) (0 -6144 1440 ) (-792 -6144 1440 ) (-792 -6144 416 ) 
4 148 162 (0 -7168 416 ) (0 -7168 1440 ) (-792 -7168 1440 ) (-792 -7168 416 ) 
4 149 152 (1024 -7168 1440 ) (1024 -7168 544 ) (1024 -7328 544 ) (1024 -7328 1440 ) 
4 149 151 (1024 -7328 1440 ) (1024 -7328 544 ) (1576 -7328 544 ) (1576 -7328 1440 ) 
4 149 150 (1192 -7328 544 ) (1024 -7328 544 ) (1024 -7168 544 ) (1192 -7168 544 ) 
4 150 152 (1024 -7168 544 ) (1024 -7168 288 ) (1024 -7328 288 ) (1024 -7328 544 ) 
4 150 151 (1024 -7328 544 ) (1024 -7328 416 ) (1192 -7328 416 ) (1192 -7328 544 ) 
4 151 159 (1024 -7680 416 ) (1024 -7680 1440 ) (1024 -7360 1440 ) (1024 -7360 416 ) 
4 151 155 (1024 -7360 1440 ) (1024 -7328 1440 ) (1024 -7328 416 ) (1024 -7360 416 ) 
4 152 157 (680 -7168 416 ) (680 -7168 288 ) (680 -7328 288 ) (680 -7328 416 ) 
4 152 156 (680 -7168 1440 ) (680 -7168 416 ) (680 -7328 416 ) (680 -7328 1440 ) 
4 152 155 (680 -7328 1440 ) (680 -7328 416 ) (1024 -7328 416 ) (1024 -7328 1440 ) 
4 152 153 (888 -7328 288 ) (680 -7328 288 ) (680 -7168 288 ) (888 -7168 288 ) 
4 153 157 (680 -7168 288 ) (680 -7168 256 ) (680 -7328 256 ) (680 -7328 288 ) 
4 153 154 (888 -7328 256 ) (680 -7328 256 ) (680 -7168 256 ) (888 -7168 256 ) 
4 154 157 (680 -7168 256 ) (680 -7168 0 ) (680 -7328 0 ) (680 -7328 256 ) 
4 155 159 (1024 -7360 416 ) (1024 -7360 1440 ) (680 -7360 1440 ) (680 -7360 416 ) 
4 155 156 (680 -7360 416 ) (680 -7360 1440 ) (680 -7328 1440 ) (680 -7328 416 ) 
4 156 159 (680 -7360 416 ) (680 -7360 1440 ) (168 -7360 1440 ) (168 -7360 416 ) 
4 156 158 (168 -7360 416 ) (168 -7360 1440 ) (168 -7168 1440 ) (168 -7168 416 ) 
6 156 157 (168 -7328 416 ) (168 -7168 416 ) (680 -7168 416 ) (680 -7328 416 ) (648 -7360 416 ) (200 -7360 416 ) 
7 157 160 (232 -7360 0 ) (616 -7360 0 ) (616 -7360 288 ) (560 -7360 333 ) (424 -7360 352 ) (288 -7360 333 ) (232 -7360 288 ) 
4 158 162 (0 -7168 1440 ) (0 -7168 416 ) (0 -7360 416 ) (0 -7360 1440 ) 
4 158 161 (168 -7360 416 ) (168 -7360 1440 ) (0 -7360 1440 ) (0 -7360 416 ) 
4 159 161 (168 -7360 1440 ) (168 -7360 416 ) (168 -7680 416 ) (168 -7680 1440 ) 
7 160 163 (616 -8192 0 ) (616 -8192 288 ) (560 -8192 333 ) (424 -8192 352 ) (288 -8192 333 ) (232 -8192 288 ) (232 -8192 0 ) 
4 161 162 (0 -7680 416 ) (0 -7680 1440 ) (0 -7360 1440 ) (0 -7360 416 ) 
7 163 164 (232 -9216 0 ) (616 -9216 0 ) (616 -9216 288 ) (560 -9216 333 ) (424 -9216 352 ) (288 -9216 333 ) (232 -9216 288 ) 
7 164 165 (232 -10240 0 ) (616 -10240 0 ) (616 -10240 288 ) (560 -10240 333 ) (424 -10240 352 ) (288 -10240 333 ) (232 -10240 288 ) 
7 165 166 (232 -11264 0 ) (616 -11264 0 ) (616 -11264 288 ) (560 -11264 333 ) (424 -11264 352 ) (288 -11264 333 ) (232 -11264 288 ) 
7 166 167 (232 -12288 288 ) (232 -12288 0 ) (616 -12288 0 ) (616 -12288 288 ) (560 -12288 333 ) (424 -12288 352 ) (288 -12288 333 ) 
7 167 168 (232 -13312 288 ) (232 -13312 0 ) (616 -13312 0 ) (616 -13312 288 ) (560 -13312 333 ) (424 -13312 352 ) (288 -13312 333 ) 
