


materialPath: D:\steam\steamapps\sourcemods\entropyzero2-addonworkspace\materials
Loading d:\steam\steamapps\sourcemods\entropyzero2-addonworkspace\mapsrc\intro_trainstn.vmf
ConVarRef mat_reduceparticles doesn't point to an existing ConVar
fixing up env_cubemap materials on brush sides...
0...1...2...3...4...5...6...7...8...9...100...1...2...3...4...5...6...7...8...9...10Processing areas...done (0)
Building Faces...done (0)
Chop Details...done (0)
Find Visible Detail Sides...
Merged 112 detail faces...done (0)
Merging details...done (0)
FixTjuncs...
PruneNodes...
WriteBSP...
done (0)
writing d:\steam\steamapps\sourcemods\entropyzero2-addonworkspace\mapsrc\intro_trainstn.prt...Building visibility clusters...
done (0)
Finding displacement neighbors...
Finding lightmap sample positions...
Displacement Alpha : 0...1...2...3...4...5...6...7...8...9...10
Building Physics collision data...
done (0) (58921 bytes)
Placing static props...
Placing detail props : 0...1...2...3...4...5...6...7...8...9...10
Compacting texture/material tables...
Reduced 147 texinfos to 96
Reduced 19 texdatas to 19 (455 bytes to 455)
Writing d:\steam\steamapps\sourcemods\entropyzero2-addonworkspace\mapsrc\intro_trainstn.bsp
0 seconds elapsed



12 threads
reading d:\steam\steamapps\sourcemods\entropyzero2-addonworkspace\mapsrc\intro_trainstn.bsp
reading d:\steam\steamapps\sourcemods\entropyzero2-addonworkspace\mapsrc\intro_trainstn.prt
 214 portalclusters
 573 numportals
0...1...2...3...4...5...6...7...8...9...10Optimized: 910 visible clusters (2.19%)
Total clusters visible: 41628
Average clusters visible: 194
Building PAS...
Average clusters audible: 214
visdatasize:13313  compressed from 13696
writing d:\steam\steamapps\sourcemods\entropyzero2-addonworkspace\mapsrc\intro_trainstn.bsp
0 seconds elapsed



[Reading texlights from 'lights.rad']
[48 texlights parsed from 'lights.rad']

Loading d:\steam\steamapps\sourcemods\entropyzero2-addonworkspace\mapsrc\intro_trainstn.bsp
1280 faces
1123373 square feet [161765808.00 square inches]
18 Displacements
131072 Square Feet [18874368.00 Square Inches]
1280 patches before subdivision
29470 patches after subdivision
8 direct lights
0...1...2...3...4...5...6...7...8...9...100...1...2...3...4...5...6...7...8...9...10transfers 2804654, max 748
transfer lists:  21.4 megs
0...1...2...3...4...5...6...7...8...9...10	Bounce #1 added RGB(11931, 10878, 9403)
0...1...2...3...4...5...6...7...8...9...10	Bounce #2 added RGB(679, 533, 366)
Build Patch/Sample Hash Table(s).....Done<0.0073 sec>
0...1...2...3...4...5...6...7...8...9...10FinalLightFace Done
Computing detail prop lighting : 0...1...2...3...4...5...6...7...8...9...10
0 of 0 (0% of) surface lights went in leaf ambient cubes.
0...1...2...3...4...5...6...7...8...9...10Writing leaf ambient...done
Ready to Finish

Object names       Objects/Maxobjs  Memory / Maxmem  Fullness 
------------       ---------------  ---------------  -------- 
models                   1/1024           48/49152    ( 0.1%) 
brushes                170/8192         2040/98304    ( 2.1%) 
brushsides            1365/65536       10920/524288   ( 2.1%) 
planes                 968/65536       19360/1310720  ( 1.5%) 
vertexes              2030/65536       24360/786432   ( 3.1%) 
nodes                  545/65536       17440/2097152  ( 0.8%) 
texinfos                96/12288        6912/884736   ( 0.8%) 
texdata                 19/2048          608/65536    ( 0.9%) 
dispinfos               18/0            3168/0        ( 0.0%) 
disp_verts            1458/0           29160/0        ( 0.0%) 
disp_tris             2304/0            4608/0        ( 0.0%) 
disp_lmsamples      313632/0          313632/0        ( 0.0%) 
faces                 1280/65536       71680/3670016  ( 2.0%) 
hdr faces                0/65536           0/3670016  ( 0.0%) 
origfaces              391/65536       21896/3670016  ( 0.6%) 
leaves                 547/65536       17504/2097152  ( 0.8%) 
leaffaces             1593/65536        3186/131072   ( 2.4%) 
leafbrushes            552/65536        1104/131072   ( 0.8%) 
areas                    2/256            16/2048     ( 0.8%) 
surfedges             7663/512000      30652/2048000  ( 1.5%) 
edges                 4327/256000      17308/1024000  ( 1.7%) 
LDR worldlights          8/65536         704/5767168  ( 0.0%) 
HDR worldlights          0/65536           0/5767168  ( 0.0%) 
leafwaterdata            0/32768           0/393216   ( 0.0%) 
waterstrips            201/32768        2010/327680   ( 0.6%) 
waterverts               0/65536           0/786432   ( 0.0%) 
waterindices          2625/65536        5250/131072   ( 4.0%) 
cubemapsamples           0/1024            0/16384    ( 0.0%) 
overlays                 0/8192            0/2883584  ( 0.0%) 
LDR lightdata         [variable]      937372/0        ( 0.0%) 
HDR lightdata         [variable]           0/0        ( 0.0%) 
visdata               [variable]       13313/16777216 ( 0.1%) 
entdata               [variable]        1891/393216   ( 0.5%) 
LDR ambient table      547/65536        2188/262144   ( 0.8%) 
HDR ambient table      547/65536        2188/262144   ( 0.8%) 
LDR leaf ambient      2241/65536       62748/1835008  ( 3.4%) 
HDR leaf ambient       547/65536       15316/1835008  ( 0.8%) 
occluders                0/0               0/0        ( 0.0%) 
occluder polygons        0/0               0/0        ( 0.0%) 
occluder vert ind        0/0               0/0        ( 0.0%) 
detail props          [variable]           1/402676   ( 0.0%) 
dtl prp lght          [variable]           1/4        (25.0%) 
HDR dtl prp lght      [variable]           1/4        (25.0%) 
static props          [variable]           1/12       ( 8.3%) 
pakfile               [variable]          54/0        ( 0.0%) 
physics               [variable]       58921/4194304  ( 1.4%) 
physics terrain       [variable]        1040/1048576  ( 0.1%) 

Level flags = 0

Total triangle count: 3539
Writing d:\steam\steamapps\sourcemods\entropyzero2-addonworkspace\mapsrc\intro_trainstn.bsp
3 seconds elapsed
