


materialPath: D:\steam\steamapps\sourcemods\entropyzero2-addonworkspace\materials
Loading d:\steam\steamapps\sourcemods\entropyzero2-addonworkspace\mapsrc\old\1.vmf
ConVarRef mat_reduceparticles doesn't point to an existing ConVar
fixing up env_cubemap materials on brush sides...
0...1...2...3...4...5...6...7...8...9...10**** leaked ****
Entity prop_door_rotating (-257.00 841.00 62.00) leaked!
--- MAP LEAKED ---



12 threads
reading d:\steam\steamapps\sourcemods\entropyzero2-addonworkspace\mapsrc\old\1.bsp
Error opening d:\steam\steamapps\sourcemods\entropyzero2-addonworkspace\mapsrc\old\1.bsp


materialPath: D:\steam\steamapps\sourcemods\entropyzero2-addonworkspace\materials
Loading d:\steam\steamapps\sourcemods\entropyzero2-addonworkspace\mapsrc\old\1.vmf
ConVarRef mat_reduceparticles doesn't point to an existing ConVar
fixing up env_cubemap materials on brush sides...
0...1...2...3...4...5...6...7...8...9...100...1...2...3...4...5...6...7...8...9...10Processing areas...done (0)
Building Faces...done (0)
Chop Details...done (0)
Find Visible Detail Sides...
Merged 16 detail faces...done (0)
Merging details...done (0)
FixTjuncs...
PruneNodes...
WriteBSP...
done (0)
writing d:\steam\steamapps\sourcemods\entropyzero2-addonworkspace\mapsrc\old\1.prt...Building visibility clusters...
done (0)
Finding displacement neighbors...
Finding lightmap sample positions...
Displacement Alpha : 0...1...2...3...4...5...6...7...8...9...10
Building Physics collision data...
done (0) (22366 bytes)
Placing static props...
Error! To use model "models/combine_gate_citizen.mdl"
      with prop_static, it must be compiled with $staticprop!
Error loading studio model "models/combine_gate_citizen.mdl"!
Placing detail props : 0...1...2...3...4...5...6...7...8...9...10
Compacting texture/material tables...
Reduced 111 texinfos to 69
Reduced 34 texdatas to 31 (1100 bytes to 994)
Writing d:\steam\steamapps\sourcemods\entropyzero2-addonworkspace\mapsrc\old\1.bsp
0 seconds elapsed



12 threads
reading d:\steam\steamapps\sourcemods\entropyzero2-addonworkspace\mapsrc\old\1.bsp
reading d:\steam\steamapps\sourcemods\entropyzero2-addonworkspace\mapsrc\old\1.prt
  55 portalclusters
 150 numportals
0...1...2...3...4...5...6...7...8...9...10Optimized: 20 visible clusters (0.77%)
Total clusters visible: 2593
Average clusters visible: 47
Building PAS...
Average clusters audible: 54
visdatasize:1219  compressed from 880
writing d:\steam\steamapps\sourcemods\entropyzero2-addonworkspace\mapsrc\old\1.bsp
0 seconds elapsed



[Reading texlights from 'lights.rad']
[48 texlights parsed from 'lights.rad']

Loading d:\steam\steamapps\sourcemods\entropyzero2-addonworkspace\mapsrc\old\1.bsp
221 faces
47950 square feet [6904875.00 square inches]
0 Displacements
0 Square Feet [0.00 Square Inches]
221 patches before subdivision
4651 patches after subdivision
1 direct lights
0...1...2...3...4...5...6...7...8...9...100...1...2...3...4...5...6...7...8...9...10transfers 218302, max 220
transfer lists:   1.7 megs
0...1...2...3...4...5...6...7...8...9...10	Bounce #1 added RGB(950, 205, 25)
0...1...2...3...4...5...6...7...8...9...10	Bounce #2 added RGB(94, 19, 2)
Build Patch/Sample Hash Table(s).....Done<0.0008 sec>
0...1...2...3...4...5...6...7...8...9...10FinalLightFace Done
0 of 0 (0% of) surface lights went in leaf ambient cubes.
0...1...2...3...4...5...6...7...8...9...10Writing leaf ambient...done
Ready to Finish

Object names       Objects/Maxobjs  Memory / Maxmem  Fullness 
------------       ---------------  ---------------  -------- 
models                   1/1024           48/49152    ( 0.1%) 
brushes                 62/8192          744/98304    ( 0.8%) 
brushsides             400/65536        3200/524288   ( 0.6%) 
planes                 224/65536        4480/1310720  ( 0.3%) 
vertexes               414/65536        4968/786432   ( 0.6%) 
nodes                  121/65536        3872/2097152  ( 0.2%) 
texinfos                69/12288        4968/884736   ( 0.6%) 
texdata                 31/2048          992/65536    ( 1.5%) 
dispinfos                0/0               0/0        ( 0.0%) 
disp_verts               0/0               0/0        ( 0.0%) 
disp_tris                0/0               0/0        ( 0.0%) 
disp_lmsamples           0/0               0/0        ( 0.0%) 
faces                  221/65536       12376/3670016  ( 0.3%) 
hdr faces                0/65536           0/3670016  ( 0.0%) 
origfaces              125/65536        7000/3670016  ( 0.2%) 
leaves                 123/65536        3936/2097152  ( 0.2%) 
leaffaces              266/65536         532/131072   ( 0.4%) 
leafbrushes            111/65536         222/131072   ( 0.2%) 
areas                    2/256            16/2048     ( 0.8%) 
surfedges             1590/512000       6360/2048000  ( 0.3%) 
edges                  996/256000       3984/1024000  ( 0.4%) 
LDR worldlights          1/65536          88/5767168  ( 0.0%) 
HDR worldlights          0/65536           0/5767168  ( 0.0%) 
leafwaterdata            0/32768           0/393216   ( 0.0%) 
waterstrips             27/32768         270/327680   ( 0.1%) 
waterverts               0/65536           0/786432   ( 0.0%) 
waterindices           468/65536         936/131072   ( 0.7%) 
cubemapsamples           0/1024            0/16384    ( 0.0%) 
overlays                 1/8192          352/2883584  ( 0.0%) 
LDR lightdata         [variable]      193176/0        ( 0.0%) 
HDR lightdata         [variable]           0/0        ( 0.0%) 
visdata               [variable]        1219/16777216 ( 0.0%) 
entdata               [variable]        8146/393216   ( 2.1%) 
LDR ambient table      123/65536         492/262144   ( 0.2%) 
HDR ambient table      123/65536         492/262144   ( 0.2%) 
LDR leaf ambient       447/65536       12516/1835008  ( 0.7%) 
HDR leaf ambient       123/65536        3444/1835008  ( 0.2%) 
occluders                0/0               0/0        ( 0.0%) 
occluder polygons        0/0               0/0        ( 0.0%) 
occluder vert ind        0/0               0/0        ( 0.0%) 
detail props          [variable]           1/12       ( 8.3%) 
static props          [variable]           1/1468     ( 0.1%) 
pakfile               [variable]         640/0        ( 0.0%) 
physics               [variable]       22366/4194304  ( 0.5%) 
physics terrain       [variable]           2/1048576  ( 0.0%) 

Level flags = 0

Total triangle count: 650
Writing d:\steam\steamapps\sourcemods\entropyzero2-addonworkspace\mapsrc\old\1.bsp
0 seconds elapsed
