PRT1
369
991
4 1 12 (-488 1024 1216 ) (-1024 1024 1216 ) (-1024 1024 -64 ) (-488 1024 -64 ) 
4 1 3 (-1024 1248 -64 ) (-1024 1024 -64 ) (-1024 1024 1216 ) (-1024 1248 1216 ) 
4 1 2 (-1024 1280 -64 ) (-1024 1248 -64 ) (-1024 1248 1216 ) (-1024 1280 1216 ) 
4 2 119 (-2048 1280 352 ) (-2048 1280 -64 ) (-2048 1248 -64 ) (-2048 1248 352 ) 
4 2 117 (-2048 1248 1216 ) (-2048 1280 1216 ) (-2048 1280 352 ) (-2048 1248 352 ) 
4 2 4 (-1944 1248 320 ) (-1944 1248 1216 ) (-2048 1248 1216 ) (-2048 1248 320 ) 
4 2 3 (-1944 1248 -64 ) (-1024 1248 -64 ) (-1024 1248 1216 ) (-1944 1248 1216 ) 
4 3 41 (-1944 1024 -64 ) (-1432 1024 -64 ) (-1432 1024 -36 ) (-1944 1024 -36 ) 
4 3 39 (-1432 1024 -64 ) (-1024 1024 -64 ) (-1024 1024 -36 ) (-1432 1024 -36 ) 
4 3 29 (-1432 1024 224 ) (-1944 1024 224 ) (-1944 1024 -36 ) (-1432 1024 -36 ) 
4 3 27 (-1024 1024 -36 ) (-1024 1024 224 ) (-1432 1024 224 ) (-1432 1024 -36 ) 
4 3 24 (-1432 1024 1216 ) (-1944 1024 1216 ) (-1944 1024 224 ) (-1432 1024 224 ) 
4 3 20 (-1024 1024 224 ) (-1024 1024 1216 ) (-1432 1024 1216 ) (-1432 1024 224 ) 
4 3 4 (-1944 1248 1216 ) (-1944 1248 320 ) (-1944 1024 320 ) (-1944 1024 1216 ) 
4 4 120 (-2048 1024 320 ) (-2048 1024 352 ) (-2048 1248 352 ) (-2048 1248 320 ) 
4 4 117 (-2048 1024 352 ) (-2048 1024 1216 ) (-2048 1248 1216 ) (-2048 1248 352 ) 
4 4 25 (-2048 1024 1216 ) (-2048 1024 320 ) (-1944 1024 320 ) (-1944 1024 1216 ) 
4 5 46 (-88 0 -48 ) (-88 0 -160 ) (-80 0 -160 ) (-80 0 -48 ) 
4 5 10 (-88 16 -160 ) (-88 0 -160 ) (-88 0 -48 ) (-88 16 -48 ) 
4 6 7 (-320 436 -32 ) (-448 436 -32 ) (-448 436 -160 ) (-320 436 -160 ) 
4 7 9 (-412 148 -160 ) (-356 148 -160 ) (-356 148 -48 ) (-412 148 -48 ) 
4 8 47 (-472 0 120 ) (-472 0 -48 ) (-88 0 -48 ) (-88 0 120 ) 
4 8 11 (-472 44 -48 ) (-472 0 -48 ) (-472 0 0 ) (-472 44 0 ) 
4 8 10 (-472 0 -48 ) (-472 116 -48 ) (-88 116 -48 ) (-88 0 -48 ) 
4 9 10 (-356 116 -48 ) (-412 116 -48 ) (-412 116 -160 ) (-356 116 -160 ) 
4 10 47 (-472 0 -48 ) (-472 0 -160 ) (-88 0 -160 ) (-88 0 -48 ) 
4 10 11 (-472 44 -160 ) (-472 0 -160 ) (-472 0 -48 ) (-472 44 -48 ) 
4 11 48 (-488 0 0 ) (-488 0 -160 ) (-472 0 -160 ) (-472 0 0 ) 
4 11 19 (-488 0 -160 ) (-488 0 -32 ) (-488 44 -32 ) (-488 44 -160 ) 
4 11 17 (-488 0 -32 ) (-488 0 0 ) (-488 44 0 ) (-488 44 -32 ) 
4 12 39 (-1024 1024 -36 ) (-1024 1024 -64 ) (-1024 712 -64 ) (-1024 712 -36 ) 
4 12 27 (-1024 1024 224 ) (-1024 1024 -36 ) (-1024 712 -36 ) (-1024 712 224 ) 
4 12 20 (-1024 1024 1216 ) (-1024 1024 224 ) (-1024 712 224 ) (-1024 712 1216 ) 
4 12 13 (-488 712 800 ) (-488 712 1216 ) (-1024 712 1216 ) (-1024 712 800 ) 
4 13 21 (-1024 72 800 ) (-1024 72 1216 ) (-1024 712 1216 ) (-1024 712 800 ) 
4 13 14 (-1024 72 1216 ) (-1024 72 800 ) (-488 72 800 ) (-488 72 1216 ) 
4 14 49 (-488 0 352 ) (-488 0 1216 ) (-1024 0 1216 ) (-1024 0 352 ) 
4 14 23 (-1024 0 352 ) (-1024 0 1216 ) (-1024 72 1216 ) (-1024 72 352 ) 
4 14 15 (-1024 72 352 ) (-999.988220 72 352 ) (-999.988220 0 352 ) (-1024 0 352 ) 
3 15 50 (-999.988220 0 352 ) (-1024 0 352 ) (-1024 0 327.988220 ) 
4 15 23 (-1024 0 327.988220 ) (-1024 0 352 ) (-1024 72 352 ) (-1024 72 327.988220 ) 
4 16 52 (-856 0 96 ) (-1024 0 96 ) (-1024 0 80 ) (-856 0 80 ) 
4 16 51 (-488 0 80 ) (-488 0 96 ) (-856 0 96 ) (-856 0 80 ) 
4 16 33 (-1024 0 80 ) (-1024 0 96 ) (-1024 64 96 ) (-1024 64 80 ) 
4 16 17 (-988 64 80 ) (-488 64 80 ) (-488 0 80 ) (-988 0 80 ) 
4 16 18 (-1024 0 80 ) (-1024 64 80 ) (-988 64 80 ) (-988 0 80 ) 
4 17 52 (-856 0 80 ) (-988 0 80 ) (-988 0 -32 ) (-856 0 -32 ) 
4 17 51 (-488 0 -32 ) (-488 0 80 ) (-856 0 80 ) (-856 0 -32 ) 
4 17 19 (-488 64 -32 ) (-488 0 -32 ) (-856 0 -32 ) (-856 64 -32 ) 
4 17 18 (-988 64 -32 ) (-988 0 -32 ) (-988 0 80 ) (-988 64 80 ) 
4 18 52 (-988 0 80 ) (-1024 0 80 ) (-1024 0 -32 ) (-988 0 -32 ) 
4 18 34 (-1024 0 -32 ) (-1024 0 80 ) (-1024 72 80 ) (-1024 72 -32 ) 
4 19 51 (-488 0 -160 ) (-488 0 -32 ) (-856 0 -32 ) (-856 0 -160 ) 
4 20 27 (-1432 712 224 ) (-1432 1024 224 ) (-1024 1024 224 ) (-1024 712 224 ) 
4 20 24 (-1432 1024 224 ) (-1432 712 224 ) (-1432 712 1216 ) (-1432 1024 1216 ) 
4 20 21 (-1432 712 1216 ) (-1432 712 800 ) (-1024 712 800 ) (-1024 712 1216 ) 
4 21 24 (-1432 72 800 ) (-1432 72 1216 ) (-1432 712 1216 ) (-1432 712 800 ) 
4 21 23 (-1432 72 1216 ) (-1432 72 800 ) (-1024 72 800 ) (-1024 72 1216 ) 
3 21 22 (-1304 72 800 ) (-1432 72 800 ) (-1432 200 800 ) 
3 22 28 (-1432 72 224 ) (-1432 200 224 ) (-1304 72 224 ) 
4 22 24 (-1432 200 224 ) (-1432 72 224 ) (-1432 72 800 ) (-1432 200 800 ) 
4 22 23 (-1432 72 800 ) (-1432 72 224 ) (-1304 72 224 ) (-1304 72 800 ) 
4 23 60 (-1280 0 1216 ) (-1432 0 1216 ) (-1432 0 224 ) (-1280 0 224 ) 
5 23 56 (-1024 0 327.988190 ) (-1024 0 1216 ) (-1280 0 1216 ) (-1280 0 224 ) (-1127.988159 0 224 ) 
4 23 38 (-1127.988159 0 224 ) (-1432 0 224 ) (-1432 72 224 ) (-1127.988159 72 224 ) 
4 23 24 (-1432 72 224 ) (-1432 0 224 ) (-1432 0 1216 ) (-1432 72 1216 ) 
4 24 74 (-1944 0 224 ) (-1920 0 224 ) (-1920 0 1216 ) (-1944 0 1216 ) 
4 24 63 (-1920 0 224 ) (-1792 0 224 ) (-1792 0 1216 ) (-1920 0 1216 ) 
4 24 60 (-1664 0 224 ) (-1432 0 224 ) (-1432 0 1216 ) (-1664 0 1216 ) 
4 24 62 (-1792 0 224 ) (-1664 0 224 ) (-1664 0 1216 ) (-1792 0 1216 ) 
4 24 38 (-1432 0 224 ) (-1944 0 224 ) (-1944 72 224 ) (-1432 72 224 ) 
4 24 29 (-1944 640 224 ) (-1944 1024 224 ) (-1432 1024 224 ) (-1432 640 224 ) 
4 24 31 (-1944 72 224 ) (-1944 592 224 ) (-1432 592 224 ) (-1432 72 224 ) 
4 24 26 (-1944 384 224 ) (-1944 0 224 ) (-1944 0 320 ) (-1944 384 320 ) 
4 24 25 (-1944 0 320 ) (-1944 0 1216 ) (-1944 1024 1216 ) (-1944 1024 320 ) 
4 25 123 (-2048 0 320 ) (-2048 0 1216 ) (-2048 192 1216 ) (-2048 192 320 ) 
4 25 121 (-2048 192 1216 ) (-2048 1024 1216 ) (-2048 1024 320 ) (-2048 192 320 ) 
4 25 74 (-2048 0 1216 ) (-2048 0 320 ) (-1944 0 320 ) (-1944 0 1216 ) 
4 25 26 (-1944 384 320 ) (-1944 0 320 ) (-2048 0 320 ) (-2048 280 320 ) 
4 26 123 (-2048 0 224 ) (-2048 0 320 ) (-2048 192 320 ) (-2048 192 224 ) 
4 26 122 (-2048 192 320 ) (-2048 280 320 ) (-2048 280 224 ) (-2048 192 224 ) 
4 26 74 (-2048 0 320 ) (-2048 0 224 ) (-1944 0 224 ) (-1944 0 320 ) 
4 26 38 (-1944 0 224 ) (-2048 0 224 ) (-2048 72 224 ) (-1944 72 224 ) 
4 26 32 (-2048 72 224 ) (-2048 280 224 ) (-1944 384 224 ) (-1944 72 224 ) 
4 27 39 (-1432 1024 -36 ) (-1024 1024 -36 ) (-1024 712 -36 ) (-1432 712 -36 ) 
4 27 29 (-1432 1024 -36 ) (-1432 712 -36 ) (-1432 712 224 ) (-1432 1024 224 ) 
4 28 43 (-1304 72 -36 ) (-1432 72 -36 ) (-1432 192 -36 ) (-1424 192 -36 ) 
3 28 40 (-1432 192 -36 ) (-1432 200 -36 ) (-1424 192 -36 ) 
4 28 38 (-1432 72 -36 ) (-1304 72 -36 ) (-1304 72 224 ) (-1432 72 224 ) 
4 28 31 (-1432 200 -36 ) (-1432 72 -36 ) (-1432 72 224 ) (-1432 200 224 ) 
4 29 41 (-1944 1024 -36 ) (-1432 1024 -36 ) (-1432 640 -36 ) (-1944 640 -36 ) 
4 29 30 (-1944 640 -32 ) (-1944 640 -36 ) (-1432 640 -36 ) (-1432 640 -32 ) 
4 30 41 (-1432 640 -36 ) (-1432 592 -36 ) (-1944 592 -36 ) (-1944 640 -36 ) 
4 30 31 (-1944 592 -32 ) (-1944 592 -36 ) (-1432 592 -36 ) (-1432 592 -32 ) 
4 31 43 (-1432 192 -36 ) (-1432 72 -36 ) (-1944 72 -36 ) (-1944 192 -36 ) 
4 31 41 (-1432 592 -36 ) (-1432 192 -36 ) (-1944 192 -36 ) (-1944 592 -36 ) 
4 31 38 (-1944 72 -36 ) (-1432 72 -36 ) (-1432 72 224 ) (-1944 72 224 ) 
4 31 32 (-1944 384 -36 ) (-1944 72 -36 ) (-1944 72 224 ) (-1944 384 224 ) 
4 32 125 (-2048 192 -36 ) (-2048 72 -36 ) (-2048 72 104 ) (-2048 192 104 ) 
4 32 124 (-2048 280 104 ) (-2048 280 -36 ) (-2048 192 -36 ) (-2048 192 104 ) 
4 32 123 (-2048 72 224 ) (-2048 192 224 ) (-2048 192 104 ) (-2048 72 104 ) 
4 32 122 (-2048 192 224 ) (-2048 280 224 ) (-2048 280 104 ) (-2048 192 104 ) 
4 32 43 (-2048 72 -36 ) (-2048 192 -36 ) (-1944 192 -36 ) (-1944 72 -36 ) 
4 32 42 (-2048 192 -36 ) (-2048 280 -36 ) (-1944 384 -36 ) (-1944 192 -36 ) 
4 32 38 (-2048 72 -36 ) (-1944 72 -36 ) (-1944 72 224 ) (-2048 72 224 ) 
4 33 78 (-1024 0 80 ) (-1024 0 96 ) (-1112 0 96 ) (-1112 0 80 ) 
4 33 35 (-1044 0 80 ) (-1112 0 80 ) (-1112 64 80 ) (-1044 64 80 ) 
4 33 34 (-1024 0 80 ) (-1044 0 80 ) (-1044 64 80 ) (-1024 64 80 ) 
4 34 78 (-1024 0 -32 ) (-1024 0 80 ) (-1044 0 80 ) (-1044 0 -32 ) 
4 34 35 (-1044 64 -32 ) (-1044 0 -32 ) (-1044 0 80 ) (-1044 64 80 ) 
4 35 78 (-1044 0 80 ) (-1112 0 80 ) (-1112 0 -32 ) (-1044 0 -32 ) 
4 35 37 (-1112 28 -32 ) (-1112 0 -32 ) (-1112 0 80 ) (-1112 28 80 ) 
4 36 44 (-1120 72 -36 ) (-1112 72 -36 ) (-1112 28 -36 ) (-1120 28 -36 ) 
4 36 37 (-1112 28 -36 ) (-1112 28 -32 ) (-1120 28 -32 ) (-1120 28 -36 ) 
4 36 38 (-1120 72 -32 ) (-1120 72 -36 ) (-1120 28 -36 ) (-1120 28 -32 ) 
4 37 79 (-1120 0 80 ) (-1120 0 -36 ) (-1112 0 -36 ) (-1112 0 80 ) 
4 37 44 (-1112 28 -36 ) (-1112 0 -36 ) (-1120 0 -36 ) (-1120 28 -36 ) 
4 37 38 (-1120 28 -36 ) (-1120 0 -36 ) (-1120 0 80 ) (-1120 28 80 ) 
4 38 125 (-2048 0 -36 ) (-2048 0 104 ) (-2048 72 104 ) (-2048 72 -36 ) 
4 38 123 (-2048 0 104 ) (-2048 0 224 ) (-2048 72 224 ) (-2048 72 104 ) 
4 38 81 (-1120 0 224 ) (-2048 0 224 ) (-2048 0 -36 ) (-1120 0 -36 ) 
4 38 45 (-2048 0 -36 ) (-2048 72 -36 ) (-1216 72 -36 ) (-1216 0 -36 ) 
4 38 44 (-1216 72 -36 ) (-1120 72 -36 ) (-1120 0 -36 ) (-1216 0 -36 ) 
4 39 41 (-1432 1024 -64 ) (-1432 712 -64 ) (-1432 712 -36 ) (-1432 1024 -36 ) 
4 40 43 (-1432 192 -64 ) (-1424 192 -64 ) (-1424 192 -36 ) (-1432 192 -36 ) 
4 40 41 (-1432 200 -64 ) (-1432 192 -64 ) (-1432 192 -36 ) (-1432 200 -36 ) 
4 41 43 (-1944 192 -64 ) (-1432 192 -64 ) (-1432 192 -36 ) (-1944 192 -36 ) 
4 41 42 (-1944 384 -64 ) (-1944 192 -64 ) (-1944 192 -36 ) (-1944 384 -36 ) 
4 42 133 (-2048 192 -36 ) (-2048 280 -36 ) (-2048 280 -64 ) (-2048 192 -64 ) 
4 42 43 (-2048 192 -64 ) (-1944 192 -64 ) (-1944 192 -36 ) (-2048 192 -36 ) 
4 43 134 (-2048 72 -36 ) (-2048 192 -36 ) (-2048 192 -64 ) (-2048 72 -64 ) 
4 43 45 (-2048 72 -64 ) (-1304 72 -64 ) (-1304 72 -36 ) (-2048 72 -36 ) 
4 44 86 (-1112 0 -36 ) (-1216 0 -36 ) (-1216 0 -64 ) (-1112 0 -64 ) 
4 44 45 (-1216 72 -36 ) (-1216 72 -64 ) (-1216 0 -64 ) (-1216 0 -36 ) 
4 45 134 (-2048 0 -64 ) (-2048 0 -36 ) (-2048 72 -36 ) (-2048 72 -64 ) 
4 45 89 (-1664 0 -36 ) (-2048 0 -36 ) (-2048 0 -64 ) (-1664 0 -64 ) 
4 45 87 (-1216 0 -36 ) (-1280 0 -36 ) (-1280 0 -64 ) (-1216 0 -64 ) 
4 45 88 (-1280 0 -36 ) (-1664 0 -36 ) (-1664 0 -64 ) (-1280 0 -64 ) 
4 46 47 (-88 0 -48 ) (-88 0 -160 ) (-88 -40 -160 ) (-88 -40 -48 ) 
4 47 48 (-472 0 0 ) (-472 0 -160 ) (-472 -44 -160 ) (-472 -44 0 ) 
4 48 51 (-488 0 0 ) (-488 0 -160 ) (-488 -44 -160 ) (-488 -44 0 ) 
4 49 56 (-1024 -192 352 ) (-1024 -192 1216 ) (-1024 0 1216 ) (-1024 0 352 ) 
4 49 54 (-1024 -192 1216 ) (-1024 -192 800 ) (-832 -192 800 ) (-832 -192 1216 ) 
4 49 53 (-832 -192 352 ) (-488 -192 352 ) (-488 -192 1216 ) (-832 -192 1216 ) 
4 49 50 (-999.988220 -192 352 ) (-1024 -192 352 ) (-1024 0 352 ) (-999.988220 0 352 ) 
4 50 56 (-1024 -192 327.988220 ) (-1024 -192 352 ) (-1024 0 352 ) (-1024 0 327.988220 ) 
4 51 52 (-856 -64 -32 ) (-856 -64 96 ) (-856 0 96 ) (-856 0 -32 ) 
4 52 78 (-1024 -184 96 ) (-1024 0 96 ) (-1024 0 -32 ) (-1024 -184 -32 ) 
4 53 91 (-488 -1024 224 ) (-488 -1024 1216 ) (-832 -1024 1216 ) (-832 -1024 224 ) 
4 53 55 (-832 -704 224 ) (-832 -1024 224 ) (-832 -1024 1216 ) (-832 -704 1216 ) 
4 53 54 (-832 -192 1216 ) (-832 -192 800 ) (-832 -704 800 ) (-832 -704 1216 ) 
4 54 57 (-1024 -192 1216 ) (-1024 -192 800 ) (-1024 -704 800 ) (-1024 -704 1216 ) 
4 54 55 (-832 -704 800 ) (-832 -704 1216 ) (-1024 -704 1216 ) (-1024 -704 800 ) 
4 55 91 (-1024 -1024 1216 ) (-1024 -1024 224 ) (-832 -1024 224 ) (-832 -1024 1216 ) 
4 55 76 (-1024 -1024 224 ) (-1024 -1024 992 ) (-1024 -896 992 ) (-1024 -896 224 ) 
4 55 75 (-1024 -1024 992 ) (-1024 -1024 1216 ) (-1024 -896 1216 ) (-1024 -896 992 ) 
4 55 59 (-1024 -896 1216 ) (-1024 -704 1216 ) (-1024 -704 224 ) (-1024 -896 224 ) 
4 56 81 (-1280 0 224 ) (-1127.988159 0 224 ) (-1127.988159 -192 224 ) (-1280 -192 224 ) 
4 56 60 (-1280 0 224 ) (-1280 -192 224 ) (-1280 -192 1216 ) (-1280 0 1216 ) 
4 56 58 (-1280 -192 800 ) (-1280 -192 224 ) (-1216 -192 224 ) (-1216 -192 800 ) 
4 56 57 (-1280 -192 1216 ) (-1280 -192 800 ) (-1024 -192 800 ) (-1024 -192 1216 ) 
4 57 61 (-1280 -704 992 ) (-1280 -704 1216 ) (-1280 -544 1216 ) (-1280 -544 992 ) 
4 57 60 (-1280 -544 1216 ) (-1280 -192 1216 ) (-1280 -192 800 ) (-1280 -544 800 ) 
4 57 59 (-1280 -704 1216 ) (-1280 -704 800 ) (-1024 -704 800 ) (-1024 -704 1216 ) 
3 57 58 (-1280 -256 800 ) (-1280 -192 800 ) (-1216 -192 800 ) 
3 58 82 (-1280 -256 224 ) (-1280 -192 224 ) (-1216 -192 224 ) 
4 58 60 (-1280 -192 224 ) (-1280 -256 224 ) (-1280 -256 800 ) (-1280 -192 800 ) 
4 59 76 (-1280 -896 224 ) (-1024 -896 224 ) (-1024 -896 992 ) (-1280 -896 992 ) 
4 59 75 (-1024 -896 992 ) (-1024 -896 1216 ) (-1280 -896 1216 ) (-1280 -896 992 ) 
4 59 61 (-1280 -896 992 ) (-1280 -896 1216 ) (-1280 -704 1216 ) (-1280 -704 992 ) 
4 60 83 (-1280 -192 224 ) (-1280 -480 224 ) (-1664 -480 224 ) (-1664 -192 224 ) 
4 60 81 (-1664 0 224 ) (-1280 0 224 ) (-1280 -192 224 ) (-1664 -192 224 ) 
4 60 61 (-1664 -544 1216 ) (-1664 -544 992 ) (-1280 -544 992 ) (-1280 -544 1216 ) 
4 60 62 (-1664 0 224 ) (-1664 -544 224 ) (-1664 -544 1216 ) (-1664 0 1216 ) 
4 61 75 (-1280 -896 992 ) (-1280 -896 1216 ) (-1664 -896 1216 ) (-1664 -896 992 ) 
4 61 62 (-1664 -896 992 ) (-1664 -896 1216 ) (-1664 -544 1216 ) (-1664 -544 992 ) 
4 62 84 (-1664 -192 224 ) (-1664 -768 224 ) (-1792 -768 224 ) (-1792 -192 224 ) 
4 62 81 (-1792 0 224 ) (-1664 0 224 ) (-1664 -192 224 ) (-1792 -192 224 ) 
4 62 77 (-1664 -896 864 ) (-1664 -896 1216 ) (-1792 -896 1216 ) (-1792 -896 864 ) 
4 62 72 (-1792 -844 384 ) (-1792 -832 384 ) (-1792 -832 352 ) (-1792 -844 352 ) 
4 62 70 (-1792 -896 384 ) (-1792 -896 480 ) (-1792 -832 480 ) (-1792 -832 384 ) 
4 62 73 (-1792 -832 224 ) (-1792 -896 224 ) (-1792 -896 352 ) (-1792 -832 352 ) 
4 62 69 (-1792 -844 512 ) (-1792 -832 512 ) (-1792 -832 480 ) (-1792 -844 480 ) 
4 62 66 (-1792 -844 640 ) (-1792 -832 640 ) (-1792 -832 608 ) (-1792 -844 608 ) 
4 62 67 (-1792 -896 512 ) (-1792 -896 608 ) (-1792 -832 608 ) (-1792 -832 512 ) 
4 62 64 (-1792 -896 640 ) (-1792 -896 1216 ) (-1792 -832 1216 ) (-1792 -832 640 ) 
4 62 63 (-1792 0 1216 ) (-1792 0 224 ) (-1792 -832 224 ) (-1792 -832 1216 ) 
4 63 84 (-1792 -192 224 ) (-1792 -768 224 ) (-1920 -768 224 ) (-1920 -192 224 ) 
4 63 81 (-1920 0 224 ) (-1792 0 224 ) (-1792 -192 224 ) (-1920 -192 224 ) 
4 63 74 (-1920 0 224 ) (-1920 -832 224 ) (-1920 -832 1216 ) (-1920 0 1216 ) 
4 63 72 (-1804 -832 352 ) (-1792 -832 352 ) (-1792 -832 384 ) (-1804 -832 384 ) 
4 63 71 (-1920 -832 384 ) (-1920 -832 352 ) (-1908 -832 352 ) (-1908 -832 384 ) 
4 63 70 (-1920 -832 480 ) (-1920 -832 384 ) (-1792 -832 384 ) (-1792 -832 480 ) 
4 63 73 (-1920 -832 352 ) (-1920 -832 224 ) (-1792 -832 224 ) (-1792 -832 352 ) 
4 63 69 (-1804 -832 480 ) (-1792 -832 480 ) (-1792 -832 512 ) (-1804 -832 512 ) 
4 63 68 (-1920 -832 512 ) (-1920 -832 480 ) (-1908 -832 480 ) (-1908 -832 512 ) 
4 63 66 (-1804 -832 608 ) (-1792 -832 608 ) (-1792 -832 640 ) (-1804 -832 640 ) 
4 63 65 (-1920 -832 640 ) (-1920 -832 608 ) (-1908 -832 608 ) (-1908 -832 640 ) 
4 63 67 (-1920 -832 608 ) (-1920 -832 512 ) (-1792 -832 512 ) (-1792 -832 608 ) 
4 63 64 (-1920 -832 1216 ) (-1920 -832 640 ) (-1792 -832 640 ) (-1792 -832 1216 ) 
4 64 77 (-1792 -896 864 ) (-1792 -896 1216 ) (-1920 -896 1216 ) (-1920 -896 864 ) 
4 64 74 (-1920 -896 640 ) (-1920 -896 1216 ) (-1920 -832 1216 ) (-1920 -832 640 ) 
3 64 66 (-1804 -832 640 ) (-1792 -832 640 ) (-1792 -844 640 ) 
3 64 65 (-1920 -844 640 ) (-1920 -832 640 ) (-1908 -832 640 ) 
4 65 74 (-1920 -844 640 ) (-1920 -832 640 ) (-1920 -832 608 ) (-1920 -844 608 ) 
3 65 67 (-1920 -844 608 ) (-1920 -832 608 ) (-1908 -832 608 ) 
3 66 67 (-1804 -832 608 ) (-1792 -832 608 ) (-1792 -844 608 ) 
4 67 74 (-1920 -896 512 ) (-1920 -896 608 ) (-1920 -832 608 ) (-1920 -832 512 ) 
3 67 69 (-1804 -832 512 ) (-1792 -832 512 ) (-1792 -844 512 ) 
3 67 68 (-1920 -844 512 ) (-1920 -832 512 ) (-1908 -832 512 ) 
4 68 74 (-1920 -844 512 ) (-1920 -832 512 ) (-1920 -832 480 ) (-1920 -844 480 ) 
3 68 70 (-1920 -844 480 ) (-1920 -832 480 ) (-1908 -832 480 ) 
3 69 70 (-1804 -832 480 ) (-1792 -832 480 ) (-1792 -844 480 ) 
4 70 74 (-1920 -896 384 ) (-1920 -896 480 ) (-1920 -832 480 ) (-1920 -832 384 ) 
3 70 72 (-1804 -832 384 ) (-1792 -832 384 ) (-1792 -844 384 ) 
3 70 71 (-1920 -844 384 ) (-1920 -832 384 ) (-1908 -832 384 ) 
4 71 74 (-1920 -844 384 ) (-1920 -832 384 ) (-1920 -832 352 ) (-1920 -844 352 ) 
3 71 73 (-1920 -844 352 ) (-1920 -832 352 ) (-1908 -832 352 ) 
3 72 73 (-1804 -832 352 ) (-1792 -832 352 ) (-1792 -844 352 ) 
4 73 74 (-1920 -832 224 ) (-1920 -896 224 ) (-1920 -896 352 ) (-1920 -832 352 ) 
4 74 137 (-2048 0 1216 ) (-2048 0 224 ) (-2048 -64 224 ) (-2048 -64 1216 ) 
4 74 138 (-2048 -64 224 ) (-2048 -896 224 ) (-2048 -896 1216 ) (-2048 -64 1216 ) 
3 74 85 (-2048 -800 224 ) (-2048 -768 224 ) (-2016 -768 224 ) 
4 74 84 (-2048 -768 224 ) (-2048 -192 224 ) (-1920 -192 224 ) (-1920 -768 224 ) 
4 74 81 (-2048 -192 224 ) (-2048 0 224 ) (-1920 0 224 ) (-1920 -192 224 ) 
4 74 77 (-2048 -896 1216 ) (-2048 -896 864 ) (-1920 -896 864 ) (-1920 -896 1216 ) 
4 75 96 (-1024 -1024 992 ) (-1024 -1024 1216 ) (-1664 -1024 1216 ) (-1664 -1024 992 ) 
4 75 77 (-1664 -896 1216 ) (-1664 -896 992 ) (-1664 -1024 992 ) (-1664 -1024 1216 ) 
4 75 76 (-1280 -896 992 ) (-1024 -896 992 ) (-1024 -1024 992 ) (-1280 -1024 992 ) 
4 76 97 (-1280 -1024 224 ) (-1024 -1024 224 ) (-1024 -1024 992 ) (-1280 -1024 992 ) 
4 77 138 (-2048 -1024 937.142883 ) (-2048 -1024 1216 ) (-2048 -896 1216 ) (-2048 -896 864 ) 
4 77 99 (-2048 -1024 1046.857178 ) (-2048 -1024 937.142944 ) (-1664 -1024 937.142883 ) (-1664 -1024 1046.857178 ) 
4 77 98 (-2048 -1024 1216 ) (-2048 -1024 1046.857178 ) (-1664 -1024 1046.857178 ) (-1664 -1024 1216 ) 
4 78 79 (-1112 -28 80 ) (-1112 0 80 ) (-1112 0 -32 ) (-1112 -28 -32 ) 
4 79 86 (-1120 0 -36 ) (-1112 0 -36 ) (-1112 -28 -36 ) (-1120 -28 -36 ) 
4 79 80 (-1112 -28 -36 ) (-1112 -28 -32 ) (-1120 -28 -32 ) (-1120 -28 -36 ) 
4 79 81 (-1120 0 -36 ) (-1120 -28 -36 ) (-1120 -28 80 ) (-1120 0 80 ) 
4 80 86 (-1112 -28 -36 ) (-1112 -192 -36 ) (-1120 -192 -36 ) (-1120 -28 -36 ) 
4 80 81 (-1120 -28 -36 ) (-1120 -192 -36 ) (-1120 -192 -32 ) (-1120 -28 -32 ) 
4 81 141 (-2048 0 -24 ) (-2048 0 -36 ) (-2048 -192 -36 ) (-2048 -192 -24 ) 
4 81 139 (-2048 0 104 ) (-2048 0 -24 ) (-2048 -192 -24 ) (-2048 -192 104 ) 
4 81 137 (-2048 -64 224 ) (-2048 0 224 ) (-2048 0 104 ) (-2048 -64 104 ) 
4 81 138 (-2048 -192 224 ) (-2048 -64 224 ) (-2048 -64 104 ) (-2048 -192 104 ) 
4 81 89 (-2048 0 -36 ) (-1664 0 -36 ) (-1664 -192 -36 ) (-2048 -192 -36 ) 
4 81 87 (-1280 0 -36 ) (-1216 0 -36 ) (-1216 -192 -36 ) (-1280 -192 -36 ) 
4 81 88 (-1664 0 -36 ) (-1280 0 -36 ) (-1280 -192 -36 ) (-1664 -192 -36 ) 
4 81 86 (-1216 0 -36 ) (-1120 0 -36 ) (-1120 -192 -36 ) (-1216 -192 -36 ) 
4 81 84 (-2048 -192 -36 ) (-1664 -192 -36 ) (-1664 -192 224 ) (-2048 -192 224 ) 
4 81 82 (-1280 -192 -36 ) (-1216 -192 -36 ) (-1216 -192 224 ) (-1280 -192 224 ) 
4 81 83 (-1664 -192 -36 ) (-1280 -192 -36 ) (-1280 -192 224 ) (-1664 -192 224 ) 
3 82 87 (-1280 -256 -36 ) (-1280 -192 -36 ) (-1216 -192 -36 ) 
4 82 83 (-1280 -192 224 ) (-1280 -192 -36 ) (-1280 -256 -36 ) (-1280 -256 224 ) 
4 83 88 (-1280 -480 -36 ) (-1664 -480 -36 ) (-1664 -192 -36 ) (-1280 -192 -36 ) 
4 83 84 (-1664 -192 224 ) (-1664 -192 -36 ) (-1664 -480 -36 ) (-1664 -480 224 ) 
4 84 143 (-2048 -328 -36 ) (-2048 -768 -36 ) (-2048 -768 -24 ) (-2048 -328 -24 ) 
4 84 141 (-2048 -192 -24 ) (-2048 -192 -36 ) (-2048 -328 -36 ) (-2048 -328 -24 ) 
4 84 139 (-2048 -192 104 ) (-2048 -192 -24 ) (-2048 -768 -24 ) (-2048 -768 104 ) 
4 84 138 (-2048 -768 224 ) (-2048 -192 224 ) (-2048 -192 104 ) (-2048 -768 104 ) 
4 84 89 (-2048 -768 -36 ) (-2048 -192 -36 ) (-1664 -192 -36 ) (-1664 -768 -36 ) 
4 84 85 (-2048 -768 -36 ) (-2016 -768 -36 ) (-2016 -768 224 ) (-2048 -768 224 ) 
4 85 143 (-2048 -768 -24 ) (-2048 -768 -36 ) (-2048 -800 -36 ) (-2048 -800 -24 ) 
4 85 139 (-2048 -768 104 ) (-2048 -768 -24 ) (-2048 -800 -24 ) (-2048 -800 104 ) 
4 85 138 (-2048 -800 224 ) (-2048 -768 224 ) (-2048 -768 104 ) (-2048 -800 104 ) 
3 85 90 (-2048 -800 -36 ) (-2048 -768 -36 ) (-2016 -768 -36 ) 
4 86 87 (-1216 0 -64 ) (-1216 -192 -64 ) (-1216 -192 -36 ) (-1216 0 -36 ) 
4 87 88 (-1280 0 -64 ) (-1280 -256 -64 ) (-1280 -256 -36 ) (-1280 0 -36 ) 
4 88 89 (-1664 0 -64 ) (-1664 -480 -64 ) (-1664 -480 -36 ) (-1664 0 -36 ) 
4 89 156 (-2048 -768 -36 ) (-2048 -328 -36 ) (-2048 -328 -64 ) (-2048 -768 -64 ) 
4 89 152 (-2048 -328 -36 ) (-2048 0 -36 ) (-2048 0 -64 ) (-2048 -328 -64 ) 
4 89 90 (-2048 -768 -64 ) (-2016 -768 -64 ) (-2016 -768 -36 ) (-2048 -768 -36 ) 
4 90 156 (-2048 -800 -36 ) (-2048 -768 -36 ) (-2048 -768 -64 ) (-2048 -800 -64 ) 
4 91 97 (-1024 -1024 992 ) (-1024 -1024 224 ) (-1024 -1344 224 ) (-1024 -1344 992 ) 
4 91 96 (-1024 -1024 1216 ) (-1024 -1024 992 ) (-1024 -1344 992 ) (-1024 -1344 1216 ) 
4 91 92 (-488 -1344 416 ) (-488 -1344 1216 ) (-1024 -1344 1216 ) (-1024 -1344 416 ) 
4 92 100 (-1024 -1856 416 ) (-1024 -1856 1216 ) (-1024 -1344 1216 ) (-1024 -1344 416 ) 
4 92 93 (-488 -1856 416 ) (-488 -1856 1216 ) (-1024 -1856 1216 ) (-1024 -1856 416 ) 
4 93 233 (-488 -2048 1216 ) (-1024 -2048 1216 ) (-1024 -2048 288 ) (-488 -2048 288 ) 
4 93 101 (-1024 -2048 288 ) (-1024 -2048 1216 ) (-1024 -1856 1216 ) (-1024 -1856 288 ) 
4 94 231 (-208 -2048 112 ) (-352 -2048 112 ) (-368 -2048 96 ) (-176 -2048 96 ) 
4 94 95 (-192 -2048 96 ) (-368 -2048 96 ) (-368 -1920 96 ) (-192 -1920 96 ) 
4 95 232 (-192 -2048 96 ) (-368 -2048 96 ) (-368 -2048 -32 ) (-192 -2048 -32 ) 
4 96 107 (-1536 -1344 1216 ) (-1664 -1344 1216 ) (-1664 -1344 992 ) (-1536 -1344 992 ) 
4 96 100 (-1024 -1344 992 ) (-1024 -1344 1216 ) (-1536 -1344 1216 ) (-1536 -1344 992 ) 
3 96 99 (-1664 -1024 1046.857056 ) (-1664 -1024 992 ) (-1664 -1120 992 ) 
5 96 98 (-1664 -1344 992 ) (-1664 -1344 1216 ) (-1664 -1024 1216 ) (-1664 -1024 1046.857056 ) (-1664 -1120 992 ) 
4 96 97 (-1024 -1344 992 ) (-1280 -1344 992 ) (-1280 -1024 992 ) (-1024 -1024 992 ) 
4 97 100 (-1024 -1344 416 ) (-1024 -1344 992 ) (-1280 -1344 992 ) (-1280 -1344 416 ) 
4 98 159 (-2048 -1024 1216 ) (-2048 -1024 1046.857178 ) (-2048 -1344 864 ) (-2048 -1344 1216 ) 
4 98 107 (-1664 -1344 864 ) (-1664 -1344 1216 ) (-2048 -1344 1216 ) (-2048 -1344 864 ) 
4 98 99 (-2048 -1024 1046.856079 ) (-1664 -1024 1046.856079 ) (-1664 -1120 992 ) (-2048 -1120 992 ) 
3 99 159 (-2048 -1024 1046.857178 ) (-2048 -1024 937.142883 ) (-2048 -1120 992 ) 
4 100 110 (-1536 -1344 928 ) (-1536 -1344 544 ) (-1536 -1856 544 ) (-1536 -1856 928 ) 
4 100 107 (-1536 -1344 1216 ) (-1536 -1344 928 ) (-1536 -1856 928 ) (-1536 -1856 1216 ) 
4 100 103 (-1536 -1856 1216 ) (-1536 -1856 416 ) (-1152 -1856 416 ) (-1152 -1856 1216 ) 
4 100 102 (-1152 -1856 416 ) (-1136 -1856 416 ) (-1136 -1856 1216 ) (-1152 -1856 1216 ) 
4 100 101 (-1136 -1856 416 ) (-1024 -1856 416 ) (-1024 -1856 1216 ) (-1136 -1856 1216 ) 
4 101 243 (-1024 -2048 288 ) (-1024 -2048 1216 ) (-1136 -2048 1216 ) (-1136 -2048 288 ) 
4 101 102 (-1136 -2048 416 ) (-1136 -2048 1216 ) (-1136 -1856 1216 ) (-1136 -1856 416 ) 
4 102 245 (-1136 -2048 1216 ) (-1152 -2048 1216 ) (-1152 -2048 416 ) (-1136 -2048 416 ) 
4 102 104 (-1152 -2008 416 ) (-1152 -2016 416 ) (-1152 -2016 1216 ) (-1152 -2008 1216 ) 
4 102 103 (-1152 -1856 1216 ) (-1152 -1856 416 ) (-1152 -2008 416 ) (-1152 -2008 1216 ) 
4 102 106 (-1152 -2016 416 ) (-1152 -2048 416 ) (-1152 -2048 1216 ) (-1152 -2016 1216 ) 
4 103 114 (-1536 -2008 -36 ) (-1536 -1856 -36 ) (-1216 -1856 -36 ) (-1216 -2008 -36 ) 
4 103 113 (-1216 -1856 -36 ) (-1152 -1856 -36 ) (-1152 -2008 -36 ) (-1216 -2008 -36 ) 
4 103 110 (-1536 -2008 544 ) (-1536 -2008 928 ) (-1536 -1856 928 ) (-1536 -1856 544 ) 
4 103 111 (-1536 -1856 -36 ) (-1536 -2008 -36 ) (-1536 -2008 -32 ) (-1536 -1856 -32 ) 
4 103 107 (-1536 -2008 928 ) (-1536 -2008 1216 ) (-1536 -1856 1216 ) (-1536 -1856 928 ) 
4 103 104 (-1152 -2008 0 ) (-1152 -2008 1216 ) (-1536 -2008 1216 ) (-1536 -2008 0 ) 
4 103 105 (-1152 -2008 -36 ) (-1152 -2008 -32 ) (-1536 -2008 -32 ) (-1536 -2008 -36 ) 
4 104 110 (-1536 -2016 544 ) (-1536 -2016 928 ) (-1536 -2008 928 ) (-1536 -2008 544 ) 
4 104 107 (-1536 -2016 928 ) (-1536 -2016 1216 ) (-1536 -2008 1216 ) (-1536 -2008 928 ) 
4 104 106 (-1152 -2016 0 ) (-1152 -2016 1216 ) (-1536 -2016 1216 ) (-1536 -2016 0 ) 
4 105 114 (-1536 -2016 -36 ) (-1536 -2008 -36 ) (-1216 -2008 -36 ) (-1216 -2016 -36 ) 
4 105 113 (-1216 -2008 -36 ) (-1152 -2008 -36 ) (-1152 -2016 -36 ) (-1216 -2016 -36 ) 
4 105 111 (-1536 -2008 -36 ) (-1536 -2016 -36 ) (-1536 -2016 -32 ) (-1536 -2008 -32 ) 
4 105 106 (-1152 -2016 -36 ) (-1152 -2016 -32 ) (-1536 -2016 -32 ) (-1536 -2016 -36 ) 
4 106 251 (-1536 -2048 1216 ) (-1536 -2048 -36 ) (-1152 -2048 -36 ) (-1152 -2048 1216 ) 
4 106 114 (-1216 -2048 -36 ) (-1536 -2048 -36 ) (-1536 -2016 -36 ) (-1216 -2016 -36 ) 
4 106 113 (-1152 -2048 -36 ) (-1216 -2048 -36 ) (-1216 -2016 -36 ) (-1152 -2016 -36 ) 
4 106 112 (-1536 -2016 -36 ) (-1536 -2048 -36 ) (-1536 -2048 1216 ) (-1536 -2016 1216 ) 
4 107 159 (-2048 -1344 1216 ) (-2048 -1344 672 ) (-2048 -2016 672 ) (-2048 -2016 1216 ) 
5 107 112 (-1536 -2016 928 ) (-1536 -2016 1216 ) (-2048 -2016 1216 ) (-2048 -2016 672 ) (-1877.333252 -2016 672 ) 
4 107 110 (-1536 -2016 928 ) (-1792 -2016 736 ) (-1792 -1344 736 ) (-1536 -1344 928 ) 
4 107 109 (-1877.330078 -1760 672 ) (-1877.330078 -2016 672 ) (-2048 -2016 672 ) (-2048 -1760 672 ) 
4 107 108 (-2048 -1344 672 ) (-1877.330078 -1344 672 ) (-1877.330078 -1632 672 ) (-2048 -1632 672 ) 
4 108 159 (-2048 -1344 672 ) (-2048 -1344 544 ) (-2048 -1568 544 ) (-2048 -1632 672 ) 
4 109 159 (-2048 -1824 544 ) (-2048 -2016 544 ) (-2048 -2016 672 ) (-2048 -1760 672 ) 
3 109 112 (-2048 -2016 672 ) (-2048 -2016 544 ) (-1877.333252 -2016 672 ) 
3 110 112 (-1536 -2016 544 ) (-1536 -2016 928 ) (-1792 -2016 736 ) 
4 111 115 (-1856 -1344 -36 ) (-1536 -1344 -36 ) (-1536 -2016 -36 ) (-1856 -2016 -36 ) 
4 111 112 (-1856 -2016 -36 ) (-1536 -2016 -36 ) (-1536 -2016 -32 ) (-1856 -2016 -32 ) 
4 112 251 (-2048 -2048 1216 ) (-2048 -2048 -36 ) (-1536 -2048 -36 ) (-1536 -2048 1216 ) 
4 112 161 (-2048 -2048 -36 ) (-2048 -2048 352 ) (-2048 -2016 352 ) (-2048 -2016 -36 ) 
4 112 160 (-2048 -2048 352 ) (-2048 -2048 384 ) (-2048 -2016 384 ) (-2048 -2016 352 ) 
4 112 159 (-2048 -2048 384 ) (-2048 -2048 1216 ) (-2048 -2016 1216 ) (-2048 -2016 384 ) 
4 112 116 (-2048 -2048 -36 ) (-2048 -2016 -36 ) (-1856 -2016 -36 ) (-1856 -2048 -36 ) 
4 112 115 (-1856 -2016 -36 ) (-1536 -2016 -36 ) (-1536 -2048 -36 ) (-1856 -2048 -36 ) 
4 113 259 (-1152 -2048 -36 ) (-1216 -2048 -36 ) (-1216 -2048 -64 ) (-1152 -2048 -64 ) 
4 113 114 (-1216 -1856 -36 ) (-1216 -1856 -64 ) (-1216 -2048 -64 ) (-1216 -2048 -36 ) 
4 114 260 (-1216 -2048 -36 ) (-1536 -2048 -36 ) (-1536 -2048 -64 ) (-1216 -2048 -64 ) 
4 114 115 (-1536 -1856 -64 ) (-1536 -2048 -64 ) (-1536 -2048 -36 ) (-1536 -1856 -36 ) 
4 115 260 (-1536 -2048 -36 ) (-1856 -2048 -36 ) (-1856 -2048 -64 ) (-1536 -2048 -64 ) 
4 115 116 (-1856 -2016 -64 ) (-1856 -2048 -64 ) (-1856 -2048 -36 ) (-1856 -2016 -36 ) 
4 116 260 (-1856 -2048 -36 ) (-2048 -2048 -36 ) (-2048 -2048 -64 ) (-1856 -2048 -64 ) 
4 116 164 (-2048 -2048 -64 ) (-2048 -2048 -36 ) (-2048 -2016 -36 ) (-2048 -2016 -64 ) 
4 117 127 (-2624 1024 1216 ) (-2936 1024 1216 ) (-2936 1024 352 ) (-2624 1024 352 ) 
4 117 121 (-2048 1024 352 ) (-2048 1024 1216 ) (-2624 1024 1216 ) (-2624 1024 352 ) 
4 117 120 (-2048 1248 352 ) (-2048 1024 352 ) (-2936 1024 352 ) (-2936 1248 352 ) 
4 117 119 (-2936 1280 352 ) (-2048 1280 352 ) (-2048 1248 352 ) (-2936 1248 352 ) 
4 117 118 (-2936 1024 384 ) (-2936 1024 1216 ) (-2936 1280 1216 ) (-2936 1280 384 ) 
4 118 135 (-3072 1024 384 ) (-3072 1024 1216 ) (-3072 1280 1216 ) (-3072 1280 384 ) 
4 118 128 (-2936 1024 1216 ) (-3072 1024 1216 ) (-3072 1024 384 ) (-2936 1024 384 ) 
4 119 120 (-2944 1248 352 ) (-2944 1248 320 ) (-2048 1248 320 ) (-2048 1248 352 ) 
4 120 129 (-2624 1024 352 ) (-2944 1024 352 ) (-2944 1024 320 ) (-2624 1024 320 ) 
4 120 121 (-2048 1024 320 ) (-2048 1024 352 ) (-2624 1024 352 ) (-2624 1024 320 ) 
4 121 129 (-2624 1024 352 ) (-2624 1024 320 ) (-2624 192 320 ) (-2624 192 352 ) 
4 121 127 (-2624 1024 1216 ) (-2624 1024 352 ) (-2624 192 352 ) (-2624 192 1216 ) 
4 121 123 (-2624 192 1216 ) (-2624 192 320 ) (-2048 192 320 ) (-2048 192 1216 ) 
3 121 122 (-2048 192 320 ) (-2136 192 320 ) (-2048 280 320 ) 
3 122 124 (-2048 280 104 ) (-2048 192 104 ) (-2136 192 104 ) 
4 122 123 (-2136 192 104 ) (-2048 192 104 ) (-2048 192 320 ) (-2136 192 320 ) 
5 123 137 (-2048 0 104 ) (-2048 0 1216 ) (-2624 0 1216 ) (-2624 0 168 ) (-2428 0 104 ) 
4 123 130 (-2624 0 272.620148 ) (-2624 0 352 ) (-2624 192 352 ) (-2624 192 226.480621 ) 
4 123 127 (-2624 0 352 ) (-2624 0 1216 ) (-2624 192 1216 ) (-2624 192 352 ) 
4 123 125 (-2428 192 104 ) (-2048 192 104 ) (-2048 0 104 ) (-2428 0 104 ) 
3 124 133 (-2048 280 -36 ) (-2048 192 -36 ) (-2136 192 -36 ) 
4 124 125 (-2048 192 104 ) (-2136 192 104 ) (-2136 192 -36 ) (-2048 192 -36 ) 
4 125 142 (-2304 0 -24 ) (-2432 0 -24 ) (-2432 0 -36 ) (-2304 0 -36 ) 
4 125 141 (-2048 0 -36 ) (-2048 0 -24 ) (-2304 0 -24 ) (-2304 0 -36 ) 
4 125 139 (-2048 0 -24 ) (-2048 0 104 ) (-2432 0 104 ) (-2432 0 -24 ) 
4 125 134 (-2048 192 -36 ) (-2048 0 -36 ) (-2432 0 -36 ) (-2432 192 -36 ) 
4 125 126 (-2432 192 -24 ) (-2432 192 -36 ) (-2432 0 -36 ) (-2432 0 -24 ) 
4 126 142 (-2624 0 -24 ) (-2624 0 -36 ) (-2432 0 -36 ) (-2432 0 -24 ) 
4 126 134 (-2432 0 -36 ) (-2624 0 -36 ) (-2624 192 -36 ) (-2432 192 -36 ) 
4 126 131 (-2624 192 -36 ) (-2624 0 -36 ) (-2624 0 -32 ) (-2624 192 -32 ) 
4 127 145 (-2936 0 352 ) (-2624 0 352 ) (-2624 0 1216 ) (-2936 0 1216 ) 
4 127 130 (-2624 192 352 ) (-2624 0 352 ) (-2936 0 352 ) (-2936 192 352 ) 
4 127 129 (-2936 1024 352 ) (-2624 1024 352 ) (-2624 192 352 ) (-2936 192 352 ) 
4 127 128 (-2936 0 384 ) (-2936 0 1216 ) (-2936 1024 1216 ) (-2936 1024 384 ) 
4 128 150 (-3072 0 1216 ) (-3072 0 384 ) (-2936 0 384 ) (-2936 0 1216 ) 
4 128 136 (-3072 0 384 ) (-3072 0 1216 ) (-3072 1024 1216 ) (-3072 1024 384 ) 
4 129 132 (-2936 192 352 ) (-2944 192 352 ) (-2944 192 320 ) (-2936 192 320 ) 
4 129 130 (-2624 192 320 ) (-2624 192 352 ) (-2936 192 352 ) (-2936 192 320 ) 
4 130 146 (-2624 0 272.620178 ) (-2624 0 303.271423 ) (-2936 0 303.271423 ) (-2936 0 272.620148 ) 
4 130 145 (-2624 0 303.271423 ) (-2624 0 352 ) (-2936 0 352 ) (-2936 0 303.271423 ) 
4 130 132 (-2936 192 352 ) (-2936 192 226.480621 ) (-2936 0 272.620178 ) (-2936 0 352 ) 
4 131 147 (-2936 0 -36 ) (-2624 0 -36 ) (-2624 0 -32 ) (-2936 0 -32 ) 
4 131 134 (-2936 192 -36 ) (-2624 192 -36 ) (-2624 0 -36 ) (-2936 0 -36 ) 
4 131 132 (-2936 192 -32 ) (-2936 192 -36 ) (-2936 0 -36 ) (-2936 0 -32 ) 
4 132 151 (-2944 0 -36 ) (-2936 0 -36 ) (-2936 0 352 ) (-2944 0 352 ) 
4 132 134 (-2944 192 -36 ) (-2936 192 -36 ) (-2936 0 -36 ) (-2944 0 -36 ) 
4 133 134 (-2136 192 -64 ) (-2048 192 -64 ) (-2048 192 -36 ) (-2136 192 -36 ) 
4 134 153 (-2304 0 -36 ) (-2624 0 -36 ) (-2624 0 -64 ) (-2304 0 -64 ) 
4 134 152 (-2048 0 -64 ) (-2048 0 -36 ) (-2304 0 -36 ) (-2304 0 -64 ) 
4 134 155 (-2624 0 -36 ) (-2944 0 -36 ) (-2944 0 -64 ) (-2624 0 -64 ) 
4 135 136 (-3072 1024 384 ) (-3072 1024 1216 ) (-3200 1024 1216 ) (-3200 1024 384 ) 
4 136 167 (-3072 0 384 ) (-3072 0 1216 ) (-3200 0 1216 ) (-3200 0 384 ) 
4 137 146 (-2624 0 303.271423 ) (-2624 0 272.620178 ) (-2624 -64 288 ) (-2624 -64 288.009918 ) 
4 137 145 (-2624 -64 1216 ) (-2624 0 1216 ) (-2624 0 303.271423 ) (-2624 -64 288.009918 ) 
4 137 139 (-2428 0 104 ) (-2048 0 104 ) (-2048 -64 104 ) (-2428 -64 104 ) 
5 137 138 (-2428 -64 104 ) (-2048 -64 104 ) (-2048 -64 1216 ) (-2624 -64 1216 ) (-2624 -64 168 ) 
4 138 162 (-2304 -1024 352 ) (-2432 -1024 352 ) (-2432 -1024 104 ) (-2304 -1024 104 ) 
4 138 161 (-2048 -1024 104 ) (-2048 -1024 352 ) (-2304 -1024 352 ) (-2304 -1024 104 ) 
4 138 163 (-2432 -1024 352 ) (-2624 -1024 352 ) (-2624 -1024 104 ) (-2432 -1024 104 ) 
4 138 160 (-2048 -1024 352 ) (-2048 -1024 384 ) (-2624 -1024 384 ) (-2624 -1024 352 ) 
4 138 159 (-2048 -1024 384 ) (-2048 -1024 1216 ) (-2624 -1024 1216 ) (-2624 -1024 384 ) 
4 138 149 (-2624 -320 224 ) (-2624 -320 104 ) (-2624 -835.654480 104 ) (-2624 -324.013397 226.006714 ) 
5 138 148 (-2624 -1024 104 ) (-2624 -1024 1216 ) (-2624 -320 1216 ) (-2624 -320 226.963745 ) (-2624 -835.654480 104 ) 
4 138 145 (-2624 -320 1216 ) (-2624 -64 1216 ) (-2624 -64 288.009949 ) (-2624 -320 226.963760 ) 
4 138 140 (-2432 -1024 104 ) (-2624 -1024 104 ) (-2624 -64 104 ) (-2432 -64 104 ) 
4 138 139 (-2048 -1024 104 ) (-2432 -1024 104 ) (-2432 -64 104 ) (-2048 -64 104 ) 
4 139 162 (-2304 -1024 104 ) (-2432 -1024 104 ) (-2432 -1024 -24 ) (-2304 -1024 -24 ) 
4 139 161 (-2048 -1024 -24 ) (-2048 -1024 104 ) (-2304 -1024 104 ) (-2304 -1024 -24 ) 
4 139 143 (-2048 -328 -24 ) (-2048 -1024 -24 ) (-2304 -1024 -24 ) (-2304 -328 -24 ) 
4 139 142 (-2432 0 -24 ) (-2304 0 -24 ) (-2304 -312 -24 ) (-2432 -312 -24 ) 
4 139 141 (-2304 0 -24 ) (-2048 0 -24 ) (-2048 -328 -24 ) (-2304 -328 -24 ) 
4 139 140 (-2432 -64 -24 ) (-2432 -1024 -24 ) (-2432 -1024 104 ) (-2432 -64 104 ) 
4 140 163 (-2432 -1024 104 ) (-2624 -1024 104 ) (-2624 -1024 -24 ) (-2432 -1024 -24 ) 
5 140 149 (-2624 -1024 -24 ) (-2624 -1024 59.086838 ) (-2624 -835.654419 104 ) (-2624 -320 104 ) (-2624 -320 -24 ) 
3 140 148 (-2624 -1024 59.086838 ) (-2624 -1024 104 ) (-2624 -835.654419 104 ) 
4 140 144 (-2624 -1024 -24 ) (-2624 -328 -24 ) (-2432 -328 -24 ) (-2432 -1024 -24 ) 
4 140 142 (-2624 -312 -24 ) (-2624 -64 -24 ) (-2432 -64 -24 ) (-2432 -312 -24 ) 
4 141 152 (-2304 0 -36 ) (-2048 0 -36 ) (-2048 -328 -36 ) (-2304 -328 -36 ) 
4 141 143 (-2048 -328 -24 ) (-2304 -328 -24 ) (-2304 -328 -36 ) (-2048 -328 -36 ) 
4 141 142 (-2304 0 -36 ) (-2304 -312 -36 ) (-2304 -312 -24 ) (-2304 0 -24 ) 
4 142 153 (-2624 0 -36 ) (-2304 0 -36 ) (-2304 -312 -36 ) (-2624 -312 -36 ) 
4 142 147 (-2624 0 -36 ) (-2624 -312 -36 ) (-2624 -312 -32 ) (-2624 0 -32 ) 
4 143 161 (-2048 -1024 -36 ) (-2048 -1024 -24 ) (-2304 -1024 -24 ) (-2304 -1024 -36 ) 
4 143 156 (-2048 -328 -36 ) (-2048 -1024 -36 ) (-2304 -1024 -36 ) (-2304 -328 -36 ) 
4 144 163 (-2432 -1024 -24 ) (-2624 -1024 -24 ) (-2624 -1024 -36 ) (-2432 -1024 -36 ) 
4 144 158 (-2432 -1024 -36 ) (-2624 -1024 -36 ) (-2624 -328 -36 ) (-2432 -328 -36 ) 
4 144 149 (-2624 -328 -36 ) (-2624 -1024 -36 ) (-2624 -1024 -24 ) (-2624 -328 -24 ) 
4 145 151 (-2936 0 352 ) (-2936 0 303.271423 ) (-2936 -320 226.963776 ) (-2936 -320 352 ) 
4 145 150 (-2936 0 1216 ) (-2936 0 384 ) (-2936 -320 384 ) (-2936 -320 1216 ) 
4 145 148 (-2624 -320 226.963776 ) (-2624 -320 1216 ) (-2936 -320 1216 ) (-2936 -320 226.963745 ) 
4 145 146 (-2936 -64.020630 288.004974 ) (-2936 0 303.271423 ) (-2624 0 303.271423 ) (-2624 -64.020630 288.004974 ) 
3 146 151 (-2936 0 303.271423 ) (-2936 0 272.620178 ) (-2936 -64.020660 288.004974 ) 
4 147 155 (-2936 0 -36 ) (-2624 0 -36 ) (-2624 -320 -36 ) (-2936 -320 -36 ) 
4 147 151 (-2936 0 -32 ) (-2936 0 -36 ) (-2936 -320 -36 ) (-2936 -320 -32 ) 
4 147 149 (-2624 -320 -36 ) (-2624 -320 -32 ) (-2936 -320 -32 ) (-2936 -320 -36 ) 
4 148 163 (-2936 -1024 352 ) (-2936 -1024 59.086792 ) (-2624 -1024 59.086853 ) (-2624 -1024 352 ) 
4 148 160 (-2936 -1024 384 ) (-2936 -1024 352 ) (-2624 -1024 352 ) (-2624 -1024 384 ) 
4 148 159 (-2936 -1024 1216 ) (-2936 -1024 384 ) (-2624 -1024 384 ) (-2624 -1024 1216 ) 
4 148 151 (-2936 -1024 59.086853 ) (-2936 -1024 352 ) (-2936 -320 352 ) (-2936 -320 226.963684 ) 
4 148 150 (-2936 -1024 384 ) (-2936 -1024 1216 ) (-2936 -320 1216 ) (-2936 -320 384 ) 
4 148 149 (-2936 -1024 59.086510 ) (-2936 -324.012878 226.006439 ) (-2624 -324.012878 226.006454 ) (-2624 -1024 59.086441 ) 
4 149 163 (-2936 -1024 59.086792 ) (-2936 -1024 -36 ) (-2624 -1024 -36 ) (-2624 -1024 59.086853 ) 
4 149 158 (-2624 -328 -36 ) (-2624 -1024 -36 ) (-2936 -1024 -36 ) (-2936 -328 -36 ) 
4 149 155 (-2624 -320 -36 ) (-2624 -328 -36 ) (-2936 -328 -36 ) (-2936 -320 -36 ) 
5 149 151 (-2936 -320 -36 ) (-2936 -1024 -36 ) (-2936 -1024 59.086853 ) (-2936 -324.013306 226.006668 ) (-2936 -320 224 ) 
4 150 167 (-3072 0 1216 ) (-3072 0 384 ) (-3072 -1024 384 ) (-3072 -1024 1216 ) 
4 150 159 (-3072 -1024 1216 ) (-3072 -1024 384 ) (-2936 -1024 384 ) (-2936 -1024 1216 ) 
4 151 163 (-2944 -1024 -36 ) (-2936 -1024 -36 ) (-2936 -1024 352 ) (-2944 -1024 352 ) 
4 151 158 (-2936 -328 -36 ) (-2936 -1024 -36 ) (-2944 -1024 -36 ) (-2944 -328 -36 ) 
4 151 155 (-2944 0 -36 ) (-2936 0 -36 ) (-2936 -328 -36 ) (-2944 -328 -36 ) 
4 152 156 (-2304 -328 -64 ) (-2048 -328 -64 ) (-2048 -328 -36 ) (-2304 -328 -36 ) 
4 152 154 (-2304 -312 -64 ) (-2304 -328 -64 ) (-2304 -328 -40 ) (-2304 -312 -40 ) 
4 152 153 (-2304 0 -64 ) (-2304 -312 -64 ) (-2304 -312 -36 ) (-2304 0 -36 ) 
4 153 154 (-2624 -312 -40 ) (-2624 -312 -64 ) (-2304 -312 -64 ) (-2304 -312 -40 ) 
4 153 155 (-2624 0 -64 ) (-2624 -312 -64 ) (-2624 -312 -36 ) (-2624 0 -36 ) 
4 154 157 (-2432 -328 -64 ) (-2304 -328 -64 ) (-2304 -328 -40 ) (-2432 -328 -40 ) 
4 154 158 (-2624 -328 -64 ) (-2432 -328 -64 ) (-2432 -328 -40 ) (-2624 -328 -40 ) 
4 154 155 (-2624 -312 -64 ) (-2624 -328 -64 ) (-2624 -328 -40 ) (-2624 -312 -40 ) 
4 155 158 (-2944 -328 -36 ) (-2944 -328 -64 ) (-2624 -328 -64 ) (-2624 -328 -36 ) 
4 156 164 (-2048 -1024 -64 ) (-2048 -1024 -36 ) (-2304 -1024 -36 ) (-2304 -1024 -64 ) 
4 156 157 (-2304 -328 -40 ) (-2304 -328 -64 ) (-2304 -1024 -64 ) (-2304 -1024 -40 ) 
4 157 165 (-2432 -1024 -40 ) (-2432 -1024 -64 ) (-2304 -1024 -64 ) (-2304 -1024 -40 ) 
4 157 158 (-2432 -328 -40 ) (-2432 -328 -64 ) (-2432 -1024 -64 ) (-2432 -1024 -40 ) 
4 158 166 (-2432 -1024 -36 ) (-2944 -1024 -36 ) (-2944 -1024 -64 ) (-2432 -1024 -64 ) 
4 159 294 (-2048 -2048 384 ) (-2048 -2048 1216 ) (-3072 -2048 1216 ) (-3072 -2048 384 ) 
4 159 168 (-3072 -2048 384 ) (-3072 -2048 1216 ) (-3072 -1024 1216 ) (-3072 -1024 384 ) 
4 159 160 (-2048 -2048 384 ) (-2936 -2048 384 ) (-2936 -1024 384 ) (-2048 -1024 384 ) 
4 160 295 (-2048 -2048 352 ) (-2048 -2048 384 ) (-2936 -2048 384 ) (-2936 -2048 352 ) 
4 160 162 (-2304 -2048 352 ) (-2432 -2048 352 ) (-2432 -1024 352 ) (-2304 -1024 352 ) 
4 160 161 (-2048 -1024 352 ) (-2048 -2048 352 ) (-2304 -2048 352 ) (-2304 -1024 352 ) 
4 160 163 (-2432 -2048 352 ) (-2936 -2048 352 ) (-2936 -1024 352 ) (-2432 -1024 352 ) 
4 161 301 (-2112 -2048 352 ) (-2304 -2048 352 ) (-2304 -2048 -36 ) (-2112 -2048 -36 ) 
4 161 296 (-2048 -2048 -36 ) (-2048 -2048 352 ) (-2112 -2048 352 ) (-2112 -2048 -36 ) 
4 161 164 (-2048 -2048 -36 ) (-2304 -2048 -36 ) (-2304 -1024 -36 ) (-2048 -1024 -36 ) 
4 161 162 (-2304 -2048 -24 ) (-2304 -2048 352 ) (-2304 -1024 352 ) (-2304 -1024 -24 ) 
4 162 302 (-2304 -2048 352 ) (-2432 -2048 352 ) (-2432 -2048 -24 ) (-2304 -2048 -24 ) 
4 162 163 (-2432 -2048 -24 ) (-2432 -2048 352 ) (-2432 -1024 352 ) (-2432 -1024 -24 ) 
4 163 304 (-2432 -2048 352 ) (-2944 -2048 352 ) (-2944 -2048 -36 ) (-2432 -2048 -36 ) 
4 163 166 (-2432 -2048 -36 ) (-2944 -2048 -36 ) (-2944 -1024 -36 ) (-2432 -1024 -36 ) 
4 164 305 (-2048 -2048 -64 ) (-2048 -2048 -36 ) (-2304 -2048 -36 ) (-2304 -2048 -64 ) 
4 164 165 (-2304 -1024 -64 ) (-2304 -2048 -64 ) (-2304 -2048 -40 ) (-2304 -1024 -40 ) 
4 165 307 (-2432 -2048 -40 ) (-2432 -2048 -64 ) (-2304 -2048 -64 ) (-2304 -2048 -40 ) 
4 165 166 (-2432 -1024 -64 ) (-2432 -2048 -64 ) (-2432 -2048 -40 ) (-2432 -1024 -40 ) 
4 166 309 (-2432 -2048 -36 ) (-2944 -2048 -36 ) (-2944 -2048 -64 ) (-2432 -2048 -64 ) 
4 167 168 (-3072 -1024 384 ) (-3072 -1024 1216 ) (-3200 -1024 1216 ) (-3200 -1024 384 ) 
4 168 315 (-3072 -2048 384 ) (-3072 -2048 1216 ) (-3200 -2048 1216 ) (-3200 -2048 384 ) 
4 169 240 (0 -3072 480 ) (0 -3072 768 ) (0 -2944 768 ) (0 -2944 480 ) 
4 169 238 (0 -2944 768 ) (0 -2928 768 ) (0 -2928 480 ) (0 -2944 480 ) 
4 169 173 (144 -3072 768 ) (0 -3072 768 ) (0 -3072 480 ) (144 -3072 480 ) 
4 169 172 (160 -3072 480 ) (160 -3072 768 ) (144 -3072 768 ) (144 -3072 480 ) 
4 169 170 (0 -3072 480 ) (0 -2944 480 ) (160 -2944 480 ) (160 -3072 480 ) 
4 170 240 (0 -3072 352 ) (0 -3072 480 ) (0 -2944 480 ) (0 -2944 352 ) 
4 170 173 (144 -3072 480 ) (0 -3072 480 ) (0 -3072 352 ) (144 -3072 352 ) 
4 170 172 (160 -3072 352 ) (160 -3072 480 ) (144 -3072 480 ) (144 -3072 352 ) 
4 170 171 (144 -3072 352 ) (0 -3072 352 ) (0 -2944 352 ) (144 -2944 352 ) 
4 171 241 (0 -3072 -160 ) (0 -3072 352 ) (0 -2944 352 ) (0 -2944 -160 ) 
4 171 175 (0 -3072 224 ) (0 -3072 -160 ) (144 -3072 -160 ) (144 -3072 224 ) 
4 171 174 (144 -3072 352 ) (0 -3072 352 ) (0 -3072 224 ) (144 -3072 224 ) 
4 172 173 (144 -3072 768 ) (144 -3072 352 ) (144 -3488 352 ) (144 -3488 768 ) 
4 173 270 (0 -3296 352 ) (0 -3488 352 ) (0 -3488 768 ) (0 -3296 768 ) 
4 173 264 (0 -3072 768 ) (0 -3072 352 ) (0 -3296 352 ) (0 -3296 768 ) 
4 173 174 (0 -3200 352 ) (0 -3072 352 ) (144 -3072 352 ) (144 -3200 352 ) 
4 174 265 (0 -3072 352 ) (0 -3072 224 ) (0 -3200 224 ) (0 -3200 352 ) 
4 174 175 (144 -3072 224 ) (144 -3200 224 ) (0 -3200 224 ) (0 -3072 224 ) 
4 175 266 (0 -3200 224 ) (0 -3072 224 ) (0 -3072 -352 ) (0 -3200 -352 ) 
4 175 184 (80 -3072 -352 ) (144 -3072 -352 ) (144 -3200 -352 ) (80 -3200 -352 ) 
4 175 185 (0 -3200 -352 ) (0 -3072 -352 ) (80 -3072 -352 ) (80 -3200 -352 ) 
4 175 177 (0 -3200 -352 ) (144 -3200 -352 ) (144 -3200 192 ) (0 -3200 192 ) 
4 175 176 (144 -3200 192 ) (144 -3200 224 ) (0 -3200 224 ) (0 -3200 192 ) 
4 176 267 (0 -3232 224 ) (0 -3200 224 ) (0 -3200 192 ) (0 -3232 192 ) 
4 176 178 (144 -3232 192 ) (144 -3232 224 ) (0 -3232 224 ) (0 -3232 192 ) 
4 176 177 (144 -3232 192 ) (0 -3232 192 ) (0 -3200 192 ) (144 -3200 192 ) 
4 177 268 (0 -3200 192 ) (0 -3200 -352 ) (0 -3232 -352 ) (0 -3232 192 ) 
4 177 184 (80 -3200 -352 ) (144 -3200 -352 ) (144 -3232 -352 ) (80 -3232 -352 ) 
4 177 185 (0 -3232 -352 ) (0 -3200 -352 ) (80 -3200 -352 ) (80 -3232 -352 ) 
4 177 178 (0 -3232 -352 ) (144 -3232 -352 ) (144 -3232 192 ) (0 -3232 192 ) 
4 178 269 (0 -3296 224 ) (0 -3232 224 ) (0 -3232 -352 ) (0 -3296 -352 ) 
4 178 184 (80 -3232 -352 ) (144 -3232 -352 ) (144 -3296 -352 ) (80 -3296 -352 ) 
4 178 185 (0 -3296 -352 ) (0 -3232 -352 ) (80 -3232 -352 ) (80 -3296 -352 ) 
4 178 183 (0 -3296 -352 ) (80 -3296 -352 ) (80 -3296 -320 ) (0 -3296 -320 ) 
5 178 181 (76.712326 -3296 -208 ) (0 -3296 -208 ) (0 -3296 -320 ) (80 -3296 -320 ) (80 -3296 -224 ) 
5 178 179 (0 -3296 -72.380951 ) (0 -3296 -208 ) (76.712318 -3296 -208 ) (65 -3296 -151 ) (24 -3296 -88 ) 
4 179 271 (0 -3296 -72.380951 ) (0 -3296 -208 ) (0 -3488 -208 ) (0 -3488 -72.380966 ) 
4 179 181 (0 -3296 -208 ) (76.712318 -3296 -208 ) (76.712318 -3488 -208 ) (0 -3488 -208 ) 
4 180 272 (0 -4096 -208 ) (0 -4096 -72.380966 ) (0 -3504 -72.380951 ) (0 -3504 -208 ) 
4 180 189 (0 -4096 -192 ) (0 -4096 -208 ) (76.712318 -4096 -208 ) (73.424644 -4096 -192 ) 
5 180 187 (0 -4096 -72.380951 ) (0 -4096 -192 ) (73.424644 -4096 -192 ) (65 -4096 -151 ) (24 -4096 -88 ) 
4 180 182 (76.712318 -4096 -208 ) (0 -4096 -208 ) (0 -3504 -208 ) (76.712318 -3504 -208 ) 
4 181 273 (0 -3488 -208 ) (0 -3296 -208 ) (0 -3296 -320 ) (0 -3488 -320 ) 
4 181 183 (0 -3488 -320 ) (0 -3296 -320 ) (80 -3296 -320 ) (80 -3488 -320 ) 
4 182 275 (0 -4096 -320 ) (0 -4096 -208 ) (0 -3504 -208 ) (0 -3504 -320 ) 
4 182 190 (0 -4096 -304 ) (0 -4096 -320 ) (80 -4096 -320 ) (80 -4096 -304 ) 
5 182 189 (0 -4096 -208 ) (0 -4096 -304 ) (80 -4096 -304 ) (80 -4096 -224 ) (76.712326 -4096 -208 ) 
4 182 183 (0 -4096 -320 ) (0 -3504 -320 ) (80 -3504 -320 ) (80 -4096 -320 ) 
4 183 274 (0 -3504 -320 ) (0 -3488 -320 ) (0 -3488 -352 ) (0 -3504 -352 ) 
4 183 273 (0 -3488 -320 ) (0 -3296 -320 ) (0 -3296 -352 ) (0 -3488 -352 ) 
4 183 275 (0 -4096 -352 ) (0 -4096 -320 ) (0 -3504 -320 ) (0 -3504 -352 ) 
4 183 190 (0 -4096 -320 ) (0 -4096 -352 ) (80 -4096 -352 ) (80 -4096 -320 ) 
4 183 185 (80 -4096 -352 ) (0 -4096 -352 ) (0 -3296 -352 ) (80 -3296 -352 ) 
4 184 185 (80 -3072 -384 ) (80 -3296 -384 ) (80 -3296 -352 ) (80 -3072 -352 ) 
4 185 282 (0 -4096 -384 ) (0 -4096 -352 ) (0 -3072 -352 ) (0 -3072 -384 ) 
4 185 194 (80 -4096 -352 ) (16 -4096 -352 ) (16 -4096 -384 ) (80 -4096 -384 ) 
4 185 196 (16 -4096 -352 ) (0 -4096 -352 ) (0 -4096 -384 ) (16 -4096 -384 ) 
4 186 188 (272 -4196 -304 ) (272 -4252 -304 ) (272 -4252 -192 ) (272 -4196 -192 ) 
4 187 285 (0 -4096 -32 ) (0 -4096 -192 ) (0 -4352 -192 ) (0 -4352 -32 ) 
4 187 193 (0 -4352 -72.380951 ) (0 -4352 -192 ) (16 -4352 -192 ) (16 -4352 -82.793648 ) 
5 187 191 (16 -4352 -192 ) (73.424652 -4352 -192 ) (65 -4352 -151 ) (24 -4352 -88 ) (16 -4352 -82.793655 ) 
4 187 189 (0 -4096 -192 ) (256 -4096 -192 ) (256 -4352 -192 ) (0 -4352 -192 ) 
4 188 189 (256 -4196 -304 ) (256 -4252 -304 ) (256 -4252 -192 ) (256 -4196 -192 ) 
4 189 285 (0 -4096 -192 ) (0 -4096 -304 ) (0 -4352 -304 ) (0 -4352 -192 ) 
4 189 193 (0 -4352 -192 ) (0 -4352 -304 ) (16 -4352 -304 ) (16 -4352 -192 ) 
5 189 191 (16 -4352 -304 ) (80 -4352 -304 ) (80 -4352 -224 ) (73.424652 -4352 -192 ) (16 -4352 -192 ) 
4 189 190 (80 -4352 -304 ) (0 -4352 -304 ) (0 -4096 -304 ) (80 -4096 -304 ) 
4 190 285 (0 -4096 -304 ) (0 -4096 -352 ) (0 -4352 -352 ) (0 -4352 -304 ) 
4 190 194 (16 -4096 -352 ) (80 -4096 -352 ) (80 -4352 -352 ) (16 -4352 -352 ) 
4 190 196 (0 -4352 -352 ) (0 -4096 -352 ) (16 -4096 -352 ) (16 -4352 -352 ) 
4 190 193 (0 -4352 -304 ) (0 -4352 -352 ) (16 -4352 -352 ) (16 -4352 -304 ) 
4 190 191 (16 -4352 -352 ) (80 -4352 -352 ) (80 -4352 -304 ) (16 -4352 -304 ) 
4 191 194 (16 -4960 -352 ) (16 -4352 -352 ) (80 -4352 -352 ) (80 -4960 -352 ) 
4 191 193 (16 -4352 -82.793701 ) (16 -4352 -352 ) (16 -4960 -352 ) (16 -4960 -82.793655 ) 
6 192 197 (16 -5120 -82.793701 ) (16 -5120 -352 ) (80 -5120 -352 ) (80 -5120 -224 ) (65 -5120 -151 ) (24 -5120 -88 ) 
4 192 195 (80 -5120 -352 ) (16 -5120 -352 ) (16 -5024 -352 ) (80 -5024 -352 ) 
4 192 193 (16 -5024 -352 ) (16 -5120 -352 ) (16 -5120 -82.793640 ) (16 -5024 -82.793648 ) 
4 193 286 (0 -5120 -352 ) (0 -5120 -72.380951 ) (0 -4352 -72.380981 ) (0 -4352 -352 ) 
4 193 197 (0 -5120 -72.380981 ) (0 -5120 -352 ) (16 -5120 -352 ) (16 -5120 -82.793640 ) 
4 193 196 (16 -5120 -352 ) (0 -5120 -352 ) (0 -4352 -352 ) (16 -4352 -352 ) 
4 194 196 (16 -4096 -384 ) (16 -4960 -384 ) (16 -4960 -352 ) (16 -4096 -352 ) 
4 195 198 (80 -5120 -352 ) (16 -5120 -352 ) (16 -5120 -384 ) (80 -5120 -384 ) 
4 195 196 (16 -5024 -384 ) (16 -5120 -384 ) (16 -5120 -352 ) (16 -5024 -352 ) 
4 196 289 (0 -5120 -384 ) (0 -5120 -352 ) (0 -4096 -352 ) (0 -4096 -384 ) 
4 196 198 (16 -5120 -352 ) (0 -5120 -352 ) (0 -5120 -384 ) (16 -5120 -384 ) 
4 197 292 (0 -6144 -352 ) (0 -6144 -72.380951 ) (0 -5120 -72.380981 ) (0 -5120 -352 ) 
6 197 201 (0 -6144 -72.380981 ) (0 -6144 -336 ) (80 -6144 -336 ) (80 -6144 -224 ) (65 -6144 -151 ) (24 -6144 -88 ) 
4 197 198 (80 -6144 -352 ) (0 -6144 -352 ) (0 -5120 -352 ) (80 -5120 -352 ) 
4 198 293 (0 -6144 -384 ) (0 -6144 -352 ) (0 -5120 -352 ) (0 -5120 -384 ) 
4 199 203 (672 -6176 -384 ) (672 -6176 -320 ) (144 -6176 -320 ) (144 -6176 -384 ) 
4 199 202 (672 -6176 -320 ) (672 -6176 116.114319 ) (144 -6176 116.114380 ) (144 -6176 -320 ) 
4 199 200 (144 -6144 32 ) (144 -6144 -320 ) (144 -6176 -320 ) (144 -6176 116.114319 ) 
4 200 202 (144 -6176 -320 ) (144 -6176 116.114227 ) (80 -6176 116.114258 ) (80 -6176 -320 ) 
4 200 201 (80 -6176 -320 ) (80 -6176 116.114227 ) (80 -6144 32 ) (80 -6144 -320 ) 
4 201 317 (0 -6144 32 ) (0 -6144 -336 ) (0 -6176 -336 ) (0 -6176 116.114838 ) 
4 201 205 (0 -6176 116.114746 ) (0 -6176 -336 ) (80 -6176 -336 ) (80 -6176 116.114838 ) 
4 202 206 (672 -6368 -512 ) (672 -6368 232.506470 ) (80 -6368 232.506516 ) (80 -6368 -512 ) 
6 202 205 (80 -6176 116.114380 ) (80 -6176 -320 ) (80 -6368 -512 ) (80 -6368 232.506470 ) (80 -6280 202 ) (80 -6179 124 ) 
4 202 203 (144 -6336 -480 ) (144 -6176 -320 ) (672 -6176 -320 ) (672 -6336 -480 ) 
4 202 204 (672 -6368 -512 ) (144 -6368 -512 ) (144 -6336 -480 ) (672 -6336 -480 ) 
4 203 204 (144 -6336 -480.007812 ) (144 -6336 -544 ) (672 -6336 -544 ) (672 -6336 -480.007782 ) 
4 204 219 (672 -6336 -672 ) (672 -6368 -672 ) (144 -6368 -672 ) (144 -6336 -672 ) 
4 204 206 (144 -6368 -672 ) (672 -6368 -672 ) (672 -6368 -512 ) (144 -6368 -512 ) 
4 205 329 (0 -6176 -280 ) (0 -6176 -336 ) (0 -6368 -528 ) (0 -6368 -472 ) 
6 205 325 (0 -6176 116.114944 ) (0 -6176 -280 ) (0 -6368 -472 ) (0 -6368 232.506470 ) (0 -6280 202 ) (0 -6179 124 ) 
4 205 206 (0 -6368 232.506470 ) (0 -6368 -528 ) (80 -6368 -528 ) (80 -6368 232.506470 ) 
7 206 330 (0 -6368 232.506470 ) (0 -6368 -672 ) (0 -6848 -672 ) (0 -6848 232.506653 ) (0 -6786 254 ) (0 -6608 272 ) (0 -6430 254 ) 
4 206 226 (0 -6848 -672 ) (0 -6368 -672 ) (80 -6368 -672 ) (80 -6848 -672 ) 
4 206 222 (80 -6368 -672 ) (144 -6368 -672 ) (144 -6848 -672 ) (80 -6848 -672 ) 
4 206 219 (144 -6368 -672 ) (672 -6368 -672 ) (672 -6848 -672 ) (144 -6848 -672 ) 
4 206 210 (80 -6848 -528 ) (80 -6848 232.506683 ) (0 -6848 232.506683 ) (0 -6848 -528 ) 
4 206 209 (144 -6848 -512 ) (144 -6848 232.506683 ) (80 -6848 232.506683 ) (80 -6848 -512 ) 
4 206 207 (144 -6848 -672 ) (672 -6848 -672 ) (672 -6848 232.506653 ) (144 -6848 232.506683 ) 
4 207 219 (144 -6848 -672 ) (672 -6848 -672 ) (672 -6880 -672 ) (144 -6880 -672 ) 
4 207 209 (144 -6880 221.413345 ) (144 -6848 232.506683 ) (144 -6848 -512 ) (144 -6880 -480 ) 
4 207 208 (672 -6880 -544 ) (672 -6880 221.414062 ) (144 -6880 221.414062 ) (144 -6880 -544 ) 
4 208 211 (672 -7040 -384 ) (672 -7040 116.114319 ) (144 -7040 116.114372 ) (144 -7040 -384 ) 
6 208 209 (144 -7040 -320 ) (144 -7040 116.109375 ) (144 -7036.997559 124.001595 ) (144 -6936 202 ) (144 -6880 221.413345 ) (144 -6880 -480 ) 
4 209 212 (144 -7040 -320 ) (144 -7040 116.114372 ) (80 -7040 116.114380 ) (80 -7040 -320 ) 
6 209 210 (80 -6848 232.506653 ) (80 -6848 -512 ) (80 -7040 -320 ) (80 -7040 116.114319 ) (80 -7037 124 ) (80 -6936 202 ) 
6 210 335 (0 -6848 232.506683 ) (0 -6848 -528 ) (0 -7040 -336 ) (0 -7040 116.114319 ) (0 -7037 124 ) (0 -6936 202 ) 
4 210 215 (80 -7040 -124.444458 ) (80 -7040 116.114319 ) (0 -7040 116.114380 ) (0 -7040 -72.380951 ) 
4 210 213 (80 -7040 -336 ) (80 -7040 -124.444458 ) (0 -7040 -72.380951 ) (0 -7040 -336 ) 
4 211 212 (144 -7040 116.114380 ) (144 -7040 -320 ) (144 -7072 -320 ) (144 -7072 32 ) 
4 212 215 (80 -7040 116.114380 ) (80 -7040 -124.444458 ) (80 -7072 -124.444443 ) (80 -7072 32 ) 
4 212 213 (80 -7040 -124.444458 ) (80 -7040 -320 ) (80 -7072 -320 ) (80 -7072 -124.444443 ) 
4 213 339 (0 -7072 -72.380890 ) (0 -7040 -72.380859 ) (0 -7040 -336 ) (0 -7072 -336 ) 
4 213 215 (80 -7072 -124.445770 ) (80 -7040 -124.445770 ) (0 -7040 -72.382294 ) (0 -7072 -72.382294 ) 
6 213 214 (0 -7072 -336 ) (80 -7072 -336 ) (80 -7072 -224 ) (65 -7072 -151 ) (23.996395 -7072 -87.994461 ) (0 -7072 -72.377762 ) 
4 214 340 (0 -7168 -336 ) (0 -7168 -72.380981 ) (0 -7072 -72.380890 ) (0 -7072 -336 ) 
6 214 229 (0 -7168 -72.380859 ) (0 -7168 -336 ) (80 -7168 -336 ) (80 -7168 -224 ) (65 -7168 -151 ) (24 -7168 -88 ) 
4 214 217 (80 -7072 -336 ) (80 -7168 -336 ) (0 -7168 -336 ) (0 -7072 -336 ) 
4 215 341 (0 -7040 116.114746 ) (0 -7040 -55.013702 ) (0 -7072 -55.013702 ) (0 -7072 32 ) 
4 215 339 (0 -7040 -55.013702 ) (0 -7040 -72.380859 ) (0 -7072 -72.380890 ) (0 -7072 -55.013702 ) 
4 216 345 (0 -7040 -344 ) (0 -7040 -352 ) (0 -7072 -352 ) (0 -7072 -344 ) 
4 216 217 (0 -7072 -352 ) (80 -7072 -352 ) (80 -7072 -344 ) (0 -7072 -344 ) 
4 217 349 (0 -7168 -352 ) (0 -7168 -344 ) (0 -7072 -344 ) (0 -7072 -352 ) 
4 217 343 (0 -7168 -344 ) (0 -7168 -336 ) (0 -7072 -336 ) (0 -7072 -344 ) 
4 217 229 (0 -7168 -336 ) (0 -7168 -352 ) (80 -7168 -352 ) (80 -7168 -336 ) 
4 218 346 (0 -7040 -384 ) (0 -7040 -672 ) (0 -7072 -672 ) (0 -7072 -384 ) 
4 218 227 (0 -7072 -672 ) (0 -7040 -672 ) (80 -7040 -672 ) (80 -7072 -672 ) 
4 219 222 (144 -6848 -672 ) (144 -6368 -672 ) (144 -6368 -688 ) (144 -6848 -688 ) 
4 219 220 (144 -6880 -688 ) (144 -6336 -688 ) (672 -6336 -688 ) (672 -6880 -688 ) 
4 220 224 (144 -7040 -736 ) (144 -7072 -736 ) (144 -7072 -704 ) (144 -7040 -704 ) 
4 220 223 (144 -6176 -736 ) (144 -7040 -736 ) (144 -7040 -688 ) (144 -6176 -688 ) 
4 220 221 (144 -6144 -704 ) (144 -6144 -736 ) (144 -6176 -736 ) (144 -6176 -704 ) 
4 221 225 (80 -6144 -720 ) (80 -6144 -736 ) (80 -6176 -736 ) (80 -6176 -720 ) 
4 221 223 (80 -6176 -704 ) (80 -6176 -736 ) (144 -6176 -736 ) (144 -6176 -704 ) 
4 222 226 (80 -6848 -672 ) (80 -6368 -672 ) (80 -6368 -688 ) (80 -6848 -688 ) 
4 222 223 (80 -6848 -688 ) (80 -6368 -688 ) (144 -6368 -688 ) (144 -6848 -688 ) 
4 223 226 (80 -6368 -704 ) (80 -6848 -704 ) (80 -6848 -688 ) (80 -6368 -688 ) 
4 223 228 (80 -6176 -704 ) (80 -6176 -736 ) (80 -7040 -736 ) (80 -7040 -704 ) 
4 223 224 (80 -7040 -704 ) (80 -7040 -736 ) (144 -7040 -736 ) (144 -7040 -704 ) 
4 224 228 (80 -7040 -704 ) (80 -7040 -736 ) (80 -7072 -736 ) (80 -7072 -704 ) 
4 225 353 (0 -6144 -720 ) (0 -6144 -736 ) (0 -6176 -736 ) (0 -6176 -720 ) 
4 225 228 (0 -6176 -736 ) (80 -6176 -736 ) (80 -6176 -720 ) (0 -6176 -720 ) 
4 226 355 (0 -6848 -672 ) (0 -6368 -672 ) (0 -6368 -704 ) (0 -6848 -704 ) 
4 226 228 (0 -6848 -704 ) (0 -6368 -704 ) (80 -6368 -704 ) (80 -6848 -704 ) 
4 227 357 (0 -7072 -672 ) (0 -7040 -672 ) (0 -7040 -704 ) (0 -7072 -704 ) 
4 227 228 (80 -7072 -704 ) (0 -7072 -704 ) (0 -7040 -704 ) (80 -7040 -704 ) 
4 228 359 (0 -6176 -704 ) (0 -6176 -736 ) (0 -7072 -736 ) (0 -7072 -704 ) 
4 229 367 (0 -8192 -352 ) (0 -8192 -72.380951 ) (0 -7168 -72.380981 ) (0 -7168 -352 ) 
6 229 230 (24 -8192 -88 ) (0 -8192 -72.380981 ) (0 -8192 -352 ) (80 -8192 -352 ) (80 -8192 -224 ) (65 -8192 -151 ) 
4 230 368 (0 -8864 -352 ) (0 -8864 -72.380951 ) (0 -8192 -72.380981 ) (0 -8192 -352 ) 
5 231 236 (-208 -2368 112 ) (-352 -2368 112 ) (-368 -2368 96 ) (-192 -2368 96 ) (-192 -2368 104 ) 
3 231 235 (-192 -2368 96 ) (-176 -2368 96 ) (-192 -2368 104 ) 
4 231 232 (-192 -2368 96 ) (-368 -2368 96 ) (-368 -2048 96 ) (-192 -2048 96 ) 
4 232 236 (-368 -2368 -32 ) (-192 -2368 -32 ) (-192 -2368 96 ) (-368 -2368 96 ) 
4 232 234 (-368 -2048 -32 ) (-368 -2176 -32 ) (-368 -2176 96 ) (-368 -2048 96 ) 
4 233 243 (-1024 -2368 288 ) (-1024 -2368 1216 ) (-1024 -2048 1216 ) (-1024 -2048 288 ) 
4 233 237 (-1024 -2368 1216 ) (-1024 -2368 288 ) (-488 -2368 288 ) (-488 -2368 1216 ) 
4 234 244 (-1024 -2176 96 ) (-1024 -2048 96 ) (-1024 -2048 -32 ) (-1024 -2176 -32 ) 
4 235 236 (-192 -2368 104 ) (-192 -2368 96 ) (-192 -2928 96 ) (-192 -2928 104 ) 
4 236 239 (-308 -2928 -160 ) (-252 -2928 -160 ) (-252 -2928 -48 ) (-308 -2928 -48 ) 
4 237 261 (-1024 -2928 -64 ) (-1024 -2928 -36 ) (-1024 -2368 -36 ) (-1024 -2368 -64 ) 
4 237 250 (-1024 -2928 -36 ) (-1024 -2928 -32 ) (-1024 -2368 -32 ) (-1024 -2368 -36 ) 
4 237 249 (-1024 -2928 -32 ) (-1024 -2928 1216 ) (-1024 -2368 1216 ) (-1024 -2368 -32 ) 
4 237 242 (-488 -2928 1216 ) (-1024 -2928 1216 ) (-1024 -2928 -64 ) (-488 -2928 -64 ) 
4 238 240 (-384 -2944 768 ) (-384 -2944 480 ) (0 -2944 480 ) (0 -2944 768 ) 
4 239 241 (-308 -2944 -160 ) (-252 -2944 -160 ) (-252 -2944 -48 ) (-308 -2944 -48 ) 
4 240 280 (-368 -3072 768 ) (-384 -3072 768 ) (-384 -3072 352 ) (-368 -3072 352 ) 
4 240 264 (0 -3072 352 ) (0 -3072 768 ) (-368 -3072 768 ) (-368 -3072 352 ) 
4 240 241 (0 -3072 352 ) (-368 -3072 352 ) (-368 -2944 352 ) (0 -2944 352 ) 
4 241 266 (0 -3072 -160 ) (0 -3072 224 ) (-368 -3072 224 ) (-368 -3072 -160 ) 
4 241 265 (0 -3072 224 ) (0 -3072 352 ) (-368 -3072 352 ) (-368 -3072 224 ) 
4 242 281 (-488 -3072 1216 ) (-1024 -3072 1216 ) (-1024 -3072 -64 ) (-488 -3072 -64 ) 
4 242 261 (-1024 -3072 -64 ) (-1024 -3072 -36 ) (-1024 -2928 -36 ) (-1024 -2928 -64 ) 
4 242 250 (-1024 -3072 -36 ) (-1024 -3072 -32 ) (-1024 -2928 -32 ) (-1024 -2928 -36 ) 
4 242 249 (-1024 -3072 -32 ) (-1024 -3072 1216 ) (-1024 -2928 1216 ) (-1024 -2928 -32 ) 
4 243 249 (-1024 -2368 288 ) (-1024 -2368 1216 ) (-1136 -2368 1216 ) (-1136 -2368 288 ) 
4 243 245 (-1136 -2048 1216 ) (-1136 -2048 416 ) (-1136 -2368 416 ) (-1136 -2368 1216 ) 
4 244 247 (-1136 -2060 -32 ) (-1136 -2164 -32 ) (-1136 -2164 76 ) (-1136 -2060 76 ) 
4 244 246 (-1136 -2164 76 ) (-1136 -2164 80 ) (-1136 -2060 80 ) (-1136 -2060 76 ) 
4 245 252 (-1152 -2144 416 ) (-1152 -2368 416 ) (-1152 -2368 1216 ) (-1152 -2144 1216 ) 
4 245 251 (-1152 -2048 1216 ) (-1152 -2048 416 ) (-1152 -2144 416 ) (-1152 -2144 1216 ) 
4 245 249 (-1152 -2368 1216 ) (-1152 -2368 416 ) (-1136 -2368 416 ) (-1136 -2368 1216 ) 
4 246 247 (-1136 -2164 76 ) (-1148 -2164 76 ) (-1148 -2060 76 ) (-1136 -2060 76 ) 
4 247 248 (-1148 -2160 76 ) (-1148 -2064 76 ) (-1148 -2064 -32 ) (-1148 -2160 -32 ) 
4 248 253 (-1152 -2144 -32 ) (-1152 -2160 -32 ) (-1152 -2160 76 ) (-1152 -2144 76 ) 
4 248 251 (-1152 -2064 -32 ) (-1152 -2144 -32 ) (-1152 -2144 76 ) (-1152 -2064 76 ) 
4 249 284 (-1024 -3072 -32 ) (-1024 -3072 1216 ) (-1152 -3072 1216 ) (-1152 -3072 -32 ) 
4 249 256 (-1152 -2880 1216 ) (-1152 -2368 1216 ) (-1152 -2368 224 ) (-1152 -2880 224 ) 
4 249 257 (-1152 -3072 -32 ) (-1152 -3072 1216 ) (-1152 -2880 1216 ) (-1152 -2880 -32 ) 
4 249 250 (-1152 -3072 -32 ) (-1152 -2368 -32 ) (-1024 -2368 -32 ) (-1024 -3072 -32 ) 
4 250 284 (-1152 -3072 -36 ) (-1024 -3072 -36 ) (-1024 -3072 -32 ) (-1152 -3072 -32 ) 
4 250 261 (-1024 -2368 -36 ) (-1024 -3072 -36 ) (-1152 -3072 -36 ) (-1152 -2368 -36 ) 
4 250 257 (-1152 -2880 -36 ) (-1152 -3072 -36 ) (-1152 -3072 -32 ) (-1152 -2880 -32 ) 
4 251 296 (-2048 -2048 352 ) (-2048 -2048 -36 ) (-2048 -2144 -36 ) (-2048 -2144 352 ) 
4 251 295 (-2048 -2048 384 ) (-2048 -2048 352 ) (-2048 -2144 352 ) (-2048 -2144 384 ) 
4 251 294 (-2048 -2048 1216 ) (-2048 -2048 384 ) (-2048 -2144 384 ) (-2048 -2144 1216 ) 
4 251 260 (-2048 -2144 -36 ) (-2048 -2048 -36 ) (-1216 -2048 -36 ) (-1216 -2144 -36 ) 
4 251 259 (-1216 -2048 -36 ) (-1152 -2048 -36 ) (-1152 -2144 -36 ) (-1216 -2144 -36 ) 
4 251 254 (-1536 -2144 -32 ) (-1536 -2144 224 ) (-1568 -2144 224 ) (-1568 -2144 -32 ) 
4 251 255 (-2048 -2144 -36 ) (-1536 -2144 -36 ) (-1536 -2144 -32 ) (-2048 -2144 -32 ) 
4 251 253 (-1536 -2144 -36 ) (-1152 -2144 -36 ) (-1152 -2144 224 ) (-1536 -2144 224 ) 
4 251 252 (-1152 -2144 224 ) (-1152 -2144 1216 ) (-2048 -2144 1216 ) (-2048 -2144 224 ) 
4 252 297 (-2048 -2368 224 ) (-2048 -2368 352 ) (-2048 -2144 352 ) (-2048 -2144 224 ) 
4 252 295 (-2048 -2368 352 ) (-2048 -2368 384 ) (-2048 -2144 384 ) (-2048 -2144 352 ) 
4 252 294 (-2048 -2368 384 ) (-2048 -2368 1216 ) (-2048 -2144 1216 ) (-2048 -2144 384 ) 
4 252 256 (-1920 -2368 224 ) (-1152 -2368 224 ) (-1152 -2368 1216 ) (-1920 -2368 1216 ) 
4 252 258 (-2048 -2368 1216 ) (-2048 -2368 224 ) (-1920 -2368 224 ) (-1920 -2368 1216 ) 
3 252 254 (-1568 -2144 224 ) (-1536 -2144 224 ) (-1536 -2176 224 ) 
4 252 253 (-1152 -2368 224 ) (-1536 -2368 224 ) (-1536 -2144 224 ) (-1152 -2144 224 ) 
4 253 260 (-1536 -2144 -36 ) (-1216 -2144 -36 ) (-1216 -2368 -36 ) (-1536 -2368 -36 ) 
4 253 259 (-1216 -2144 -36 ) (-1152 -2144 -36 ) (-1152 -2368 -36 ) (-1216 -2368 -36 ) 
4 253 254 (-1536 -2176 224 ) (-1536 -2144 224 ) (-1536 -2144 -32 ) (-1536 -2176 -32 ) 
4 253 255 (-1536 -2368 -36 ) (-1536 -2368 -32 ) (-1536 -2144 -32 ) (-1536 -2144 -36 ) 
3 254 255 (-1568 -2144 -32 ) (-1536 -2144 -32 ) (-1536 -2176 -32 ) 
4 255 299 (-2048 -2144 -36 ) (-2048 -2368 -36 ) (-2048 -2368 -32 ) (-2048 -2144 -32 ) 
4 255 260 (-2048 -2368 -36 ) (-2048 -2144 -36 ) (-1536 -2144 -36 ) (-1536 -2368 -36 ) 
4 255 258 (-2048 -2368 -32 ) (-2048 -2368 -36 ) (-1920 -2368 -36 ) (-1920 -2368 -32 ) 
4 256 257 (-1920 -2880 1216 ) (-1920 -2880 224 ) (-1152 -2880 224 ) (-1152 -2880 1216 ) 
4 256 258 (-1920 -2880 1216 ) (-1920 -2368 1216 ) (-1920 -2368 224 ) (-1920 -2880 224 ) 
4 257 284 (-1920 -3072 -36 ) (-1152 -3072 -36 ) (-1152 -3072 1216 ) (-1920 -3072 1216 ) 
4 257 262 (-1152 -3072 -36 ) (-1920 -3072 -36 ) (-1920 -2880 -36 ) (-1152 -2880 -36 ) 
4 257 258 (-1920 -3072 1216 ) (-1920 -2880 1216 ) (-1920 -2880 -36 ) (-1920 -3072 -36 ) 
4 258 300 (-2048 -2368 -36 ) (-2048 -3072 -36 ) (-2048 -3072 352 ) (-2048 -2368 352 ) 
4 258 295 (-2048 -3072 352 ) (-2048 -3072 384 ) (-2048 -2368 384 ) (-2048 -2368 352 ) 
4 258 294 (-2048 -3072 384 ) (-2048 -3072 1216 ) (-2048 -2368 1216 ) (-2048 -2368 384 ) 
4 258 284 (-2048 -3072 1216 ) (-2048 -3072 -36 ) (-1920 -3072 -36 ) (-1920 -3072 1216 ) 
4 258 263 (-1920 -3072 -36 ) (-2048 -3072 -36 ) (-2048 -2368 -36 ) (-1920 -2368 -36 ) 
4 259 260 (-1216 -2048 -64 ) (-1216 -2368 -64 ) (-1216 -2368 -36 ) (-1216 -2048 -36 ) 
4 260 305 (-2048 -2048 -36 ) (-2048 -2048 -64 ) (-2048 -2368 -64 ) (-2048 -2368 -36 ) 
4 260 263 (-2048 -2368 -64 ) (-1920 -2368 -64 ) (-1920 -2368 -36 ) (-2048 -2368 -36 ) 
4 261 284 (-1152 -3072 -64 ) (-1024 -3072 -64 ) (-1024 -3072 -36 ) (-1152 -3072 -36 ) 
4 261 262 (-1152 -2880 -64 ) (-1152 -3072 -64 ) (-1152 -3072 -36 ) (-1152 -2880 -36 ) 
4 262 284 (-1920 -3072 -64 ) (-1152 -3072 -64 ) (-1152 -3072 -36 ) (-1920 -3072 -36 ) 
4 262 263 (-1920 -2880 -64 ) (-1920 -3072 -64 ) (-1920 -3072 -36 ) (-1920 -2880 -36 ) 
4 263 306 (-2048 -2368 -64 ) (-2048 -2880 -64 ) (-2048 -2880 -36 ) (-2048 -2368 -36 ) 
4 263 311 (-2048 -2880 -64 ) (-2048 -3072 -64 ) (-2048 -3072 -36 ) (-2048 -2880 -36 ) 
4 263 284 (-2048 -3072 -36 ) (-2048 -3072 -64 ) (-1920 -3072 -64 ) (-1920 -3072 -36 ) 
4 264 280 (-368 -3072 768 ) (-368 -3072 352 ) (-368 -3296 352 ) (-368 -3296 768 ) 
4 264 270 (-368 -3296 768 ) (-368 -3296 352 ) (0 -3296 352 ) (0 -3296 768 ) 
4 264 265 (-368 -3200 352 ) (-368 -3072 352 ) (0 -3072 352 ) (0 -3200 352 ) 
4 265 266 (-368 -3200 224 ) (-368 -3072 224 ) (0 -3072 224 ) (0 -3200 224 ) 
4 266 283 (-368 -3072 -352 ) (-304 -3072 -352 ) (-304 -3200 -352 ) (-368 -3200 -352 ) 
4 266 282 (-304 -3072 -352 ) (0 -3072 -352 ) (0 -3200 -352 ) (-304 -3200 -352 ) 
4 266 268 (-368 -3200 192 ) (-368 -3200 -352 ) (0 -3200 -352 ) (0 -3200 192 ) 
4 266 267 (0 -3200 224 ) (-368 -3200 224 ) (-368 -3200 192 ) (0 -3200 192 ) 
4 267 269 (0 -3232 224 ) (-368 -3232 224 ) (-368 -3232 192 ) (0 -3232 192 ) 
4 267 268 (0 -3232 192 ) (-368 -3232 192 ) (-368 -3200 192 ) (0 -3200 192 ) 
4 268 283 (-304 -3232 -352 ) (-368 -3232 -352 ) (-368 -3200 -352 ) (-304 -3200 -352 ) 
4 268 282 (0 -3200 -352 ) (0 -3232 -352 ) (-304 -3232 -352 ) (-304 -3200 -352 ) 
4 268 269 (-368 -3232 192 ) (-368 -3232 -352 ) (0 -3232 -352 ) (0 -3232 192 ) 
4 269 283 (-304 -3296 -352 ) (-368 -3296 -352 ) (-368 -3232 -352 ) (-304 -3232 -352 ) 
4 269 282 (0 -3232 -352 ) (0 -3296 -352 ) (-304 -3296 -352 ) (-304 -3232 -352 ) 
4 269 279 (-304 -3296 -352 ) (-184 -3296 -352 ) (-184 -3296 -320 ) (-304 -3296 -320 ) 
5 269 277 (-304 -3296 -320 ) (-184 -3296 -320 ) (-184 -3296 -208 ) (-300.712311 -3296 -208 ) (-304 -3296 -224 ) 
4 269 273 (-40 -3296 -352 ) (0 -3296 -352 ) (0 -3296 -208 ) (-40 -3296 -208 ) 
4 269 276 (-184 -3296 -352 ) (-40 -3296 -352 ) (-40 -3296 -208 ) (-184 -3296 -208 ) 
8 269 271 (-300.712311 -3296 -208 ) (0 -3296 -208 ) (0 -3296 -72.380951 ) (-39 -3296 -47 ) (-112 -3296 -32 ) (-185 -3296 -47 ) (-248 -3296 -88 ) (-289 -3296 -151 ) 
4 270 280 (-368 -3296 768 ) (-368 -3296 352 ) (-368 -3488 352 ) (-368 -3488 768 ) 
4 271 277 (-300.712311 -3488 -208 ) (-300.712311 -3296 -208 ) (-184 -3296 -208 ) (-184 -3488 -208 ) 
4 271 273 (-40 -3296 -208 ) (0 -3296 -208 ) (0 -3488 -208 ) (-40 -3488 -208 ) 
4 271 276 (-184 -3296 -208 ) (-40 -3296 -208 ) (-40 -3488 -208 ) (-184 -3488 -208 ) 
8 272 285 (0 -4096 -208 ) (0 -4096 -72.380951 ) (-39 -4096 -47 ) (-112 -4096 -32 ) (-185 -4096 -47 ) (-248 -4096 -88 ) (-289 -4096 -151 ) (-300.712311 -4096 -208 ) 
4 272 278 (-184 -4096 -208 ) (-300.712280 -4096 -208 ) (-300.712311 -3504 -208 ) (-184 -3504 -208 ) 
4 272 275 (0 -4096 -208 ) (-40 -4096 -208 ) (-40 -3504 -208 ) (0 -3504 -208 ) 
4 272 276 (-40 -4096 -208 ) (-184 -4096 -208 ) (-184 -3504 -208 ) (-40 -3504 -208 ) 
4 273 282 (0 -3296 -352 ) (0 -3488 -352 ) (-40 -3488 -352 ) (-40 -3296 -352 ) 
4 273 274 (-40 -3488 -320 ) (-40 -3488 -352 ) (0 -3488 -352 ) (0 -3488 -320 ) 
4 273 276 (-40 -3488 -208 ) (-40 -3296 -208 ) (-40 -3296 -352 ) (-40 -3488 -352 ) 
4 274 282 (0 -3488 -352 ) (0 -3504 -352 ) (-40 -3504 -352 ) (-40 -3488 -352 ) 
4 274 276 (-40 -3488 -320 ) (-40 -3488 -352 ) (-40 -3504 -352 ) (-40 -3504 -320 ) 
4 274 275 (-40 -3504 -320 ) (-40 -3504 -352 ) (0 -3504 -352 ) (0 -3504 -320 ) 
4 275 285 (0 -4096 -352 ) (0 -4096 -208 ) (-40 -4096 -208 ) (-40 -4096 -352 ) 
4 275 282 (0 -3504 -352 ) (0 -4096 -352 ) (-40 -4096 -352 ) (-40 -3504 -352 ) 
4 275 276 (-40 -4096 -208 ) (-40 -3504 -208 ) (-40 -3504 -352 ) (-40 -4096 -352 ) 
4 276 285 (-40 -4096 -208 ) (-184 -4096 -208 ) (-184 -4096 -352 ) (-40 -4096 -352 ) 
4 276 282 (-40 -4096 -352 ) (-184 -4096 -352 ) (-184 -3296 -352 ) (-40 -3296 -352 ) 
4 276 279 (-184 -3296 -320 ) (-184 -3296 -352 ) (-184 -4096 -352 ) (-184 -4096 -320 ) 
4 276 278 (-184 -4096 -208 ) (-184 -3504 -208 ) (-184 -3504 -320 ) (-184 -4096 -320 ) 
4 276 277 (-184 -3488 -208 ) (-184 -3296 -208 ) (-184 -3296 -320 ) (-184 -3488 -320 ) 
4 277 279 (-304 -3296 -320 ) (-184 -3296 -320 ) (-184 -3488 -320 ) (-304 -3488 -320 ) 
5 278 285 (-184 -4096 -208 ) (-300.712311 -4096 -208 ) (-304 -4096 -224 ) (-304 -4096 -320 ) (-184 -4096 -320 ) 
4 278 279 (-184 -3504 -320 ) (-184 -4096 -320 ) (-304 -4096 -320 ) (-304 -3504 -320 ) 
4 279 285 (-304 -4096 -352 ) (-184 -4096 -352 ) (-184 -4096 -320 ) (-304 -4096 -320 ) 
4 279 282 (-184 -4096 -352 ) (-304 -4096 -352 ) (-304 -3296 -352 ) (-184 -3296 -352 ) 
4 281 284 (-1024 -3072 1216 ) (-1024 -3072 -64 ) (-1024 -3200 -64 ) (-1024 -3200 1216 ) 
4 282 290 (-240 -4096 -352 ) (-304 -4096 -352 ) (-304 -4096 -384 ) (-240 -4096 -384 ) 
4 282 289 (0 -4096 -384 ) (0 -4096 -352 ) (-240 -4096 -352 ) (-240 -4096 -384 ) 
4 282 283 (-304 -3072 -384 ) (-304 -3296 -384 ) (-304 -3296 -352 ) (-304 -3072 -352 ) 
4 284 314 (-2048 -3072 352 ) (-2048 -3072 -64 ) (-2048 -3200 -64 ) (-2048 -3200 352 ) 
4 284 313 (-2048 -3072 384 ) (-2048 -3072 352 ) (-2048 -3200 352 ) (-2048 -3200 384 ) 
4 284 312 (-2048 -3200 1216 ) (-2048 -3072 1216 ) (-2048 -3072 384 ) (-2048 -3200 384 ) 
4 285 290 (-304 -4096 -352 ) (-240 -4096 -352 ) (-240 -4352 -352 ) (-304 -4352 -352 ) 
4 285 289 (-240 -4096 -352 ) (0 -4096 -352 ) (0 -4352 -352 ) (-240 -4352 -352 ) 
6 285 287 (-304 -4352 -352 ) (-240 -4352 -352 ) (-240 -4352 -82.793655 ) (-248 -4352 -88 ) (-289 -4352 -151 ) (-304 -4352 -224 ) 
7 285 286 (-240 -4352 -352 ) (0 -4352 -352 ) (0 -4352 -72.380951 ) (-39 -4352 -47 ) (-112 -4352 -32 ) (-185 -4352 -47 ) (-240 -4352 -82.793655 ) 
7 286 292 (0 -5120 -352 ) (0 -5120 -72.380951 ) (-39 -5120 -47 ) (-112 -5120 -32 ) (-185 -5120 -47 ) (-240 -5120 -82.793648 ) (-240 -5120 -352 ) 
4 286 289 (0 -5120 -352 ) (-240 -5120 -352 ) (-240 -4352 -352 ) (0 -4352 -352 ) 
4 286 288 (-240 -5024 -352 ) (-240 -5120 -352 ) (-240 -5120 -82.793640 ) (-240 -5024 -82.793640 ) 
4 286 287 (-240 -4352 -82.793648 ) (-240 -4352 -352 ) (-240 -4960 -352 ) (-240 -4960 -82.793640 ) 
4 287 290 (-304 -4960 -352 ) (-304 -4352 -352 ) (-240 -4352 -352 ) (-240 -4960 -352 ) 
6 288 292 (-304 -5120 -224 ) (-304 -5120 -352 ) (-240 -5120 -352 ) (-240 -5120 -82.793671 ) (-248 -5120 -88 ) (-289 -5120 -151 ) 
4 288 291 (-240 -5120 -352 ) (-304 -5120 -352 ) (-304 -5024 -352 ) (-240 -5024 -352 ) 
4 289 293 (0 -5120 -384 ) (0 -5120 -352 ) (-240 -5120 -352 ) (-240 -5120 -384 ) 
4 289 290 (-240 -4096 -384 ) (-240 -4960 -384 ) (-240 -4960 -352 ) (-240 -4096 -352 ) 
4 289 291 (-240 -5024 -384 ) (-240 -5120 -384 ) (-240 -5120 -352 ) (-240 -5024 -352 ) 
4 291 293 (-240 -5120 -352 ) (-304 -5120 -352 ) (-304 -5120 -384 ) (-240 -5120 -384 ) 
4 292 318 (-56 -6144 -336 ) (-168 -6144 -336 ) (-160 -6144 -344 ) (-64 -6144 -344 ) 
9 292 317 (0 -6144 -336 ) (0 -6144 -72.380951 ) (-39 -6144 -47 ) (-112 -6144 -32 ) (-185 -6144 -47 ) (-248 -6144 -88 ) (-289 -6144 -151 ) (-304 -6144 -224 ) (-304 -6144 -336 ) 
4 292 293 (-304 -5120 -352 ) (0 -5120 -352 ) (0 -6144 -352 ) (-304 -6144 -352 ) 
4 294 315 (-3072 -2048 1216 ) (-3072 -2048 384 ) (-3072 -3072 384 ) (-3072 -3072 1216 ) 
4 294 312 (-2048 -3072 384 ) (-2048 -3072 1216 ) (-3072 -3072 1216 ) (-3072 -3072 384 ) 
4 294 295 (-2936 -2048 384 ) (-2048 -2048 384 ) (-2048 -3072 384 ) (-2936 -3072 384 ) 
4 295 313 (-2048 -3072 352 ) (-2048 -3072 384 ) (-2936 -3072 384 ) (-2936 -3072 352 ) 
4 295 304 (-2432 -3072 352 ) (-2936 -3072 352 ) (-2936 -2048 352 ) (-2432 -2048 352 ) 
4 295 302 (-2432 -2880 352 ) (-2432 -2048 352 ) (-2304 -2048 352 ) (-2304 -2880 352 ) 
4 295 303 (-2304 -3072 352 ) (-2432 -3072 352 ) (-2432 -2880 352 ) (-2304 -2880 352 ) 
4 295 301 (-2112 -3072 352 ) (-2304 -3072 352 ) (-2304 -2048 352 ) (-2112 -2048 352 ) 
4 295 297 (-2112 -2368 352 ) (-2112 -2144 352 ) (-2048 -2144 352 ) (-2048 -2368 352 ) 
4 295 296 (-2112 -2144 352 ) (-2112 -2048 352 ) (-2048 -2048 352 ) (-2048 -2144 352 ) 
4 295 300 (-2048 -3072 352 ) (-2112 -3072 352 ) (-2112 -2368 352 ) (-2048 -2368 352 ) 
4 296 305 (-2112 -2048 -36 ) (-2048 -2048 -36 ) (-2048 -2144 -36 ) (-2112 -2144 -36 ) 
4 296 301 (-2112 -2048 -36 ) (-2112 -2144 -36 ) (-2112 -2144 352 ) (-2112 -2048 352 ) 
4 296 298 (-2112 -2144 224 ) (-2112 -2144 -32 ) (-2080 -2144 -32 ) (-2080 -2144 224 ) 
4 296 299 (-2112 -2144 -32 ) (-2112 -2144 -36 ) (-2048 -2144 -36 ) (-2048 -2144 -32 ) 
4 296 297 (-2112 -2144 352 ) (-2112 -2144 224 ) (-2048 -2144 224 ) (-2048 -2144 352 ) 
4 297 301 (-2112 -2368 224 ) (-2112 -2368 352 ) (-2112 -2144 352 ) (-2112 -2144 224 ) 
3 297 298 (-2112 -2176 224 ) (-2112 -2144 224 ) (-2080 -2144 224 ) 
4 297 300 (-2112 -2368 352 ) (-2112 -2368 224 ) (-2048 -2368 224 ) (-2048 -2368 352 ) 
4 298 301 (-2112 -2176 224 ) (-2112 -2144 224 ) (-2112 -2144 -32 ) (-2112 -2176 -32 ) 
3 298 299 (-2112 -2176 -32 ) (-2112 -2144 -32 ) (-2080 -2144 -32 ) 
4 299 305 (-2048 -2144 -36 ) (-2048 -2368 -36 ) (-2112 -2368 -36 ) (-2112 -2144 -36 ) 
4 299 301 (-2112 -2144 -36 ) (-2112 -2368 -36 ) (-2112 -2368 -32 ) (-2112 -2144 -32 ) 
4 299 300 (-2112 -2368 -32 ) (-2112 -2368 -36 ) (-2048 -2368 -36 ) (-2048 -2368 -32 ) 
4 300 314 (-2048 -3072 -36 ) (-2048 -3072 352 ) (-2112 -3072 352 ) (-2112 -3072 -36 ) 
4 300 306 (-2048 -2368 -36 ) (-2048 -2880 -36 ) (-2112 -2880 -36 ) (-2112 -2368 -36 ) 
4 300 311 (-2048 -2880 -36 ) (-2048 -3072 -36 ) (-2112 -3072 -36 ) (-2112 -2880 -36 ) 
4 300 301 (-2112 -2368 -36 ) (-2112 -3072 -36 ) (-2112 -3072 352 ) (-2112 -2368 352 ) 
4 301 314 (-2112 -3072 352 ) (-2304 -3072 352 ) (-2304 -3072 -36 ) (-2112 -3072 -36 ) 
4 301 306 (-2112 -2368 -36 ) (-2112 -2880 -36 ) (-2304 -2880 -36 ) (-2304 -2368 -36 ) 
4 301 305 (-2304 -2048 -36 ) (-2112 -2048 -36 ) (-2112 -2368 -36 ) (-2304 -2368 -36 ) 
4 301 311 (-2112 -2880 -36 ) (-2112 -3072 -36 ) (-2304 -3072 -36 ) (-2304 -2880 -36 ) 
4 301 302 (-2304 -2880 -24 ) (-2304 -2880 352 ) (-2304 -2048 352 ) (-2304 -2048 -24 ) 
4 301 303 (-2304 -2880 -36 ) (-2304 -3072 -36 ) (-2304 -3072 352 ) (-2304 -2880 352 ) 
4 302 304 (-2432 -2880 -24 ) (-2432 -2880 352 ) (-2432 -2048 352 ) (-2432 -2048 -24 ) 
4 302 303 (-2432 -2880 352 ) (-2432 -2880 -24 ) (-2304 -2880 -24 ) (-2304 -2880 352 ) 
4 303 314 (-2304 -3072 352 ) (-2432 -3072 352 ) (-2432 -3072 -36 ) (-2304 -3072 -36 ) 
4 303 311 (-2304 -2880 -36 ) (-2304 -3072 -36 ) (-2432 -3072 -36 ) (-2432 -2880 -36 ) 
4 303 304 (-2432 -2880 -36 ) (-2432 -3072 -36 ) (-2432 -3072 352 ) (-2432 -2880 352 ) 
4 304 314 (-2432 -3072 352 ) (-2944 -3072 352 ) (-2944 -3072 -36 ) (-2432 -3072 -36 ) 
4 304 310 (-2432 -2368 -36 ) (-2432 -2880 -36 ) (-2944 -2880 -36 ) (-2944 -2368 -36 ) 
4 304 309 (-2944 -2048 -36 ) (-2432 -2048 -36 ) (-2432 -2368 -36 ) (-2944 -2368 -36 ) 
4 304 311 (-2432 -2880 -36 ) (-2432 -3072 -36 ) (-2944 -3072 -36 ) (-2944 -2880 -36 ) 
4 305 307 (-2304 -2048 -64 ) (-2304 -2368 -64 ) (-2304 -2368 -40 ) (-2304 -2048 -40 ) 
4 305 306 (-2304 -2368 -36 ) (-2304 -2368 -64 ) (-2048 -2368 -64 ) (-2048 -2368 -36 ) 
4 306 308 (-2304 -2368 -64 ) (-2304 -2880 -64 ) (-2304 -2880 -40 ) (-2304 -2368 -40 ) 
4 306 311 (-2304 -2880 -64 ) (-2048 -2880 -64 ) (-2048 -2880 -36 ) (-2304 -2880 -36 ) 
4 307 309 (-2432 -2048 -64 ) (-2432 -2368 -64 ) (-2432 -2368 -40 ) (-2432 -2048 -40 ) 
4 307 308 (-2304 -2368 -64 ) (-2304 -2368 -40 ) (-2432 -2368 -40 ) (-2432 -2368 -64 ) 
4 308 310 (-2432 -2368 -64 ) (-2432 -2880 -64 ) (-2432 -2880 -40 ) (-2432 -2368 -40 ) 
4 308 311 (-2432 -2880 -64 ) (-2304 -2880 -64 ) (-2304 -2880 -40 ) (-2432 -2880 -40 ) 
4 309 310 (-2944 -2368 -36 ) (-2944 -2368 -64 ) (-2432 -2368 -64 ) (-2432 -2368 -36 ) 
4 310 311 (-2944 -2880 -36 ) (-2944 -2880 -64 ) (-2432 -2880 -64 ) (-2432 -2880 -36 ) 
4 311 314 (-2048 -3072 -64 ) (-2048 -3072 -36 ) (-2944 -3072 -36 ) (-2944 -3072 -64 ) 
4 312 316 (-3072 -3200 384 ) (-3072 -3200 1216 ) (-3072 -3072 1216 ) (-3072 -3072 384 ) 
4 312 313 (-2048 -3200 384 ) (-2936 -3200 384 ) (-2936 -3072 384 ) (-2048 -3072 384 ) 
4 313 314 (-2048 -3200 352 ) (-2936 -3200 352 ) (-2936 -3072 352 ) (-2048 -3072 352 ) 
4 315 316 (-3072 -3072 384 ) (-3072 -3072 1216 ) (-3200 -3072 1216 ) (-3200 -3072 384 ) 
3 317 329 (0 -6176 -336 ) (0 -6176 -280 ) (-56 -6176 -336 ) 
3 317 326 (-304 -6176 -200 ) (-304 -6176 -336 ) (-168 -6176 -336 ) 
6 317 325 (0 -6176 -280 ) (0 -6176 116.114838 ) (-304 -6176 116.114746 ) (-304 -6176 -200 ) (-168 -6176 -336 ) (-56 -6176 -336 ) 
4 317 319 (-304 -6144 32 ) (-304 -6144 -320 ) (-304 -6176 -320 ) (-304 -6176 116.114838 ) 
4 317 318 (-56 -6176 -336 ) (-168 -6176 -336 ) (-168 -6144 -336 ) (-56 -6144 -336 ) 
4 318 325 (-56 -6176 -336 ) (-168 -6176 -336 ) (-160 -6176 -344 ) (-64 -6176 -344 ) 
4 319 362 (-1024 -6144 32 ) (-1024 -6144 -320 ) (-1024 -6176 -320 ) (-1024 -6176 116.114227 ) 
4 319 328 (-1024 -6176 116.114258 ) (-1024 -6176 -320 ) (-368 -6176 -320 ) (-368 -6176 116.114227 ) 
4 319 327 (-368 -6176 -320 ) (-304 -6176 -320 ) (-304 -6176 116.114227 ) (-368 -6176 116.114227 ) 
4 319 320 (-368 -6176 -320 ) (-1024 -6176 -320 ) (-1024 -6144 -320 ) (-368 -6144 -320 ) 
4 320 362 (-1024 -6144 -320 ) (-1024 -6144 -344 ) (-1024 -6176 -344 ) (-1024 -6176 -320 ) 
4 320 328 (-1024 -6176 -320 ) (-1024 -6176 -344 ) (-368 -6176 -344 ) (-368 -6176 -320 ) 
4 320 321 (-368 -6176 -344 ) (-1024 -6176 -344 ) (-1024 -6144 -344 ) (-368 -6144 -344 ) 
3 321 363 (-1024 -6144 -352 ) (-1024 -6176 -384 ) (-1024 -6176 -352 ) 
4 321 362 (-1024 -6144 -344 ) (-1024 -6144 -352 ) (-1024 -6176 -352 ) (-1024 -6176 -344 ) 
4 321 322 (-368 -6176 -384 ) (-368 -6176 -344 ) (-1024 -6176 -344 ) (-1024 -6176 -384 ) 
5 322 363 (-1024 -6176 -352 ) (-1024 -6176 -384 ) (-1024 -6208 -416 ) (-1024 -6248 -416 ) (-1024 -6184 -352 ) 
3 322 362 (-1024 -6176 -344 ) (-1024 -6176 -352 ) (-1024 -6184 -352 ) 
5 322 328 (-368 -6336 -504 ) (-368 -6176 -344 ) (-1024 -6176 -344 ) (-1024 -6248 -416 ) (-936 -6336 -504 ) 
3 322 324 (-896 -6336 -504 ) (-936 -6336 -504 ) (-896 -6336 -544 ) 
4 322 323 (-368 -6336 -544 ) (-368 -6336 -504 ) (-896 -6336 -504 ) (-896 -6336 -544 ) 
4 323 360 (-896 -6336 -672 ) (-368 -6336 -672 ) (-368 -6368 -672 ) (-896 -6368 -672 ) 
3 323 331 (-896 -6368 -672 ) (-768 -6368 -672 ) (-896 -6368 -544 ) 
5 323 330 (-768 -6368 -672 ) (-368 -6368 -672 ) (-368 -6368 -536 ) (-896 -6368 -536 ) (-896 -6368 -544 ) 
4 323 328 (-896 -6368 -536 ) (-368 -6368 -536 ) (-368 -6336 -504 ) (-896 -6336 -504 ) 
4 323 324 (-896 -6336 -504 ) (-896 -6336 -544 ) (-896 -6368 -544 ) (-896 -6368 -536 ) 
3 324 330 (-896 -6368 -544 ) (-896 -6368 -536 ) (-904 -6368 -536 ) 
4 324 328 (-904 -6368 -536 ) (-896 -6368 -536 ) (-896 -6336 -504 ) (-936 -6336 -504 ) 
6 325 330 (-160 -6368 -536 ) (-64 -6368 -536 ) (0 -6368 -472 ) (0 -6368 232.506378 ) (-304 -6368 232.506363 ) (-304 -6368 -392 ) 
4 325 329 (0 -6368 -472.007812 ) (-55.994095 -6368 -528 ) (-55.994270 -6176 -336 ) (0 -6176 -280.005859 ) 
6 325 327 (-304 -6368 232.501953 ) (-304 -6279.989746 201.991928 ) (-304 -6179 124 ) (-304 -6176 116.114792 ) (-304 -6176 -200 ) (-304 -6368 -392 ) 
4 325 326 (-304 -6368 -392 ) (-304 -6176 -199.998657 ) (-167.997925 -6176 -336 ) (-167.997986 -6368 -528 ) 
3 326 330 (-168 -6368 -528 ) (-304 -6368 -392 ) (-304 -6368 -528 ) 
4 326 327 (-304 -6176 -200 ) (-304 -6176 -320 ) (-304 -6368 -512 ) (-304 -6368 -392 ) 
4 327 330 (-304 -6368 -512 ) (-304 -6368 232.506363 ) (-368 -6368 232.506363 ) (-368 -6368 -512 ) 
6 327 328 (-368 -6179.001465 124 ) (-368 -6176 116.111862 ) (-368 -6176 -320 ) (-368 -6368 -512 ) (-368 -6368 232.507812 ) (-368 -6280.003906 202.002762 ) 
4 328 363 (-1024 -6184 -352 ) (-1024 -6248 -416 ) (-1024 -6368 -416 ) (-1024 -6368 -352 ) 
7 328 362 (-1024 -6176 116.113754 ) (-1024 -6176 -344 ) (-1024 -6184 -352 ) (-1024 -6368 -352 ) (-1024 -6368 232.506531 ) (-1024 -6280 202 ) (-1024 -6179 124 ) 
5 328 330 (-1024 -6368 232.506348 ) (-1024 -6368 -416 ) (-904 -6368 -536 ) (-368 -6368 -536 ) (-368 -6368 232.506363 ) 
3 329 330 (0 -6368 -528 ) (0 -6368 -472 ) (-56 -6368 -528 ) 
4 330 363 (-1024 -6368 -352 ) (-1024 -6368 -416 ) (-1024 -6848 -416 ) (-1024 -6848 -352 ) 
7 330 362 (-1024 -6368 232.506470 ) (-1024 -6368 -352 ) (-1024 -6848 -352 ) (-1024 -6848 232.506714 ) (-1024 -6786 254 ) (-1024 -6608 272 ) (-1024 -6430 254 ) 
4 330 360 (-768 -6368 -672 ) (-368 -6368 -672 ) (-368 -6848 -672 ) (-768 -6848 -672 ) 
4 330 355 (-368 -6368 -672 ) (0 -6368 -672 ) (0 -6848 -672 ) (-368 -6848 -672 ) 
4 330 338 (-928 -6848 -512 ) (-904 -6848 -536 ) (-368 -6848 -536 ) (-368 -6848 -512 ) 
5 330 337 (-304 -6848 232.506668 ) (-1024 -6848 232.506699 ) (-1024 -6848 -416 ) (-928 -6848 -512 ) (-304 -6848 -512 ) 
4 330 336 (-56 -6848 -528 ) (-168 -6848 -528 ) (-160 -6848 -536 ) (-64 -6848 -536 ) 
4 330 335 (0 -6848 -528 ) (0 -6848 232.506653 ) (-304 -6848 232.506668 ) (-304 -6848 -528 ) 
3 330 333 (-896 -6848 -536 ) (-904 -6848 -536 ) (-896 -6848 -544 ) 
5 330 332 (-768 -6848 -672 ) (-368 -6848 -672 ) (-368 -6848 -536 ) (-896 -6848 -536 ) (-896 -6848 -544 ) 
4 330 331 (-896 -6368 -544 ) (-768 -6368 -672 ) (-768 -6848 -672 ) (-896 -6848 -544 ) 
4 331 360 (-896 -6368 -672 ) (-768 -6368 -672 ) (-768 -6848 -672 ) (-896 -6848 -672 ) 
3 331 332 (-896 -6848 -672 ) (-768 -6848 -672 ) (-896 -6848 -544 ) 
4 332 360 (-896 -6848 -672 ) (-368 -6848 -672 ) (-368 -6880 -672 ) (-896 -6880 -672 ) 
4 332 338 (-368 -6848 -536 ) (-896 -6848 -536 ) (-896 -6880 -504 ) (-368 -6880 -504 ) 
4 332 334 (-368 -6880 -544 ) (-368 -6880 -504 ) (-896 -6880 -504 ) (-896 -6880 -544 ) 
4 332 333 (-896 -6880 -544 ) (-896 -6880 -504 ) (-896 -6848 -536 ) (-896 -6848 -544 ) 
4 333 338 (-896 -6848 -536 ) (-904 -6848 -536 ) (-936 -6880 -504 ) (-896 -6880 -504 ) 
3 333 334 (-896 -6880 -544 ) (-896 -6880 -504 ) (-936 -6880 -504 ) 
5 334 363 (-1024 -7040 -384 ) (-1024 -7040 -352 ) (-1024 -7032 -352 ) (-1024 -6968 -416 ) (-1024 -7008 -416 ) 
3 334 362 (-1024 -7040 -352 ) (-1024 -7040 -344 ) (-1024 -7032 -352 ) 
4 334 350 (-1024 -7040 -344 ) (-1024 -7040 -384 ) (-368 -7040 -384 ) (-368 -7040 -344 ) 
5 334 338 (-1024 -6968 -416 ) (-1024 -7040 -344 ) (-368 -7040 -344 ) (-368 -6880 -504 ) (-936 -6880 -504 ) 
4 335 341 (0 -7040 -55.013702 ) (0 -7040 116.113831 ) (-304 -7040 116.113815 ) (-304 -7040 7.452049 ) 
4 335 339 (0 -7040 -336 ) (0 -7040 -55.013702 ) (-304 -7040 7.452049 ) (-304 -7040 -336 ) 
6 335 337 (-304 -7040 -320 ) (-304 -7040 116.113922 ) (-304 -7037 124 ) (-304 -6936.002930 201.997772 ) (-304 -6848 232.505386 ) (-304 -6848 -512 ) 
4 335 336 (-168 -6848 -528 ) (-56 -6848 -528 ) (-56 -7040 -336 ) (-168 -7040 -336 ) 
4 336 342 (-160 -7040 -344 ) (-64 -7040 -344 ) (-56 -7040 -336 ) (-168 -7040 -336 ) 
4 337 363 (-1024 -6848 -352 ) (-1024 -6848 -416 ) (-1024 -6944 -416 ) (-1024 -7008 -352 ) 
7 337 362 (-1024 -6848 232.506592 ) (-1024 -6848 -352 ) (-1024 -7008 -352 ) (-1024 -7040 -320 ) (-1024 -7040 116.113770 ) (-1024 -7037 124 ) (-1024 -6936 202 ) 
4 337 350 (-1024 -7040 116.113785 ) (-1024 -7040 -320 ) (-368 -7040 -320 ) (-368 -7040 116.113800 ) 
4 337 344 (-368 -7040 -320 ) (-304 -7040 -320 ) (-304 -7040 116.113800 ) (-368 -7040 116.113800 ) 
5 337 338 (-1024 -6944.003906 -415.996094 ) (-927.996094 -6848 -512 ) (-368 -6848 -512 ) (-368 -7040 -320 ) (-1024 -7040 -320 ) 
4 338 363 (-1024 -6944 -416 ) (-1024 -6968 -416 ) (-1024 -7032 -352 ) (-1024 -7008 -352 ) 
4 338 362 (-1024 -7032 -352 ) (-1024 -7040 -344 ) (-1024 -7040 -320 ) (-1024 -7008 -352 ) 
4 338 350 (-1024 -7040 -320 ) (-1024 -7040 -344 ) (-368 -7040 -344 ) (-368 -7040 -320 ) 
4 339 344 (-304 -7040 7.452026 ) (-304 -7040 -320 ) (-304 -7072 -320 ) (-304 -7072 7.452034 ) 
4 339 342 (-168 -7040 -336 ) (-56 -7040 -336 ) (-56 -7072 -336 ) (-168 -7072 -336 ) 
4 339 341 (-304 -7040 7.451917 ) (-304 -7072 7.451917 ) (0 -7072 -55.013885 ) (0 -7040 -55.013885 ) 
9 339 340 (-304 -7072 -336 ) (0 -7072 -336 ) (0 -7072 -72.380951 ) (-39.004517 -7072 -46.997059 ) (-111.995102 -7072 -31.998991 ) (-185 -7072 -47 ) (-248 -7072 -88 ) (-289 -7072 -151 ) (-304 -7072 -224 ) 
9 340 367 (0 -7168 -336 ) (0 -7168 -72.380951 ) (-39 -7168 -47 ) (-112 -7168 -32 ) (-185 -7168 -47 ) (-248 -7168 -88 ) (-289 -7168 -151 ) (-304 -7168 -224 ) (-304 -7168 -336 ) 
4 340 343 (-304 -7168 -336 ) (-304 -7072 -336 ) (0 -7072 -336 ) (0 -7168 -336 ) 
4 341 344 (-304 -7040 116.113892 ) (-304 -7040 7.452026 ) (-304 -7072 7.452034 ) (-304 -7072 32 ) 
4 342 343 (-56 -7072 -336 ) (-168 -7072 -336 ) (-160 -7072 -344 ) (-64 -7072 -344 ) 
4 343 367 (0 -7168 -344 ) (0 -7168 -336 ) (-304 -7168 -336 ) (-304 -7168 -344 ) 
4 343 349 (0 -7072 -344 ) (0 -7168 -344 ) (-304 -7168 -344 ) (-304 -7072 -344 ) 
4 344 350 (-368 -7040 116.114136 ) (-368 -7040 -320 ) (-368 -7072 -320 ) (-368 -7072 32 ) 
4 345 349 (0 -7072 -344 ) (-64 -7072 -344 ) (-64 -7072 -352 ) (0 -7072 -352 ) 
4 346 357 (-64 -7040 -672 ) (0 -7040 -672 ) (0 -7072 -672 ) (-64 -7072 -672 ) 
4 347 349 (-160 -7072 -344 ) (-304 -7072 -344 ) (-304 -7072 -352 ) (-160 -7072 -352 ) 
4 348 358 (-304 -7040 -672 ) (-160 -7040 -672 ) (-160 -7072 -672 ) (-304 -7072 -672 ) 
4 349 367 (0 -7168 -352 ) (0 -7168 -344 ) (-304 -7168 -344 ) (-304 -7168 -352 ) 
3 350 363 (-1024 -7040 -352 ) (-1024 -7040 -384 ) (-1024 -7072 -352 ) 
4 350 362 (-1024 -7072 32 ) (-1024 -7040 116.114380 ) (-1024 -7040 -352 ) (-1024 -7072 -352 ) 
4 351 359 (-160 -6176 -720 ) (-64 -6176 -720 ) (-64 -6176 -704 ) (-160 -6176 -704 ) 
4 351 353 (-64 -6176 -720 ) (-160 -6176 -720 ) (-160 -6144 -720 ) (-64 -6144 -720 ) 
4 352 361 (-368 -6176 -720 ) (-368 -6176 -704 ) (-368 -6144 -704 ) (-368 -6144 -720 ) 
4 352 359 (-368 -6176 -704 ) (-368 -6176 -720 ) (-304 -6176 -720 ) (-304 -6176 -704 ) 
4 352 353 (-304 -6176 -720 ) (-368 -6176 -720 ) (-368 -6144 -720 ) (-304 -6144 -720 ) 
4 353 361 (-368 -6176 -736 ) (-368 -6176 -720 ) (-368 -6144 -720 ) (-368 -6144 -736 ) 
4 353 359 (-368 -6176 -720 ) (-368 -6176 -736 ) (0 -6176 -736 ) (0 -6176 -720 ) 
4 354 361 (-368 -6176 -688 ) (-368 -6176 -704 ) (-368 -6368 -704 ) (-368 -6368 -688 ) 
4 354 359 (-368 -6368 -704 ) (-368 -6176 -704 ) (-304 -6176 -704 ) (-304 -6368 -704 ) 
4 354 355 (-368 -6368 -688 ) (-368 -6368 -704 ) (-304 -6368 -704 ) (-304 -6368 -688 ) 
4 355 360 (-368 -6848 -672 ) (-368 -6368 -672 ) (-368 -6368 -688 ) (-368 -6848 -688 ) 
4 355 361 (-368 -6368 -688 ) (-368 -6368 -704 ) (-368 -6848 -704 ) (-368 -6848 -688 ) 
4 355 359 (-368 -6848 -704 ) (-368 -6368 -704 ) (0 -6368 -704 ) (0 -6848 -704 ) 
4 355 356 (-368 -6848 -688 ) (-368 -6848 -704 ) (-304 -6848 -704 ) (-304 -6848 -688 ) 
4 356 361 (-368 -6848 -688 ) (-368 -6848 -704 ) (-368 -7040 -704 ) (-368 -7040 -688 ) 
4 356 359 (-368 -7040 -704 ) (-368 -6848 -704 ) (-304 -6848 -704 ) (-304 -7040 -704 ) 
4 357 359 (-64 -7040 -704 ) (0 -7040 -704 ) (0 -7072 -704 ) (-64 -7072 -704 ) 
4 358 359 (-304 -7040 -704 ) (-160 -7040 -704 ) (-160 -7072 -704 ) (-304 -7072 -704 ) 
4 359 361 (-368 -7072 -704 ) (-368 -6176 -704 ) (-368 -6176 -736 ) (-368 -7072 -736 ) 
4 360 361 (-896 -6336 -688 ) (-368 -6336 -688 ) (-368 -6880 -688 ) (-896 -6880 -688 ) 
4 361 366 (-1024 -6144 -688 ) (-1024 -6144 -736 ) (-1024 -7072 -736 ) (-1024 -7072 -688 ) 
4 362 365 (-1216 -6672 -208 ) (-1216 -6832 -208 ) (-1216 -6832 -32 ) (-1216 -6672 -32 ) 
4 362 364 (-1216 -6392 -208 ) (-1216 -6552 -208 ) (-1216 -6552 -32 ) (-1216 -6392 -32 ) 
5 362 363 (-1024 -7071.998047 -352 ) (-1024.003906 -7072 -351.997986 ) (-1088 -7072 -320 ) (-1088 -6144 -320 ) (-1024.003906 -6144 -351.998047 ) 
9 367 368 (0 -8192 -352 ) (0 -8192 -72.380951 ) (-39 -8192 -47 ) (-112 -8192 -32 ) (-185 -8192 -47 ) (-248 -8192 -88 ) (-289 -8192 -151 ) (-304 -8192 -224 ) (-304 -8192 -352 ) 
