


materialPath: D:\steam\steamapps\sourcemods\entropyzero2-addonworkspace\materials
Loading d:\steam\steamapps\sourcemods\entropyzero2-addonworkspace\mapsrc\dd_tunnel_b.vmf
ConVarRef mat_reduceparticles doesn't point to an existing ConVar
Patching WVT material: maps/dd_tunnel_b/nature/blendpavedirt01_nodetail_wvt_patch
fixing up env_cubemap materials on brush sides...
0...1...2...3...4...5...6...7...8...9...100...1...2...3...4...5...6...7...8...9...10Processing areas...done (0)
Building Faces...done (0)
Chop Details...done (1)
Find Visible Detail Sides...
Merged 992 detail faces...done (1)
Merging details...done (0)
FixTjuncs...
PruneNodes...
WriteBSP...
done (1)
writing d:\steam\steamapps\sourcemods\entropyzero2-addonworkspace\mapsrc\dd_tunnel_b.prt...Building visibility clusters...
done (0)
Finding displacement neighbors...
Finding lightmap sample positions...
Displacement Alpha : 0...1...2...3...4...5...6...7...8...9...10
ConVarRef mat_reduceparticles doesn't point to an existing ConVar
Building Physics collision data...
done (0) (1518916 bytes)
Placing static props...
Static prop models/props_pipes/pipeset32d_corner128d_001a.mdl outside the map (574.00, 3576.00, 271.14)
Placing detail props : 0...1...2...3...4...5...6...7...8...9...10
Water found with no water_lod_control entity, creating a default one.
Compacting texture/material tables...
Reduced 6036 texinfos to 5156
Reduced 65 texdatas to 56 (1617 bytes to 1293)
Writing d:\steam\steamapps\sourcemods\entropyzero2-addonworkspace\mapsrc\dd_tunnel_b.bsp
3 seconds elapsed



12 threads
reading d:\steam\steamapps\sourcemods\entropyzero2-addonworkspace\mapsrc\dd_tunnel_b.bsp
reading d:\steam\steamapps\sourcemods\entropyzero2-addonworkspace\mapsrc\dd_tunnel_b.prt
 342 portalclusters
1412 numportals
0...1...2...3...4...5...6...7...8...9...10Optimized: 27 visible clusters (0.02%)
Total clusters visible: 115667
Average clusters visible: 338
Building PAS...
Average clusters audible: 342
visdatasize:32149  compressed from 32832
writing d:\steam\steamapps\sourcemods\entropyzero2-addonworkspace\mapsrc\dd_tunnel_b.bsp
0 seconds elapsed



[Reading texlights from 'lights.rad']
[48 texlights parsed from 'lights.rad']

Loading d:\steam\steamapps\sourcemods\entropyzero2-addonworkspace\mapsrc\dd_tunnel_b.bsp
10009 faces
8 degenerate faces
447434 square feet [64430496.00 square inches]
1 Displacements
348 Square Feet [50182.32 Square Inches]
10001 patches before subdivision
86477 patches after subdivision
21 direct lights
0...1...2...3...4...5...6...7...8...9...100...1...2...3...4...5...6...7...8...9...10transfers 16337774, max 1234
transfer lists: 124.6 megs
0...1...2...3...4...5...6...7...8...9...10	Bounce #1 added RGB(22424, 5806, 2201)
0...1...2...3...4...5...6...7...8...9...10	Bounce #2 added RGB(3662, 750, 259)
Build Patch/Sample Hash Table(s).....Done<0.0160 sec>
0...1...2...3...4...5...6...7...8...9...10FinalLightFace Done
0 of 0 (0% of) surface lights went in leaf ambient cubes.
0...1...2...3...4...5...6...7...8...9...10Writing leaf ambient...done
Ready to Finish

Object names       Objects/Maxobjs  Memory / Maxmem  Fullness 
------------       ---------------  ---------------  -------- 
models                  12/1024          576/49152    ( 1.2%) 
brushes               5398/8192        64776/98304    (65.9%) 
brushsides           51102/65536      408816/524288   (78.0%) 
planes               17734/65536      354680/1310720  (27.1%) 
vertexes             15259/65536      183108/786432   (23.3%) 
nodes                  590/65536       18880/2097152  ( 0.9%) 
texinfos              5156/12288      371232/884736   (42.0%) 
texdata                 56/2048         1792/65536    ( 2.7%) 
dispinfos                1/0             176/0        ( 0.0%) 
disp_verts              81/0            1620/0        ( 0.0%) 
disp_tris              128/0             256/0        ( 0.0%) 
disp_lmsamples        1024/0            1024/0        ( 0.0%) 
faces                10009/65536      560504/3670016  (15.3%) 
hdr faces                0/65536           0/3670016  ( 0.0%) 
origfaces             8532/65536      477792/3670016  (13.0%) 
leaves                 603/65536       19296/2097152  ( 0.9%) 
leaffaces            12145/65536       24290/131072   (18.5%) 
leafbrushes           6773/65536       13546/131072   (10.3%) 
areas                    2/256            16/2048     ( 0.8%) 
surfedges            76812/512000     307248/2048000  (15.0%) 
edges                48193/256000     192772/1024000  (18.8%) 
LDR worldlights         20/65536        1760/5767168  ( 0.0%) 
HDR worldlights          0/65536           0/5767168  ( 0.0%) 
leafwaterdata            1/32768          12/393216   ( 0.0%) 
waterstrips            859/32768        8590/327680   ( 2.6%) 
waterverts               0/65536           0/786432   ( 0.0%) 
waterindices         22536/65536       45072/131072   (34.4%) 
cubemapsamples           0/1024            0/16384    ( 0.0%) 
overlays                70/8192        24640/2883584  ( 0.9%) 
LDR lightdata         [variable]     6837488/0        ( 0.0%) 
HDR lightdata         [variable]           0/0        ( 0.0%) 
visdata               [variable]       32149/16777216 ( 0.2%) 
entdata               [variable]      111157/393216   (28.3%) 
LDR ambient table      603/65536        2412/262144   ( 0.9%) 
HDR ambient table      603/65536        2412/262144   ( 0.9%) 
LDR leaf ambient      3664/65536      102592/1835008  ( 5.6%) 
HDR leaf ambient       603/65536       16884/1835008  ( 0.9%) 
occluders                0/0               0/0        ( 0.0%) 
occluder polygons        0/0               0/0        ( 0.0%) 
occluder vert ind        0/0               0/0        ( 0.0%) 
detail props          [variable]           1/12       ( 8.3%) 
static props          [variable]           1/31642    ( 0.0%) 
pakfile               [variable]        1650/0        ( 0.0%) 
physics               [variable]     1518916/4194304  (36.2%) 
physics terrain       [variable]         531/1048576  ( 0.1%) 

Level flags = 0

Total triangle count: 24251
Writing d:\steam\steamapps\sourcemods\entropyzero2-addonworkspace\mapsrc\dd_tunnel_b.bsp
19 seconds elapsed
