PRT1
128
276
4 0 15 (-896 1024 160 ) (-768 1024 160 ) (-768 1024 256 ) (-896 1024 256 ) 
4 1 79 (-1024 1024 160 ) (-1024 1024 256 ) (-1024 1040 256 ) (-1024 1040 160 ) 
4 1 15 (-1024 1024 256 ) (-1024 1024 160 ) (-960 1024 160 ) (-960 1024 256 ) 
4 2 80 (-1024 1024 0 ) (-1024 1024 112 ) (-1024 1040 112 ) (-1024 1040 0 ) 
4 2 41 (-1024 1024 112 ) (-1024 1024 0 ) (-940 1024 0 ) (-940 1024 112 ) 
4 3 15 (-896 1024 272 ) (-640 1024 272 ) (-640 532 272 ) (-896 532 272 ) 
4 3 5 (-896 1024 272 ) (-896 532 272 ) (-896 532 400 ) (-896 1024 400 ) 
4 3 4 (-896 532 400 ) (-896 532 272 ) (-880 532 272 ) (-880 532 400 ) 
3 4 16 (-896 516 272 ) (-896 532 272 ) (-880 532 272 ) 
4 4 5 (-896 532 272 ) (-896 516 272 ) (-896 516 400 ) (-896 532 400 ) 
4 5 18 (-896 532 272 ) (-896 516 272 ) (-912 500 272 ) (-912 532 272 ) 
4 5 15 (-912 1024 272 ) (-896 1024 272 ) (-896 532 272 ) (-912 532 272 ) 
4 5 7 (-912 1024 272 ) (-912 500 272 ) (-912 500 400 ) (-912 1024 400 ) 
4 6 17 (-896 440 272 ) (-896 160 272 ) (-912 160 272 ) (-912 456 272 ) 
4 6 7 (-912 456 272 ) (-912 160 272 ) (-912 160 400 ) (-912 456 400 ) 
4 7 81 (-1024 160 400 ) (-1024 1024 400 ) (-1024 1024 272 ) (-1024 160 272 ) 
4 7 19 (-912 532 272 ) (-912 160 272 ) (-1024 160 272 ) (-1024 532 272 ) 
4 7 15 (-1024 1024 272 ) (-912 1024 272 ) (-912 532 272 ) (-1024 532 272 ) 
4 7 8 (-960 160 272 ) (-944 160 272 ) (-944 160 400 ) (-960 160 400 ) 
4 7 9 (-1024 160 272 ) (-960 160 272 ) (-960 160 400 ) (-1024 160 400 ) 
3 8 20 (-960 144 272 ) (-960 160 272 ) (-944 160 272 ) 
4 8 9 (-960 160 400 ) (-960 160 272 ) (-960 144 272 ) (-960 144 400 ) 
4 9 81 (-1024 64 400 ) (-1024 160 400 ) (-1024 160 272 ) (-1024 64 272 ) 
4 9 21 (-960 64 272 ) (-1024 64 272 ) (-1024 160 272 ) (-960 160 272 ) 
4 9 10 (-1024 64 272 ) (-992 64 272 ) (-992 64 368 ) (-1024 64 368 ) 
4 10 84 (-1024 64 368 ) (-1024 64 272 ) (-1024 60 272 ) (-1024 60 368 ) 
4 10 22 (-1024 60 272 ) (-1024 64 272 ) (-992 64 272 ) (-992 60 272 ) 
4 10 11 (-1024 60 272 ) (-992 60 272 ) (-992 60 368 ) (-1024 60 368 ) 
4 11 85 (-1024 60 272 ) (-1024 56 272 ) (-1024 56 368 ) (-1024 60 368 ) 
4 11 23 (-992 56 272 ) (-1024 56 272 ) (-1024 60 272 ) (-992 60 272 ) 
4 12 54 (-344 224 144 ) (-344 532 144 ) (-224 532 144 ) (-224 224 144 ) 
4 12 24 (-344 532 144 ) (-344 752 144 ) (-224 752 144 ) (-224 532 144 ) 
4 12 13 (-344 1024 144 ) (-344 752 144 ) (-344 752 272 ) (-344 1024 272 ) 
4 13 14 (-624 924 144 ) (-624 868 144 ) (-624 868 256 ) (-624 924 256 ) 
4 14 15 (-640 924 144 ) (-640 868 144 ) (-640 868 256 ) (-640 924 256 ) 
4 15 87 (-1024 532 272 ) (-1024 1024 272 ) (-1024 1024 144 ) (-1024 532 144 ) 
4 15 49 (-840 660 144 ) (-828 660 144 ) (-828 532 144 ) (-840 532 144 ) 
4 15 50 (-1024 532 144 ) (-1024 660 144 ) (-840 660 144 ) (-840 532 144 ) 
4 15 48 (-828 660 144 ) (-816 660 144 ) (-816 532 144 ) (-828 532 144 ) 
4 15 45 (-792 660 144 ) (-780 660 144 ) (-780 532 144 ) (-792 532 144 ) 
4 15 46 (-816 660 144 ) (-792 660 144 ) (-792 532 144 ) (-816 532 144 ) 
4 15 44 (-780 660 144 ) (-768 660 144 ) (-768 532 144 ) (-780 532 144 ) 
4 15 39 (-1024 660 144 ) (-1024 768 144 ) (-768 768 144 ) (-768 660 144 ) 
4 15 34 (-640 696 144 ) (-640 684 144 ) (-768 684 144 ) (-768 696 144 ) 
4 15 35 (-640 684 144 ) (-640 532 144 ) (-768 532 144 ) (-768 684 144 ) 
4 15 33 (-640 708 144 ) (-640 696 144 ) (-768 696 144 ) (-768 708 144 ) 
4 15 29 (-640 756 144 ) (-640 744 144 ) (-768 744 144 ) (-768 756 144 ) 
4 15 30 (-640 744 144 ) (-640 708 144 ) (-768 708 144 ) (-768 744 144 ) 
4 15 18 (-912 532 144 ) (-896 532 144 ) (-896 532 272 ) (-912 532 272 ) 
4 15 19 (-1024 532 144 ) (-912 532 144 ) (-912 532 272 ) (-1024 532 272 ) 
4 15 16 (-896 532 144 ) (-880 532 144 ) (-880 532 272 ) (-896 532 272 ) 
3 16 64 (-896 532 144 ) (-880 532 144 ) (-896 516 144 ) 
4 16 18 (-896 532 272 ) (-896 532 144 ) (-896 516 144 ) (-896 516 272 ) 
4 17 73 (-896 440 144 ) (-896 160 144 ) (-912 160 144 ) (-912 456 144 ) 
4 17 19 (-912 456 144 ) (-912 160 144 ) (-912 160 272 ) (-912 456 272 ) 
4 18 64 (-912 532 144 ) (-896 532 144 ) (-896 516 144 ) (-912 500 144 ) 
4 18 19 (-912 532 272 ) (-912 532 144 ) (-912 500 144 ) (-912 500 272 ) 
4 19 87 (-1024 160 272 ) (-1024 532 272 ) (-1024 532 144 ) (-1024 160 144 ) 
4 19 76 (-1024 160 144 ) (-1024 532 144 ) (-960 532 144 ) (-960 160 144 ) 
4 19 74 (-912 500 144 ) (-912 160 144 ) (-960 160 144 ) (-960 500 144 ) 
4 19 64 (-960 532 144 ) (-912 532 144 ) (-912 500 144 ) (-960 500 144 ) 
4 19 20 (-960 160 144 ) (-944 160 144 ) (-944 160 272 ) (-960 160 272 ) 
4 19 21 (-1024 160 144 ) (-960 160 144 ) (-960 160 272 ) (-1024 160 272 ) 
3 20 75 (-960 160 144 ) (-944 160 144 ) (-960 144 144 ) 
4 20 21 (-960 160 272 ) (-960 160 144 ) (-960 144 144 ) (-960 144 272 ) 
4 21 87 (-1024 64 272 ) (-1024 160 272 ) (-1024 160 144 ) (-1024 64 144 ) 
4 21 76 (-1024 64 144 ) (-1024 160 144 ) (-960 160 144 ) (-960 64 144 ) 
4 21 22 (-992 64 272 ) (-1024 64 272 ) (-1024 64 176 ) (-992 64 176 ) 
4 22 90 (-1024 60 272 ) (-1024 64 272 ) (-1024 64 176 ) (-1024 60 176 ) 
4 22 23 (-1024 60 176 ) (-992 60 176 ) (-992 60 272 ) (-1024 60 272 ) 
4 23 91 (-1024 56 272 ) (-1024 60 272 ) (-1024 60 176 ) (-1024 56 176 ) 
4 24 54 (-344 532 0 ) (-224 532 0 ) (-224 532 144 ) (-344 532 144 ) 
4 25 56 (-428 532 0 ) (-372 532 0 ) (-372 532 112 ) (-428 532 112 ) 
3 26 39 (-768 744 128 ) (-768 768 144 ) (-768 768 128 ) 
4 26 27 (-640 744.005859 128 ) (-768 744.005859 128 ) (-768 768 128 ) (-640 768 128 ) 
5 27 42 (-768 768 0 ) (-768 660 0 ) (-768 660 72 ) (-768 744 128 ) (-768 768 128 ) 
4 27 28 (-640 660 0 ) (-640 660 64 ) (-768 660 64 ) (-768 660 0 ) 
4 28 43 (-768 660 0 ) (-768 552 0 ) (-768 648 64 ) (-768 660 64 ) 
4 28 38 (-768 648.003906 64 ) (-768 552.003906 0 ) (-640 552.003906 0 ) (-640 648.003906 64 ) 
4 29 39 (-768 744 144 ) (-768 756 144 ) (-768 756 136 ) (-768 744 136 ) 
4 29 30 (-768 744 144 ) (-768 744 136 ) (-640 744 136 ) (-640 744 144 ) 
4 30 39 (-768 708 144 ) (-768 744 144 ) (-768 744 128 ) (-768 708 128 ) 
4 30 33 (-768 708 144 ) (-768 708 128 ) (-640 708 128 ) (-640 708 144 ) 
4 30 31 (-640 708 128 ) (-768 708 128 ) (-768 732 128 ) (-640 732 128 ) 
4 31 42 (-768 732 120 ) (-768 708 120 ) (-768 708 128 ) (-768 732 128 ) 
4 31 33 (-768 708 128 ) (-768 708 120 ) (-640 708 120 ) (-640 708 128 ) 
4 31 32 (-640 708 120 ) (-768 708 120 ) (-768 720 120 ) (-640 720 120 ) 
4 32 42 (-768 720 112 ) (-768 708 112 ) (-768 708 120 ) (-768 720 120 ) 
4 32 33 (-768 708 120 ) (-768 708 112 ) (-640 708 112 ) (-640 708 120 ) 
4 33 42 (-768 708 128 ) (-768 708 104 ) (-768 696 104 ) (-768 696 128 ) 
4 33 39 (-768 696 144 ) (-768 708 144 ) (-768 708 128 ) (-768 696 128 ) 
4 33 34 (-768 696 144 ) (-768 696 104 ) (-640 696 104 ) (-640 696 144 ) 
4 34 42 (-768 696 128 ) (-768 696 96 ) (-768 684 96 ) (-768 684 128 ) 
4 34 39 (-768 684 144 ) (-768 696 144 ) (-768 696 128 ) (-768 684 128 ) 
4 34 35 (-768 684 144 ) (-768 684 96 ) (-640 684 96 ) (-640 684 144 ) 
4 35 44 (-768 532 88 ) (-768 532 144 ) (-768 660 144 ) (-768 660 88 ) 
4 35 42 (-768 684 128 ) (-768 684 88 ) (-768 660 88 ) (-768 660 128 ) 
4 35 39 (-768 660 144 ) (-768 684 144 ) (-768 684 128 ) (-768 660 128 ) 
4 35 36 (-768 532 88 ) (-768 672 88 ) (-640 672 88 ) (-640 532 88 ) 
4 36 44 (-768 532 80 ) (-768 532 88 ) (-768 660 88 ) (-768 660 80 ) 
4 36 42 (-768 660 88 ) (-768 672 88 ) (-768 672 80 ) (-768 660 80 ) 
4 36 37 (-768 532 80 ) (-768 660 80 ) (-640 660 80 ) (-640 532 80 ) 
4 37 44 (-768 532 72 ) (-768 532 80 ) (-768 660 80 ) (-768 660 72 ) 
4 38 43 (-768 552 0 ) (-768 532 0 ) (-768 532 64 ) (-768 648 64 ) 
4 39 106 (-1024 660 144 ) (-1024 672 144 ) (-1024 672 128 ) (-1024 660 128 ) 
4 39 104 (-1024 672 144 ) (-1024 704 144 ) (-1024 704 128 ) (-1024 672 128 ) 
4 39 49 (-828 660 144 ) (-840 660 144 ) (-840 660 128 ) (-828 660 128 ) 
4 39 50 (-840 660 144 ) (-1024 660 144 ) (-1024 660 128 ) (-840 660 128 ) 
4 39 48 (-816 660 144 ) (-828 660 144 ) (-828 660 128 ) (-816 660 128 ) 
4 39 45 (-780 660 144 ) (-792 660 144 ) (-792 660 128 ) (-780 660 128 ) 
4 39 46 (-792 660 144 ) (-816 660 144 ) (-816 660 128 ) (-792 660 128 ) 
4 39 44 (-768 660 128 ) (-768 660 144 ) (-780 660 144 ) (-780 660 128 ) 
4 39 42 (-768 660 128 ) (-1024 660 128 ) (-1024 768 128 ) (-768 768 128 ) 
4 40 41 (-832 928 0 ) (-832 896 0 ) (-832 896 128 ) (-832 928 128 ) 
4 40 42 (-832 896 0 ) (-800 896 0 ) (-800 896 128 ) (-832 896 128 ) 
4 41 102 (-1024 1024 128 ) (-1024 1024 0 ) (-1024 896 0 ) (-1024 896 128 ) 
4 41 42 (-1024 896 0 ) (-832 896 0 ) (-832 896 128 ) (-1024 896 128 ) 
4 42 106 (-1024 672 0 ) (-1024 660 0 ) (-1024 660 128 ) (-1024 672 128 ) 
4 42 105 (-1024 896 0 ) (-1024 672 0 ) (-1024 672 128 ) (-1024 896 128 ) 
4 42 52 (-864 660 8 ) (-864 660 16 ) (-876 660 16 ) (-876 660 8 ) 
4 42 53 (-1024 660 0 ) (-876 660 0 ) (-876 660 16 ) (-1024 660 16 ) 
4 42 51 (-852 660 16 ) (-852 660 24 ) (-1024 660 24 ) (-1024 660 16 ) 
4 42 49 (-828 660 32 ) (-828 660 128 ) (-840 660 128 ) (-840 660 32 ) 
4 42 50 (-840 660 24 ) (-840 660 128 ) (-1024 660 128 ) (-1024 660 24 ) 
4 42 48 (-816 660 40 ) (-816 660 128 ) (-828 660 128 ) (-828 660 40 ) 
4 42 47 (-804 660 48 ) (-804 660 56 ) (-816 660 56 ) (-816 660 48 ) 
4 42 45 (-780 660 64 ) (-780 660 128 ) (-792 660 128 ) (-792 660 64 ) 
4 42 46 (-792 660 56 ) (-792 660 128 ) (-816 660 128 ) (-816 660 56 ) 
4 42 44 (-768 660 72 ) (-768 660 128 ) (-780 660 128 ) (-780 660 72 ) 
3 42 43 (-876 660 0 ) (-768 660 0 ) (-768 660 72 ) 
4 44 45 (-780 660 144 ) (-780 660 72 ) (-780 532 72 ) (-780 532 144 ) 
4 45 46 (-792 660 144 ) (-792 660 64 ) (-792 532 64 ) (-792 532 144 ) 
4 46 48 (-816 660 144 ) (-816 660 56 ) (-816 532 56 ) (-816 532 144 ) 
4 46 47 (-816 532 56 ) (-816 660 56 ) (-804 660 56 ) (-804 532 56 ) 
4 47 48 (-816 660 56 ) (-816 660 48 ) (-816 532 48 ) (-816 532 56 ) 
4 48 49 (-828 660 144 ) (-828 660 40 ) (-828 532 40 ) (-828 532 144 ) 
4 49 50 (-840 660 144 ) (-840 660 32 ) (-840 532 32 ) (-840 532 144 ) 
4 50 106 (-1024 532 144 ) (-1024 660 144 ) (-1024 660 24 ) (-1024 532 24 ) 
4 50 77 (-1004 532 24 ) (-960 532 24 ) (-960 532 112 ) (-1004 532 112 ) 
4 50 78 (-1024 532 112 ) (-1024 532 24 ) (-1004 532 24 ) (-1004 532 112 ) 
4 50 76 (-960 532 144 ) (-1024 532 144 ) (-1024 532 112 ) (-960 532 112 ) 
4 50 64 (-880 532 144 ) (-960 532 144 ) (-960 532 24 ) (-880 532 24 ) 
4 50 51 (-1024 660 24 ) (-852 660 24 ) (-852 532 24 ) (-1024 532 24 ) 
4 51 106 (-1024 660 24 ) (-1024 660 16 ) (-1024 532 16 ) (-1024 532 24 ) 
4 51 77 (-960 532 24 ) (-1004 532 24 ) (-1004 532 16 ) (-960 532 16 ) 
4 51 78 (-1004 532 24 ) (-1024 532 24 ) (-1024 532 16 ) (-1004 532 16 ) 
4 51 64 (-880 532 24 ) (-960 532 24 ) (-960 532 16 ) (-880 532 16 ) 
4 51 52 (-876 660 16 ) (-864 660 16 ) (-864 532 16 ) (-876 532 16 ) 
4 51 53 (-1024 660 16 ) (-876 660 16 ) (-876 532 16 ) (-1024 532 16 ) 
4 52 53 (-876 532 8 ) (-876 532 16 ) (-876 660 16 ) (-876 660 8 ) 
4 53 106 (-1024 660 16 ) (-1024 660 0 ) (-1024 532 0 ) (-1024 532 16 ) 
4 53 77 (-1004 532 0 ) (-960 532 0 ) (-960 532 16 ) (-1004 532 16 ) 
4 53 78 (-1024 532 0 ) (-1004 532 0 ) (-1004 532 16 ) (-1024 532 16 ) 
4 53 64 (-960 532 0 ) (-880 532 0 ) (-880 532 16 ) (-960 532 16 ) 
4 54 55 (-344 316 0 ) (-344 260 0 ) (-344 260 112 ) (-344 316 112 ) 
4 55 57 (-352 316 0 ) (-352 260 0 ) (-352 260 112 ) (-352 316 112 ) 
4 56 57 (-428 524 0 ) (-372 524 0 ) (-372 524 112 ) (-428 524 112 ) 
4 57 58 (-448 320 0 ) (-448 312 0 ) (-448 312 144 ) (-448 320 144 ) 
4 57 60 (-448 312 0 ) (-448 224 0 ) (-448 224 144 ) (-448 312 144 ) 
4 58 60 (-456 312 0 ) (-448 312 0 ) (-448 312 144 ) (-456 312 144 ) 
4 59 61 (-544 320 0 ) (-544 312 0 ) (-544 312 144 ) (-544 320 144 ) 
4 59 60 (-544 312 144 ) (-544 312 0 ) (-536 312 0 ) (-536 312 144 ) 
4 60 61 (-544 312 0 ) (-544 224 0 ) (-544 224 144 ) (-544 312 144 ) 
4 61 63 (-624 320 0 ) (-624 224 0 ) (-624 224 144 ) (-624 320 144 ) 
4 61 62 (-624 496 0 ) (-624 440 0 ) (-624 440 112 ) (-624 496 112 ) 
4 62 65 (-632 496 0 ) (-632 440 0 ) (-632 440 112 ) (-632 496 112 ) 
4 63 71 (-632 312 0 ) (-632 224 0 ) (-632 224 144 ) (-632 312 144 ) 
4 64 77 (-960 532 112 ) (-960 532 0 ) (-960 500 0 ) (-960 500 112 ) 
4 64 76 (-960 532 144 ) (-960 532 112 ) (-960 500 112 ) (-960 500 144 ) 
4 64 74 (-960 500 144 ) (-960 500 0 ) (-912 500 0 ) (-912 500 144 ) 
4 65 70 (-708 416 0 ) (-632 416 0 ) (-632 416 144 ) (-708 416 144 ) 
4 65 67 (-708 416 120 ) (-708 416 144 ) (-708 417 144 ) (-708 417 120 ) 
4 65 68 (-708 417 0 ) (-708 416 0 ) (-708 416 8 ) (-708 417 8 ) 
4 65 66 (-708 500 144 ) (-708 500 0 ) (-708 417 0 ) (-708 417 144 ) 
4 66 67 (-764 417 144 ) (-764 417 120 ) (-708 417 120 ) (-708 417 144 ) 
4 66 68 (-764 417 8 ) (-764 417 0 ) (-708 417 0 ) (-708 417 8 ) 
4 66 69 (-764 500 144 ) (-764 500 0 ) (-764 417 0 ) (-764 417 144 ) 
4 67 70 (-708 416 120 ) (-708 416 144 ) (-764 416 144 ) (-764 416 120 ) 
4 67 69 (-764 416 120 ) (-764 416 144 ) (-764 417 144 ) (-764 417 120 ) 
4 68 70 (-764 416 0 ) (-708 416 0 ) (-708 416 8 ) (-764 416 8 ) 
4 68 69 (-764 417 0 ) (-764 416 0 ) (-764 416 8 ) (-764 417 8 ) 
4 69 70 (-880 416 144 ) (-880 416 0 ) (-764 416 0 ) (-764 416 144 ) 
4 71 72 (-880 312 0 ) (-880 224 0 ) (-880 224 144 ) (-880 312 144 ) 
4 72 73 (-896 335.499969 0 ) (-896 208 0 ) (-896 208 144 ) (-896 335.500000 144 ) 
4 73 74 (-912 456 0 ) (-912 160 0 ) (-912 160 144 ) (-912 456 144 ) 
4 74 77 (-960 500 0 ) (-960 160 0 ) (-960 160 112 ) (-960 500 112 ) 
4 74 76 (-960 160 112 ) (-960 160 144 ) (-960 500 144 ) (-960 500 112 ) 
4 74 75 (-960 160 144 ) (-960 160 0 ) (-944 160 0 ) (-944 160 144 ) 
4 75 77 (-960 160 0 ) (-960 144 0 ) (-960 144 112 ) (-960 160 112 ) 
4 75 76 (-960 144 112 ) (-960 144 144 ) (-960 160 144 ) (-960 160 112 ) 
4 76 106 (-1024 64 144 ) (-1024 532 144 ) (-1024 532 112 ) (-1024 64 112 ) 
4 76 77 (-1004 532 112 ) (-960 532 112 ) (-960 64 112 ) (-1004 64 112 ) 
4 76 78 (-1024 64 112 ) (-1024 532 112 ) (-1004 532 112 ) (-1004 64 112 ) 
4 77 78 (-1004 64 112 ) (-1004 532 112 ) (-1004 532 0 ) (-1004 64 0 ) 
4 78 109 (-1024 64 0 ) (-1024 56 0 ) (-1024 56 112 ) (-1024 64 112 ) 
4 78 106 (-1024 532 112 ) (-1024 532 0 ) (-1024 64 0 ) (-1024 64 112 ) 
4 79 87 (-1024 1024 160 ) (-1024 1024 256 ) (-1088 1024 256 ) (-1088 1024 160 ) 
4 80 102 (-1024 1024 0 ) (-1024 1024 112 ) (-1044 1024 112 ) (-1044 1024 0 ) 
4 81 87 (-1024 1024 272 ) (-1024 64 272 ) (-1152 64 272 ) (-1152 1024 272 ) 
4 81 84 (-1120 64 272 ) (-1024 64 272 ) (-1024 64 368 ) (-1120 64 368 ) 
4 81 83 (-1152 160 272 ) (-1152 144 272 ) (-1152 144 400 ) (-1152 160 400 ) 
4 81 82 (-1152 1024 272 ) (-1152 160 272 ) (-1152 160 400 ) (-1152 1024 400 ) 
4 82 88 (-1216 160 272 ) (-1216 1024 272 ) (-1152 1024 272 ) (-1152 160 272 ) 
4 82 86 (-1216 672 272 ) (-1216 224 272 ) (-1216 224 400 ) (-1216 672 400 ) 
4 82 83 (-1168 160 272 ) (-1152 160 272 ) (-1152 160 400 ) (-1168 160 400 ) 
3 83 89 (-1168 160 272 ) (-1152 160 272 ) (-1152 144 272 ) 
4 84 90 (-1024 64 272 ) (-1024 60 272 ) (-1120 60 272 ) (-1120 64 272 ) 
4 84 85 (-1120 60 368 ) (-1120 60 272 ) (-1024 60 272 ) (-1024 60 368 ) 
4 85 91 (-1024 60 272 ) (-1024 56 272 ) (-1120 56 272 ) (-1120 60 272 ) 
4 86 99 (-1280 288 272 ) (-1280 608 272 ) (-1232 656 272 ) (-1232 240 272 ) 
4 86 92 (-1232 656 272 ) (-1216 672 272 ) (-1216 224 272 ) (-1232 240 272 ) 
4 87 106 (-1024 672 144 ) (-1024 64 144 ) (-1152 64 144 ) (-1152 672 144 ) 
3 87 104 (-1024 704 144 ) (-1024 672 144 ) (-1056 672 144 ) 
4 87 90 (-1024 64 176 ) (-1024 64 272 ) (-1120 64 272 ) (-1120 64 176 ) 
4 87 89 (-1152 160 144 ) (-1152 144 144 ) (-1152 144 272 ) (-1152 160 272 ) 
4 87 88 (-1152 1024 144 ) (-1152 160 144 ) (-1152 160 272 ) (-1152 1024 272 ) 
4 88 107 (-1216 160 144 ) (-1216 672 144 ) (-1152 672 144 ) (-1152 160 144 ) 
4 88 94 (-1216 672 144 ) (-1216 224 144 ) (-1216 224 256 ) (-1216 672 256 ) 
4 88 93 (-1216 884 144 ) (-1216 780 144 ) (-1216 780 256 ) (-1216 884 256 ) 
4 88 92 (-1216 224 272 ) (-1216 672 272 ) (-1216 672 256 ) (-1216 224 256 ) 
4 88 89 (-1168 160 144 ) (-1152 160 144 ) (-1152 160 272 ) (-1168 160 272 ) 
3 89 108 (-1168 160 144 ) (-1152 160 144 ) (-1152 144 144 ) 
4 90 91 (-1120 60 272 ) (-1120 60 176 ) (-1024 60 176 ) (-1024 60 272 ) 
4 92 99 (-1232 240 272 ) (-1232 656 272 ) (-1232 656 256 ) (-1232 240 256 ) 
4 92 94 (-1232 240 256 ) (-1232 656 256 ) (-1216 672 256 ) (-1216 224 256 ) 
4 93 97 (-1232 884 144 ) (-1232 780 144 ) (-1232 780 256 ) (-1232 884 256 ) 
4 94 114 (-1232 240 144 ) (-1232 288 144 ) (-1216 288 144 ) (-1216 224 144 ) 
4 94 113 (-1232 288 144 ) (-1232 608 144 ) (-1216 608 144 ) (-1216 288 144 ) 
4 94 112 (-1232 608 144 ) (-1232 656 144 ) (-1216 672 144 ) (-1216 608 144 ) 
4 94 99 (-1232 656 144 ) (-1232 240 144 ) (-1232 240 256 ) (-1232 656 256 ) 
4 95 98 (-1588 1008 144 ) (-1484 1008 144 ) (-1484 1008 256 ) (-1588 1008 256 ) 
4 96 98 (-1468 976 144 ) (-1468 912 144 ) (-1468 912 272 ) (-1468 976 272 ) 
4 96 97 (-1468 912 272 ) (-1468 912 144 ) (-1404 912 144 ) (-1404 912 272 ) 
4 97 98 (-1468 912 144 ) (-1468 752 144 ) (-1468 752 272 ) (-1468 912 272 ) 
3 99 114 (-1280 288 144 ) (-1232 288 144 ) (-1232 240 144 ) 
4 99 113 (-1280 288 144 ) (-1280 608 144 ) (-1232 608 144 ) (-1232 288 144 ) 
3 99 112 (-1280 608 144 ) (-1232 656 144 ) (-1232 608 144 ) 
4 100 122 (-1793 671 144 ) (-1793 737 144 ) (-1759 737 144 ) (-1759 671 144 ) 
4 101 122 (-1921 671 144 ) (-1921 737 144 ) (-1887 737 144 ) (-1887 671 144 ) 
4 102 105 (-1152 896 0 ) (-1024 896 0 ) (-1024 896 128 ) (-1152 896 128 ) 
4 102 103 (-1152 928 0 ) (-1152 896 0 ) (-1152 896 128 ) (-1152 928 128 ) 
4 103 105 (-1184 896 0 ) (-1152 896 0 ) (-1152 896 128 ) (-1184 896 128 ) 
4 104 106 (-1056 672 128 ) (-1024 672 128 ) (-1024 672 144 ) (-1056 672 144 ) 
3 104 105 (-1024 672 128 ) (-1056 672 128 ) (-1024 704 128 ) 
4 105 107 (-1216 672 128 ) (-1216 672 0 ) (-1152 672 0 ) (-1152 672 128 ) 
4 105 106 (-1152 672 0 ) (-1024 672 0 ) (-1024 672 128 ) (-1152 672 128 ) 
4 106 109 (-1108 64 0 ) (-1024 64 0 ) (-1024 64 112 ) (-1108 64 112 ) 
4 106 108 (-1152 160 0 ) (-1152 144 0 ) (-1152 144 144 ) (-1152 160 144 ) 
4 106 107 (-1152 672 144 ) (-1152 672 0 ) (-1152 160 0 ) (-1152 160 144 ) 
4 107 114 (-1216 224 144 ) (-1216 288 144 ) (-1216 288 0 ) (-1216 224 0 ) 
4 107 113 (-1216 288 144 ) (-1216 608 144 ) (-1216 608 0 ) (-1216 288 0 ) 
4 107 112 (-1216 608 144 ) (-1216 672 144 ) (-1216 672 0 ) (-1216 608 0 ) 
4 107 108 (-1168 160 0 ) (-1152 160 0 ) (-1152 160 144 ) (-1168 160 144 ) 
4 110 111 (-1556 672 0 ) (-1452 672 0 ) (-1452 672 112 ) (-1556 672 112 ) 
4 111 113 (-1664 608 144 ) (-1664 608 0 ) (-1344 608 0 ) (-1344 608 144 ) 
4 112 113 (-1280 608 0 ) (-1216 608 0 ) (-1216 608 144 ) (-1280 608 144 ) 
4 113 115 (-1664 508 0 ) (-1664 452 0 ) (-1664 452 112 ) (-1664 508 112 ) 
4 113 114 (-1280 288 0 ) (-1216 288 0 ) (-1216 288 144 ) (-1280 288 144 ) 
4 115 125 (-1680 508 0 ) (-1680 452 0 ) (-1680 452 112 ) (-1680 508 112 ) 
4 116 119 (-1856 880 0 ) (-1844 880 0 ) (-1844 880 128 ) (-1856 880 128 ) 
4 116 118 (-1844 880 0 ) (-1740 880 0 ) (-1740 880 112 ) (-1844 880 112 ) 
4 116 117 (-1740 880 0 ) (-1728 880 0 ) (-1728 880 128 ) (-1740 880 128 ) 
4 117 120 (-1740 864 0 ) (-1728 864 0 ) (-1728 864 128 ) (-1740 864 128 ) 
4 117 118 (-1740 864 0 ) (-1740 864 112 ) (-1740 880 112 ) (-1740 880 0 ) 
4 118 120 (-1844 864 0 ) (-1740 864 0 ) (-1740 864 112 ) (-1844 864 112 ) 
4 118 119 (-1844 864 0 ) (-1844 864 112 ) (-1844 880 112 ) (-1844 880 0 ) 
4 119 120 (-1856 864 0 ) (-1844 864 0 ) (-1844 864 128 ) (-1856 864 128 ) 
4 120 122 (-1904 768 0 ) (-1680 768 0 ) (-1680 768 144 ) (-1904 768 144 ) 
4 120 121 (-1904 800 0 ) (-1904 768 0 ) (-1904 768 144 ) (-1904 800 144 ) 
4 121 122 (-1936 768 0 ) (-1904 768 0 ) (-1904 768 144 ) (-1936 768 144 ) 
4 122 127 (-2048 768 112 ) (-2048 768 0 ) (-2048 640 0 ) (-2048 640 112 ) 
4 122 126 (-2048 640 144 ) (-2048 768 144 ) (-2048 768 112 ) (-2048 640 112 ) 
4 122 123 (-1936 640 0 ) (-1680 640 0 ) (-1680 640 144 ) (-1936 640 144 ) 
4 123 124 (-1820 608 0 ) (-1764 608 0 ) (-1764 608 112 ) (-1820 608 112 ) 
4 124 125 (-1820 592 0 ) (-1764 592 0 ) (-1764 592 112 ) (-1820 592 112 ) 
4 126 127 (-2096 768 112 ) (-2048 768 112 ) (-2048 640 112 ) (-2096 640 112 ) 
