PRT1
93
204
4 0 1 (1024 592 -8 ) (1024 592 248 ) (1024 768 248 ) (1024 768 -8 ) 
4 1 83 (0 592 -8 ) (0 592 0 ) (0 768 0 ) (0 768 -8 ) 
4 1 71 (0 592 0 ) (0 592 128 ) (0 768 128 ) (0 768 0 ) 
4 1 69 (0 592 128 ) (0 592 248 ) (0 768 248 ) (0 768 128 ) 
4 1 28 (864 592 0 ) (0 592 0 ) (0 592 -8 ) (864 592 -8 ) 
4 1 27 (0 592 109 ) (0 592 33 ) (21 592 33 ) (21 592 109 ) 
4 1 26 (211 592 48 ) (211 592 33 ) (253 592 33 ) (253 592 48 ) 
4 1 23 (212 592 48 ) (252 592 48 ) (252 592 109 ) (212 592 109 ) 
4 1 22 (252 592 48 ) (253 592 48 ) (253 592 109 ) (252 592 109 ) 
4 1 25 (211 592 109 ) (211 592 48 ) (212 592 48 ) (212 592 109 ) 
4 1 21 (323 592 48 ) (323 592 33 ) (365 592 33 ) (365 592 48 ) 
4 1 18 (324 592 48 ) (364 592 48 ) (364 592 109 ) (324 592 109 ) 
4 1 17 (364 592 48 ) (365 592 48 ) (365 592 109 ) (364 592 109 ) 
4 1 20 (323 592 109 ) (323 592 48 ) (324 592 48 ) (324 592 109 ) 
4 1 16 (483 592 48 ) (483 592 33 ) (525 592 33 ) (525 592 48 ) 
4 1 13 (484 592 48 ) (524 592 48 ) (524 592 109 ) (484 592 109 ) 
4 1 12 (524 592 48 ) (525 592 48 ) (525 592 109 ) (524 592 109 ) 
4 1 15 (483 592 109 ) (483 592 48 ) (484 592 48 ) (484 592 109 ) 
4 1 8 (596 592 33 ) (636 592 33 ) (636 592 109 ) (596 592 109 ) 
4 1 7 (636 592 33 ) (637 592 33 ) (637 592 109 ) (636 592 109 ) 
4 1 11 (595 592 109 ) (595 592 33 ) (596 592 33 ) (596 592 109 ) 
4 1 6 (743 592 48 ) (743 592 33 ) (785 592 33 ) (785 592 48 ) 
4 1 3 (744 592 48 ) (784 592 48 ) (784 592 109 ) (744 592 109 ) 
4 1 2 (784 592 48 ) (785 592 48 ) (785 592 109 ) (784 592 109 ) 
4 1 5 (743 592 109 ) (743 592 48 ) (744 592 48 ) (744 592 109 ) 
4 2 34 (785 576 48 ) (785 576 109 ) (784 576 109 ) (784 576 48 ) 
4 2 6 (784 592 48 ) (785 592 48 ) (785 576 48 ) (784 576 48 ) 
4 2 3 (784 592 48 ) (784 580 48 ) (784 580 109 ) (784 592 109 ) 
4 2 4 (784 579 48 ) (784 576 48 ) (784 576 109 ) (784 579 109 ) 
4 3 6 (744 592 48 ) (784 592 48 ) (784 580 48 ) (744 580 48 ) 
4 3 5 (744 592 48 ) (744 580 48 ) (744 580 109 ) (744 592 109 ) 
4 4 34 (784 576 109 ) (744 576 109 ) (744 576 48 ) (784 576 48 ) 
4 4 6 (784 579 48 ) (784 576 48 ) (744 576 48 ) (744 579 48 ) 
4 4 5 (744 579 48 ) (744 576 48 ) (744 576 109 ) (744 579 109 ) 
4 5 34 (744 576 109 ) (743 576 109 ) (743 576 48 ) (744 576 48 ) 
4 5 6 (743 576 48 ) (743 592 48 ) (744 592 48 ) (744 576 48 ) 
4 6 34 (785 576 33 ) (785 576 48 ) (743 576 48 ) (743 576 33 ) 
4 7 35 (637 576 33 ) (637 576 109 ) (636 576 109 ) (636 576 33 ) 
4 7 9 (636 580 33 ) (636 579 33 ) (636 579 48 ) (636 580 48 ) 
4 7 8 (636 592 33 ) (636 580 33 ) (636 580 109 ) (636 592 109 ) 
4 7 10 (636 579 33 ) (636 576 33 ) (636 576 109 ) (636 579 109 ) 
4 8 9 (596 580 48 ) (596 580 33 ) (636 580 33 ) (636 580 48 ) 
4 8 11 (596 592 33 ) (596 580 33 ) (596 580 109 ) (596 592 109 ) 
4 9 11 (596 580 33 ) (596 579 33 ) (596 579 48 ) (596 580 48 ) 
4 9 10 (596 579 48 ) (596 579 33 ) (636 579 33 ) (636 579 48 ) 
4 10 35 (636 576 109 ) (596 576 109 ) (596 576 33 ) (636 576 33 ) 
4 10 11 (596 579 33 ) (596 576 33 ) (596 576 109 ) (596 579 109 ) 
4 11 35 (596 576 109 ) (595 576 109 ) (595 576 33 ) (596 576 33 ) 
4 12 35 (525 576 48 ) (525 576 109 ) (524 576 109 ) (524 576 48 ) 
4 12 16 (524 592 48 ) (525 592 48 ) (525 576 48 ) (524 576 48 ) 
4 12 13 (524 592 48 ) (524 580 48 ) (524 580 109 ) (524 592 109 ) 
4 12 14 (524 579 48 ) (524 576 48 ) (524 576 109 ) (524 579 109 ) 
4 13 16 (484 592 48 ) (524 592 48 ) (524 580 48 ) (484 580 48 ) 
4 13 15 (484 592 48 ) (484 580 48 ) (484 580 109 ) (484 592 109 ) 
4 14 35 (524 576 109 ) (484 576 109 ) (484 576 48 ) (524 576 48 ) 
4 14 16 (524 579 48 ) (524 576 48 ) (484 576 48 ) (484 579 48 ) 
4 14 15 (484 579 48 ) (484 576 48 ) (484 576 109 ) (484 579 109 ) 
4 15 35 (484 576 109 ) (483 576 109 ) (483 576 48 ) (484 576 48 ) 
4 15 16 (483 576 48 ) (483 592 48 ) (484 592 48 ) (484 576 48 ) 
4 16 35 (525 576 33 ) (525 576 48 ) (483 576 48 ) (483 576 33 ) 
4 17 36 (365 576 48 ) (365 576 109 ) (364 576 109 ) (364 576 48 ) 
4 17 21 (364 592 48 ) (365 592 48 ) (365 576 48 ) (364 576 48 ) 
4 17 18 (364 592 48 ) (364 580 48 ) (364 580 109 ) (364 592 109 ) 
4 17 19 (364 579 48 ) (364 576 48 ) (364 576 109 ) (364 579 109 ) 
4 18 21 (324 592 48 ) (364 592 48 ) (364 580 48 ) (324 580 48 ) 
4 18 20 (324 592 48 ) (324 580 48 ) (324 580 109 ) (324 592 109 ) 
4 19 36 (364 576 109 ) (324 576 109 ) (324 576 48 ) (364 576 48 ) 
4 19 21 (364 579 48 ) (364 576 48 ) (324 576 48 ) (324 579 48 ) 
4 19 20 (324 579 48 ) (324 576 48 ) (324 576 109 ) (324 579 109 ) 
4 20 36 (324 576 109 ) (323 576 109 ) (323 576 48 ) (324 576 48 ) 
4 20 21 (323 576 48 ) (323 592 48 ) (324 592 48 ) (324 576 48 ) 
4 21 36 (365 576 33 ) (365 576 48 ) (323 576 48 ) (323 576 33 ) 
4 22 36 (253 576 48 ) (253 576 109 ) (252 576 109 ) (252 576 48 ) 
4 22 26 (252 592 48 ) (253 592 48 ) (253 576 48 ) (252 576 48 ) 
4 22 23 (252 592 48 ) (252 580 48 ) (252 580 109 ) (252 592 109 ) 
4 22 24 (252 579 48 ) (252 576 48 ) (252 576 109 ) (252 579 109 ) 
4 23 26 (212 592 48 ) (252 592 48 ) (252 580 48 ) (212 580 48 ) 
4 23 25 (212 592 48 ) (212 580 48 ) (212 580 109 ) (212 592 109 ) 
4 24 36 (252 576 109 ) (212 576 109 ) (212 576 48 ) (252 576 48 ) 
4 24 26 (252 579 48 ) (252 576 48 ) (212 576 48 ) (212 579 48 ) 
4 24 25 (212 579 48 ) (212 576 48 ) (212 576 109 ) (212 579 109 ) 
4 25 36 (212 576 109 ) (211 576 109 ) (211 576 48 ) (212 576 48 ) 
4 25 26 (211 576 48 ) (211 592 48 ) (212 592 48 ) (212 576 48 ) 
4 26 36 (253 576 33 ) (253 576 48 ) (211 576 48 ) (211 576 33 ) 
4 27 72 (0 576 33 ) (0 576 109 ) (0 592 109 ) (0 592 33 ) 
4 27 67 (0 576 38 ) (0 576 33 ) (21 576 33 ) (21 576 38 ) 
4 27 63 (0 576 39 ) (0 576 38 ) (21 576 38 ) (21 576 39 ) 
4 27 59 (0 576 109 ) (0 576 39 ) (21 576 39 ) (21 576 109 ) 
4 28 83 (0 576 -8 ) (0 576 0 ) (0 592 0 ) (0 592 -8 ) 
4 29 34 (672 576 128 ) (856 576 128 ) (856 320 128 ) (672 320 128 ) 
4 30 35 (456 576 128 ) (664 576 128 ) (664 320 128 ) (456 320 128 ) 
4 31 36 (128 576 128 ) (448 576 128 ) (448 320 128 ) (128 320 128 ) 
4 32 41 (128 192 128 ) (128 312 128 ) (216 312 128 ) (216 192 128 ) 
4 33 70 (0 576 184 ) (0 576 128 ) (0 192 128 ) (0 192 184 ) 
4 33 68 (0 192 128 ) (0 268 128 ) (120 268 128 ) (120 192 128 ) 
4 33 59 (0 268 128 ) (0 576 128 ) (119 576 128 ) (119 268 128 ) 
4 33 58 (120 449 128 ) (120 268 128 ) (119 268 128 ) (119 449 128 ) 
4 33 57 (119 576 128 ) (120 576 128 ) (120 449 128 ) (119 449 128 ) 
4 34 37 (732 320 0 ) (788 320 0 ) (788 320 112 ) (732 320 112 ) 
4 35 38 (532 320 0 ) (588 320 0 ) (588 320 128 ) (532 320 128 ) 
4 36 56 (128 540 0 ) (128 484 0 ) (128 484 128 ) (128 540 128 ) 
4 36 39 (256 320 0 ) (312 320 0 ) (312 320 128 ) (256 320 128 ) 
4 37 42 (732 312 0 ) (788 312 0 ) (788 312 112 ) (732 312 112 ) 
4 38 42 (532 312 0 ) (588 312 0 ) (588 312 112 ) (532 312 112 ) 
4 38 40 (588 312 112 ) (588 312 128 ) (532 312 128 ) (532 312 112 ) 
4 39 42 (256 312 0 ) (312 312 0 ) (312 312 112 ) (256 312 112 ) 
4 39 40 (312 312 112 ) (312 312 128 ) (256 312 128 ) (256 312 112 ) 
4 40 54 (856 220 112 ) (856 192 112 ) (224 192 112 ) (224 220 112 ) 
4 40 44 (856 284 112 ) (856 220 112 ) (224 220 112 ) (224 284 112 ) 
4 40 42 (224 312 112 ) (856 312 112 ) (856 284 112 ) (224 284 112 ) 
4 41 55 (128 192 112 ) (128 220 112 ) (216 220 112 ) (216 192 112 ) 
4 41 45 (128 220 112 ) (128 284 112 ) (216 284 112 ) (216 220 112 ) 
4 41 43 (128 284 112 ) (128 312 112 ) (216 312 112 ) (216 284 112 ) 
4 42 46 (224 284 108 ) (224 284 0 ) (856 284 0 ) (856 284 108 ) 
4 42 44 (856 284 112 ) (224 284 112 ) (224 284 108 ) (856 284 108 ) 
4 43 53 (128 284 108 ) (128 284 0 ) (216 284 0 ) (216 284 108 ) 
4 43 45 (216 284 112 ) (128 284 112 ) (128 284 108 ) (216 284 108 ) 
4 44 54 (856 220 112 ) (224 220 112 ) (224 220 108 ) (856 220 108 ) 
4 44 52 (856 220 108 ) (222 220 108 ) (222 224 108 ) (856 224 108 ) 
4 44 50 (222 224 108 ) (222 252 108 ) (856 252 108 ) (856 224 108 ) 
4 44 48 (244.748993 266.865997 108 ) (270.497925 252 108 ) (266.498077 252 108 ) (243.749008 265.134033 108 ) 
3 44 47 (222 252 108 ) (222 277.690674 108 ) (266.498077 252 108 ) 
5 44 46 (222 280 108 ) (222 284 108 ) (856 284 108 ) (856 252 108 ) (270.497925 252 108 ) 
4 45 55 (216 220 112 ) (128 220 112 ) (128 220 108 ) (216 220 108 ) 
4 45 53 (218 220 108 ) (128 220 108 ) (128 284 108 ) (218 284 108 ) 
4 46 50 (270.497955 252 0 ) (856 252 0 ) (856 252 108 ) (270.497925 252 108 ) 
4 46 48 (244.749054 266.866089 0 ) (270.498047 252 0 ) (270.498047 252 108 ) (244.749054 266.866089 108 ) 
4 47 50 (221 252 0 ) (266.498047 252 0 ) (266.498077 252 108 ) (221 252 108 ) 
4 47 51 (218 252 108 ) (218 252 0 ) (219 252 0 ) (219 252 108 ) 
4 47 49 (219.499786 279.133575 0 ) (218 280 0 ) (218 280 108 ) (219.499771 279.133575 108 ) 
4 47 48 (266.498047 252 108 ) (266.498047 252 0 ) (243.748886 265.133820 0 ) (243.748886 265.133820 108 ) 
4 47 53 (218 252 108 ) (218 280 108 ) (218 280 0 ) (218 252 0 ) 
4 48 50 (266.498047 252 0 ) (270.497955 252 0 ) (270.497925 252 108 ) (266.498077 252 108 ) 
4 50 52 (222 224 0 ) (856 224 0 ) (856 224 108 ) (222 224 108 ) 
4 51 53 (218 224 108 ) (218 252 108 ) (218 252 0 ) (218 224 0 ) 
4 52 54 (224 220 0 ) (856 220 0 ) (856 220 108 ) (224 220 108 ) 
4 53 55 (128 220 108 ) (128 220 0 ) (216 220 0 ) (216 220 108 ) 
4 56 57 (120 540 0 ) (120 484 0 ) (120 484 128 ) (120 540 128 ) 
4 57 65 (119 576 0 ) (119 449 0 ) (119 449 38 ) (119 576 38 ) 
4 57 60 (119 449 38 ) (119 449 39 ) (119 576 39 ) (119 576 38 ) 
4 57 59 (119 449 39 ) (119 449 128 ) (119 576 128 ) (119 576 39 ) 
4 57 58 (119 449 128 ) (119 449 58 ) (120 449 58 ) (120 449 128 ) 
4 58 68 (120 268 58 ) (120 268 128 ) (119 268 128 ) (119 268 58 ) 
4 58 59 (119 268 58 ) (119 268 128 ) (119 449 128 ) (119 449 58 ) 
4 59 77 (0 268 128 ) (0 320 128 ) (0 320 39 ) (0 268 39 ) 
4 59 73 (0 320 128 ) (0 576 128 ) (0 576 39 ) (0 320 39 ) 
4 59 68 (119 268 39 ) (119 268 128 ) (0 268 128 ) (0 268 39 ) 
4 59 64 (89 268 39 ) (0 268 39 ) (0 396 39 ) (89 396 39 ) 
4 59 63 (0 576 39 ) (97 576 39 ) (97 396 39 ) (0 396 39 ) 
4 59 62 (113 296 39 ) (113 272 39 ) (97 272 39 ) (97 296 39 ) 
4 59 61 (97 576 39 ) (113 576 39 ) (113 396 39 ) (97 396 39 ) 
4 59 60 (113 576 39 ) (119 576 39 ) (119 396 39 ) (113 396 39 ) 
4 60 65 (113 576 38 ) (119 576 38 ) (119 396 38 ) (113 396 38 ) 
4 60 61 (113 576 38 ) (113 396 38 ) (113 396 39 ) (113 576 39 ) 
4 61 65 (97 576 38 ) (113 576 38 ) (113 396 38 ) (97 396 38 ) 
4 61 63 (97 576 38 ) (97 396 38 ) (97 396 39 ) (97 576 39 ) 
4 62 65 (113 296 38 ) (113 272 38 ) (97 272 38 ) (97 296 38 ) 
4 63 73 (0 576 39 ) (0 576 38 ) (0 396 38 ) (0 396 39 ) 
4 63 66 (88 576 38 ) (89 576 38 ) (89 396 38 ) (88 396 38 ) 
4 63 67 (0 576 38 ) (88 576 38 ) (88 396 38 ) (0 396 38 ) 
4 63 65 (89 576 38 ) (97 576 38 ) (97 396 38 ) (89 396 38 ) 
4 63 64 (0 396 38 ) (88 396 38 ) (89 396 39 ) (0 396 39 ) 
4 64 77 (0 320 38 ) (0 268 38 ) (0 268 39 ) (0 320 39 ) 
4 64 73 (0 396 38 ) (0 320 38 ) (0 320 39 ) (0 396 39 ) 
4 64 68 (89 268 39 ) (0 268 39 ) (0 268 38 ) (88 268 38 ) 
4 64 67 (88 268 38 ) (0 268 38 ) (0 396 38 ) (88 396 38 ) 
4 65 66 (89 576 0 ) (89 396 0 ) (89 396 38 ) (89 576 38 ) 
4 66 67 (88 576 0 ) (88 396 0 ) (88 396 38 ) (88 576 38 ) 
4 67 77 (0 320 0 ) (0 268 0 ) (0 268 38 ) (0 320 38 ) 
4 67 73 (0 576 38 ) (0 576 0 ) (0 320 0 ) (0 320 38 ) 
4 67 68 (0 268 0 ) (88 268 0 ) (88 268 38 ) (0 268 38 ) 
4 68 77 (0 192 128 ) (0 268 128 ) (0 268 0 ) (0 192 0 ) 
4 69 84 (-168 768 128 ) (-168 592 128 ) (-168 592 248 ) (-168 768 248 ) 
4 69 71 (-168 592 128 ) (-168 768 128 ) (0 768 128 ) (0 592 128 ) 
4 70 77 (-128 192 128 ) (-128 320 128 ) (0 320 128 ) (0 192 128 ) 
4 70 73 (-128 320 128 ) (-128 576 128 ) (0 576 128 ) (0 320 128 ) 
4 71 84 (-168 768 0 ) (-168 592 0 ) (-168 592 128 ) (-168 768 128 ) 
4 71 83 (-168 592 0 ) (-168 768 0 ) (0 768 0 ) (0 592 0 ) 
4 71 72 (0 592 33 ) (0 592 109 ) (-21 592 109 ) (-21 592 33 ) 
4 72 73 (0 576 33 ) (0 576 109 ) (-21 576 109 ) (-21 576 33 ) 
4 73 77 (-128 320 0 ) (0 320 0 ) (0 320 128 ) (-128 320 128 ) 
4 73 76 (-128 324 0 ) (-128 320 0 ) (-128 320 128 ) (-128 324 128 ) 
4 73 75 (-128 448 0 ) (-128 444 0 ) (-128 444 128 ) (-128 448 128 ) 
4 73 74 (-128 576 128 ) (-128 576 0 ) (-128 448 0 ) (-128 448 128 ) 
4 74 75 (-132 448 0 ) (-128 448 0 ) (-128 448 128 ) (-132 448 128 ) 
4 76 77 (-132 320 0 ) (-128 320 0 ) (-128 320 128 ) (-132 320 128 ) 
4 77 80 (-160 284 0 ) (-160 228 0 ) (-160 228 108 ) (-160 284 108 ) 
4 77 78 (-160 228 108 ) (-160 228 112 ) (-160 284 112 ) (-160 284 108 ) 
4 78 80 (-160 228 108 ) (-162 228 108 ) (-162 284 108 ) (-160 284 108 ) 
4 79 86 (-168 228 108 ) (-168 228 112 ) (-168 284 112 ) (-168 284 108 ) 
4 79 82 (-166 228 108 ) (-168 228 108 ) (-168 284 108 ) (-166 284 108 ) 
4 80 81 (-162 232 108 ) (-162 280 108 ) (-162 280 0 ) (-162 232 0 ) 
4 81 82 (-166 232 108 ) (-166 280 108 ) (-166 280 0 ) (-166 232 0 ) 
4 82 86 (-168 284 0 ) (-168 228 0 ) (-168 228 108 ) (-168 284 108 ) 
4 83 84 (-168 576 -8 ) (-168 576 0 ) (-168 768 0 ) (-168 768 -8 ) 
4 84 85 (-211 512 33 ) (-211 512 109 ) (-253 512 109 ) (-253 512 33 ) 
4 85 86 (-211 496 33 ) (-211 496 109 ) (-253 496 109 ) (-253 496 33 ) 
4 86 92 (-168 0 0 ) (-168 0 192 ) (-296 0 192 ) (-296 0 0 ) 
4 86 89 (-296 284 108 ) (-296 284 0 ) (-296 228 0 ) (-296 228 108 ) 
4 86 87 (-296 284 112 ) (-296 284 108 ) (-296 228 108 ) (-296 228 112 ) 
4 87 89 (-296 228 108 ) (-298 228 108 ) (-298 284 108 ) (-296 284 108 ) 
4 88 91 (-302 228 108 ) (-304 228 108 ) (-304 284 108 ) (-302 284 108 ) 
4 89 90 (-298 232 108 ) (-298 280 108 ) (-298 280 0 ) (-298 232 0 ) 
4 90 91 (-302 232 108 ) (-302 280 108 ) (-302 280 0 ) (-302 232 0 ) 
