PRT1
44
88
4 0 2 (-1008 2496 -256 ) (-848 2496 -256 ) (-848 2496 -24 ) (-1008 2496 -24 ) 
11 0 1 (-848 2496 -24 ) (-848 2496 64 ) (-854 2496 82 ) (-871 2496 98 ) (-897 2496 108 ) (-928 2496 112 ) (-959 2496 108 ) (-985 2496 98 ) (-1002 2496 82 ) (-1008 2496 64 ) (-1008 2496 -24 ) 
4 1 4 (-848 2291 -24 ) (-848 2288 -24 ) (-903 2288 -24 ) (-903 2291 -24 ) 
4 1 3 (-953 2288 -24 ) (-1008 2288 -24 ) (-1008 2291 -24 ) (-953 2291 -24 ) 
4 1 2 (-848 2496 -24 ) (-848 2291 -24 ) (-1008 2291 -24 ) (-1008 2496 -24 ) 
4 1 6 (-848 2288 -24 ) (-848 2240 -24 ) (-1008 2240 -24 ) (-1008 2288 -24 ) 
11 1 7 (-1008 2240 64 ) (-1008 2240 -24 ) (-848 2240 -24 ) (-848 2240 64 ) (-854 2240 82 ) (-871 2240 98 ) (-897 2240 108 ) (-928 2240 112 ) (-959 2240 108 ) (-985 2240 98 ) (-1002 2240 82 ) 
4 2 4 (-848 2291 -167 ) (-848 2291 -24 ) (-903 2291 -24 ) (-881 2291 -167 ) 
4 2 3 (-953 2291 -24 ) (-1008 2291 -24 ) (-1008 2291 -167 ) (-975 2291 -167 ) 
4 2 5 (-848 2291 -256 ) (-848 2291 -167 ) (-1008 2291 -167 ) (-1008 2291 -256 ) 
4 3 5 (-975 2288 -167 ) (-1008 2288 -167 ) (-1008 2291 -167 ) (-975 2291 -167 ) 
4 3 6 (-953 2288 -24 ) (-1008 2288 -24 ) (-1008 2288 -167 ) (-975 2288 -167 ) 
4 4 6 (-848 2288 -167 ) (-848 2288 -24 ) (-903 2288 -24 ) (-881 2288 -167 ) 
4 4 5 (-848 2288 -167 ) (-881 2288 -167 ) (-881 2291 -167 ) (-848 2291 -167 ) 
4 5 6 (-848 2288 -256 ) (-848 2288 -167 ) (-1008 2288 -167 ) (-1008 2288 -256 ) 
4 6 7 (-1008 2240 -24 ) (-1008 2240 -256 ) (-848 2240 -256 ) (-848 2240 -24 ) 
4 7 26 (-832 2048 -256 ) (-832 2048 128 ) (-1008 2048 128 ) (-1008 2048 -256 ) 
4 7 8 (-1008 2048 -192 ) (-1008 2048 128 ) (-1008 2240 128 ) (-1008 2240 -192 ) 
4 8 27 (-1008 2048 128 ) (-1024 2048 128 ) (-1024 2048 -192 ) (-1008 2048 -192 ) 
4 8 16 (-1024 2048 -192 ) (-1024 2048 -64 ) (-1024 2224 -64 ) (-1024 2224 -192 ) 
4 8 10 (-1024 2048 -64 ) (-1024 2048 0 ) (-1024 2224 0 ) (-1024 2224 -64 ) 
4 8 9 (-1024 2048 0 ) (-1024 2048 128 ) (-1024 2224 128 ) (-1024 2224 0 ) 
4 9 32 (-1024 2048 0 ) (-1024 2048 128 ) (-1088 2048 128 ) (-1152 2048 0 ) 
4 9 10 (-1024 2048 0 ) (-1152 2048 0 ) (-1152 2224 0 ) (-1024 2224 0 ) 
4 10 33 (-1024 2048 -64 ) (-1024 2048 0 ) (-1280 2048 0 ) (-1280 2048 -64 ) 
4 10 16 (-1024 2048 -64 ) (-1280 2048 -64 ) (-1280 2224 -64 ) (-1024 2224 -64 ) 
3 11 18 (-2000 2112 -64 ) (-2016 2112 -64 ) (-2016 2128 -64 ) 
4 11 13 (-2000 2112 16 ) (-2000 2112 144 ) (-2016 2112 144 ) (-2016 2112 16 ) 
4 11 14 (-2016 2112 -64 ) (-2000 2112 -64 ) (-2000 2112 16 ) (-2016 2112 16 ) 
4 11 12 (-2016 2128 -64 ) (-2016 2112 -64 ) (-2016 2112 144 ) (-2016 2128 144 ) 
4 12 22 (-2048 2240 144 ) (-2048 2240 -64 ) (-2048 2112 -64 ) (-2048 2112 144 ) 
4 12 19 (-2048 2112 -64 ) (-2048 2224 -64 ) (-2016 2224 -64 ) (-2016 2112 -64 ) 
4 12 15 (-2048 2224 -64 ) (-2048 2240 -64 ) (-2016 2240 -64 ) (-2016 2224 -64 ) 
4 12 13 (-2016 2112 16 ) (-2016 2112 144 ) (-2048 2112 144 ) (-2048 2112 16 ) 
4 12 14 (-2048 2112 -64 ) (-2016 2112 -64 ) (-2016 2112 16 ) (-2048 2112 16 ) 
4 13 34 (-2048 2048 144 ) (-2048 2048 16 ) (-1872 2048 16 ) (-2000 2048 144 ) 
4 13 22 (-2048 2048 16 ) (-2048 2048 144 ) (-2048 2112 144 ) (-2048 2112 16 ) 
4 13 14 (-2048 2112 16 ) (-1872 2112 16 ) (-1872 2048 16 ) (-2048 2048 16 ) 
4 14 35 (-2048 2048 16 ) (-2048 2048 -64 ) (-1360 2048 -64 ) (-1360 2048 16 ) 
4 14 22 (-2048 2048 -64 ) (-2048 2048 16 ) (-2048 2112 16 ) (-2048 2112 -64 ) 
4 14 21 (-1360 2048 -64 ) (-2048 2048 -64 ) (-2048 2112 -64 ) (-1360 2112 -64 ) 
4 15 23 (-2048 2224 -64 ) (-2048 2240 -64 ) (-2048 2240 -192 ) (-2048 2224 -192 ) 
4 15 19 (-2048 2224 -192 ) (-2016 2224 -192 ) (-2016 2224 -64 ) (-2048 2224 -64 ) 
4 16 38 (-1024 2048 -192 ) (-1024 2048 -64 ) (-1280 2048 -64 ) (-1280 2048 -192 ) 
4 16 17 (-1280 2104 -192 ) (-1280 2048 -192 ) (-1280 2048 -64 ) (-1280 2104 -64 ) 
4 17 39 (-1280 2048 -64 ) (-1344 2048 -64 ) (-1344 2048 -192 ) (-1280 2048 -192 ) 
4 17 20 (-1344 2064 -192 ) (-1344 2048 -192 ) (-1344 2048 -64 ) (-1344 2064 -64 ) 
4 18 21 (-2016 2112 -192 ) (-2000 2112 -192 ) (-2000 2112 -64 ) (-2016 2112 -64 ) 
4 18 19 (-2016 2128 -192 ) (-2016 2112 -192 ) (-2016 2112 -64 ) (-2016 2128 -64 ) 
4 19 23 (-2048 2112 -64 ) (-2048 2224 -64 ) (-2048 2224 -192 ) (-2048 2112 -192 ) 
4 19 21 (-2048 2112 -192 ) (-2016 2112 -192 ) (-2016 2112 -64 ) (-2048 2112 -64 ) 
4 20 40 (-1344 2048 -64 ) (-1360 2048 -64 ) (-1360 2048 -192 ) (-1344 2048 -192 ) 
4 20 21 (-1360 2064 -192 ) (-1360 2048 -192 ) (-1360 2048 -64 ) (-1360 2064 -64 ) 
4 21 41 (-1360 2048 -64 ) (-2048 2048 -64 ) (-2048 2048 -192 ) (-1360 2048 -192 ) 
4 21 23 (-2048 2048 -192 ) (-2048 2048 -64 ) (-2048 2112 -64 ) (-2048 2112 -192 ) 
4 22 43 (-2048 2048 -64 ) (-2048 2048 16 ) (-2384 2048 16 ) (-2384 2048 -64 ) 
4 22 42 (-2048 2048 16 ) (-2048 2048 144 ) (-2384 2048 144 ) (-2384 2048 16 ) 
4 22 25 (-2272 2048 -64 ) (-2384 2048 -64 ) (-2384 2240 -64 ) (-2272 2240 -64 ) 
4 22 24 (-2112 2048 -64 ) (-2272 2048 -64 ) (-2272 2240 -64 ) (-2112 2240 -64 ) 
4 22 23 (-2048 2048 -64 ) (-2112 2048 -64 ) (-2112 2240 -64 ) (-2048 2240 -64 ) 
4 23 43 (-2048 2048 -192 ) (-2048 2048 -64 ) (-2112 2048 -64 ) (-2112 2048 -192 ) 
4 23 24 (-2112 2240 -192 ) (-2112 2048 -192 ) (-2112 2048 -64 ) (-2112 2240 -64 ) 
4 24 43 (-2112 2048 -64 ) (-2272 2048 -64 ) (-2272 2048 -192 ) (-2112 2048 -192 ) 
4 24 25 (-2272 2240 -192 ) (-2272 2048 -192 ) (-2272 2048 -64 ) (-2272 2240 -64 ) 
4 25 43 (-2272 2048 -64 ) (-2384 2048 -64 ) (-2384 2048 -192 ) (-2272 2048 -192 ) 
11 26 28 (-1008 1728 -256 ) (-848 1728 -256 ) (-848 1728 64 ) (-854 1728 82 ) (-871 1728 98 ) (-897 1728 108 ) (-928 1728 112 ) (-959 1728 108 ) (-985 1728 98 ) (-1002 1728 82 ) (-1008 1728 64 ) 
4 26 27 (-1008 1728 -192 ) (-1008 1728 128 ) (-1008 2048 128 ) (-1008 2048 -192 ) 
4 27 38 (-1024 2048 -64 ) (-1024 2048 -192 ) (-1024 1744 -192 ) (-1024 1744 -64 ) 
4 27 33 (-1024 2048 0 ) (-1024 2048 -64 ) (-1024 1744 -64 ) (-1024 1744 0 ) 
4 27 32 (-1024 2048 128 ) (-1024 2048 0 ) (-1024 1744 0 ) (-1024 1744 128 ) 
11 28 29 (-1008 1472 -256 ) (-848 1472 -256 ) (-848 1472 64 ) (-854 1472 82 ) (-871 1472 98 ) (-897 1472 108 ) (-928 1472 112 ) (-959 1472 108 ) (-985 1472 98 ) (-1002 1472 82 ) (-1008 1472 64 ) 
4 29 30 (-832 1024 -256 ) (-832 1024 112 ) (-1024 1024 112 ) (-1024 1024 -256 ) 
11 30 31 (-1008 960 -256 ) (-848 960 -256 ) (-848 960 64 ) (-854 960 82 ) (-871 960 98 ) (-897 960 108 ) (-928 960 112 ) (-959 960 108 ) (-985 960 98 ) (-1002 960 82 ) (-1008 960 64 ) 
4 32 33 (-1152 2048 0 ) (-1024 2048 0 ) (-1024 1744 0 ) (-1152 1744 0 ) 
4 33 38 (-1280 2048 -64 ) (-1024 2048 -64 ) (-1024 1744 -64 ) (-1280 1744 -64 ) 
4 34 42 (-2048 2048 144 ) (-2048 2048 16 ) (-2048 1856 16 ) (-2048 1856 144 ) 
4 34 36 (-2016 1856 16 ) (-2000 1856 16 ) (-2000 1856 144 ) (-2016 1856 144 ) 
4 34 37 (-2048 1856 144 ) (-2048 1856 16 ) (-2016 1856 16 ) (-2016 1856 144 ) 
4 34 35 (-1872 1856 16 ) (-2048 1856 16 ) (-2048 2048 16 ) (-1872 2048 16 ) 
4 35 43 (-2048 2048 16 ) (-2048 2048 -64 ) (-2048 1856 -64 ) (-2048 1856 16 ) 
4 35 41 (-2048 1856 -64 ) (-2048 2048 -64 ) (-1360 2048 -64 ) (-1360 1856 -64 ) 
4 36 37 (-2016 1856 16 ) (-2016 1840 16 ) (-2016 1840 144 ) (-2016 1856 144 ) 
4 37 42 (-2048 1728 16 ) (-2048 1728 144 ) (-2048 1856 144 ) (-2048 1856 16 ) 
4 38 39 (-1280 2048 -192 ) (-1280 1864 -192 ) (-1280 1864 -64 ) (-1280 2048 -64 ) 
4 39 40 (-1344 2048 -192 ) (-1344 1904 -192 ) (-1344 1904 -64 ) (-1344 2048 -64 ) 
4 40 41 (-1360 2048 -192 ) (-1360 1904 -192 ) (-1360 1904 -64 ) (-1360 2048 -64 ) 
4 41 43 (-2048 2048 -64 ) (-2048 2048 -192 ) (-2048 1856 -192 ) (-2048 1856 -64 ) 
4 42 43 (-2384 1856 16 ) (-2384 2048 16 ) (-2048 2048 16 ) (-2048 1856 16 ) 
