PRT1
26
37
4 0 2 (8192 0 0 ) (8192 0 512 ) (7168 0 512 ) (7168 0 0 ) 
4 0 1 (7168 0 0 ) (7168 0 512 ) (7168 192 512 ) (7168 192 0 ) 
4 1 4 (6144 0 0 ) (6144 0 512 ) (6144 192 512 ) (6144 192 0 ) 
4 1 3 (7168 0 0 ) (7168 0 512 ) (6144 0 512 ) (6144 0 0 ) 
4 2 3 (7168 0 512 ) (7168 0 0 ) (7168 -192 0 ) (7168 -192 512 ) 
4 3 8 (6144 -192 512 ) (6144 0 512 ) (6144 0 0 ) (6144 -192 0 ) 
4 4 8 (6144 0 0 ) (6144 0 512 ) (5120 0 512 ) (5120 0 0 ) 
4 4 5 (5120 0 0 ) (5120 0 512 ) (5120 192 512 ) (5120 192 0 ) 
4 5 9 (5120 0 0 ) (5120 0 512 ) (4096 0 512 ) (4096 0 0 ) 
4 5 6 (4096 0 0 ) (4096 0 512 ) (4096 192 512 ) (4096 192 0 ) 
4 6 10 (4096 0 0 ) (4096 0 512 ) (3072 0 512 ) (3072 0 0 ) 
4 6 7 (3072 0 0 ) (3072 0 512 ) (3072 192 512 ) (3072 192 0 ) 
4 7 12 (2048 0 0 ) (2048 0 512 ) (2048 192 512 ) (2048 192 0 ) 
4 7 11 (2048 0 512 ) (2048 0 0 ) (3072 0 0 ) (3072 0 512 ) 
4 8 9 (5120 0 512 ) (5120 0 0 ) (5120 -192 0 ) (5120 -192 512 ) 
4 9 10 (4096 0 512 ) (4096 0 0 ) (4096 -192 0 ) (4096 -192 512 ) 
4 10 11 (3072 0 512 ) (3072 0 0 ) (3072 -192 0 ) (3072 -192 512 ) 
4 11 16 (2048 -192 512 ) (2048 0 512 ) (2048 0 0 ) (2048 -192 0 ) 
4 12 16 (2048 0 0 ) (2048 0 512 ) (1024 0 512 ) (1024 0 0 ) 
4 12 13 (1024 0 0 ) (1024 0 512 ) (1024 192 512 ) (1024 192 0 ) 
4 13 17 (1024 0 0 ) (1024 0 512 ) (0 0 512 ) (0 0 0 ) 
4 13 14 (0 0 0 ) (0 0 512 ) (0 192 512 ) (0 192 0 ) 
4 14 18 (0 0 0 ) (0 0 512 ) (-1024 0 512 ) (-1024 0 0 ) 
4 14 15 (-1024 0 0 ) (-1024 0 512 ) (-1024 192 512 ) (-1024 192 0 ) 
4 15 20 (-2048 0 0 ) (-2048 0 512 ) (-2048 192 512 ) (-2048 192 0 ) 
4 15 19 (-1024 0 0 ) (-1024 0 512 ) (-2048 0 512 ) (-2048 0 0 ) 
4 16 17 (1024 0 512 ) (1024 0 0 ) (1024 -192 0 ) (1024 -192 512 ) 
4 17 18 (0 0 512 ) (0 0 0 ) (0 -192 0 ) (0 -192 512 ) 
4 18 19 (-1024 0 512 ) (-1024 0 0 ) (-1024 -192 0 ) (-1024 -192 512 ) 
4 19 22 (-2048 -192 512 ) (-2048 0 512 ) (-2048 0 0 ) (-2048 -192 0 ) 
4 20 22 (-2048 0 0 ) (-2048 0 512 ) (-3072 0 512 ) (-3072 0 0 ) 
4 20 21 (-3072 0 0 ) (-3072 0 512 ) (-3072 192 512 ) (-3072 192 0 ) 
4 21 24 (-4096 0 0 ) (-4096 0 512 ) (-4096 192 512 ) (-4096 192 0 ) 
4 21 23 (-3072 0 0 ) (-3072 0 512 ) (-4096 0 512 ) (-4096 0 0 ) 
4 22 23 (-3072 -192 512 ) (-3072 0 512 ) (-3072 0 0 ) (-3072 -192 0 ) 
4 23 25 (-4096 -192 512 ) (-4096 0 512 ) (-4096 0 0 ) (-4096 -192 0 ) 
4 24 25 (-4096 0 0 ) (-4096 0 512 ) (-5120 0 512 ) (-5120 0 0 ) 
