


materialPath: D:\steam\steamapps\sourcemods\entropyzero2-addonworkspace\materials
Loading d:\steam\steamapps\sourcemods\entropyzero2-addonworkspace\mapsrc\train.vmf
fixing up env_cubemap materials on brush sides...
0...1...2...3...4...5...6...7...8...9...100...1...2...3...4...5...6...7...8...9...10Processing areas...done (0)
Building Faces...done (0)
FixTjuncs...
PruneNodes...
WriteBSP...
done (0)
writing d:\steam\steamapps\sourcemods\entropyzero2-addonworkspace\mapsrc\train.prt...Building visibility clusters...
done (0)
Finding displacement neighbors...
Finding lightmap sample positions...
Displacement Alpha : 0...1...2...3...4...5...6...7...8...9...10
Building Physics collision data...
done (0) (8646 bytes)
Placing static props...
Placing detail props : 0...1...2...3...4...5...6...7...8...9...10
Compacting texture/material tables...
Reduced 20 texinfos to 16
Reduced 4 texdatas to 3 (133 bytes to 88)
Writing d:\steam\steamapps\sourcemods\entropyzero2-addonworkspace\mapsrc\train.bsp
0 seconds elapsed



12 threads
reading d:\steam\steamapps\sourcemods\entropyzero2-addonworkspace\mapsrc\train.bsp
reading d:\steam\steamapps\sourcemods\entropyzero2-addonworkspace\mapsrc\train.prt
  36 portalclusters
 111 numportals
0...1...2...3...4...5...6...7...8...9...10Optimized: 34 visible clusters (3.04%)
Total clusters visible: 1120
Average clusters visible: 31
Building PAS...
Average clusters audible: 36
visdatasize:652  compressed from 576
writing d:\steam\steamapps\sourcemods\entropyzero2-addonworkspace\mapsrc\train.bsp
0 seconds elapsed



[Reading texlights from 'lights.rad']
[48 texlights parsed from 'lights.rad']

Loading d:\steam\steamapps\sourcemods\entropyzero2-addonworkspace\mapsrc\train.bsp
107 faces
20271 square feet [2919083.00 square inches]
0 Displacements
0 Square Feet [0.00 Square Inches]
107 patches before subdivision
2861 patches after subdivision
0 direct lights
0...1...2...3...4...5...6...7...8...9...100...1...2...3...4...5...6...7...8...9...10transfers 322431, max 297
transfer lists:   2.5 megs
0...1...2...3...4...5...6...7...8...9...10	Bounce #1 added RGB(0, 0, 0)
Build Patch/Sample Hash Table(s).....Done<0.0004 sec>
0...1...2...3...4...5...6...7...8...9...10FinalLightFace Done
0 of 0 (0% of) surface lights went in leaf ambient cubes.
0...1...2...3...4...5...6...7...8...9...10Writing leaf ambient...done
Ready to Finish

Object names       Objects/Maxobjs  Memory / Maxmem  Fullness 
------------       ---------------  ---------------  -------- 
models                   1/1024           48/49152    ( 0.1%) 
brushes                 22/8192          264/98304    ( 0.3%) 
brushsides             180/65536        1440/524288   ( 0.3%) 
planes                 158/65536        3160/1310720  ( 0.2%) 
vertexes               171/65536        2052/786432   ( 0.3%) 
nodes                   89/65536        2848/2097152  ( 0.1%) 
texinfos                16/12288        1152/884736   ( 0.1%) 
texdata                  3/2048           96/65536    ( 0.1%) 
dispinfos                0/0               0/0        ( 0.0%) 
disp_verts               0/0               0/0        ( 0.0%) 
disp_tris                0/0               0/0        ( 0.0%) 
disp_lmsamples           0/0               0/0        ( 0.0%) 
faces                  107/65536        5992/3670016  ( 0.2%) 
hdr faces                0/65536           0/3670016  ( 0.0%) 
origfaces               66/65536        3696/3670016  ( 0.1%) 
leaves                  91/65536        2912/2097152  ( 0.1%) 
leaffaces              112/65536         224/131072   ( 0.2%) 
leafbrushes             58/65536         116/131072   ( 0.1%) 
areas                    2/256            16/2048     ( 0.8%) 
surfedges              774/512000       3096/2048000  ( 0.2%) 
edges                  442/256000       1768/1024000  ( 0.2%) 
LDR worldlights          0/65536           0/5767168  ( 0.0%) 
HDR worldlights          0/65536           0/5767168  ( 0.0%) 
leafwaterdata            0/32768           0/393216   ( 0.0%) 
waterstrips              2/32768          20/327680   ( 0.0%) 
waterverts               0/65536           0/786432   ( 0.0%) 
waterindices            30/65536          60/131072   ( 0.0%) 
cubemapsamples           0/1024            0/16384    ( 0.0%) 
overlays                 0/8192            0/2883584  ( 0.0%) 
LDR lightdata         [variable]      217604/0        ( 0.0%) 
HDR lightdata         [variable]           0/0        ( 0.0%) 
visdata               [variable]         652/16777216 ( 0.0%) 
entdata               [variable]         392/393216   ( 0.1%) 
LDR ambient table       91/65536         364/262144   ( 0.1%) 
HDR ambient table       91/65536         364/262144   ( 0.1%) 
LDR leaf ambient        36/65536        1008/1835008  ( 0.1%) 
HDR leaf ambient        91/65536        2548/1835008  ( 0.1%) 
occluders                0/0               0/0        ( 0.0%) 
occluder polygons        0/0               0/0        ( 0.0%) 
occluder vert ind        0/0               0/0        ( 0.0%) 
detail props          [variable]           1/12       ( 8.3%) 
static props          [variable]           1/12       ( 8.3%) 
pakfile               [variable]         371/0        ( 0.0%) 
physics               [variable]        8646/4194304  ( 0.2%) 
physics terrain       [variable]           2/1048576  ( 0.0%) 

Level flags = 0

Total triangle count: 288
Writing d:\steam\steamapps\sourcemods\entropyzero2-addonworkspace\mapsrc\train.bsp
0 seconds elapsed



materialPath: D:\steam\steamapps\sourcemods\entropyzero2-addonworkspace\materials
Loading d:\steam\steamapps\sourcemods\entropyzero2-addonworkspace\mapsrc\train.vmf
fixing up env_cubemap materials on brush sides...
0...1...2...3...4...5...6...7...8...9...100...1...2...3...4...5...6...7...8...9...10Processing areas...done (0)
Building Faces...done (0)
FixTjuncs...
PruneNodes...
WriteBSP...
done (0)
writing d:\steam\steamapps\sourcemods\entropyzero2-addonworkspace\mapsrc\train.prt...Building visibility clusters...
done (0)
Finding displacement neighbors...
Finding lightmap sample positions...
Displacement Alpha : 0...1...2...3...4...5...6...7...8...9...10
Building Physics collision data...
done (0) (8646 bytes)
Placing static props...
Placing detail props : 0...1...2...3...4...5...6...7...8...9...10
Compacting texture/material tables...
Reduced 20 texinfos to 16
Reduced 4 texdatas to 3 (133 bytes to 88)
Writing d:\steam\steamapps\sourcemods\entropyzero2-addonworkspace\mapsrc\train.bsp
0 seconds elapsed



12 threads
reading d:\steam\steamapps\sourcemods\entropyzero2-addonworkspace\mapsrc\train.bsp
reading d:\steam\steamapps\sourcemods\entropyzero2-addonworkspace\mapsrc\train.prt
  36 portalclusters
 111 numportals
0...1...2...3...4...5...6...7...8...9...10Optimized: 34 visible clusters (3.04%)
Total clusters visible: 1120
Average clusters visible: 31
Building PAS...
Average clusters audible: 36
visdatasize:652  compressed from 576
writing d:\steam\steamapps\sourcemods\entropyzero2-addonworkspace\mapsrc\train.bsp
0 seconds elapsed



[Reading texlights from 'lights.rad']
[48 texlights parsed from 'lights.rad']

Loading d:\steam\steamapps\sourcemods\entropyzero2-addonworkspace\mapsrc\train.bsp
107 faces
20271 square feet [2919083.00 square inches]
0 Displacements
0 Square Feet [0.00 Square Inches]
107 patches before subdivision
2861 patches after subdivision
0 direct lights
0...1...2...3...4...5...6...7...8...9...100...1...2...3...4...5...6...7...8...9...10transfers 322431, max 297
transfer lists:   2.5 megs
0...1...2...3...4...5...6...7...8...9...10	Bounce #1 added RGB(0, 0, 0)
Build Patch/Sample Hash Table(s).....Done<0.0004 sec>
0...1...2...3...4...5...6...7...8...9...10FinalLightFace Done
0 of 0 (0% of) surface lights went in leaf ambient cubes.
0...1...2...3...4...5...6...7...8...9...10Writing leaf ambient...done
Ready to Finish

Object names       Objects/Maxobjs  Memory / Maxmem  Fullness 
------------       ---------------  ---------------  -------- 
models                   1/1024           48/49152    ( 0.1%) 
brushes                 22/8192          264/98304    ( 0.3%) 
brushsides             180/65536        1440/524288   ( 0.3%) 
planes                 158/65536        3160/1310720  ( 0.2%) 
vertexes               171/65536        2052/786432   ( 0.3%) 
nodes                   89/65536        2848/2097152  ( 0.1%) 
texinfos                16/12288        1152/884736   ( 0.1%) 
texdata                  3/2048           96/65536    ( 0.1%) 
dispinfos                0/0               0/0        ( 0.0%) 
disp_verts               0/0               0/0        ( 0.0%) 
disp_tris                0/0               0/0        ( 0.0%) 
disp_lmsamples           0/0               0/0        ( 0.0%) 
faces                  107/65536        5992/3670016  ( 0.2%) 
hdr faces                0/65536           0/3670016  ( 0.0%) 
origfaces               66/65536        3696/3670016  ( 0.1%) 
leaves                  91/65536        2912/2097152  ( 0.1%) 
leaffaces              112/65536         224/131072   ( 0.2%) 
leafbrushes             58/65536         116/131072   ( 0.1%) 
areas                    2/256            16/2048     ( 0.8%) 
surfedges              774/512000       3096/2048000  ( 0.2%) 
edges                  442/256000       1768/1024000  ( 0.2%) 
LDR worldlights          0/65536           0/5767168  ( 0.0%) 
HDR worldlights          0/65536           0/5767168  ( 0.0%) 
leafwaterdata            0/32768           0/393216   ( 0.0%) 
waterstrips              2/32768          20/327680   ( 0.0%) 
waterverts               0/65536           0/786432   ( 0.0%) 
waterindices            30/65536          60/131072   ( 0.0%) 
cubemapsamples           0/1024            0/16384    ( 0.0%) 
overlays                 0/8192            0/2883584  ( 0.0%) 
LDR lightdata         [variable]      217604/0        ( 0.0%) 
HDR lightdata         [variable]           0/0        ( 0.0%) 
visdata               [variable]         652/16777216 ( 0.0%) 
entdata               [variable]         392/393216   ( 0.1%) 
LDR ambient table       91/65536         364/262144   ( 0.1%) 
HDR ambient table       91/65536         364/262144   ( 0.1%) 
LDR leaf ambient        36/65536        1008/1835008  ( 0.1%) 
HDR leaf ambient        91/65536        2548/1835008  ( 0.1%) 
occluders                0/0               0/0        ( 0.0%) 
occluder polygons        0/0               0/0        ( 0.0%) 
occluder vert ind        0/0               0/0        ( 0.0%) 
detail props          [variable]           1/12       ( 8.3%) 
static props          [variable]           1/12       ( 8.3%) 
pakfile               [variable]         371/0        ( 0.0%) 
physics               [variable]        8646/4194304  ( 0.2%) 
physics terrain       [variable]           2/1048576  ( 0.0%) 

Level flags = 0

Total triangle count: 288
Writing d:\steam\steamapps\sourcemods\entropyzero2-addonworkspace\mapsrc\train.bsp
0 seconds elapsed



materialPath: D:\steam\steamapps\sourcemods\entropyzero2-addonworkspace\materials
Loading d:\steam\steamapps\sourcemods\entropyzero2-addonworkspace\mapsrc\train.vmf
fixing up env_cubemap materials on brush sides...
0...1...2...3...4...5...6...7...8...9...100...1...2...3...4...5...6...7...8...9...10Processing areas...done (0)
Building Faces...done (0)
FixTjuncs...
PruneNodes...
WriteBSP...
done (0)
writing d:\steam\steamapps\sourcemods\entropyzero2-addonworkspace\mapsrc\train.prt...Building visibility clusters...
done (0)
Finding displacement neighbors...
Finding lightmap sample positions...
Displacement Alpha : 0...1...2...3...4...5...6...7...8...9...10
Building Physics collision data...
done (0) (8598 bytes)
Placing static props...
Placing detail props : 0...1...2...3...4...5...6...7...8...9...10
Compacting texture/material tables...
Reduced 20 texinfos to 16
Reduced 4 texdatas to 3 (133 bytes to 88)
Writing d:\steam\steamapps\sourcemods\entropyzero2-addonworkspace\mapsrc\train.bsp
0 seconds elapsed



12 threads
reading d:\steam\steamapps\sourcemods\entropyzero2-addonworkspace\mapsrc\train.bsp
reading d:\steam\steamapps\sourcemods\entropyzero2-addonworkspace\mapsrc\train.prt
  30 portalclusters
  83 numportals
0...1...2...3...4...5...6...7...8...9...10Optimized: 0 visible clusters (0.00%)
Total clusters visible: 686
Average clusters visible: 22
Building PAS...
Average clusters audible: 30
visdatasize:484  compressed from 480
writing d:\steam\steamapps\sourcemods\entropyzero2-addonworkspace\mapsrc\train.bsp
0 seconds elapsed



[Reading texlights from 'lights.rad']
[48 texlights parsed from 'lights.rad']

Loading d:\steam\steamapps\sourcemods\entropyzero2-addonworkspace\mapsrc\train.bsp
102 faces
20191 square feet [2907574.25 square inches]
0 Displacements
0 Square Feet [0.00 Square Inches]
102 patches before subdivision
2762 patches after subdivision
0 direct lights
0...1...2...3...4...5...6...7...8...9...100...1...2...3...4...5...6...7...8...9...10transfers 309066, max 294
transfer lists:   2.4 megs
0...1...2...3...4...5...6...7...8...9...10	Bounce #1 added RGB(0, 0, 0)
Build Patch/Sample Hash Table(s).....Done<0.0004 sec>
0...1...2...3...4...5...6...7...8...9...10FinalLightFace Done
0 of 0 (0% of) surface lights went in leaf ambient cubes.
0...1...2...3...4...5...6...7...8...9...10Writing leaf ambient...done
Ready to Finish

Object names       Objects/Maxobjs  Memory / Maxmem  Fullness 
------------       ---------------  ---------------  -------- 
models                   1/1024           48/49152    ( 0.1%) 
brushes                 22/8192          264/98304    ( 0.3%) 
brushsides             178/65536        1424/524288   ( 0.3%) 
planes                 150/65536        3000/1310720  ( 0.2%) 
vertexes               168/65536        2016/786432   ( 0.3%) 
nodes                   81/65536        2592/2097152  ( 0.1%) 
texinfos                16/12288        1152/884736   ( 0.1%) 
texdata                  3/2048           96/65536    ( 0.1%) 
dispinfos                0/0               0/0        ( 0.0%) 
disp_verts               0/0               0/0        ( 0.0%) 
disp_tris                0/0               0/0        ( 0.0%) 
disp_lmsamples           0/0               0/0        ( 0.0%) 
faces                  102/65536        5712/3670016  ( 0.2%) 
hdr faces                0/65536           0/3670016  ( 0.0%) 
origfaces               63/65536        3528/3670016  ( 0.1%) 
leaves                  83/65536        2656/2097152  ( 0.1%) 
leaffaces              107/65536         214/131072   ( 0.2%) 
leafbrushes             54/65536         108/131072   ( 0.1%) 
areas                    2/256            16/2048     ( 0.8%) 
surfedges              738/512000       2952/2048000  ( 0.1%) 
edges                  427/256000       1708/1024000  ( 0.2%) 
LDR worldlights          0/65536           0/5767168  ( 0.0%) 
HDR worldlights          0/65536           0/5767168  ( 0.0%) 
leafwaterdata            0/32768           0/393216   ( 0.0%) 
waterstrips              0/32768           0/327680   ( 0.0%) 
waterverts               0/65536           0/786432   ( 0.0%) 
waterindices             0/65536           0/131072   ( 0.0%) 
cubemapsamples           0/1024            0/16384    ( 0.0%) 
overlays                 0/8192            0/2883584  ( 0.0%) 
LDR lightdata         [variable]      216080/0        ( 0.0%) 
HDR lightdata         [variable]           0/0        ( 0.0%) 
visdata               [variable]         484/16777216 ( 0.0%) 
entdata               [variable]         392/393216   ( 0.1%) 
LDR ambient table       83/65536         332/262144   ( 0.1%) 
HDR ambient table       83/65536         332/262144   ( 0.1%) 
LDR leaf ambient        30/65536         840/1835008  ( 0.0%) 
HDR leaf ambient        83/65536        2324/1835008  ( 0.1%) 
occluders                0/0               0/0        ( 0.0%) 
occluder polygons        0/0               0/0        ( 0.0%) 
occluder vert ind        0/0               0/0        ( 0.0%) 
detail props          [variable]           1/12       ( 8.3%) 
static props          [variable]           1/12       ( 8.3%) 
pakfile               [variable]         371/0        ( 0.0%) 
physics               [variable]        8598/4194304  ( 0.2%) 
physics terrain       [variable]           2/1048576  ( 0.0%) 

Level flags = 0

Total triangle count: 276
Writing d:\steam\steamapps\sourcemods\entropyzero2-addonworkspace\mapsrc\train.bsp
0 seconds elapsed



materialPath: D:\steam\steamapps\sourcemods\entropyzero2-addonworkspace\materials
Loading d:\steam\steamapps\sourcemods\entropyzero2-addonworkspace\mapsrc\train.vmf
fixing up env_cubemap materials on brush sides...
0...1...2...3...4...5...6...7...8...9...100...1...2...3...4...5...6...7...8...9...10Processing areas...done (0)
Building Faces...done (0)
FixTjuncs...
PruneNodes...
WriteBSP...
done (0)
writing d:\steam\steamapps\sourcemods\entropyzero2-addonworkspace\mapsrc\train.prt...Building visibility clusters...
done (0)
Finding displacement neighbors...
Finding lightmap sample positions...
Displacement Alpha : 0...1...2...3...4...5...6...7...8...9...10
Building Physics collision data...
done (0) (13734 bytes)
Placing static props...
Placing detail props : 0...1...2...3...4...5...6...7...8...9...10
Compacting texture/material tables...
Reduced 39 texinfos to 30
Reduced 4 texdatas to 3 (133 bytes to 88)
Writing d:\steam\steamapps\sourcemods\entropyzero2-addonworkspace\mapsrc\train.bsp
0 seconds elapsed



12 threads
reading d:\steam\steamapps\sourcemods\entropyzero2-addonworkspace\mapsrc\train.bsp
reading d:\steam\steamapps\sourcemods\entropyzero2-addonworkspace\mapsrc\train.prt
  56 portalclusters
 172 numportals
0...1...2...3...4...5...6...7...8...9...10Optimized: 23 visible clusters (0.88%)
Total clusters visible: 2609
Average clusters visible: 46
Building PAS...
Average clusters audible: 56
visdatasize:1236  compressed from 896
writing d:\steam\steamapps\sourcemods\entropyzero2-addonworkspace\mapsrc\train.bsp
0 seconds elapsed



[Reading texlights from 'lights.rad']
[48 texlights parsed from 'lights.rad']

Loading d:\steam\steamapps\sourcemods\entropyzero2-addonworkspace\mapsrc\train.bsp
177 faces
21215 square feet [3054993.50 square inches]
0 Displacements
0 Square Feet [0.00 Square Inches]
177 patches before subdivision
3123 patches after subdivision
0 direct lights
0...1...2...3...4...5...6...7...8...9...100...1...2...3...4...5...6...7...8...9...10transfers 347176, max 313
transfer lists:   2.6 megs
0...1...2...3...4...5...6...7...8...9...10	Bounce #1 added RGB(0, 0, 0)
Build Patch/Sample Hash Table(s).....Done<0.0005 sec>
0...1...2...3...4...5...6...7...8...9...10FinalLightFace Done
0 of 0 (0% of) surface lights went in leaf ambient cubes.
0...1...2...3...4...5...6...7...8...9...10Writing leaf ambient...done
Ready to Finish

Object names       Objects/Maxobjs  Memory / Maxmem  Fullness 
------------       ---------------  ---------------  -------- 
models                   1/1024           48/49152    ( 0.1%) 
brushes                 36/8192          432/98304    ( 0.4%) 
brushsides             266/65536        2128/524288   ( 0.4%) 
planes                 164/65536        3280/1310720  ( 0.3%) 
vertexes               254/65536        3048/786432   ( 0.4%) 
nodes                  122/65536        3904/2097152  ( 0.2%) 
texinfos                30/12288        2160/884736   ( 0.2%) 
texdata                  3/2048           96/65536    ( 0.1%) 
dispinfos                0/0               0/0        ( 0.0%) 
disp_verts               0/0               0/0        ( 0.0%) 
disp_tris                0/0               0/0        ( 0.0%) 
disp_lmsamples           0/0               0/0        ( 0.0%) 
faces                  177/65536        9912/3670016  ( 0.3%) 
hdr faces                0/65536           0/3670016  ( 0.0%) 
origfaces              127/65536        7112/3670016  ( 0.2%) 
leaves                 124/65536        3968/2097152  ( 0.2%) 
leaffaces              223/65536         446/131072   ( 0.3%) 
leafbrushes             72/65536         144/131072   ( 0.1%) 
areas                    2/256            16/2048     ( 0.8%) 
surfedges             1344/512000       5376/2048000  ( 0.3%) 
edges                  751/256000       3004/1024000  ( 0.3%) 
LDR worldlights          0/65536           0/5767168  ( 0.0%) 
HDR worldlights          0/65536           0/5767168  ( 0.0%) 
leafwaterdata            0/32768           0/393216   ( 0.0%) 
waterstrips              6/32768          60/327680   ( 0.0%) 
waterverts               0/65536           0/786432   ( 0.0%) 
waterindices           135/65536         270/131072   ( 0.2%) 
cubemapsamples           0/1024            0/16384    ( 0.0%) 
overlays                 0/8192            0/2883584  ( 0.0%) 
LDR lightdata         [variable]      231064/0        ( 0.0%) 
HDR lightdata         [variable]           0/0        ( 0.0%) 
visdata               [variable]        1236/16777216 ( 0.0%) 
entdata               [variable]         392/393216   ( 0.1%) 
LDR ambient table      124/65536         496/262144   ( 0.2%) 
HDR ambient table      124/65536         496/262144   ( 0.2%) 
LDR leaf ambient        56/65536        1568/1835008  ( 0.1%) 
HDR leaf ambient       124/65536        3472/1835008  ( 0.2%) 
occluders                0/0               0/0        ( 0.0%) 
occluder polygons        0/0               0/0        ( 0.0%) 
occluder vert ind        0/0               0/0        ( 0.0%) 
detail props          [variable]           1/12       ( 8.3%) 
static props          [variable]           1/278      ( 0.4%) 
pakfile               [variable]         371/0        ( 0.0%) 
physics               [variable]       13734/4194304  ( 0.3%) 
physics terrain       [variable]           2/1048576  ( 0.0%) 

Level flags = 0

Total triangle count: 476
Writing d:\steam\steamapps\sourcemods\entropyzero2-addonworkspace\mapsrc\train.bsp
0 seconds elapsed



materialPath: D:\steam\steamapps\sourcemods\entropyzero2-addonworkspace\materials
Loading d:\steam\steamapps\sourcemods\entropyzero2-addonworkspace\mapsrc\train.vmf
fixing up env_cubemap materials on brush sides...
0...1...2...3...4...5...6...7...8...9...100...1...2...3...4...5...6...7...8...9...10Processing areas...done (0)
Building Faces...done (0)
FixTjuncs...
PruneNodes...
WriteBSP...
done (0)
writing d:\steam\steamapps\sourcemods\entropyzero2-addonworkspace\mapsrc\train.prt...Building visibility clusters...
done (0)
Finding displacement neighbors...
Finding lightmap sample positions...
Displacement Alpha : 0...1...2...3...4...5...6...7...8...9...10
Building Physics collision data...
done (0) (13342 bytes)
Placing static props...
Placing detail props : 0...1...2...3...4...5...6...7...8...9...10
Compacting texture/material tables...
Reduced 36 texinfos to 27
Reduced 4 texdatas to 3 (133 bytes to 88)
Writing d:\steam\steamapps\sourcemods\entropyzero2-addonworkspace\mapsrc\train.bsp
0 seconds elapsed



12 threads
reading d:\steam\steamapps\sourcemods\entropyzero2-addonworkspace\mapsrc\train.bsp
reading d:\steam\steamapps\sourcemods\entropyzero2-addonworkspace\mapsrc\train.prt
  55 portalclusters
 169 numportals
0...1...2...3...4...5...6...7...8...9...10Optimized: 19 visible clusters (0.75%)
Total clusters visible: 2520
Average clusters visible: 45
Building PAS...
Average clusters audible: 55
visdatasize:1214  compressed from 880
writing d:\steam\steamapps\sourcemods\entropyzero2-addonworkspace\mapsrc\train.bsp
0 seconds elapsed



[Reading texlights from 'lights.rad']
[48 texlights parsed from 'lights.rad']

Loading d:\steam\steamapps\sourcemods\entropyzero2-addonworkspace\mapsrc\train.bsp
170 faces
21200 square feet [3052817.50 square inches]
0 Displacements
0 Square Feet [0.00 Square Inches]
170 patches before subdivision
3102 patches after subdivision
0 direct lights
0...1...2...3...4...5...6...7...8...9...100...1...2...3...4...5...6...7...8...9...10transfers 342109, max 313
transfer lists:   2.6 megs
0...1...2...3...4...5...6...7...8...9...10	Bounce #1 added RGB(0, 0, 0)
Build Patch/Sample Hash Table(s).....Done<0.0004 sec>
0...1...2...3...4...5...6...7...8...9...10FinalLightFace Done
0 of 0 (0% of) surface lights went in leaf ambient cubes.
0...1...2...3...4...5...6...7...8...9...10Writing leaf ambient...done
Ready to Finish

Object names       Objects/Maxobjs  Memory / Maxmem  Fullness 
------------       ---------------  ---------------  -------- 
models                   1/1024           48/49152    ( 0.1%) 
brushes                 35/8192          420/98304    ( 0.4%) 
brushsides             260/65536        2080/524288   ( 0.4%) 
planes                 162/65536        3240/1310720  ( 0.2%) 
vertexes               246/65536        2952/786432   ( 0.4%) 
nodes                  119/65536        3808/2097152  ( 0.2%) 
texinfos                27/12288        1944/884736   ( 0.2%) 
texdata                  3/2048           96/65536    ( 0.1%) 
dispinfos                0/0               0/0        ( 0.0%) 
disp_verts               0/0               0/0        ( 0.0%) 
disp_tris                0/0               0/0        ( 0.0%) 
disp_lmsamples           0/0               0/0        ( 0.0%) 
faces                  170/65536        9520/3670016  ( 0.3%) 
hdr faces                0/65536           0/3670016  ( 0.0%) 
origfaces              121/65536        6776/3670016  ( 0.2%) 
leaves                 121/65536        3872/2097152  ( 0.2%) 
leaffaces              217/65536         434/131072   ( 0.3%) 
leafbrushes             70/65536         140/131072   ( 0.1%) 
areas                    2/256            16/2048     ( 0.8%) 
surfedges             1290/512000       5160/2048000  ( 0.3%) 
edges                  724/256000       2896/1024000  ( 0.3%) 
LDR worldlights          0/65536           0/5767168  ( 0.0%) 
HDR worldlights          0/65536           0/5767168  ( 0.0%) 
leafwaterdata            0/32768           0/393216   ( 0.0%) 
waterstrips              6/32768          60/327680   ( 0.0%) 
waterverts               0/65536           0/786432   ( 0.0%) 
waterindices           135/65536         270/131072   ( 0.2%) 
cubemapsamples           0/1024            0/16384    ( 0.0%) 
overlays                 0/8192            0/2883584  ( 0.0%) 
LDR lightdata         [variable]      229788/0        ( 0.0%) 
HDR lightdata         [variable]           0/0        ( 0.0%) 
visdata               [variable]        1214/16777216 ( 0.0%) 
entdata               [variable]         392/393216   ( 0.1%) 
LDR ambient table      121/65536         484/262144   ( 0.2%) 
HDR ambient table      121/65536         484/262144   ( 0.2%) 
LDR leaf ambient        55/65536        1540/1835008  ( 0.1%) 
HDR leaf ambient       121/65536        3388/1835008  ( 0.2%) 
occluders                0/0               0/0        ( 0.0%) 
occluder polygons        0/0               0/0        ( 0.0%) 
occluder vert ind        0/0               0/0        ( 0.0%) 
detail props          [variable]           1/12       ( 8.3%) 
static props          [variable]           1/278      ( 0.4%) 
pakfile               [variable]         371/0        ( 0.0%) 
physics               [variable]       13342/4194304  ( 0.3%) 
physics terrain       [variable]           2/1048576  ( 0.0%) 

Level flags = 0

Total triangle count: 460
Writing d:\steam\steamapps\sourcemods\entropyzero2-addonworkspace\mapsrc\train.bsp
0 seconds elapsed



materialPath: D:\steam\steamapps\sourcemods\entropyzero2-addonworkspace\materials
Loading d:\steam\steamapps\sourcemods\entropyzero2-addonworkspace\mapsrc\train.vmf
fixing up env_cubemap materials on brush sides...
0...1...2...3...4...5...6...7...8...9...100...1...2...3...4...5...6...7...8...9...10Processing areas...done (0)
Building Faces...done (0)
FixTjuncs...
PruneNodes...
WriteBSP...
done (0)
writing d:\steam\steamapps\sourcemods\entropyzero2-addonworkspace\mapsrc\train.prt...Building visibility clusters...
done (0)
Finding displacement neighbors...
Finding lightmap sample positions...
Displacement Alpha : 0...1...2...3...4...5...6...7...8...9...10
Building Physics collision data...
done (0) (12982 bytes)
Placing static props...
Placing detail props : 0...1...2...3...4...5...6...7...8...9...10
Compacting texture/material tables...
Reduced 33 texinfos to 24
Reduced 4 texdatas to 3 (133 bytes to 88)
Writing d:\steam\steamapps\sourcemods\entropyzero2-addonworkspace\mapsrc\train.bsp
0 seconds elapsed



12 threads
reading d:\steam\steamapps\sourcemods\entropyzero2-addonworkspace\mapsrc\train.bsp
reading d:\steam\steamapps\sourcemods\entropyzero2-addonworkspace\mapsrc\train.prt
  55 portalclusters
 171 numportals
0...1...2...3...4...5...6...7...8...9...10Optimized: 8 visible clusters (0.31%)
Total clusters visible: 2559
Average clusters visible: 46
Building PAS...
Average clusters audible: 55
visdatasize:1214  compressed from 880
writing d:\steam\steamapps\sourcemods\entropyzero2-addonworkspace\mapsrc\train.bsp
0 seconds elapsed



[Reading texlights from 'lights.rad']
[48 texlights parsed from 'lights.rad']

Loading d:\steam\steamapps\sourcemods\entropyzero2-addonworkspace\mapsrc\train.bsp
164 faces
21185 square feet [3050641.50 square inches]
0 Displacements
0 Square Feet [0.00 Square Inches]
164 patches before subdivision
3088 patches after subdivision
0 direct lights
0...1...2...3...4...5...6...7...8...9...100...1...2...3...4...5...6...7...8...9...10transfers 340526, max 313
transfer lists:   2.6 megs
0...1...2...3...4...5...6...7...8...9...10	Bounce #1 added RGB(0, 0, 0)
Build Patch/Sample Hash Table(s).....Done<0.0005 sec>
0...1...2...3...4...5...6...7...8...9...10FinalLightFace Done
0 of 0 (0% of) surface lights went in leaf ambient cubes.
0...1...2...3...4...5...6...7...8...9...10Writing leaf ambient...done
Ready to Finish

Object names       Objects/Maxobjs  Memory / Maxmem  Fullness 
------------       ---------------  ---------------  -------- 
models                   1/1024           48/49152    ( 0.1%) 
brushes                 34/8192          408/98304    ( 0.4%) 
brushsides             254/65536        2032/524288   ( 0.4%) 
planes                 162/65536        3240/1310720  ( 0.2%) 
vertexes               240/65536        2880/786432   ( 0.4%) 
nodes                  118/65536        3776/2097152  ( 0.2%) 
texinfos                24/12288        1728/884736   ( 0.2%) 
texdata                  3/2048           96/65536    ( 0.1%) 
dispinfos                0/0               0/0        ( 0.0%) 
disp_verts               0/0               0/0        ( 0.0%) 
disp_tris                0/0               0/0        ( 0.0%) 
disp_lmsamples           0/0               0/0        ( 0.0%) 
faces                  164/65536        9184/3670016  ( 0.3%) 
hdr faces                0/65536           0/3670016  ( 0.0%) 
origfaces              115/65536        6440/3670016  ( 0.2%) 
leaves                 120/65536        3840/2097152  ( 0.2%) 
leaffaces              211/65536         422/131072   ( 0.3%) 
leafbrushes             69/65536         138/131072   ( 0.1%) 
areas                    2/256            16/2048     ( 0.8%) 
surfedges             1242/512000       4968/2048000  ( 0.2%) 
edges                  700/256000       2800/1024000  ( 0.3%) 
LDR worldlights          0/65536           0/5767168  ( 0.0%) 
HDR worldlights          0/65536           0/5767168  ( 0.0%) 
leafwaterdata            0/32768           0/393216   ( 0.0%) 
waterstrips              6/32768          60/327680   ( 0.0%) 
waterverts               0/65536           0/786432   ( 0.0%) 
waterindices           135/65536         270/131072   ( 0.2%) 
cubemapsamples           0/1024            0/16384    ( 0.0%) 
overlays                 0/8192            0/2883584  ( 0.0%) 
LDR lightdata         [variable]      228996/0        ( 0.0%) 
HDR lightdata         [variable]           0/0        ( 0.0%) 
visdata               [variable]        1214/16777216 ( 0.0%) 
entdata               [variable]         392/393216   ( 0.1%) 
LDR ambient table      120/65536         480/262144   ( 0.2%) 
HDR ambient table      120/65536         480/262144   ( 0.2%) 
LDR leaf ambient        55/65536        1540/1835008  ( 0.1%) 
HDR leaf ambient       120/65536        3360/1835008  ( 0.2%) 
occluders                0/0               0/0        ( 0.0%) 
occluder polygons        0/0               0/0        ( 0.0%) 
occluder vert ind        0/0               0/0        ( 0.0%) 
detail props          [variable]           1/12       ( 8.3%) 
static props          [variable]           1/278      ( 0.4%) 
pakfile               [variable]         371/0        ( 0.0%) 
physics               [variable]       12982/4194304  ( 0.3%) 
physics terrain       [variable]           2/1048576  ( 0.0%) 

Level flags = 0

Total triangle count: 448
Writing d:\steam\steamapps\sourcemods\entropyzero2-addonworkspace\mapsrc\train.bsp
0 seconds elapsed



materialPath: D:\steam\steamapps\sourcemods\entropyzero2-addonworkspace\materials
Loading d:\steam\steamapps\sourcemods\entropyzero2-addonworkspace\mapsrc\train.vmf
fixing up env_cubemap materials on brush sides...
0...1...2...3...4...5...6...7...8...9...100...1...2...3...4...5...6...7...8...9...10Processing areas...done (0)
Building Faces...done (0)
FixTjuncs...
PruneNodes...
WriteBSP...
done (0)
writing d:\steam\steamapps\sourcemods\entropyzero2-addonworkspace\mapsrc\train.prt...Building visibility clusters...
done (0)
Finding displacement neighbors...
Finding lightmap sample positions...
Displacement Alpha : 0...1...2...3...4...5...6...7...8...9...10
Building Physics collision data...
done (0) (12950 bytes)
Placing static props...
Placing detail props : 0...1...2...3...4...5...6...7...8...9...10
Compacting texture/material tables...
Reduced 33 texinfos to 26
Reduced 4 texdatas to 3 (133 bytes to 88)
Writing d:\steam\steamapps\sourcemods\entropyzero2-addonworkspace\mapsrc\train.bsp
0 seconds elapsed



12 threads
reading d:\steam\steamapps\sourcemods\entropyzero2-addonworkspace\mapsrc\train.bsp
reading d:\steam\steamapps\sourcemods\entropyzero2-addonworkspace\mapsrc\train.prt
  54 portalclusters
 175 numportals
0...1...2...3...4...5...6...7...8...9...10Optimized: 41 visible clusters (1.62%)
Total clusters visible: 2525
Average clusters visible: 46
Building PAS...
Average clusters audible: 54
visdatasize:1192  compressed from 864
writing d:\steam\steamapps\sourcemods\entropyzero2-addonworkspace\mapsrc\train.bsp
0 seconds elapsed



[Reading texlights from 'lights.rad']
[48 texlights parsed from 'lights.rad']

Loading d:\steam\steamapps\sourcemods\entropyzero2-addonworkspace\mapsrc\train.bsp
165 faces
21195 square feet [3052193.50 square inches]
0 Displacements
0 Square Feet [0.00 Square Inches]
165 patches before subdivision
3087 patches after subdivision
0 direct lights
0...1...2...3...4...5...6...7...8...9...100...1...2...3...4...5...6...7...8...9...10transfers 340867, max 313
transfer lists:   2.6 megs
0...1...2...3...4...5...6...7...8...9...10	Bounce #1 added RGB(0, 0, 0)
Build Patch/Sample Hash Table(s).....Done<0.0005 sec>
0...1...2...3...4...5...6...7...8...9...10FinalLightFace Done
0 of 0 (0% of) surface lights went in leaf ambient cubes.
0...1...2...3...4...5...6...7...8...9...10Writing leaf ambient...done
Ready to Finish

Object names       Objects/Maxobjs  Memory / Maxmem  Fullness 
------------       ---------------  ---------------  -------- 
models                   1/1024           48/49152    ( 0.1%) 
brushes                 34/8192          408/98304    ( 0.4%) 
brushsides             254/65536        2032/524288   ( 0.4%) 
planes                 164/65536        3280/1310720  ( 0.3%) 
vertexes               247/65536        2964/786432   ( 0.4%) 
nodes                  115/65536        3680/2097152  ( 0.2%) 
texinfos                26/12288        1872/884736   ( 0.2%) 
texdata                  3/2048           96/65536    ( 0.1%) 
dispinfos                0/0               0/0        ( 0.0%) 
disp_verts               0/0               0/0        ( 0.0%) 
disp_tris                0/0               0/0        ( 0.0%) 
disp_lmsamples           0/0               0/0        ( 0.0%) 
faces                  165/65536        9240/3670016  ( 0.3%) 
hdr faces                0/65536           0/3670016  ( 0.0%) 
origfaces              116/65536        6496/3670016  ( 0.2%) 
leaves                 117/65536        3744/2097152  ( 0.2%) 
leaffaces              220/65536         440/131072   ( 0.3%) 
leafbrushes             70/65536         140/131072   ( 0.1%) 
areas                    2/256            16/2048     ( 0.8%) 
surfedges             1254/512000       5016/2048000  ( 0.2%) 
edges                  701/256000       2804/1024000  ( 0.3%) 
LDR worldlights          0/65536           0/5767168  ( 0.0%) 
HDR worldlights          0/65536           0/5767168  ( 0.0%) 
leafwaterdata            0/32768           0/393216   ( 0.0%) 
waterstrips              8/32768          80/327680   ( 0.0%) 
waterverts               0/65536           0/786432   ( 0.0%) 
waterindices           159/65536         318/131072   ( 0.2%) 
cubemapsamples           0/1024            0/16384    ( 0.0%) 
overlays                 0/8192            0/2883584  ( 0.0%) 
LDR lightdata         [variable]      229468/0        ( 0.0%) 
HDR lightdata         [variable]           0/0        ( 0.0%) 
visdata               [variable]        1192/16777216 ( 0.0%) 
entdata               [variable]         392/393216   ( 0.1%) 
LDR ambient table      117/65536         468/262144   ( 0.2%) 
HDR ambient table      117/65536         468/262144   ( 0.2%) 
LDR leaf ambient        54/65536        1512/1835008  ( 0.1%) 
HDR leaf ambient       117/65536        3276/1835008  ( 0.2%) 
occluders                0/0               0/0        ( 0.0%) 
occluder polygons        0/0               0/0        ( 0.0%) 
occluder vert ind        0/0               0/0        ( 0.0%) 
detail props          [variable]           1/12       ( 8.3%) 
static props          [variable]           1/280      ( 0.4%) 
pakfile               [variable]         371/0        ( 0.0%) 
physics               [variable]       12950/4194304  ( 0.3%) 
physics terrain       [variable]           2/1048576  ( 0.0%) 

Level flags = 0

Total triangle count: 454
Writing d:\steam\steamapps\sourcemods\entropyzero2-addonworkspace\mapsrc\train.bsp
0 seconds elapsed



materialPath: D:\steam\steamapps\sourcemods\entropyzero2-addonworkspace\materials
Loading d:\steam\steamapps\sourcemods\entropyzero2-addonworkspace\mapsrc\train.vmf
fixing up env_cubemap materials on brush sides...
0...1...2...3...4...5...6...7...8...9...100...1...2...3...4...5...6...7...8...9...10Processing areas...done (0)
Building Faces...done (0)
FixTjuncs...
PruneNodes...
WriteBSP...
done (0)
writing d:\steam\steamapps\sourcemods\entropyzero2-addonworkspace\mapsrc\train.prt...Building visibility clusters...
done (0)
Finding displacement neighbors...
Finding lightmap sample positions...
Displacement Alpha : 0...1...2...3...4...5...6...7...8...9...10
Building Physics collision data...
done (0) (12918 bytes)
Placing static props...
Placing detail props : 0...1...2...3...4...5...6...7...8...9...10
Compacting texture/material tables...
Reduced 33 texinfos to 26
Reduced 4 texdatas to 3 (133 bytes to 88)
Writing d:\steam\steamapps\sourcemods\entropyzero2-addonworkspace\mapsrc\train.bsp
0 seconds elapsed



12 threads
reading d:\steam\steamapps\sourcemods\entropyzero2-addonworkspace\mapsrc\train.bsp
reading d:\steam\steamapps\sourcemods\entropyzero2-addonworkspace\mapsrc\train.prt
  54 portalclusters
 171 numportals
0...1...2...3...4...5...6...7...8...9...10Optimized: 20 visible clusters (0.78%)
Total clusters visible: 2554
Average clusters visible: 47
Building PAS...
Average clusters audible: 54
visdatasize:1192  compressed from 864
writing d:\steam\steamapps\sourcemods\entropyzero2-addonworkspace\mapsrc\train.bsp
0 seconds elapsed



[Reading texlights from 'lights.rad']
[48 texlights parsed from 'lights.rad']

Loading d:\steam\steamapps\sourcemods\entropyzero2-addonworkspace\mapsrc\train.bsp
159 faces
21184 square feet [3050625.50 square inches]
0 Displacements
0 Square Feet [0.00 Square Inches]
159 patches before subdivision
3037 patches after subdivision
0 direct lights
0...1...2...3...4...5...6...7...8...9...100...1...2...3...4...5...6...7...8...9...10transfers 338929, max 312
transfer lists:   2.6 megs
0...1...2...3...4...5...6...7...8...9...10	Bounce #1 added RGB(0, 0, 0)
Build Patch/Sample Hash Table(s).....Done<0.0004 sec>
0...1...2...3...4...5...6...7...8...9...10FinalLightFace Done
0 of 0 (0% of) surface lights went in leaf ambient cubes.
0...1...2...3...4...5...6...7...8...9...10Writing leaf ambient...done
Ready to Finish

Object names       Objects/Maxobjs  Memory / Maxmem  Fullness 
------------       ---------------  ---------------  -------- 
models                   1/1024           48/49152    ( 0.1%) 
brushes                 34/8192          408/98304    ( 0.4%) 
brushsides             254/65536        2032/524288   ( 0.4%) 
planes                 160/65536        3200/1310720  ( 0.2%) 
vertexes               236/65536        2832/786432   ( 0.4%) 
nodes                  115/65536        3680/2097152  ( 0.2%) 
texinfos                26/12288        1872/884736   ( 0.2%) 
texdata                  3/2048           96/65536    ( 0.1%) 
dispinfos                0/0               0/0        ( 0.0%) 
disp_verts               0/0               0/0        ( 0.0%) 
disp_tris                0/0               0/0        ( 0.0%) 
disp_lmsamples           0/0               0/0        ( 0.0%) 
faces                  159/65536        8904/3670016  ( 0.2%) 
hdr faces                0/65536           0/3670016  ( 0.0%) 
origfaces              116/65536        6496/3670016  ( 0.2%) 
leaves                 117/65536        3744/2097152  ( 0.2%) 
leaffaces              215/65536         430/131072   ( 0.3%) 
leafbrushes             68/65536         136/131072   ( 0.1%) 
areas                    2/256            16/2048     ( 0.8%) 
surfedges             1224/512000       4896/2048000  ( 0.2%) 
edges                  685/256000       2740/1024000  ( 0.3%) 
LDR worldlights          0/65536           0/5767168  ( 0.0%) 
HDR worldlights          0/65536           0/5767168  ( 0.0%) 
leafwaterdata            0/32768           0/393216   ( 0.0%) 
waterstrips              8/32768          80/327680   ( 0.0%) 
waterverts               0/65536           0/786432   ( 0.0%) 
waterindices           159/65536         318/131072   ( 0.2%) 
cubemapsamples           0/1024            0/16384    ( 0.0%) 
overlays                 0/8192            0/2883584  ( 0.0%) 
LDR lightdata         [variable]      228564/0        ( 0.0%) 
HDR lightdata         [variable]           0/0        ( 0.0%) 
visdata               [variable]        1192/16777216 ( 0.0%) 
entdata               [variable]         392/393216   ( 0.1%) 
LDR ambient table      117/65536         468/262144   ( 0.2%) 
HDR ambient table      117/65536         468/262144   ( 0.2%) 
LDR leaf ambient        54/65536        1512/1835008  ( 0.1%) 
HDR leaf ambient       117/65536        3276/1835008  ( 0.2%) 
occluders                0/0               0/0        ( 0.0%) 
occluder polygons        0/0               0/0        ( 0.0%) 
occluder vert ind        0/0               0/0        ( 0.0%) 
detail props          [variable]           1/12       ( 8.3%) 
static props          [variable]           1/278      ( 0.4%) 
pakfile               [variable]         371/0        ( 0.0%) 
physics               [variable]       12918/4194304  ( 0.3%) 
physics terrain       [variable]           2/1048576  ( 0.0%) 

Level flags = 0

Total triangle count: 436
Writing d:\steam\steamapps\sourcemods\entropyzero2-addonworkspace\mapsrc\train.bsp
0 seconds elapsed



materialPath: D:\steam\steamapps\sourcemods\entropyzero2-addonworkspace\materials
Loading d:\steam\steamapps\sourcemods\entropyzero2-addonworkspace\mapsrc\train.vmf
fixing up env_cubemap materials on brush sides...
0...1...2...3...4...5...6...7...8...9...100...1...2...3...4...5...6...7...8...9...10Processing areas...done (0)
Building Faces...done (0)
FixTjuncs...
PruneNodes...
WriteBSP...
done (0)
writing d:\steam\steamapps\sourcemods\entropyzero2-addonworkspace\mapsrc\train.prt...Building visibility clusters...
done (0)
Finding displacement neighbors...
Finding lightmap sample positions...
Displacement Alpha : 0...1...2...3...4...5...6...7...8...9...10
Building Physics collision data...
done (0) (12950 bytes)
Placing static props...
Placing detail props : 0...1...2...3...4...5...6...7...8...9...10
Compacting texture/material tables...
Reduced 33 texinfos to 25
Reduced 4 texdatas to 3 (133 bytes to 88)
Writing d:\steam\steamapps\sourcemods\entropyzero2-addonworkspace\mapsrc\train.bsp
0 seconds elapsed



12 threads
reading d:\steam\steamapps\sourcemods\entropyzero2-addonworkspace\mapsrc\train.bsp
reading d:\steam\steamapps\sourcemods\entropyzero2-addonworkspace\mapsrc\train.prt
  55 portalclusters
 179 numportals
0...1...2...3...4...5...6...7...8...9...10Optimized: 15 visible clusters (0.57%)
Total clusters visible: 2614
Average clusters visible: 47
Building PAS...
Average clusters audible: 55
visdatasize:1215  compressed from 880
writing d:\steam\steamapps\sourcemods\entropyzero2-addonworkspace\mapsrc\train.bsp
0 seconds elapsed



[Reading texlights from 'lights.rad']
[48 texlights parsed from 'lights.rad']

Loading d:\steam\steamapps\sourcemods\entropyzero2-addonworkspace\mapsrc\train.bsp
159 faces
21187 square feet [3051001.50 square inches]
0 Displacements
0 Square Feet [0.00 Square Inches]
159 patches before subdivision
3109 patches after subdivision
0 direct lights
0...1...2...3...4...5...6...7...8...9...100...1...2...3...4...5...6...7...8...9...10transfers 343330, max 311
transfer lists:   2.6 megs
0...1...2...3...4...5...6...7...8...9...10	Bounce #1 added RGB(0, 0, 0)
Build Patch/Sample Hash Table(s).....Done<0.0005 sec>
0...1...2...3...4...5...6...7...8...9...10FinalLightFace Done
0 of 0 (0% of) surface lights went in leaf ambient cubes.
0...1...2...3...4...5...6...7...8...9...10Writing leaf ambient...done
Ready to Finish

Object names       Objects/Maxobjs  Memory / Maxmem  Fullness 
------------       ---------------  ---------------  -------- 
models                   1/1024           48/49152    ( 0.1%) 
brushes                 34/8192          408/98304    ( 0.4%) 
brushsides             254/65536        2032/524288   ( 0.4%) 
planes                 164/65536        3280/1310720  ( 0.3%) 
vertexes               238/65536        2856/786432   ( 0.4%) 
nodes                  117/65536        3744/2097152  ( 0.2%) 
texinfos                25/12288        1800/884736   ( 0.2%) 
texdata                  3/2048           96/65536    ( 0.1%) 
dispinfos                0/0               0/0        ( 0.0%) 
disp_verts               0/0               0/0        ( 0.0%) 
disp_tris                0/0               0/0        ( 0.0%) 
disp_lmsamples           0/0               0/0        ( 0.0%) 
faces                  159/65536        8904/3670016  ( 0.2%) 
hdr faces                0/65536           0/3670016  ( 0.0%) 
origfaces              115/65536        6440/3670016  ( 0.2%) 
leaves                 119/65536        3808/2097152  ( 0.2%) 
leaffaces              209/65536         418/131072   ( 0.3%) 
leafbrushes             68/65536         136/131072   ( 0.1%) 
areas                    2/256            16/2048     ( 0.8%) 
surfedges             1220/512000       4880/2048000  ( 0.2%) 
edges                  687/256000       2748/1024000  ( 0.3%) 
LDR worldlights          0/65536           0/5767168  ( 0.0%) 
HDR worldlights          0/65536           0/5767168  ( 0.0%) 
leafwaterdata            0/32768           0/393216   ( 0.0%) 
waterstrips              8/32768          80/327680   ( 0.0%) 
waterverts               0/65536           0/786432   ( 0.0%) 
waterindices           156/65536         312/131072   ( 0.2%) 
cubemapsamples           0/1024            0/16384    ( 0.0%) 
overlays                 0/8192            0/2883584  ( 0.0%) 
LDR lightdata         [variable]      228916/0        ( 0.0%) 
HDR lightdata         [variable]           0/0        ( 0.0%) 
visdata               [variable]        1215/16777216 ( 0.0%) 
entdata               [variable]         392/393216   ( 0.1%) 
LDR ambient table      119/65536         476/262144   ( 0.2%) 
HDR ambient table      119/65536         476/262144   ( 0.2%) 
LDR leaf ambient        55/65536        1540/1835008  ( 0.1%) 
HDR leaf ambient       119/65536        3332/1835008  ( 0.2%) 
occluders                0/0               0/0        ( 0.0%) 
occluder polygons        0/0               0/0        ( 0.0%) 
occluder vert ind        0/0               0/0        ( 0.0%) 
detail props          [variable]           1/12       ( 8.3%) 
static props          [variable]           1/280      ( 0.4%) 
pakfile               [variable]         371/0        ( 0.0%) 
physics               [variable]       12950/4194304  ( 0.3%) 
physics terrain       [variable]           2/1048576  ( 0.0%) 

Level flags = 0

Total triangle count: 436
Writing d:\steam\steamapps\sourcemods\entropyzero2-addonworkspace\mapsrc\train.bsp
0 seconds elapsed



materialPath: D:\steam\steamapps\sourcemods\entropyzero2-addonworkspace\materials
Loading d:\steam\steamapps\sourcemods\entropyzero2-addonworkspace\mapsrc\train.vmf
fixing up env_cubemap materials on brush sides...
0...1...2...3...4...5...6...7...8...9...100...1...2...3...4...5...6...7...8...9...10Processing areas...done (0)
Building Faces...done (0)
FixTjuncs...
PruneNodes...
WriteBSP...
done (0)
writing d:\steam\steamapps\sourcemods\entropyzero2-addonworkspace\mapsrc\train.prt...Building visibility clusters...
done (0)
Finding displacement neighbors...
Finding lightmap sample positions...
Displacement Alpha : 0...1...2...3...4...5...6...7...8...9...10
Building Physics collision data...
done (0) (13734 bytes)
Placing static props...
Placing detail props : 0...1...2...3...4...5...6...7...8...9...10
Compacting texture/material tables...
Reduced 38 texinfos to 27
Reduced 5 texdatas to 4 (154 bytes to 109)
Writing d:\steam\steamapps\sourcemods\entropyzero2-addonworkspace\mapsrc\train.bsp
0 seconds elapsed



12 threads
reading d:\steam\steamapps\sourcemods\entropyzero2-addonworkspace\mapsrc\train.bsp
reading d:\steam\steamapps\sourcemods\entropyzero2-addonworkspace\mapsrc\train.prt
  57 portalclusters
 192 numportals
0...1...2...3...4...5...6...7...8...9...10Optimized: 32 visible clusters (1.09%)
Total clusters visible: 2947
Average clusters visible: 51
Building PAS...
Average clusters audible: 57
visdatasize:1372  compressed from 912
writing d:\steam\steamapps\sourcemods\entropyzero2-addonworkspace\mapsrc\train.bsp
0 seconds elapsed



[Reading texlights from 'lights.rad']
[48 texlights parsed from 'lights.rad']

Loading d:\steam\steamapps\sourcemods\entropyzero2-addonworkspace\mapsrc\train.bsp
167 faces
21184 square feet [3050573.00 square inches]
0 Displacements
0 Square Feet [0.00 Square Inches]
167 patches before subdivision
3059 patches after subdivision
0 direct lights
0...1...2...3...4...5...6...7...8...9...100...1...2...3...4...5...6...7...8...9...10transfers 343241, max 314
transfer lists:   2.6 megs
0...1...2...3...4...5...6...7...8...9...10	Bounce #1 added RGB(0, 0, 0)
Build Patch/Sample Hash Table(s).....Done<0.0005 sec>
0...1...2...3...4...5...6...7...8...9...10FinalLightFace Done
0 of 0 (0% of) surface lights went in leaf ambient cubes.
0...1...2...3...4...5...6...7...8...9...10Writing leaf ambient...done
Ready to Finish

Object names       Objects/Maxobjs  Memory / Maxmem  Fullness 
------------       ---------------  ---------------  -------- 
models                   1/1024           48/49152    ( 0.1%) 
brushes                 36/8192          432/98304    ( 0.4%) 
brushsides             271/65536        2168/524288   ( 0.4%) 
planes                 178/65536        3560/1310720  ( 0.3%) 
vertexes               254/65536        3048/786432   ( 0.4%) 
nodes                  121/65536        3872/2097152  ( 0.2%) 
texinfos                27/12288        1944/884736   ( 0.2%) 
texdata                  4/2048          128/65536    ( 0.2%) 
dispinfos                0/0               0/0        ( 0.0%) 
disp_verts               0/0               0/0        ( 0.0%) 
disp_tris                0/0               0/0        ( 0.0%) 
disp_lmsamples           0/0               0/0        ( 0.0%) 
faces                  167/65536        9352/3670016  ( 0.3%) 
hdr faces                0/65536           0/3670016  ( 0.0%) 
origfaces              122/65536        6832/3670016  ( 0.2%) 
leaves                 123/65536        3936/2097152  ( 0.2%) 
leaffaces              214/65536         428/131072   ( 0.3%) 
leafbrushes             73/65536         146/131072   ( 0.1%) 
areas                    2/256            16/2048     ( 0.8%) 
surfedges             1296/512000       5184/2048000  ( 0.3%) 
edges                  733/256000       2932/1024000  ( 0.3%) 
LDR worldlights          0/65536           0/5767168  ( 0.0%) 
HDR worldlights          0/65536           0/5767168  ( 0.0%) 
leafwaterdata            0/32768           0/393216   ( 0.0%) 
waterstrips              7/32768          70/327680   ( 0.0%) 
waterverts               0/65536           0/786432   ( 0.0%) 
waterindices           162/65536         324/131072   ( 0.2%) 
cubemapsamples           0/1024            0/16384    ( 0.0%) 
overlays                 0/8192            0/2883584  ( 0.0%) 
LDR lightdata         [variable]      228340/0        ( 0.0%) 
HDR lightdata         [variable]           0/0        ( 0.0%) 
visdata               [variable]        1372/16777216 ( 0.0%) 
entdata               [variable]         392/393216   ( 0.1%) 
LDR ambient table      123/65536         492/262144   ( 0.2%) 
HDR ambient table      123/65536         492/262144   ( 0.2%) 
LDR leaf ambient        57/65536        1596/1835008  ( 0.1%) 
HDR leaf ambient       123/65536        3444/1835008  ( 0.2%) 
occluders                0/0               0/0        ( 0.0%) 
occluder polygons        0/0               0/0        ( 0.0%) 
occluder vert ind        0/0               0/0        ( 0.0%) 
detail props          [variable]           1/12       ( 8.3%) 
static props          [variable]           1/280      ( 0.4%) 
pakfile               [variable]         371/0        ( 0.0%) 
physics               [variable]       13734/4194304  ( 0.3%) 
physics terrain       [variable]           2/1048576  ( 0.0%) 

Level flags = 0

Total triangle count: 468
Writing d:\steam\steamapps\sourcemods\entropyzero2-addonworkspace\mapsrc\train.bsp
0 seconds elapsed



materialPath: D:\steam\steamapps\sourcemods\entropyzero2-addonworkspace\materials
Loading d:\steam\steamapps\sourcemods\entropyzero2-addonworkspace\mapsrc\train.vmf
fixing up env_cubemap materials on brush sides...
0...1...2...3...4...5...6...7...8...9...100...1...2...3...4...5...6...7...8...9...10Processing areas...done (0)
Building Faces...done (0)
FixTjuncs...
PruneNodes...
WriteBSP...
done (0)
writing d:\steam\steamapps\sourcemods\entropyzero2-addonworkspace\mapsrc\train.prt...Building visibility clusters...
done (0)
Finding displacement neighbors...
Finding lightmap sample positions...
Displacement Alpha : 0...1...2...3...4...5...6...7...8...9...10
Building Physics collision data...
done (0) (13734 bytes)
Placing static props...
Placing detail props : 0...1...2...3...4...5...6...7...8...9...10
Compacting texture/material tables...
Reduced 38 texinfos to 27
Reduced 5 texdatas to 4 (154 bytes to 109)
Writing d:\steam\steamapps\sourcemods\entropyzero2-addonworkspace\mapsrc\train.bsp
0 seconds elapsed



12 threads
reading d:\steam\steamapps\sourcemods\entropyzero2-addonworkspace\mapsrc\train.bsp
reading d:\steam\steamapps\sourcemods\entropyzero2-addonworkspace\mapsrc\train.prt
  57 portalclusters
 192 numportals
0...1...2...3...4...5...6...7...8...9...10Optimized: 32 visible clusters (1.09%)
Total clusters visible: 2947
Average clusters visible: 51
Building PAS...
Average clusters audible: 57
visdatasize:1372  compressed from 912
writing d:\steam\steamapps\sourcemods\entropyzero2-addonworkspace\mapsrc\train.bsp
0 seconds elapsed



[Reading texlights from 'lights.rad']
[48 texlights parsed from 'lights.rad']

Loading d:\steam\steamapps\sourcemods\entropyzero2-addonworkspace\mapsrc\train.bsp
167 faces
21184 square feet [3050573.00 square inches]
0 Displacements
0 Square Feet [0.00 Square Inches]
167 patches before subdivision
3059 patches after subdivision
2 direct lights
0...1...2...3...4...5...6...7...8...9...100...1...2...3...4...5...6...7...8...9...10transfers 343241, max 314
transfer lists:   2.6 megs
0...1...2...3...4...5...6...7...8...9...10	Bounce #1 added RGB(8902, 9144, 8815)
0...1...2...3...4...5...6...7...8...9...10	Bounce #2 added RGB(2785, 2942, 2736)
Build Patch/Sample Hash Table(s).....Done<0.0006 sec>
0...1...2...3...4...5...6...7...8...9...10FinalLightFace Done
0 of 0 (0% of) surface lights went in leaf ambient cubes.
0...1...2...3...4...5...6...7...8...9...10Writing leaf ambient...done
Ready to Finish

Object names       Objects/Maxobjs  Memory / Maxmem  Fullness 
------------       ---------------  ---------------  -------- 
models                   1/1024           48/49152    ( 0.1%) 
brushes                 36/8192          432/98304    ( 0.4%) 
brushsides             271/65536        2168/524288   ( 0.4%) 
planes                 178/65536        3560/1310720  ( 0.3%) 
vertexes               254/65536        3048/786432   ( 0.4%) 
nodes                  121/65536        3872/2097152  ( 0.2%) 
texinfos                27/12288        1944/884736   ( 0.2%) 
texdata                  4/2048          128/65536    ( 0.2%) 
dispinfos                0/0               0/0        ( 0.0%) 
disp_verts               0/0               0/0        ( 0.0%) 
disp_tris                0/0               0/0        ( 0.0%) 
disp_lmsamples           0/0               0/0        ( 0.0%) 
faces                  167/65536        9352/3670016  ( 0.3%) 
hdr faces                0/65536           0/3670016  ( 0.0%) 
origfaces              122/65536        6832/3670016  ( 0.2%) 
leaves                 123/65536        3936/2097152  ( 0.2%) 
leaffaces              214/65536         428/131072   ( 0.3%) 
leafbrushes             73/65536         146/131072   ( 0.1%) 
areas                    2/256            16/2048     ( 0.8%) 
surfedges             1296/512000       5184/2048000  ( 0.3%) 
edges                  733/256000       2932/1024000  ( 0.3%) 
LDR worldlights          2/65536         176/5767168  ( 0.0%) 
HDR worldlights          0/65536           0/5767168  ( 0.0%) 
leafwaterdata            0/32768           0/393216   ( 0.0%) 
waterstrips              7/32768          70/327680   ( 0.0%) 
waterverts               0/65536           0/786432   ( 0.0%) 
waterindices           162/65536         324/131072   ( 0.2%) 
cubemapsamples           0/1024            0/16384    ( 0.0%) 
overlays                 0/8192            0/2883584  ( 0.0%) 
LDR lightdata         [variable]      228340/0        ( 0.0%) 
HDR lightdata         [variable]           0/0        ( 0.0%) 
visdata               [variable]        1372/16777216 ( 0.0%) 
entdata               [variable]         718/393216   ( 0.2%) 
LDR ambient table      123/65536         492/262144   ( 0.2%) 
HDR ambient table      123/65536         492/262144   ( 0.2%) 
LDR leaf ambient       454/65536       12712/1835008  ( 0.7%) 
HDR leaf ambient       123/65536        3444/1835008  ( 0.2%) 
occluders                0/0               0/0        ( 0.0%) 
occluder polygons        0/0               0/0        ( 0.0%) 
occluder vert ind        0/0               0/0        ( 0.0%) 
detail props          [variable]           1/12       ( 8.3%) 
static props          [variable]           1/280      ( 0.4%) 
pakfile               [variable]         371/0        ( 0.0%) 
physics               [variable]       13734/4194304  ( 0.3%) 
physics terrain       [variable]           2/1048576  ( 0.0%) 

Level flags = 0

Total triangle count: 468
Writing d:\steam\steamapps\sourcemods\entropyzero2-addonworkspace\mapsrc\train.bsp
0 seconds elapsed



materialPath: D:\steam\steamapps\sourcemods\entropyzero2-addonworkspace\materials
Loading d:\steam\steamapps\sourcemods\entropyzero2-addonworkspace\mapsrc\train.vmf
fixing up env_cubemap materials on brush sides...
0...1...2...3...4...5...6...7...8...9...100...1...2...3...4...5...6...7...8...9...10Processing areas...done (0)
Building Faces...done (0)
FixTjuncs...
PruneNodes...
WriteBSP...
done (0)
writing d:\steam\steamapps\sourcemods\entropyzero2-addonworkspace\mapsrc\train.prt...Building visibility clusters...
done (0)
Finding displacement neighbors...
Finding lightmap sample positions...
Displacement Alpha : 0...1...2...3...4...5...6...7...8...9...10
Building Physics collision data...
done (0) (22246 bytes)
Placing static props...
Placing detail props : 0...1...2...3...4...5...6...7...8...9...10
Compacting texture/material tables...
Reduced 62 texinfos to 35
Reduced 11 texdatas to 10 (302 bytes to 257)
Writing d:\steam\steamapps\sourcemods\entropyzero2-addonworkspace\mapsrc\train.bsp
0 seconds elapsed



12 threads
reading d:\steam\steamapps\sourcemods\entropyzero2-addonworkspace\mapsrc\train.bsp
reading d:\steam\steamapps\sourcemods\entropyzero2-addonworkspace\mapsrc\train.prt
  94 portalclusters
 301 numportals
0...1...2...3...4...5...6...7...8...9...10Optimized: 213 visible clusters (3.11%)
Total clusters visible: 6839
Average clusters visible: 72
Building PAS...
Average clusters audible: 93
visdatasize:2993  compressed from 3008
writing d:\steam\steamapps\sourcemods\entropyzero2-addonworkspace\mapsrc\train.bsp
0 seconds elapsed



[Reading texlights from 'lights.rad']
[48 texlights parsed from 'lights.rad']

Loading d:\steam\steamapps\sourcemods\entropyzero2-addonworkspace\mapsrc\train.bsp
260 faces
21501 square feet [3096199.50 square inches]
0 Displacements
0 Square Feet [0.00 Square Inches]
260 patches before subdivision
3308 patches after subdivision
2 direct lights
0...1...2...3...4...5...6...7...8...9...100...1...2...3...4...5...6...7...8...9...10transfers 387271, max 321
transfer lists:   3.0 megs
0...1...2...3...4...5...6...7...8...9...10	Bounce #1 added RGB(9362, 9626, 9287)
0...1...2...3...4...5...6...7...8...9...10	Bounce #2 added RGB(2872, 3037, 2829)
Build Patch/Sample Hash Table(s).....Done<0.0005 sec>
0...1...2...3...4...5...6...7...8...9...10FinalLightFace Done
0 of 0 (0% of) surface lights went in leaf ambient cubes.
0...1...2...3...4...5...6...7...8...9...10Writing leaf ambient...done
Ready to Finish

Object names       Objects/Maxobjs  Memory / Maxmem  Fullness 
------------       ---------------  ---------------  -------- 
models                   1/1024           48/49152    ( 0.1%) 
brushes                 58/8192          696/98304    ( 0.7%) 
brushsides             428/65536        3424/524288   ( 0.7%) 
planes                 230/65536        4600/1310720  ( 0.4%) 
vertexes               400/65536        4800/786432   ( 0.6%) 
nodes                  186/65536        5952/2097152  ( 0.3%) 
texinfos                35/12288        2520/884736   ( 0.3%) 
texdata                 10/2048          320/65536    ( 0.5%) 
dispinfos                0/0               0/0        ( 0.0%) 
disp_verts               0/0               0/0        ( 0.0%) 
disp_tris                0/0               0/0        ( 0.0%) 
disp_lmsamples           0/0               0/0        ( 0.0%) 
faces                  260/65536       14560/3670016  ( 0.4%) 
hdr faces                0/65536           0/3670016  ( 0.0%) 
origfaces              179/65536       10024/3670016  ( 0.3%) 
leaves                 188/65536        6016/2097152  ( 0.3%) 
leaffaces              325/65536         650/131072   ( 0.5%) 
leafbrushes            109/65536         218/131072   ( 0.2%) 
areas                    2/256            16/2048     ( 0.8%) 
surfedges             1950/512000       7800/2048000  ( 0.4%) 
edges                 1135/256000       4540/1024000  ( 0.4%) 
LDR worldlights          2/65536         176/5767168  ( 0.0%) 
HDR worldlights          0/65536           0/5767168  ( 0.0%) 
leafwaterdata            0/32768           0/393216   ( 0.0%) 
waterstrips             13/32768         130/327680   ( 0.0%) 
waterverts               0/65536           0/786432   ( 0.0%) 
waterindices           225/65536         450/131072   ( 0.3%) 
cubemapsamples           0/1024            0/16384    ( 0.0%) 
overlays                 1/8192          352/2883584  ( 0.0%) 
LDR lightdata         [variable]      246648/0        ( 0.0%) 
HDR lightdata         [variable]           0/0        ( 0.0%) 
visdata               [variable]        2993/16777216 ( 0.0%) 
entdata               [variable]         718/393216   ( 0.2%) 
LDR ambient table      188/65536         752/262144   ( 0.3%) 
HDR ambient table      188/65536         752/262144   ( 0.3%) 
LDR leaf ambient       634/65536       17752/1835008  ( 1.0%) 
HDR leaf ambient       188/65536        5264/1835008  ( 0.3%) 
occluders                0/0               0/0        ( 0.0%) 
occluder polygons        0/0               0/0        ( 0.0%) 
occluder vert ind        0/0               0/0        ( 0.0%) 
detail props          [variable]           1/12       ( 8.3%) 
static props          [variable]           1/280      ( 0.4%) 
pakfile               [variable]         371/0        ( 0.0%) 
physics               [variable]       22246/4194304  ( 0.5%) 
physics terrain       [variable]           2/1048576  ( 0.0%) 

Level flags = 0

Total triangle count: 702
Writing d:\steam\steamapps\sourcemods\entropyzero2-addonworkspace\mapsrc\train.bsp
0 seconds elapsed



materialPath: D:\steam\steamapps\sourcemods\entropyzero2-addonworkspace\materials
Loading d:\steam\steamapps\sourcemods\entropyzero2-addonworkspace\mapsrc\train.vmf
fixing up env_cubemap materials on brush sides...
0...1...2...3...4...5...6...7...8...9...100...1...2...3...4...5...6...7...8...9...10Processing areas...done (0)
Building Faces...done (0)
FixTjuncs...
PruneNodes...
WriteBSP...
done (0)
writing d:\steam\steamapps\sourcemods\entropyzero2-addonworkspace\mapsrc\train.prt...Building visibility clusters...
done (0)
Finding displacement neighbors...
Finding lightmap sample positions...
Displacement Alpha : 0...1...2...3...4...5...6...7...8...9...10
Building Physics collision data...
done (0) (25846 bytes)
Placing static props...
Placing detail props : 0...1...2...3...4...5...6...7...8...9...10
Compacting texture/material tables...
Reduced 72 texinfos to 42
Reduced 16 texdatas to 13 (465 bytes to 336)
Writing d:\steam\steamapps\sourcemods\entropyzero2-addonworkspace\mapsrc\train.bsp
0 seconds elapsed



12 threads
reading d:\steam\steamapps\sourcemods\entropyzero2-addonworkspace\mapsrc\train.bsp
reading d:\steam\steamapps\sourcemods\entropyzero2-addonworkspace\mapsrc\train.prt
 121 portalclusters
 395 numportals
0...1...2...3...4...5...6...7...8...9...10Optimized: 378 visible clusters (3.44%)
Total clusters visible: 10987
Average clusters visible: 90
Building PAS...
Average clusters audible: 120
visdatasize:4837  compressed from 3872
writing d:\steam\steamapps\sourcemods\entropyzero2-addonworkspace\mapsrc\train.bsp
0 seconds elapsed



[Reading texlights from 'lights.rad']
[48 texlights parsed from 'lights.rad']

Loading d:\steam\steamapps\sourcemods\entropyzero2-addonworkspace\mapsrc\train.bsp
338 faces
21514 square feet [3098095.00 square inches]
0 Displacements
0 Square Feet [0.00 Square Inches]
338 patches before subdivision
3418 patches after subdivision
2 direct lights
0...1...2...3...4...5...6...7...8...9...100...1...2...3...4...5...6...7...8...9...10transfers 414896, max 331
transfer lists:   3.2 megs
0...1...2...3...4...5...6...7...8...9...10	Bounce #1 added RGB(9383, 9647, 9308)
0...1...2...3...4...5...6...7...8...9...10	Bounce #2 added RGB(2856, 3020, 2813)
Build Patch/Sample Hash Table(s).....Done<0.0005 sec>
0...1...2...3...4...5...6...7...8...9...10FinalLightFace Done
0 of 0 (0% of) surface lights went in leaf ambient cubes.
0...1...2...3...4...5...6...7...8...9...10Writing leaf ambient...done
Ready to Finish

Object names       Objects/Maxobjs  Memory / Maxmem  Fullness 
------------       ---------------  ---------------  -------- 
models                   1/1024           48/49152    ( 0.1%) 
brushes                 66/8192          792/98304    ( 0.8%) 
brushsides             497/65536        3976/524288   ( 0.8%) 
planes                 290/65536        5800/1310720  ( 0.4%) 
vertexes               503/65536        6036/786432   ( 0.8%) 
nodes                  231/65536        7392/2097152  ( 0.4%) 
texinfos                42/12288        3024/884736   ( 0.3%) 
texdata                 13/2048          416/65536    ( 0.6%) 
dispinfos                0/0               0/0        ( 0.0%) 
disp_verts               0/0               0/0        ( 0.0%) 
disp_tris                0/0               0/0        ( 0.0%) 
disp_lmsamples           0/0               0/0        ( 0.0%) 
faces                  338/65536       18928/3670016  ( 0.5%) 
hdr faces                0/65536           0/3670016  ( 0.0%) 
origfaces              219/65536       12264/3670016  ( 0.3%) 
leaves                 233/65536        7456/2097152  ( 0.4%) 
leaffaces              429/65536         858/131072   ( 0.7%) 
leafbrushes            134/65536         268/131072   ( 0.2%) 
areas                    2/256            16/2048     ( 0.8%) 
surfedges             2468/512000       9872/2048000  ( 0.5%) 
edges                 1414/256000       5656/1024000  ( 0.6%) 
LDR worldlights          2/65536         176/5767168  ( 0.0%) 
HDR worldlights          0/65536           0/5767168  ( 0.0%) 
leafwaterdata            0/32768           0/393216   ( 0.0%) 
waterstrips             18/32768         180/327680   ( 0.1%) 
waterverts               0/65536           0/786432   ( 0.0%) 
waterindices           318/65536         636/131072   ( 0.5%) 
cubemapsamples           0/1024            0/16384    ( 0.0%) 
overlays                 1/8192          352/2883584  ( 0.0%) 
LDR lightdata         [variable]      253264/0        ( 0.0%) 
HDR lightdata         [variable]           0/0        ( 0.0%) 
visdata               [variable]        4837/16777216 ( 0.0%) 
entdata               [variable]         923/393216   ( 0.2%) 
LDR ambient table      233/65536         932/262144   ( 0.4%) 
HDR ambient table      233/65536         932/262144   ( 0.4%) 
LDR leaf ambient       748/65536       20944/1835008  ( 1.1%) 
HDR leaf ambient       233/65536        6524/1835008  ( 0.4%) 
occluders                0/0               0/0        ( 0.0%) 
occluder polygons        0/0               0/0        ( 0.0%) 
occluder vert ind        0/0               0/0        ( 0.0%) 
detail props          [variable]           1/12       ( 8.3%) 
static props          [variable]           1/482      ( 0.2%) 
pakfile               [variable]         987/0        ( 0.0%) 
physics               [variable]       25846/4194304  ( 0.6%) 
physics terrain       [variable]           2/1048576  ( 0.0%) 

Level flags = 0

Total triangle count: 904
Writing d:\steam\steamapps\sourcemods\entropyzero2-addonworkspace\mapsrc\train.bsp
0 seconds elapsed



materialPath: D:\steam\steamapps\sourcemods\entropyzero2-addonworkspace\materials
Loading d:\steam\steamapps\sourcemods\entropyzero2-addonworkspace\mapsrc\train.vmf
fixing up env_cubemap materials on brush sides...
0...1...2...3...4...5...6...7...8...9...100...1...2...3...4...5...6...7...8...9...10Processing areas...done (0)
Building Faces...done (0)
FixTjuncs...
PruneNodes...
WriteBSP...
done (0)
writing d:\steam\steamapps\sourcemods\entropyzero2-addonworkspace\mapsrc\train.prt...Building visibility clusters...
done (0)
Finding displacement neighbors...
Finding lightmap sample positions...
Displacement Alpha : 0...1...2...3...4...5...6...7...8...9...10
Building Physics collision data...
done (0) (25846 bytes)
Placing static props...
Placing detail props : 0...1...2...3...4...5...6...7...8...9...10
Compacting texture/material tables...
Reduced 72 texinfos to 42
Reduced 16 texdatas to 13 (465 bytes to 336)
Writing d:\steam\steamapps\sourcemods\entropyzero2-addonworkspace\mapsrc\train.bsp
0 seconds elapsed



12 threads
reading d:\steam\steamapps\sourcemods\entropyzero2-addonworkspace\mapsrc\train.bsp
reading d:\steam\steamapps\sourcemods\entropyzero2-addonworkspace\mapsrc\train.prt
 121 portalclusters
 395 numportals
0...1...2...3...4...5...6...7...8...9...10Optimized: 378 visible clusters (3.44%)
Total clusters visible: 10987
Average clusters visible: 90
Building PAS...
Average clusters audible: 120
visdatasize:4837  compressed from 3872
writing d:\steam\steamapps\sourcemods\entropyzero2-addonworkspace\mapsrc\train.bsp
0 seconds elapsed



[Reading texlights from 'lights.rad']
[48 texlights parsed from 'lights.rad']

Loading d:\steam\steamapps\sourcemods\entropyzero2-addonworkspace\mapsrc\train.bsp
338 faces
21514 square feet [3098095.00 square inches]
0 Displacements
0 Square Feet [0.00 Square Inches]
338 patches before subdivision
3418 patches after subdivision
2 direct lights
0...1...2...3...4...5...6...7...8...9...100...1...2...3...4...5...6...7...8...9...10transfers 414896, max 331
transfer lists:   3.2 megs
0...1...2...3...4...5...6...7...8...9...10	Bounce #1 added RGB(9383, 9647, 9308)
0...1...2...3...4...5...6...7...8...9...10	Bounce #2 added RGB(2856, 3020, 2813)
Build Patch/Sample Hash Table(s).....Done<0.0004 sec>
0...1...2...3...4...5...6...7...8...9...10FinalLightFace Done
0 of 0 (0% of) surface lights went in leaf ambient cubes.
0...1...2...3...4...5...6...7...8...9...10Writing leaf ambient...done
Ready to Finish

Object names       Objects/Maxobjs  Memory / Maxmem  Fullness 
------------       ---------------  ---------------  -------- 
models                   1/1024           48/49152    ( 0.1%) 
brushes                 66/8192          792/98304    ( 0.8%) 
brushsides             497/65536        3976/524288   ( 0.8%) 
planes                 290/65536        5800/1310720  ( 0.4%) 
vertexes               503/65536        6036/786432   ( 0.8%) 
nodes                  231/65536        7392/2097152  ( 0.4%) 
texinfos                42/12288        3024/884736   ( 0.3%) 
texdata                 13/2048          416/65536    ( 0.6%) 
dispinfos                0/0               0/0        ( 0.0%) 
disp_verts               0/0               0/0        ( 0.0%) 
disp_tris                0/0               0/0        ( 0.0%) 
disp_lmsamples           0/0               0/0        ( 0.0%) 
faces                  338/65536       18928/3670016  ( 0.5%) 
hdr faces                0/65536           0/3670016  ( 0.0%) 
origfaces              219/65536       12264/3670016  ( 0.3%) 
leaves                 233/65536        7456/2097152  ( 0.4%) 
leaffaces              429/65536         858/131072   ( 0.7%) 
leafbrushes            134/65536         268/131072   ( 0.2%) 
areas                    2/256            16/2048     ( 0.8%) 
surfedges             2468/512000       9872/2048000  ( 0.5%) 
edges                 1414/256000       5656/1024000  ( 0.6%) 
LDR worldlights          2/65536         176/5767168  ( 0.0%) 
HDR worldlights          0/65536           0/5767168  ( 0.0%) 
leafwaterdata            0/32768           0/393216   ( 0.0%) 
waterstrips             18/32768         180/327680   ( 0.1%) 
waterverts               0/65536           0/786432   ( 0.0%) 
waterindices           318/65536         636/131072   ( 0.5%) 
cubemapsamples           0/1024            0/16384    ( 0.0%) 
overlays                 1/8192          352/2883584  ( 0.0%) 
LDR lightdata         [variable]      253264/0        ( 0.0%) 
HDR lightdata         [variable]           0/0        ( 0.0%) 
visdata               [variable]        4837/16777216 ( 0.0%) 
entdata               [variable]         923/393216   ( 0.2%) 
LDR ambient table      233/65536         932/262144   ( 0.4%) 
HDR ambient table      233/65536         932/262144   ( 0.4%) 
LDR leaf ambient       748/65536       20944/1835008  ( 1.1%) 
HDR leaf ambient       233/65536        6524/1835008  ( 0.4%) 
occluders                0/0               0/0        ( 0.0%) 
occluder polygons        0/0               0/0        ( 0.0%) 
occluder vert ind        0/0               0/0        ( 0.0%) 
detail props          [variable]           1/12       ( 8.3%) 
static props          [variable]           1/482      ( 0.2%) 
pakfile               [variable]         987/0        ( 0.0%) 
physics               [variable]       25846/4194304  ( 0.6%) 
physics terrain       [variable]           2/1048576  ( 0.0%) 

Level flags = 0

Total triangle count: 904
Writing d:\steam\steamapps\sourcemods\entropyzero2-addonworkspace\mapsrc\train.bsp
0 seconds elapsed



materialPath: D:\steam\steamapps\sourcemods\entropyzero2-addonworkspace\materials
Loading d:\steam\steamapps\sourcemods\entropyzero2-addonworkspace\mapsrc\train.vmf
fixing up env_cubemap materials on brush sides...
0...1...2...3...4...5...6...7...8...9...100...1...2...3...4...5...6...7...8...9...10Processing areas...done (0)
Building Faces...done (0)
FixTjuncs...
PruneNodes...
WriteBSP...
done (0)
writing d:\steam\steamapps\sourcemods\entropyzero2-addonworkspace\mapsrc\train.prt...Building visibility clusters...
done (0)
Finding displacement neighbors...
Finding lightmap sample positions...
Displacement Alpha : 0...1...2...3...4...5...6...7...8...9...10
Building Physics collision data...
done (0) (25846 bytes)
Placing static props...
Placing detail props : 0...1...2...3...4...5...6...7...8...9...10
Compacting texture/material tables...
Reduced 72 texinfos to 42
Reduced 16 texdatas to 13 (465 bytes to 336)
Writing d:\steam\steamapps\sourcemods\entropyzero2-addonworkspace\mapsrc\train.bsp
0 seconds elapsed



12 threads
reading d:\steam\steamapps\sourcemods\entropyzero2-addonworkspace\mapsrc\train.bsp
reading d:\steam\steamapps\sourcemods\entropyzero2-addonworkspace\mapsrc\train.prt
 121 portalclusters
 395 numportals
0...1...2...3...4...5...6...7...8...9...10Optimized: 378 visible clusters (3.44%)
Total clusters visible: 10987
Average clusters visible: 90
Building PAS...
Average clusters audible: 120
visdatasize:4837  compressed from 3872
writing d:\steam\steamapps\sourcemods\entropyzero2-addonworkspace\mapsrc\train.bsp
0 seconds elapsed



[Reading texlights from 'lights.rad']
[48 texlights parsed from 'lights.rad']

Loading d:\steam\steamapps\sourcemods\entropyzero2-addonworkspace\mapsrc\train.bsp
338 faces
21514 square feet [3098095.00 square inches]
0 Displacements
0 Square Feet [0.00 Square Inches]
338 patches before subdivision
3418 patches after subdivision
2 direct lights
0...1...2...3...4...5...6...7...8...9...100...1...2...3...4...5...6...7...8...9...10transfers 414896, max 331
transfer lists:   3.2 megs
0...1...2...3...4...5...6...7...8...9...10	Bounce #1 added RGB(9383, 9647, 9308)
0...1...2...3...4...5...6...7...8...9...10	Bounce #2 added RGB(2856, 3020, 2813)
Build Patch/Sample Hash Table(s).....Done<0.0005 sec>
0...1...2...3...4...5...6...7...8...9...10FinalLightFace Done
0 of 0 (0% of) surface lights went in leaf ambient cubes.
0...1...2...3...4...5...6...7...8...9...10Writing leaf ambient...done
Ready to Finish

Object names       Objects/Maxobjs  Memory / Maxmem  Fullness 
------------       ---------------  ---------------  -------- 
models                   1/1024           48/49152    ( 0.1%) 
brushes                 66/8192          792/98304    ( 0.8%) 
brushsides             497/65536        3976/524288   ( 0.8%) 
planes                 290/65536        5800/1310720  ( 0.4%) 
vertexes               503/65536        6036/786432   ( 0.8%) 
nodes                  231/65536        7392/2097152  ( 0.4%) 
texinfos                42/12288        3024/884736   ( 0.3%) 
texdata                 13/2048          416/65536    ( 0.6%) 
dispinfos                0/0               0/0        ( 0.0%) 
disp_verts               0/0               0/0        ( 0.0%) 
disp_tris                0/0               0/0        ( 0.0%) 
disp_lmsamples           0/0               0/0        ( 0.0%) 
faces                  338/65536       18928/3670016  ( 0.5%) 
hdr faces                0/65536           0/3670016  ( 0.0%) 
origfaces              219/65536       12264/3670016  ( 0.3%) 
leaves                 233/65536        7456/2097152  ( 0.4%) 
leaffaces              429/65536         858/131072   ( 0.7%) 
leafbrushes            134/65536         268/131072   ( 0.2%) 
areas                    2/256            16/2048     ( 0.8%) 
surfedges             2468/512000       9872/2048000  ( 0.5%) 
edges                 1414/256000       5656/1024000  ( 0.6%) 
LDR worldlights          2/65536         176/5767168  ( 0.0%) 
HDR worldlights          0/65536           0/5767168  ( 0.0%) 
leafwaterdata            0/32768           0/393216   ( 0.0%) 
waterstrips             18/32768         180/327680   ( 0.1%) 
waterverts               0/65536           0/786432   ( 0.0%) 
waterindices           318/65536         636/131072   ( 0.5%) 
cubemapsamples           0/1024            0/16384    ( 0.0%) 
overlays                 1/8192          352/2883584  ( 0.0%) 
LDR lightdata         [variable]      253264/0        ( 0.0%) 
HDR lightdata         [variable]           0/0        ( 0.0%) 
visdata               [variable]        4837/16777216 ( 0.0%) 
entdata               [variable]         924/393216   ( 0.2%) 
LDR ambient table      233/65536         932/262144   ( 0.4%) 
HDR ambient table      233/65536         932/262144   ( 0.4%) 
LDR leaf ambient       748/65536       20944/1835008  ( 1.1%) 
HDR leaf ambient       233/65536        6524/1835008  ( 0.4%) 
occluders                0/0               0/0        ( 0.0%) 
occluder polygons        0/0               0/0        ( 0.0%) 
occluder vert ind        0/0               0/0        ( 0.0%) 
detail props          [variable]           1/12       ( 8.3%) 
static props          [variable]           1/482      ( 0.2%) 
pakfile               [variable]         987/0        ( 0.0%) 
physics               [variable]       25846/4194304  ( 0.6%) 
physics terrain       [variable]           2/1048576  ( 0.0%) 

Level flags = 0

Total triangle count: 904
Writing d:\steam\steamapps\sourcemods\entropyzero2-addonworkspace\mapsrc\train.bsp
0 seconds elapsed
