


materialPath: D:\steam\steamapps\sourcemods\entropyzero2-addonworkspace\materials
Loading d:\steam\steamapps\sourcemods\entropyzero2-addonworkspace\mapsrc\1.vmf
ConVarRef mat_reduceparticles doesn't point to an existing ConVar
"materials/az2/glass_superfrosted.vtf": cached version doesn't exist
fixing up env_cubemap materials on brush sides...
0...1...2...3...4...5...6...7...8...9...100...1...2...3...4...5...6...7...8...9...10Processing areas...done (0)
Building Faces...done (0)
Chop Details...done (0)
Find Visible Detail Sides...
Merged 16 detail faces...done (0)
Merging details...done (0)
FixTjuncs...
PruneNodes...
WriteBSP...
done (0)
writing d:\steam\steamapps\sourcemods\entropyzero2-addonworkspace\mapsrc\1.prt...Building visibility clusters...
done (0)
Finding displacement neighbors...
Finding lightmap sample positions...
Displacement Alpha : 0...1...2...3...4...5...6...7...8...9...10
Building Physics collision data...
done (0) (31274 bytes)
Placing static props...
Error! To use model "models/props_wasteland/plasterwall029g_window01a_bars.mdl"
      with prop_static, it must be compiled with $staticprop!
Error loading studio model "models/props_wasteland/plasterwall029g_window01a_bars.mdl"!
Placing detail props : 0...1...2...3...4...5...6...7...8...9...10
Compacting texture/material tables...
Reduced 202 texinfos to 105
Reduced 28 texdatas to 26 (629 bytes to 560)
Writing d:\steam\steamapps\sourcemods\entropyzero2-addonworkspace\mapsrc\1.bsp
0 seconds elapsed



12 threads
reading d:\steam\steamapps\sourcemods\entropyzero2-addonworkspace\mapsrc\1.bsp
reading d:\steam\steamapps\sourcemods\entropyzero2-addonworkspace\mapsrc\1.prt
  49 portalclusters
  78 numportals
0...1...2...3...4...5...6...7...8...9...10Optimized: 31 visible clusters (1.43%)
Total clusters visible: 2174
Average clusters visible: 44
Building PAS...
Average clusters audible: 48
visdatasize:1089  compressed from 784
writing d:\steam\steamapps\sourcemods\entropyzero2-addonworkspace\mapsrc\1.bsp
0 seconds elapsed



[Reading texlights from 'lights.rad']
[48 texlights parsed from 'lights.rad']

Loading d:\steam\steamapps\sourcemods\entropyzero2-addonworkspace\mapsrc\1.bsp
298 faces
10884 square feet [1567358.62 square inches]
0 Displacements
0 Square Feet [0.00 Square Inches]
298 patches before subdivision
2056 patches after subdivision
0 direct lights
0...1...2...3...4...5...6...7...8...9...100...1...2...3...4...5...6...7...8...9...10transfers 123631, max 205
transfer lists:   0.9 megs
0...1...2...3...4...5...6...7...8...9...10	Bounce #1 added RGB(0, 0, 0)
Build Patch/Sample Hash Table(s).....Done<0.0003 sec>
0...1...2...3...4...5...6...7...8...9...10FinalLightFace Done
0 of 0 (0% of) surface lights went in leaf ambient cubes.
0...1...2...3...4...5...6...7...8...9...10Writing leaf ambient...done
Ready to Finish

Object names       Objects/Maxobjs  Memory / Maxmem  Fullness 
------------       ---------------  ---------------  -------- 
models                   1/1024           48/49152    ( 0.1%) 
brushes                 92/8192         1104/98304    ( 1.1%) 
brushsides             585/65536        4680/524288   ( 0.9%) 
planes                 276/65536        5520/1310720  ( 0.4%) 
vertexes               451/65536        5412/786432   ( 0.7%) 
nodes                  108/65536        3456/2097152  ( 0.2%) 
texinfos               105/12288        7560/884736   ( 0.9%) 
texdata                 26/2048          832/65536    ( 1.3%) 
dispinfos                0/0               0/0        ( 0.0%) 
disp_verts               0/0               0/0        ( 0.0%) 
disp_tris                0/0               0/0        ( 0.0%) 
disp_lmsamples           0/0               0/0        ( 0.0%) 
faces                  298/65536       16688/3670016  ( 0.5%) 
hdr faces                0/65536           0/3670016  ( 0.0%) 
origfaces              207/65536       11592/3670016  ( 0.3%) 
leaves                 110/65536        3520/2097152  ( 0.2%) 
leaffaces              381/65536         762/131072   ( 0.6%) 
leafbrushes            129/65536         258/131072   ( 0.2%) 
areas                    2/256            16/2048     ( 0.8%) 
surfedges             2272/512000       9088/2048000  ( 0.4%) 
edges                 1456/256000       5824/1024000  ( 0.6%) 
LDR worldlights          0/65536           0/5767168  ( 0.0%) 
HDR worldlights          0/65536           0/5767168  ( 0.0%) 
leafwaterdata            0/32768           0/393216   ( 0.0%) 
waterstrips             25/32768         250/327680   ( 0.1%) 
waterverts               0/65536           0/786432   ( 0.0%) 
waterindices           498/65536         996/131072   ( 0.8%) 
cubemapsamples           0/1024            0/16384    ( 0.0%) 
overlays                 1/8192          352/2883584  ( 0.0%) 
LDR lightdata         [variable]       98880/0        ( 0.0%) 
HDR lightdata         [variable]           0/0        ( 0.0%) 
visdata               [variable]        1089/16777216 ( 0.0%) 
entdata               [variable]        1462/393216   ( 0.4%) 
LDR ambient table      110/65536         440/262144   ( 0.2%) 
HDR ambient table      110/65536         440/262144   ( 0.2%) 
LDR leaf ambient        49/65536        1372/1835008  ( 0.1%) 
HDR leaf ambient       110/65536        3080/1835008  ( 0.2%) 
occluders                0/0               0/0        ( 0.0%) 
occluder polygons        0/0               0/0        ( 0.0%) 
occluder vert ind        0/0               0/0        ( 0.0%) 
detail props          [variable]           1/12       ( 8.3%) 
static props          [variable]           1/3282     ( 0.0%) 
pakfile               [variable]         625/0        ( 0.0%) 
physics               [variable]       31274/4194304  ( 0.7%) 
physics terrain       [variable]           2/1048576  ( 0.0%) 

Level flags = 0

Total triangle count: 848
Writing d:\steam\steamapps\sourcemods\entropyzero2-addonworkspace\mapsrc\1.bsp
0 seconds elapsed



materialPath: D:\steam\steamapps\sourcemods\entropyzero2-addonworkspace\materials
Loading d:\steam\steamapps\sourcemods\entropyzero2-addonworkspace\mapsrc\1.vmf
ConVarRef mat_reduceparticles doesn't point to an existing ConVar
"materials/az2/glass_superfrosted.vtf": cached version doesn't exist
fixing up env_cubemap materials on brush sides...
0...1...2...3...4...5...6...7...8...9...100...1...2...3...4...5...6...7...8...9...10Processing areas...done (0)
Building Faces...done (0)
Chop Details...done (0)
Find Visible Detail Sides...
Merged 16 detail faces...done (0)
Merging details...done (0)
FixTjuncs...
PruneNodes...
WriteBSP...
done (0)
writing d:\steam\steamapps\sourcemods\entropyzero2-addonworkspace\mapsrc\1.prt...Building visibility clusters...
done (0)
Finding displacement neighbors...
Finding lightmap sample positions...
Displacement Alpha : 0...1...2...3...4...5...6...7...8...9...10
Building Physics collision data...
done (0) (31274 bytes)
Placing static props...
Error! To use model "models/props_wasteland/plasterwall029g_window01a_bars.mdl"
      with prop_static, it must be compiled with $staticprop!
Error loading studio model "models/props_wasteland/plasterwall029g_window01a_bars.mdl"!
Placing detail props : 0...1...2...3...4...5...6...7...8...9...10
Compacting texture/material tables...
Reduced 203 texinfos to 106
Reduced 29 texdatas to 27 (656 bytes to 587)
Writing d:\steam\steamapps\sourcemods\entropyzero2-addonworkspace\mapsrc\1.bsp
0 seconds elapsed



12 threads
reading d:\steam\steamapps\sourcemods\entropyzero2-addonworkspace\mapsrc\1.bsp
reading d:\steam\steamapps\sourcemods\entropyzero2-addonworkspace\mapsrc\1.prt
  49 portalclusters
  78 numportals
0...1...2...3...4...5...6...7...8...9...10Optimized: 31 visible clusters (1.43%)
Total clusters visible: 2174
Average clusters visible: 44
Building PAS...
Average clusters audible: 48
visdatasize:1089  compressed from 784
writing d:\steam\steamapps\sourcemods\entropyzero2-addonworkspace\mapsrc\1.bsp
0 seconds elapsed



[Reading texlights from 'lights.rad']
[48 texlights parsed from 'lights.rad']

Loading d:\steam\steamapps\sourcemods\entropyzero2-addonworkspace\mapsrc\1.bsp
298 faces
10884 square feet [1567358.62 square inches]
0 Displacements
0 Square Feet [0.00 Square Inches]
298 patches before subdivision
2056 patches after subdivision
1 direct lights
0...1...2...3...4...5...6...7...8...9...100...1...2...3...4...5...6...7...8...9...10transfers 123631, max 205
transfer lists:   0.9 megs
0...1...2...3...4...5...6...7...8...9...10	Bounce #1 added RGB(5112, 4786, 4103)
0...1...2...3...4...5...6...7...8...9...10	Bounce #2 added RGB(1500, 1322, 990)
Build Patch/Sample Hash Table(s).....Done<0.0003 sec>
0...1...2...3...4...5...6...7...8...9...10FinalLightFace Done
0 of 0 (0% of) surface lights went in leaf ambient cubes.
0...1...2...3...4...5...6...7...8...9...10Writing leaf ambient...done
Ready to Finish

Object names       Objects/Maxobjs  Memory / Maxmem  Fullness 
------------       ---------------  ---------------  -------- 
models                   1/1024           48/49152    ( 0.1%) 
brushes                 92/8192         1104/98304    ( 1.1%) 
brushsides             585/65536        4680/524288   ( 0.9%) 
planes                 276/65536        5520/1310720  ( 0.4%) 
vertexes               451/65536        5412/786432   ( 0.7%) 
nodes                  108/65536        3456/2097152  ( 0.2%) 
texinfos               106/12288        7632/884736   ( 0.9%) 
texdata                 27/2048          864/65536    ( 1.3%) 
dispinfos                0/0               0/0        ( 0.0%) 
disp_verts               0/0               0/0        ( 0.0%) 
disp_tris                0/0               0/0        ( 0.0%) 
disp_lmsamples           0/0               0/0        ( 0.0%) 
faces                  298/65536       16688/3670016  ( 0.5%) 
hdr faces                0/65536           0/3670016  ( 0.0%) 
origfaces              207/65536       11592/3670016  ( 0.3%) 
leaves                 110/65536        3520/2097152  ( 0.2%) 
leaffaces              381/65536         762/131072   ( 0.6%) 
leafbrushes            129/65536         258/131072   ( 0.2%) 
areas                    2/256            16/2048     ( 0.8%) 
surfedges             2272/512000       9088/2048000  ( 0.4%) 
edges                 1456/256000       5824/1024000  ( 0.6%) 
LDR worldlights          1/65536          88/5767168  ( 0.0%) 
HDR worldlights          0/65536           0/5767168  ( 0.0%) 
leafwaterdata            0/32768           0/393216   ( 0.0%) 
waterstrips             25/32768         250/327680   ( 0.1%) 
waterverts               0/65536           0/786432   ( 0.0%) 
waterindices           498/65536         996/131072   ( 0.8%) 
cubemapsamples           0/1024            0/16384    ( 0.0%) 
overlays                 1/8192          352/2883584  ( 0.0%) 
LDR lightdata         [variable]      114576/0        ( 0.0%) 
HDR lightdata         [variable]           0/0        ( 0.0%) 
visdata               [variable]        1089/16777216 ( 0.0%) 
entdata               [variable]        1623/393216   ( 0.4%) 
LDR ambient table      110/65536         440/262144   ( 0.2%) 
HDR ambient table      110/65536         440/262144   ( 0.2%) 
LDR leaf ambient       204/65536        5712/1835008  ( 0.3%) 
HDR leaf ambient       110/65536        3080/1835008  ( 0.2%) 
occluders                0/0               0/0        ( 0.0%) 
occluder polygons        0/0               0/0        ( 0.0%) 
occluder vert ind        0/0               0/0        ( 0.0%) 
detail props          [variable]           1/12       ( 8.3%) 
static props          [variable]           1/3282     ( 0.0%) 
pakfile               [variable]         625/0        ( 0.0%) 
physics               [variable]       31274/4194304  ( 0.7%) 
physics terrain       [variable]           2/1048576  ( 0.0%) 

Level flags = 0

Total triangle count: 848
Writing d:\steam\steamapps\sourcemods\entropyzero2-addonworkspace\mapsrc\1.bsp
0 seconds elapsed



materialPath: D:\steam\steamapps\sourcemods\entropyzero2-addonworkspace\materials
Loading d:\steam\steamapps\sourcemods\entropyzero2-addonworkspace\mapsrc\1.vmf
ConVarRef mat_reduceparticles doesn't point to an existing ConVar
"materials/az2/glass_superfrosted.vtf": cached version doesn't exist
fixing up env_cubemap materials on brush sides...
0...1...2...3...4...5...6...7...8...9...100...1...2...3...4...5...6...7...8...9...10Processing areas...done (0)
Building Faces...done (0)
Chop Details...done (0)
Find Visible Detail Sides...
Merged 16 detail faces...done (0)
Merging details...done (0)
FixTjuncs...
PruneNodes...
WriteBSP...
done (0)
writing d:\steam\steamapps\sourcemods\entropyzero2-addonworkspace\mapsrc\1.prt...Building visibility clusters...
done (0)
Finding displacement neighbors...
Finding lightmap sample positions...
Displacement Alpha : 0...1...2...3...4...5...6...7...8...9...10
Building Physics collision data...
done (0) (31274 bytes)
Placing static props...
Error! To use model "models/props_wasteland/plasterwall029g_window01a_bars.mdl"
      with prop_static, it must be compiled with $staticprop!
Error loading studio model "models/props_wasteland/plasterwall029g_window01a_bars.mdl"!
Placing detail props : 0...1...2...3...4...5...6...7...8...9...10
Compacting texture/material tables...
Reduced 203 texinfos to 106
Reduced 29 texdatas to 27 (656 bytes to 587)
Writing d:\steam\steamapps\sourcemods\entropyzero2-addonworkspace\mapsrc\1.bsp
0 seconds elapsed



12 threads
reading d:\steam\steamapps\sourcemods\entropyzero2-addonworkspace\mapsrc\1.bsp
reading d:\steam\steamapps\sourcemods\entropyzero2-addonworkspace\mapsrc\1.prt
  49 portalclusters
  78 numportals
0...1...2...3...4...5...6...7...8...9...10Optimized: 31 visible clusters (1.43%)
Total clusters visible: 2174
Average clusters visible: 44
Building PAS...
Average clusters audible: 48
visdatasize:1089  compressed from 784
writing d:\steam\steamapps\sourcemods\entropyzero2-addonworkspace\mapsrc\1.bsp
0 seconds elapsed



[Reading texlights from 'lights.rad']
[48 texlights parsed from 'lights.rad']

Loading d:\steam\steamapps\sourcemods\entropyzero2-addonworkspace\mapsrc\1.bsp
298 faces
10884 square feet [1567358.62 square inches]
0 Displacements
0 Square Feet [0.00 Square Inches]
298 patches before subdivision
2056 patches after subdivision
1 direct lights
0...1...2...3...4...5...6...7...8...9...100...1...2...3...4...5...6...7...8...9...10transfers 123631, max 205
transfer lists:   0.9 megs
0...1...2...3...4...5...6...7...8...9...10	Bounce #1 added RGB(5112, 4786, 4103)
0...1...2...3...4...5...6...7...8...9...10	Bounce #2 added RGB(1500, 1322, 990)
Build Patch/Sample Hash Table(s).....Done<0.0003 sec>
0...1...2...3...4...5...6...7...8...9...10FinalLightFace Done
0 of 0 (0% of) surface lights went in leaf ambient cubes.
0...1...2...3...4...5...6...7...8...9...10Writing leaf ambient...done
Ready to Finish

Object names       Objects/Maxobjs  Memory / Maxmem  Fullness 
------------       ---------------  ---------------  -------- 
models                   1/1024           48/49152    ( 0.1%) 
brushes                 92/8192         1104/98304    ( 1.1%) 
brushsides             585/65536        4680/524288   ( 0.9%) 
planes                 276/65536        5520/1310720  ( 0.4%) 
vertexes               451/65536        5412/786432   ( 0.7%) 
nodes                  108/65536        3456/2097152  ( 0.2%) 
texinfos               106/12288        7632/884736   ( 0.9%) 
texdata                 27/2048          864/65536    ( 1.3%) 
dispinfos                0/0               0/0        ( 0.0%) 
disp_verts               0/0               0/0        ( 0.0%) 
disp_tris                0/0               0/0        ( 0.0%) 
disp_lmsamples           0/0               0/0        ( 0.0%) 
faces                  298/65536       16688/3670016  ( 0.5%) 
hdr faces                0/65536           0/3670016  ( 0.0%) 
origfaces              207/65536       11592/3670016  ( 0.3%) 
leaves                 110/65536        3520/2097152  ( 0.2%) 
leaffaces              381/65536         762/131072   ( 0.6%) 
leafbrushes            129/65536         258/131072   ( 0.2%) 
areas                    2/256            16/2048     ( 0.8%) 
surfedges             2272/512000       9088/2048000  ( 0.4%) 
edges                 1456/256000       5824/1024000  ( 0.6%) 
LDR worldlights          1/65536          88/5767168  ( 0.0%) 
HDR worldlights          0/65536           0/5767168  ( 0.0%) 
leafwaterdata            0/32768           0/393216   ( 0.0%) 
waterstrips             25/32768         250/327680   ( 0.1%) 
waterverts               0/65536           0/786432   ( 0.0%) 
waterindices           498/65536         996/131072   ( 0.8%) 
cubemapsamples           0/1024            0/16384    ( 0.0%) 
overlays                 1/8192          352/2883584  ( 0.0%) 
LDR lightdata         [variable]      114576/0        ( 0.0%) 
HDR lightdata         [variable]           0/0        ( 0.0%) 
visdata               [variable]        1089/16777216 ( 0.0%) 
entdata               [variable]        1623/393216   ( 0.4%) 
LDR ambient table      110/65536         440/262144   ( 0.2%) 
HDR ambient table      110/65536         440/262144   ( 0.2%) 
LDR leaf ambient       204/65536        5712/1835008  ( 0.3%) 
HDR leaf ambient       110/65536        3080/1835008  ( 0.2%) 
occluders                0/0               0/0        ( 0.0%) 
occluder polygons        0/0               0/0        ( 0.0%) 
occluder vert ind        0/0               0/0        ( 0.0%) 
detail props          [variable]           1/12       ( 8.3%) 
static props          [variable]           1/3282     ( 0.0%) 
pakfile               [variable]         625/0        ( 0.0%) 
physics               [variable]       31274/4194304  ( 0.7%) 
physics terrain       [variable]           2/1048576  ( 0.0%) 

Level flags = 0

Total triangle count: 848
Writing d:\steam\steamapps\sourcemods\entropyzero2-addonworkspace\mapsrc\1.bsp
0 seconds elapsed



materialPath: D:\steam\steamapps\sourcemods\entropyzero2-addonworkspace\materials
Loading d:\steam\steamapps\sourcemods\entropyzero2-addonworkspace\mapsrc\1.vmf
ConVarRef mat_reduceparticles doesn't point to an existing ConVar
"materials/az2/glass_superfrosted.vtf": cached version doesn't exist
fixing up env_cubemap materials on brush sides...
0...1...2...3...4...5...6...7...8...9...100...1...2...3...4...5...6...7...8...9...10Processing areas...done (0)
Building Faces...done (0)
Chop Details...done (0)
Find Visible Detail Sides...
Merged 16 detail faces...done (0)
Merging details...done (0)
FixTjuncs...
PruneNodes...
WriteBSP...
done (0)
writing d:\steam\steamapps\sourcemods\entropyzero2-addonworkspace\mapsrc\1.prt...Building visibility clusters...
done (0)
Finding displacement neighbors...
Finding lightmap sample positions...
Displacement Alpha : 0...1...2...3...4...5...6...7...8...9...10
Building Physics collision data...
done (0) (31274 bytes)
Placing static props...
Error! To use model "models/props_wasteland/plasterwall029g_window01a_bars.mdl"
      with prop_static, it must be compiled with $staticprop!
Error loading studio model "models/props_wasteland/plasterwall029g_window01a_bars.mdl"!
Placing detail props : 0...1...2...3...4...5...6...7...8...9...10
Compacting texture/material tables...
Reduced 203 texinfos to 106
Reduced 29 texdatas to 27 (656 bytes to 587)
Writing d:\steam\steamapps\sourcemods\entropyzero2-addonworkspace\mapsrc\1.bsp
0 seconds elapsed



12 threads
reading d:\steam\steamapps\sourcemods\entropyzero2-addonworkspace\mapsrc\1.bsp
reading d:\steam\steamapps\sourcemods\entropyzero2-addonworkspace\mapsrc\1.prt
  49 portalclusters
  78 numportals
0...1...2...3...4...5...6...7...8...9...10Optimized: 31 visible clusters (1.43%)
Total clusters visible: 2174
Average clusters visible: 44
Building PAS...
Average clusters audible: 48
visdatasize:1089  compressed from 784
writing d:\steam\steamapps\sourcemods\entropyzero2-addonworkspace\mapsrc\1.bsp
0 seconds elapsed



[Reading texlights from 'lights.rad']
[48 texlights parsed from 'lights.rad']

Loading d:\steam\steamapps\sourcemods\entropyzero2-addonworkspace\mapsrc\1.bsp
298 faces
10884 square feet [1567358.62 square inches]
0 Displacements
0 Square Feet [0.00 Square Inches]
298 patches before subdivision
2056 patches after subdivision
2 direct lights
0...1...2...3...4...5...6...7...8...9...100...1...2...3...4...5...6...7...8...9...10transfers 123631, max 205
transfer lists:   0.9 megs
0...1...2...3...4...5...6...7...8...9...10	Bounce #1 added RGB(6805, 6280, 3860)
0...1...2...3...4...5...6...7...8...9...10	Bounce #2 added RGB(2196, 1848, 882)
Build Patch/Sample Hash Table(s).....Done<0.0003 sec>
0...1...2...3...4...5...6...7...8...9...10FinalLightFace Done
0 of 0 (0% of) surface lights went in leaf ambient cubes.
0...1...2...3...4...5...6...7...8...9...10Writing leaf ambient...done
Ready to Finish

Object names       Objects/Maxobjs  Memory / Maxmem  Fullness 
------------       ---------------  ---------------  -------- 
models                   1/1024           48/49152    ( 0.1%) 
brushes                 92/8192         1104/98304    ( 1.1%) 
brushsides             585/65536        4680/524288   ( 0.9%) 
planes                 276/65536        5520/1310720  ( 0.4%) 
vertexes               451/65536        5412/786432   ( 0.7%) 
nodes                  108/65536        3456/2097152  ( 0.2%) 
texinfos               106/12288        7632/884736   ( 0.9%) 
texdata                 27/2048          864/65536    ( 1.3%) 
dispinfos                0/0               0/0        ( 0.0%) 
disp_verts               0/0               0/0        ( 0.0%) 
disp_tris                0/0               0/0        ( 0.0%) 
disp_lmsamples           0/0               0/0        ( 0.0%) 
faces                  298/65536       16688/3670016  ( 0.5%) 
hdr faces                0/65536           0/3670016  ( 0.0%) 
origfaces              207/65536       11592/3670016  ( 0.3%) 
leaves                 110/65536        3520/2097152  ( 0.2%) 
leaffaces              381/65536         762/131072   ( 0.6%) 
leafbrushes            129/65536         258/131072   ( 0.2%) 
areas                    2/256            16/2048     ( 0.8%) 
surfedges             2272/512000       9088/2048000  ( 0.4%) 
edges                 1456/256000       5824/1024000  ( 0.6%) 
LDR worldlights          2/65536         176/5767168  ( 0.0%) 
HDR worldlights          0/65536           0/5767168  ( 0.0%) 
leafwaterdata            0/32768           0/393216   ( 0.0%) 
waterstrips             25/32768         250/327680   ( 0.1%) 
waterverts               0/65536           0/786432   ( 0.0%) 
waterindices           498/65536         996/131072   ( 0.8%) 
cubemapsamples           0/1024            0/16384    ( 0.0%) 
overlays                 1/8192          352/2883584  ( 0.0%) 
LDR lightdata         [variable]      114576/0        ( 0.0%) 
HDR lightdata         [variable]           0/0        ( 0.0%) 
visdata               [variable]        1089/16777216 ( 0.0%) 
entdata               [variable]        1783/393216   ( 0.5%) 
LDR ambient table      110/65536         440/262144   ( 0.2%) 
HDR ambient table      110/65536         440/262144   ( 0.2%) 
LDR leaf ambient       303/65536        8484/1835008  ( 0.5%) 
HDR leaf ambient       110/65536        3080/1835008  ( 0.2%) 
occluders                0/0               0/0        ( 0.0%) 
occluder polygons        0/0               0/0        ( 0.0%) 
occluder vert ind        0/0               0/0        ( 0.0%) 
detail props          [variable]           1/12       ( 8.3%) 
static props          [variable]           1/3282     ( 0.0%) 
pakfile               [variable]         625/0        ( 0.0%) 
physics               [variable]       31274/4194304  ( 0.7%) 
physics terrain       [variable]           2/1048576  ( 0.0%) 

Level flags = 0

Total triangle count: 848
Writing d:\steam\steamapps\sourcemods\entropyzero2-addonworkspace\mapsrc\1.bsp
0 seconds elapsed



materialPath: D:\steam\steamapps\sourcemods\entropyzero2-addonworkspace\materials
Loading d:\steam\steamapps\sourcemods\entropyzero2-addonworkspace\mapsrc\1.vmf
ConVarRef mat_reduceparticles doesn't point to an existing ConVar
"materials/az2/glass_superfrosted.vtf": cached version doesn't exist
fixing up env_cubemap materials on brush sides...
0...1...2...3...4...5...6...7...8...9...100...1...2...3...4...5...6...7...8...9...10Processing areas...done (0)
Building Faces...done (0)
Chop Details...done (0)
Find Visible Detail Sides...
Merged 16 detail faces...done (0)
Merging details...done (0)
FixTjuncs...
PruneNodes...
WriteBSP...
done (0)
writing d:\steam\steamapps\sourcemods\entropyzero2-addonworkspace\mapsrc\1.prt...Building visibility clusters...
done (0)
Finding displacement neighbors...
Finding lightmap sample positions...
Displacement Alpha : 0...1...2...3...4...5...6...7...8...9...10
Building Physics collision data...
done (0) (31274 bytes)
Placing static props...
Error! To use model "models/props_wasteland/plasterwall029g_window01a_bars.mdl"
      with prop_static, it must be compiled with $staticprop!
Error loading studio model "models/props_wasteland/plasterwall029g_window01a_bars.mdl"!
Placing detail props : 0...1...2...3...4...5...6...7...8...9...10
Compacting texture/material tables...
Reduced 203 texinfos to 106
Reduced 29 texdatas to 27 (656 bytes to 587)
Writing d:\steam\steamapps\sourcemods\entropyzero2-addonworkspace\mapsrc\1.bsp
0 seconds elapsed



12 threads
reading d:\steam\steamapps\sourcemods\entropyzero2-addonworkspace\mapsrc\1.bsp
reading d:\steam\steamapps\sourcemods\entropyzero2-addonworkspace\mapsrc\1.prt
  49 portalclusters
  78 numportals
0...1...2...3...4...5...6...7...8...9...10Optimized: 31 visible clusters (1.43%)
Total clusters visible: 2174
Average clusters visible: 44
Building PAS...
Average clusters audible: 48
visdatasize:1089  compressed from 784
writing d:\steam\steamapps\sourcemods\entropyzero2-addonworkspace\mapsrc\1.bsp
0 seconds elapsed



[Reading texlights from 'lights.rad']
[48 texlights parsed from 'lights.rad']

Loading d:\steam\steamapps\sourcemods\entropyzero2-addonworkspace\mapsrc\1.bsp
298 faces
10884 square feet [1567358.62 square inches]
0 Displacements
0 Square Feet [0.00 Square Inches]
298 patches before subdivision
2056 patches after subdivision
5 direct lights
0...1...2...3...4...5...6...7...8...9...100...1...2...3...4...5...6...7...8...9...10transfers 123631, max 205
transfer lists:   0.9 megs
0...1...2...3...4...5...6...7...8...9...10	Bounce #1 added RGB(9494, 8424, 5041)
0...1...2...3...4...5...6...7...8...9...10	Bounce #2 added RGB(2643, 2127, 988)
Build Patch/Sample Hash Table(s).....Done<0.0003 sec>
0...1...2...3...4...5...6...7...8...9...10FinalLightFace Done
0 of 0 (0% of) surface lights went in leaf ambient cubes.
0...1...2...3...4...5...6...7...8...9...10Writing leaf ambient...done
Ready to Finish

Object names       Objects/Maxobjs  Memory / Maxmem  Fullness 
------------       ---------------  ---------------  -------- 
models                   1/1024           48/49152    ( 0.1%) 
brushes                 92/8192         1104/98304    ( 1.1%) 
brushsides             585/65536        4680/524288   ( 0.9%) 
planes                 276/65536        5520/1310720  ( 0.4%) 
vertexes               451/65536        5412/786432   ( 0.7%) 
nodes                  108/65536        3456/2097152  ( 0.2%) 
texinfos               106/12288        7632/884736   ( 0.9%) 
texdata                 27/2048          864/65536    ( 1.3%) 
dispinfos                0/0               0/0        ( 0.0%) 
disp_verts               0/0               0/0        ( 0.0%) 
disp_tris                0/0               0/0        ( 0.0%) 
disp_lmsamples           0/0               0/0        ( 0.0%) 
faces                  298/65536       16688/3670016  ( 0.5%) 
hdr faces                0/65536           0/3670016  ( 0.0%) 
origfaces              207/65536       11592/3670016  ( 0.3%) 
leaves                 110/65536        3520/2097152  ( 0.2%) 
leaffaces              381/65536         762/131072   ( 0.6%) 
leafbrushes            129/65536         258/131072   ( 0.2%) 
areas                    2/256            16/2048     ( 0.8%) 
surfedges             2272/512000       9088/2048000  ( 0.4%) 
edges                 1456/256000       5824/1024000  ( 0.6%) 
LDR worldlights          5/65536         440/5767168  ( 0.0%) 
HDR worldlights          0/65536           0/5767168  ( 0.0%) 
leafwaterdata            0/32768           0/393216   ( 0.0%) 
waterstrips             25/32768         250/327680   ( 0.1%) 
waterverts               0/65536           0/786432   ( 0.0%) 
waterindices           498/65536         996/131072   ( 0.8%) 
cubemapsamples           0/1024            0/16384    ( 0.0%) 
overlays                 1/8192          352/2883584  ( 0.0%) 
LDR lightdata         [variable]      114576/0        ( 0.0%) 
HDR lightdata         [variable]           0/0        ( 0.0%) 
visdata               [variable]        1089/16777216 ( 0.0%) 
entdata               [variable]        2260/393216   ( 0.6%) 
LDR ambient table      110/65536         440/262144   ( 0.2%) 
HDR ambient table      110/65536         440/262144   ( 0.2%) 
LDR leaf ambient       317/65536        8876/1835008  ( 0.5%) 
HDR leaf ambient       110/65536        3080/1835008  ( 0.2%) 
occluders                0/0               0/0        ( 0.0%) 
occluder polygons        0/0               0/0        ( 0.0%) 
occluder vert ind        0/0               0/0        ( 0.0%) 
detail props          [variable]           1/12       ( 8.3%) 
static props          [variable]           1/3282     ( 0.0%) 
pakfile               [variable]         625/0        ( 0.0%) 
physics               [variable]       31274/4194304  ( 0.7%) 
physics terrain       [variable]           2/1048576  ( 0.0%) 

Level flags = 0

Total triangle count: 848
Writing d:\steam\steamapps\sourcemods\entropyzero2-addonworkspace\mapsrc\1.bsp
0 seconds elapsed



materialPath: D:\steam\steamapps\sourcemods\entropyzero2-addonworkspace\materials
Loading d:\steam\steamapps\sourcemods\entropyzero2-addonworkspace\mapsrc\1.vmf
ConVarRef mat_reduceparticles doesn't point to an existing ConVar
"materials/az2/glass_superfrosted.vtf": cached version doesn't exist
fixing up env_cubemap materials on brush sides...
0...1...2...3...4...5...6...7...8...9...100...1...2...3...4...5...6...7...8...9...10Processing areas...done (0)
Building Faces...done (0)
Chop Details...done (0)
Find Visible Detail Sides...
Merged 16 detail faces...done (0)
Merging details...done (0)
FixTjuncs...
PruneNodes...
WriteBSP...
done (0)
writing d:\steam\steamapps\sourcemods\entropyzero2-addonworkspace\mapsrc\1.prt...Building visibility clusters...
done (0)
Finding displacement neighbors...
Finding lightmap sample positions...
Displacement Alpha : 0...1...2...3...4...5...6...7...8...9...10
Building Physics collision data...
done (0) (31274 bytes)
Placing static props...
Error! To use model "models/props_wasteland/plasterwall029g_window01a_bars.mdl"
      with prop_static, it must be compiled with $staticprop!
Error loading studio model "models/props_wasteland/plasterwall029g_window01a_bars.mdl"!
Placing detail props : 0...1...2...3...4...5...6...7...8...9...10
Compacting texture/material tables...
Reduced 203 texinfos to 106
Reduced 29 texdatas to 27 (656 bytes to 587)
Writing d:\steam\steamapps\sourcemods\entropyzero2-addonworkspace\mapsrc\1.bsp
0 seconds elapsed



12 threads
reading d:\steam\steamapps\sourcemods\entropyzero2-addonworkspace\mapsrc\1.bsp
reading d:\steam\steamapps\sourcemods\entropyzero2-addonworkspace\mapsrc\1.prt
  49 portalclusters
  78 numportals
0...1...2...3...4...5...6...7...8...9...10Optimized: 31 visible clusters (1.43%)
Total clusters visible: 2174
Average clusters visible: 44
Building PAS...
Average clusters audible: 48
visdatasize:1089  compressed from 784
writing d:\steam\steamapps\sourcemods\entropyzero2-addonworkspace\mapsrc\1.bsp
0 seconds elapsed



[Reading texlights from 'lights.rad']
[48 texlights parsed from 'lights.rad']

Loading d:\steam\steamapps\sourcemods\entropyzero2-addonworkspace\mapsrc\1.bsp
298 faces
10884 square feet [1567358.62 square inches]
0 Displacements
0 Square Feet [0.00 Square Inches]
298 patches before subdivision
2056 patches after subdivision
5 direct lights
0...1...2...3...4...5...6...7...8...9...100...1...2...3...4...5...6...7...8...9...10transfers 123631, max 205
transfer lists:   0.9 megs
0...1...2...3...4...5...6...7...8...9...10	Bounce #1 added RGB(9494, 8424, 5041)
0...1...2...3...4...5...6...7...8...9...10	Bounce #2 added RGB(2643, 2127, 988)
Build Patch/Sample Hash Table(s).....Done<0.0003 sec>
0...1...2...3...4...5...6...7...8...9...10FinalLightFace Done
0 of 0 (0% of) surface lights went in leaf ambient cubes.
0...1...2...3...4...5...6...7...8...9...10Writing leaf ambient...done
Ready to Finish

Object names       Objects/Maxobjs  Memory / Maxmem  Fullness 
------------       ---------------  ---------------  -------- 
models                   1/1024           48/49152    ( 0.1%) 
brushes                 92/8192         1104/98304    ( 1.1%) 
brushsides             585/65536        4680/524288   ( 0.9%) 
planes                 276/65536        5520/1310720  ( 0.4%) 
vertexes               451/65536        5412/786432   ( 0.7%) 
nodes                  108/65536        3456/2097152  ( 0.2%) 
texinfos               106/12288        7632/884736   ( 0.9%) 
texdata                 27/2048          864/65536    ( 1.3%) 
dispinfos                0/0               0/0        ( 0.0%) 
disp_verts               0/0               0/0        ( 0.0%) 
disp_tris                0/0               0/0        ( 0.0%) 
disp_lmsamples           0/0               0/0        ( 0.0%) 
faces                  298/65536       16688/3670016  ( 0.5%) 
hdr faces                0/65536           0/3670016  ( 0.0%) 
origfaces              207/65536       11592/3670016  ( 0.3%) 
leaves                 110/65536        3520/2097152  ( 0.2%) 
leaffaces              381/65536         762/131072   ( 0.6%) 
leafbrushes            129/65536         258/131072   ( 0.2%) 
areas                    2/256            16/2048     ( 0.8%) 
surfedges             2272/512000       9088/2048000  ( 0.4%) 
edges                 1456/256000       5824/1024000  ( 0.6%) 
LDR worldlights          5/65536         440/5767168  ( 0.0%) 
HDR worldlights          0/65536           0/5767168  ( 0.0%) 
leafwaterdata            0/32768           0/393216   ( 0.0%) 
waterstrips             25/32768         250/327680   ( 0.1%) 
waterverts               0/65536           0/786432   ( 0.0%) 
waterindices           498/65536         996/131072   ( 0.8%) 
cubemapsamples           0/1024            0/16384    ( 0.0%) 
overlays                 1/8192          352/2883584  ( 0.0%) 
LDR lightdata         [variable]      114576/0        ( 0.0%) 
HDR lightdata         [variable]           0/0        ( 0.0%) 
visdata               [variable]        1089/16777216 ( 0.0%) 
entdata               [variable]        3055/393216   ( 0.8%) 
LDR ambient table      110/65536         440/262144   ( 0.2%) 
HDR ambient table      110/65536         440/262144   ( 0.2%) 
LDR leaf ambient       317/65536        8876/1835008  ( 0.5%) 
HDR leaf ambient       110/65536        3080/1835008  ( 0.2%) 
occluders                0/0               0/0        ( 0.0%) 
occluder polygons        0/0               0/0        ( 0.0%) 
occluder vert ind        0/0               0/0        ( 0.0%) 
detail props          [variable]           1/12       ( 8.3%) 
static props          [variable]           1/3282     ( 0.0%) 
pakfile               [variable]         625/0        ( 0.0%) 
physics               [variable]       31274/4194304  ( 0.7%) 
physics terrain       [variable]           2/1048576  ( 0.0%) 

Level flags = 0

Total triangle count: 848
Writing d:\steam\steamapps\sourcemods\entropyzero2-addonworkspace\mapsrc\1.bsp
0 seconds elapsed
