PRT1
93
147
4 0 7 (0 3104 128 ) (0 3264 128 ) (0 3264 0 ) (0 3104 0 ) 
4 0 4 (0 3104 0 ) (64 3104 0 ) (64 3104 112 ) (0 3104 112 ) 
4 0 3 (64 3104 112 ) (64 3104 128 ) (0 3104 128 ) (0 3104 112 ) 
4 0 2 (64 3104 0 ) (128 3104 0 ) (128 3104 128 ) (64 3104 128 ) 
4 0 1 (128 3104 0 ) (136 3104 0 ) (136 3104 128 ) (128 3104 128 ) 
4 1 2 (128 3104 128 ) (128 3104 0 ) (128 3096 0 ) (128 3096 128 ) 
4 2 4 (64 3104 112 ) (64 3104 0 ) (64 3080 0 ) (64 3080 112 ) 
4 2 3 (64 3104 128 ) (64 3104 112 ) (64 3080 112 ) (64 3080 128 ) 
4 3 7 (0 3080 128 ) (0 3104 128 ) (0 3104 112 ) (0 3080 112 ) 
4 3 4 (0 3080 112 ) (0 3104 112 ) (64 3104 112 ) (64 3080 112 ) 
4 4 7 (0 3080 112 ) (0 3104 112 ) (0 3104 0 ) (0 3080 0 ) 
4 4 5 (0 3078 0 ) (64 3078 0 ) (64 3078 112 ) (0 3078 112 ) 
4 5 6 (0 3074 0 ) (64 3074 0 ) (64 3074 112 ) (0 3074 112 ) 
4 6 48 (0 3072 112 ) (0 3072 0 ) (64 3072 0 ) (64 3072 112 ) 
4 7 9 (-64 3104 0 ) (-64 3096 0 ) (-64 3096 128 ) (-64 3104 128 ) 
4 7 8 (-64 3264 0 ) (-64 3104 0 ) (-64 3104 128 ) (-64 3264 128 ) 
4 8 9 (-72 3104 0 ) (-64 3104 0 ) (-64 3104 128 ) (-72 3104 128 ) 
4 10 74 (-688 3072 96 ) (-688 3072 16 ) (-624 3072 16 ) (-624 3072 96 ) 
4 10 71 (-624 3072 16 ) (-528 3072 16 ) (-528 3072 96 ) (-624 3072 96 ) 
4 10 70 (-528 3072 16 ) (-464 3072 16 ) (-464 3072 96 ) (-528 3072 96 ) 
4 10 69 (-688 3072 128 ) (-688 3072 96 ) (-464 3072 96 ) (-464 3072 128 ) 
4 10 50 (-464 3072 240 ) (-688 3072 240 ) (-688 3072 128 ) (-464 3072 128 ) 
4 11 12 (-2032 4512 112 ) (-2032 4512 16 ) (-1936 4512 16 ) (-1936 4512 112 ) 
4 13 19 (456 2982 106 ) (456 2982 98 ) (456 2938 98 ) (456 2938 106 ) 
4 13 14 (456 2920 98 ) (456 3000 98 ) (464 3000 98 ) (464 2920 98 ) 
4 14 19 (456 2938 98 ) (456 2982 98 ) (456 2982 34 ) (456 2938 34 ) 
4 14 18 (456 2920 34 ) (456 3000 34 ) (464 3000 34 ) (464 2920 34 ) 
4 15 16 (460 2160 98 ) (460 2160 34 ) (460 2128 34 ) (460 2128 98 ) 
4 16 17 (458 2160 98 ) (458 2160 34 ) (458 2128 34 ) (458 2128 98 ) 
4 17 20 (456 2128 98 ) (456 2160 98 ) (456 2160 34 ) (456 2128 34 ) 
4 18 19 (456 2938 34 ) (456 2982 34 ) (456 2982 30 ) (456 2938 30 ) 
4 19 21 (448 2938 30 ) (448 2938 106 ) (448 2982 106 ) (448 2982 30 ) 
4 20 26 (448 2128 98 ) (448 2160 98 ) (448 2160 34 ) (448 2128 34 ) 
4 21 24 (264 3072 0 ) (264 2868 0 ) (264 2868 112 ) (264 3072 112 ) 
4 21 23 (264 2868 112 ) (264 2868 128 ) (264 3072 128 ) (264 3072 112 ) 
4 22 25 (264 2828 0 ) (264 2772 0 ) (264 2772 112 ) (264 2828 112 ) 
4 23 27 (256 2860 128 ) (256 3072 128 ) (256 3072 112 ) (256 2860 112 ) 
4 23 24 (264 3072 112 ) (264 2868 112 ) (256 2860 112 ) (256 3072 112 ) 
4 24 28 (256 3072 0 ) (256 2860 0 ) (256 2860 112 ) (256 3072 112 ) 
4 25 28 (256 2828 0 ) (256 2772 0 ) (256 2772 112 ) (256 2828 112 ) 
4 26 40 (256 2116 0 ) (256 2048 0 ) (256 2048 112 ) (256 2116 112 ) 
4 26 37 (256 2172 0 ) (256 2116 0 ) (256 2116 108 ) (256 2172 108 ) 
4 26 35 (256 2116 108 ) (256 2116 112 ) (256 2172 112 ) (256 2172 108 ) 
4 26 33 (256 2240 0 ) (256 2172 0 ) (256 2172 112 ) (256 2240 112 ) 
4 26 31 (256 2048 112 ) (256 2048 128 ) (256 2240 128 ) (256 2240 112 ) 
4 27 28 (136 2752 112 ) (136 3072 112 ) (256 3072 112 ) (256 2752 112 ) 
4 28 43 (136 2972 0 ) (136 2916 0 ) (136 2916 112 ) (136 2972 112 ) 
4 28 29 (220 2752 112 ) (164 2752 112 ) (164 2752 0 ) (220 2752 0 ) 
4 29 30 (164 2744 0 ) (220 2744 0 ) (220 2744 112 ) (164 2744 112 ) 
4 31 40 (256 2116 112 ) (256 2048 112 ) (168 2048 112 ) (168 2116 112 ) 
4 31 35 (256 2172 112 ) (256 2116 112 ) (168 2116 112 ) (168 2172 112 ) 
4 31 33 (168 2240 112 ) (256 2240 112 ) (256 2172 112 ) (168 2172 112 ) 
4 32 42 (136 2048 112 ) (136 2048 128 ) (136 2240 128 ) (136 2240 112 ) 
4 32 41 (136 2048 112 ) (136 2116 112 ) (160 2116 112 ) (160 2048 112 ) 
4 32 36 (136 2116 112 ) (136 2172 112 ) (160 2172 112 ) (160 2116 112 ) 
4 32 34 (136 2172 112 ) (136 2240 112 ) (160 2240 112 ) (160 2172 112 ) 
4 33 37 (256 2172 0 ) (256 2172 108 ) (168 2172 108 ) (168 2172 0 ) 
4 33 35 (256 2172 108 ) (256 2172 112 ) (168 2172 112 ) (168 2172 108 ) 
4 34 45 (136 2240 0 ) (136 2172 0 ) (136 2172 112 ) (136 2240 112 ) 
4 34 39 (136 2172 108 ) (136 2172 0 ) (160 2172 0 ) (160 2172 108 ) 
4 34 36 (160 2172 112 ) (136 2172 112 ) (136 2172 108 ) (160 2172 108 ) 
4 35 40 (256 2116 108 ) (256 2116 112 ) (168 2116 112 ) (168 2116 108 ) 
4 35 37 (256 2116 108 ) (166 2116 108 ) (166 2172 108 ) (256 2172 108 ) 
4 36 45 (136 2116 108 ) (136 2116 112 ) (136 2172 112 ) (136 2172 108 ) 
4 36 41 (160 2116 112 ) (136 2116 112 ) (136 2116 108 ) (160 2116 108 ) 
4 36 39 (162 2116 108 ) (136 2116 108 ) (136 2172 108 ) (162 2172 108 ) 
4 37 40 (256 2116 0 ) (256 2116 108 ) (168 2116 108 ) (168 2116 0 ) 
4 37 38 (166 2120 108 ) (166 2168 108 ) (166 2168 0 ) (166 2120 0 ) 
4 38 39 (162 2120 108 ) (162 2168 108 ) (162 2168 0 ) (162 2120 0 ) 
4 39 45 (136 2172 0 ) (136 2116 0 ) (136 2116 108 ) (136 2172 108 ) 
4 39 41 (160 2116 108 ) (136 2116 108 ) (136 2116 0 ) (160 2116 0 ) 
4 41 45 (136 2116 0 ) (136 2048 0 ) (136 2048 112 ) (136 2116 112 ) 
4 42 46 (128 2048 112 ) (128 2048 128 ) (128 2248 128 ) (128 2248 112 ) 
4 42 45 (128 2048 112 ) (128 2248 112 ) (136 2240 112 ) (136 2048 112 ) 
4 43 47 (128 2972 0 ) (128 2916 0 ) (128 2916 112 ) (128 2972 112 ) 
4 44 46 (128 2588 0 ) (128 2532 0 ) (128 2532 112 ) (128 2588 112 ) 
4 45 46 (128 2248 0 ) (128 2048 0 ) (128 2048 112 ) (128 2248 112 ) 
4 46 48 (120 2632 0 ) (120 2048 0 ) (120 2048 128 ) (120 2632 128 ) 
4 47 48 (120 3072 0 ) (120 2680 0 ) (120 2680 128 ) (120 3072 128 ) 
4 48 57 (0 2256 0 ) (0 2048 0 ) (0 2048 128 ) (0 2256 128 ) 
4 48 52 (0 3072 128 ) (0 3072 0 ) (0 2256 0 ) (0 2256 128 ) 
4 48 49 (96 2048 128 ) (0 2048 128 ) (0 2048 0 ) (96 2048 0 ) 
4 49 86 (0 2032 0 ) (0 2032 128 ) (0 2048 128 ) (0 2048 0 ) 
4 50 69 (-688 3072 128 ) (-464 3072 128 ) (-464 2960 128 ) (-688 2960 128 ) 
4 51 85 (-1024 2608 128 ) (-1024 2416 128 ) (-1024 2416 192 ) (-1024 2608 192 ) 
4 51 75 (-1024 2416 128 ) (-1024 2608 128 ) (-960 2608 128 ) (-960 2416 128 ) 
4 52 57 (-56 2256 0 ) (0 2256 0 ) (0 2256 128 ) (-56 2256 128 ) 
4 52 54 (-56 3072 0 ) (-56 2680 0 ) (-56 2680 128 ) (-56 3072 128 ) 
4 52 53 (-56 2632 0 ) (-56 2256 0 ) (-56 2256 128 ) (-56 2632 128 ) 
4 53 57 (-64 2256 0 ) (-56 2256 0 ) (-56 2256 128 ) (-64 2256 128 ) 
4 53 56 (-64 2588 0 ) (-64 2532 0 ) (-64 2532 112 ) (-64 2588 112 ) 
4 54 55 (-64 2972 0 ) (-64 2916 0 ) (-64 2916 112 ) (-64 2972 112 ) 
4 57 86 (0 2048 0 ) (0 2048 128 ) (-32 2048 128 ) (-32 2048 0 ) 
4 57 58 (-64 2248 0 ) (-64 2240 0 ) (-64 2240 128 ) (-64 2248 128 ) 
4 57 59 (-64 2240 0 ) (-64 2048 0 ) (-64 2048 128 ) (-64 2240 128 ) 
4 58 59 (-72 2240 0 ) (-64 2240 0 ) (-64 2240 128 ) (-72 2240 128 ) 
4 59 60 (-96 2176 0 ) (-96 2112 0 ) (-96 2112 112 ) (-96 2176 112 ) 
4 60 61 (-98 2176 112 ) (-98 2176 0 ) (-98 2112 0 ) (-98 2112 112 ) 
4 61 62 (-102 2176 112 ) (-102 2176 0 ) (-102 2112 0 ) (-102 2112 112 ) 
4 62 66 (-104 2176 0 ) (-104 2112 0 ) (-104 2112 56 ) (-104 2176 56 ) 
4 62 65 (-104 2112 56 ) (-104 2112 64 ) (-104 2176 64 ) (-104 2176 56 ) 
4 62 63 (-104 2112 64 ) (-104 2112 112 ) (-104 2176 112 ) (-104 2176 64 ) 
4 63 88 (-320 2048 112 ) (-320 2048 64 ) (-104 2048 64 ) (-104 2048 112 ) 
4 63 87 (-104 2048 128 ) (-320 2048 128 ) (-320 2048 112 ) (-104 2048 112 ) 
4 63 68 (-104 2096 64 ) (-104 2048 64 ) (-320 2048 64 ) (-320 2096 64 ) 
4 63 65 (-104 2192 64 ) (-104 2096 64 ) (-320 2096 64 ) (-320 2192 64 ) 
4 63 64 (-320 2256 64 ) (-104 2256 64 ) (-104 2192 64 ) (-320 2192 64 ) 
4 64 76 (-320 2256 0 ) (-160 2256 0 ) (-160 2192 0 ) (-320 2192 0 ) 
4 64 66 (-104 2192 0 ) (-104 2192 56 ) (-320 2192 56 ) (-320 2192 0 ) 
4 64 65 (-104 2192 56 ) (-104 2192 64 ) (-320 2192 64 ) (-320 2192 56 ) 
4 65 68 (-104 2096 56 ) (-104 2096 64 ) (-320 2096 64 ) (-320 2096 56 ) 
4 65 66 (-104 2096 56 ) (-344 2096 56 ) (-344 2192 56 ) (-104 2192 56 ) 
4 66 78 (-344 2192 0 ) (-320 2192 0 ) (-320 2096 0 ) (-344 2096 0 ) 
4 66 76 (-320 2192 0 ) (-160 2192 0 ) (-160 2096 0 ) (-320 2096 0 ) 
4 66 68 (-104 2096 0 ) (-104 2096 56 ) (-320 2096 56 ) (-320 2096 0 ) 
4 66 67 (-344 2096 0 ) (-344 2096 56 ) (-344 2192 56 ) (-344 2192 0 ) 
4 67 79 (-352 2096 0 ) (-352 2192 0 ) (-344 2192 0 ) (-344 2096 0 ) 
4 68 88 (-320 2048 0 ) (-104 2048 0 ) (-104 2048 64 ) (-320 2048 64 ) 
4 68 76 (-160 2048 0 ) (-320 2048 0 ) (-320 2096 0 ) (-160 2096 0 ) 
4 69 74 (-688 3072 96 ) (-624 3072 96 ) (-624 2960 96 ) (-688 2960 96 ) 
4 69 71 (-624 3072 96 ) (-528 3072 96 ) (-528 2960 96 ) (-624 2960 96 ) 
4 69 70 (-528 3072 96 ) (-464 3072 96 ) (-464 2960 96 ) (-528 2960 96 ) 
4 70 71 (-528 2960 96 ) (-528 3072 96 ) (-528 3072 16 ) (-528 2960 16 ) 
4 71 74 (-624 2960 96 ) (-624 3072 96 ) (-624 3072 16 ) (-624 2960 16 ) 
4 72 73 (-528 2768 16 ) (-624 2768 16 ) (-624 2864 16 ) (-528 2864 16 ) 
4 75 85 (-1024 2608 0 ) (-1024 2416 0 ) (-1024 2416 128 ) (-1024 2608 128 ) 
4 76 89 (-160 2048 0 ) (-320 2048 0 ) (-320 2048 -16 ) (-160 2048 -16 ) 
4 76 78 (-320 2192 -16 ) (-320 2096 -16 ) (-320 2096 0 ) (-320 2192 0 ) 
4 76 77 (-320 2048 -16 ) (-320 2256 -16 ) (-160 2256 -16 ) (-160 2048 -16 ) 
4 77 91 (-256 2048 -16 ) (-320 2048 -16 ) (-320 2048 -64 ) (-256 2048 -64 ) 
4 77 90 (-104 2048 -16 ) (-256 2048 -16 ) (-256 2048 -64 ) (-104 2048 -64 ) 
4 77 80 (-256 2256 -64 ) (-104 2256 -64 ) (-104 2048 -64 ) (-256 2048 -64 ) 
4 77 78 (-320 2192 -64 ) (-320 2096 -64 ) (-320 2096 -16 ) (-320 2192 -16 ) 
4 78 82 (-344 2192 -64 ) (-320 2192 -64 ) (-320 2096 -64 ) (-344 2096 -64 ) 
4 78 79 (-344 2192 0 ) (-344 2192 -64 ) (-344 2096 -64 ) (-344 2096 0 ) 
4 80 90 (-104 2048 -64 ) (-256 2048 -64 ) (-256 2048 -320 ) (-104 2048 -320 ) 
4 80 81 (-256 2256 -320 ) (-256 2048 -320 ) (-256 2048 -72 ) (-256 2256 -72 ) 
4 81 92 (-320 2048 -72 ) (-320 2048 -320 ) (-256 2048 -320 ) (-256 2048 -72 ) 
4 81 82 (-320 2192 -320 ) (-320 2096 -320 ) (-320 2096 -72 ) (-320 2192 -72 ) 
4 82 84 (-344 2192 -200 ) (-344 2192 -320 ) (-344 2096 -320 ) (-344 2096 -200 ) 
4 82 83 (-344 2192 -72 ) (-344 2192 -192 ) (-344 2096 -192 ) (-344 2096 -72 ) 
4 87 88 (-320 2032 112 ) (-320 2048 112 ) (-104 2048 112 ) (-104 2032 112 ) 
4 88 89 (-320 2032 0 ) (-320 2048 0 ) (-160 2048 0 ) (-160 2032 0 ) 
4 89 91 (-320 2032 -16 ) (-320 2048 -16 ) (-256 2048 -16 ) (-256 2032 -16 ) 
4 89 90 (-256 2048 -16 ) (-160 2048 -16 ) (-160 2032 -16 ) (-256 2032 -16 ) 
4 90 91 (-256 2032 -64 ) (-256 2032 -16 ) (-256 2048 -16 ) (-256 2048 -64 ) 
4 90 92 (-256 2048 -320 ) (-256 2032 -320 ) (-256 2032 -72 ) (-256 2048 -72 ) 
