


materialPath: D:\steam\steamapps\sourcemods\entropyzero2-addonworkspace\materials
Loading d:\steam\steamapps\sourcemods\entropyzero2-addonworkspace\mapsrc\2.vmf
ConVarRef mat_reduceparticles doesn't point to an existing ConVar
fixing up env_cubemap materials on brush sides...
0...1...2...3...4...5...6...7...8...9...10**** leaked ****
Entity path_track (0.00 4096.00 8.00) leaked!
--- MAP LEAKED ---



12 threads
reading d:\steam\steamapps\sourcemods\entropyzero2-addonworkspace\mapsrc\2.bsp
Error opening d:\steam\steamapps\sourcemods\entropyzero2-addonworkspace\mapsrc\2.bsp


materialPath: D:\steam\steamapps\sourcemods\entropyzero2-addonworkspace\materials
Loading d:\steam\steamapps\sourcemods\entropyzero2-addonworkspace\mapsrc\2.vmf
ConVarRef mat_reduceparticles doesn't point to an existing ConVar
fixing up env_cubemap materials on brush sides...
0...1...2...3...4...5...6...7...8...9...100...1...2...3...4...5...6...7...8...9...10Processing areas...done (0)
Building Faces...done (0)
FixTjuncs...
PruneNodes...
WriteBSP...
done (0)
writing d:\steam\steamapps\sourcemods\entropyzero2-addonworkspace\mapsrc\2.prt...Building visibility clusters...
done (0)
Finding displacement neighbors...
Finding lightmap sample positions...
Displacement Alpha : 0...1...2...3...4...5...6...7...8...9...10
Building Physics collision data...
done (0) (30007 bytes)
Placing static props...
Error! To use model "models/props_trainstation/passengercardoor001.mdl"
      with prop_static, it must be compiled with $staticprop!
Error loading studio model "models/props_trainstation/passengercardoor001.mdl"!
Placing detail props : 0...1...2...3...4...5...6...7...8...9...10
Compacting texture/material tables...
Reduced 66 texinfos to 30
Reduced 8 texdatas to 8 (187 bytes to 187)
Writing d:\steam\steamapps\sourcemods\entropyzero2-addonworkspace\mapsrc\2.bsp
0 seconds elapsed



12 threads
reading d:\steam\steamapps\sourcemods\entropyzero2-addonworkspace\mapsrc\2.bsp
reading d:\steam\steamapps\sourcemods\entropyzero2-addonworkspace\mapsrc\2.prt
  33 portalclusters
  43 numportals
0...1...2...3...4...5...6...7...8...9...10Optimized: 0 visible clusters (0.00%)
Total clusters visible: 991
Average clusters visible: 30
Building PAS...
Average clusters audible: 33
visdatasize:598  compressed from 528
writing d:\steam\steamapps\sourcemods\entropyzero2-addonworkspace\mapsrc\2.bsp
0 seconds elapsed



[Reading texlights from 'lights.rad']
[48 texlights parsed from 'lights.rad']

Loading d:\steam\steamapps\sourcemods\entropyzero2-addonworkspace\mapsrc\2.bsp
465 faces
59442 square feet [8559662.00 square inches]
0 Displacements
0 Square Feet [0.00 Square Inches]
465 patches before subdivision
8817 patches after subdivision
0 direct lights
0...1...2...3...4...5...6...7...8...9...100...1...2...3...4...5...6...7...8...9...10transfers 1275714, max 425
transfer lists:   9.7 megs
0...1...2...3...4...5...6...7...8...9...10	Bounce #1 added RGB(0, 0, 0)
Build Patch/Sample Hash Table(s).....Done<0.0014 sec>
0...1...2...3...4...5...6...7...8...9...10FinalLightFace Done
0 of 0 (0% of) surface lights went in leaf ambient cubes.
0...1...2...3...4...5...6...7...8...9...10Writing leaf ambient...done
Ready to Finish

Object names       Objects/Maxobjs  Memory / Maxmem  Fullness 
------------       ---------------  ---------------  -------- 
models                   3/1024          144/49152    ( 0.3%) 
brushes                 83/8192          996/98304    ( 1.0%) 
brushsides             562/65536        4496/524288   ( 0.9%) 
planes                 264/65536        5280/1310720  ( 0.4%) 
vertexes               635/65536        7620/786432   ( 1.0%) 
nodes                  175/65536        5600/2097152  ( 0.3%) 
texinfos                30/12288        2160/884736   ( 0.2%) 
texdata                  8/2048          256/65536    ( 0.4%) 
dispinfos                0/0               0/0        ( 0.0%) 
disp_verts               0/0               0/0        ( 0.0%) 
disp_tris                0/0               0/0        ( 0.0%) 
disp_lmsamples           0/0               0/0        ( 0.0%) 
faces                  465/65536       26040/3670016  ( 0.7%) 
hdr faces                0/65536           0/3670016  ( 0.0%) 
origfaces              217/65536       12152/3670016  ( 0.3%) 
leaves                 179/65536        5728/2097152  ( 0.3%) 
leaffaces              467/65536         934/131072   ( 0.7%) 
leafbrushes            169/65536         338/131072   ( 0.3%) 
areas                    2/256            16/2048     ( 0.8%) 
surfedges             2888/512000      11552/2048000  ( 0.6%) 
edges                 1547/256000       6188/1024000  ( 0.6%) 
LDR worldlights          0/65536           0/5767168  ( 0.0%) 
HDR worldlights          0/65536           0/5767168  ( 0.0%) 
leafwaterdata            0/32768           0/393216   ( 0.0%) 
waterstrips             14/32768         140/327680   ( 0.0%) 
waterverts               0/65536           0/786432   ( 0.0%) 
waterindices           168/65536         336/131072   ( 0.3%) 
cubemapsamples           0/1024            0/16384    ( 0.0%) 
overlays                 0/8192            0/2883584  ( 0.0%) 
LDR lightdata         [variable]      173256/0        ( 0.0%) 
HDR lightdata         [variable]           0/0        ( 0.0%) 
visdata               [variable]         598/16777216 ( 0.0%) 
entdata               [variable]       13004/393216   ( 3.3%) 
LDR ambient table      179/65536         716/262144   ( 0.3%) 
HDR ambient table      179/65536         716/262144   ( 0.3%) 
LDR leaf ambient        79/65536        2212/1835008  ( 0.1%) 
HDR leaf ambient       179/65536        5012/1835008  ( 0.3%) 
occluders                0/0               0/0        ( 0.0%) 
occluder polygons        0/0               0/0        ( 0.0%) 
occluder vert ind        0/0               0/0        ( 0.0%) 
detail props          [variable]           1/12       ( 8.3%) 
static props          [variable]           1/12       ( 8.3%) 
pakfile               [variable]          54/0        ( 0.0%) 
physics               [variable]       30007/4194304  ( 0.7%) 
physics terrain       [variable]           2/1048576  ( 0.0%) 

Level flags = 0

Total triangle count: 1090
Writing d:\steam\steamapps\sourcemods\entropyzero2-addonworkspace\mapsrc\2.bsp
0 seconds elapsed



materialPath: D:\steam\steamapps\sourcemods\entropyzero2-addonworkspace\materials
Loading d:\steam\steamapps\sourcemods\entropyzero2-addonworkspace\mapsrc\2.vmf
ConVarRef mat_reduceparticles doesn't point to an existing ConVar
fixing up env_cubemap materials on brush sides...
0...1...2...3...4...5...6...7...8...9...100...1...2...3...4...5...6...7...8...9...10Processing areas...done (0)
Building Faces...done (0)
FixTjuncs...
PruneNodes...
WriteBSP...
done (0)
writing d:\steam\steamapps\sourcemods\entropyzero2-addonworkspace\mapsrc\2.prt...Building visibility clusters...
done (0)
Finding displacement neighbors...
Finding lightmap sample positions...
Displacement Alpha : 0...1...2...3...4...5...6...7...8...9...10
Building Physics collision data...
done (0) (30007 bytes)
Placing static props...
Error! To use model "models/props_trainstation/passengercardoor001.mdl"
      with prop_static, it must be compiled with $staticprop!
Error loading studio model "models/props_trainstation/passengercardoor001.mdl"!
Placing detail props : 0...1...2...3...4...5...6...7...8...9...10
Compacting texture/material tables...
Reduced 66 texinfos to 30
Reduced 8 texdatas to 8 (187 bytes to 187)
Writing d:\steam\steamapps\sourcemods\entropyzero2-addonworkspace\mapsrc\2.bsp
0 seconds elapsed



12 threads
reading d:\steam\steamapps\sourcemods\entropyzero2-addonworkspace\mapsrc\2.bsp
reading d:\steam\steamapps\sourcemods\entropyzero2-addonworkspace\mapsrc\2.prt
  33 portalclusters
  43 numportals
0...1...2...3...4...5...6...7...8...9...10Optimized: 0 visible clusters (0.00%)
Total clusters visible: 991
Average clusters visible: 30
Building PAS...
Average clusters audible: 33
visdatasize:598  compressed from 528
writing d:\steam\steamapps\sourcemods\entropyzero2-addonworkspace\mapsrc\2.bsp
0 seconds elapsed



[Reading texlights from 'lights.rad']
[48 texlights parsed from 'lights.rad']

Loading d:\steam\steamapps\sourcemods\entropyzero2-addonworkspace\mapsrc\2.bsp
465 faces
59442 square feet [8559662.00 square inches]
0 Displacements
0 Square Feet [0.00 Square Inches]
465 patches before subdivision
8817 patches after subdivision
0 direct lights
0...1...2...3...4...5...6...7...8...9...100...1...2...3...4...5...6...7...8...9...10transfers 1275714, max 425
transfer lists:   9.7 megs
0...1...2...3...4...5...6...7...8...9...10	Bounce #1 added RGB(0, 0, 0)
Build Patch/Sample Hash Table(s).....Done<0.0012 sec>
0...1...2...3...4...5...6...7...8...9...10FinalLightFace Done
0 of 0 (0% of) surface lights went in leaf ambient cubes.
0...1...2...3...4...5...6...7...8...9...10Writing leaf ambient...done
Ready to Finish

Object names       Objects/Maxobjs  Memory / Maxmem  Fullness 
------------       ---------------  ---------------  -------- 
models                   3/1024          144/49152    ( 0.3%) 
brushes                 83/8192          996/98304    ( 1.0%) 
brushsides             562/65536        4496/524288   ( 0.9%) 
planes                 264/65536        5280/1310720  ( 0.4%) 
vertexes               635/65536        7620/786432   ( 1.0%) 
nodes                  175/65536        5600/2097152  ( 0.3%) 
texinfos                30/12288        2160/884736   ( 0.2%) 
texdata                  8/2048          256/65536    ( 0.4%) 
dispinfos                0/0               0/0        ( 0.0%) 
disp_verts               0/0               0/0        ( 0.0%) 
disp_tris                0/0               0/0        ( 0.0%) 
disp_lmsamples           0/0               0/0        ( 0.0%) 
faces                  465/65536       26040/3670016  ( 0.7%) 
hdr faces                0/65536           0/3670016  ( 0.0%) 
origfaces              217/65536       12152/3670016  ( 0.3%) 
leaves                 179/65536        5728/2097152  ( 0.3%) 
leaffaces              467/65536         934/131072   ( 0.7%) 
leafbrushes            169/65536         338/131072   ( 0.3%) 
areas                    2/256            16/2048     ( 0.8%) 
surfedges             2888/512000      11552/2048000  ( 0.6%) 
edges                 1547/256000       6188/1024000  ( 0.6%) 
LDR worldlights          0/65536           0/5767168  ( 0.0%) 
HDR worldlights          0/65536           0/5767168  ( 0.0%) 
leafwaterdata            0/32768           0/393216   ( 0.0%) 
waterstrips             14/32768         140/327680   ( 0.0%) 
waterverts               0/65536           0/786432   ( 0.0%) 
waterindices           168/65536         336/131072   ( 0.3%) 
cubemapsamples           0/1024            0/16384    ( 0.0%) 
overlays                 0/8192            0/2883584  ( 0.0%) 
LDR lightdata         [variable]      173256/0        ( 0.0%) 
HDR lightdata         [variable]           0/0        ( 0.0%) 
visdata               [variable]         598/16777216 ( 0.0%) 
entdata               [variable]       13005/393216   ( 3.3%) 
LDR ambient table      179/65536         716/262144   ( 0.3%) 
HDR ambient table      179/65536         716/262144   ( 0.3%) 
LDR leaf ambient        79/65536        2212/1835008  ( 0.1%) 
HDR leaf ambient       179/65536        5012/1835008  ( 0.3%) 
occluders                0/0               0/0        ( 0.0%) 
occluder polygons        0/0               0/0        ( 0.0%) 
occluder vert ind        0/0               0/0        ( 0.0%) 
detail props          [variable]           1/12       ( 8.3%) 
static props          [variable]           1/12       ( 8.3%) 
pakfile               [variable]          54/0        ( 0.0%) 
physics               [variable]       30007/4194304  ( 0.7%) 
physics terrain       [variable]           2/1048576  ( 0.0%) 

Level flags = 0

Total triangle count: 1090
Writing d:\steam\steamapps\sourcemods\entropyzero2-addonworkspace\mapsrc\2.bsp
0 seconds elapsed



materialPath: D:\steam\steamapps\sourcemods\entropyzero2-addonworkspace\materials
Loading d:\steam\steamapps\sourcemods\entropyzero2-addonworkspace\mapsrc\2.vmf
ConVarRef mat_reduceparticles doesn't point to an existing ConVar
fixing up env_cubemap materials on brush sides...
0...1...2...3...4...5...6...7...8...9...100...1...2...3...4...5...6...7...8...9...10Processing areas...done (0)
Building Faces...done (0)
FixTjuncs...
PruneNodes...
WriteBSP...
done (0)
writing d:\steam\steamapps\sourcemods\entropyzero2-addonworkspace\mapsrc\2.prt...Building visibility clusters...
done (0)
Finding displacement neighbors...
Finding lightmap sample positions...
Displacement Alpha : 0...1...2...3...4...5...6...7...8...9...10
Building Physics collision data...
done (0) (30007 bytes)
Placing static props...
Error! To use model "models/props_trainstation/passengercardoor001.mdl"
      with prop_static, it must be compiled with $staticprop!
Error loading studio model "models/props_trainstation/passengercardoor001.mdl"!
Placing detail props : 0...1...2...3...4...5...6...7...8...9...10
Compacting texture/material tables...
Reduced 66 texinfos to 30
Reduced 8 texdatas to 8 (187 bytes to 187)
Writing d:\steam\steamapps\sourcemods\entropyzero2-addonworkspace\mapsrc\2.bsp
0 seconds elapsed



12 threads
reading d:\steam\steamapps\sourcemods\entropyzero2-addonworkspace\mapsrc\2.bsp
reading d:\steam\steamapps\sourcemods\entropyzero2-addonworkspace\mapsrc\2.prt
  33 portalclusters
  43 numportals
0...1...2...3...4...5...6...7...8...9...10Optimized: 0 visible clusters (0.00%)
Total clusters visible: 991
Average clusters visible: 30
Building PAS...
Average clusters audible: 33
visdatasize:598  compressed from 528
writing d:\steam\steamapps\sourcemods\entropyzero2-addonworkspace\mapsrc\2.bsp
0 seconds elapsed



[Reading texlights from 'lights.rad']
[48 texlights parsed from 'lights.rad']

Loading d:\steam\steamapps\sourcemods\entropyzero2-addonworkspace\mapsrc\2.bsp
465 faces
59442 square feet [8559662.00 square inches]
0 Displacements
0 Square Feet [0.00 Square Inches]
465 patches before subdivision
8817 patches after subdivision
0 direct lights
0...1...2...3...4...5...6...7...8...9...100...1...2...3...4...5...6...7...8...9...10transfers 1275714, max 425
transfer lists:   9.7 megs
0...1...2...3...4...5...6...7...8...9...10	Bounce #1 added RGB(0, 0, 0)
Build Patch/Sample Hash Table(s).....Done<0.0017 sec>
0...1...2...3...4...5...6...7...8...9...10FinalLightFace Done
0 of 0 (0% of) surface lights went in leaf ambient cubes.
0...1...2...3...4...5...6...7...8...9...10Writing leaf ambient...done
Ready to Finish

Object names       Objects/Maxobjs  Memory / Maxmem  Fullness 
------------       ---------------  ---------------  -------- 
models                   3/1024          144/49152    ( 0.3%) 
brushes                 83/8192          996/98304    ( 1.0%) 
brushsides             562/65536        4496/524288   ( 0.9%) 
planes                 264/65536        5280/1310720  ( 0.4%) 
vertexes               635/65536        7620/786432   ( 1.0%) 
nodes                  175/65536        5600/2097152  ( 0.3%) 
texinfos                30/12288        2160/884736   ( 0.2%) 
texdata                  8/2048          256/65536    ( 0.4%) 
dispinfos                0/0               0/0        ( 0.0%) 
disp_verts               0/0               0/0        ( 0.0%) 
disp_tris                0/0               0/0        ( 0.0%) 
disp_lmsamples           0/0               0/0        ( 0.0%) 
faces                  465/65536       26040/3670016  ( 0.7%) 
hdr faces                0/65536           0/3670016  ( 0.0%) 
origfaces              217/65536       12152/3670016  ( 0.3%) 
leaves                 179/65536        5728/2097152  ( 0.3%) 
leaffaces              467/65536         934/131072   ( 0.7%) 
leafbrushes            169/65536         338/131072   ( 0.3%) 
areas                    2/256            16/2048     ( 0.8%) 
surfedges             2888/512000      11552/2048000  ( 0.6%) 
edges                 1547/256000       6188/1024000  ( 0.6%) 
LDR worldlights          0/65536           0/5767168  ( 0.0%) 
HDR worldlights          0/65536           0/5767168  ( 0.0%) 
leafwaterdata            0/32768           0/393216   ( 0.0%) 
waterstrips             14/32768         140/327680   ( 0.0%) 
waterverts               0/65536           0/786432   ( 0.0%) 
waterindices           168/65536         336/131072   ( 0.3%) 
cubemapsamples           0/1024            0/16384    ( 0.0%) 
overlays                 0/8192            0/2883584  ( 0.0%) 
LDR lightdata         [variable]      173256/0        ( 0.0%) 
HDR lightdata         [variable]           0/0        ( 0.0%) 
visdata               [variable]         598/16777216 ( 0.0%) 
entdata               [variable]       13004/393216   ( 3.3%) 
LDR ambient table      179/65536         716/262144   ( 0.3%) 
HDR ambient table      179/65536         716/262144   ( 0.3%) 
LDR leaf ambient        79/65536        2212/1835008  ( 0.1%) 
HDR leaf ambient       179/65536        5012/1835008  ( 0.3%) 
occluders                0/0               0/0        ( 0.0%) 
occluder polygons        0/0               0/0        ( 0.0%) 
occluder vert ind        0/0               0/0        ( 0.0%) 
detail props          [variable]           1/12       ( 8.3%) 
static props          [variable]           1/12       ( 8.3%) 
pakfile               [variable]          54/0        ( 0.0%) 
physics               [variable]       30007/4194304  ( 0.7%) 
physics terrain       [variable]           2/1048576  ( 0.0%) 

Level flags = 0

Total triangle count: 1090
Writing d:\steam\steamapps\sourcemods\entropyzero2-addonworkspace\mapsrc\2.bsp
0 seconds elapsed



materialPath: D:\steam\steamapps\sourcemods\entropyzero2-addonworkspace\materials
Loading d:\steam\steamapps\sourcemods\entropyzero2-addonworkspace\mapsrc\2.vmf
ConVarRef mat_reduceparticles doesn't point to an existing ConVar
fixing up env_cubemap materials on brush sides...
0...1...2...3...4...5...6...7...8...9...100...1...2...3...4...5...6...7...8...9...10Processing areas...done (0)
Building Faces...done (0)
FixTjuncs...
PruneNodes...
WriteBSP...
done (0)
writing d:\steam\steamapps\sourcemods\entropyzero2-addonworkspace\mapsrc\2.prt...Building visibility clusters...
done (0)
Finding displacement neighbors...
Finding lightmap sample positions...
Displacement Alpha : 0...1...2...3...4...5...6...7...8...9...10
Building Physics collision data...
done (0) (30007 bytes)
Placing static props...
Error! To use model "models/props_trainstation/passengercardoor001.mdl"
      with prop_static, it must be compiled with $staticprop!
Error loading studio model "models/props_trainstation/passengercardoor001.mdl"!
Placing detail props : 0...1...2...3...4...5...6...7...8...9...10
Compacting texture/material tables...
Reduced 66 texinfos to 30
Reduced 8 texdatas to 8 (187 bytes to 187)
Writing d:\steam\steamapps\sourcemods\entropyzero2-addonworkspace\mapsrc\2.bsp
0 seconds elapsed



12 threads
reading d:\steam\steamapps\sourcemods\entropyzero2-addonworkspace\mapsrc\2.bsp
reading d:\steam\steamapps\sourcemods\entropyzero2-addonworkspace\mapsrc\2.prt
  33 portalclusters
  43 numportals
0...1...2...3...4...5...6...7...8...9...10Optimized: 0 visible clusters (0.00%)
Total clusters visible: 991
Average clusters visible: 30
Building PAS...
Average clusters audible: 33
visdatasize:598  compressed from 528
writing d:\steam\steamapps\sourcemods\entropyzero2-addonworkspace\mapsrc\2.bsp
0 seconds elapsed



[Reading texlights from 'lights.rad']
[48 texlights parsed from 'lights.rad']

Loading d:\steam\steamapps\sourcemods\entropyzero2-addonworkspace\mapsrc\2.bsp
465 faces
59442 square feet [8559662.00 square inches]
0 Displacements
0 Square Feet [0.00 Square Inches]
465 patches before subdivision
8817 patches after subdivision
2 direct lights
0...1...2...3...4...5...6...7...8...9...100...1...2...3...4...5...6...7...8...9...10transfers 1275714, max 425
transfer lists:   9.7 megs
0...1...2...3...4...5...6...7...8...9...10	Bounce #1 added RGB(2831, 2662, 2289)
0...1...2...3...4...5...6...7...8...9...10	Bounce #2 added RGB(311, 273, 201)
Build Patch/Sample Hash Table(s).....Done<0.0012 sec>
0...1...2...3...4...5...6...7...8...9...10FinalLightFace Done
0 of 0 (0% of) surface lights went in leaf ambient cubes.
0...1...2...3...4...5...6...7...8...9...10Writing leaf ambient...done
Ready to Finish

Object names       Objects/Maxobjs  Memory / Maxmem  Fullness 
------------       ---------------  ---------------  -------- 
models                   3/1024          144/49152    ( 0.3%) 
brushes                 83/8192          996/98304    ( 1.0%) 
brushsides             562/65536        4496/524288   ( 0.9%) 
planes                 264/65536        5280/1310720  ( 0.4%) 
vertexes               635/65536        7620/786432   ( 1.0%) 
nodes                  175/65536        5600/2097152  ( 0.3%) 
texinfos                30/12288        2160/884736   ( 0.2%) 
texdata                  8/2048          256/65536    ( 0.4%) 
dispinfos                0/0               0/0        ( 0.0%) 
disp_verts               0/0               0/0        ( 0.0%) 
disp_tris                0/0               0/0        ( 0.0%) 
disp_lmsamples           0/0               0/0        ( 0.0%) 
faces                  465/65536       26040/3670016  ( 0.7%) 
hdr faces                0/65536           0/3670016  ( 0.0%) 
origfaces              217/65536       12152/3670016  ( 0.3%) 
leaves                 179/65536        5728/2097152  ( 0.3%) 
leaffaces              467/65536         934/131072   ( 0.7%) 
leafbrushes            169/65536         338/131072   ( 0.3%) 
areas                    2/256            16/2048     ( 0.8%) 
surfedges             2888/512000      11552/2048000  ( 0.6%) 
edges                 1547/256000       6188/1024000  ( 0.6%) 
LDR worldlights          2/65536         176/5767168  ( 0.0%) 
HDR worldlights          0/65536           0/5767168  ( 0.0%) 
leafwaterdata            0/32768           0/393216   ( 0.0%) 
waterstrips             14/32768         140/327680   ( 0.0%) 
waterverts               0/65536           0/786432   ( 0.0%) 
waterindices           168/65536         336/131072   ( 0.3%) 
cubemapsamples           0/1024            0/16384    ( 0.0%) 
overlays                 0/8192            0/2883584  ( 0.0%) 
LDR lightdata         [variable]      173256/0        ( 0.0%) 
HDR lightdata         [variable]           0/0        ( 0.0%) 
visdata               [variable]         598/16777216 ( 0.0%) 
entdata               [variable]       13377/393216   ( 3.4%) 
LDR ambient table      179/65536         716/262144   ( 0.3%) 
HDR ambient table      179/65536         716/262144   ( 0.3%) 
LDR leaf ambient       190/65536        5320/1835008  ( 0.3%) 
HDR leaf ambient       179/65536        5012/1835008  ( 0.3%) 
occluders                0/0               0/0        ( 0.0%) 
occluder polygons        0/0               0/0        ( 0.0%) 
occluder vert ind        0/0               0/0        ( 0.0%) 
detail props          [variable]           1/12       ( 8.3%) 
static props          [variable]           1/12       ( 8.3%) 
pakfile               [variable]          54/0        ( 0.0%) 
physics               [variable]       30007/4194304  ( 0.7%) 
physics terrain       [variable]           2/1048576  ( 0.0%) 

Level flags = 0

Total triangle count: 1090
Writing d:\steam\steamapps\sourcemods\entropyzero2-addonworkspace\mapsrc\2.bsp
0 seconds elapsed



materialPath: D:\steam\steamapps\sourcemods\entropyzero2-addonworkspace\materials
Loading d:\steam\steamapps\sourcemods\entropyzero2-addonworkspace\mapsrc\2.vmf
ConVarRef mat_reduceparticles doesn't point to an existing ConVar
fixing up env_cubemap materials on brush sides...
0...1...2...3...4...5...6...7...8...9...100...1...2...3...4...5...6...7...8...9...10Processing areas...done (0)
Building Faces...done (0)
FixTjuncs...
PruneNodes...
WriteBSP...
done (0)
writing d:\steam\steamapps\sourcemods\entropyzero2-addonworkspace\mapsrc\2.prt...Building visibility clusters...
done (0)
Finding displacement neighbors...
Finding lightmap sample positions...
Displacement Alpha : 0...1...2...3...4...5...6...7...8...9...10
Building Physics collision data...
done (0) (30007 bytes)
Placing static props...
Error! To use model "models/props_trainstation/passengercardoor001.mdl"
      with prop_static, it must be compiled with $staticprop!
Error loading studio model "models/props_trainstation/passengercardoor001.mdl"!
Placing detail props : 0...1...2...3...4...5...6...7...8...9...10
Compacting texture/material tables...
Reduced 66 texinfos to 30
Reduced 8 texdatas to 8 (187 bytes to 187)
Writing d:\steam\steamapps\sourcemods\entropyzero2-addonworkspace\mapsrc\2.bsp
0 seconds elapsed



12 threads
reading d:\steam\steamapps\sourcemods\entropyzero2-addonworkspace\mapsrc\2.bsp
reading d:\steam\steamapps\sourcemods\entropyzero2-addonworkspace\mapsrc\2.prt
  33 portalclusters
  43 numportals
0...1...2...3...4...5...6...7...8...9...10Optimized: 0 visible clusters (0.00%)
Total clusters visible: 991
Average clusters visible: 30
Building PAS...
Average clusters audible: 33
visdatasize:598  compressed from 528
writing d:\steam\steamapps\sourcemods\entropyzero2-addonworkspace\mapsrc\2.bsp
0 seconds elapsed



[Reading texlights from 'lights.rad']
[48 texlights parsed from 'lights.rad']

Loading d:\steam\steamapps\sourcemods\entropyzero2-addonworkspace\mapsrc\2.bsp
465 faces
59442 square feet [8559662.00 square inches]
0 Displacements
0 Square Feet [0.00 Square Inches]
465 patches before subdivision
8817 patches after subdivision
4 direct lights
0...1...2...3...4...5...6...7...8...9...100...1...2...3...4...5...6...7...8...9...10transfers 1275714, max 425
transfer lists:   9.7 megs
0...1...2...3...4...5...6...7...8...9...10	Bounce #1 added RGB(2831, 2662, 2289)
0...1...2...3...4...5...6...7...8...9...10	Bounce #2 added RGB(311, 273, 201)
Build Patch/Sample Hash Table(s).....Done<0.0014 sec>
0...1...2...3...4...5...6...7...8...9...10FinalLightFace Done
0 of 0 (0% of) surface lights went in leaf ambient cubes.
0...1...2...3...4...5...6...7...8...9...10Writing leaf ambient...done
Ready to Finish

Object names       Objects/Maxobjs  Memory / Maxmem  Fullness 
------------       ---------------  ---------------  -------- 
models                   3/1024          144/49152    ( 0.3%) 
brushes                 83/8192          996/98304    ( 1.0%) 
brushsides             562/65536        4496/524288   ( 0.9%) 
planes                 264/65536        5280/1310720  ( 0.4%) 
vertexes               635/65536        7620/786432   ( 1.0%) 
nodes                  175/65536        5600/2097152  ( 0.3%) 
texinfos                30/12288        2160/884736   ( 0.2%) 
texdata                  8/2048          256/65536    ( 0.4%) 
dispinfos                0/0               0/0        ( 0.0%) 
disp_verts               0/0               0/0        ( 0.0%) 
disp_tris                0/0               0/0        ( 0.0%) 
disp_lmsamples           0/0               0/0        ( 0.0%) 
faces                  465/65536       26040/3670016  ( 0.7%) 
hdr faces                0/65536           0/3670016  ( 0.0%) 
origfaces              217/65536       12152/3670016  ( 0.3%) 
leaves                 179/65536        5728/2097152  ( 0.3%) 
leaffaces              467/65536         934/131072   ( 0.7%) 
leafbrushes            169/65536         338/131072   ( 0.3%) 
areas                    2/256            16/2048     ( 0.8%) 
surfedges             2888/512000      11552/2048000  ( 0.6%) 
edges                 1547/256000       6188/1024000  ( 0.6%) 
LDR worldlights          4/65536         352/5767168  ( 0.0%) 
HDR worldlights          0/65536           0/5767168  ( 0.0%) 
leafwaterdata            0/32768           0/393216   ( 0.0%) 
waterstrips             14/32768         140/327680   ( 0.0%) 
waterverts               0/65536           0/786432   ( 0.0%) 
waterindices           168/65536         336/131072   ( 0.3%) 
cubemapsamples           0/1024            0/16384    ( 0.0%) 
overlays                 0/8192            0/2883584  ( 0.0%) 
LDR lightdata         [variable]      173256/0        ( 0.0%) 
HDR lightdata         [variable]           0/0        ( 0.0%) 
visdata               [variable]         598/16777216 ( 0.0%) 
entdata               [variable]       13625/393216   ( 3.5%) 
LDR ambient table      179/65536         716/262144   ( 0.3%) 
HDR ambient table      179/65536         716/262144   ( 0.3%) 
LDR leaf ambient       190/65536        5320/1835008  ( 0.3%) 
HDR leaf ambient       179/65536        5012/1835008  ( 0.3%) 
occluders                0/0               0/0        ( 0.0%) 
occluder polygons        0/0               0/0        ( 0.0%) 
occluder vert ind        0/0               0/0        ( 0.0%) 
detail props          [variable]           1/12       ( 8.3%) 
static props          [variable]           1/12       ( 8.3%) 
pakfile               [variable]          54/0        ( 0.0%) 
physics               [variable]       30007/4194304  ( 0.7%) 
physics terrain       [variable]           2/1048576  ( 0.0%) 

Level flags = 0

Total triangle count: 1090
Writing d:\steam\steamapps\sourcemods\entropyzero2-addonworkspace\mapsrc\2.bsp
0 seconds elapsed



materialPath: D:\steam\steamapps\sourcemods\entropyzero2-addonworkspace\materials
Loading d:\steam\steamapps\sourcemods\entropyzero2-addonworkspace\mapsrc\2.vmf
ConVarRef mat_reduceparticles doesn't point to an existing ConVar
fixing up env_cubemap materials on brush sides...
0...1...2...3...4...5...6...7...8...9...100...1...2...3...4...5...6...7...8...9...10Processing areas...done (0)
Building Faces...done (0)
FixTjuncs...
PruneNodes...
WriteBSP...
done (0)
writing d:\steam\steamapps\sourcemods\entropyzero2-addonworkspace\mapsrc\2.prt...Building visibility clusters...
done (0)
Finding displacement neighbors...
Finding lightmap sample positions...
Displacement Alpha : 0...1...2...3...4...5...6...7...8...9...10
Building Physics collision data...
done (0) (51319 bytes)
Placing static props...
Error! To use model "models/props_trainstation/passengercardoor001.mdl"
      with prop_static, it must be compiled with $staticprop!
Error loading studio model "models/props_trainstation/passengercardoor001.mdl"!
Placing detail props : 0...1...2...3...4...5...6...7...8...9...10
Compacting texture/material tables...
Reduced 78 texinfos to 34
Reduced 8 texdatas to 8 (187 bytes to 187)
Writing d:\steam\steamapps\sourcemods\entropyzero2-addonworkspace\mapsrc\2.bsp
0 seconds elapsed



12 threads
reading d:\steam\steamapps\sourcemods\entropyzero2-addonworkspace\mapsrc\2.bsp
reading d:\steam\steamapps\sourcemods\entropyzero2-addonworkspace\mapsrc\2.prt
  94 portalclusters
 139 numportals
0...1...2...3...4...5...6...7...8...9...10Optimized: 0 visible clusters (0.00%)
Total clusters visible: 7152
Average clusters visible: 76
Building PAS...
Average clusters audible: 94
visdatasize:3012  compressed from 3008
writing d:\steam\steamapps\sourcemods\entropyzero2-addonworkspace\mapsrc\2.bsp
0 seconds elapsed



[Reading texlights from 'lights.rad']
[48 texlights parsed from 'lights.rad']

Loading d:\steam\steamapps\sourcemods\entropyzero2-addonworkspace\mapsrc\2.bsp
880 faces
118093 square feet [17005406.00 square inches]
0 Displacements
0 Square Feet [0.00 Square Inches]
880 patches before subdivision
17520 patches after subdivision
4 direct lights
0...1...2...3...4...5...6...7...8...9...100...1...2...3...4...5...6...7...8...9...10transfers 2697669, max 569
transfer lists:  20.6 megs
0...1...2...3...4...5...6...7...8...9...10	Bounce #1 added RGB(2328, 2191, 1898)
0...1...2...3...4...5...6...7...8...9...10	Bounce #2 added RGB(201, 176, 130)
Build Patch/Sample Hash Table(s).....Done<0.0027 sec>
0...1...2...3...4...5...6...7...8...9...10FinalLightFace Done
0 of 0 (0% of) surface lights went in leaf ambient cubes.
0...1...2...3...4...5...6...7...8...9...10Writing leaf ambient...done
Ready to Finish

Object names       Objects/Maxobjs  Memory / Maxmem  Fullness 
------------       ---------------  ---------------  -------- 
models                   3/1024          144/49152    ( 0.3%) 
brushes                147/8192         1764/98304    ( 1.8%) 
brushsides            1010/65536        8080/524288   ( 1.5%) 
planes                 374/65536        7480/1310720  ( 0.6%) 
vertexes              1107/65536       13284/786432   ( 1.7%) 
nodes                  313/65536       10016/2097152  ( 0.5%) 
texinfos                34/12288        2448/884736   ( 0.3%) 
texdata                  8/2048          256/65536    ( 0.4%) 
dispinfos                0/0               0/0        ( 0.0%) 
disp_verts               0/0               0/0        ( 0.0%) 
disp_tris                0/0               0/0        ( 0.0%) 
disp_lmsamples           0/0               0/0        ( 0.0%) 
faces                  880/65536       49280/3670016  ( 1.3%) 
hdr faces                0/65536           0/3670016  ( 0.0%) 
origfaces              350/65536       19600/3670016  ( 0.5%) 
leaves                 317/65536       10144/2097152  ( 0.5%) 
leaffaces              880/65536        1760/131072   ( 1.3%) 
leafbrushes            341/65536         682/131072   ( 0.5%) 
areas                    2/256            16/2048     ( 0.8%) 
surfedges             5088/512000      20352/2048000  ( 1.0%) 
edges                 2747/256000      10988/1024000  ( 1.1%) 
LDR worldlights          4/65536         352/5767168  ( 0.0%) 
HDR worldlights          0/65536           0/5767168  ( 0.0%) 
leafwaterdata            0/32768           0/393216   ( 0.0%) 
waterstrips              0/32768           0/327680   ( 0.0%) 
waterverts               0/65536           0/786432   ( 0.0%) 
waterindices             0/65536           0/131072   ( 0.0%) 
cubemapsamples           0/1024            0/16384    ( 0.0%) 
overlays                 0/8192            0/2883584  ( 0.0%) 
LDR lightdata         [variable]      343972/0        ( 0.0%) 
HDR lightdata         [variable]           0/0        ( 0.0%) 
visdata               [variable]        3012/16777216 ( 0.0%) 
entdata               [variable]       13665/393216   ( 3.5%) 
LDR ambient table      317/65536        1268/262144   ( 0.5%) 
HDR ambient table      317/65536        1268/262144   ( 0.5%) 
LDR leaf ambient       246/65536        6888/1835008  ( 0.4%) 
HDR leaf ambient       317/65536        8876/1835008  ( 0.5%) 
occluders                0/0               0/0        ( 0.0%) 
occluder polygons        0/0               0/0        ( 0.0%) 
occluder vert ind        0/0               0/0        ( 0.0%) 
detail props          [variable]           1/12       ( 8.3%) 
static props          [variable]           1/12       ( 8.3%) 
pakfile               [variable]          54/0        ( 0.0%) 
physics               [variable]       51319/4194304  ( 1.2%) 
physics terrain       [variable]           2/1048576  ( 0.0%) 

Level flags = 0

Total triangle count: 1928
Writing d:\steam\steamapps\sourcemods\entropyzero2-addonworkspace\mapsrc\2.bsp
0 seconds elapsed



materialPath: D:\steam\steamapps\sourcemods\entropyzero2-addonworkspace\materials
Loading d:\steam\steamapps\sourcemods\entropyzero2-addonworkspace\mapsrc\2.vmf
ConVarRef mat_reduceparticles doesn't point to an existing ConVar
fixing up env_cubemap materials on brush sides...
0...1...2...3...4...5...6...7...8...9...100...1...2...3...4...5...6...7...8...9...10Processing areas...done (0)
Building Faces...done (0)
FixTjuncs...
PruneNodes...
WriteBSP...
done (0)
writing d:\steam\steamapps\sourcemods\entropyzero2-addonworkspace\mapsrc\2.prt...Building visibility clusters...
done (0)
Finding displacement neighbors...
Finding lightmap sample positions...
Displacement Alpha : 0...1...2...3...4...5...6...7...8...9...10
Building Physics collision data...
done (0) (51319 bytes)
Placing static props...
Error! To use model "models/props_trainstation/passengercardoor001.mdl"
      with prop_static, it must be compiled with $staticprop!
Error loading studio model "models/props_trainstation/passengercardoor001.mdl"!
Placing detail props : 0...1...2...3...4...5...6...7...8...9...10
Compacting texture/material tables...
Reduced 78 texinfos to 34
Reduced 8 texdatas to 8 (187 bytes to 187)
Writing d:\steam\steamapps\sourcemods\entropyzero2-addonworkspace\mapsrc\2.bsp
0 seconds elapsed



12 threads
reading d:\steam\steamapps\sourcemods\entropyzero2-addonworkspace\mapsrc\2.bsp
reading d:\steam\steamapps\sourcemods\entropyzero2-addonworkspace\mapsrc\2.prt
  94 portalclusters
 139 numportals
0...1...2...3...4...5...6...7...8...9...10Optimized: 0 visible clusters (0.00%)
Total clusters visible: 7152
Average clusters visible: 76
Building PAS...
Average clusters audible: 94
visdatasize:3012  compressed from 3008
writing d:\steam\steamapps\sourcemods\entropyzero2-addonworkspace\mapsrc\2.bsp
0 seconds elapsed



[Reading texlights from 'lights.rad']
[48 texlights parsed from 'lights.rad']

Loading d:\steam\steamapps\sourcemods\entropyzero2-addonworkspace\mapsrc\2.bsp
880 faces
118093 square feet [17005406.00 square inches]
0 Displacements
0 Square Feet [0.00 Square Inches]
880 patches before subdivision
17520 patches after subdivision
5 direct lights
0...1...2...3...4...5...6...7...8...9...100...1...2...3...4...5...6...7...8...9...10transfers 2697669, max 569
transfer lists:  20.6 megs
0...1...2...3...4...5...6...7...8...9...10	Bounce #1 added RGB(4660, 4366, 3782)
0...1...2...3...4...5...6...7...8...9...10	Bounce #2 added RGB(449, 392, 290)
Build Patch/Sample Hash Table(s).....Done<0.0029 sec>
0...1...2...3...4...5...6...7...8...9...10FinalLightFace Done
0 of 0 (0% of) surface lights went in leaf ambient cubes.
0...1...2...3...4...5...6...7...8...9...10Writing leaf ambient...done
Ready to Finish

Object names       Objects/Maxobjs  Memory / Maxmem  Fullness 
------------       ---------------  ---------------  -------- 
models                   3/1024          144/49152    ( 0.3%) 
brushes                147/8192         1764/98304    ( 1.8%) 
brushsides            1010/65536        8080/524288   ( 1.5%) 
planes                 374/65536        7480/1310720  ( 0.6%) 
vertexes              1107/65536       13284/786432   ( 1.7%) 
nodes                  313/65536       10016/2097152  ( 0.5%) 
texinfos                34/12288        2448/884736   ( 0.3%) 
texdata                  8/2048          256/65536    ( 0.4%) 
dispinfos                0/0               0/0        ( 0.0%) 
disp_verts               0/0               0/0        ( 0.0%) 
disp_tris                0/0               0/0        ( 0.0%) 
disp_lmsamples           0/0               0/0        ( 0.0%) 
faces                  880/65536       49280/3670016  ( 1.3%) 
hdr faces                0/65536           0/3670016  ( 0.0%) 
origfaces              350/65536       19600/3670016  ( 0.5%) 
leaves                 317/65536       10144/2097152  ( 0.5%) 
leaffaces              880/65536        1760/131072   ( 1.3%) 
leafbrushes            341/65536         682/131072   ( 0.5%) 
areas                    2/256            16/2048     ( 0.8%) 
surfedges             5088/512000      20352/2048000  ( 1.0%) 
edges                 2747/256000      10988/1024000  ( 1.1%) 
LDR worldlights          5/65536         440/5767168  ( 0.0%) 
HDR worldlights          0/65536           0/5767168  ( 0.0%) 
leafwaterdata            0/32768           0/393216   ( 0.0%) 
waterstrips              0/32768           0/327680   ( 0.0%) 
waterverts               0/65536           0/786432   ( 0.0%) 
waterindices             0/65536           0/131072   ( 0.0%) 
cubemapsamples           0/1024            0/16384    ( 0.0%) 
overlays                 0/8192            0/2883584  ( 0.0%) 
LDR lightdata         [variable]      343972/0        ( 0.0%) 
HDR lightdata         [variable]           0/0        ( 0.0%) 
visdata               [variable]        3012/16777216 ( 0.0%) 
entdata               [variable]       13825/393216   ( 3.5%) 
LDR ambient table      317/65536        1268/262144   ( 0.5%) 
HDR ambient table      317/65536        1268/262144   ( 0.5%) 
LDR leaf ambient       309/65536        8652/1835008  ( 0.5%) 
HDR leaf ambient       317/65536        8876/1835008  ( 0.5%) 
occluders                0/0               0/0        ( 0.0%) 
occluder polygons        0/0               0/0        ( 0.0%) 
occluder vert ind        0/0               0/0        ( 0.0%) 
detail props          [variable]           1/12       ( 8.3%) 
static props          [variable]           1/12       ( 8.3%) 
pakfile               [variable]          54/0        ( 0.0%) 
physics               [variable]       51319/4194304  ( 1.2%) 
physics terrain       [variable]           2/1048576  ( 0.0%) 

Level flags = 0

Total triangle count: 1928
Writing d:\steam\steamapps\sourcemods\entropyzero2-addonworkspace\mapsrc\2.bsp
0 seconds elapsed



materialPath: D:\steam\steamapps\sourcemods\entropyzero2-addonworkspace\materials
Loading d:\steam\steamapps\sourcemods\entropyzero2-addonworkspace\mapsrc\2.vmf
ConVarRef mat_reduceparticles doesn't point to an existing ConVar
fixing up env_cubemap materials on brush sides...
0...1...2...3...4...5...6...7...8...9...100...1...2...3...4...5...6...7...8...9...10Processing areas...done (0)
Building Faces...done (0)
FixTjuncs...
PruneNodes...
WriteBSP...
done (0)
writing d:\steam\steamapps\sourcemods\entropyzero2-addonworkspace\mapsrc\2.prt...Building visibility clusters...
done (0)
Finding displacement neighbors...
Finding lightmap sample positions...
Displacement Alpha : 0...1...2...3...4...5...6...7...8...9...10
Building Physics collision data...
done (0) (51636 bytes)
Placing static props...
Error! To use model "models/props_trainstation/passengercardoor001.mdl"
      with prop_static, it must be compiled with $staticprop!
Error loading studio model "models/props_trainstation/passengercardoor001.mdl"!
Placing detail props : 0...1...2...3...4...5...6...7...8...9...10
Compacting texture/material tables...
Reduced 81 texinfos to 35
Reduced 9 texdatas to 9 (205 bytes to 205)
Writing d:\steam\steamapps\sourcemods\entropyzero2-addonworkspace\mapsrc\2.bsp
0 seconds elapsed



12 threads
reading d:\steam\steamapps\sourcemods\entropyzero2-addonworkspace\mapsrc\2.bsp
reading d:\steam\steamapps\sourcemods\entropyzero2-addonworkspace\mapsrc\2.prt
  94 portalclusters
 139 numportals
0...1...2...3...4...5...6...7...8...9...10Optimized: 0 visible clusters (0.00%)
Total clusters visible: 7152
Average clusters visible: 76
Building PAS...
Average clusters audible: 94
visdatasize:3012  compressed from 3008
writing d:\steam\steamapps\sourcemods\entropyzero2-addonworkspace\mapsrc\2.bsp
0 seconds elapsed



[Reading texlights from 'lights.rad']
[48 texlights parsed from 'lights.rad']

Loading d:\steam\steamapps\sourcemods\entropyzero2-addonworkspace\mapsrc\2.bsp
834 faces
118093 square feet [17005406.00 square inches]
0 Displacements
0 Square Feet [0.00 Square Inches]
834 patches before subdivision
16034 patches after subdivision
5 direct lights
0...1...2...3...4...5...6...7...8...9...100...1...2...3...4...5...6...7...8...9...10transfers 2067939, max 525
transfer lists:  15.8 megs
0...1...2...3...4...5...6...7...8...9...10	Bounce #1 added RGB(6611, 6197, 5395)
0...1...2...3...4...5...6...7...8...9...10	Bounce #2 added RGB(612, 535, 401)
Build Patch/Sample Hash Table(s).....Done<0.0026 sec>
0...1...2...3...4...5...6...7...8...9...10FinalLightFace Done
0 of 0 (0% of) surface lights went in leaf ambient cubes.
0...1...2...3...4...5...6...7...8...9...10Writing leaf ambient...done
Ready to Finish

Object names       Objects/Maxobjs  Memory / Maxmem  Fullness 
------------       ---------------  ---------------  -------- 
models                   3/1024          144/49152    ( 0.3%) 
brushes                148/8192         1776/98304    ( 1.8%) 
brushsides            1016/65536        8128/524288   ( 1.6%) 
planes                 374/65536        7480/1310720  ( 0.6%) 
vertexes              1064/65536       12768/786432   ( 1.6%) 
nodes                  313/65536       10016/2097152  ( 0.5%) 
texinfos                35/12288        2520/884736   ( 0.3%) 
texdata                  9/2048          288/65536    ( 0.4%) 
dispinfos                0/0               0/0        ( 0.0%) 
disp_verts               0/0               0/0        ( 0.0%) 
disp_tris                0/0               0/0        ( 0.0%) 
disp_lmsamples           0/0               0/0        ( 0.0%) 
faces                  834/65536       46704/3670016  ( 1.3%) 
hdr faces                0/65536           0/3670016  ( 0.0%) 
origfaces              351/65536       19656/3670016  ( 0.5%) 
leaves                 317/65536       10144/2097152  ( 0.5%) 
leaffaces              834/65536        1668/131072   ( 1.3%) 
leafbrushes            345/65536         690/131072   ( 0.5%) 
areas                    2/256            16/2048     ( 0.8%) 
surfedges             4910/512000      19640/2048000  ( 1.0%) 
edges                 2659/256000      10636/1024000  ( 1.0%) 
LDR worldlights          5/65536         440/5767168  ( 0.0%) 
HDR worldlights          0/65536           0/5767168  ( 0.0%) 
leafwaterdata            0/32768           0/393216   ( 0.0%) 
waterstrips              0/32768           0/327680   ( 0.0%) 
waterverts               0/65536           0/786432   ( 0.0%) 
waterindices             0/65536           0/131072   ( 0.0%) 
cubemapsamples           0/1024            0/16384    ( 0.0%) 
overlays                 0/8192            0/2883584  ( 0.0%) 
LDR lightdata         [variable]      301428/0        ( 0.0%) 
HDR lightdata         [variable]           0/0        ( 0.0%) 
visdata               [variable]        3012/16777216 ( 0.0%) 
entdata               [variable]       13825/393216   ( 3.5%) 
LDR ambient table      317/65536        1268/262144   ( 0.5%) 
HDR ambient table      317/65536        1268/262144   ( 0.5%) 
LDR leaf ambient       601/65536       16828/1835008  ( 0.9%) 
HDR leaf ambient       317/65536        8876/1835008  ( 0.5%) 
occluders                0/0               0/0        ( 0.0%) 
occluder polygons        0/0               0/0        ( 0.0%) 
occluder vert ind        0/0               0/0        ( 0.0%) 
detail props          [variable]           1/12       ( 8.3%) 
static props          [variable]           1/12       ( 8.3%) 
pakfile               [variable]          54/0        ( 0.0%) 
physics               [variable]       51636/4194304  ( 1.2%) 
physics terrain       [variable]           2/1048576  ( 0.0%) 

Level flags = 0

Total triangle count: 1838
Writing d:\steam\steamapps\sourcemods\entropyzero2-addonworkspace\mapsrc\2.bsp
0 seconds elapsed
