PRT1
94
139
4 0 5 (128 2048 0 ) (128 2048 256 ) (96 2048 256 ) (96 2048 0 ) 
4 0 1 (96 2080 0 ) (96 2048 0 ) (96 2048 256 ) (96 2080 256 ) 
4 1 6 (96 2048 256 ) (0 2048 256 ) (0 2048 0 ) (96 2048 0 ) 
4 1 2 (0 2048 0 ) (0 2048 256 ) (0 2112 256 ) (0 2112 0 ) 
4 2 10 (0 2048 0 ) (0 2048 256 ) (-96 2048 256 ) (-96 2048 0 ) 
4 2 3 (-96 2080 0 ) (-96 2048 0 ) (-96 2048 256 ) (-96 2080 256 ) 
4 3 12 (-96 2048 256 ) (-128 2048 256 ) (-128 2048 0 ) (-96 2048 0 ) 
4 4 8 (128 1024 0 ) (128 1024 256 ) (96 1024 256 ) (96 1024 0 ) 
4 4 6 (96 1056 0 ) (96 1024 0 ) (96 1024 256 ) (96 1056 256 ) 
4 5 6 (96 2048 0 ) (96 1120 0 ) (96 1120 256 ) (96 2048 256 ) 
4 6 10 (0 2048 256 ) (0 2048 0 ) (0 1024 0 ) (0 1024 256 ) 
4 6 9 (96 1024 256 ) (0 1024 256 ) (0 1024 0 ) (96 1024 0 ) 
4 7 17 (128 0 0 ) (128 0 256 ) (96 0 256 ) (96 0 0 ) 
4 7 9 (96 32 0 ) (96 0 0 ) (96 0 256 ) (96 32 256 ) 
4 8 9 (96 1024 0 ) (96 96 0 ) (96 96 256 ) (96 1024 256 ) 
4 9 18 (96 0 256 ) (0 0 256 ) (0 0 0 ) (96 0 0 ) 
4 9 13 (0 0 0 ) (0 0 256 ) (0 1024 256 ) (0 1024 0 ) 
4 10 13 (0 1024 0 ) (0 1024 256 ) (-96 1024 256 ) (-96 1024 0 ) 
4 10 12 (-96 2048 0 ) (-96 1120 0 ) (-96 1120 256 ) (-96 2048 256 ) 
4 10 11 (-96 1056 0 ) (-96 1024 0 ) (-96 1024 256 ) (-96 1056 256 ) 
4 11 15 (-96 1024 256 ) (-128 1024 256 ) (-128 1024 0 ) (-96 1024 0 ) 
4 13 22 (0 0 0 ) (0 0 256 ) (-96 0 256 ) (-96 0 0 ) 
4 13 15 (-96 1024 0 ) (-96 96 0 ) (-96 96 256 ) (-96 1024 256 ) 
4 13 14 (-96 32 0 ) (-96 0 0 ) (-96 0 256 ) (-96 32 256 ) 
4 14 24 (-96 0 256 ) (-128 0 256 ) (-128 0 0 ) (-96 0 0 ) 
4 16 20 (128 -1024 0 ) (128 -1024 256 ) (96 -1024 256 ) (96 -1024 0 ) 
4 16 18 (96 -992 0 ) (96 -1024 0 ) (96 -1024 256 ) (96 -992 256 ) 
4 17 18 (96 0 0 ) (96 -928 0 ) (96 -928 256 ) (96 0 256 ) 
4 18 22 (0 -1024 0 ) (0 -1024 256 ) (0 0 256 ) (0 0 0 ) 
4 18 21 (96 -1024 256 ) (0 -1024 256 ) (0 -1024 0 ) (96 -1024 0 ) 
4 19 29 (128 -2048 0 ) (128 -2048 256 ) (96 -2048 256 ) (96 -2048 0 ) 
4 19 21 (96 -2016 0 ) (96 -2048 0 ) (96 -2048 256 ) (96 -2016 256 ) 
4 20 21 (96 -1024 0 ) (96 -1952 0 ) (96 -1952 256 ) (96 -1024 256 ) 
4 21 30 (96 -2048 256 ) (0 -2048 256 ) (0 -2048 0 ) (96 -2048 0 ) 
4 21 25 (0 -2048 0 ) (0 -2048 256 ) (0 -1024 256 ) (0 -1024 0 ) 
4 22 25 (0 -1024 0 ) (0 -1024 256 ) (-96 -1024 256 ) (-96 -1024 0 ) 
4 22 24 (-96 0 0 ) (-96 -928 0 ) (-96 -928 256 ) (-96 0 256 ) 
4 22 23 (-96 -992 0 ) (-96 -1024 0 ) (-96 -1024 256 ) (-96 -992 256 ) 
4 23 27 (-96 -1024 256 ) (-128 -1024 256 ) (-128 -1024 0 ) (-96 -1024 0 ) 
4 25 37 (0 -2048 0 ) (0 -2048 256 ) (-96 -2048 256 ) (-96 -2048 0 ) 
4 25 27 (-96 -1024 0 ) (-96 -1952 0 ) (-96 -1952 256 ) (-96 -1024 256 ) 
4 25 26 (-96 -2016 0 ) (-96 -2048 0 ) (-96 -2048 256 ) (-96 -2016 256 ) 
4 26 39 (-96 -2048 256 ) (-128 -2048 256 ) (-128 -2048 0 ) (-96 -2048 0 ) 
4 28 32 (128 -3072 0 ) (128 -3072 256 ) (96 -3072 256 ) (96 -3072 0 ) 
4 28 30 (96 -3040 0 ) (96 -3072 0 ) (96 -3072 256 ) (96 -3040 256 ) 
4 29 30 (96 -2048 0 ) (96 -2976 0 ) (96 -2976 256 ) (96 -2048 256 ) 
4 30 37 (0 -2048 256 ) (0 -2048 0 ) (0 -3072 0 ) (0 -3072 256 ) 
4 30 33 (96 -3072 256 ) (0 -3072 256 ) (0 -3072 0 ) (96 -3072 0 ) 
4 31 35 (96 -4096 0 ) (128 -4096 0 ) (128 -4096 256 ) (96 -4096 256 ) 
4 31 33 (96 -4064 0 ) (96 -4096 0 ) (96 -4096 256 ) (96 -4064 256 ) 
4 32 33 (96 -3072 0 ) (96 -4000 0 ) (96 -4000 256 ) (96 -3072 256 ) 
4 33 40 (0 -4096 0 ) (0 -4096 256 ) (0 -3072 256 ) (0 -3072 0 ) 
4 33 36 (0 -4096 256 ) (0 -4096 0 ) (96 -4096 0 ) (96 -4096 256 ) 
4 34 47 (128 -5120 0 ) (128 -5120 256 ) (96 -5120 256 ) (96 -5120 0 ) 
4 34 36 (96 -5088 0 ) (96 -5120 0 ) (96 -5120 256 ) (96 -5088 256 ) 
4 35 36 (96 -4096 0 ) (96 -5024 0 ) (96 -5024 256 ) (96 -4096 256 ) 
4 36 48 (96 -5120 256 ) (0 -5120 256 ) (0 -5120 0 ) (96 -5120 0 ) 
4 36 43 (0 -5120 0 ) (0 -5120 256 ) (0 -4096 256 ) (0 -4096 0 ) 
4 37 40 (0 -3072 0 ) (0 -3072 256 ) (-96 -3072 256 ) (-96 -3072 0 ) 
4 37 39 (-96 -2048 0 ) (-96 -2976 0 ) (-96 -2976 256 ) (-96 -2048 256 ) 
4 37 38 (-96 -3040 0 ) (-96 -3072 0 ) (-96 -3072 256 ) (-96 -3040 256 ) 
4 38 42 (-96 -3072 256 ) (-128 -3072 256 ) (-128 -3072 0 ) (-96 -3072 0 ) 
4 40 43 (0 -4096 0 ) (0 -4096 256 ) (-96 -4096 256 ) (-96 -4096 0 ) 
4 40 42 (-96 -3072 0 ) (-96 -4000 0 ) (-96 -4000 256 ) (-96 -3072 256 ) 
4 40 41 (-96 -4064 0 ) (-96 -4096 0 ) (-96 -4096 256 ) (-96 -4064 256 ) 
4 41 45 (-96 -4096 256 ) (-128 -4096 256 ) (-128 -4096 0 ) (-96 -4096 0 ) 
4 43 52 (0 -5120 0 ) (0 -5120 256 ) (-96 -5120 256 ) (-96 -5120 0 ) 
4 43 45 (-96 -4096 0 ) (-96 -5024 0 ) (-96 -5024 256 ) (-96 -4096 256 ) 
4 43 44 (-96 -5088 0 ) (-96 -5120 0 ) (-96 -5120 256 ) (-96 -5088 256 ) 
4 44 54 (-96 -5120 256 ) (-128 -5120 256 ) (-128 -5120 0 ) (-96 -5120 0 ) 
4 46 50 (128 -6144 0 ) (128 -6144 256 ) (96 -6144 256 ) (96 -6144 0 ) 
4 46 48 (96 -6112 0 ) (96 -6144 0 ) (96 -6144 256 ) (96 -6112 256 ) 
4 47 48 (96 -5120 0 ) (96 -6048 0 ) (96 -6048 256 ) (96 -5120 256 ) 
4 48 52 (0 -5120 256 ) (0 -5120 0 ) (0 -6144 0 ) (0 -6144 256 ) 
4 48 51 (96 -6144 256 ) (0 -6144 256 ) (0 -6144 0 ) (96 -6144 0 ) 
4 49 59 (128 -7168 0 ) (128 -7168 256 ) (96 -7168 256 ) (96 -7168 0 ) 
4 49 51 (96 -7136 0 ) (96 -7168 0 ) (96 -7168 256 ) (96 -7136 256 ) 
4 50 51 (96 -6144 0 ) (96 -7072 0 ) (96 -7072 256 ) (96 -6144 256 ) 
4 51 60 (96 -7168 256 ) (0 -7168 256 ) (0 -7168 0 ) (96 -7168 0 ) 
4 51 55 (0 -7168 0 ) (0 -7168 256 ) (0 -6144 256 ) (0 -6144 0 ) 
4 52 55 (0 -6144 0 ) (0 -6144 256 ) (-96 -6144 256 ) (-96 -6144 0 ) 
4 52 54 (-96 -5120 0 ) (-96 -6048 0 ) (-96 -6048 256 ) (-96 -5120 256 ) 
4 52 53 (-96 -6112 0 ) (-96 -6144 0 ) (-96 -6144 256 ) (-96 -6112 256 ) 
4 53 57 (-96 -6144 256 ) (-128 -6144 256 ) (-128 -6144 0 ) (-96 -6144 0 ) 
4 55 67 (0 -7168 0 ) (0 -7168 256 ) (-96 -7168 256 ) (-96 -7168 0 ) 
4 55 57 (-96 -6144 0 ) (-96 -7072 0 ) (-96 -7072 256 ) (-96 -6144 256 ) 
4 55 56 (-96 -7136 0 ) (-96 -7168 0 ) (-96 -7168 256 ) (-96 -7136 256 ) 
4 56 69 (-96 -7168 256 ) (-128 -7168 256 ) (-128 -7168 0 ) (-96 -7168 0 ) 
4 58 62 (128 -8192 0 ) (128 -8192 256 ) (96 -8192 256 ) (96 -8192 0 ) 
4 58 60 (96 -8160 0 ) (96 -8192 0 ) (96 -8192 256 ) (96 -8160 256 ) 
4 59 60 (96 -7168 0 ) (96 -8096 0 ) (96 -8096 256 ) (96 -7168 256 ) 
4 60 67 (0 -7168 256 ) (0 -7168 0 ) (0 -8192 0 ) (0 -8192 256 ) 
4 60 63 (96 -8192 256 ) (0 -8192 256 ) (0 -8192 0 ) (96 -8192 0 ) 
4 61 65 (96 -9216 0 ) (128 -9216 0 ) (128 -9216 256 ) (96 -9216 256 ) 
4 61 63 (96 -9184 0 ) (96 -9216 0 ) (96 -9216 256 ) (96 -9184 256 ) 
4 62 63 (96 -8192 0 ) (96 -9120 0 ) (96 -9120 256 ) (96 -8192 256 ) 
4 63 70 (0 -9216 0 ) (0 -9216 256 ) (0 -8192 256 ) (0 -8192 0 ) 
4 63 66 (0 -9216 256 ) (0 -9216 0 ) (96 -9216 0 ) (96 -9216 256 ) 
4 64 77 (128 -10240 0 ) (128 -10240 256 ) (96 -10240 256 ) (96 -10240 0 ) 
4 64 66 (96 -10208 0 ) (96 -10240 0 ) (96 -10240 256 ) (96 -10208 256 ) 
4 65 66 (96 -9216 0 ) (96 -10144 0 ) (96 -10144 256 ) (96 -9216 256 ) 
4 66 79 (96 -10240 256 ) (0 -10240 256 ) (0 -10240 0 ) (96 -10240 0 ) 
4 66 73 (0 -10240 0 ) (0 -10240 256 ) (0 -9216 256 ) (0 -9216 0 ) 
4 67 70 (0 -8192 0 ) (0 -8192 256 ) (-96 -8192 256 ) (-96 -8192 0 ) 
4 67 69 (-96 -7168 0 ) (-96 -8096 0 ) (-96 -8096 256 ) (-96 -7168 256 ) 
4 67 68 (-96 -8160 0 ) (-96 -8192 0 ) (-96 -8192 256 ) (-96 -8160 256 ) 
4 68 72 (-96 -8192 256 ) (-128 -8192 256 ) (-128 -8192 0 ) (-96 -8192 0 ) 
4 70 73 (0 -9216 0 ) (0 -9216 256 ) (-96 -9216 256 ) (-96 -9216 0 ) 
4 70 72 (-96 -8192 0 ) (-96 -9120 0 ) (-96 -9120 256 ) (-96 -8192 256 ) 
4 70 71 (-96 -9184 0 ) (-96 -9216 0 ) (-96 -9216 256 ) (-96 -9184 256 ) 
4 71 75 (-96 -9216 256 ) (-128 -9216 256 ) (-128 -9216 0 ) (-96 -9216 0 ) 
4 73 83 (0 -10240 0 ) (0 -10240 256 ) (-96 -10240 256 ) (-96 -10240 0 ) 
4 73 75 (-96 -9216 0 ) (-96 -10144 0 ) (-96 -10144 256 ) (-96 -9216 256 ) 
4 73 74 (-96 -10208 0 ) (-96 -10240 0 ) (-96 -10240 256 ) (-96 -10208 256 ) 
4 74 85 (-96 -10240 256 ) (-128 -10240 256 ) (-128 -10240 0 ) (-96 -10240 0 ) 
4 76 79 (96 -10720 0 ) (96 -11168 0 ) (96 -11168 256 ) (96 -10720 256 ) 
4 77 79 (96 -10240 0 ) (96 -10656 0 ) (96 -10656 256 ) (96 -10240 256 ) 
4 78 81 (128 -11264 0 ) (128 -11264 256 ) (96 -11264 256 ) (96 -11264 0 ) 
4 78 79 (96 -11232 0 ) (96 -11264 0 ) (96 -11264 256 ) (96 -11232 256 ) 
4 79 83 (0 -11264 0 ) (0 -11264 256 ) (0 -10240 256 ) (0 -10240 0 ) 
4 79 82 (96 -11264 256 ) (0 -11264 256 ) (0 -11264 0 ) (96 -11264 0 ) 
4 80 90 (128 -12288 0 ) (128 -12288 256 ) (96 -12288 256 ) (96 -12288 0 ) 
4 80 82 (96 -11744 0 ) (96 -12288 0 ) (96 -12288 256 ) (96 -11744 256 ) 
4 81 82 (96 -11264 0 ) (96 -11680 0 ) (96 -11680 256 ) (96 -11264 256 ) 
4 82 90 (96 -12288 256 ) (0 -12288 256 ) (0 -12288 0 ) (96 -12288 0 ) 
4 82 87 (0 -12288 0 ) (0 -12288 256 ) (0 -11264 256 ) (0 -11264 0 ) 
4 83 87 (0 -11264 0 ) (0 -11264 256 ) (-96 -11264 256 ) (-96 -11264 0 ) 
4 83 86 (-96 -11232 0 ) (-96 -11264 0 ) (-96 -11264 256 ) (-96 -11232 256 ) 
4 83 85 (-96 -10240 0 ) (-96 -10656 0 ) (-96 -10656 256 ) (-96 -10240 256 ) 
4 83 84 (-96 -10720 0 ) (-96 -11168 0 ) (-96 -11168 256 ) (-96 -10720 256 ) 
4 86 89 (-96 -11264 256 ) (-128 -11264 256 ) (-128 -11264 0 ) (-96 -11264 0 ) 
4 87 92 (0 -12288 0 ) (0 -12288 256 ) (-96 -12288 256 ) (-96 -12288 0 ) 
4 87 89 (-96 -11264 0 ) (-96 -11680 0 ) (-96 -11680 256 ) (-96 -11264 256 ) 
4 87 88 (-96 -11744 0 ) (-96 -12288 0 ) (-96 -12288 256 ) (-96 -11744 256 ) 
4 88 92 (-96 -12288 256 ) (-128 -12288 256 ) (-128 -12288 0 ) (-96 -12288 0 ) 
4 90 92 (0 -12288 256 ) (0 -12288 0 ) (0 -13312 0 ) (0 -13312 256 ) 
4 90 91 (128 -13312 256 ) (0 -13312 256 ) (0 -13312 0 ) (128 -13312 0 ) 
4 91 93 (0 -14272 0 ) (0 -14272 256 ) (0 -13312 256 ) (0 -13312 0 ) 
4 92 93 (0 -13312 0 ) (0 -13312 256 ) (-128 -13312 256 ) (-128 -13312 0 ) 
