PRT1
44
84
4 0 15 (360 0 192 ) (168 0 192 ) (168 0 128 ) (360 0 128 ) 
4 0 1 (360 0 128 ) (168 0 128 ) (168 192 128 ) (360 192 128 ) 
4 1 28 (360 0 128 ) (168 0 128 ) (168 0 0 ) (360 0 0 ) 
4 2 9 (0 64 128 ) (0 192 128 ) (0 192 0 ) (0 64 0 ) 
4 2 6 (0 64 0 ) (8 64 0 ) (8 64 112 ) (0 64 112 ) 
4 2 5 (8 64 112 ) (8 64 128 ) (0 64 128 ) (0 64 112 ) 
4 2 3 (8 64 0 ) (16 64 0 ) (16 64 128 ) (8 64 128 ) 
4 3 6 (8 64 112 ) (8 64 0 ) (8 56 0 ) (8 56 112 ) 
4 3 5 (8 64 128 ) (8 64 112 ) (8 56 112 ) (8 56 128 ) 
4 4 32 (128 0 128 ) (8 0 128 ) (8 0 0 ) (128 0 0 ) 
4 4 7 (8 20 0 ) (8 0 0 ) (8 0 112 ) (8 20 112 ) 
4 5 9 (0 48 128 ) (0 64 128 ) (0 64 112 ) (0 48 112 ) 
4 5 6 (0 48 112 ) (0 64 112 ) (8 64 112 ) (8 56 112 ) 
4 6 9 (0 48 112 ) (0 64 112 ) (0 64 0 ) (0 48 0 ) 
4 7 33 (0 0 112 ) (0 0 0 ) (8 0 0 ) (8 0 112 ) 
4 7 9 (0 0 0 ) (0 0 112 ) (0 20 112 ) (0 20 0 ) 
4 9 39 (0 0 0 ) (0 0 112 ) (-128 0 112 ) (-128 0 0 ) 
4 9 38 (0 0 112 ) (0 0 128 ) (-128 0 128 ) (-128 0 112 ) 
4 10 43 (0 -208 192 ) (0 -344 192 ) (0 -344 352 ) (0 -208 352 ) 
4 10 23 (0 -344 192 ) (0 -208 192 ) (424 -208 192 ) (424 -344 192 ) 
3 11 24 (365.333344 -72 128 ) (360 -72 128 ) (360 -40 128 ) 
4 11 20 (360 -72 128 ) (365.333344 -72 128 ) (365.333344 -72 192 ) (360 -72 192 ) 
4 11 15 (360 -40 128 ) (360 -72 128 ) (360 -72 192 ) (360 -40 192 ) 
4 11 12 (365.333649 -72 192 ) (365.333649 -72 128 ) (362 -52 128 ) (362 -52 192 ) 
3 12 25 (374.727264 -72 128 ) (365.333344 -72 128 ) (362 -52 128 ) 
4 12 20 (365.333344 -72 128 ) (374.727264 -72 128 ) (374.727264 -72 192 ) (365.333344 -72 192 ) 
4 12 13 (374.726379 -72 192 ) (374.726379 -72 128 ) (368.998779 -63 128 ) (368.998779 -63 192 ) 
3 13 26 (383.142822 -72 128 ) (374.727264 -72 128 ) (369 -63 128 ) 
4 13 20 (374.727264 -72 128 ) (383.142822 -72 128 ) (383.142822 -72 192 ) (374.727264 -72 192 ) 
4 13 14 (383.142578 -72 192 ) (383.142578 -72 128 ) (380 -70 128 ) (380 -70 192 ) 
3 14 27 (392 -72 128 ) (383.142822 -72 128 ) (380 -70 128 ) 
4 14 20 (383.142822 -72 128 ) (392 -72 128 ) (392 -72 192 ) (383.142822 -72 192 ) 
4 15 28 (168 0 128 ) (360 0 128 ) (360 -72 128 ) (168 -72 128 ) 
4 15 20 (168 -72 128 ) (360 -72 128 ) (360 -72 192 ) (168 -72 192 ) 
4 15 19 (168 -40 128 ) (168 -48.857147 128 ) (168 -48.857147 192 ) (168 -40 192 ) 
4 15 17 (168 -48.857147 128 ) (168 -57.272743 128 ) (168 -57.272743 192 ) (168 -48.857147 192 ) 
4 15 16 (168 -57.272743 128 ) (168 -72 128 ) (168 -72 192 ) (168 -57.272743 192 ) 
4 16 34 (168 -64 128 ) (168 -72 128 ) (144.857162 -72 128 ) (157.428589 -64 128 ) 
3 16 29 (168 -57.272743 128 ) (168 -64 128 ) (157.428589 -64 128 ) 
4 16 20 (144.857162 -72 128 ) (168 -72 128 ) (168 -72 192 ) (144.857162 -72 192 ) 
4 16 18 (147.997025 -70 128 ) (144.854904 -72 128 ) (144.854904 -72 192 ) (147.997025 -70 192 ) 
4 16 17 (168 -57.271477 192 ) (168 -57.271481 128 ) (159.001419 -62.997780 128 ) (159.001419 -62.997780 192 ) 
3 17 30 (168 -48.857147 128 ) (168 -57.272743 128 ) (159 -63 128 ) 
4 17 19 (168 -48.855469 192 ) (168 -48.855469 128 ) (166 -51.997978 128 ) (166 -51.997978 192 ) 
3 18 35 (148 -70 128 ) (144.857162 -72 128 ) (136 -72 128 ) 
4 18 20 (136 -72 128 ) (144.857162 -72 128 ) (144.857162 -72 192 ) (136 -72 192 ) 
3 19 31 (168 -40 128 ) (168 -48.857147 128 ) (166 -52 128 ) 
4 20 41 (0 -72 128 ) (0 -200 128 ) (0 -200 192 ) (0 -72 192 ) 
4 20 36 (0 -200 128 ) (0 -72 128 ) (424 -72 128 ) (424 -200 128 ) 
4 20 21 (320 -200 176 ) (192 -200 176 ) (192 -200 144 ) (320 -200 144 ) 
4 20 22 (64 -200 176 ) (0 -200 176 ) (0 -200 144 ) (64 -200 144 ) 
4 21 23 (320 -208 176 ) (192 -208 176 ) (192 -208 144 ) (320 -208 144 ) 
4 22 42 (0 -208 144 ) (0 -208 176 ) (0 -200 176 ) (0 -200 144 ) 
4 22 23 (64 -208 176 ) (0 -208 176 ) (0 -208 144 ) (64 -208 144 ) 
4 23 43 (0 -208 128 ) (0 -344 128 ) (0 -344 192 ) (0 -208 192 ) 
4 23 37 (0 -344 128 ) (0 -208 128 ) (424 -208 128 ) (424 -344 128 ) 
4 24 36 (360 -72 0 ) (365.333344 -72 0 ) (365.333313 -72 128 ) (360 -72 128 ) 
4 24 25 (365.333679 -72 128 ) (365.333679 -72 0 ) (362 -52 0 ) (362 -52 128 ) 
4 24 28 (360 -40 0 ) (360 -72 0 ) (360 -72 128 ) (360 -40 128 ) 
4 25 36 (365.333344 -72 0 ) (374.727264 -72 0 ) (374.727234 -72 128 ) (365.333313 -72 128 ) 
4 25 26 (374.726379 -72 128 ) (374.726379 -72 0 ) (368.998779 -63 0 ) (368.998779 -63 128 ) 
4 26 36 (374.727264 -72 0 ) (383.142822 -72 0 ) (383.142822 -72 128 ) (374.727234 -72 128 ) 
4 26 27 (383.142578 -72 128 ) (383.142578 -72 0 ) (380 -70 0 ) (380 -70 128 ) 
4 27 36 (383.142822 -72 0 ) (392 -72 0 ) (392 -72 128 ) (383.142822 -72 128 ) 
4 28 36 (168 -72 0 ) (360 -72 0 ) (360 -72 128 ) (168 -72 128 ) 
4 28 34 (168 -64 0 ) (168 -72 0 ) (168 -72 128 ) (168 -64 128 ) 
4 28 31 (168 -40 0 ) (168 -48.857162 0 ) (168 -48.857162 128 ) (168 -40 128 ) 
4 28 30 (168 -48.857162 0 ) (168 -57.272732 0 ) (168 -57.272732 128 ) (168 -48.857162 128 ) 
4 28 29 (168 -57.272732 0 ) (168 -64 0 ) (168 -64 128 ) (168 -57.272732 128 ) 
4 29 34 (157.428574 -64 0 ) (168 -64 0 ) (168 -64 128 ) (157.428574 -64 128 ) 
4 29 30 (168 -57.272728 128 ) (168 -57.272728 0 ) (159.001144 -62.998219 0 ) (159.001144 -62.998219 128 ) 
4 30 31 (168 -48.855469 128 ) (168 -48.855469 0 ) (166 -51.997978 0 ) (166 -51.997978 128 ) 
4 32 33 (8 0 0 ) (8 -36 0 ) (8 -36 112 ) (8 0 112 ) 
4 33 39 (0 0 112 ) (0 0 0 ) (0 -36 0 ) (0 -36 112 ) 
4 34 36 (144.857162 -72 0 ) (168 -72 0 ) (168 -72 128 ) (144.857162 -72 128 ) 
4 34 35 (148 -70 0 ) (144.856873 -72 0 ) (144.856873 -72 128 ) (148 -70 128 ) 
4 35 36 (136 -72 0 ) (144.857162 -72 0 ) (144.857162 -72 128 ) (136 -72 128 ) 
4 36 41 (0 -72 0 ) (0 -200 0 ) (0 -200 128 ) (0 -72 128 ) 
4 37 43 (0 -208 0 ) (0 -344 0 ) (0 -344 128 ) (0 -208 128 ) 
4 38 39 (-128 -64 112 ) (-128 0 112 ) (0 0 112 ) (0 -64 112 ) 
4 39 40 (-92 -64 0 ) (-36 -64 0 ) (-36 -64 112 ) (-92 -64 112 ) 
4 40 41 (-92 -72 0 ) (-36 -72 0 ) (-36 -72 112 ) (-92 -72 112 ) 
4 41 42 (-64 -200 144 ) (0 -200 144 ) (0 -200 176 ) (-64 -200 176 ) 
4 42 43 (-64 -208 144 ) (0 -208 144 ) (0 -208 176 ) (-64 -208 176 ) 
