PRT1
209
444
4 0 35 (-10920 12288 56 ) (-11048 12288 56 ) (-11048 12288 -72 ) (-10920 12288 -72 ) 
4 0 34 (-10912 12288 56 ) (-10920 12288 56 ) (-10920 12288 -72 ) (-10912 12288 -72 ) 
4 0 1 (-11048 12288 -72 ) (-11048 12416 -72 ) (-10920 12416 -72 ) (-10920 12288 -72 ) 
4 1 35 (-10920 12288 -192 ) (-10920 12288 -72 ) (-11048 12288 -72 ) (-11048 12288 -192 ) 
4 2 49 (-11264 12288 224 ) (-11264 12288 216 ) (-11224 12288 216 ) (-11224 12288 224 ) 
4 2 37 (-11224 12288 216 ) (-11144 12288 216 ) (-11144 12288 224 ) (-11224 12288 224 ) 
4 2 5 (-11264 12288 216 ) (-11264 12288 224 ) (-11264 12384 224 ) (-11264 12384 216 ) 
4 2 3 (-11264 12384 216 ) (-11144 12384 216 ) (-11144 12288 216 ) (-11264 12288 216 ) 
4 3 50 (-11264 12288 216 ) (-11264 12288 192 ) (-11224 12288 192 ) (-11224 12288 216 ) 
4 3 38 (-11224 12288 192 ) (-11144 12288 192 ) (-11144 12288 216 ) (-11224 12288 216 ) 
4 3 6 (-11264 12288 192 ) (-11264 12288 216 ) (-11264 12384 216 ) (-11264 12384 192 ) 
4 3 4 (-11144 12384 192 ) (-11144 12288 192 ) (-11264 12288 192 ) (-11264 12384 192 ) 
4 4 55 (-11264 12288 157.553802 ) (-11264 12288 -29.596375 ) (-11224 12288 -35.998795 ) (-11224 12288 151.168976 ) 
4 4 52 (-11264 12288 -29.596375 ) (-11264 12288 -192 ) (-11224 12288 -192 ) (-11224 12288 -35.998795 ) 
4 4 51 (-11224 12288 192 ) (-11264 12288 192 ) (-11264 12288 157.553802 ) (-11224 12288 151.168976 ) 
4 4 39 (-11064 12288 -192 ) (-11064 12288 192 ) (-11224 12288 192 ) (-11224 12288 -192 ) 
4 4 13 (-11264 12288 -192 ) (-11264 12288 -64 ) (-11264 12416 -64 ) (-11264 12416 -192 ) 
4 4 10 (-11264 12288 -64 ) (-11264 12288 128 ) (-11264 12416 128 ) (-11264 12416 -64 ) 
4 4 9 (-11264 12288 128 ) (-11264 12288 192 ) (-11264 12416 192 ) (-11264 12416 128 ) 
4 5 59 (-11264 12288 216 ) (-11264 12288 224 ) (-11272 12288 224 ) (-11272 12288 216 ) 
4 5 6 (-11272 12288 216 ) (-11272 12384 216 ) (-11264 12384 216 ) (-11264 12288 216 ) 
4 6 60 (-11264 12288 192 ) (-11264 12288 216 ) (-11272 12288 216 ) (-11272 12288 192 ) 
4 6 9 (-11264 12288 192 ) (-11272 12288 192 ) (-11272 12384 192 ) (-11264 12384 192 ) 
4 7 61 (-11304 12288 224 ) (-11432 12288 224 ) (-11432 12288 216 ) (-11304 12288 216 ) 
4 7 8 (-11432 12288 216 ) (-11432 12384 216 ) (-11304 12384 216 ) (-11304 12288 216 ) 
4 8 62 (-11432 12288 216 ) (-11432 12288 192 ) (-11304 12288 192 ) (-11304 12288 216 ) 
4 8 9 (-11304 12288 192 ) (-11432 12288 192 ) (-11432 12384 192 ) (-11304 12384 192 ) 
5 9 64 (-11264 12288 128 ) (-11264 12288 157.553802 ) (-11479.795898 12288 192 ) (-11512 12288 192 ) (-11512 12288 128 ) 
3 9 63 (-11264 12288 157.553802 ) (-11264 12288 192 ) (-11479.795898 12288 192 ) 
4 9 10 (-11264 12416 128 ) (-11264 12288 128 ) (-11512 12288 128 ) (-11512 12416 128 ) 
4 10 92 (-11264 12288 -64 ) (-11264 12288 0 ) (-11704 12288 0 ) (-11704 12288 -64 ) 
4 10 75 (-11512 12288 128 ) (-11704 12288 128 ) (-11704 12288 0 ) (-11512 12288 0 ) 
4 10 71 (-11264 12288 0 ) (-11264 12288 128 ) (-11512 12288 128 ) (-11512 12288 0 ) 
4 10 14 (-11520 12288 -64 ) (-11544 12288 -64 ) (-11544 12416 -64 ) (-11520 12416 -64 ) 
4 10 13 (-11264 12416 -64 ) (-11264 12288 -64 ) (-11520 12288 -64 ) (-11520 12416 -64 ) 
4 10 16 (-11544 12288 -64 ) (-11704 12288 -64 ) (-11704 12416 -64 ) (-11544 12416 -64 ) 
4 11 24 (-11704 12600 -192 ) (-11704 12416 -192 ) (-11832 12416 -192 ) (-11832 12600 -192 ) 
4 11 22 (-11704 12608 -192 ) (-11704 12600 -192 ) (-11832 12600 -192 ) (-11832 12608 -192 ) 
4 11 21 (-11704 12736 -192 ) (-11704 12608 -192 ) (-11832 12608 -192 ) (-11832 12736 -192 ) 
4 11 18 (-11828 12416 -192 ) (-11708 12416 -192 ) (-11708 12416 -68 ) (-11828 12416 -68 ) 
8 11 12 (-11832 12736 -192 ) (-11832 12608 -192 ) (-11832 12608 -127.998909 ) (-11832 12624 -96 ) (-11832 12656 -64 ) (-11832 12688 -64 ) (-11832 12720 -96 ) (-11832 12736 -128.001099 ) 
8 12 158 (-12288 12656 -64 ) (-12288 12688 -64 ) (-12288 12720 -96 ) (-12288 12736 -128.001099 ) (-12288 12736 -192 ) (-12288 12608 -192 ) (-12288 12608 -127.998909 ) (-12288 12624 -96 ) 
4 12 21 (-12288 12608 -192 ) (-12288 12736 -192 ) (-11832 12736 -192 ) (-11832 12608 -192 ) 
4 13 131 (-11264 12288 -192 ) (-11264 12288 -128 ) (-11520 12288 -128 ) (-11520 12288 -192 ) 
4 13 92 (-11264 12288 -128 ) (-11264 12288 -64 ) (-11520 12288 -64 ) (-11520 12288 -128 ) 
4 13 14 (-11520 12416 -64 ) (-11520 12416 -152 ) (-11520 12288 -152 ) (-11520 12288 -64 ) 
4 13 15 (-11520 12416 -156 ) (-11520 12416 -192 ) (-11520 12288 -192 ) (-11520 12288 -156 ) 
4 14 132 (-11544 12288 -128 ) (-11544 12288 -152 ) (-11520 12288 -152 ) (-11520 12288 -128 ) 
4 14 92 (-11520 12288 -64 ) (-11544 12288 -64 ) (-11544 12288 -128 ) (-11520 12288 -128 ) 
4 14 16 (-11544 12416 -64 ) (-11544 12416 -152 ) (-11544 12288 -152 ) (-11544 12288 -64 ) 
4 15 133 (-11544 12288 -156 ) (-11544 12288 -192 ) (-11520 12288 -192 ) (-11520 12288 -156 ) 
4 15 16 (-11544 12416 -156 ) (-11544 12416 -192 ) (-11544 12288 -192 ) (-11544 12288 -156 ) 
4 16 134 (-11704 12288 -128 ) (-11704 12288 -192 ) (-11544 12288 -192 ) (-11544 12288 -128 ) 
4 16 92 (-11544 12288 -64 ) (-11704 12288 -64 ) (-11704 12288 -128 ) (-11544 12288 -128 ) 
4 16 17 (-11704 12408 -192 ) (-11704 12288 -192 ) (-11704 12288 -64 ) (-11704 12408 -64 ) 
4 17 134 (-11708 12288 -128 ) (-11708 12288 -192 ) (-11704 12288 -192 ) (-11704 12288 -128 ) 
4 17 99 (-11704 12288 -64 ) (-11708 12288 -64 ) (-11708 12288 -128 ) (-11704 12288 -128 ) 
4 17 19 (-11708 12408 -192 ) (-11708 12288 -192 ) (-11708 12288 -64 ) (-11708 12408 -64 ) 
4 18 19 (-11828 12408 -68 ) (-11828 12408 -192 ) (-11708 12408 -192 ) (-11708 12408 -68 ) 
4 19 134 (-11828 12288 -128 ) (-11828 12288 -192 ) (-11708 12288 -192 ) (-11708 12288 -128 ) 
4 19 99 (-11708 12288 -64 ) (-11828 12288 -64 ) (-11828 12288 -128 ) (-11708 12288 -128 ) 
4 19 20 (-11828 12408 -192 ) (-11828 12288 -192 ) (-11828 12288 -64 ) (-11828 12408 -64 ) 
4 20 134 (-11832 12288 -128 ) (-11832 12288 -192 ) (-11828 12288 -192 ) (-11828 12288 -128 ) 
4 20 99 (-11828 12288 -64 ) (-11832 12288 -64 ) (-11832 12288 -128 ) (-11828 12288 -128 ) 
4 21 158 (-12288 12608 -192 ) (-12288 12736 -192 ) (-12288 12736 -320 ) (-12288 12608 -320 ) 
4 21 23 (-11832 12608 -320 ) (-11704 12608 -320 ) (-11704 12608 -272 ) (-11832 12608 -272 ) 
4 21 22 (-11704 12608 -272 ) (-11704 12608 -192 ) (-11832 12608 -192 ) (-11832 12608 -272 ) 
4 22 24 (-11704 12600 -272 ) (-11704 12600 -192 ) (-11832 12600 -192 ) (-11832 12600 -272 ) 
4 22 23 (-11704 12600 -272 ) (-11832 12600 -272 ) (-11832 12608 -272 ) (-11704 12608 -272 ) 
4 23 24 (-11832 12600 -320 ) (-11704 12600 -320 ) (-11704 12600 -272 ) (-11832 12600 -272 ) 
4 25 28 (-10304 11904 -3408 ) (-10424 11904 -3408 ) (-10424 12160 -3408 ) (-10304 12160 -3408 ) 
4 26 30 (-10432 11904 -3408 ) (-10624 11904 -3408 ) (-10624 12160 -3408 ) (-10432 12160 -3408 ) 
4 27 28 (-10304 11940 -3408 ) (-10304 11996 -3408 ) (-10304 11996 -3520 ) (-10304 11940 -3520 ) 
4 28 29 (-10424 11940 -3408 ) (-10424 11996 -3408 ) (-10424 11996 -3520 ) (-10424 11940 -3520 ) 
4 29 30 (-10432 11940 -3408 ) (-10432 11996 -3408 ) (-10432 11996 -3520 ) (-10432 11940 -3520 ) 
4 30 32 (-10624 11973 -3424 ) (-10624 12029 -3424 ) (-10624 12029 -3488 ) (-10624 11973 -3488 ) 
4 30 31 (-10624 12035 -3424 ) (-10624 12091 -3424 ) (-10624 12091 -3488 ) (-10624 12035 -3488 ) 
4 31 33 (-10632 12035 -3424 ) (-10632 12091 -3424 ) (-10632 12091 -3488 ) (-10632 12035 -3488 ) 
4 32 33 (-10632 11973 -3424 ) (-10632 12029 -3424 ) (-10632 12029 -3488 ) (-10632 11973 -3488 ) 
4 34 137 (-10920 11264 56 ) (-10920 11264 -72 ) (-10912 11264 -72 ) (-10912 11264 56 ) 
4 34 35 (-10920 11264 -72 ) (-10920 11264 56 ) (-10920 12288 56 ) (-10920 12288 -72 ) 
4 35 138 (-11048 11264 -72 ) (-11048 11264 -192 ) (-10920 11264 -192 ) (-10920 11264 -72 ) 
4 35 137 (-11048 11264 56 ) (-11048 11264 -72 ) (-10920 11264 -72 ) (-10920 11264 56 ) 
4 35 36 (-11048 12276 -192 ) (-11048 12172 -192 ) (-11048 12172 -80 ) (-11048 12276 -80 ) 
4 36 39 (-11064 12276 -80 ) (-11064 12276 -192 ) (-11064 12172 -192 ) (-11064 12172 -80 ) 
4 37 49 (-11224 12288 224 ) (-11224 12288 216 ) (-11224 12064 216 ) (-11224 12064 224 ) 
4 37 38 (-11144 12064 216 ) (-11224 12064 216 ) (-11224 12288 216 ) (-11144 12288 216 ) 
4 38 50 (-11224 12288 216 ) (-11224 12288 192 ) (-11224 12064 192 ) (-11224 12064 216 ) 
4 38 39 (-11224 12064 192 ) (-11224 12288 192 ) (-11144 12288 192 ) (-11144 12064 192 ) 
4 39 55 (-11224 12288 151.168961 ) (-11224 12288 -35.998779 ) (-11224 12099.627930 -18.585262 ) (-11224 12100.123047 168.489212 ) 
4 39 53 (-11224 12099.627930 -18.585262 ) (-11224 12032 -12.333603 ) (-11224 12032 174.769470 ) (-11224 12100.123047 168.489212 ) 
4 39 52 (-11224 12288 -35.998779 ) (-11224 12288 -192 ) (-11224 12032 -192 ) (-11224 12032 -12.333603 ) 
4 39 51 (-11224 12288 192 ) (-11224 12288 151.168961 ) (-11224 12032 174.769470 ) (-11224 12032 192 ) 
4 39 41 (-11224 12032 -192 ) (-11064 12032 -192 ) (-11064 12032 -184 ) (-11224 12032 -184 ) 
4 39 40 (-11064 12032 -184 ) (-11064 12032 128 ) (-11224 12032 128 ) (-11224 12032 -184 ) 
4 40 42 (-11064 11840 -176 ) (-11064 11840 128 ) (-11224 11840 128 ) (-11224 11840 -176 ) 
4 40 41 (-11224 11856 -184 ) (-11224 12032 -184 ) (-11064 12032 -184 ) (-11064 11856 -184 ) 
4 42 43 (-11064 11824 -168 ) (-11064 11824 128 ) (-11224 11824 128 ) (-11224 11824 -168 ) 
4 43 44 (-11064 11808 -160 ) (-11064 11808 128 ) (-11224 11808 128 ) (-11224 11808 -160 ) 
4 44 45 (-11064 11792 -152 ) (-11064 11792 128 ) (-11224 11792 128 ) (-11224 11792 -152 ) 
4 45 46 (-11064 11776 -144 ) (-11064 11776 128 ) (-11224 11776 128 ) (-11224 11776 -144 ) 
4 46 47 (-11064 11760 -136 ) (-11064 11760 128 ) (-11224 11760 128 ) (-11224 11760 -136 ) 
4 47 48 (-11064 11744 -128 ) (-11064 11744 128 ) (-11224 11744 128 ) (-11224 11744 -128 ) 
4 48 58 (-11224 11264 -128 ) (-11224 11264 128 ) (-11224 11520 128 ) (-11224 11520 -128 ) 
4 48 57 (-11224 11520 128 ) (-11224 11536 128 ) (-11224 11536 -128 ) (-11224 11520 -128 ) 
4 49 59 (-11264 12288 224 ) (-11264 12288 216 ) (-11264 12064 216 ) (-11264 12064 224 ) 
4 49 50 (-11224 12064 216 ) (-11264 12064 216 ) (-11264 12288 216 ) (-11224 12288 216 ) 
4 50 60 (-11264 12288 216 ) (-11264 12288 192 ) (-11264 12064 192 ) (-11264 12064 216 ) 
4 50 51 (-11264 12064 192 ) (-11264 12288 192 ) (-11224 12288 192 ) (-11224 12064 192 ) 
4 51 63 (-11264 12288 192 ) (-11264 12288 157.553802 ) (-11264 12032 181.154297 ) (-11264 12032 192 ) 
4 51 56 (-11231.198242 12096.100586 170.008377 ) (-11234.599609 12094.200195 170.726440 ) (-11264 12145.107422 170.726517 ) (-11264 12152.894531 170.008621 ) 
5 51 55 (-11264 12288 157.553375 ) (-11224 12288 151.168457 ) (-11224 12100.123047 168.488586 ) (-11231.198242 12096.100586 170.008377 ) (-11264 12152.894531 170.008621 ) 
3 51 54 (-11234.599609 12094.200195 170.726440 ) (-11264 12077.772461 176.934021 ) (-11264 12145.107422 170.726517 ) 
4 51 53 (-11224 12100.123047 168.488586 ) (-11224 12032 174.768799 ) (-11264 12032 181.153732 ) (-11264 12077.772461 176.934021 ) 
4 52 135 (-11264 12168 -192 ) (-11264 12032 -192 ) (-11264 12032 -128 ) (-11264 12168 -128 ) 
4 52 131 (-11264 12288 -128 ) (-11264 12288 -192 ) (-11264 12168 -192 ) (-11264 12168 -128 ) 
4 52 93 (-11264 12032 -64 ) (-11264 12032 -5.931183 ) (-11264 12176 -19.242853 ) (-11264 12176 -64 ) 
4 52 98 (-11264 12176 -128 ) (-11264 12032 -128 ) (-11264 12032 -64 ) (-11264 12176 -64 ) 
4 52 92 (-11264 12288 -29.596375 ) (-11264 12288 -128 ) (-11264 12176 -128 ) (-11264 12176 -19.242853 ) 
4 52 56 (-11264 12085.979492 -10.921581 ) (-11264 12078.094727 -10.192724 ) (-11263.642578 12077.476562 -10.192726 ) (-11260.199219 12079.400391 -10.921667 ) 
5 52 55 (-11224 12099.627930 -18.585770 ) (-11224 12288 -36 ) (-11264 12288 -29.596817 ) (-11264 12085.979492 -10.921581 ) (-11260.199219 12079.400391 -10.921667 ) 
3 52 54 (-11264 12078.094727 -10.192724 ) (-11264 12077.277344 -10.117155 ) (-11263.642578 12077.476562 -10.192726 ) 
4 52 53 (-11264 12032 -5.931671 ) (-11224 12032 -12.334122 ) (-11224 12099.627930 -18.585770 ) (-11264 12077.277344 -10.117155 ) 
4 53 95 (-11264 12077.277344 -10.116676 ) (-11264 12032 -5.931183 ) (-11264 12032 0 ) (-11264 12077.303711 0 ) 
4 53 72 (-11264 12032 0 ) (-11264 12032 128 ) (-11264 12077.642578 128 ) (-11264 12077.303711 0 ) 
4 53 65 (-11264 12032 128 ) (-11264 12032 181.154297 ) (-11264 12077.772461 176.934555 ) (-11264 12077.642578 128 ) 
4 53 56 (-11260.201172 12079.401367 -10.920436 ) (-11263.643555 12077.478516 -10.191654 ) (-11234.600586 12094.203125 170.725571 ) (-11231.201172 12096.102539 170.007721 ) 
4 53 55 (-11224 12099.628906 -18.584778 ) (-11260.201172 12079.401367 -10.920436 ) (-11231.201172 12096.102539 170.007721 ) (-11224 12100.126953 168.487320 ) 
4 53 54 (-11263.643555 12077.478516 -10.191654 ) (-11264 12077.279297 -10.116217 ) (-11264 12077.776367 176.932724 ) (-11234.600586 12094.203125 170.725571 ) 
4 54 95 (-11264 12078.094727 -10.192245 ) (-11264 12077.277344 -10.116676 ) (-11264 12077.303711 0 ) (-11264 12081.870117 0 ) 
4 54 72 (-11264 12077.303711 0 ) (-11264 12077.642578 128 ) (-11264 12129.281250 128 ) (-11264 12081.870117 0 ) 
4 54 65 (-11264 12077.642578 128 ) (-11264 12077.772461 176.934555 ) (-11264 12145.107422 170.726990 ) (-11264 12129.281250 128 ) 
4 54 56 (-11234.599609 12094.207031 170.730469 ) (-11263.644531 12077.482422 -10.191406 ) (-11264 12078.097656 -10.191406 ) (-11264 12145.113281 170.730469 ) 
4 55 96 (-11264 12176 -19.242821 ) (-11264 12085.979492 -10.921104 ) (-11264 12090.018555 0 ) (-11264 12176 0 ) 
4 55 92 (-11264 12288 0 ) (-11264 12288 -29.596375 ) (-11264 12176 -19.242821 ) (-11264 12176 0 ) 
4 55 73 (-11264 12202.404297 0 ) (-11264 12090.018555 0 ) (-11264 12137.358398 128 ) (-11264 12202.226562 128 ) 
4 55 71 (-11264 12288 128 ) (-11264 12288 0 ) (-11264 12202.404297 0 ) (-11264 12202.226562 128 ) 
4 55 66 (-11264 12202.226562 128 ) (-11264 12137.358398 128 ) (-11264 12152.894531 170.009094 ) (-11264 12202.172852 165.466125 ) 
4 55 64 (-11264 12288 157.553802 ) (-11264 12288 128 ) (-11264 12202.226562 128 ) (-11264 12202.172852 165.466125 ) 
4 55 56 (-11264 12085.977539 -10.921875 ) (-11260.202148 12079.401367 -10.921875 ) (-11231.200195 12096.101562 170.009247 ) (-11264 12152.893555 170.009247 ) 
4 56 97 (-11264 12085.979492 -10.921104 ) (-11264 12078.094727 -10.192245 ) (-11264 12081.870117 0 ) (-11264 12090.018555 0 ) 
4 56 74 (-11264 12081.870117 0 ) (-11264 12129.281250 128 ) (-11264 12137.358398 128 ) (-11264 12090.018555 0 ) 
4 56 67 (-11264 12129.281250 128 ) (-11264 12145.107422 170.726990 ) (-11264 12152.894531 170.009094 ) (-11264 12137.358398 128 ) 
4 57 58 (-11224 11520 -128 ) (-11224 11520 128 ) (-11240 11520 128 ) (-11240 11520 -128 ) 
4 58 121 (-11264 11264 -128 ) (-11264 11264 0 ) (-11264 11392 0 ) (-11264 11392 -128 ) 
4 58 119 (-11264 11426 -128 ) (-11264 11392 -128 ) (-11264 11392 -16 ) (-11264 11426 -16 ) 
4 58 116 (-11264 11482 -128 ) (-11264 11426 -128 ) (-11264 11426 -20 ) (-11264 11482 -20 ) 
4 58 114 (-11264 11426 -20 ) (-11264 11426 -16 ) (-11264 11482 -16 ) (-11264 11482 -20 ) 
4 58 107 (-11264 11520 -16 ) (-11264 11520 -128 ) (-11264 11482 -128 ) (-11264 11482 -16 ) 
4 58 105 (-11264 11392 0 ) (-11264 11520 0 ) (-11264 11520 -16 ) (-11264 11392 -16 ) 
4 58 82 (-11264 11264 0 ) (-11264 11264 128 ) (-11264 11392 128 ) (-11264 11392 0 ) 
4 58 78 (-11264 11392 128 ) (-11264 11520 128 ) (-11264 11520 0 ) (-11264 11392 0 ) 
4 59 60 (-11264 12064 216 ) (-11272 12064 216 ) (-11272 12288 216 ) (-11264 12288 216 ) 
4 60 63 (-11272 12288 192 ) (-11264 12288 192 ) (-11264 12064 192 ) (-11272 12064 192 ) 
4 61 62 (-11304 12064 216 ) (-11432 12064 216 ) (-11432 12288 216 ) (-11304 12288 216 ) 
4 62 65 (-11350.426758 12064 192 ) (-11432 12064 192 ) (-11432 12103.346680 192 ) (-11388.070312 12129.178711 192 ) 
3 62 64 (-11432 12103.346680 192 ) (-11432 12205.242188 192 ) (-11388.070312 12129.178711 192 ) 
5 62 63 (-11432 12288 192 ) (-11304 12288 192 ) (-11304 12064 192 ) (-11350.426758 12064 192 ) (-11432 12205.242188 192 ) 
4 63 67 (-11288.598633 12187.699219 170.726578 ) (-11285.241211 12189.674805 170.008591 ) (-11264 12152.894531 170.008591 ) (-11264 12145.106445 170.726578 ) 
3 63 66 (-11285.241211 12189.674805 170.008591 ) (-11264 12202.171875 165.465836 ) (-11264 12152.894531 170.008591 ) 
5 63 65 (-11264 12032 181.153763 ) (-11331.949219 12032 192 ) (-11388.072266 12129.176758 192 ) (-11288.598633 12187.699219 170.726578 ) (-11264 12145.106445 170.726578 ) 
4 63 64 (-11388.072266 12129.176758 192 ) (-11479.797852 12288 192 ) (-11264 12288 157.553513 ) (-11264 12202.171875 165.465836 ) 
4 64 71 (-11512 12288 128 ) (-11264 12288 128 ) (-11264 12202.225586 128 ) (-11512 12056.392578 128 ) 
4 64 67 (-11285.243164 12189.676758 170.005142 ) (-11288.600586 12187.702148 170.723099 ) (-11295.449219 12183.734375 128 ) (-11291.966797 12185.782227 128 ) 
4 64 66 (-11264 12202.175781 165.461853 ) (-11285.243164 12189.676758 170.005142 ) (-11291.966797 12185.782227 128 ) (-11264 12202.227539 128 ) 
5 64 65 (-11288.600586 12187.702148 170.723099 ) (-11388.089844 12129.167969 192 ) (-11512 12056.302734 192 ) (-11512 12056.392578 128 ) (-11295.449219 12183.734375 128 ) 
5 65 72 (-11264 12129.281250 128 ) (-11264 12032 128 ) (-11512 12032 128 ) (-11512 12056.392578 128 ) (-11295.448242 12183.733398 128 ) 
4 65 67 (-11295.446289 12183.733398 128 ) (-11288.597656 12187.701172 170.726562 ) (-11264 12145.111328 170.726562 ) (-11264 12129.284180 128 ) 
3 66 73 (-11264 12202.225586 128 ) (-11264 12137.358398 128 ) (-11291.965820 12185.781250 128 ) 
4 66 67 (-11264 12152.890625 170.008789 ) (-11285.246094 12189.678711 170.008789 ) (-11291.969727 12185.784180 128 ) (-11264 12137.354492 128 ) 
4 67 74 (-11264 12137.358398 128 ) (-11264 12129.281250 128 ) (-11295.448242 12183.733398 128 ) (-11291.965820 12185.781250 128 ) 
4 68 69 (-12088 11264 136 ) (-12088 11456 136 ) (-11896 11456 136 ) (-11896 11264 136 ) 
4 69 70 (-12088 11264 132 ) (-12088 11456 132 ) (-11896 11456 132 ) (-11896 11264 132 ) 
4 70 83 (-11896 11264 128 ) (-12088 11264 128 ) (-12088 11392 128 ) (-11896 11392 128 ) 
4 70 81 (-12088 11392 128 ) (-12088 11456 128 ) (-11896 11456 128 ) (-11896 11392 128 ) 
3 71 94 (-11308.902344 12176 0 ) (-11365.126953 12142.938477 0 ) (-11384.221680 12176 0 ) 
4 71 93 (-11365.126953 12142.938477 0 ) (-11512 12056.571289 0 ) (-11512 12176 0 ) (-11384.221680 12176 0 ) 
5 71 92 (-11512 12288 0 ) (-11264 12288 0 ) (-11264 12202.404297 0 ) (-11308.902344 12176 0 ) (-11512 12176 0 ) 
4 71 75 (-11512 12288 0 ) (-11512 12176 0 ) (-11512 12176 128 ) (-11512 12288 128 ) 
4 71 74 (-11315.966797 12171.849609 0 ) (-11312.454102 12173.915039 0 ) (-11291.967773 12185.784180 128 ) (-11295.450195 12183.736328 128 ) 
4 71 73 (-11312.454102 12173.915039 0 ) (-11264 12202.408203 0 ) (-11264 12202.230469 128 ) (-11291.967773 12185.784180 128 ) 
4 71 72 (-11512 12056.396484 128 ) (-11512 12056.575195 0 ) (-11315.966797 12171.849609 0 ) (-11295.450195 12183.736328 128 ) 
5 72 95 (-11264 12081.869141 0 ) (-11264 12032 0 ) (-11301.055664 12032 0 ) (-11365.126953 12142.938477 0 ) (-11315.965820 12171.846680 0 ) 
4 72 93 (-11301.055664 12032 0 ) (-11512 12032 0 ) (-11512 12056.571289 0 ) (-11365.126953 12142.938477 0 ) 
4 72 74 (-11264 12081.874023 0 ) (-11315.962891 12171.848633 0 ) (-11295.445312 12183.734375 128 ) (-11264 12129.286133 128 ) 
4 73 96 (-11264 12176 0 ) (-11264 12090.018555 0 ) (-11312.452148 12173.913086 0 ) (-11308.903320 12176 0 ) 
3 73 92 (-11264 12202.404297 0 ) (-11264 12176 0 ) (-11308.903320 12176 0 ) 
4 73 74 (-11291.968750 12185.783203 128 ) (-11312.455078 12173.916016 0 ) (-11264 12090.015625 0 ) (-11264 12137.355469 128 ) 
4 74 97 (-11264 12090.018555 0 ) (-11264 12081.869141 0 ) (-11315.965820 12171.846680 0 ) (-11312.452148 12173.913086 0 ) 
4 75 92 (-11704 12288 0 ) (-11512 12288 0 ) (-11512 12176 0 ) (-11704 12176 0 ) 
4 76 103 (-11544 11520 0 ) (-11736 11520 0 ) (-11736 11536 0 ) (-11544 11536 0 ) 
4 76 81 (-11736 11520 0 ) (-11578 11520 0 ) (-11578 11520 128 ) (-11736 11520 128 ) 
4 76 79 (-11578 11520 0 ) (-11544 11520 0 ) (-11544 11520 128 ) (-11578 11520 128 ) 
4 77 104 (-11840 11896 0 ) (-11840 11520 0 ) (-12152 11520 0 ) (-12152 11896 0 ) 
4 77 81 (-12152 11520 0 ) (-11840 11520 0 ) (-11840 11520 128 ) (-12152 11520 128 ) 
4 78 105 (-11530 11520 0 ) (-11264 11520 0 ) (-11264 11392 0 ) (-11530 11392 0 ) 
4 78 91 (-11464 11392 0 ) (-11448 11392 0 ) (-11448 11392 128 ) (-11464 11392 128 ) 
4 78 82 (-11448 11392 0 ) (-11264 11392 0 ) (-11264 11392 128 ) (-11448 11392 128 ) 
4 79 106 (-11578 11520 0 ) (-11544 11520 0 ) (-11544 11518 0 ) (-11578 11518 0 ) 
4 79 81 (-11578 11520 128 ) (-11578 11520 0 ) (-11578 11518 0 ) (-11578 11518 128 ) 
4 79 80 (-11578 11518 120 ) (-11578 11518 0 ) (-11542 11518 0 ) (-11542 11518 120 ) 
4 80 106 (-11544 11392 0 ) (-11578 11392 0 ) (-11578 11518 0 ) (-11544 11518 0 ) 
4 80 81 (-11578 11518 0 ) (-11578 11392 0 ) (-11578 11392 120 ) (-11578 11518 120 ) 
4 81 106 (-12152 11520 0 ) (-11578 11520 0 ) (-11578 11392 0 ) (-12152 11392 0 ) 
4 81 89 (-11730 11392 0 ) (-11712.007812 11392 0 ) (-11712.007812 11392 128 ) (-11730 11392 128 ) 
4 81 87 (-11759.250000 11392 0 ) (-11730 11392 0 ) (-11730 11392 128 ) (-11759.250000 11392 128 ) 
4 81 85 (-11768.222656 11392 0 ) (-11759.250000 11392 0 ) (-11759.250000 11392 128 ) (-11768.222656 11392 128 ) 
4 81 83 (-12152 11392 0 ) (-11768.222656 11392 0 ) (-11768.222656 11392 128 ) (-12152 11392 128 ) 
4 82 121 (-11448 11392 0 ) (-11264 11392 0 ) (-11264 11264 0 ) (-11448 11264 0 ) 
4 82 91 (-11448 11392 128 ) (-11448 11392 0 ) (-11448 11376 0 ) (-11448 11376 128 ) 
4 83 142 (-12152 11264 0 ) (-11882 11264 0 ) (-11882 11264 128 ) (-12152 11264 128 ) 
3 83 127 (-11802 11353.998047 0 ) (-11882 11264 0 ) (-11903.248047 11264 0 ) 
5 83 122 (-12152 11392 0 ) (-11768.222656 11392 0 ) (-11802 11353.998047 0 ) (-11903.248047 11264 0 ) (-12152 11264 0 ) 
4 83 86 (-11824.401367 11328.793945 0 ) (-11818.002930 11335.992188 0 ) (-11818.002930 11335.992188 128 ) (-11824.401367 11328.793945 128 ) 
4 83 85 (-11801.984375 11354.012695 0 ) (-11768.218750 11392 0 ) (-11768.218750 11392 128 ) (-11801.984375 11354.012695 128 ) 
4 83 84 (-11881.996094 11264 0 ) (-11824.401367 11328.793945 0 ) (-11824.401367 11328.793945 128 ) (-11881.996094 11264 128 ) 
4 84 142 (-11882 11264 0 ) (-11846 11264 0 ) (-11846 11264 128 ) (-11882 11264 128 ) 
3 84 128 (-11846 11264 0 ) (-11882 11264 0 ) (-11824.400391 11328.799805 0 ) 
4 84 90 (-11846.001953 11264 0 ) (-11837.998047 11288.011719 0 ) (-11837.998047 11288.011719 128 ) (-11846.001953 11264 128 ) 
4 84 86 (-11830.007812 11311.983398 0 ) (-11824.404297 11328.792969 0 ) (-11824.404297 11328.792969 128 ) (-11830.007812 11311.983398 128 ) 
3 85 122 (-11768.222656 11392 0 ) (-11759.250000 11392 0 ) (-11802 11354 0 ) 
4 85 88 (-11783.987305 11370.004883 0 ) (-11776.788086 11376.404297 0 ) (-11776.788086 11376.404297 128 ) (-11783.987305 11370.004883 128 ) 
4 85 87 (-11776.788086 11376.404297 0 ) (-11759.242188 11392 0 ) (-11759.242188 11392 128 ) (-11776.788086 11376.404297 128 ) 
3 86 129 (-11830.002930 11311.990234 0 ) (-11824.400391 11328.799805 0 ) (-11817.997070 11336.002930 0 ) 
3 87 123 (-11759.250000 11392 0 ) (-11730 11392 0 ) (-11776.800781 11376.399414 0 ) 
4 87 89 (-11736.017578 11390 0 ) (-11730.013672 11392 0 ) (-11730.013672 11392 128 ) (-11736.017578 11390 128 ) 
4 87 88 (-11776.794922 11376.406250 128 ) (-11776.794922 11376.406250 0 ) (-11759.971680 11382.013672 0 ) (-11759.971680 11382.013672 128 ) 
3 88 124 (-11784.001953 11369.998047 0 ) (-11776.800781 11376.399414 0 ) (-11760 11382 0 ) 
3 89 125 (-11730 11392 0 ) (-11712.006836 11392 0 ) (-11735.996094 11390 0 ) 
4 90 142 (-11846 11264 0 ) (-11840 11264 0 ) (-11840 11264 128 ) (-11846 11264 128 ) 
3 90 130 (-11840 11264 0 ) (-11846 11264 0 ) (-11838 11288 0 ) 
3 91 126 (-11464 11392 0 ) (-11448 11392 0 ) (-11448 11376 0 ) 
4 92 132 (-11544 12288 -128 ) (-11520 12288 -128 ) (-11520 12176 -128 ) (-11544 12176 -128 ) 
4 92 131 (-11520 12288 -128 ) (-11264 12288 -128 ) (-11264 12176 -128 ) (-11520 12176 -128 ) 
4 92 134 (-11704 12288 -128 ) (-11544 12288 -128 ) (-11544 12176 -128 ) (-11704 12176 -128 ) 
4 92 99 (-11704 12288 -128 ) (-11704 12176 -128 ) (-11704 12176 -64 ) (-11704 12288 -64 ) 
4 92 96 (-11264 12176 -19.242889 ) (-11264 12176 0 ) (-11308.902344 12176 0 ) (-11308.931641 12176 -12.051081 ) 
3 92 94 (-11308.902344 12176 0 ) (-11384.221680 12176 0 ) (-11308.931641 12176 -12.051081 ) 
5 92 93 (-11576 12176 -64 ) (-11264 12176 -64 ) (-11264 12176 -19.242889 ) (-11384.221680 12176 0 ) (-11512 12176 0 ) 
4 92 98 (-11704 12176 -64 ) (-11704 12176 -128 ) (-11264 12176 -128 ) (-11264 12176 -64 ) 
4 93 97 (-11264 12078.094727 -10.192481 ) (-11264 12085.979492 -10.921330 ) (-11314.200195 12172.900391 -10.921344 ) (-11317.599609 12170.900391 -10.192371 ) 
4 93 96 (-11264 12085.979492 -10.921330 ) (-11264 12176 -19.242954 ) (-11308.931641 12176 -12.051121 ) (-11314.200195 12172.900391 -10.921344 ) 
5 93 95 (-11301.057617 12032 0 ) (-11264 12032 -5.931492 ) (-11264 12078.094727 -10.192481 ) (-11317.599609 12170.900391 -10.192371 ) (-11365.127930 12142.937500 0 ) 
3 93 94 (-11308.931641 12176 -12.051121 ) (-11384.222656 12176 0 ) (-11365.127930 12142.937500 0 ) 
4 93 98 (-11264 12032 -64 ) (-11576 12032 -64 ) (-11576 12176 -64 ) (-11264 12176 -64 ) 
4 94 97 (-11317.600586 12170.902344 -10.193745 ) (-11314.201172 12172.902344 -10.922757 ) (-11312.453125 12173.914062 0 ) (-11315.965820 12171.848633 0 ) 
4 94 96 (-11314.201172 12172.902344 -10.922757 ) (-11308.935547 12176 -12.051998 ) (-11308.906250 12176 0 ) (-11312.453125 12173.914062 0 ) 
3 94 95 (-11365.135742 12142.935547 0 ) (-11317.600586 12170.902344 -10.193745 ) (-11315.965820 12171.848633 0 ) 
4 95 97 (-11264 12078.095703 -10.191401 ) (-11317.597656 12170.901367 -10.191406 ) (-11315.963867 12171.847656 0 ) (-11264 12081.871094 0 ) 
4 96 97 (-11312.455078 12173.916016 0 ) (-11314.203125 12172.903320 -10.920898 ) (-11264 12085.977539 -10.920895 ) (-11264 12090.016602 0 ) 
4 98 135 (-11264 12168 -128 ) (-11264 12032 -128 ) (-11704 12032 -128 ) (-11704 12168 -128 ) 
4 98 132 (-11520 12168 -128 ) (-11544 12168 -128 ) (-11544 12176 -128 ) (-11520 12176 -128 ) 
4 98 131 (-11264 12176 -128 ) (-11264 12168 -128 ) (-11520 12168 -128 ) (-11520 12176 -128 ) 
4 98 134 (-11544 12168 -128 ) (-11704 12168 -128 ) (-11704 12176 -128 ) (-11544 12176 -128 ) 
4 98 99 (-11704 12176 -128 ) (-11704 12032 -128 ) (-11704 12032 -64 ) (-11704 12176 -64 ) 
4 99 135 (-11704 12168 -128 ) (-11704 12032 -128 ) (-11832 12032 -128 ) (-11832 12168 -128 ) 
4 99 134 (-11832 12288 -128 ) (-11704 12288 -128 ) (-11704 12168 -128 ) (-11832 12168 -128 ) 
4 100 101 (-11672 11832 0 ) (-11672 11832 -128 ) (-11672 11720 -128 ) (-11672 11720 0 ) 
4 101 102 (-11832 11712 0 ) (-11832 11712 -128 ) (-11672 11712 -128 ) (-11672 11712 0 ) 
4 102 103 (-11736 11536 -128 ) (-11544 11536 -128 ) (-11544 11536 0 ) (-11736 11536 0 ) 
4 103 108 (-11736 11520 -128 ) (-11544 11520 -128 ) (-11544 11520 -16 ) (-11736 11520 -16 ) 
4 103 106 (-11544 11520 -16 ) (-11544 11520 0 ) (-11736 11520 0 ) (-11736 11520 -16 ) 
4 104 113 (-12152 11520 -128 ) (-11840 11520 -128 ) (-11840 11520 -16 ) (-12152 11520 -16 ) 
4 104 106 (-11840 11520 -16 ) (-11840 11520 0 ) (-12152 11520 0 ) (-12152 11520 -16 ) 
4 105 126 (-11448 11392 0 ) (-11464 11392 0 ) (-11464 11392 -16 ) (-11448 11392 -16 ) 
4 105 121 (-11264 11392 -16 ) (-11264 11392 0 ) (-11448 11392 0 ) (-11448 11392 -16 ) 
4 105 119 (-11264 11392 -16 ) (-11530 11392 -16 ) (-11530 11426 -16 ) (-11264 11426 -16 ) 
4 105 114 (-11530 11426 -16 ) (-11530 11482 -16 ) (-11264 11482 -16 ) (-11264 11426 -16 ) 
4 105 107 (-11530 11482 -16 ) (-11530 11520 -16 ) (-11264 11520 -16 ) (-11264 11482 -16 ) 
4 106 171 (-12288 11392 0 ) (-12288 11520 0 ) (-12288 11520 -16 ) (-12288 11392 -16 ) 
4 106 125 (-11712.006836 11392 0 ) (-11730 11392 0 ) (-11730 11392 -16 ) (-11712.006836 11392 -16 ) 
4 106 123 (-11730 11392 0 ) (-11759.250000 11392 0 ) (-11759.250000 11392 -16 ) (-11730 11392 -16 ) 
4 106 122 (-11759.250000 11392 0 ) (-12288 11392 0 ) (-12288 11392 -16 ) (-11759.250000 11392 -16 ) 
4 106 120 (-11544 11392 -16 ) (-12288 11392 -16 ) (-12288 11426 -16 ) (-11544 11426 -16 ) 
4 106 115 (-12288 11426 -16 ) (-12288 11482 -16 ) (-11544 11482 -16 ) (-11544 11426 -16 ) 
4 106 110 (-11764 11518 -16 ) (-11764 11506 -16 ) (-11812 11506 -16 ) (-11812 11518 -16 ) 
4 106 109 (-11812 11520 -16 ) (-11764 11520 -16 ) (-11764 11518 -16 ) (-11812 11518 -16 ) 
4 106 112 (-11764 11506 -16 ) (-11764 11482 -16 ) (-11812 11482 -16 ) (-11812 11506 -16 ) 
4 106 113 (-12288 11482 -16 ) (-12288 11520 -16 ) (-11812 11520 -16 ) (-11812 11482 -16 ) 
4 106 108 (-11764 11520 -16 ) (-11544 11520 -16 ) (-11544 11482 -16 ) (-11764 11482 -16 ) 
4 107 116 (-11530 11482 -128 ) (-11264 11482 -128 ) (-11264 11482 -20 ) (-11530 11482 -20 ) 
4 107 114 (-11264 11482 -20 ) (-11264 11482 -16 ) (-11530 11482 -16 ) (-11530 11482 -20 ) 
4 108 118 (-11764 11482 -128 ) (-11544 11482 -128 ) (-11544 11482 -20 ) (-11764 11482 -20 ) 
4 108 115 (-11544 11482 -20 ) (-11544 11482 -16 ) (-11764 11482 -16 ) (-11764 11482 -20 ) 
4 108 110 (-11764 11506 -16 ) (-11764 11518 -16 ) (-11764 11518 -88 ) (-11764 11506 -88 ) 
4 108 111 (-11764 11518 -90 ) (-11764 11518 -128 ) (-11764 11506 -128 ) (-11764 11506 -90 ) 
4 108 109 (-11764 11518 -16 ) (-11764 11520 -16 ) (-11764 11520 -128 ) (-11764 11518 -128 ) 
4 108 112 (-11764 11482 -128 ) (-11764 11482 -16 ) (-11764 11506 -16 ) (-11764 11506 -128 ) 
4 109 110 (-11812 11518 -16 ) (-11812 11518 -88 ) (-11764 11518 -88 ) (-11764 11518 -16 ) 
4 109 111 (-11812 11518 -90 ) (-11812 11518 -128 ) (-11764 11518 -128 ) (-11764 11518 -90 ) 
4 109 113 (-11812 11518 -16 ) (-11812 11520 -16 ) (-11812 11520 -128 ) (-11812 11518 -128 ) 
4 110 112 (-11812 11506 -16 ) (-11812 11506 -88 ) (-11764 11506 -88 ) (-11764 11506 -16 ) 
4 110 113 (-11812 11506 -16 ) (-11812 11518 -16 ) (-11812 11518 -88 ) (-11812 11506 -88 ) 
4 111 113 (-11812 11518 -90 ) (-11812 11518 -128 ) (-11812 11506 -128 ) (-11812 11506 -90 ) 
4 111 112 (-11812 11506 -90 ) (-11812 11506 -128 ) (-11764 11506 -128 ) (-11764 11506 -90 ) 
4 112 118 (-11812 11482 -128 ) (-11764 11482 -128 ) (-11764 11482 -20 ) (-11812 11482 -20 ) 
4 112 115 (-11764 11482 -20 ) (-11764 11482 -16 ) (-11812 11482 -16 ) (-11812 11482 -20 ) 
4 112 113 (-11812 11482 -128 ) (-11812 11482 -16 ) (-11812 11506 -16 ) (-11812 11506 -128 ) 
4 113 171 (-12288 11520 -16 ) (-12288 11520 -128 ) (-12288 11482 -128 ) (-12288 11482 -16 ) 
4 113 136 (-12288 11482 -128 ) (-12288 11520 -128 ) (-12152 11520 -128 ) (-12152 11482 -128 ) 
4 113 118 (-12288 11482 -128 ) (-11812 11482 -128 ) (-11812 11482 -20 ) (-12288 11482 -20 ) 
4 113 115 (-11812 11482 -20 ) (-11812 11482 -16 ) (-12288 11482 -16 ) (-12288 11482 -20 ) 
4 114 119 (-11264 11426 -20 ) (-11264 11426 -16 ) (-11530 11426 -16 ) (-11530 11426 -20 ) 
4 114 116 (-11264 11426 -20 ) (-11534 11426 -20 ) (-11534 11482 -20 ) (-11264 11482 -20 ) 
4 115 171 (-12288 11426 -20 ) (-12288 11426 -16 ) (-12288 11482 -16 ) (-12288 11482 -20 ) 
4 115 120 (-11544 11426 -16 ) (-12288 11426 -16 ) (-12288 11426 -20 ) (-11544 11426 -20 ) 
4 115 118 (-11538 11426 -20 ) (-12288 11426 -20 ) (-12288 11482 -20 ) (-11538 11482 -20 ) 
4 116 119 (-11530 11426 -128 ) (-11264 11426 -128 ) (-11264 11426 -20 ) (-11530 11426 -20 ) 
4 116 117 (-11534 11430 -20 ) (-11534 11478 -20 ) (-11534 11478 -128 ) (-11534 11430 -128 ) 
4 117 118 (-11538 11430 -20 ) (-11538 11478 -20 ) (-11538 11478 -128 ) (-11538 11430 -128 ) 
4 118 171 (-12288 11482 -128 ) (-12288 11426 -128 ) (-12288 11426 -20 ) (-12288 11482 -20 ) 
4 118 136 (-12288 11426 -128 ) (-12288 11482 -128 ) (-12152 11482 -128 ) (-12152 11426 -128 ) 
4 118 120 (-12288 11426 -128 ) (-11544 11426 -128 ) (-11544 11426 -20 ) (-12288 11426 -20 ) 
4 119 126 (-11464 11392 -128 ) (-11448 11392 -128 ) (-11448 11392 -16 ) (-11464 11392 -16 ) 
4 119 121 (-11448 11392 -128 ) (-11264 11392 -128 ) (-11264 11392 -16 ) (-11448 11392 -16 ) 
4 120 171 (-12288 11426 -128 ) (-12288 11392 -128 ) (-12288 11392 -16 ) (-12288 11426 -16 ) 
4 120 136 (-12288 11392 -128 ) (-12288 11426 -128 ) (-12152 11426 -128 ) (-12152 11392 -128 ) 
4 120 125 (-11730 11392 -128 ) (-11712.006836 11392 -128 ) (-11712.006836 11392 -16 ) (-11730 11392 -16 ) 
4 120 123 (-11759.250000 11392 -128 ) (-11730 11392 -128 ) (-11730 11392 -16 ) (-11759.250000 11392 -16 ) 
4 120 122 (-12288 11392 -128 ) (-11759.250000 11392 -128 ) (-11759.250000 11392 -16 ) (-12288 11392 -16 ) 
4 121 126 (-11448 11392 0 ) (-11448 11392 -128 ) (-11448 11376 -128 ) (-11448 11376 0 ) 
4 122 171 (-12288 11264 -128 ) (-12288 11264 0 ) (-12288 11392 0 ) (-12288 11392 -128 ) 
4 122 157 (-12152 11264 -128 ) (-11903.250000 11264 -128 ) (-11903.250000 11264 0 ) (-12152 11264 0 ) 
4 122 136 (-12152 11264 -128 ) (-12288 11264 -128 ) (-12288 11392 -128 ) (-12152 11392 -128 ) 
4 122 127 (-11903.242188 11264 -128 ) (-11802.019531 11353.977539 -128 ) (-11802.023438 11353.973633 0 ) (-11903.244141 11264 0 ) 
4 122 124 (-11783.989258 11370.004883 -128 ) (-11776.791016 11376.403320 -128 ) (-11776.791016 11376.402344 0 ) (-11783.987305 11370.005859 0 ) 
4 122 123 (-11776.791016 11376.403320 -128 ) (-11759.244141 11392 -128 ) (-11759.244141 11392 0 ) (-11776.791016 11376.402344 0 ) 
4 123 125 (-11736.012695 11390 -128 ) (-11730.010742 11392 -128 ) (-11730.010742 11392 0 ) (-11736.012695 11390 0 ) 
4 123 124 (-11776.792969 11376.406250 0 ) (-11776.792969 11376.406250 -128 ) (-11759.971680 11382.013672 -128 ) (-11759.971680 11382.013672 0 ) 
4 127 157 (-11903.250000 11264 -128 ) (-11882 11264 -128 ) (-11882 11264 0 ) (-11903.250000 11264 0 ) 
4 127 129 (-11824.401367 11328.792969 -128 ) (-11818.002930 11335.991211 -128 ) (-11818.005859 11335.988281 0 ) (-11824.402344 11328.791992 0 ) 
4 127 128 (-11881.996094 11264 -128 ) (-11824.401367 11328.792969 -128 ) (-11824.402344 11328.791992 0 ) (-11881.995117 11264 0 ) 
4 128 157 (-11882 11264 -128 ) (-11846 11264 -128 ) (-11846 11264 0 ) (-11882 11264 0 ) 
4 128 130 (-11846.001953 11264 -128 ) (-11837.998047 11288.008789 -128 ) (-11838 11288.007812 0 ) (-11846 11264 0 ) 
4 128 129 (-11830.002930 11311.993164 -128 ) (-11824.403320 11328.792969 -128 ) (-11824.403320 11328.792969 0 ) (-11830.002930 11311.995117 0 ) 
4 130 157 (-11846 11264 -128 ) (-11840 11264 -128 ) (-11840 11264 0 ) (-11846 11264 0 ) 
4 131 135 (-11520 12168 -192 ) (-11264 12168 -192 ) (-11264 12168 -128 ) (-11520 12168 -128 ) 
4 131 132 (-11520 12168 -152 ) (-11520 12168 -128 ) (-11520 12288 -128 ) (-11520 12288 -152 ) 
4 131 133 (-11520 12288 -192 ) (-11520 12168 -192 ) (-11520 12168 -156 ) (-11520 12288 -156 ) 
4 132 135 (-11520 12168 -152 ) (-11520 12168 -128 ) (-11544 12168 -128 ) (-11544 12168 -152 ) 
4 132 134 (-11544 12168 -152 ) (-11544 12168 -128 ) (-11544 12288 -128 ) (-11544 12288 -152 ) 
4 133 135 (-11544 12168 -192 ) (-11520 12168 -192 ) (-11520 12168 -156 ) (-11544 12168 -156 ) 
4 133 134 (-11544 12288 -192 ) (-11544 12168 -192 ) (-11544 12168 -156 ) (-11544 12288 -156 ) 
4 134 135 (-11832 12168 -128 ) (-11832 12168 -192 ) (-11544 12168 -192 ) (-11544 12168 -128 ) 
4 136 171 (-12288 11264 -192 ) (-12288 11264 -128 ) (-12288 11520 -128 ) (-12288 11520 -192 ) 
4 137 138 (-11048 11256 -72 ) (-11048 11264 -72 ) (-10920 11264 -72 ) (-10920 11256 -72 ) 
4 139 140 (-11896 10944 136 ) (-12088 10944 136 ) (-12088 11136 136 ) (-11896 11136 136 ) 
4 140 141 (-11896 10944 132 ) (-12088 10944 132 ) (-12088 11136 132 ) (-11896 11136 132 ) 
4 141 142 (-12088 10944 128 ) (-12088 11136 128 ) (-11896 11136 128 ) (-11896 10944 128 ) 
4 142 157 (-11840 10888 0 ) (-12152 10888 0 ) (-12152 11264 0 ) (-11840 11264 0 ) 
4 142 146 (-12152 10888 0 ) (-11840 10888 0 ) (-11840 10888 32 ) (-12152 10888 32 ) 
4 142 144 (-11840 10888 32 ) (-11840 10888 88 ) (-12152 10888 88 ) (-12152 10888 32 ) 
4 142 143 (-11840 10888 88 ) (-11840 10888 128 ) (-12152 10888 128 ) (-12152 10888 88 ) 
4 143 148 (-11952 10880 128 ) (-12152 10880 128 ) (-12152 10880 88 ) (-11952 10880 88 ) 
4 143 147 (-11840 10880 88 ) (-11840 10880 128 ) (-11952 10880 128 ) (-11952 10880 88 ) 
4 143 144 (-12152 10888 88 ) (-11840 10888 88 ) (-11840 10880 88 ) (-12152 10880 88 ) 
4 144 148 (-11952 10880 88 ) (-12152 10880 88 ) (-12152 10880 32 ) (-11952 10880 32 ) 
4 144 147 (-11840 10880 32 ) (-11840 10880 88 ) (-11952 10880 88 ) (-11952 10880 32 ) 
4 144 146 (-12152 10888 32 ) (-11840 10888 32 ) (-11840 10880 32 ) (-12152 10880 32 ) 
4 145 192 (-12288 10888 88 ) (-12288 10888 32 ) (-12288 10880 32 ) (-12288 10880 88 ) 
4 145 150 (-12280 10880 88 ) (-12288 10880 88 ) (-12288 10880 32 ) (-12280 10880 32 ) 
4 146 157 (-11840 10880 0 ) (-12152 10880 0 ) (-12152 10888 0 ) (-11840 10888 0 ) 
4 146 148 (-11952 10880 8.263350 ) (-11952 10880 32 ) (-12152 10880 32 ) (-12152 10880 8.263350 ) 
4 146 147 (-11952 10880 0 ) (-11840 10880 0 ) (-11840 10880 32 ) (-11952 10880 32 ) 
4 147 152 (-11952 10688 0 ) (-11907.651367 10688 0 ) (-11907.651367 10688 112 ) (-11952 10688 112 ) 
4 147 151 (-11907.651367 10688 112 ) (-11907.651367 10688 128 ) (-11952 10688 128 ) (-11952 10688 112 ) 
4 147 148 (-11952 10880 128 ) (-11952 10880 8.263350 ) (-11952 10872 8.263350 ) (-11952 10872 128 ) 
4 147 149 (-11952 10872 0 ) (-11952 10688 0 ) (-11952 10688 128 ) (-11952 10872 128 ) 
4 148 149 (-12152 10872 128 ) (-12152 10872 8.263350 ) (-11952 10872 8.263350 ) (-11952 10872 128 ) 
4 149 152 (-12152 10688 0 ) (-11952 10688 0 ) (-11952 10688 112 ) (-12152 10688 112 ) 
4 149 151 (-11952 10688 112 ) (-11952 10688 128 ) (-12152 10688 128 ) (-12152 10688 112 ) 
4 150 194 (-12288 10688 128 ) (-12288 10880 128 ) (-12288 10880 0 ) (-12288 10688 0 ) 
4 150 153 (-12288 10688 0 ) (-12268 10688 0 ) (-12268 10688 112 ) (-12288 10688 112 ) 
4 151 154 (-11914.608398 10680 128 ) (-12159.398438 10680 128 ) (-12159.398438 10680 112 ) (-11914.608398 10680 112 ) 
4 151 152 (-11914.608398 10680 112 ) (-12159.398438 10680 112 ) (-12151.998047 10688 112 ) (-11907.652344 10688 112 ) 
4 152 155 (-12160 10680 0 ) (-11914.607422 10680 0 ) (-11914.607422 10680 112 ) (-12160 10680 112 ) 
4 153 197 (-12288 10688 112 ) (-12288 10688 0 ) (-12288 10680 0 ) (-12288 10680 112 ) 
4 153 156 (-12288 10680 0 ) (-12268 10680 0 ) (-12268 10680 112 ) (-12288 10680 112 ) 
4 154 196 (-12288 10568 128 ) (-12288 10680 128 ) (-12288 10680 112 ) (-12288 10568 112 ) 
8 154 155 (-12268 10680 112 ) (-11914.605469 10680 112 ) (-11931.996094 10660 112 ) (-11977.991211 10620.004883 112 ) (-12032.001953 10592 112 ) (-12092.003906 10574 112 ) (-12151.992188 10568 112 ) (-12268 10568 112 ) 
4 154 156 (-12288 10680 112 ) (-12268 10680 112 ) (-12268 10568 112 ) (-12288 10568 112 ) 
4 155 156 (-12268 10568 112 ) (-12268 10680 112 ) (-12268 10680 0 ) (-12268 10568 0 ) 
4 156 201 (-12288 10568 0 ) (-12288 10560 0 ) (-12288 10560 112 ) (-12288 10568 112 ) 
4 156 200 (-12288 10680 112 ) (-12288 10680 0 ) (-12288 10568 0 ) (-12288 10568 112 ) 
4 158 160 (-12984 12608 -320 ) (-12984 12736 -320 ) (-12344 12736 -320 ) (-12344 12608 -320 ) 
4 158 159 (-12592 12608 -320 ) (-12480 12608 -320 ) (-12480 12608 -272 ) (-12592 12608 -272 ) 
4 159 169 (-12544 12600 -272 ) (-12592 12600 -272 ) (-12592 12600 -320 ) (-12544 12600 -320 ) 
4 159 167 (-12536 12600 -272 ) (-12544 12600 -272 ) (-12544 12600 -320 ) (-12536 12600 -320 ) 
4 159 165 (-12480 12600 -272 ) (-12536 12600 -272 ) (-12536 12600 -320 ) (-12480 12600 -320 ) 
4 159 161 (-12480 12600 -320 ) (-12592 12600 -320 ) (-12592 12608 -320 ) (-12480 12608 -320 ) 
4 160 161 (-12592 12608 -384 ) (-12480 12608 -384 ) (-12480 12608 -320 ) (-12592 12608 -320 ) 
4 161 169 (-12544 12600 -320 ) (-12592 12600 -320 ) (-12592 12600 -384 ) (-12544 12600 -384 ) 
4 161 167 (-12536 12600 -320 ) (-12544 12600 -320 ) (-12544 12600 -384 ) (-12536 12600 -384 ) 
4 161 165 (-12480 12600 -320 ) (-12536 12600 -320 ) (-12536 12600 -384 ) (-12480 12600 -384 ) 
4 162 175 (-12408 12288 -256 ) (-12408 12288 -384 ) (-12352 12288 -384 ) (-12352 12288 -256 ) 
4 162 165 (-12408 12600 -256 ) (-12408 12600 -384 ) (-12408 12288 -384 ) (-12408 12288 -256 ) 
4 163 172 (-12536 12288 -192 ) (-12536 12288 -240 ) (-12408 12288 -240 ) (-12408 12288 -192 ) 
4 163 164 (-12536 12288 -240 ) (-12536 12600 -240 ) (-12408 12600 -240 ) (-12408 12288 -240 ) 
4 164 173 (-12536 12288 -240 ) (-12536 12288 -248 ) (-12408 12288 -248 ) (-12408 12288 -240 ) 
4 164 165 (-12536 12288 -248 ) (-12536 12600 -248 ) (-12408 12600 -248 ) (-12408 12288 -248 ) 
4 165 175 (-12536 12288 -256 ) (-12536 12288 -384 ) (-12408 12288 -384 ) (-12408 12288 -256 ) 
4 165 174 (-12536 12288 -248 ) (-12536 12288 -256 ) (-12408 12288 -256 ) (-12408 12288 -248 ) 
4 165 168 (-12536 12348 -384 ) (-12536 12292 -384 ) (-12536 12292 -272 ) (-12536 12348 -272 ) 
4 165 167 (-12536 12600 -272 ) (-12536 12600 -384 ) (-12536 12416 -384 ) (-12536 12416 -272 ) 
4 165 166 (-12536 12600 -256 ) (-12536 12600 -272 ) (-12536 12416 -272 ) (-12536 12416 -256 ) 
4 166 169 (-12544 12416 -256 ) (-12544 12600 -256 ) (-12544 12600 -272 ) (-12544 12416 -272 ) 
4 166 167 (-12544 12416 -272 ) (-12544 12600 -272 ) (-12536 12600 -272 ) (-12536 12416 -272 ) 
4 167 169 (-12544 12600 -384 ) (-12544 12416 -384 ) (-12544 12416 -272 ) (-12544 12600 -272 ) 
4 168 170 (-12544 12348 -384 ) (-12544 12292 -384 ) (-12544 12292 -272 ) (-12544 12348 -272 ) 
4 170 180 (-12720 12288 -384 ) (-12544 12288 -384 ) (-12544 12288 -256 ) (-12720 12288 -256 ) 
4 172 173 (-12536 11712 -240 ) (-12536 12288 -240 ) (-12408 12288 -240 ) (-12408 11712 -240 ) 
4 173 174 (-12536 11712 -248 ) (-12536 12288 -248 ) (-12408 12288 -248 ) (-12408 11712 -248 ) 
4 174 175 (-12536 12288 -256 ) (-12408 12288 -256 ) (-12408 11712 -256 ) (-12536 11712 -256 ) 
4 175 178 (-12536 11964 -384 ) (-12536 11908 -384 ) (-12536 11908 -272 ) (-12536 11964 -272 ) 
4 175 179 (-12536 11832 -384 ) (-12536 11712 -384 ) (-12536 11712 -272 ) (-12536 11832 -272 ) 
4 175 177 (-12536 12156 -384 ) (-12536 12100 -384 ) (-12536 12100 -272 ) (-12536 12156 -272 ) 
4 175 176 (-12536 11712 -272 ) (-12536 11712 -256 ) (-12536 11832 -256 ) (-12536 11832 -272 ) 
4 176 183 (-12544 11712 -256 ) (-12544 11832 -256 ) (-12544 11832 -272 ) (-12544 11712 -272 ) 
4 176 179 (-12544 11712 -272 ) (-12544 11832 -272 ) (-12536 11832 -272 ) (-12536 11712 -272 ) 
4 177 181 (-12544 12156 -384 ) (-12544 12100 -384 ) (-12544 12100 -272 ) (-12544 12156 -272 ) 
4 178 182 (-12544 11964 -384 ) (-12544 11908 -384 ) (-12544 11908 -272 ) (-12544 11964 -272 ) 
4 179 183 (-12544 11832 -384 ) (-12544 11712 -384 ) (-12544 11712 -272 ) (-12544 11832 -272 ) 
4 183 188 (-12728 11832 -384 ) (-12728 11712 -384 ) (-12728 11712 -256 ) (-12728 11832 -256 ) 
4 184 188 (-13304 11648 -200 ) (-13304 11904 -200 ) (-12728 11904 -200 ) (-12728 11648 -200 ) 
4 185 188 (-12728 11936 -384 ) (-12728 11936 -200 ) (-12912 11936 -200 ) (-12912 11936 -384 ) 
4 186 188 (-12928 11936 -200 ) (-13104 11936 -200 ) (-13104 11936 -384 ) (-12928 11936 -384 ) 
4 187 188 (-13120 11936 -200 ) (-13304 11936 -200 ) (-13304 11936 -384 ) (-13120 11936 -384 ) 
4 188 189 (-13304 11804 -384 ) (-13304 11748 -384 ) (-13304 11748 -272 ) (-13304 11804 -272 ) 
4 189 191 (-13312 11748 -272 ) (-13312 11804 -272 ) (-13312 11804 -384 ) (-13312 11748 -384 ) 
4 190 191 (-13636 11904 -384 ) (-13580 11904 -384 ) (-13580 11904 -272 ) (-13636 11904 -272 ) 
4 192 194 (-12312 10880 32 ) (-12288 10880 32 ) (-12288 10880 88 ) (-12312 10880 88 ) 
4 193 195 (-12712 10880 32 ) (-12680 10880 32 ) (-12680 10880 88 ) (-12712 10880 88 ) 
4 194 197 (-12324 10688 0 ) (-12288 10688 0 ) (-12288 10688 112 ) (-12324 10688 112 ) 
4 195 199 (-12724 10688 0 ) (-12668 10688 0 ) (-12668 10688 112 ) (-12724 10688 112 ) 
4 196 200 (-12792 10568 112 ) (-12792 10680 112 ) (-12288 10680 112 ) (-12288 10568 112 ) 
4 197 200 (-12288 10680 112 ) (-12324 10680 112 ) (-12324 10680 0 ) (-12288 10680 0 ) 
4 198 200 (-12468 10680 112 ) (-12524 10680 112 ) (-12524 10680 0 ) (-12468 10680 0 ) 
4 199 200 (-12668 10680 112 ) (-12724 10680 112 ) (-12724 10680 0 ) (-12668 10680 0 ) 
4 200 204 (-12792 10608 88 ) (-12792 10640 88 ) (-12792 10640 32 ) (-12792 10608 32 ) 
4 200 202 (-12468 10568 112 ) (-12524 10568 112 ) (-12524 10568 0 ) (-12468 10568 0 ) 
4 200 203 (-12668 10568 112 ) (-12724 10568 112 ) (-12724 10568 0 ) (-12668 10568 0 ) 
4 200 201 (-12288 10568 112 ) (-12324 10568 112 ) (-12324 10568 0 ) (-12288 10568 0 ) 
4 206 207 (-13254 -1758 288 ) (-12742 -1758 288 ) (-12742 -1758 480 ) (-13254 -1758 480 ) 
4 207 208 (-12742 -2048 288 ) (-12742 -2048 480 ) (-13254 -2048 480 ) (-13254 -2048 288 ) 
