PRT1
313
934
4 0 3 (896 2048 1792 ) (0 2048 1792 ) (0 2048 -352 ) (896 2048 -352 ) 
4 0 1 (0 2048 -352 ) (0 2048 1792 ) (0 2496 1792 ) (0 2496 -352 ) 
4 1 8 (0 2048 -352 ) (0 2048 -224 ) (-1024 2048 -224 ) (-1024 2048 -352 ) 
4 1 6 (-520 2048 1792 ) (-1024 2048 1792 ) (-1024 2048 -224 ) (-520 2048 -224 ) 
4 1 5 (0 2048 -224 ) (0 2048 1792 ) (-520 2048 1792 ) (-520 2048 -224 ) 
4 1 2 (-1024 2048 -352 ) (-1024 2048 1792 ) (-1024 2496 1792 ) (-1024 2496 -352 ) 
4 2 80 (-2048 2048 -352 ) (-2048 2048 1792 ) (-2048 2496 1792 ) (-2048 2496 -352 ) 
4 2 12 (-1024 2048 -352 ) (-1024 2048 -32 ) (-1944 2048 -32 ) (-1944 2048 -352 ) 
4 2 14 (-1944 2048 -32 ) (-2048 2048 -32 ) (-2048 2048 -352 ) (-1944 2048 -352 ) 
4 2 10 (-1944 2048 1792 ) (-2048 2048 1792 ) (-2048 2048 -32 ) (-1944 2048 -32 ) 
4 2 9 (-1024 2048 -32 ) (-1024 2048 1792 ) (-1944 2048 1792 ) (-1944 2048 -32 ) 
4 3 8 (0 2048 -224 ) (0 2048 -352 ) (0 1024 -352 ) (0 1024 -224 ) 
4 3 5 (0 2048 1792 ) (0 2048 -224 ) (0 1024 -224 ) (0 1024 1792 ) 
4 3 4 (896 1024 1792 ) (0 1024 1792 ) (0 1024 -352 ) (896 1024 -352 ) 
4 4 121 (896 0 1792 ) (0 0 1792 ) (0 0 -352 ) (896 0 -352 ) 
4 4 45 (0 0 -352 ) (0 0 -224 ) (0 1024 -224 ) (0 1024 -352 ) 
4 4 43 (0 0 -224 ) (0 0 -160 ) (0 116 -160 ) (0 116 -224 ) 
4 4 39 (0 116 -160 ) (0 1024 -160 ) (0 1024 -224 ) (0 116 -224 ) 
4 4 19 (0 0 -160 ) (0 0 1792 ) (0 308 1792 ) (0 308 -160 ) 
4 4 16 (0 1024 -32 ) (0 1024 -160 ) (0 308 -160 ) (0 308 -32 ) 
4 4 15 (0 308 1792 ) (0 1024 1792 ) (0 1024 -32 ) (0 308 -32 ) 
4 5 47 (-520 1024 -32 ) (-520 1024 -224 ) (-488 1024 -224 ) (-488 1024 -32 ) 
4 5 46 (-488 1024 1792 ) (-520 1024 1792 ) (-520 1024 -32 ) (-488 1024 -32 ) 
4 5 44 (-472 1024 -160 ) (-488 1024 -160 ) (-488 1024 -224 ) (-472 1024 -224 ) 
4 5 40 (-88 1024 -160 ) (-448 1024 -160 ) (-448 1024 -224 ) (-88 1024 -224 ) 
4 5 39 (0 1024 -224 ) (0 1024 -160 ) (-88 1024 -160 ) (-88 1024 -224 ) 
4 5 42 (-448 1024 -160 ) (-472 1024 -160 ) (-472 1024 -224 ) (-448 1024 -224 ) 
4 5 37 (-488 1024 0 ) (-488 1024 -160 ) (-472 1024 -160 ) (-472 1024 0 ) 
4 5 35 (-472 1024 1792 ) (-488 1024 1792 ) (-488 1024 0 ) (-472 1024 0 ) 
4 5 29 (-464 1024 -160 ) (-448 1024 -160 ) (-448 1024 -32 ) (-464 1024 -32 ) 
4 5 30 (-472 1024 -32 ) (-472 1024 -160 ) (-464 1024 -160 ) (-464 1024 -32 ) 
4 5 26 (-448 1024 -160 ) (-88 1024 -160 ) (-88 1024 -32 ) (-448 1024 -32 ) 
4 5 24 (-448 1024 -32 ) (-88 1024 -32 ) (-88 1024 -16 ) (-448 1024 -16 ) 
4 5 25 (-472 1024 -16 ) (-472 1024 -32 ) (-448 1024 -32 ) (-448 1024 -16 ) 
4 5 23 (-88 1024 1792 ) (-472 1024 1792 ) (-472 1024 -16 ) (-88 1024 -16 ) 
4 5 17 (-72 1024 -32 ) (-88 1024 -32 ) (-88 1024 -160 ) (-72 1024 -160 ) 
4 5 16 (0 1024 -160 ) (0 1024 -32 ) (-72 1024 -32 ) (-72 1024 -160 ) 
4 5 15 (0 1024 -32 ) (0 1024 1792 ) (-88 1024 1792 ) (-88 1024 -32 ) 
4 5 8 (0 1024 -224 ) (-520 1024 -224 ) (-520 2048 -224 ) (0 2048 -224 ) 
4 5 7 (-520 1024 -32 ) (-520 1024 1792 ) (-520 1248 1792 ) (-520 1248 -32 ) 
4 5 6 (-520 2048 -224 ) (-520 1248 -224 ) (-520 1248 1792 ) (-520 2048 1792 ) 
4 6 12 (-1024 2048 -32 ) (-1024 2048 -224 ) (-1024 1248 -224 ) (-1024 1248 -32 ) 
4 6 9 (-1024 2048 1792 ) (-1024 2048 -32 ) (-1024 1248 -32 ) (-1024 1248 1792 ) 
4 6 8 (-1024 1248 -224 ) (-1024 2048 -224 ) (-520 2048 -224 ) (-520 1248 -224 ) 
4 6 7 (-520 1248 -32 ) (-520 1248 1792 ) (-1024 1248 1792 ) (-1024 1248 -32 ) 
4 7 46 (-520 1024 1792 ) (-1024 1024 1792 ) (-1024 1024 -32 ) (-520 1024 -32 ) 
4 7 9 (-1024 1024 -32 ) (-1024 1024 1792 ) (-1024 1248 1792 ) (-1024 1248 -32 ) 
4 8 48 (-520 1024 -224 ) (-1024 1024 -224 ) (-1024 1024 -352 ) (-520 1024 -352 ) 
4 8 47 (-488 1024 -224 ) (-520 1024 -224 ) (-520 1024 -352 ) (-488 1024 -352 ) 
4 8 45 (0 1024 -352 ) (0 1024 -224 ) (-488 1024 -224 ) (-488 1024 -352 ) 
4 8 13 (-1024 1248 -352 ) (-1024 1024 -352 ) (-1024 1024 -224 ) (-1024 1248 -224 ) 
4 8 12 (-1024 2048 -224 ) (-1024 2048 -352 ) (-1024 1248 -352 ) (-1024 1248 -224 ) 
4 9 66 (-1432 1024 224 ) (-1944 1024 224 ) (-1944 1024 -32 ) (-1432 1024 -32 ) 
4 9 64 (-1024 1024 -32 ) (-1024 1024 224 ) (-1432 1024 224 ) (-1432 1024 -32 ) 
4 9 62 (-1432 1024 1792 ) (-1944 1024 1792 ) (-1944 1024 224 ) (-1432 1024 224 ) 
4 9 59 (-1024 1024 224 ) (-1024 1024 1792 ) (-1432 1024 1792 ) (-1432 1024 224 ) 
4 9 12 (-1024 2048 -32 ) (-1024 1248 -32 ) (-1944 1248 -32 ) (-1944 2048 -32 ) 
4 9 11 (-1944 1024 224 ) (-1944 1024 1792 ) (-1944 1248 1792 ) (-1944 1248 224 ) 
4 9 10 (-1944 2048 -32 ) (-1944 1248 -32 ) (-1944 1248 1792 ) (-1944 2048 1792 ) 
4 10 90 (-2048 1920 224 ) (-2048 1920 -32 ) (-2048 1248 -32 ) (-2048 1248 224 ) 
4 10 83 (-2048 1248 1792 ) (-2048 1920 1792 ) (-2048 1920 224 ) (-2048 1248 224 ) 
4 10 82 (-2048 1920 1792 ) (-2048 2048 1792 ) (-2048 2048 -32 ) (-2048 1920 -32 ) 
4 10 14 (-2048 1248 -32 ) (-2048 2048 -32 ) (-1944 2048 -32 ) (-1944 1248 -32 ) 
4 10 11 (-1944 1248 224 ) (-1944 1248 1792 ) (-2048 1248 1792 ) (-2048 1248 224 ) 
4 11 85 (-2048 1024 224 ) (-2048 1024 452.858093 ) (-2048 1248 452.858032 ) (-2048 1248 224 ) 
4 11 84 (-2048 1024 452.858093 ) (-2048 1024 1792 ) (-2048 1248 1792 ) (-2048 1248 452.858032 ) 
4 11 62 (-1944 1024 1792 ) (-2048 1024 1792 ) (-2048 1024 224 ) (-1944 1024 224 ) 
4 12 13 (-1944 1248 -224 ) (-1944 1248 -352 ) (-1024 1248 -352 ) (-1024 1248 -224 ) 
4 12 14 (-1944 2048 -352 ) (-1944 1248 -352 ) (-1944 1248 -32 ) (-1944 2048 -32 ) 
4 13 79 (-1024 1024 -352 ) (-1024 1024 -224 ) (-1944 1024 -224 ) (-1944 1024 -352 ) 
4 13 14 (-1944 1248 -352 ) (-1944 1024 -352 ) (-1944 1024 -224 ) (-1944 1248 -224 ) 
4 14 91 (-2048 1024 -352 ) (-2048 1024 -32 ) (-2048 2048 -32 ) (-2048 2048 -352 ) 
4 14 79 (-2048 1024 -224 ) (-2048 1024 -352 ) (-1944 1024 -352 ) (-1944 1024 -224 ) 
4 14 78 (-1944 1024 -32 ) (-2048 1024 -32 ) (-2048 1024 -224 ) (-1944 1024 -224 ) 
4 15 24 (-88 564 -16 ) (-88 1024 -16 ) (-88 1024 -32 ) (-88 564 -32 ) 
4 15 23 (-88 308 -16 ) (-88 308 1792 ) (-88 1024 1792 ) (-88 1024 -16 ) 
4 15 21 (-88 308 1792 ) (-88 308 128 ) (-80 308 128 ) (-80 308 1792 ) 
4 15 20 (-72 308 128 ) (-72 308 1792 ) (-80 308 1792 ) (-80 308 128 ) 
4 15 19 (-72 308 -32 ) (0 308 -32 ) (0 308 1792 ) (-72 308 1792 ) 
4 15 17 (-88 564 -32 ) (-88 1024 -32 ) (-72 1024 -32 ) (-72 564 -32 ) 
4 15 18 (-72 308 -32 ) (-88 308 -32 ) (-88 436 -32 ) (-72 436 -32 ) 
4 15 16 (0 308 -32 ) (-72 308 -32 ) (-72 1024 -32 ) (0 1024 -32 ) 
4 16 39 (-72 1024 -160 ) (0 1024 -160 ) (0 308 -160 ) (-72 308 -160 ) 
4 16 19 (-72 308 -160 ) (0 308 -160 ) (0 308 -32 ) (-72 308 -32 ) 
4 16 17 (-72 1024 -160 ) (-72 564 -160 ) (-72 564 -32 ) (-72 1024 -32 ) 
4 16 18 (-72 436 -160 ) (-72 308 -160 ) (-72 308 -32 ) (-72 436 -32 ) 
4 17 39 (-88 564 -160 ) (-88 1024 -160 ) (-72 1024 -160 ) (-72 564 -160 ) 
4 17 26 (-88 1024 -160 ) (-88 580 -160 ) (-88 580 -32 ) (-88 1024 -32 ) 
4 18 39 (-88 308 -160 ) (-88 436 -160 ) (-72 436 -160 ) (-72 308 -160 ) 
4 19 124 (0 0 -160 ) (0 0 128 ) (-72 0 128 ) (-72 0 -160 ) 
4 19 123 (0 0 128 ) (0 0 1792 ) (-72 0 1792 ) (-72 0 128 ) 
4 19 43 (0 0 -160 ) (-72 0 -160 ) (-72 116 -160 ) (0 116 -160 ) 
4 19 39 (-72 116 -160 ) (-72 308 -160 ) (0 308 -160 ) (0 116 -160 ) 
4 19 20 (-72 0 1792 ) (-72 308 1792 ) (-72 308 128 ) (-72 0 128 ) 
4 20 123 (-72 0 1792 ) (-80 0 1792 ) (-80 0 128 ) (-72 0 128 ) 
4 20 21 (-80 308 1792 ) (-80 308 128 ) (-80 0 128 ) (-80 0 1792 ) 
4 21 126 (-88 0 1792 ) (-88 0 128 ) (-80 0 128 ) (-80 0 1792 ) 
4 21 31 (-88 0 200 ) (-88 0 1792 ) (-88 148 1792 ) (-88 148 200 ) 
4 21 23 (-88 148 1792 ) (-88 308 1792 ) (-88 308 128 ) (-88 148 128 ) 
4 22 128 (-88 0 -48 ) (-88 0 -160 ) (-80 0 -160 ) (-80 0 -48 ) 
4 22 34 (-88 16 -160 ) (-88 0 -160 ) (-88 0 -48 ) (-88 16 -48 ) 
4 23 37 (-472 1024 0 ) (-472 1024 -16 ) (-472 172 -16 ) (-472 172 0 ) 
4 23 36 (-472 148 200 ) (-472 148 1792 ) (-472 172 1792 ) (-472 172 200 ) 
4 23 35 (-472 1024 1792 ) (-472 1024 0 ) (-472 172 0 ) (-472 172 1792 ) 
4 23 31 (-472 148 1792 ) (-472 148 200 ) (-88 148 200 ) (-88 148 1792 ) 
4 23 24 (-448 564 -16 ) (-448 1024 -16 ) (-88 1024 -16 ) (-88 564 -16 ) 
4 23 25 (-448 148 -16 ) (-472 148 -16 ) (-472 1024 -16 ) (-448 1024 -16 ) 
4 24 26 (-448 580 -32 ) (-448 1024 -32 ) (-88 1024 -32 ) (-88 580 -32 ) 
4 24 25 (-448 1024 -32 ) (-448 564 -32 ) (-448 564 -16 ) (-448 1024 -16 ) 
4 25 37 (-472 1024 -16 ) (-472 1024 -32 ) (-472 172 -32 ) (-472 172 -16 ) 
4 25 29 (-464 564 -32 ) (-464 1024 -32 ) (-448 1024 -32 ) (-448 564 -32 ) 
4 25 30 (-464 148 -32 ) (-472 148 -32 ) (-472 1024 -32 ) (-464 1024 -32 ) 
4 26 40 (-448 1024 -160 ) (-88 1024 -160 ) (-88 580 -160 ) (-448 580 -160 ) 
4 26 29 (-448 1024 -160 ) (-448 580 -160 ) (-448 580 -32 ) (-448 1024 -32 ) 
4 27 28 (-320 564 -32 ) (-320 564 -160 ) (-320 436 -160 ) (-320 436 -32 ) 
4 28 33 (-412 148 -160 ) (-356 148 -160 ) (-356 148 -48 ) (-412 148 -48 ) 
4 29 42 (-464 1024 -160 ) (-448 1024 -160 ) (-448 564 -160 ) (-464 564 -160 ) 
4 29 30 (-464 1024 -160 ) (-464 564 -160 ) (-464 564 -32 ) (-464 1024 -32 ) 
4 30 42 (-472 148 -160 ) (-472 1024 -160 ) (-464 1024 -160 ) (-464 148 -160 ) 
4 30 37 (-472 1024 -32 ) (-472 1024 -160 ) (-472 172 -160 ) (-472 172 -32 ) 
4 31 130 (-472 0 1792 ) (-472 0 200 ) (-88 0 200 ) (-88 0 1792 ) 
4 31 36 (-472 0 200 ) (-472 0 1792 ) (-472 148 1792 ) (-472 148 200 ) 
4 32 132 (-472 0 120 ) (-472 0 -48 ) (-88 0 -48 ) (-88 0 120 ) 
4 32 38 (-472 0 -48 ) (-472 0 0 ) (-472 44 0 ) (-472 44 -48 ) 
4 32 34 (-472 0 -48 ) (-472 116 -48 ) (-88 116 -48 ) (-88 0 -48 ) 
4 33 34 (-356 116 -48 ) (-412 116 -48 ) (-412 116 -160 ) (-356 116 -160 ) 
4 34 132 (-472 0 -48 ) (-472 0 -160 ) (-88 0 -160 ) (-88 0 -48 ) 
4 34 38 (-472 44 -160 ) (-472 0 -160 ) (-472 0 -48 ) (-472 44 -48 ) 
4 35 49 (-488 172 1792 ) (-488 712 1792 ) (-488 712 800 ) (-488 172 800 ) 
4 35 46 (-488 712 1792 ) (-488 1024 1792 ) (-488 1024 0 ) (-488 712 0 ) 
4 35 37 (-488 172 0 ) (-488 1024 0 ) (-472 1024 0 ) (-472 172 0 ) 
4 35 36 (-472 172 200 ) (-472 172 1792 ) (-488 172 1792 ) (-488 172 200 ) 
4 36 134 (-488 0 1792 ) (-488 0 200 ) (-472 0 200 ) (-472 0 1792 ) 
4 36 51 (-488 0 352 ) (-488 0 1792 ) (-488 72 1792 ) (-488 72 352 ) 
4 36 49 (-488 72 1792 ) (-488 172 1792 ) (-488 172 800 ) (-488 72 800 ) 
4 37 50 (-488 712 -32 ) (-488 712 -160 ) (-488 172 -160 ) (-488 172 -32 ) 
4 37 47 (-488 1024 -32 ) (-488 1024 -160 ) (-488 712 -160 ) (-488 712 -32 ) 
4 37 46 (-488 712 0 ) (-488 1024 0 ) (-488 1024 -32 ) (-488 712 -32 ) 
4 37 44 (-488 516 -160 ) (-488 1024 -160 ) (-472 1024 -160 ) (-472 516 -160 ) 
4 38 136 (-488 0 0 ) (-488 0 -160 ) (-472 0 -160 ) (-472 0 0 ) 
4 38 56 (-488 0 -160 ) (-488 0 -32 ) (-488 44 -32 ) (-488 44 -160 ) 
4 38 54 (-488 0 -32 ) (-488 0 0 ) (-488 44 0 ) (-488 44 -32 ) 
4 39 45 (-88 1024 -224 ) (0 1024 -224 ) (0 116 -224 ) (-88 116 -224 ) 
4 39 43 (-80 116 -224 ) (0 116 -224 ) (0 116 -160 ) (-80 116 -160 ) 
4 39 41 (-88 564 -224 ) (-88 116 -224 ) (-88 116 -176 ) (-88 564 -176 ) 
4 39 40 (-88 1024 -224 ) (-88 564 -224 ) (-88 564 -160 ) (-88 1024 -160 ) 
4 40 45 (-448 1024 -224 ) (-88 1024 -224 ) (-88 564 -224 ) (-448 564 -224 ) 
4 40 41 (-448 564 -176 ) (-448 564 -224 ) (-88 564 -224 ) (-88 564 -176 ) 
4 40 42 (-448 1024 -224 ) (-448 564 -224 ) (-448 564 -160 ) (-448 1024 -160 ) 
4 41 45 (-88 564 -224 ) (-88 116 -224 ) (-448 116 -224 ) (-448 564 -224 ) 
4 41 42 (-448 564 -224 ) (-448 116 -224 ) (-448 116 -176 ) (-448 564 -176 ) 
4 42 45 (-472 1024 -224 ) (-448 1024 -224 ) (-448 116 -224 ) (-472 116 -224 ) 
4 42 44 (-472 1024 -224 ) (-472 516 -224 ) (-472 516 -160 ) (-472 1024 -160 ) 
4 43 147 (0 0 -224 ) (0 0 -160 ) (-80 0 -160 ) (-80 0 -224 ) 
4 43 45 (0 116 -224 ) (0 0 -224 ) (-80 0 -224 ) (-80 116 -224 ) 
4 44 50 (-488 516 -160 ) (-488 712 -160 ) (-488 712 -224 ) (-488 516 -224 ) 
4 44 47 (-488 712 -160 ) (-488 1024 -160 ) (-488 1024 -224 ) (-488 712 -224 ) 
4 44 45 (-488 516 -224 ) (-488 1024 -224 ) (-472 1024 -224 ) (-472 516 -224 ) 
4 45 151 (0 0 -352 ) (0 0 -224 ) (-488 0 -224 ) (-488 0 -352 ) 
4 45 58 (-488 0 -352 ) (-488 0 -224 ) (-488 72 -224 ) (-488 72 -352 ) 
4 45 50 (-488 72 -224 ) (-488 712 -224 ) (-488 712 -352 ) (-488 72 -352 ) 
4 45 47 (-488 712 -224 ) (-488 1024 -224 ) (-488 1024 -352 ) (-488 712 -352 ) 
4 46 64 (-1024 1024 224 ) (-1024 1024 -32 ) (-1024 712 -32 ) (-1024 712 224 ) 
4 46 59 (-1024 1024 1792 ) (-1024 1024 224 ) (-1024 712 224 ) (-1024 712 1792 ) 
4 46 49 (-488 712 800 ) (-488 712 1792 ) (-1024 712 1792 ) (-1024 712 800 ) 
4 46 47 (-488 712 -32 ) (-520 712 -32 ) (-520 1024 -32 ) (-488 1024 -32 ) 
4 47 50 (-488 712 -352 ) (-488 712 -32 ) (-520 712 -32 ) (-520 712 -352 ) 
4 47 48 (-520 1024 -352 ) (-520 712 -352 ) (-520 712 -224 ) (-520 1024 -224 ) 
4 48 79 (-1024 1024 -224 ) (-1024 1024 -352 ) (-1024 712 -352 ) (-1024 712 -224 ) 
4 48 50 (-1024 712 -224 ) (-1024 712 -352 ) (-520 712 -352 ) (-520 712 -224 ) 
4 49 60 (-1024 72 800 ) (-1024 72 1792 ) (-1024 712 1792 ) (-1024 712 800 ) 
4 49 51 (-1024 72 1792 ) (-1024 72 800 ) (-488 72 800 ) (-488 72 1792 ) 
4 50 79 (-1024 72 -352 ) (-1024 72 -224 ) (-1024 712 -224 ) (-1024 712 -352 ) 
4 50 76 (-1024 72 -224 ) (-1024 72 -32 ) (-1024 712 -32 ) (-1024 712 -224 ) 
4 50 58 (-1024 72 -224 ) (-1024 72 -352 ) (-488 72 -352 ) (-488 72 -224 ) 
4 50 57 (-1024 72 -160 ) (-1024 72 -224 ) (-488 72 -224 ) (-488 72 -160 ) 
4 51 138 (-488 0 352 ) (-488 0 1792 ) (-1024 0 1792 ) (-1024 0 352 ) 
4 51 63 (-1024 0 352 ) (-1024 0 1792 ) (-1024 72 1792 ) (-1024 72 352 ) 
4 51 52 (-1024 72 352 ) (-999.988220 72 352 ) (-999.988220 0 352 ) (-1024 0 352 ) 
3 52 139 (-999.988220 0 352 ) (-1024 0 352 ) (-1024 0 327.988220 ) 
4 52 63 (-1024 0 327.988220 ) (-1024 0 352 ) (-1024 72 352 ) (-1024 72 327.988220 ) 
4 53 141 (-856 0 96 ) (-1024 0 96 ) (-1024 0 80 ) (-856 0 80 ) 
4 53 140 (-488 0 80 ) (-488 0 96 ) (-856 0 96 ) (-856 0 80 ) 
4 53 70 (-1024 0 80 ) (-1024 0 96 ) (-1024 64 96 ) (-1024 64 80 ) 
4 53 54 (-988 64 80 ) (-488 64 80 ) (-488 0 80 ) (-988 0 80 ) 
4 53 55 (-1024 0 80 ) (-1024 64 80 ) (-988 64 80 ) (-988 0 80 ) 
4 54 141 (-856 0 80 ) (-988 0 80 ) (-988 0 -32 ) (-856 0 -32 ) 
4 54 140 (-488 0 -32 ) (-488 0 80 ) (-856 0 80 ) (-856 0 -32 ) 
4 54 56 (-488 64 -32 ) (-488 0 -32 ) (-856 0 -32 ) (-856 64 -32 ) 
4 54 55 (-988 64 -32 ) (-988 0 -32 ) (-988 0 80 ) (-988 64 80 ) 
4 55 141 (-988 0 80 ) (-1024 0 80 ) (-1024 0 -32 ) (-988 0 -32 ) 
4 55 72 (-1024 0 -32 ) (-1024 0 80 ) (-1024 72 80 ) (-1024 72 -32 ) 
4 56 140 (-488 0 -160 ) (-488 0 -32 ) (-856 0 -32 ) (-856 0 -160 ) 
4 57 77 (-1024 64 -160 ) (-1024 72 -160 ) (-1024 72 -224 ) (-1024 64 -224 ) 
4 57 58 (-1024 72 -224 ) (-488 72 -224 ) (-488 64 -224 ) (-1024 64 -224 ) 
4 58 151 (-488 0 -352 ) (-488 0 -224 ) (-1024 0 -224 ) (-1024 0 -352 ) 
4 58 79 (-1024 0 -352 ) (-1024 0 -224 ) (-1024 72 -224 ) (-1024 72 -352 ) 
4 59 64 (-1024 1024 224 ) (-1024 712 224 ) (-1432 712 224 ) (-1432 1024 224 ) 
4 59 62 (-1432 1024 224 ) (-1432 712 224 ) (-1432 712 1792 ) (-1432 1024 1792 ) 
4 59 60 (-1432 712 1792 ) (-1432 712 800 ) (-1024 712 800 ) (-1024 712 1792 ) 
4 60 63 (-1024 72 800 ) (-1024 72 1792 ) (-1432 72 1792 ) (-1432 72 800 ) 
4 60 62 (-1432 72 800 ) (-1432 72 1792 ) (-1432 712 1792 ) (-1432 712 800 ) 
3 60 61 (-1304 72 800 ) (-1432 72 800 ) (-1432 200 800 ) 
3 61 65 (-1304 72 224 ) (-1432 72 224 ) (-1432 200 224 ) 
4 61 63 (-1432 72 224 ) (-1304 72 224 ) (-1304 72 800 ) (-1432 72 800 ) 
4 61 62 (-1432 200 224 ) (-1432 72 224 ) (-1432 72 800 ) (-1432 200 800 ) 
4 62 99 (-2048 1024 452.858032 ) (-2048 1024 224 ) (-2048 224 224 ) (-2048 224 452.858093 ) 
4 62 98 (-2048 1024 1792 ) (-2048 1024 452.858032 ) (-2048 224 452.858093 ) (-2048 224 1792 ) 
4 62 102 (-2048 224 224 ) (-2048 72 224 ) (-2048 72 1792 ) (-2048 224 1792 ) 
4 62 68 (-1944 72 224 ) (-2048 72 224 ) (-2048 192 224 ) (-1944 192 224 ) 
4 62 66 (-1944 640 224 ) (-1944 1024 224 ) (-1432 1024 224 ) (-1432 640 224 ) 
4 62 67 (-1432 72 224 ) (-1944 72 224 ) (-1944 592 224 ) (-1432 592 224 ) 
4 62 63 (-2048 72 1792 ) (-2048 72 224 ) (-1432 72 224 ) (-1432 72 1792 ) 
4 63 161 (-1664 0 1792 ) (-2048 0 1792 ) (-2048 0 224 ) (-1664 0 224 ) 
4 63 157 (-1664 0 992 ) (-1664 0 224 ) (-1280 0 224 ) (-1280 0 992 ) 
4 63 156 (-1280 0 1792 ) (-1664 0 1792 ) (-1664 0 992 ) (-1280 0 992 ) 
5 63 152 (-1024 0 327.988190 ) (-1024 0 1792 ) (-1280 0 1792 ) (-1280 0 224 ) (-1127.988281 0 224 ) 
4 63 102 (-2048 0 224 ) (-2048 0 1792 ) (-2048 72 1792 ) (-2048 72 224 ) 
4 63 69 (-1127.988159 0 224 ) (-2048 0 224 ) (-2048 72 224 ) (-1127.988281 72 224 ) 
4 64 66 (-1432 1024 -32 ) (-1432 712 -32 ) (-1432 712 224 ) (-1432 1024 224 ) 
4 65 75 (-1432 72 -32 ) (-1304 72 -32 ) (-1304 72 80 ) (-1432 72 80 ) 
4 65 71 (-1304 72 80 ) (-1304 72 96 ) (-1432 72 96 ) (-1432 72 80 ) 
4 65 69 (-1304 72 96 ) (-1304 72 224 ) (-1432 72 224 ) (-1432 72 96 ) 
4 65 67 (-1432 200 -32 ) (-1432 72 -32 ) (-1432 72 224 ) (-1432 200 224 ) 
4 67 75 (-1944 72 -32 ) (-1432 72 -32 ) (-1432 72 80 ) (-1944 72 80 ) 
4 67 71 (-1432 72 80 ) (-1432 72 96 ) (-1944 72 96 ) (-1944 72 80 ) 
4 67 69 (-1432 72 96 ) (-1432 72 224 ) (-1944 72 224 ) (-1944 72 96 ) 
4 67 68 (-1944 192 -32 ) (-1944 72 -32 ) (-1944 72 224 ) (-1944 192 224 ) 
4 68 106 (-2048 72 224 ) (-2048 192 224 ) (-2048 192 -32 ) (-2048 72 -32 ) 
4 68 75 (-2048 72 -32 ) (-1944 72 -32 ) (-1944 72 80 ) (-2048 72 80 ) 
4 68 71 (-1944 72 80 ) (-1944 72 96 ) (-2048 72 96 ) (-2048 72 80 ) 
4 68 69 (-1944 72 96 ) (-1944 72 224 ) (-2048 72 224 ) (-2048 72 96 ) 
4 69 167 (-1120 0 224 ) (-2048 0 224 ) (-2048 0 96 ) (-1120 0 96 ) 
4 69 106 (-2048 0 96 ) (-2048 0 224 ) (-2048 72 224 ) (-2048 72 96 ) 
4 69 71 (-2048 72 96 ) (-1120 72 96 ) (-1120 0 96 ) (-2048 0 96 ) 
4 70 163 (-1024 0 80 ) (-1024 0 96 ) (-1112 0 96 ) (-1112 0 80 ) 
4 70 73 (-1044 0 80 ) (-1112 0 80 ) (-1112 64 80 ) (-1044 64 80 ) 
4 70 72 (-1024 0 80 ) (-1044 0 80 ) (-1044 64 80 ) (-1024 64 80 ) 
4 71 167 (-1120 0 96 ) (-2048 0 96 ) (-2048 0 80 ) (-1120 0 80 ) 
4 71 106 (-2048 0 80 ) (-2048 0 96 ) (-2048 72 96 ) (-2048 72 80 ) 
4 71 75 (-1120 0 80 ) (-2048 0 80 ) (-2048 72 80 ) (-1120 72 80 ) 
4 72 163 (-1024 0 -32 ) (-1024 0 80 ) (-1044 0 80 ) (-1044 0 -32 ) 
4 72 73 (-1044 0 80 ) (-1044 64 80 ) (-1044 64 -32 ) (-1044 0 -32 ) 
4 73 163 (-1044 0 80 ) (-1112 0 80 ) (-1112 0 -32 ) (-1044 0 -32 ) 
4 73 74 (-1112 0 80 ) (-1112 28 80 ) (-1112 28 -32 ) (-1112 0 -32 ) 
4 74 166 (-1112 0 80 ) (-1120 0 80 ) (-1120 0 -32 ) (-1112 0 -32 ) 
4 74 75 (-1120 0 80 ) (-1120 28 80 ) (-1120 28 -32 ) (-1120 0 -32 ) 
4 75 167 (-1120 0 80 ) (-2048 0 80 ) (-2048 0 -32 ) (-1120 0 -32 ) 
4 75 106 (-2048 0 -32 ) (-2048 0 80 ) (-2048 72 80 ) (-2048 72 -32 ) 
4 76 79 (-1024 712 -224 ) (-1024 72 -224 ) (-1112 72 -224 ) (-1112 712 -224 ) 
4 76 77 (-1112 72 -160 ) (-1112 72 -224 ) (-1024 72 -224 ) (-1024 72 -160 ) 
4 77 79 (-1024 72 -224 ) (-1024 64 -224 ) (-1112 64 -224 ) (-1112 72 -224 ) 
4 78 105 (-2048 712 -32 ) (-2048 1024 -32 ) (-2048 1024 -224 ) (-2048 712 -224 ) 
4 78 79 (-2048 712 -224 ) (-2048 1024 -224 ) (-1944 1024 -224 ) (-1944 712 -224 ) 
4 79 168 (-1112 0 -224 ) (-2048 0 -224 ) (-2048 0 -352 ) (-1112 0 -352 ) 
4 79 165 (-1024 0 -352 ) (-1024 0 -224 ) (-1112 0 -224 ) (-1112 0 -352 ) 
4 79 110 (-2048 0 -352 ) (-2048 0 -224 ) (-2048 1024 -224 ) (-2048 1024 -352 ) 
4 80 91 (-2048 2048 -352 ) (-2048 2048 -32 ) (-3072 2048 -32 ) (-3072 2048 -352 ) 
4 80 82 (-2048 2048 -32 ) (-2048 2048 1792 ) (-3072 2048 1792 ) (-3072 2048 -32 ) 
4 80 81 (-3072 2048 -352 ) (-3072 2048 1792 ) (-3072 2496 1792 ) (-3072 2496 -352 ) 
4 81 115 (-4096 2048 -352 ) (-4096 2048 1792 ) (-4096 2496 1792 ) (-4096 2496 -352 ) 
4 81 95 (-3072 2048 -352 ) (-3072 2048 352 ) (-3968 2048 352 ) (-3968 2048 -352 ) 
4 81 97 (-3968 2048 352 ) (-4096 2048 352 ) (-4096 2048 -352 ) (-3968 2048 -352 ) 
4 81 92 (-3072 2048 352 ) (-3072 2048 1792 ) (-3968 2048 1792 ) (-3968 2048 352 ) 
4 81 94 (-3968 2048 1792 ) (-4096 2048 1792 ) (-4096 2048 352 ) (-3968 2048 352 ) 
4 82 95 (-3072 2048 352 ) (-3072 2048 -32 ) (-3072 1920 -32 ) (-3072 1920 352 ) 
4 82 92 (-3072 1920 1792 ) (-3072 2048 1792 ) (-3072 2048 352 ) (-3072 1920 352 ) 
4 82 91 (-3072 1920 -32 ) (-3072 2048 -32 ) (-2048 2048 -32 ) (-2048 1920 -32 ) 
4 82 90 (-2944 1920 -32 ) (-2048 1920 -32 ) (-2048 1920 224 ) (-2944 1920 224 ) 
4 82 89 (-2944 1920 224 ) (-2880 1920 224 ) (-2880 1920 352 ) (-2944 1920 352 ) 
4 82 88 (-2936 1920 1792 ) (-3072 1920 1792 ) (-3072 1920 384 ) (-2936 1920 384 ) 
4 82 87 (-2880 1920 1792 ) (-2936 1920 1792 ) (-2936 1920 352 ) (-2880 1920 352 ) 
4 82 83 (-2048 1920 224 ) (-2048 1920 1792 ) (-2880 1920 1792 ) (-2880 1920 224 ) 
4 83 90 (-2880 1920 224 ) (-2048 1920 224 ) (-2048 1248 224 ) (-2880 1248 224 ) 
4 83 89 (-2880 1920 352 ) (-2880 1920 224 ) (-2880 1248 224 ) (-2880 1248 352 ) 
4 83 87 (-2880 1920 1792 ) (-2880 1920 352 ) (-2880 1248 352 ) (-2880 1248 1792 ) 
3 83 86 (-2880 1248 856.252014 ) (-2880 1248 608 ) (-2631.990723 1248 736.005005 ) 
4 83 85 (-2368 1248 224 ) (-2048 1248 224 ) (-2048 1248 452.858093 ) (-2368 1248 608.009583 ) 
4 83 84 (-2880 1248 1792 ) (-2880 1248 856.252014 ) (-2048 1248 452.858093 ) (-2048 1248 1792 ) 
4 84 98 (-2048 1024 452.858093 ) (-2048 1024 1792 ) (-2880 1024 1792 ) (-2880 1024 856.252014 ) 
4 84 87 (-2880 1024 856.252075 ) (-2880 1024 1792 ) (-2880 1248 1792 ) (-2880 1248 856.252014 ) 
4 84 86 (-2880 1024 856.251953 ) (-2880 1248 856.251953 ) (-2631.990479 1248 736.005005 ) (-2631.990723 1024 736.005005 ) 
4 84 85 (-2368 1248 608.009583 ) (-2048 1248 452.858093 ) (-2048 1024 452.858093 ) (-2368 1024 608.009583 ) 
4 85 99 (-2048 1024 224 ) (-2048 1024 452.858093 ) (-2368 1024 608.009583 ) (-2368 1024 224 ) 
3 86 100 (-2631.990723 1024 736.005005 ) (-2880 1024 856.252014 ) (-2880 1024 608 ) 
4 86 87 (-2880 1024 608 ) (-2880 1024 856.252075 ) (-2880 1248 856.252014 ) (-2880 1248 608 ) 
4 87 101 (-2880 1024 1792 ) (-2936 1024 1792 ) (-2936 1024 352 ) (-2880 1024 352 ) 
4 87 89 (-2936 1920 352 ) (-2880 1920 352 ) (-2880 1024 352 ) (-2936 1024 352 ) 
4 87 88 (-2936 1920 1792 ) (-2936 1920 384 ) (-2936 1024 384 ) (-2936 1024 1792 ) 
4 88 103 (-2936 1024 1792 ) (-3072 1024 1792 ) (-3072 1024 384 ) (-2936 1024 384 ) 
4 88 93 (-3072 1024 384 ) (-3072 1024 1792 ) (-3072 1920 1792 ) (-3072 1920 384 ) 
4 89 104 (-2944 1024 224 ) (-2936 1024 224 ) (-2936 1024 352 ) (-2944 1024 352 ) 
4 89 101 (-2936 1024 224 ) (-2880 1024 224 ) (-2880 1024 352 ) (-2936 1024 352 ) 
4 89 90 (-2944 1920 224 ) (-2880 1920 224 ) (-2880 1248 224 ) (-2944 1248 224 ) 
4 90 91 (-2944 1248 -32 ) (-2944 1920 -32 ) (-2048 1920 -32 ) (-2048 1248 -32 ) 
4 91 110 (-2048 1024 -352 ) (-2048 1024 -224 ) (-3072 1024 -224 ) (-3072 1024 -352 ) 
4 91 109 (-2944 1024 -32 ) (-3072 1024 -32 ) (-3072 1024 -224 ) (-2944 1024 -224 ) 
4 91 105 (-2048 1024 -224 ) (-2048 1024 -32 ) (-2944 1024 -32 ) (-2944 1024 -224 ) 
4 91 96 (-3072 1024 -352 ) (-3072 1024 -32 ) (-3072 1920 -32 ) (-3072 1920 -352 ) 
4 91 95 (-3072 1920 -32 ) (-3072 2048 -32 ) (-3072 2048 -352 ) (-3072 1920 -352 ) 
4 92 95 (-3968 2048 352 ) (-3072 2048 352 ) (-3072 1920 352 ) (-3968 1920 352 ) 
4 92 93 (-3968 1920 1792 ) (-3968 1920 384 ) (-3072 1920 384 ) (-3072 1920 1792 ) 
4 92 94 (-3968 2048 352 ) (-3968 1920 352 ) (-3968 1920 1792 ) (-3968 2048 1792 ) 
4 93 111 (-3072 1024 384 ) (-3072 1024 1792 ) (-3968 1024 1792 ) (-3968 1024 384 ) 
4 93 94 (-3968 1024 384 ) (-3968 1024 1792 ) (-3968 1920 1792 ) (-3968 1920 384 ) 
4 94 117 (-4096 1024 352 ) (-4096 1024 1792 ) (-4096 2048 1792 ) (-4096 2048 352 ) 
4 94 112 (-4096 1024 1792 ) (-4096 1024 352 ) (-3968 1024 352 ) (-3968 1024 1792 ) 
4 94 97 (-4096 2048 352 ) (-3968 2048 352 ) (-3968 1024 352 ) (-4096 1024 352 ) 
4 95 96 (-3968 1920 -32 ) (-3968 1920 -352 ) (-3072 1920 -352 ) (-3072 1920 -32 ) 
4 95 97 (-3968 2048 -352 ) (-3968 1920 -352 ) (-3968 1920 352 ) (-3968 2048 352 ) 
4 96 113 (-3968 1024 -352 ) (-3072 1024 -352 ) (-3072 1024 -32 ) (-3968 1024 -32 ) 
4 96 97 (-3968 1920 -352 ) (-3968 1024 -352 ) (-3968 1024 -32 ) (-3968 1920 -32 ) 
4 97 117 (-4096 1024 -352 ) (-4096 1024 352 ) (-4096 2048 352 ) (-4096 2048 -352 ) 
4 97 114 (-4096 1024 352 ) (-4096 1024 -352 ) (-3968 1024 -352 ) (-3968 1024 352 ) 
4 98 100 (-2631.991699 224 736.004395 ) (-2880 224 856.250977 ) (-2880 1024 856.250977 ) (-2631.991699 1024 736.004395 ) 
4 98 99 (-2048 224 452.856415 ) (-2368 224 608.008179 ) (-2368 1024 608.008179 ) (-2048 1024 452.856415 ) 
4 98 101 (-2880 224 856.252075 ) (-2880 224 1792 ) (-2880 1024 1792 ) (-2880 1024 856.252014 ) 
4 98 102 (-2048 224 452.858093 ) (-2048 224 1792 ) (-2880 224 1792 ) (-2880 224 856.252014 ) 
4 99 102 (-2368 224 224 ) (-2048 224 224 ) (-2048 224 452.858093 ) (-2368 224 608.009583 ) 
4 100 101 (-2880 224 608 ) (-2880 224 856.252075 ) (-2880 1024 856.252014 ) (-2880 1024 608 ) 
3 100 102 (-2631.990723 224 736.005005 ) (-2880 224 856.252014 ) (-2880 224 608 ) 
4 101 104 (-2936 1024 224 ) (-2936 224 224 ) (-2936 224 352 ) (-2936 1024 352 ) 
4 101 103 (-2936 224 384 ) (-2936 224 1792 ) (-2936 1024 1792 ) (-2936 1024 384 ) 
4 101 102 (-2936 224 1792 ) (-2936 224 224 ) (-2880 224 224 ) (-2880 224 1792 ) 
4 102 228 (-2432 0 352 ) (-2936 0 352 ) (-2936 0 224 ) (-2432 0 224 ) 
4 102 227 (-2304 0 352 ) (-2432 0 352 ) (-2432 0 224 ) (-2304 0 224 ) 
4 102 226 (-2048 0 224 ) (-2048 0 352 ) (-2304 0 352 ) (-2304 0 224 ) 
4 102 224 (-2048 0 352 ) (-2048 0 1792 ) (-2936 0 1792 ) (-2936 0 352 ) 
4 102 107 (-2304 0 224 ) (-2432 0 224 ) (-2432 192 224 ) (-2304 192 224 ) 
4 102 108 (-2432 0 224 ) (-2936 0 224 ) (-2936 192 224 ) (-2432 192 224 ) 
4 102 106 (-2048 192 224 ) (-2048 0 224 ) (-2304 0 224 ) (-2304 192 224 ) 
4 102 104 (-2936 224 224 ) (-2936 0 224 ) (-2936 0 352 ) (-2936 224 352 ) 
4 102 103 (-2936 0 384 ) (-2936 0 1792 ) (-2936 224 1792 ) (-2936 224 384 ) 
4 103 225 (-2936 0 1792 ) (-3072 0 1792 ) (-3072 0 384 ) (-2936 0 384 ) 
4 103 111 (-3072 1024 1792 ) (-3072 1024 384 ) (-3072 0 384 ) (-3072 0 1792 ) 
4 104 228 (-2944 0 224 ) (-2936 0 224 ) (-2936 0 352 ) (-2944 0 352 ) 
4 104 108 (-2936 192 224 ) (-2936 0 224 ) (-2944 0 224 ) (-2944 192 224 ) 
4 105 110 (-2944 192 -224 ) (-2944 1024 -224 ) (-2048 1024 -224 ) (-2048 192 -224 ) 
4 105 109 (-2944 1024 -224 ) (-2944 192 -224 ) (-2944 192 -32 ) (-2944 1024 -32 ) 
4 105 108 (-2944 192 -32 ) (-2944 192 -224 ) (-2432 192 -224 ) (-2432 192 -32 ) 
4 106 226 (-2048 0 -32 ) (-2048 0 224 ) (-2304 0 224 ) (-2304 0 -32 ) 
4 106 107 (-2304 192 224 ) (-2304 192 -24 ) (-2304 0 -24 ) (-2304 0 224 ) 
4 107 227 (-2304 0 224 ) (-2432 0 224 ) (-2432 0 -24 ) (-2304 0 -24 ) 
4 107 108 (-2432 192 224 ) (-2432 192 -24 ) (-2432 0 -24 ) (-2432 0 224 ) 
4 108 228 (-2432 0 224 ) (-2944 0 224 ) (-2944 0 -224 ) (-2432 0 -224 ) 
4 108 110 (-2432 0 -224 ) (-2944 0 -224 ) (-2944 192 -224 ) (-2432 192 -224 ) 
4 108 109 (-2944 192 -224 ) (-2944 0 -224 ) (-2944 0 -32 ) (-2944 192 -32 ) 
4 109 229 (-3072 0 -32 ) (-3072 0 -224 ) (-2944 0 -224 ) (-2944 0 -32 ) 
4 109 113 (-3072 1024 -32 ) (-3072 1024 -224 ) (-3072 0 -224 ) (-3072 0 -32 ) 
4 109 110 (-2944 0 -224 ) (-3072 0 -224 ) (-3072 1024 -224 ) (-2944 1024 -224 ) 
4 110 230 (-2048 0 -352 ) (-2048 0 -224 ) (-3072 0 -224 ) (-3072 0 -352 ) 
4 110 113 (-3072 1024 -224 ) (-3072 1024 -352 ) (-3072 0 -352 ) (-3072 0 -224 ) 
4 111 231 (-3072 0 384 ) (-3072 0 1792 ) (-3968 0 1792 ) (-3968 0 384 ) 
4 111 112 (-3968 0 384 ) (-3968 0 1792 ) (-3968 1024 1792 ) (-3968 1024 384 ) 
4 112 232 (-3968 0 1792 ) (-4096 0 1792 ) (-4096 0 352 ) (-3968 0 352 ) 
4 112 118 (-4096 0 352 ) (-4096 0 1792 ) (-4096 1024 1792 ) (-4096 1024 352 ) 
4 112 114 (-4096 0 352 ) (-4096 1024 352 ) (-3968 1024 352 ) (-3968 0 352 ) 
4 113 233 (-3072 0 -352 ) (-3072 0 -32 ) (-3968 0 -32 ) (-3968 0 -352 ) 
4 113 114 (-3968 1024 -352 ) (-3968 0 -352 ) (-3968 0 -32 ) (-3968 1024 -32 ) 
4 114 234 (-3968 0 352 ) (-4096 0 352 ) (-4096 0 -352 ) (-3968 0 -352 ) 
4 114 118 (-4096 0 -352 ) (-4096 0 352 ) (-4096 1024 352 ) (-4096 1024 -352 ) 
4 115 117 (-4096 2048 -352 ) (-4096 2048 1792 ) (-5120 2048 1792 ) (-5120 2048 -352 ) 
4 115 116 (-5120 2048 -352 ) (-5120 2048 1792 ) (-5120 2496 1792 ) (-5120 2496 -352 ) 
4 116 119 (-5120 2048 -352 ) (-5120 2048 1792 ) (-5408 2048 1792 ) (-5408 2048 -352 ) 
4 117 119 (-5120 2048 1792 ) (-5120 2048 -352 ) (-5120 1024 -352 ) (-5120 1024 1792 ) 
4 117 118 (-4096 1024 -352 ) (-4096 1024 1792 ) (-5120 1024 1792 ) (-5120 1024 -352 ) 
4 118 261 (-4096 0 -352 ) (-4096 0 1792 ) (-5120 0 1792 ) (-5120 0 -352 ) 
4 118 120 (-5120 0 -352 ) (-5120 0 1792 ) (-5120 1024 1792 ) (-5120 1024 -352 ) 
4 119 120 (-5120 1024 -352 ) (-5120 1024 1792 ) (-5408 1024 1792 ) (-5408 1024 -352 ) 
4 120 266 (-5120 0 -352 ) (-5120 0 1792 ) (-5408 0 1792 ) (-5408 0 -352 ) 
4 121 151 (0 0 -224 ) (0 0 -352 ) (0 -1024 -352 ) (0 -1024 -224 ) 
4 121 147 (0 0 -160 ) (0 0 -224 ) (0 -1024 -224 ) (0 -1024 -160 ) 
4 121 124 (0 0 128 ) (0 0 -160 ) (0 -1024 -160 ) (0 -1024 128 ) 
4 121 123 (0 0 1792 ) (0 0 128 ) (0 -1024 128 ) (0 -1024 1792 ) 
4 121 122 (896 -1024 1792 ) (0 -1024 1792 ) (0 -1024 -352 ) (896 -1024 -352 ) 
4 122 197 (896 -2048 1792 ) (0 -2048 1792 ) (0 -2048 -352 ) (896 -2048 -352 ) 
4 122 183 (0 -2048 -352 ) (0 -2048 -224 ) (0 -1024 -224 ) (0 -1024 -352 ) 
4 122 179 (0 -2048 -224 ) (0 -2048 1792 ) (0 -1024 1792 ) (0 -1024 -224 ) 
4 123 179 (0 -1024 128 ) (0 -1024 1792 ) (-80 -1024 1792 ) (-80 -1024 128 ) 
4 123 126 (-80 0 1792 ) (-80 0 128 ) (-80 -1024 128 ) (-80 -1024 1792 ) 
4 123 125 (-72 -1024 128 ) (-80 -1024 128 ) (-80 -332 128 ) (-72 -332 128 ) 
4 123 124 (0 -1024 128 ) (-72 -1024 128 ) (-72 0 128 ) (0 0 128 ) 
4 124 179 (0 -1024 -160 ) (0 -1024 128 ) (-72 -1024 128 ) (-72 -1024 -160 ) 
4 124 147 (0 -1024 -160 ) (-72 -1024 -160 ) (-72 0 -160 ) (0 0 -160 ) 
4 124 125 (-72 -332 -160 ) (-72 -1024 -160 ) (-72 -1024 128 ) (-72 -332 128 ) 
4 125 179 (-72 -1024 128 ) (-80 -1024 128 ) (-80 -1024 -160 ) (-72 -1024 -160 ) 
4 125 147 (-72 -1024 -160 ) (-80 -1024 -160 ) (-80 -332 -160 ) (-72 -332 -160 ) 
4 125 129 (-80 -332 -160 ) (-80 -1024 -160 ) (-80 -1024 -48 ) (-80 -332 -48 ) 
4 125 127 (-80 -1024 -48 ) (-80 -1024 128 ) (-80 -332 128 ) (-80 -332 -48 ) 
4 126 179 (-88 -1024 1792 ) (-88 -1024 128 ) (-80 -1024 128 ) (-80 -1024 1792 ) 
4 126 130 (-88 -172 1792 ) (-88 0 1792 ) (-88 0 200 ) (-88 -172 200 ) 
4 126 131 (-88 -1024 128 ) (-88 -1024 1792 ) (-88 -172 1792 ) (-88 -172 128 ) 
4 126 127 (-88 -1024 128 ) (-88 -332 128 ) (-80 -332 128 ) (-80 -1024 128 ) 
4 127 179 (-88 -1024 128 ) (-88 -1024 -48 ) (-80 -1024 -48 ) (-80 -1024 128 ) 
4 127 133 (-88 -1024 -48 ) (-88 -1024 120 ) (-88 -332 120 ) (-88 -332 -48 ) 
4 127 131 (-88 -1024 120 ) (-88 -1024 128 ) (-88 -332 128 ) (-88 -332 120 ) 
4 127 129 (-88 -1024 -48 ) (-88 -332 -48 ) (-80 -332 -48 ) (-80 -1024 -48 ) 
4 128 132 (-88 0 -160 ) (-88 -40 -160 ) (-88 -40 -48 ) (-88 0 -48 ) 
4 129 179 (-88 -1024 -48 ) (-88 -1024 -160 ) (-80 -1024 -160 ) (-80 -1024 -48 ) 
4 129 148 (-80 -1024 -160 ) (-88 -1024 -160 ) (-88 -332 -160 ) (-80 -332 -160 ) 
4 129 133 (-88 -332 -160 ) (-88 -1024 -160 ) (-88 -1024 -48 ) (-88 -332 -48 ) 
4 130 134 (-472 0 1792 ) (-472 0 200 ) (-472 -172 200 ) (-472 -172 1792 ) 
4 130 131 (-88 -172 200 ) (-88 -172 1792 ) (-472 -172 1792 ) (-472 -172 200 ) 
4 131 179 (-472 -1024 1792 ) (-472 -1024 120 ) (-88 -1024 120 ) (-88 -1024 1792 ) 
4 131 135 (-472 -172 120 ) (-472 -1024 120 ) (-472 -1024 1792 ) (-472 -172 1792 ) 
4 131 133 (-472 -1024 120 ) (-472 -172 120 ) (-88 -172 120 ) (-88 -1024 120 ) 
4 132 136 (-472 0 0 ) (-472 0 -160 ) (-472 -44 -160 ) (-472 -44 0 ) 
4 133 179 (-472 -1024 120 ) (-472 -1024 -160 ) (-88 -1024 -160 ) (-88 -1024 120 ) 
4 133 148 (-88 -1024 -160 ) (-472 -1024 -160 ) (-472 -172 -160 ) (-88 -172 -160 ) 
4 133 137 (-472 -172 -160 ) (-472 -1024 -160 ) (-472 -1024 0 ) (-472 -172 0 ) 
4 133 135 (-472 -1024 0 ) (-472 -1024 120 ) (-472 -172 120 ) (-472 -172 0 ) 
4 134 138 (-488 0 1792 ) (-488 0 352 ) (-488 -172 352 ) (-488 -172 1792 ) 
4 134 135 (-472 -172 200 ) (-472 -172 1792 ) (-488 -172 1792 ) (-488 -172 200 ) 
4 135 179 (-488 -1024 1792 ) (-488 -1024 0 ) (-472 -1024 0 ) (-472 -1024 1792 ) 
4 135 142 (-488 -192 0 ) (-488 -1024 0 ) (-488 -1024 1792 ) (-488 -192 1792 ) 
4 135 138 (-488 -192 352 ) (-488 -192 1792 ) (-488 -172 1792 ) (-488 -172 352 ) 
4 135 137 (-488 -1024 0 ) (-488 -172 0 ) (-472 -172 0 ) (-472 -1024 0 ) 
4 136 140 (-488 0 0 ) (-488 0 -160 ) (-488 -44 -160 ) (-488 -44 0 ) 
4 137 179 (-488 -1024 0 ) (-488 -1024 -160 ) (-472 -1024 -160 ) (-472 -1024 0 ) 
4 137 149 (-472 -1024 -160 ) (-488 -1024 -160 ) (-488 -172 -160 ) (-472 -172 -160 ) 
4 137 142 (-488 -192 -160 ) (-488 -1024 -160 ) (-488 -1024 0 ) (-488 -192 0 ) 
4 138 152 (-1024 0 1792 ) (-1024 0 352 ) (-1024 -192 352 ) (-1024 -192 1792 ) 
4 138 143 (-832 -192 1792 ) (-1024 -192 1792 ) (-1024 -192 800 ) (-832 -192 800 ) 
4 138 142 (-488 -192 352 ) (-488 -192 1792 ) (-832 -192 1792 ) (-832 -192 352 ) 
4 138 139 (-999.988220 -192 352 ) (-1024 -192 352 ) (-1024 0 352 ) (-999.988220 0 352 ) 
4 139 152 (-1024 0 352 ) (-1024 0 327.988220 ) (-1024 -192 327.988220 ) (-1024 -192 352 ) 
4 140 141 (-856 -64 -32 ) (-856 -64 96 ) (-856 0 96 ) (-856 0 -32 ) 
4 141 163 (-1024 0 96 ) (-1024 0 -32 ) (-1024 -184 -32 ) (-1024 -184 96 ) 
4 142 180 (-832 -1024 1792 ) (-832 -1024 -160 ) (-800 -1024 -160 ) (-800 -1024 1792 ) 
4 142 179 (-800 -1024 -160 ) (-488 -1024 -160 ) (-488 -1024 1792 ) (-800 -1024 1792 ) 
4 142 150 (-488 -1024 -160 ) (-832 -1024 -160 ) (-832 -192 -160 ) (-488 -192 -160 ) 
4 142 145 (-832 -192 -32 ) (-832 -192 -160 ) (-832 -480 -160 ) (-832 -480 -32 ) 
4 142 146 (-832 -480 -160 ) (-832 -1024 -160 ) (-832 -1024 224 ) (-832 -480 224 ) 
4 142 144 (-832 -704 224 ) (-832 -1024 224 ) (-832 -1024 1792 ) (-832 -704 1792 ) 
4 142 143 (-832 -192 1792 ) (-832 -192 800 ) (-832 -704 800 ) (-832 -704 1792 ) 
4 143 154 (-1024 -192 1792 ) (-1024 -192 800 ) (-1024 -704 800 ) (-1024 -704 1792 ) 
4 143 144 (-1024 -704 1792 ) (-1024 -704 800 ) (-832 -704 800 ) (-832 -704 1792 ) 
4 144 180 (-1024 -1024 1792 ) (-1024 -1024 224 ) (-832 -1024 224 ) (-832 -1024 1792 ) 
4 144 155 (-1024 -1024 224 ) (-1024 -1024 1792 ) (-1024 -704 1792 ) (-1024 -704 224 ) 
4 144 146 (-832 -704 224 ) (-832 -1024 224 ) (-1024 -1024 224 ) (-1024 -704 224 ) 
4 145 174 (-1024 -192 -160 ) (-1024 -480 -160 ) (-1024 -480 -32 ) (-1024 -192 -32 ) 
4 145 150 (-1024 -480 -160 ) (-1024 -192 -160 ) (-832 -192 -160 ) (-832 -480 -160 ) 
4 145 146 (-1024 -480 -160 ) (-832 -480 -160 ) (-832 -480 -32 ) (-1024 -480 -32 ) 
4 146 180 (-1024 -1024 224 ) (-1024 -1024 -160 ) (-832 -1024 -160 ) (-832 -1024 224 ) 
4 146 175 (-1024 -480 -160 ) (-1024 -1024 -160 ) (-1024 -1024 -32 ) (-1024 -480 -32 ) 
4 146 170 (-1024 -1024 -32 ) (-1024 -1024 224 ) (-1024 -480 224 ) (-1024 -480 -32 ) 
4 146 150 (-832 -1024 -160 ) (-1024 -1024 -160 ) (-1024 -480 -160 ) (-832 -480 -160 ) 
4 147 179 (0 -1024 -224 ) (0 -1024 -160 ) (-80 -1024 -160 ) (-80 -1024 -224 ) 
4 147 151 (-80 0 -224 ) (0 0 -224 ) (0 -1024 -224 ) (-80 -1024 -224 ) 
4 147 148 (-80 -172 -224 ) (-80 -1024 -224 ) (-80 -1024 -160 ) (-80 -172 -160 ) 
4 148 179 (-80 -1024 -160 ) (-472 -1024 -160 ) (-472 -1024 -224 ) (-80 -1024 -224 ) 
4 148 151 (-80 -172 -224 ) (-80 -1024 -224 ) (-472 -1024 -224 ) (-472 -172 -224 ) 
4 148 149 (-472 -172 -224 ) (-472 -1024 -224 ) (-472 -1024 -160 ) (-472 -172 -160 ) 
4 149 179 (-472 -1024 -160 ) (-488 -1024 -160 ) (-488 -1024 -224 ) (-472 -1024 -224 ) 
4 149 151 (-472 -172 -224 ) (-472 -1024 -224 ) (-488 -1024 -224 ) (-488 -172 -224 ) 
4 149 150 (-488 -172 -224 ) (-488 -1024 -224 ) (-488 -1024 -160 ) (-488 -172 -160 ) 
4 150 180 (-800 -1024 -160 ) (-1024 -1024 -160 ) (-1024 -1024 -224 ) (-800 -1024 -224 ) 
4 150 179 (-488 -1024 -160 ) (-800 -1024 -160 ) (-800 -1024 -224 ) (-488 -1024 -224 ) 
4 150 175 (-1024 -480 -224 ) (-1024 -1024 -224 ) (-1024 -1024 -160 ) (-1024 -480 -160 ) 
4 150 174 (-1024 -192 -224 ) (-1024 -480 -224 ) (-1024 -480 -160 ) (-1024 -192 -160 ) 
4 150 164 (-1024 -64 -224 ) (-1024 -192 -224 ) (-1024 -192 -160 ) (-1024 -64 -160 ) 
4 150 151 (-1024 -1024 -224 ) (-1024 -64 -224 ) (-488 -64 -224 ) (-488 -1024 -224 ) 
4 151 183 (0 -1024 -352 ) (0 -1024 -224 ) (-1024 -1024 -224 ) (-1024 -1024 -352 ) 
4 151 178 (-1024 -192 -352 ) (-1024 -1024 -352 ) (-1024 -1024 -224 ) (-1024 -192 -224 ) 
4 151 165 (-1024 0 -224 ) (-1024 0 -352 ) (-1024 -192 -352 ) (-1024 -192 -224 ) 
4 152 167 (-1280 0 224 ) (-1127.988159 0 224 ) (-1127.988159 -192 224 ) (-1280 -192 224 ) 
4 152 157 (-1280 0 224 ) (-1280 -192 224 ) (-1280 -192 992 ) (-1280 0 992 ) 
4 152 156 (-1280 -192 992 ) (-1280 -192 1792 ) (-1280 0 1792 ) (-1280 0 992 ) 
4 152 154 (-1024 -192 800 ) (-1024 -192 1792 ) (-1216 -192 1792 ) (-1216 -192 800 ) 
4 152 153 (-1280 -192 1792 ) (-1280 -192 224 ) (-1216 -192 224 ) (-1216 -192 1792 ) 
3 153 169 (-1280 -256 224 ) (-1280 -192 224 ) (-1216 -192 224 ) 
4 153 157 (-1280 -192 224 ) (-1280 -256 224 ) (-1280 -256 992 ) (-1280 -192 992 ) 
4 153 156 (-1280 -256 992 ) (-1280 -256 1792 ) (-1280 -192 1792 ) (-1280 -192 992 ) 
4 153 154 (-1216.003784 -192 800 ) (-1216.003906 -192 1792 ) (-1280 -255.996094 1792 ) (-1280 -255.996155 800 ) 
4 154 157 (-1280 -536 992 ) (-1280 -256 992 ) (-1280 -256 800 ) (-1280 -522 800 ) 
4 154 156 (-1280 -704 992 ) (-1280 -704 1792 ) (-1280 -256 1792 ) (-1280 -256 992 ) 
4 154 155 (-1280 -704 1792 ) (-1280 -704 800 ) (-1024 -704 800 ) (-1024 -704 1792 ) 
4 155 184 (-1024 -1024 224 ) (-1024 -1024 1792 ) (-1280 -1024 1792 ) (-1280 -1024 224 ) 
4 155 170 (-1024 -704 224 ) (-1024 -1024 224 ) (-1280 -1024 224 ) (-1280 -704 224 ) 
4 155 156 (-1280 -1024 992 ) (-1280 -1024 1792 ) (-1280 -704 1792 ) (-1280 -704 992 ) 
4 156 185 (-1664 -1024 1792 ) (-1664 -1024 992 ) (-1280 -1024 992 ) (-1280 -1024 1792 ) 
4 156 162 (-1664 -896 992 ) (-1664 -1024 992 ) (-1664 -1024 1792 ) (-1664 -896 1792 ) 
4 156 161 (-1664 0 1792 ) (-1664 0 992 ) (-1664 -896 992 ) (-1664 -896 1792 ) 
4 156 159 (-1520 -536 992 ) (-1424 -536 992 ) (-1424 -544 992 ) (-1520 -544 992 ) 
4 156 160 (-1648 -536 992 ) (-1552 -536 992 ) (-1552 -544 992 ) (-1648 -544 992 ) 
4 156 158 (-1392 -536 992 ) (-1296 -536 992 ) (-1296 -544 992 ) (-1392 -544 992 ) 
4 156 157 (-1664 -536 992 ) (-1664 0 992 ) (-1280 0 992 ) (-1280 -536 992 ) 
4 157 171 (-1280 -192 224 ) (-1280 -480 224 ) (-1664 -480 224 ) (-1664 -192 224 ) 
4 157 167 (-1664 0 224 ) (-1280 0 224 ) (-1280 -192 224 ) (-1664 -192 224 ) 
4 157 161 (-1664 0 992 ) (-1664 0 224 ) (-1664 -480 224 ) (-1664 -536 992 ) 
4 157 159 (-1424 -536 992 ) (-1520 -536 992 ) (-1520 -480 224 ) (-1424 -480 224 ) 
4 157 160 (-1552 -536 992 ) (-1648 -536 992 ) (-1648 -480 224 ) (-1552 -480 224 ) 
4 157 158 (-1296 -536 992 ) (-1392 -536 992 ) (-1392 -480 224 ) (-1296 -480 224 ) 
4 161 226 (-2048 0 352 ) (-2048 0 224 ) (-2048 -896 224 ) (-2048 -896 352 ) 
4 161 224 (-2048 0 1792 ) (-2048 0 352 ) (-2048 -896 352 ) (-2048 -896 1792 ) 
3 161 173 (-2048 -800 224 ) (-2048 -768 224 ) (-2016 -768 224 ) 
4 161 172 (-1664 -192 224 ) (-1664 -768 224 ) (-2048 -768 224 ) (-2048 -192 224 ) 
4 161 167 (-2048 0 224 ) (-1664 0 224 ) (-1664 -192 224 ) (-2048 -192 224 ) 
4 161 162 (-1664 -896 864 ) (-1664 -896 1792 ) (-2048 -896 1792 ) (-2048 -896 864 ) 
4 162 224 (-2048 -1024 937.142883 ) (-2048 -1024 1792 ) (-2048 -896 1792 ) (-2048 -896 864 ) 
4 162 188 (-2048 -1024 1792 ) (-2048 -1024 937.142883 ) (-1664 -1024 937.142883 ) (-1664 -1024 1792 ) 
4 163 166 (-1112 0 80 ) (-1112 0 -32 ) (-1112 -28 -32 ) (-1112 -28 80 ) 
4 164 174 (-1112 -192 -160 ) (-1112 -192 -224 ) (-1024 -192 -224 ) (-1024 -192 -160 ) 
4 164 165 (-1024 -192 -224 ) (-1112 -192 -224 ) (-1112 -64 -224 ) (-1024 -64 -224 ) 
4 165 178 (-1112 -192 -224 ) (-1112 -192 -352 ) (-1024 -192 -352 ) (-1024 -192 -224 ) 
4 165 168 (-1112 -192 -352 ) (-1112 -192 -224 ) (-1112 0 -224 ) (-1112 0 -352 ) 
4 166 167 (-1120 0 -32 ) (-1120 -28 -32 ) (-1120 -28 80 ) (-1120 0 80 ) 
4 167 226 (-2048 0 224 ) (-2048 0 -32 ) (-2048 -192 -32 ) (-2048 -192 224 ) 
4 167 172 (-1664 -192 224 ) (-2048 -192 224 ) (-2048 -192 -32 ) (-1664 -192 -32 ) 
4 167 171 (-1280 -192 224 ) (-1664 -192 224 ) (-1664 -192 -32 ) (-1280 -192 -32 ) 
4 167 169 (-1216 -192 224 ) (-1280 -192 224 ) (-1280 -192 -32 ) (-1216 -192 -32 ) 
4 168 230 (-2048 0 -224 ) (-2048 0 -352 ) (-2048 -192 -352 ) (-2048 -192 -224 ) 
4 168 178 (-2048 -192 -224 ) (-2048 -192 -352 ) (-1112 -192 -352 ) (-1112 -192 -224 ) 
4 169 171 (-1280 -192 224 ) (-1280 -192 -32 ) (-1280 -256 -32 ) (-1280 -256 224 ) 
4 170 186 (-1024 -1024 -32 ) (-1024 -1024 224 ) (-1280 -1024 224 ) (-1280 -1024 -32 ) 
4 170 175 (-1024 -480 -32 ) (-1024 -1024 -32 ) (-1280 -1024 -32 ) (-1280 -480 -32 ) 
4 171 172 (-1664 -192 224 ) (-1664 -192 -32 ) (-1664 -480 -32 ) (-1664 -480 224 ) 
4 172 226 (-2048 -768 224 ) (-2048 -192 224 ) (-2048 -192 -32 ) (-2048 -768 -32 ) 
4 172 176 (-1664 -480 -32 ) (-1664 -704 -32 ) (-2048 -704 -32 ) (-2048 -480 -32 ) 
4 172 177 (-1664 -704 -32 ) (-1664 -768 -32 ) (-2048 -768 -32 ) (-2048 -704 -32 ) 
4 172 173 (-2048 -768 -32 ) (-2016 -768 -32 ) (-2016 -768 224 ) (-2048 -768 224 ) 
4 173 226 (-2048 -800 224 ) (-2048 -768 224 ) (-2048 -768 -32 ) (-2048 -800 -32 ) 
3 173 177 (-2048 -800 -32 ) (-2048 -768 -32 ) (-2016 -768 -32 ) 
4 174 178 (-1120 -192 -224 ) (-1024 -192 -224 ) (-1024 -480 -224 ) (-1120 -480 -224 ) 
4 174 175 (-1120 -480 -224 ) (-1024 -480 -224 ) (-1024 -480 -32 ) (-1120 -480 -32 ) 
4 175 187 (-1280 -1024 -32 ) (-1664 -1024 -32 ) (-1664 -1024 -224 ) (-1280 -1024 -224 ) 
4 175 186 (-1024 -1024 -224 ) (-1024 -1024 -32 ) (-1280 -1024 -32 ) (-1280 -1024 -224 ) 
4 175 178 (-1024 -1024 -224 ) (-1664 -1024 -224 ) (-1664 -480 -224 ) (-1024 -480 -224 ) 
4 175 176 (-1664 -480 -32 ) (-1664 -480 -64 ) (-1664 -704 -64 ) (-1664 -704 -32 ) 
4 175 177 (-1664 -704 -224 ) (-1664 -1024 -224 ) (-1664 -1024 -32 ) (-1664 -704 -32 ) 
4 176 177 (-1664 -704 -64 ) (-1664 -704 -32 ) (-2048 -704 -32 ) (-2048 -704 -64 ) 
4 177 190 (-1664 -1024 -32 ) (-2048 -1024 -32 ) (-2048 -1024 -224 ) (-1664 -1024 -224 ) 
4 177 178 (-1664 -1024 -224 ) (-2048 -1024 -224 ) (-2048 -704 -224 ) (-1664 -704 -224 ) 
4 178 230 (-2048 -1024 -352 ) (-2048 -1024 -224 ) (-2048 -192 -224 ) (-2048 -192 -352 ) 
4 178 190 (-1664 -1024 -224 ) (-2048 -1024 -224 ) (-2048 -1024 -352 ) (-1664 -1024 -352 ) 
4 178 187 (-1280 -1024 -224 ) (-1664 -1024 -224 ) (-1664 -1024 -352 ) (-1280 -1024 -352 ) 
4 178 186 (-1024 -1024 -352 ) (-1024 -1024 -224 ) (-1280 -1024 -224 ) (-1280 -1024 -352 ) 
4 179 199 (0 -2048 -224 ) (0 -2048 1792 ) (-800 -2048 1792 ) (-800 -2048 -224 ) 
4 179 183 (-800 -1024 -224 ) (0 -1024 -224 ) (0 -2048 -224 ) (-800 -2048 -224 ) 
4 179 181 (-800 -1984 -32 ) (-800 -1984 1792 ) (-800 -1344 1792 ) (-800 -1344 -32 ) 
4 179 180 (-800 -1024 -224 ) (-800 -1344 -224 ) (-800 -1344 1792 ) (-800 -1024 1792 ) 
4 179 182 (-800 -1984 -224 ) (-800 -2048 -224 ) (-800 -2048 1792 ) (-800 -1984 1792 ) 
4 180 186 (-1024 -1024 224 ) (-1024 -1024 -224 ) (-1024 -1344 -224 ) (-1024 -1344 224 ) 
4 180 184 (-1024 -1024 1792 ) (-1024 -1024 224 ) (-1024 -1344 224 ) (-1024 -1344 1792 ) 
4 180 183 (-1024 -1024 -224 ) (-800 -1024 -224 ) (-800 -1344 -224 ) (-1024 -1344 -224 ) 
4 180 181 (-800 -1344 -32 ) (-800 -1344 1792 ) (-1024 -1344 1792 ) (-1024 -1344 -32 ) 
4 181 192 (-1024 -1984 -32 ) (-1024 -1984 768 ) (-1024 -1344 768 ) (-1024 -1344 -32 ) 
4 181 191 (-1024 -1984 768 ) (-1024 -1984 1792 ) (-1024 -1344 1792 ) (-1024 -1344 768 ) 
4 181 182 (-800 -1984 -32 ) (-800 -1984 1792 ) (-1024 -1984 1792 ) (-1024 -1984 -32 ) 
4 182 199 (-800 -2048 1792 ) (-1024 -2048 1792 ) (-1024 -2048 -224 ) (-800 -2048 -224 ) 
4 182 195 (-1024 -1984 -224 ) (-1024 -2048 -224 ) (-1024 -2048 -32 ) (-1024 -1984 -32 ) 
4 182 192 (-1024 -2048 -32 ) (-1024 -2048 768 ) (-1024 -1984 768 ) (-1024 -1984 -32 ) 
4 182 191 (-1024 -2048 768 ) (-1024 -2048 1792 ) (-1024 -1984 1792 ) (-1024 -1984 768 ) 
4 182 183 (-800 -1984 -224 ) (-800 -2048 -224 ) (-1024 -2048 -224 ) (-1024 -1984 -224 ) 
4 183 199 (0 -2048 -352 ) (0 -2048 -224 ) (-1024 -2048 -224 ) (-1024 -2048 -352 ) 
4 183 196 (-1024 -1344 -352 ) (-1024 -2048 -352 ) (-1024 -2048 -224 ) (-1024 -1344 -224 ) 
4 183 186 (-1024 -1024 -224 ) (-1024 -1024 -352 ) (-1024 -1344 -352 ) (-1024 -1344 -224 ) 
4 184 192 (-1024 -1344 224 ) (-1024 -1344 768 ) (-1216 -1344 768 ) (-1216 -1344 224 ) 
4 184 191 (-1024 -1344 768 ) (-1024 -1344 1792 ) (-1280 -1344 1792 ) (-1280 -1344 768 ) 
4 184 186 (-1024 -1344 224 ) (-1280 -1344 224 ) (-1280 -1024 224 ) (-1024 -1024 224 ) 
4 184 185 (-1280 -1344 992 ) (-1280 -1344 1792 ) (-1280 -1024 1792 ) (-1280 -1024 992 ) 
4 185 191 (-1280 -1344 1792 ) (-1664 -1344 1792 ) (-1664 -1344 992 ) (-1280 -1344 992 ) 
3 185 189 (-1664 -1120 992 ) (-1664 -1344 992 ) (-1664 -1344 1120 ) 
5 185 188 (-1664 -1024 1792 ) (-1664 -1024 992 ) (-1664 -1120 992 ) (-1664 -1344 1120 ) (-1664 -1344 1792 ) 
4 186 196 (-1024 -1344 -352 ) (-1024 -1344 -224 ) (-1280 -1344 -224 ) (-1280 -1344 -352 ) 
4 186 192 (-1024 -1344 -32 ) (-1024 -1344 224 ) (-1216 -1344 224 ) (-1216 -1344 -32 ) 
4 186 187 (-1280 -1024 -352 ) (-1280 -1344 -352 ) (-1280 -1344 -32 ) (-1280 -1024 -32 ) 
4 187 196 (-1664 -1344 -224 ) (-1664 -1344 -352 ) (-1280 -1344 -352 ) (-1280 -1344 -224 ) 
4 187 190 (-1664 -1024 -32 ) (-1664 -1024 -352 ) (-1664 -1344 -352 ) (-1664 -1344 -32 ) 
4 188 235 (-2048 -1344 1120 ) (-2048 -1344 1792 ) (-2048 -1024 1792 ) (-2048 -1024 937.142883 ) 
4 188 191 (-1664 -1344 1120 ) (-1664 -1344 1792 ) (-2048 -1344 1792 ) (-2048 -1344 1120 ) 
4 188 189 (-1664 -1120.001465 992 ) (-1664 -1344 1119.998169 ) (-2048 -1344 1119.998169 ) (-2048 -1120.001465 992 ) 
3 189 235 (-2048 -1344 864 ) (-2048 -1344 1120 ) (-2048 -1120 992 ) 
4 189 191 (-1664 -1344 864 ) (-1664 -1344 1120 ) (-2048 -1344 1120 ) (-2048 -1344 864 ) 
4 190 249 (-2048 -1344 -352 ) (-2048 -1344 -224 ) (-2048 -1024 -224 ) (-2048 -1024 -352 ) 
4 190 196 (-1664 -1344 -352 ) (-1664 -1344 -224 ) (-2048 -1344 -224 ) (-2048 -1344 -352 ) 
4 191 235 (-2048 -2048 768 ) (-2048 -2048 1792 ) (-2048 -1344 1792 ) (-2048 -1344 768 ) 
4 191 204 (-1280 -2048 1792 ) (-2048 -2048 1792 ) (-2048 -2048 768 ) (-1280 -2048 768 ) 
4 191 200 (-1024 -2048 768 ) (-1024 -2048 1792 ) (-1280 -2048 1792 ) (-1280 -2048 768 ) 
4 191 194 (-1280 -2048 768 ) (-2048 -2048 768 ) (-2048 -1984 768 ) (-1280 -1984 768 ) 
4 191 193 (-2048 -1344 768 ) (-1280 -1344 768 ) (-1280 -1984 768 ) (-2048 -1984 768 ) 
4 191 192 (-1216 -1344 768 ) (-1024 -1344 768 ) (-1024 -2048 768 ) (-1216 -2048 768 ) 
4 192 211 (-1024 -2048 -32 ) (-1024 -2048 224 ) (-1216 -2048 224 ) (-1216 -2048 -32 ) 
4 192 201 (-1024 -2048 224 ) (-1024 -2048 768 ) (-1216 -2048 768 ) (-1216 -2048 224 ) 
4 192 195 (-1024 -2048 -32 ) (-1216 -2048 -32 ) (-1216 -1984 -32 ) (-1024 -1984 -32 ) 
4 193 242 (-2048 -1344 352 ) (-2048 -1344 -32 ) (-2048 -1984 -32 ) (-2048 -1984 352 ) 
4 193 236 (-2048 -1344 384 ) (-2048 -1344 352 ) (-2048 -1984 352 ) (-2048 -1984 384 ) 
4 193 235 (-2048 -1984 768 ) (-2048 -1344 768 ) (-2048 -1344 384 ) (-2048 -1984 384 ) 
4 193 194 (-1280 -1984 -24 ) (-1280 -1984 768 ) (-2048 -1984 768 ) (-2048 -1984 -24 ) 
4 194 248 (-2048 -2048 -24 ) (-2048 -2048 352 ) (-2048 -1984 352 ) (-2048 -1984 -24 ) 
4 194 236 (-2048 -2048 352 ) (-2048 -2048 384 ) (-2048 -1984 384 ) (-2048 -1984 352 ) 
4 194 235 (-2048 -2048 384 ) (-2048 -2048 768 ) (-2048 -1984 768 ) (-2048 -1984 384 ) 
4 194 212 (-2048 -2048 224 ) (-2048 -2048 -24 ) (-1280 -2048 -24 ) (-1280 -2048 224 ) 
4 194 204 (-1280 -2048 768 ) (-2048 -2048 768 ) (-2048 -2048 224 ) (-1280 -2048 224 ) 
4 195 219 (-1024 -2048 -224 ) (-1024 -2048 -32 ) (-1248 -2048 -32 ) (-1248 -2048 -224 ) 
4 195 196 (-1024 -2048 -224 ) (-1248 -2048 -224 ) (-1248 -1984 -224 ) (-1024 -1984 -224 ) 
4 196 249 (-2048 -2048 -352 ) (-2048 -2048 -224 ) (-2048 -1344 -224 ) (-2048 -1344 -352 ) 
4 196 220 (-1248 -2048 -224 ) (-2048 -2048 -224 ) (-2048 -2048 -352 ) (-1248 -2048 -352 ) 
4 196 219 (-1024 -2048 -352 ) (-1024 -2048 -224 ) (-1248 -2048 -224 ) (-1248 -2048 -352 ) 
4 197 199 (0 -2048 1792 ) (0 -2048 -352 ) (0 -3072 -352 ) (0 -3072 1792 ) 
4 197 198 (896 -3072 1792 ) (0 -3072 1792 ) (0 -3072 -352 ) (896 -3072 -352 ) 
4 198 222 (0 -3360 1792 ) (0 -3072 1792 ) (0 -3072 -352 ) (0 -3360 -352 ) 
4 199 222 (0 -3072 -352 ) (0 -3072 1792 ) (-1024 -3072 1792 ) (-1024 -3072 -352 ) 
4 199 219 (-1024 -2048 -32 ) (-1024 -2048 -352 ) (-1024 -3072 -352 ) (-1024 -3072 -32 ) 
4 199 217 (-1024 -2112 -32 ) (-1024 -2176 -32 ) (-1024 -2176 224 ) (-1024 -2112 224 ) 
4 199 213 (-1024 -2104 -32 ) (-1024 -2112 -32 ) (-1024 -2112 224 ) (-1024 -2104 224 ) 
4 199 211 (-1024 -2048 224 ) (-1024 -2048 -32 ) (-1024 -2104 -32 ) (-1024 -2104 224 ) 
4 199 218 (-1024 -2176 -32 ) (-1024 -3072 -32 ) (-1024 -3072 224 ) (-1024 -2176 224 ) 
4 199 209 (-1024 -2136 224 ) (-1024 -3072 224 ) (-1024 -3072 1248 ) (-1024 -2136 1248 ) 
4 199 208 (-1024 -3072 1248 ) (-1024 -3072 1792 ) (-1024 -2136 1792 ) (-1024 -2136 1248 ) 
4 199 202 (-1024 -2112 224 ) (-1024 -2136 224 ) (-1024 -2136 1792 ) (-1024 -2112 1792 ) 
4 199 201 (-1024 -2048 768 ) (-1024 -2048 224 ) (-1024 -2112 224 ) (-1024 -2112 768 ) 
4 199 200 (-1024 -2048 1792 ) (-1024 -2048 768 ) (-1024 -2112 768 ) (-1024 -2112 1792 ) 
4 200 204 (-1280 -2112 768 ) (-1280 -2112 1792 ) (-1280 -2048 1792 ) (-1280 -2048 768 ) 
4 200 203 (-1280 -2112 1792 ) (-1280 -2112 768 ) (-1256 -2112 768 ) (-1256 -2112 1792 ) 
4 200 202 (-1256 -2112 768 ) (-1024 -2112 768 ) (-1024 -2112 1792 ) (-1256 -2112 1792 ) 
4 200 201 (-1024 -2112 768 ) (-1216 -2112 768 ) (-1216 -2048 768 ) (-1024 -2048 768 ) 
4 201 213 (-1024 -2104 224 ) (-1024 -2112 224 ) (-1216 -2112 224 ) (-1216 -2104 224 ) 
4 201 211 (-1024 -2048 224 ) (-1024 -2104 224 ) (-1216 -2104 224 ) (-1216 -2048 224 ) 
4 201 202 (-1216 -2112 224 ) (-1024 -2112 224 ) (-1024 -2112 768 ) (-1216 -2112 768 ) 
4 202 217 (-1024 -2112 224 ) (-1024 -2136 224 ) (-1248 -2136 224 ) (-1248 -2112 224 ) 
4 202 209 (-1248 -2136 224 ) (-1024 -2136 224 ) (-1024 -2136 1248 ) (-1248 -2136 1248 ) 
4 202 208 (-1024 -2136 1248 ) (-1024 -2136 1792 ) (-1256 -2136 1792 ) (-1256 -2136 1248 ) 
4 202 203 (-1256 -2136 1248 ) (-1256 -2136 1792 ) (-1256 -2112 1792 ) (-1256 -2112 480 ) 
4 203 208 (-1256 -2136 1248 ) (-1256 -2136 1792 ) (-1280 -2136 1792 ) (-1280 -2136 1248 ) 
4 203 204 (-1280 -2136 1248 ) (-1280 -2136 1792 ) (-1280 -2112 1792 ) (-1280 -2112 480 ) 
4 204 269 (-2048 -2048 1248 ) (-2048 -2048 224 ) (-2048 -2104 224 ) (-2048 -2136 1248 ) 
4 204 268 (-2048 -2048 1792 ) (-2048 -2048 1248 ) (-2048 -2136 1248 ) (-2048 -2136 1792 ) 
4 204 212 (-2048 -2104 224 ) (-2048 -2048 224 ) (-1280 -2048 224 ) (-1280 -2104 224 ) 
4 204 208 (-2048 -2136 1792 ) (-2048 -2136 1248 ) (-1280 -2136 1248 ) (-1280 -2136 1792 ) 
4 204 206 (-1728 -2104 224 ) (-1536 -2104 224 ) (-1536 -2136 1247.984375 ) (-1728 -2136 1247.984375 ) 
4 204 207 (-1984 -2104 224 ) (-1792 -2104 224 ) (-1792 -2136 1247.984375 ) (-1984 -2136 1247.984375 ) 
4 204 205 (-1472 -2104 224 ) (-1280 -2104 224 ) (-1280 -2136 1247.984375 ) (-1472 -2136 1247.984375 ) 
4 205 214 (-1472 -2112 224 ) (-1472 -2104 224 ) (-1280 -2104 224 ) (-1280 -2112 224 ) 
4 206 215 (-1728 -2112 224 ) (-1728 -2104 224 ) (-1536 -2104 224 ) (-1536 -2112 224 ) 
4 207 216 (-1984 -2112 224 ) (-1984 -2104 224 ) (-1792 -2104 224 ) (-1792 -2112 224 ) 
4 208 268 (-2048 -3072 1248 ) (-2048 -3072 1792 ) (-2048 -2136 1792 ) (-2048 -2136 1248 ) 
4 208 223 (-1024 -3072 1248 ) (-1024 -3072 1792 ) (-2048 -3072 1792 ) (-2048 -3072 1248 ) 
4 208 210 (-1248 -2496 1248 ) (-1248 -3072 1248 ) (-2048 -3072 1248 ) (-2048 -2496 1248 ) 
4 208 209 (-1248 -2136 1248 ) (-1024 -2136 1248 ) (-1024 -3072 1248 ) (-1248 -3072 1248 ) 
4 209 223 (-1024 -3072 224 ) (-1024 -3072 1248 ) (-1248 -3072 1248 ) (-1248 -3072 224 ) 
4 209 217 (-1024 -2136 224 ) (-1024 -2176 224 ) (-1248 -2176 224 ) (-1248 -2136 224 ) 
4 209 218 (-1024 -2176 224 ) (-1024 -3072 224 ) (-1248 -3072 224 ) (-1248 -2176 224 ) 
4 209 210 (-1248 -3072 1248 ) (-1248 -2496 1248 ) (-1248 -2496 224 ) (-1248 -3072 224 ) 
4 210 271 (-2048 -3072 224 ) (-2048 -3072 1248 ) (-2048 -2496 1248 ) (-2048 -2496 224 ) 
4 210 223 (-1248 -3072 1248 ) (-2048 -3072 1248 ) (-2048 -3072 224 ) (-1248 -3072 224 ) 
4 210 218 (-1248 -3072 224 ) (-2048 -3072 224 ) (-2048 -2496 224 ) (-1248 -2496 224 ) 
4 211 219 (-1216 -2048 -32 ) (-1024 -2048 -32 ) (-1024 -2104 -32 ) (-1216 -2104 -32 ) 
4 211 213 (-1216 -2104 -32 ) (-1024 -2104 -32 ) (-1024 -2104 224 ) (-1216 -2104 224 ) 
4 212 272 (-2048 -2104 224 ) (-2048 -2048 224 ) (-2048 -2048 -24 ) (-2048 -2104 -24 ) 
4 212 216 (-1792 -2104 224 ) (-1984 -2104 224 ) (-1984 -2104 -24 ) (-1792 -2104 -24 ) 
4 212 215 (-1536 -2104 224 ) (-1728 -2104 224 ) (-1728 -2104 -24 ) (-1536 -2104 -24 ) 
4 212 214 (-1280 -2104 -24 ) (-1280 -2104 224 ) (-1472 -2104 224 ) (-1472 -2104 -24 ) 
4 213 219 (-1216 -2104 -32 ) (-1024 -2104 -32 ) (-1024 -2112 -32 ) (-1216 -2112 -32 ) 
4 213 217 (-1216 -2112 -32 ) (-1024 -2112 -32 ) (-1024 -2112 224 ) (-1216 -2112 224 ) 
4 217 219 (-1248 -2112 -32 ) (-1024 -2112 -32 ) (-1024 -2176 -32 ) (-1248 -2176 -32 ) 
4 217 218 (-1248 -2176 -32 ) (-1024 -2176 -32 ) (-1024 -2176 224 ) (-1248 -2176 224 ) 
4 218 274 (-2048 -3072 -32 ) (-2048 -3072 224 ) (-2048 -2176 224 ) (-2048 -2176 -32 ) 
4 218 223 (-1024 -3072 -32 ) (-1024 -3072 224 ) (-2048 -3072 224 ) (-2048 -3072 -32 ) 
4 218 221 (-1248 -3072 -32 ) (-2048 -3072 -32 ) (-2048 -2176 -32 ) (-1248 -2176 -32 ) 
4 218 219 (-1024 -3072 -32 ) (-1248 -3072 -32 ) (-1248 -2176 -32 ) (-1024 -2176 -32 ) 
4 219 223 (-1024 -3072 -352 ) (-1024 -3072 -32 ) (-1248 -3072 -32 ) (-1248 -3072 -352 ) 
4 219 220 (-1248 -2048 -352 ) (-1248 -2112 -352 ) (-1248 -2112 -224 ) (-1248 -2048 -224 ) 
4 219 221 (-1248 -2112 -352 ) (-1248 -3072 -352 ) (-1248 -3072 -32 ) (-1248 -2112 -32 ) 
4 220 276 (-2048 -2048 -224 ) (-2048 -2048 -352 ) (-2048 -2112 -352 ) (-2048 -2112 -224 ) 
4 220 221 (-2048 -2112 -352 ) (-1248 -2112 -352 ) (-1248 -2112 -224 ) (-2048 -2112 -224 ) 
4 221 277 (-2048 -3072 -352 ) (-2048 -3072 -32 ) (-2048 -2112 -32 ) (-2048 -2112 -352 ) 
4 221 223 (-1248 -3072 -32 ) (-2048 -3072 -32 ) (-2048 -3072 -352 ) (-1248 -3072 -352 ) 
4 222 223 (-1024 -3360 1792 ) (-1024 -3072 1792 ) (-1024 -3072 -352 ) (-1024 -3360 -352 ) 
4 223 304 (-2048 -3360 1792 ) (-2048 -3072 1792 ) (-2048 -3072 -352 ) (-2048 -3360 -352 ) 
4 224 236 (-2048 -1024 352 ) (-2048 -1024 384 ) (-2936 -1024 384 ) (-2936 -1024 352 ) 
4 224 235 (-2048 -1024 384 ) (-2048 -1024 1792 ) (-2936 -1024 1792 ) (-2936 -1024 384 ) 
4 224 228 (-2432 -1024 352 ) (-2936 -1024 352 ) (-2936 0 352 ) (-2432 0 352 ) 
4 224 227 (-2304 -1024 352 ) (-2432 -1024 352 ) (-2432 0 352 ) (-2304 0 352 ) 
4 224 226 (-2048 -1024 352 ) (-2304 -1024 352 ) (-2304 0 352 ) (-2048 0 352 ) 
4 224 225 (-2936 -1024 384 ) (-2936 -1024 1792 ) (-2936 0 1792 ) (-2936 0 384 ) 
4 225 235 (-2936 -1024 1792 ) (-3072 -1024 1792 ) (-3072 -1024 384 ) (-2936 -1024 384 ) 
4 225 231 (-3072 0 1792 ) (-3072 0 384 ) (-3072 -1024 384 ) (-3072 -1024 1792 ) 
4 226 237 (-2048 -1024 -32 ) (-2048 -1024 352 ) (-2304 -1024 352 ) (-2304 -1024 -32 ) 
4 226 227 (-2304 -1024 -24 ) (-2304 -1024 352 ) (-2304 0 352 ) (-2304 0 -24 ) 
4 227 238 (-2304 -1024 352 ) (-2432 -1024 352 ) (-2432 -1024 -24 ) (-2304 -1024 -24 ) 
4 227 228 (-2432 -1024 -24 ) (-2432 -1024 352 ) (-2432 0 352 ) (-2432 0 -24 ) 
4 228 239 (-2432 -1024 352 ) (-2944 -1024 352 ) (-2944 -1024 -224 ) (-2432 -1024 -224 ) 
4 228 230 (-2944 0 -224 ) (-2432 0 -224 ) (-2432 -1024 -224 ) (-2944 -1024 -224 ) 
4 228 229 (-2944 0 -224 ) (-2944 -1024 -224 ) (-2944 -1024 -32 ) (-2944 0 -32 ) 
4 229 240 (-3072 -1024 -32 ) (-3072 -1024 -224 ) (-2944 -1024 -224 ) (-2944 -1024 -32 ) 
4 229 233 (-3072 0 -32 ) (-3072 0 -224 ) (-3072 -1024 -224 ) (-3072 -1024 -32 ) 
4 229 230 (-3072 -1024 -224 ) (-3072 0 -224 ) (-2944 0 -224 ) (-2944 -1024 -224 ) 
4 230 249 (-2048 -1024 -352 ) (-2048 -1024 -224 ) (-3072 -1024 -224 ) (-3072 -1024 -352 ) 
4 230 233 (-3072 0 -224 ) (-3072 0 -352 ) (-3072 -1024 -352 ) (-3072 -1024 -224 ) 
4 231 250 (-3072 -1024 384 ) (-3072 -1024 1792 ) (-3968 -1024 1792 ) (-3968 -1024 384 ) 
4 231 232 (-3968 -1024 384 ) (-3968 -1024 1792 ) (-3968 0 1792 ) (-3968 0 384 ) 
4 232 261 (-4096 0 1792 ) (-4096 0 352 ) (-4096 -1024 352 ) (-4096 -1024 1792 ) 
4 232 258 (-3968 -1024 1792 ) (-4096 -1024 1792 ) (-4096 -1024 352 ) (-3968 -1024 352 ) 
4 232 234 (-4096 0 352 ) (-3968 0 352 ) (-3968 -1024 352 ) (-4096 -1024 352 ) 
4 233 259 (-3072 -1024 -352 ) (-3072 -1024 -96 ) (-3968 -1024 -96 ) (-3968 -1024 -352 ) 
4 233 251 (-3072 -1024 -96 ) (-3072 -1024 -32 ) (-3968 -1024 -32 ) (-3968 -1024 -96 ) 
4 233 234 (-3968 0 -352 ) (-3968 -1024 -352 ) (-3968 -1024 -32 ) (-3968 0 -32 ) 
4 234 261 (-4096 0 352 ) (-4096 0 -352 ) (-4096 -1024 -352 ) (-4096 -1024 352 ) 
4 234 259 (-4096 -1024 -96 ) (-4096 -1024 -352 ) (-3968 -1024 -352 ) (-3968 -1024 -96 ) 
4 234 258 (-3968 -1024 352 ) (-4096 -1024 352 ) (-4096 -1024 -96 ) (-3968 -1024 -96 ) 
4 235 286 (-3072 -2048 672 ) (-3072 -2048 384 ) (-2944 -2048 384 ) (-2944 -2048 672 ) 
4 235 285 (-2944 -2048 384 ) (-2936 -2048 384 ) (-2936 -2048 672 ) (-2944 -2048 672 ) 
4 235 284 (-2936 -2048 384 ) (-2272 -2048 384 ) (-2272 -2048 672 ) (-2936 -2048 672 ) 
4 235 278 (-2272 -2048 1792 ) (-3072 -2048 1792 ) (-3072 -2048 672 ) (-2272 -2048 672 ) 
4 235 270 (-2240 -2048 1248 ) (-2272 -2048 1248 ) (-2272 -2048 384 ) (-2240 -2048 384 ) 
4 235 269 (-2048 -2048 384 ) (-2048 -2048 1248 ) (-2240 -2048 1248 ) (-2240 -2048 384 ) 
4 235 268 (-2048 -2048 1248 ) (-2048 -2048 1792 ) (-2272 -2048 1792 ) (-2272 -2048 1248 ) 
4 235 250 (-3072 -1024 1792 ) (-3072 -1024 384 ) (-3072 -2048 384 ) (-3072 -2048 1792 ) 
4 235 236 (-2048 -2048 384 ) (-2936 -2048 384 ) (-2936 -1024 384 ) (-2048 -1024 384 ) 
4 236 284 (-2272 -2048 384 ) (-2936 -2048 384 ) (-2936 -2048 352 ) (-2272 -2048 352 ) 
4 236 270 (-2240 -2048 384 ) (-2272 -2048 384 ) (-2272 -2048 352 ) (-2240 -2048 352 ) 
4 236 269 (-2048 -2048 352 ) (-2048 -2048 384 ) (-2240 -2048 384 ) (-2240 -2048 352 ) 
4 236 248 (-2048 -1984 352 ) (-2048 -2048 352 ) (-2936 -2048 352 ) (-2936 -1984 352 ) 
4 236 244 (-2432 -1984 352 ) (-2936 -1984 352 ) (-2936 -1472 352 ) (-2432 -1472 352 ) 
4 236 243 (-2936 -1472 352 ) (-2936 -1344 352 ) (-2432 -1344 352 ) (-2432 -1472 352 ) 
4 236 242 (-2048 -1344 352 ) (-2048 -1984 352 ) (-2432 -1984 352 ) (-2432 -1344 352 ) 
4 236 238 (-2432 -1024 352 ) (-2304 -1024 352 ) (-2304 -1344 352 ) (-2432 -1344 352 ) 
4 236 239 (-2936 -1024 352 ) (-2432 -1024 352 ) (-2432 -1344 352 ) (-2936 -1344 352 ) 
4 236 237 (-2304 -1024 352 ) (-2048 -1024 352 ) (-2048 -1344 352 ) (-2304 -1344 352 ) 
4 237 242 (-2048 -1344 -32 ) (-2048 -1344 352 ) (-2304 -1344 352 ) (-2304 -1344 -32 ) 
4 237 238 (-2304 -1344 -24 ) (-2304 -1344 352 ) (-2304 -1024 352 ) (-2304 -1024 -24 ) 
4 238 242 (-2304 -1344 -24 ) (-2304 -1344 352 ) (-2432 -1344 352 ) (-2432 -1344 -24 ) 
4 238 239 (-2432 -1344 -24 ) (-2432 -1344 352 ) (-2432 -1024 352 ) (-2432 -1024 -24 ) 
4 239 249 (-2944 -1024 -224 ) (-2432 -1024 -224 ) (-2432 -1344 -224 ) (-2944 -1344 -224 ) 
4 239 243 (-2432 -1344 -24 ) (-2432 -1344 352 ) (-2944 -1344 352 ) (-2944 -1344 -24 ) 
4 239 240 (-2944 -1024 -224 ) (-2944 -1280 -224 ) (-2944 -1280 -32 ) (-2944 -1024 -32 ) 
4 239 241 (-2944 -1280 -224 ) (-2944 -1344 -224 ) (-2944 -1344 352 ) (-2944 -1280 352 ) 
4 240 259 (-3072 -1024 -96 ) (-3072 -1024 -224 ) (-3072 -1280 -224 ) (-3072 -1280 -96 ) 
4 240 251 (-3072 -1024 -32 ) (-3072 -1024 -96 ) (-3072 -1280 -96 ) (-3072 -1280 -32 ) 
4 240 249 (-3072 -1280 -224 ) (-3072 -1024 -224 ) (-2944 -1024 -224 ) (-2944 -1280 -224 ) 
4 240 241 (-3072 -1280 -224 ) (-2944 -1280 -224 ) (-2944 -1280 -32 ) (-3072 -1280 -32 ) 
4 241 259 (-3072 -1280 -224 ) (-3072 -1344 -224 ) (-3072 -1344 -96 ) (-3072 -1280 -96 ) 
4 241 252 (-3072 -1344 -96 ) (-3072 -1344 352 ) (-3072 -1280 352 ) (-3072 -1280 -96 ) 
4 241 249 (-3072 -1344 -224 ) (-3072 -1280 -224 ) (-2944 -1280 -224 ) (-2944 -1344 -224 ) 
4 241 243 (-2944 -1344 -24 ) (-2944 -1344 352 ) (-3072 -1344 352 ) (-3072 -1344 -24 ) 
4 242 248 (-2048 -1984 -24 ) (-2048 -1984 352 ) (-2432 -1984 352 ) (-2432 -1984 -24 ) 
4 242 244 (-2432 -1472 -32 ) (-2432 -1984 -32 ) (-2432 -1984 352 ) (-2432 -1472 352 ) 
4 242 243 (-2432 -1344 352 ) (-2432 -1344 -24 ) (-2432 -1472 -24 ) (-2432 -1472 352 ) 
4 243 253 (-3072 -1472 -24 ) (-3072 -1472 352 ) (-3072 -1344 352 ) (-3072 -1344 -24 ) 
4 243 245 (-2944 -1472 352 ) (-3072 -1472 352 ) (-3072 -1472 -24 ) (-2944 -1472 -24 ) 
4 243 244 (-2432 -1472 -24 ) (-2432 -1472 352 ) (-2944 -1472 352 ) (-2944 -1472 -24 ) 
4 244 248 (-2432 -1984 -24 ) (-2432 -1984 352 ) (-2944 -1984 352 ) (-2944 -1984 -24 ) 
4 244 246 (-2944 -1536 -96 ) (-2944 -1920 -96 ) (-2944 -1920 288 ) (-2944 -1536 288 ) 
4 244 245 (-2944 -1472 352 ) (-2944 -1472 -96 ) (-2944 -1536 -96 ) (-2944 -1536 352 ) 
4 244 247 (-2944 -1920 -96 ) (-2944 -1984 -96 ) (-2944 -1984 352 ) (-2944 -1920 352 ) 
4 245 254 (-3072 -1536 352 ) (-3072 -1472 352 ) (-3072 -1472 -96 ) (-3072 -1536 -96 ) 
4 245 246 (-3072 -1536 -96 ) (-2944 -1536 -96 ) (-2944 -1536 288 ) (-3072 -1536 288 ) 
4 246 255 (-3072 -1536 288 ) (-3072 -1536 -96 ) (-3072 -1920 -96 ) (-3072 -1920 288 ) 
4 246 247 (-3072 -1920 -96 ) (-2944 -1920 -96 ) (-2944 -1920 288 ) (-3072 -1920 288 ) 
4 247 256 (-3072 -1984 -96 ) (-3072 -1984 352 ) (-3072 -1920 352 ) (-3072 -1920 -96 ) 
4 247 248 (-2944 -1984 -24 ) (-2944 -1984 352 ) (-3072 -1984 352 ) (-3072 -1984 -24 ) 
4 248 287 (-2272 -2048 352 ) (-3072 -2048 352 ) (-3072 -2048 -24 ) (-2272 -2048 -24 ) 
4 248 273 (-2240 -2048 224 ) (-2272 -2048 224 ) (-2272 -2048 -24 ) (-2240 -2048 -24 ) 
4 248 272 (-2048 -2048 -24 ) (-2048 -2048 224 ) (-2240 -2048 224 ) (-2240 -2048 -24 ) 
4 248 270 (-2240 -2048 352 ) (-2272 -2048 352 ) (-2272 -2048 224 ) (-2240 -2048 224 ) 
4 248 269 (-2048 -2048 224 ) (-2048 -2048 352 ) (-2240 -2048 352 ) (-2240 -2048 224 ) 
4 248 257 (-3072 -2048 -24 ) (-3072 -2048 352 ) (-3072 -1984 352 ) (-3072 -1984 -24 ) 
4 249 288 (-2272 -2048 -224 ) (-3072 -2048 -224 ) (-3072 -2048 -352 ) (-2272 -2048 -352 ) 
4 249 276 (-2048 -2048 -352 ) (-2048 -2048 -224 ) (-2272 -2048 -224 ) (-2272 -2048 -352 ) 
4 249 260 (-3072 -1344 -352 ) (-3072 -2048 -352 ) (-3072 -2048 -224 ) (-3072 -1344 -224 ) 
4 249 259 (-3072 -1024 -224 ) (-3072 -1024 -352 ) (-3072 -1344 -352 ) (-3072 -1344 -224 ) 
4 250 294 (-3072 -2048 384 ) (-3072 -2048 1792 ) (-3968 -2048 1792 ) (-3968 -2048 384 ) 
4 250 258 (-3968 -1024 1792 ) (-3968 -1024 384 ) (-3968 -2048 384 ) (-3968 -2048 1792 ) 
4 251 259 (-3072 -1024 -96 ) (-3072 -1280 -96 ) (-3968 -1280 -96 ) (-3968 -1024 -96 ) 
4 251 258 (-3968 -1024 -32 ) (-3968 -1024 -96 ) (-3968 -1280 -96 ) (-3968 -1280 -32 ) 
4 251 252 (-3968 -1280 -32 ) (-3968 -1280 -96 ) (-3072 -1280 -96 ) (-3072 -1280 -32 ) 
4 252 259 (-3072 -1280 -96 ) (-3072 -1344 -96 ) (-3968 -1344 -96 ) (-3968 -1280 -96 ) 
4 252 258 (-3968 -1280 -96 ) (-3968 -1344 -96 ) (-3968 -1344 352 ) (-3968 -1280 352 ) 
4 252 253 (-3072 -1344 352 ) (-3968 -1344 352 ) (-3968 -1344 -24 ) (-3072 -1344 -24 ) 
4 253 258 (-3968 -1472 -24 ) (-3968 -1472 352 ) (-3968 -1344 352 ) (-3968 -1344 -24 ) 
4 253 254 (-3072 -1472 352 ) (-3968 -1472 352 ) (-3968 -1472 -24 ) (-3072 -1472 -24 ) 
4 254 258 (-3968 -1472 -96 ) (-3968 -1536 -96 ) (-3968 -1536 352 ) (-3968 -1472 352 ) 
4 254 255 (-3968 -1536 288 ) (-3968 -1536 -96 ) (-3072 -1536 -96 ) (-3072 -1536 288 ) 
4 255 258 (-3968 -1536 -96 ) (-3968 -1920 -96 ) (-3968 -1920 288 ) (-3968 -1536 288 ) 
4 255 256 (-3968 -1920 288 ) (-3968 -1920 -96 ) (-3072 -1920 -96 ) (-3072 -1920 288 ) 
4 256 258 (-3968 -1920 -96 ) (-3968 -1984 -96 ) (-3968 -1984 352 ) (-3968 -1920 352 ) 
4 256 257 (-3072 -1984 352 ) (-3968 -1984 352 ) (-3968 -1984 -24 ) (-3072 -1984 -24 ) 
4 257 297 (-3072 -2048 -24 ) (-3072 -2048 352 ) (-3968 -2048 352 ) (-3968 -2048 -24 ) 
4 257 258 (-3968 -2048 -24 ) (-3968 -2048 352 ) (-3968 -1984 352 ) (-3968 -1984 -24 ) 
4 258 301 (-4096 -2048 352 ) (-4096 -2048 -96 ) (-3968 -2048 -96 ) (-3968 -2048 352 ) 
4 258 296 (-4096 -2048 384 ) (-4096 -2048 352 ) (-3968 -2048 352 ) (-3968 -2048 384 ) 
4 258 294 (-4096 -2048 1792 ) (-4096 -2048 384 ) (-3968 -2048 384 ) (-3968 -2048 1792 ) 
4 258 263 (-4096 -2048 -96 ) (-4096 -2048 1792 ) (-4096 -1344 1792 ) (-4096 -1344 -96 ) 
4 258 262 (-4096 -1344 1792 ) (-4096 -1024 1792 ) (-4096 -1024 -96 ) (-4096 -1344 -96 ) 
4 258 259 (-4096 -1344 -96 ) (-4096 -1024 -96 ) (-3968 -1024 -96 ) (-3968 -1344 -96 ) 
4 259 265 (-4096 -1024 -224 ) (-4096 -1024 -352 ) (-4096 -1344 -352 ) (-4096 -1344 -224 ) 
4 259 262 (-4096 -1344 -96 ) (-4096 -1024 -96 ) (-4096 -1024 -224 ) (-4096 -1344 -224 ) 
4 259 260 (-4096 -1344 -352 ) (-3072 -1344 -352 ) (-3072 -1344 -224 ) (-4096 -1344 -224 ) 
4 260 302 (-3072 -2048 -352 ) (-3072 -2048 -224 ) (-4096 -2048 -224 ) (-4096 -2048 -352 ) 
4 260 265 (-4096 -2048 -352 ) (-4096 -2048 -224 ) (-4096 -1344 -224 ) (-4096 -1344 -352 ) 
4 261 266 (-5120 -1024 -352 ) (-5120 -1024 1792 ) (-5120 0 1792 ) (-5120 0 -352 ) 
4 261 265 (-4096 -1024 -352 ) (-4096 -1024 -224 ) (-5120 -1024 -224 ) (-5120 -1024 -352 ) 
4 261 262 (-4096 -1024 -224 ) (-4096 -1024 1792 ) (-4576 -1024 1792 ) (-4576 -1024 -224 ) 
4 261 264 (-4576 -1024 1792 ) (-5120 -1024 1792 ) (-5120 -1024 -224 ) (-4576 -1024 -224 ) 
4 262 265 (-4576 -1024 -224 ) (-4096 -1024 -224 ) (-4096 -1344 -224 ) (-4576 -1344 -224 ) 
4 262 263 (-4576 -1344 1792 ) (-4576 -1344 -96 ) (-4096 -1344 -96 ) (-4096 -1344 1792 ) 
4 262 264 (-4576 -1024 -224 ) (-4576 -1344 -224 ) (-4576 -1344 1792 ) (-4576 -1024 1792 ) 
4 263 306 (-4096 -2048 -96 ) (-4096 -2048 1792 ) (-4576 -2048 1792 ) (-4576 -2048 -96 ) 
4 263 264 (-4576 -2048 -96 ) (-4576 -2048 1792 ) (-4576 -1344 1792 ) (-4576 -1344 -96 ) 
4 264 308 (-4576 -2048 1792 ) (-5120 -2048 1792 ) (-5120 -2048 -224 ) (-4576 -2048 -224 ) 
4 264 267 (-5120 -2048 -224 ) (-5120 -2048 1792 ) (-5120 -1024 1792 ) (-5120 -1024 -224 ) 
4 264 265 (-5120 -2048 -224 ) (-5120 -1024 -224 ) (-4576 -1024 -224 ) (-4576 -2048 -224 ) 
4 265 309 (-4096 -2048 -352 ) (-4096 -2048 -224 ) (-5120 -2048 -224 ) (-5120 -2048 -352 ) 
4 265 267 (-5120 -2048 -352 ) (-5120 -2048 -224 ) (-5120 -1024 -224 ) (-5120 -1024 -352 ) 
4 266 267 (-5120 -1024 -352 ) (-5120 -1024 1792 ) (-5408 -1024 1792 ) (-5408 -1024 -352 ) 
4 267 310 (-5120 -2048 -352 ) (-5120 -2048 1792 ) (-5408 -2048 1792 ) (-5408 -2048 -352 ) 
4 268 304 (-2048 -3072 1248 ) (-2048 -3072 1792 ) (-2272 -3072 1792 ) (-2272 -3072 1248 ) 
4 268 279 (-2272 -3072 1248 ) (-2272 -3072 1792 ) (-2272 -2464 1792 ) (-2272 -2464 1248 ) 
4 268 278 (-2272 -2464 1792 ) (-2272 -2048 1792 ) (-2272 -2048 1248 ) (-2272 -2464 1248 ) 
4 268 271 (-2048 -3072 1248 ) (-2272 -3072 1248 ) (-2272 -2496 1248 ) (-2048 -2496 1248 ) 
4 268 270 (-2272 -2136 1248 ) (-2272 -2048 1248 ) (-2240 -2048 1248 ) (-2240 -2136 1248 ) 
4 268 269 (-2240 -2048 1248 ) (-2048 -2048 1248 ) (-2048 -2136 1248 ) (-2240 -2136 1248 ) 
4 269 272 (-2240 -2048 224 ) (-2048 -2048 224 ) (-2048 -2112 224 ) (-2240 -2112 224 ) 
4 269 270 (-2240 -2048 224 ) (-2240 -2104 224 ) (-2240 -2136 1248 ) (-2240 -2048 1248 ) 
4 270 287 (-2272 -2048 352 ) (-2272 -2048 224 ) (-2272 -2104 224 ) (-2272 -2108 352 ) 
4 270 284 (-2272 -2048 672 ) (-2272 -2048 352 ) (-2272 -2108 352 ) (-2272 -2118 672 ) 
4 270 278 (-2272 -2136 1248 ) (-2272 -2048 1248 ) (-2272 -2048 672 ) (-2272 -2118 672 ) 
4 270 273 (-2272 -2104 224 ) (-2272 -2048 224 ) (-2240 -2048 224 ) (-2240 -2104 224 ) 
4 271 304 (-2048 -3072 224 ) (-2048 -3072 1248 ) (-2272 -3072 1248 ) (-2272 -3072 224 ) 
4 271 293 (-2272 -3072 224 ) (-2272 -3072 672 ) (-2272 -2496 672 ) (-2272 -2496 224 ) 
4 271 282 (-2272 -3072 672 ) (-2272 -3072 1128 ) (-2272 -2720 864 ) (-2272 -2720 672 ) 
4 271 279 (-2272 -3072 1128 ) (-2272 -3072 1248 ) (-2272 -2496 1248 ) (-2272 -2496 696 ) 
4 271 275 (-2272 -3072 224 ) (-2272 -2496 224 ) (-2240 -2496 224 ) (-2240 -3072 224 ) 
4 271 274 (-2240 -2496 224 ) (-2048 -2496 224 ) (-2048 -3072 224 ) (-2240 -3072 224 ) 
4 272 273 (-2240 -2104 224 ) (-2240 -2048 224 ) (-2240 -2048 -24 ) (-2240 -2104 -24 ) 
4 273 287 (-2272 -2104 224 ) (-2272 -2048 224 ) (-2272 -2048 -24 ) (-2272 -2104 -24 ) 
4 274 304 (-2048 -3072 -32 ) (-2048 -3072 224 ) (-2240 -3072 224 ) (-2240 -3072 -32 ) 
4 274 277 (-2048 -3072 -32 ) (-2240 -3072 -32 ) (-2240 -2176 -32 ) (-2048 -2176 -32 ) 
4 274 275 (-2240 -2496 -32 ) (-2240 -3072 -32 ) (-2240 -3072 224 ) (-2240 -2496 224 ) 
4 275 304 (-2240 -3072 224 ) (-2272 -3072 224 ) (-2272 -3072 -32 ) (-2240 -3072 -32 ) 
4 275 293 (-2272 -3072 -32 ) (-2272 -3072 224 ) (-2272 -2496 224 ) (-2272 -2496 -32 ) 
4 275 277 (-2240 -3072 -32 ) (-2272 -3072 -32 ) (-2272 -2496 -32 ) (-2240 -2496 -32 ) 
4 276 288 (-2272 -2048 -224 ) (-2272 -2048 -352 ) (-2272 -2112 -352 ) (-2272 -2112 -224 ) 
4 276 277 (-2272 -2112 -352 ) (-2048 -2112 -352 ) (-2048 -2112 -224 ) (-2272 -2112 -224 ) 
4 277 304 (-2048 -3072 -352 ) (-2048 -3072 -32 ) (-2272 -3072 -32 ) (-2272 -3072 -352 ) 
4 277 293 (-2272 -3072 -352 ) (-2272 -3072 -32 ) (-2272 -2496 -32 ) (-2272 -2496 -352 ) 
4 277 290 (-2272 -2496 -32 ) (-2272 -2112 -32 ) (-2272 -2112 -352 ) (-2272 -2496 -352 ) 
4 278 294 (-3072 -2048 1792 ) (-3072 -2048 672 ) (-3072 -2464 672 ) (-3072 -2464 1792 ) 
4 278 286 (-3072 -2464 672 ) (-3072 -2048 672 ) (-2944 -2048 672 ) (-2944 -2464 672 ) 
4 278 285 (-2944 -2048 672 ) (-2936 -2048 672 ) (-2936 -2464 672 ) (-2944 -2464 672 ) 
4 278 284 (-2936 -2048 672 ) (-2272 -2048 672 ) (-2272 -2464 672 ) (-2936 -2464 672 ) 
3 278 281 (-2560 -2464 800 ) (-2624.004883 -2464 928.009888 ) (-2688.010010 -2464 800 ) 
5 278 280 (-3072 -2464 1792 ) (-3072 -2464 672 ) (-2752.010010 -2464 672 ) (-2624.004883 -2464 928.009888 ) (-3056 -2464 1792 ) 
4 278 279 (-2496 -2464 672 ) (-2272 -2464 672 ) (-2272 -2464 1792 ) (-3056 -2464 1792 ) 
4 279 304 (-2272 -3072 1128 ) (-2272 -3072 1792 ) (-3056 -3072 1792 ) (-2724 -3072 1128 ) 
4 279 282 (-2272 -2720 863.998535 ) (-2272 -3072 1127.998535 ) (-2724 -3072 1127.998535 ) (-2592 -2720 863.998535 ) 
4 279 281 (-2624.004883 -2464 928.009888 ) (-2560 -2464 800 ) (-2560 -2634.666504 800 ) (-2624.004883 -2805.346191 928.009888 ) 
5 279 280 (-3056 -3072 1792 ) (-3056 -2464 1792 ) (-2624.004883 -2464 928.009888 ) (-2624.004883 -2805.346191 928.009888 ) (-2724 -3072 1128 ) 
4 280 304 (-3056 -3072 1792 ) (-3072 -3072 1792 ) (-3072 -3072 1128 ) (-2724 -3072 1128 ) 
4 280 294 (-3072 -2464 672 ) (-3072 -3072 1128 ) (-3072 -3072 1792 ) (-3072 -2464 1792 ) 
5 280 282 (-2656.010498 -2720 863.998596 ) (-2624.004883 -2805.348389 928.009888 ) (-2724 -3072 1127.998535 ) (-2944 -3072 1127.998535 ) (-2944 -2720 863.998535 ) 
4 280 283 (-3072 -2464.001953 672 ) (-2944 -2464.001953 672 ) (-2944 -3072 1127.998535 ) (-3072 -3072 1127.998535 ) 
4 280 281 (-2688.009766 -2464 800 ) (-2624.005859 -2464 928.007812 ) (-2624.005859 -2805.343750 928.007812 ) (-2688.009766 -2634.664062 800 ) 
3 281 282 (-2592 -2720 863.998657 ) (-2624.004883 -2805.348389 928.009888 ) (-2656.010498 -2720 863.998657 ) 
4 282 304 (-2272 -3072 672 ) (-2272 -3072 1128 ) (-2944 -3072 1128 ) (-2944 -3072 672 ) 
4 282 293 (-2272 -2720 672 ) (-2272 -3072 672 ) (-2944 -3072 672 ) (-2944 -2720 672 ) 
4 282 283 (-2944 -3072 1128 ) (-2944 -2720 864 ) (-2944 -2720 672 ) (-2944 -3072 672 ) 
4 283 304 (-2944 -3072 1128 ) (-3072 -3072 1128 ) (-3072 -3072 672 ) (-2944 -3072 672 ) 
3 283 294 (-3072 -2464 672 ) (-3072 -3072 672 ) (-3072 -3072 1128 ) 
4 283 293 (-3072 -3072 672 ) (-3072 -2496 672 ) (-2944 -2496 672 ) (-2944 -3072 672 ) 
4 283 286 (-3072 -2496 672 ) (-3072 -2464 672 ) (-2944 -2464 672 ) (-2944 -2496 672 ) 
4 284 289 (-2272 -2112 352 ) (-2272 -2464 352 ) (-2936 -2464 352 ) (-2936 -2112 352 ) 
4 284 287 (-2936 -2048 352 ) (-2272 -2048 352 ) (-2272 -2112 352 ) (-2936 -2112 352 ) 
4 284 285 (-2936 -2464 384 ) (-2936 -2464 672 ) (-2936 -2048 672 ) (-2936 -2048 384 ) 
4 285 286 (-2944 -2464 384 ) (-2944 -2464 672 ) (-2944 -2048 672 ) (-2944 -2048 384 ) 
4 286 294 (-3072 -2048 672 ) (-3072 -2048 384 ) (-3072 -2496 384 ) (-3072 -2496 672 ) 
4 286 293 (-2944 -2496 672 ) (-3072 -2496 672 ) (-3072 -2496 384 ) (-2944 -2496 384 ) 
4 287 297 (-3072 -2048 352 ) (-3072 -2048 -24 ) (-3072 -2112 -24 ) (-3072 -2112 352 ) 
4 287 291 (-2944 -2112 352 ) (-3072 -2112 352 ) (-3072 -2112 -24 ) (-2944 -2112 -24 ) 
4 287 289 (-2272 -2112 224 ) (-2272 -2112 352 ) (-2944 -2112 352 ) (-2944 -2112 224 ) 
4 288 302 (-3072 -2048 -224 ) (-3072 -2048 -352 ) (-3072 -2112 -352 ) (-3072 -2112 -224 ) 
4 288 292 (-2944 -2112 -224 ) (-3072 -2112 -224 ) (-3072 -2112 -352 ) (-2944 -2112 -352 ) 
4 288 290 (-2272 -2112 -352 ) (-2272 -2112 -224 ) (-2944 -2112 -224 ) (-2944 -2112 -352 ) 
4 289 291 (-2944 -2112 352 ) (-2944 -2112 224 ) (-2944 -2176 224 ) (-2944 -2176 352 ) 
4 290 293 (-2272 -2496 -352 ) (-2272 -2496 -32 ) (-2944 -2496 -32 ) (-2944 -2496 -352 ) 
4 290 292 (-2944 -2112 -32 ) (-2944 -2112 -352 ) (-2944 -2496 -352 ) (-2944 -2496 -32 ) 
4 291 298 (-3072 -2176 352 ) (-3072 -2112 352 ) (-3072 -2112 -32 ) (-3072 -2176 -32 ) 
4 291 292 (-3072 -2112 -32 ) (-2944 -2112 -32 ) (-2944 -2176 -32 ) (-3072 -2176 -32 ) 
4 292 303 (-3072 -2496 -352 ) (-3072 -2496 -96 ) (-3072 -2112 -96 ) (-3072 -2112 -352 ) 
4 292 299 (-3072 -2496 -96 ) (-3072 -2496 -32 ) (-3072 -2176 -32 ) (-3072 -2176 -96 ) 
4 292 298 (-3072 -2176 -32 ) (-3072 -2112 -32 ) (-3072 -2112 -96 ) (-3072 -2176 -96 ) 
4 292 293 (-2944 -2496 -352 ) (-2944 -2496 -32 ) (-3072 -2496 -32 ) (-3072 -2496 -352 ) 
4 293 304 (-2272 -3072 -352 ) (-2272 -3072 672 ) (-3072 -3072 672 ) (-3072 -3072 -352 ) 
4 293 303 (-3072 -3072 -352 ) (-3072 -3072 -96 ) (-3072 -2496 -96 ) (-3072 -2496 -352 ) 
4 293 300 (-3072 -3072 -96 ) (-3072 -3072 352 ) (-3072 -2496 352 ) (-3072 -2496 -96 ) 
4 293 295 (-3072 -3072 352 ) (-3072 -3072 384 ) (-3072 -2496 384 ) (-3072 -2496 352 ) 
4 293 294 (-3072 -3072 384 ) (-3072 -3072 672 ) (-3072 -2496 672 ) (-3072 -2496 384 ) 
4 294 306 (-4096 -2048 1792 ) (-4096 -2048 384 ) (-4096 -2112 384 ) (-4096 -2112 1792 ) 
4 294 307 (-4096 -2112 384 ) (-4096 -3072 384 ) (-4096 -3072 1792 ) (-4096 -2112 1792 ) 
4 294 305 (-3072 -3072 384 ) (-3072 -3072 1792 ) (-4096 -3072 1792 ) (-4096 -3072 384 ) 
4 294 295 (-3072 -2496 384 ) (-3072 -3072 384 ) (-3968 -3072 384 ) (-3968 -2496 384 ) 
4 294 296 (-4096 -2048 384 ) (-3968 -2048 384 ) (-3968 -3072 384 ) (-4096 -3072 384 ) 
4 295 305 (-3072 -3072 352 ) (-3072 -3072 384 ) (-3968 -3072 384 ) (-3968 -3072 352 ) 
4 295 300 (-3072 -3072 352 ) (-3968 -3072 352 ) (-3968 -2496 352 ) (-3072 -2496 352 ) 
4 295 296 (-3968 -2496 352 ) (-3968 -3072 352 ) (-3968 -3072 384 ) (-3968 -2496 384 ) 
4 296 306 (-4096 -2048 384 ) (-4096 -2048 352 ) (-4096 -2112 352 ) (-4096 -2112 384 ) 
4 296 307 (-4096 -2112 352 ) (-4096 -3072 352 ) (-4096 -3072 384 ) (-4096 -2112 384 ) 
4 296 305 (-3968 -3072 384 ) (-4096 -3072 384 ) (-4096 -3072 352 ) (-3968 -3072 352 ) 
4 296 301 (-3968 -3072 352 ) (-4096 -3072 352 ) (-4096 -2048 352 ) (-3968 -2048 352 ) 
4 297 298 (-3968 -2112 352 ) (-3968 -2112 -24 ) (-3072 -2112 -24 ) (-3072 -2112 352 ) 
4 297 301 (-3968 -2112 -24 ) (-3968 -2112 352 ) (-3968 -2048 352 ) (-3968 -2048 -24 ) 
4 298 303 (-3072 -2112 -96 ) (-3072 -2176 -96 ) (-3968 -2176 -96 ) (-3968 -2112 -96 ) 
4 298 299 (-3968 -2176 -32 ) (-3968 -2176 -96 ) (-3072 -2176 -96 ) (-3072 -2176 -32 ) 
4 298 301 (-3968 -2112 -96 ) (-3968 -2176 -96 ) (-3968 -2176 352 ) (-3968 -2112 352 ) 
4 299 303 (-3072 -2176 -96 ) (-3072 -2496 -96 ) (-3968 -2496 -96 ) (-3968 -2176 -96 ) 
4 299 300 (-3968 -2496 -32 ) (-3968 -2496 -96 ) (-3072 -2496 -96 ) (-3072 -2496 -32 ) 
4 299 301 (-3968 -2176 -96 ) (-3968 -2496 -96 ) (-3968 -2496 -32 ) (-3968 -2176 -32 ) 
4 300 305 (-3072 -3072 -96 ) (-3072 -3072 352 ) (-3968 -3072 352 ) (-3968 -3072 -96 ) 
4 300 303 (-3072 -2496 -96 ) (-3072 -3072 -96 ) (-3968 -3072 -96 ) (-3968 -2496 -96 ) 
4 300 301 (-3968 -2496 -96 ) (-3968 -3072 -96 ) (-3968 -3072 352 ) (-3968 -2496 352 ) 
4 301 306 (-4096 -2048 352 ) (-4096 -2048 -96 ) (-4096 -2112 -96 ) (-4096 -2112 352 ) 
4 301 307 (-4096 -2112 -96 ) (-4096 -3072 -96 ) (-4096 -3072 352 ) (-4096 -2112 352 ) 
4 301 305 (-3968 -3072 352 ) (-4096 -3072 352 ) (-4096 -3072 -96 ) (-3968 -3072 -96 ) 
4 301 303 (-3968 -2112 -96 ) (-3968 -3072 -96 ) (-4096 -3072 -96 ) (-4096 -2112 -96 ) 
4 302 309 (-4096 -2048 -224 ) (-4096 -2048 -352 ) (-4096 -2112 -352 ) (-4096 -2112 -224 ) 
4 302 303 (-4096 -2112 -352 ) (-3072 -2112 -352 ) (-3072 -2112 -224 ) (-4096 -2112 -224 ) 
4 303 309 (-4096 -2112 -352 ) (-4096 -3072 -352 ) (-4096 -3072 -224 ) (-4096 -2112 -224 ) 
4 303 307 (-4096 -3072 -224 ) (-4096 -3072 -96 ) (-4096 -2112 -96 ) (-4096 -2112 -224 ) 
4 303 305 (-3072 -3072 -352 ) (-3072 -3072 -96 ) (-4096 -3072 -96 ) (-4096 -3072 -352 ) 
4 304 305 (-3072 -3360 1792 ) (-3072 -3072 1792 ) (-3072 -3072 -352 ) (-3072 -3360 -352 ) 
4 305 311 (-4096 -3360 1792 ) (-4096 -3072 1792 ) (-4096 -3072 -352 ) (-4096 -3360 -352 ) 
4 306 307 (-4576 -2112 1792 ) (-4576 -2112 -96 ) (-4096 -2112 -96 ) (-4096 -2112 1792 ) 
4 306 308 (-4576 -2112 -96 ) (-4576 -2112 1792 ) (-4576 -2048 1792 ) (-4576 -2048 -96 ) 
4 307 311 (-4096 -3072 -224 ) (-4096 -3072 1792 ) (-4576 -3072 1792 ) (-4576 -3072 -224 ) 
4 307 309 (-4096 -3072 -224 ) (-4576 -3072 -224 ) (-4576 -2112 -224 ) (-4096 -2112 -224 ) 
4 307 308 (-4576 -2112 -224 ) (-4576 -3072 -224 ) (-4576 -3072 1792 ) (-4576 -2112 1792 ) 
4 308 311 (-4576 -3072 1792 ) (-5120 -3072 1792 ) (-5120 -3072 -224 ) (-4576 -3072 -224 ) 
4 308 310 (-5120 -2048 1792 ) (-5120 -2048 -224 ) (-5120 -3072 -224 ) (-5120 -3072 1792 ) 
4 308 309 (-4576 -3072 -224 ) (-5120 -3072 -224 ) (-5120 -2048 -224 ) (-4576 -2048 -224 ) 
4 309 311 (-4096 -3072 -352 ) (-4096 -3072 -224 ) (-5120 -3072 -224 ) (-5120 -3072 -352 ) 
4 309 310 (-5120 -2048 -224 ) (-5120 -2048 -352 ) (-5120 -3072 -352 ) (-5120 -3072 -224 ) 
4 310 312 (-5120 -3072 -352 ) (-5120 -3072 1792 ) (-5408 -3072 1792 ) (-5408 -3072 -352 ) 
4 311 312 (-5120 -3072 1792 ) (-5120 -3072 -352 ) (-5120 -3360 -352 ) (-5120 -3360 1792 ) 
