PRT1
352
1105
4 0 2 (0 5120 -304 ) (0 5120 1536 ) (0 5328 1536 ) (0 5328 -304 ) 
4 0 1 (0 5120 1536 ) (0 5120 -304 ) (272 5120 -304 ) (272 5120 1536 ) 
4 1 6 (272 4096 1536 ) (0 4096 1536 ) (0 4096 -304 ) (272 4096 -304 ) 
4 1 4 (0 4096 -304 ) (0 4096 1536 ) (0 5120 1536 ) (0 5120 -304 ) 
4 2 4 (0 5120 -304 ) (0 5120 1536 ) (-1024 5120 1536 ) (-1024 5120 -304 ) 
4 2 3 (-1024 5328 -304 ) (-1024 5120 -304 ) (-1024 5120 1536 ) (-1024 5328 1536 ) 
4 3 21 (-2048 5120 -304 ) (-2048 5120 352 ) (-2048 5152 352 ) (-2048 5152 -304 ) 
4 3 19 (-2048 5120 352 ) (-2048 5120 1536 ) (-2048 5152 1536 ) (-2048 5152 352 ) 
4 3 18 (-2048 5152 1536 ) (-2048 5328 1536 ) (-2048 5328 -304 ) (-2048 5152 -304 ) 
4 3 5 (-2048 5120 1536 ) (-2048 5120 -304 ) (-1024 5120 -304 ) (-1024 5120 1536 ) 
4 4 9 (0 4096 -304 ) (0 4096 1536 ) (-1024 4096 1536 ) (-1024 4096 -304 ) 
4 4 5 (-1024 5120 1536 ) (-1024 5120 -304 ) (-1024 4096 -304 ) (-1024 4096 1536 ) 
4 5 30 (-2048 4096 -304 ) (-2048 4096 352 ) (-2048 5120 352 ) (-2048 5120 -304 ) 
4 5 28 (-2048 4096 352 ) (-2048 4096 1536 ) (-2048 5120 1536 ) (-2048 5120 352 ) 
4 5 10 (-1024 4096 -304 ) (-1024 4096 1536 ) (-2048 4096 1536 ) (-2048 4096 -304 ) 
4 6 9 (0 4096 1536 ) (0 4096 -304 ) (0 3072 -304 ) (0 3072 1536 ) 
4 6 7 (272 3072 1536 ) (0 3072 1536 ) (0 3072 -304 ) (272 3072 -304 ) 
4 7 11 (0 2048 -304 ) (0 2048 1536 ) (0 3072 1536 ) (0 3072 -304 ) 
4 7 8 (0 2048 1536 ) (0 2048 -304 ) (272 2048 -304 ) (272 2048 1536 ) 
4 8 66 (272 1024 1536 ) (0 1024 1536 ) (0 1024 -304 ) (272 1024 -304 ) 
4 8 13 (0 1024 -304 ) (0 1024 1536 ) (0 2048 1536 ) (0 2048 -304 ) 
4 9 11 (0 3072 -304 ) (0 3072 1536 ) (-1024 3072 1536 ) (-1024 3072 -304 ) 
4 9 10 (-1024 4096 1536 ) (-1024 4096 -304 ) (-1024 3072 -304 ) (-1024 3072 1536 ) 
4 10 40 (-2048 3072 -304 ) (-2048 3072 352 ) (-2048 4096 352 ) (-2048 4096 -304 ) 
4 10 38 (-2048 3072 352 ) (-2048 3072 1536 ) (-2048 4096 1536 ) (-2048 4096 352 ) 
4 10 12 (-1024 3072 -304 ) (-1024 3072 1536 ) (-2048 3072 1536 ) (-2048 3072 -304 ) 
4 11 13 (0 2048 -304 ) (0 2048 1536 ) (-1024 2048 1536 ) (-1024 2048 -304 ) 
4 11 12 (-1024 2048 -304 ) (-1024 2048 1536 ) (-1024 3072 1536 ) (-1024 3072 -304 ) 
4 12 48 (-2048 2048 -304 ) (-2048 2048 352 ) (-2048 3072 352 ) (-2048 3072 -304 ) 
4 12 46 (-2048 2048 352 ) (-2048 2048 1536 ) (-2048 3072 1536 ) (-2048 3072 352 ) 
4 12 17 (-2048 2048 -32 ) (-2048 2048 -304 ) (-1024 2048 -304 ) (-1024 2048 -32 ) 
4 12 15 (-2048 2048 1536 ) (-2048 2048 -32 ) (-1944 2048 -32 ) (-1944 2048 1536 ) 
4 12 14 (-1944 2048 -32 ) (-1024 2048 -32 ) (-1024 2048 1536 ) (-1944 2048 1536 ) 
4 13 100 (-488 1024 1536 ) (-1024 1024 1536 ) (-1024 1024 -304 ) (-488 1024 -304 ) 
4 13 99 (0 1024 -304 ) (0 1024 -224 ) (-488 1024 -224 ) (-488 1024 -304 ) 
4 13 98 (-472 1024 -160 ) (-488 1024 -160 ) (-488 1024 -224 ) (-472 1024 -224 ) 
4 13 94 (-88 1024 -160 ) (-448 1024 -160 ) (-448 1024 -224 ) (-88 1024 -224 ) 
4 13 93 (0 1024 -224 ) (0 1024 -160 ) (-88 1024 -160 ) (-88 1024 -224 ) 
4 13 96 (-448 1024 -160 ) (-472 1024 -160 ) (-472 1024 -224 ) (-448 1024 -224 ) 
4 13 91 (-488 1024 0 ) (-488 1024 -160 ) (-472 1024 -160 ) (-472 1024 0 ) 
4 13 89 (-472 1024 1536 ) (-488 1024 1536 ) (-488 1024 0 ) (-472 1024 0 ) 
4 13 83 (-464 1024 -160 ) (-448 1024 -160 ) (-448 1024 -32 ) (-464 1024 -32 ) 
4 13 84 (-472 1024 -32 ) (-472 1024 -160 ) (-464 1024 -160 ) (-464 1024 -32 ) 
4 13 80 (-448 1024 -160 ) (-88 1024 -160 ) (-88 1024 -32 ) (-448 1024 -32 ) 
4 13 78 (-448 1024 -32 ) (-88 1024 -32 ) (-88 1024 -16 ) (-448 1024 -16 ) 
4 13 79 (-472 1024 -16 ) (-472 1024 -32 ) (-448 1024 -32 ) (-448 1024 -16 ) 
4 13 77 (-88 1024 1536 ) (-472 1024 1536 ) (-472 1024 -16 ) (-88 1024 -16 ) 
4 13 71 (-72 1024 -32 ) (-88 1024 -32 ) (-88 1024 -160 ) (-72 1024 -160 ) 
4 13 70 (0 1024 -160 ) (0 1024 -32 ) (-72 1024 -32 ) (-72 1024 -160 ) 
4 13 69 (0 1024 -32 ) (0 1024 1536 ) (-88 1024 1536 ) (-88 1024 -32 ) 
4 13 17 (-1024 2048 -32 ) (-1024 2048 -304 ) (-1024 1024 -304 ) (-1024 1024 -32 ) 
4 13 14 (-1024 2048 1536 ) (-1024 2048 -32 ) (-1024 1024 -32 ) (-1024 1024 1536 ) 
4 14 120 (-1432 1024 224 ) (-1944 1024 224 ) (-1944 1024 -32 ) (-1432 1024 -32 ) 
4 14 118 (-1024 1024 -32 ) (-1024 1024 224 ) (-1432 1024 224 ) (-1432 1024 -32 ) 
4 14 115 (-1432 1024 1536 ) (-1944 1024 1536 ) (-1944 1024 224 ) (-1432 1024 224 ) 
4 14 111 (-1024 1024 224 ) (-1024 1024 1536 ) (-1432 1024 1536 ) (-1432 1024 224 ) 
4 14 17 (-1944 2048 -32 ) (-1024 2048 -32 ) (-1024 1024 -32 ) (-1944 1024 -32 ) 
4 14 16 (-1944 1024 320 ) (-1944 1024 1536 ) (-1944 1248 1536 ) (-1944 1248 320 ) 
4 14 15 (-1944 2048 -32 ) (-1944 1248 -32 ) (-1944 1248 1536 ) (-1944 2048 1536 ) 
4 15 56 (-2048 2048 352 ) (-2048 2048 -32 ) (-2048 1248 -32 ) (-2048 1248 352 ) 
4 15 54 (-2048 1248 1536 ) (-2048 2048 1536 ) (-2048 2048 352 ) (-2048 1248 352 ) 
4 15 17 (-2048 1248 -32 ) (-2048 2048 -32 ) (-1944 2048 -32 ) (-1944 1248 -32 ) 
4 15 16 (-1944 1248 320 ) (-1944 1248 1536 ) (-2048 1248 1536 ) (-2048 1248 320 ) 
4 16 116 (-1944 1024 1536 ) (-2048 1024 1536 ) (-2048 1024 320 ) (-1944 1024 320 ) 
4 16 57 (-2048 1024 320 ) (-2048 1024 352 ) (-2048 1248 352 ) (-2048 1248 320 ) 
4 16 54 (-2048 1024 352 ) (-2048 1024 1536 ) (-2048 1248 1536 ) (-2048 1248 352 ) 
4 17 135 (-2048 1024 -224 ) (-2048 1024 -304 ) (-1112 1024 -304 ) (-1112 1024 -224 ) 
4 17 133 (-1112 1024 -36 ) (-2048 1024 -36 ) (-2048 1024 -224 ) (-1112 1024 -224 ) 
4 17 131 (-1024 1024 -304 ) (-1024 1024 -160 ) (-1112 1024 -160 ) (-1112 1024 -304 ) 
4 17 130 (-1024 1024 -160 ) (-1024 1024 -36 ) (-1112 1024 -36 ) (-1112 1024 -160 ) 
4 17 123 (-1024 1024 -36 ) (-1024 1024 -32 ) (-2048 1024 -32 ) (-2048 1024 -36 ) 
4 17 58 (-2048 1024 -304 ) (-2048 1024 -32 ) (-2048 2048 -32 ) (-2048 2048 -304 ) 
4 18 23 (-3072 5328 -304 ) (-3072 5152 -304 ) (-3072 5152 1536 ) (-3072 5328 1536 ) 
4 18 22 (-3072 5152 -304 ) (-2944 5152 -304 ) (-2944 5152 -32 ) (-3072 5152 -32 ) 
4 18 21 (-2944 5152 -304 ) (-2048 5152 -304 ) (-2048 5152 352 ) (-2944 5152 352 ) 
4 18 20 (-2936 5152 1536 ) (-3072 5152 1536 ) (-3072 5152 384 ) (-2936 5152 384 ) 
4 18 19 (-2048 5152 352 ) (-2048 5152 1536 ) (-2936 5152 1536 ) (-2936 5152 352 ) 
4 19 28 (-2048 5120 352 ) (-2048 5120 1536 ) (-2936 5120 1536 ) (-2936 5120 352 ) 
4 19 21 (-2936 5152 352 ) (-2048 5152 352 ) (-2048 5120 352 ) (-2936 5120 352 ) 
4 19 20 (-2936 5152 1536 ) (-2936 5152 384 ) (-2936 5120 384 ) (-2936 5120 1536 ) 
4 20 29 (-2936 5120 1536 ) (-3072 5120 1536 ) (-3072 5120 384 ) (-2936 5120 384 ) 
4 20 24 (-3072 5120 384 ) (-3072 5120 1536 ) (-3072 5152 1536 ) (-3072 5152 384 ) 
4 21 30 (-2048 5120 -304 ) (-2048 5120 352 ) (-2944 5120 352 ) (-2944 5120 -304 ) 
4 21 22 (-2944 5152 -32 ) (-2944 5152 -304 ) (-2944 5120 -304 ) (-2944 5120 -32 ) 
4 22 31 (-3072 5120 -32 ) (-3072 5120 -304 ) (-2944 5120 -304 ) (-2944 5120 -32 ) 
4 22 26 (-3072 5152 -304 ) (-3072 5120 -304 ) (-3072 5120 -32 ) (-3072 5152 -32 ) 
4 23 36 (-4096 5152 1536 ) (-4096 5328 1536 ) (-4096 5328 -304 ) (-4096 5152 -304 ) 
4 23 26 (-3968 5152 -304 ) (-3072 5152 -304 ) (-3072 5152 -32 ) (-3968 5152 -32 ) 
4 23 27 (-4096 5152 -304 ) (-3968 5152 -304 ) (-3968 5152 352 ) (-4096 5152 352 ) 
4 23 24 (-3072 5152 384 ) (-3072 5152 1536 ) (-3968 5152 1536 ) (-3968 5152 384 ) 
4 23 25 (-3968 5152 1536 ) (-4096 5152 1536 ) (-4096 5152 352 ) (-3968 5152 352 ) 
4 24 32 (-3072 5120 384 ) (-3072 5120 1536 ) (-3968 5120 1536 ) (-3968 5120 384 ) 
4 24 25 (-3968 5152 1536 ) (-3968 5152 384 ) (-3968 5120 384 ) (-3968 5120 1536 ) 
4 25 36 (-4096 5120 352 ) (-4096 5120 1536 ) (-4096 5152 1536 ) (-4096 5152 352 ) 
4 25 33 (-4096 5120 1536 ) (-4096 5120 352 ) (-3968 5120 352 ) (-3968 5120 1536 ) 
4 25 27 (-3968 5120 352 ) (-4096 5120 352 ) (-4096 5152 352 ) (-3968 5152 352 ) 
4 26 34 (-3968 5120 -304 ) (-3072 5120 -304 ) (-3072 5120 -32 ) (-3968 5120 -32 ) 
4 26 27 (-3968 5152 -32 ) (-3968 5152 -304 ) (-3968 5120 -304 ) (-3968 5120 -32 ) 
4 27 36 (-4096 5120 -304 ) (-4096 5120 352 ) (-4096 5152 352 ) (-4096 5152 -304 ) 
4 27 35 (-4096 5120 352 ) (-4096 5120 -304 ) (-3968 5120 -304 ) (-3968 5120 352 ) 
4 28 38 (-2048 4096 352 ) (-2048 4096 1536 ) (-2936 4096 1536 ) (-2936 4096 352 ) 
4 28 30 (-2936 5120 352 ) (-2048 5120 352 ) (-2048 4096 352 ) (-2936 4096 352 ) 
4 28 29 (-2936 4096 384 ) (-2936 4096 1536 ) (-2936 5120 1536 ) (-2936 5120 384 ) 
4 29 39 (-2936 4096 1536 ) (-3072 4096 1536 ) (-3072 4096 384 ) (-2936 4096 384 ) 
4 29 32 (-3072 5120 1536 ) (-3072 5120 384 ) (-3072 4096 384 ) (-3072 4096 1536 ) 
4 30 40 (-2048 4096 -304 ) (-2048 4096 352 ) (-2944 4096 352 ) (-2944 4096 -304 ) 
4 30 31 (-2944 5120 -304 ) (-2944 4096 -304 ) (-2944 4096 -32 ) (-2944 5120 -32 ) 
4 31 41 (-3072 4096 -32 ) (-3072 4096 -304 ) (-2944 4096 -304 ) (-2944 4096 -32 ) 
4 31 34 (-3072 5120 -32 ) (-3072 5120 -304 ) (-3072 4096 -304 ) (-3072 4096 -32 ) 
4 32 42 (-3072 4096 384 ) (-3072 4096 1536 ) (-3968 4096 1536 ) (-3968 4096 384 ) 
4 32 33 (-3968 4096 384 ) (-3968 4096 1536 ) (-3968 5120 1536 ) (-3968 5120 384 ) 
4 33 43 (-3968 4096 1536 ) (-4096 4096 1536 ) (-4096 4096 352 ) (-3968 4096 352 ) 
4 33 37 (-4096 4096 352 ) (-4096 4096 1536 ) (-4096 5120 1536 ) (-4096 5120 352 ) 
4 33 35 (-4096 4096 352 ) (-4096 5120 352 ) (-3968 5120 352 ) (-3968 4096 352 ) 
4 34 44 (-3072 4096 -304 ) (-3072 4096 -32 ) (-3968 4096 -32 ) (-3968 4096 -304 ) 
4 34 35 (-3968 5120 -304 ) (-3968 4096 -304 ) (-3968 4096 -32 ) (-3968 5120 -32 ) 
4 35 45 (-3968 4096 352 ) (-4096 4096 352 ) (-4096 4096 -304 ) (-3968 4096 -304 ) 
4 35 37 (-4096 4096 -304 ) (-4096 4096 352 ) (-4096 5120 352 ) (-4096 5120 -304 ) 
4 36 37 (-4096 5120 -304 ) (-4096 5120 1536 ) (-5120 5120 1536 ) (-5120 5120 -304 ) 
4 37 63 (-4096 4096 -304 ) (-4096 4096 1536 ) (-5120 4096 1536 ) (-5120 4096 -304 ) 
4 38 46 (-2048 3072 352 ) (-2048 3072 1536 ) (-2936 3072 1536 ) (-2936 3072 352 ) 
4 38 40 (-2048 3072 352 ) (-2936 3072 352 ) (-2936 4096 352 ) (-2048 4096 352 ) 
4 38 39 (-2936 3072 384 ) (-2936 3072 1536 ) (-2936 4096 1536 ) (-2936 4096 384 ) 
4 39 47 (-2936 3072 1536 ) (-3072 3072 1536 ) (-3072 3072 384 ) (-2936 3072 384 ) 
4 39 42 (-3072 4096 1536 ) (-3072 4096 384 ) (-3072 3072 384 ) (-3072 3072 1536 ) 
4 40 48 (-2048 3072 -304 ) (-2048 3072 352 ) (-2944 3072 352 ) (-2944 3072 -304 ) 
4 40 41 (-2944 4096 -304 ) (-2944 3072 -304 ) (-2944 3072 -32 ) (-2944 4096 -32 ) 
4 41 49 (-3072 3072 -32 ) (-3072 3072 -304 ) (-2944 3072 -304 ) (-2944 3072 -32 ) 
4 41 44 (-3072 4096 -32 ) (-3072 4096 -304 ) (-3072 3072 -304 ) (-3072 3072 -32 ) 
4 42 50 (-3072 3072 384 ) (-3072 3072 1536 ) (-3968 3072 1536 ) (-3968 3072 384 ) 
4 42 43 (-3968 3072 384 ) (-3968 3072 1536 ) (-3968 4096 1536 ) (-3968 4096 384 ) 
4 43 63 (-4096 4096 1536 ) (-4096 4096 352 ) (-4096 3072 352 ) (-4096 3072 1536 ) 
4 43 51 (-3968 3072 1536 ) (-4096 3072 1536 ) (-4096 3072 352 ) (-3968 3072 352 ) 
4 43 45 (-4096 4096 352 ) (-3968 4096 352 ) (-3968 3072 352 ) (-4096 3072 352 ) 
4 44 52 (-3072 3072 -304 ) (-3072 3072 -32 ) (-3968 3072 -32 ) (-3968 3072 -304 ) 
4 44 45 (-3968 4096 -304 ) (-3968 3072 -304 ) (-3968 3072 -32 ) (-3968 4096 -32 ) 
4 45 63 (-4096 4096 352 ) (-4096 4096 -304 ) (-4096 3072 -304 ) (-4096 3072 352 ) 
4 45 53 (-3968 3072 352 ) (-4096 3072 352 ) (-4096 3072 -304 ) (-3968 3072 -304 ) 
4 46 54 (-2048 2048 352 ) (-2048 2048 1536 ) (-2936 2048 1536 ) (-2936 2048 352 ) 
4 46 48 (-2048 2048 352 ) (-2936 2048 352 ) (-2936 3072 352 ) (-2048 3072 352 ) 
4 46 47 (-2936 2048 384 ) (-2936 2048 1536 ) (-2936 3072 1536 ) (-2936 3072 384 ) 
4 47 55 (-2936 2048 1536 ) (-3072 2048 1536 ) (-3072 2048 384 ) (-2936 2048 384 ) 
4 47 50 (-3072 2048 384 ) (-3072 2048 1536 ) (-3072 3072 1536 ) (-3072 3072 384 ) 
4 48 58 (-2048 2048 -304 ) (-2048 2048 -32 ) (-2944 2048 -32 ) (-2944 2048 -304 ) 
4 48 56 (-2048 2048 -32 ) (-2048 2048 352 ) (-2944 2048 352 ) (-2944 2048 -32 ) 
4 48 49 (-2944 3072 -304 ) (-2944 2048 -304 ) (-2944 2048 -32 ) (-2944 3072 -32 ) 
4 49 58 (-3072 2048 -32 ) (-3072 2048 -304 ) (-2944 2048 -304 ) (-2944 2048 -32 ) 
4 49 52 (-3072 2048 -304 ) (-3072 2048 -32 ) (-3072 3072 -32 ) (-3072 3072 -304 ) 
4 50 59 (-3072 2048 384 ) (-3072 2048 1536 ) (-3968 2048 1536 ) (-3968 2048 384 ) 
4 50 51 (-3968 2048 384 ) (-3968 2048 1536 ) (-3968 3072 1536 ) (-3968 3072 384 ) 
4 51 64 (-4096 2048 352 ) (-4096 2048 1536 ) (-4096 3072 1536 ) (-4096 3072 352 ) 
4 51 60 (-4096 2048 1536 ) (-4096 2048 352 ) (-3968 2048 352 ) (-3968 2048 1536 ) 
4 51 53 (-4096 3072 352 ) (-3968 3072 352 ) (-3968 2048 352 ) (-4096 2048 352 ) 
4 52 61 (-3968 2048 -304 ) (-3072 2048 -304 ) (-3072 2048 -32 ) (-3968 2048 -32 ) 
4 52 53 (-3968 3072 -304 ) (-3968 2048 -304 ) (-3968 2048 -32 ) (-3968 3072 -32 ) 
4 53 64 (-4096 2048 -304 ) (-4096 2048 352 ) (-4096 3072 352 ) (-4096 3072 -304 ) 
4 53 62 (-4096 2048 352 ) (-4096 2048 -304 ) (-3968 2048 -304 ) (-3968 2048 352 ) 
4 54 247 (-2936 1024 384 ) (-2936 1024 352 ) (-2624 1024 352 ) (-2624 1024 384 ) 
4 54 246 (-2624 1024 1536 ) (-2936 1024 1536 ) (-2936 1024 384 ) (-2624 1024 384 ) 
4 54 239 (-2048 1024 352 ) (-2048 1024 1536 ) (-2624 1024 1536 ) (-2624 1024 352 ) 
4 54 57 (-2048 1024 352 ) (-2936 1024 352 ) (-2936 1248 352 ) (-2048 1248 352 ) 
4 54 56 (-2936 1248 352 ) (-2936 2048 352 ) (-2048 2048 352 ) (-2048 1248 352 ) 
4 54 55 (-2936 1024 384 ) (-2936 1024 1536 ) (-2936 2048 1536 ) (-2936 2048 384 ) 
4 55 246 (-2936 1024 1536 ) (-3072 1024 1536 ) (-3072 1024 384 ) (-2936 1024 384 ) 
4 55 59 (-3072 2048 1536 ) (-3072 2048 384 ) (-3072 1024 384 ) (-3072 1024 1536 ) 
4 56 58 (-2944 2048 -32 ) (-2048 2048 -32 ) (-2048 1248 -32 ) (-2944 1248 -32 ) 
4 56 57 (-2944 1248 352 ) (-2944 1248 320 ) (-2048 1248 320 ) (-2048 1248 352 ) 
4 57 248 (-2624 1024 352 ) (-2944 1024 352 ) (-2944 1024 320 ) (-2624 1024 320 ) 
4 57 239 (-2048 1024 320 ) (-2048 1024 352 ) (-2624 1024 352 ) (-2624 1024 320 ) 
4 58 252 (-2048 1024 -304 ) (-2048 1024 -36 ) (-3072 1024 -36 ) (-3072 1024 -304 ) 
4 58 251 (-2624 1024 -32 ) (-3072 1024 -32 ) (-3072 1024 -36 ) (-2624 1024 -36 ) 
4 58 243 (-2048 1024 -36 ) (-2048 1024 -32 ) (-2624 1024 -32 ) (-2624 1024 -36 ) 
4 58 61 (-3072 2048 -32 ) (-3072 2048 -304 ) (-3072 1024 -304 ) (-3072 1024 -32 ) 
4 59 255 (-3072 1024 384 ) (-3072 1024 1536 ) (-3968 1024 1536 ) (-3968 1024 384 ) 
4 59 60 (-3968 1024 384 ) (-3968 1024 1536 ) (-3968 2048 1536 ) (-3968 2048 384 ) 
4 60 256 (-4096 1024 384 ) (-4096 1024 352 ) (-3968 1024 352 ) (-3968 1024 384 ) 
4 60 255 (-3968 1024 1536 ) (-4096 1024 1536 ) (-4096 1024 384 ) (-3968 1024 384 ) 
4 60 65 (-4096 1024 352 ) (-4096 1024 1536 ) (-4096 2048 1536 ) (-4096 2048 352 ) 
4 60 62 (-4096 1024 352 ) (-4096 2048 352 ) (-3968 2048 352 ) (-3968 1024 352 ) 
4 61 259 (-3072 1024 -304 ) (-3072 1024 -36 ) (-3968 1024 -36 ) (-3968 1024 -304 ) 
4 61 257 (-3072 1024 -36 ) (-3072 1024 -32 ) (-3968 1024 -32 ) (-3968 1024 -36 ) 
4 61 62 (-3968 2048 -304 ) (-3968 1024 -304 ) (-3968 1024 -32 ) (-3968 2048 -32 ) 
4 62 259 (-4096 1024 -36 ) (-4096 1024 -304 ) (-3968 1024 -304 ) (-3968 1024 -36 ) 
4 62 258 (-3968 1024 352 ) (-4096 1024 352 ) (-4096 1024 -36 ) (-3968 1024 -36 ) 
4 62 65 (-4096 1024 -304 ) (-4096 1024 352 ) (-4096 2048 352 ) (-4096 2048 -304 ) 
4 63 64 (-4096 3072 -304 ) (-4096 3072 1536 ) (-5120 3072 1536 ) (-5120 3072 -304 ) 
4 64 65 (-4096 2048 -304 ) (-4096 2048 1536 ) (-5120 2048 1536 ) (-5120 2048 -304 ) 
4 65 310 (-4096 1024 -304 ) (-4096 1024 -36 ) (-4480 1024 -36 ) (-4480 1024 -304 ) 
4 65 313 (-4480 1024 -36 ) (-5120 1024 -36 ) (-5120 1024 -304 ) (-4480 1024 -304 ) 
4 65 309 (-4096 1024 -36 ) (-4096 1024 1536 ) (-5120 1024 1536 ) (-5120 1024 -36 ) 
4 66 99 (0 1024 -224 ) (0 1024 -304 ) (0 0 -304 ) (0 0 -224 ) 
4 66 97 (0 116 -224 ) (0 0 -224 ) (0 0 -160 ) (0 116 -160 ) 
4 66 93 (0 1024 -160 ) (0 1024 -224 ) (0 116 -224 ) (0 116 -160 ) 
4 66 73 (0 308 -160 ) (0 0 -160 ) (0 0 1536 ) (0 308 1536 ) 
4 66 70 (0 1024 -32 ) (0 1024 -160 ) (0 308 -160 ) (0 308 -32 ) 
4 66 69 (0 1024 1536 ) (0 1024 -32 ) (0 308 -32 ) (0 308 1536 ) 
4 66 67 (272 0 1536 ) (0 0 1536 ) (0 0 -304 ) (272 0 -304 ) 
4 67 164 (0 -1024 -304 ) (0 -1024 -224 ) (0 0 -224 ) (0 0 -304 ) 
4 67 160 (0 -1024 -224 ) (0 -1024 -160 ) (0 0 -160 ) (0 0 -224 ) 
4 67 137 (0 -1024 -160 ) (0 -1024 128 ) (0 0 128 ) (0 0 -160 ) 
4 67 136 (0 -1024 128 ) (0 -1024 1536 ) (0 0 1536 ) (0 0 128 ) 
4 67 68 (0 -1024 1536 ) (0 -1024 -304 ) (272 -1024 -304 ) (272 -1024 1536 ) 
4 68 226 (272 -2048 1536 ) (0 -2048 1536 ) (0 -2048 -304 ) (272 -2048 -304 ) 
4 68 205 (0 -2048 -304 ) (0 -2048 1536 ) (0 -1024 1536 ) (0 -1024 -304 ) 
4 69 78 (-88 564 -16 ) (-88 1024 -16 ) (-88 1024 -32 ) (-88 564 -32 ) 
4 69 77 (-88 308 -16 ) (-88 308 1536 ) (-88 1024 1536 ) (-88 1024 -16 ) 
4 69 75 (-88 308 1536 ) (-88 308 128 ) (-80 308 128 ) (-80 308 1536 ) 
4 69 74 (-72 308 128 ) (-72 308 1536 ) (-80 308 1536 ) (-80 308 128 ) 
4 69 73 (-72 308 -32 ) (0 308 -32 ) (0 308 1536 ) (-72 308 1536 ) 
4 69 71 (-88 564 -32 ) (-88 1024 -32 ) (-72 1024 -32 ) (-72 564 -32 ) 
4 69 72 (-72 308 -32 ) (-88 308 -32 ) (-88 436 -32 ) (-72 436 -32 ) 
4 69 70 (0 308 -32 ) (-72 308 -32 ) (-72 1024 -32 ) (0 1024 -32 ) 
4 70 93 (-72 1024 -160 ) (0 1024 -160 ) (0 308 -160 ) (-72 308 -160 ) 
4 70 73 (-72 308 -160 ) (0 308 -160 ) (0 308 -32 ) (-72 308 -32 ) 
4 70 71 (-72 1024 -160 ) (-72 564 -160 ) (-72 564 -32 ) (-72 1024 -32 ) 
4 70 72 (-72 436 -160 ) (-72 308 -160 ) (-72 308 -32 ) (-72 436 -32 ) 
4 71 93 (-88 1024 -160 ) (-72 1024 -160 ) (-72 564 -160 ) (-88 564 -160 ) 
4 71 80 (-88 1024 -160 ) (-88 580 -160 ) (-88 580 -32 ) (-88 1024 -32 ) 
4 72 93 (-72 436 -160 ) (-72 308 -160 ) (-88 308 -160 ) (-88 436 -160 ) 
4 73 137 (0 0 -160 ) (0 0 128 ) (-72 0 128 ) (-72 0 -160 ) 
4 73 136 (0 0 128 ) (0 0 1536 ) (-72 0 1536 ) (-72 0 128 ) 
4 73 97 (0 116 -160 ) (0 0 -160 ) (-72 0 -160 ) (-72 116 -160 ) 
4 73 93 (0 308 -160 ) (0 116 -160 ) (-72 116 -160 ) (-72 308 -160 ) 
4 73 74 (-72 0 1536 ) (-72 308 1536 ) (-72 308 128 ) (-72 0 128 ) 
4 74 136 (-72 0 1536 ) (-80 0 1536 ) (-80 0 128 ) (-72 0 128 ) 
4 74 75 (-80 308 1536 ) (-80 308 128 ) (-80 0 128 ) (-80 0 1536 ) 
4 75 139 (-88 0 1536 ) (-88 0 128 ) (-80 0 128 ) (-80 0 1536 ) 
4 75 85 (-88 0 200 ) (-88 0 1536 ) (-88 148 1536 ) (-88 148 200 ) 
4 75 77 (-88 148 1536 ) (-88 308 1536 ) (-88 308 128 ) (-88 148 128 ) 
4 76 141 (-88 0 -48 ) (-88 0 -160 ) (-80 0 -160 ) (-80 0 -48 ) 
4 76 88 (-88 16 -160 ) (-88 0 -160 ) (-88 0 -48 ) (-88 16 -48 ) 
4 77 91 (-472 1024 0 ) (-472 1024 -16 ) (-472 172 -16 ) (-472 172 0 ) 
4 77 90 (-472 148 200 ) (-472 148 1536 ) (-472 172 1536 ) (-472 172 200 ) 
4 77 89 (-472 1024 1536 ) (-472 1024 0 ) (-472 172 0 ) (-472 172 1536 ) 
4 77 85 (-472 148 1536 ) (-472 148 200 ) (-88 148 200 ) (-88 148 1536 ) 
4 77 78 (-448 564 -16 ) (-448 1024 -16 ) (-88 1024 -16 ) (-88 564 -16 ) 
4 77 79 (-448 148 -16 ) (-472 148 -16 ) (-472 1024 -16 ) (-448 1024 -16 ) 
4 78 80 (-448 580 -32 ) (-448 1024 -32 ) (-88 1024 -32 ) (-88 580 -32 ) 
4 78 79 (-448 1024 -32 ) (-448 564 -32 ) (-448 564 -16 ) (-448 1024 -16 ) 
4 79 91 (-472 1024 -16 ) (-472 1024 -32 ) (-472 172 -32 ) (-472 172 -16 ) 
4 79 83 (-464 564 -32 ) (-464 1024 -32 ) (-448 1024 -32 ) (-448 564 -32 ) 
4 79 84 (-464 148 -32 ) (-472 148 -32 ) (-472 1024 -32 ) (-464 1024 -32 ) 
4 80 94 (-448 1024 -160 ) (-88 1024 -160 ) (-88 580 -160 ) (-448 580 -160 ) 
4 80 83 (-448 1024 -160 ) (-448 580 -160 ) (-448 580 -32 ) (-448 1024 -32 ) 
4 81 82 (-320 564 -32 ) (-320 564 -160 ) (-320 436 -160 ) (-320 436 -32 ) 
4 82 87 (-412 148 -160 ) (-356 148 -160 ) (-356 148 -48 ) (-412 148 -48 ) 
4 83 96 (-464 1024 -160 ) (-448 1024 -160 ) (-448 564 -160 ) (-464 564 -160 ) 
4 83 84 (-464 1024 -160 ) (-464 564 -160 ) (-464 564 -32 ) (-464 1024 -32 ) 
4 84 96 (-472 1024 -160 ) (-464 1024 -160 ) (-464 148 -160 ) (-472 148 -160 ) 
4 84 91 (-472 1024 -32 ) (-472 1024 -160 ) (-472 172 -160 ) (-472 172 -32 ) 
4 85 143 (-472 0 1536 ) (-472 0 200 ) (-88 0 200 ) (-88 0 1536 ) 
4 85 90 (-472 0 200 ) (-472 0 1536 ) (-472 148 1536 ) (-472 148 200 ) 
4 86 145 (-472 0 120 ) (-472 0 -48 ) (-88 0 -48 ) (-88 0 120 ) 
4 86 92 (-472 0 -48 ) (-472 0 0 ) (-472 44 0 ) (-472 44 -48 ) 
4 86 88 (-472 0 -48 ) (-472 116 -48 ) (-88 116 -48 ) (-88 0 -48 ) 
4 87 88 (-356 116 -48 ) (-412 116 -48 ) (-412 116 -160 ) (-356 116 -160 ) 
4 88 145 (-472 0 -48 ) (-472 0 -160 ) (-88 0 -160 ) (-88 0 -48 ) 
4 88 92 (-472 44 -160 ) (-472 0 -160 ) (-472 0 -48 ) (-472 44 -48 ) 
4 89 101 (-488 172 1536 ) (-488 712 1536 ) (-488 712 800 ) (-488 172 800 ) 
4 89 100 (-488 712 1536 ) (-488 1024 1536 ) (-488 1024 0 ) (-488 712 0 ) 
4 89 91 (-488 172 0 ) (-488 1024 0 ) (-472 1024 0 ) (-472 172 0 ) 
4 89 90 (-472 172 200 ) (-472 172 1536 ) (-488 172 1536 ) (-488 172 200 ) 
4 90 147 (-488 0 1536 ) (-488 0 200 ) (-472 0 200 ) (-472 0 1536 ) 
4 90 103 (-488 0 352 ) (-488 0 1536 ) (-488 72 1536 ) (-488 72 352 ) 
4 90 101 (-488 72 1536 ) (-488 172 1536 ) (-488 172 800 ) (-488 72 800 ) 
4 91 102 (-488 712 -32 ) (-488 712 -160 ) (-488 172 -160 ) (-488 172 -32 ) 
4 91 100 (-488 712 0 ) (-488 1024 0 ) (-488 1024 -160 ) (-488 712 -160 ) 
4 91 98 (-488 516 -160 ) (-488 1024 -160 ) (-472 1024 -160 ) (-472 516 -160 ) 
4 92 149 (-488 0 0 ) (-488 0 -160 ) (-472 0 -160 ) (-472 0 0 ) 
4 92 108 (-488 0 -160 ) (-488 0 -32 ) (-488 44 -32 ) (-488 44 -160 ) 
4 92 106 (-488 0 -32 ) (-488 0 0 ) (-488 44 0 ) (-488 44 -32 ) 
4 93 99 (-88 1024 -224 ) (0 1024 -224 ) (0 116 -224 ) (-88 116 -224 ) 
4 93 97 (-80 116 -224 ) (0 116 -224 ) (0 116 -160 ) (-80 116 -160 ) 
4 93 95 (-88 564 -224 ) (-88 116 -224 ) (-88 116 -176 ) (-88 564 -176 ) 
4 93 94 (-88 1024 -224 ) (-88 564 -224 ) (-88 564 -160 ) (-88 1024 -160 ) 
4 94 99 (-448 1024 -224 ) (-88 1024 -224 ) (-88 564 -224 ) (-448 564 -224 ) 
4 94 95 (-448 564 -176 ) (-448 564 -224 ) (-88 564 -224 ) (-88 564 -176 ) 
4 94 96 (-448 1024 -224 ) (-448 564 -224 ) (-448 564 -160 ) (-448 1024 -160 ) 
4 95 99 (-88 564 -224 ) (-88 116 -224 ) (-448 116 -224 ) (-448 564 -224 ) 
4 95 96 (-448 564 -224 ) (-448 116 -224 ) (-448 116 -176 ) (-448 564 -176 ) 
4 96 99 (-472 116 -224 ) (-472 1024 -224 ) (-448 1024 -224 ) (-448 116 -224 ) 
4 96 98 (-472 1024 -224 ) (-472 516 -224 ) (-472 516 -160 ) (-472 1024 -160 ) 
4 97 160 (0 0 -224 ) (0 0 -160 ) (-80 0 -160 ) (-80 0 -224 ) 
4 97 99 (0 0 -224 ) (-80 0 -224 ) (-80 116 -224 ) (0 116 -224 ) 
4 98 102 (-488 516 -160 ) (-488 712 -160 ) (-488 712 -224 ) (-488 516 -224 ) 
4 98 100 (-488 712 -160 ) (-488 1024 -160 ) (-488 1024 -224 ) (-488 712 -224 ) 
4 98 99 (-488 516 -224 ) (-488 1024 -224 ) (-472 1024 -224 ) (-472 516 -224 ) 
4 99 164 (0 0 -304 ) (0 0 -224 ) (-488 0 -224 ) (-488 0 -304 ) 
4 99 110 (-488 0 -304 ) (-488 0 -224 ) (-488 72 -224 ) (-488 72 -304 ) 
4 99 102 (-488 72 -224 ) (-488 712 -224 ) (-488 712 -304 ) (-488 72 -304 ) 
4 99 100 (-488 712 -224 ) (-488 1024 -224 ) (-488 1024 -304 ) (-488 712 -304 ) 
4 100 131 (-1024 1024 -160 ) (-1024 1024 -304 ) (-1024 712 -304 ) (-1024 712 -160 ) 
4 100 130 (-1024 1024 -36 ) (-1024 1024 -160 ) (-1024 712 -160 ) (-1024 712 -36 ) 
4 100 118 (-1024 1024 224 ) (-1024 1024 -32 ) (-1024 712 -32 ) (-1024 712 224 ) 
4 100 123 (-1024 1024 -32 ) (-1024 1024 -36 ) (-1024 712 -36 ) (-1024 712 -32 ) 
4 100 111 (-1024 1024 1536 ) (-1024 1024 224 ) (-1024 712 224 ) (-1024 712 1536 ) 
4 100 102 (-488 712 -304 ) (-488 712 -32 ) (-1024 712 -32 ) (-1024 712 -304 ) 
4 100 101 (-488 712 800 ) (-488 712 1536 ) (-1024 712 1536 ) (-1024 712 800 ) 
4 101 112 (-1024 72 800 ) (-1024 72 1536 ) (-1024 712 1536 ) (-1024 712 800 ) 
4 101 103 (-1024 72 1536 ) (-1024 72 800 ) (-488 72 800 ) (-488 72 1536 ) 
4 102 131 (-1024 72 -304 ) (-1024 72 -160 ) (-1024 712 -160 ) (-1024 712 -304 ) 
4 102 130 (-1024 72 -160 ) (-1024 72 -36 ) (-1024 712 -36 ) (-1024 712 -160 ) 
4 102 123 (-1024 72 -36 ) (-1024 72 -32 ) (-1024 712 -32 ) (-1024 712 -36 ) 
4 102 110 (-1024 72 -224 ) (-1024 72 -304 ) (-488 72 -304 ) (-488 72 -224 ) 
4 102 109 (-1024 72 -160 ) (-1024 72 -224 ) (-488 72 -224 ) (-488 72 -160 ) 
4 103 151 (-488 0 352 ) (-488 0 1536 ) (-1024 0 1536 ) (-1024 0 352 ) 
4 103 114 (-1024 0 352 ) (-1024 0 1536 ) (-1024 72 1536 ) (-1024 72 352 ) 
4 103 104 (-1024 72 352 ) (-999.988342 72 352 ) (-999.988342 0 352 ) (-1024 0 352 ) 
3 104 152 (-999.988342 0 352 ) (-1024 0 352 ) (-1024 0 327.988312 ) 
4 104 114 (-1024 0 327.988312 ) (-1024 0 352 ) (-1024 72 352 ) (-1024 72 327.988312 ) 
4 105 154 (-856 0 96 ) (-1024 0 96 ) (-1024 0 80 ) (-856 0 80 ) 
4 105 153 (-488 0 80 ) (-488 0 96 ) (-856 0 96 ) (-856 0 80 ) 
4 105 124 (-1024 0 80 ) (-1024 0 96 ) (-1024 64 96 ) (-1024 64 80 ) 
4 105 106 (-988 64 80 ) (-488 64 80 ) (-488 0 80 ) (-988 0 80 ) 
4 105 107 (-1024 0 80 ) (-1024 64 80 ) (-988 64 80 ) (-988 0 80 ) 
4 106 154 (-856 0 80 ) (-988 0 80 ) (-988 0 -32 ) (-856 0 -32 ) 
4 106 153 (-488 0 -32 ) (-488 0 80 ) (-856 0 80 ) (-856 0 -32 ) 
4 106 108 (-488 64 -32 ) (-488 0 -32 ) (-856 0 -32 ) (-856 64 -32 ) 
4 106 107 (-988 64 -32 ) (-988 0 -32 ) (-988 0 80 ) (-988 64 80 ) 
4 107 154 (-988 0 80 ) (-1024 0 80 ) (-1024 0 -32 ) (-988 0 -32 ) 
4 107 125 (-1024 0 -32 ) (-1024 0 80 ) (-1024 72 80 ) (-1024 72 -32 ) 
4 108 153 (-488 0 -160 ) (-488 0 -32 ) (-856 0 -32 ) (-856 0 -160 ) 
4 109 131 (-1024 64 -160 ) (-1024 72 -160 ) (-1024 72 -224 ) (-1024 64 -224 ) 
4 109 110 (-1024 72 -224 ) (-488 72 -224 ) (-488 64 -224 ) (-1024 64 -224 ) 
4 110 164 (-488 0 -304 ) (-488 0 -224 ) (-1024 0 -224 ) (-1024 0 -304 ) 
4 110 132 (-1024 0 -304 ) (-1024 0 -224 ) (-1024 64 -224 ) (-1024 64 -304 ) 
4 110 131 (-1024 64 -224 ) (-1024 72 -224 ) (-1024 72 -304 ) (-1024 64 -304 ) 
4 111 118 (-1432 712 224 ) (-1432 1024 224 ) (-1024 1024 224 ) (-1024 712 224 ) 
4 111 115 (-1432 1024 224 ) (-1432 712 224 ) (-1432 712 1536 ) (-1432 1024 1536 ) 
4 111 112 (-1432 712 1536 ) (-1432 712 800 ) (-1024 712 800 ) (-1024 712 1536 ) 
4 112 115 (-1432 72 800 ) (-1432 72 1536 ) (-1432 712 1536 ) (-1432 712 800 ) 
4 112 114 (-1432 72 1536 ) (-1432 72 800 ) (-1024 72 800 ) (-1024 72 1536 ) 
3 112 113 (-1304 72 800 ) (-1432 72 800 ) (-1432 200 800 ) 
3 113 119 (-1432 72 224 ) (-1432 200 224 ) (-1304 72 224 ) 
4 113 115 (-1432 200 224 ) (-1432 72 224 ) (-1432 72 800 ) (-1432 200 800 ) 
4 113 114 (-1432 72 800 ) (-1432 72 224 ) (-1304 72 224 ) (-1304 72 800 ) 
4 114 169 (-1280 0 1536 ) (-1432 0 1536 ) (-1432 0 224 ) (-1280 0 224 ) 
5 114 165 (-1024 0 327.988281 ) (-1024 0 1536 ) (-1280 0 1536 ) (-1280 0 224 ) (-1127.988281 0 224 ) 
4 114 129 (-1127.988281 0 224 ) (-1432 0 224 ) (-1432 72 224 ) (-1127.988281 72 224 ) 
4 114 115 (-1432 72 224 ) (-1432 0 224 ) (-1432 0 1536 ) (-1432 72 1536 ) 
4 115 183 (-1944 0 224 ) (-1920 0 224 ) (-1920 0 1536 ) (-1944 0 1536 ) 
4 115 172 (-1920 0 224 ) (-1792 0 224 ) (-1792 0 1536 ) (-1920 0 1536 ) 
4 115 169 (-1664 0 224 ) (-1432 0 224 ) (-1432 0 1536 ) (-1664 0 1536 ) 
4 115 171 (-1792 0 224 ) (-1664 0 224 ) (-1664 0 1536 ) (-1792 0 1536 ) 
4 115 129 (-1432 0 224 ) (-1944 0 224 ) (-1944 72 224 ) (-1432 72 224 ) 
4 115 120 (-1944 640 224 ) (-1944 1024 224 ) (-1432 1024 224 ) (-1432 640 224 ) 
4 115 121 (-1944 72 224 ) (-1944 592 224 ) (-1432 592 224 ) (-1432 72 224 ) 
4 115 117 (-1944 384 224 ) (-1944 0 224 ) (-1944 0 320 ) (-1944 384 320 ) 
4 115 116 (-1944 0 320 ) (-1944 0 1536 ) (-1944 1024 1536 ) (-1944 1024 320 ) 
4 116 241 (-2048 192 320 ) (-2048 0 320 ) (-2048 0 1536 ) (-2048 192 1536 ) 
4 116 239 (-2048 1024 1536 ) (-2048 1024 320 ) (-2048 192 320 ) (-2048 192 1536 ) 
4 116 183 (-2048 0 1536 ) (-2048 0 320 ) (-1944 0 320 ) (-1944 0 1536 ) 
4 116 117 (-2048 0 320 ) (-2048 280 320 ) (-1944 384 320 ) (-1944 0 320 ) 
4 117 241 (-2048 192 224 ) (-2048 0 224 ) (-2048 0 320 ) (-2048 192 320 ) 
4 117 240 (-2048 280 224 ) (-2048 192 224 ) (-2048 192 320 ) (-2048 280 320 ) 
4 117 183 (-2048 0 320 ) (-2048 0 224 ) (-1944 0 224 ) (-1944 0 320 ) 
4 117 129 (-1944 0 224 ) (-2048 0 224 ) (-2048 72 224 ) (-1944 72 224 ) 
4 117 122 (-2048 72 224 ) (-2048 280 224 ) (-1944 384 224 ) (-1944 72 224 ) 
4 118 120 (-1432 1024 -32 ) (-1432 712 -32 ) (-1432 712 224 ) (-1432 1024 224 ) 
4 118 123 (-1432 712 -32 ) (-1432 1024 -32 ) (-1024 1024 -32 ) (-1024 712 -32 ) 
4 119 129 (-1304 72 224 ) (-1432 72 224 ) (-1432 72 -32 ) (-1304 72 -32 ) 
4 119 121 (-1432 200 -32 ) (-1432 72 -32 ) (-1432 72 224 ) (-1432 200 224 ) 
3 119 123 (-1304 72 -32 ) (-1432 72 -32 ) (-1432 200 -32 ) 
4 120 123 (-1944 640 -32 ) (-1944 1024 -32 ) (-1432 1024 -32 ) (-1432 640 -32 ) 
4 121 129 (-1432 72 224 ) (-1944 72 224 ) (-1944 72 -32 ) (-1432 72 -32 ) 
4 121 122 (-1944 384 -32 ) (-1944 72 -32 ) (-1944 72 224 ) (-1944 384 224 ) 
4 121 123 (-1432 72 -32 ) (-1944 72 -32 ) (-1944 592 -32 ) (-1432 592 -32 ) 
4 122 244 (-2048 192 -32 ) (-2048 72 -32 ) (-2048 72 104 ) (-2048 192 104 ) 
4 122 242 (-2048 280 -32 ) (-2048 192 -32 ) (-2048 192 104 ) (-2048 280 104 ) 
4 122 241 (-2048 72 104 ) (-2048 72 224 ) (-2048 192 224 ) (-2048 192 104 ) 
4 122 240 (-2048 192 224 ) (-2048 280 224 ) (-2048 280 104 ) (-2048 192 104 ) 
4 122 129 (-1944 72 224 ) (-2048 72 224 ) (-2048 72 -32 ) (-1944 72 -32 ) 
4 122 123 (-1944 72 -32 ) (-2048 72 -32 ) (-2048 280 -32 ) (-1944 384 -32 ) 
4 123 244 (-2048 192 -36 ) (-2048 72 -36 ) (-2048 72 -32 ) (-2048 192 -32 ) 
4 123 243 (-2048 1024 -32 ) (-2048 1024 -36 ) (-2048 192 -36 ) (-2048 192 -32 ) 
4 123 134 (-1112 192 -36 ) (-1112 72 -36 ) (-2048 72 -36 ) (-2048 192 -36 ) 
4 123 133 (-2048 1024 -36 ) (-1112 1024 -36 ) (-1112 192 -36 ) (-2048 192 -36 ) 
4 123 130 (-1112 1024 -36 ) (-1024 1024 -36 ) (-1024 72 -36 ) (-1112 72 -36 ) 
4 123 127 (-1120 72 -36 ) (-1112 72 -36 ) (-1112 72 -32 ) (-1120 72 -32 ) 
4 123 129 (-2048 72 -36 ) (-1120 72 -36 ) (-1120 72 -32 ) (-2048 72 -32 ) 
4 124 187 (-1024 0 80 ) (-1024 0 96 ) (-1112 0 96 ) (-1112 0 80 ) 
4 124 126 (-1044 0 80 ) (-1112 0 80 ) (-1112 64 80 ) (-1044 64 80 ) 
4 124 125 (-1024 0 80 ) (-1044 0 80 ) (-1044 64 80 ) (-1024 64 80 ) 
4 125 187 (-1024 0 -32 ) (-1024 0 80 ) (-1044 0 80 ) (-1044 0 -32 ) 
4 125 126 (-1044 64 -32 ) (-1044 0 -32 ) (-1044 0 80 ) (-1044 64 80 ) 
4 126 187 (-1044 0 80 ) (-1112 0 80 ) (-1112 0 -32 ) (-1044 0 -32 ) 
4 126 128 (-1112 28 -32 ) (-1112 0 -32 ) (-1112 0 80 ) (-1112 28 80 ) 
4 127 134 (-1120 28 -36 ) (-1120 72 -36 ) (-1112 72 -36 ) (-1112 28 -36 ) 
4 127 128 (-1112 28 -36 ) (-1112 28 -32 ) (-1120 28 -32 ) (-1120 28 -36 ) 
4 127 129 (-1120 72 -32 ) (-1120 72 -36 ) (-1120 28 -36 ) (-1120 28 -32 ) 
4 128 188 (-1120 0 80 ) (-1120 0 -36 ) (-1112 0 -36 ) (-1112 0 80 ) 
4 128 134 (-1112 0 -36 ) (-1120 0 -36 ) (-1120 28 -36 ) (-1112 28 -36 ) 
4 128 129 (-1120 28 -36 ) (-1120 0 -36 ) (-1120 0 80 ) (-1120 28 80 ) 
4 129 244 (-2048 72 -36 ) (-2048 0 -36 ) (-2048 0 104 ) (-2048 72 104 ) 
4 129 241 (-2048 0 104 ) (-2048 0 224 ) (-2048 72 224 ) (-2048 72 104 ) 
4 129 190 (-1120 0 224 ) (-2048 0 224 ) (-2048 0 -36 ) (-1120 0 -36 ) 
4 129 134 (-1120 0 -36 ) (-2048 0 -36 ) (-2048 72 -36 ) (-1120 72 -36 ) 
4 130 134 (-1112 72 -36 ) (-1112 192 -36 ) (-1112 192 -160 ) (-1112 72 -160 ) 
4 130 133 (-1112 192 -36 ) (-1112 1024 -36 ) (-1112 1024 -160 ) (-1112 192 -160 ) 
4 130 131 (-1112 72 -160 ) (-1112 1024 -160 ) (-1024 1024 -160 ) (-1024 72 -160 ) 
4 131 135 (-1112 1024 -224 ) (-1112 1024 -304 ) (-1112 64 -304 ) (-1112 64 -224 ) 
4 131 134 (-1112 192 -224 ) (-1112 64 -224 ) (-1112 64 -160 ) (-1112 192 -160 ) 
4 131 133 (-1112 1024 -160 ) (-1112 1024 -224 ) (-1112 192 -224 ) (-1112 192 -160 ) 
4 131 132 (-1112 64 -304 ) (-1024 64 -304 ) (-1024 64 -224 ) (-1112 64 -224 ) 
4 132 200 (-1024 0 -304 ) (-1024 0 -224 ) (-1112 0 -224 ) (-1112 0 -304 ) 
4 132 135 (-1112 64 -304 ) (-1112 0 -304 ) (-1112 0 -224 ) (-1112 64 -224 ) 
4 133 252 (-2048 1024 -36 ) (-2048 1024 -224 ) (-2048 192 -224 ) (-2048 192 -36 ) 
4 133 135 (-2048 1024 -224 ) (-1112 1024 -224 ) (-1112 192 -224 ) (-2048 192 -224 ) 
4 133 134 (-2048 192 -224 ) (-1112 192 -224 ) (-1112 192 -36 ) (-2048 192 -36 ) 
4 134 253 (-2048 192 -224 ) (-2048 0 -224 ) (-2048 0 -36 ) (-2048 192 -36 ) 
4 134 202 (-1112 0 -224 ) (-1112 0 -36 ) (-1624 0 -36 ) (-1624 0 -224 ) 
4 134 203 (-1624 0 -36 ) (-2048 0 -36 ) (-2048 0 -224 ) (-1624 0 -224 ) 
4 134 135 (-1112 192 -224 ) (-1112 0 -224 ) (-2048 0 -224 ) (-2048 192 -224 ) 
4 135 254 (-2048 192 -304 ) (-2048 0 -304 ) (-2048 0 -224 ) (-2048 192 -224 ) 
4 135 252 (-2048 1024 -224 ) (-2048 1024 -304 ) (-2048 192 -304 ) (-2048 192 -224 ) 
4 135 204 (-1112 0 -304 ) (-1112 0 -224 ) (-2048 0 -224 ) (-2048 0 -304 ) 
4 136 205 (0 -1024 128 ) (0 -1024 1536 ) (-80 -1024 1536 ) (-80 -1024 128 ) 
4 136 139 (-80 -332 1536 ) (-80 0 1536 ) (-80 0 128 ) (-80 -332 128 ) 
4 136 140 (-80 -1024 128 ) (-80 -1024 1536 ) (-80 -332 1536 ) (-80 -332 128 ) 
4 136 138 (-72 -1024 128 ) (-80 -1024 128 ) (-80 -332 128 ) (-72 -332 128 ) 
4 136 137 (0 -1024 128 ) (-72 -1024 128 ) (-72 0 128 ) (0 0 128 ) 
4 137 205 (0 -1024 -160 ) (0 -1024 128 ) (-72 -1024 128 ) (-72 -1024 -160 ) 
4 137 160 (0 -1024 -160 ) (-72 -1024 -160 ) (-72 0 -160 ) (0 0 -160 ) 
4 137 138 (-72 -332 -160 ) (-72 -1024 -160 ) (-72 -1024 128 ) (-72 -332 128 ) 
4 138 205 (-72 -1024 128 ) (-80 -1024 128 ) (-80 -1024 -160 ) (-72 -1024 -160 ) 
4 138 160 (-72 -1024 -160 ) (-80 -1024 -160 ) (-80 -332 -160 ) (-72 -332 -160 ) 
4 138 142 (-80 -332 -160 ) (-80 -1024 -160 ) (-80 -1024 -48 ) (-80 -332 -48 ) 
4 138 140 (-80 -1024 -48 ) (-80 -1024 128 ) (-80 -332 128 ) (-80 -332 -48 ) 
4 139 143 (-88 0 1536 ) (-88 0 200 ) (-88 -172 200 ) (-88 -172 1536 ) 
4 139 144 (-88 -172 128 ) (-88 -332 128 ) (-88 -332 1536 ) (-88 -172 1536 ) 
4 139 140 (-80 -332 128 ) (-80 -332 1536 ) (-88 -332 1536 ) (-88 -332 128 ) 
4 140 205 (-88 -1024 1536 ) (-88 -1024 -48 ) (-80 -1024 -48 ) (-80 -1024 1536 ) 
4 140 146 (-88 -332 -48 ) (-88 -1024 -48 ) (-88 -1024 120 ) (-88 -332 120 ) 
4 140 144 (-88 -1024 120 ) (-88 -1024 1536 ) (-88 -332 1536 ) (-88 -332 120 ) 
4 140 142 (-88 -1024 -48 ) (-88 -332 -48 ) (-80 -332 -48 ) (-80 -1024 -48 ) 
4 141 145 (-88 0 -48 ) (-88 0 -160 ) (-88 -40 -160 ) (-88 -40 -48 ) 
4 142 205 (-88 -1024 -48 ) (-88 -1024 -160 ) (-80 -1024 -160 ) (-80 -1024 -48 ) 
4 142 161 (-80 -1024 -160 ) (-88 -1024 -160 ) (-88 -332 -160 ) (-80 -332 -160 ) 
4 142 146 (-88 -332 -160 ) (-88 -1024 -160 ) (-88 -1024 -48 ) (-88 -332 -48 ) 
4 143 147 (-472 -172 1536 ) (-472 0 1536 ) (-472 0 200 ) (-472 -172 200 ) 
4 143 144 (-88 -172 200 ) (-88 -172 1536 ) (-472 -172 1536 ) (-472 -172 200 ) 
4 144 205 (-472 -1024 1536 ) (-472 -1024 120 ) (-88 -1024 120 ) (-88 -1024 1536 ) 
4 144 148 (-472 -1024 120 ) (-472 -1024 1536 ) (-472 -172 1536 ) (-472 -172 120 ) 
4 144 146 (-472 -1024 120 ) (-472 -172 120 ) (-88 -172 120 ) (-88 -1024 120 ) 
4 145 149 (-472 0 -160 ) (-472 -44 -160 ) (-472 -44 0 ) (-472 0 0 ) 
4 146 205 (-472 -1024 120 ) (-472 -1024 -160 ) (-88 -1024 -160 ) (-88 -1024 120 ) 
4 146 161 (-88 -1024 -160 ) (-472 -1024 -160 ) (-472 -172 -160 ) (-88 -172 -160 ) 
4 146 150 (-472 -172 -160 ) (-472 -1024 -160 ) (-472 -1024 0 ) (-472 -172 0 ) 
4 146 148 (-472 -1024 0 ) (-472 -1024 120 ) (-472 -172 120 ) (-472 -172 0 ) 
4 147 151 (-488 -172 1536 ) (-488 0 1536 ) (-488 0 352 ) (-488 -172 352 ) 
4 147 148 (-472 -172 200 ) (-472 -172 1536 ) (-488 -172 1536 ) (-488 -172 200 ) 
4 148 205 (-488 -1024 1536 ) (-488 -1024 0 ) (-472 -1024 0 ) (-472 -1024 1536 ) 
4 148 155 (-488 -1024 0 ) (-488 -1024 1536 ) (-488 -192 1536 ) (-488 -192 0 ) 
4 148 151 (-488 -192 1536 ) (-488 -172 1536 ) (-488 -172 352 ) (-488 -192 352 ) 
4 148 150 (-488 -1024 0 ) (-488 -172 0 ) (-472 -172 0 ) (-472 -1024 0 ) 
4 149 153 (-488 0 -160 ) (-488 -44 -160 ) (-488 -44 0 ) (-488 0 0 ) 
4 150 205 (-488 -1024 0 ) (-488 -1024 -160 ) (-472 -1024 -160 ) (-472 -1024 0 ) 
4 150 162 (-472 -1024 -160 ) (-488 -1024 -160 ) (-488 -172 -160 ) (-472 -172 -160 ) 
4 150 155 (-488 -192 -160 ) (-488 -1024 -160 ) (-488 -1024 0 ) (-488 -192 0 ) 
4 151 165 (-1024 0 1536 ) (-1024 0 352 ) (-1024 -192 352 ) (-1024 -192 1536 ) 
4 151 156 (-832 -192 1536 ) (-1024 -192 1536 ) (-1024 -192 800 ) (-832 -192 800 ) 
4 151 155 (-488 -192 352 ) (-488 -192 1536 ) (-832 -192 1536 ) (-832 -192 352 ) 
4 151 152 (-999.988342 -192 352 ) (-1024 -192 352 ) (-1024 0 352 ) (-999.988342 0 352 ) 
4 152 165 (-1024 0 352 ) (-1024 0 327.988312 ) (-1024 -192 327.988312 ) (-1024 -192 352 ) 
4 153 154 (-856 -64 -32 ) (-856 -64 96 ) (-856 0 96 ) (-856 0 -32 ) 
4 154 187 (-1024 0 96 ) (-1024 0 -32 ) (-1024 -184 -32 ) (-1024 -184 96 ) 
4 155 205 (-832 -1024 1536 ) (-832 -1024 -160 ) (-488 -1024 -160 ) (-488 -1024 1536 ) 
4 155 163 (-488 -1024 -160 ) (-832 -1024 -160 ) (-832 -192 -160 ) (-488 -192 -160 ) 
4 155 158 (-832 -192 -32 ) (-832 -192 -160 ) (-832 -480 -160 ) (-832 -480 -32 ) 
4 155 159 (-832 -480 -160 ) (-832 -1024 -160 ) (-832 -1024 224 ) (-832 -480 224 ) 
4 155 157 (-832 -704 224 ) (-832 -1024 224 ) (-832 -1024 1536 ) (-832 -704 1536 ) 
4 155 156 (-832 -192 1536 ) (-832 -192 800 ) (-832 -704 800 ) (-832 -704 1536 ) 
4 156 166 (-1024 -192 1536 ) (-1024 -192 800 ) (-1024 -704 800 ) (-1024 -704 1536 ) 
4 156 157 (-1024 -704 1536 ) (-1024 -704 800 ) (-832 -704 800 ) (-832 -704 1536 ) 
4 157 205 (-1024 -1024 1536 ) (-1024 -1024 224 ) (-832 -1024 224 ) (-832 -1024 1536 ) 
4 157 185 (-1024 -1024 224 ) (-1024 -1024 992 ) (-1024 -896 992 ) (-1024 -896 224 ) 
4 157 184 (-1024 -1024 992 ) (-1024 -1024 1536 ) (-1024 -896 1536 ) (-1024 -896 992 ) 
4 157 168 (-1024 -896 1536 ) (-1024 -704 1536 ) (-1024 -704 224 ) (-1024 -896 224 ) 
4 157 159 (-832 -704 224 ) (-832 -1024 224 ) (-1024 -1024 224 ) (-1024 -704 224 ) 
4 158 199 (-1024 -192 -36 ) (-1024 -192 -160 ) (-1024 -480 -160 ) (-1024 -480 -36 ) 
4 158 196 (-1024 -192 -32 ) (-1024 -192 -36 ) (-1024 -480 -36 ) (-1024 -480 -32 ) 
4 158 163 (-1024 -480 -160 ) (-1024 -192 -160 ) (-832 -192 -160 ) (-832 -480 -160 ) 
4 158 159 (-1024 -480 -160 ) (-832 -480 -160 ) (-832 -480 -32 ) (-1024 -480 -32 ) 
4 159 205 (-1024 -1024 224 ) (-1024 -1024 -160 ) (-832 -1024 -160 ) (-832 -1024 224 ) 
4 159 199 (-1024 -1024 -160 ) (-1024 -1024 -36 ) (-1024 -480 -36 ) (-1024 -480 -160 ) 
4 159 196 (-1024 -1024 -36 ) (-1024 -1024 -32 ) (-1024 -480 -32 ) (-1024 -480 -36 ) 
4 159 192 (-1024 -1024 -32 ) (-1024 -1024 224 ) (-1024 -480 224 ) (-1024 -480 -32 ) 
4 159 163 (-832 -1024 -160 ) (-1024 -1024 -160 ) (-1024 -480 -160 ) (-832 -480 -160 ) 
4 160 205 (0 -1024 -224 ) (0 -1024 -160 ) (-80 -1024 -160 ) (-80 -1024 -224 ) 
4 160 164 (-80 0 -224 ) (0 0 -224 ) (0 -1024 -224 ) (-80 -1024 -224 ) 
4 160 161 (-80 -172 -224 ) (-80 -1024 -224 ) (-80 -1024 -160 ) (-80 -172 -160 ) 
4 161 205 (-80 -1024 -160 ) (-472 -1024 -160 ) (-472 -1024 -224 ) (-80 -1024 -224 ) 
4 161 164 (-80 -172 -224 ) (-80 -1024 -224 ) (-472 -1024 -224 ) (-472 -172 -224 ) 
4 161 162 (-472 -172 -224 ) (-472 -1024 -224 ) (-472 -1024 -160 ) (-472 -172 -160 ) 
4 162 205 (-472 -1024 -160 ) (-488 -1024 -160 ) (-488 -1024 -224 ) (-472 -1024 -224 ) 
4 162 164 (-472 -172 -224 ) (-472 -1024 -224 ) (-488 -1024 -224 ) (-488 -172 -224 ) 
4 162 163 (-488 -172 -224 ) (-488 -1024 -224 ) (-488 -1024 -160 ) (-488 -172 -160 ) 
4 163 205 (-488 -1024 -160 ) (-1024 -1024 -160 ) (-1024 -1024 -224 ) (-488 -1024 -224 ) 
4 163 201 (-1024 -1024 -224 ) (-1024 -1024 -160 ) (-1024 -64 -160 ) (-1024 -64 -224 ) 
4 163 164 (-1024 -1024 -224 ) (-1024 -64 -224 ) (-488 -64 -224 ) (-488 -1024 -224 ) 
4 164 205 (0 -1024 -304 ) (0 -1024 -224 ) (-1024 -1024 -224 ) (-1024 -1024 -304 ) 
4 164 200 (-1024 -64 -224 ) (-1024 0 -224 ) (-1024 0 -304 ) (-1024 -64 -304 ) 
4 164 201 (-1024 -1024 -304 ) (-1024 -1024 -224 ) (-1024 -64 -224 ) (-1024 -64 -304 ) 
4 165 190 (-1280 0 224 ) (-1127.988281 0 224 ) (-1127.988281 -192 224 ) (-1280 -192 224 ) 
4 165 169 (-1280 0 224 ) (-1280 -192 224 ) (-1280 -192 1536 ) (-1280 0 1536 ) 
4 165 167 (-1280 -192 800 ) (-1280 -192 224 ) (-1216 -192 224 ) (-1216 -192 800 ) 
4 165 166 (-1280 -192 1536 ) (-1280 -192 800 ) (-1024 -192 800 ) (-1024 -192 1536 ) 
4 166 170 (-1280 -704 992 ) (-1280 -704 1536 ) (-1280 -544 1536 ) (-1280 -544 992 ) 
4 166 169 (-1280 -544 1536 ) (-1280 -192 1536 ) (-1280 -192 800 ) (-1280 -544 800 ) 
4 166 168 (-1280 -704 1536 ) (-1280 -704 800 ) (-1024 -704 800 ) (-1024 -704 1536 ) 
3 166 167 (-1280 -256 800 ) (-1280 -192 800 ) (-1216 -192 800 ) 
3 167 191 (-1280 -256 224 ) (-1280 -192 224 ) (-1216 -192 224 ) 
4 167 169 (-1280 -192 224 ) (-1280 -256 224 ) (-1280 -256 800 ) (-1280 -192 800 ) 
4 168 192 (-1024 -704 224 ) (-1024 -896 224 ) (-1280 -896 224 ) (-1280 -704 224 ) 
4 168 185 (-1280 -896 224 ) (-1024 -896 224 ) (-1024 -896 992 ) (-1280 -896 992 ) 
4 168 184 (-1024 -896 992 ) (-1024 -896 1536 ) (-1280 -896 1536 ) (-1280 -896 992 ) 
4 168 170 (-1280 -896 992 ) (-1280 -896 1536 ) (-1280 -704 1536 ) (-1280 -704 992 ) 
4 169 193 (-1280 -192 224 ) (-1280 -480 224 ) (-1664 -480 224 ) (-1664 -192 224 ) 
4 169 190 (-1664 0 224 ) (-1280 0 224 ) (-1280 -192 224 ) (-1664 -192 224 ) 
4 169 170 (-1664 -544 1536 ) (-1664 -544 992 ) (-1280 -544 992 ) (-1280 -544 1536 ) 
4 169 171 (-1664 0 224 ) (-1664 -544 224 ) (-1664 -544 1536 ) (-1664 0 1536 ) 
4 170 184 (-1280 -896 992 ) (-1280 -896 1536 ) (-1664 -896 1536 ) (-1664 -896 992 ) 
4 170 171 (-1664 -896 992 ) (-1664 -896 1536 ) (-1664 -544 1536 ) (-1664 -544 992 ) 
4 171 194 (-1664 -192 224 ) (-1664 -768 224 ) (-1792 -768 224 ) (-1792 -192 224 ) 
4 171 190 (-1792 0 224 ) (-1664 0 224 ) (-1664 -192 224 ) (-1792 -192 224 ) 
4 171 186 (-1664 -896 864 ) (-1664 -896 1536 ) (-1792 -896 1536 ) (-1792 -896 864 ) 
4 171 181 (-1792 -844 384 ) (-1792 -832 384 ) (-1792 -832 352 ) (-1792 -844 352 ) 
4 171 179 (-1792 -896 384 ) (-1792 -896 480 ) (-1792 -832 480 ) (-1792 -832 384 ) 
4 171 182 (-1792 -832 224 ) (-1792 -896 224 ) (-1792 -896 352 ) (-1792 -832 352 ) 
4 171 178 (-1792 -844 512 ) (-1792 -832 512 ) (-1792 -832 480 ) (-1792 -844 480 ) 
4 171 175 (-1792 -844 640 ) (-1792 -832 640 ) (-1792 -832 608 ) (-1792 -844 608 ) 
4 171 176 (-1792 -896 512 ) (-1792 -896 608 ) (-1792 -832 608 ) (-1792 -832 512 ) 
4 171 173 (-1792 -896 640 ) (-1792 -896 1536 ) (-1792 -832 1536 ) (-1792 -832 640 ) 
4 171 172 (-1792 0 1536 ) (-1792 0 224 ) (-1792 -832 224 ) (-1792 -832 1536 ) 
4 172 194 (-1792 -192 224 ) (-1792 -768 224 ) (-1920 -768 224 ) (-1920 -192 224 ) 
4 172 190 (-1920 0 224 ) (-1792 0 224 ) (-1792 -192 224 ) (-1920 -192 224 ) 
4 172 183 (-1920 0 224 ) (-1920 -832 224 ) (-1920 -832 1536 ) (-1920 0 1536 ) 
4 172 181 (-1804 -832 352 ) (-1792 -832 352 ) (-1792 -832 384 ) (-1804 -832 384 ) 
4 172 180 (-1920 -832 384 ) (-1920 -832 352 ) (-1908 -832 352 ) (-1908 -832 384 ) 
4 172 179 (-1920 -832 480 ) (-1920 -832 384 ) (-1792 -832 384 ) (-1792 -832 480 ) 
4 172 182 (-1920 -832 352 ) (-1920 -832 224 ) (-1792 -832 224 ) (-1792 -832 352 ) 
4 172 178 (-1804 -832 480 ) (-1792 -832 480 ) (-1792 -832 512 ) (-1804 -832 512 ) 
4 172 177 (-1920 -832 512 ) (-1920 -832 480 ) (-1908 -832 480 ) (-1908 -832 512 ) 
4 172 175 (-1804 -832 608 ) (-1792 -832 608 ) (-1792 -832 640 ) (-1804 -832 640 ) 
4 172 174 (-1920 -832 640 ) (-1920 -832 608 ) (-1908 -832 608 ) (-1908 -832 640 ) 
4 172 176 (-1920 -832 608 ) (-1920 -832 512 ) (-1792 -832 512 ) (-1792 -832 608 ) 
4 172 173 (-1920 -832 1536 ) (-1920 -832 640 ) (-1792 -832 640 ) (-1792 -832 1536 ) 
4 173 186 (-1792 -896 864 ) (-1792 -896 1536 ) (-1920 -896 1536 ) (-1920 -896 864 ) 
4 173 183 (-1920 -896 640 ) (-1920 -896 1536 ) (-1920 -832 1536 ) (-1920 -832 640 ) 
3 173 175 (-1804 -832 640 ) (-1792 -832 640 ) (-1792 -844 640 ) 
3 173 174 (-1920 -844 640 ) (-1920 -832 640 ) (-1908 -832 640 ) 
4 174 183 (-1920 -844 640 ) (-1920 -832 640 ) (-1920 -832 608 ) (-1920 -844 608 ) 
3 174 176 (-1920 -844 608 ) (-1920 -832 608 ) (-1908 -832 608 ) 
3 175 176 (-1804 -832 608 ) (-1792 -832 608 ) (-1792 -844 608 ) 
4 176 183 (-1920 -896 512 ) (-1920 -896 608 ) (-1920 -832 608 ) (-1920 -832 512 ) 
3 176 178 (-1804 -832 512 ) (-1792 -832 512 ) (-1792 -844 512 ) 
3 176 177 (-1920 -844 512 ) (-1920 -832 512 ) (-1908 -832 512 ) 
4 177 183 (-1920 -844 512 ) (-1920 -832 512 ) (-1920 -832 480 ) (-1920 -844 480 ) 
3 177 179 (-1920 -844 480 ) (-1920 -832 480 ) (-1908 -832 480 ) 
3 178 179 (-1804 -832 480 ) (-1792 -832 480 ) (-1792 -844 480 ) 
4 179 183 (-1920 -896 384 ) (-1920 -896 480 ) (-1920 -832 480 ) (-1920 -832 384 ) 
3 179 181 (-1804 -832 384 ) (-1792 -832 384 ) (-1792 -844 384 ) 
3 179 180 (-1920 -844 384 ) (-1920 -832 384 ) (-1908 -832 384 ) 
4 180 183 (-1920 -844 384 ) (-1920 -832 384 ) (-1920 -832 352 ) (-1920 -844 352 ) 
3 180 182 (-1920 -844 352 ) (-1920 -832 352 ) (-1908 -832 352 ) 
3 181 182 (-1804 -832 352 ) (-1792 -832 352 ) (-1792 -844 352 ) 
4 182 183 (-1920 -832 224 ) (-1920 -896 224 ) (-1920 -896 352 ) (-1920 -832 352 ) 
4 183 262 (-2048 0 1536 ) (-2048 0 224 ) (-2048 -64 224 ) (-2048 -64 1536 ) 
4 183 263 (-2048 -64 224 ) (-2048 -896 224 ) (-2048 -896 1536 ) (-2048 -64 1536 ) 
3 183 195 (-2048 -800 224 ) (-2048 -768 224 ) (-2016 -768 224 ) 
4 183 194 (-2048 -768 224 ) (-2048 -192 224 ) (-1920 -192 224 ) (-1920 -768 224 ) 
4 183 190 (-2048 -192 224 ) (-2048 0 224 ) (-1920 0 224 ) (-1920 -192 224 ) 
4 183 186 (-2048 -896 1536 ) (-2048 -896 864 ) (-1920 -896 864 ) (-1920 -896 1536 ) 
4 184 206 (-1024 -1024 992 ) (-1024 -1024 1536 ) (-1664 -1024 1536 ) (-1664 -1024 992 ) 
4 184 186 (-1664 -896 1536 ) (-1664 -896 992 ) (-1664 -1024 992 ) (-1664 -1024 1536 ) 
4 184 185 (-1280 -896 992 ) (-1024 -896 992 ) (-1024 -1024 992 ) (-1280 -1024 992 ) 
4 185 207 (-1280 -1024 224 ) (-1024 -1024 224 ) (-1024 -1024 992 ) (-1280 -1024 992 ) 
4 185 192 (-1024 -1024 224 ) (-1280 -1024 224 ) (-1280 -896 224 ) (-1024 -896 224 ) 
4 186 263 (-2048 -1024 937.142944 ) (-2048 -1024 1536 ) (-2048 -896 1536 ) (-2048 -896 864 ) 
4 186 211 (-2048 -1024 1536 ) (-2048 -1024 937.142944 ) (-1664 -1024 937.142944 ) (-1664 -1024 1536 ) 
4 187 188 (-1112 -28 80 ) (-1112 0 80 ) (-1112 0 -32 ) (-1112 -28 -32 ) 
4 188 202 (-1120 0 -36 ) (-1112 0 -36 ) (-1112 -28 -36 ) (-1120 -28 -36 ) 
4 188 189 (-1112 -28 -36 ) (-1112 -28 -32 ) (-1120 -28 -32 ) (-1120 -28 -36 ) 
4 188 190 (-1120 0 -36 ) (-1120 -28 -36 ) (-1120 -28 80 ) (-1120 0 80 ) 
4 189 202 (-1112 -28 -36 ) (-1112 -192 -36 ) (-1120 -192 -36 ) (-1120 -28 -36 ) 
4 189 197 (-1120 -192 -36 ) (-1112 -192 -36 ) (-1112 -192 -32 ) (-1120 -192 -32 ) 
4 189 190 (-1120 -28 -36 ) (-1120 -192 -36 ) (-1120 -192 -32 ) (-1120 -28 -32 ) 
4 190 266 (-2048 0 -24 ) (-2048 0 -36 ) (-2048 -192 -36 ) (-2048 -192 -24 ) 
4 190 264 (-2048 0 104 ) (-2048 0 -24 ) (-2048 -192 -24 ) (-2048 -192 104 ) 
4 190 262 (-2048 -64 224 ) (-2048 0 224 ) (-2048 0 104 ) (-2048 -64 104 ) 
4 190 263 (-2048 -192 224 ) (-2048 -64 224 ) (-2048 -64 104 ) (-2048 -192 104 ) 
4 190 202 (-1624 0 -36 ) (-1120 0 -36 ) (-1120 -192 -36 ) (-1624 -192 -36 ) 
4 190 203 (-2048 0 -36 ) (-1624 0 -36 ) (-1624 -192 -36 ) (-2048 -192 -36 ) 
4 190 197 (-1624 -192 -36 ) (-1120 -192 -36 ) (-1120 -192 -32 ) (-1624 -192 -32 ) 
4 190 198 (-2048 -192 -36 ) (-1624 -192 -36 ) (-1624 -192 -32 ) (-2048 -192 -32 ) 
4 190 194 (-1664 -192 224 ) (-2048 -192 224 ) (-2048 -192 -32 ) (-1664 -192 -32 ) 
4 190 193 (-1280 -192 224 ) (-1664 -192 224 ) (-1664 -192 -32 ) (-1280 -192 -32 ) 
4 190 191 (-1216 -192 224 ) (-1280 -192 224 ) (-1280 -192 -32 ) (-1216 -192 -32 ) 
3 191 197 (-1280 -256 -32 ) (-1280 -192 -32 ) (-1216 -192 -32 ) 
4 191 193 (-1280 -192 224 ) (-1280 -192 -32 ) (-1280 -256 -32 ) (-1280 -256 224 ) 
4 192 208 (-1280 -1024 -32 ) (-1024 -1024 -32 ) (-1024 -1024 224 ) (-1280 -1024 224 ) 
4 192 197 (-1280 -832 -32 ) (-1280 -480 -32 ) (-1112 -480 -32 ) (-1112 -832 -32 ) 
4 192 196 (-1024 -1024 -32 ) (-1112 -1024 -32 ) (-1112 -480 -32 ) (-1024 -480 -32 ) 
4 193 197 (-1624 -192 -32 ) (-1280 -192 -32 ) (-1280 -480 -32 ) (-1624 -480 -32 ) 
4 193 198 (-1664 -480 -32 ) (-1664 -192 -32 ) (-1624 -192 -32 ) (-1624 -480 -32 ) 
4 193 194 (-1664 -192 224 ) (-1664 -192 -32 ) (-1664 -480 -32 ) (-1664 -480 224 ) 
4 194 268 (-2048 -328 -32 ) (-2048 -768 -32 ) (-2048 -768 -24 ) (-2048 -328 -24 ) 
4 194 266 (-2048 -192 -24 ) (-2048 -192 -32 ) (-2048 -328 -32 ) (-2048 -328 -24 ) 
4 194 264 (-2048 -192 104 ) (-2048 -192 -24 ) (-2048 -768 -24 ) (-2048 -768 104 ) 
4 194 263 (-2048 -768 224 ) (-2048 -192 224 ) (-2048 -192 104 ) (-2048 -768 104 ) 
4 194 198 (-2048 -768 -32 ) (-2048 -192 -32 ) (-1664 -192 -32 ) (-1664 -768 -32 ) 
4 194 195 (-2048 -768 -32 ) (-2016 -768 -32 ) (-2016 -768 224 ) (-2048 -768 224 ) 
4 195 268 (-2048 -768 -24 ) (-2048 -768 -32 ) (-2048 -800 -32 ) (-2048 -800 -24 ) 
4 195 264 (-2048 -768 104 ) (-2048 -768 -24 ) (-2048 -800 -24 ) (-2048 -800 104 ) 
4 195 263 (-2048 -800 224 ) (-2048 -768 224 ) (-2048 -768 104 ) (-2048 -800 104 ) 
3 195 198 (-2048 -800 -32 ) (-2048 -768 -32 ) (-2016 -768 -32 ) 
4 196 209 (-1112 -1024 -36 ) (-1024 -1024 -36 ) (-1024 -1024 -32 ) (-1112 -1024 -32 ) 
4 196 199 (-1024 -192 -36 ) (-1024 -1024 -36 ) (-1112 -1024 -36 ) (-1112 -192 -36 ) 
4 196 197 (-1112 -832 -32 ) (-1112 -192 -32 ) (-1112 -192 -36 ) (-1112 -832 -36 ) 
4 197 202 (-1624 -832 -36 ) (-1624 -192 -36 ) (-1112 -192 -36 ) (-1112 -832 -36 ) 
4 197 198 (-1624 -832 -32 ) (-1624 -192 -32 ) (-1624 -192 -36 ) (-1624 -832 -36 ) 
4 198 268 (-2048 -1024 -36 ) (-2048 -1024 -32 ) (-2048 -328 -32 ) (-2048 -328 -36 ) 
4 198 266 (-2048 -328 -32 ) (-2048 -192 -32 ) (-2048 -192 -36 ) (-2048 -328 -36 ) 
4 198 213 (-2048 -1024 -32 ) (-2048 -1024 -36 ) (-1664 -1024 -36 ) (-1664 -1024 -32 ) 
4 198 210 (-1664 -1024 -36 ) (-1624 -1024 -36 ) (-1624 -1024 -32 ) (-1664 -1024 -32 ) 
4 198 203 (-1624 -1024 -36 ) (-2048 -1024 -36 ) (-2048 -192 -36 ) (-1624 -192 -36 ) 
4 199 221 (-1024 -1024 -160 ) (-1024 -1024 -36 ) (-1112 -1024 -36 ) (-1112 -1024 -160 ) 
4 199 202 (-1112 -832 -36 ) (-1112 -192 -36 ) (-1112 -192 -160 ) (-1112 -832 -160 ) 
4 199 201 (-1112 -1024 -160 ) (-1112 -192 -160 ) (-1024 -192 -160 ) (-1024 -1024 -160 ) 
4 200 204 (-1112 0 -224 ) (-1112 0 -304 ) (-1112 -64 -304 ) (-1112 -64 -224 ) 
4 200 201 (-1112 -64 -304 ) (-1024 -64 -304 ) (-1024 -64 -224 ) (-1112 -64 -224 ) 
4 201 225 (-1024 -1024 -304 ) (-1024 -1024 -224 ) (-1112 -1024 -224 ) (-1112 -1024 -304 ) 
4 201 221 (-1024 -1024 -224 ) (-1024 -1024 -160 ) (-1112 -1024 -160 ) (-1112 -1024 -224 ) 
4 201 204 (-1112 -1024 -304 ) (-1112 -1024 -224 ) (-1112 -64 -224 ) (-1112 -64 -304 ) 
4 201 202 (-1112 -832 -160 ) (-1112 -64 -160 ) (-1112 -64 -224 ) (-1112 -832 -224 ) 
4 202 204 (-1624 0 -224 ) (-1112 0 -224 ) (-1112 -832 -224 ) (-1624 -832 -224 ) 
4 202 203 (-1624 0 -224 ) (-1624 -832 -224 ) (-1624 -832 -36 ) (-1624 0 -36 ) 
4 203 282 (-2048 -1024 -224 ) (-2048 -1024 -36 ) (-2048 -328 -36 ) (-2048 -328 -224 ) 
4 203 278 (-2048 -328 -36 ) (-2048 0 -36 ) (-2048 0 -224 ) (-2048 -328 -224 ) 
4 203 223 (-2048 -1024 -36 ) (-2048 -1024 -224 ) (-1624 -1024 -224 ) (-1624 -1024 -36 ) 
4 203 204 (-2048 0 -224 ) (-1624 0 -224 ) (-1624 -1024 -224 ) (-2048 -1024 -224 ) 
4 204 284 (-2048 -1024 -304 ) (-2048 -1024 -224 ) (-2048 0 -224 ) (-2048 0 -304 ) 
4 204 225 (-2048 -1024 -224 ) (-2048 -1024 -304 ) (-1112 -1024 -304 ) (-1112 -1024 -224 ) 
4 205 232 (0 -2048 -304 ) (0 -2048 -32 ) (-1024 -2048 -32 ) (-1024 -2048 -304 ) 
4 205 229 (-736.799988 -2048 1536 ) (-1024 -2048 1536 ) (-1024 -2048 -32 ) (-736.799988 -2048 -32 ) 
4 205 228 (0 -2048 -32 ) (0 -2048 1536 ) (-736.799988 -2048 1536 ) (-736.799988 -2048 -32 ) 
4 205 225 (-1024 -1024 -224 ) (-1024 -1024 -304 ) (-1024 -2048 -304 ) (-1024 -2048 -224 ) 
4 205 221 (-1024 -1024 -36 ) (-1024 -1024 -224 ) (-1024 -2048 -224 ) (-1024 -2048 -36 ) 
4 205 220 (-1024 -2016 -36 ) (-1024 -2048 -36 ) (-1024 -2048 1536 ) (-1024 -2016 1536 ) 
4 205 214 (-1024 -1344 -36 ) (-1024 -2016 -36 ) (-1024 -2016 1536 ) (-1024 -1344 1536 ) 
4 205 209 (-1024 -1024 -32 ) (-1024 -1024 -36 ) (-1024 -1344 -36 ) (-1024 -1344 -32 ) 
4 205 208 (-1024 -1024 224 ) (-1024 -1024 -32 ) (-1024 -1344 -32 ) (-1024 -1344 224 ) 
4 205 207 (-1024 -1024 992 ) (-1024 -1024 224 ) (-1024 -1344 224 ) (-1024 -1344 992 ) 
4 205 206 (-1024 -1024 1536 ) (-1024 -1024 992 ) (-1024 -1344 992 ) (-1024 -1344 1536 ) 
4 206 215 (-1536 -1344 1536 ) (-1664 -1344 1536 ) (-1664 -1344 992 ) (-1536 -1344 992 ) 
4 206 214 (-1024 -1344 992 ) (-1024 -1344 1536 ) (-1536 -1344 1536 ) (-1536 -1344 992 ) 
3 206 212 (-1664 -1344 992 ) (-1664 -1344 1120 ) (-1664 -1120 992 ) 
5 206 211 (-1664 -1344 1120 ) (-1664 -1344 1536 ) (-1664 -1024 1536 ) (-1664 -1024 992 ) (-1664 -1120 992 ) 
4 206 207 (-1024 -1344 992 ) (-1280 -1344 992 ) (-1280 -1024 992 ) (-1024 -1024 992 ) 
4 207 214 (-1024 -1344 224 ) (-1024 -1344 992 ) (-1280 -1344 992 ) (-1280 -1344 224 ) 
4 207 208 (-1024 -1344 224 ) (-1280 -1344 224 ) (-1280 -1024 224 ) (-1024 -1024 224 ) 
4 208 214 (-1024 -1344 -32 ) (-1024 -1344 224 ) (-1280 -1344 224 ) (-1280 -1344 -32 ) 
4 208 209 (-1024 -1344 -32 ) (-1112 -1344 -32 ) (-1112 -1024 -32 ) (-1024 -1024 -32 ) 
4 209 221 (-1112 -1024 -36 ) (-1024 -1024 -36 ) (-1024 -1344 -36 ) (-1112 -1344 -36 ) 
4 209 214 (-1112 -1344 -36 ) (-1024 -1344 -36 ) (-1024 -1344 -32 ) (-1112 -1344 -32 ) 
4 210 223 (-1664 -1024 -36 ) (-1624 -1024 -36 ) (-1624 -1344 -36 ) (-1664 -1344 -36 ) 
4 210 219 (-1664 -1344 -36 ) (-1624 -1344 -36 ) (-1624 -1344 -32 ) (-1664 -1344 -32 ) 
4 210 213 (-1664 -1024 -36 ) (-1664 -1344 -36 ) (-1664 -1344 -32 ) (-1664 -1024 -32 ) 
4 211 291 (-2048 -1024 1536 ) (-2048 -1024 937.142944 ) (-2048 -1344 1120 ) (-2048 -1344 1536 ) 
4 211 215 (-1664 -1344 1120 ) (-1664 -1344 1536 ) (-2048 -1344 1536 ) (-2048 -1344 1120 ) 
4 211 212 (-1664 -1120.001953 991.998962 ) (-1664 -1344 1119.997803 ) (-2048 -1344 1119.997803 ) (-2048 -1120.001953 991.998901 ) 
3 212 291 (-2048 -1344 864 ) (-2048 -1344 1120 ) (-2048 -1120 992 ) 
4 212 215 (-1664 -1344 864 ) (-1664 -1344 1120 ) (-2048 -1344 1120 ) (-2048 -1344 864 ) 
4 213 293 (-2048 -1024 -32 ) (-2048 -1024 -36 ) (-2048 -1344 -36 ) (-2048 -1344 -32 ) 
4 213 223 (-2048 -1344 -36 ) (-2048 -1024 -36 ) (-1664 -1024 -36 ) (-1664 -1344 -36 ) 
4 213 219 (-2048 -1344 -36 ) (-1664 -1344 -36 ) (-1664 -1344 -32 ) (-2048 -1344 -32 ) 
4 214 222 (-1536 -1344 -36 ) (-1112 -1344 -36 ) (-1112 -2016 -36 ) (-1536 -2016 -36 ) 
4 214 221 (-1112 -1344 -36 ) (-1024 -1344 -36 ) (-1024 -2016 -36 ) (-1112 -2016 -36 ) 
4 214 220 (-1536 -2016 -36 ) (-1024 -2016 -36 ) (-1024 -2016 1536 ) (-1536 -2016 1536 ) 
4 214 218 (-1536 -1344 928 ) (-1536 -1344 544 ) (-1536 -2016 544 ) (-1536 -2016 928 ) 
4 214 219 (-1536 -1344 -32 ) (-1536 -1344 -36 ) (-1536 -2016 -36 ) (-1536 -2016 -32 ) 
4 214 215 (-1536 -1344 1536 ) (-1536 -1344 928 ) (-1536 -2016 928 ) (-1536 -2016 1536 ) 
4 215 291 (-2048 -1344 1536 ) (-2048 -1344 672 ) (-2048 -2016 672 ) (-2048 -2016 1536 ) 
5 215 220 (-2048 -2016 1536 ) (-2048 -2016 672 ) (-1877.333374 -2016 672 ) (-1536 -2016 928 ) (-1536 -2016 1536 ) 
4 215 218 (-1791.998901 -1344 736 ) (-1536 -1344 927.998108 ) (-1536 -2016 927.998108 ) (-1791.998779 -2016 736 ) 
4 215 217 (-1877.328003 -1760 672 ) (-1877.328003 -2016 672 ) (-2048 -2016 672 ) (-2048 -1760 672 ) 
4 215 216 (-2048 -1344 672 ) (-1877.328003 -1344 672 ) (-1877.328003 -1632 672 ) (-2048 -1632 672 ) 
4 216 291 (-2048 -1344 672 ) (-2048 -1344 544 ) (-2048 -1568 544 ) (-2048 -1632 672 ) 
4 217 291 (-2048 -1824 544 ) (-2048 -2016 544 ) (-2048 -2016 672 ) (-2048 -1760 672 ) 
3 217 220 (-2048 -2016 672 ) (-2048 -2016 544 ) (-1877.333374 -2016 672 ) 
3 218 220 (-1536 -2016 544 ) (-1536 -2016 928 ) (-1792 -2016 736 ) 
4 219 293 (-2048 -1344 -32 ) (-2048 -1344 -36 ) (-2048 -2016 -36 ) (-2048 -2016 -32 ) 
4 219 224 (-2048 -2016 -36 ) (-2048 -1344 -36 ) (-1624 -1344 -36 ) (-1624 -2016 -36 ) 
4 219 222 (-1624 -1344 -36 ) (-1536 -1344 -36 ) (-1536 -2016 -36 ) (-1624 -2016 -36 ) 
4 219 220 (-2048 -2016 -32 ) (-2048 -2016 -36 ) (-1536 -2016 -36 ) (-1536 -2016 -32 ) 
4 220 293 (-2048 -2048 -36 ) (-2048 -2048 352 ) (-2048 -2016 352 ) (-2048 -2016 -36 ) 
4 220 292 (-2048 -2048 352 ) (-2048 -2048 384 ) (-2048 -2016 384 ) (-2048 -2016 352 ) 
4 220 291 (-2048 -2048 384 ) (-2048 -2048 1536 ) (-2048 -2016 1536 ) (-2048 -2016 384 ) 
4 220 233 (-1024 -2048 -36 ) (-1024 -2048 1536 ) (-2048 -2048 1536 ) (-2048 -2048 -36 ) 
4 220 224 (-2048 -2048 -36 ) (-2048 -2016 -36 ) (-1624 -2016 -36 ) (-1624 -2048 -36 ) 
4 220 222 (-1624 -2016 -36 ) (-1112 -2016 -36 ) (-1112 -2048 -36 ) (-1624 -2048 -36 ) 
4 220 221 (-1112 -2016 -36 ) (-1024 -2016 -36 ) (-1024 -2048 -36 ) (-1112 -2048 -36 ) 
4 221 233 (-1024 -2048 -224 ) (-1024 -2048 -36 ) (-1112 -2048 -36 ) (-1112 -2048 -224 ) 
4 221 225 (-1024 -2048 -224 ) (-1112 -2048 -224 ) (-1112 -1024 -224 ) (-1024 -1024 -224 ) 
4 221 222 (-1112 -1344 -224 ) (-1112 -2048 -224 ) (-1112 -2048 -36 ) (-1112 -1344 -36 ) 
4 222 233 (-1112 -2048 -36 ) (-1624 -2048 -36 ) (-1624 -2048 -224 ) (-1112 -2048 -224 ) 
4 222 225 (-1112 -2048 -224 ) (-1624 -2048 -224 ) (-1624 -1344 -224 ) (-1112 -1344 -224 ) 
4 222 224 (-1624 -1344 -224 ) (-1624 -2048 -224 ) (-1624 -2048 -36 ) (-1624 -1344 -36 ) 
4 223 297 (-2048 -1344 -36 ) (-2048 -1024 -36 ) (-2048 -1024 -224 ) (-2048 -1344 -224 ) 
4 223 225 (-2048 -1344 -224 ) (-2048 -1024 -224 ) (-1624 -1024 -224 ) (-1624 -1344 -224 ) 
4 223 224 (-2048 -1344 -224 ) (-1624 -1344 -224 ) (-1624 -1344 -36 ) (-2048 -1344 -36 ) 
4 224 298 (-2048 -2048 -224 ) (-2048 -2048 -36 ) (-2048 -1344 -36 ) (-2048 -1344 -224 ) 
4 224 233 (-1624 -2048 -36 ) (-2048 -2048 -36 ) (-2048 -2048 -224 ) (-1624 -2048 -224 ) 
4 224 225 (-1624 -2048 -224 ) (-2048 -2048 -224 ) (-2048 -1344 -224 ) (-1624 -1344 -224 ) 
4 225 301 (-2048 -2048 -304 ) (-2048 -2048 -224 ) (-2048 -1024 -224 ) (-2048 -1024 -304 ) 
4 225 233 (-1024 -2048 -304 ) (-1024 -2048 -224 ) (-2048 -2048 -224 ) (-2048 -2048 -304 ) 
4 226 232 (0 -2048 -32 ) (0 -2048 -304 ) (0 -3072 -304 ) (0 -3072 -32 ) 
4 226 228 (0 -2048 1536 ) (0 -2048 -32 ) (0 -3072 -32 ) (0 -3072 1536 ) 
4 226 227 (272 -3072 1536 ) (0 -3072 1536 ) (0 -3072 -304 ) (272 -3072 -304 ) 
4 227 237 (0 -4032 1536 ) (0 -3072 1536 ) (0 -3072 -304 ) (0 -4032 -304 ) 
4 228 237 (0 -3072 -32 ) (0 -3072 1536 ) (-736.799988 -3072 1536 ) (-736.799988 -3072 -32 ) 
4 228 232 (0 -3072 -32 ) (-736.799988 -3072 -32 ) (-736.799988 -2048 -32 ) (0 -2048 -32 ) 
4 228 230 (-736.799988 -2368 224 ) (-736.799988 -2368 1536 ) (-736.799988 -2144 1536 ) (-736.799988 -2144 224 ) 
4 228 229 (-736.799988 -2048 -32 ) (-736.799988 -2144 -32 ) (-736.799988 -2144 1536 ) (-736.799988 -2048 1536 ) 
4 228 231 (-736.799988 -2368 -32 ) (-736.799988 -3072 -32 ) (-736.799988 -3072 1536 ) (-736.799988 -2368 1536 ) 
4 229 233 (-1024 -2048 1536 ) (-1024 -2048 -32 ) (-1024 -2144 -32 ) (-1024 -2144 1536 ) 
4 229 232 (-1024 -2144 -32 ) (-1024 -2048 -32 ) (-736.799988 -2048 -32 ) (-736.799988 -2144 -32 ) 
4 229 230 (-736.799988 -2144 224 ) (-736.799988 -2144 1536 ) (-1024 -2144 1536 ) (-1024 -2144 224 ) 
4 230 234 (-1024 -2368 224 ) (-1024 -2368 1536 ) (-1024 -2144 1536 ) (-1024 -2144 224 ) 
4 230 231 (-736.799988 -2368 224 ) (-736.799988 -2368 1536 ) (-1024 -2368 1536 ) (-1024 -2368 224 ) 
4 231 237 (-736.799988 -3072 1536 ) (-1024 -3072 1536 ) (-1024 -3072 -32 ) (-736.799988 -3072 -32 ) 
4 231 236 (-1024 -2368 -32 ) (-1024 -3072 -32 ) (-1024 -3072 1536 ) (-1024 -2368 1536 ) 
4 231 232 (-736.799988 -3072 -32 ) (-1024 -3072 -32 ) (-1024 -2368 -32 ) (-736.799988 -2368 -32 ) 
4 232 237 (0 -3072 -304 ) (0 -3072 -32 ) (-1024 -3072 -32 ) (-1024 -3072 -304 ) 
4 232 236 (-1024 -2368 -304 ) (-1024 -3072 -304 ) (-1024 -3072 -32 ) (-1024 -2368 -32 ) 
4 232 235 (-1024 -2144 -304 ) (-1024 -2368 -304 ) (-1024 -2368 -32 ) (-1024 -2144 -32 ) 
4 232 233 (-1024 -2048 -32 ) (-1024 -2048 -304 ) (-1024 -2144 -304 ) (-1024 -2144 -32 ) 
4 233 329 (-2048 -2144 -304 ) (-2048 -2144 -32 ) (-2048 -2048 -32 ) (-2048 -2048 -304 ) 
4 233 325 (-2048 -2144 -32 ) (-2048 -2144 352 ) (-2048 -2048 352 ) (-2048 -2048 -32 ) 
4 233 323 (-2048 -2144 352 ) (-2048 -2144 1536 ) (-2048 -2048 1536 ) (-2048 -2048 352 ) 
4 233 235 (-2048 -2144 -32 ) (-2048 -2144 -304 ) (-1024 -2144 -304 ) (-1024 -2144 -32 ) 
4 233 234 (-2048 -2144 1536 ) (-2048 -2144 224 ) (-1024 -2144 224 ) (-1024 -2144 1536 ) 
4 234 327 (-2048 -2368 224 ) (-2048 -2368 352 ) (-2048 -2144 352 ) (-2048 -2144 224 ) 
4 234 323 (-2048 -2368 352 ) (-2048 -2368 1536 ) (-2048 -2144 1536 ) (-2048 -2144 352 ) 
4 234 236 (-1024 -2368 224 ) (-1024 -2368 1536 ) (-2048 -2368 1536 ) (-2048 -2368 224 ) 
4 235 329 (-2048 -2368 -304 ) (-2048 -2368 -32 ) (-2048 -2144 -32 ) (-2048 -2144 -304 ) 
4 235 236 (-1024 -2368 -304 ) (-1024 -2368 -32 ) (-2048 -2368 -32 ) (-2048 -2368 -304 ) 
4 236 329 (-2048 -3072 -304 ) (-2048 -3072 -32 ) (-2048 -2368 -32 ) (-2048 -2368 -304 ) 
4 236 328 (-2048 -3072 -32 ) (-2048 -3072 352 ) (-2048 -2368 352 ) (-2048 -2368 -32 ) 
4 236 323 (-2048 -3072 352 ) (-2048 -3072 1536 ) (-2048 -2368 1536 ) (-2048 -2368 352 ) 
4 236 238 (-1024 -3072 -304 ) (-1024 -3072 1536 ) (-2048 -3072 1536 ) (-2048 -3072 -304 ) 
4 237 238 (-1024 -4032 1536 ) (-1024 -3072 1536 ) (-1024 -3072 -304 ) (-1024 -4032 -304 ) 
4 238 344 (-2048 -4032 1536 ) (-2048 -3200 1536 ) (-2048 -3200 -304 ) (-2048 -4032 -304 ) 
4 238 342 (-2048 -3072 352 ) (-2048 -3072 -304 ) (-2048 -3200 -304 ) (-2048 -3200 352 ) 
4 238 340 (-2048 -3200 1536 ) (-2048 -3072 1536 ) (-2048 -3072 352 ) (-2048 -3200 352 ) 
4 239 248 (-2624 1024 352 ) (-2624 1024 320 ) (-2624 192 320 ) (-2624 192 352 ) 
4 239 247 (-2624 1024 384 ) (-2624 1024 352 ) (-2624 192 352 ) (-2624 192 384 ) 
4 239 246 (-2624 1024 1536 ) (-2624 1024 384 ) (-2624 192 384 ) (-2624 192 1536 ) 
4 239 241 (-2624 192 1536 ) (-2624 192 320 ) (-2048 192 320 ) (-2048 192 1536 ) 
3 239 240 (-2048 192 320 ) (-2136 192 320 ) (-2048 280 320 ) 
3 240 242 (-2048 280 104 ) (-2048 192 104 ) (-2136 192 104 ) 
4 240 241 (-2136 192 104 ) (-2048 192 104 ) (-2048 192 320 ) (-2136 192 320 ) 
5 241 262 (-2048 0 104 ) (-2048 0 1536 ) (-2624 0 1536 ) (-2624 0 168 ) (-2428 0 104 ) 
4 241 249 (-2624 0 272.620148 ) (-2624 0 352 ) (-2624 192 352 ) (-2624 192 226.480621 ) 
4 241 247 (-2624 0 352 ) (-2624 0 384 ) (-2624 192 384 ) (-2624 192 352 ) 
4 241 246 (-2624 0 384 ) (-2624 0 1536 ) (-2624 192 1536 ) (-2624 192 384 ) 
4 241 244 (-2048 0 104 ) (-2428 0 104 ) (-2428 192 104 ) (-2048 192 104 ) 
4 242 244 (-2048 192 104 ) (-2136 192 104 ) (-2136 192 -32 ) (-2048 192 -32 ) 
3 242 243 (-2048 192 -32 ) (-2136 192 -32 ) (-2048 280 -32 ) 
4 243 252 (-2624 192 -36 ) (-2624 1024 -36 ) (-2048 1024 -36 ) (-2048 192 -36 ) 
4 243 251 (-2624 1024 -32 ) (-2624 1024 -36 ) (-2624 192 -36 ) (-2624 192 -32 ) 
4 243 245 (-2624 192 -32 ) (-2624 192 -36 ) (-2432 192 -36 ) (-2432 192 -32 ) 
4 243 244 (-2432 192 -36 ) (-2048 192 -36 ) (-2048 192 -32 ) (-2432 192 -32 ) 
4 244 267 (-2304 0 -24 ) (-2432 0 -24 ) (-2432 0 -36 ) (-2304 0 -36 ) 
4 244 266 (-2048 0 -36 ) (-2048 0 -24 ) (-2304 0 -24 ) (-2304 0 -36 ) 
4 244 264 (-2048 0 -24 ) (-2048 0 104 ) (-2432 0 104 ) (-2432 0 -24 ) 
4 244 253 (-2048 0 -36 ) (-2432 0 -36 ) (-2432 192 -36 ) (-2048 192 -36 ) 
4 244 245 (-2432 192 -24 ) (-2432 192 -36 ) (-2432 0 -36 ) (-2432 0 -24 ) 
4 245 267 (-2624 0 -24 ) (-2624 0 -36 ) (-2432 0 -36 ) (-2432 0 -24 ) 
4 245 253 (-2432 0 -36 ) (-2624 0 -36 ) (-2624 192 -36 ) (-2432 192 -36 ) 
4 245 251 (-2624 192 -36 ) (-2624 0 -36 ) (-2624 0 -32 ) (-2624 192 -32 ) 
4 246 275 (-3072 0 1536 ) (-3072 0 384 ) (-2936 0 384 ) (-2936 0 1536 ) 
4 246 270 (-2936 0 384 ) (-2624 0 384 ) (-2624 0 1536 ) (-2936 0 1536 ) 
4 246 255 (-3072 1024 1536 ) (-3072 1024 384 ) (-3072 0 384 ) (-3072 0 1536 ) 
4 246 247 (-2936 1024 384 ) (-2624 1024 384 ) (-2624 0 384 ) (-2936 0 384 ) 
4 247 270 (-2936 0 352 ) (-2624 0 352 ) (-2624 0 384 ) (-2936 0 384 ) 
4 247 249 (-2624 192 352 ) (-2624 0 352 ) (-2936 0 352 ) (-2936 192 352 ) 
4 247 248 (-2936 1024 352 ) (-2624 1024 352 ) (-2624 192 352 ) (-2936 192 352 ) 
4 248 250 (-2936 192 352 ) (-2944 192 352 ) (-2944 192 320 ) (-2936 192 320 ) 
4 248 249 (-2624 192 320 ) (-2624 192 352 ) (-2936 192 352 ) (-2936 192 320 ) 
4 249 271 (-2624 0 272.620178 ) (-2624 0 303.271484 ) (-2936 0 303.271484 ) (-2936 0 272.620148 ) 
4 249 270 (-2624 0 303.271484 ) (-2624 0 352 ) (-2936 0 352 ) (-2936 0 303.271484 ) 
4 249 250 (-2936 192 352 ) (-2936 192 226.480621 ) (-2936 0 272.620178 ) (-2936 0 352 ) 
4 250 276 (-2944 0 -32 ) (-2936 0 -32 ) (-2936 0 352 ) (-2944 0 352 ) 
4 250 251 (-2936 0 -32 ) (-2944 0 -32 ) (-2944 192 -32 ) (-2936 192 -32 ) 
4 251 277 (-3072 0 -32 ) (-3072 0 -36 ) (-2944 0 -36 ) (-2944 0 -32 ) 
4 251 276 (-2944 0 -36 ) (-2936 0 -36 ) (-2936 0 -32 ) (-2944 0 -32 ) 
4 251 272 (-2936 0 -36 ) (-2624 0 -36 ) (-2624 0 -32 ) (-2936 0 -32 ) 
4 251 257 (-3072 1024 -32 ) (-3072 1024 -36 ) (-3072 0 -36 ) (-3072 0 -32 ) 
4 251 253 (-2624 0 -36 ) (-3072 0 -36 ) (-3072 192 -36 ) (-2624 192 -36 ) 
4 251 252 (-3072 192 -36 ) (-3072 1024 -36 ) (-2624 1024 -36 ) (-2624 192 -36 ) 
4 252 259 (-3072 1024 -36 ) (-3072 1024 -304 ) (-3072 192 -304 ) (-3072 192 -36 ) 
4 252 254 (-3072 192 -304 ) (-2048 192 -304 ) (-2048 192 -224 ) (-3072 192 -224 ) 
4 252 253 (-2048 192 -224 ) (-2048 192 -36 ) (-3072 192 -36 ) (-3072 192 -224 ) 
4 253 279 (-2304 0 -36 ) (-2624 0 -36 ) (-2624 0 -224 ) (-2304 0 -224 ) 
4 253 278 (-2048 0 -224 ) (-2048 0 -36 ) (-2304 0 -36 ) (-2304 0 -224 ) 
4 253 281 (-2624 0 -36 ) (-3072 0 -36 ) (-3072 0 -224 ) (-2624 0 -224 ) 
4 253 260 (-3072 0 -224 ) (-3072 0 -36 ) (-3072 192 -36 ) (-3072 192 -224 ) 
4 253 254 (-3072 0 -224 ) (-3072 192 -224 ) (-2048 192 -224 ) (-2048 0 -224 ) 
4 254 284 (-2048 0 -304 ) (-2048 0 -224 ) (-3072 0 -224 ) (-3072 0 -304 ) 
4 254 261 (-3072 192 -304 ) (-3072 0 -304 ) (-3072 0 -224 ) (-3072 192 -224 ) 
4 255 309 (-4096 1024 1536 ) (-4096 1024 384 ) (-4096 0 384 ) (-4096 0 1536 ) 
4 255 285 (-3072 0 384 ) (-3072 0 1536 ) (-4096 0 1536 ) (-4096 0 384 ) 
4 255 256 (-4096 1024 384 ) (-3968 1024 384 ) (-3968 0 384 ) (-4096 0 384 ) 
4 256 309 (-4096 1024 384 ) (-4096 1024 352 ) (-4096 0 352 ) (-4096 0 384 ) 
4 256 286 (-3968 0 384 ) (-4096 0 384 ) (-4096 0 352 ) (-3968 0 352 ) 
4 256 258 (-3968 0 352 ) (-4096 0 352 ) (-4096 1024 352 ) (-3968 1024 352 ) 
4 257 287 (-3072 0 -36 ) (-3072 0 -32 ) (-3968 0 -32 ) (-3968 0 -36 ) 
4 257 260 (-3072 192 -36 ) (-3072 0 -36 ) (-3968 0 -36 ) (-3968 192 -36 ) 
4 257 259 (-3968 1024 -36 ) (-3072 1024 -36 ) (-3072 192 -36 ) (-3968 192 -36 ) 
4 257 258 (-3968 1024 -36 ) (-3968 0 -36 ) (-3968 0 -32 ) (-3968 1024 -32 ) 
4 258 309 (-4096 1024 352 ) (-4096 1024 -36 ) (-4096 0 -36 ) (-4096 0 352 ) 
4 258 288 (-3968 0 352 ) (-4096 0 352 ) (-4096 0 -36 ) (-3968 0 -36 ) 
4 258 260 (-3968 192 -36 ) (-3968 0 -36 ) (-4096 0 -36 ) (-4096 192 -36 ) 
4 258 259 (-4096 1024 -36 ) (-3968 1024 -36 ) (-3968 192 -36 ) (-4096 192 -36 ) 
4 259 310 (-4096 1024 -36 ) (-4096 1024 -304 ) (-4096 192 -304 ) (-4096 192 -36 ) 
4 259 261 (-4096 192 -304 ) (-3072 192 -304 ) (-3072 192 -224 ) (-4096 192 -224 ) 
4 259 260 (-3072 192 -224 ) (-3072 192 -36 ) (-4096 192 -36 ) (-4096 192 -224 ) 
4 260 311 (-4096 0 -224 ) (-4096 0 -36 ) (-4096 192 -36 ) (-4096 192 -224 ) 
4 260 289 (-3072 0 -224 ) (-3072 0 -36 ) (-4096 0 -36 ) (-4096 0 -224 ) 
4 260 261 (-3072 0 -224 ) (-4096 0 -224 ) (-4096 192 -224 ) (-3072 192 -224 ) 
4 261 312 (-4096 192 -304 ) (-4096 0 -304 ) (-4096 0 -224 ) (-4096 192 -224 ) 
4 261 290 (-3072 0 -304 ) (-3072 0 -224 ) (-4096 0 -224 ) (-4096 0 -304 ) 
4 262 271 (-2624 0 303.271362 ) (-2624 0 272.620178 ) (-2624 -64 288 ) (-2624 -64 288.009918 ) 
4 262 270 (-2624 -64 1536 ) (-2624 0 1536 ) (-2624 0 303.271362 ) (-2624 -64 288.009918 ) 
4 262 264 (-2428 0 104 ) (-2048 0 104 ) (-2048 -64 104 ) (-2428 -64 104 ) 
5 262 263 (-2428 -64 104 ) (-2048 -64 104 ) (-2048 -64 1536 ) (-2624 -64 1536 ) (-2624 -64 168 ) 
4 263 294 (-2304 -1024 352 ) (-2432 -1024 352 ) (-2432 -1024 104 ) (-2304 -1024 104 ) 
4 263 293 (-2048 -1024 104 ) (-2048 -1024 352 ) (-2304 -1024 352 ) (-2304 -1024 104 ) 
4 263 295 (-2432 -1024 352 ) (-2624 -1024 352 ) (-2624 -1024 104 ) (-2432 -1024 104 ) 
4 263 292 (-2048 -1024 352 ) (-2048 -1024 384 ) (-2624 -1024 384 ) (-2624 -1024 352 ) 
4 263 291 (-2048 -1024 384 ) (-2048 -1024 1536 ) (-2624 -1024 1536 ) (-2624 -1024 384 ) 
4 263 274 (-2624 -320 224 ) (-2624 -320 104 ) (-2624 -835.654602 104 ) (-2624 -324.013397 226.006714 ) 
5 263 273 (-2624 -1024 104 ) (-2624 -1024 1536 ) (-2624 -320 1536 ) (-2624 -320 226.963745 ) (-2624 -835.654602 104 ) 
4 263 270 (-2624 -320 1536 ) (-2624 -64 1536 ) (-2624 -64 288.009888 ) (-2624 -320 226.963791 ) 
4 263 265 (-2624 -1024 104 ) (-2624 -64 104 ) (-2432 -64 104 ) (-2432 -1024 104 ) 
4 263 264 (-2432 -64 104 ) (-2048 -64 104 ) (-2048 -1024 104 ) (-2432 -1024 104 ) 
4 264 294 (-2304 -1024 104 ) (-2432 -1024 104 ) (-2432 -1024 -24 ) (-2304 -1024 -24 ) 
4 264 293 (-2048 -1024 -24 ) (-2048 -1024 104 ) (-2304 -1024 104 ) (-2304 -1024 -24 ) 
4 264 268 (-2048 -1024 -24 ) (-2304 -1024 -24 ) (-2304 -328 -24 ) (-2048 -328 -24 ) 
4 264 267 (-2432 -312 -24 ) (-2432 0 -24 ) (-2304 0 -24 ) (-2304 -312 -24 ) 
4 264 266 (-2304 0 -24 ) (-2048 0 -24 ) (-2048 -328 -24 ) (-2304 -328 -24 ) 
4 264 265 (-2432 -64 -24 ) (-2432 -1024 -24 ) (-2432 -1024 104 ) (-2432 -64 104 ) 
4 265 295 (-2432 -1024 104 ) (-2624 -1024 104 ) (-2624 -1024 -24 ) (-2432 -1024 -24 ) 
5 265 274 (-2624 -1024 -24 ) (-2624 -1024 59.086861 ) (-2624 -835.654541 104 ) (-2624 -320 104 ) (-2624 -320 -24 ) 
3 265 273 (-2624 -1024 59.086861 ) (-2624 -1024 104 ) (-2624 -835.654541 104 ) 
4 265 269 (-2432 -1024 -24 ) (-2624 -1024 -24 ) (-2624 -328 -24 ) (-2432 -328 -24 ) 
4 265 267 (-2624 -312 -24 ) (-2624 -64 -24 ) (-2432 -64 -24 ) (-2432 -312 -24 ) 
4 266 278 (-2304 0 -36 ) (-2048 0 -36 ) (-2048 -328 -36 ) (-2304 -328 -36 ) 
4 266 268 (-2048 -328 -24 ) (-2304 -328 -24 ) (-2304 -328 -36 ) (-2048 -328 -36 ) 
4 266 267 (-2304 0 -36 ) (-2304 -312 -36 ) (-2304 -312 -24 ) (-2304 0 -24 ) 
4 267 279 (-2624 -312 -36 ) (-2624 0 -36 ) (-2304 0 -36 ) (-2304 -312 -36 ) 
4 267 272 (-2624 0 -36 ) (-2624 -312 -36 ) (-2624 -312 -32 ) (-2624 0 -32 ) 
4 268 293 (-2048 -1024 -36 ) (-2048 -1024 -24 ) (-2304 -1024 -24 ) (-2304 -1024 -36 ) 
4 268 282 (-2048 -1024 -36 ) (-2304 -1024 -36 ) (-2304 -328 -36 ) (-2048 -328 -36 ) 
4 269 295 (-2432 -1024 -24 ) (-2624 -1024 -24 ) (-2624 -1024 -36 ) (-2432 -1024 -36 ) 
4 269 283 (-2432 -1024 -36 ) (-2624 -1024 -36 ) (-2624 -328 -36 ) (-2432 -328 -36 ) 
4 269 274 (-2624 -328 -36 ) (-2624 -1024 -36 ) (-2624 -1024 -24 ) (-2624 -328 -24 ) 
4 270 276 (-2936 0 352 ) (-2936 0 303.271362 ) (-2936 -320 226.963776 ) (-2936 -320 352 ) 
4 270 275 (-2936 0 1536 ) (-2936 0 384 ) (-2936 -320 384 ) (-2936 -320 1536 ) 
4 270 273 (-2624 -320 226.963776 ) (-2624 -320 1536 ) (-2936 -320 1536 ) (-2936 -320 226.963745 ) 
4 270 271 (-2936 -64.020691 288.004974 ) (-2936 0 303.271454 ) (-2624 0 303.271484 ) (-2624 -64.020737 288.005005 ) 
3 271 276 (-2936 0 303.271362 ) (-2936 0 272.620178 ) (-2936 -64.020538 288.004944 ) 
4 272 281 (-2936 -320 -36 ) (-2936 0 -36 ) (-2624 0 -36 ) (-2624 -320 -36 ) 
4 272 276 (-2936 0 -32 ) (-2936 0 -36 ) (-2936 -320 -36 ) (-2936 -320 -32 ) 
4 272 274 (-2624 -320 -36 ) (-2624 -320 -32 ) (-2936 -320 -32 ) (-2936 -320 -36 ) 
4 273 295 (-2936 -1024 352 ) (-2936 -1024 59.086792 ) (-2624 -1024 59.086853 ) (-2624 -1024 352 ) 
4 273 292 (-2936 -1024 384 ) (-2936 -1024 352 ) (-2624 -1024 352 ) (-2624 -1024 384 ) 
4 273 291 (-2936 -1024 1536 ) (-2936 -1024 384 ) (-2624 -1024 384 ) (-2624 -1024 1536 ) 
4 273 276 (-2936 -1024 59.086853 ) (-2936 -1024 352 ) (-2936 -320 352 ) (-2936 -320 226.963745 ) 
4 273 275 (-2936 -1024 384 ) (-2936 -1024 1536 ) (-2936 -320 1536 ) (-2936 -320 384 ) 
4 273 274 (-2936 -1024 59.086510 ) (-2936 -324.012878 226.006439 ) (-2624 -324.012878 226.006454 ) (-2624 -1024 59.086456 ) 
4 274 295 (-2936 -1024 59.086792 ) (-2936 -1024 -36 ) (-2624 -1024 -36 ) (-2624 -1024 59.086853 ) 
4 274 283 (-2624 -1024 -36 ) (-2936 -1024 -36 ) (-2936 -328 -36 ) (-2624 -328 -36 ) 
4 274 281 (-2936 -328 -36 ) (-2936 -320 -36 ) (-2624 -320 -36 ) (-2624 -328 -36 ) 
5 274 276 (-2936 -320 -36 ) (-2936 -1024 -36 ) (-2936 -1024 59.086853 ) (-2936 -324.013367 226.006714 ) (-2936 -320 224 ) 
4 275 291 (-3072 -1024 1536 ) (-3072 -1024 384 ) (-2936 -1024 384 ) (-2936 -1024 1536 ) 
4 275 285 (-3072 -1024 384 ) (-3072 -1024 1536 ) (-3072 0 1536 ) (-3072 0 384 ) 
4 276 295 (-2944 -1024 -36 ) (-2936 -1024 -36 ) (-2936 -1024 352 ) (-2944 -1024 352 ) 
4 276 283 (-2936 -1024 -36 ) (-2944 -1024 -36 ) (-2944 -328 -36 ) (-2936 -328 -36 ) 
4 276 281 (-2944 -328 -36 ) (-2944 0 -36 ) (-2936 0 -36 ) (-2936 -328 -36 ) 
4 276 277 (-2944 0 -36 ) (-2944 -1024 -36 ) (-2944 -1024 -32 ) (-2944 0 -32 ) 
4 277 296 (-3072 -1024 -32 ) (-3072 -1024 -36 ) (-2944 -1024 -36 ) (-2944 -1024 -32 ) 
4 277 287 (-3072 -1024 -36 ) (-3072 -1024 -32 ) (-3072 0 -32 ) (-3072 0 -36 ) 
4 277 283 (-2944 -1024 -36 ) (-3072 -1024 -36 ) (-3072 -328 -36 ) (-2944 -328 -36 ) 
4 277 281 (-3072 -328 -36 ) (-3072 0 -36 ) (-2944 0 -36 ) (-2944 -328 -36 ) 
4 278 284 (-2304 0 -224 ) (-2048 0 -224 ) (-2048 -328 -224 ) (-2304 -328 -224 ) 
4 278 282 (-2304 -328 -224 ) (-2048 -328 -224 ) (-2048 -328 -36 ) (-2304 -328 -36 ) 
4 278 280 (-2304 -312 -224 ) (-2304 -328 -224 ) (-2304 -328 -40 ) (-2304 -312 -40 ) 
4 278 279 (-2304 0 -224 ) (-2304 -312 -224 ) (-2304 -312 -36 ) (-2304 0 -36 ) 
4 279 284 (-2624 0 -224 ) (-2304 0 -224 ) (-2304 -312 -224 ) (-2624 -312 -224 ) 
4 279 280 (-2624 -312 -40 ) (-2624 -312 -224 ) (-2304 -312 -224 ) (-2304 -312 -40 ) 
4 279 281 (-2624 0 -224 ) (-2624 -312 -224 ) (-2624 -312 -36 ) (-2624 0 -36 ) 
4 280 284 (-2304 -312 -224 ) (-2304 -328 -224 ) (-2624 -328 -224 ) (-2624 -312 -224 ) 
4 280 283 (-2624 -328 -224 ) (-2432 -328 -224 ) (-2432 -328 -40 ) (-2624 -328 -40 ) 
4 280 281 (-2624 -312 -224 ) (-2624 -328 -224 ) (-2624 -328 -40 ) (-2624 -312 -40 ) 
4 281 289 (-3072 -328 -36 ) (-3072 0 -36 ) (-3072 0 -224 ) (-3072 -328 -224 ) 
4 281 284 (-3072 -328 -224 ) (-3072 0 -224 ) (-2624 0 -224 ) (-2624 -328 -224 ) 
4 281 283 (-3072 -328 -224 ) (-2624 -328 -224 ) (-2624 -328 -36 ) (-3072 -328 -36 ) 
4 282 297 (-2048 -1024 -224 ) (-2048 -1024 -36 ) (-2304 -1024 -36 ) (-2304 -1024 -224 ) 
4 282 284 (-2304 -328 -224 ) (-2048 -328 -224 ) (-2048 -1024 -224 ) (-2304 -1024 -224 ) 
4 283 299 (-2432 -1024 -36 ) (-3072 -1024 -36 ) (-3072 -1024 -224 ) (-2432 -1024 -224 ) 
4 283 289 (-3072 -1024 -224 ) (-3072 -1024 -36 ) (-3072 -328 -36 ) (-3072 -328 -224 ) 
4 283 284 (-3072 -1024 -224 ) (-3072 -328 -224 ) (-2432 -328 -224 ) (-2432 -1024 -224 ) 
4 284 301 (-2048 -1024 -304 ) (-2048 -1024 -224 ) (-3072 -1024 -224 ) (-3072 -1024 -304 ) 
4 284 290 (-3072 -1024 -304 ) (-3072 -1024 -224 ) (-3072 0 -224 ) (-3072 0 -304 ) 
4 285 314 (-4096 -1024 384 ) (-4096 -1024 1536 ) (-4096 0 1536 ) (-4096 0 384 ) 
4 285 302 (-4096 -1024 1536 ) (-4096 -1024 384 ) (-3072 -1024 384 ) (-3072 -1024 1536 ) 
4 285 286 (-4096 0 384 ) (-3968 0 384 ) (-3968 -1024 384 ) (-4096 -1024 384 ) 
4 286 314 (-4096 -1024 352 ) (-4096 -1024 384 ) (-4096 0 384 ) (-4096 0 352 ) 
4 286 303 (-4096 -1024 384 ) (-4096 -1024 352 ) (-3968 -1024 352 ) (-3968 -1024 384 ) 
4 286 288 (-3968 -1024 352 ) (-4096 -1024 352 ) (-4096 0 352 ) (-3968 0 352 ) 
4 287 304 (-3968 -1024 -36 ) (-3072 -1024 -36 ) (-3072 -1024 -32 ) (-3968 -1024 -32 ) 
4 287 289 (-3968 0 -36 ) (-3072 0 -36 ) (-3072 -1024 -36 ) (-3968 -1024 -36 ) 
4 287 288 (-3968 0 -36 ) (-3968 -1024 -36 ) (-3968 -1024 -32 ) (-3968 0 -32 ) 
4 288 314 (-4096 -1024 -36 ) (-4096 -1024 352 ) (-4096 0 352 ) (-4096 0 -36 ) 
4 288 305 (-4096 -1024 352 ) (-4096 -1024 -36 ) (-3968 -1024 -36 ) (-3968 -1024 352 ) 
4 288 289 (-4096 0 -36 ) (-3968 0 -36 ) (-3968 -1024 -36 ) (-4096 -1024 -36 ) 
4 289 315 (-4096 -1024 -224 ) (-4096 -1024 -36 ) (-4096 0 -36 ) (-4096 0 -224 ) 
4 289 306 (-4096 -1024 -36 ) (-4096 -1024 -224 ) (-3072 -1024 -224 ) (-3072 -1024 -36 ) 
4 289 290 (-4096 0 -224 ) (-3072 0 -224 ) (-3072 -1024 -224 ) (-4096 -1024 -224 ) 
4 290 316 (-4096 -1024 -304 ) (-4096 -1024 -224 ) (-4096 0 -224 ) (-4096 0 -304 ) 
4 290 307 (-4096 -1024 -224 ) (-4096 -1024 -304 ) (-3072 -1024 -304 ) (-3072 -1024 -224 ) 
4 291 324 (-2936 -2048 1536 ) (-3072 -2048 1536 ) (-3072 -2048 384 ) (-2936 -2048 384 ) 
4 291 323 (-2048 -2048 384 ) (-2048 -2048 1536 ) (-2936 -2048 1536 ) (-2936 -2048 384 ) 
4 291 302 (-3072 -1024 1536 ) (-3072 -1024 384 ) (-3072 -2048 384 ) (-3072 -2048 1536 ) 
4 291 292 (-2936 -1024 384 ) (-2048 -1024 384 ) (-2048 -2048 384 ) (-2936 -2048 384 ) 
4 292 323 (-2048 -2048 352 ) (-2048 -2048 384 ) (-2936 -2048 384 ) (-2936 -2048 352 ) 
4 292 294 (-2304 -2048 352 ) (-2432 -2048 352 ) (-2432 -1024 352 ) (-2304 -1024 352 ) 
4 292 293 (-2048 -2048 352 ) (-2304 -2048 352 ) (-2304 -1024 352 ) (-2048 -1024 352 ) 
4 292 295 (-2432 -2048 352 ) (-2936 -2048 352 ) (-2936 -1024 352 ) (-2432 -1024 352 ) 
4 293 330 (-2112 -2048 352 ) (-2304 -2048 352 ) (-2304 -2048 -36 ) (-2112 -2048 -36 ) 
4 293 329 (-2048 -2048 -36 ) (-2048 -2048 -32 ) (-2112 -2048 -32 ) (-2112 -2048 -36 ) 
4 293 325 (-2048 -2048 -32 ) (-2048 -2048 352 ) (-2112 -2048 352 ) (-2112 -2048 -32 ) 
4 293 298 (-2048 -1344 -36 ) (-2048 -2048 -36 ) (-2304 -2048 -36 ) (-2304 -1344 -36 ) 
4 293 297 (-2304 -1024 -36 ) (-2048 -1024 -36 ) (-2048 -1344 -36 ) (-2304 -1344 -36 ) 
4 293 294 (-2304 -2048 -24 ) (-2304 -2048 352 ) (-2304 -1024 352 ) (-2304 -1024 -24 ) 
4 294 331 (-2304 -2048 352 ) (-2432 -2048 352 ) (-2432 -2048 -24 ) (-2304 -2048 -24 ) 
4 294 295 (-2432 -2048 -24 ) (-2432 -2048 352 ) (-2432 -1024 352 ) (-2432 -1024 -24 ) 
4 295 333 (-2432 -2048 352 ) (-2944 -2048 352 ) (-2944 -2048 -36 ) (-2432 -2048 -36 ) 
4 295 300 (-2432 -1344 -36 ) (-2432 -2048 -36 ) (-2944 -2048 -36 ) (-2944 -1344 -36 ) 
4 295 299 (-2944 -1024 -36 ) (-2432 -1024 -36 ) (-2432 -1344 -36 ) (-2944 -1344 -36 ) 
4 295 296 (-2944 -1024 -36 ) (-2944 -2048 -36 ) (-2944 -2048 -32 ) (-2944 -1024 -32 ) 
4 296 334 (-3072 -2048 -32 ) (-3072 -2048 -36 ) (-2944 -2048 -36 ) (-2944 -2048 -32 ) 
4 296 304 (-3072 -1024 -32 ) (-3072 -1024 -36 ) (-3072 -2048 -36 ) (-3072 -2048 -32 ) 
4 296 300 (-2944 -1344 -36 ) (-2944 -2048 -36 ) (-3072 -2048 -36 ) (-3072 -1344 -36 ) 
4 296 299 (-3072 -1024 -36 ) (-2944 -1024 -36 ) (-2944 -1344 -36 ) (-3072 -1344 -36 ) 
4 297 301 (-2304 -1024 -224 ) (-2048 -1024 -224 ) (-2048 -1344 -224 ) (-2304 -1344 -224 ) 
4 297 298 (-2304 -1344 -224 ) (-2048 -1344 -224 ) (-2048 -1344 -36 ) (-2304 -1344 -36 ) 
4 298 330 (-2112 -2048 -36 ) (-2304 -2048 -36 ) (-2304 -2048 -224 ) (-2112 -2048 -224 ) 
4 298 329 (-2048 -2048 -224 ) (-2048 -2048 -36 ) (-2112 -2048 -36 ) (-2112 -2048 -224 ) 
4 298 301 (-2048 -2048 -224 ) (-2304 -2048 -224 ) (-2304 -1344 -224 ) (-2048 -1344 -224 ) 
4 299 306 (-3072 -1024 -36 ) (-3072 -1024 -224 ) (-3072 -1344 -224 ) (-3072 -1344 -36 ) 
4 299 301 (-3072 -1344 -224 ) (-3072 -1024 -224 ) (-2432 -1024 -224 ) (-2432 -1344 -224 ) 
4 299 300 (-3072 -1344 -224 ) (-2432 -1344 -224 ) (-2432 -1344 -36 ) (-3072 -1344 -36 ) 
4 300 334 (-2944 -2048 -36 ) (-3072 -2048 -36 ) (-3072 -2048 -224 ) (-2944 -2048 -224 ) 
4 300 333 (-2432 -2048 -36 ) (-2944 -2048 -36 ) (-2944 -2048 -224 ) (-2432 -2048 -224 ) 
4 300 308 (-3072 -1344 -224 ) (-3072 -2048 -224 ) (-3072 -2048 -36 ) (-3072 -1344 -36 ) 
4 300 301 (-2432 -2048 -224 ) (-3072 -2048 -224 ) (-3072 -1344 -224 ) (-2432 -1344 -224 ) 
4 301 335 (-2112 -2048 -224 ) (-3072 -2048 -224 ) (-3072 -2048 -304 ) (-2112 -2048 -304 ) 
4 301 329 (-2048 -2048 -304 ) (-2048 -2048 -224 ) (-2112 -2048 -224 ) (-2112 -2048 -304 ) 
4 301 307 (-3072 -1024 -224 ) (-3072 -1024 -304 ) (-3072 -1344 -304 ) (-3072 -1344 -224 ) 
4 301 308 (-3072 -1344 -304 ) (-3072 -2048 -304 ) (-3072 -2048 -224 ) (-3072 -1344 -224 ) 
4 302 336 (-3072 -2048 384 ) (-3072 -2048 1536 ) (-3968 -2048 1536 ) (-3968 -2048 384 ) 
4 302 337 (-3968 -2048 1536 ) (-4096 -2048 1536 ) (-4096 -2048 384 ) (-3968 -2048 384 ) 
4 302 318 (-4096 -2048 384 ) (-4096 -2048 1536 ) (-4096 -1024 1536 ) (-4096 -1024 384 ) 
4 302 303 (-4096 -2048 384 ) (-4096 -1024 384 ) (-3968 -1024 384 ) (-3968 -2048 384 ) 
4 303 337 (-3968 -2048 384 ) (-4096 -2048 384 ) (-4096 -2048 352 ) (-3968 -2048 352 ) 
4 303 318 (-4096 -2048 352 ) (-4096 -2048 384 ) (-4096 -1024 384 ) (-4096 -1024 352 ) 
4 303 305 (-3968 -2048 352 ) (-4096 -2048 352 ) (-4096 -1024 352 ) (-3968 -1024 352 ) 
4 304 338 (-3072 -2048 -36 ) (-3072 -2048 -32 ) (-3968 -2048 -32 ) (-3968 -2048 -36 ) 
4 304 306 (-3968 -1024 -36 ) (-3072 -1024 -36 ) (-3072 -1344 -36 ) (-3968 -1344 -36 ) 
4 304 308 (-3072 -1344 -36 ) (-3072 -2048 -36 ) (-3968 -2048 -36 ) (-3968 -1344 -36 ) 
4 304 305 (-3968 -1024 -36 ) (-3968 -2048 -36 ) (-3968 -2048 -32 ) (-3968 -1024 -32 ) 
4 305 339 (-3968 -2048 352 ) (-4096 -2048 352 ) (-4096 -2048 -36 ) (-3968 -2048 -36 ) 
4 305 318 (-4096 -2048 -36 ) (-4096 -2048 352 ) (-4096 -1024 352 ) (-4096 -1024 -36 ) 
4 305 306 (-4096 -1344 -36 ) (-4096 -1024 -36 ) (-3968 -1024 -36 ) (-3968 -1344 -36 ) 
4 305 308 (-4096 -2048 -36 ) (-4096 -1344 -36 ) (-3968 -1344 -36 ) (-3968 -2048 -36 ) 
4 306 319 (-4096 -1344 -36 ) (-4096 -1024 -36 ) (-4096 -1024 -224 ) (-4096 -1344 -224 ) 
4 306 308 (-3072 -1344 -224 ) (-3072 -1344 -36 ) (-4096 -1344 -36 ) (-4096 -1344 -224 ) 
4 306 307 (-3072 -1344 -224 ) (-4096 -1344 -224 ) (-4096 -1024 -224 ) (-3072 -1024 -224 ) 
4 307 320 (-4096 -1024 -224 ) (-4096 -1024 -304 ) (-4096 -1344 -304 ) (-4096 -1344 -224 ) 
4 307 308 (-4096 -1344 -304 ) (-3072 -1344 -304 ) (-3072 -1344 -224 ) (-4096 -1344 -224 ) 
4 308 338 (-3072 -2048 -304 ) (-3072 -2048 -36 ) (-3968 -2048 -36 ) (-3968 -2048 -304 ) 
4 308 339 (-3968 -2048 -36 ) (-4096 -2048 -36 ) (-4096 -2048 -304 ) (-3968 -2048 -304 ) 
4 308 321 (-4096 -2048 -304 ) (-4096 -2048 -36 ) (-4096 -1344 -36 ) (-4096 -1344 -304 ) 
4 309 314 (-4096 0 -36 ) (-4096 0 1536 ) (-5120 0 1536 ) (-5120 0 -36 ) 
4 309 311 (-4096 0 -36 ) (-4480 0 -36 ) (-4480 192 -36 ) (-4096 192 -36 ) 
4 309 310 (-4480 192 -36 ) (-4480 1024 -36 ) (-4096 1024 -36 ) (-4096 192 -36 ) 
4 309 313 (-4480 0 -36 ) (-5120 0 -36 ) (-5120 1024 -36 ) (-4480 1024 -36 ) 
4 310 312 (-4480 192 -224 ) (-4480 192 -304 ) (-4096 192 -304 ) (-4096 192 -224 ) 
4 310 311 (-4480 192 -36 ) (-4480 192 -224 ) (-4096 192 -224 ) (-4096 192 -36 ) 
4 310 313 (-4480 1024 -304 ) (-4480 192 -304 ) (-4480 192 -36 ) (-4480 1024 -36 ) 
4 311 315 (-4096 0 -224 ) (-4096 0 -36 ) (-4480 0 -36 ) (-4480 0 -224 ) 
4 311 313 (-4480 0 -224 ) (-4480 0 -36 ) (-4480 192 -36 ) (-4480 192 -224 ) 
4 311 312 (-4096 0 -224 ) (-4480 0 -224 ) (-4480 192 -224 ) (-4096 192 -224 ) 
4 312 316 (-4096 0 -304 ) (-4096 0 -224 ) (-4480 0 -224 ) (-4480 0 -304 ) 
4 312 313 (-4480 192 -304 ) (-4480 0 -304 ) (-4480 0 -224 ) (-4480 192 -224 ) 
4 313 317 (-4480 0 -36 ) (-5120 0 -36 ) (-5120 0 -304 ) (-4480 0 -304 ) 
4 314 318 (-4096 -1024 -36 ) (-4096 -1024 1536 ) (-5120 -1024 1536 ) (-5120 -1024 -36 ) 
4 314 315 (-4480 0 -36 ) (-4096 0 -36 ) (-4096 -1024 -36 ) (-4480 -1024 -36 ) 
4 314 317 (-5120 -1024 -36 ) (-5120 0 -36 ) (-4480 0 -36 ) (-4480 -1024 -36 ) 
4 315 319 (-4096 -1024 -224 ) (-4096 -1024 -36 ) (-4480 -1024 -36 ) (-4480 -1024 -224 ) 
4 315 317 (-4480 -1024 -224 ) (-4480 -1024 -36 ) (-4480 0 -36 ) (-4480 0 -224 ) 
4 315 316 (-4096 -1024 -224 ) (-4480 -1024 -224 ) (-4480 0 -224 ) (-4096 0 -224 ) 
4 316 320 (-4096 -1024 -304 ) (-4096 -1024 -224 ) (-4480 -1024 -224 ) (-4480 -1024 -304 ) 
4 316 317 (-4480 0 -304 ) (-4480 -1024 -304 ) (-4480 -1024 -224 ) (-4480 0 -224 ) 
4 317 322 (-4480 -1024 -36 ) (-5120 -1024 -36 ) (-5120 -1024 -304 ) (-4480 -1024 -304 ) 
4 318 350 (-4096 -2048 -36 ) (-4096 -2048 1536 ) (-5120 -2048 1536 ) (-5120 -2048 -36 ) 
4 318 319 (-4480 -1344 -36 ) (-4480 -1024 -36 ) (-4096 -1024 -36 ) (-4096 -1344 -36 ) 
4 318 321 (-4096 -2048 -36 ) (-4480 -2048 -36 ) (-4480 -1344 -36 ) (-4096 -1344 -36 ) 
4 318 322 (-4480 -2048 -36 ) (-5120 -2048 -36 ) (-5120 -1024 -36 ) (-4480 -1024 -36 ) 
4 319 321 (-4480 -1344 -36 ) (-4480 -1344 -224 ) (-4096 -1344 -224 ) (-4096 -1344 -36 ) 
4 319 322 (-4480 -1344 -224 ) (-4480 -1344 -36 ) (-4480 -1024 -36 ) (-4480 -1024 -224 ) 
4 319 320 (-4096 -1344 -224 ) (-4480 -1344 -224 ) (-4480 -1024 -224 ) (-4096 -1024 -224 ) 
4 320 321 (-4480 -1344 -224 ) (-4480 -1344 -304 ) (-4096 -1344 -304 ) (-4096 -1344 -224 ) 
4 320 322 (-4480 -1024 -304 ) (-4480 -1344 -304 ) (-4480 -1344 -224 ) (-4480 -1024 -224 ) 
4 321 350 (-4096 -2048 -304 ) (-4096 -2048 -36 ) (-4480 -2048 -36 ) (-4480 -2048 -304 ) 
4 321 322 (-4480 -1344 -304 ) (-4480 -2048 -304 ) (-4480 -2048 -36 ) (-4480 -1344 -36 ) 
4 322 350 (-4480 -2048 -36 ) (-5120 -2048 -36 ) (-5120 -2048 -304 ) (-4480 -2048 -304 ) 
4 323 340 (-2048 -3072 352 ) (-2048 -3072 1536 ) (-2936 -3072 1536 ) (-2936 -3072 352 ) 
4 323 333 (-2432 -3072 352 ) (-2936 -3072 352 ) (-2936 -2048 352 ) (-2432 -2048 352 ) 
4 323 331 (-2432 -2368 352 ) (-2432 -2048 352 ) (-2304 -2048 352 ) (-2304 -2368 352 ) 
4 323 332 (-2304 -3072 352 ) (-2432 -3072 352 ) (-2432 -2368 352 ) (-2304 -2368 352 ) 
4 323 330 (-2112 -3072 352 ) (-2304 -3072 352 ) (-2304 -2048 352 ) (-2112 -2048 352 ) 
5 323 327 (-2112 -2368 352 ) (-2112 -2176 352 ) (-2080 -2144 352 ) (-2048 -2144 352 ) (-2048 -2368 352 ) 
3 323 326 (-2112 -2176 352 ) (-2112 -2144 352 ) (-2080 -2144 352 ) 
4 323 325 (-2112 -2144 352 ) (-2112 -2048 352 ) (-2048 -2048 352 ) (-2048 -2144 352 ) 
4 323 328 (-2048 -3072 352 ) (-2112 -3072 352 ) (-2112 -2368 352 ) (-2048 -2368 352 ) 
4 323 324 (-2936 -3072 384 ) (-2936 -3072 1536 ) (-2936 -2048 1536 ) (-2936 -2048 384 ) 
4 324 341 (-2936 -3072 1536 ) (-3072 -3072 1536 ) (-3072 -3072 384 ) (-2936 -3072 384 ) 
4 324 336 (-3072 -2048 1536 ) (-3072 -2048 384 ) (-3072 -3072 384 ) (-3072 -3072 1536 ) 
4 325 330 (-2112 -2144 352 ) (-2112 -2048 352 ) (-2112 -2048 -32 ) (-2112 -2144 -32 ) 
4 325 329 (-2112 -2144 -32 ) (-2112 -2048 -32 ) (-2048 -2048 -32 ) (-2048 -2144 -32 ) 
4 325 327 (-2048 -2144 224 ) (-2048 -2144 352 ) (-2080 -2144 352 ) (-2080 -2144 224 ) 
4 325 326 (-2112 -2144 352 ) (-2112 -2144 -32 ) (-2080 -2144 -32 ) (-2080 -2144 352 ) 
4 326 330 (-2112 -2176 352 ) (-2112 -2144 352 ) (-2112 -2144 -32 ) (-2112 -2176 -32 ) 
3 326 329 (-2112 -2176 -32 ) (-2112 -2144 -32 ) (-2080 -2144 -32 ) 
4 326 327 (-2112 -2176 352 ) (-2112 -2176 224 ) (-2080 -2144 224 ) (-2080 -2144 352 ) 
4 327 330 (-2112 -2368 352 ) (-2112 -2176 352 ) (-2112 -2176 224 ) (-2112 -2368 224 ) 
4 327 328 (-2112 -2368 352 ) (-2112 -2368 224 ) (-2048 -2368 224 ) (-2048 -2368 352 ) 
4 328 342 (-2048 -3072 -32 ) (-2048 -3072 352 ) (-2112 -3072 352 ) (-2112 -3072 -32 ) 
4 328 330 (-2112 -3072 352 ) (-2112 -2368 352 ) (-2112 -2368 -32 ) (-2112 -3072 -32 ) 
4 328 329 (-2048 -3072 -32 ) (-2112 -3072 -32 ) (-2112 -2368 -32 ) (-2048 -2368 -32 ) 
4 329 342 (-2048 -3072 -304 ) (-2048 -3072 -32 ) (-2112 -3072 -32 ) (-2112 -3072 -304 ) 
4 329 335 (-2112 -2048 -224 ) (-2112 -2048 -304 ) (-2112 -3072 -304 ) (-2112 -3072 -224 ) 
4 329 330 (-2112 -2048 -32 ) (-2112 -2048 -224 ) (-2112 -3072 -224 ) (-2112 -3072 -32 ) 
4 330 342 (-2112 -3072 -224 ) (-2112 -3072 352 ) (-2304 -3072 352 ) (-2304 -3072 -224 ) 
4 330 335 (-2304 -2048 -224 ) (-2112 -2048 -224 ) (-2112 -3072 -224 ) (-2304 -3072 -224 ) 
4 330 331 (-2304 -2368 -24 ) (-2304 -2368 352 ) (-2304 -2048 352 ) (-2304 -2048 -24 ) 
4 330 332 (-2304 -2368 -224 ) (-2304 -3072 -224 ) (-2304 -3072 352 ) (-2304 -2368 352 ) 
4 331 333 (-2432 -2368 -24 ) (-2432 -2368 352 ) (-2432 -2048 352 ) (-2432 -2048 -24 ) 
4 331 332 (-2432 -2368 352 ) (-2432 -2368 -24 ) (-2304 -2368 -24 ) (-2304 -2368 352 ) 
4 332 342 (-2304 -3072 352 ) (-2432 -3072 352 ) (-2432 -3072 -224 ) (-2304 -3072 -224 ) 
4 332 335 (-2304 -2368 -224 ) (-2304 -3072 -224 ) (-2432 -3072 -224 ) (-2432 -2368 -224 ) 
4 332 333 (-2432 -2368 -224 ) (-2432 -3072 -224 ) (-2432 -3072 352 ) (-2432 -2368 352 ) 
4 333 342 (-2432 -3072 352 ) (-2944 -3072 352 ) (-2944 -3072 -224 ) (-2432 -3072 -224 ) 
4 333 335 (-2944 -2048 -224 ) (-2432 -2048 -224 ) (-2432 -3072 -224 ) (-2944 -3072 -224 ) 
4 333 334 (-2944 -2048 -224 ) (-2944 -3072 -224 ) (-2944 -3072 -32 ) (-2944 -2048 -32 ) 
4 334 343 (-3072 -3072 -32 ) (-3072 -3072 -224 ) (-2944 -3072 -224 ) (-2944 -3072 -32 ) 
4 334 338 (-3072 -2048 -32 ) (-3072 -2048 -224 ) (-3072 -3072 -224 ) (-3072 -3072 -32 ) 
4 334 335 (-3072 -2048 -224 ) (-2944 -2048 -224 ) (-2944 -3072 -224 ) (-3072 -3072 -224 ) 
4 335 343 (-2944 -3072 -224 ) (-3072 -3072 -224 ) (-3072 -3072 -304 ) (-2944 -3072 -304 ) 
4 335 342 (-2112 -3072 -304 ) (-2112 -3072 -224 ) (-2944 -3072 -224 ) (-2944 -3072 -304 ) 
4 335 338 (-3072 -2048 -224 ) (-3072 -2048 -304 ) (-3072 -3072 -304 ) (-3072 -3072 -224 ) 
4 336 345 (-3072 -3072 384 ) (-3072 -3072 1536 ) (-3968 -3072 1536 ) (-3968 -3072 384 ) 
4 336 337 (-3968 -3072 384 ) (-3968 -3072 1536 ) (-3968 -2048 1536 ) (-3968 -2048 384 ) 
4 337 350 (-4096 -2048 1536 ) (-4096 -2048 352 ) (-4096 -3072 352 ) (-4096 -3072 1536 ) 
4 337 346 (-3968 -3072 1536 ) (-4096 -3072 1536 ) (-4096 -3072 352 ) (-3968 -3072 352 ) 
4 337 339 (-4096 -2048 352 ) (-3968 -2048 352 ) (-3968 -3072 352 ) (-4096 -3072 352 ) 
4 338 347 (-3072 -3072 -304 ) (-3072 -3072 -32 ) (-3968 -3072 -32 ) (-3968 -3072 -304 ) 
4 338 339 (-3968 -2048 -304 ) (-3968 -3072 -304 ) (-3968 -3072 -32 ) (-3968 -2048 -32 ) 
4 339 350 (-4096 -2048 352 ) (-4096 -2048 -304 ) (-4096 -3072 -304 ) (-4096 -3072 352 ) 
4 339 348 (-3968 -3072 352 ) (-4096 -3072 352 ) (-4096 -3072 -304 ) (-3968 -3072 -304 ) 
4 340 344 (-2048 -3200 352 ) (-2048 -3200 1536 ) (-2936 -3200 1536 ) (-2936 -3200 352 ) 
4 340 342 (-2048 -3200 352 ) (-2936 -3200 352 ) (-2936 -3072 352 ) (-2048 -3072 352 ) 
4 340 341 (-2936 -3200 384 ) (-2936 -3200 1536 ) (-2936 -3072 1536 ) (-2936 -3072 384 ) 
4 341 345 (-3072 -3200 1536 ) (-3072 -3072 1536 ) (-3072 -3072 384 ) (-3072 -3200 384 ) 
4 341 344 (-2936 -3200 1536 ) (-3072 -3200 1536 ) (-3072 -3200 384 ) (-2936 -3200 384 ) 
4 342 344 (-2944 -3200 -304 ) (-2048 -3200 -304 ) (-2048 -3200 352 ) (-2944 -3200 352 ) 
4 342 343 (-2944 -3072 -304 ) (-2944 -3200 -304 ) (-2944 -3200 -32 ) (-2944 -3072 -32 ) 
4 343 347 (-3072 -3072 -32 ) (-3072 -3072 -304 ) (-3072 -3200 -304 ) (-3072 -3200 -32 ) 
4 343 344 (-3072 -3200 -304 ) (-2944 -3200 -304 ) (-2944 -3200 -32 ) (-3072 -3200 -32 ) 
4 344 349 (-3072 -4032 1536 ) (-3072 -3200 1536 ) (-3072 -3200 -304 ) (-3072 -4032 -304 ) 
4 345 349 (-3072 -3200 384 ) (-3072 -3200 1536 ) (-3968 -3200 1536 ) (-3968 -3200 384 ) 
4 345 346 (-3968 -3200 384 ) (-3968 -3200 1536 ) (-3968 -3072 1536 ) (-3968 -3072 384 ) 
4 346 351 (-4096 -3200 1536 ) (-4096 -3072 1536 ) (-4096 -3072 352 ) (-4096 -3200 352 ) 
4 346 349 (-3968 -3200 1536 ) (-4096 -3200 1536 ) (-4096 -3200 352 ) (-3968 -3200 352 ) 
4 346 348 (-3968 -3200 352 ) (-4096 -3200 352 ) (-4096 -3072 352 ) (-3968 -3072 352 ) 
4 347 349 (-3968 -3200 -304 ) (-3072 -3200 -304 ) (-3072 -3200 -32 ) (-3968 -3200 -32 ) 
4 347 348 (-3968 -3072 -304 ) (-3968 -3200 -304 ) (-3968 -3200 -32 ) (-3968 -3072 -32 ) 
4 348 351 (-4096 -3072 352 ) (-4096 -3072 -304 ) (-4096 -3200 -304 ) (-4096 -3200 352 ) 
4 348 349 (-4096 -3200 -304 ) (-3968 -3200 -304 ) (-3968 -3200 352 ) (-4096 -3200 352 ) 
4 349 351 (-4096 -4032 1536 ) (-4096 -3200 1536 ) (-4096 -3200 -304 ) (-4096 -4032 -304 ) 
4 350 351 (-4096 -3072 -304 ) (-4096 -3072 1536 ) (-5120 -3072 1536 ) (-5120 -3072 -304 ) 
