


materialPath: D:\steam\steamapps\sourcemods\entropyzero2-addonworkspace\materials
Loading d:\steam\steamapps\sourcemods\entropyzero2-addonworkspace\mapsrc\dd00a.vmf
ConVarRef mat_reduceparticles doesn't point to an existing ConVar
ConVarRef mat_reduceparticles doesn't point to an existing ConVar
Patching WVT material: maps/dd00a/nature/blenddirtgrass006a_wvt_patch
fixing up env_cubemap materials on brush sides...
0...1...2...3...4...5...6...7...8...9...100...1...2...3...4...5...6...7...8...9...10Processing areas...done (0)
Building Faces...done (0)
Chop Details...done (0)
Find Visible Detail Sides...
Merged 218 detail faces...done (0)
Merging details...done (0)
FixTjuncs...
PruneNodes...
WriteBSP...
done (0)
writing d:\steam\steamapps\sourcemods\entropyzero2-addonworkspace\mapsrc\dd00a.prt...Building visibility clusters...
done (0)
Finding displacement neighbors...
Finding lightmap sample positions...
Displacement Alpha : 0...1...2...3...4...5...6...7...8...9...10
Building Physics collision data...
done (0) (227046 bytes)
Placing static props...
Error! To use model "models/props_wasteland/woodwall030b_window02a_bars.mdl"
      with prop_static, it must be compiled with $staticprop!
Error loading studio model "models/props_wasteland/woodwall030b_window02a_bars.mdl"!
Error! To use model "models/props_combine/combine_dispenser.mdl"
      with prop_static, it must be compiled with $staticprop!
Error loading studio model "models/props_combine/combine_dispenser.mdl"!
Error! To use model "models/barneyhelmet_faceplate.mdl"
      with prop_static, it must be compiled with $staticprop!
Error loading studio model "models/barneyhelmet_faceplate.mdl"!
Error! To use model "models/props_c17/furnituremattress001a.mdl"
      with prop_static, it must be compiled with $staticprop!
Error loading studio model "models/props_c17/furnituremattress001a.mdl"!
Placing detail props : 0...1...2...3...4...5...6...7...8...9...10
Compacting texture/material tables...
Reduced 1428 texinfos to 588
Reduced 207 texdatas to 142 (8190 bytes to 5683)
Writing d:\steam\steamapps\sourcemods\entropyzero2-addonworkspace\mapsrc\dd00a.bsp
1 second elapsed



12 threads
reading d:\steam\steamapps\sourcemods\entropyzero2-addonworkspace\mapsrc\dd00a.bsp
reading d:\steam\steamapps\sourcemods\entropyzero2-addonworkspace\mapsrc\dd00a.prt
 235 portalclusters
 495 numportals
0...1...2...3...4...5...6...7...8...9...10Optimized: 798 visible clusters (5.18%)
Total clusters visible: 15404
Average clusters visible: 65
Building PAS...
Average clusters audible: 133
visdatasize:12547  compressed from 15040
writing d:\steam\steamapps\sourcemods\entropyzero2-addonworkspace\mapsrc\dd00a.bsp
0 seconds elapsed



[Reading texlights from 'lights.rad']
[48 texlights parsed from 'lights.rad']

Loading d:\steam\steamapps\sourcemods\entropyzero2-addonworkspace\mapsrc\dd00a.bsp
1908 faces
113948 square feet [16408614.00 square inches]
0 Displacements
0 Square Feet [0.00 Square Inches]
1908 patches before subdivision
22742 patches after subdivision
70 direct lights
0...1...2...3...4...5...6...7...8...9...100...1...2...3...4...5...6...7...8...9...10transfers 1800110, max 373
transfer lists:  13.7 megs
0...1...2...3...4...5...6...7...8...9...10	Bounce #1 added RGB(94923, 103206, 68361)
0...1...2...3...4...5...6...7...8...9...10	Bounce #2 added RGB(21286, 23843, 12338)
Build Patch/Sample Hash Table(s).....Done<0.0061 sec>
0...1...2...3...4...5...6...7...8...9...10FinalLightFace Done
0 of 8 (0% of) surface lights went in leaf ambient cubes.
0...1...2...3...4...5...6...7...8...9...10Writing leaf ambient...done
Ready to Finish

Object names       Objects/Maxobjs  Memory / Maxmem  Fullness 
------------       ---------------  ---------------  -------- 
models                  18/1024          864/49152    ( 1.8%) 
brushes                634/8192         7608/98304    ( 7.7%) 
brushsides            4414/65536       35312/524288   ( 6.7%) 
planes                2292/65536       45840/1310720  ( 3.5%) 
vertexes              3436/65536       41232/786432   ( 5.2%) 
nodes                  716/65536       22912/2097152  ( 1.1%) 
texinfos               588/12288       42336/884736   ( 4.8%) 
texdata                142/2048         4544/65536    ( 6.9%) 
dispinfos                0/0               0/0        ( 0.0%) 
disp_verts               0/0               0/0        ( 0.0%) 
disp_tris                0/0               0/0        ( 0.0%) 
disp_lmsamples           0/0               0/0        ( 0.0%) 
faces                 1908/65536      106848/3670016  ( 2.9%) 
hdr faces                0/65536           0/3670016  ( 0.0%) 
origfaces             1444/65536       80864/3670016  ( 2.2%) 
leaves                 735/65536       23520/2097152  ( 1.1%) 
leaffaces             2239/65536        4478/131072   ( 3.4%) 
leafbrushes            949/65536        1898/131072   ( 1.4%) 
areas                    5/256            40/2048     ( 2.0%) 
surfedges            15357/512000      61428/2048000  ( 3.0%) 
edges                 9751/256000      39004/1024000  ( 3.8%) 
LDR worldlights         70/65536        6160/5767168  ( 0.1%) 
HDR worldlights          0/65536           0/5767168  ( 0.0%) 
leafwaterdata            0/32768           0/393216   ( 0.0%) 
waterstrips            220/32768        2200/327680   ( 0.7%) 
waterverts               0/65536           0/786432   ( 0.0%) 
waterindices          4245/65536        8490/131072   ( 6.5%) 
cubemapsamples          16/1024          256/16384    ( 1.6%) 
overlays                 3/8192         1056/2883584  ( 0.0%) 
LDR lightdata         [variable]     1204324/0        ( 0.0%) 
HDR lightdata         [variable]           0/0        ( 0.0%) 
visdata               [variable]       12547/16777216 ( 0.1%) 
entdata               [variable]      149806/393216   (38.1%) 
LDR ambient table      735/65536        2940/262144   ( 1.1%) 
HDR ambient table      735/65536        2940/262144   ( 1.1%) 
LDR leaf ambient      2386/65536       66808/1835008  ( 3.6%) 
HDR leaf ambient       735/65536       20580/1835008  ( 1.1%) 
occluders                0/0               0/0        ( 0.0%) 
occluder polygons        0/0               0/0        ( 0.0%) 
occluder vert ind        0/0               0/0        ( 0.0%) 
detail props          [variable]           1/12       ( 8.3%) 
static props          [variable]           1/25870    ( 0.0%) 
pakfile               [variable]       38044/0        ( 0.0%) 
physics               [variable]      227046/4194304  ( 5.4%) 
physics terrain       [variable]           2/1048576  ( 0.0%) 

Level flags = 0

Total triangle count: 5758
Writing d:\steam\steamapps\sourcemods\entropyzero2-addonworkspace\mapsrc\dd00a.bsp
1 second elapsed



materialPath: D:\steam\steamapps\sourcemods\entropyzero2-addonworkspace\materials
Loading d:\steam\steamapps\sourcemods\entropyzero2-addonworkspace\mapsrc\dd00a.vmf
ConVarRef mat_reduceparticles doesn't point to an existing ConVar
ConVarRef mat_reduceparticles doesn't point to an existing ConVar
Patching WVT material: maps/dd00a/nature/blenddirtgrass006a_wvt_patch
fixing up env_cubemap materials on brush sides...
0...1...2...3...4...5...6...7...8...9...100...1...2...3...4...5...6...7...8...9...10Processing areas...done (0)
Building Faces...done (0)
Chop Details...done (0)
Find Visible Detail Sides...
Merged 218 detail faces...done (0)
Merging details...done (0)
FixTjuncs...
PruneNodes...
WriteBSP...
done (0)
writing d:\steam\steamapps\sourcemods\entropyzero2-addonworkspace\mapsrc\dd00a.prt...Building visibility clusters...
done (0)
Finding displacement neighbors...
Finding lightmap sample positions...
Displacement Alpha : 0...1...2...3...4...5...6...7...8...9...10
Building Physics collision data...
done (0) (227046 bytes)
Placing static props...
Error! To use model "models/props_wasteland/woodwall030b_window02a_bars.mdl"
      with prop_static, it must be compiled with $staticprop!
Error loading studio model "models/props_wasteland/woodwall030b_window02a_bars.mdl"!
Error! To use model "models/props_combine/combine_dispenser.mdl"
      with prop_static, it must be compiled with $staticprop!
Error loading studio model "models/props_combine/combine_dispenser.mdl"!
Error! To use model "models/barneyhelmet_faceplate.mdl"
      with prop_static, it must be compiled with $staticprop!
Error loading studio model "models/barneyhelmet_faceplate.mdl"!
Error! To use model "models/props_c17/furnituremattress001a.mdl"
      with prop_static, it must be compiled with $staticprop!
Error loading studio model "models/props_c17/furnituremattress001a.mdl"!
Placing detail props : 0...1...2...3...4...5...6...7...8...9...10
Compacting texture/material tables...
Reduced 1428 texinfos to 588
Reduced 207 texdatas to 142 (8190 bytes to 5683)
Writing d:\steam\steamapps\sourcemods\entropyzero2-addonworkspace\mapsrc\dd00a.bsp
1 second elapsed



12 threads
reading d:\steam\steamapps\sourcemods\entropyzero2-addonworkspace\mapsrc\dd00a.bsp
reading d:\steam\steamapps\sourcemods\entropyzero2-addonworkspace\mapsrc\dd00a.prt
 235 portalclusters
 495 numportals
0...1...2...3...4...5...6...7...8...9...10Optimized: 798 visible clusters (5.18%)
Total clusters visible: 15404
Average clusters visible: 65
Building PAS...
Average clusters audible: 133
visdatasize:12547  compressed from 15040
writing d:\steam\steamapps\sourcemods\entropyzero2-addonworkspace\mapsrc\dd00a.bsp
0 seconds elapsed



[Reading texlights from 'lights.rad']
[48 texlights parsed from 'lights.rad']

Loading d:\steam\steamapps\sourcemods\entropyzero2-addonworkspace\mapsrc\dd00a.bsp
1908 faces
113948 square feet [16408614.00 square inches]
0 Displacements
0 Square Feet [0.00 Square Inches]
1908 patches before subdivision
22742 patches after subdivision
70 direct lights
0...1...2...3...4...5...6...7...8...9...100...1...2...3...4...5...6...7...8...9...10transfers 1800110, max 373
transfer lists:  13.7 megs
0...1...2...3...4...5...6...7...8...9...10	Bounce #1 added RGB(94923, 103206, 68361)
0...1...2...3...4...5...6...7...8...9...10	Bounce #2 added RGB(21286, 23843, 12338)
Build Patch/Sample Hash Table(s).....Done<0.0034 sec>
0...1...2...3...4...5...6...7...8...9...10FinalLightFace Done
0 of 8 (0% of) surface lights went in leaf ambient cubes.
0...1...2...3...4...5...6...7...8...9...10Writing leaf ambient...done
Ready to Finish

Object names       Objects/Maxobjs  Memory / Maxmem  Fullness 
------------       ---------------  ---------------  -------- 
models                  18/1024          864/49152    ( 1.8%) 
brushes                634/8192         7608/98304    ( 7.7%) 
brushsides            4414/65536       35312/524288   ( 6.7%) 
planes                2292/65536       45840/1310720  ( 3.5%) 
vertexes              3436/65536       41232/786432   ( 5.2%) 
nodes                  716/65536       22912/2097152  ( 1.1%) 
texinfos               588/12288       42336/884736   ( 4.8%) 
texdata                142/2048         4544/65536    ( 6.9%) 
dispinfos                0/0               0/0        ( 0.0%) 
disp_verts               0/0               0/0        ( 0.0%) 
disp_tris                0/0               0/0        ( 0.0%) 
disp_lmsamples           0/0               0/0        ( 0.0%) 
faces                 1908/65536      106848/3670016  ( 2.9%) 
hdr faces                0/65536           0/3670016  ( 0.0%) 
origfaces             1444/65536       80864/3670016  ( 2.2%) 
leaves                 735/65536       23520/2097152  ( 1.1%) 
leaffaces             2239/65536        4478/131072   ( 3.4%) 
leafbrushes            949/65536        1898/131072   ( 1.4%) 
areas                    5/256            40/2048     ( 2.0%) 
surfedges            15357/512000      61428/2048000  ( 3.0%) 
edges                 9751/256000      39004/1024000  ( 3.8%) 
LDR worldlights         70/65536        6160/5767168  ( 0.1%) 
HDR worldlights          0/65536           0/5767168  ( 0.0%) 
leafwaterdata            0/32768           0/393216   ( 0.0%) 
waterstrips            220/32768        2200/327680   ( 0.7%) 
waterverts               0/65536           0/786432   ( 0.0%) 
waterindices          4245/65536        8490/131072   ( 6.5%) 
cubemapsamples          16/1024          256/16384    ( 1.6%) 
overlays                 3/8192         1056/2883584  ( 0.0%) 
LDR lightdata         [variable]     1204324/0        ( 0.0%) 
HDR lightdata         [variable]           0/0        ( 0.0%) 
visdata               [variable]       12547/16777216 ( 0.1%) 
entdata               [variable]      149806/393216   (38.1%) 
LDR ambient table      735/65536        2940/262144   ( 1.1%) 
HDR ambient table      735/65536        2940/262144   ( 1.1%) 
LDR leaf ambient      2386/65536       66808/1835008  ( 3.6%) 
HDR leaf ambient       735/65536       20580/1835008  ( 1.1%) 
occluders                0/0               0/0        ( 0.0%) 
occluder polygons        0/0               0/0        ( 0.0%) 
occluder vert ind        0/0               0/0        ( 0.0%) 
detail props          [variable]           1/12       ( 8.3%) 
static props          [variable]           1/25870    ( 0.0%) 
pakfile               [variable]       38044/0        ( 0.0%) 
physics               [variable]      227046/4194304  ( 5.4%) 
physics terrain       [variable]           2/1048576  ( 0.0%) 

Level flags = 0

Total triangle count: 5758
Writing d:\steam\steamapps\sourcemods\entropyzero2-addonworkspace\mapsrc\dd00a.bsp
1 second elapsed



materialPath: D:\steam\steamapps\sourcemods\entropyzero2-addonworkspace\materials
Loading d:\steam\steamapps\sourcemods\entropyzero2-addonworkspace\mapsrc\dd00a.vmf
ConVarRef mat_reduceparticles doesn't point to an existing ConVar
ConVarRef mat_reduceparticles doesn't point to an existing ConVar
Patching WVT material: maps/dd00a/nature/blenddirtgrass006a_wvt_patch
fixing up env_cubemap materials on brush sides...
0...1...2...3...4...5...6...7...8...9...100...1...2...3...4...5...6...7...8...9...10Processing areas...done (0)
Building Faces...done (0)
Chop Details...done (0)
Find Visible Detail Sides...
Merged 218 detail faces...done (0)
Merging details...done (0)
FixTjuncs...
PruneNodes...
WriteBSP...
done (0)
writing d:\steam\steamapps\sourcemods\entropyzero2-addonworkspace\mapsrc\dd00a.prt...Building visibility clusters...
done (0)
Finding displacement neighbors...
Finding lightmap sample positions...
Displacement Alpha : 0...1...2...3...4...5...6...7...8...9...10
Building Physics collision data...
done (0) (227046 bytes)
Placing static props...
Error! To use model "models/props_wasteland/woodwall030b_window02a_bars.mdl"
      with prop_static, it must be compiled with $staticprop!
Error loading studio model "models/props_wasteland/woodwall030b_window02a_bars.mdl"!
Error! To use model "models/props_combine/combine_dispenser.mdl"
      with prop_static, it must be compiled with $staticprop!
Error loading studio model "models/props_combine/combine_dispenser.mdl"!
Error! To use model "models/barneyhelmet_faceplate.mdl"
      with prop_static, it must be compiled with $staticprop!
Error loading studio model "models/barneyhelmet_faceplate.mdl"!
Error! To use model "models/props_c17/furnituremattress001a.mdl"
      with prop_static, it must be compiled with $staticprop!
Error loading studio model "models/props_c17/furnituremattress001a.mdl"!
Placing detail props : 0...1...2...3...4...5...6...7...8...9...10
Compacting texture/material tables...
Reduced 1428 texinfos to 588
Reduced 207 texdatas to 142 (8190 bytes to 5683)
Writing d:\steam\steamapps\sourcemods\entropyzero2-addonworkspace\mapsrc\dd00a.bsp
1 second elapsed



12 threads
reading d:\steam\steamapps\sourcemods\entropyzero2-addonworkspace\mapsrc\dd00a.bsp
reading d:\steam\steamapps\sourcemods\entropyzero2-addonworkspace\mapsrc\dd00a.prt
 235 portalclusters
 495 numportals
0...1...2...3...4...5...6...7...8...9...10Optimized: 798 visible clusters (5.18%)
Total clusters visible: 15404
Average clusters visible: 65
Building PAS...
Average clusters audible: 133
visdatasize:12547  compressed from 15040
writing d:\steam\steamapps\sourcemods\entropyzero2-addonworkspace\mapsrc\dd00a.bsp
0 seconds elapsed



[Reading texlights from 'lights.rad']
[48 texlights parsed from 'lights.rad']

Loading d:\steam\steamapps\sourcemods\entropyzero2-addonworkspace\mapsrc\dd00a.bsp
1908 faces
113948 square feet [16408614.00 square inches]
0 Displacements
0 Square Feet [0.00 Square Inches]
1908 patches before subdivision
22742 patches after subdivision
70 direct lights
0...1...2...3...4...5...6...7...8...9...100...1...2...3...4...5...6...7...8...9...10transfers 1800110, max 373
transfer lists:  13.7 megs
0...1...2...3...4...5...6...7...8...9...10	Bounce #1 added RGB(94923, 103206, 68361)
0...1...2...3...4...5...6...7...8...9...10	Bounce #2 added RGB(21286, 23843, 12338)
Build Patch/Sample Hash Table(s).....Done<0.0034 sec>
0...1...2...3...4...5...6...7...8...9...10FinalLightFace Done
0 of 8 (0% of) surface lights went in leaf ambient cubes.
0...1...2...3...4...5...6...7...8...9...10Writing leaf ambient...done
Ready to Finish

Object names       Objects/Maxobjs  Memory / Maxmem  Fullness 
------------       ---------------  ---------------  -------- 
models                  18/1024          864/49152    ( 1.8%) 
brushes                634/8192         7608/98304    ( 7.7%) 
brushsides            4414/65536       35312/524288   ( 6.7%) 
planes                2292/65536       45840/1310720  ( 3.5%) 
vertexes              3436/65536       41232/786432   ( 5.2%) 
nodes                  716/65536       22912/2097152  ( 1.1%) 
texinfos               588/12288       42336/884736   ( 4.8%) 
texdata                142/2048         4544/65536    ( 6.9%) 
dispinfos                0/0               0/0        ( 0.0%) 
disp_verts               0/0               0/0        ( 0.0%) 
disp_tris                0/0               0/0        ( 0.0%) 
disp_lmsamples           0/0               0/0        ( 0.0%) 
faces                 1908/65536      106848/3670016  ( 2.9%) 
hdr faces                0/65536           0/3670016  ( 0.0%) 
origfaces             1444/65536       80864/3670016  ( 2.2%) 
leaves                 735/65536       23520/2097152  ( 1.1%) 
leaffaces             2239/65536        4478/131072   ( 3.4%) 
leafbrushes            949/65536        1898/131072   ( 1.4%) 
areas                    5/256            40/2048     ( 2.0%) 
surfedges            15357/512000      61428/2048000  ( 3.0%) 
edges                 9751/256000      39004/1024000  ( 3.8%) 
LDR worldlights         70/65536        6160/5767168  ( 0.1%) 
HDR worldlights          0/65536           0/5767168  ( 0.0%) 
leafwaterdata            0/32768           0/393216   ( 0.0%) 
waterstrips            220/32768        2200/327680   ( 0.7%) 
waterverts               0/65536           0/786432   ( 0.0%) 
waterindices          4245/65536        8490/131072   ( 6.5%) 
cubemapsamples          16/1024          256/16384    ( 1.6%) 
overlays                 3/8192         1056/2883584  ( 0.0%) 
LDR lightdata         [variable]     1204324/0        ( 0.0%) 
HDR lightdata         [variable]           0/0        ( 0.0%) 
visdata               [variable]       12547/16777216 ( 0.1%) 
entdata               [variable]      150173/393216   (38.2%) 
LDR ambient table      735/65536        2940/262144   ( 1.1%) 
HDR ambient table      735/65536        2940/262144   ( 1.1%) 
LDR leaf ambient      2386/65536       66808/1835008  ( 3.6%) 
HDR leaf ambient       735/65536       20580/1835008  ( 1.1%) 
occluders                0/0               0/0        ( 0.0%) 
occluder polygons        0/0               0/0        ( 0.0%) 
occluder vert ind        0/0               0/0        ( 0.0%) 
detail props          [variable]           1/12       ( 8.3%) 
static props          [variable]           1/25870    ( 0.0%) 
pakfile               [variable]       38044/0        ( 0.0%) 
physics               [variable]      227046/4194304  ( 5.4%) 
physics terrain       [variable]           2/1048576  ( 0.0%) 

Level flags = 0

Total triangle count: 5758
Writing d:\steam\steamapps\sourcemods\entropyzero2-addonworkspace\mapsrc\dd00a.bsp
1 second elapsed



materialPath: D:\steam\steamapps\sourcemods\entropyzero2-addonworkspace\materials
Loading d:\steam\steamapps\sourcemods\entropyzero2-addonworkspace\mapsrc\dd00a.vmf
ConVarRef mat_reduceparticles doesn't point to an existing ConVar
ConVarRef mat_reduceparticles doesn't point to an existing ConVar
Patching WVT material: maps/dd00a/nature/blenddirtgrass006a_wvt_patch
fixing up env_cubemap materials on brush sides...
0...1...2...3...4...5...6...7...8...9...100...1...2...3...4...5...6...7...8...9...10Processing areas...done (0)
Building Faces...done (0)
Chop Details...done (0)
Find Visible Detail Sides...
Merged 218 detail faces...done (0)
Merging details...done (0)
FixTjuncs...
PruneNodes...
WriteBSP...
done (0)
writing d:\steam\steamapps\sourcemods\entropyzero2-addonworkspace\mapsrc\dd00a.prt...Building visibility clusters...
done (0)
Finding displacement neighbors...
Finding lightmap sample positions...
Displacement Alpha : 0...1...2...3...4...5...6...7...8...9...10
Building Physics collision data...
done (0) (227046 bytes)
Placing static props...
Error! To use model "models/props_wasteland/woodwall030b_window02a_bars.mdl"
      with prop_static, it must be compiled with $staticprop!
Error loading studio model "models/props_wasteland/woodwall030b_window02a_bars.mdl"!
Error! To use model "models/props_combine/combine_dispenser.mdl"
      with prop_static, it must be compiled with $staticprop!
Error loading studio model "models/props_combine/combine_dispenser.mdl"!
Error! To use model "models/barneyhelmet_faceplate.mdl"
      with prop_static, it must be compiled with $staticprop!
Error loading studio model "models/barneyhelmet_faceplate.mdl"!
Error! To use model "models/props_c17/furnituremattress001a.mdl"
      with prop_static, it must be compiled with $staticprop!
Error loading studio model "models/props_c17/furnituremattress001a.mdl"!
Placing detail props : 0...1...2...3...4...5...6...7...8...9...10
Compacting texture/material tables...
Reduced 1428 texinfos to 588
Reduced 207 texdatas to 142 (8190 bytes to 5683)
Writing d:\steam\steamapps\sourcemods\entropyzero2-addonworkspace\mapsrc\dd00a.bsp
1 second elapsed



12 threads
reading d:\steam\steamapps\sourcemods\entropyzero2-addonworkspace\mapsrc\dd00a.bsp
reading d:\steam\steamapps\sourcemods\entropyzero2-addonworkspace\mapsrc\dd00a.prt
 235 portalclusters
 495 numportals
0...1...2...3...4...5...6...7...8...9...10Optimized: 798 visible clusters (5.18%)
Total clusters visible: 15404
Average clusters visible: 65
Building PAS...
Average clusters audible: 133
visdatasize:12547  compressed from 15040
writing d:\steam\steamapps\sourcemods\entropyzero2-addonworkspace\mapsrc\dd00a.bsp
0 seconds elapsed



[Reading texlights from 'lights.rad']
[48 texlights parsed from 'lights.rad']

Loading d:\steam\steamapps\sourcemods\entropyzero2-addonworkspace\mapsrc\dd00a.bsp
1908 faces
113948 square feet [16408614.00 square inches]
0 Displacements
0 Square Feet [0.00 Square Inches]
1908 patches before subdivision
22742 patches after subdivision
70 direct lights
0...1...2...3...4...5...6...7...8...9...100...1...2...3...4...5...6...7...8...9...10transfers 1800110, max 373
transfer lists:  13.7 megs
0...1...2...3...4...5...6...7...8...9...10	Bounce #1 added RGB(94923, 103206, 68361)
0...1...2...3...4...5...6...7...8...9...10	Bounce #2 added RGB(21286, 23843, 12338)
Build Patch/Sample Hash Table(s).....Done<0.0032 sec>
0...1...2...3...4...5...6...7...8...9...10FinalLightFace Done
0 of 8 (0% of) surface lights went in leaf ambient cubes.
0...1...2...3...4...5...6...7...8...9...10Writing leaf ambient...done
Ready to Finish

Object names       Objects/Maxobjs  Memory / Maxmem  Fullness 
------------       ---------------  ---------------  -------- 
models                  18/1024          864/49152    ( 1.8%) 
brushes                634/8192         7608/98304    ( 7.7%) 
brushsides            4414/65536       35312/524288   ( 6.7%) 
planes                2292/65536       45840/1310720  ( 3.5%) 
vertexes              3436/65536       41232/786432   ( 5.2%) 
nodes                  716/65536       22912/2097152  ( 1.1%) 
texinfos               588/12288       42336/884736   ( 4.8%) 
texdata                142/2048         4544/65536    ( 6.9%) 
dispinfos                0/0               0/0        ( 0.0%) 
disp_verts               0/0               0/0        ( 0.0%) 
disp_tris                0/0               0/0        ( 0.0%) 
disp_lmsamples           0/0               0/0        ( 0.0%) 
faces                 1908/65536      106848/3670016  ( 2.9%) 
hdr faces                0/65536           0/3670016  ( 0.0%) 
origfaces             1444/65536       80864/3670016  ( 2.2%) 
leaves                 735/65536       23520/2097152  ( 1.1%) 
leaffaces             2239/65536        4478/131072   ( 3.4%) 
leafbrushes            949/65536        1898/131072   ( 1.4%) 
areas                    5/256            40/2048     ( 2.0%) 
surfedges            15357/512000      61428/2048000  ( 3.0%) 
edges                 9751/256000      39004/1024000  ( 3.8%) 
LDR worldlights         70/65536        6160/5767168  ( 0.1%) 
HDR worldlights          0/65536           0/5767168  ( 0.0%) 
leafwaterdata            0/32768           0/393216   ( 0.0%) 
waterstrips            220/32768        2200/327680   ( 0.7%) 
waterverts               0/65536           0/786432   ( 0.0%) 
waterindices          4245/65536        8490/131072   ( 6.5%) 
cubemapsamples          16/1024          256/16384    ( 1.6%) 
overlays                 3/8192         1056/2883584  ( 0.0%) 
LDR lightdata         [variable]     1204324/0        ( 0.0%) 
HDR lightdata         [variable]           0/0        ( 0.0%) 
visdata               [variable]       12547/16777216 ( 0.1%) 
entdata               [variable]      150188/393216   (38.2%) 
LDR ambient table      735/65536        2940/262144   ( 1.1%) 
HDR ambient table      735/65536        2940/262144   ( 1.1%) 
LDR leaf ambient      2386/65536       66808/1835008  ( 3.6%) 
HDR leaf ambient       735/65536       20580/1835008  ( 1.1%) 
occluders                0/0               0/0        ( 0.0%) 
occluder polygons        0/0               0/0        ( 0.0%) 
occluder vert ind        0/0               0/0        ( 0.0%) 
detail props          [variable]           1/12       ( 8.3%) 
static props          [variable]           1/25870    ( 0.0%) 
pakfile               [variable]       38044/0        ( 0.0%) 
physics               [variable]      227046/4194304  ( 5.4%) 
physics terrain       [variable]           2/1048576  ( 0.0%) 

Level flags = 0

Total triangle count: 5758
Writing d:\steam\steamapps\sourcemods\entropyzero2-addonworkspace\mapsrc\dd00a.bsp
1 second elapsed



materialPath: D:\steam\steamapps\sourcemods\entropyzero2-addonworkspace\materials
Loading d:\steam\steamapps\sourcemods\entropyzero2-addonworkspace\mapsrc\dd00a.vmf
ConVarRef mat_reduceparticles doesn't point to an existing ConVar
ConVarRef mat_reduceparticles doesn't point to an existing ConVar
Patching WVT material: maps/dd00a/nature/blenddirtgrass006a_wvt_patch
fixing up env_cubemap materials on brush sides...
0...1...2...3...4...5...6...7...8...9...100...1...2...3...4...5...6...7...8...9...10Processing areas...done (0)
Building Faces...done (0)
Chop Details...done (0)
Find Visible Detail Sides...
Merged 218 detail faces...done (0)
Merging details...done (0)
FixTjuncs...
PruneNodes...
WriteBSP...
done (0)
writing d:\steam\steamapps\sourcemods\entropyzero2-addonworkspace\mapsrc\dd00a.prt...Building visibility clusters...
done (0)
Finding displacement neighbors...
Finding lightmap sample positions...
Displacement Alpha : 0...1...2...3...4...5...6...7...8...9...10
Building Physics collision data...
done (0) (227046 bytes)
Placing static props...
Error! To use model "models/props_wasteland/woodwall030b_window02a_bars.mdl"
      with prop_static, it must be compiled with $staticprop!
Error loading studio model "models/props_wasteland/woodwall030b_window02a_bars.mdl"!
Error! To use model "models/props_combine/combine_dispenser.mdl"
      with prop_static, it must be compiled with $staticprop!
Error loading studio model "models/props_combine/combine_dispenser.mdl"!
Error! To use model "models/barneyhelmet_faceplate.mdl"
      with prop_static, it must be compiled with $staticprop!
Error loading studio model "models/barneyhelmet_faceplate.mdl"!
Error! To use model "models/props_c17/furnituremattress001a.mdl"
      with prop_static, it must be compiled with $staticprop!
Error loading studio model "models/props_c17/furnituremattress001a.mdl"!
Placing detail props : 0...1...2...3...4...5...6...7...8...9...10
Compacting texture/material tables...
Reduced 1428 texinfos to 588
Reduced 207 texdatas to 142 (8190 bytes to 5683)
Writing d:\steam\steamapps\sourcemods\entropyzero2-addonworkspace\mapsrc\dd00a.bsp
1 second elapsed



12 threads
reading d:\steam\steamapps\sourcemods\entropyzero2-addonworkspace\mapsrc\dd00a.bsp
reading d:\steam\steamapps\sourcemods\entropyzero2-addonworkspace\mapsrc\dd00a.prt
 235 portalclusters
 495 numportals
0...1...2...3...4...5...6...7...8...9...10Optimized: 798 visible clusters (5.18%)
Total clusters visible: 15404
Average clusters visible: 65
Building PAS...
Average clusters audible: 133
visdatasize:12547  compressed from 15040
writing d:\steam\steamapps\sourcemods\entropyzero2-addonworkspace\mapsrc\dd00a.bsp
0 seconds elapsed



[Reading texlights from 'lights.rad']
[48 texlights parsed from 'lights.rad']

Loading d:\steam\steamapps\sourcemods\entropyzero2-addonworkspace\mapsrc\dd00a.bsp
1908 faces
113948 square feet [16408614.00 square inches]
0 Displacements
0 Square Feet [0.00 Square Inches]
1908 patches before subdivision
22742 patches after subdivision
70 direct lights
0...1...2...3...4...5...6...7...8...9...100...1...2...3...4...5...6...7...8...9...10transfers 1800110, max 373
transfer lists:  13.7 megs
0...1...2...3...4...5...6...7...8...9...10	Bounce #1 added RGB(94923, 103206, 68361)
0...1...2...3...4...5...6...7...8...9...10	Bounce #2 added RGB(21286, 23843, 12338)
Build Patch/Sample Hash Table(s).....Done<0.0037 sec>
0...1...2...3...4...5...6...7...8...9...10FinalLightFace Done
0 of 8 (0% of) surface lights went in leaf ambient cubes.
0...1...2...3...4...5...6...7...8...9...10Writing leaf ambient...done
Ready to Finish

Object names       Objects/Maxobjs  Memory / Maxmem  Fullness 
------------       ---------------  ---------------  -------- 
models                  18/1024          864/49152    ( 1.8%) 
brushes                634/8192         7608/98304    ( 7.7%) 
brushsides            4414/65536       35312/524288   ( 6.7%) 
planes                2292/65536       45840/1310720  ( 3.5%) 
vertexes              3436/65536       41232/786432   ( 5.2%) 
nodes                  716/65536       22912/2097152  ( 1.1%) 
texinfos               588/12288       42336/884736   ( 4.8%) 
texdata                142/2048         4544/65536    ( 6.9%) 
dispinfos                0/0               0/0        ( 0.0%) 
disp_verts               0/0               0/0        ( 0.0%) 
disp_tris                0/0               0/0        ( 0.0%) 
disp_lmsamples           0/0               0/0        ( 0.0%) 
faces                 1908/65536      106848/3670016  ( 2.9%) 
hdr faces                0/65536           0/3670016  ( 0.0%) 
origfaces             1444/65536       80864/3670016  ( 2.2%) 
leaves                 735/65536       23520/2097152  ( 1.1%) 
leaffaces             2239/65536        4478/131072   ( 3.4%) 
leafbrushes            949/65536        1898/131072   ( 1.4%) 
areas                    5/256            40/2048     ( 2.0%) 
surfedges            15357/512000      61428/2048000  ( 3.0%) 
edges                 9751/256000      39004/1024000  ( 3.8%) 
LDR worldlights         70/65536        6160/5767168  ( 0.1%) 
HDR worldlights          0/65536           0/5767168  ( 0.0%) 
leafwaterdata            0/32768           0/393216   ( 0.0%) 
waterstrips            220/32768        2200/327680   ( 0.7%) 
waterverts               0/65536           0/786432   ( 0.0%) 
waterindices          4245/65536        8490/131072   ( 6.5%) 
cubemapsamples          16/1024          256/16384    ( 1.6%) 
overlays                 3/8192         1056/2883584  ( 0.0%) 
LDR lightdata         [variable]     1204324/0        ( 0.0%) 
HDR lightdata         [variable]           0/0        ( 0.0%) 
visdata               [variable]       12547/16777216 ( 0.1%) 
entdata               [variable]      151063/393216   (38.4%) 
LDR ambient table      735/65536        2940/262144   ( 1.1%) 
HDR ambient table      735/65536        2940/262144   ( 1.1%) 
LDR leaf ambient      2386/65536       66808/1835008  ( 3.6%) 
HDR leaf ambient       735/65536       20580/1835008  ( 1.1%) 
occluders                0/0               0/0        ( 0.0%) 
occluder polygons        0/0               0/0        ( 0.0%) 
occluder vert ind        0/0               0/0        ( 0.0%) 
detail props          [variable]           1/12       ( 8.3%) 
static props          [variable]           1/25870    ( 0.0%) 
pakfile               [variable]       38044/0        ( 0.0%) 
physics               [variable]      227046/4194304  ( 5.4%) 
physics terrain       [variable]           2/1048576  ( 0.0%) 

Level flags = 0

Total triangle count: 5758
Writing d:\steam\steamapps\sourcemods\entropyzero2-addonworkspace\mapsrc\dd00a.bsp
1 second elapsed



materialPath: D:\steam\steamapps\sourcemods\entropyzero2-addonworkspace\materials
Loading d:\steam\steamapps\sourcemods\entropyzero2-addonworkspace\mapsrc\dd00a.vmf
ConVarRef mat_reduceparticles doesn't point to an existing ConVar
ConVarRef mat_reduceparticles doesn't point to an existing ConVar
Patching WVT material: maps/dd00a/nature/blenddirtgrass006a_wvt_patch
fixing up env_cubemap materials on brush sides...
0...1...2...3...4...5...6...7...8...9...100...1...2...3...4...5...6...7...8...9...10Processing areas...done (0)
Building Faces...done (0)
Chop Details...done (0)
Find Visible Detail Sides...
Merged 218 detail faces...done (0)
Merging details...done (0)
FixTjuncs...
PruneNodes...
WriteBSP...
done (0)
writing d:\steam\steamapps\sourcemods\entropyzero2-addonworkspace\mapsrc\dd00a.prt...Building visibility clusters...
done (0)
Finding displacement neighbors...
Finding lightmap sample positions...
Displacement Alpha : 0...1...2...3...4...5...6...7...8...9...10
Building Physics collision data...
done (0) (227046 bytes)
Placing static props...
Error! To use model "models/props_wasteland/woodwall030b_window02a_bars.mdl"
      with prop_static, it must be compiled with $staticprop!
Error loading studio model "models/props_wasteland/woodwall030b_window02a_bars.mdl"!
Error! To use model "models/props_combine/combine_dispenser.mdl"
      with prop_static, it must be compiled with $staticprop!
Error loading studio model "models/props_combine/combine_dispenser.mdl"!
Error! To use model "models/barneyhelmet_faceplate.mdl"
      with prop_static, it must be compiled with $staticprop!
Error loading studio model "models/barneyhelmet_faceplate.mdl"!
Error! To use model "models/props_c17/furnituremattress001a.mdl"
      with prop_static, it must be compiled with $staticprop!
Error loading studio model "models/props_c17/furnituremattress001a.mdl"!
Placing detail props : 0...1...2...3...4...5...6...7...8...9...10
Compacting texture/material tables...
Reduced 1428 texinfos to 588
Reduced 207 texdatas to 142 (8190 bytes to 5683)
Writing d:\steam\steamapps\sourcemods\entropyzero2-addonworkspace\mapsrc\dd00a.bsp
1 second elapsed



12 threads
reading d:\steam\steamapps\sourcemods\entropyzero2-addonworkspace\mapsrc\dd00a.bsp
reading d:\steam\steamapps\sourcemods\entropyzero2-addonworkspace\mapsrc\dd00a.prt
 235 portalclusters
 495 numportals
0...1...2...3...4...5...6...7...8...9...10Optimized: 798 visible clusters (5.18%)
Total clusters visible: 15404
Average clusters visible: 65
Building PAS...
Average clusters audible: 133
visdatasize:12547  compressed from 15040
writing d:\steam\steamapps\sourcemods\entropyzero2-addonworkspace\mapsrc\dd00a.bsp
0 seconds elapsed



[Reading texlights from 'lights.rad']
[48 texlights parsed from 'lights.rad']

Loading d:\steam\steamapps\sourcemods\entropyzero2-addonworkspace\mapsrc\dd00a.bsp
1908 faces
113948 square feet [16408614.00 square inches]
0 Displacements
0 Square Feet [0.00 Square Inches]
1908 patches before subdivision
22742 patches after subdivision
70 direct lights
0...1...2...3...4...5...6...7...8...9...100...1...2...3...4...5...6...7...8...9...10transfers 1800110, max 373
transfer lists:  13.7 megs
0...1...2...3...4...5...6...7...8...9...10	Bounce #1 added RGB(94923, 103206, 68361)
0...1...2...3...4...5...6...7...8...9...10	Bounce #2 added RGB(21286, 23843, 12338)
Build Patch/Sample Hash Table(s).....Done<0.0038 sec>
0...1...2...3...4...5...6...7...8...9...10FinalLightFace Done
0 of 8 (0% of) surface lights went in leaf ambient cubes.
0...1...2...3...4...5...6...7...8...9...10Writing leaf ambient...done
Ready to Finish

Object names       Objects/Maxobjs  Memory / Maxmem  Fullness 
------------       ---------------  ---------------  -------- 
models                  18/1024          864/49152    ( 1.8%) 
brushes                634/8192         7608/98304    ( 7.7%) 
brushsides            4414/65536       35312/524288   ( 6.7%) 
planes                2292/65536       45840/1310720  ( 3.5%) 
vertexes              3436/65536       41232/786432   ( 5.2%) 
nodes                  716/65536       22912/2097152  ( 1.1%) 
texinfos               588/12288       42336/884736   ( 4.8%) 
texdata                142/2048         4544/65536    ( 6.9%) 
dispinfos                0/0               0/0        ( 0.0%) 
disp_verts               0/0               0/0        ( 0.0%) 
disp_tris                0/0               0/0        ( 0.0%) 
disp_lmsamples           0/0               0/0        ( 0.0%) 
faces                 1908/65536      106848/3670016  ( 2.9%) 
hdr faces                0/65536           0/3670016  ( 0.0%) 
origfaces             1444/65536       80864/3670016  ( 2.2%) 
leaves                 735/65536       23520/2097152  ( 1.1%) 
leaffaces             2239/65536        4478/131072   ( 3.4%) 
leafbrushes            949/65536        1898/131072   ( 1.4%) 
areas                    5/256            40/2048     ( 2.0%) 
surfedges            15357/512000      61428/2048000  ( 3.0%) 
edges                 9751/256000      39004/1024000  ( 3.8%) 
LDR worldlights         70/65536        6160/5767168  ( 0.1%) 
HDR worldlights          0/65536           0/5767168  ( 0.0%) 
leafwaterdata            0/32768           0/393216   ( 0.0%) 
waterstrips            220/32768        2200/327680   ( 0.7%) 
waterverts               0/65536           0/786432   ( 0.0%) 
waterindices          4245/65536        8490/131072   ( 6.5%) 
cubemapsamples          16/1024          256/16384    ( 1.6%) 
overlays                 3/8192         1056/2883584  ( 0.0%) 
LDR lightdata         [variable]     1204324/0        ( 0.0%) 
HDR lightdata         [variable]           0/0        ( 0.0%) 
visdata               [variable]       12547/16777216 ( 0.1%) 
entdata               [variable]      151594/393216   (38.6%) 
LDR ambient table      735/65536        2940/262144   ( 1.1%) 
HDR ambient table      735/65536        2940/262144   ( 1.1%) 
LDR leaf ambient      2386/65536       66808/1835008  ( 3.6%) 
HDR leaf ambient       735/65536       20580/1835008  ( 1.1%) 
occluders                0/0               0/0        ( 0.0%) 
occluder polygons        0/0               0/0        ( 0.0%) 
occluder vert ind        0/0               0/0        ( 0.0%) 
detail props          [variable]           1/12       ( 8.3%) 
static props          [variable]           1/25870    ( 0.0%) 
pakfile               [variable]       38044/0        ( 0.0%) 
physics               [variable]      227046/4194304  ( 5.4%) 
physics terrain       [variable]           2/1048576  ( 0.0%) 

Level flags = 0

Total triangle count: 5758
Writing d:\steam\steamapps\sourcemods\entropyzero2-addonworkspace\mapsrc\dd00a.bsp
1 second elapsed



materialPath: D:\steam\steamapps\sourcemods\entropyzero2-addonworkspace\materials
Loading d:\steam\steamapps\sourcemods\entropyzero2-addonworkspace\mapsrc\dd00a.vmf
ConVarRef mat_reduceparticles doesn't point to an existing ConVar
ConVarRef mat_reduceparticles doesn't point to an existing ConVar
Patching WVT material: maps/dd00a/nature/blenddirtgrass006a_wvt_patch
fixing up env_cubemap materials on brush sides...
0...1...2...3...4...5...6...7...8...9...100...1...2...3...4...5...6...7...8...9...10Processing areas...done (0)
Building Faces...done (0)
Chop Details...done (0)
Find Visible Detail Sides...
Merged 218 detail faces...done (0)
Merging details...done (0)
FixTjuncs...
PruneNodes...
WriteBSP...
done (0)
writing d:\steam\steamapps\sourcemods\entropyzero2-addonworkspace\mapsrc\dd00a.prt...Building visibility clusters...
done (0)
Finding displacement neighbors...
Finding lightmap sample positions...
Displacement Alpha : 0...1...2...3...4...5...6...7...8...9...10
Building Physics collision data...
done (0) (227591 bytes)
Placing static props...
Error! To use model "models/props_wasteland/woodwall030b_window02a_bars.mdl"
      with prop_static, it must be compiled with $staticprop!
Error loading studio model "models/props_wasteland/woodwall030b_window02a_bars.mdl"!
Error! To use model "models/props_combine/combine_dispenser.mdl"
      with prop_static, it must be compiled with $staticprop!
Error loading studio model "models/props_combine/combine_dispenser.mdl"!
Error! To use model "models/barneyhelmet_faceplate.mdl"
      with prop_static, it must be compiled with $staticprop!
Error loading studio model "models/barneyhelmet_faceplate.mdl"!
Error! To use model "models/props_c17/furnituremattress001a.mdl"
      with prop_static, it must be compiled with $staticprop!
Error loading studio model "models/props_c17/furnituremattress001a.mdl"!
Placing detail props : 0...1...2...3...4...5...6...7...8...9...10
Compacting texture/material tables...
Reduced 1434 texinfos to 591
Reduced 208 texdatas to 143 (8218 bytes to 5711)
Writing d:\steam\steamapps\sourcemods\entropyzero2-addonworkspace\mapsrc\dd00a.bsp
1 second elapsed



12 threads
reading d:\steam\steamapps\sourcemods\entropyzero2-addonworkspace\mapsrc\dd00a.bsp
reading d:\steam\steamapps\sourcemods\entropyzero2-addonworkspace\mapsrc\dd00a.prt
 235 portalclusters
 495 numportals
0...1...2...3...4...5...6...7...8...9...10Optimized: 798 visible clusters (5.18%)
Total clusters visible: 15404
Average clusters visible: 65
Building PAS...
Average clusters audible: 133
visdatasize:12547  compressed from 15040
writing d:\steam\steamapps\sourcemods\entropyzero2-addonworkspace\mapsrc\dd00a.bsp
0 seconds elapsed



[Reading texlights from 'lights.rad']
[48 texlights parsed from 'lights.rad']

Loading d:\steam\steamapps\sourcemods\entropyzero2-addonworkspace\mapsrc\dd00a.bsp
1914 faces
113951 square feet [16408948.00 square inches]
0 Displacements
0 Square Feet [0.00 Square Inches]
1914 patches before subdivision
22748 patches after subdivision
70 direct lights
0...1...2...3...4...5...6...7...8...9...100...1...2...3...4...5...6...7...8...9...10transfers 1800760, max 373
transfer lists:  13.7 megs
0...1...2...3...4...5...6...7...8...9...10	Bounce #1 added RGB(94939, 103222, 68366)
0...1...2...3...4...5...6...7...8...9...10	Bounce #2 added RGB(21287, 23844, 12338)
Build Patch/Sample Hash Table(s).....Done<0.0034 sec>
0...1...2...3...4...5...6...7...8...9...10FinalLightFace Done
0 of 8 (0% of) surface lights went in leaf ambient cubes.
0...1...2...3...4...5...6...7...8...9...10Writing leaf ambient...done
Ready to Finish

Object names       Objects/Maxobjs  Memory / Maxmem  Fullness 
------------       ---------------  ---------------  -------- 
models                  19/1024          912/49152    ( 1.9%) 
brushes                635/8192         7620/98304    ( 7.8%) 
brushsides            4420/65536       35360/524288   ( 6.7%) 
planes                2308/65536       46160/1310720  ( 3.5%) 
vertexes              3444/65536       41328/786432   ( 5.3%) 
nodes                  722/65536       23104/2097152  ( 1.1%) 
texinfos               591/12288       42552/884736   ( 4.8%) 
texdata                143/2048         4576/65536    ( 7.0%) 
dispinfos                0/0               0/0        ( 0.0%) 
disp_verts               0/0               0/0        ( 0.0%) 
disp_tris                0/0               0/0        ( 0.0%) 
disp_lmsamples           0/0               0/0        ( 0.0%) 
faces                 1914/65536      107184/3670016  ( 2.9%) 
hdr faces                0/65536           0/3670016  ( 0.0%) 
origfaces             1450/65536       81200/3670016  ( 2.2%) 
leaves                 742/65536       23744/2097152  ( 1.1%) 
leaffaces             2245/65536        4490/131072   ( 3.4%) 
leafbrushes            950/65536        1900/131072   ( 1.4%) 
areas                    5/256            40/2048     ( 2.0%) 
surfedges            15405/512000      61620/2048000  ( 3.0%) 
edges                 9775/256000      39100/1024000  ( 3.8%) 
LDR worldlights         70/65536        6160/5767168  ( 0.1%) 
HDR worldlights          0/65536           0/5767168  ( 0.0%) 
leafwaterdata            0/32768           0/393216   ( 0.0%) 
waterstrips            220/32768        2200/327680   ( 0.7%) 
waterverts               0/65536           0/786432   ( 0.0%) 
waterindices          4245/65536        8490/131072   ( 6.5%) 
cubemapsamples          16/1024          256/16384    ( 1.6%) 
overlays                 3/8192         1056/2883584  ( 0.0%) 
LDR lightdata         [variable]     1204584/0        ( 0.0%) 
HDR lightdata         [variable]           0/0        ( 0.0%) 
visdata               [variable]       12547/16777216 ( 0.1%) 
entdata               [variable]      151816/393216   (38.6%) 
LDR ambient table      742/65536        2968/262144   ( 1.1%) 
HDR ambient table      742/65536        2968/262144   ( 1.1%) 
LDR leaf ambient      2392/65536       66976/1835008  ( 3.6%) 
HDR leaf ambient       742/65536       20776/1835008  ( 1.1%) 
occluders                0/0               0/0        ( 0.0%) 
occluder polygons        0/0               0/0        ( 0.0%) 
occluder vert ind        0/0               0/0        ( 0.0%) 
detail props          [variable]           1/12       ( 8.3%) 
static props          [variable]           1/25870    ( 0.0%) 
pakfile               [variable]       38044/0        ( 0.0%) 
physics               [variable]      227591/4194304  ( 5.4%) 
physics terrain       [variable]           2/1048576  ( 0.0%) 

Level flags = 0

Total triangle count: 5770
Writing d:\steam\steamapps\sourcemods\entropyzero2-addonworkspace\mapsrc\dd00a.bsp
1 second elapsed



materialPath: D:\steam\steamapps\sourcemods\entropyzero2-addonworkspace\materials
Loading d:\steam\steamapps\sourcemods\entropyzero2-addonworkspace\mapsrc\dd00a.vmf
ConVarRef mat_reduceparticles doesn't point to an existing ConVar
ConVarRef mat_reduceparticles doesn't point to an existing ConVar
Patching WVT material: maps/dd00a/nature/blenddirtgrass006a_wvt_patch
fixing up env_cubemap materials on brush sides...
0...1...2...3...4...5...6...7...8...9...100...1...2...3...4...5...6...7...8...9...10Processing areas...done (0)
Building Faces...done (0)
Chop Details...done (0)
Find Visible Detail Sides...
Merged 218 detail faces...done (0)
Merging details...done (0)
FixTjuncs...
PruneNodes...
WriteBSP...
done (0)
writing d:\steam\steamapps\sourcemods\entropyzero2-addonworkspace\mapsrc\dd00a.prt...Building visibility clusters...
done (0)
Finding displacement neighbors...
Finding lightmap sample positions...
Displacement Alpha : 0...1...2...3...4...5...6...7...8...9...10
Building Physics collision data...
done (0) (228701 bytes)
Placing static props...
Error! To use model "models/props_wasteland/woodwall030b_window02a_bars.mdl"
      with prop_static, it must be compiled with $staticprop!
Error loading studio model "models/props_wasteland/woodwall030b_window02a_bars.mdl"!
Error! To use model "models/props_combine/combine_dispenser.mdl"
      with prop_static, it must be compiled with $staticprop!
Error loading studio model "models/props_combine/combine_dispenser.mdl"!
Error! To use model "models/barneyhelmet_faceplate.mdl"
      with prop_static, it must be compiled with $staticprop!
Error loading studio model "models/barneyhelmet_faceplate.mdl"!
Error! To use model "models/props_c17/furnituremattress001a.mdl"
      with prop_static, it must be compiled with $staticprop!
Error loading studio model "models/props_c17/furnituremattress001a.mdl"!
Placing detail props : 0...1...2...3...4...5...6...7...8...9...10
Compacting texture/material tables...
Reduced 1440 texinfos to 597
Reduced 208 texdatas to 143 (8218 bytes to 5711)
Writing d:\steam\steamapps\sourcemods\entropyzero2-addonworkspace\mapsrc\dd00a.bsp
1 second elapsed



12 threads
reading d:\steam\steamapps\sourcemods\entropyzero2-addonworkspace\mapsrc\dd00a.bsp
reading d:\steam\steamapps\sourcemods\entropyzero2-addonworkspace\mapsrc\dd00a.prt
 235 portalclusters
 495 numportals
0...1...2...3...4...5...6...7...8...9...10Optimized: 798 visible clusters (5.18%)
Total clusters visible: 15404
Average clusters visible: 65
Building PAS...
Average clusters audible: 133
visdatasize:12547  compressed from 15040
writing d:\steam\steamapps\sourcemods\entropyzero2-addonworkspace\mapsrc\dd00a.bsp
0 seconds elapsed



[Reading texlights from 'lights.rad']
[48 texlights parsed from 'lights.rad']

Loading d:\steam\steamapps\sourcemods\entropyzero2-addonworkspace\mapsrc\dd00a.bsp
1926 faces
117608 square feet [16935676.00 square inches]
0 Displacements
0 Square Feet [0.00 Square Inches]
1926 patches before subdivision
22760 patches after subdivision
70 direct lights
0...1...2...3...4...5...6...7...8...9...100...1...2...3...4...5...6...7...8...9...10transfers 1799653, max 373
transfer lists:  13.7 megs
0...1...2...3...4...5...6...7...8...9...10	Bounce #1 added RGB(94935, 103219, 68363)
0...1...2...3...4...5...6...7...8...9...10	Bounce #2 added RGB(21284, 23842, 12337)
Build Patch/Sample Hash Table(s).....Done<0.0029 sec>
0...1...2...3...4...5...6...7...8...9...10FinalLightFace Done
0 of 8 (0% of) surface lights went in leaf ambient cubes.
0...1...2...3...4...5...6...7...8...9...10Writing leaf ambient...done
Ready to Finish

Object names       Objects/Maxobjs  Memory / Maxmem  Fullness 
------------       ---------------  ---------------  -------- 
models                  21/1024         1008/49152    ( 2.1%) 
brushes                637/8192         7644/98304    ( 7.8%) 
brushsides            4432/65536       35456/524288   ( 6.8%) 
planes                2328/65536       46560/1310720  ( 3.6%) 
vertexes              3460/65536       41520/786432   ( 5.3%) 
nodes                  734/65536       23488/2097152  ( 1.1%) 
texinfos               597/12288       42984/884736   ( 4.9%) 
texdata                143/2048         4576/65536    ( 7.0%) 
dispinfos                0/0               0/0        ( 0.0%) 
disp_verts               0/0               0/0        ( 0.0%) 
disp_tris                0/0               0/0        ( 0.0%) 
disp_lmsamples           0/0               0/0        ( 0.0%) 
faces                 1926/65536      107856/3670016  ( 2.9%) 
hdr faces                0/65536           0/3670016  ( 0.0%) 
origfaces             1462/65536       81872/3670016  ( 2.2%) 
leaves                 756/65536       24192/2097152  ( 1.2%) 
leaffaces             2257/65536        4514/131072   ( 3.4%) 
leafbrushes            952/65536        1904/131072   ( 1.5%) 
areas                    5/256            40/2048     ( 2.0%) 
surfedges            15501/512000      62004/2048000  ( 3.0%) 
edges                 9823/256000      39292/1024000  ( 3.8%) 
LDR worldlights         70/65536        6160/5767168  ( 0.1%) 
HDR worldlights          0/65536           0/5767168  ( 0.0%) 
leafwaterdata            0/32768           0/393216   ( 0.0%) 
waterstrips            220/32768        2200/327680   ( 0.7%) 
waterverts               0/65536           0/786432   ( 0.0%) 
waterindices          4245/65536        8490/131072   ( 6.5%) 
cubemapsamples          16/1024          256/16384    ( 1.6%) 
overlays                 3/8192         1056/2883584  ( 0.0%) 
LDR lightdata         [variable]     1204584/0        ( 0.0%) 
HDR lightdata         [variable]           0/0        ( 0.0%) 
visdata               [variable]       12547/16777216 ( 0.1%) 
entdata               [variable]      152406/393216   (38.8%) 
LDR ambient table      756/65536        3024/262144   ( 1.2%) 
HDR ambient table      756/65536        3024/262144   ( 1.2%) 
LDR leaf ambient      2404/65536       67312/1835008  ( 3.7%) 
HDR leaf ambient       756/65536       21168/1835008  ( 1.2%) 
occluders                0/0               0/0        ( 0.0%) 
occluder polygons        0/0               0/0        ( 0.0%) 
occluder vert ind        0/0               0/0        ( 0.0%) 
detail props          [variable]           1/12       ( 8.3%) 
static props          [variable]           1/26068    ( 0.0%) 
pakfile               [variable]       38044/0        ( 0.0%) 
physics               [variable]      228701/4194304  ( 5.5%) 
physics terrain       [variable]           2/1048576  ( 0.0%) 

Level flags = 0

Total triangle count: 5794
Writing d:\steam\steamapps\sourcemods\entropyzero2-addonworkspace\mapsrc\dd00a.bsp
1 second elapsed



materialPath: D:\steam\steamapps\sourcemods\entropyzero2-addonworkspace\materials
Loading d:\steam\steamapps\sourcemods\entropyzero2-addonworkspace\mapsrc\dd00a.vmf
ConVarRef mat_reduceparticles doesn't point to an existing ConVar
ConVarRef mat_reduceparticles doesn't point to an existing ConVar
Patching WVT material: maps/dd00a/nature/blenddirtgrass006a_wvt_patch
fixing up env_cubemap materials on brush sides...
0...1...2...3...4...5...6...7...8...9...100...1...2...3...4...5...6...7...8...9...10Processing areas...done (0)
Building Faces...done (0)
Chop Details...done (0)
Find Visible Detail Sides...
Merged 218 detail faces...done (0)
Merging details...done (0)
FixTjuncs...
PruneNodes...
WriteBSP...
done (0)
writing d:\steam\steamapps\sourcemods\entropyzero2-addonworkspace\mapsrc\dd00a.prt...Building visibility clusters...
done (0)
Finding displacement neighbors...
Finding lightmap sample positions...
Displacement Alpha : 0...1...2...3...4...5...6...7...8...9...10
Building Physics collision data...
done (0) (228701 bytes)
Placing static props...
Error! To use model "models/props_wasteland/woodwall030b_window02a_bars.mdl"
      with prop_static, it must be compiled with $staticprop!
Error loading studio model "models/props_wasteland/woodwall030b_window02a_bars.mdl"!
Error! To use model "models/props_combine/combine_dispenser.mdl"
      with prop_static, it must be compiled with $staticprop!
Error loading studio model "models/props_combine/combine_dispenser.mdl"!
Error! To use model "models/barneyhelmet_faceplate.mdl"
      with prop_static, it must be compiled with $staticprop!
Error loading studio model "models/barneyhelmet_faceplate.mdl"!
Error! To use model "models/props_c17/furnituremattress001a.mdl"
      with prop_static, it must be compiled with $staticprop!
Error loading studio model "models/props_c17/furnituremattress001a.mdl"!
Placing detail props : 0...1...2...3...4...5...6...7...8...9...10
Compacting texture/material tables...
Reduced 1440 texinfos to 597
Reduced 208 texdatas to 143 (8218 bytes to 5711)
Writing d:\steam\steamapps\sourcemods\entropyzero2-addonworkspace\mapsrc\dd00a.bsp
1 second elapsed



12 threads
reading d:\steam\steamapps\sourcemods\entropyzero2-addonworkspace\mapsrc\dd00a.bsp
reading d:\steam\steamapps\sourcemods\entropyzero2-addonworkspace\mapsrc\dd00a.prt
 235 portalclusters
 495 numportals
0...1...2...3...4...5...6...7...8...9...10Optimized: 798 visible clusters (5.18%)
Total clusters visible: 15404
Average clusters visible: 65
Building PAS...
Average clusters audible: 133
visdatasize:12547  compressed from 15040
writing d:\steam\steamapps\sourcemods\entropyzero2-addonworkspace\mapsrc\dd00a.bsp
0 seconds elapsed



[Reading texlights from 'lights.rad']
[48 texlights parsed from 'lights.rad']

Loading d:\steam\steamapps\sourcemods\entropyzero2-addonworkspace\mapsrc\dd00a.bsp
1926 faces
117608 square feet [16935676.00 square inches]
0 Displacements
0 Square Feet [0.00 Square Inches]
1926 patches before subdivision
22760 patches after subdivision
70 direct lights
0...1...2...3...4...5...6...7...8...9...100...1...2...3...4...5...6...7...8...9...10transfers 1799653, max 373
transfer lists:  13.7 megs
0...1...2...3...4...5...6...7...8...9...10	Bounce #1 added RGB(94935, 103219, 68363)
0...1...2...3...4...5...6...7...8...9...10	Bounce #2 added RGB(21284, 23842, 12337)
Build Patch/Sample Hash Table(s).....Done<0.0048 sec>
0...1...2...3...4...5...6...7...8...9...10FinalLightFace Done
0 of 8 (0% of) surface lights went in leaf ambient cubes.
0...1...2...3...4...5...6...7...8...9...10Writing leaf ambient...done
Ready to Finish

Object names       Objects/Maxobjs  Memory / Maxmem  Fullness 
------------       ---------------  ---------------  -------- 
models                  21/1024         1008/49152    ( 2.1%) 
brushes                637/8192         7644/98304    ( 7.8%) 
brushsides            4432/65536       35456/524288   ( 6.8%) 
planes                2328/65536       46560/1310720  ( 3.6%) 
vertexes              3460/65536       41520/786432   ( 5.3%) 
nodes                  734/65536       23488/2097152  ( 1.1%) 
texinfos               597/12288       42984/884736   ( 4.9%) 
texdata                143/2048         4576/65536    ( 7.0%) 
dispinfos                0/0               0/0        ( 0.0%) 
disp_verts               0/0               0/0        ( 0.0%) 
disp_tris                0/0               0/0        ( 0.0%) 
disp_lmsamples           0/0               0/0        ( 0.0%) 
faces                 1926/65536      107856/3670016  ( 2.9%) 
hdr faces                0/65536           0/3670016  ( 0.0%) 
origfaces             1462/65536       81872/3670016  ( 2.2%) 
leaves                 756/65536       24192/2097152  ( 1.2%) 
leaffaces             2257/65536        4514/131072   ( 3.4%) 
leafbrushes            952/65536        1904/131072   ( 1.5%) 
areas                    5/256            40/2048     ( 2.0%) 
surfedges            15501/512000      62004/2048000  ( 3.0%) 
edges                 9823/256000      39292/1024000  ( 3.8%) 
LDR worldlights         70/65536        6160/5767168  ( 0.1%) 
HDR worldlights          0/65536           0/5767168  ( 0.0%) 
leafwaterdata            0/32768           0/393216   ( 0.0%) 
waterstrips            220/32768        2200/327680   ( 0.7%) 
waterverts               0/65536           0/786432   ( 0.0%) 
waterindices          4245/65536        8490/131072   ( 6.5%) 
cubemapsamples          16/1024          256/16384    ( 1.6%) 
overlays                 3/8192         1056/2883584  ( 0.0%) 
LDR lightdata         [variable]     1204584/0        ( 0.0%) 
HDR lightdata         [variable]           0/0        ( 0.0%) 
visdata               [variable]       12547/16777216 ( 0.1%) 
entdata               [variable]      153166/393216   (39.0%) 
LDR ambient table      756/65536        3024/262144   ( 1.2%) 
HDR ambient table      756/65536        3024/262144   ( 1.2%) 
LDR leaf ambient      2404/65536       67312/1835008  ( 3.7%) 
HDR leaf ambient       756/65536       21168/1835008  ( 1.2%) 
occluders                0/0               0/0        ( 0.0%) 
occluder polygons        0/0               0/0        ( 0.0%) 
occluder vert ind        0/0               0/0        ( 0.0%) 
detail props          [variable]           1/12       ( 8.3%) 
static props          [variable]           1/26068    ( 0.0%) 
pakfile               [variable]       38044/0        ( 0.0%) 
physics               [variable]      228701/4194304  ( 5.5%) 
physics terrain       [variable]           2/1048576  ( 0.0%) 

Level flags = 0

Total triangle count: 5794
Writing d:\steam\steamapps\sourcemods\entropyzero2-addonworkspace\mapsrc\dd00a.bsp
1 second elapsed



materialPath: D:\steam\steamapps\sourcemods\entropyzero2-addonworkspace\materials
Loading d:\steam\steamapps\sourcemods\entropyzero2-addonworkspace\mapsrc\dd00a.vmf
ConVarRef mat_reduceparticles doesn't point to an existing ConVar
ConVarRef mat_reduceparticles doesn't point to an existing ConVar
Patching WVT material: maps/dd00a/nature/blenddirtgrass006a_wvt_patch
fixing up env_cubemap materials on brush sides...
0...1...2...3...4...5...6...7...8...9...100...1...2...3...4...5...6...7...8...9...10Processing areas...done (0)
Building Faces...done (0)
Chop Details...done (0)
Find Visible Detail Sides...
Merged 218 detail faces...done (0)
Merging details...done (0)
FixTjuncs...
PruneNodes...
WriteBSP...
done (0)
writing d:\steam\steamapps\sourcemods\entropyzero2-addonworkspace\mapsrc\dd00a.prt...Building visibility clusters...
done (0)
Finding displacement neighbors...
Finding lightmap sample positions...
Displacement Alpha : 0...1...2...3...4...5...6...7...8...9...10
Building Physics collision data...
done (0) (228701 bytes)
Placing static props...
Error! To use model "models/props_wasteland/woodwall030b_window02a_bars.mdl"
      with prop_static, it must be compiled with $staticprop!
Error loading studio model "models/props_wasteland/woodwall030b_window02a_bars.mdl"!
Error! To use model "models/props_combine/combine_dispenser.mdl"
      with prop_static, it must be compiled with $staticprop!
Error loading studio model "models/props_combine/combine_dispenser.mdl"!
Error! To use model "models/barneyhelmet_faceplate.mdl"
      with prop_static, it must be compiled with $staticprop!
Error loading studio model "models/barneyhelmet_faceplate.mdl"!
Error! To use model "models/props_c17/furnituremattress001a.mdl"
      with prop_static, it must be compiled with $staticprop!
Error loading studio model "models/props_c17/furnituremattress001a.mdl"!
Placing detail props : 0...1...2...3...4...5...6...7...8...9...10
Compacting texture/material tables...
Reduced 1440 texinfos to 597
Reduced 208 texdatas to 143 (8218 bytes to 5711)
Writing d:\steam\steamapps\sourcemods\entropyzero2-addonworkspace\mapsrc\dd00a.bsp
1 second elapsed



12 threads
reading d:\steam\steamapps\sourcemods\entropyzero2-addonworkspace\mapsrc\dd00a.bsp
reading d:\steam\steamapps\sourcemods\entropyzero2-addonworkspace\mapsrc\dd00a.prt
 235 portalclusters
 495 numportals
0...1...2...3...4...5...6...7...8...9...10Optimized: 798 visible clusters (5.18%)
Total clusters visible: 15404
Average clusters visible: 65
Building PAS...
Average clusters audible: 133
visdatasize:12547  compressed from 15040
writing d:\steam\steamapps\sourcemods\entropyzero2-addonworkspace\mapsrc\dd00a.bsp
0 seconds elapsed



[Reading texlights from 'lights.rad']
[48 texlights parsed from 'lights.rad']

Loading d:\steam\steamapps\sourcemods\entropyzero2-addonworkspace\mapsrc\dd00a.bsp
1926 faces
117608 square feet [16935676.00 square inches]
0 Displacements
0 Square Feet [0.00 Square Inches]
1926 patches before subdivision
22760 patches after subdivision
70 direct lights
0...1...2...3...4...5...6...7...8...9...100...1...2...3...4...5...6...7...8...9...10transfers 1799653, max 373
transfer lists:  13.7 megs
0...1...2...3...4...5...6...7...8...9...10	Bounce #1 added RGB(94935, 103219, 68363)
0...1...2...3...4...5...6...7...8...9...10	Bounce #2 added RGB(21284, 23842, 12337)
Build Patch/Sample Hash Table(s).....Done<0.0030 sec>
0...1...2...3...4...5...6...7...8...9...10FinalLightFace Done
0 of 8 (0% of) surface lights went in leaf ambient cubes.
0...1...2...3...4...5...6...7...8...9...10Writing leaf ambient...done
Ready to Finish

Object names       Objects/Maxobjs  Memory / Maxmem  Fullness 
------------       ---------------  ---------------  -------- 
models                  21/1024         1008/49152    ( 2.1%) 
brushes                637/8192         7644/98304    ( 7.8%) 
brushsides            4432/65536       35456/524288   ( 6.8%) 
planes                2328/65536       46560/1310720  ( 3.6%) 
vertexes              3460/65536       41520/786432   ( 5.3%) 
nodes                  734/65536       23488/2097152  ( 1.1%) 
texinfos               597/12288       42984/884736   ( 4.9%) 
texdata                143/2048         4576/65536    ( 7.0%) 
dispinfos                0/0               0/0        ( 0.0%) 
disp_verts               0/0               0/0        ( 0.0%) 
disp_tris                0/0               0/0        ( 0.0%) 
disp_lmsamples           0/0               0/0        ( 0.0%) 
faces                 1926/65536      107856/3670016  ( 2.9%) 
hdr faces                0/65536           0/3670016  ( 0.0%) 
origfaces             1462/65536       81872/3670016  ( 2.2%) 
leaves                 756/65536       24192/2097152  ( 1.2%) 
leaffaces             2257/65536        4514/131072   ( 3.4%) 
leafbrushes            952/65536        1904/131072   ( 1.5%) 
areas                    5/256            40/2048     ( 2.0%) 
surfedges            15501/512000      62004/2048000  ( 3.0%) 
edges                 9823/256000      39292/1024000  ( 3.8%) 
LDR worldlights         70/65536        6160/5767168  ( 0.1%) 
HDR worldlights          0/65536           0/5767168  ( 0.0%) 
leafwaterdata            0/32768           0/393216   ( 0.0%) 
waterstrips            220/32768        2200/327680   ( 0.7%) 
waterverts               0/65536           0/786432   ( 0.0%) 
waterindices          4245/65536        8490/131072   ( 6.5%) 
cubemapsamples          16/1024          256/16384    ( 1.6%) 
overlays                 3/8192         1056/2883584  ( 0.0%) 
LDR lightdata         [variable]     1204584/0        ( 0.0%) 
HDR lightdata         [variable]           0/0        ( 0.0%) 
visdata               [variable]       12547/16777216 ( 0.1%) 
entdata               [variable]      153192/393216   (39.0%) 
LDR ambient table      756/65536        3024/262144   ( 1.2%) 
HDR ambient table      756/65536        3024/262144   ( 1.2%) 
LDR leaf ambient      2404/65536       67312/1835008  ( 3.7%) 
HDR leaf ambient       756/65536       21168/1835008  ( 1.2%) 
occluders                0/0               0/0        ( 0.0%) 
occluder polygons        0/0               0/0        ( 0.0%) 
occluder vert ind        0/0               0/0        ( 0.0%) 
detail props          [variable]           1/12       ( 8.3%) 
static props          [variable]           1/26068    ( 0.0%) 
pakfile               [variable]       38044/0        ( 0.0%) 
physics               [variable]      228701/4194304  ( 5.5%) 
physics terrain       [variable]           2/1048576  ( 0.0%) 

Level flags = 0

Total triangle count: 5794
Writing d:\steam\steamapps\sourcemods\entropyzero2-addonworkspace\mapsrc\dd00a.bsp
1 second elapsed



materialPath: D:\steam\steamapps\sourcemods\entropyzero2-addonworkspace\materials
Loading d:\steam\steamapps\sourcemods\entropyzero2-addonworkspace\mapsrc\dd00a.vmf
ConVarRef mat_reduceparticles doesn't point to an existing ConVar
ConVarRef mat_reduceparticles doesn't point to an existing ConVar
Patching WVT material: maps/dd00a/nature/blenddirtgrass006a_wvt_patch
fixing up env_cubemap materials on brush sides...
0...1...2...3...4...5...6...7...8...9...100...1...2...3...4...5...6...7...8...9...10Processing areas...done (0)
Building Faces...done (0)
Chop Details...done (0)
Find Visible Detail Sides...
Merged 218 detail faces...done (0)
Merging details...done (0)
FixTjuncs...
PruneNodes...
WriteBSP...
done (0)
writing d:\steam\steamapps\sourcemods\entropyzero2-addonworkspace\mapsrc\dd00a.prt...Building visibility clusters...
done (0)
Finding displacement neighbors...
Finding lightmap sample positions...
Displacement Alpha : 0...1...2...3...4...5...6...7...8...9...10
Building Physics collision data...
done (0) (228701 bytes)
Placing static props...
Error! To use model "models/props_wasteland/woodwall030b_window02a_bars.mdl"
      with prop_static, it must be compiled with $staticprop!
Error loading studio model "models/props_wasteland/woodwall030b_window02a_bars.mdl"!
Error! To use model "models/props_combine/combine_dispenser.mdl"
      with prop_static, it must be compiled with $staticprop!
Error loading studio model "models/props_combine/combine_dispenser.mdl"!
Error! To use model "models/props_c17/furnituremattress001a.mdl"
      with prop_static, it must be compiled with $staticprop!
Error loading studio model "models/props_c17/furnituremattress001a.mdl"!
Error! To use model "models/barneyhelmet_faceplate.mdl"
      with prop_static, it must be compiled with $staticprop!
Error loading studio model "models/barneyhelmet_faceplate.mdl"!
Placing detail props : 0...1...2...3...4...5...6...7...8...9...10
Compacting texture/material tables...
Reduced 1444 texinfos to 597
Reduced 210 texdatas to 143 (8326 bytes to 5711)
Writing d:\steam\steamapps\sourcemods\entropyzero2-addonworkspace\mapsrc\dd00a.bsp
1 second elapsed



12 threads
reading d:\steam\steamapps\sourcemods\entropyzero2-addonworkspace\mapsrc\dd00a.bsp
reading d:\steam\steamapps\sourcemods\entropyzero2-addonworkspace\mapsrc\dd00a.prt
 235 portalclusters
 495 numportals
0...1...2...3...4...5...6...7...8...9...10Optimized: 798 visible clusters (5.18%)
Total clusters visible: 15404
Average clusters visible: 65
Building PAS...
Average clusters audible: 133
visdatasize:12547  compressed from 15040
writing d:\steam\steamapps\sourcemods\entropyzero2-addonworkspace\mapsrc\dd00a.bsp
0 seconds elapsed



[Reading texlights from 'lights.rad']
[48 texlights parsed from 'lights.rad']

Loading d:\steam\steamapps\sourcemods\entropyzero2-addonworkspace\mapsrc\dd00a.bsp
1926 faces
117608 square feet [16935680.00 square inches]
0 Displacements
0 Square Feet [0.00 Square Inches]
1926 patches before subdivision
22760 patches after subdivision
70 direct lights
0...1...2...3...4...5...6...7...8...9...100...1...2...3...4...5...6...7...8...9...10transfers 1799627, max 373
transfer lists:  13.7 megs
0...1...2...3...4...5...6...7...8...9...10	Bounce #1 added RGB(94934, 103218, 68363)
0...1...2...3...4...5...6...7...8...9...10	Bounce #2 added RGB(21284, 23841, 12337)
Build Patch/Sample Hash Table(s).....Done<0.0033 sec>
0...1...2...3...4...5...6...7...8...9...10FinalLightFace Done
0 of 8 (0% of) surface lights went in leaf ambient cubes.
0...1...2...3...4...5...6...7...8...9...10Writing leaf ambient...done
Ready to Finish

Object names       Objects/Maxobjs  Memory / Maxmem  Fullness 
------------       ---------------  ---------------  -------- 
models                  21/1024         1008/49152    ( 2.1%) 
brushes                637/8192         7644/98304    ( 7.8%) 
brushsides            4432/65536       35456/524288   ( 6.8%) 
planes                2328/65536       46560/1310720  ( 3.6%) 
vertexes              3456/65536       41472/786432   ( 5.3%) 
nodes                  734/65536       23488/2097152  ( 1.1%) 
texinfos               597/12288       42984/884736   ( 4.9%) 
texdata                143/2048         4576/65536    ( 7.0%) 
dispinfos                0/0               0/0        ( 0.0%) 
disp_verts               0/0               0/0        ( 0.0%) 
disp_tris                0/0               0/0        ( 0.0%) 
disp_lmsamples           0/0               0/0        ( 0.0%) 
faces                 1926/65536      107856/3670016  ( 2.9%) 
hdr faces                0/65536           0/3670016  ( 0.0%) 
origfaces             1462/65536       81872/3670016  ( 2.2%) 
leaves                 756/65536       24192/2097152  ( 1.2%) 
leaffaces             2257/65536        4514/131072   ( 3.4%) 
leafbrushes            952/65536        1904/131072   ( 1.5%) 
areas                    5/256            40/2048     ( 2.0%) 
surfedges            15505/512000      62020/2048000  ( 3.0%) 
edges                 9820/256000      39280/1024000  ( 3.8%) 
LDR worldlights         70/65536        6160/5767168  ( 0.1%) 
HDR worldlights          0/65536           0/5767168  ( 0.0%) 
leafwaterdata            0/32768           0/393216   ( 0.0%) 
waterstrips            219/32768        2190/327680   ( 0.7%) 
waterverts               0/65536           0/786432   ( 0.0%) 
waterindices          4230/65536        8460/131072   ( 6.5%) 
cubemapsamples          16/1024          256/16384    ( 1.6%) 
overlays                 3/8192         1056/2883584  ( 0.0%) 
LDR lightdata         [variable]     1203912/0        ( 0.0%) 
HDR lightdata         [variable]           0/0        ( 0.0%) 
visdata               [variable]       12547/16777216 ( 0.1%) 
entdata               [variable]      153177/393216   (39.0%) 
LDR ambient table      756/65536        3024/262144   ( 1.2%) 
HDR ambient table      756/65536        3024/262144   ( 1.2%) 
LDR leaf ambient      2402/65536       67256/1835008  ( 3.7%) 
HDR leaf ambient       756/65536       21168/1835008  ( 1.2%) 
occluders                0/0               0/0        ( 0.0%) 
occluder polygons        0/0               0/0        ( 0.0%) 
occluder vert ind        0/0               0/0        ( 0.0%) 
detail props          [variable]           1/12       ( 8.3%) 
static props          [variable]           1/26068    ( 0.0%) 
pakfile               [variable]       38732/0        ( 0.0%) 
physics               [variable]      228701/4194304  ( 5.5%) 
physics terrain       [variable]           2/1048576  ( 0.0%) 

Level flags = 0

Total triangle count: 5794
Writing d:\steam\steamapps\sourcemods\entropyzero2-addonworkspace\mapsrc\dd00a.bsp
1 second elapsed
