


materialPath: C:\Program Files (x86)\Steam\steamapps\sourcemods\entropyzero2-addonworkspace\materials
Loading c:\program files (x86)\steam\steamapps\sourcemods\entropyzero2-addonworkspace\mapsrc\dd00b1.vmf
ConVarRef mat_reduceparticles doesn't point to an existing ConVar
Patching WVT material: maps/dd00b1/concrete/blendbunk_conc01_wvt_patch
fixing up env_cubemap materials on brush sides...
0...1...2...3...4...5...6...7...8...9...100...1...2...3...4...5...6...7...8...9...10Processing areas...done (0)
Building Faces...done (0)
Chop Details...done (0)
Find Visible Detail Sides...
Merged 28 detail faces...done (0)
Merging details...done (0)
FixTjuncs...
PruneNodes...
WriteBSP...
done (0)
writing c:\program files (x86)\steam\steamapps\sourcemods\entropyzero2-addonworkspace\mapsrc\dd00b1.prt...Building visibility clusters...
done (0)
Finding displacement neighbors...
Finding lightmap sample positions...
Displacement Alpha : 0...1...2...3...4...5...6...7...8...9...10
Building Physics collision data...
done (0) (55757 bytes)
Placing static props...
Error! To use model "models/combine_gate_vehicle.mdl"
      with prop_static, it must be compiled with $staticprop!
Error loading studio model "models/combine_gate_vehicle.mdl"!
Placing detail props : 0...1...2...3...4...5...6...7...8...9...10
Water found with no water_lod_control entity, creating a default one.
Compacting texture/material tables...
Reduced 392 texinfos to 241
Reduced 101 texdatas to 92 (2828 bytes to 2442)
Writing c:\program files (x86)\steam\steamapps\sourcemods\entropyzero2-addonworkspace\mapsrc\dd00b1.bsp
1 second elapsed



8 threads
reading c:\program files (x86)\steam\steamapps\sourcemods\entropyzero2-addonworkspace\mapsrc\dd00b1.bsp
reading c:\program files (x86)\steam\steamapps\sourcemods\entropyzero2-addonworkspace\mapsrc\dd00b1.prt
 352 portalclusters
1105 numportals
0...1...2...3...4...5...6...7...8...9...10Optimized: 827 visible clusters (0.70%)
Total clusters visible: 118417
Average clusters visible: 336
Building PAS...
Average clusters audible: 352
visdatasize:33801  compressed from 33792
writing c:\program files (x86)\steam\steamapps\sourcemods\entropyzero2-addonworkspace\mapsrc\dd00b1.bsp
0 seconds elapsed



[Reading texlights from 'lights.rad']
[48 texlights parsed from 'lights.rad']

Loading c:\program files (x86)\steam\steamapps\sourcemods\entropyzero2-addonworkspace\mapsrc\dd00b1.bsp
1067 faces
1613118 square feet [232289024.00 square inches]
18 Displacements
32145 Square Feet [4628941.50 Square Inches]
1067 patches before subdivision
38883 patches after subdivision
15 direct lights
0...1...2...3...4...5...6...7...8...9...100...1...2...3...4...5...6...7...8...9...10transfers 1633655, max 331
transfer lists:  12.5 megs
0...1...2...3...4...5...6...7...8...9...10	Bounce #1 added RGB(12082, 13745, 11714)
0...1...2...3...4...5...6...7...8...9...10	Bounce #2 added RGB(1193, 1293, 949)
Build Patch/Sample Hash Table(s).....Done<0.0106 sec>
0...1...2...3...4...5...6...7...8...9...10FinalLightFace Done
Computing detail prop lighting : 0...1...2...3...4...5...6...7...8...9...10
0 of 0 (0% of) surface lights went in leaf ambient cubes.
0...1...2...3...4...5...6...7...8...9...10Writing leaf ambient...done
Ready to Finish

Object names       Objects/Maxobjs  Memory / Maxmem  Fullness 
------------       ---------------  ---------------  -------- 
models                   4/1024          192/49152    ( 0.4%) 
brushes                152/8192         1824/98304    ( 1.9%) 
brushsides             963/65536        7704/524288   ( 1.5%) 
planes                 584/65536       11680/1310720  ( 0.9%) 
vertexes              1716/65536       20592/786432   ( 2.6%) 
nodes                  732/65536       23424/2097152  ( 1.1%) 
texinfos               241/12288       17352/884736   ( 2.0%) 
texdata                 92/2048         2944/65536    ( 4.5%) 
dispinfos               18/0            3168/0        ( 0.0%) 
disp_verts            1458/0           29160/0        ( 0.0%) 
disp_tris             2304/0            4608/0        ( 0.0%) 
disp_lmsamples       81720/0           81720/0        ( 0.0%) 
faces                 1067/65536       59752/3670016  ( 1.6%) 
hdr faces                0/65536           0/3670016  ( 0.0%) 
origfaces              439/65536       24584/3670016  ( 0.7%) 
leaves                 737/65536       23584/2097152  ( 1.1%) 
leaffaces             1303/65536        2606/131072   ( 2.0%) 
leafbrushes            530/65536        1060/131072   ( 0.8%) 
areas                    2/256            16/2048     ( 0.8%) 
surfedges             6680/512000      26720/2048000  ( 1.3%) 
edges                 4033/256000      16132/1024000  ( 1.6%) 
LDR worldlights         15/65536        1320/5767168  ( 0.0%) 
HDR worldlights          0/65536           0/5767168  ( 0.0%) 
leafwaterdata            1/32768          12/393216   ( 0.0%) 
waterstrips             86/32768         860/327680   ( 0.3%) 
waterverts               0/65536           0/786432   ( 0.0%) 
waterindices          1386/65536        2772/131072   ( 2.1%) 
cubemapsamples           0/1024            0/16384    ( 0.0%) 
overlays                16/8192         5632/2883584  ( 0.2%) 
LDR lightdata         [variable]     1590124/0        ( 0.0%) 
HDR lightdata         [variable]           0/0        ( 0.0%) 
visdata               [variable]       33801/16777216 ( 0.2%) 
entdata               [variable]       20224/393216   ( 5.1%) 
LDR ambient table      737/65536        2948/262144   ( 1.1%) 
HDR ambient table      737/65536        2948/262144   ( 1.1%) 
LDR leaf ambient      4383/65536      122724/1835008  ( 6.7%) 
HDR leaf ambient       737/65536       20636/1835008  ( 1.1%) 
occluders                0/0               0/0        ( 0.0%) 
occluder polygons        0/0               0/0        ( 0.0%) 
occluder vert ind        0/0               0/0        ( 0.0%) 
detail props          [variable]           1/5156     ( 0.0%) 
dtl prp lght          [variable]           1/4        (25.0%) 
HDR dtl prp lght      [variable]           1/4        (25.0%) 
static props          [variable]           1/11956    ( 0.0%) 
pakfile               [variable]        1334/0        ( 0.0%) 
physics               [variable]       55757/4194304  ( 1.3%) 
physics terrain       [variable]        2622/1048576  ( 0.3%) 

Level flags = 0

Total triangle count: 2786
Writing c:\program files (x86)\steam\steamapps\sourcemods\entropyzero2-addonworkspace\mapsrc\dd00b1.bsp
5 seconds elapsed
