PRT1
18
27
4 0 5 (0 0 192 ) (0 0 384 ) (-752 0 384 ) (-752 0 192 ) 
4 0 2 (-752 384 192 ) (0 384 192 ) (0 0 192 ) (-752 0 192 ) 
4 0 1 (-752 0 208 ) (-752 0 384 ) (-752 384 384 ) (-752 384 208 ) 
4 1 6 (-752 0 384 ) (-1024 0 384 ) (-1024 0 208 ) (-752 0 208 ) 
4 2 7 (0 0 -64 ) (0 0 192 ) (-752 0 192 ) (-752 0 -64 ) 
4 2 3 (-752 128 192 ) (-752 384 192 ) (-752 384 -64 ) (-752 128 -64 ) 
4 3 4 (-768 128 192 ) (-768 384 192 ) (-768 384 -64 ) (-768 128 -64 ) 
4 4 8 (-768 0 192 ) (-1024 0 192 ) (-1024 0 -29.866669 ) (-768 0 -29.866665 ) 
4 5 9 (0 -112 208 ) (0 -112 384 ) (-752 -112 384 ) (-752 -112 208 ) 
4 5 7 (0 -112 192 ) (-752 -112 192 ) (-752 0 192 ) (0 0 192 ) 
4 5 6 (-752 -112 208 ) (-752 -112 384 ) (-752 0 384 ) (-752 0 208 ) 
4 6 9 (-1024 -112 384 ) (-1024 -112 208 ) (-752 -112 208 ) (-752 -112 384 ) 
4 7 12 (-32 -112 112 ) (-736 -112 112 ) (-736 -112 16 ) (-32 -112 16 ) 
4 8 17 (-1024 -112 16 ) (-1024 -112 0 ) (-768 -112 0 ) (-768 -112 16 ) 
4 8 15 (-1024 -112 112 ) (-1024 -112 16 ) (-768 -112 16 ) (-768 -112 112 ) 
4 8 11 (-1024 -112 192 ) (-1024 -112 112 ) (-768 -112 112 ) (-768 -112 192 ) 
4 10 14 (-736 -384 112 ) (-768 -384 112 ) (-768 -128 112 ) (-736 -128 112 ) 
4 10 13 (0 -128 112 ) (0 -384 112 ) (-736 -384 112 ) (-736 -128 112 ) 
4 10 11 (-768 -128 112 ) (-768 -384 112 ) (-768 -384 192 ) (-768 -128 192 ) 
4 11 15 (-1024 -384 112 ) (-1024 -112 112 ) (-768 -112 112 ) (-768 -384 112 ) 
4 12 13 (-736 -128 112 ) (-736 -128 16 ) (-32 -128 16 ) (-32 -128 112 ) 
4 13 16 (0 -128 16 ) (0 -384 16 ) (-736 -384 16 ) (-736 -128 16 ) 
4 13 14 (-736 -128 16 ) (-736 -384 16 ) (-736 -384 112 ) (-736 -128 112 ) 
4 14 16 (-736 -128 16 ) (-736 -384 16 ) (-768 -384 16 ) (-768 -128 16 ) 
4 14 15 (-768 -128 16 ) (-768 -384 16 ) (-768 -384 112 ) (-768 -128 112 ) 
4 15 17 (-1024 -384 16 ) (-1024 -112 16 ) (-768 -112 16 ) (-768 -384 16 ) 
4 16 17 (-768 -128 0 ) (-768 -384 0 ) (-768 -384 16 ) (-768 -128 16 ) 
