PRT1
518
1102
4 0 1 (6144 -896 192 ) (6144 -704 192 ) (6144 -704 -320 ) (6144 -896 -320 ) 
4 1 25 (5120 -896 192 ) (5120 -704 192 ) (5120 -704 -320 ) (5120 -896 -320 ) 
4 2 7 (6144 -1803.701782 -320 ) (6144 -1812.721069 -320 ) (6144 -1812.721191 192 ) (6144 -1803.701660 192 ) 
4 2 10 (6144 -1795.782227 -320 ) (6144 -1803.701782 -320 ) (6144 -1803.701660 192 ) (6144 -1795.782349 192 ) 
4 2 3 (6218.015625 -1894.016846 -320 ) (6144 -1795.778076 -320 ) (6144 -1795.778076 192 ) (6218.015625 -1894.016846 192 ) 
4 3 10 (6144 -1723.984741 -320 ) (6144 -1795.782227 -320 ) (6144 -1795.782349 192 ) (6144 -1723.984863 192 ) 
4 3 4 (6328.025879 -2040.034180 -320 ) (6144 -1723.989258 -320 ) (6144 -1723.988281 192 ) (6328.030762 -2040.041260 192 ) 
4 4 18 (6554.930176 -2048 192 ) (6501.022461 -2048 192 ) (6501.022461 -2048 -320 ) (6554.930176 -2048 -320 ) 
4 4 16 (6438.500000 -2048 192 ) (6332.666992 -2048 192 ) (6332.666992 -2048 -320 ) (6438.500000 -2048 -320 ) 
4 4 17 (6501.022461 -2048 192 ) (6438.500000 -2048 192 ) (6438.500000 -2048 -320 ) (6501.022461 -2048 -320 ) 
4 4 12 (6144 -1543.135132 -320 ) (6144 -1592.302246 -320 ) (6144 -1592.302246 192 ) (6144 -1543.135254 192 ) 
4 4 10 (6144 -1667.146362 -320 ) (6144 -1723.984741 -320 ) (6144 -1723.984863 192 ) (6144 -1667.146362 192 ) 
4 4 11 (6144 -1592.302246 -320 ) (6144 -1667.146362 -320 ) (6144 -1667.146362 192 ) (6144 -1592.302246 192 ) 
4 5 59 (5120 -1247.955566 192 ) (5120 -1245.500000 192 ) (5120 -1245.500000 -320 ) (5120 -1247.955566 -320 ) 
4 5 6 (5146 -1252 -320 ) (5120 -1245.500000 -320 ) (5120 -1245.500000 192 ) (5146 -1252 192 ) 
4 6 59 (5120 -1245.500000 192 ) (5120 -1223.186035 192 ) (5120 -1223.186157 -320 ) (5120 -1245.500000 -320 ) 
4 6 12 (5322.013672 -1296.003418 -320 ) (5120 -1223.184570 -320 ) (5120 -1223.185547 192 ) (5322.006348 -1296.001587 192 ) 
4 7 10 (6144 -1803.703125 -320 ) (6096.007324 -1760.007935 -320 ) (6095.998047 -1759.998047 192 ) (6144 -1803.701172 192 ) 
4 8 9 (5816.004883 -1528.002808 -320 ) (5755.336914 -1482.294067 -320 ) (5755.336914 -1482.294067 192 ) (5816.004883 -1528.002808 192 ) 
4 8 11 (5755.339355 -1482.296753 -320 ) (5658.013672 -1436.007812 -320 ) (5658.017578 -1436.009888 192 ) (5755.341309 -1482.298218 192 ) 
4 9 10 (5961.995605 -1637.996338 -320 ) (5829.958984 -1517.783203 -320 ) (5829.958984 -1517.783203 192 ) (5962 -1638 192 ) 
4 9 11 (5829.965332 -1517.789429 -320 ) (5755.339355 -1482.296753 -320 ) (5755.341309 -1482.298218 192 ) (5829.965820 -1517.790283 192 ) 
4 10 11 (6144 -1667.147095 -320 ) (5829.965332 -1517.789429 -320 ) (5829.965820 -1517.790283 192 ) (6144 -1667.147949 192 ) 
4 11 12 (6144 -1592.300781 -320 ) (5493.986816 -1357.993774 -320 ) (5493.992188 -1357.996338 192 ) (6144 -1592.300781 192 ) 
4 12 59 (5120 -1223.186035 192 ) (5120 -1216 192 ) (5120 -1216 -320 ) (5120 -1223.186157 -320 ) 
4 12 56 (5120 -1216 192 ) (5120 -1054.399902 192 ) (5120 -1054.400024 -320 ) (5120 -1216 -320 ) 
4 13 19 (6660.311035 -3072 192 ) (6640 -3072 192 ) (6640 -3072 -320 ) (6660.311035 -3072 -320 ) 
4 13 18 (6660.309570 -3072 -320 ) (6632 -2890.013184 -320 ) (6632 -2890.005371 192 ) (6660.310547 -3072 192 ) 
4 14 15 (6538.054199 -2446.215332 192 ) (6538.054199 -2446.215332 -320 ) (6497.957520 -2361.910400 -320 ) (6497.957520 -2361.910400 192 ) 
4 14 17 (6560.018066 -2534.078125 -320 ) (6538.050781 -2446.208740 -320 ) (6538.050781 -2446.208984 192 ) (6560.018066 -2534.078125 192 ) 
4 15 16 (6518.122070 -2366.501953 192 ) (6518.122070 -2366.501953 -320 ) (6419.967285 -2197.931885 -320 ) (6419.966309 -2197.929199 192 ) 
4 15 17 (6538.050781 -2446.208740 -320 ) (6518.124023 -2366.502197 -320 ) (6518.124023 -2366.502441 192 ) (6538.050781 -2446.208984 192 ) 
4 16 17 (6518.124023 -2366.502197 -320 ) (6438.498535 -2048 -320 ) (6438.498535 -2048 192 ) (6518.124023 -2366.502441 192 ) 
4 17 18 (6603.996094 -2709.984131 -320 ) (6501.020508 -2048 -320 ) (6501.021484 -2048 192 ) (6603.998535 -2709.994873 192 ) 
4 18 19 (6832 -3072 192 ) (6660.311035 -3072 192 ) (6660.311035 -3072 -320 ) (6832 -3072 -320 ) 
4 19 20 (6832 -4096 -320 ) (6832 -4096 192 ) (6640 -4096 192 ) (6640 -4096 -320 ) 
4 20 301 (6832 -5120 -320 ) (6832 -5120 192 ) (6640 -5120 192 ) (6640 -5120 -320 ) 
4 21 27 (4096 0 256 ) (4096 0 2048 ) (4096 704 2048 ) (4096 704 256 ) 
4 21 22 (4800 0 256 ) (4800 0 2048 ) (4096 0 2048 ) (4096 0 256 ) 
4 22 54 (4096 -1024 2048 ) (4096 -1024 256 ) (4800 -1024 256 ) (4800 -1024 2048 ) 
4 22 30 (4096 -1024 256 ) (4096 -1024 2048 ) (4096 -320 2048 ) (4096 -320 256 ) 
4 22 29 (4096 -320 2048 ) (4096 0 2048 ) (4096 0 256 ) (4096 -320 256 ) 
4 22 23 (4096 -1024 256 ) (4096 -576 256 ) (4736 -576 256 ) (4736 -1024 256 ) 
4 23 55 (4736 -1024 256 ) (4096 -1024 256 ) (4096 -1024 192 ) (4736 -1024 192 ) 
4 23 34 (4096 -1024 192 ) (4096 -1024 256 ) (4096 -576 256 ) (4096 -576 192 ) 
4 23 26 (4736 -1024 192 ) (4096 -1024 192 ) (4096 -896 192 ) (4736 -896 192 ) 
4 23 24 (4096 -704 192 ) (4096 -576 192 ) (4736 -576 192 ) (4736 -704 192 ) 
4 23 25 (4096 -896 192 ) (4096 -704 192 ) (4736 -704 192 ) (4736 -896 192 ) 
4 24 34 (4096 -704 192 ) (4096 -576 192 ) (4096 -576 -320 ) (4096 -704 -320 ) 
5 24 25 (4096 -704 -320 ) (4608 -704 -320 ) (4736 -704 128 ) (4736 -704 192 ) (4096 -704 192 ) 
4 25 34 (4096 -896 192 ) (4096 -704 192 ) (4096 -704 -320 ) (4096 -896 -320 ) 
5 25 26 (4096 -896 -320 ) (4608 -896 -320 ) (4736 -896 128 ) (4736 -896 192 ) (4096 -896 192 ) 
5 26 56 (4736 -1024 192 ) (4096 -1024 192 ) (4096 -1024 -320 ) (4608 -1024 -320 ) (4736 -1024 128 ) 
4 26 34 (4096 -1024 -320 ) (4096 -1024 192 ) (4096 -896 192 ) (4096 -896 -320 ) 
4 27 29 (4096 0 256 ) (4096 0 2048 ) (3072 0 2048 ) (3072 0 256 ) 
4 27 28 (3072 0 256 ) (3072 0 2048 ) (3072 704 2048 ) (3072 704 256 ) 
4 28 43 (2048 0 256 ) (2048 0 2048 ) (2048 704 2048 ) (2048 704 256 ) 
4 28 37 (3072 0 256 ) (3072 0 2048 ) (2048 0 2048 ) (2048 0 256 ) 
4 29 37 (3072 0 2048 ) (3072 0 256 ) (3072 -320 256 ) (3072 -320 2048 ) 
4 29 30 (4096 -320 256 ) (4096 -320 2048 ) (3072 -320 2048 ) (3072 -320 256 ) 
4 30 61 (4096 -1024 256 ) (4096 -1024 2048 ) (3072 -1024 2048 ) (3072 -1024 256 ) 
4 30 37 (3072 -1024 256 ) (3072 -1024 2048 ) (3072 -320 2048 ) (3072 -320 256 ) 
4 30 34 (4096 -1024 256 ) (3840 -1024 256 ) (3840 -576 256 ) (4096 -576 256 ) 
4 30 36 (3584 -1024 256 ) (3072 -1024 256 ) (3072 -576 256 ) (3584 -576 256 ) 
4 30 33 (3328 -320 256 ) (3584 -320 256 ) (3584 -576 256 ) (3328 -576 256 ) 
4 30 31 (3840 -320 256 ) (4096 -320 256 ) (4096 -576 256 ) (3840 -576 256 ) 
4 31 34 (4096 -576 256 ) (3840 -576 256 ) (3840 -576 64 ) (3968 -576 64 ) 
4 31 32 (3840 -576 64 ) (3840 -576 128 ) (3840 -405.333344 128 ) (3840 -448 64 ) 
4 32 35 (3584 -576 128 ) (3584 -576 64 ) (3840 -576 64 ) (3840 -576 128 ) 
4 32 33 (3584 -576 64 ) (3584 -576 128 ) (3584 -405.333374 128 ) (3584 -448 64 ) 
4 33 36 (3584 -576 256 ) (3328 -576 256 ) (3456 -576 64 ) (3584 -576 64 ) 
4 34 68 (4096 -1024 -320 ) (4096 -1024 64 ) (3840 -1024 64 ) (3840 -1024 -320 ) 
4 34 62 (4096 -1024 64 ) (4096 -1024 256 ) (3840 -1024 256 ) (3840 -1024 64 ) 
4 34 35 (3840 -576 128 ) (3840 -576 -320 ) (3840 -1024 -320 ) (3840 -1024 128 ) 
4 35 68 (3584 -1024 64 ) (3584 -1024 -320 ) (3840 -1024 -320 ) (3840 -1024 64 ) 
4 35 64 (3584 -1024 128 ) (3584 -1024 64 ) (3840 -1024 64 ) (3840 -1024 128 ) 
4 35 36 (3584 -576 128 ) (3584 -576 -320 ) (3584 -1024 -320 ) (3584 -1024 128 ) 
4 36 68 (3072 -1024 64 ) (3072 -1024 -320 ) (3584 -1024 -320 ) (3584 -1024 64 ) 
4 36 65 (3584 -1024 256 ) (3072 -1024 256 ) (3072 -1024 64 ) (3584 -1024 64 ) 
4 36 42 (3072 -1024 -320 ) (3072 -1024 128 ) (3072 -576 128 ) (3072 -576 -320 ) 
4 36 38 (3072 -1024 128 ) (3072 -1024 256 ) (3072 -576 256 ) (3072 -576 128 ) 
4 37 69 (3072 -1024 256 ) (3072 -1024 2048 ) (2048 -1024 2048 ) (2048 -1024 256 ) 
4 37 45 (2048 -576 2048 ) (2048 -320 2048 ) (2048 -320 256 ) (2048 -576 256 ) 
4 37 47 (2048 -1024 256 ) (2048 -1024 2048 ) (2048 -576 2048 ) (2048 -576 256 ) 
4 37 44 (2048 -320 2048 ) (2048 0 2048 ) (2048 0 256 ) (2048 -320 256 ) 
4 37 41 (2112 -1024 256 ) (2048 -1024 256 ) (2048 -576 256 ) (2112 -640 256 ) 
4 37 40 (2432 -1024 256 ) (2176 -1024 256 ) (2176 -704 256 ) (2432 -704 256 ) 
4 37 39 (2816 -1024 256 ) (2560 -1024 256 ) (2560 -704 256 ) (2816 -704 256 ) 
5 37 38 (3072 -576 256 ) (3072 -1024 256 ) (2880 -1024 256 ) (2880 -640 256 ) (2944 -576 256 ) 
4 38 70 (3072 -1024 128 ) (3072 -1024 256 ) (2880 -1024 256 ) (2880 -1024 128 ) 
5 38 42 (3072 -576 128 ) (3072 -1024 128 ) (2880 -1024 128 ) (2880 -640 128 ) (2944 -576 128 ) 
4 39 71 (2816 -1024 256 ) (2560 -1024 256 ) (2560 -1024 128 ) (2816 -1024 128 ) 
4 39 42 (2816 -1024 128 ) (2560 -1024 128 ) (2560 -704 128 ) (2816 -704 128 ) 
4 40 72 (2432 -1024 256 ) (2176 -1024 256 ) (2176 -1024 128 ) (2432 -1024 128 ) 
4 40 42 (2432 -1024 128 ) (2176 -1024 128 ) (2176 -704 128 ) (2432 -704 128 ) 
4 41 73 (2112 -1024 256 ) (2048 -1024 256 ) (2048 -1024 128 ) (2112 -1024 128 ) 
4 41 47 (2048 -1024 128 ) (2048 -1024 256 ) (2048 -576 256 ) (2048 -576 128 ) 
4 41 42 (2112 -1024 128 ) (2048 -1024 128 ) (2048 -576 128 ) (2112 -640 128 ) 
4 42 74 (3072 -1024 -320 ) (3072 -1024 128 ) (2048 -1024 128 ) (2048 -1024 -320 ) 
4 42 47 (2048 -1024 -320 ) (2048 -1024 128 ) (2048 -576 128 ) (2048 -576 -320 ) 
4 43 48 (1024 0 256 ) (1024 0 2048 ) (1024 704 2048 ) (1024 704 256 ) 
4 43 44 (2048 0 256 ) (2048 0 2048 ) (1024 0 2048 ) (1024 0 256 ) 
4 44 50 (1024 -320 256 ) (1024 -320 2048 ) (1024 0 2048 ) (1024 0 256 ) 
4 44 45 (1024 -320 2048 ) (1024 -320 256 ) (2048 -320 256 ) (2048 -320 2048 ) 
4 45 51 (1024 -576 2048 ) (1024 -320 2048 ) (1024 -320 256 ) (1024 -576 256 ) 
4 45 46 (1536 -576 256 ) (1024 -576 256 ) (1024 -320 256 ) (1280 -320 256 ) 
4 45 47 (2048 -576 256 ) (2048 -576 2048 ) (1024 -576 2048 ) (1024 -576 256 ) 
4 46 51 (1024 -320 256 ) (1024 -320 -320 ) (1024 -576 -320 ) (1024 -576 256 ) 
4 46 47 (1024 -576 -320 ) (1536 -576 -320 ) (1536 -576 256 ) (1024 -576 256 ) 
4 47 77 (2048 -1024 -320 ) (2048 -1024 2048 ) (1024 -1024 2048 ) (1024 -1024 -320 ) 
4 47 51 (1024 -1024 -320 ) (1024 -1024 2048 ) (1024 -576 2048 ) (1024 -576 -320 ) 
4 48 50 (1024 0 256 ) (1024 0 2048 ) (0 0 2048 ) (0 0 256 ) 
4 48 49 (0 0 256 ) (0 0 2048 ) (0 704 2048 ) (0 704 256 ) 
4 49 394 (-1024 0 256 ) (-1024 0 2048 ) (-1024 704 2048 ) (-1024 704 256 ) 
4 49 52 (0 0 256 ) (0 0 2048 ) (-1024 0 2048 ) (-1024 0 256 ) 
4 50 52 (0 0 2048 ) (0 0 256 ) (0 -320 256 ) (0 -320 2048 ) 
4 50 51 (1024 -320 256 ) (1024 -320 2048 ) (0 -320 2048 ) (0 -320 256 ) 
4 51 82 (1024 -1024 -320 ) (1024 -1024 2048 ) (0 -1024 2048 ) (0 -1024 -320 ) 
4 51 53 (0 -1024 -320 ) (0 -1024 2048 ) (0 -320 2048 ) (0 -320 -320 ) 
4 52 395 (-1024 -320 256 ) (-1024 -320 2048 ) (-1024 0 2048 ) (-1024 0 256 ) 
4 52 53 (0 -320 256 ) (0 -320 2048 ) (-1024 -320 2048 ) (-1024 -320 256 ) 
4 53 396 (-1024 -1024 -320 ) (-1024 -1024 2048 ) (-1024 -320 2048 ) (-1024 -320 -320 ) 
4 53 86 (-512 -1024 2048 ) (-1024 -1024 2048 ) (-1024 -1024 -320 ) (-512 -1024 -320 ) 
4 53 85 (0 -1024 -320 ) (0 -1024 2048 ) (-512 -1024 2048 ) (-512 -1024 -320 ) 
4 54 67 (4096 -1600 256 ) (4096 -2048 256 ) (4096 -2048 2048 ) (4096 -1600 2048 ) 
4 54 61 (4096 -1024 2048 ) (4096 -1024 256 ) (4096 -1600 256 ) (4096 -1600 2048 ) 
4 54 60 (4800 -2048 2048 ) (4096 -2048 2048 ) (4096 -2048 256 ) (4800 -2048 256 ) 
4 54 55 (4096 -1344 256 ) (4096 -1024 256 ) (4736 -1024 256 ) (4736 -1344 256 ) 
4 55 62 (4096 -1024 256 ) (4096 -1024 192 ) (4096 -1344 192 ) (4096 -1344 256 ) 
4 55 57 (4096 -1344 192 ) (4096 -1216 192 ) (4736 -1216 192 ) (4736 -1344 192 ) 
4 55 56 (4096 -1216 192 ) (4096 -1024 192 ) (4736 -1024 192 ) (4736 -1216 192 ) 
4 56 68 (4096 -1024 64 ) (4096 -1024 -320 ) (4096 -1216 -320 ) (4096 -1216 64 ) 
4 56 62 (4096 -1024 192 ) (4096 -1024 64 ) (4096 -1216 64 ) (4096 -1216 192 ) 
4 56 58 (4784 -1216 -320 ) (4914.571289 -1216 -320 ) (4914.571777 -1216 192 ) (4784 -1216 192 ) 
4 56 59 (4914.571289 -1216 -320 ) (5120 -1216 -320 ) (5120 -1216 192 ) (4914.571777 -1216 192 ) 
5 56 57 (4096 -1216 -320 ) (4608 -1216 -320 ) (4736 -1216 128 ) (4736 -1216 192 ) (4096 -1216 192 ) 
4 57 68 (4096 -1216 -320 ) (4096 -1344 -320 ) (4096 -1344 64 ) (4096 -1216 64 ) 
4 57 62 (4096 -1344 64 ) (4096 -1344 192 ) (4096 -1216 192 ) (4096 -1216 64 ) 
4 58 59 (4914.574707 -1216 -320 ) (4914.574707 -1216 192 ) (4966.004395 -1224 192 ) (4966.004395 -1224 -320 ) 
4 60 75 (4096 -2112 256 ) (4096 -2112 2048 ) (4096 -2048 2048 ) (4096 -2048 256 ) 
4 61 69 (3072 -1024 2048 ) (3072 -1024 256 ) (3072 -1600 256 ) (3072 -1600 2048 ) 
4 61 67 (3072 -1600 2048 ) (3072 -1600 256 ) (4096 -1600 256 ) (4096 -1600 2048 ) 
4 61 66 (3584 -1600 256 ) (3328 -1600 256 ) (3328 -1344 256 ) (3584 -1344 256 ) 
4 61 65 (3072 -1344 256 ) (3072 -1024 256 ) (3584 -1024 256 ) (3584 -1344 256 ) 
4 61 63 (4096 -1600 256 ) (3840 -1600 256 ) (3840 -1344 256 ) (4096 -1344 256 ) 
4 61 62 (3840 -1344 256 ) (3840 -1024 256 ) (4096 -1024 256 ) (4096 -1344 256 ) 
4 62 68 (3840 -1024 64 ) (4096 -1024 64 ) (4096 -1344 64 ) (3840 -1344 64 ) 
4 62 64 (3840 -1024 64 ) (3840 -1344 64 ) (3840 -1344 128 ) (3840 -1024 128 ) 
4 62 63 (3840 -1344 256 ) (3840 -1344 64 ) (3968 -1344 64 ) (4096 -1344 256 ) 
4 63 64 (3840 -1344 64 ) (3840 -1472 64 ) (3840 -1514.666626 128 ) (3840 -1344 128 ) 
4 64 68 (3584 -1024 64 ) (3840 -1024 64 ) (3840 -1344 64 ) (3584 -1344 64 ) 
4 64 66 (3584 -1344 64 ) (3584 -1472 64 ) (3584 -1514.666626 128 ) (3584 -1344 128 ) 
4 64 65 (3584 -1024 64 ) (3584 -1344 64 ) (3584 -1344 128 ) (3584 -1024 128 ) 
4 65 74 (3072 -1024 128 ) (3072 -1024 64 ) (3072 -1344 64 ) (3072 -1344 128 ) 
4 65 70 (3072 -1024 256 ) (3072 -1024 128 ) (3072 -1344 128 ) (3072 -1344 256 ) 
4 65 68 (3072 -1344 64 ) (3072 -1024 64 ) (3584 -1024 64 ) (3584 -1344 64 ) 
4 65 66 (3456 -1344 64 ) (3584 -1344 64 ) (3584 -1344 256 ) (3328 -1344 256 ) 
4 67 75 (4096 -2048 256 ) (4096 -2048 2048 ) (3072 -2048 2048 ) (3072 -2048 256 ) 
4 67 69 (3072 -2048 256 ) (3072 -2048 2048 ) (3072 -1600 2048 ) (3072 -1600 256 ) 
4 68 74 (3072 -1024 64 ) (3072 -1024 -320 ) (3072 -1344 -320 ) (3072 -1344 64 ) 
4 69 80 (2048 -1600 256 ) (2048 -2048 256 ) (2048 -2048 2048 ) (2048 -1600 2048 ) 
4 69 79 (2048 -1344 256 ) (2048 -1600 256 ) (2048 -1600 2048 ) (2048 -1344 2048 ) 
4 69 77 (2048 -1024 2048 ) (2048 -1024 256 ) (2048 -1344 256 ) (2048 -1344 2048 ) 
4 69 76 (3072 -2048 256 ) (3072 -2048 2048 ) (2048 -2048 2048 ) (2048 -2048 256 ) 
4 69 73 (2048 -1024 256 ) (2112 -1024 256 ) (2112 -1280 256 ) (2048 -1344 256 ) 
4 69 72 (2176 -1024 256 ) (2432 -1024 256 ) (2432 -1216 256 ) (2176 -1216 256 ) 
4 69 71 (2560 -1024 256 ) (2816 -1024 256 ) (2816 -1216 256 ) (2560 -1216 256 ) 
5 69 70 (2880 -1024 256 ) (3072 -1024 256 ) (3072 -1344 256 ) (2944 -1344 256 ) (2880 -1280 256 ) 
5 70 74 (2880 -1024 128 ) (3072 -1024 128 ) (3072 -1344 128 ) (2944 -1344 128 ) (2880 -1280 128 ) 
4 71 74 (2560 -1024 128 ) (2816 -1024 128 ) (2816 -1216 128 ) (2560 -1216 128 ) 
4 72 74 (2176 -1024 128 ) (2432 -1024 128 ) (2432 -1216 128 ) (2176 -1216 128 ) 
4 73 77 (2048 -1024 256 ) (2048 -1024 128 ) (2048 -1344 128 ) (2048 -1344 256 ) 
4 73 74 (2048 -1344 128 ) (2048 -1024 128 ) (2112 -1024 128 ) (2112 -1280 128 ) 
4 74 77 (2048 -1024 128 ) (2048 -1024 -320 ) (2048 -1344 -320 ) (2048 -1344 128 ) 
4 75 76 (3072 -2048 2048 ) (3072 -2048 256 ) (3072 -2112 256 ) (3072 -2112 2048 ) 
4 76 81 (2048 -2112 256 ) (2048 -2112 2048 ) (2048 -2048 2048 ) (2048 -2048 256 ) 
4 77 82 (1024 -1024 2048 ) (1024 -1024 -320 ) (1024 -1344 -320 ) (1024 -1344 2048 ) 
4 77 79 (2048 -1344 256 ) (2048 -1344 2048 ) (1536 -1344 2048 ) (1536 -1344 256 ) 
4 77 78 (1024 -1344 2048 ) (1024 -1344 -320 ) (1536 -1344 -320 ) (1536 -1344 2048 ) 
4 78 82 (1024 -1344 -320 ) (1024 -1600 -320 ) (1024 -1600 2048 ) (1024 -1344 2048 ) 
4 78 80 (1024 -1600 2048 ) (1024 -1600 256 ) (1280 -1600 256 ) (1280 -1600 2048 ) 
4 78 79 (1536 -1344 256 ) (1536 -1344 2048 ) (1280 -1600 2048 ) (1280 -1600 256 ) 
4 79 80 (2048 -1600 256 ) (2048 -1600 2048 ) (1280 -1600 2048 ) (1280 -1600 256 ) 
4 80 83 (1024 -2048 256 ) (1024 -2048 2048 ) (1024 -1600 2048 ) (1024 -1600 256 ) 
4 80 81 (2048 -2048 256 ) (2048 -2048 2048 ) (1024 -2048 2048 ) (1024 -2048 256 ) 
4 81 88 (1024 -2112 256 ) (1024 -2112 2048 ) (1024 -2048 2048 ) (1024 -2048 256 ) 
4 82 85 (0 -1024 2048 ) (0 -1024 -320 ) (0 -1600 -320 ) (0 -1600 2048 ) 
4 82 84 (512 -1600 2048 ) (0 -1600 2048 ) (0 -1600 -320 ) (512 -1600 -320 ) 
4 82 83 (1024 -1600 256 ) (1024 -1600 2048 ) (512 -1600 2048 ) (512 -1600 256 ) 
4 83 88 (1024 -2048 256 ) (1024 -2048 2048 ) (512 -2048 2048 ) (512 -2048 256 ) 
4 83 84 (512 -1600 2048 ) (512 -1600 256 ) (512 -2048 256 ) (512 -2048 2048 ) 
4 84 89 (0 -2048 2048 ) (0 -2048 192 ) (512 -2048 192 ) (512 -2048 2048 ) 
4 84 85 (0 -2048 -320 ) (0 -2048 2048 ) (0 -1600 2048 ) (0 -1600 -320 ) 
4 85 90 (0 -2048 192 ) (0 -2048 2048 ) (-512 -2048 2048 ) (-512 -2048 192 ) 
4 85 87 (-512 -2048 192 ) (-512 -2048 2048 ) (-512 -1408 2048 ) (-512 -1408 192 ) 
4 85 86 (-512 -1024 -320 ) (-512 -1408 -320 ) (-512 -1408 2048 ) (-512 -1024 2048 ) 
4 86 444 (-1024 -1024 192 ) (-1024 -1024 -320 ) (-1024 -1408 -320 ) (-1024 -1408 192 ) 
4 86 443 (-1024 -1408 2048 ) (-1024 -1024 2048 ) (-1024 -1024 192 ) (-1024 -1408 192 ) 
4 86 87 (-512 -1408 192 ) (-512 -1408 2048 ) (-1024 -1408 2048 ) (-1024 -1408 192 ) 
4 87 443 (-1024 -2048 192 ) (-1024 -2048 2048 ) (-1024 -1408 2048 ) (-1024 -1408 192 ) 
4 87 91 (-512 -2048 2048 ) (-1024 -2048 2048 ) (-1024 -2048 192 ) (-512 -2048 192 ) 
4 88 89 (512 -2048 2048 ) (512 -2048 256 ) (512 -2112 256 ) (512 -2112 2048 ) 
4 89 90 (0 -2048 2048 ) (0 -2048 192 ) (0 -2112 192 ) (0 -2112 2048 ) 
4 90 91 (-512 -2112 192 ) (-512 -2112 2048 ) (-512 -2048 2048 ) (-512 -2048 192 ) 
4 91 447 (-1024 -2112 192 ) (-1024 -2112 2048 ) (-1024 -2048 2048 ) (-1024 -2048 192 ) 
4 92 132 (9712 -6144 384 ) (9256 -6144 384 ) (9256 -6144 192 ) (9712 -6144 192 ) 
4 92 93 (9696 -6144 192 ) (9264 -6144 192 ) (9264 -5936 192 ) (9696 -5936 192 ) 
4 93 137 (9494.682617 -6144 128 ) (9696 -6144 128 ) (9696 -6144 137.111633 ) (9494.770508 -6144 169.163818 ) 
5 93 135 (9351.401367 -6144 192 ) (9264 -6144 192 ) (9264 -6144 128 ) (9494.682617 -6144 128 ) (9494.770508 -6144 169.163818 ) 
3 93 133 (9696 -6144 192 ) (9351.401367 -6144 192 ) (9696 -6144 137.111633 ) 
4 93 98 (9696 -6144 128 ) (9264 -6144 128 ) (9264 -5936 128 ) (9696 -5936 128 ) 
4 94 129 (10032 -6144 128 ) (9856 -6144 128 ) (9856 -6144 -64 ) (10032 -6144 -64 ) 
4 94 95 (9856 -6048 128 ) (9856 -6048 -64 ) (9856 -6064 -64 ) (9856 -6064 128 ) 
4 94 96 (9856 -6064 -64 ) (9856 -6144 -64 ) (9856 -6144 128 ) (9856 -6064 128 ) 
4 95 96 (9728 -6064 128 ) (9728 -6064 -64 ) (9856 -6064 -64 ) (9856 -6064 128 ) 
4 96 130 (9856 -6144 128 ) (9728 -6144 128 ) (9728 -6144 -192 ) (9856 -6144 -192 ) 
4 96 97 (9728 -6064 -192 ) (9728 -6144 -192 ) (9728 -6144 -80 ) (9728 -6064 -80 ) 
4 97 131 (9712 -6144 -80 ) (9712 -6144 -192 ) (9728 -6144 -192 ) (9728 -6144 -80 ) 
4 97 98 (9712 -6060 -192 ) (9712 -6144 -192 ) (9712 -6144 -80 ) (9712 -6060 -80 ) 
4 98 174 (9256 -6144 -128 ) (9256 -6144 -192 ) (9552 -6144 -192 ) (9552 -6144 -128 ) 
4 98 166 (9552 -6144 -192 ) (9712 -6144 -192 ) (9712 -6144 -128 ) (9552 -6144 -128 ) 
4 98 151 (9256 -6144 0 ) (9256 -6144 -128 ) (9712 -6144 -128 ) (9712 -6144 0 ) 
4 98 144 (9264 -6144 128 ) (9256 -6144 128 ) (9256 -6144 0 ) (9264 -6144 0 ) 
4 98 142 (9712 -6144 128 ) (9494.682617 -6144 128 ) (9494.406250 -6144 0 ) (9712 -6144 0 ) 
4 98 140 (9494.682617 -6144 128 ) (9264 -6144 128 ) (9264 -6144 0 ) (9494.406250 -6144 0 ) 
4 98 99 (9256 -5920 128 ) (9256 -5920 -152 ) (9256 -6144 -152 ) (9256 -6144 128 ) 
4 98 100 (9256 -5920 -156 ) (9256 -5920 -192 ) (9256 -6144 -192 ) (9256 -6144 -156 ) 
4 99 175 (9232 -6144 -128 ) (9232 -6144 -152 ) (9256 -6144 -152 ) (9256 -6144 -128 ) 
4 99 151 (9232 -6144 0 ) (9232 -6144 -128 ) (9256 -6144 -128 ) (9256 -6144 0 ) 
4 99 144 (9256 -6144 128 ) (9232 -6144 128 ) (9232 -6144 0 ) (9256 -6144 0 ) 
4 99 101 (9232 -5920 128 ) (9232 -5920 -152 ) (9232 -6144 -152 ) (9232 -6144 128 ) 
4 100 176 (9232 -6144 -156 ) (9232 -6144 -192 ) (9256 -6144 -192 ) (9256 -6144 -156 ) 
4 100 101 (9232 -5920 -156 ) (9232 -5920 -192 ) (9232 -6144 -192 ) (9232 -6144 -156 ) 
4 101 178 (9216 -6144 -128 ) (9216 -6144 -192 ) (9232 -6144 -192 ) (9232 -6144 -128 ) 
4 101 151 (9216 -6144 0 ) (9216 -6144 -128 ) (9232 -6144 -128 ) (9232 -6144 0 ) 
4 101 144 (9232 -6144 128 ) (9216 -6144 128 ) (9216 -6144 0 ) (9232 -6144 0 ) 
4 101 107 (9216 -6144 -192 ) (9216 -6144 -64 ) (9216 -5920 -64 ) (9216 -5920 -192 ) 
4 101 106 (9216 -6144 -64 ) (9216 -6144 128 ) (9216 -5920 128 ) (9216 -5920 -64 ) 
8 102 262 (8192 -5600 -192 ) (8192 -5728 -192 ) (8192 -5728 -128 ) (8192 -5712 -96 ) (8192 -5680 -64 ) (8192 -5648.008301 -64 ) (8192 -5615.992676 -96.015465 ) (8192 -5600 -128 ) 
4 102 112 (8192 -5728 -192 ) (8192 -5600 -192 ) (9072 -5600 -192 ) (9072 -5728 -192 ) 
4 102 105 (8944 -5728 -192 ) (9072 -5728 -192 ) (9072 -5728 -128 ) (8944 -5728 -128 ) 
4 102 104 (8944 -5728 -128.001678 ) (9072 -5728 -128.001678 ) (9072 -5711.998535 -95.998421 ) (8944 -5711.998535 -95.998375 ) 
4 102 103 (8944 -5711.997559 -95.997780 ) (9072 -5711.997559 -95.997780 ) (9072 -5680 -64 ) (8944 -5680 -64 ) 
4 103 104 (9072 -5711.998535 -95.998421 ) (9072 -5696 -64 ) (8944 -5696 -64 ) (8944 -5711.998535 -95.998375 ) 
4 104 105 (9072 -5728 -128 ) (9072 -5728 -64 ) (8944 -5728 -64 ) (8944 -5728 -128 ) 
4 105 118 (9072 -5736 -192 ) (9072 -5920 -192 ) (8944 -5920 -192 ) (8944 -5736 -192 ) 
4 105 113 (8944 -5728 -192 ) (9072 -5728 -192 ) (9072 -5736 -192 ) (8944 -5736 -192 ) 
4 105 109 (8948 -5920 -192 ) (9068 -5920 -192 ) (9068 -5920 -68 ) (8948 -5920 -68 ) 
4 106 193 (9216 -6144 -64 ) (9216 -6144 0 ) (9072 -6144 0 ) (9072 -6144 -64 ) 
4 106 181 (9216 -6144 0 ) (9216 -6144 128 ) (9072 -6144 128 ) (9072 -6144 0 ) 
4 106 107 (9072 -5920 -64 ) (9216 -5920 -64 ) (9216 -6144 -64 ) (9072 -6144 -64 ) 
4 107 212 (9216 -6144 -192 ) (9216 -6144 -128 ) (9072 -6144 -128 ) (9072 -6144 -192 ) 
4 107 193 (9216 -6144 -128 ) (9216 -6144 -64 ) (9072 -6144 -64 ) (9072 -6144 -128 ) 
4 107 108 (9072 -6144 -64 ) (9072 -5928 -64 ) (9072 -5928 -192 ) (9072 -6144 -192 ) 
4 108 212 (9068 -6144 -128 ) (9068 -6144 -192 ) (9072 -6144 -192 ) (9072 -6144 -128 ) 
4 108 196 (9072 -6144 -64 ) (9068 -6144 -64 ) (9068 -6144 -128 ) (9072 -6144 -128 ) 
4 108 110 (9068 -6144 -64 ) (9068 -5928 -64 ) (9068 -5928 -192 ) (9068 -6144 -192 ) 
4 109 110 (8948 -5928 -68 ) (8948 -5928 -192 ) (9068 -5928 -192 ) (9068 -5928 -68 ) 
4 110 212 (8948 -6144 -128 ) (8948 -6144 -192 ) (9068 -6144 -192 ) (9068 -6144 -128 ) 
4 110 196 (9068 -6144 -64 ) (8948 -6144 -64 ) (8948 -6144 -128 ) (9068 -6144 -128 ) 
4 110 111 (8948 -6144 -64 ) (8948 -5928 -64 ) (8948 -5928 -192 ) (8948 -6144 -192 ) 
4 111 212 (8944 -6144 -128 ) (8944 -6144 -192 ) (8948 -6144 -192 ) (8948 -6144 -128 ) 
4 111 196 (8948 -6144 -64 ) (8944 -6144 -64 ) (8944 -6144 -128 ) (8948 -6144 -128 ) 
4 112 289 (8192 -5600 -320 ) (8192 -5728 -320 ) (8192 -5728 -192 ) (8192 -5600 -192 ) 
4 112 116 (8296 -5600 -320 ) (8432 -5600 -320 ) (8432 -5728 -320 ) (8296 -5728 -320 ) 
4 112 117 (8192 -5728 -320 ) (8192 -5600 -320 ) (8296 -5600 -320 ) (8296 -5728 -320 ) 
4 112 115 (8192 -5728 -320 ) (8296 -5728 -320 ) (8296 -5728 -272 ) (8192 -5728 -272 ) 
4 112 114 (8944 -5728 -320 ) (9072 -5728 -320 ) (9072 -5728 -272 ) (8944 -5728 -272 ) 
4 112 113 (9072 -5728 -272 ) (9072 -5728 -192 ) (8944 -5728 -192 ) (8944 -5728 -272 ) 
4 113 118 (9072 -5736 -272 ) (9072 -5736 -192 ) (8944 -5736 -192 ) (8944 -5736 -272 ) 
4 113 114 (9072 -5736 -272 ) (8944 -5736 -272 ) (8944 -5728 -272 ) (9072 -5728 -272 ) 
4 114 118 (9072 -5736 -320 ) (9072 -5736 -272 ) (8944 -5736 -272 ) (8944 -5736 -320 ) 
4 115 290 (8192 -5728 -320 ) (8192 -5736 -320 ) (8192 -5736 -272 ) (8192 -5728 -272 ) 
4 115 126 (8232 -5736 -272 ) (8192 -5736 -272 ) (8192 -5736 -320 ) (8232 -5736 -320 ) 
4 115 124 (8240 -5736 -272 ) (8232 -5736 -272 ) (8232 -5736 -320 ) (8240 -5736 -320 ) 
4 115 122 (8296 -5736 -272 ) (8240 -5736 -272 ) (8240 -5736 -320 ) (8296 -5736 -320 ) 
4 115 117 (8296 -5736 -320 ) (8192 -5736 -320 ) (8192 -5728 -320 ) (8296 -5728 -320 ) 
4 116 117 (8296 -5600 -320 ) (8296 -5600 -384 ) (8296 -5728 -384 ) (8296 -5728 -320 ) 
4 117 290 (8192 -5728 -384 ) (8192 -5736 -384 ) (8192 -5736 -320 ) (8192 -5728 -320 ) 
4 117 289 (8192 -5600 -384 ) (8192 -5728 -384 ) (8192 -5728 -320 ) (8192 -5600 -320 ) 
4 117 126 (8192 -5736 -384 ) (8232 -5736 -384 ) (8232 -5736 -320 ) (8192 -5736 -320 ) 
4 117 124 (8232 -5736 -384 ) (8240 -5736 -384 ) (8240 -5736 -320 ) (8232 -5736 -320 ) 
4 117 122 (8240 -5736 -384 ) (8296 -5736 -384 ) (8296 -5736 -320 ) (8240 -5736 -320 ) 
4 119 225 (8368 -6144 -256 ) (8368 -6144 -384 ) (8424 -6144 -384 ) (8424 -6144 -256 ) 
4 119 122 (8368 -5736 -256 ) (8368 -5736 -384 ) (8368 -6144 -384 ) (8368 -6144 -256 ) 
4 120 222 (8368 -6144 -192 ) (8240 -6144 -192 ) (8240 -6144 -240 ) (8368 -6144 -240 ) 
4 120 121 (8240 -6144 -240 ) (8240 -5736 -240 ) (8368 -5736 -240 ) (8368 -6144 -240 ) 
4 121 223 (8240 -6144 -240 ) (8240 -6144 -248 ) (8368 -6144 -248 ) (8368 -6144 -240 ) 
4 121 122 (8240 -6144 -248 ) (8240 -5736 -248 ) (8368 -5736 -248 ) (8368 -6144 -248 ) 
4 122 225 (8240 -6144 -256 ) (8240 -6144 -384 ) (8368 -6144 -384 ) (8368 -6144 -256 ) 
4 122 224 (8240 -6144 -248 ) (8240 -6144 -256 ) (8368 -6144 -256 ) (8368 -6144 -248 ) 
4 122 124 (8240 -5736 -272 ) (8240 -5736 -384 ) (8240 -5920 -384 ) (8240 -5920 -272 ) 
4 122 125 (8240 -5988 -384 ) (8240 -6044 -384 ) (8240 -6044 -272 ) (8240 -5988 -272 ) 
4 122 123 (8240 -5736 -256 ) (8240 -5736 -272 ) (8240 -5920 -272 ) (8240 -5920 -256 ) 
4 123 126 (8232 -5736 -256 ) (8232 -5736 -272 ) (8232 -5920 -272 ) (8232 -5920 -256 ) 
4 123 124 (8232 -5920 -272 ) (8232 -5736 -272 ) (8240 -5736 -272 ) (8240 -5920 -272 ) 
4 124 126 (8232 -5736 -272 ) (8232 -5736 -384 ) (8232 -5920 -384 ) (8232 -5920 -272 ) 
4 125 127 (8232 -5988 -384 ) (8232 -6044 -384 ) (8232 -6044 -272 ) (8232 -5988 -272 ) 
4 126 291 (8192 -5736 -384 ) (8192 -5920 -384 ) (8192 -5920 -256 ) (8192 -5736 -256 ) 
4 127 292 (8192 -5928 -384 ) (8192 -6112 -384 ) (8192 -6112 -256 ) (8192 -5928 -256 ) 
4 128 293 (8192 -6120 -384 ) (8192 -6144 -384 ) (8192 -6144 -256 ) (8192 -6120 -256 ) 
4 128 230 (8192 -6144 -256 ) (8192 -6144 -384 ) (8232 -6144 -384 ) (8232 -6144 -256 ) 
4 129 130 (9856 -6656 -64 ) (9856 -6656 128 ) (9856 -6144 128 ) (9856 -6144 -64 ) 
4 130 131 (9728 -6144 -80 ) (9728 -6144 -192 ) (9728 -6164 -192 ) (9728 -6164 -80 ) 
4 131 166 (9712 -6144 -128 ) (9712 -6144 -192 ) (9712 -6164 -192 ) (9712 -6164 -128 ) 
4 131 152 (9712 -6160 -128 ) (9712 -6164 -128 ) (9712 -6164 -80 ) (9712 -6160 -80 ) 
4 131 151 (9712 -6144 -80 ) (9712 -6144 -128 ) (9712 -6160 -128 ) (9712 -6160 -80 ) 
4 132 136 (9387.683594 -6206.822266 192 ) (9434.567383 -6288 192 ) (9264 -6288 192 ) (9264 -6279.347656 192 ) 
4 132 135 (9264 -6144 192 ) (9351.401367 -6144 192 ) (9387.683594 -6206.822266 192 ) (9264 -6279.347656 192 ) 
4 132 133 (9351.401367 -6144 192 ) (9696 -6144 192 ) (9696 -6288 192 ) (9434.567383 -6288 192 ) 
4 133 138 (9544.850586 -6239.899414 170.008820 ) (9541.440430 -6241.799805 170.726868 ) (9487.439453 -6148.299805 170.726807 ) (9490.807617 -6146.324219 170.008575 ) 
5 133 137 (9696 -6144 137.111526 ) (9696 -6155.663574 138.184509 ) (9544.850586 -6239.899414 170.008820 ) (9490.807617 -6146.324219 170.008575 ) (9494.769531 -6144 169.163773 ) 
5 133 136 (9541.440430 -6241.799805 170.726868 ) (9458.540039 -6288 188.181335 ) (9434.565430 -6288 192 ) (9387.682617 -6206.822754 192 ) (9487.439453 -6148.299805 170.726807 ) 
3 133 135 (9387.682617 -6206.822754 192 ) (9351.399414 -6144 192 ) (9494.769531 -6144 169.163773 ) 
3 133 134 (9696 -6155.663574 138.184509 ) (9696 -6288 150.358398 ) (9458.540039 -6288 188.181335 ) 
3 134 139 (9696 -6155.691406 128 ) (9696 -6288 128 ) (9458.836914 -6288 128 ) 
4 134 138 (9541.440430 -6241.799805 170.730667 ) (9544.851562 -6239.898926 170.012527 ) (9538.108398 -6243.777344 128 ) (9534.572266 -6245.750000 128 ) 
4 134 137 (9544.851562 -6239.898926 170.012527 ) (9696 -6155.664062 138.188477 ) (9696 -6155.692383 128 ) (9538.108398 -6243.777344 128 ) 
4 134 136 (9458.541016 -6288 188.185104 ) (9541.440430 -6241.799805 170.730667 ) (9534.572266 -6245.750000 128 ) (9458.838867 -6288 128 ) 
3 135 140 (9264 -6144 128 ) (9494.682617 -6144 128 ) (9264 -6279.267090 128 ) 
4 135 138 (9490.809570 -6146.324707 170.013687 ) (9487.441406 -6148.300293 170.731903 ) (9480.582031 -6152.268555 128 ) (9484.075195 -6150.220215 128 ) 
4 135 137 (9494.771484 -6144 169.168701 ) (9490.809570 -6146.324707 170.013687 ) (9484.075195 -6150.220215 128 ) (9494.683594 -6144 128 ) 
5 135 136 (9487.441406 -6148.300293 170.731903 ) (9387.707031 -6206.809082 192 ) (9264 -6279.349121 192 ) (9264 -6279.268555 128 ) (9480.582031 -6152.268555 128 ) 
5 136 141 (9534.571289 -6245.749023 128 ) (9458.836914 -6288 128 ) (9264 -6288 128 ) (9264 -6279.267090 128 ) (9480.582031 -6152.268555 128 ) 
4 136 138 (9541.440430 -6241.799805 170.726562 ) (9534.572266 -6245.749512 128 ) (9480.583984 -6152.270508 128 ) (9487.442383 -6148.302734 170.726562 ) 
5 137 142 (9494.682617 -6144 128 ) (9696 -6144 128 ) (9696 -6155.691406 128 ) (9538.107422 -6243.776367 128 ) (9484.075195 -6150.220215 128 ) 
4 137 138 (9538.107422 -6243.776367 128 ) (9544.848633 -6239.899414 170 ) (9490.808594 -6146.326660 170.008789 ) (9484.076172 -6150.221680 128 ) 
4 138 143 (9538.107422 -6243.776367 128 ) (9534.571289 -6245.749023 128 ) (9480.582031 -6152.268555 128 ) (9484.075195 -6150.220215 128 ) 
5 139 153 (9712 -6160 0 ) (9712 -6304 0 ) (9474.806641 -6304 0 ) (9464.081055 -6285.427734 0 ) (9688.910156 -6160 0 ) 
3 139 152 (9474.806641 -6304 0 ) (9430.790039 -6304 0 ) (9464.081055 -6285.427734 0 ) 
3 139 151 (9712 -6147.118652 0 ) (9712 -6160 0 ) (9688.910156 -6160 0 ) 
4 139 145 (9552 -6304 0 ) (9712 -6304 0 ) (9712 -6304 128 ) (9552 -6304 128 ) 
4 139 143 (9517.561523 -6255.589355 0 ) (9513.993164 -6257.580078 0 ) (9534.570312 -6245.747070 128 ) (9538.106445 -6243.774414 128 ) 
4 139 142 (9712 -6147.117188 0 ) (9517.561523 -6255.589355 0 ) (9538.106445 -6243.774414 128 ) (9712 -6146.762695 128 ) 
4 139 141 (9513.993164 -6257.580078 0 ) (9430.785156 -6304 0 ) (9430.151367 -6304 128 ) (9534.570312 -6245.747070 128 ) 
3 140 154 (9467.120117 -6160 0 ) (9410.736328 -6193.062500 0 ) (9391.640625 -6160 0 ) 
4 140 152 (9410.736328 -6193.062500 0 ) (9264 -6279.105957 0 ) (9264 -6160 0 ) (9391.640625 -6160 0 ) 
4 140 151 (9264 -6144 0 ) (9494.406250 -6144 0 ) (9467.120117 -6160 0 ) (9264 -6160 0 ) 
4 140 144 (9264 -6144 0 ) (9264 -6160 0 ) (9264 -6160 128 ) (9264 -6144 128 ) 
4 140 143 (9460.036133 -6164.153809 0 ) (9463.559570 -6162.087402 0 ) (9484.074219 -6150.220215 128 ) (9480.582031 -6152.268066 128 ) 
4 140 142 (9463.559570 -6162.087402 0 ) (9494.405273 -6144 0 ) (9494.681641 -6144 128 ) (9484.074219 -6150.220215 128 ) 
4 140 141 (9264 -6279.267090 128 ) (9264 -6279.105469 0 ) (9460.036133 -6164.153809 0 ) (9480.582031 -6152.268066 128 ) 
4 141 155 (9513.994141 -6257.582031 0 ) (9464.081055 -6285.427734 0 ) (9410.736328 -6193.062988 0 ) (9460.036133 -6164.154297 0 ) 
5 141 152 (9464.081055 -6285.427734 0 ) (9430.790039 -6304 0 ) (9264 -6304 0 ) (9264 -6279.105957 0 ) (9410.736328 -6193.062988 0 ) 
4 141 143 (9534.572266 -6245.750000 128 ) (9513.995117 -6257.582520 0 ) (9460.038086 -6164.156738 0 ) (9480.583984 -6152.270508 128 ) 
4 142 156 (9688.910156 -6160 0 ) (9517.562500 -6255.591309 0 ) (9463.559570 -6162.087891 0 ) (9467.120117 -6160 0 ) 
5 142 151 (9494.406250 -6144 0 ) (9712 -6144 0 ) (9712 -6147.118652 0 ) (9688.910156 -6160 0 ) (9467.120117 -6160 0 ) 
4 142 143 (9517.561523 -6255.591797 0 ) (9538.107422 -6243.776367 128 ) (9484.075195 -6150.221680 128 ) (9463.560547 -6162.089844 0 ) 
4 143 157 (9517.562500 -6255.591309 0 ) (9513.994141 -6257.582031 0 ) (9460.036133 -6164.154297 0 ) (9463.559570 -6162.087891 0 ) 
4 144 181 (9216 -6144 128 ) (9216 -6144 0 ) (9216 -6160 0 ) (9216 -6160 128 ) 
4 144 151 (9216 -6144 0 ) (9264 -6144 0 ) (9264 -6160 0 ) (9216 -6160 0 ) 
4 145 158 (9712 -6304 0 ) (9712 -6800 0 ) (9552 -6800 0 ) (9552 -6304 0 ) 
4 145 146 (9552 -6800 0 ) (9712 -6800 0 ) (9712 -6800 128 ) (9552 -6800 128 ) 
4 146 161 (9712 -6800 0 ) (9712 -6816 0 ) (9536 -6816 0 ) (9552 -6800 0 ) 
4 146 147 (9536 -6816 0 ) (9712 -6816 0 ) (9712 -6816 128 ) (9536 -6816 128 ) 
4 147 164 (9328 -6944 0 ) (9232 -6944 0 ) (9232 -6816 0 ) (9328 -6816 0 ) 
4 147 163 (9712 -6816 0 ) (9712 -6944 0 ) (9328 -6944 0 ) (9328 -6816 0 ) 
4 147 150 (9312 -6944 0 ) (9328 -6944 0 ) (9328 -6944 128 ) (9312 -6944 128 ) 
4 147 149 (9328 -6944 0 ) (9712 -6944 0 ) (9712 -6944 128 ) (9328 -6944 128 ) 
4 147 148 (9232 -6816 0 ) (9232 -6944 0 ) (9232 -6944 128 ) (9232 -6816 128 ) 
4 148 183 (9216 -6816 0 ) (9216 -6944 0 ) (9216 -6944 128 ) (9216 -6816 128 ) 
4 148 182 (9216 -6800 0 ) (9216 -6816 0 ) (9216 -6816 128 ) (9216 -6800 128 ) 
4 148 164 (9232 -6944 0 ) (9216 -6944 0 ) (9216 -6816 0 ) (9232 -6816 0 ) 
4 148 162 (9216 -6816 0 ) (9216 -6800 0 ) (9232 -6800 0 ) (9232 -6816 0 ) 
4 149 163 (9712 -6944 0 ) (9712 -7072 0 ) (9328 -7072 0 ) (9328 -6944 0 ) 
4 149 150 (9328 -6944 128 ) (9328 -6944 0 ) (9328 -6960 0 ) (9328 -6960 128 ) 
3 150 165 (9312 -6944 0 ) (9328 -6944 0 ) (9328 -6960 0 ) 
4 151 193 (9216 -6144 0 ) (9216 -6144 -128 ) (9216 -6160 -128 ) (9216 -6160 0 ) 
4 151 175 (9232 -6144 -128 ) (9256 -6144 -128 ) (9256 -6160 -128 ) (9232 -6160 -128 ) 
4 151 174 (9256 -6144 -128 ) (9552 -6144 -128 ) (9552 -6160 -128 ) (9256 -6160 -128 ) 
4 151 178 (9216 -6160 -128 ) (9216 -6144 -128 ) (9232 -6144 -128 ) (9232 -6160 -128 ) 
4 151 166 (9552 -6144 -128 ) (9712 -6144 -128 ) (9712 -6160 -128 ) (9552 -6160 -128 ) 
4 151 156 (9688.910156 -6160 0 ) (9467.120117 -6160 0 ) (9467.093750 -6160 -12.051291 ) (9689.144531 -6160 -47.517155 ) 
3 151 154 (9467.120117 -6160 0 ) (9391.640625 -6160 0 ) (9467.093750 -6160 -12.051291 ) 
4 151 153 (9712 -6160 -51.167542 ) (9712 -6160 0 ) (9688.910156 -6160 0 ) (9689.144531 -6160 -47.517155 ) 
6 151 152 (9216 -6160 -128 ) (9712 -6160 -128 ) (9712 -6160 -51.167542 ) (9391.640625 -6160 0 ) (9264 -6160 0 ) (9216 -6160 -48 ) 
4 152 194 (9216 -6304 -64 ) (9216 -6304 -48 ) (9216 -6160 -48 ) (9216 -6160 -64 ) 
4 152 195 (9216 -6160 -128 ) (9216 -6304 -128 ) (9216 -6304 -64 ) (9216 -6160 -64 ) 
4 152 175 (9232 -6160 -128 ) (9256 -6160 -128 ) (9256 -6168 -128 ) (9232 -6168 -128 ) 
4 152 177 (9256 -6168 -128 ) (9256 -6304 -128 ) (9232 -6304 -128 ) (9232 -6168 -128 ) 
4 152 174 (9256 -6160 -128 ) (9552 -6160 -128 ) (9552 -6304 -128 ) (9256 -6304 -128 ) 
4 152 178 (9216 -6304 -128 ) (9216 -6160 -128 ) (9232 -6160 -128 ) (9232 -6304 -128 ) 
4 152 166 (9552 -6160 -128 ) (9712 -6160 -128 ) (9712 -6304 -128 ) (9552 -6304 -128 ) 
4 152 158 (9552 -6304 -128 ) (9712 -6304 -128 ) (9712 -6304 -37.884338 ) (9552 -6304 -12.329264 ) 
4 152 157 (9461.809570 -6163.100098 -10.921314 ) (9458.400391 -6165.100098 -10.192291 ) (9512.355469 -6258.524414 -10.192303 ) (9515.809570 -6256.599609 -10.921555 ) 
4 152 156 (9689.144531 -6160 -47.517170 ) (9467.093750 -6160 -12.051296 ) (9461.809570 -6163.100098 -10.921314 ) (9515.809570 -6256.599609 -10.921555 ) 
4 152 155 (9458.400391 -6165.100098 -10.192291 ) (9410.735352 -6193.062500 0 ) (9464.080078 -6285.428223 0 ) (9512.355469 -6258.524414 -10.192303 ) 
3 152 154 (9467.093750 -6160 -12.051296 ) (9391.640625 -6160 0 ) (9410.735352 -6193.062500 0 ) 
5 152 153 (9712 -6160 -51.167557 ) (9689.144531 -6160 -47.517170 ) (9464.080078 -6285.428223 0 ) (9474.805664 -6304 0 ) (9712 -6304 -37.884499 ) 
4 153 158 (9712 -6304 -37.884338 ) (9712 -6304 0 ) (9552 -6304 0 ) (9552 -6304 -12.329263 ) 
4 153 157 (9515.806641 -6256.596680 -10.927555 ) (9512.353516 -6258.520996 -10.198566 ) (9513.993164 -6257.578125 0 ) (9517.560547 -6255.587891 0 ) 
4 153 156 (9689.136719 -6160 -47.522461 ) (9515.806641 -6256.596680 -10.927555 ) (9517.560547 -6255.587891 0 ) (9688.901367 -6160 0 ) 
3 153 155 (9512.353516 -6258.520996 -10.198566 ) (9464.047852 -6285.441406 0 ) (9513.993164 -6257.578125 0 ) 
4 154 157 (9458.399414 -6165.100098 -10.196137 ) (9461.808594 -6163.100098 -10.925129 ) (9463.559570 -6162.087402 0 ) (9460.036133 -6164.153320 0 ) 
4 154 156 (9461.808594 -6163.100098 -10.925129 ) (9467.092773 -6160 -12.055149 ) (9467.119141 -6160 0 ) (9463.559570 -6162.087402 0 ) 
3 154 155 (9410.716797 -6193.073242 0 ) (9458.399414 -6165.100098 -10.196137 ) (9460.036133 -6164.153320 0 ) 
4 155 157 (9513.995117 -6257.582520 0 ) (9512.356445 -6258.524414 -10.191406 ) (9458.402344 -6165.103516 -10.195312 ) (9460.039062 -6164.156738 0 ) 
4 156 157 (9515.807617 -6256.600098 -10.925781 ) (9517.561523 -6255.591797 0 ) (9463.560547 -6162.089844 0 ) (9461.809570 -6163.102539 -10.921875 ) 
4 158 173 (9712 -6576 -128 ) (9712 -6592 -128 ) (9552 -6592 -128 ) (9552 -6576 -128 ) 
4 158 172 (9712 -6560 -128 ) (9712 -6576 -128 ) (9552 -6576 -128 ) (9552 -6560 -128 ) 
4 158 171 (9712 -6544 -128 ) (9712 -6560 -128 ) (9552 -6560 -128 ) (9552 -6544 -128 ) 
4 158 170 (9712 -6528 -128 ) (9712 -6544 -128 ) (9552 -6544 -128 ) (9552 -6528 -128 ) 
4 158 169 (9712 -6512 -128 ) (9712 -6528 -128 ) (9552 -6528 -128 ) (9552 -6512 -128 ) 
4 158 168 (9712 -6496 -128 ) (9712 -6512 -128 ) (9552 -6512 -128 ) (9552 -6496 -128 ) 
4 158 167 (9712 -6480 -128 ) (9712 -6496 -128 ) (9552 -6496 -128 ) (9552 -6480 -128 ) 
4 158 166 (9552 -6304 -128 ) (9712 -6304 -128 ) (9712 -6480 -128 ) (9552 -6480 -128 ) 
4 158 161 (9552 -6800 -128 ) (9712 -6800 -128 ) (9712 -6800 0 ) (9552 -6800 0 ) 
4 159 197 (9216 -6504 -128 ) (9216 -6616 -128 ) (9216 -6616 0 ) (9216 -6504 0 ) 
4 160 199 (9216 -6648 -128 ) (9216 -6800 -128 ) (9216 -6800 0 ) (9216 -6648 0 ) 
4 160 162 (9216 -6800 -128 ) (9232 -6800 -128 ) (9232 -6800 0 ) (9216 -6800 0 ) 
4 161 163 (9536 -6816 -128 ) (9712 -6816 -128 ) (9712 -6816 0 ) (9536 -6816 0 ) 
4 162 200 (9216 -6800 -128 ) (9216 -6816 -128 ) (9216 -6816 0 ) (9216 -6800 0 ) 
4 162 164 (9216 -6816 -128 ) (9232 -6816 -128 ) (9232 -6816 0 ) (9216 -6816 0 ) 
4 163 165 (9328 -6944 -128 ) (9328 -6960 -128 ) (9328 -6960 0 ) (9328 -6944 0 ) 
4 163 164 (9328 -6816 0 ) (9328 -6816 -128 ) (9328 -6944 -128 ) (9328 -6944 0 ) 
4 164 202 (9216 -6816 -128 ) (9216 -6944 -128 ) (9216 -6944 0 ) (9216 -6816 0 ) 
4 164 165 (9312 -6944 -128 ) (9328 -6944 -128 ) (9328 -6944 0 ) (9312 -6944 0 ) 
4 166 174 (9552 -6144 -192 ) (9552 -6304 -192 ) (9552 -6304 -128 ) (9552 -6144 -128 ) 
4 166 167 (9552 -6480 -128 ) (9552 -6480 -184 ) (9712 -6480 -184 ) (9712 -6480 -128 ) 
4 167 168 (9552 -6496 -128 ) (9552 -6496 -176 ) (9712 -6496 -176 ) (9712 -6496 -128 ) 
4 168 169 (9552 -6512 -128 ) (9552 -6512 -168 ) (9712 -6512 -168 ) (9712 -6512 -128 ) 
4 169 170 (9552 -6528 -128 ) (9552 -6528 -160 ) (9712 -6528 -160 ) (9712 -6528 -128 ) 
4 170 171 (9552 -6544 -128 ) (9552 -6544 -152 ) (9712 -6544 -152 ) (9712 -6544 -128 ) 
4 171 172 (9552 -6560 -128 ) (9552 -6560 -144 ) (9712 -6560 -144 ) (9712 -6560 -128 ) 
4 172 173 (9552 -6576 -128 ) (9552 -6576 -136 ) (9712 -6576 -136 ) (9712 -6576 -128 ) 
4 174 175 (9256 -6168 -152 ) (9256 -6168 -128 ) (9256 -6144 -128 ) (9256 -6144 -152 ) 
4 174 176 (9256 -6144 -192 ) (9256 -6168 -192 ) (9256 -6168 -156 ) (9256 -6144 -156 ) 
4 174 177 (9256 -6168 -192 ) (9256 -6304 -192 ) (9256 -6304 -128 ) (9256 -6168 -128 ) 
4 175 178 (9232 -6168 -152 ) (9232 -6168 -128 ) (9232 -6144 -128 ) (9232 -6144 -152 ) 
4 175 177 (9232 -6168 -128 ) (9232 -6168 -152 ) (9256 -6168 -152 ) (9256 -6168 -128 ) 
4 176 177 (9232 -6168 -156 ) (9232 -6168 -192 ) (9256 -6168 -192 ) (9256 -6168 -156 ) 
4 176 178 (9232 -6144 -192 ) (9232 -6168 -192 ) (9232 -6168 -156 ) (9232 -6144 -156 ) 
4 177 178 (9232 -6168 -192 ) (9232 -6304 -192 ) (9232 -6304 -128 ) (9232 -6168 -128 ) 
4 178 212 (9216 -6144 -128 ) (9216 -6144 -192 ) (9216 -6304 -192 ) (9216 -6304 -128 ) 
4 179 180 (8880 -7072 188 ) (8688 -7072 188 ) (8688 -6880 188 ) (8880 -6880 188 ) 
4 180 192 (8688 -7072 128 ) (8688 -6880 128 ) (8880 -6880 128 ) (8880 -7072 128 ) 
4 181 193 (9072 -6144 0 ) (9216 -6144 0 ) (9216 -6160 0 ) (9072 -6160 0 ) 
4 182 200 (9040 -6800 0 ) (9216 -6800 0 ) (9216 -6816 0 ) (9040 -6816 0 ) 
4 182 183 (9040 -6816 0 ) (9216 -6816 0 ) (9216 -6816 128 ) (9040 -6816 128 ) 
4 183 202 (8936 -6944 0 ) (8936 -6816 0 ) (9216 -6816 0 ) (9216 -6944 0 ) 
4 183 192 (8936 -6816 0 ) (8936 -6944 0 ) (8936 -6944 128 ) (8936 -6816 128 ) 
4 183 190 (9036 -6944 0 ) (9063.998047 -6944 0 ) (9063.998047 -6944 128 ) (9036 -6944 128 ) 
4 183 186 (9007.777344 -6944 0 ) (9036 -6944 0 ) (9036 -6944 128 ) (9007.777344 -6944 128 ) 
4 183 185 (8986 -6944 0 ) (9007.777344 -6944 0 ) (9007.777344 -6944 128 ) (8986 -6944 128 ) 
4 183 184 (8936 -6944 128 ) (8936 -6944 0 ) (8986 -6944 0 ) (8986 -6944 128 ) 
3 184 203 (8936 -7043.998535 0 ) (8936 -6944 0 ) (8986 -6944 0 ) 
4 184 192 (8936 -6944 0 ) (8936 -7043.998535 0 ) (8936 -7043.998535 128 ) (8936 -6944 128 ) 
4 184 189 (8938.800781 -7038.393555 0 ) (8946.005859 -7023.983398 0 ) (8946.005859 -7023.983398 128 ) (8938.800781 -7038.393555 128 ) 
4 184 188 (8936 -7043.996094 128 ) (8936 -7043.996094 0 ) (8938.800781 -7038.393555 0 ) (8938.800781 -7038.393555 128 ) 
4 184 185 (8957.995117 -7000.005371 0 ) (8985.998047 -6944 0 ) (8985.998047 -6944 128 ) (8957.995117 -7000.005371 128 ) 
3 185 204 (8957.998047 -7000.001465 0 ) (8986 -6944 0 ) (9007.777344 -6944 0 ) 
4 185 187 (8973.984375 -6982.014160 0 ) (8985.194336 -6969.401855 0 ) (8985.194336 -6969.401855 128 ) (8973.984375 -6982.014160 128 ) 
4 185 186 (8985.194336 -6969.401855 0 ) (9007.773438 -6944 0 ) (9007.773438 -6944 128 ) (8985.194336 -6969.401855 128 ) 
3 186 210 (8999.200195 -6959.600098 0 ) (9015.996094 -6954.001465 0 ) (8992 -6966 0 ) 
4 186 209 (8985.200195 -6969.399414 0 ) (8991.683594 -6962.105469 0 ) (8999.200195 -6959.600098 0 ) (8992 -6966 0 ) 
4 186 208 (8991.683594 -6962.105469 0 ) (9003.279297 -6949.060059 0 ) (9030.399414 -6946.799805 0 ) (9015.996094 -6954.001465 0 ) 
4 186 207 (9003.279297 -6949.060059 0 ) (9007.777344 -6944 0 ) (9036 -6944 0 ) (9030.399414 -6946.799805 0 ) 
4 186 191 (9015.993164 -6954.002441 0 ) (9030.398438 -6946.799805 0 ) (9030.398438 -6946.799805 128 ) (9015.993164 -6954.002441 128 ) 
4 186 190 (9030.398438 -6946.799805 0 ) (9035.998047 -6944 0 ) (9035.998047 -6944 128 ) (9030.398438 -6946.799805 128 ) 
4 186 187 (8985.205078 -6969.396484 128 ) (8985.205078 -6969.396484 0 ) (8992.001953 -6965.998047 0 ) (8992.001953 -6965.998047 128 ) 
3 187 209 (8974 -6982 0 ) (8985.200195 -6969.399414 0 ) (8992 -6966 0 ) 
3 188 205 (8936 -7072 0 ) (8936 -7043.998535 0 ) (8938.799805 -7038.398438 0 ) 
4 188 192 (8936 -7043.998535 0 ) (8936 -7072 0 ) (8936 -7072 128 ) (8936 -7043.998535 128 ) 
4 188 189 (8937.998047 -7048.006348 0 ) (8938.797852 -7038.404297 0 ) (8938.797852 -7038.404297 128 ) (8937.998047 -7048.006348 128 ) 
3 189 206 (8938 -7048 0 ) (8938.799805 -7038.398438 0 ) (8946.001953 -7023.993164 0 ) 
3 190 207 (9030.399414 -6946.799805 0 ) (9036 -6944 0 ) (9063.998047 -6944 0 ) 
4 190 191 (9030.401367 -6946.798828 128 ) (9030.401367 -6946.798828 0 ) (9040.002930 -6945.998535 0 ) (9040.002930 -6945.998535 128 ) 
3 191 208 (9015.996094 -6954.001465 0 ) (9030.399414 -6946.799805 0 ) (9040 -6946 0 ) 
4 192 235 (8936 -7168 128 ) (8624 -7168 128 ) (8624 -7168 0 ) (8936 -7168 0 ) 
4 192 211 (8936 -7168 0 ) (8624 -7168 0 ) (8624 -7072 0 ) (8936 -7072 0 ) 
3 192 205 (8936 -7044 0 ) (8936 -7072 0 ) (8922 -7072 0 ) 
5 192 203 (8624 -7072 0 ) (8624 -6944 0 ) (8936 -6944 0 ) (8936 -7044 0 ) (8922 -7072 0 ) 
4 192 202 (8624 -6944 0 ) (8624 -6816 0 ) (8936 -6816 0 ) (8936 -6944 0 ) 
4 192 201 (8624 -6816 0 ) (8624 -6440 0 ) (8936 -6440 0 ) (8936 -6816 0 ) 
4 193 212 (9216 -6144 -128 ) (9216 -6160 -128 ) (9072 -6160 -128 ) (9072 -6144 -128 ) 
4 193 196 (9072 -6144 -128 ) (9072 -6160 -128 ) (9072 -6160 -64 ) (9072 -6144 -64 ) 
3 193 194 (9200 -6160 -64 ) (9216 -6160 -64 ) (9216 -6160 -48 ) 
4 193 195 (9072 -6160 -64 ) (9072 -6160 -128 ) (9216 -6160 -128 ) (9216 -6160 -64 ) 
4 194 195 (9216 -6304 -64 ) (9200 -6304 -64 ) (9200 -6160 -64 ) (9216 -6160 -64 ) 
4 195 212 (9216 -6160 -128 ) (9216 -6304 -128 ) (9072 -6304 -128 ) (9072 -6160 -128 ) 
4 195 196 (9072 -6160 -128 ) (9072 -6304 -128 ) (9072 -6304 -64 ) (9072 -6160 -64 ) 
4 196 212 (9072 -6304 -128 ) (8944 -6304 -128 ) (8944 -6144 -128 ) (9072 -6144 -128 ) 
4 197 198 (9104 -6504 0 ) (9104 -6504 -128 ) (9104 -6616 -128 ) (9104 -6616 0 ) 
4 198 199 (8944 -6624 0 ) (8944 -6624 -128 ) (9104 -6624 -128 ) (9104 -6624 0 ) 
4 199 200 (9040 -6800 -128 ) (9216 -6800 -128 ) (9216 -6800 0 ) (9040 -6800 0 ) 
4 200 202 (9040 -6816 -128 ) (9216 -6816 -128 ) (9216 -6816 0 ) (9040 -6816 0 ) 
4 201 202 (8624 -6816 -128 ) (8936 -6816 -128 ) (8936 -6816 0 ) (8624 -6816 0 ) 
4 202 221 (8560 -6944 -128 ) (8368 -6944 -128 ) (8368 -6816 -128 ) (8560 -6816 -128 ) 
4 202 217 (8624 -6944 -128 ) (8560 -6944 -128 ) (8560 -6928 -128 ) (8624 -6928 -128 ) 
4 202 216 (8560 -6928 -128 ) (8560 -6912 -128 ) (8624 -6912 -128 ) (8624 -6928 -128 ) 
4 202 215 (8560 -6912 -128 ) (8560 -6896 -128 ) (8624 -6896 -128 ) (8624 -6912 -128 ) 
4 202 214 (8560 -6896 -128 ) (8560 -6880 -128 ) (8624 -6880 -128 ) (8624 -6896 -128 ) 
4 202 213 (8560 -6880 -128 ) (8560 -6816 -128 ) (8624 -6816 -128 ) (8624 -6880 -128 ) 
4 202 207 (9007.777344 -6944 -128 ) (9064 -6944 -128 ) (9064 -6944 0 ) (9007.777344 -6944 0 ) 
4 202 204 (8986 -6944 -128 ) (9007.777344 -6944 -128 ) (9007.777344 -6944 0 ) (8986 -6944 0 ) 
4 202 203 (8368 -6944 0 ) (8368 -6944 -128 ) (8986 -6944 -128 ) (8986 -6944 0 ) 
4 203 221 (8560 -7072 -128 ) (8368 -7072 -128 ) (8368 -6944 -128 ) (8560 -6944 -128 ) 
4 203 220 (8560 -6992 -128 ) (8560 -6976 -128 ) (8624 -6976 -128 ) (8624 -6992 -128 ) 
4 203 219 (8560 -6976 -128 ) (8560 -6960 -128 ) (8624 -6960 -128 ) (8624 -6976 -128 ) 
4 203 218 (8560 -6960 -128 ) (8560 -6944 -128 ) (8624 -6944 -128 ) (8624 -6960 -128 ) 
4 203 211 (8624 -7072 -128 ) (8922 -7072 -128 ) (8922 -7072 0 ) (8624 -7072 0 ) 
4 203 206 (8938.800781 -7038.395020 -128 ) (8946.002930 -7023.989746 -128 ) (8946.002930 -7023.989746 0 ) (8938.800781 -7038.395020 0 ) 
4 203 205 (8921.998047 -7072 0 ) (8921.998047 -7072 -128 ) (8938.800781 -7038.395020 -128 ) (8938.800781 -7038.395020 0 ) 
4 203 204 (8957.996094 -7000.003906 -128 ) (8985.998047 -6944 -128 ) (8985.998047 -6944 0 ) (8957.996094 -7000.003906 0 ) 
4 204 209 (8973.984375 -6982.014160 -128 ) (8991.679688 -6962.105957 -128 ) (8991.679688 -6962.105957 0 ) (8973.984375 -6982.014160 0 ) 
4 204 208 (8991.679688 -6962.105957 -128 ) (9003.275391 -6949.060547 -128 ) (9003.275391 -6949.060547 0 ) (8991.679688 -6962.105957 0 ) 
4 204 207 (9003.275391 -6949.060547 -128 ) (9007.773438 -6944 -128 ) (9007.773438 -6944 0 ) (9003.275391 -6949.060547 0 ) 
4 205 211 (8922 -7072 -128 ) (8936 -7072 -128 ) (8936 -7072 0 ) (8922 -7072 0 ) 
4 205 206 (8937.997070 -7048.010254 -128 ) (8938.796875 -7038.405273 -128 ) (8938.796875 -7038.405273 0 ) (8937.997070 -7048.010254 0 ) 
4 207 208 (9003.280273 -6949.059082 0 ) (9003.280273 -6949.059082 -128 ) (9040.002930 -6946 -128 ) (9040.002930 -6946 0 ) 
4 208 210 (8999.194336 -6959.603516 -128 ) (9015.989258 -6954.005371 -128 ) (9015.989258 -6954.005371 0 ) (8999.194336 -6959.603516 0 ) 
4 208 209 (8991.682617 -6962.107422 0 ) (8991.682617 -6962.107422 -128 ) (8999.194336 -6959.603516 -128 ) (8999.194336 -6959.603516 0 ) 
4 209 210 (8992.003906 -6965.997559 -128 ) (8999.199219 -6959.601562 -128 ) (8999.199219 -6959.601562 0 ) (8992.003906 -6965.997559 0 ) 
4 211 252 (8936 -7168 0 ) (8624 -7168 0 ) (8624 -7168 -128 ) (8936 -7168 -128 ) 
4 213 221 (8560 -6816 -192 ) (8560 -6880 -192 ) (8560 -6880 -128 ) (8560 -6816 -128 ) 
4 213 214 (8560 -6880 -128 ) (8560 -6880 -184 ) (8624 -6880 -184 ) (8624 -6880 -128 ) 
4 214 221 (8560 -6896 -184 ) (8560 -6896 -128 ) (8560 -6880 -128 ) (8560 -6880 -184 ) 
4 214 215 (8560 -6896 -128 ) (8560 -6896 -176 ) (8624 -6896 -176 ) (8624 -6896 -128 ) 
4 215 221 (8560 -6912 -176 ) (8560 -6912 -128 ) (8560 -6896 -128 ) (8560 -6896 -176 ) 
4 215 216 (8560 -6912 -128 ) (8560 -6912 -168 ) (8624 -6912 -168 ) (8624 -6912 -128 ) 
4 216 221 (8560 -6928 -168 ) (8560 -6928 -128 ) (8560 -6912 -128 ) (8560 -6912 -168 ) 
4 216 217 (8560 -6928 -128 ) (8560 -6928 -160 ) (8624 -6928 -160 ) (8624 -6928 -128 ) 
4 217 221 (8560 -6944 -160 ) (8560 -6944 -128 ) (8560 -6928 -128 ) (8560 -6928 -160 ) 
4 217 218 (8560 -6944 -128 ) (8560 -6944 -152 ) (8624 -6944 -152 ) (8624 -6944 -128 ) 
4 218 221 (8560 -6960 -152 ) (8560 -6960 -128 ) (8560 -6944 -128 ) (8560 -6944 -152 ) 
4 218 219 (8560 -6960 -128 ) (8560 -6960 -144 ) (8624 -6960 -144 ) (8624 -6960 -128 ) 
4 219 221 (8560 -6976 -144 ) (8560 -6976 -128 ) (8560 -6960 -128 ) (8560 -6960 -144 ) 
4 219 220 (8560 -6976 -128 ) (8560 -6976 -136 ) (8624 -6976 -136 ) (8624 -6976 -128 ) 
4 220 221 (8560 -6992 -136 ) (8560 -6992 -128 ) (8560 -6976 -128 ) (8560 -6976 -136 ) 
4 222 223 (8240 -6624 -240 ) (8240 -6144 -240 ) (8368 -6144 -240 ) (8368 -6624 -240 ) 
4 223 224 (8240 -6624 -248 ) (8240 -6144 -248 ) (8368 -6144 -248 ) (8368 -6624 -248 ) 
4 224 225 (8368 -6624 -256 ) (8240 -6624 -256 ) (8240 -6144 -256 ) (8368 -6144 -256 ) 
4 225 228 (8240 -6372 -384 ) (8240 -6428 -384 ) (8240 -6428 -272 ) (8240 -6372 -272 ) 
4 225 229 (8240 -6504 -384 ) (8240 -6624 -384 ) (8240 -6624 -272 ) (8240 -6504 -272 ) 
4 225 227 (8240 -6180 -384 ) (8240 -6236 -384 ) (8240 -6236 -272 ) (8240 -6180 -272 ) 
4 225 226 (8240 -6624 -272 ) (8240 -6624 -256 ) (8240 -6504 -256 ) (8240 -6504 -272 ) 
4 226 232 (8232 -6624 -256 ) (8232 -6504 -256 ) (8232 -6504 -272 ) (8232 -6624 -272 ) 
4 226 229 (8232 -6624 -272 ) (8232 -6504 -272 ) (8240 -6504 -272 ) (8240 -6624 -272 ) 
4 227 230 (8232 -6180 -384 ) (8232 -6236 -384 ) (8232 -6236 -272 ) (8232 -6180 -272 ) 
4 228 231 (8232 -6372 -384 ) (8232 -6428 -384 ) (8232 -6428 -272 ) (8232 -6372 -272 ) 
4 229 232 (8232 -6504 -384 ) (8232 -6624 -384 ) (8232 -6624 -272 ) (8232 -6504 -272 ) 
4 230 338 (8192 -6304 -256 ) (8192 -6144 -256 ) (8192 -6144 -384 ) (8192 -6304 -384 ) 
4 231 339 (8192 -6496 -256 ) (8192 -6312 -256 ) (8192 -6312 -384 ) (8192 -6496 -384 ) 
4 232 340 (8192 -6624 -256 ) (8192 -6504 -256 ) (8192 -6504 -384 ) (8192 -6624 -384 ) 
4 233 234 (8880 -7392 188 ) (8688 -7392 188 ) (8688 -7200 188 ) (8880 -7200 188 ) 
4 234 235 (8880 -7200 128 ) (8880 -7392 128 ) (8688 -7392 128 ) (8688 -7200 128 ) 
4 235 252 (8624 -7168 0 ) (8936 -7168 0 ) (8936 -7448 0 ) (8624 -7448 0 ) 
4 235 239 (8624 -7448 0 ) (8936 -7448 0 ) (8936 -7448 32 ) (8624 -7448 32 ) 
4 235 237 (8936 -7448 32 ) (8936 -7448 88 ) (8624 -7448 88 ) (8624 -7448 32 ) 
4 235 236 (8936 -7448 88 ) (8936 -7448 128 ) (8624 -7448 128 ) (8624 -7448 88 ) 
4 236 241 (8824 -7456 128 ) (8624 -7456 128 ) (8624 -7456 88 ) (8824 -7456 88 ) 
4 236 240 (8936 -7456 128 ) (8824 -7456 128 ) (8824 -7456 88 ) (8936 -7456 88 ) 
4 236 237 (8936 -7456 88 ) (8624 -7456 88 ) (8624 -7448 88 ) (8936 -7448 88 ) 
4 237 241 (8824 -7456 88 ) (8624 -7456 88 ) (8624 -7456 32 ) (8824 -7456 32 ) 
4 237 240 (8936 -7456 88 ) (8824 -7456 88 ) (8824 -7456 32 ) (8936 -7456 32 ) 
4 237 239 (8936 -7456 32 ) (8624 -7456 32 ) (8624 -7448 32 ) (8936 -7448 32 ) 
4 238 243 (8496 -7456 88 ) (8464 -7456 88 ) (8464 -7456 32 ) (8496 -7456 32 ) 
4 239 252 (8624 -7448 0 ) (8936 -7448 0 ) (8936 -7456 0 ) (8624 -7456 0 ) 
4 239 241 (8824 -7456 8.263350 ) (8824 -7456 32 ) (8624 -7456 32 ) (8624 -7456 8.263350 ) 
4 239 240 (8824 -7456 0 ) (8936 -7456 0 ) (8936 -7456 32 ) (8824 -7456 32 ) 
4 240 242 (8824 -7464 0 ) (8824 -7693.391602 0 ) (8824 -7693.391602 128 ) (8824 -7464 128 ) 
4 240 241 (8824 -7456 128 ) (8824 -7456 8.263350 ) (8824 -7464 8.263350 ) (8824 -7464 128 ) 
4 241 242 (8624 -7464 128 ) (8624 -7464 8.263350 ) (8824 -7464 8.263350 ) (8824 -7464 128 ) 
4 242 246 (8624 -7648 0 ) (8624 -7656 0 ) (8624 -7656 112 ) (8624 -7648 112 ) 
4 242 249 (8624 -7656 0 ) (8624 -7768 0 ) (8624 -7768 112 ) (8624 -7656 112 ) 
4 242 244 (8624 -7656 128 ) (8624 -7648 128 ) (8624 -7648 112 ) (8624 -7656 112 ) 
4 242 245 (8624 -7768 112 ) (8624 -7768 128 ) (8624 -7656 128 ) (8624 -7656 112 ) 
4 243 247 (8452 -7648 0 ) (8508 -7648 0 ) (8508 -7648 112 ) (8452 -7648 112 ) 
3 244 246 (8624 -7648 112 ) (8624 -7656 112 ) (8616.609375 -7656 112 ) 
4 244 245 (8616.609375 -7656 112 ) (8624 -7656 112 ) (8624 -7656 128 ) (8616.609375 -7656 128 ) 
4 245 374 (8192 -7768 128 ) (8192 -7656 128 ) (8192 -7656 112 ) (8192 -7768 112 ) 
4 245 249 (8192 -7768 112 ) (8192 -7656 112 ) (8624 -7656 112 ) (8624 -7768 112 ) 
4 246 249 (8616 -7656 0 ) (8624 -7656 0 ) (8624 -7656 112 ) (8616 -7656 112 ) 
4 247 249 (8452 -7656 0 ) (8508 -7656 0 ) (8508 -7656 112 ) (8452 -7656 112 ) 
4 248 249 (8252 -7656 0 ) (8308 -7656 0 ) (8308 -7656 112 ) (8252 -7656 112 ) 
4 249 376 (8192 -7768 112 ) (8192 -7656 112 ) (8192 -7656 0 ) (8192 -7768 0 ) 
4 249 251 (8252 -7768 0 ) (8308 -7768 0 ) (8308 -7768 112 ) (8252 -7768 112 ) 
4 249 250 (8452 -7768 0 ) (8508 -7768 0 ) (8508 -7768 112 ) (8452 -7768 112 ) 
4 253 302 (7168 -5152 16 ) (7168 -5792 16 ) (7168 -5792 256 ) (7168 -5152 256 ) 
4 253 256 (7168 -5792 16 ) (7168 -5152 16 ) (7784 -5152 16 ) (7784 -5792 16 ) 
4 253 255 (7168 -5792 16 ) (7464 -5792 16 ) (7464 -5792 32 ) (7168 -5792 32 ) 
4 253 254 (7784 -5792 32 ) (7784 -5792 256 ) (7168 -5792 256 ) (7168 -5792 32 ) 
4 254 308 (7784 -6144 256 ) (7464 -6144 256 ) (7464 -6144 32 ) (7784 -6144 32 ) 
4 254 309 (7464 -6144 256 ) (7168 -6144 256 ) (7168 -6144 32 ) (7464 -6144 32 ) 
4 254 302 (7168 -6144 32 ) (7168 -6144 256 ) (7168 -5792 256 ) (7168 -5792 32 ) 
4 254 255 (7168 -6144 32 ) (7168 -5792 32 ) (7464 -5792 32 ) (7464 -6144 32 ) 
4 255 309 (7464 -6144 32 ) (7168 -6144 32 ) (7168 -6144 16 ) (7464 -6144 16 ) 
4 255 302 (7168 -5792 16 ) (7168 -6144 16 ) (7168 -6144 32 ) (7168 -5792 32 ) 
4 255 261 (7464 -6144 16 ) (7168 -6144 16 ) (7168 -5792 16 ) (7464 -5792 16 ) 
4 256 302 (7168 -5152 -64 ) (7168 -5792 -64 ) (7168 -5792 16 ) (7168 -5152 16 ) 
4 256 288 (7168 -5792 -64 ) (7168 -5152 -64 ) (7464 -5152 -64 ) (7464 -5792 -64 ) 
4 256 280 (7464 -5152 -64 ) (7472 -5152 -64 ) (7472 -5792 -64 ) (7464 -5792 -64 ) 
4 256 263 (7472 -5152 -64 ) (7784 -5152 -64 ) (7784 -5792 -64 ) (7472 -5792 -64 ) 
4 256 261 (7168 -5792 -64 ) (7464 -5792 -64 ) (7464 -5792 16 ) (7168 -5792 16 ) 
4 257 265 (7953 -5857 -64 ) (7953 -5894 -64 ) (7888 -5894 -64 ) (7888 -5857 -64 ) 
4 258 265 (7953 -6019 -64 ) (7953 -6053 -64 ) (7888 -6053 -64 ) (7888 -6019 -64 ) 
4 259 275 (7665 -5858 -64 ) (7665 -5893 -64 ) (7599 -5893 -64 ) (7599 -5858 -64 ) 
4 260 275 (7665 -6019 -64 ) (7665 -6053 -64 ) (7599 -6053 -64 ) (7599 -6019 -64 ) 
4 261 312 (7464 -6144 16 ) (7168 -6144 16 ) (7168 -6144 -64 ) (7464 -6144 -64 ) 
4 261 302 (7168 -5792 -64 ) (7168 -6144 -64 ) (7168 -6144 16 ) (7168 -5792 16 ) 
4 261 288 (7168 -6144 -64 ) (7168 -5792 -64 ) (7464 -5792 -64 ) (7464 -6144 -64 ) 
4 262 289 (8192 -5600 -192 ) (8192 -5728 -192 ) (7792 -5728 -192 ) (7792 -5600 -192 ) 
4 263 294 (7472 -5792 -192 ) (7472 -5152 -192 ) (7784 -5152 -192 ) (7784 -5792 -192 ) 
4 263 286 (7472 -5152 -192 ) (7472 -5792 -192 ) (7472 -5792 -164 ) (7472 -5152 -164 ) 
4 263 283 (7472 -5792 -164 ) (7472 -5792 -108 ) (7472 -5152 -108 ) (7472 -5152 -164 ) 
4 263 281 (7472 -5792 -108 ) (7472 -5792 -80 ) (7472 -5152 -80 ) (7472 -5152 -108 ) 
4 263 280 (7472 -5792 -80 ) (7472 -5792 -64 ) (7472 -5152 -64 ) (7472 -5152 -80 ) 
4 263 264 (7616 -5792 -164 ) (7648 -5792 -164 ) (7648 -5792 -108 ) (7616 -5792 -108 ) 
4 264 266 (7616 -5800 -164 ) (7648 -5800 -164 ) (7648 -5800 -108 ) (7616 -5800 -108 ) 
4 265 278 (7808 -6104 -192 ) (8048 -6104 -192 ) (8048 -6104 -64 ) (7808 -6104 -64 ) 
4 265 271 (7800 -5857 -70 ) (7800 -5857 -66 ) (7800 -5856 -66 ) (7800 -5856 -70 ) 
4 265 270 (7800 -5857 -66 ) (7800 -5857 -64 ) (7800 -5856 -64 ) (7800 -5856 -66 ) 
4 265 274 (7800 -5856 -192 ) (7800 -5857 -192 ) (7800 -5857 -70 ) (7800 -5856 -70 ) 
4 265 275 (7800 -5857 -192 ) (7800 -6096 -192 ) (7800 -6096 -64 ) (7800 -5857 -64 ) 
4 265 266 (7800 -5800 -64 ) (7800 -5800 -192 ) (7800 -5856 -192 ) (7800 -5856 -64 ) 
4 266 271 (7800 -5856 -70 ) (7800 -5856 -66 ) (7560 -5856 -66 ) (7560 -5856 -70 ) 
4 266 270 (7800 -5856 -66 ) (7800 -5856 -64 ) (7560 -5856 -64 ) (7560 -5856 -66 ) 
4 266 274 (7560 -5856 -192 ) (7800 -5856 -192 ) (7800 -5856 -70 ) (7560 -5856 -70 ) 
4 266 267 (7560 -5800 -64 ) (7560 -5800 -192 ) (7560 -5808 -192 ) (7560 -5808 -64 ) 
4 266 268 (7560 -5816 -192 ) (7560 -5856 -192 ) (7560 -5856 -64 ) (7560 -5816 -64 ) 
4 267 269 (7480 -5800 -64 ) (7480 -5800 -192 ) (7480 -5808 -192 ) (7480 -5808 -64 ) 
4 268 273 (7492 -5856 -66 ) (7480 -5856 -66 ) (7480 -5856 -70 ) (7492 -5856 -70 ) 
4 268 271 (7560 -5856 -70 ) (7560 -5856 -66 ) (7548 -5856 -66 ) (7548 -5856 -70 ) 
4 268 272 (7532 -5856 -66 ) (7508 -5856 -66 ) (7508 -5856 -70 ) (7532 -5856 -70 ) 
4 268 270 (7560 -5856 -66 ) (7560 -5856 -64 ) (7480 -5856 -64 ) (7480 -5856 -66 ) 
4 268 274 (7480 -5856 -192 ) (7560 -5856 -192 ) (7560 -5856 -70 ) (7480 -5856 -70 ) 
4 268 269 (7480 -5816 -192 ) (7480 -5856 -192 ) (7480 -5856 -64 ) (7480 -5816 -64 ) 
4 269 273 (7472 -5856 -66 ) (7472 -5856 -70 ) (7480 -5856 -70 ) (7480 -5856 -66 ) 
4 269 270 (7472 -5856 -64 ) (7472 -5856 -66 ) (7480 -5856 -66 ) (7480 -5856 -64 ) 
4 269 274 (7472 -5856 -70 ) (7472 -5856 -192 ) (7480 -5856 -192 ) (7480 -5856 -70 ) 
4 270 273 (7492 -5857 -66 ) (7472 -5857 -66 ) (7472 -5856 -66 ) (7492 -5856 -66 ) 
4 270 271 (7800 -5857 -66 ) (7548 -5857 -66 ) (7548 -5856 -66 ) (7800 -5856 -66 ) 
4 270 272 (7532 -5857 -66 ) (7508 -5857 -66 ) (7508 -5856 -66 ) (7532 -5856 -66 ) 
4 270 275 (7472 -5857 -64 ) (7472 -5857 -66 ) (7800 -5857 -66 ) (7800 -5857 -64 ) 
4 271 275 (7548 -5857 -70 ) (7800 -5857 -70 ) (7800 -5857 -66 ) (7548 -5857 -66 ) 
4 271 274 (7800 -5857 -70 ) (7548 -5857 -70 ) (7548 -5856 -70 ) (7800 -5856 -70 ) 
4 272 274 (7532 -5857 -70 ) (7508 -5857 -70 ) (7508 -5856 -70 ) (7532 -5856 -70 ) 
4 272 275 (7508 -5857 -70 ) (7532 -5857 -70 ) (7532 -5857 -66 ) (7508 -5857 -66 ) 
4 273 274 (7492 -5857 -70 ) (7472 -5857 -70 ) (7472 -5856 -70 ) (7492 -5856 -70 ) 
4 273 275 (7472 -5857 -66 ) (7472 -5857 -70 ) (7492 -5857 -70 ) (7492 -5857 -66 ) 
4 274 275 (7472 -5857 -70 ) (7472 -5857 -192 ) (7800 -5857 -192 ) (7800 -5857 -70 ) 
4 275 287 (7472 -6012 -192 ) (7472 -6068 -192 ) (7472 -6068 -164 ) (7472 -6012 -164 ) 
4 275 284 (7472 -5918 -108 ) (7472 -5886 -108 ) (7472 -5886 -164 ) (7472 -5918 -164 ) 
4 275 285 (7472 -6068 -108 ) (7472 -6012 -108 ) (7472 -6012 -164 ) (7472 -6068 -164 ) 
4 275 282 (7472 -6068 -80 ) (7472 -6012 -80 ) (7472 -6012 -108 ) (7472 -6068 -108 ) 
4 275 276 (7572 -6096 -160 ) (7764 -6096 -160 ) (7764 -6096 -96 ) (7572 -6096 -96 ) 
4 276 277 (7572 -6100 -96 ) (7572 -6100 -160 ) (7764 -6100 -160 ) (7764 -6100 -96 ) 
4 277 279 (7572 -6104 -160 ) (7764 -6104 -160 ) (7764 -6104 -96 ) (7572 -6104 -96 ) 
4 278 313 (8048 -6144 -64 ) (7808 -6144 -64 ) (7808 -6144 -192 ) (8048 -6144 -192 ) 
4 279 314 (7800 -6144 -64 ) (7472 -6144 -64 ) (7472 -6144 -192 ) (7800 -6144 -192 ) 
4 280 288 (7464 -5792 -64 ) (7464 -5152 -64 ) (7464 -5152 -80 ) (7464 -5792 -80 ) 
4 280 281 (7464 -5792 -80 ) (7464 -5152 -80 ) (7472 -5152 -80 ) (7472 -5792 -80 ) 
4 281 288 (7464 -5792 -80 ) (7464 -5152 -80 ) (7464 -5152 -108 ) (7464 -5792 -108 ) 
4 281 283 (7464 -5792 -108 ) (7464 -5152 -108 ) (7472 -5152 -108 ) (7472 -5792 -108 ) 
4 282 288 (7464 -6068 -80 ) (7464 -6012 -80 ) (7464 -6012 -108 ) (7464 -6068 -108 ) 
4 282 285 (7464 -6068 -108 ) (7464 -6012 -108 ) (7472 -6012 -108 ) (7472 -6068 -108 ) 
4 283 288 (7464 -5792 -108 ) (7464 -5152 -108 ) (7464 -5152 -164 ) (7464 -5792 -164 ) 
4 283 286 (7464 -5792 -164 ) (7464 -5152 -164 ) (7472 -5152 -164 ) (7472 -5792 -164 ) 
4 284 288 (7464 -5918 -108 ) (7464 -5886 -108 ) (7464 -5886 -164 ) (7464 -5918 -164 ) 
4 285 288 (7464 -6068 -108 ) (7464 -6012 -108 ) (7464 -6012 -164 ) (7464 -6068 -164 ) 
4 285 287 (7464 -6068 -164 ) (7464 -6012 -164 ) (7472 -6012 -164 ) (7472 -6068 -164 ) 
4 286 288 (7464 -5152 -192 ) (7464 -5792 -192 ) (7464 -5792 -164 ) (7464 -5152 -164 ) 
4 287 288 (7464 -6012 -192 ) (7464 -6068 -192 ) (7464 -6068 -164 ) (7464 -6012 -164 ) 
4 288 316 (7464 -6144 -64 ) (7168 -6144 -64 ) (7168 -6144 -192 ) (7464 -6144 -192 ) 
4 288 302 (7168 -5152 -192 ) (7168 -6144 -192 ) (7168 -6144 -64 ) (7168 -5152 -64 ) 
4 288 298 (7336 -5876 -192 ) (7336 -5792 -192 ) (7344 -5792 -192 ) (7344 -5876 -192 ) 
4 288 300 (7336 -6144 -192 ) (7168 -6144 -192 ) (7168 -5792 -192 ) (7336 -5792 -192 ) 
4 288 296 (7344 -5888 -192 ) (7344 -5792 -192 ) (7464 -5792 -192 ) (7464 -5888 -192 ) 
4 288 295 (7168 -5792 -192 ) (7168 -5152 -192 ) (7464 -5152 -192 ) (7464 -5792 -192 ) 
4 289 290 (8184 -5728 -384 ) (8192 -5728 -384 ) (8192 -5728 -272 ) (8184 -5728 -272 ) 
4 290 291 (8184 -5736 -384 ) (8192 -5736 -384 ) (8192 -5736 -272 ) (8184 -5736 -272 ) 
4 293 338 (8192 -6144 -384 ) (8192 -6144 -256 ) (8056 -6144 -256 ) (8056 -6144 -384 ) 
4 295 302 (7168 -5152 -384 ) (7168 -5792 -384 ) (7168 -5792 -192 ) (7168 -5152 -192 ) 
4 295 298 (7344 -5792 -248 ) (7344 -5792 -192 ) (7336 -5792 -192 ) (7336 -5792 -248 ) 
4 295 299 (7336 -5792 -384 ) (7344 -5792 -384 ) (7344 -5792 -256 ) (7336 -5792 -256 ) 
4 295 300 (7168 -5792 -384 ) (7336 -5792 -384 ) (7336 -5792 -192 ) (7168 -5792 -192 ) 
4 295 296 (7344 -5792 -384 ) (7464 -5792 -384 ) (7464 -5792 -192 ) (7344 -5792 -192 ) 
3 296 298 (7344 -5792 -192 ) (7344 -5792 -248 ) (7344 -5876 -192 ) 
4 296 299 (7344 -5792 -256 ) (7344 -5792 -384 ) (7344 -5888 -384 ) (7344 -5888 -256 ) 
4 296 297 (7344 -5888 -200 ) (7344 -5888 -384 ) (7464 -5888 -384 ) (7464 -5888 -200 ) 
4 297 366 (7344 -6144 -200 ) (7344 -6144 -384 ) (7464 -6144 -384 ) (7464 -6144 -200 ) 
4 297 299 (7344 -5888 -384 ) (7344 -6144 -384 ) (7344 -6144 -256 ) (7344 -5888 -256 ) 
3 298 300 (7336 -5792 -192 ) (7336 -5792 -248 ) (7336 -5876 -192 ) 
4 299 367 (7336 -6144 -256 ) (7336 -6144 -384 ) (7344 -6144 -384 ) (7344 -6144 -256 ) 
4 299 300 (7336 -5792 -256 ) (7336 -5792 -384 ) (7336 -6144 -384 ) (7336 -6144 -256 ) 
4 300 368 (7336 -6144 -192 ) (7168 -6144 -192 ) (7168 -6144 -384 ) (7336 -6144 -384 ) 
4 300 302 (7168 -5792 -384 ) (7168 -6144 -384 ) (7168 -6144 -192 ) (7168 -5792 -192 ) 
4 301 306 (6832 -5152 -320 ) (6832 -5152 192 ) (6640 -5152 192 ) (6640 -5152 -320 ) 
4 302 382 (7168 -6144 -384 ) (7168 -6144 -256 ) (6960 -6144 -256 ) (6960 -6144 -384 ) 
4 302 379 (7168 -6144 -256 ) (7168 -6144 256 ) (6960 -6144 256 ) (6960 -6144 -256 ) 
4 302 304 (6960 -5152 256 ) (6960 -5152 -256 ) (6960 -5184 -256 ) (6960 -5184 256 ) 
4 302 305 (6960 -5184 -256 ) (6960 -6144 -256 ) (6960 -6144 256 ) (6960 -5184 256 ) 
4 303 306 (6832 -5184 256 ) (6832 -5152 256 ) (6832 -5152 -256 ) (6832 -5184 -256 ) 
4 303 305 (6832 -5184 256 ) (6832 -5184 -256 ) (6864 -5184 -256 ) (6864 -5184 256 ) 
4 304 305 (6928 -5184 -256 ) (6960 -5184 -256 ) (6960 -5184 256 ) (6928 -5184 256 ) 
4 305 379 (6960 -6144 -256 ) (6960 -6144 256 ) (6832 -6144 256 ) (6832 -6144 -256 ) 
4 305 307 (6832 -6144 256 ) (6832 -5184 256 ) (6832 -5184 -256 ) (6832 -6144 -256 ) 
4 306 307 (6608 -5184 -320 ) (6832 -5184 -320 ) (6832 -5184 256 ) (6608 -5184 256 ) 
4 307 383 (6832 -6144 -320 ) (6832 -6144 -256 ) (6512 -6144 -256 ) (6512 -6144 -320 ) 
4 307 379 (6832 -6144 -256 ) (6832 -6144 256 ) (6512 -6144 256 ) (6512 -6144 -256 ) 
4 308 332 (7472 -6288 256 ) (7464 -6288 256 ) (7464 -6288 32 ) (7472 -6288 32 ) 
4 308 317 (7784 -6288 256 ) (7472 -6288 256 ) (7472 -6288 32 ) (7784 -6288 32 ) 
4 308 309 (7464 -6288 32 ) (7464 -6288 256 ) (7464 -6144 256 ) (7464 -6144 32 ) 
4 309 379 (7168 -6144 256 ) (7168 -6144 16 ) (7168 -6288 16 ) (7168 -6288 256 ) 
4 309 332 (7168 -6288 256 ) (7168 -6288 16 ) (7464 -6288 16 ) (7464 -6288 256 ) 
4 309 312 (7464 -6288 16 ) (7168 -6288 16 ) (7168 -6144 16 ) (7464 -6144 16 ) 
4 310 313 (7888 -6213 -64 ) (7888 -6180 -64 ) (7953 -6180 -64 ) (7953 -6213 -64 ) 
4 311 314 (7599 -6213 -64 ) (7599 -6179 -64 ) (7665 -6179 -64 ) (7665 -6213 -64 ) 
4 312 379 (7168 -6144 16 ) (7168 -6144 -64 ) (7168 -6288 -64 ) (7168 -6288 16 ) 
4 312 334 (7168 -6288 0 ) (7168 -6288 -64 ) (7464 -6288 -64 ) (7464 -6288 0 ) 
4 312 333 (7168 -6288 16 ) (7168 -6288 0 ) (7464 -6288 0 ) (7464 -6288 16 ) 
4 312 316 (7464 -6288 -64 ) (7168 -6288 -64 ) (7168 -6144 -64 ) (7464 -6144 -64 ) 
4 313 319 (7908 -6288 -192 ) (7964 -6288 -192 ) (7964 -6288 -80 ) (7908 -6288 -80 ) 
4 314 315 (7472 -6232 -108 ) (7472 -6200 -108 ) (7472 -6200 -164 ) (7472 -6232 -164 ) 
4 315 316 (7464 -6232 -108 ) (7464 -6200 -108 ) (7464 -6200 -164 ) (7464 -6232 -164 ) 
4 316 379 (7168 -6144 -64 ) (7168 -6144 -192 ) (7168 -6288 -192 ) (7168 -6288 -64 ) 
4 316 371 (7168 -6288 -192 ) (7168 -6168 -192 ) (7464 -6168 -192 ) (7464 -6288 -192 ) 
4 316 370 (7168 -6168 -192 ) (7168 -6160 -192 ) (7336 -6160 -192 ) (7336 -6168 -192 ) 
4 316 368 (7168 -6160 -192 ) (7168 -6144 -192 ) (7336 -6144 -192 ) (7336 -6160 -192 ) 
4 316 334 (7168 -6288 -64 ) (7168 -6288 -192 ) (7464 -6288 -192 ) (7464 -6288 -64 ) 
4 317 332 (7472 -6288 256 ) (7472 -6288 16 ) (7472 -6416 16 ) (7472 -6416 256 ) 
4 317 321 (7472 -6416 256 ) (7472 -6416 16 ) (7784 -6416 16 ) (7784 -6416 256 ) 
4 318 327 (7512 -6416 -56 ) (7624 -6416 -56 ) (7624 -6416 -8 ) (7512 -6416 -8 ) 
4 318 325 (7704 -6416 -56 ) (7816 -6416 -56 ) (7816 -6416 -8 ) (7704 -6416 -8 ) 
4 318 323 (7896 -6416 -56 ) (8008 -6416 -56 ) (8008 -6416 -8 ) (7896 -6416 -8 ) 
4 318 320 (8048 -6416 -80 ) (7472 -6416 -80 ) (7472 -6296 -80 ) (8048 -6296 -80 ) 
4 319 320 (7964 -6296 -80 ) (7908 -6296 -80 ) (7908 -6296 -192 ) (7964 -6296 -192 ) 
4 320 330 (7540 -6416 -192 ) (7596 -6416 -192 ) (7596 -6416 -80 ) (7540 -6416 -80 ) 
4 321 332 (7472 -6688 16 ) (7472 -6688 256 ) (7472 -6416 256 ) (7472 -6416 16 ) 
4 322 329 (7472 -6688 -8 ) (7472 -6432 -8 ) (8048 -6432 -8 ) (8048 -6688 -8 ) 
4 323 324 (7896 -6420 -8 ) (7896 -6420 -56 ) (8008 -6420 -56 ) (8008 -6420 -8 ) 
4 324 329 (7896 -6432 -56 ) (8008 -6432 -56 ) (8008 -6432 -8 ) (7896 -6432 -8 ) 
4 325 326 (7704 -6420 -8 ) (7704 -6420 -56 ) (7816 -6420 -56 ) (7816 -6420 -8 ) 
4 326 329 (7704 -6432 -56 ) (7816 -6432 -56 ) (7816 -6432 -8 ) (7704 -6432 -8 ) 
4 327 328 (7512 -6420 -8 ) (7512 -6420 -56 ) (7624 -6420 -56 ) (7624 -6420 -8 ) 
4 328 329 (7512 -6432 -56 ) (7624 -6432 -56 ) (7624 -6432 -8 ) (7512 -6432 -8 ) 
4 329 337 (7624 -6688 -8 ) (7512 -6688 -8 ) (7512 -6688 -56 ) (7624 -6688 -56 ) 
4 329 336 (7816 -6688 -8 ) (7704 -6688 -8 ) (7704 -6688 -56 ) (7816 -6688 -56 ) 
4 329 335 (8008 -6688 -8 ) (7896 -6688 -8 ) (7896 -6688 -56 ) (8008 -6688 -56 ) 
4 329 331 (7472 -6688 -56 ) (7472 -6432 -56 ) (8048 -6432 -56 ) (8048 -6688 -56 ) 
4 330 331 (7596 -6432 -80 ) (7540 -6432 -80 ) (7540 -6432 -192 ) (7596 -6432 -192 ) 
4 331 348 (8048 -6624 -192 ) (8048 -6688 -192 ) (7472 -6688 -192 ) (7472 -6624 -192 ) 
4 331 346 (7536 -6624 -192 ) (7472 -6624 -192 ) (7472 -6560 -192 ) (7536 -6560 -192 ) 
4 331 345 (7472 -6560 -192 ) (7472 -6496 -192 ) (7536 -6496 -192 ) (7536 -6560 -192 ) 
4 331 344 (7984 -6624 -192 ) (7536 -6624 -192 ) (7536 -6496 -192 ) (7984 -6496 -192 ) 
4 331 343 (8048 -6496 -192 ) (8048 -6624 -192 ) (7984 -6624 -192 ) (7984 -6496 -192 ) 
4 331 341 (8048 -6432 -192 ) (8048 -6496 -192 ) (7472 -6496 -192 ) (7472 -6432 -192 ) 
4 332 381 (7168 -6688 16 ) (7168 -6688 256 ) (7168 -6656 256 ) (7168 -6656 16 ) 
4 332 379 (7168 -6656 256 ) (7168 -6288 256 ) (7168 -6288 16 ) (7168 -6656 16 ) 
4 332 333 (7168 -6288 16 ) (7464 -6288 16 ) (7464 -6688 16 ) (7168 -6688 16 ) 
4 333 381 (7168 -6688 0 ) (7168 -6688 16 ) (7168 -6656 16 ) (7168 -6656 0 ) 
4 333 379 (7168 -6656 16 ) (7168 -6288 16 ) (7168 -6288 0 ) (7168 -6656 0 ) 
4 333 334 (7168 -6288 0 ) (7464 -6288 0 ) (7464 -6688 0 ) (7168 -6688 0 ) 
4 334 381 (7168 -6656 -192 ) (7168 -6688 -192 ) (7168 -6688 0 ) (7168 -6656 0 ) 
4 334 379 (7168 -6288 -192 ) (7168 -6656 -192 ) (7168 -6656 0 ) (7168 -6288 0 ) 
4 334 371 (7168 -6688 -192 ) (7168 -6288 -192 ) (7464 -6288 -192 ) (7464 -6688 -192 ) 
4 340 354 (8048 -6504 -384 ) (8048 -6624 -384 ) (8048 -6624 -256 ) (8048 -6504 -256 ) 
4 341 345 (7472 -6496 -192 ) (7472 -6496 -196 ) (7536 -6496 -196 ) (7536 -6496 -192 ) 
4 341 344 (7536 -6496 -196 ) (7984 -6496 -196 ) (7984 -6496 -192 ) (7536 -6496 -192 ) 
4 341 343 (7984 -6496 -196 ) (8048 -6496 -196 ) (8048 -6496 -192 ) (7984 -6496 -192 ) 
4 341 342 (8048 -6496 -196 ) (7472 -6496 -196 ) (7472 -6432 -196 ) (8048 -6432 -196 ) 
4 342 353 (7472 -6496 -200 ) (7472 -6432 -200 ) (8048 -6432 -200 ) (8048 -6496 -200 ) 
4 342 347 (7472 -6496 -196 ) (7472 -6496 -200 ) (8048 -6496 -200 ) (8048 -6496 -196 ) 
4 343 348 (7984 -6624 -196 ) (8048 -6624 -196 ) (8048 -6624 -192 ) (7984 -6624 -192 ) 
4 343 347 (8048 -6624 -196 ) (7984 -6624 -196 ) (7984 -6496 -196 ) (8048 -6496 -196 ) 
4 343 344 (7984 -6496 -192 ) (7984 -6496 -196 ) (7984 -6624 -196 ) (7984 -6624 -192 ) 
4 344 348 (7536 -6624 -196 ) (7984 -6624 -196 ) (7984 -6624 -192 ) (7536 -6624 -192 ) 
4 344 346 (7536 -6560 -196 ) (7536 -6624 -196 ) (7536 -6624 -192 ) (7536 -6560 -192 ) 
4 344 345 (7536 -6496 -192 ) (7536 -6496 -196 ) (7536 -6560 -196 ) (7536 -6560 -192 ) 
4 344 347 (7984 -6624 -196 ) (7536 -6624 -196 ) (7536 -6496 -196 ) (7984 -6496 -196 ) 
4 345 347 (7472 -6560 -196 ) (7472 -6496 -196 ) (7536 -6496 -196 ) (7536 -6560 -196 ) 
4 345 346 (7472 -6560 -192 ) (7472 -6560 -196 ) (7536 -6560 -196 ) (7536 -6560 -192 ) 
4 346 348 (7472 -6624 -192 ) (7472 -6624 -196 ) (7536 -6624 -196 ) (7536 -6624 -192 ) 
4 346 347 (7536 -6624 -196 ) (7472 -6624 -196 ) (7472 -6560 -196 ) (7536 -6560 -196 ) 
4 347 359 (7472 -6624 -200 ) (7472 -6496 -200 ) (7536 -6496 -200 ) (7536 -6624 -200 ) 
4 347 355 (7632 -6496 -200 ) (7696 -6496 -200 ) (7696 -6624 -200 ) (7632 -6624 -200 ) 
4 347 354 (7696 -6496 -200 ) (8048 -6496 -200 ) (8048 -6624 -200 ) (7696 -6624 -200 ) 
4 347 358 (7536 -6496 -200 ) (7632 -6496 -200 ) (7632 -6624 -200 ) (7536 -6624 -200 ) 
4 347 349 (7472 -6624 -196 ) (7472 -6624 -200 ) (8048 -6624 -200 ) (8048 -6624 -196 ) 
4 348 349 (8048 -6688 -196 ) (7472 -6688 -196 ) (7472 -6624 -196 ) (8048 -6624 -196 ) 
4 349 362 (7472 -6688 -200 ) (7472 -6624 -200 ) (8048 -6624 -200 ) (8048 -6688 -200 ) 
4 350 353 (8048 -6400 -384 ) (8048 -6400 -200 ) (7864 -6400 -200 ) (7864 -6400 -384 ) 
4 351 353 (7848 -6400 -200 ) (7672 -6400 -200 ) (7672 -6400 -384 ) (7848 -6400 -384 ) 
4 352 353 (7656 -6400 -200 ) (7472 -6400 -200 ) (7472 -6400 -384 ) (7656 -6400 -384 ) 
4 353 360 (7472 -6496 -320 ) (7472 -6496 -322 ) (7536 -6496 -322 ) (7536 -6496 -320 ) 
4 353 359 (7536 -6496 -200 ) (7472 -6496 -200 ) (7472 -6496 -320 ) (7536 -6496 -320 ) 
4 353 361 (7472 -6496 -322 ) (7472 -6496 -384 ) (7536 -6496 -384 ) (7536 -6496 -322 ) 
4 353 356 (7632 -6496 -256 ) (7632 -6496 -258 ) (7696 -6496 -258 ) (7696 -6496 -256 ) 
4 353 355 (7696 -6496 -200 ) (7632 -6496 -200 ) (7632 -6496 -256 ) (7696 -6496 -256 ) 
4 353 357 (7632 -6496 -258 ) (7632 -6496 -384 ) (7696 -6496 -384 ) (7696 -6496 -258 ) 
4 353 354 (8048 -6496 -384 ) (8048 -6496 -200 ) (7696 -6496 -200 ) (7696 -6496 -384 ) 
4 353 358 (7632 -6496 -200 ) (7536 -6496 -200 ) (7536 -6496 -384 ) (7632 -6496 -384 ) 
4 354 356 (7696 -6496 -256 ) (7696 -6496 -258 ) (7696 -6624 -258 ) (7696 -6624 -256 ) 
4 354 355 (7696 -6496 -200 ) (7696 -6496 -256 ) (7696 -6624 -256 ) (7696 -6624 -200 ) 
4 354 357 (7696 -6496 -258 ) (7696 -6496 -384 ) (7696 -6624 -384 ) (7696 -6624 -258 ) 
4 354 362 (8048 -6624 -384 ) (8048 -6624 -200 ) (7696 -6624 -200 ) (7696 -6624 -384 ) 
4 355 358 (7632 -6496 -200 ) (7632 -6496 -256 ) (7632 -6624 -256 ) (7632 -6624 -200 ) 
4 355 362 (7696 -6624 -200 ) (7632 -6624 -200 ) (7632 -6624 -256 ) (7696 -6624 -256 ) 
4 355 356 (7632 -6624 -256 ) (7632 -6496 -256 ) (7696 -6496 -256 ) (7696 -6624 -256 ) 
4 356 357 (7632 -6624 -258 ) (7632 -6496 -258 ) (7696 -6496 -258 ) (7696 -6624 -258 ) 
4 356 358 (7632 -6496 -256 ) (7632 -6496 -258 ) (7632 -6624 -258 ) (7632 -6624 -256 ) 
4 356 362 (7632 -6624 -256 ) (7632 -6624 -258 ) (7696 -6624 -258 ) (7696 -6624 -256 ) 
4 357 362 (7632 -6624 -258 ) (7632 -6624 -384 ) (7696 -6624 -384 ) (7696 -6624 -258 ) 
4 357 358 (7632 -6496 -258 ) (7632 -6496 -384 ) (7632 -6624 -384 ) (7632 -6624 -258 ) 
4 358 360 (7536 -6496 -320 ) (7536 -6496 -322 ) (7536 -6624 -322 ) (7536 -6624 -320 ) 
4 358 359 (7536 -6496 -200 ) (7536 -6496 -320 ) (7536 -6624 -320 ) (7536 -6624 -200 ) 
4 358 361 (7536 -6496 -322 ) (7536 -6496 -384 ) (7536 -6624 -384 ) (7536 -6624 -322 ) 
4 358 362 (7632 -6624 -200 ) (7536 -6624 -200 ) (7536 -6624 -384 ) (7632 -6624 -384 ) 
4 359 362 (7536 -6624 -200 ) (7472 -6624 -200 ) (7472 -6624 -320 ) (7536 -6624 -320 ) 
4 359 360 (7472 -6496 -320 ) (7536 -6496 -320 ) (7536 -6624 -320 ) (7472 -6624 -320 ) 
4 360 361 (7472 -6496 -322 ) (7536 -6496 -322 ) (7536 -6624 -322 ) (7472 -6624 -322 ) 
4 360 362 (7472 -6624 -320 ) (7472 -6624 -322 ) (7536 -6624 -322 ) (7536 -6624 -320 ) 
4 361 362 (7472 -6624 -322 ) (7472 -6624 -384 ) (7536 -6624 -384 ) (7536 -6624 -322 ) 
4 362 364 (7848 -6720 -200 ) (7672 -6720 -200 ) (7672 -6720 -384 ) (7848 -6720 -384 ) 
4 362 365 (7656 -6720 -200 ) (7472 -6720 -200 ) (7472 -6720 -384 ) (7656 -6720 -384 ) 
4 362 363 (8048 -6720 -384 ) (8048 -6720 -200 ) (7864 -6720 -200 ) (7864 -6720 -384 ) 
4 366 369 (7344 -6160 -384 ) (7464 -6160 -384 ) (7464 -6160 -256 ) (7344 -6160 -256 ) 
4 366 367 (7344 -6144 -384 ) (7344 -6160 -384 ) (7344 -6160 -256 ) (7344 -6144 -256 ) 
4 367 369 (7336 -6160 -384 ) (7344 -6160 -384 ) (7344 -6160 -256 ) (7336 -6160 -256 ) 
4 367 368 (7336 -6144 -384 ) (7336 -6160 -384 ) (7336 -6160 -256 ) (7336 -6144 -256 ) 
4 368 382 (7168 -6144 -256 ) (7168 -6144 -384 ) (7168 -6160 -384 ) (7168 -6160 -256 ) 
4 368 379 (7168 -6144 -192 ) (7168 -6144 -256 ) (7168 -6160 -256 ) (7168 -6160 -192 ) 
4 368 370 (7168 -6160 -384 ) (7336 -6160 -384 ) (7336 -6160 -192 ) (7168 -6160 -192 ) 
4 369 371 (7336 -6168 -384 ) (7464 -6168 -384 ) (7464 -6168 -256 ) (7336 -6168 -256 ) 
4 369 370 (7336 -6160 -256 ) (7336 -6160 -384 ) (7336 -6168 -384 ) (7336 -6168 -256 ) 
4 370 382 (7168 -6160 -384 ) (7168 -6168 -384 ) (7168 -6168 -256 ) (7168 -6160 -256 ) 
4 370 379 (7168 -6168 -256 ) (7168 -6168 -192 ) (7168 -6160 -192 ) (7168 -6160 -256 ) 
4 370 371 (7168 -6168 -384 ) (7336 -6168 -384 ) (7336 -6168 -192 ) (7168 -6168 -192 ) 
4 371 382 (7168 -6168 -384 ) (7168 -6688 -384 ) (7168 -6688 -256 ) (7168 -6168 -256 ) 
4 371 381 (7168 -6688 -256 ) (7168 -6688 -192 ) (7168 -6656 -192 ) (7168 -6656 -256 ) 
4 371 379 (7168 -6656 -192 ) (7168 -6168 -192 ) (7168 -6168 -256 ) (7168 -6656 -256 ) 
4 372 373 (8064 -7456 32 ) (8096 -7456 32 ) (8096 -7456 88 ) (8064 -7456 88 ) 
4 373 375 (8052 -7648 0 ) (8108 -7648 0 ) (8108 -7648 112 ) (8052 -7648 112 ) 
4 374 376 (7984 -7768 112 ) (7984 -7656 112 ) (8192 -7656 112 ) (8192 -7768 112 ) 
4 375 376 (8052 -7656 0 ) (8108 -7656 0 ) (8108 -7656 112 ) (8052 -7656 112 ) 
4 376 378 (7984 -7728 88 ) (7984 -7696 88 ) (7984 -7696 32 ) (7984 -7728 32 ) 
4 376 377 (8052 -7768 0 ) (8108 -7768 0 ) (8108 -7768 112 ) (8052 -7768 112 ) 
4 379 383 (6512 -6656 -256 ) (6512 -6144 -256 ) (6832 -6144 -256 ) (6832 -6656 -256 ) 
4 379 382 (6960 -6144 -256 ) (7168 -6144 -256 ) (7168 -6656 -256 ) (6960 -6656 -256 ) 
4 379 381 (6928 -6656 -256 ) (7168 -6656 -256 ) (7168 -6656 256 ) (6928 -6656 256 ) 
4 379 380 (6608 -6656 -256 ) (6864 -6656 -256 ) (6864 -6656 256 ) (6608 -6656 256 ) 
4 380 384 (6640 -6688 192 ) (6640 -6688 -256 ) (6832 -6688 -256 ) (6832 -6688 192 ) 
4 380 383 (6832 -6688 -256 ) (6640 -6688 -256 ) (6608 -6656 -256 ) (6832 -6656 -256 ) 
4 381 382 (7168 -6688 -256 ) (6960 -6688 -256 ) (6960 -6656 -256 ) (7168 -6656 -256 ) 
4 383 384 (6832 -6688 -256 ) (6640 -6688 -256 ) (6640 -6688 -320 ) (6832 -6688 -320 ) 
4 384 385 (6832 -7168 192 ) (6640 -7168 192 ) (6640 -7168 -320 ) (6832 -7168 -320 ) 
4 385 387 (6656 -7416 -320 ) (6816 -7416 -320 ) (6816 -7416 64 ) (6656 -7416 64 ) 
4 385 386 (6640 -7416 192 ) (6640 -7416 64 ) (6832 -7416 64 ) (6832 -7416 192 ) 
4 386 387 (6816 -7432 64 ) (6656 -7432 64 ) (6656 -7416 64 ) (6816 -7416 64 ) 
4 386 388 (6640 -7432 192 ) (6640 -7432 64 ) (6832 -7432 64 ) (6832 -7432 192 ) 
4 387 388 (6656 -7432 -320 ) (6816 -7432 -320 ) (6816 -7432 64 ) (6656 -7432 64 ) 
4 388 391 (6832 -8192 192 ) (6640 -8192 192 ) (6640 -8192 -320 ) (6832 -8192 -320 ) 
4 389 390 (8880 -9216 288 ) (8880 -9216 480 ) (8368 -9216 480 ) (8368 -9216 288 ) 
4 391 392 (6832 -9216 192 ) (6640 -9216 192 ) (6640 -9216 -320 ) (6832 -9216 -320 ) 
4 392 393 (6832 -10240 192 ) (6640 -10240 192 ) (6640 -10240 -320 ) (6832 -10240 -320 ) 
4 394 397 (-2048 0 256 ) (-2048 0 2048 ) (-2048 704 2048 ) (-2048 704 256 ) 
4 394 395 (-1024 0 256 ) (-1024 0 2048 ) (-2048 0 2048 ) (-2048 0 256 ) 
4 395 403 (-2048 -320 256 ) (-2048 -320 2048 ) (-2048 0 2048 ) (-2048 0 256 ) 
4 395 396 (-2048 -320 2048 ) (-2048 -320 256 ) (-1024 -320 256 ) (-1024 -320 2048 ) 
4 396 446 (-2048 -1024 192 ) (-2048 -1024 -320 ) (-1536 -1024 -320 ) (-1536 -1024 192 ) 
4 396 445 (-1536 -1024 2048 ) (-2048 -1024 2048 ) (-2048 -1024 192 ) (-1536 -1024 192 ) 
4 396 444 (-1024 -1024 -320 ) (-1024 -1024 192 ) (-1536 -1024 192 ) (-1536 -1024 -320 ) 
4 396 443 (-1024 -1024 192 ) (-1024 -1024 2048 ) (-1536 -1024 2048 ) (-1536 -1024 192 ) 
4 396 404 (-2048 -1024 -320 ) (-2048 -1024 256 ) (-2048 -320 256 ) (-2048 -320 -320 ) 
4 396 403 (-2048 -1024 256 ) (-2048 -1024 2048 ) (-2048 -320 2048 ) (-2048 -320 256 ) 
4 397 403 (-2048 0 256 ) (-2048 0 2048 ) (-2560 0 2048 ) (-2560 0 256 ) 
4 397 398 (-2560 704 2048 ) (-2560 704 576 ) (-2560 0 576 ) (-2560 0 2048 ) 
4 398 405 (-2560 0 576 ) (-2560 0 2048 ) (-3072 0 2048 ) (-3072 0 576 ) 
4 398 400 (-3072 0 576 ) (-3072 0 2048 ) (-3072 704 2048 ) (-3072 704 576 ) 
4 398 399 (-3072 0 576 ) (-3072 704 576 ) (-2576 704 576 ) (-2576 0 576 ) 
4 399 406 (-2576 0 576 ) (-3072 0 576 ) (-3072 0 384 ) (-2576 0 384 ) 
4 399 401 (-3072 0 384 ) (-3072 0 576 ) (-3072 704 576 ) (-3072 704 384 ) 
4 400 423 (-4096 0 576 ) (-4096 0 2048 ) (-4096 704 2048 ) (-4096 704 576 ) 
4 400 414 (-3264 0 2048 ) (-4096 0 2048 ) (-4096 0 576 ) (-3264 0 576 ) 
4 400 411 (-3248 0 2048 ) (-3264 0 2048 ) (-3264 0 576 ) (-3248 0 576 ) 
4 400 410 (-3072 0 576 ) (-3072 0 2048 ) (-3248 0 2048 ) (-3248 0 576 ) 
4 400 401 (-3072 0 576 ) (-3248 0 576 ) (-3248 704 576 ) (-3072 704 576 ) 
4 400 402 (-3264 0 576 ) (-4096 0 576 ) (-4096 704 576 ) (-3264 704 576 ) 
4 401 410 (-3072 0 384 ) (-3072 0 576 ) (-3248 0 576 ) (-3248 0 384 ) 
4 402 423 (-4096 0 384 ) (-4096 0 576 ) (-4096 704 576 ) (-4096 704 384 ) 
4 402 414 (-3264 0 576 ) (-4096 0 576 ) (-4096 0 384 ) (-3264 0 384 ) 
4 403 450 (-2048 -1024 256 ) (-2048 -1024 2048 ) (-2560 -1024 2048 ) (-2560 -1024 256 ) 
5 403 409 (-2560 -1024 256 ) (-2560 -1024 291.414215 ) (-2560 -960 304 ) (-2560 -721 257 ) (-2560 -719.514709 256 ) 
4 403 407 (-2560 -1024 416 ) (-2560 -1024 2048 ) (-2560 -320 2048 ) (-2560 -320 416 ) 
4 403 405 (-2560 -320 2048 ) (-2560 0 2048 ) (-2560 0 576 ) (-2560 -320 576 ) 
4 403 404 (-2560 -1024 256 ) (-2560 -320 256 ) (-2048 -320 256 ) (-2048 -1024 256 ) 
4 404 451 (-2048 -1024 -320 ) (-2048 -1024 192 ) (-2560 -1024 192 ) (-2560 -1024 -320 ) 
4 404 450 (-2048 -1024 192 ) (-2048 -1024 256 ) (-2560 -1024 256 ) (-2560 -1024 192 ) 
6 404 409 (-2560 -1024 -320 ) (-2560 -1024 256 ) (-2560 -719.514771 256 ) (-2560 -519 121 ) (-2560 -383 -81 ) (-2560 -336 -320 ) 
4 405 410 (-3072 0 2048 ) (-3072 0 576 ) (-3072 -320 576 ) (-3072 -320 2048 ) 
4 405 407 (-2560 -320 576 ) (-2560 -320 2048 ) (-2576 -320 2048 ) (-2576 -320 576 ) 
4 405 408 (-2576 -320 2048 ) (-3072 -320 2048 ) (-3072 -320 576 ) (-2576 -320 576 ) 
4 405 406 (-2576 -320 576 ) (-3072 -320 576 ) (-3072 0 576 ) (-2576 0 576 ) 
4 406 410 (-3072 0 576 ) (-3072 0 384 ) (-3072 -320 384 ) (-3072 -320 576 ) 
4 406 408 (-3072 -320 384 ) (-2576 -320 384 ) (-2576 -320 576 ) (-3072 -320 576 ) 
4 407 452 (-2560 -1024 416 ) (-2560 -1024 2048 ) (-2576 -1024 2048 ) (-2576 -1024 416 ) 
4 407 408 (-2576 -1024 2048 ) (-2576 -320 2048 ) (-2576 -320 416 ) (-2576 -1024 416 ) 
4 408 453 (-3072 -1024 416 ) (-3072 -1024 384 ) (-2576 -1024 384 ) (-2576 -1024 416 ) 
4 408 452 (-2576 -1024 2048 ) (-3072 -1024 2048 ) (-3072 -1024 416 ) (-2576 -1024 416 ) 
4 408 412 (-3072 -320 384 ) (-3072 -1024 384 ) (-3072 -1024 2048 ) (-3072 -320 2048 ) 
4 409 456 (-2560 -1024 -320 ) (-2560 -1024 291.414246 ) (-3072 -1024 291.414246 ) (-3072 -1024 -320 ) 
7 409 413 (-3072 -336 -320 ) (-3072 -1024 -320 ) (-3072 -1024 291.414246 ) (-3072 -960 304 ) (-3072 -721 257 ) (-3072 -519 121 ) (-3072 -383 -81 ) 
4 410 412 (-3248 -320 384 ) (-3072 -320 384 ) (-3072 -320 2048 ) (-3248 -320 2048 ) 
4 410 411 (-3248 -320 576 ) (-3248 -320 2048 ) (-3248 0 2048 ) (-3248 0 576 ) 
4 411 414 (-3264 0 2048 ) (-3264 0 576 ) (-3264 -320 576 ) (-3264 -320 2048 ) 
4 411 412 (-3264 -320 2048 ) (-3264 -320 576 ) (-3248 -320 576 ) (-3248 -320 2048 ) 
4 412 457 (-3072 -1024 384 ) (-3072 -1024 2048 ) (-3264 -1024 2048 ) (-3264 -1024 384 ) 
4 412 414 (-3264 -1024 384 ) (-3264 -1024 2048 ) (-3264 -320 2048 ) (-3264 -320 384 ) 
4 413 458 (-3072 -1024 -320 ) (-3072 -1024 291.414246 ) (-3264 -1024 291.414246 ) (-3264 -1024 -320 ) 
4 413 422 (-3264 -1024 -320 ) (-3264 -1024 -192 ) (-3264 -361.171539 -192 ) (-3264 -336 -320 ) 
5 413 421 (-3264 -1024 -192 ) (-3264 -1024 64 ) (-3264 -480.623779 64 ) (-3264 -383 -81 ) (-3264 -361.171539 -192 ) 
4 413 418 (-3264 -1024 64 ) (-3264 -1024 112 ) (-3264 -512.940613 112 ) (-3264 -480.623779 64 ) 
5 413 415 (-3264 -1024 176 ) (-3264 -1024 291.414246 ) (-3264 -960 304 ) (-3264 -721 257 ) (-3264 -600.691162 176 ) 
4 414 461 (-3264 -1024 384 ) (-3264 -1024 2048 ) (-4096 -1024 2048 ) (-4096 -1024 384 ) 
4 414 424 (-4096 -1024 384 ) (-4096 -1024 2048 ) (-4096 0 2048 ) (-4096 0 384 ) 
4 415 462 (-3264 -1024 176 ) (-3264 -1024 304 ) (-3280 -1024 304 ) (-3280 -1024 176 ) 
4 415 416 (-3280 -336 304 ) (-3280 -336 176 ) (-3280 -1024 176 ) (-3280 -1024 304 ) 
4 416 463 (-3280 -1024 304 ) (-3312 -1024 304 ) (-3312 -1024 176 ) (-3280 -1024 176 ) 
4 416 417 (-3312 -336 304 ) (-3312 -336 176 ) (-3312 -1024 176 ) (-3312 -1024 304 ) 
4 417 464 (-3312 -1024 304 ) (-4096 -1024 304 ) (-4096 -1024 176 ) (-3312 -1024 176 ) 
4 417 425 (-4096 -1024 176 ) (-4096 -1024 304 ) (-4096 -336 304 ) (-4096 -336 176 ) 
4 417 419 (-4096 -336 176 ) (-3328 -336 176 ) (-3328 -1024 176 ) (-4096 -1024 176 ) 
4 418 465 (-3264 -1024 64 ) (-3264 -1024 112 ) (-3328 -1024 112 ) (-3328 -1024 64 ) 
4 418 421 (-3328 -336 64 ) (-3264 -336 64 ) (-3264 -1024 64 ) (-3328 -1024 64 ) 
4 418 419 (-3328 -336 112 ) (-3328 -336 64 ) (-3328 -1024 64 ) (-3328 -1024 112 ) 
4 419 466 (-3328 -1024 176 ) (-4096 -1024 176 ) (-4096 -1024 64 ) (-3328 -1024 64 ) 
4 419 425 (-4096 -1024 64 ) (-4096 -1024 176 ) (-4096 -336 176 ) (-4096 -336 64 ) 
4 419 421 (-4096 -1024 64 ) (-4096 -336 64 ) (-3328 -336 64 ) (-3328 -1024 64 ) 
4 420 426 (-4096 -336 64 ) (-4096 -320 64 ) (-4096 -320 -192 ) (-4096 -336 -192 ) 
4 420 421 (-4096 -336 -192 ) (-3264 -336 -192 ) (-3264 -336 64 ) (-4096 -336 64 ) 
4 421 467 (-3264 -1024 -192 ) (-3264 -1024 64 ) (-4096 -1024 64 ) (-4096 -1024 -192 ) 
4 421 427 (-4096 -1024 -192 ) (-4096 -1024 64 ) (-4096 -336 64 ) (-4096 -336 -192 ) 
4 421 422 (-3264 -336 -192 ) (-3264 -1024 -192 ) (-4096 -1024 -192 ) (-4096 -336 -192 ) 
4 422 469 (-3264 -1024 -320 ) (-3264 -1024 -192 ) (-4096 -1024 -192 ) (-4096 -1024 -320 ) 
4 422 428 (-4096 -1024 -320 ) (-4096 -1024 -192 ) (-4096 -336 -192 ) (-4096 -336 -320 ) 
4 423 424 (-4096 0 384 ) (-4096 0 2048 ) (-4608 0 2048 ) (-4608 0 384 ) 
4 424 477 (-4096 -1024 384 ) (-4096 -1024 2048 ) (-4608 -1024 2048 ) (-4608 -1024 384 ) 
4 425 478 (-4096 -1024 64 ) (-4096 -1024 304 ) (-4608 -1024 304 ) (-4608 -1024 64 ) 
4 425 432 (-4608 -384 64 ) (-4608 -1024 64 ) (-4608 -1024 80 ) (-4608 -384 80 ) 
4 425 429 (-4608 -1024 144 ) (-4608 -1024 272 ) (-4608 -384 272 ) (-4608 -384 144 ) 
4 425 427 (-4608 -1024 64 ) (-4608 -336 64 ) (-4096 -336 64 ) (-4096 -1024 64 ) 
4 426 427 (-4608 -336 -192 ) (-4096 -336 -192 ) (-4096 -336 64 ) (-4608 -336 64 ) 
4 427 479 (-4096 -1024 -192 ) (-4096 -1024 64 ) (-4608 -1024 64 ) (-4608 -1024 -192 ) 
4 427 432 (-4608 -384 -192 ) (-4608 -1024 -192 ) (-4608 -1024 64 ) (-4608 -384 64 ) 
4 427 428 (-4096 -1024 -192 ) (-4608 -1024 -192 ) (-4608 -336 -192 ) (-4096 -336 -192 ) 
4 428 481 (-4096 -1024 -320 ) (-4096 -1024 -192 ) (-4608 -1024 -192 ) (-4608 -1024 -320 ) 
4 428 432 (-4608 -384 -320 ) (-4608 -1024 -320 ) (-4608 -1024 -192 ) (-4608 -384 -192 ) 
4 429 482 (-4608 -1024 144 ) (-4608 -1024 272 ) (-4624 -1024 272 ) (-4624 -1024 144 ) 
4 429 430 (-4624 -384 144 ) (-4624 -1024 144 ) (-4624 -1024 272 ) (-4624 -384 272 ) 
4 430 483 (-4624 -1024 272 ) (-4656 -1024 272 ) (-4656 -1024 144 ) (-4624 -1024 144 ) 
4 430 431 (-4656 -384 144 ) (-4656 -1024 144 ) (-4656 -1024 272 ) (-4656 -384 272 ) 
4 431 484 (-4656 -1024 272 ) (-4672 -1024 272 ) (-4672 -1024 144 ) (-4656 -1024 144 ) 
4 432 485 (-4608 -1024 -320 ) (-4608 -1024 80 ) (-4672 -1024 80 ) (-4672 -1024 -320 ) 
4 432 433 (-4672 -1024 -320 ) (-4672 -1024 -32 ) (-4672 -640 -32 ) (-4672 -640 -320 ) 
4 433 486 (-4672 -1024 -320 ) (-4672 -1024 -32 ) (-4704 -1024 -32 ) (-4704 -1024 -320 ) 
4 433 434 (-4704 -640 -32 ) (-4704 -640 -320 ) (-4704 -1024 -320 ) (-4704 -1024 -32 ) 
4 434 487 (-4704 -1024 0 ) (-5120 -1024 0 ) (-5120 -1024 -320 ) (-4704 -1024 -320 ) 
4 434 436 (-5120 -992 0 ) (-5120 -928 0 ) (-5120 -928 -320 ) (-5120 -992 -320 ) 
4 434 438 (-5120 -1024 -320 ) (-5120 -1024 0 ) (-5120 -992 0 ) (-5120 -992 -320 ) 
4 434 435 (-5120 -928 0 ) (-5120 -640 0 ) (-5120 -640 -320 ) (-5120 -928 -320 ) 
4 435 439 (-6144 -928 0 ) (-6144 -640 0 ) (-6144 -640 -320 ) (-6144 -928 -320 ) 
4 435 436 (-5568 -928 -320 ) (-5120 -928 -320 ) (-5120 -928 0 ) (-5568 -928 0 ) 
4 435 437 (-6112 -928 -320 ) (-5632 -928 -320 ) (-5632 -928 0 ) (-6112 -928 0 ) 
4 436 438 (-5568 -992 -320 ) (-5120 -992 -320 ) (-5120 -992 0 ) (-5568 -992 0 ) 
4 437 438 (-6112 -992 -320 ) (-5632 -992 -320 ) (-5632 -992 0 ) (-6112 -992 0 ) 
4 438 489 (-5120 -1024 -320 ) (-5120 -1024 0 ) (-6144 -1024 0 ) (-6144 -1024 -320 ) 
4 438 442 (-6144 -1024 -320 ) (-6144 -1024 0 ) (-6144 -992 0 ) (-6144 -992 -320 ) 
4 439 492 (-7168 -704 0 ) (-7168 -640 0 ) (-7168 -640 -320 ) (-7168 -704 -320 ) 
4 439 494 (-7168 -928 0 ) (-7168 -704 0 ) (-7168 -704 -320 ) (-7168 -928 -320 ) 
4 439 440 (-6624 -928 -320 ) (-6176 -928 -320 ) (-6176 -928 0 ) (-6624 -928 0 ) 
4 439 441 (-7136 -928 -320 ) (-6688 -928 -320 ) (-6688 -928 0 ) (-7136 -928 0 ) 
4 440 442 (-6624 -992 -320 ) (-6176 -992 -320 ) (-6176 -992 0 ) (-6624 -992 0 ) 
4 441 442 (-7136 -992 -320 ) (-6688 -992 -320 ) (-6688 -992 0 ) (-7136 -992 0 ) 
4 442 497 (-7168 -1024 -320 ) (-7168 -1024 0 ) (-7168 -992 0 ) (-7168 -992 -320 ) 
4 442 490 (-6144 -1024 -320 ) (-6144 -1024 0 ) (-7168 -1024 0 ) (-7168 -1024 -320 ) 
4 443 447 (-1024 -2048 192 ) (-1024 -2048 2048 ) (-1536 -2048 2048 ) (-1536 -2048 192 ) 
4 443 445 (-1536 -1024 2048 ) (-1536 -1024 192 ) (-1536 -2048 192 ) (-1536 -2048 2048 ) 
4 443 444 (-1536 -1408 192 ) (-1536 -1024 192 ) (-1024 -1024 192 ) (-1024 -1408 192 ) 
4 444 446 (-1536 -1024 192 ) (-1536 -1024 -320 ) (-1536 -1408 -320 ) (-1536 -1408 192 ) 
4 445 450 (-2048 -1024 2048 ) (-2048 -1024 192 ) (-2048 -2048 192 ) (-2048 -2048 2048 ) 
4 445 448 (-1536 -2048 192 ) (-1536 -2048 2048 ) (-2048 -2048 2048 ) (-2048 -2048 192 ) 
4 445 446 (-2048 -1024 192 ) (-1536 -1024 192 ) (-1536 -1600 192 ) (-2048 -1600 192 ) 
4 446 451 (-2048 -1024 192 ) (-2048 -1024 -320 ) (-2048 -1600 -320 ) (-2048 -1600 192 ) 
4 447 449 (-1536 -2112 576 ) (-1536 -2112 2048 ) (-1536 -2080 2048 ) (-1536 -2080 576 ) 
4 447 448 (-1536 -2080 2048 ) (-1536 -2048 2048 ) (-1536 -2048 192 ) (-1536 -2080 192 ) 
4 448 470 (-2048 -2080 2048 ) (-2048 -2048 2048 ) (-2048 -2048 192 ) (-2048 -2080 192 ) 
4 448 449 (-1536 -2080 576 ) (-1536 -2080 2048 ) (-2048 -2080 2048 ) (-2048 -2080 576 ) 
4 449 471 (-2048 -2112 576 ) (-2048 -2112 2048 ) (-2048 -2080 2048 ) (-2048 -2080 576 ) 
4 450 470 (-2048 -2048 192 ) (-2048 -2048 2048 ) (-2560 -2048 2048 ) (-2560 -2048 192 ) 
4 450 456 (-2560 -1024 291.414246 ) (-2560 -1024 192 ) (-2560 -1295.544067 192 ) (-2560 -1199 257 ) 
4 450 454 (-2560 -2048 576 ) (-2560 -2048 2048 ) (-2560 -1600 2048 ) (-2560 -1600 576 ) 
4 450 452 (-2560 -1600 2048 ) (-2560 -1024 2048 ) (-2560 -1024 416 ) (-2560 -1600 416 ) 
4 450 451 (-2560 -1600 192 ) (-2560 -1024 192 ) (-2048 -1024 192 ) (-2048 -1600 192 ) 
6 451 456 (-2560 -1295.544067 192 ) (-2560 -1024 192 ) (-2560 -1024 -320 ) (-2560 -1584 -320 ) (-2560 -1537 -81 ) (-2560 -1401 121 ) 
4 452 457 (-3072 -1024 2048 ) (-3072 -1024 416 ) (-3072 -1600 416 ) (-3072 -1600 2048 ) 
4 452 455 (-2576 -1600 576 ) (-3072 -1600 576 ) (-3072 -1600 416 ) (-2576 -1600 416 ) 
4 452 454 (-2560 -1600 576 ) (-2560 -1600 2048 ) (-3072 -1600 2048 ) (-3072 -1600 576 ) 
4 452 453 (-2576 -1600 416 ) (-3072 -1600 416 ) (-3072 -1024 416 ) (-2576 -1024 416 ) 
4 453 457 (-3072 -1024 416 ) (-3072 -1024 384 ) (-3072 -1600 384 ) (-3072 -1600 416 ) 
4 453 455 (-3072 -1600 384 ) (-2576 -1600 384 ) (-2576 -1600 416 ) (-3072 -1600 416 ) 
4 454 472 (-2560 -2048 576 ) (-2560 -2048 2048 ) (-2576 -2048 2048 ) (-2576 -2048 576 ) 
4 454 473 (-2576 -2048 2048 ) (-3072 -2048 2048 ) (-3072 -2048 576 ) (-2576 -2048 576 ) 
4 454 459 (-3072 -2048 576 ) (-3072 -2048 2048 ) (-3072 -1600 2048 ) (-3072 -1600 576 ) 
4 454 455 (-3072 -2048 576 ) (-3072 -1600 576 ) (-2576 -1600 576 ) (-2576 -2048 576 ) 
4 455 473 (-2576 -2048 576 ) (-3072 -2048 576 ) (-3072 -2048 384 ) (-2576 -2048 384 ) 
4 455 459 (-3072 -1600 384 ) (-3072 -2048 384 ) (-3072 -2048 576 ) (-3072 -1600 576 ) 
6 456 458 (-3072 -1024 291.414215 ) (-3072 -1024 -320 ) (-3072 -1584 -320 ) (-3072 -1537 -81 ) (-3072 -1401 121 ) (-3072 -1199 257 ) 
4 457 461 (-3264 -1024 2048 ) (-3264 -1024 384 ) (-3264 -1600 384 ) (-3264 -1600 2048 ) 
4 457 460 (-3264 -1600 2048 ) (-3264 -1600 576 ) (-3248 -1600 576 ) (-3248 -1600 2048 ) 
4 457 459 (-3248 -1600 384 ) (-3072 -1600 384 ) (-3072 -1600 2048 ) (-3248 -1600 2048 ) 
4 458 469 (-3264 -1024 -192 ) (-3264 -1024 -320 ) (-3264 -1584 -320 ) (-3264 -1558.828491 -192 ) 
5 458 467 (-3264 -1024 64 ) (-3264 -1024 -192 ) (-3264 -1558.828491 -192 ) (-3264 -1537 -81 ) (-3264 -1439.376221 64 ) 
4 458 465 (-3264 -1024 112 ) (-3264 -1024 64 ) (-3264 -1439.376221 64 ) (-3264 -1407.059326 112 ) 
4 458 462 (-3264 -1024 291.414215 ) (-3264 -1024 176 ) (-3264 -1319.308838 176 ) (-3264 -1199 257 ) 
4 459 475 (-3072 -2048 384 ) (-3072 -2048 576 ) (-3248 -2048 576 ) (-3248 -2048 384 ) 
4 459 474 (-3072 -2048 576 ) (-3072 -2048 2048 ) (-3248 -2048 2048 ) (-3248 -2048 576 ) 
4 459 460 (-3248 -2048 576 ) (-3248 -2048 2048 ) (-3248 -1600 2048 ) (-3248 -1600 576 ) 
4 460 474 (-3248 -2048 2048 ) (-3264 -2048 2048 ) (-3264 -2048 576 ) (-3248 -2048 576 ) 
4 460 461 (-3264 -2048 576 ) (-3264 -2048 2048 ) (-3264 -1600 2048 ) (-3264 -1600 576 ) 
4 461 477 (-4096 -1024 2048 ) (-4096 -1024 384 ) (-4096 -2048 384 ) (-4096 -2048 2048 ) 
4 461 476 (-3264 -2048 384 ) (-3264 -2048 576 ) (-4096 -2048 576 ) (-4096 -2048 384 ) 
4 461 474 (-3264 -2048 576 ) (-3264 -2048 2048 ) (-4096 -2048 2048 ) (-4096 -2048 576 ) 
4 462 463 (-3280 -1024 176 ) (-3280 -1584 176 ) (-3280 -1584 304 ) (-3280 -1024 304 ) 
4 463 464 (-3312 -1024 176 ) (-3312 -1584 176 ) (-3312 -1584 304 ) (-3312 -1024 304 ) 
4 464 478 (-4096 -1024 304 ) (-4096 -1024 176 ) (-4096 -1584 176 ) (-4096 -1584 304 ) 
4 464 466 (-3328 -1584 176 ) (-4096 -1584 176 ) (-4096 -1024 176 ) (-3328 -1024 176 ) 
4 465 467 (-3328 -1024 64 ) (-3264 -1024 64 ) (-3264 -1584 64 ) (-3328 -1584 64 ) 
4 465 466 (-3328 -1024 64 ) (-3328 -1584 64 ) (-3328 -1584 112 ) (-3328 -1024 112 ) 
4 466 478 (-4096 -1024 176 ) (-4096 -1024 64 ) (-4096 -1584 64 ) (-4096 -1584 176 ) 
4 466 467 (-4096 -1584 64 ) (-4096 -1024 64 ) (-3328 -1024 64 ) (-3328 -1584 64 ) 
4 467 479 (-4096 -1024 64 ) (-4096 -1024 -192 ) (-4096 -1584 -192 ) (-4096 -1584 64 ) 
4 467 469 (-4096 -1024 -192 ) (-3264 -1024 -192 ) (-3264 -1584 -192 ) (-4096 -1584 -192 ) 
4 467 468 (-4096 -1584 -192 ) (-3264 -1584 -192 ) (-3264 -1584 64 ) (-4096 -1584 64 ) 
4 468 480 (-4096 -1584 -192 ) (-4096 -1600 -192 ) (-4096 -1600 64 ) (-4096 -1584 64 ) 
4 469 481 (-4096 -1024 -192 ) (-4096 -1024 -320 ) (-4096 -1584 -320 ) (-4096 -1584 -192 ) 
4 470 472 (-2560 -2048 2048 ) (-2560 -2048 576 ) (-2560 -2080 576 ) (-2560 -2080 2048 ) 
4 470 471 (-2048 -2080 576 ) (-2048 -2080 2048 ) (-2560 -2080 2048 ) (-2560 -2080 576 ) 
4 471 472 (-2560 -2112 576 ) (-2560 -2112 2048 ) (-2560 -2080 2048 ) (-2560 -2080 576 ) 
4 472 473 (-2576 -2112 576 ) (-2576 -2112 2048 ) (-2576 -2048 2048 ) (-2576 -2048 576 ) 
4 473 475 (-3072 -2048 576 ) (-3072 -2048 384 ) (-3072 -2112 384 ) (-3072 -2112 576 ) 
4 473 474 (-3072 -2048 2048 ) (-3072 -2048 576 ) (-3072 -2112 576 ) (-3072 -2112 2048 ) 
4 474 488 (-4096 -2112 576 ) (-4096 -2112 2048 ) (-4096 -2048 2048 ) (-4096 -2048 576 ) 
4 474 475 (-3072 -2112 576 ) (-3248 -2112 576 ) (-3248 -2048 576 ) (-3072 -2048 576 ) 
4 474 476 (-3264 -2112 576 ) (-4096 -2112 576 ) (-4096 -2048 576 ) (-3264 -2048 576 ) 
4 476 488 (-4096 -2112 384 ) (-4096 -2112 576 ) (-4096 -2048 576 ) (-4096 -2048 384 ) 
4 477 488 (-4096 -2048 384 ) (-4096 -2048 2048 ) (-4608 -2048 2048 ) (-4608 -2048 384 ) 
4 478 485 (-4608 -1024 80 ) (-4608 -1024 64 ) (-4608 -1536 64 ) (-4608 -1536 80 ) 
4 478 482 (-4608 -1024 272 ) (-4608 -1024 144 ) (-4608 -1536 144 ) (-4608 -1536 272 ) 
4 478 479 (-4608 -1584 64 ) (-4608 -1024 64 ) (-4096 -1024 64 ) (-4096 -1584 64 ) 
4 479 485 (-4608 -1024 64 ) (-4608 -1024 -192 ) (-4608 -1536 -192 ) (-4608 -1536 64 ) 
4 479 481 (-4608 -1584 -192 ) (-4608 -1024 -192 ) (-4096 -1024 -192 ) (-4096 -1584 -192 ) 
4 479 480 (-4608 -1584 -192 ) (-4096 -1584 -192 ) (-4096 -1584 64 ) (-4608 -1584 64 ) 
4 481 485 (-4608 -1024 -192 ) (-4608 -1024 -320 ) (-4608 -1536 -320 ) (-4608 -1536 -192 ) 
4 482 483 (-4624 -1024 144 ) (-4624 -1536 144 ) (-4624 -1536 272 ) (-4624 -1024 272 ) 
4 483 484 (-4656 -1024 144 ) (-4656 -1536 144 ) (-4656 -1536 272 ) (-4656 -1024 272 ) 
4 485 486 (-4672 -1024 -32 ) (-4672 -1024 -320 ) (-4672 -1280 -320 ) (-4672 -1280 -32 ) 
4 486 487 (-4704 -1024 -320 ) (-4704 -1280 -320 ) (-4704 -1280 -32 ) (-4704 -1024 -32 ) 
4 487 489 (-5120 -1024 0 ) (-5120 -1024 -320 ) (-5120 -1280 -320 ) (-5120 -1280 0 ) 
4 489 490 (-6144 -1024 0 ) (-6144 -1024 -320 ) (-6144 -1280 -320 ) (-6144 -1280 0 ) 
4 490 510 (-7168 -1280 0 ) (-7168 -1248 0 ) (-7168 -1248 -320 ) (-7168 -1280 -320 ) 
4 490 506 (-7168 -1248 0 ) (-7168 -1024 0 ) (-7168 -1024 -320 ) (-7168 -1248 -320 ) 
4 491 498 (-8192 -640 0 ) (-8192 -320 0 ) (-8192 -320 -320 ) (-8192 -640 -320 ) 
4 491 493 (-8160 -640 -320 ) (-7712 -640 -320 ) (-7712 -640 0 ) (-8160 -640 0 ) 
4 491 492 (-7648 -640 -320 ) (-7424 -640 -320 ) (-7424 -640 0 ) (-7648 -640 0 ) 
4 492 494 (-7648 -704 -320 ) (-7168 -704 -320 ) (-7168 -704 0 ) (-7648 -704 0 ) 
4 493 494 (-8160 -704 -320 ) (-7712 -704 -320 ) (-7712 -704 0 ) (-8160 -704 0 ) 
4 494 499 (-8192 -928 0 ) (-8192 -704 0 ) (-8192 -704 -320 ) (-8192 -928 -320 ) 
4 494 496 (-8160 -928 -320 ) (-7712 -928 -320 ) (-7712 -928 0 ) (-8160 -928 0 ) 
4 494 495 (-7648 -928 -320 ) (-7200 -928 -320 ) (-7200 -928 0 ) (-7648 -928 0 ) 
4 495 497 (-7648 -992 -320 ) (-7200 -992 -320 ) (-7200 -992 0 ) (-7648 -992 0 ) 
4 496 497 (-8160 -992 -320 ) (-7712 -992 -320 ) (-7712 -992 0 ) (-8160 -992 0 ) 
4 497 506 (-7168 -1024 -320 ) (-7168 -1024 0 ) (-8192 -1024 0 ) (-8192 -1024 -320 ) 
4 497 501 (-8192 -1024 -320 ) (-8192 -1024 0 ) (-8192 -992 0 ) (-8192 -992 -320 ) 
4 498 503 (-9216 -640 0 ) (-9216 -320 0 ) (-9216 -320 -320 ) (-9216 -640 -320 ) 
4 498 500 (-9216 -640 -320 ) (-8224 -640 -320 ) (-8224 -640 0 ) (-9216 -640 0 ) 
4 499 500 (-8224 -704 -320 ) (-8224 -928 -320 ) (-8224 -928 0 ) (-8224 -704 0 ) 
4 500 503 (-9216 -928 0 ) (-9216 -640 0 ) (-9216 -640 -320 ) (-9216 -928 -320 ) 
4 500 502 (-9216 -928 -320 ) (-8224 -928 -320 ) (-8224 -928 0 ) (-9216 -928 0 ) 
4 501 512 (-8192 -1024 -320 ) (-8192 -1024 0 ) (-8224 -1024 0 ) (-8224 -1024 -320 ) 
4 501 502 (-8224 -992 -320 ) (-8224 -1024 -320 ) (-8224 -1024 0 ) (-8224 -992 0 ) 
4 502 513 (-8224 -1024 0 ) (-9216 -1024 0 ) (-9216 -1024 -320 ) (-8224 -1024 -320 ) 
4 502 503 (-9216 -1024 -320 ) (-9216 -1024 0 ) (-9216 -928 0 ) (-9216 -928 -320 ) 
4 503 515 (-9216 -1024 -320 ) (-9216 -1024 0 ) (-10240 -1024 0 ) (-10240 -1024 -320 ) 
4 503 504 (-10240 -1024 -320 ) (-10240 -1024 0 ) (-10240 -320 0 ) (-10240 -320 -320 ) 
4 504 516 (-10240 -1024 -320 ) (-10240 -1024 0 ) (-11264 -1024 0 ) (-11264 -1024 -320 ) 
4 504 505 (-11264 -1024 -320 ) (-11264 -1024 0 ) (-11264 -320 0 ) (-11264 -320 -320 ) 
4 505 517 (-11264 -1024 -320 ) (-11264 -1024 0 ) (-11968 -1024 0 ) (-11968 -1024 -320 ) 
4 506 512 (-8192 -1024 0 ) (-8192 -1024 -320 ) (-8192 -1248 -320 ) (-8192 -1248 0 ) 
4 506 510 (-7392 -1248 -320 ) (-7168 -1248 -320 ) (-7168 -1248 0 ) (-7392 -1248 0 ) 
4 506 507 (-7648 -1248 -320 ) (-7392 -1248 -320 ) (-7392 -1248 0 ) (-7648 -1248 0 ) 
4 506 509 (-8160 -1248 -320 ) (-7712 -1248 -320 ) (-7712 -1248 0 ) (-8160 -1248 0 ) 
4 507 510 (-7424.001953 -1280 -320 ) (-7392.001953 -1248 -320 ) (-7392.001953 -1248 0 ) (-7424.001953 -1280 0 ) 
4 507 508 (-7648 -1312 -320 ) (-7648 -1504 -320 ) (-7648 -1504 0 ) (-7648 -1312 0 ) 
4 508 509 (-7712 -1312 -320 ) (-7712 -1568 -320 ) (-7712 -1568 0 ) (-7712 -1312 0 ) 
4 509 511 (-8160 -1312 -320 ) (-8160 -1600 -320 ) (-8160 -1600 0 ) (-8160 -1312 0 ) 
4 511 514 (-8192 -1312 -320 ) (-8192 -1600 -320 ) (-8192 -1600 0 ) (-8192 -1312 0 ) 
4 512 513 (-8224 -1024 -320 ) (-8224 -1248 -320 ) (-8224 -1248 0 ) (-8224 -1024 0 ) 
4 513 515 (-9216 -1024 0 ) (-9216 -1024 -320 ) (-9216 -1312 -320 ) (-9216 -1312 0 ) 
4 513 514 (-9216 -1312 -320 ) (-8224 -1312 -320 ) (-8224 -1312 0 ) (-9216 -1312 0 ) 
4 514 515 (-9216 -1312 -320 ) (-9216 -1600 -320 ) (-9216 -1600 0 ) (-9216 -1312 0 ) 
4 515 516 (-10240 -1024 0 ) (-10240 -1024 -320 ) (-10240 -1600 -320 ) (-10240 -1600 0 ) 
4 516 517 (-11264 -1024 0 ) (-11264 -1024 -320 ) (-11264 -1600 -320 ) (-11264 -1600 0 ) 
