


materialPath: D:\steam\steamapps\sourcemods\entropyzero2-addonworkspace\materials
Loading d:\steam\steamapps\sourcemods\entropyzero2-addonworkspace\mapsrc\dd01.vmf
ConVarRef mat_reduceparticles doesn't point to an existing ConVar
ConVarRef mat_reduceparticles doesn't point to an existing ConVar
Patching WVT material: maps/dd01/nature/blenddirtgrass006a_wvt_patch
Patching WVT material: maps/dd01/nature/blenddirtgravel01_wvt_patch
Patching WVT material: maps/dd01/nature/blenddirtgrass005a_wvt_patch
fixing up env_cubemap materials on brush sides...
0...1...2...3...4...5...6...7...8...9...10**** leaked ****
Entity prop_static (-4016.00 3184.00 178.56) leaked!
--- MAP LEAKED ---



12 threads
reading d:\steam\steamapps\sourcemods\entropyzero2-addonworkspace\mapsrc\dd01.bsp
Error opening d:\steam\steamapps\sourcemods\entropyzero2-addonworkspace\mapsrc\dd01.bsp


materialPath: D:\steam\steamapps\sourcemods\entropyzero2-addonworkspace\materials
Loading d:\steam\steamapps\sourcemods\entropyzero2-addonworkspace\mapsrc\dd01.vmf
ConVarRef mat_reduceparticles doesn't point to an existing ConVar
ConVarRef mat_reduceparticles doesn't point to an existing ConVar
Patching WVT material: maps/dd01/nature/blenddirtgrass006a_wvt_patch
Patching WVT material: maps/dd01/nature/blendpavedirt01_wvt_patch
fixing up env_cubemap materials on brush sides...
0...1...2...3...4...5...6...7...8...9...10**** leaked ****
Entity prop_static (-3136.00 2112.00 -256.00) leaked!
--- MAP LEAKED ---



12 threads
reading d:\steam\steamapps\sourcemods\entropyzero2-addonworkspace\mapsrc\dd01.bsp
Error opening d:\steam\steamapps\sourcemods\entropyzero2-addonworkspace\mapsrc\dd01.bsp


materialPath: D:\steam\steamapps\sourcemods\entropyzero2-addonworkspace\materials
Loading d:\steam\steamapps\sourcemods\entropyzero2-addonworkspace\mapsrc\dd01.vmf
ConVarRef mat_reduceparticles doesn't point to an existing ConVar
ConVarRef mat_reduceparticles doesn't point to an existing ConVar
Patching WVT material: maps/dd01/nature/blenddirtgrass006a_wvt_patch
Patching WVT material: maps/dd01/nature/blendpavedirt01_wvt_patch
fixing up env_cubemap materials on brush sides...
0...1...2...3...4...5...6...7...8...9...10**** leaked ****
Entity prop_static (-3136.00 2112.00 -256.00) leaked!
--- MAP LEAKED ---



12 threads
reading d:\steam\steamapps\sourcemods\entropyzero2-addonworkspace\mapsrc\dd01.bsp
Error opening d:\steam\steamapps\sourcemods\entropyzero2-addonworkspace\mapsrc\dd01.bsp


materialPath: D:\steam\steamapps\sourcemods\entropyzero2-addonworkspace\materials
Loading d:\steam\steamapps\sourcemods\entropyzero2-addonworkspace\mapsrc\dd01.vmf
ConVarRef mat_reduceparticles doesn't point to an existing ConVar
ConVarRef mat_reduceparticles doesn't point to an existing ConVar
Patching WVT material: maps/dd01/nature/blenddirtgrass006a_wvt_patch
Patching WVT material: maps/dd01/nature/blendpavedirt01_wvt_patch
fixing up env_cubemap materials on brush sides...
0...1...2...3...4...5...6...7...8...9...10**** leaked ****
Entity prop_static (-1668.00 1964.00 -172.00) leaked!
--- MAP LEAKED ---



12 threads
reading d:\steam\steamapps\sourcemods\entropyzero2-addonworkspace\mapsrc\dd01.bsp
Error opening d:\steam\steamapps\sourcemods\entropyzero2-addonworkspace\mapsrc\dd01.bsp


materialPath: D:\steam\steamapps\sourcemods\entropyzero2-addonworkspace\materials
Loading d:\steam\steamapps\sourcemods\entropyzero2-addonworkspace\mapsrc\dd01.vmf
ConVarRef mat_reduceparticles doesn't point to an existing ConVar
ConVarRef mat_reduceparticles doesn't point to an existing ConVar
Patching WVT material: maps/dd01/nature/blenddirtgrass006a_wvt_patch
Patching WVT material: maps/dd01/nature/blendpavedirt01_wvt_patch
fixing up env_cubemap materials on brush sides...
0...1...2...3...4...5...6...7...8...9...10**** leaked ****
Entity prop_static (-1668.00 1964.00 -172.00) leaked!
--- MAP LEAKED ---



12 threads
reading d:\steam\steamapps\sourcemods\entropyzero2-addonworkspace\mapsrc\dd01.bsp
Error opening d:\steam\steamapps\sourcemods\entropyzero2-addonworkspace\mapsrc\dd01.bsp


materialPath: D:\steam\steamapps\sourcemods\entropyzero2-addonworkspace\materials
Loading d:\steam\steamapps\sourcemods\entropyzero2-addonworkspace\mapsrc\dd01.vmf
ConVarRef mat_reduceparticles doesn't point to an existing ConVar
ConVarRef mat_reduceparticles doesn't point to an existing ConVar
Patching WVT material: maps/dd01/nature/blenddirtgrass006a_wvt_patch
Patching WVT material: maps/dd01/nature/blendpavedirt01_wvt_patch
fixing up env_cubemap materials on brush sides...
0...1...2...3...4...5...6...7...8...9...10**** leaked ****
Entity prop_static (-1668.00 1964.00 -172.00) leaked!
--- MAP LEAKED ---



12 threads
reading d:\steam\steamapps\sourcemods\entropyzero2-addonworkspace\mapsrc\dd01.bsp
Error opening d:\steam\steamapps\sourcemods\entropyzero2-addonworkspace\mapsrc\dd01.bsp


materialPath: D:\steam\steamapps\sourcemods\entropyzero2-addonworkspace\materials
Loading d:\steam\steamapps\sourcemods\entropyzero2-addonworkspace\mapsrc\dd01.vmf
ConVarRef mat_reduceparticles doesn't point to an existing ConVar
ConVarRef mat_reduceparticles doesn't point to an existing ConVar
Patching WVT material: maps/dd01/nature/blenddirtgrass006a_wvt_patch
Patching WVT material: maps/dd01/nature/blendpavedirt01_wvt_patch
fixing up env_cubemap materials on brush sides...
0...1...2...3...4...5...6...7...8...9...10**** leaked ****
Entity prop_static (-1384.00 2592.00 -192.00) leaked!
--- MAP LEAKED ---



12 threads
reading d:\steam\steamapps\sourcemods\entropyzero2-addonworkspace\mapsrc\dd01.bsp
Error opening d:\steam\steamapps\sourcemods\entropyzero2-addonworkspace\mapsrc\dd01.bsp


materialPath: D:\steam\steamapps\sourcemods\entropyzero2-addonworkspace\materials
Loading d:\steam\steamapps\sourcemods\entropyzero2-addonworkspace\mapsrc\dd01.vmf
ConVarRef mat_reduceparticles doesn't point to an existing ConVar
ConVarRef mat_reduceparticles doesn't point to an existing ConVar
Patching WVT material: maps/dd01/nature/blenddirtgrass006a_wvt_patch
Patching WVT material: maps/dd01/nature/blendpavedirt01_wvt_patch
fixing up env_cubemap materials on brush sides...
0...1...2...3...4...5...6...7...8...9...100...1...2...3...4...5...6...7...8...9...10Processing areas...done (0)
Building Faces...done (0)
Chop Details...done (0)
Find Visible Detail Sides...
Merged 192 detail faces...done (0)
Merging details...done (0)
FixTjuncs...
PruneNodes...
WriteBSP...
done (0)
writing d:\steam\steamapps\sourcemods\entropyzero2-addonworkspace\mapsrc\dd01.prt...Building visibility clusters...
done (0)
Finding displacement neighbors...
Finding lightmap sample positions...
Displacement Alpha : 0...1...2...3...4...5...6...7...8...9...10
Building Physics collision data...
done (0) (242849 bytes)
Placing static props...
Error! To use model "models/props_combine/combine_dispenser.mdl"
      with prop_static, it must be compiled with $staticprop!
Error loading studio model "models/props_combine/combine_dispenser.mdl"!
Error! To use model "models/barneyhelmet_faceplate.mdl"
      with prop_static, it must be compiled with $staticprop!
Error loading studio model "models/barneyhelmet_faceplate.mdl"!
Error! To use model "models/props_combine/combine_door01.mdl"
      with prop_static, it must be compiled with $staticprop!
Error loading studio model "models/props_combine/combine_door01.mdl"!
Placing detail props : 0...1...2...3...4...5...6...7...8...9...10
Compacting texture/material tables...
Reduced 1406 texinfos to 617
Reduced 201 texdatas to 138 (7265 bytes to 4894)
Writing d:\steam\steamapps\sourcemods\entropyzero2-addonworkspace\mapsrc\dd01.bsp
1 second elapsed



12 threads
reading d:\steam\steamapps\sourcemods\entropyzero2-addonworkspace\mapsrc\dd01.bsp
reading d:\steam\steamapps\sourcemods\entropyzero2-addonworkspace\mapsrc\dd01.prt
 267 portalclusters
 579 numportals
0...1...2...3...4...5...6...7...8...9...100...1...2...3...4...5...6...7...8...9...10Optimized: 74 visible clusters (0.54%)
Total clusters visible: 13617
Average clusters visible: 51
Building PAS...
Average clusters audible: 107
visdatasize:13785  compressed from 21360
writing d:\steam\steamapps\sourcemods\entropyzero2-addonworkspace\mapsrc\dd01.bsp
0 seconds elapsed



[Reading texlights from 'lights.rad']
[48 texlights parsed from 'lights.rad']

Loading d:\steam\steamapps\sourcemods\entropyzero2-addonworkspace\mapsrc\dd01.bsp
2147 faces
2 degenerate faces
318597 square feet [45878056.00 square inches]
24 Displacements
43239 Square Feet [6226504.50 Square Inches]
2145 patches before subdivision
27655 patches after subdivision
42 direct lights
0...1...2...3...4...5...6...7...8...9...100...1...2...3...4...5...6...7...8...9...10transfers 2017452, max 437
transfer lists:  15.4 megs
0...1...2...3...4...5...6...7...8...9...10	Bounce #1 added RGB(59121, 57901, 38243)
0...1...2...3...4...5...6...7...8...9...10	Bounce #2 added RGB(8770, 8018, 4301)
0...1...2...3...4...5...6...7...8...9...10	Bounce #3 added RGB(1487, 1280, 587)
0...1...2...3...4...5...6...7...8...9...10	Bounce #4 added RGB(264, 214, 86)
0...1...2...3...4...5...6...7...8...9...10	Bounce #5 added RGB(49, 38, 13)
0...1...2...3...4...5...6...7...8...9...10	Bounce #6 added RGB(9, 7, 2)
0...1...2...3...4...5...6...7...8...9...10	Bounce #7 added RGB(2, 1, 0)
0...1...2...3...4...5...6...7...8...9...10	Bounce #8 added RGB(0, 0, 0)
Build Patch/Sample Hash Table(s).....Done<0.0054 sec>
0...1...2...3...4...5...6...7...8...9...10FinalLightFace Done
Computing detail prop lighting : 0...1...2...3...4...5...6...7...8...9...10
0 of 0 (0% of) surface lights went in leaf ambient cubes.
0...1...2...3...4...5...6...7...8...9...10Writing leaf ambient...done
Ready to Finish

Object names       Objects/Maxobjs  Memory / Maxmem  Fullness 
------------       ---------------  ---------------  -------- 
models                  17/1024          816/49152    ( 1.7%) 
brushes                697/8192         8364/98304    ( 8.5%) 
brushsides            4869/65536       38952/524288   ( 7.4%) 
planes                1894/65536       37880/1310720  ( 2.9%) 
vertexes              3507/65536       42084/786432   ( 5.4%) 
nodes                  733/65536       23456/2097152  ( 1.1%) 
texinfos               617/12288       44424/884736   ( 5.0%) 
texdata                138/2048         4416/65536    ( 6.7%) 
dispinfos               24/0            4224/0        ( 0.0%) 
disp_verts            1944/0           38880/0        ( 0.0%) 
disp_tris             3072/0            6144/0        ( 0.0%) 
disp_lmsamples      109796/0          109796/0        ( 0.0%) 
faces                 2147/65536      120232/3670016  ( 3.3%) 
hdr faces                0/65536           0/3670016  ( 0.0%) 
origfaces             1639/65536       91784/3670016  ( 2.5%) 
leaves                 751/65536       24032/2097152  ( 1.1%) 
leaffaces             2511/65536        5022/131072   ( 3.8%) 
leafbrushes           1092/65536        2184/131072   ( 1.7%) 
areas                    3/256            24/2048     ( 1.2%) 
surfedges            17070/512000      68280/2048000  ( 3.3%) 
edges                10810/256000      43240/1024000  ( 4.2%) 
LDR worldlights         42/65536        3696/5767168  ( 0.1%) 
HDR worldlights          0/65536           0/5767168  ( 0.0%) 
leafwaterdata            0/32768           0/393216   ( 0.0%) 
waterstrips            202/32768        2020/327680   ( 0.6%) 
waterverts               0/65536           0/786432   ( 0.0%) 
waterindices          4323/65536        8646/131072   ( 6.6%) 
cubemapsamples          16/1024          256/16384    ( 1.6%) 
overlays                 2/8192          704/2883584  ( 0.0%) 
LDR lightdata         [variable]     1090424/0        ( 0.0%) 
HDR lightdata         [variable]           0/0        ( 0.0%) 
visdata               [variable]       13785/16777216 ( 0.1%) 
entdata               [variable]       88469/393216   (22.5%) 
LDR ambient table      751/65536        3004/262144   ( 1.1%) 
HDR ambient table      751/65536        3004/262144   ( 1.1%) 
LDR leaf ambient      3475/65536       97300/1835008  ( 5.3%) 
HDR leaf ambient       751/65536       21028/1835008  ( 1.1%) 
occluders                0/0               0/0        ( 0.0%) 
occluder polygons        0/0               0/0        ( 0.0%) 
occluder vert ind        0/0               0/0        ( 0.0%) 
detail props          [variable]           1/117820   ( 0.0%) 
dtl prp lght          [variable]           1/4        (25.0%) 
HDR dtl prp lght      [variable]           1/4        (25.0%) 
static props          [variable]           1/25402    ( 0.0%) 
pakfile               [variable]       34639/0        ( 0.0%) 
physics               [variable]      242849/4194304  ( 5.8%) 
physics terrain       [variable]        4284/1048576  ( 0.4%) 

Level flags = 0

Total triangle count: 6271
Writing d:\steam\steamapps\sourcemods\entropyzero2-addonworkspace\mapsrc\dd01.bsp
3 seconds elapsed



[Reading texlights from 'lights.rad']
[48 texlights parsed from 'lights.rad']

Loading d:\steam\steamapps\sourcemods\entropyzero2-addonworkspace\mapsrc\dd01.bsp
2147 faces
2 degenerate faces
318597 square feet [45878056.00 square inches]
24 Displacements
43239 Square Feet [6226504.50 Square Inches]
2145 patches before subdivision
27655 patches after subdivision
42 direct lights
0...1...2...3...4...5...6...7...8...9...100...1...2...3...4...5...6...7...8...9...10transfers 2017452, max 437
transfer lists:  15.4 megs
0...1...2...3...4...5...6...7...8...9...10	Bounce #1 added RGB(59121, 57901, 38243)
0...1...2...3...4...5...6...7...8...9...10	Bounce #2 added RGB(8770, 8018, 4301)
0...1...2...3...4...5...6...7...8...9...10	Bounce #3 added RGB(1487, 1280, 587)
0...1...2...3...4...5...6...7...8...9...10	Bounce #4 added RGB(264, 214, 86)
0...1...2...3...4...5...6...7...8...9...10	Bounce #5 added RGB(49, 38, 13)
0...1...2...3...4...5...6...7...8...9...10	Bounce #6 added RGB(9, 7, 2)
0...1...2...3...4...5...6...7...8...9...10	Bounce #7 added RGB(2, 1, 0)
0...1...2...3...4...5...6...7...8...9...10	Bounce #8 added RGB(0, 0, 0)
Build Patch/Sample Hash Table(s).....Done<0.0044 sec>
0...1...2...3...4...5...6...7...8...9...10FinalLightFace Done
Computing detail prop lighting : 0...1...2...3...4...5...6...7...8...9...10
0 of 0 (0% of) surface lights went in leaf ambient cubes.
0...1...2...3...4...5...6...7...8...9...10Writing leaf ambient...done
Ready to Finish

Object names       Objects/Maxobjs  Memory / Maxmem  Fullness 
------------       ---------------  ---------------  -------- 
models                  17/1024          816/49152    ( 1.7%) 
brushes                697/8192         8364/98304    ( 8.5%) 
brushsides            4869/65536       38952/524288   ( 7.4%) 
planes                1894/65536       37880/1310720  ( 2.9%) 
vertexes              3507/65536       42084/786432   ( 5.4%) 
nodes                  733/65536       23456/2097152  ( 1.1%) 
texinfos               617/12288       44424/884736   ( 5.0%) 
texdata                138/2048         4416/65536    ( 6.7%) 
dispinfos               24/0            4224/0        ( 0.0%) 
disp_verts            1944/0           38880/0        ( 0.0%) 
disp_tris             3072/0            6144/0        ( 0.0%) 
disp_lmsamples      109796/0          109796/0        ( 0.0%) 
faces                 2147/65536      120232/3670016  ( 3.3%) 
hdr faces             2147/65536      120232/3670016  ( 3.3%) 
origfaces             1639/65536       91784/3670016  ( 2.5%) 
leaves                 751/65536       24032/2097152  ( 1.1%) 
leaffaces             2511/65536        5022/131072   ( 3.8%) 
leafbrushes           1092/65536        2184/131072   ( 1.7%) 
areas                    3/256            24/2048     ( 1.2%) 
surfedges            17070/512000      68280/2048000  ( 3.3%) 
edges                10810/256000      43240/1024000  ( 4.2%) 
LDR worldlights         42/65536        3696/5767168  ( 0.1%) 
HDR worldlights         42/65536        3696/5767168  ( 0.1%) 
leafwaterdata            0/32768           0/393216   ( 0.0%) 
waterstrips            202/32768        2020/327680   ( 0.6%) 
waterverts               0/65536           0/786432   ( 0.0%) 
waterindices          4323/65536        8646/131072   ( 6.6%) 
cubemapsamples          16/1024          256/16384    ( 1.6%) 
overlays                 2/8192          704/2883584  ( 0.0%) 
LDR lightdata         [variable]     1090424/0        ( 0.0%) 
HDR lightdata         [variable]     1090424/0        ( 0.0%) 
visdata               [variable]       13785/16777216 ( 0.1%) 
entdata               [variable]       88469/393216   (22.5%) 
LDR ambient table      751/65536        3004/262144   ( 1.1%) 
HDR ambient table      751/65536        3004/262144   ( 1.1%) 
LDR leaf ambient      3475/65536       97300/1835008  ( 5.3%) 
HDR leaf ambient      3475/65536       97300/1835008  ( 5.3%) 
occluders                0/0               0/0        ( 0.0%) 
occluder polygons        0/0               0/0        ( 0.0%) 
occluder vert ind        0/0               0/0        ( 0.0%) 
detail props          [variable]           1/117820   ( 0.0%) 
dtl prp lght          [variable]           1/4        (25.0%) 
HDR dtl prp lght      [variable]           1/4        (25.0%) 
static props          [variable]           1/25402    ( 0.0%) 
pakfile               [variable]       34639/0        ( 0.0%) 
physics               [variable]      242849/4194304  ( 5.8%) 
physics terrain       [variable]        4284/1048576  ( 0.4%) 

Level flags = 0

Total triangle count: 6271
Writing d:\steam\steamapps\sourcemods\entropyzero2-addonworkspace\mapsrc\dd01.bsp
3 seconds elapsed



materialPath: D:\steam\steamapps\sourcemods\entropyzero2-addonworkspace\materials
Loading d:\steam\steamapps\sourcemods\entropyzero2-addonworkspace\mapsrc\dd01.vmf
ConVarRef mat_reduceparticles doesn't point to an existing ConVar
ConVarRef mat_reduceparticles doesn't point to an existing ConVar
Patching WVT material: maps/dd01/nature/blenddirtgrass006a_wvt_patch
Patching WVT material: maps/dd01/nature/blendpavedirt01_wvt_patch
fixing up env_cubemap materials on brush sides...
0...1...2...3...4...5...6...7...8...9...100...1...2...3...4...5...6...7...8...9...10Processing areas...done (0)
Building Faces...done (0)
Chop Details...done (0)
Find Visible Detail Sides...
Merged 192 detail faces...done (0)
Merging details...done (0)
FixTjuncs...
PruneNodes...
WriteBSP...
done (0)
writing d:\steam\steamapps\sourcemods\entropyzero2-addonworkspace\mapsrc\dd01.prt...Building visibility clusters...
done (0)
Finding displacement neighbors...
Finding lightmap sample positions...
Displacement Alpha : 0...1...2...3...4...5...6...7...8...9...10
Building Physics collision data...
done (0) (243193 bytes)
Placing static props...
Error! To use model "models/props_combine/combine_dispenser.mdl"
      with prop_static, it must be compiled with $staticprop!
Error loading studio model "models/props_combine/combine_dispenser.mdl"!
Error! To use model "models/barneyhelmet_faceplate.mdl"
      with prop_static, it must be compiled with $staticprop!
Error loading studio model "models/barneyhelmet_faceplate.mdl"!
Error! To use model "models/props_combine/combine_door01.mdl"
      with prop_static, it must be compiled with $staticprop!
Error loading studio model "models/props_combine/combine_door01.mdl"!
Placing detail props : 0...1...2...3...4...5...6...7...8...9...10
Compacting texture/material tables...
Reduced 1406 texinfos to 621
Reduced 201 texdatas to 138 (7265 bytes to 4894)
Writing d:\steam\steamapps\sourcemods\entropyzero2-addonworkspace\mapsrc\dd01.bsp
1 second elapsed



12 threads
reading d:\steam\steamapps\sourcemods\entropyzero2-addonworkspace\mapsrc\dd01.bsp
reading d:\steam\steamapps\sourcemods\entropyzero2-addonworkspace\mapsrc\dd01.prt
 278 portalclusters
 602 numportals
0...1...2...3...4...5...6...7...8...9...100...1...2...3...4...5...6...7...8...9...10Optimized: 80 visible clusters (0.55%)
Total clusters visible: 14574
Average clusters visible: 52
Building PAS...
Average clusters audible: 111
visdatasize:14682  compressed from 22240
writing d:\steam\steamapps\sourcemods\entropyzero2-addonworkspace\mapsrc\dd01.bsp
0 seconds elapsed



[Reading texlights from 'lights.rad']
[48 texlights parsed from 'lights.rad']

Loading d:\steam\steamapps\sourcemods\entropyzero2-addonworkspace\mapsrc\dd01.bsp
2213 faces
2 degenerate faces
339490 square feet [48886576.00 square inches]
24 Displacements
43239 Square Feet [6226504.50 Square Inches]
2211 patches before subdivision
31605 patches after subdivision
42 direct lights
0...1...2...3...4...5...6...7...8...9...100...1...2...3...4...5...6...7...8...9...10transfers 2517054, max 437
transfer lists:  19.2 megs
0...1...2...3...4...5...6...7...8...9...10	Bounce #1 added RGB(59138, 57930, 38268)
0...1...2...3...4...5...6...7...8...9...10	Bounce #2 added RGB(8772, 8021, 4304)
0...1...2...3...4...5...6...7...8...9...10	Bounce #3 added RGB(1487, 1280, 587)
0...1...2...3...4...5...6...7...8...9...10	Bounce #4 added RGB(264, 214, 86)
0...1...2...3...4...5...6...7...8...9...10	Bounce #5 added RGB(49, 38, 13)
0...1...2...3...4...5...6...7...8...9...10	Bounce #6 added RGB(9, 7, 2)
0...1...2...3...4...5...6...7...8...9...10	Bounce #7 added RGB(2, 1, 0)
0...1...2...3...4...5...6...7...8...9...10	Bounce #8 added RGB(0, 0, 0)
Build Patch/Sample Hash Table(s).....Done<0.0054 sec>
0...1...2...3...4...5...6...7...8...9...10FinalLightFace Done
Computing detail prop lighting : 0...1...2...3...4...5...6...7...8...9...10
0 of 0 (0% of) surface lights went in leaf ambient cubes.
0...1...2...3...4...5...6...7...8...9...10Writing leaf ambient...done
Ready to Finish

Object names       Objects/Maxobjs  Memory / Maxmem  Fullness 
------------       ---------------  ---------------  -------- 
models                  17/1024          816/49152    ( 1.7%) 
brushes                697/8192         8364/98304    ( 8.5%) 
brushsides            4869/65536       38952/524288   ( 7.4%) 
planes                1894/65536       37880/1310720  ( 2.9%) 
vertexes              3608/65536       43296/786432   ( 5.5%) 
nodes                  763/65536       24416/2097152  ( 1.2%) 
texinfos               621/12288       44712/884736   ( 5.1%) 
texdata                138/2048         4416/65536    ( 6.7%) 
dispinfos               24/0            4224/0        ( 0.0%) 
disp_verts            1944/0           38880/0        ( 0.0%) 
disp_tris             3072/0            6144/0        ( 0.0%) 
disp_lmsamples      109796/0          109796/0        ( 0.0%) 
faces                 2213/65536      123928/3670016  ( 3.4%) 
hdr faces                0/65536           0/3670016  ( 0.0%) 
origfaces             1671/65536       93576/3670016  ( 2.5%) 
leaves                 781/65536       24992/2097152  ( 1.2%) 
leaffaces             2577/65536        5154/131072   ( 3.9%) 
leafbrushes           1112/65536        2224/131072   ( 1.7%) 
areas                    3/256            24/2048     ( 1.2%) 
surfedges            17502/512000      70008/2048000  ( 3.4%) 
edges                11065/256000      44260/1024000  ( 4.3%) 
LDR worldlights         42/65536        3696/5767168  ( 0.1%) 
HDR worldlights          0/65536           0/5767168  ( 0.0%) 
leafwaterdata            0/32768           0/393216   ( 0.0%) 
waterstrips            210/32768        2100/327680   ( 0.6%) 
waterverts               0/65536           0/786432   ( 0.0%) 
waterindices          4440/65536        8880/131072   ( 6.8%) 
cubemapsamples          16/1024          256/16384    ( 1.6%) 
overlays                 2/8192          704/2883584  ( 0.0%) 
LDR lightdata         [variable]     1173476/0        ( 0.0%) 
HDR lightdata         [variable]           0/0        ( 0.0%) 
visdata               [variable]       14682/16777216 ( 0.1%) 
entdata               [variable]       88469/393216   (22.5%) 
LDR ambient table      781/65536        3124/262144   ( 1.2%) 
HDR ambient table      781/65536        3124/262144   ( 1.2%) 
LDR leaf ambient      3554/65536       99512/1835008  ( 5.4%) 
HDR leaf ambient       781/65536       21868/1835008  ( 1.2%) 
occluders                0/0               0/0        ( 0.0%) 
occluder polygons        0/0               0/0        ( 0.0%) 
occluder vert ind        0/0               0/0        ( 0.0%) 
detail props          [variable]           1/117820   ( 0.0%) 
dtl prp lght          [variable]           1/4        (25.0%) 
HDR dtl prp lght      [variable]           1/4        (25.0%) 
static props          [variable]           1/25402    ( 0.0%) 
pakfile               [variable]       34639/0        ( 0.0%) 
physics               [variable]      243193/4194304  ( 5.8%) 
physics terrain       [variable]        4284/1048576  ( 0.4%) 

Level flags = 0

Total triangle count: 6445
Writing d:\steam\steamapps\sourcemods\entropyzero2-addonworkspace\mapsrc\dd01.bsp
3 seconds elapsed



[Reading texlights from 'lights.rad']
[48 texlights parsed from 'lights.rad']

Loading d:\steam\steamapps\sourcemods\entropyzero2-addonworkspace\mapsrc\dd01.bsp
2213 faces
2 degenerate faces
339490 square feet [48886576.00 square inches]
24 Displacements
43239 Square Feet [6226504.50 Square Inches]
2211 patches before subdivision
31605 patches after subdivision
42 direct lights
0...1...2...3...4...5...6...7...8...9...100...1...2...3...4...5...6...7...8...9...10transfers 2517054, max 437
transfer lists:  19.2 megs
0...1...2...3...4...5...6...7...8...9...10	Bounce #1 added RGB(59138, 57930, 38268)
0...1...2...3...4...5...6...7...8...9...10	Bounce #2 added RGB(8772, 8021, 4304)
0...1...2...3...4...5...6...7...8...9...10	Bounce #3 added RGB(1487, 1280, 587)
0...1...2...3...4...5...6...7...8...9...10	Bounce #4 added RGB(264, 214, 86)
0...1...2...3...4...5...6...7...8...9...10	Bounce #5 added RGB(49, 38, 13)
0...1...2...3...4...5...6...7...8...9...10	Bounce #6 added RGB(9, 7, 2)
0...1...2...3...4...5...6...7...8...9...10	Bounce #7 added RGB(2, 1, 0)
0...1...2...3...4...5...6...7...8...9...10	Bounce #8 added RGB(0, 0, 0)
Build Patch/Sample Hash Table(s).....Done<0.0060 sec>
0...1...2...3...4...5...6...7...8...9...10FinalLightFace Done
Computing detail prop lighting : 0...1...2...3...4...5...6...7...8...9...10
0 of 0 (0% of) surface lights went in leaf ambient cubes.
0...1...2...3...4...5...6...7...8...9...10Writing leaf ambient...done
Ready to Finish

Object names       Objects/Maxobjs  Memory / Maxmem  Fullness 
------------       ---------------  ---------------  -------- 
models                  17/1024          816/49152    ( 1.7%) 
brushes                697/8192         8364/98304    ( 8.5%) 
brushsides            4869/65536       38952/524288   ( 7.4%) 
planes                1894/65536       37880/1310720  ( 2.9%) 
vertexes              3608/65536       43296/786432   ( 5.5%) 
nodes                  763/65536       24416/2097152  ( 1.2%) 
texinfos               621/12288       44712/884736   ( 5.1%) 
texdata                138/2048         4416/65536    ( 6.7%) 
dispinfos               24/0            4224/0        ( 0.0%) 
disp_verts            1944/0           38880/0        ( 0.0%) 
disp_tris             3072/0            6144/0        ( 0.0%) 
disp_lmsamples      109796/0          109796/0        ( 0.0%) 
faces                 2213/65536      123928/3670016  ( 3.4%) 
hdr faces             2213/65536      123928/3670016  ( 3.4%) 
origfaces             1671/65536       93576/3670016  ( 2.5%) 
leaves                 781/65536       24992/2097152  ( 1.2%) 
leaffaces             2577/65536        5154/131072   ( 3.9%) 
leafbrushes           1112/65536        2224/131072   ( 1.7%) 
areas                    3/256            24/2048     ( 1.2%) 
surfedges            17502/512000      70008/2048000  ( 3.4%) 
edges                11065/256000      44260/1024000  ( 4.3%) 
LDR worldlights         42/65536        3696/5767168  ( 0.1%) 
HDR worldlights         42/65536        3696/5767168  ( 0.1%) 
leafwaterdata            0/32768           0/393216   ( 0.0%) 
waterstrips            210/32768        2100/327680   ( 0.6%) 
waterverts               0/65536           0/786432   ( 0.0%) 
waterindices          4440/65536        8880/131072   ( 6.8%) 
cubemapsamples          16/1024          256/16384    ( 1.6%) 
overlays                 2/8192          704/2883584  ( 0.0%) 
LDR lightdata         [variable]     1173476/0        ( 0.0%) 
HDR lightdata         [variable]     1173476/0        ( 0.0%) 
visdata               [variable]       14682/16777216 ( 0.1%) 
entdata               [variable]       88469/393216   (22.5%) 
LDR ambient table      781/65536        3124/262144   ( 1.2%) 
HDR ambient table      781/65536        3124/262144   ( 1.2%) 
LDR leaf ambient      3554/65536       99512/1835008  ( 5.4%) 
HDR leaf ambient      3554/65536       99512/1835008  ( 5.4%) 
occluders                0/0               0/0        ( 0.0%) 
occluder polygons        0/0               0/0        ( 0.0%) 
occluder vert ind        0/0               0/0        ( 0.0%) 
detail props          [variable]           1/117820   ( 0.0%) 
dtl prp lght          [variable]           1/4        (25.0%) 
HDR dtl prp lght      [variable]           1/4        (25.0%) 
static props          [variable]           1/25402    ( 0.0%) 
pakfile               [variable]       34639/0        ( 0.0%) 
physics               [variable]      243193/4194304  ( 5.8%) 
physics terrain       [variable]        4284/1048576  ( 0.4%) 

Level flags = 0

Total triangle count: 6445
Writing d:\steam\steamapps\sourcemods\entropyzero2-addonworkspace\mapsrc\dd01.bsp
3 seconds elapsed



materialPath: D:\steam\steamapps\sourcemods\entropyzero2-addonworkspace\materials
Loading d:\steam\steamapps\sourcemods\entropyzero2-addonworkspace\mapsrc\dd01.vmf
ConVarRef mat_reduceparticles doesn't point to an existing ConVar
ConVarRef mat_reduceparticles doesn't point to an existing ConVar
Patching WVT material: maps/dd01/nature/blenddirtgrass006a_wvt_patch
Patching WVT material: maps/dd01/nature/blendpavedirt01_wvt_patch
fixing up env_cubemap materials on brush sides...
0...1...2...3...4...5...6...7...8...9...10**** leaked ****
Entity prop_static (-2944.00 2880.00 -246.51) leaked!
--- MAP LEAKED ---



12 threads
reading d:\steam\steamapps\sourcemods\entropyzero2-addonworkspace\mapsrc\dd01.bsp
reading d:\steam\steamapps\sourcemods\entropyzero2-addonworkspace\mapsrc\dd01.prt
LoadPortals: couldn't read d:\steam\steamapps\sourcemods\entropyzero2-addonworkspace\mapsrc\dd01.prt



materialPath: D:\steam\steamapps\sourcemods\entropyzero2-addonworkspace\materials
Loading d:\steam\steamapps\sourcemods\entropyzero2-addonworkspace\mapsrc\dd01.vmf
ConVarRef mat_reduceparticles doesn't point to an existing ConVar
ConVarRef mat_reduceparticles doesn't point to an existing ConVar
Patching WVT material: maps/dd01/nature/blenddirtgrass006a_wvt_patch
Patching WVT material: maps/dd01/nature/blendpavedirt01_wvt_patch
fixing up env_cubemap materials on brush sides...
0...1...2...3...4...5...6...7...8...9...10**** leaked ****
Entity prop_static (-1089.01 1346.79 -32.00) leaked!
--- MAP LEAKED ---



12 threads
reading d:\steam\steamapps\sourcemods\entropyzero2-addonworkspace\mapsrc\dd01.bsp
reading d:\steam\steamapps\sourcemods\entropyzero2-addonworkspace\mapsrc\dd01.prt
LoadPortals: couldn't read d:\steam\steamapps\sourcemods\entropyzero2-addonworkspace\mapsrc\dd01.prt



materialPath: D:\steam\steamapps\sourcemods\entropyzero2-addonworkspace\materials
Loading d:\steam\steamapps\sourcemods\entropyzero2-addonworkspace\mapsrc\dd01.vmf
ConVarRef mat_reduceparticles doesn't point to an existing ConVar
ConVarRef mat_reduceparticles doesn't point to an existing ConVar
Patching WVT material: maps/dd01/nature/blenddirtgrass006a_wvt_patch
Patching WVT material: maps/dd01/nature/blendpavedirt01_wvt_patch
fixing up env_cubemap materials on brush sides...
0...1...2...3...4...5...6...7...8...9...100...1...2...3...4...5...6...7...8...9...10Processing areas...done (0)
Building Faces...done (0)
Chop Details...done (0)
Find Visible Detail Sides...
Merged 192 detail faces...done (0)
Merging details...done (0)
FixTjuncs...
PruneNodes...
WriteBSP...
done (0)
writing d:\steam\steamapps\sourcemods\entropyzero2-addonworkspace\mapsrc\dd01.prt...Building visibility clusters...
done (0)
Finding displacement neighbors...
Finding lightmap sample positions...
Displacement Alpha : 0...1...2...3...4...5...6...7...8...9...10
Building Physics collision data...
done (0) (231545 bytes)
Placing static props...
Error! To use model "models/props_combine/combine_dispenser.mdl"
      with prop_static, it must be compiled with $staticprop!
Error loading studio model "models/props_combine/combine_dispenser.mdl"!
Error! To use model "models/barneyhelmet_faceplate.mdl"
      with prop_static, it must be compiled with $staticprop!
Error loading studio model "models/barneyhelmet_faceplate.mdl"!
Error! To use model "models/props_combine/combine_door01.mdl"
      with prop_static, it must be compiled with $staticprop!
Error loading studio model "models/props_combine/combine_door01.mdl"!
Placing detail props : 0...1...2...3...4...5...6...7...8...9...10
Compacting texture/material tables...
Reduced 1343 texinfos to 594
Reduced 190 texdatas to 131 (6976 bytes to 4694)
Writing d:\steam\steamapps\sourcemods\entropyzero2-addonworkspace\mapsrc\dd01.bsp
1 second elapsed



12 threads
reading d:\steam\steamapps\sourcemods\entropyzero2-addonworkspace\mapsrc\dd01.bsp
reading d:\steam\steamapps\sourcemods\entropyzero2-addonworkspace\mapsrc\dd01.prt
 232 portalclusters
 491 numportals
0...1...2...3...4...5...6...7...8...9...100...1...2...3...4...5...6...7...8...9...10Optimized: 76 visible clusters (0.71%)
Total clusters visible: 10670
Average clusters visible: 45
Building PAS...
Average clusters audible: 93
visdatasize:10900  compressed from 14848
writing d:\steam\steamapps\sourcemods\entropyzero2-addonworkspace\mapsrc\dd01.bsp
0 seconds elapsed



[Reading texlights from 'lights.rad']
[48 texlights parsed from 'lights.rad']

Loading d:\steam\steamapps\sourcemods\entropyzero2-addonworkspace\mapsrc\dd01.bsp
2003 faces
2 degenerate faces
139022 square feet [20019190.00 square inches]
4 Displacements
6830 Square Feet [983616.06 Square Inches]
2001 patches before subdivision
20077 patches after subdivision
42 direct lights
0...1...2...3...4...5...6...7...8...9...100...1...2...3...4...5...6...7...8...9...10transfers 1570536, max 435
transfer lists:  12.0 megs
0...1...2...3...4...5...6...7...8...9...10	Bounce #1 added RGB(58509, 56987, 37505)
0...1...2...3...4...5...6...7...8...9...10	Bounce #2 added RGB(8759, 8027, 4322)
0...1...2...3...4...5...6...7...8...9...10	Bounce #3 added RGB(1487, 1283, 590)
0...1...2...3...4...5...6...7...8...9...10	Bounce #4 added RGB(264, 214, 86)
0...1...2...3...4...5...6...7...8...9...10	Bounce #5 added RGB(49, 38, 13)
0...1...2...3...4...5...6...7...8...9...10	Bounce #6 added RGB(9, 7, 2)
0...1...2...3...4...5...6...7...8...9...10	Bounce #7 added RGB(2, 1, 0)
0...1...2...3...4...5...6...7...8...9...10	Bounce #8 added RGB(0, 0, 0)
Build Patch/Sample Hash Table(s).....Done<0.0030 sec>
0...1...2...3...4...5...6...7...8...9...10FinalLightFace Done
Computing detail prop lighting : 0...1...2...3...4...5...6...7...8...9...10
0 of 0 (0% of) surface lights went in leaf ambient cubes.
0...1...2...3...4...5...6...7...8...9...10Writing leaf ambient...done
Ready to Finish

Object names       Objects/Maxobjs  Memory / Maxmem  Fullness 
------------       ---------------  ---------------  -------- 
models                  17/1024          816/49152    ( 1.7%) 
brushes                661/8192         7932/98304    ( 8.1%) 
brushsides            4641/65536       37128/524288   ( 7.1%) 
planes                1824/65536       36480/1310720  ( 2.8%) 
vertexes              3276/65536       39312/786432   ( 5.0%) 
nodes                  634/65536       20288/2097152  ( 1.0%) 
texinfos               594/12288       42768/884736   ( 4.8%) 
texdata                131/2048         4192/65536    ( 6.4%) 
dispinfos                4/0             704/0        ( 0.0%) 
disp_verts             324/0            6480/0        ( 0.0%) 
disp_tris              512/0            1024/0        ( 0.0%) 
disp_lmsamples       17316/0           17316/0        ( 0.0%) 
faces                 2003/65536      112168/3670016  ( 3.1%) 
hdr faces                0/65536           0/3670016  ( 0.0%) 
origfaces             1584/65536       88704/3670016  ( 2.4%) 
leaves                 652/65536       20864/2097152  ( 1.0%) 
leaffaces             2360/65536        4720/131072   ( 3.6%) 
leafbrushes            986/65536        1972/131072   ( 1.5%) 
areas                    3/256            24/2048     ( 1.2%) 
surfedges            16228/512000      64912/2048000  ( 3.2%) 
edges                10288/256000      41152/1024000  ( 4.0%) 
LDR worldlights         42/65536        3696/5767168  ( 0.1%) 
HDR worldlights          0/65536           0/5767168  ( 0.0%) 
leafwaterdata            0/32768           0/393216   ( 0.0%) 
waterstrips            197/32768        1970/327680   ( 0.6%) 
waterverts               0/65536           0/786432   ( 0.0%) 
waterindices          4242/65536        8484/131072   ( 6.5%) 
cubemapsamples          16/1024          256/16384    ( 1.6%) 
overlays                 2/8192          704/2883584  ( 0.0%) 
LDR lightdata         [variable]      894680/0        ( 0.0%) 
HDR lightdata         [variable]           0/0        ( 0.0%) 
visdata               [variable]       10900/16777216 ( 0.1%) 
entdata               [variable]       87776/393216   (22.3%) 
LDR ambient table      652/65536        2608/262144   ( 1.0%) 
HDR ambient table      652/65536        2608/262144   ( 1.0%) 
LDR leaf ambient      3043/65536       85204/1835008  ( 4.6%) 
HDR leaf ambient       652/65536       18256/1835008  ( 1.0%) 
occluders                0/0               0/0        ( 0.0%) 
occluder polygons        0/0               0/0        ( 0.0%) 
occluder vert ind        0/0               0/0        ( 0.0%) 
detail props          [variable]           1/13924    ( 0.0%) 
dtl prp lght          [variable]           1/4        (25.0%) 
HDR dtl prp lght      [variable]           1/4        (25.0%) 
static props          [variable]           1/24072    ( 0.0%) 
pakfile               [variable]       33410/0        ( 0.0%) 
physics               [variable]      231545/4194304  ( 5.5%) 
physics terrain       [variable]         200/1048576  ( 0.0%) 

Level flags = 0

Total triangle count: 5935
Writing d:\steam\steamapps\sourcemods\entropyzero2-addonworkspace\mapsrc\dd01.bsp
2 seconds elapsed



[Reading texlights from 'lights.rad']
[48 texlights parsed from 'lights.rad']

Loading d:\steam\steamapps\sourcemods\entropyzero2-addonworkspace\mapsrc\dd01.bsp
2003 faces
2 degenerate faces
139022 square feet [20019190.00 square inches]
4 Displacements
6830 Square Feet [983616.06 Square Inches]
2001 patches before subdivision
20077 patches after subdivision
42 direct lights
0...1...2...3...4...5...6...7...8...9...100...1...2...3...4...5...6...7...8...9...10transfers 1570536, max 435
transfer lists:  12.0 megs
0...1...2...3...4...5...6...7...8...9...10	Bounce #1 added RGB(58509, 56987, 37505)
0...1...2...3...4...5...6...7...8...9...10	Bounce #2 added RGB(8759, 8027, 4322)
0...1...2...3...4...5...6...7...8...9...10	Bounce #3 added RGB(1487, 1283, 590)
0...1...2...3...4...5...6...7...8...9...10	Bounce #4 added RGB(264, 214, 86)
0...1...2...3...4...5...6...7...8...9...10	Bounce #5 added RGB(49, 38, 13)
0...1...2...3...4...5...6...7...8...9...10	Bounce #6 added RGB(9, 7, 2)
0...1...2...3...4...5...6...7...8...9...10	Bounce #7 added RGB(2, 1, 0)
0...1...2...3...4...5...6...7...8...9...10	Bounce #8 added RGB(0, 0, 0)
Build Patch/Sample Hash Table(s).....Done<0.0032 sec>
0...1...2...3...4...5...6...7...8...9...10FinalLightFace Done
Computing detail prop lighting : 0...1...2...3...4...5...6...7...8...9...10
0 of 0 (0% of) surface lights went in leaf ambient cubes.
0...1...2...3...4...5...6...7...8...9...10Writing leaf ambient...done
Ready to Finish

Object names       Objects/Maxobjs  Memory / Maxmem  Fullness 
------------       ---------------  ---------------  -------- 
models                  17/1024          816/49152    ( 1.7%) 
brushes                661/8192         7932/98304    ( 8.1%) 
brushsides            4641/65536       37128/524288   ( 7.1%) 
planes                1824/65536       36480/1310720  ( 2.8%) 
vertexes              3276/65536       39312/786432   ( 5.0%) 
nodes                  634/65536       20288/2097152  ( 1.0%) 
texinfos               594/12288       42768/884736   ( 4.8%) 
texdata                131/2048         4192/65536    ( 6.4%) 
dispinfos                4/0             704/0        ( 0.0%) 
disp_verts             324/0            6480/0        ( 0.0%) 
disp_tris              512/0            1024/0        ( 0.0%) 
disp_lmsamples       17316/0           17316/0        ( 0.0%) 
faces                 2003/65536      112168/3670016  ( 3.1%) 
hdr faces             2003/65536      112168/3670016  ( 3.1%) 
origfaces             1584/65536       88704/3670016  ( 2.4%) 
leaves                 652/65536       20864/2097152  ( 1.0%) 
leaffaces             2360/65536        4720/131072   ( 3.6%) 
leafbrushes            986/65536        1972/131072   ( 1.5%) 
areas                    3/256            24/2048     ( 1.2%) 
surfedges            16228/512000      64912/2048000  ( 3.2%) 
edges                10288/256000      41152/1024000  ( 4.0%) 
LDR worldlights         42/65536        3696/5767168  ( 0.1%) 
HDR worldlights         42/65536        3696/5767168  ( 0.1%) 
leafwaterdata            0/32768           0/393216   ( 0.0%) 
waterstrips            197/32768        1970/327680   ( 0.6%) 
waterverts               0/65536           0/786432   ( 0.0%) 
waterindices          4242/65536        8484/131072   ( 6.5%) 
cubemapsamples          16/1024          256/16384    ( 1.6%) 
overlays                 2/8192          704/2883584  ( 0.0%) 
LDR lightdata         [variable]      894680/0        ( 0.0%) 
HDR lightdata         [variable]      894680/0        ( 0.0%) 
visdata               [variable]       10900/16777216 ( 0.1%) 
entdata               [variable]       87776/393216   (22.3%) 
LDR ambient table      652/65536        2608/262144   ( 1.0%) 
HDR ambient table      652/65536        2608/262144   ( 1.0%) 
LDR leaf ambient      3043/65536       85204/1835008  ( 4.6%) 
HDR leaf ambient      3043/65536       85204/1835008  ( 4.6%) 
occluders                0/0               0/0        ( 0.0%) 
occluder polygons        0/0               0/0        ( 0.0%) 
occluder vert ind        0/0               0/0        ( 0.0%) 
detail props          [variable]           1/13924    ( 0.0%) 
dtl prp lght          [variable]           1/4        (25.0%) 
HDR dtl prp lght      [variable]           1/4        (25.0%) 
static props          [variable]           1/24072    ( 0.0%) 
pakfile               [variable]       33410/0        ( 0.0%) 
physics               [variable]      231545/4194304  ( 5.5%) 
physics terrain       [variable]         200/1048576  ( 0.0%) 

Level flags = 0

Total triangle count: 5935
Writing d:\steam\steamapps\sourcemods\entropyzero2-addonworkspace\mapsrc\dd01.bsp
2 seconds elapsed
