


materialPath: D:\steam\steamapps\sourcemods\entropyzero2-addonworkspace\materials
Loading d:\steam\steamapps\sourcemods\entropyzero2-addonworkspace\mapsrc\dd01_wh1.vmf
Patching WVT material: maps/dd01_wh1/dev/dev_blendmeasure2_wvt_patch
fixing up env_cubemap materials on brush sides...
0...1...2...3...4...5...6...7...8...9...100...1...2...3...4...5...6...7...8...9...10Processing areas...done (0)
Building Faces...done (0)
FixTjuncs...
PruneNodes...
WriteBSP...
done (0)
writing d:\steam\steamapps\sourcemods\entropyzero2-addonworkspace\mapsrc\dd01_wh1.prt...Building visibility clusters...
done (0)
Finding displacement neighbors...
Finding lightmap sample positions...
Displacement Alpha : 0...1...2...3...4...5...6...7...8...9...10
Building Physics collision data...
done (0) (5716 bytes)
Placing static props...
Placing detail props : 0...1...2...3...4...5...6...7...8...9...10
Compacting texture/material tables...
Reduced 26 texinfos to 14
Reduced 5 texdatas to 4 (143 bytes to 121)
Writing d:\steam\steamapps\sourcemods\entropyzero2-addonworkspace\mapsrc\dd01_wh1.bsp
0 seconds elapsed



12 threads
reading d:\steam\steamapps\sourcemods\entropyzero2-addonworkspace\mapsrc\dd01_wh1.bsp
reading d:\steam\steamapps\sourcemods\entropyzero2-addonworkspace\mapsrc\dd01_wh1.prt
  18 portalclusters
  27 numportals
0...1...2...3...4...5...6...7...8...9...100...1...2...3...4...5...6...7...8...9...10Optimized: 0 visible clusters (0.00%)
Total clusters visible: 260
Average clusters visible: 14
Building PAS...
Average clusters audible: 18
visdatasize:257  compressed from 288
writing d:\steam\steamapps\sourcemods\entropyzero2-addonworkspace\mapsrc\dd01_wh1.bsp
0 seconds elapsed



[Reading texlights from 'lights.rad']
[48 texlights parsed from 'lights.rad']

Loading d:\steam\steamapps\sourcemods\entropyzero2-addonworkspace\mapsrc\dd01_wh1.bsp
90 faces
30102 square feet [4334691.00 square inches]
0 Displacements
0 Square Feet [0.00 Square Inches]
90 patches before subdivision
4460 patches after subdivision
0 direct lights
0...1...2...3...4...5...6...7...8...9...100...1...2...3...4...5...6...7...8...9...10transfers 467615, max 281
transfer lists:   3.6 megs
0...1...2...3...4...5...6...7...8...9...10	Bounce #1 added RGB(0, 0, 0)
Build Patch/Sample Hash Table(s).....Done<0.0008 sec>
0...1...2...3...4...5...6...7...8...9...10FinalLightFace Done
0 of 0 (0% of) surface lights went in leaf ambient cubes.
0...1...2...3...4...5...6...7...8...9...10Writing leaf ambient...done
Ready to Finish

Object names       Objects/Maxobjs  Memory / Maxmem  Fullness 
------------       ---------------  ---------------  -------- 
models                   1/1024           48/49152    ( 0.1%) 
brushes                 16/8192          192/98304    ( 0.2%) 
brushsides              97/65536         776/524288   ( 0.1%) 
planes                  64/65536        1280/1310720  ( 0.1%) 
vertexes               126/65536        1512/786432   ( 0.2%) 
nodes                   44/65536        1408/2097152  ( 0.1%) 
texinfos                14/12288        1008/884736   ( 0.1%) 
texdata                  4/2048          128/65536    ( 0.2%) 
dispinfos                0/0               0/0        ( 0.0%) 
disp_verts               0/0               0/0        ( 0.0%) 
disp_tris                0/0               0/0        ( 0.0%) 
disp_lmsamples           0/0               0/0        ( 0.0%) 
faces                   90/65536        5040/3670016  ( 0.1%) 
hdr faces                0/65536           0/3670016  ( 0.0%) 
origfaces               35/65536        1960/3670016  ( 0.1%) 
leaves                  46/65536        1472/2097152  ( 0.1%) 
leaffaces              115/65536         230/131072   ( 0.2%) 
leafbrushes             26/65536          52/131072   ( 0.0%) 
areas                    2/256            16/2048     ( 0.8%) 
surfedges              574/512000       2296/2048000  ( 0.1%) 
edges                  338/256000       1352/1024000  ( 0.1%) 
LDR worldlights          0/65536           0/5767168  ( 0.0%) 
HDR worldlights          0/65536           0/5767168  ( 0.0%) 
leafwaterdata            0/32768           0/393216   ( 0.0%) 
waterstrips             13/32768         130/327680   ( 0.0%) 
waterverts               0/65536           0/786432   ( 0.0%) 
waterindices           177/65536         354/131072   ( 0.3%) 
cubemapsamples           0/1024            0/16384    ( 0.0%) 
overlays                 0/8192            0/2883584  ( 0.0%) 
LDR lightdata         [variable]       78728/0        ( 0.0%) 
HDR lightdata         [variable]           0/0        ( 0.0%) 
visdata               [variable]         257/16777216 ( 0.0%) 
entdata               [variable]         387/393216   ( 0.1%) 
LDR ambient table       46/65536         184/262144   ( 0.1%) 
HDR ambient table       46/65536         184/262144   ( 0.1%) 
LDR leaf ambient        18/65536         504/1835008  ( 0.0%) 
HDR leaf ambient        46/65536        1288/1835008  ( 0.1%) 
occluders                0/0               0/0        ( 0.0%) 
occluder polygons        0/0               0/0        ( 0.0%) 
occluder vert ind        0/0               0/0        ( 0.0%) 
detail props          [variable]           1/12       ( 8.3%) 
static props          [variable]           1/12       ( 8.3%) 
pakfile               [variable]         383/0        ( 0.0%) 
physics               [variable]        5716/4194304  ( 0.1%) 
physics terrain       [variable]           2/1048576  ( 0.0%) 

Level flags = 0

Total triangle count: 254
Writing d:\steam\steamapps\sourcemods\entropyzero2-addonworkspace\mapsrc\dd01_wh1.bsp
0 seconds elapsed



[Reading texlights from 'lights.rad']
[48 texlights parsed from 'lights.rad']

Loading d:\steam\steamapps\sourcemods\entropyzero2-addonworkspace\mapsrc\dd01_wh1.bsp
90 faces
30102 square feet [4334691.00 square inches]
0 Displacements
0 Square Feet [0.00 Square Inches]
90 patches before subdivision
4460 patches after subdivision
0 direct lights
0...1...2...3...4...5...6...7...8...9...100...1...2...3...4...5...6...7...8...9...10transfers 467615, max 281
transfer lists:   3.6 megs
0...1...2...3...4...5...6...7...8...9...10	Bounce #1 added RGB(0, 0, 0)
Build Patch/Sample Hash Table(s).....Done<0.0006 sec>
0...1...2...3...4...5...6...7...8...9...10FinalLightFace Done
0 of 0 (0% of) surface lights went in leaf ambient cubes.
0...1...2...3...4...5...6...7...8...9...10Writing leaf ambient...done
Ready to Finish

Object names       Objects/Maxobjs  Memory / Maxmem  Fullness 
------------       ---------------  ---------------  -------- 
models                   1/1024           48/49152    ( 0.1%) 
brushes                 16/8192          192/98304    ( 0.2%) 
brushsides              97/65536         776/524288   ( 0.1%) 
planes                  64/65536        1280/1310720  ( 0.1%) 
vertexes               126/65536        1512/786432   ( 0.2%) 
nodes                   44/65536        1408/2097152  ( 0.1%) 
texinfos                14/12288        1008/884736   ( 0.1%) 
texdata                  4/2048          128/65536    ( 0.2%) 
dispinfos                0/0               0/0        ( 0.0%) 
disp_verts               0/0               0/0        ( 0.0%) 
disp_tris                0/0               0/0        ( 0.0%) 
disp_lmsamples           0/0               0/0        ( 0.0%) 
faces                   90/65536        5040/3670016  ( 0.1%) 
hdr faces               90/65536        5040/3670016  ( 0.1%) 
origfaces               35/65536        1960/3670016  ( 0.1%) 
leaves                  46/65536        1472/2097152  ( 0.1%) 
leaffaces              115/65536         230/131072   ( 0.2%) 
leafbrushes             26/65536          52/131072   ( 0.0%) 
areas                    2/256            16/2048     ( 0.8%) 
surfedges              574/512000       2296/2048000  ( 0.1%) 
edges                  338/256000       1352/1024000  ( 0.1%) 
LDR worldlights          0/65536           0/5767168  ( 0.0%) 
HDR worldlights          0/65536           0/5767168  ( 0.0%) 
leafwaterdata            0/32768           0/393216   ( 0.0%) 
waterstrips             13/32768         130/327680   ( 0.0%) 
waterverts               0/65536           0/786432   ( 0.0%) 
waterindices           177/65536         354/131072   ( 0.3%) 
cubemapsamples           0/1024            0/16384    ( 0.0%) 
overlays                 0/8192            0/2883584  ( 0.0%) 
LDR lightdata         [variable]       78728/0        ( 0.0%) 
HDR lightdata         [variable]       78728/0        ( 0.0%) 
visdata               [variable]         257/16777216 ( 0.0%) 
entdata               [variable]         387/393216   ( 0.1%) 
LDR ambient table       46/65536         184/262144   ( 0.1%) 
HDR ambient table       46/65536         184/262144   ( 0.1%) 
LDR leaf ambient        18/65536         504/1835008  ( 0.0%) 
HDR leaf ambient        18/65536         504/1835008  ( 0.0%) 
occluders                0/0               0/0        ( 0.0%) 
occluder polygons        0/0               0/0        ( 0.0%) 
occluder vert ind        0/0               0/0        ( 0.0%) 
detail props          [variable]           1/12       ( 8.3%) 
static props          [variable]           1/12       ( 8.3%) 
pakfile               [variable]         383/0        ( 0.0%) 
physics               [variable]        5716/4194304  ( 0.1%) 
physics terrain       [variable]           2/1048576  ( 0.0%) 

Level flags = 0

Total triangle count: 254
Writing d:\steam\steamapps\sourcemods\entropyzero2-addonworkspace\mapsrc\dd01_wh1.bsp
0 seconds elapsed
