PRT1
12
18
4 0 2 (0 1040 192 ) (0 1280 192 ) (0 1280 0 ) (0 1040 0 ) 
4 0 1 (0 1040 0 ) (0 1280 0 ) (128 1280 0 ) (128 1040 0 ) 
4 1 2 (0 1040 0 ) (0 1280 0 ) (0 1280 -64 ) (0 1040 -64 ) 
4 2 4 (-301 1040 109 ) (-301 1040 33 ) (-259 1040 33 ) (-259 1040 109 ) 
4 2 3 (-189 1040 109 ) (-189 1040 33 ) (-147 1040 33 ) (-147 1040 109 ) 
4 3 7 (-189 1024 109 ) (-189 1024 33 ) (-147 1024 33 ) (-147 1024 109 ) 
4 4 7 (-301 1024 109 ) (-301 1024 33 ) (-259 1024 33 ) (-259 1024 109 ) 
4 5 11 (0 760 0 ) (0 640 0 ) (0 640 192 ) (0 760 192 ) 
4 5 9 (0 768 0 ) (0 760 0 ) (0 760 112 ) (0 768 112 ) 
4 5 8 (0 760 112 ) (0 760 192 ) (0 768 192 ) (0 768 112 ) 
4 5 6 (0 1024 192 ) (0 1024 0 ) (0 768 0 ) (0 768 192 ) 
4 6 9 (0 768 0 ) (0 768 112 ) (-48 768 112 ) (-48 768 0 ) 
4 6 8 (0 768 112 ) (0 768 192 ) (-48 768 192 ) (-48 768 112 ) 
4 7 10 (-368 768 0 ) (-312 768 0 ) (-312 768 112 ) (-368 768 112 ) 
4 8 11 (-64 760 112 ) (0 760 112 ) (0 760 192 ) (-64 760 192 ) 
4 8 9 (0 760 112 ) (-64 760 112 ) (-64 768 112 ) (0 768 112 ) 
4 9 11 (-64 760 0 ) (0 760 0 ) (0 760 112 ) (-64 760 112 ) 
4 10 11 (-368 760 0 ) (-312 760 0 ) (-312 760 112 ) (-368 760 112 ) 
