


materialPath: D:\steam\steamapps\sourcemods\entropyzero2-addonworkspace\materials
Loading d:\steam\steamapps\sourcemods\entropyzero2-addonworkspace\mapsrc\dd_00c.vmf
ConVarRef mat_reduceparticles doesn't point to an existing ConVar
fixing up env_cubemap materials on brush sides...
0...1...2...3...4...5...6...7...8...9...100...1...2...3...4...5...6...7...8...9...10Processing areas...done (0)
Building Faces...done (0)
Chop Details...done (0)
Find Visible Detail Sides...
Merged 32 detail faces...done (0)
Merging details...done (0)
FixTjuncs...
PruneNodes...
WriteBSP...
done (0)
writing d:\steam\steamapps\sourcemods\entropyzero2-addonworkspace\mapsrc\dd_00c.prt...Building visibility clusters...
done (0)
Finding displacement neighbors...
Finding lightmap sample positions...
Displacement Alpha : 0...1...2...3...4...5...6...7...8...9...10
Building Physics collision data...
done (0) (41530 bytes)
Placing static props...
Placing detail props : 0...1...2...3...4...5...6...7...8...9...10
Compacting texture/material tables...
Reduced 99 texinfos to 63
Reduced 9 texdatas to 9 (204 bytes to 204)
Writing d:\steam\steamapps\sourcemods\entropyzero2-addonworkspace\mapsrc\dd_00c.bsp
0 seconds elapsed



12 threads
reading d:\steam\steamapps\sourcemods\entropyzero2-addonworkspace\mapsrc\dd_00c.bsp
reading d:\steam\steamapps\sourcemods\entropyzero2-addonworkspace\mapsrc\dd_00c.prt
  50 portalclusters
 106 numportals
0...1...2...3...4...5...6...7...8...9...10Optimized: 0 visible clusters (0.00%)
Total clusters visible: 2308
Average clusters visible: 46
Building PAS...
Average clusters audible: 50
visdatasize:1104  compressed from 800
writing d:\steam\steamapps\sourcemods\entropyzero2-addonworkspace\mapsrc\dd_00c.bsp
0 seconds elapsed



[Reading texlights from 'lights.rad']
[48 texlights parsed from 'lights.rad']

Loading d:\steam\steamapps\sourcemods\entropyzero2-addonworkspace\mapsrc\dd_00c.bsp
402 faces
127396 square feet [18345088.00 square inches]
12 Displacements
43690 Square Feet [6291456.00 Square Inches]
402 patches before subdivision
13368 patches after subdivision
7 direct lights
0...1...2...3...4...5...6...7...8...9...100...1...2...3...4...5...6...7...8...9...10transfers 1694028, max 495
transfer lists:  12.9 megs
0...1...2...3...4...5...6...7...8...9...10	Bounce #1 added RGB(774, 383, 99)
0...1...2...3...4...5...6...7...8...9...10	Bounce #2 added RGB(72, 32, 6)
Build Patch/Sample Hash Table(s).....Done<0.0035 sec>
0...1...2...3...4...5...6...7...8...9...10FinalLightFace Done
Computing detail prop lighting : 0...1...2...3...4...5...6...7...8...9...10
0 of 0 (0% of) surface lights went in leaf ambient cubes.
0...1...2...3...4...5...6...7...8...9...10Writing leaf ambient...done
Ready to Finish

Object names       Objects/Maxobjs  Memory / Maxmem  Fullness 
------------       ---------------  ---------------  -------- 
models                   2/1024           96/49152    ( 0.2%) 
brushes                126/8192         1512/98304    ( 1.5%) 
brushsides             930/65536        7440/524288   ( 1.4%) 
planes                 260/65536        5200/1310720  ( 0.4%) 
vertexes               617/65536        7404/786432   ( 0.9%) 
nodes                  199/65536        6368/2097152  ( 0.3%) 
texinfos                63/12288        4536/884736   ( 0.5%) 
texdata                  9/2048          288/65536    ( 0.4%) 
dispinfos               12/0            2112/0        ( 0.0%) 
disp_verts             972/0           19440/0        ( 0.0%) 
disp_tris             1536/0            3072/0        ( 0.0%) 
disp_lmsamples      107712/0          107712/0        ( 0.0%) 
faces                  402/65536       22512/3670016  ( 0.6%) 
hdr faces                0/65536           0/3670016  ( 0.0%) 
origfaces              188/65536       10528/3670016  ( 0.3%) 
leaves                 202/65536        6464/2097152  ( 0.3%) 
leaffaces              441/65536         882/131072   ( 0.7%) 
leafbrushes            287/65536         574/131072   ( 0.4%) 
areas                    2/256            16/2048     ( 0.8%) 
surfedges             2558/512000      10232/2048000  ( 0.5%) 
edges                 1596/256000       6384/1024000  ( 0.6%) 
LDR worldlights          7/65536         616/5767168  ( 0.0%) 
HDR worldlights          0/65536           0/5767168  ( 0.0%) 
leafwaterdata            0/32768           0/393216   ( 0.0%) 
waterstrips             27/32768         270/327680   ( 0.1%) 
waterverts               0/65536           0/786432   ( 0.0%) 
waterindices           426/65536         852/131072   ( 0.7%) 
cubemapsamples           0/1024            0/16384    ( 0.0%) 
overlays                 0/8192            0/2883584  ( 0.0%) 
LDR lightdata         [variable]      338896/0        ( 0.0%) 
HDR lightdata         [variable]           0/0        ( 0.0%) 
visdata               [variable]        1104/16777216 ( 0.0%) 
entdata               [variable]        4889/393216   ( 1.2%) 
LDR ambient table      202/65536         808/262144   ( 0.3%) 
HDR ambient table      202/65536         808/262144   ( 0.3%) 
LDR leaf ambient       303/65536        8484/1835008  ( 0.5%) 
HDR leaf ambient       202/65536        5656/1835008  ( 0.3%) 
occluders                0/0               0/0        ( 0.0%) 
occluder polygons        0/0               0/0        ( 0.0%) 
occluder vert ind        0/0               0/0        ( 0.0%) 
detail props          [variable]           1/100764   ( 0.0%) 
dtl prp lght          [variable]           1/4        (25.0%) 
HDR dtl prp lght      [variable]           1/4        (25.0%) 
static props          [variable]           1/210      ( 0.5%) 
pakfile               [variable]          54/0        ( 0.0%) 
physics               [variable]       41530/4194304  ( 1.0%) 
physics terrain       [variable]        1380/1048576  ( 0.1%) 

Level flags = 0

Total triangle count: 1018
Writing d:\steam\steamapps\sourcemods\entropyzero2-addonworkspace\mapsrc\dd_00c.bsp
1 second elapsed



materialPath: D:\steam\steamapps\sourcemods\entropyzero2-addonworkspace\materials
Loading d:\steam\steamapps\sourcemods\entropyzero2-addonworkspace\mapsrc\dd_00c.vmf
ConVarRef mat_reduceparticles doesn't point to an existing ConVar
Patching WVT material: maps/dd_00c/dev/dev_blendmeasure2_wvt_patch
fixing up env_cubemap materials on brush sides...
0...1...2...3...4...5...6...7...8...9...100...1...2...3...4...5...6...7...8...9...10Processing areas...done (0)
Building Faces...done (0)
Chop Details...done (0)
Find Visible Detail Sides...
Merged 32 detail faces...done (0)
Merging details...done (0)
FixTjuncs...
PruneNodes...
WriteBSP...
done (0)
writing d:\steam\steamapps\sourcemods\entropyzero2-addonworkspace\mapsrc\dd_00c.prt...Building visibility clusters...
done (0)
Finding displacement neighbors...
Finding lightmap sample positions...
Displacement Alpha : 0...1...2...3...4...5...6...7...8...9...10
Building Physics collision data...
done (0) (41530 bytes)
Placing static props...
Placing detail props : 0...1...2...3...4...5...6...7...8...9...10
Compacting texture/material tables...
Reduced 93 texinfos to 57
Reduced 8 texdatas to 8 (187 bytes to 187)
Writing d:\steam\steamapps\sourcemods\entropyzero2-addonworkspace\mapsrc\dd_00c.bsp
0 seconds elapsed



12 threads
reading d:\steam\steamapps\sourcemods\entropyzero2-addonworkspace\mapsrc\dd_00c.bsp
reading d:\steam\steamapps\sourcemods\entropyzero2-addonworkspace\mapsrc\dd_00c.prt
  50 portalclusters
 106 numportals
0...1...2...3...4...5...6...7...8...9...10Optimized: 0 visible clusters (0.00%)
Total clusters visible: 2308
Average clusters visible: 46
Building PAS...
Average clusters audible: 50
visdatasize:1104  compressed from 800
writing d:\steam\steamapps\sourcemods\entropyzero2-addonworkspace\mapsrc\dd_00c.bsp
0 seconds elapsed



[Reading texlights from 'lights.rad']
[48 texlights parsed from 'lights.rad']

Loading d:\steam\steamapps\sourcemods\entropyzero2-addonworkspace\mapsrc\dd_00c.bsp
402 faces
127396 square feet [18345088.00 square inches]
12 Displacements
43690 Square Feet [6291456.00 Square Inches]
402 patches before subdivision
13368 patches after subdivision
7 direct lights
0...1...2...3...4...5...6...7...8...9...100...1...2...3...4...5...6...7...8...9...10transfers 1770151, max 497
transfer lists:  13.5 megs
0...1...2...3...4...5...6...7...8...9...10	Bounce #1 added RGB(1204, 670, 236)
0...1...2...3...4...5...6...7...8...9...10	Bounce #2 added RGB(163, 89, 30)
Build Patch/Sample Hash Table(s).....Done<0.0030 sec>
0...1...2...3...4...5...6...7...8...9...10FinalLightFace Done
0 of 0 (0% of) surface lights went in leaf ambient cubes.
0...1...2...3...4...5...6...7...8...9...10Writing leaf ambient...done
Ready to Finish

Object names       Objects/Maxobjs  Memory / Maxmem  Fullness 
------------       ---------------  ---------------  -------- 
models                   2/1024           96/49152    ( 0.2%) 
brushes                126/8192         1512/98304    ( 1.5%) 
brushsides             930/65536        7440/524288   ( 1.4%) 
planes                 260/65536        5200/1310720  ( 0.4%) 
vertexes               617/65536        7404/786432   ( 0.9%) 
nodes                  199/65536        6368/2097152  ( 0.3%) 
texinfos                57/12288        4104/884736   ( 0.5%) 
texdata                  8/2048          256/65536    ( 0.4%) 
dispinfos               12/0            2112/0        ( 0.0%) 
disp_verts             972/0           19440/0        ( 0.0%) 
disp_tris             1536/0            3072/0        ( 0.0%) 
disp_lmsamples      107712/0          107712/0        ( 0.0%) 
faces                  402/65536       22512/3670016  ( 0.6%) 
hdr faces                0/65536           0/3670016  ( 0.0%) 
origfaces              188/65536       10528/3670016  ( 0.3%) 
leaves                 202/65536        6464/2097152  ( 0.3%) 
leaffaces              441/65536         882/131072   ( 0.7%) 
leafbrushes            287/65536         574/131072   ( 0.4%) 
areas                    2/256            16/2048     ( 0.8%) 
surfedges             2558/512000      10232/2048000  ( 0.5%) 
edges                 1596/256000       6384/1024000  ( 0.6%) 
LDR worldlights          7/65536         616/5767168  ( 0.0%) 
HDR worldlights          0/65536           0/5767168  ( 0.0%) 
leafwaterdata            0/32768           0/393216   ( 0.0%) 
waterstrips             27/32768         270/327680   ( 0.1%) 
waterverts               0/65536           0/786432   ( 0.0%) 
waterindices           426/65536         852/131072   ( 0.7%) 
cubemapsamples           0/1024            0/16384    ( 0.0%) 
overlays                 0/8192            0/2883584  ( 0.0%) 
LDR lightdata         [variable]      338896/0        ( 0.0%) 
HDR lightdata         [variable]           0/0        ( 0.0%) 
visdata               [variable]        1104/16777216 ( 0.0%) 
entdata               [variable]        4889/393216   ( 1.2%) 
LDR ambient table      202/65536         808/262144   ( 0.3%) 
HDR ambient table      202/65536         808/262144   ( 0.3%) 
LDR leaf ambient       308/65536        8624/1835008  ( 0.5%) 
HDR leaf ambient       202/65536        5656/1835008  ( 0.3%) 
occluders                0/0               0/0        ( 0.0%) 
occluder polygons        0/0               0/0        ( 0.0%) 
occluder vert ind        0/0               0/0        ( 0.0%) 
detail props          [variable]           1/12       ( 8.3%) 
static props          [variable]           1/12       ( 8.3%) 
pakfile               [variable]         379/0        ( 0.0%) 
physics               [variable]       41530/4194304  ( 1.0%) 
physics terrain       [variable]        1380/1048576  ( 0.1%) 

Level flags = 0

Total triangle count: 1018
Writing d:\steam\steamapps\sourcemods\entropyzero2-addonworkspace\mapsrc\dd_00c.bsp
0 seconds elapsed



materialPath: D:\steam\steamapps\sourcemods\entropyzero2-addonworkspace\materials
Loading d:\steam\steamapps\sourcemods\entropyzero2-addonworkspace\mapsrc\dd_00c.vmf
ConVarRef mat_reduceparticles doesn't point to an existing ConVar
Patching WVT material: maps/dd_00c/dev/dev_blendmeasure2_wvt_patch
fixing up env_cubemap materials on brush sides...
0...1...2...3...4...5...6...7...8...9...100...1...2...3...4...5...6...7...8...9...10Processing areas...done (0)
Building Faces...done (0)
Chop Details...done (0)
Find Visible Detail Sides...
Merged 32 detail faces...done (0)
Merging details...done (0)
FixTjuncs...
PruneNodes...
WriteBSP...
done (0)
writing d:\steam\steamapps\sourcemods\entropyzero2-addonworkspace\mapsrc\dd_00c.prt...Building visibility clusters...
done (0)
Finding displacement neighbors...
Finding lightmap sample positions...
Displacement Alpha : 0...1...2...3...4...5...6...7...8...9...10
Building Physics collision data...
done (0) (41530 bytes)
Placing static props...
Placing detail props : 0...1...2...3...4...5...6...7...8...9...10
Compacting texture/material tables...
Reduced 93 texinfos to 57
Reduced 8 texdatas to 8 (187 bytes to 187)
Writing d:\steam\steamapps\sourcemods\entropyzero2-addonworkspace\mapsrc\dd_00c.bsp
0 seconds elapsed



12 threads
reading d:\steam\steamapps\sourcemods\entropyzero2-addonworkspace\mapsrc\dd_00c.bsp
reading d:\steam\steamapps\sourcemods\entropyzero2-addonworkspace\mapsrc\dd_00c.prt
  50 portalclusters
 106 numportals
0...1...2...3...4...5...6...7...8...9...10Optimized: 0 visible clusters (0.00%)
Total clusters visible: 2308
Average clusters visible: 46
Building PAS...
Average clusters audible: 50
visdatasize:1104  compressed from 800
writing d:\steam\steamapps\sourcemods\entropyzero2-addonworkspace\mapsrc\dd_00c.bsp
0 seconds elapsed



[Reading texlights from 'lights.rad']
[48 texlights parsed from 'lights.rad']

Loading d:\steam\steamapps\sourcemods\entropyzero2-addonworkspace\mapsrc\dd_00c.bsp
402 faces
127396 square feet [18345088.00 square inches]
12 Displacements
43690 Square Feet [6291456.00 Square Inches]
402 patches before subdivision
13368 patches after subdivision
7 direct lights
0...1...2...3...4...5...6...7...8...9...100...1...2...3...4...5...6...7...8...9...10transfers 1770151, max 497
transfer lists:  13.5 megs
0...1...2...3...4...5...6...7...8...9...10	Bounce #1 added RGB(1204, 670, 236)
0...1...2...3...4...5...6...7...8...9...10	Bounce #2 added RGB(163, 89, 30)
Build Patch/Sample Hash Table(s).....Done<0.0032 sec>
0...1...2...3...4...5...6...7...8...9...10FinalLightFace Done
0 of 0 (0% of) surface lights went in leaf ambient cubes.
0...1...2...3...4...5...6...7...8...9...10Writing leaf ambient...done
Ready to Finish

Object names       Objects/Maxobjs  Memory / Maxmem  Fullness 
------------       ---------------  ---------------  -------- 
models                   2/1024           96/49152    ( 0.2%) 
brushes                126/8192         1512/98304    ( 1.5%) 
brushsides             930/65536        7440/524288   ( 1.4%) 
planes                 260/65536        5200/1310720  ( 0.4%) 
vertexes               617/65536        7404/786432   ( 0.9%) 
nodes                  199/65536        6368/2097152  ( 0.3%) 
texinfos                57/12288        4104/884736   ( 0.5%) 
texdata                  8/2048          256/65536    ( 0.4%) 
dispinfos               12/0            2112/0        ( 0.0%) 
disp_verts             972/0           19440/0        ( 0.0%) 
disp_tris             1536/0            3072/0        ( 0.0%) 
disp_lmsamples      107712/0          107712/0        ( 0.0%) 
faces                  402/65536       22512/3670016  ( 0.6%) 
hdr faces                0/65536           0/3670016  ( 0.0%) 
origfaces              188/65536       10528/3670016  ( 0.3%) 
leaves                 202/65536        6464/2097152  ( 0.3%) 
leaffaces              441/65536         882/131072   ( 0.7%) 
leafbrushes            287/65536         574/131072   ( 0.4%) 
areas                    2/256            16/2048     ( 0.8%) 
surfedges             2558/512000      10232/2048000  ( 0.5%) 
edges                 1596/256000       6384/1024000  ( 0.6%) 
LDR worldlights          7/65536         616/5767168  ( 0.0%) 
HDR worldlights          0/65536           0/5767168  ( 0.0%) 
leafwaterdata            0/32768           0/393216   ( 0.0%) 
waterstrips             27/32768         270/327680   ( 0.1%) 
waterverts               0/65536           0/786432   ( 0.0%) 
waterindices           426/65536         852/131072   ( 0.7%) 
cubemapsamples           0/1024            0/16384    ( 0.0%) 
overlays                 0/8192            0/2883584  ( 0.0%) 
LDR lightdata         [variable]      338896/0        ( 0.0%) 
HDR lightdata         [variable]           0/0        ( 0.0%) 
visdata               [variable]        1104/16777216 ( 0.0%) 
entdata               [variable]        5061/393216   ( 1.3%) 
LDR ambient table      202/65536         808/262144   ( 0.3%) 
HDR ambient table      202/65536         808/262144   ( 0.3%) 
LDR leaf ambient       308/65536        8624/1835008  ( 0.5%) 
HDR leaf ambient       202/65536        5656/1835008  ( 0.3%) 
occluders                0/0               0/0        ( 0.0%) 
occluder polygons        0/0               0/0        ( 0.0%) 
occluder vert ind        0/0               0/0        ( 0.0%) 
detail props          [variable]           1/12       ( 8.3%) 
static props          [variable]           1/12       ( 8.3%) 
pakfile               [variable]         379/0        ( 0.0%) 
physics               [variable]       41530/4194304  ( 1.0%) 
physics terrain       [variable]        1380/1048576  ( 0.1%) 

Level flags = 0

Total triangle count: 1018
Writing d:\steam\steamapps\sourcemods\entropyzero2-addonworkspace\mapsrc\dd_00c.bsp
0 seconds elapsed



materialPath: D:\steam\steamapps\sourcemods\entropyzero2-addonworkspace\materials
Loading d:\steam\steamapps\sourcemods\entropyzero2-addonworkspace\mapsrc\dd_00c.vmf
ConVarRef mat_reduceparticles doesn't point to an existing ConVar
Patching WVT material: maps/dd_00c/dev/dev_blendmeasure2_wvt_patch
fixing up env_cubemap materials on brush sides...
0...1...2...3...4...5...6...7...8...9...100...1...2...3...4...5...6...7...8...9...10Processing areas...done (0)
Building Faces...done (0)
Chop Details...done (0)
Find Visible Detail Sides...
Merged 32 detail faces...done (0)
Merging details...done (0)
FixTjuncs...
PruneNodes...
WriteBSP...
done (0)
writing d:\steam\steamapps\sourcemods\entropyzero2-addonworkspace\mapsrc\dd_00c.prt...Building visibility clusters...
done (0)
Finding displacement neighbors...
Finding lightmap sample positions...
Displacement Alpha : 0...1...2...3...4...5...6...7...8...9...10
Building Physics collision data...
done (0) (41530 bytes)
Placing static props...
Placing detail props : 0...1...2...3...4...5...6...7...8...9...10
Compacting texture/material tables...
Reduced 93 texinfos to 57
Reduced 8 texdatas to 8 (187 bytes to 187)
Writing d:\steam\steamapps\sourcemods\entropyzero2-addonworkspace\mapsrc\dd_00c.bsp
0 seconds elapsed



12 threads
reading d:\steam\steamapps\sourcemods\entropyzero2-addonworkspace\mapsrc\dd_00c.bsp
reading d:\steam\steamapps\sourcemods\entropyzero2-addonworkspace\mapsrc\dd_00c.prt
  50 portalclusters
 106 numportals
0...1...2...3...4...5...6...7...8...9...10Optimized: 0 visible clusters (0.00%)
Total clusters visible: 2308
Average clusters visible: 46
Building PAS...
Average clusters audible: 50
visdatasize:1104  compressed from 800
writing d:\steam\steamapps\sourcemods\entropyzero2-addonworkspace\mapsrc\dd_00c.bsp
0 seconds elapsed



[Reading texlights from 'lights.rad']
[48 texlights parsed from 'lights.rad']

Loading d:\steam\steamapps\sourcemods\entropyzero2-addonworkspace\mapsrc\dd_00c.bsp
402 faces
127396 square feet [18345088.00 square inches]
12 Displacements
43690 Square Feet [6291456.00 Square Inches]
402 patches before subdivision
13368 patches after subdivision
7 direct lights
0...1...2...3...4...5...6...7...8...9...100...1...2...3...4...5...6...7...8...9...10transfers 1770151, max 497
transfer lists:  13.5 megs
0...1...2...3...4...5...6...7...8...9...10	Bounce #1 added RGB(1204, 670, 236)
0...1...2...3...4...5...6...7...8...9...10	Bounce #2 added RGB(163, 89, 30)
Build Patch/Sample Hash Table(s).....Done<0.0026 sec>
0...1...2...3...4...5...6...7...8...9...10FinalLightFace Done
0 of 0 (0% of) surface lights went in leaf ambient cubes.
0...1...2...3...4...5...6...7...8...9...10Writing leaf ambient...done
Ready to Finish

Object names       Objects/Maxobjs  Memory / Maxmem  Fullness 
------------       ---------------  ---------------  -------- 
models                   2/1024           96/49152    ( 0.2%) 
brushes                126/8192         1512/98304    ( 1.5%) 
brushsides             930/65536        7440/524288   ( 1.4%) 
planes                 260/65536        5200/1310720  ( 0.4%) 
vertexes               617/65536        7404/786432   ( 0.9%) 
nodes                  199/65536        6368/2097152  ( 0.3%) 
texinfos                57/12288        4104/884736   ( 0.5%) 
texdata                  8/2048          256/65536    ( 0.4%) 
dispinfos               12/0            2112/0        ( 0.0%) 
disp_verts             972/0           19440/0        ( 0.0%) 
disp_tris             1536/0            3072/0        ( 0.0%) 
disp_lmsamples      107712/0          107712/0        ( 0.0%) 
faces                  402/65536       22512/3670016  ( 0.6%) 
hdr faces                0/65536           0/3670016  ( 0.0%) 
origfaces              188/65536       10528/3670016  ( 0.3%) 
leaves                 202/65536        6464/2097152  ( 0.3%) 
leaffaces              441/65536         882/131072   ( 0.7%) 
leafbrushes            287/65536         574/131072   ( 0.4%) 
areas                    2/256            16/2048     ( 0.8%) 
surfedges             2558/512000      10232/2048000  ( 0.5%) 
edges                 1596/256000       6384/1024000  ( 0.6%) 
LDR worldlights          7/65536         616/5767168  ( 0.0%) 
HDR worldlights          0/65536           0/5767168  ( 0.0%) 
leafwaterdata            0/32768           0/393216   ( 0.0%) 
waterstrips             27/32768         270/327680   ( 0.1%) 
waterverts               0/65536           0/786432   ( 0.0%) 
waterindices           426/65536         852/131072   ( 0.7%) 
cubemapsamples           0/1024            0/16384    ( 0.0%) 
overlays                 0/8192            0/2883584  ( 0.0%) 
LDR lightdata         [variable]      338896/0        ( 0.0%) 
HDR lightdata         [variable]           0/0        ( 0.0%) 
visdata               [variable]        1104/16777216 ( 0.0%) 
entdata               [variable]        4999/393216   ( 1.3%) 
LDR ambient table      202/65536         808/262144   ( 0.3%) 
HDR ambient table      202/65536         808/262144   ( 0.3%) 
LDR leaf ambient       308/65536        8624/1835008  ( 0.5%) 
HDR leaf ambient       202/65536        5656/1835008  ( 0.3%) 
occluders                0/0               0/0        ( 0.0%) 
occluder polygons        0/0               0/0        ( 0.0%) 
occluder vert ind        0/0               0/0        ( 0.0%) 
detail props          [variable]           1/12       ( 8.3%) 
static props          [variable]           1/12       ( 8.3%) 
pakfile               [variable]         379/0        ( 0.0%) 
physics               [variable]       41530/4194304  ( 1.0%) 
physics terrain       [variable]        1380/1048576  ( 0.1%) 

Level flags = 0

Total triangle count: 1018
Writing d:\steam\steamapps\sourcemods\entropyzero2-addonworkspace\mapsrc\dd_00c.bsp
0 seconds elapsed



materialPath: D:\steam\steamapps\sourcemods\entropyzero2-addonworkspace\materials
Loading d:\steam\steamapps\sourcemods\entropyzero2-addonworkspace\mapsrc\dd_00c.vmf
ConVarRef mat_reduceparticles doesn't point to an existing ConVar
Patching WVT material: maps/dd_00c/dev/dev_blendmeasure2_wvt_patch
fixing up env_cubemap materials on brush sides...
0...1...2...3...4...5...6...7...8...9...100...1...2...3...4...5...6...7...8...9...10Processing areas...done (0)
Building Faces...done (0)
Chop Details...done (0)
Find Visible Detail Sides...
Merged 32 detail faces...done (0)
Merging details...done (0)
FixTjuncs...
PruneNodes...
WriteBSP...
done (0)
writing d:\steam\steamapps\sourcemods\entropyzero2-addonworkspace\mapsrc\dd_00c.prt...Building visibility clusters...
done (0)
Finding displacement neighbors...
Finding lightmap sample positions...
Displacement Alpha : 0...1...2...3...4...5...6...7...8...9...10
Building Physics collision data...
done (0) (41530 bytes)
Placing static props...
Placing detail props : 0...1...2...3...4...5...6...7...8...9...10
Compacting texture/material tables...
Reduced 93 texinfos to 57
Reduced 8 texdatas to 8 (187 bytes to 187)
Writing d:\steam\steamapps\sourcemods\entropyzero2-addonworkspace\mapsrc\dd_00c.bsp
0 seconds elapsed



12 threads
reading d:\steam\steamapps\sourcemods\entropyzero2-addonworkspace\mapsrc\dd_00c.bsp
reading d:\steam\steamapps\sourcemods\entropyzero2-addonworkspace\mapsrc\dd_00c.prt
  50 portalclusters
 106 numportals
0...1...2...3...4...5...6...7...8...9...10Optimized: 0 visible clusters (0.00%)
Total clusters visible: 2308
Average clusters visible: 46
Building PAS...
Average clusters audible: 50
visdatasize:1104  compressed from 800
writing d:\steam\steamapps\sourcemods\entropyzero2-addonworkspace\mapsrc\dd_00c.bsp
0 seconds elapsed



[Reading texlights from 'lights.rad']
[48 texlights parsed from 'lights.rad']

Loading d:\steam\steamapps\sourcemods\entropyzero2-addonworkspace\mapsrc\dd_00c.bsp
402 faces
127396 square feet [18345088.00 square inches]
12 Displacements
43690 Square Feet [6291456.00 Square Inches]
402 patches before subdivision
13368 patches after subdivision
7 direct lights
0...1...2...3...4...5...6...7...8...9...100...1...2...3...4...5...6...7...8...9...10transfers 1770151, max 497
transfer lists:  13.5 megs
0...1...2...3...4...5...6...7...8...9...10	Bounce #1 added RGB(1204, 670, 236)
0...1...2...3...4...5...6...7...8...9...10	Bounce #2 added RGB(163, 89, 30)
Build Patch/Sample Hash Table(s).....Done<0.0026 sec>
0...1...2...3...4...5...6...7...8...9...10FinalLightFace Done
0 of 0 (0% of) surface lights went in leaf ambient cubes.
0...1...2...3...4...5...6...7...8...9...10Writing leaf ambient...done
Ready to Finish

Object names       Objects/Maxobjs  Memory / Maxmem  Fullness 
------------       ---------------  ---------------  -------- 
models                   2/1024           96/49152    ( 0.2%) 
brushes                126/8192         1512/98304    ( 1.5%) 
brushsides             930/65536        7440/524288   ( 1.4%) 
planes                 260/65536        5200/1310720  ( 0.4%) 
vertexes               617/65536        7404/786432   ( 0.9%) 
nodes                  199/65536        6368/2097152  ( 0.3%) 
texinfos                57/12288        4104/884736   ( 0.5%) 
texdata                  8/2048          256/65536    ( 0.4%) 
dispinfos               12/0            2112/0        ( 0.0%) 
disp_verts             972/0           19440/0        ( 0.0%) 
disp_tris             1536/0            3072/0        ( 0.0%) 
disp_lmsamples      107712/0          107712/0        ( 0.0%) 
faces                  402/65536       22512/3670016  ( 0.6%) 
hdr faces                0/65536           0/3670016  ( 0.0%) 
origfaces              188/65536       10528/3670016  ( 0.3%) 
leaves                 202/65536        6464/2097152  ( 0.3%) 
leaffaces              441/65536         882/131072   ( 0.7%) 
leafbrushes            287/65536         574/131072   ( 0.4%) 
areas                    2/256            16/2048     ( 0.8%) 
surfedges             2558/512000      10232/2048000  ( 0.5%) 
edges                 1596/256000       6384/1024000  ( 0.6%) 
LDR worldlights          7/65536         616/5767168  ( 0.0%) 
HDR worldlights          0/65536           0/5767168  ( 0.0%) 
leafwaterdata            0/32768           0/393216   ( 0.0%) 
waterstrips             27/32768         270/327680   ( 0.1%) 
waterverts               0/65536           0/786432   ( 0.0%) 
waterindices           426/65536         852/131072   ( 0.7%) 
cubemapsamples           0/1024            0/16384    ( 0.0%) 
overlays                 0/8192            0/2883584  ( 0.0%) 
LDR lightdata         [variable]      338896/0        ( 0.0%) 
HDR lightdata         [variable]           0/0        ( 0.0%) 
visdata               [variable]        1104/16777216 ( 0.0%) 
entdata               [variable]        5013/393216   ( 1.3%) 
LDR ambient table      202/65536         808/262144   ( 0.3%) 
HDR ambient table      202/65536         808/262144   ( 0.3%) 
LDR leaf ambient       308/65536        8624/1835008  ( 0.5%) 
HDR leaf ambient       202/65536        5656/1835008  ( 0.3%) 
occluders                0/0               0/0        ( 0.0%) 
occluder polygons        0/0               0/0        ( 0.0%) 
occluder vert ind        0/0               0/0        ( 0.0%) 
detail props          [variable]           1/12       ( 8.3%) 
static props          [variable]           1/12       ( 8.3%) 
pakfile               [variable]         379/0        ( 0.0%) 
physics               [variable]       41530/4194304  ( 1.0%) 
physics terrain       [variable]        1380/1048576  ( 0.1%) 

Level flags = 0

Total triangle count: 1018
Writing d:\steam\steamapps\sourcemods\entropyzero2-addonworkspace\mapsrc\dd_00c.bsp
0 seconds elapsed



materialPath: D:\steam\steamapps\sourcemods\entropyzero2-addonworkspace\materials
Loading d:\steam\steamapps\sourcemods\entropyzero2-addonworkspace\mapsrc\dd_00c.vmf
ConVarRef mat_reduceparticles doesn't point to an existing ConVar
Patching WVT material: maps/dd_00c/dev/dev_blendmeasure2_wvt_patch
fixing up env_cubemap materials on brush sides...
0...1...2...3...4...5...6...7...8...9...100...1...2...3...4...5...6...7...8...9...10Processing areas...done (0)
Building Faces...done (0)
Chop Details...done (0)
Find Visible Detail Sides...
Merged 32 detail faces...done (0)
Merging details...done (0)
FixTjuncs...
PruneNodes...
WriteBSP...
done (0)
writing d:\steam\steamapps\sourcemods\entropyzero2-addonworkspace\mapsrc\dd_00c.prt...Building visibility clusters...
done (0)
Finding displacement neighbors...
Finding lightmap sample positions...
Displacement Alpha : 0...1...2...3...4...5...6...7...8...9...10
Building Physics collision data...
done (0) (41530 bytes)
Placing static props...
Placing detail props : 0...1...2...3...4...5...6...7...8...9...10
Compacting texture/material tables...
Reduced 93 texinfos to 57
Reduced 8 texdatas to 8 (187 bytes to 187)
Writing d:\steam\steamapps\sourcemods\entropyzero2-addonworkspace\mapsrc\dd_00c.bsp
0 seconds elapsed



12 threads
reading d:\steam\steamapps\sourcemods\entropyzero2-addonworkspace\mapsrc\dd_00c.bsp
reading d:\steam\steamapps\sourcemods\entropyzero2-addonworkspace\mapsrc\dd_00c.prt
  50 portalclusters
 106 numportals
0...1...2...3...4...5...6...7...8...9...10Optimized: 0 visible clusters (0.00%)
Total clusters visible: 2308
Average clusters visible: 46
Building PAS...
Average clusters audible: 50
visdatasize:1104  compressed from 800
writing d:\steam\steamapps\sourcemods\entropyzero2-addonworkspace\mapsrc\dd_00c.bsp
0 seconds elapsed



[Reading texlights from 'lights.rad']
[48 texlights parsed from 'lights.rad']

Loading d:\steam\steamapps\sourcemods\entropyzero2-addonworkspace\mapsrc\dd_00c.bsp
402 faces
127396 square feet [18345088.00 square inches]
12 Displacements
43690 Square Feet [6291456.00 Square Inches]
402 patches before subdivision
13368 patches after subdivision
7 direct lights
0...1...2...3...4...5...6...7...8...9...100...1...2...3...4...5...6...7...8...9...10transfers 1770151, max 497
transfer lists:  13.5 megs
0...1...2...3...4...5...6...7...8...9...10	Bounce #1 added RGB(1204, 670, 236)
0...1...2...3...4...5...6...7...8...9...10	Bounce #2 added RGB(163, 89, 30)
Build Patch/Sample Hash Table(s).....Done<0.0027 sec>
0...1...2...3...4...5...6...7...8...9...10FinalLightFace Done
0 of 0 (0% of) surface lights went in leaf ambient cubes.
0...1...2...3...4...5...6...7...8...9...10Writing leaf ambient...done
Ready to Finish

Object names       Objects/Maxobjs  Memory / Maxmem  Fullness 
------------       ---------------  ---------------  -------- 
models                   2/1024           96/49152    ( 0.2%) 
brushes                126/8192         1512/98304    ( 1.5%) 
brushsides             930/65536        7440/524288   ( 1.4%) 
planes                 260/65536        5200/1310720  ( 0.4%) 
vertexes               617/65536        7404/786432   ( 0.9%) 
nodes                  199/65536        6368/2097152  ( 0.3%) 
texinfos                57/12288        4104/884736   ( 0.5%) 
texdata                  8/2048          256/65536    ( 0.4%) 
dispinfos               12/0            2112/0        ( 0.0%) 
disp_verts             972/0           19440/0        ( 0.0%) 
disp_tris             1536/0            3072/0        ( 0.0%) 
disp_lmsamples      107712/0          107712/0        ( 0.0%) 
faces                  402/65536       22512/3670016  ( 0.6%) 
hdr faces                0/65536           0/3670016  ( 0.0%) 
origfaces              188/65536       10528/3670016  ( 0.3%) 
leaves                 202/65536        6464/2097152  ( 0.3%) 
leaffaces              441/65536         882/131072   ( 0.7%) 
leafbrushes            287/65536         574/131072   ( 0.4%) 
areas                    2/256            16/2048     ( 0.8%) 
surfedges             2558/512000      10232/2048000  ( 0.5%) 
edges                 1596/256000       6384/1024000  ( 0.6%) 
LDR worldlights          7/65536         616/5767168  ( 0.0%) 
HDR worldlights          0/65536           0/5767168  ( 0.0%) 
leafwaterdata            0/32768           0/393216   ( 0.0%) 
waterstrips             27/32768         270/327680   ( 0.1%) 
waterverts               0/65536           0/786432   ( 0.0%) 
waterindices           426/65536         852/131072   ( 0.7%) 
cubemapsamples           0/1024            0/16384    ( 0.0%) 
overlays                 0/8192            0/2883584  ( 0.0%) 
LDR lightdata         [variable]      338896/0        ( 0.0%) 
HDR lightdata         [variable]           0/0        ( 0.0%) 
visdata               [variable]        1104/16777216 ( 0.0%) 
entdata               [variable]        5013/393216   ( 1.3%) 
LDR ambient table      202/65536         808/262144   ( 0.3%) 
HDR ambient table      202/65536         808/262144   ( 0.3%) 
LDR leaf ambient       308/65536        8624/1835008  ( 0.5%) 
HDR leaf ambient       202/65536        5656/1835008  ( 0.3%) 
occluders                0/0               0/0        ( 0.0%) 
occluder polygons        0/0               0/0        ( 0.0%) 
occluder vert ind        0/0               0/0        ( 0.0%) 
detail props          [variable]           1/12       ( 8.3%) 
static props          [variable]           1/12       ( 8.3%) 
pakfile               [variable]         379/0        ( 0.0%) 
physics               [variable]       41530/4194304  ( 1.0%) 
physics terrain       [variable]        1380/1048576  ( 0.1%) 

Level flags = 0

Total triangle count: 1018
Writing d:\steam\steamapps\sourcemods\entropyzero2-addonworkspace\mapsrc\dd_00c.bsp
0 seconds elapsed



materialPath: D:\steam\steamapps\sourcemods\entropyzero2-addonworkspace\materials
Loading d:\steam\steamapps\sourcemods\entropyzero2-addonworkspace\mapsrc\dd_00c.vmf
ConVarRef mat_reduceparticles doesn't point to an existing ConVar
Patching WVT material: maps/dd_00c/dev/dev_blendmeasure2_wvt_patch
fixing up env_cubemap materials on brush sides...
0...1...2...3...4...5...6...7...8...9...100...1...2...3...4...5...6...7...8...9...10Processing areas...done (0)
Building Faces...done (0)
Chop Details...done (0)
Find Visible Detail Sides...
Merged 32 detail faces...done (0)
Merging details...done (0)
FixTjuncs...
PruneNodes...
WriteBSP...
done (0)
writing d:\steam\steamapps\sourcemods\entropyzero2-addonworkspace\mapsrc\dd_00c.prt...Building visibility clusters...
done (0)
Finding displacement neighbors...
Finding lightmap sample positions...
Displacement Alpha : 0...1...2...3...4...5...6...7...8...9...10
Building Physics collision data...
done (0) (41530 bytes)
Placing static props...
Placing detail props : 0...1...2...3...4...5...6...7...8...9...10
Compacting texture/material tables...
Reduced 93 texinfos to 57
Reduced 8 texdatas to 8 (187 bytes to 187)
Writing d:\steam\steamapps\sourcemods\entropyzero2-addonworkspace\mapsrc\dd_00c.bsp
0 seconds elapsed



12 threads
reading d:\steam\steamapps\sourcemods\entropyzero2-addonworkspace\mapsrc\dd_00c.bsp
reading d:\steam\steamapps\sourcemods\entropyzero2-addonworkspace\mapsrc\dd_00c.prt
  50 portalclusters
 106 numportals
0...1...2...3...4...5...6...7...8...9...10Optimized: 0 visible clusters (0.00%)
Total clusters visible: 2308
Average clusters visible: 46
Building PAS...
Average clusters audible: 50
visdatasize:1104  compressed from 800
writing d:\steam\steamapps\sourcemods\entropyzero2-addonworkspace\mapsrc\dd_00c.bsp
0 seconds elapsed



[Reading texlights from 'lights.rad']
[48 texlights parsed from 'lights.rad']

Loading d:\steam\steamapps\sourcemods\entropyzero2-addonworkspace\mapsrc\dd_00c.bsp
402 faces
127396 square feet [18345088.00 square inches]
12 Displacements
43690 Square Feet [6291456.00 Square Inches]
402 patches before subdivision
13368 patches after subdivision
7 direct lights
0...1...2...3...4...5...6...7...8...9...100...1...2...3...4...5...6...7...8...9...10transfers 1770151, max 497
transfer lists:  13.5 megs
0...1...2...3...4...5...6...7...8...9...10	Bounce #1 added RGB(1204, 670, 236)
0...1...2...3...4...5...6...7...8...9...10	Bounce #2 added RGB(163, 89, 30)
Build Patch/Sample Hash Table(s).....Done<0.0029 sec>
0...1...2...3...4...5...6...7...8...9...10FinalLightFace Done
0 of 0 (0% of) surface lights went in leaf ambient cubes.
0...1...2...3...4...5...6...7...8...9...10Writing leaf ambient...done
Ready to Finish

Object names       Objects/Maxobjs  Memory / Maxmem  Fullness 
------------       ---------------  ---------------  -------- 
models                   2/1024           96/49152    ( 0.2%) 
brushes                126/8192         1512/98304    ( 1.5%) 
brushsides             930/65536        7440/524288   ( 1.4%) 
planes                 260/65536        5200/1310720  ( 0.4%) 
vertexes               617/65536        7404/786432   ( 0.9%) 
nodes                  199/65536        6368/2097152  ( 0.3%) 
texinfos                57/12288        4104/884736   ( 0.5%) 
texdata                  8/2048          256/65536    ( 0.4%) 
dispinfos               12/0            2112/0        ( 0.0%) 
disp_verts             972/0           19440/0        ( 0.0%) 
disp_tris             1536/0            3072/0        ( 0.0%) 
disp_lmsamples      107712/0          107712/0        ( 0.0%) 
faces                  402/65536       22512/3670016  ( 0.6%) 
hdr faces                0/65536           0/3670016  ( 0.0%) 
origfaces              188/65536       10528/3670016  ( 0.3%) 
leaves                 202/65536        6464/2097152  ( 0.3%) 
leaffaces              441/65536         882/131072   ( 0.7%) 
leafbrushes            287/65536         574/131072   ( 0.4%) 
areas                    2/256            16/2048     ( 0.8%) 
surfedges             2558/512000      10232/2048000  ( 0.5%) 
edges                 1596/256000       6384/1024000  ( 0.6%) 
LDR worldlights          7/65536         616/5767168  ( 0.0%) 
HDR worldlights          0/65536           0/5767168  ( 0.0%) 
leafwaterdata            0/32768           0/393216   ( 0.0%) 
waterstrips             27/32768         270/327680   ( 0.1%) 
waterverts               0/65536           0/786432   ( 0.0%) 
waterindices           426/65536         852/131072   ( 0.7%) 
cubemapsamples           0/1024            0/16384    ( 0.0%) 
overlays                 0/8192            0/2883584  ( 0.0%) 
LDR lightdata         [variable]      338896/0        ( 0.0%) 
HDR lightdata         [variable]           0/0        ( 0.0%) 
visdata               [variable]        1104/16777216 ( 0.0%) 
entdata               [variable]        4971/393216   ( 1.3%) 
LDR ambient table      202/65536         808/262144   ( 0.3%) 
HDR ambient table      202/65536         808/262144   ( 0.3%) 
LDR leaf ambient       308/65536        8624/1835008  ( 0.5%) 
HDR leaf ambient       202/65536        5656/1835008  ( 0.3%) 
occluders                0/0               0/0        ( 0.0%) 
occluder polygons        0/0               0/0        ( 0.0%) 
occluder vert ind        0/0               0/0        ( 0.0%) 
detail props          [variable]           1/12       ( 8.3%) 
static props          [variable]           1/12       ( 8.3%) 
pakfile               [variable]         379/0        ( 0.0%) 
physics               [variable]       41530/4194304  ( 1.0%) 
physics terrain       [variable]        1380/1048576  ( 0.1%) 

Level flags = 0

Total triangle count: 1018
Writing d:\steam\steamapps\sourcemods\entropyzero2-addonworkspace\mapsrc\dd_00c.bsp
0 seconds elapsed
