PRT1
50
106
4 0 7 (1024 2496 -64 ) (1024 2624 -64 ) (1024 2624 -192 ) (1024 2496 -192 ) 
4 0 1 (1216 2624 -192 ) (1216 2496 -192 ) (1024 2496 -192 ) (1024 2624 -192 ) 
4 1 13 (1024 2048 -256 ) (1024 2048 -192 ) (1024 3072 -192 ) (1024 3072 -256 ) 
4 1 3 (1216 2048 -256 ) (1216 2048 -192 ) (1024 2048 -192 ) (1024 2048 -256 ) 
4 2 17 (1024 1472 -64 ) (1024 1600 -64 ) (1024 1600 -192 ) (1024 1472 -192 ) 
4 2 3 (1216 1600 -192 ) (1216 1472 -192 ) (1024 1472 -192 ) (1024 1600 -192 ) 
4 3 23 (1024 1024 -256 ) (1024 1024 -192 ) (1024 2048 -192 ) (1024 2048 -256 ) 
4 3 5 (1024 1024 -192 ) (1024 1024 -256 ) (1216 1024 -256 ) (1216 1024 -192 ) 
4 4 25 (1024 448 -64 ) (1024 576 -64 ) (1024 576 -192 ) (1024 448 -192 ) 
4 4 5 (1024 448 -192 ) (1024 576 -192 ) (1216 576 -192 ) (1216 448 -192 ) 
4 5 37 (1216 0 -256 ) (1216 0 -192 ) (1024 0 -192 ) (1024 0 -256 ) 
4 5 31 (1024 0 -256 ) (1024 0 -192 ) (1024 1024 -192 ) (1024 1024 -256 ) 
11 6 16 (448 2048 256 ) (350 2048 237 ) (267 2048 181 ) (211 2048 98 ) (192 2048 0 ) (192 2048 -64 ) (704 2048 -64 ) (704 2048 0 ) (685 2048 98 ) (629 2048 181 ) (546 2048 237 ) 
4 6 8 (704 2048 -64 ) (192 2048 -64 ) (192 3072 -64 ) (704 3072 -64 ) 
4 7 13 (1024 2624 -192 ) (1024 2496 -192 ) (704 2496 -192 ) (704 2624 -192 ) 
4 7 9 (704 2624 -192 ) (704 2496 -192 ) (704 2496 -190 ) (704 2624 -190 ) 
4 7 8 (704 2496 -190 ) (704 2496 -64 ) (704 2624 -64 ) (704 2624 -190 ) 
4 8 18 (704 2048 -64 ) (192 2048 -64 ) (192 2048 -190 ) (704 2048 -190 ) 
4 8 12 (192 2496 -64 ) (192 2624 -64 ) (192 2624 -190 ) (192 2496 -190 ) 
4 8 10 (416 3072 -190 ) (480 3072 -190 ) (480 2048 -190 ) (416 2048 -190 ) 
4 8 11 (192 2048 -190 ) (192 3072 -190 ) (288 3072 -190 ) (288 2048 -190 ) 
4 8 9 (608 3072 -190 ) (704 3072 -190 ) (704 2048 -190 ) (608 2048 -190 ) 
4 9 19 (608 2048 -192 ) (704 2048 -192 ) (704 2048 -190 ) (608 2048 -190 ) 
4 9 13 (608 3072 -192 ) (704 3072 -192 ) (704 2048 -192 ) (608 2048 -192 ) 
4 10 20 (416 2048 -192 ) (480 2048 -192 ) (480 2048 -190 ) (416 2048 -190 ) 
4 10 13 (416 3072 -192 ) (480 3072 -192 ) (480 2048 -192 ) (416 2048 -192 ) 
4 11 21 (192 2048 -190 ) (192 2048 -192 ) (288 2048 -192 ) (288 2048 -190 ) 
4 11 13 (192 3072 -192 ) (288 3072 -192 ) (288 2048 -192 ) (192 2048 -192 ) 
4 11 12 (192 2624 -192 ) (192 2496 -192 ) (192 2496 -190 ) (192 2624 -190 ) 
4 12 14 (0 2496 -64 ) (0 2624 -64 ) (0 2624 -192 ) (0 2496 -192 ) 
4 12 13 (0 2496 -192 ) (0 2624 -192 ) (192 2624 -192 ) (192 2496 -192 ) 
4 13 23 (1024 2048 -256 ) (1024 2048 -192 ) (0 2048 -192 ) (0 2048 -256 ) 
4 13 15 (0 2048 -256 ) (0 2048 -192 ) (0 3072 -192 ) (0 3072 -256 ) 
4 14 15 (-320 2496 -192 ) (-320 2624 -192 ) (0 2624 -192 ) (0 2496 -192 ) 
4 15 33 (0 2048 -256 ) (0 2048 -192 ) (-320 2048 -192 ) (-320 2048 -256 ) 
11 16 24 (448 1024 256 ) (350 1024 237 ) (267 1024 181 ) (211 1024 98 ) (192 1024 0 ) (192 1024 -64 ) (704 1024 -64 ) (704 1024 0 ) (685 1024 98 ) (629 1024 181 ) (546 1024 237 ) 
4 16 18 (192 2048 -64 ) (704 2048 -64 ) (704 1024 -64 ) (192 1024 -64 ) 
4 17 23 (704 1472 -192 ) (704 1600 -192 ) (1024 1600 -192 ) (1024 1472 -192 ) 
4 17 19 (704 1600 -192 ) (704 1472 -192 ) (704 1472 -190 ) (704 1600 -190 ) 
4 17 18 (704 1472 -190 ) (704 1472 -64 ) (704 1600 -64 ) (704 1600 -190 ) 
4 18 26 (704 1024 -64 ) (192 1024 -64 ) (192 1024 -190 ) (704 1024 -190 ) 
4 18 22 (192 1472 -64 ) (192 1600 -64 ) (192 1600 -190 ) (192 1472 -190 ) 
4 18 21 (192 1024 -190 ) (192 2048 -190 ) (288 2048 -190 ) (288 1024 -190 ) 
4 18 19 (608 2048 -190 ) (704 2048 -190 ) (704 1024 -190 ) (608 1024 -190 ) 
4 18 20 (416 2048 -190 ) (480 2048 -190 ) (480 1024 -190 ) (416 1024 -190 ) 
4 19 27 (608 1024 -192 ) (704 1024 -192 ) (704 1024 -190 ) (608 1024 -190 ) 
4 19 23 (704 1024 -192 ) (608 1024 -192 ) (608 2048 -192 ) (704 2048 -192 ) 
4 20 28 (416 1024 -192 ) (480 1024 -192 ) (480 1024 -190 ) (416 1024 -190 ) 
4 20 23 (480 1024 -192 ) (416 1024 -192 ) (416 2048 -192 ) (480 2048 -192 ) 
4 21 29 (192 1024 -190 ) (192 1024 -192 ) (288 1024 -192 ) (288 1024 -190 ) 
4 21 23 (288 1024 -192 ) (192 1024 -192 ) (192 2048 -192 ) (288 2048 -192 ) 
4 21 22 (192 1600 -192 ) (192 1472 -192 ) (192 1472 -190 ) (192 1600 -190 ) 
4 22 32 (0 1600 -192 ) (0 1472 -192 ) (0 1472 -64 ) (0 1600 -64 ) 
4 22 23 (0 1472 -192 ) (0 1600 -192 ) (192 1600 -192 ) (192 1472 -192 ) 
4 23 33 (0 2048 -192 ) (0 2048 -256 ) (0 1024 -256 ) (0 1024 -192 ) 
4 23 31 (1024 1024 -256 ) (1024 1024 -192 ) (0 1024 -192 ) (0 1024 -256 ) 
11 24 38 (448 0 256 ) (350 0 237 ) (267 0 181 ) (211 0 98 ) (192 0 0 ) (192 0 -64 ) (704 0 -64 ) (704 0 0 ) (685 0 98 ) (629 0 181 ) (546 0 237 ) 
4 24 26 (704 0 -64 ) (192 0 -64 ) (192 1024 -64 ) (704 1024 -64 ) 
4 25 31 (1024 576 -192 ) (1024 448 -192 ) (704 448 -192 ) (704 576 -192 ) 
4 25 27 (704 576 -192 ) (704 448 -192 ) (704 448 -190 ) (704 576 -190 ) 
4 25 26 (704 448 -190 ) (704 448 -64 ) (704 576 -64 ) (704 576 -190 ) 
4 26 40 (704 0 -64 ) (192 0 -64 ) (192 0 -190 ) (704 0 -190 ) 
4 26 30 (192 448 -64 ) (192 576 -64 ) (192 576 -190 ) (192 448 -190 ) 
4 26 29 (192 0 -190 ) (192 1024 -190 ) (288 1024 -190 ) (288 0 -190 ) 
4 26 27 (608 1024 -190 ) (704 1024 -190 ) (704 0 -190 ) (608 0 -190 ) 
4 26 28 (416 1024 -190 ) (480 1024 -190 ) (480 0 -190 ) (416 0 -190 ) 
4 27 41 (608 0 -192 ) (704 0 -192 ) (704 0 -190 ) (608 0 -190 ) 
4 27 31 (704 0 -192 ) (608 0 -192 ) (608 1024 -192 ) (704 1024 -192 ) 
4 28 42 (416 0 -192 ) (480 0 -192 ) (480 0 -190 ) (416 0 -190 ) 
4 28 31 (480 0 -192 ) (416 0 -192 ) (416 1024 -192 ) (480 1024 -192 ) 
4 29 43 (192 0 -190 ) (192 0 -192 ) (288 0 -192 ) (288 0 -190 ) 
4 29 31 (288 0 -192 ) (192 0 -192 ) (192 1024 -192 ) (288 1024 -192 ) 
4 29 30 (192 576 -192 ) (192 448 -192 ) (192 448 -190 ) (192 576 -190 ) 
4 30 34 (0 448 -64 ) (0 576 -64 ) (0 576 -192 ) (0 448 -192 ) 
4 30 31 (0 448 -192 ) (0 576 -192 ) (192 576 -192 ) (192 448 -192 ) 
4 31 45 (1024 0 -256 ) (1024 0 -192 ) (0 0 -192 ) (0 0 -256 ) 
4 31 35 (0 0 -256 ) (0 0 -192 ) (0 1024 -192 ) (0 1024 -256 ) 
4 32 33 (-320 1472 -192 ) (-320 1600 -192 ) (0 1600 -192 ) (0 1472 -192 ) 
4 33 35 (0 1024 -256 ) (0 1024 -192 ) (-320 1024 -192 ) (-320 1024 -256 ) 
4 34 35 (-320 448 -192 ) (-320 576 -192 ) (0 576 -192 ) (0 448 -192 ) 
4 35 48 (0 0 -256 ) (0 0 -192 ) (-320 0 -192 ) (-320 0 -256 ) 
4 36 39 (1024 -576 -64 ) (1024 -448 -64 ) (1024 -448 -192 ) (1024 -576 -192 ) 
4 36 37 (1216 -448 -192 ) (1216 -576 -192 ) (1024 -576 -192 ) (1024 -448 -192 ) 
4 37 45 (1024 -1024 -256 ) (1024 -1024 -192 ) (1024 0 -192 ) (1024 0 -256 ) 
11 38 46 (448 -1024 256 ) (350 -1024 237 ) (267 -1024 181 ) (211 -1024 98 ) (192 -1024 0 ) (192 -1024 -64 ) (704 -1024 -64 ) (704 -1024 0 ) (685 -1024 98 ) (629 -1024 181 ) (546 -1024 237 ) 
4 38 40 (192 0 -64 ) (704 0 -64 ) (704 -1024 -64 ) (192 -1024 -64 ) 
4 39 45 (704 -576 -192 ) (704 -448 -192 ) (1024 -448 -192 ) (1024 -576 -192 ) 
4 39 41 (704 -448 -192 ) (704 -576 -192 ) (704 -576 -190 ) (704 -448 -190 ) 
4 39 40 (704 -576 -190 ) (704 -576 -64 ) (704 -448 -64 ) (704 -448 -190 ) 
4 40 46 (704 -1024 -64 ) (192 -1024 -64 ) (192 -1024 -190 ) (704 -1024 -190 ) 
4 40 44 (192 -576 -64 ) (192 -448 -64 ) (192 -448 -190 ) (192 -576 -190 ) 
4 40 42 (416 0 -190 ) (480 0 -190 ) (480 -1024 -190 ) (416 -1024 -190 ) 
4 40 43 (192 -1024 -190 ) (192 0 -190 ) (288 0 -190 ) (288 -1024 -190 ) 
4 40 41 (608 0 -190 ) (704 0 -190 ) (704 -1024 -190 ) (608 -1024 -190 ) 
4 41 46 (608 -1024 -192 ) (704 -1024 -192 ) (704 -1024 -190 ) (608 -1024 -190 ) 
4 41 45 (704 -1024 -192 ) (608 -1024 -192 ) (608 0 -192 ) (704 0 -192 ) 
4 42 46 (416 -1024 -192 ) (480 -1024 -192 ) (480 -1024 -190 ) (416 -1024 -190 ) 
4 42 45 (480 -1024 -192 ) (416 -1024 -192 ) (416 0 -192 ) (480 0 -192 ) 
4 43 46 (192 -1024 -190 ) (192 -1024 -192 ) (288 -1024 -192 ) (288 -1024 -190 ) 
4 43 45 (288 -1024 -192 ) (192 -1024 -192 ) (192 0 -192 ) (288 0 -192 ) 
4 43 44 (192 -448 -192 ) (192 -576 -192 ) (192 -576 -190 ) (192 -448 -190 ) 
4 44 47 (0 -448 -192 ) (0 -576 -192 ) (0 -576 -64 ) (0 -448 -64 ) 
4 44 45 (0 -576 -192 ) (0 -448 -192 ) (192 -448 -192 ) (192 -576 -192 ) 
4 45 48 (0 0 -192 ) (0 0 -256 ) (0 -1024 -256 ) (0 -1024 -192 ) 
11 46 49 (448 -2048 256 ) (350 -2048 237 ) (267 -2048 181 ) (211 -2048 98 ) (192 -2048 0 ) (192 -2048 -192 ) (704 -2048 -192 ) (704 -2048 0 ) (685 -2048 98 ) (629 -2048 181 ) (546 -2048 237 ) 
4 47 48 (-320 -576 -192 ) (-320 -448 -192 ) (0 -448 -192 ) (0 -576 -192 ) 
