PRT1
48
106
4 0 18 (0 -2048 192 ) (0 -2048 472.759003 ) (0 -1024 472.759003 ) (0 -1024 192 ) 
9 0 6 (0 -2048 472.759003 ) (0 -2048 192 ) (384 -2048 192 ) (384 -2048 256 ) (365 -2048 354 ) (309 -2048 437 ) (226.006454 -2048 492.995636 ) (127.992050 -2048 511.998444 ) (30 -2048 493 ) 
4 0 2 (384 -2048 192 ) (0 -2048 192 ) (0 -1024 192 ) (384 -1024 192 ) 
4 1 5 (896 -1472 64 ) (896 -1600 64 ) (384 -1600 64 ) (384 -1472 64 ) 
4 1 3 (384 -1472 64 ) (384 -1600 64 ) (384 -1600 66 ) (384 -1472 66 ) 
4 1 2 (384 -1600 66 ) (384 -1600 192 ) (384 -1472 192 ) (384 -1472 66 ) 
4 2 19 (0 -2048 66 ) (0 -2048 192 ) (0 -1024 192 ) (0 -1024 66 ) 
4 2 8 (384 -2048 192 ) (0 -2048 192 ) (0 -2048 66 ) (384 -2048 66 ) 
4 2 3 (288 -1024 66 ) (384 -1024 66 ) (384 -2048 66 ) (288 -2048 66 ) 
4 2 4 (96 -1024 66 ) (160 -1024 66 ) (160 -2048 66 ) (96 -2048 66 ) 
4 3 9 (288 -2048 64 ) (384 -2048 64 ) (384 -2048 66 ) (288 -2048 66 ) 
4 3 5 (288 -1024 64 ) (384 -1024 64 ) (384 -2048 64 ) (288 -2048 64 ) 
4 4 10 (96 -2048 64 ) (160 -2048 64 ) (160 -2048 66 ) (96 -2048 66 ) 
4 4 5 (96 -1024 64 ) (160 -1024 64 ) (160 -2048 64 ) (96 -2048 64 ) 
4 5 22 (0 -2048 0 ) (0 -2048 64 ) (0 -1024 64 ) (0 -1024 0 ) 
4 5 11 (896 -2048 0 ) (896 -2048 64 ) (0 -2048 64 ) (0 -2048 0 ) 
4 6 23 (0 -3072 192 ) (0 -3072 472.759003 ) (0 -2048 472.759003 ) (0 -2048 192 ) 
9 6 12 (0 -3072 472.759003 ) (0 -3072 192 ) (384 -3072 192 ) (384 -3072 256 ) (365 -3072 354 ) (309 -3072 437 ) (226.006454 -3072 492.995636 ) (127.992050 -3072 511.998444 ) (30 -3072 493 ) 
4 6 8 (384 -3072 192 ) (0 -3072 192 ) (0 -2048 192 ) (384 -2048 192 ) 
4 7 11 (896 -2496 64 ) (896 -2624 64 ) (384 -2624 64 ) (384 -2496 64 ) 
4 7 9 (384 -2496 64 ) (384 -2624 64 ) (384 -2624 66 ) (384 -2496 66 ) 
4 7 8 (384 -2624 66 ) (384 -2624 192 ) (384 -2496 192 ) (384 -2496 66 ) 
4 8 24 (0 -3072 66 ) (0 -3072 192 ) (0 -2048 192 ) (0 -2048 66 ) 
4 8 14 (0 -3072 192 ) (0 -3072 66 ) (384 -3072 66 ) (384 -3072 192 ) 
4 8 9 (288 -2048 66 ) (384 -2048 66 ) (384 -3072 66 ) (288 -3072 66 ) 
4 8 10 (96 -2048 66 ) (160 -2048 66 ) (160 -3072 66 ) (96 -3072 66 ) 
4 9 15 (288 -3072 64 ) (384 -3072 64 ) (384 -3072 66 ) (288 -3072 66 ) 
4 9 11 (288 -2048 64 ) (384 -2048 64 ) (384 -3072 64 ) (288 -3072 64 ) 
4 10 16 (96 -3072 64 ) (160 -3072 64 ) (160 -3072 66 ) (96 -3072 66 ) 
4 10 11 (96 -2048 64 ) (160 -2048 64 ) (160 -3072 64 ) (96 -3072 64 ) 
4 11 27 (0 -3072 0 ) (0 -3072 64 ) (0 -2048 64 ) (0 -2048 0 ) 
4 11 17 (0 -3072 64 ) (0 -3072 0 ) (896 -3072 0 ) (896 -3072 64 ) 
9 12 33 (0 -4096 472.759003 ) (0 -4096 192 ) (384 -4096 192 ) (384 -4096 256 ) (365 -4096 354 ) (309 -4096 437 ) (226.006454 -4096 492.995636 ) (127.992050 -4096 511.998444 ) (30 -4096 493 ) 
4 12 28 (0 -4096 192 ) (0 -4096 472.759003 ) (0 -3072 472.759003 ) (0 -3072 192 ) 
4 12 14 (384 -4096 192 ) (0 -4096 192 ) (0 -3072 192 ) (384 -3072 192 ) 
4 13 17 (896 -3520 64 ) (896 -3648 64 ) (384 -3648 64 ) (384 -3520 64 ) 
4 13 15 (384 -3520 64 ) (384 -3648 64 ) (384 -3648 66 ) (384 -3520 66 ) 
4 13 14 (384 -3648 66 ) (384 -3648 192 ) (384 -3520 192 ) (384 -3520 66 ) 
4 14 35 (384 -4096 192 ) (0 -4096 192 ) (0 -4096 66 ) (384 -4096 66 ) 
4 14 29 (0 -4096 66 ) (0 -4096 192 ) (0 -3072 192 ) (0 -3072 66 ) 
4 14 15 (288 -3072 66 ) (384 -3072 66 ) (384 -4096 66 ) (288 -4096 66 ) 
4 14 16 (96 -3072 66 ) (160 -3072 66 ) (160 -4096 66 ) (96 -4096 66 ) 
4 15 36 (288 -4096 64 ) (384 -4096 64 ) (384 -4096 66 ) (288 -4096 66 ) 
4 15 17 (288 -3072 64 ) (384 -3072 64 ) (384 -4096 64 ) (288 -4096 64 ) 
4 16 37 (96 -4096 64 ) (160 -4096 64 ) (160 -4096 66 ) (96 -4096 66 ) 
4 16 17 (96 -3072 64 ) (160 -3072 64 ) (160 -4096 64 ) (96 -4096 64 ) 
4 17 38 (896 -4096 0 ) (896 -4096 64 ) (0 -4096 64 ) (0 -4096 0 ) 
4 17 32 (0 -4096 0 ) (0 -4096 64 ) (0 -3072 64 ) (0 -3072 0 ) 
6 18 23 (0 -2048 192 ) (0 -2048 472.759003 ) (-53 -2048 437 ) (-109 -2048 354 ) (-128 -2048 256 ) (-128 -2048 192 ) 
4 18 19 (0 -2048 192 ) (-32 -2048 192 ) (-32 -1024 192 ) (0 -1024 192 ) 
4 18 20 (-32 -2048 192 ) (-128 -2048 192 ) (-128 -1024 192 ) (-32 -1024 192 ) 
4 19 24 (0 -2048 66 ) (0 -2048 192 ) (-32 -2048 192 ) (-32 -2048 66 ) 
4 19 20 (-32 -2048 66 ) (-32 -2048 192 ) (-32 -1024 192 ) (-32 -1024 66 ) 
4 20 25 (-32 -2048 192 ) (-128 -2048 192 ) (-128 -2048 64 ) (-32 -2048 64 ) 
4 20 22 (-32 -2048 64 ) (-128 -2048 64 ) (-128 -1024 64 ) (-32 -1024 64 ) 
4 20 21 (-128 -1472 64 ) (-128 -1600 64 ) (-128 -1600 192 ) (-128 -1472 192 ) 
4 21 22 (-640 -1600 64 ) (-640 -1472 64 ) (-128 -1472 64 ) (-128 -1600 64 ) 
4 22 27 (0 -2048 0 ) (0 -2048 64 ) (-640 -2048 64 ) (-640 -2048 0 ) 
6 23 28 (0 -3072 192 ) (0 -3072 472.759003 ) (-53 -3072 437 ) (-109 -3072 354 ) (-128 -3072 256 ) (-128 -3072 192 ) 
4 23 24 (0 -3072 192 ) (-32 -3072 192 ) (-32 -2048 192 ) (0 -2048 192 ) 
4 23 25 (-32 -3072 192 ) (-128 -3072 192 ) (-128 -2048 192 ) (-32 -2048 192 ) 
4 24 29 (0 -3072 66 ) (0 -3072 192 ) (-32 -3072 192 ) (-32 -3072 66 ) 
4 24 25 (-32 -3072 66 ) (-32 -3072 192 ) (-32 -2048 192 ) (-32 -2048 66 ) 
4 25 30 (-32 -3072 192 ) (-128 -3072 192 ) (-128 -3072 64 ) (-32 -3072 64 ) 
4 25 27 (-32 -3072 64 ) (-128 -3072 64 ) (-128 -2048 64 ) (-32 -2048 64 ) 
4 25 26 (-128 -2496 64 ) (-128 -2624 64 ) (-128 -2624 192 ) (-128 -2496 192 ) 
4 26 27 (-640 -2624 64 ) (-640 -2496 64 ) (-128 -2496 64 ) (-128 -2624 64 ) 
4 27 32 (0 -3072 0 ) (0 -3072 64 ) (-640 -3072 64 ) (-640 -3072 0 ) 
6 28 40 (0 -4096 192 ) (0 -4096 472.759003 ) (-53 -4096 437 ) (-109 -4096 354 ) (-128 -4096 256 ) (-128 -4096 192 ) 
4 28 29 (0 -4096 192 ) (-32 -4096 192 ) (-32 -3072 192 ) (0 -3072 192 ) 
4 28 30 (-32 -4096 192 ) (-128 -4096 192 ) (-128 -3072 192 ) (-32 -3072 192 ) 
4 29 41 (0 -4096 66 ) (0 -4096 192 ) (-32 -4096 192 ) (-32 -4096 66 ) 
4 29 30 (-32 -4096 66 ) (-32 -4096 192 ) (-32 -3072 192 ) (-32 -3072 66 ) 
4 30 42 (-32 -4096 192 ) (-128 -4096 192 ) (-128 -4096 64 ) (-32 -4096 64 ) 
4 30 32 (-32 -4096 64 ) (-128 -4096 64 ) (-128 -3072 64 ) (-32 -3072 64 ) 
4 30 31 (-128 -3520 64 ) (-128 -3648 64 ) (-128 -3648 192 ) (-128 -3520 192 ) 
4 31 32 (-640 -3648 64 ) (-640 -3520 64 ) (-128 -3520 64 ) (-128 -3648 64 ) 
4 32 44 (0 -4096 0 ) (0 -4096 64 ) (-640 -4096 64 ) (-640 -4096 0 ) 
4 33 40 (0 -5120 192 ) (0 -5120 472.759003 ) (0 -4096 472.759003 ) (0 -4096 192 ) 
9 33 39 (0 -5120 472.759003 ) (0 -5120 192 ) (384 -5120 192 ) (384 -5120 256 ) (365 -5120 354 ) (309 -5120 437 ) (226.006454 -5120 492.995636 ) (127.992050 -5120 511.998444 ) (30 -5120 493 ) 
4 33 35 (384 -5120 192 ) (0 -5120 192 ) (0 -4096 192 ) (384 -4096 192 ) 
4 34 38 (896 -4544 64 ) (896 -4672 64 ) (384 -4672 64 ) (384 -4544 64 ) 
4 34 36 (384 -4544 64 ) (384 -4672 64 ) (384 -4672 66 ) (384 -4544 66 ) 
4 34 35 (384 -4672 66 ) (384 -4672 192 ) (384 -4544 192 ) (384 -4544 66 ) 
4 35 41 (0 -5120 66 ) (0 -5120 192 ) (0 -4096 192 ) (0 -4096 66 ) 
4 35 39 (384 -5120 192 ) (0 -5120 192 ) (0 -5120 66 ) (384 -5120 66 ) 
4 35 37 (96 -4096 66 ) (160 -4096 66 ) (160 -5120 66 ) (96 -5120 66 ) 
4 35 36 (288 -4096 66 ) (384 -4096 66 ) (384 -5120 66 ) (288 -5120 66 ) 
4 36 39 (288 -5120 64 ) (384 -5120 64 ) (384 -5120 66 ) (288 -5120 66 ) 
4 36 38 (288 -4096 64 ) (384 -4096 64 ) (384 -5120 64 ) (288 -5120 64 ) 
4 37 39 (96 -5120 64 ) (160 -5120 64 ) (160 -5120 66 ) (96 -5120 66 ) 
4 37 38 (96 -4096 64 ) (160 -4096 64 ) (160 -5120 64 ) (96 -5120 64 ) 
4 38 44 (0 -5120 0 ) (0 -5120 64 ) (0 -4096 64 ) (0 -4096 0 ) 
9 39 46 (0 -6144 472.759003 ) (0 -6144 64 ) (384 -6144 64 ) (384 -6144 256 ) (365 -6144 354 ) (309 -6144 437 ) (226.006409 -6144 492.995667 ) (127.992020 -6144 511.998444 ) (30 -6144 493 ) 
4 39 45 (0 -6144 64 ) (0 -6144 472.758972 ) (0 -5120 472.759003 ) (0 -5120 64 ) 
6 40 45 (0 -5120 192 ) (0 -5120 472.759003 ) (-53 -5120 437 ) (-109 -5120 354 ) (-128 -5120 256 ) (-128 -5120 192 ) 
4 40 41 (0 -5120 192 ) (-32 -5120 192 ) (-32 -4096 192 ) (0 -4096 192 ) 
4 40 42 (-32 -5120 192 ) (-128 -5120 192 ) (-128 -4096 192 ) (-32 -4096 192 ) 
4 41 45 (0 -5120 66 ) (0 -5120 192 ) (-32 -5120 192 ) (-32 -5120 66 ) 
4 41 42 (-32 -5120 66 ) (-32 -5120 192 ) (-32 -4096 192 ) (-32 -4096 66 ) 
4 42 45 (-32 -5120 192 ) (-128 -5120 192 ) (-128 -5120 64 ) (-32 -5120 64 ) 
4 42 44 (-32 -5120 64 ) (-128 -5120 64 ) (-128 -4096 64 ) (-32 -4096 64 ) 
4 42 43 (-128 -4544 64 ) (-128 -4672 64 ) (-128 -4672 192 ) (-128 -4544 192 ) 
4 43 44 (-640 -4672 64 ) (-640 -4544 64 ) (-128 -4544 64 ) (-128 -4672 64 ) 
6 45 47 (0 -6144 64 ) (0 -6144 472.758972 ) (-53 -6144 437 ) (-109 -6144 354 ) (-128 -6144 256 ) (-128 -6144 64 ) 
4 46 47 (0 -6144 472.759003 ) (0 -6144 64 ) (0 -7168 64 ) (0 -7168 472.758972 ) 
