PRT1
286
650
4 0 71 (2160 4096 64 ) (2160 4096 -128 ) (2544 4096 -128 ) (2544 4096 64 ) 
4 0 64 (2544 4096 -128 ) (2560 4096 -128 ) (2560 4096 64 ) (2544 4096 64 ) 
4 0 57 (2560 4096 -128 ) (2672 4096 -128 ) (2672 4096 64 ) (2560 4096 64 ) 
4 0 42 (2672 4096 128 ) (2160 4096 128 ) (2160 4096 64 ) (2672 4096 64 ) 
4 1 4 (3968 3872 64 ) (3968 3336 64 ) (3216 3336 64 ) (3216 3872 64 ) 
4 1 2 (3576 3336 64 ) (3968 3336 64 ) (3968 3336 128 ) (3576 3336 128 ) 
4 2 5 (3968 3336 64 ) (3968 3328 64 ) (3584 3328 64 ) (3576 3336 64 ) 
4 2 3 (3584 3328 64 ) (3968 3328 64 ) (3968 3328 128 ) (3584 3328 128 ) 
4 3 6 (3968 3168 64 ) (3584 3168 64 ) (3584 3328 64 ) (3968 3328 64 ) 
4 4 20 (3840 3744 0 ) (3840 3336 0 ) (3712 3336 0 ) (3712 3744 0 ) 
4 4 22 (3712 3336 0 ) (3216 3336 0 ) (3216 3744 0 ) (3712 3744 0 ) 
4 4 19 (3216 3872 0 ) (3712 3872 0 ) (3712 3744 0 ) (3216 3744 0 ) 
4 4 5 (3576 3336 0 ) (3968 3336 0 ) (3968 3336 64 ) (3576 3336 64 ) 
4 5 25 (3712 3328 0 ) (3584 3328 0 ) (3576 3336 0 ) (3712 3336 0 ) 
4 5 23 (3840 3328 0 ) (3712 3328 0 ) (3712 3336 0 ) (3840 3336 0 ) 
4 5 6 (3584 3328 0 ) (3968 3328 0 ) (3968 3328 64 ) (3584 3328 64 ) 
4 6 31 (3584 3328 0 ) (3712 3328 0 ) (3712 3168 0 ) (3584 3168 0 ) 
4 6 29 (3712 3328 0 ) (3840 3328 0 ) (3840 3168 0 ) (3712 3168 0 ) 
4 7 32 (3528 3328 0 ) (3576 3328 0 ) (3576 3168 0 ) (3528 3168 0 ) 
6 7 8 (3528 3328 16 ) (3528 3328 0 ) (3528 3168 0 ) (3528 3168 16 ) (3528 3184 32 ) (3528 3312 32 ) 
4 8 32 (3512 3328 0 ) (3528 3328 0 ) (3528 3168 0 ) (3512 3168 0 ) 
6 8 9 (3512 3328 16 ) (3512 3328 0 ) (3512 3168 0 ) (3512 3168 16 ) (3512 3184 32 ) (3512 3312 32 ) 
4 9 32 (3464 3328 0 ) (3512 3328 0 ) (3512 3168 0 ) (3464 3168 0 ) 
6 9 10 (3464 3328 16 ) (3464 3328 0 ) (3464 3168 0 ) (3464 3168 16 ) (3464 3184 32 ) (3464 3312 32 ) 
4 10 32 (3448 3328 0 ) (3464 3328 0 ) (3464 3168 0 ) (3448 3168 0 ) 
6 10 11 (3448 3328 16 ) (3448 3328 0 ) (3448 3168 0 ) (3448 3168 16 ) (3448 3184 32 ) (3448 3312 32 ) 
4 11 32 (3400 3328 0 ) (3448 3328 0 ) (3448 3168 0 ) (3400 3168 0 ) 
6 11 12 (3400 3328 16 ) (3400 3328 0 ) (3400 3168 0 ) (3400 3168 16 ) (3400 3184 32 ) (3400 3312 32 ) 
4 12 32 (3384 3328 0 ) (3400 3328 0 ) (3400 3168 0 ) (3384 3168 0 ) 
6 12 13 (3384 3328 16 ) (3384 3328 0 ) (3384 3168 0 ) (3384 3168 16 ) (3384 3184 32 ) (3384 3312 32 ) 
4 13 32 (3336 3328 0 ) (3384 3328 0 ) (3384 3168 0 ) (3336 3168 0 ) 
6 13 14 (3336 3328 16 ) (3336 3328 0 ) (3336 3168 0 ) (3336 3168 16 ) (3336 3184 32 ) (3336 3312 32 ) 
4 14 32 (3320 3328 0 ) (3336 3328 0 ) (3336 3168 0 ) (3320 3168 0 ) 
6 14 15 (3320 3328 16 ) (3320 3328 0 ) (3320 3168 0 ) (3320 3168 16 ) (3320 3184 32 ) (3320 3312 32 ) 
4 15 32 (3272 3328 0 ) (3320 3328 0 ) (3320 3168 0 ) (3272 3168 0 ) 
6 15 16 (3272 3328 16 ) (3272 3328 0 ) (3272 3168 0 ) (3272 3168 16 ) (3272 3184 32 ) (3272 3312 32 ) 
4 16 32 (3256 3328 0 ) (3272 3328 0 ) (3272 3168 0 ) (3256 3168 0 ) 
6 16 17 (3256 3328 16 ) (3256 3328 0 ) (3256 3168 0 ) (3256 3168 16 ) (3256 3184 32 ) (3256 3312 32 ) 
4 17 32 (3216 3328 0 ) (3256 3328 0 ) (3256 3168 0 ) (3216 3168 0 ) 
4 18 34 (3712 3872 -128 ) (3840 3872 -128 ) (3840 3744 -128 ) (3712 3744 -128 ) 
4 18 21 (3712 3744 -128 ) (3840 3744 -128 ) (3840 3744 -8 ) (3712 3744 -8 ) 
4 18 19 (3712 3872 -8 ) (3712 3872 -128 ) (3712 3744 -128 ) (3712 3744 -8 ) 
4 19 22 (3216 3744 0 ) (3216 3744 -128 ) (3712 3744 -128 ) (3712 3744 0 ) 
4 20 23 (3840 3336 -8 ) (3840 3336 0 ) (3712 3336 0 ) (3712 3336 -8 ) 
4 20 22 (3712 3744 0 ) (3712 3744 -8 ) (3712 3336 -8 ) (3712 3336 0 ) 
4 20 21 (3712 3336 -8 ) (3712 3744 -8 ) (3840 3744 -8 ) (3840 3336 -8 ) 
4 21 26 (3712 3336 -128 ) (3840 3336 -128 ) (3840 3336 -16 ) (3712 3336 -16 ) 
4 21 24 (3840 3336 -16 ) (3840 3336 -8 ) (3712 3336 -8 ) (3712 3336 -16 ) 
4 21 22 (3712 3744 -8 ) (3712 3744 -128 ) (3712 3336 -128 ) (3712 3336 -8 ) 
4 22 33 (3216 3632 -128 ) (3216 3408 -128 ) (3216 3408 0 ) (3216 3632 0 ) 
4 22 28 (3240 3336 -96 ) (3432 3336 -96 ) (3432 3336 -32 ) (3240 3336 -32 ) 
4 22 26 (3576 3336 -128 ) (3712 3336 -128 ) (3712 3336 -16 ) (3576 3336 -16 ) 
4 22 27 (3456 3336 -128 ) (3512 3336 -128 ) (3512 3336 -16 ) (3456 3336 -16 ) 
4 22 25 (3712 3336 -16 ) (3712 3336 0 ) (3576 3336 0 ) (3576 3336 -16 ) 
4 23 29 (3840 3328 -8 ) (3840 3328 0 ) (3712 3328 0 ) (3712 3328 -8 ) 
4 23 25 (3712 3336 0 ) (3712 3336 -8 ) (3712 3328 -8 ) (3712 3328 0 ) 
4 23 24 (3712 3328 -8 ) (3712 3336 -8 ) (3840 3336 -8 ) (3840 3328 -8 ) 
4 24 30 (3840 3328 -16 ) (3840 3328 -8 ) (3712 3328 -8 ) (3712 3328 -16 ) 
4 24 26 (3712 3336 -16 ) (3840 3336 -16 ) (3840 3328 -16 ) (3712 3328 -16 ) 
4 24 25 (3712 3336 -8 ) (3712 3336 -16 ) (3712 3328 -16 ) (3712 3328 -8 ) 
4 25 31 (3712 3328 0 ) (3584 3328 0 ) (3584 3328 -16 ) (3712 3328 -16 ) 
4 25 26 (3576 3336 -16 ) (3712 3336 -16 ) (3712 3328 -16 ) (3584 3328 -16 ) 
4 26 31 (3584 3328 -128 ) (3712 3328 -128 ) (3712 3328 -16 ) (3584 3328 -16 ) 
4 26 30 (3712 3328 -128 ) (3840 3328 -128 ) (3840 3328 -16 ) (3712 3328 -16 ) 
4 27 32 (3456 3328 -128 ) (3512 3328 -128 ) (3512 3328 -16 ) (3456 3328 -16 ) 
4 28 32 (3240 3328 -96 ) (3432 3328 -96 ) (3432 3328 -32 ) (3240 3328 -32 ) 
4 29 31 (3712 3328 0 ) (3712 3328 -8 ) (3712 3168 -8 ) (3712 3168 0 ) 
4 29 30 (3712 3168 -8 ) (3712 3328 -8 ) (3840 3328 -8 ) (3840 3168 -8 ) 
4 30 31 (3712 3328 -8 ) (3712 3328 -128 ) (3712 3168 -128 ) (3712 3168 -8 ) 
4 33 39 (3200 3408 0 ) (3200 3632 0 ) (3200 3632 -128 ) (3200 3408 -128 ) 
4 35 45 (3072 3872 64 ) (3072 3696 64 ) (3072 3696 128 ) (3072 3872 128 ) 
5 35 39 (3072 3696 64 ) (3072 3872 64 ) (3168 3872 64 ) (3200 3840 64 ) (3200 3696 64 ) 
4 36 46 (3072 3664 64 ) (3072 3536 64 ) (3072 3536 128 ) (3072 3664 128 ) 
4 36 39 (3072 3536 64 ) (3072 3664 64 ) (3200 3664 64 ) (3200 3536 64 ) 
4 37 47 (3072 3504 64 ) (3072 3376 64 ) (3072 3376 128 ) (3072 3504 128 ) 
4 37 39 (3072 3376 64 ) (3072 3504 64 ) (3200 3504 64 ) (3200 3376 64 ) 
4 38 50 (3072 3344 64 ) (3072 3168 64 ) (3072 3168 128 ) (3072 3344 128 ) 
5 38 39 (3072 3168 64 ) (3072 3344 64 ) (3200 3344 64 ) (3200 3200 64 ) (3168 3168 64 ) 
4 39 54 (3072 3872 -128 ) (3072 3168 -128 ) (3072 3168 64 ) (3072 3872 64 ) 
3 40 53 (2864 3872 64 ) (2832 3872 64 ) (2832 3904 64 ) 
4 40 45 (2832 3872 64 ) (2864 3872 64 ) (2864 3872 128 ) (2832 3872 128 ) 
4 40 41 (2832 3904 64 ) (2832 3872 64 ) (2832 3872 128 ) (2832 3904 128 ) 
4 41 56 (2832 3872 64 ) (2704 3872 64 ) (2704 4032 64 ) (2832 4032 64 ) 
4 41 45 (2704 3872 64 ) (2832 3872 64 ) (2832 3872 128 ) (2704 3872 128 ) 
4 41 43 (2704 3904 64 ) (2704 3872 64 ) (2704 3872 128 ) (2704 3904 128 ) 
4 42 71 (2160 4096 64 ) (2544 4096 64 ) (2544 3904 64 ) (2160 3904 64 ) 
4 42 64 (2544 4096 64 ) (2560 4096 64 ) (2560 3904 64 ) (2544 3904 64 ) 
4 42 57 (2560 4096 64 ) (2672 4096 64 ) (2672 3904 64 ) (2560 3904 64 ) 
4 42 44 (2160 3904 64 ) (2544 3904 64 ) (2544 3904 128 ) (2160 3904 128 ) 
3 43 58 (2704 3872 64 ) (2672 3872 64 ) (2704 3904 64 ) 
4 43 45 (2672 3872 64 ) (2704 3872 64 ) (2704 3872 128 ) (2672 3872 128 ) 
4 44 71 (2544 3872 64 ) (2160 3872 64 ) (2160 3904 64 ) (2544 3904 64 ) 
4 44 51 (2160 3872 64 ) (2544 3872 64 ) (2544 3872 128 ) (2160 3872 128 ) 
5 45 59 (2704 3696 64 ) (2560 3696 64 ) (2560 3840 64 ) (2592 3872 64 ) (2704 3872 64 ) 
4 45 56 (2832 3696 64 ) (2704 3696 64 ) (2704 3872 64 ) (2832 3872 64 ) 
4 45 54 (3072 3872 64 ) (3072 3696 64 ) (2832 3696 64 ) (2832 3872 64 ) 
3 46 60 (2592 3536 64 ) (2576 3536 64 ) (2576 3544 64 ) 
5 46 59 (2704 3536 64 ) (2592 3536 64 ) (2576 3544 64 ) (2576 3664 64 ) (2704 3664 64 ) 
4 46 56 (2832 3536 64 ) (2704 3536 64 ) (2704 3664 64 ) (2832 3664 64 ) 
4 46 54 (3072 3664 64 ) (3072 3536 64 ) (2832 3536 64 ) (2832 3664 64 ) 
4 46 48 (2576 3664 128 ) (2576 3664 64 ) (2576 3544 64 ) (2576 3544 128 ) 
5 47 60 (2704 3376 64 ) (2576 3376 64 ) (2576 3504 64 ) (2656 3504 64 ) (2704 3480 64 ) 
3 47 59 (2656 3504 64 ) (2704 3504 64 ) (2704 3480 64 ) 
4 47 56 (2832 3376 64 ) (2704 3376 64 ) (2704 3504 64 ) (2832 3504 64 ) 
4 47 54 (3072 3504 64 ) (3072 3376 64 ) (2832 3376 64 ) (2832 3504 64 ) 
4 47 49 (2576 3496 64 ) (2576 3376 64 ) (2576 3376 128 ) (2576 3496 128 ) 
4 48 59 (2560 3552 64 ) (2560 3664 64 ) (2576 3664 64 ) (2576 3544 64 ) 
4 49 61 (2576 3376 64 ) (2560 3376 64 ) (2560 3488 64 ) (2576 3496 64 ) 
4 50 61 (2576 3184 64 ) (2560 3200 64 ) (2560 3344 64 ) (2576 3344 64 ) 
5 50 60 (2704 3168 64 ) (2592 3168 64 ) (2576 3184 64 ) (2576 3344 64 ) (2704 3344 64 ) 
4 50 56 (2832 3168 64 ) (2704 3168 64 ) (2704 3344 64 ) (2832 3344 64 ) 
4 50 54 (3072 3344 64 ) (3072 3168 64 ) (2832 3168 64 ) (2832 3344 64 ) 
4 50 52 (2672 3168 64 ) (2864 3168 64 ) (2864 3168 128 ) (2672 3168 128 ) 
4 51 71 (2544 3168 64 ) (2160 3168 64 ) (2160 3872 64 ) (2544 3872 64 ) 
3 52 62 (2704 3136 64 ) (2672 3168 64 ) (2704 3168 64 ) 
4 52 56 (2832 3136 64 ) (2704 3136 64 ) (2704 3168 64 ) (2832 3168 64 ) 
3 52 55 (2832 3136 64 ) (2832 3168 64 ) (2864 3168 64 ) 
4 53 56 (2832 3904 -128 ) (2832 3872 -128 ) (2832 3872 64 ) (2832 3904 64 ) 
4 53 54 (2832 3872 64 ) (2832 3872 -128 ) (2864 3872 -128 ) (2864 3872 64 ) 
4 54 56 (2832 3872 -128 ) (2832 3168 -128 ) (2832 3168 64 ) (2832 3872 64 ) 
4 54 55 (2832 3168 64 ) (2832 3168 -128 ) (2864 3168 -128 ) (2864 3168 64 ) 
4 55 56 (2832 3168 -128 ) (2832 3136 -128 ) (2832 3136 64 ) (2832 3168 64 ) 
4 56 115 (2768 3072 -128 ) (2776 3072 -128 ) (2776 3072 0 ) (2768 3072 0 ) 
4 56 114 (2776 3072 -128 ) (2832 3072 -128 ) (2832 3072 0 ) (2776 3072 0 ) 
4 56 116 (2704 3072 0 ) (2704 3072 -128 ) (2768 3072 -128 ) (2768 3072 0 ) 
4 56 107 (2704 3072 32 ) (2704 3072 0 ) (2832 3072 0 ) (2832 3072 32 ) 
4 56 63 (2704 3168 -128 ) (2704 3136 -128 ) (2704 3136 32 ) (2704 3168 32 ) 
4 56 62 (2704 3136 64 ) (2704 3168 64 ) (2704 3168 32 ) (2704 3136 32 ) 
4 56 60 (2704 3480 -128 ) (2704 3168 -128 ) (2704 3168 64 ) (2704 3480 64 ) 
4 56 59 (2704 3872 -128 ) (2704 3480 -128 ) (2704 3480 64 ) (2704 3872 64 ) 
4 56 58 (2704 3904 -128 ) (2704 3872 -128 ) (2704 3872 64 ) (2704 3904 64 ) 
4 57 64 (2560 4096 -128 ) (2560 3904 -128 ) (2560 3904 64 ) (2560 4096 64 ) 
4 58 59 (2672 3872 -128 ) (2704 3872 -128 ) (2704 3872 64 ) (2672 3872 64 ) 
4 59 69 (2560 3612 -128 ) (2560 3584 -128 ) (2560 3584 64 ) (2560 3612 64 ) 
4 59 65 (2560 3776 -128 ) (2560 3612 -128 ) (2560 3612 64 ) (2560 3776 64 ) 
4 59 60 (2576 3544 -128 ) (2704 3480 -128 ) (2704 3480 64 ) (2576 3544 64 ) 
4 60 63 (2672 3168 -128 ) (2704 3168 -128 ) (2704 3168 32 ) (2672 3168 32 ) 
4 60 62 (2704 3168 32 ) (2704 3168 64 ) (2672 3168 64 ) (2672 3168 32 ) 
4 60 61 (2576 3496 -128 ) (2576 3183.998047 -128 ) (2576 3183.998047 64 ) (2576 3496 64 ) 
4 61 70 (2560 3456 -128 ) (2560 3264 -128 ) (2560 3264 64 ) (2560 3456 64 ) 
3 62 63 (2672 3168 32 ) (2704 3168 32 ) (2704 3136 32 ) 
4 64 71 (2544 4096 -128 ) (2544 3904 -128 ) (2544 3904 64 ) (2544 4096 64 ) 
4 65 69 (2554 3612 -128 ) (2560 3612 -128 ) (2560 3612 64 ) (2554 3612 64 ) 
4 65 67 (2554 3748 -128 ) (2554 3612 -128 ) (2554 3612 -20 ) (2554 3748 -20 ) 
4 65 66 (2554 3776 64 ) (2554 3776 -128 ) (2554 3748 -128 ) (2554 3748 64 ) 
4 66 67 (2550 3748 -20 ) (2550 3748 -128 ) (2554 3748 -128 ) (2554 3748 -20 ) 
4 66 68 (2550 3776 64 ) (2550 3776 -128 ) (2550 3748 -128 ) (2550 3748 64 ) 
4 67 69 (2550 3612 -128 ) (2554 3612 -128 ) (2554 3612 -20 ) (2550 3612 -20 ) 
4 67 68 (2550 3748 -128 ) (2550 3612 -128 ) (2550 3612 -20 ) (2550 3748 -20 ) 
4 68 71 (2544 3776 -128 ) (2544 3612 -128 ) (2544 3612 64 ) (2544 3776 64 ) 
4 68 69 (2544 3612 64 ) (2544 3612 -128 ) (2550 3612 -128 ) (2550 3612 64 ) 
4 69 71 (2544 3612 -128 ) (2544 3584 -128 ) (2544 3584 64 ) (2544 3612 64 ) 
4 70 71 (2544 3456 -128 ) (2544 3264 -128 ) (2544 3264 64 ) (2544 3456 64 ) 
4 72 139 (2160 3072 -128 ) (2304 3072 -128 ) (2304 3072 0 ) (2160 3072 0 ) 
4 72 125 (2304 3072 -128 ) (2416 3072 -128 ) (2416 3072 0 ) (2304 3072 0 ) 
4 72 117 (2416 3072 -128 ) (2560 3072 -128 ) (2560 3072 0 ) (2416 3072 0 ) 
4 72 74 (2560 3072 -128 ) (2160 3072 -128 ) (2160 3104 -128 ) (2560 3104 -128 ) 
4 73 119 (2560 3072 -192 ) (2560 3072 -320 ) (2688 3072 -320 ) (2688 3072 -192 ) 
4 73 74 (2560 3104 -192 ) (2560 3104 -320 ) (2560 3072 -320 ) (2560 3072 -192 ) 
4 74 147 (2160 3072 -224 ) (2160 3072 -320 ) (2304 3072 -320 ) (2304 3072 -224 ) 
4 74 143 (2296 3072 -184 ) (2296 3072 -192 ) (2304 3072 -192 ) (2304 3072 -184 ) 
4 74 142 (2304 3072 -128 ) (2296 3072 -128 ) (2296 3072 -184 ) (2304 3072 -184 ) 
4 74 144 (2296 3072 -192 ) (2296 3072 -224 ) (2304 3072 -224 ) (2304 3072 -192 ) 
4 74 145 (2296 3072 -128 ) (2160 3072 -128 ) (2160 3072 -224 ) (2296 3072 -224 ) 
4 74 137 (2304 3072 -192 ) (2304 3072 -320 ) (2416 3072 -320 ) (2416 3072 -192 ) 
4 74 134 (2304 3072 -184 ) (2304 3072 -192 ) (2416 3072 -192 ) (2416 3072 -184 ) 
4 74 125 (2416 3072 -128 ) (2304 3072 -128 ) (2304 3072 -184 ) (2416 3072 -184 ) 
4 74 120 (2560 3072 -128 ) (2416 3072 -128 ) (2416 3072 -320 ) (2560 3072 -320 ) 
4 75 76 (2576 2560 168 ) (2576 2464 168 ) (2576 2464 248 ) (2576 2560 248 ) 
4 76 77 (2448 2648 248 ) (2448 2648 168 ) (2448 2376 168 ) (2448 2376 248 ) 
4 77 79 (2448 2576 168 ) (2448 2448 168 ) (2192 2448 168 ) (2192 2576 168 ) 
4 77 78 (2064 2648 248 ) (2064 2648 168 ) (2064 2592 168 ) (2064 2592 248 ) 
4 78 188 (2048 2592 248 ) (2048 2648 248 ) (2048 2648 168 ) (2048 2592 168 ) 
4 79 99 (2448 2464 160 ) (2448 2448 160 ) (2192 2448 160 ) (2192 2464 160 ) 
4 79 96 (2448 2576 160 ) (2448 2464 160 ) (2192 2464 160 ) (2192 2576 160 ) 
4 80 148 (2592 2048 160 ) (2816 2048 160 ) (2816 2048 192 ) (2592 2048 192 ) 
6 80 103 (2576 2368 160 ) (2832 2368 160 ) (2832 2064 160 ) (2816 2048 160 ) (2592 2048 160 ) (2576 2064 160 ) 
6 81 149 (2064 2048 160 ) (2560 2048 160 ) (2560 2048 192 ) (2512 2048 248 ) (2112 2048 248 ) (2064 2048 192 ) 
4 81 104 (2064 2368 160 ) (2560 2368 160 ) (2560 2048 160 ) (2064 2048 160 ) 
4 82 84 (2832 2792 160 ) (2832 2792 32 ) (2832 2588 32 ) (2832 2588 160 ) 
4 83 84 (2832 2580 32 ) (2832 2376 32 ) (2832 2376 160 ) (2832 2580 160 ) 
4 84 85 (2824 2728 32 ) (2824 2672 32 ) (2824 2672 144 ) (2824 2728 144 ) 
4 84 86 (2824 2496 32 ) (2824 2440 32 ) (2824 2440 144 ) (2824 2496 144 ) 
4 85 88 (2816 2728 32 ) (2816 2672 32 ) (2816 2672 144 ) (2816 2728 144 ) 
4 86 87 (2816 2496 32 ) (2816 2440 32 ) (2816 2440 144 ) (2816 2496 144 ) 
4 87 89 (2808 2564 32 ) (2808 2376 32 ) (2808 2376 160 ) (2808 2564 160 ) 
4 88 89 (2808 2792 160 ) (2808 2792 32 ) (2808 2604 32 ) (2808 2604 160 ) 
4 89 100 (2712 2376 32 ) (2768 2376 32 ) (2768 2376 144 ) (2712 2376 144 ) 
4 89 90 (2704 2792 32 ) (2704 2376 32 ) (2704 2376 160 ) (2704 2792 160 ) 
4 90 108 (2704 2400 32 ) (2704 2376 32 ) (2632 2376 32 ) (2632 2400 32 ) 
4 90 91 (2632 2792 160 ) (2632 2792 32 ) (2632 2656 32 ) (2632 2656 160 ) 
4 91 92 (2624 2792 32 ) (2624 2664 32 ) (2624 2664 160 ) (2624 2792 160 ) 
4 92 97 (2192 2792 160 ) (2192 2792 32 ) (2192 2664 32 ) (2192 2664 160 ) 
4 92 93 (2192 2664 160 ) (2192 2664 32 ) (2196.580078 2664 32 ) (2196.580078 2664 160 ) 
4 93 97 (2192 2664 32 ) (2192 2660 32 ) (2192 2660 160 ) (2192 2664 160 ) 
4 94 97 (2192 2652 32 ) (2192 2648 32 ) (2192 2648 160 ) (2192 2652 160 ) 
4 94 96 (2192 2648 160 ) (2192 2648 32 ) (2196 2648 32 ) (2196 2648 160 ) 
4 95 96 (2576 2560 32 ) (2576 2464 32 ) (2576 2464 160 ) (2576 2560 160 ) 
4 96 99 (2192 2464 32 ) (2576 2464 32 ) (2576 2464 160 ) (2192 2464 160 ) 
4 96 97 (2192 2648 32 ) (2192 2464 32 ) (2192 2464 160 ) (2192 2648 160 ) 
4 97 99 (2064 2464 32 ) (2192 2464 32 ) (2192 2464 160 ) (2064 2464 160 ) 
4 97 98 (2064 2560 32 ) (2064 2464 32 ) (2064 2464 160 ) (2064 2560 160 ) 
4 98 189 (2048 2464 160 ) (2048 2560 160 ) (2048 2560 32 ) (2048 2464 32 ) 
4 99 109 (2576 2400 32 ) (2576 2376 32 ) (2560 2376 32 ) (2560 2400 32 ) 
4 99 102 (2368 2376 136 ) (2176 2376 136 ) (2176 2376 72 ) (2368 2376 72 ) 
4 99 101 (2440 2376 32 ) (2496 2376 32 ) (2496 2376 144 ) (2440 2376 144 ) 
4 100 103 (2712 2368 32 ) (2768 2368 32 ) (2768 2368 144 ) (2712 2368 144 ) 
4 101 105 (2440 2368 32 ) (2496 2368 32 ) (2496 2368 144 ) (2440 2368 144 ) 
4 102 105 (2368 2368 136 ) (2176 2368 136 ) (2176 2368 72 ) (2368 2368 72 ) 
4 103 148 (2592 2048 32 ) (2816 2048 32 ) (2816 2048 160 ) (2592 2048 160 ) 
4 103 111 (2768 2304 32 ) (2776 2304 32 ) (2776 2121 32 ) (2768 2121 32 ) 
4 103 110 (2776 2304 32 ) (2832 2304 32 ) (2832 2112 32 ) (2776 2112 32 ) 
4 103 112 (2704 2112 32 ) (2704 2304 32 ) (2768 2304 32 ) (2768 2112 32 ) 
4 104 149 (2064 2048 144 ) (2560 2048 144 ) (2560 2048 160 ) (2064 2048 160 ) 
4 104 105 (2064 2368 144 ) (2560 2368 144 ) (2560 2048 144 ) (2064 2048 144 ) 
4 105 149 (2064 2048 32 ) (2560 2048 32 ) (2560 2048 144 ) (2064 2048 144 ) 
4 105 113 (2560 2048 32 ) (2064 2048 32 ) (2064 2240 32 ) (2560 2240 32 ) 
4 105 106 (2064 2276 144 ) (2064 2332 144 ) (2064 2332 32 ) (2064 2276 32 ) 
4 106 190 (2048 2276 144 ) (2048 2332 144 ) (2048 2332 32 ) (2048 2276 32 ) 
4 107 115 (2768 3072 0 ) (2776 3072 0 ) (2776 3008 0 ) (2768 3008 0 ) 
4 107 114 (2776 3072 0 ) (2832 3072 0 ) (2832 3008 0 ) (2776 3008 0 ) 
4 107 116 (2704 3072 0 ) (2768 3072 0 ) (2768 3008 0 ) (2704 3008 0 ) 
4 108 109 (2576 2400 32 ) (2576 2400 0 ) (2576 2376 0 ) (2576 2376 32 ) 
4 110 114 (2832 2304 0 ) (2832 2112 0 ) (2776 2112 0 ) (2776 2304 0 ) 
4 110 111 (2776 2304 32 ) (2776 2304 0 ) (2776 2153 0 ) (2776 2121 32 ) 
4 111 115 (2768 2153 0 ) (2768 2304 0 ) (2776 2304 0 ) (2776 2153 0 ) 
4 111 112 (2768 2304 32 ) (2768 2304 0 ) (2768 2153 0 ) (2768 2121 32 ) 
4 112 116 (2768 2112 0 ) (2704 2112 0 ) (2704 2304 0 ) (2768 2304 0 ) 
4 113 150 (2064 2048 0 ) (2560 2048 0 ) (2560 2048 32 ) (2064 2048 32 ) 
4 113 140 (2160 2048 0 ) (2064 2048 0 ) (2064 2240 0 ) (2160 2240 0 ) 
4 113 139 (2304 2048 0 ) (2160 2048 0 ) (2160 2240 0 ) (2304 2240 0 ) 
4 113 126 (2304 2064 0 ) (2304 2192 0 ) (2416 2192 0 ) (2416 2064 0 ) 
4 113 125 (2304 2192 0 ) (2304 2240 0 ) (2416 2240 0 ) (2416 2192 0 ) 
4 113 133 (2416 2048 0 ) (2304 2048 0 ) (2304 2064 0 ) (2416 2064 0 ) 
4 113 118 (2560 2240 0 ) (2560 2048 0 ) (2416 2048 0 ) (2416 2240 0 ) 
4 114 115 (2776 3072 -128 ) (2776 2281 -128 ) (2776 2153 0 ) (2776 3072 0 ) 
4 115 116 (2768 3072 -128 ) (2768 2281 -128 ) (2768 2153 0 ) (2768 3072 0 ) 
4 117 125 (2416 2400 0 ) (2416 3072 0 ) (2416 3072 -128 ) (2416 2400 -128 ) 
4 117 120 (2416 2400 -128 ) (2416 3072 -128 ) (2560 3072 -128 ) (2560 2400 -128 ) 
4 117 118 (2416 2400 0 ) (2416 2400 -128 ) (2560 2400 -128 ) (2560 2400 0 ) 
4 118 151 (2560 2048 0 ) (2416 2048 0 ) (2416 2048 -128 ) (2560 2048 -128 ) 
4 118 129 (2416 2168 -128 ) (2416 2088 -128 ) (2416 2088 -88 ) (2416 2168 -88 ) 
4 118 126 (2416 2064 0 ) (2416 2192 0 ) (2416 2192 -56 ) (2416 2064 -56 ) 
4 118 125 (2416 2192 0 ) (2416 2400 0 ) (2416 2400 -128 ) (2416 2192 -128 ) 
4 118 133 (2416 2048 -128 ) (2416 2048 0 ) (2416 2064 0 ) (2416 2064 -128 ) 
4 118 122 (2416 2048 -128 ) (2416 2400 -128 ) (2424 2400 -128 ) (2424 2048 -128 ) 
4 118 121 (2424 2400 -128 ) (2560 2400 -128 ) (2560 2048 -128 ) (2424 2048 -128 ) 
4 119 120 (2560 3072 -320 ) (2560 2400 -320 ) (2560 2400 -192 ) (2560 3072 -192 ) 
4 120 137 (2416 3072 -192 ) (2416 3072 -320 ) (2416 2400 -320 ) (2416 2400 -192 ) 
4 120 134 (2416 3072 -184 ) (2416 3072 -192 ) (2416 2400 -192 ) (2416 2400 -184 ) 
4 120 125 (2416 2400 -128 ) (2416 3072 -128 ) (2416 3072 -184 ) (2416 2400 -184 ) 
4 120 123 (2416 2400 -184 ) (2416 2400 -192 ) (2424 2400 -192 ) (2424 2400 -184 ) 
4 120 122 (2424 2400 -128 ) (2416 2400 -128 ) (2416 2400 -184 ) (2424 2400 -184 ) 
4 120 124 (2416 2400 -192 ) (2416 2400 -224 ) (2424 2400 -224 ) (2424 2400 -192 ) 
4 120 121 (2560 2400 -224 ) (2560 2400 -128 ) (2424 2400 -128 ) (2424 2400 -224 ) 
4 121 157 (2424 2048 -192 ) (2424 2048 -224 ) (2560 2048 -224 ) (2560 2048 -192 ) 
4 121 154 (2424 2048 -184 ) (2424 2048 -192 ) (2560 2048 -192 ) (2560 2048 -184 ) 
4 121 152 (2560 2048 -128 ) (2424 2048 -128 ) (2424 2048 -184 ) (2560 2048 -184 ) 
4 121 123 (2424 2400 -184 ) (2424 2400 -192 ) (2424 2240 -192 ) (2424 2240 -184 ) 
4 121 122 (2424 2400 -128 ) (2424 2400 -184 ) (2424 2048 -184 ) (2424 2048 -128 ) 
4 121 124 (2424 2400 -192 ) (2424 2400 -224 ) (2424 2048 -224 ) (2424 2048 -192 ) 
4 122 152 (2424 2048 -128 ) (2416 2048 -128 ) (2416 2048 -184 ) (2424 2048 -184 ) 
4 122 129 (2416 2088 -128 ) (2416 2168 -128 ) (2416 2168 -140 ) (2416 2088 -140 ) 
4 122 125 (2416 2192 -128 ) (2416 2400 -128 ) (2416 2400 -184 ) (2416 2192 -184 ) 
4 122 133 (2416 2048 -184 ) (2416 2048 -128 ) (2416 2064 -128 ) (2416 2064 -184 ) 
4 122 123 (2416 2248 -184 ) (2416 2400 -184 ) (2424 2400 -184 ) (2424 2240 -184 ) 
4 123 135 (2416 2248 -184 ) (2416 2256 -184 ) (2416 2256 -192 ) (2416 2248 -192 ) 
4 123 134 (2416 2256 -184 ) (2416 2400 -184 ) (2416 2400 -192 ) (2416 2256 -192 ) 
4 123 124 (2416 2248 -192 ) (2416 2400 -192 ) (2424 2400 -192 ) (2424 2240 -192 ) 
4 124 157 (2416 2048 -192 ) (2416 2048 -224 ) (2424 2048 -224 ) (2424 2048 -192 ) 
4 124 138 (2416 2048 -224 ) (2416 2048 -192 ) (2416 2400 -192 ) (2416 2400 -224 ) 
4 125 142 (2304 3072 -128 ) (2304 3072 -184 ) (2304 2192 -184 ) (2304 2192 -128 ) 
4 125 139 (2304 2192 0 ) (2304 3072 0 ) (2304 3072 -128 ) (2304 2192 -128 ) 
3 125 136 (2304 2248 -184 ) (2304 2256 -184 ) (2312 2256 -184 ) 
3 125 135 (2408 2256 -184 ) (2416 2256 -184 ) (2416 2248 -184 ) 
4 125 134 (2304 2256 -184 ) (2304 3072 -184 ) (2416 3072 -184 ) (2416 2256 -184 ) 
4 125 126 (2304 2192 0 ) (2304 2192 -56 ) (2416 2192 -56 ) (2416 2192 0 ) 
4 126 139 (2304 2064 0 ) (2304 2192 0 ) (2304 2192 -56 ) (2304 2064 -56 ) 
4 126 133 (2304 2064 0 ) (2304 2064 -56 ) (2416 2064 -56 ) (2416 2064 0 ) 
4 127 130 (2412 2088 -88 ) (2412 2068 -88 ) (2308 2068 -88 ) (2308 2088 -88 ) 
4 127 129 (2412 2168 -88 ) (2412 2088 -88 ) (2308 2088 -88 ) (2308 2168 -88 ) 
4 127 128 (2308 2188 -88 ) (2412 2188 -88 ) (2412 2168 -88 ) (2308 2168 -88 ) 
4 128 132 (2412 2188 -140 ) (2412 2168 -140 ) (2308 2168 -140 ) (2308 2188 -140 ) 
4 128 129 (2308 2168 -140 ) (2412 2168 -140 ) (2412 2168 -88 ) (2308 2168 -88 ) 
4 129 142 (2304 2168 -140 ) (2304 2088 -140 ) (2304 2088 -128 ) (2304 2168 -128 ) 
4 129 139 (2304 2088 -128 ) (2304 2088 -88 ) (2304 2168 -88 ) (2304 2168 -128 ) 
4 129 132 (2308 2168 -140 ) (2412 2168 -140 ) (2412 2088 -140 ) (2308 2088 -140 ) 
4 129 130 (2308 2088 -140 ) (2412 2088 -140 ) (2412 2088 -88 ) (2308 2088 -88 ) 
4 130 132 (2308 2088 -140 ) (2412 2088 -140 ) (2412 2068 -140 ) (2308 2068 -140 ) 
4 130 131 (2336 2068 -140 ) (2384 2068 -140 ) (2384 2068 -88 ) (2336 2068 -88 ) 
4 131 133 (2336 2064 -140 ) (2384 2064 -140 ) (2384 2064 -88 ) (2336 2064 -88 ) 
4 133 152 (2416 2048 -184 ) (2416 2048 -128 ) (2304 2048 -128 ) (2304 2048 -184 ) 
4 133 151 (2416 2048 -128 ) (2416 2048 0 ) (2304 2048 0 ) (2304 2048 -128 ) 
4 133 142 (2304 2048 -184 ) (2304 2048 -128 ) (2304 2064 -128 ) (2304 2064 -184 ) 
4 133 139 (2304 2048 -128 ) (2304 2048 0 ) (2304 2064 0 ) (2304 2064 -128 ) 
4 134 143 (2304 2256 -184 ) (2304 3072 -184 ) (2304 3072 -192 ) (2304 2256 -192 ) 
4 134 138 (2304 2256 -192 ) (2304 2400 -192 ) (2416 2400 -192 ) (2416 2256 -192 ) 
4 134 137 (2304 2400 -192 ) (2304 3072 -192 ) (2416 3072 -192 ) (2416 2400 -192 ) 
4 134 136 (2304 2256 -192 ) (2312 2256 -192 ) (2312 2256 -184 ) (2304 2256 -184 ) 
4 134 135 (2408 2256 -192 ) (2416 2256 -192 ) (2416 2256 -184 ) (2408 2256 -184 ) 
3 135 138 (2408 2256 -192 ) (2416 2256 -192 ) (2416 2248 -192 ) 
4 136 143 (2304 2248 -184 ) (2304 2256 -184 ) (2304 2256 -192 ) (2304 2248 -192 ) 
3 136 138 (2304 2248 -192 ) (2304 2256 -192 ) (2312 2256 -192 ) 
4 137 147 (2304 3072 -224 ) (2304 3072 -320 ) (2304 2400 -320 ) (2304 2400 -224 ) 
4 137 144 (2304 2400 -192 ) (2304 3072 -192 ) (2304 3072 -224 ) (2304 2400 -224 ) 
4 137 138 (2416 2400 -224 ) (2416 2400 -192 ) (2304 2400 -192 ) (2304 2400 -224 ) 
4 138 157 (2416 2048 -224 ) (2416 2048 -192 ) (2304 2048 -192 ) (2304 2048 -224 ) 
4 138 144 (2304 2048 -224 ) (2304 2048 -192 ) (2304 2400 -192 ) (2304 2400 -224 ) 
4 139 151 (2160 2048 -128 ) (2304 2048 -128 ) (2304 2048 0 ) (2160 2048 0 ) 
4 139 142 (2296 3072 -128 ) (2304 3072 -128 ) (2304 2048 -128 ) (2296 2048 -128 ) 
4 139 145 (2160 3072 -128 ) (2296 3072 -128 ) (2296 2048 -128 ) (2160 2048 -128 ) 
4 139 140 (2160 2368 -128 ) (2160 2048 -128 ) (2160 2048 0 ) (2160 2368 0 ) 
4 140 151 (2064 2048 -128 ) (2160 2048 -128 ) (2160 2048 0 ) (2064 2048 0 ) 
4 140 146 (2160 2112 -128 ) (2160 2048 -128 ) (2064 2048 -128 ) (2064 2112 -128 ) 
4 140 141 (2064 2332 -128 ) (2064 2276 -128 ) (2064 2276 -16 ) (2064 2332 -16 ) 
4 141 198 (2048 2276 -16 ) (2048 2332 -16 ) (2048 2332 -128 ) (2048 2276 -128 ) 
4 142 152 (2304 2048 -184 ) (2304 2048 -128 ) (2296 2048 -128 ) (2296 2048 -184 ) 
4 142 143 (2296 2240 -184 ) (2296 3072 -184 ) (2304 3072 -184 ) (2304 2248 -184 ) 
4 142 145 (2296 2048 -184 ) (2296 2048 -128 ) (2296 3072 -128 ) (2296 3072 -184 ) 
4 143 145 (2296 2240 -184 ) (2296 3072 -184 ) (2296 3072 -192 ) (2296 2240 -192 ) 
4 143 144 (2296 2240 -192 ) (2296 3072 -192 ) (2304 3072 -192 ) (2304 2248 -192 ) 
4 144 157 (2296 2048 -224 ) (2304 2048 -224 ) (2304 2048 -192 ) (2296 2048 -192 ) 
4 144 147 (2296 3072 -224 ) (2304 3072 -224 ) (2304 2400 -224 ) (2296 2400 -224 ) 
4 144 145 (2296 3072 -224 ) (2296 2048 -224 ) (2296 2048 -192 ) (2296 3072 -192 ) 
4 145 157 (2160 2048 -224 ) (2296 2048 -224 ) (2296 2048 -192 ) (2160 2048 -192 ) 
4 145 153 (2296 2048 -192 ) (2296 2048 -184 ) (2160 2048 -184 ) (2160 2048 -192 ) 
4 145 152 (2296 2048 -184 ) (2296 2048 -128 ) (2160 2048 -128 ) (2160 2048 -184 ) 
4 145 147 (2160 3072 -224 ) (2296 3072 -224 ) (2296 2400 -224 ) (2160 2400 -224 ) 
4 145 146 (2160 2112 -224 ) (2160 2048 -224 ) (2160 2048 -128 ) (2160 2112 -128 ) 
4 146 157 (2064 2048 -224 ) (2160 2048 -224 ) (2160 2048 -192 ) (2064 2048 -192 ) 
4 146 156 (2160 2048 -192 ) (2160 2048 -184 ) (2064 2048 -184 ) (2064 2048 -192 ) 
4 146 152 (2160 2048 -184 ) (2160 2048 -128 ) (2064 2048 -128 ) (2064 2048 -184 ) 
4 149 178 (2192 1712 32 ) (2208 1712 32 ) (2208 1712 248 ) (2192 1712 248 ) 
4 149 168 (2208 1712 32 ) (2544 1712 32 ) (2544 1712 168 ) (2208 1712 168 ) 
4 149 166 (2544 1712 168 ) (2544 1712 184 ) (2208 1712 184 ) (2208 1712 168 ) 
5 149 163 (2544 1712 184 ) (2544 1712 210.666672 ) (2512 1712 248 ) (2208 1712 248 ) (2208 1712 184 ) 
4 149 161 (2544 1712 32 ) (2560 1712 32 ) (2560 1712 192 ) (2544 1712 210.666672 ) 
4 149 150 (2560 1712 32 ) (2064 1712 32 ) (2064 2048 32 ) (2560 2048 32 ) 
4 150 178 (2192 1712 0 ) (2208 1712 0 ) (2208 1712 32 ) (2192 1712 32 ) 
4 150 168 (2208 1712 0 ) (2544 1712 0 ) (2544 1712 32 ) (2208 1712 32 ) 
4 150 161 (2544 1712 0 ) (2560 1712 0 ) (2560 1712 32 ) (2544 1712 32 ) 
4 150 151 (2560 1712 0 ) (2064 1712 0 ) (2064 2048 0 ) (2560 2048 0 ) 
4 151 178 (2192 1712 -128 ) (2208 1712 -128 ) (2208 1712 0 ) (2192 1712 0 ) 
4 151 168 (2208 1712 -128 ) (2544 1712 -128 ) (2544 1712 0 ) (2208 1712 0 ) 
4 151 161 (2544 1712 -128 ) (2560 1712 -128 ) (2560 1712 0 ) (2544 1712 0 ) 
4 151 152 (2560 1712 -128 ) (2064 1712 -128 ) (2064 2048 -128 ) (2560 2048 -128 ) 
4 152 178 (2208 1712 -128 ) (2192 1712 -128 ) (2192 1712 -184 ) (2208 1712 -184 ) 
4 152 168 (2544 1712 -128 ) (2208 1712 -128 ) (2208 1712 -184 ) (2544 1712 -184 ) 
4 152 161 (2560 1712 -128 ) (2544 1712 -128 ) (2544 1712 -184 ) (2560 1712 -184 ) 
4 152 156 (2064 2028 -184 ) (2064 2048 -184 ) (2160 2048 -184 ) (2160 2028 -184 ) 
4 152 154 (2424 2048 -184 ) (2560 2048 -184 ) (2560 2032 -184 ) (2408 2032 -184 ) 
4 152 153 (2160 2048 -184 ) (2296 2048 -184 ) (2312 2032 -184 ) (2160 2032 -184 ) 
4 152 155 (2560 2032 -184 ) (2560 1712 -184 ) (2160 1712 -184 ) (2160 2032 -184 ) 
4 153 157 (2160 2032 -192 ) (2160 2048 -192 ) (2296 2048 -192 ) (2312 2032 -192 ) 
4 153 156 (2160 2048 -192 ) (2160 2032 -192 ) (2160 2032 -184 ) (2160 2048 -184 ) 
4 153 155 (2160 2032 -184 ) (2160 2032 -192 ) (2312 2032 -192 ) (2312 2032 -184 ) 
4 154 157 (2424 2048 -192 ) (2560 2048 -192 ) (2560 2032 -192 ) (2408 2032 -192 ) 
4 154 155 (2408 2032 -192 ) (2560 2032 -192 ) (2560 2032 -184 ) (2408 2032 -184 ) 
4 155 178 (2192 1712 -192 ) (2208 1712 -192 ) (2208 1712 -184 ) (2192 1712 -184 ) 
4 155 168 (2208 1712 -192 ) (2544 1712 -192 ) (2544 1712 -184 ) (2208 1712 -184 ) 
4 155 161 (2544 1712 -192 ) (2560 1712 -192 ) (2560 1712 -184 ) (2544 1712 -184 ) 
4 155 157 (2560 1712 -192 ) (2160 1712 -192 ) (2160 2032 -192 ) (2560 2032 -192 ) 
4 155 156 (2160 2032 -192 ) (2160 2028 -192 ) (2160 2028 -184 ) (2160 2032 -184 ) 
4 156 157 (2064 2028 -192 ) (2064 2048 -192 ) (2160 2048 -192 ) (2160 2028 -192 ) 
4 157 178 (2192 1712 -224 ) (2208 1712 -224 ) (2208 1712 -192 ) (2192 1712 -192 ) 
4 157 177 (2208 1712 -224 ) (2560 1712 -224 ) (2560 1712 -192 ) (2208 1712 -192 ) 
4 158 177 (2560 1680 -192 ) (2560 1680 -224 ) (2560 1664 -224 ) (2560 1664 -192 ) 
4 158 162 (2560 1664 248 ) (2560 1680 248 ) (2560 1680 -192 ) (2560 1664 -192 ) 
4 158 159 (2560 1664 248 ) (2560 1664 -224 ) (2576 1664 -224 ) (2576 1664 248 ) 
4 159 177 (2560 1664 -192 ) (2560 1664 -224 ) (2560 1304 -224 ) (2560 1304 -192 ) 
4 159 162 (2560 1304 248 ) (2560 1664 248 ) (2560 1664 -192 ) (2560 1304 -192 ) 
4 159 160 (2560 1304 248 ) (2560 1304 -224 ) (2576 1304 -224 ) (2576 1304 248 ) 
4 160 177 (2560 1288 -224 ) (2560 1288 -192 ) (2560 1304 -192 ) (2560 1304 -224 ) 
4 160 162 (2560 1288 -192 ) (2560 1288 248 ) (2560 1304 248 ) (2560 1304 -192 ) 
4 161 177 (2544 1712 -192 ) (2560 1712 -192 ) (2560 1700 -192 ) (2544 1700 -192 ) 
4 161 168 (2544 1712 -192 ) (2544 1700 -192 ) (2544 1700 168 ) (2544 1712 168 ) 
4 161 166 (2544 1700 168 ) (2544 1700 184 ) (2544 1712 184 ) (2544 1712 168 ) 
4 161 163 (2544 1700 184 ) (2544 1700 248 ) (2544 1712 248 ) (2544 1712 184 ) 
4 162 185 (2560 1288 -192 ) (2560 1288 -128 ) (2544 1288 -128 ) (2544 1288 -192 ) 
5 162 184 (2560 1288 -128 ) (2560 1288 64 ) (2546 1288 134 ) (2544 1288 137 ) (2544 1288 -128 ) 
4 162 177 (2560 1692 -192 ) (2560 1288 -192 ) (2544 1288 -192 ) (2544 1692 -192 ) 
4 162 170 (2544 1692 -192 ) (2544 1288 -192 ) (2544 1288 168 ) (2544 1692 168 ) 
4 162 167 (2544 1288 168 ) (2544 1288 184 ) (2544 1692 184 ) (2544 1692 168 ) 
4 162 165 (2544 1288 184 ) (2544 1288 248 ) (2544 1692 248 ) (2544 1692 184 ) 
4 163 178 (2208 1700 248 ) (2208 1712 248 ) (2208 1712 184 ) (2208 1700 184 ) 
4 163 166 (2208 1700 184 ) (2208 1712 184 ) (2544 1712 184 ) (2544 1700 184 ) 
6 163 164 (2352 1697 184 ) (2396 1697 184 ) (2412 1697 200 ) (2412 1697 248 ) (2336 1697 248 ) (2336 1697 200 ) 
6 164 165 (2352 1695 184 ) (2396 1695 184 ) (2412 1695 200 ) (2412 1695 248 ) (2336 1695 248 ) (2336 1695 200 ) 
7 165 184 (2376 1288 248 ) (2306 1288 234 ) (2246 1288 194 ) (2239.333252 1288 184 ) (2512.666504 1288 184 ) (2506 1288 194 ) (2446 1288 234 ) 
4 165 180 (2208 1288 184 ) (2208 1288 248 ) (2208 1692 248 ) (2208 1692 184 ) 
4 165 167 (2208 1288 184 ) (2208 1692 184 ) (2544 1692 184 ) (2544 1288 184 ) 
4 166 178 (2208 1700 184 ) (2208 1712 184 ) (2208 1712 168 ) (2208 1700 168 ) 
4 166 168 (2208 1700 168 ) (2208 1712 168 ) (2544 1712 168 ) (2544 1700 168 ) 
4 167 184 (2228.666748 1288 168 ) (2523.333252 1288 168 ) (2512.666504 1288 184 ) (2239.333496 1288 184 ) 
4 167 180 (2208 1288 168 ) (2208 1288 184 ) (2208 1692 184 ) (2208 1692 168 ) 
4 167 176 (2208 1288 168 ) (2208 1692 168 ) (2240 1692 168 ) (2240 1288 168 ) 
4 167 174 (2240 1692 168 ) (2248 1692 168 ) (2248 1288 168 ) (2240 1288 168 ) 
4 167 173 (2248 1692 168 ) (2504 1692 168 ) (2504 1288 168 ) (2248 1288 168 ) 
4 167 171 (2504 1692 168 ) (2512 1692 168 ) (2512 1288 168 ) (2504 1288 168 ) 
4 167 170 (2512 1692 168 ) (2544 1692 168 ) (2544 1288 168 ) (2512 1288 168 ) 
4 168 178 (2208 1700 168 ) (2208 1712 168 ) (2208 1712 -192 ) (2208 1700 -192 ) 
4 168 177 (2208 1700 -192 ) (2208 1712 -192 ) (2544 1712 -192 ) (2544 1700 -192 ) 
4 168 175 (2208 1700 -192 ) (2240 1700 -192 ) (2240 1700 168 ) (2208 1700 168 ) 
4 168 172 (2248 1700 -192 ) (2504 1700 -192 ) (2504 1700 0 ) (2248 1700 0 ) 
4 168 169 (2512 1700 -192 ) (2544 1700 -192 ) (2544 1700 168 ) (2512 1700 168 ) 
4 169 177 (2512 1700 -192 ) (2544 1700 -192 ) (2544 1697 -192 ) (2512 1697 -192 ) 
4 170 185 (2512 1288 -192 ) (2544 1288 -192 ) (2544 1288 -128 ) (2512 1288 -128 ) 
5 170 184 (2544 1288 -128 ) (2544 1288 137 ) (2523.333252 1288 168 ) (2512 1288 168 ) (2512 1288 -128 ) 
4 170 177 (2544 1695 -192 ) (2544 1288 -192 ) (2512 1288 -192 ) (2512 1695 -192 ) 
4 170 171 (2512 1692 -192 ) (2512 1288 -192 ) (2512 1288 168 ) (2512 1692 168 ) 
4 171 185 (2504 1288 -192 ) (2512 1288 -192 ) (2512 1288 -128 ) (2504 1288 -128 ) 
4 171 184 (2512 1288 -128 ) (2512 1288 168 ) (2504 1288 168 ) (2504 1288 -128 ) 
4 171 177 (2512 1692 -192 ) (2512 1288 -192 ) (2504 1288 -192 ) (2504 1692 -192 ) 
4 171 173 (2504 1692 -192 ) (2504 1288 -192 ) (2504 1288 168 ) (2504 1692 168 ) 
4 172 177 (2248 1700 -192 ) (2504 1700 -192 ) (2504 1698 -192 ) (2248 1698 -192 ) 
4 172 173 (2248 1698 0 ) (2248 1698 -192 ) (2504 1698 -192 ) (2504 1698 0 ) 
4 173 186 (2248 1288 -192 ) (2256 1288 -192 ) (2256 1288 -128 ) (2248 1288 -128 ) 
4 173 185 (2256 1288 -192 ) (2504 1288 -192 ) (2504 1288 -128 ) (2256 1288 -128 ) 
4 173 184 (2504 1288 -128 ) (2504 1288 168 ) (2248 1288 168 ) (2248 1288 -128 ) 
4 173 177 (2504 1698 -192 ) (2504 1288 -192 ) (2248 1288 -192 ) (2248 1698 -192 ) 
4 173 174 (2248 1692 -192 ) (2248 1288 -192 ) (2248 1288 168 ) (2248 1692 168 ) 
4 174 186 (2240 1288 -192 ) (2248 1288 -192 ) (2248 1288 -128 ) (2240 1288 -128 ) 
4 174 184 (2248 1288 -128 ) (2248 1288 168 ) (2240 1288 168 ) (2240 1288 -128 ) 
4 174 177 (2248 1692 -192 ) (2248 1288 -192 ) (2240 1288 -192 ) (2240 1692 -192 ) 
4 174 176 (2240 1692 -192 ) (2240 1288 -192 ) (2240 1288 168 ) (2240 1692 168 ) 
4 175 177 (2208 1697 -192 ) (2208 1700 -192 ) (2240 1700 -192 ) (2240 1697 -192 ) 
4 176 186 (2208 1288 -128 ) (2208 1288 -192 ) (2240 1288 -192 ) (2240 1288 -128 ) 
5 176 184 (2208 1288 137 ) (2208 1288 -128 ) (2240 1288 -128 ) (2240 1288 168 ) (2228.666748 1288 168 ) 
4 176 180 (2208 1288 -192 ) (2208 1288 168 ) (2208 1692 168 ) (2208 1692 -192 ) 
4 176 177 (2208 1288 -192 ) (2208 1695 -192 ) (2240 1695 -192 ) (2240 1288 -192 ) 
4 177 186 (2256 1288 -192 ) (2208 1288 -192 ) (2208 1288 -224 ) (2256 1288 -224 ) 
4 177 185 (2560 1288 -224 ) (2560 1288 -192 ) (2256 1288 -192 ) (2256 1288 -224 ) 
4 177 179 (2208 1692 -192 ) (2208 1700 -192 ) (2208 1700 -224 ) (2208 1692 -224 ) 
4 177 178 (2208 1700 -192 ) (2208 1712 -192 ) (2208 1712 -224 ) (2208 1700 -224 ) 
4 177 180 (2208 1288 -224 ) (2208 1288 -192 ) (2208 1692 -192 ) (2208 1692 -224 ) 
4 178 179 (2192 1700 -192 ) (2192 1700 -224 ) (2208 1700 -224 ) (2208 1700 -192 ) 
4 179 180 (2192 1692 -192 ) (2192 1692 -224 ) (2208 1692 -224 ) (2208 1692 -192 ) 
4 180 186 (2208 1288 -224 ) (2208 1288 -128 ) (2192 1288 -128 ) (2192 1288 -224 ) 
5 180 184 (2208 1288 -128 ) (2208 1288 137 ) (2206 1288 134 ) (2192 1288 64 ) (2192 1288 -128 ) 
4 180 183 (2192 1304 -224 ) (2192 1288 -224 ) (2192 1288 248 ) (2192 1304 248 ) 
4 180 182 (2192 1664 -224 ) (2192 1304 -224 ) (2192 1304 248 ) (2192 1664 248 ) 
4 180 181 (2192 1680 -224 ) (2192 1664 -224 ) (2192 1664 248 ) (2192 1680 248 ) 
4 181 182 (2176 1664 -224 ) (2192 1664 -224 ) (2192 1664 248 ) (2176 1664 248 ) 
4 182 201 (2048 1664 -128 ) (2048 1664 -224 ) (2048 1304 -224 ) (2048 1304 -128 ) 
4 182 200 (2048 1664 0 ) (2048 1664 -128 ) (2048 1304 -128 ) (2048 1304 0 ) 
4 182 199 (2048 1304 248 ) (2048 1664 248 ) (2048 1664 0 ) (2048 1304 0 ) 
4 182 183 (2176 1304 -224 ) (2192 1304 -224 ) (2192 1304 248 ) (2176 1304 248 ) 
11 184 206 (2192 1024 64 ) (2192 1024 -128 ) (2560 1024 -128 ) (2560 1024 64 ) (2546 1024 134 ) (2506 1024 194 ) (2446 1024 234 ) (2376 1024 248 ) (2306 1024 234 ) (2246 1024 194 ) (2206 1024 134 ) 
4 184 186 (2192 1216 -128 ) (2192 1288 -128 ) (2256 1288 -128 ) (2256 1216 -128 ) 
4 184 185 (2560 1024 -128 ) (2256 1024 -128 ) (2256 1288 -128 ) (2560 1288 -128 ) 
4 185 207 (2560 1024 -128 ) (2256 1024 -128 ) (2256 1024 -224 ) (2560 1024 -224 ) 
4 185 187 (2256 1216 -224 ) (2256 1024 -224 ) (2256 1024 -192 ) (2256 1216 -192 ) 
4 185 186 (2256 1288 -224 ) (2256 1216 -224 ) (2256 1216 -128 ) (2256 1288 -128 ) 
4 186 187 (2192 1216 -192 ) (2192 1216 -224 ) (2256 1216 -224 ) (2256 1216 -192 ) 
4 187 208 (2192 1024 -192 ) (2192 1024 -224 ) (2256 1024 -224 ) (2256 1024 -192 ) 
4 190 197 (1664 2160 32 ) (1664 2240 32 ) (1984.380127 2240 32 ) (1984.380127 2160 32 ) 
4 190 194 (1984.380127 2240 32 ) (2048 2240 32 ) (2048 2160.379883 32 ) (1984.380127 2160.379883 32 ) 
4 190 196 (2048 2160.379883 32 ) (2048 2160 32 ) (1984.380127 2160 32 ) (1984.380127 2160.379883 32 ) 
4 190 193 (1664 2240 32 ) (1664 2368 32 ) (1984 2368 32 ) (1984 2240 32 ) 
4 190 191 (1984 2368 32 ) (2048 2368 32 ) (2048 2240 32 ) (1984 2240 32 ) 
4 191 197 (1984.380127 2240 32 ) (1984 2240 32 ) (1984 2240 24 ) (1984.380127 2240 24 ) 
4 191 194 (2048 2240 24 ) (2048 2240 32 ) (1984.380127 2240 32 ) (1984.380127 2240 24 ) 
4 191 193 (1984 2368 32 ) (1984 2368 24 ) (1984 2240 24 ) (1984 2240 32 ) 
4 191 192 (2048 2240 24 ) (1984 2240 24 ) (1984 2368 24 ) (2048 2368 24 ) 
4 192 198 (1984 2368 0 ) (2048 2368 0 ) (2048 2240 0 ) (1984 2240 0 ) 
4 192 197 (1984 2240 0 ) (1984.380127 2240 0 ) (1984.380127 2240 24 ) (1984 2240 24 ) 
4 192 195 (1984.380127 2240 0 ) (2048 2240 0 ) (2048 2240 24 ) (1984.380127 2240 24 ) 
4 192 193 (1984 2368 24 ) (1984 2368 0 ) (1984 2240 0 ) (1984 2240 24 ) 
4 193 198 (1664 2368 0 ) (1984 2368 0 ) (1984 2240 0 ) (1664 2240 0 ) 
4 193 197 (1664 2240 0 ) (1984 2240 0 ) (1984 2240 32 ) (1664 2240 32 ) 
4 194 197 (1984.380127 2240 32 ) (1984.380127 2240 24 ) (1984.380127 2160.379883 24 ) (1984.380127 2160.379883 32 ) 
4 194 196 (1984.380127 2160.379883 32 ) (1984.380127 2160.379883 24 ) (2048 2160.379883 24 ) (2048 2160.379883 32 ) 
4 194 195 (2048 2160.379883 24 ) (1984.380127 2160.379883 24 ) (1984.380127 2240 24 ) (2048 2240 24 ) 
4 195 198 (1984.380127 2240 0 ) (2048 2240 0 ) (2048 2160.379883 0 ) (1984.380127 2160.379883 0 ) 
4 195 197 (1984.380127 2240 24 ) (1984.380127 2240 0 ) (1984.380127 2160.379883 0 ) (1984.380127 2160.379883 24 ) 
4 195 196 (1984.380127 2160.379883 24 ) (1984.380127 2160.379883 0 ) (2048 2160.379883 0 ) (2048 2160.379883 24 ) 
4 196 198 (2048 2160.379883 0 ) (2048 2160 0 ) (1984.380127 2160 0 ) (1984.380127 2160.379883 0 ) 
4 196 197 (1984.380127 2160.379883 0 ) (1984.380127 2160 0 ) (1984.380127 2160 32 ) (1984.380127 2160.379883 32 ) 
4 197 198 (1664 2240 0 ) (1984.380127 2240 0 ) (1984.380127 2160 0 ) (1664 2160 0 ) 
4 199 200 (2000 1304 0 ) (2000 1664 0 ) (2048 1664 0 ) (2048 1304 0 ) 
4 200 201 (2000 1304 -128 ) (2000 1664 -128 ) (2048 1664 -128 ) (2048 1304 -128 ) 
4 202 235 (1924 1024 0 ) (1472 1024 0 ) (1472 1024 -192 ) (1924 1024 -192 ) 
4 202 204 (1472 1024 -128 ) (1472 1024 0 ) (1472 1026 0 ) (1472 1026 -128 ) 
4 202 205 (1472 1026 -192 ) (1472 1024 -192 ) (1472 1024 -130 ) (1472 1026 -130 ) 
4 202 203 (1472 1088 0 ) (1472 1088 -192 ) (1472 1026 -192 ) (1472 1026 0 ) 
4 203 204 (1412 1026 0 ) (1412 1026 -128 ) (1472 1026 -128 ) (1472 1026 0 ) 
4 203 205 (1412 1026 -130 ) (1412 1026 -192 ) (1472 1026 -192 ) (1472 1026 -130 ) 
4 204 236 (1472 1024 0 ) (1412 1024 0 ) (1412 1024 -128 ) (1472 1024 -128 ) 
4 205 237 (1412 1024 -130 ) (1412 1024 -192 ) (1472 1024 -192 ) (1472 1024 -130 ) 
11 206 213 (2446 0 234 ) (2376 0 248 ) (2306 0 234 ) (2246 0 194 ) (2206 0 134 ) (2192 0 64 ) (2192 0 -128 ) (2560 0 -128 ) (2560 0 64 ) (2546 0 134 ) (2506 0 194 ) 
4 206 209 (2192 700 -128 ) (2192 644 -128 ) (2192 644 -16 ) (2192 700 -16 ) 
4 206 207 (2560 0 -128 ) (2256 0 -128 ) (2256 1024 -128 ) (2560 1024 -128 ) 
4 207 214 (2560 0 -128 ) (2256 0 -128 ) (2256 0 -224 ) (2560 0 -224 ) 
4 207 208 (2256 1024 -224 ) (2256 0 -224 ) (2256 0 -192 ) (2256 1024 -192 ) 
4 208 215 (2192 0 -192 ) (2192 0 -224 ) (2256 0 -224 ) (2256 0 -192 ) 
4 209 212 (2184 700 -16 ) (2184 700 -128 ) (2184 644 -128 ) (2184 644 -16 ) 
3 210 223 (2048 584 8 ) (2048 604 28 ) (2048 604 8 ) 
6 210 220 (2048 604 28 ) (2048 640 64 ) (2048 704 64 ) (2048 732 36 ) (2048 732 8 ) (2048 604 8 ) 
3 210 219 (2048 732 36 ) (2048 760 8 ) (2048 732 8 ) 
4 210 211 (2048 604 8 ) (2048 732 8 ) (2184 732 8 ) (2184 604 8 ) 
4 211 221 (2048 732 0 ) (2048 604 0 ) (2048 604 8 ) (2048 732 8 ) 
4 211 212 (2048 604 0 ) (2048 732 0 ) (2184 732 0 ) (2184 604 0 ) 
4 212 247 (2048 612 -128 ) (2048 576 -128 ) (2048 576 -16 ) (2048 612 -16 ) 
4 212 245 (2048 724 -128 ) (2048 612 -128 ) (2048 612 -16 ) (2048 724 -16 ) 
4 212 243 (2048 768 -128 ) (2048 724 -128 ) (2048 724 -16 ) (2048 768 -16 ) 
4 212 241 (2048 576 -16 ) (2048 576 0 ) (2048 768 0 ) (2048 768 -16 ) 
11 213 217 (2306 -1024 234 ) (2246 -1024 194 ) (2206 -1024 134 ) (2192 -1024 64 ) (2192 -1024 -128 ) (2560 -1024 -128 ) (2560 -1024 64 ) (2546 -1024 134 ) (2506 -1024 194 ) (2446 -1024 234 ) (2376 -1024 248 ) 
4 213 216 (2256 -1024 -128 ) (2192 -1024 -128 ) (2192 -936 -128 ) (2256 -936 -128 ) 
4 213 214 (2560 -1024 -128 ) (2256 -1024 -128 ) (2256 0 -128 ) (2560 0 -128 ) 
4 214 218 (2560 -1024 -128 ) (2256 -1024 -128 ) (2256 -1024 -224 ) (2560 -1024 -224 ) 
4 214 215 (2256 0 -224 ) (2256 -936 -224 ) (2256 -936 -192 ) (2256 0 -192 ) 
4 214 216 (2256 -936 -224 ) (2256 -1024 -224 ) (2256 -1024 -128 ) (2256 -936 -128 ) 
4 215 216 (2192 -936 -192 ) (2192 -936 -224 ) (2256 -936 -224 ) (2256 -936 -192 ) 
4 216 218 (2256 -1024 -128 ) (2192 -1024 -128 ) (2192 -1024 -224 ) (2256 -1024 -224 ) 
4 217 218 (2560 -2048 -128 ) (2192 -2048 -128 ) (2192 -1024 -128 ) (2560 -1024 -128 ) 
4 219 220 (1680 732 36 ) (1680 732 8 ) (2048 732 8 ) (2048 732 36 ) 
4 220 224 (1680 640 64 ) (1680 704 64 ) (1680 704 8 ) (1680 640 8 ) 
4 220 223 (1680 604 28 ) (1680 604 8 ) (2048 604 8 ) (2048 604 28 ) 
4 220 222 (2032 604 8 ) (1680 604 8 ) (1680 732 8 ) (2032 732 8 ) 
4 220 221 (2048 604 8 ) (2032 604 8 ) (2032 732 8 ) (2048 732 8 ) 
4 221 241 (2032 732 0 ) (2048 732 0 ) (2048 604 0 ) (2032 604 0 ) 
4 221 222 (2032 604 0 ) (2032 604 8 ) (2032 732 8 ) (2032 732 0 ) 
4 222 241 (1680 604 0 ) (1680 732 0 ) (2032 732 0 ) (2032 604 0 ) 
4 224 225 (1664 640 64 ) (1664 704 64 ) (1664 704 8 ) (1664 640 8 ) 
4 225 226 (1176 732 8 ) (1648 732 8 ) (1648 604 8 ) (1176 604 8 ) 
4 226 242 (1176 732 0 ) (1648 732 0 ) (1648 604 0 ) (1176 604 0 ) 
4 227 261 (1024 0 448 ) (1024 0 288 ) (1152 0 288 ) (1152 0 448 ) 
4 227 253 (1024 768 288 ) (1024 0 288 ) (1024 0 448 ) (1024 768 448 ) 
3 227 231 (1024 32 288 ) (1024 45.333534 288 ) (1057 38 288 ) 
4 227 229 (1152 480 288 ) (1152 368 288 ) (1120 352 288 ) (1120 452 288 ) 
4 227 228 (1152 272 288 ) (1152 16.888306 288 ) (1120 24 288 ) (1120 288 288 ) 
4 227 230 (1120 24 288 ) (1024 45.333534 288 ) (1024 368 288 ) (1120 452 288 ) 
4 228 250 (1152 272 0 ) (1152 16.888306 0 ) (1120 24 0 ) (1120 288 0 ) 
4 228 232 (1120 24 0 ) (1152 16.888672 0 ) (1152 16.888672 256 ) (1120 24 256 ) 
4 228 230 (1120 288 0 ) (1120 24 0 ) (1120 24 288 ) (1120 288 288 ) 
4 229 251 (1120 452 0 ) (1152 480 0 ) (1152 368 0 ) (1120 352 0 ) 
4 229 233 (1152 479.996094 256 ) (1152 479.996124 0 ) (1120 451.996124 0 ) (1120 451.996063 256 ) 
4 229 230 (1120 452 288 ) (1120 452 0 ) (1120 352 0 ) (1120 352 288 ) 
4 230 256 (1024 368 0 ) (1024 45.333527 0 ) (1024 45.333534 256 ) (1024 368 256 ) 
4 230 255 (1024 45.333534 256 ) (1024 45.333534 288 ) (1024 256 288 ) (1024 256 256 ) 
4 230 254 (1024 256 288 ) (1024 368 288 ) (1024 368 256 ) (1024 256 256 ) 
4 230 252 (1024 45.333534 0 ) (1024 368 0 ) (1120 452 0 ) (1120 24 0 ) 
4 230 234 (1120 451.996063 256 ) (1120 451.996124 0 ) (1024 367.996155 0 ) (1024 367.996002 256 ) 
4 230 231 (1057 38 288 ) (1024 45.333954 288 ) (1024 45.333954 256 ) (1057 38 256 ) 
4 230 232 (1024 45.333954 0 ) (1120 24 0 ) (1120 24 256 ) (1024 45.333954 256 ) 
4 231 255 (1024 32 288 ) (1024 45.333534 288 ) (1024 45.333534 256 ) (1024 32 256 ) 
3 231 232 (1024 45.333015 256 ) (1056.998657 38 256 ) (1024 32 256 ) 
4 232 265 (1024 0 256 ) (1024 0 0 ) (1040 0 0 ) (1040 0 256 ) 
4 232 264 (1040 0 0 ) (1120 0 0 ) (1120 0 256 ) (1040 0 256 ) 
4 232 263 (1120 0 0 ) (1152 0 0 ) (1152 0 256 ) (1120 0 256 ) 
4 232 256 (1024 45.333527 0 ) (1024 0 0 ) (1024 0 256 ) (1024 45.333534 256 ) 
4 232 250 (1152 0 0 ) (1120 0 0 ) (1120 24 0 ) (1152 16.888306 0 ) 
4 232 252 (1120 0 0 ) (1024 0 0 ) (1024 45.333534 0 ) (1120 24 0 ) 
4 233 251 (1152 720 0 ) (1152 480 0 ) (1120 452 0 ) (1120 736 0 ) 
4 233 234 (1120 452 0 ) (1120 452 256 ) (1120 736 256 ) (1120 736 0 ) 
4 234 256 (1024 768 0 ) (1024 368 0 ) (1024 368 256 ) (1024 768 256 ) 
4 234 252 (1024 368 0 ) (1024 768 0 ) (1120 768 0 ) (1120 452 0 ) 
4 235 238 (1924 960 -128 ) (1924 960 0 ) (1472 960 0 ) (1472 960 -128 ) 
4 235 236 (1472 960 -128 ) (1472 960 0 ) (1472 1024 0 ) (1472 1024 -128 ) 
4 235 237 (1472 1024 -192 ) (1472 960 -192 ) (1472 960 -130 ) (1472 1024 -130 ) 
4 236 238 (1412 960 0 ) (1412 960 -128 ) (1472 960 -128 ) (1472 960 0 ) 
4 238 240 (1444 776 -128 ) (1500 776 -128 ) (1500 776 -16 ) (1444 776 -16 ) 
4 238 239 (1836 776 -128 ) (1892 776 -128 ) (1892 776 -16 ) (1836 776 -16 ) 
4 239 243 (1836 768 -128 ) (1892 768 -128 ) (1892 768 -16 ) (1836 768 -16 ) 
4 240 244 (1444 768 -128 ) (1500 768 -128 ) (1500 768 -16 ) (1444 768 -16 ) 
4 241 247 (2048 576 -16 ) (1680 576 -16 ) (1680 612 -16 ) (2048 612 -16 ) 
4 241 245 (1680 612 -16 ) (1680 724 -16 ) (2048 724 -16 ) (2048 612 -16 ) 
4 241 243 (1680 724 -16 ) (1680 768 -16 ) (2048 768 -16 ) (2048 724 -16 ) 
4 242 248 (1664 576 -16 ) (1160 576 -16 ) (1160 612 -16 ) (1664 612 -16 ) 
4 242 246 (1160 612 -16 ) (1160 724 -16 ) (1664 724 -16 ) (1664 612 -16 ) 
4 242 244 (1160 724 -16 ) (1160 768 -16 ) (1664 768 -16 ) (1664 724 -16 ) 
4 243 245 (2048 724 -16 ) (1680 724 -16 ) (1680 724 -128 ) (2048 724 -128 ) 
4 244 246 (1664 724 -16 ) (1160 724 -16 ) (1160 724 -128 ) (1664 724 -128 ) 
4 245 247 (2048 612 -16 ) (1680 612 -16 ) (1680 612 -128 ) (2048 612 -128 ) 
4 246 249 (1160 696 -128 ) (1160 640 -128 ) (1160 640 -16 ) (1160 696 -16 ) 
4 246 248 (1664 612 -16 ) (1160 612 -16 ) (1160 612 -128 ) (1664 612 -128 ) 
4 249 251 (1152 696 -128 ) (1152 640 -128 ) (1152 640 -16 ) (1152 696 -16 ) 
4 250 263 (1152 0 0 ) (1120 0 0 ) (1120 0 -128 ) (1152 0 -128 ) 
4 250 252 (1120 288 -128 ) (1120 0 -128 ) (1120 0 0 ) (1120 288 0 ) 
4 251 252 (1120 736 -128 ) (1120 352 -128 ) (1120 352 0 ) (1120 736 0 ) 
4 252 265 (1040 0 0 ) (1024 0 0 ) (1024 0 -128 ) (1040 0 -128 ) 
4 252 264 (1120 0 0 ) (1040 0 0 ) (1040 0 -128 ) (1120 0 -128 ) 
4 252 256 (1024 0 -128 ) (1024 0 0 ) (1024 768 0 ) (1024 768 -128 ) 
4 253 282 (0 0 288 ) (0 0 448 ) (0 768 448 ) (0 768 288 ) 
4 253 280 (832 0 448 ) (0 0 448 ) (0 0 288 ) (832 0 288 ) 
4 253 275 (848 0 448 ) (832 0 448 ) (832 0 288 ) (848 0 288 ) 
4 253 269 (1024 0 288 ) (1024 0 448 ) (848 0 448 ) (848 0 288 ) 
5 253 255 (1024 256 288 ) (1024 32 288 ) (848 0 288 ) (576 0 288 ) (576 256 288 ) 
3 253 254 (1024 368 288 ) (1024 256 288 ) (896 256 288 ) 
3 254 256 (1024 368 256 ) (1024 256 256 ) (896 256 256 ) 
4 254 255 (896 256 256 ) (1024 256 256 ) (1024 256 288 ) (896 256 288 ) 
4 255 260 (832 0 256 ) (576 0 256 ) (576 256 256 ) (832 256 256 ) 
4 255 257 (848 0 256 ) (832 0 256 ) (832 256 256 ) (848 256 256 ) 
4 255 256 (848 0 256 ) (848 256 256 ) (1024 256 256 ) (1024 32 256 ) 
4 256 270 (1024 0 -128 ) (1024 0 256 ) (976 0 256 ) (976 0 -128 ) 
4 256 274 (976 0 256 ) (848 0 256 ) (848 0 -128 ) (976 0 -128 ) 
3 256 259 (848 304 0 ) (848 207.971680 0 ) (848 239.992432 128.015121 ) 
4 256 258 (848 0 0 ) (848 0 79.998070 ) (848 260.570770 210.284882 ) (848 207.971680 0 ) 
3 256 257 (848 0 79.998070 ) (848 0 256 ) (848 352 256 ) 
4 257 276 (848 0 256 ) (832 0 256 ) (832 0 79.998077 ) (848 0 79.998070 ) 
3 257 260 (832 0 79.998070 ) (832 0 256 ) (832 352 256 ) 
4 257 258 (832 0 79.996979 ) (832 260.570679 210.283752 ) (848 260.570679 210.284653 ) (848 0 79.997314 ) 
4 258 276 (832 0 79.998077 ) (832 0 0 ) (848 0 0 ) (848 0 79.998070 ) 
4 258 260 (832 0 0 ) (832 0 79.998070 ) (832 260.571045 210.285034 ) (832 207.971924 0 ) 
4 258 259 (848 207.971024 0 ) (832 207.971268 0 ) (832 239.992218 128.015549 ) (848 239.992050 128.015869 ) 
3 259 260 (832 304 0 ) (832 207.971924 0 ) (832 239.992584 128.014801 ) 
4 260 283 (0 0 0 ) (0 0 256 ) (0 768 256 ) (0 768 0 ) 
4 260 281 (832 0 0 ) (832 0 256 ) (0 0 256 ) (0 0 0 ) 
4 261 269 (1024 0 448 ) (1024 0 288 ) (1024 -512 288 ) (1024 -512 448 ) 
4 262 264 (1120 -96 -128 ) (1120 -480 -128 ) (1120 -480 256 ) (1120 -96 256 ) 
4 263 264 (1120 0 -128 ) (1120 -32 -128 ) (1120 -32 256 ) (1120 0 256 ) 
4 264 267 (1040 -312 -128 ) (1040 -408 -128 ) (1040 -408 -120 ) (1040 -312 -120 ) 
4 264 266 (1040 -408 -120 ) (1040 -408 256 ) (1040 -312 256 ) (1040 -312 -120 ) 
4 264 265 (1040 0 -128 ) (1040 -312 -128 ) (1040 -312 256 ) (1040 0 256 ) 
4 264 268 (1040 -408 -128 ) (1040 -512 -128 ) (1040 -512 256 ) (1040 -408 256 ) 
4 265 270 (1024 0 256 ) (1024 0 -128 ) (1024 -312 -128 ) (1024 -312 256 ) 
4 265 267 (1024 -312 -128 ) (1040 -312 -128 ) (1040 -312 -120 ) (1024 -312 -120 ) 
4 265 266 (1040 -312 -120 ) (1040 -312 256 ) (1024 -312 256 ) (1024 -312 -120 ) 
4 266 271 (1024 -408 -120 ) (1024 -408 256 ) (1024 -312 256 ) (1024 -312 -120 ) 
4 266 268 (1040 -408 -120 ) (1040 -408 256 ) (1024 -408 256 ) (1024 -408 -120 ) 
4 266 267 (1040 -408 -120 ) (1024 -408 -120 ) (1024 -312 -120 ) (1040 -312 -120 ) 
4 267 272 (1024 -312 -128 ) (1024 -408 -128 ) (1024 -408 -120 ) (1024 -312 -120 ) 
4 267 268 (1024 -408 -128 ) (1040 -408 -128 ) (1040 -408 -120 ) (1024 -408 -120 ) 
4 268 273 (1024 -408 -128 ) (1024 -512 -128 ) (1024 -512 256 ) (1024 -408 256 ) 
4 269 275 (848 0 448 ) (848 0 288 ) (848 -512 288 ) (848 -512 448 ) 
4 270 272 (976 -312 -120 ) (976 -312 -128 ) (1024 -312 -128 ) (1024 -312 -120 ) 
4 270 271 (976 -312 256 ) (976 -312 -120 ) (1024 -312 -120 ) (1024 -312 256 ) 
4 270 274 (976 0 -128 ) (976 -312 -128 ) (976 -312 256 ) (976 0 256 ) 
4 271 274 (976 -408 -120 ) (976 -408 256 ) (976 -312 256 ) (976 -312 -120 ) 
4 271 273 (976 -408 256 ) (976 -408 -120 ) (1024 -408 -120 ) (1024 -408 256 ) 
4 271 272 (1024 -408 -120 ) (976 -408 -120 ) (976 -312 -120 ) (1024 -312 -120 ) 
4 272 274 (976 -312 -128 ) (976 -408 -128 ) (976 -408 -120 ) (976 -312 -120 ) 
4 272 273 (976 -408 -120 ) (976 -408 -128 ) (1024 -408 -128 ) (1024 -408 -120 ) 
4 273 274 (976 -408 -128 ) (976 -512 -128 ) (976 -512 256 ) (976 -408 256 ) 
3 274 279 (848 -77.712494 256 ) (848 -64 256 ) (848 -64 245.334641 ) 
4 274 278 (848 -64 245.334641 ) (848 -64 256 ) (848 -10.666798 256 ) (848 -14.747847 207.027115 ) 
4 274 277 (848 -32 0 ) (848 -64 80 ) (848 -64 143.998566 ) (848 -17.684458 171.787567 ) 
4 274 276 (848 0 256 ) (848 0 0 ) (848 -32 0 ) (848 -10.666798 256 ) 
4 275 280 (832 0 448 ) (832 0 288 ) (832 -512 288 ) (832 -512 448 ) 
4 276 281 (832 0 256 ) (832 0 0 ) (832 -32 0 ) (832 -10.666798 256 ) 
4 276 278 (848 -14.747835 207.027100 ) (848 -10.666920 256 ) (832 -10.666920 256 ) (832 -14.747833 207.027115 ) 
4 276 277 (832 -32 0 ) (848 -32 0 ) (848 -17.684343 171.787628 ) (832 -17.684217 171.789124 ) 
4 277 281 (832 -32 0 ) (832 -64 80 ) (832 -64 144 ) (832 -17.684332 171.789062 ) 
4 278 281 (832 -64 245.334641 ) (832 -64 256 ) (832 -10.666798 256 ) (832 -14.747847 207.027115 ) 
4 278 279 (848 -64 245.334641 ) (848 -64 256 ) (832 -64 256 ) (832 -64 245.334641 ) 
3 279 281 (832 -77.712494 256 ) (832 -64 256 ) (832 -64 245.334641 ) 
4 280 284 (0 -512 288 ) (0 -512 448 ) (0 0 448 ) (0 0 288 ) 
4 281 285 (0 -512 0 ) (0 -512 256 ) (0 0 256 ) (0 0 0 ) 
4 282 284 (0 0 288 ) (0 0 448 ) (-128 0 448 ) (-128 0 288 ) 
4 283 285 (0 0 0 ) (0 0 256 ) (-128 0 256 ) (-128 0 0 ) 
