


materialPath: D:\steam\steamapps\sourcemods\entropyzero2-addonworkspace\materials
Loading d:\steam\steamapps\sourcemods\entropyzero2-addonworkspace\mapsrc\dd_ch0.vmf
Patching WVT material: maps/dd_ch0/dev/dev_blendmeasure2_wvt_patch
fixing up env_cubemap materials on brush sides...
0...1...2...3...4...5...6...7...8...9...100...1...2...3...4...5...6...7...8...9...10Processing areas...done (0)
Building Faces...done (0)
FixTjuncs...
PruneNodes...
WriteBSP...
done (0)
writing d:\steam\steamapps\sourcemods\entropyzero2-addonworkspace\mapsrc\dd_ch0.prt...Building visibility clusters...
done (0)
Finding displacement neighbors...
Finding lightmap sample positions...
Displacement Alpha : 0...1...2...3...4...5...6...7...8...9...10
Building Physics collision data...
done (0) (16590 bytes)
Placing static props...
Error! To use model "models/combine_gate_vehicle.mdl"
      with prop_static, it must be compiled with $staticprop!
Error loading studio model "models/combine_gate_vehicle.mdl"!
Placing detail props : 0...1...2...3...4...5...6...7...8...9...10
Compacting texture/material tables...
Reduced 86 texinfos to 49
Reduced 17 texdatas to 16 (396 bytes to 374)
Writing d:\steam\steamapps\sourcemods\entropyzero2-addonworkspace\mapsrc\dd_ch0.bsp
0 seconds elapsed



4 threads
reading d:\steam\steamapps\sourcemods\entropyzero2-addonworkspace\mapsrc\dd_ch0.bsp
reading d:\steam\steamapps\sourcemods\entropyzero2-addonworkspace\mapsrc\dd_ch0.prt
 111 portalclusters
 257 numportals
0...1...2...3...4...5...6...7...8...9...100...1...2...3...4...5...6...7...8...9...10Optimized: 9 visible clusters (0.09%)
Total clusters visible: 10414
Average clusters visible: 93
Building PAS...
Average clusters audible: 111
visdatasize:3995  compressed from 3552
writing d:\steam\steamapps\sourcemods\entropyzero2-addonworkspace\mapsrc\dd_ch0.bsp
0 seconds elapsed



[Reading texlights from 'lights.rad']
[48 texlights parsed from 'lights.rad']

Loading d:\steam\steamapps\sourcemods\entropyzero2-addonworkspace\mapsrc\dd_ch0.bsp
522 faces
647846 square feet [93289904.00 square inches]
4 Displacements
30252 Square Feet [4356289.00 Square Inches]
522 patches before subdivision
51162 patches after subdivision
0 direct lights
0...1...2...3...4...5...6...7...8...9...100...1...2...3...4...5...6...7...8...9...10transfers 2647841, max 324
transfer lists:  20.2 megs
0...1...2...3...4...5...6...7...8...9...10	Bounce #1 added RGB(0, 0, 0)
Build Patch/Sample Hash Table(s).....Done<0.0095 sec>
0...1...2...3...4...5...6...7...8...9...10FinalLightFace Done
Computing detail prop lighting : 0...1...2...3...4...5...6...7...8...9...10
0 of 0 (0% of) surface lights went in leaf ambient cubes.
0...1...2...3...4...5...6...7...8...9...10Writing leaf ambient...done
Ready to Finish

Object names       Objects/Maxobjs  Memory / Maxmem  Fullness 
------------       ---------------  ---------------  -------- 
models                   1/1024           48/49152    ( 0.1%) 
brushes                 47/8192          564/98304    ( 0.6%) 
brushsides             321/65536        2568/524288   ( 0.5%) 
planes                 252/65536        5040/1310720  ( 0.4%) 
vertexes               748/65536        8976/786432   ( 1.1%) 
nodes                  298/65536        9536/2097152  ( 0.5%) 
texinfos                49/12288        3528/884736   ( 0.4%) 
texdata                 16/2048          512/65536    ( 0.8%) 
dispinfos                4/0             704/0        ( 0.0%) 
disp_verts             324/0            6480/0        ( 0.0%) 
disp_tris              512/0            1024/0        ( 0.0%) 
disp_lmsamples       69696/0           69696/0        ( 0.0%) 
faces                  522/65536       29232/3670016  ( 0.8%) 
hdr faces                0/65536           0/3670016  ( 0.0%) 
origfaces              108/65536        6048/3670016  ( 0.2%) 
leaves                 300/65536        9600/2097152  ( 0.5%) 
leaffaces              565/65536        1130/131072   ( 0.9%) 
leafbrushes            224/65536         448/131072   ( 0.3%) 
areas                    2/256            16/2048     ( 0.8%) 
surfedges             2840/512000      11360/2048000  ( 0.6%) 
edges                 1537/256000       6148/1024000  ( 0.6%) 
LDR worldlights          0/65536           0/5767168  ( 0.0%) 
HDR worldlights          0/65536           0/5767168  ( 0.0%) 
leafwaterdata            0/32768           0/393216   ( 0.0%) 
waterstrips             53/32768         530/327680   ( 0.2%) 
waterverts               0/65536           0/786432   ( 0.0%) 
waterindices           684/65536        1368/131072   ( 1.0%) 
cubemapsamples           0/1024            0/16384    ( 0.0%) 
overlays                12/8192         4224/2883584  ( 0.1%) 
LDR lightdata         [variable]     1092076/0        ( 0.0%) 
HDR lightdata         [variable]           0/0        ( 0.0%) 
visdata               [variable]        3995/16777216 ( 0.0%) 
entdata               [variable]        1542/393216   ( 0.4%) 
LDR ambient table      300/65536        1200/262144   ( 0.5%) 
HDR ambient table      300/65536        1200/262144   ( 0.5%) 
LDR leaf ambient       111/65536        3108/1835008  ( 0.2%) 
HDR leaf ambient       300/65536        8400/1835008  ( 0.5%) 
occluders                0/0               0/0        ( 0.0%) 
occluder polygons        0/0               0/0        ( 0.0%) 
occluder vert ind        0/0               0/0        ( 0.0%) 
detail props          [variable]           1/40288    ( 0.0%) 
dtl prp lght          [variable]           1/4        (25.0%) 
HDR dtl prp lght      [variable]           1/4        (25.0%) 
static props          [variable]           1/3232     ( 0.0%) 
pakfile               [variable]         379/0        ( 0.0%) 
physics               [variable]       16590/4194304  ( 0.4%) 
physics terrain       [variable]        1740/1048576  ( 0.2%) 

Level flags = 0

Total triangle count: 1372
Writing d:\steam\steamapps\sourcemods\entropyzero2-addonworkspace\mapsrc\dd_ch0.bsp
3 seconds elapsed



materialPath: D:\steam\steamapps\sourcemods\entropyzero2-addonworkspace\materials
Loading d:\steam\steamapps\sourcemods\entropyzero2-addonworkspace\mapsrc\dd_ch0.vmf
Patching WVT material: maps/dd_ch0/dev/dev_blendmeasure2_wvt_patch
fixing up env_cubemap materials on brush sides...
0...1...2...3...4...5...6...7...8...9...10**** leaked ****
Entity infodecal (256.00 -864.05 -438.61) leaked!
--- MAP LEAKED ---



4 threads
reading d:\steam\steamapps\sourcemods\entropyzero2-addonworkspace\mapsrc\dd_ch0.bsp
reading d:\steam\steamapps\sourcemods\entropyzero2-addonworkspace\mapsrc\dd_ch0.prt
LoadPortals: couldn't read d:\steam\steamapps\sourcemods\entropyzero2-addonworkspace\mapsrc\dd_ch0.prt



materialPath: D:\steam\steamapps\sourcemods\entropyzero2-addonworkspace\materials
Loading d:\steam\steamapps\sourcemods\entropyzero2-addonworkspace\mapsrc\dd_ch0.vmf
Patching WVT material: maps/dd_ch0/dev/dev_blendmeasure2_wvt_patch
fixing up env_cubemap materials on brush sides...
0...1...2...3...4...5...6...7...8...9...100...1...2...3...4...5...6...7...8...9...10Processing areas...done (0)
Building Faces...done (0)
Chop Details...done (0)
Find Visible Detail Sides...done (0)
Merging details...done (0)
FixTjuncs...
PruneNodes...
WriteBSP...
done (0)
writing d:\steam\steamapps\sourcemods\entropyzero2-addonworkspace\mapsrc\dd_ch0.prt...Building visibility clusters...
done (0)
Finding displacement neighbors...
Finding lightmap sample positions...
Displacement Alpha : 0...1...2...3...4...5...6...7...8...9...10
Building Physics collision data...
done (0) (30693 bytes)
Placing static props...
Error! To use model "models/combine_gate_vehicle.mdl"
      with prop_static, it must be compiled with $staticprop!
Error loading studio model "models/combine_gate_vehicle.mdl"!
Placing detail props : 0...1...2...3...4...5...6...7...8...9...10
Compacting texture/material tables...
Reduced 128 texinfos to 77
Reduced 22 texdatas to 21 (518 bytes to 496)
Writing d:\steam\steamapps\sourcemods\entropyzero2-addonworkspace\mapsrc\dd_ch0.bsp
0 seconds elapsed



4 threads
reading d:\steam\steamapps\sourcemods\entropyzero2-addonworkspace\mapsrc\dd_ch0.bsp
reading d:\steam\steamapps\sourcemods\entropyzero2-addonworkspace\mapsrc\dd_ch0.prt
 111 portalclusters
 262 numportals
0...1...2...3...4...5...6...7...8...9...100...1...2...3...4...5...6...7...8...9...10Optimized: 8 visible clusters (0.08%)
Total clusters visible: 10333
Average clusters visible: 93
Building PAS...
Average clusters audible: 111
visdatasize:4004  compressed from 3552
writing d:\steam\steamapps\sourcemods\entropyzero2-addonworkspace\mapsrc\dd_ch0.bsp
0 seconds elapsed



[Reading texlights from 'lights.rad']
[48 texlights parsed from 'lights.rad']

Loading d:\steam\steamapps\sourcemods\entropyzero2-addonworkspace\mapsrc\dd_ch0.bsp
676 faces
686091 square feet [98797232.00 square inches]
4 Displacements
30252 Square Feet [4356289.00 Square Inches]
676 patches before subdivision
56674 patches after subdivision
0 direct lights
0...1...2...3...4...5...6...7...8...9...100...1...2...3...4...5...6...7...8...9...10transfers 3354743, max 364
transfer lists:  25.6 megs
0...1...2...3...4...5...6...7...8...9...10	Bounce #1 added RGB(0, 0, 0)
Build Patch/Sample Hash Table(s).....Done<0.0161 sec>
0...1...2...3...4...5...6...7...8...9...10FinalLightFace Done
Computing detail prop lighting : 0...1...2...3...4...5...6...7...8...9...10
0 of 0 (0% of) surface lights went in leaf ambient cubes.
0...1...2...3...4...5...6...7...8...9...10Writing leaf ambient...done
Ready to Finish

Object names       Objects/Maxobjs  Memory / Maxmem  Fullness 
------------       ---------------  ---------------  -------- 
models                   1/1024           48/49152    ( 0.1%) 
brushes                 88/8192         1056/98304    ( 1.1%) 
brushsides             672/65536        5376/524288   ( 1.0%) 
planes                 476/65536        9520/1310720  ( 0.7%) 
vertexes               905/65536       10860/786432   ( 1.4%) 
nodes                  302/65536        9664/2097152  ( 0.5%) 
texinfos                77/12288        5544/884736   ( 0.6%) 
texdata                 21/2048          672/65536    ( 1.0%) 
dispinfos                4/0             704/0        ( 0.0%) 
disp_verts             324/0            6480/0        ( 0.0%) 
disp_tris              512/0            1024/0        ( 0.0%) 
disp_lmsamples       69696/0           69696/0        ( 0.0%) 
faces                  676/65536       37856/3670016  ( 1.0%) 
hdr faces                0/65536           0/3670016  ( 0.0%) 
origfaces              239/65536       13384/3670016  ( 0.4%) 
leaves                 304/65536        9728/2097152  ( 0.5%) 
leaffaces              726/65536        1452/131072   ( 1.1%) 
leafbrushes            275/65536         550/131072   ( 0.4%) 
areas                    2/256            16/2048     ( 0.8%) 
surfedges             4117/512000      16468/2048000  ( 0.8%) 
edges                 2267/256000       9068/1024000  ( 0.9%) 
LDR worldlights          0/65536           0/5767168  ( 0.0%) 
HDR worldlights          0/65536           0/5767168  ( 0.0%) 
leafwaterdata            0/32768           0/393216   ( 0.0%) 
waterstrips             74/32768         740/327680   ( 0.2%) 
waterverts               0/65536           0/786432   ( 0.0%) 
waterindices          1179/65536        2358/131072   ( 1.8%) 
cubemapsamples           0/1024            0/16384    ( 0.0%) 
overlays                12/8192         4224/2883584  ( 0.1%) 
LDR lightdata         [variable]     1294584/0        ( 0.0%) 
HDR lightdata         [variable]           0/0        ( 0.0%) 
visdata               [variable]        4004/16777216 ( 0.0%) 
entdata               [variable]        1211/393216   ( 0.3%) 
LDR ambient table      304/65536        1216/262144   ( 0.5%) 
HDR ambient table      304/65536        1216/262144   ( 0.5%) 
LDR leaf ambient       111/65536        3108/1835008  ( 0.2%) 
HDR leaf ambient       304/65536        8512/1835008  ( 0.5%) 
occluders                0/0               0/0        ( 0.0%) 
occluder polygons        0/0               0/0        ( 0.0%) 
occluder vert ind        0/0               0/0        ( 0.0%) 
detail props          [variable]           1/40288    ( 0.0%) 
dtl prp lght          [variable]           1/4        (25.0%) 
HDR dtl prp lght      [variable]           1/4        (25.0%) 
static props          [variable]           1/3822     ( 0.0%) 
pakfile               [variable]         379/0        ( 0.0%) 
physics               [variable]       30693/4194304  ( 0.7%) 
physics terrain       [variable]        1740/1048576  ( 0.2%) 

Level flags = 0

Total triangle count: 1826
Writing d:\steam\steamapps\sourcemods\entropyzero2-addonworkspace\mapsrc\dd_ch0.bsp
4 seconds elapsed



materialPath: D:\steam\steamapps\sourcemods\entropyzero2-addonworkspace\materials
Loading d:\steam\steamapps\sourcemods\entropyzero2-addonworkspace\mapsrc\dd_ch0.vmf
Patching WVT material: maps/dd_ch0/dev/dev_blendmeasure2_wvt_patch
fixing up env_cubemap materials on brush sides...
0...1...2...3...4...5...6...7...8...9...100...1...2...3...4...5...6...7...8...9...10Processing areas...done (0)
Building Faces...done (0)
Chop Details...done (0)
Find Visible Detail Sides...done (0)
Merging details...done (0)
FixTjuncs...
PruneNodes...
WriteBSP...
done (0)
writing d:\steam\steamapps\sourcemods\entropyzero2-addonworkspace\mapsrc\dd_ch0.prt...Building visibility clusters...
done (0)
Finding displacement neighbors...
Finding lightmap sample positions...
Displacement Alpha : 0...1...2...3...4...5...6...7...8...9...10
Building Physics collision data...
done (0) (30693 bytes)
Placing static props...
Error! To use model "models/combine_gate_vehicle.mdl"
      with prop_static, it must be compiled with $staticprop!
Error loading studio model "models/combine_gate_vehicle.mdl"!
Placing detail props : 0...1...2...3...4...5...6...7...8...9...10
Compacting texture/material tables...
Reduced 128 texinfos to 77
Reduced 22 texdatas to 21 (518 bytes to 496)
Writing d:\steam\steamapps\sourcemods\entropyzero2-addonworkspace\mapsrc\dd_ch0.bsp
0 seconds elapsed



4 threads
reading d:\steam\steamapps\sourcemods\entropyzero2-addonworkspace\mapsrc\dd_ch0.bsp
reading d:\steam\steamapps\sourcemods\entropyzero2-addonworkspace\mapsrc\dd_ch0.prt
 111 portalclusters
 262 numportals
0...1...2...3...4...5...6...7...8...9...100...1...2...3...4...5...6...7...8...9...10Optimized: 8 visible clusters (0.08%)
Total clusters visible: 10333
Average clusters visible: 93
Building PAS...
Average clusters audible: 111
visdatasize:4004  compressed from 3552
writing d:\steam\steamapps\sourcemods\entropyzero2-addonworkspace\mapsrc\dd_ch0.bsp
0 seconds elapsed



[Reading texlights from 'lights.rad']
[48 texlights parsed from 'lights.rad']

Loading d:\steam\steamapps\sourcemods\entropyzero2-addonworkspace\mapsrc\dd_ch0.bsp
676 faces
686091 square feet [98797232.00 square inches]
4 Displacements
30252 Square Feet [4356289.00 Square Inches]
676 patches before subdivision
56674 patches after subdivision
0 direct lights
0...1...2...3...4...5...6...7...8...9...100...1...2...3...4...5...6...7...8...9...10transfers 3354743, max 364
transfer lists:  25.6 megs
0...1...2...3...4...5...6...7...8...9...10	Bounce #1 added RGB(0, 0, 0)
Build Patch/Sample Hash Table(s).....Done<0.0194 sec>
0...1...2...3...4...5...6...7...8...9...10FinalLightFace Done
Computing detail prop lighting : 0...1...2...3...4...5...6...7...8...9...10
0 of 0 (0% of) surface lights went in leaf ambient cubes.
0...1...2...3...4...5...6...7...8...9...10Writing leaf ambient...done
Ready to Finish

Object names       Objects/Maxobjs  Memory / Maxmem  Fullness 
------------       ---------------  ---------------  -------- 
models                   1/1024           48/49152    ( 0.1%) 
brushes                 88/8192         1056/98304    ( 1.1%) 
brushsides             672/65536        5376/524288   ( 1.0%) 
planes                 476/65536        9520/1310720  ( 0.7%) 
vertexes               905/65536       10860/786432   ( 1.4%) 
nodes                  302/65536        9664/2097152  ( 0.5%) 
texinfos                77/12288        5544/884736   ( 0.6%) 
texdata                 21/2048          672/65536    ( 1.0%) 
dispinfos                4/0             704/0        ( 0.0%) 
disp_verts             324/0            6480/0        ( 0.0%) 
disp_tris              512/0            1024/0        ( 0.0%) 
disp_lmsamples       69696/0           69696/0        ( 0.0%) 
faces                  676/65536       37856/3670016  ( 1.0%) 
hdr faces                0/65536           0/3670016  ( 0.0%) 
origfaces              239/65536       13384/3670016  ( 0.4%) 
leaves                 304/65536        9728/2097152  ( 0.5%) 
leaffaces              726/65536        1452/131072   ( 1.1%) 
leafbrushes            275/65536         550/131072   ( 0.4%) 
areas                    2/256            16/2048     ( 0.8%) 
surfedges             4117/512000      16468/2048000  ( 0.8%) 
edges                 2267/256000       9068/1024000  ( 0.9%) 
LDR worldlights          0/65536           0/5767168  ( 0.0%) 
HDR worldlights          0/65536           0/5767168  ( 0.0%) 
leafwaterdata            0/32768           0/393216   ( 0.0%) 
waterstrips             74/32768         740/327680   ( 0.2%) 
waterverts               0/65536           0/786432   ( 0.0%) 
waterindices          1179/65536        2358/131072   ( 1.8%) 
cubemapsamples           0/1024            0/16384    ( 0.0%) 
overlays                12/8192         4224/2883584  ( 0.1%) 
LDR lightdata         [variable]     1294584/0        ( 0.0%) 
HDR lightdata         [variable]           0/0        ( 0.0%) 
visdata               [variable]        4004/16777216 ( 0.0%) 
entdata               [variable]        1211/393216   ( 0.3%) 
LDR ambient table      304/65536        1216/262144   ( 0.5%) 
HDR ambient table      304/65536        1216/262144   ( 0.5%) 
LDR leaf ambient       111/65536        3108/1835008  ( 0.2%) 
HDR leaf ambient       304/65536        8512/1835008  ( 0.5%) 
occluders                0/0               0/0        ( 0.0%) 
occluder polygons        0/0               0/0        ( 0.0%) 
occluder vert ind        0/0               0/0        ( 0.0%) 
detail props          [variable]           1/40288    ( 0.0%) 
dtl prp lght          [variable]           1/4        (25.0%) 
HDR dtl prp lght      [variable]           1/4        (25.0%) 
static props          [variable]           1/3822     ( 0.0%) 
pakfile               [variable]         379/0        ( 0.0%) 
physics               [variable]       30693/4194304  ( 0.7%) 
physics terrain       [variable]        1740/1048576  ( 0.2%) 

Level flags = 0

Total triangle count: 1826
Writing d:\steam\steamapps\sourcemods\entropyzero2-addonworkspace\mapsrc\dd_ch0.bsp
5 seconds elapsed



materialPath: D:\steam\steamapps\sourcemods\entropyzero2-addonworkspace\materials
Loading d:\steam\steamapps\sourcemods\entropyzero2-addonworkspace\mapsrc\dd_ch0.vmf
Patching WVT material: maps/dd_ch0/dev/dev_blendmeasure2_wvt_patch
fixing up env_cubemap materials on brush sides...
0...1...2...3...4...5...6...7...8...9...100...1...2...3...4...5...6...7...8...9...10Processing areas...done (0)
Building Faces...done (0)
Chop Details...done (0)
Find Visible Detail Sides...done (0)
Merging details...done (0)
FixTjuncs...
PruneNodes...
WriteBSP...
done (0)
writing d:\steam\steamapps\sourcemods\entropyzero2-addonworkspace\mapsrc\dd_ch0.prt...Building visibility clusters...
done (0)
Finding displacement neighbors...
Finding lightmap sample positions...
Displacement Alpha : 0...1...2...3...4...5...6...7...8...9...10
Building Physics collision data...
done (0) (30693 bytes)
Placing static props...
Error! To use model "models/combine_gate_vehicle.mdl"
      with prop_static, it must be compiled with $staticprop!
Error loading studio model "models/combine_gate_vehicle.mdl"!
Placing detail props : 0...1...2...3...4...5...6...7...8...9...10
Compacting texture/material tables...
Reduced 128 texinfos to 77
Reduced 22 texdatas to 21 (518 bytes to 496)
Writing d:\steam\steamapps\sourcemods\entropyzero2-addonworkspace\mapsrc\dd_ch0.bsp
0 seconds elapsed



4 threads
reading d:\steam\steamapps\sourcemods\entropyzero2-addonworkspace\mapsrc\dd_ch0.bsp
reading d:\steam\steamapps\sourcemods\entropyzero2-addonworkspace\mapsrc\dd_ch0.prt
 111 portalclusters
 262 numportals
0...1...2...3...4...5...6...7...8...9...100...1...2...3...4...5...6...7...8...9...10Optimized: 8 visible clusters (0.08%)
Total clusters visible: 10333
Average clusters visible: 93
Building PAS...
Average clusters audible: 111
visdatasize:4004  compressed from 3552
writing d:\steam\steamapps\sourcemods\entropyzero2-addonworkspace\mapsrc\dd_ch0.bsp
0 seconds elapsed



[Reading texlights from 'lights.rad']
[48 texlights parsed from 'lights.rad']

Loading d:\steam\steamapps\sourcemods\entropyzero2-addonworkspace\mapsrc\dd_ch0.bsp
676 faces
686091 square feet [98797232.00 square inches]
4 Displacements
30252 Square Feet [4356289.00 Square Inches]
676 patches before subdivision
56674 patches after subdivision
0 direct lights
0...1...2...3...4...5...6...7...8...9...100...1...2...3...4...5...6...7...8...9...10transfers 3354743, max 364
transfer lists:  25.6 megs
0...1...2...3...4...5...6...7...8...9...10	Bounce #1 added RGB(0, 0, 0)
Build Patch/Sample Hash Table(s).....Done<0.0095 sec>
0...1...2...3...4...5...6...7...8...9...10FinalLightFace Done
Computing detail prop lighting : 0...1...2...3...4...5...6...7...8...9...10
0 of 0 (0% of) surface lights went in leaf ambient cubes.
0...1...2...3...4...5...6...7...8...9...10Writing leaf ambient...done
Ready to Finish

Object names       Objects/Maxobjs  Memory / Maxmem  Fullness 
------------       ---------------  ---------------  -------- 
models                   1/1024           48/49152    ( 0.1%) 
brushes                 88/8192         1056/98304    ( 1.1%) 
brushsides             672/65536        5376/524288   ( 1.0%) 
planes                 476/65536        9520/1310720  ( 0.7%) 
vertexes               905/65536       10860/786432   ( 1.4%) 
nodes                  302/65536        9664/2097152  ( 0.5%) 
texinfos                77/12288        5544/884736   ( 0.6%) 
texdata                 21/2048          672/65536    ( 1.0%) 
dispinfos                4/0             704/0        ( 0.0%) 
disp_verts             324/0            6480/0        ( 0.0%) 
disp_tris              512/0            1024/0        ( 0.0%) 
disp_lmsamples       69696/0           69696/0        ( 0.0%) 
faces                  676/65536       37856/3670016  ( 1.0%) 
hdr faces                0/65536           0/3670016  ( 0.0%) 
origfaces              239/65536       13384/3670016  ( 0.4%) 
leaves                 304/65536        9728/2097152  ( 0.5%) 
leaffaces              726/65536        1452/131072   ( 1.1%) 
leafbrushes            275/65536         550/131072   ( 0.4%) 
areas                    2/256            16/2048     ( 0.8%) 
surfedges             4117/512000      16468/2048000  ( 0.8%) 
edges                 2267/256000       9068/1024000  ( 0.9%) 
LDR worldlights          0/65536           0/5767168  ( 0.0%) 
HDR worldlights          0/65536           0/5767168  ( 0.0%) 
leafwaterdata            0/32768           0/393216   ( 0.0%) 
waterstrips             74/32768         740/327680   ( 0.2%) 
waterverts               0/65536           0/786432   ( 0.0%) 
waterindices          1179/65536        2358/131072   ( 1.8%) 
cubemapsamples           0/1024            0/16384    ( 0.0%) 
overlays                12/8192         4224/2883584  ( 0.1%) 
LDR lightdata         [variable]     1294584/0        ( 0.0%) 
HDR lightdata         [variable]           0/0        ( 0.0%) 
visdata               [variable]        4004/16777216 ( 0.0%) 
entdata               [variable]        1308/393216   ( 0.3%) 
LDR ambient table      304/65536        1216/262144   ( 0.5%) 
HDR ambient table      304/65536        1216/262144   ( 0.5%) 
LDR leaf ambient       111/65536        3108/1835008  ( 0.2%) 
HDR leaf ambient       304/65536        8512/1835008  ( 0.5%) 
occluders                0/0               0/0        ( 0.0%) 
occluder polygons        0/0               0/0        ( 0.0%) 
occluder vert ind        0/0               0/0        ( 0.0%) 
detail props          [variable]           1/40288    ( 0.0%) 
dtl prp lght          [variable]           1/4        (25.0%) 
HDR dtl prp lght      [variable]           1/4        (25.0%) 
static props          [variable]           1/3822     ( 0.0%) 
pakfile               [variable]         379/0        ( 0.0%) 
physics               [variable]       30693/4194304  ( 0.7%) 
physics terrain       [variable]        1740/1048576  ( 0.2%) 

Level flags = 0

Total triangle count: 1826
Writing d:\steam\steamapps\sourcemods\entropyzero2-addonworkspace\mapsrc\dd_ch0.bsp
3 seconds elapsed



materialPath: D:\steam\steamapps\sourcemods\entropyzero2-addonworkspace\materials
Loading d:\steam\steamapps\sourcemods\entropyzero2-addonworkspace\mapsrc\dd_ch0.vmf
Patching WVT material: maps/dd_ch0/dev/dev_blendmeasure2_wvt_patch
fixing up env_cubemap materials on brush sides...
0...1...2...3...4...5...6...7...8...9...100...1...2...3...4...5...6...7...8...9...10Processing areas...done (0)
Building Faces...done (0)
Chop Details...done (0)
Find Visible Detail Sides...done (0)
Merging details...done (0)
FixTjuncs...
PruneNodes...
WriteBSP...
done (0)
writing d:\steam\steamapps\sourcemods\entropyzero2-addonworkspace\mapsrc\dd_ch0.prt...Building visibility clusters...
done (0)
Finding displacement neighbors...
Finding lightmap sample positions...
Displacement Alpha : 0...1...2...3...4...5...6...7...8...9...10
Building Physics collision data...
done (0) (44031 bytes)
Placing static props...
Error! To use model "models/combine_gate_vehicle.mdl"
      with prop_static, it must be compiled with $staticprop!
Error loading studio model "models/combine_gate_vehicle.mdl"!
Error! To use model "models/combine_gate_citizen.mdl"
      with prop_static, it must be compiled with $staticprop!
Error loading studio model "models/combine_gate_citizen.mdl"!
Placing detail props : 0...1...2...3...4...5...6...7...8...9...10
Compacting texture/material tables...
Reduced 176 texinfos to 103
Reduced 31 texdatas to 28 (766 bytes to 658)
Writing d:\steam\steamapps\sourcemods\entropyzero2-addonworkspace\mapsrc\dd_ch0.bsp
2 seconds elapsed



4 threads
reading d:\steam\steamapps\sourcemods\entropyzero2-addonworkspace\mapsrc\dd_ch0.bsp
reading d:\steam\steamapps\sourcemods\entropyzero2-addonworkspace\mapsrc\dd_ch0.prt
 156 portalclusters
 427 numportals
0...1...2...3...4...5...6...7...8...9...100...1...2...3...4...5...6...7...8...9...10Optimized: 56 visible clusters (0.32%)
Total clusters visible: 17524
Average clusters visible: 112
Building PAS...
Average clusters audible: 156
visdatasize:7651  compressed from 7488
writing d:\steam\steamapps\sourcemods\entropyzero2-addonworkspace\mapsrc\dd_ch0.bsp
0 seconds elapsed



[Reading texlights from 'lights.rad']
[48 texlights parsed from 'lights.rad']

Loading d:\steam\steamapps\sourcemods\entropyzero2-addonworkspace\mapsrc\dd_ch0.bsp
813 faces
692639 square feet [99740064.00 square inches]
4 Displacements
30252 Square Feet [4356289.00 Square Inches]
813 patches before subdivision
56719 patches after subdivision
0 direct lights
0...1...2...3...4...5...6...7...8...9...100...1...2...3...4...5...6...7...8...9...10transfers 3345824, max 371
transfer lists:  25.5 megs
0...1...2...3...4...5...6...7...8...9...10	Bounce #1 added RGB(0, 0, 0)
Build Patch/Sample Hash Table(s).....Done<0.0211 sec>
0...1...2...3...4...5...6...7...8...9...10FinalLightFace Done
Computing detail prop lighting : 0...1...2...3...4...5...6...7...8...9...10
0 of 0 (0% of) surface lights went in leaf ambient cubes.
0...1...2...3...4...5...6...7...8...9...10Writing leaf ambient...done
Ready to Finish

Object names       Objects/Maxobjs  Memory / Maxmem  Fullness 
------------       ---------------  ---------------  -------- 
models                   1/1024           48/49152    ( 0.1%) 
brushes                132/8192         1584/98304    ( 1.6%) 
brushsides            1027/65536        8216/524288   ( 1.6%) 
planes                 536/65536       10720/1310720  ( 0.8%) 
vertexes              1101/65536       13212/786432   ( 1.7%) 
nodes                  368/65536       11776/2097152  ( 0.6%) 
texinfos               103/12288        7416/884736   ( 0.8%) 
texdata                 28/2048          896/65536    ( 1.4%) 
dispinfos                4/0             704/0        ( 0.0%) 
disp_verts             324/0            6480/0        ( 0.0%) 
disp_tris              512/0            1024/0        ( 0.0%) 
disp_lmsamples       69696/0           69696/0        ( 0.0%) 
faces                  813/65536       45528/3670016  ( 1.2%) 
hdr faces                0/65536           0/3670016  ( 0.0%) 
origfaces              325/65536       18200/3670016  ( 0.5%) 
leaves                 370/65536       11840/2097152  ( 0.6%) 
leaffaces             1014/65536        2028/131072   ( 1.5%) 
leafbrushes            507/65536        1014/131072   ( 0.8%) 
areas                    2/256            16/2048     ( 0.8%) 
surfedges             5250/512000      21000/2048000  ( 1.0%) 
edges                 2926/256000      11704/1024000  ( 1.1%) 
LDR worldlights          0/65536           0/5767168  ( 0.0%) 
HDR worldlights          0/65536           0/5767168  ( 0.0%) 
leafwaterdata            0/32768           0/393216   ( 0.0%) 
waterstrips            118/32768        1180/327680   ( 0.4%) 
waterverts               0/65536           0/786432   ( 0.0%) 
waterindices          1989/65536        3978/131072   ( 3.0%) 
cubemapsamples           0/1024            0/16384    ( 0.0%) 
overlays                13/8192         4576/2883584  ( 0.2%) 
LDR lightdata         [variable]     1361292/0        ( 0.0%) 
HDR lightdata         [variable]           0/0        ( 0.0%) 
visdata               [variable]        7651/16777216 ( 0.0%) 
entdata               [variable]        1555/393216   ( 0.4%) 
LDR ambient table      370/65536        1480/262144   ( 0.6%) 
HDR ambient table      370/65536        1480/262144   ( 0.6%) 
LDR leaf ambient       156/65536        4368/1835008  ( 0.2%) 
HDR leaf ambient       370/65536       10360/1835008  ( 0.6%) 
occluders                0/0               0/0        ( 0.0%) 
occluder polygons        0/0               0/0        ( 0.0%) 
occluder vert ind        0/0               0/0        ( 0.0%) 
detail props          [variable]           1/40288    ( 0.0%) 
dtl prp lght          [variable]           1/4        (25.0%) 
HDR dtl prp lght      [variable]           1/4        (25.0%) 
static props          [variable]           1/4238     ( 0.0%) 
pakfile               [variable]        1001/0        ( 0.0%) 
physics               [variable]       44031/4194304  ( 1.0%) 
physics terrain       [variable]        1740/1048576  ( 0.2%) 

Level flags = 0

Total triangle count: 2366
Writing d:\steam\steamapps\sourcemods\entropyzero2-addonworkspace\mapsrc\dd_ch0.bsp
7 seconds elapsed



materialPath: D:\steam\steamapps\sourcemods\entropyzero2-addonworkspace\materials
Loading d:\steam\steamapps\sourcemods\entropyzero2-addonworkspace\mapsrc\dd_ch0.vmf
Patching WVT material: maps/dd_ch0/dev/dev_blendmeasure2_wvt_patch
fixing up env_cubemap materials on brush sides...
0...1...2...3...4...5...6...7...8...9...100...1...2...3...4...5...6...7...8...9...10Processing areas...done (0)
Building Faces...done (0)
Chop Details...done (0)
Find Visible Detail Sides...done (0)
Merging details...done (0)
FixTjuncs...
PruneNodes...
WriteBSP...
done (0)
writing d:\steam\steamapps\sourcemods\entropyzero2-addonworkspace\mapsrc\dd_ch0.prt...Building visibility clusters...
done (0)
Finding displacement neighbors...
Finding lightmap sample positions...
Displacement Alpha : 0...1...2...3...4...5...6...7...8...9...10
Building Physics collision data...
done (0) (44031 bytes)
Placing static props...
Error! To use model "models/combine_gate_vehicle.mdl"
      with prop_static, it must be compiled with $staticprop!
Error loading studio model "models/combine_gate_vehicle.mdl"!
Placing detail props : 0...1...2...3...4...5...6...7...8...9...10
Compacting texture/material tables...
Reduced 176 texinfos to 103
Reduced 31 texdatas to 28 (766 bytes to 658)
Writing d:\steam\steamapps\sourcemods\entropyzero2-addonworkspace\mapsrc\dd_ch0.bsp
0 seconds elapsed



4 threads
reading d:\steam\steamapps\sourcemods\entropyzero2-addonworkspace\mapsrc\dd_ch0.bsp
reading d:\steam\steamapps\sourcemods\entropyzero2-addonworkspace\mapsrc\dd_ch0.prt
 156 portalclusters
 427 numportals
0...1...2...3...4...5...6...7...8...9...100...1...2...3...4...5...6...7...8...9...10Optimized: 56 visible clusters (0.32%)
Total clusters visible: 17524
Average clusters visible: 112
Building PAS...
Average clusters audible: 156
visdatasize:7651  compressed from 7488
writing d:\steam\steamapps\sourcemods\entropyzero2-addonworkspace\mapsrc\dd_ch0.bsp
0 seconds elapsed



[Reading texlights from 'lights.rad']
[48 texlights parsed from 'lights.rad']

Loading d:\steam\steamapps\sourcemods\entropyzero2-addonworkspace\mapsrc\dd_ch0.bsp
813 faces
692639 square feet [99740064.00 square inches]
4 Displacements
30252 Square Feet [4356289.00 Square Inches]
813 patches before subdivision
56719 patches after subdivision
1 direct lights
0...1...2...3...4...5...6...7...8...9...100...1...2...3...4...5...6...7...8...9...10transfers 3345754, max 371
transfer lists:  25.5 megs
0...1...2...3...4...5...6...7...8...9...10	Bounce #1 added RGB(320, 273, 353)
0...1...2...3...4...5...6...7...8...9...10	Bounce #2 added RGB(21, 15, 17)
0...1...2...3...4...5...6...7...8...9...10	Bounce #3 added RGB(2, 1, 1)
0...1...2...3...4...5...6...7...8...9...10	Bounce #4 added RGB(0, 0, 0)
Build Patch/Sample Hash Table(s).....Done<0.0139 sec>
0...1...2...3...4...5...6...7...8...9...10FinalLightFace Done
Computing detail prop lighting : 0...1...2...3...4...5...6...7...8...9...10
0 of 0 (0% of) surface lights went in leaf ambient cubes.
0...1...2...3...4...5...6...7...8...9...10Writing leaf ambient...done
Ready to Finish

Object names       Objects/Maxobjs  Memory / Maxmem  Fullness 
------------       ---------------  ---------------  -------- 
models                   1/1024           48/49152    ( 0.1%) 
brushes                132/8192         1584/98304    ( 1.6%) 
brushsides            1027/65536        8216/524288   ( 1.6%) 
planes                 536/65536       10720/1310720  ( 0.8%) 
vertexes              1101/65536       13212/786432   ( 1.7%) 
nodes                  368/65536       11776/2097152  ( 0.6%) 
texinfos               103/12288        7416/884736   ( 0.8%) 
texdata                 28/2048          896/65536    ( 1.4%) 
dispinfos                4/0             704/0        ( 0.0%) 
disp_verts             324/0            6480/0        ( 0.0%) 
disp_tris              512/0            1024/0        ( 0.0%) 
disp_lmsamples       69696/0           69696/0        ( 0.0%) 
faces                  813/65536       45528/3670016  ( 1.2%) 
hdr faces                0/65536           0/3670016  ( 0.0%) 
origfaces              325/65536       18200/3670016  ( 0.5%) 
leaves                 370/65536       11840/2097152  ( 0.6%) 
leaffaces             1014/65536        2028/131072   ( 1.5%) 
leafbrushes            507/65536        1014/131072   ( 0.8%) 
areas                    2/256            16/2048     ( 0.8%) 
surfedges             5250/512000      21000/2048000  ( 1.0%) 
edges                 2926/256000      11704/1024000  ( 1.1%) 
LDR worldlights          1/65536          88/5767168  ( 0.0%) 
HDR worldlights          0/65536           0/5767168  ( 0.0%) 
leafwaterdata            0/32768           0/393216   ( 0.0%) 
waterstrips            118/32768        1180/327680   ( 0.4%) 
waterverts               0/65536           0/786432   ( 0.0%) 
waterindices          1989/65536        3978/131072   ( 3.0%) 
cubemapsamples           0/1024            0/16384    ( 0.0%) 
overlays                13/8192         4576/2883584  ( 0.2%) 
LDR lightdata         [variable]     1361292/0        ( 0.0%) 
HDR lightdata         [variable]           0/0        ( 0.0%) 
visdata               [variable]        7651/16777216 ( 0.0%) 
entdata               [variable]        3637/393216   ( 0.9%) 
LDR ambient table      370/65536        1480/262144   ( 0.6%) 
HDR ambient table      370/65536        1480/262144   ( 0.6%) 
LDR leaf ambient       309/65536        8652/1835008  ( 0.5%) 
HDR leaf ambient       370/65536       10360/1835008  ( 0.6%) 
occluders                0/0               0/0        ( 0.0%) 
occluder polygons        0/0               0/0        ( 0.0%) 
occluder vert ind        0/0               0/0        ( 0.0%) 
detail props          [variable]           1/40288    ( 0.0%) 
dtl prp lght          [variable]           1/4        (25.0%) 
HDR dtl prp lght      [variable]           1/4        (25.0%) 
static props          [variable]           1/4432     ( 0.0%) 
pakfile               [variable]        1001/0        ( 0.0%) 
physics               [variable]       44031/4194304  ( 1.0%) 
physics terrain       [variable]        1740/1048576  ( 0.2%) 

Level flags = 0

Total triangle count: 2366
Writing d:\steam\steamapps\sourcemods\entropyzero2-addonworkspace\mapsrc\dd_ch0.bsp
4 seconds elapsed



materialPath: D:\steam\steamapps\sourcemods\entropyzero2-addonworkspace\materials
Loading d:\steam\steamapps\sourcemods\entropyzero2-addonworkspace\mapsrc\dd_ch0.vmf
Patching WVT material: maps/dd_ch0/dev/dev_blendmeasure2_wvt_patch
fixing up env_cubemap materials on brush sides...
0...1...2...3...4...5...6...7...8...9...100...1...2...3...4...5...6...7...8...9...10Processing areas...done (0)
Building Faces...done (0)
Chop Details...done (0)
Find Visible Detail Sides...done (0)
Merging details...done (0)
FixTjuncs...
PruneNodes...
WriteBSP...
done (0)
writing d:\steam\steamapps\sourcemods\entropyzero2-addonworkspace\mapsrc\dd_ch0.prt...Building visibility clusters...
done (0)
Finding displacement neighbors...
Finding lightmap sample positions...
Displacement Alpha : 0...1...2...3...4...5...6...7...8...9...10
Building Physics collision data...
done (0) (44031 bytes)
Placing static props...
Error! To use model "models/combine_gate_vehicle.mdl"
      with prop_static, it must be compiled with $staticprop!
Error loading studio model "models/combine_gate_vehicle.mdl"!
Placing detail props : 0...1...2...3...4...5...6...7...8...9...10
Compacting texture/material tables...
Reduced 176 texinfos to 103
Reduced 31 texdatas to 28 (766 bytes to 658)
Writing d:\steam\steamapps\sourcemods\entropyzero2-addonworkspace\mapsrc\dd_ch0.bsp
0 seconds elapsed



4 threads
reading d:\steam\steamapps\sourcemods\entropyzero2-addonworkspace\mapsrc\dd_ch0.bsp
reading d:\steam\steamapps\sourcemods\entropyzero2-addonworkspace\mapsrc\dd_ch0.prt
 156 portalclusters
 427 numportals
0...1...2...3...4...5...6...7...8...9...100...1...2...3...4...5...6...7...8...9...10Optimized: 56 visible clusters (0.32%)
Total clusters visible: 17524
Average clusters visible: 112
Building PAS...
Average clusters audible: 156
visdatasize:7651  compressed from 7488
writing d:\steam\steamapps\sourcemods\entropyzero2-addonworkspace\mapsrc\dd_ch0.bsp
0 seconds elapsed



[Reading texlights from 'lights.rad']
[48 texlights parsed from 'lights.rad']

Loading d:\steam\steamapps\sourcemods\entropyzero2-addonworkspace\mapsrc\dd_ch0.bsp
813 faces
692639 square feet [99740064.00 square inches]
4 Displacements
30252 Square Feet [4356289.00 Square Inches]
813 patches before subdivision
56719 patches after subdivision
3 direct lights
0...1...2...3...4...5...6...7...8...9...100...1...2...3...4...5...6...7...8...9...10transfers 3345754, max 371
transfer lists:  25.5 megs
0...1...2...3...4...5...6...7...8...9...10	Bounce #1 added RGB(31276, 30994, 30327)
0...1...2...3...4...5...6...7...8...9...10	Bounce #2 added RGB(3939, 3879, 3617)
0...1...2...3...4...5...6...7...8...9...10	Bounce #3 added RGB(581, 569, 507)
0...1...2...3...4...5...6...7...8...9...10	Bounce #4 added RGB(92, 90, 77)
0...1...2...3...4...5...6...7...8...9...10	Bounce #5 added RGB(18, 17, 15)
0...1...2...3...4...5...6...7...8...9...10	Bounce #6 added RGB(3, 3, 2)
0...1...2...3...4...5...6...7...8...9...10	Bounce #7 added RGB(1, 1, 1)
Build Patch/Sample Hash Table(s).....Done<0.0179 sec>
0...1...2...3...4...5...6...7...8...9...10FinalLightFace Done
Computing detail prop lighting : 0...1...2...3...4...5...6...7...8...9...10
0 of 0 (0% of) surface lights went in leaf ambient cubes.
0...1...2...3...4...5...6...7...8...9...10Writing leaf ambient...done
Ready to Finish

Object names       Objects/Maxobjs  Memory / Maxmem  Fullness 
------------       ---------------  ---------------  -------- 
models                   1/1024           48/49152    ( 0.1%) 
brushes                132/8192         1584/98304    ( 1.6%) 
brushsides            1027/65536        8216/524288   ( 1.6%) 
planes                 536/65536       10720/1310720  ( 0.8%) 
vertexes              1101/65536       13212/786432   ( 1.7%) 
nodes                  368/65536       11776/2097152  ( 0.6%) 
texinfos               103/12288        7416/884736   ( 0.8%) 
texdata                 28/2048          896/65536    ( 1.4%) 
dispinfos                4/0             704/0        ( 0.0%) 
disp_verts             324/0            6480/0        ( 0.0%) 
disp_tris              512/0            1024/0        ( 0.0%) 
disp_lmsamples       69696/0           69696/0        ( 0.0%) 
faces                  813/65536       45528/3670016  ( 1.2%) 
hdr faces                0/65536           0/3670016  ( 0.0%) 
origfaces              325/65536       18200/3670016  ( 0.5%) 
leaves                 370/65536       11840/2097152  ( 0.6%) 
leaffaces             1014/65536        2028/131072   ( 1.5%) 
leafbrushes            507/65536        1014/131072   ( 0.8%) 
areas                    2/256            16/2048     ( 0.8%) 
surfedges             5250/512000      21000/2048000  ( 1.0%) 
edges                 2926/256000      11704/1024000  ( 1.1%) 
LDR worldlights          3/65536         264/5767168  ( 0.0%) 
HDR worldlights          0/65536           0/5767168  ( 0.0%) 
leafwaterdata            0/32768           0/393216   ( 0.0%) 
waterstrips            118/32768        1180/327680   ( 0.4%) 
waterverts               0/65536           0/786432   ( 0.0%) 
waterindices          1989/65536        3978/131072   ( 3.0%) 
cubemapsamples           0/1024            0/16384    ( 0.0%) 
overlays                13/8192         4576/2883584  ( 0.2%) 
LDR lightdata         [variable]     1361292/0        ( 0.0%) 
HDR lightdata         [variable]           0/0        ( 0.0%) 
visdata               [variable]        7651/16777216 ( 0.0%) 
entdata               [variable]        3886/393216   ( 1.0%) 
LDR ambient table      370/65536        1480/262144   ( 0.6%) 
HDR ambient table      370/65536        1480/262144   ( 0.6%) 
LDR leaf ambient      1656/65536       46368/1835008  ( 2.5%) 
HDR leaf ambient       370/65536       10360/1835008  ( 0.6%) 
occluders                0/0               0/0        ( 0.0%) 
occluder polygons        0/0               0/0        ( 0.0%) 
occluder vert ind        0/0               0/0        ( 0.0%) 
detail props          [variable]           1/40288    ( 0.0%) 
dtl prp lght          [variable]           1/4        (25.0%) 
HDR dtl prp lght      [variable]           1/4        (25.0%) 
static props          [variable]           1/4432     ( 0.0%) 
pakfile               [variable]        1001/0        ( 0.0%) 
physics               [variable]       44031/4194304  ( 1.0%) 
physics terrain       [variable]        1740/1048576  ( 0.2%) 

Level flags = 0

Total triangle count: 2366
Writing d:\steam\steamapps\sourcemods\entropyzero2-addonworkspace\mapsrc\dd_ch0.bsp
7 seconds elapsed



materialPath: D:\steam\steamapps\sourcemods\entropyzero2-addonworkspace\materials
Loading d:\steam\steamapps\sourcemods\entropyzero2-addonworkspace\mapsrc\dd_ch0.vmf
Patching WVT material: maps/dd_ch0/dev/dev_blendmeasure2_wvt_patch
fixing up env_cubemap materials on brush sides...
0...1...2...3...4...5...6...7...8...9...100...1...2...3...4...5...6...7...8...9...10Processing areas...done (0)
Building Faces...done (0)
Chop Details...done (0)
Find Visible Detail Sides...
Merged 8 detail faces...done (0)
Merging details...done (0)
FixTjuncs...
PruneNodes...
WriteBSP...
done (0)
writing d:\steam\steamapps\sourcemods\entropyzero2-addonworkspace\mapsrc\dd_ch0.prt...Building visibility clusters...
done (0)
Finding displacement neighbors...
Finding lightmap sample positions...
Displacement Alpha : 0...1...2...3...4...5...6...7...8...9...10
Building Physics collision data...
done (0) (49712 bytes)
Placing static props...
Error! To use model "models/combine_gate_vehicle.mdl"
      with prop_static, it must be compiled with $staticprop!
Error loading studio model "models/combine_gate_vehicle.mdl"!
Placing detail props : 0...1...2...3...4...5...6...7...8...9...10
Compacting texture/material tables...
Reduced 199 texinfos to 122
Reduced 33 texdatas to 30 (822 bytes to 714)
Writing d:\steam\steamapps\sourcemods\entropyzero2-addonworkspace\mapsrc\dd_ch0.bsp
0 seconds elapsed



4 threads
reading d:\steam\steamapps\sourcemods\entropyzero2-addonworkspace\mapsrc\dd_ch0.bsp
reading d:\steam\steamapps\sourcemods\entropyzero2-addonworkspace\mapsrc\dd_ch0.prt
 166 portalclusters
 427 numportals
0...1...2...3...4...5...6...7...8...9...100...1...2...3...4...5...6...7...8...9...10Optimized: 51 visible clusters (0.27%)
Total clusters visible: 18761
Average clusters visible: 113
Building PAS...
Average clusters audible: 166
visdatasize:8412  compressed from 7968
writing d:\steam\steamapps\sourcemods\entropyzero2-addonworkspace\mapsrc\dd_ch0.bsp
0 seconds elapsed



[Reading texlights from 'lights.rad']
[48 texlights parsed from 'lights.rad']

Loading d:\steam\steamapps\sourcemods\entropyzero2-addonworkspace\mapsrc\dd_ch0.bsp
901 faces
693645 square feet [99884920.00 square inches]
4 Displacements
30252 Square Feet [4356289.00 Square Inches]
901 patches before subdivision
57081 patches after subdivision
3 direct lights
0...1...2...3...4...5...6...7...8...9...100...1...2...3...4...5...6...7...8...9...10transfers 3476624, max 400
transfer lists:  26.5 megs
0...1...2...3...4...5...6...7...8...9...10	Bounce #1 added RGB(31466, 31162, 30522)
0...1...2...3...4...5...6...7...8...9...10	Bounce #2 added RGB(3948, 3887, 3626)
0...1...2...3...4...5...6...7...8...9...10	Bounce #3 added RGB(581, 570, 507)
0...1...2...3...4...5...6...7...8...9...10	Bounce #4 added RGB(92, 90, 77)
0...1...2...3...4...5...6...7...8...9...10	Bounce #5 added RGB(18, 17, 15)
0...1...2...3...4...5...6...7...8...9...10	Bounce #6 added RGB(3, 3, 2)
0...1...2...3...4...5...6...7...8...9...10	Bounce #7 added RGB(1, 1, 1)
Build Patch/Sample Hash Table(s).....Done<0.0258 sec>
0...1...2...3...4...5...6...7...8...9...10FinalLightFace Done
Computing detail prop lighting : 0...1...2...3...4...5...6...7...8...9...10
0 of 0 (0% of) surface lights went in leaf ambient cubes.
0...1...2...3...4...5...6...7...8...9...10Writing leaf ambient...done
Ready to Finish

Object names       Objects/Maxobjs  Memory / Maxmem  Fullness 
------------       ---------------  ---------------  -------- 
models                   1/1024           48/49152    ( 0.1%) 
brushes                148/8192         1776/98304    ( 1.8%) 
brushsides            1131/65536        9048/524288   ( 1.7%) 
planes                 568/65536       11360/1310720  ( 0.9%) 
vertexes              1201/65536       14412/786432   ( 1.8%) 
nodes                  391/65536       12512/2097152  ( 0.6%) 
texinfos               122/12288        8784/884736   ( 1.0%) 
texdata                 30/2048          960/65536    ( 1.5%) 
dispinfos                4/0             704/0        ( 0.0%) 
disp_verts             324/0            6480/0        ( 0.0%) 
disp_tris              512/0            1024/0        ( 0.0%) 
disp_lmsamples       69696/0           69696/0        ( 0.0%) 
faces                  901/65536       50456/3670016  ( 1.4%) 
hdr faces                0/65536           0/3670016  ( 0.0%) 
origfaces              381/65536       21336/3670016  ( 0.6%) 
leaves                 393/65536       12576/2097152  ( 0.6%) 
leaffaces             1105/65536        2210/131072   ( 1.7%) 
leafbrushes            541/65536        1082/131072   ( 0.8%) 
areas                    2/256            16/2048     ( 0.8%) 
surfedges             5882/512000      23528/2048000  ( 1.1%) 
edges                 3316/256000      13264/1024000  ( 1.3%) 
LDR worldlights          3/65536         264/5767168  ( 0.0%) 
HDR worldlights          0/65536           0/5767168  ( 0.0%) 
leafwaterdata            0/32768           0/393216   ( 0.0%) 
waterstrips            122/32768        1220/327680   ( 0.4%) 
waterverts               0/65536           0/786432   ( 0.0%) 
waterindices          2067/65536        4134/131072   ( 3.2%) 
cubemapsamples           0/1024            0/16384    ( 0.0%) 
overlays                13/8192         4576/2883584  ( 0.2%) 
LDR lightdata         [variable]     1371124/0        ( 0.0%) 
HDR lightdata         [variable]           0/0        ( 0.0%) 
visdata               [variable]        8412/16777216 ( 0.1%) 
entdata               [variable]        3971/393216   ( 1.0%) 
LDR ambient table      393/65536        1572/262144   ( 0.6%) 
HDR ambient table      393/65536        1572/262144   ( 0.6%) 
LDR leaf ambient      1785/65536       49980/1835008  ( 2.7%) 
HDR leaf ambient       393/65536       11004/1835008  ( 0.6%) 
occluders                0/0               0/0        ( 0.0%) 
occluder polygons        0/0               0/0        ( 0.0%) 
occluder vert ind        0/0               0/0        ( 0.0%) 
detail props          [variable]           1/40288    ( 0.0%) 
dtl prp lght          [variable]           1/4        (25.0%) 
HDR dtl prp lght      [variable]           1/4        (25.0%) 
static props          [variable]           1/4016     ( 0.0%) 
pakfile               [variable]        1001/0        ( 0.0%) 
physics               [variable]       49712/4194304  ( 1.2%) 
physics terrain       [variable]        1740/1048576  ( 0.2%) 

Level flags = 0

Total triangle count: 2599
Writing d:\steam\steamapps\sourcemods\entropyzero2-addonworkspace\mapsrc\dd_ch0.bsp
7 seconds elapsed



materialPath: C:\Program Files (x86)\Steam\steamapps\sourcemods\entropyzero2-addonworkspace\materials
Loading c:\program files (x86)\steam\steamapps\sourcemods\entropyzero2-addonworkspace\mapsrc\dd_ch0.vmf
Patching WVT material: maps/dd_ch0/dev/dev_blendmeasure2_wvt_patch
fixing up env_cubemap materials on brush sides...
0...1...2...3...4...5...6...7...8...9...100...1...2...3...4...5...6...7...8...9...10Processing areas...done (0)
Building Faces...done (0)
Chop Details...done (0)
Find Visible Detail Sides...
Merged 22 detail faces...done (0)
Merging details...done (0)
FixTjuncs...
PruneNodes...
WriteBSP...
done (0)
writing c:\program files (x86)\steam\steamapps\sourcemods\entropyzero2-addonworkspace\mapsrc\dd_ch0.prt...Building visibility clusters...
done (0)
Finding displacement neighbors...
Finding lightmap sample positions...
Displacement Alpha : 0...1...2...3...4...5...6...7...8...9...10
Building Physics collision data...
done (0) (56075 bytes)
Placing static props...
Error! To use model "models/combine_gate_citizen.mdl"
      with prop_static, it must be compiled with $staticprop!
Error loading studio model "models/combine_gate_citizen.mdl"!
Error! To use model "models/combine_gate_vehicle.mdl"
      with prop_static, it must be compiled with $staticprop!
Error loading studio model "models/combine_gate_vehicle.mdl"!
Placing detail props : 0...1...2...3...4...5...6...7...8...9...10
Compacting texture/material tables...
Reduced 193 texinfos to 125
Reduced 34 texdatas to 30 (825 bytes to 707)
Writing c:\program files (x86)\steam\steamapps\sourcemods\entropyzero2-addonworkspace\mapsrc\dd_ch0.bsp
0 seconds elapsed



8 threads
reading c:\program files (x86)\steam\steamapps\sourcemods\entropyzero2-addonworkspace\mapsrc\dd_ch0.bsp
reading c:\program files (x86)\steam\steamapps\sourcemods\entropyzero2-addonworkspace\mapsrc\dd_ch0.prt
 132 portalclusters
 343 numportals
0...1...2...3...4...5...6...7...8...9...100...1...2...3...4...5...6...7...8...9...10Optimized: 18 visible clusters (0.13%)
Total clusters visible: 13676
Average clusters visible: 103
Building PAS...
Average clusters audible: 131
visdatasize:5643  compressed from 6336
writing c:\program files (x86)\steam\steamapps\sourcemods\entropyzero2-addonworkspace\mapsrc\dd_ch0.bsp
0 seconds elapsed



[Reading texlights from 'lights.rad']
[48 texlights parsed from 'lights.rad']

Loading c:\program files (x86)\steam\steamapps\sourcemods\entropyzero2-addonworkspace\mapsrc\dd_ch0.bsp
848 faces
675689 square feet [97299344.00 square inches]
4 Displacements
30252 Square Feet [4356289.00 Square Inches]
848 patches before subdivision
54814 patches after subdivision
2 direct lights
0...1...2...3...4...5...6...7...8...9...100...1...2...3...4...5...6...7...8...9...10transfers 3073336, max 406
transfer lists:  23.4 megs
0...1...2...3...4...5...6...7...8...9...10	Bounce #1 added RGB(31221, 30965, 30178)
0...1...2...3...4...5...6...7...8...9...10	Bounce #2 added RGB(3951, 3889, 3619)
0...1...2...3...4...5...6...7...8...9...10	Bounce #3 added RGB(583, 571, 507)
0...1...2...3...4...5...6...7...8...9...10	Bounce #4 added RGB(93, 90, 77)
0...1...2...3...4...5...6...7...8...9...10	Bounce #5 added RGB(18, 17, 15)
0...1...2...3...4...5...6...7...8...9...10	Bounce #6 added RGB(3, 3, 2)
0...1...2...3...4...5...6...7...8...9...10	Bounce #7 added RGB(1, 1, 1)
Build Patch/Sample Hash Table(s).....Done<0.0144 sec>
0...1...2...3...4...5...6...7...8...9...10FinalLightFace Done
Computing detail prop lighting : 0...1...2...3...4...5...6...7...8...9...10
0 of 0 (0% of) surface lights went in leaf ambient cubes.
0...1...2...3...4...5...6...7...8...9...10Writing leaf ambient...done
Ready to Finish

Object names       Objects/Maxobjs  Memory / Maxmem  Fullness 
------------       ---------------  ---------------  -------- 
models                   1/1024           48/49152    ( 0.1%) 
brushes                167/8192         2004/98304    ( 2.0%) 
brushsides            1301/65536       10408/524288   ( 2.0%) 
planes                 634/65536       12680/1310720  ( 1.0%) 
vertexes              1150/65536       13800/786432   ( 1.8%) 
nodes                  314/65536       10048/2097152  ( 0.5%) 
texinfos               125/12288        9000/884736   ( 1.0%) 
texdata                 30/2048          960/65536    ( 1.5%) 
dispinfos                4/0             704/0        ( 0.0%) 
disp_verts             324/0            6480/0        ( 0.0%) 
disp_tris              512/0            1024/0        ( 0.0%) 
disp_lmsamples       69696/0           69696/0        ( 0.0%) 
faces                  848/65536       47488/3670016  ( 1.3%) 
hdr faces                0/65536           0/3670016  ( 0.0%) 
origfaces              398/65536       22288/3670016  ( 0.6%) 
leaves                 316/65536       10112/2097152  ( 0.5%) 
leaffaces             1071/65536        2142/131072   ( 1.6%) 
leafbrushes            494/65536         988/131072   ( 0.8%) 
areas                    2/256            16/2048     ( 0.8%) 
surfedges             5606/512000      22424/2048000  ( 1.1%) 
edges                 3257/256000      13028/1024000  ( 1.3%) 
LDR worldlights          2/65536         176/5767168  ( 0.0%) 
HDR worldlights          0/65536           0/5767168  ( 0.0%) 
leafwaterdata            0/32768           0/393216   ( 0.0%) 
waterstrips            130/32768        1300/327680   ( 0.4%) 
waterverts               0/65536           0/786432   ( 0.0%) 
waterindices          2124/65536        4248/131072   ( 3.2%) 
cubemapsamples           0/1024            0/16384    ( 0.0%) 
overlays                13/8192         4576/2883584  ( 0.2%) 
LDR lightdata         [variable]     1216084/0        ( 0.0%) 
HDR lightdata         [variable]           0/0        ( 0.0%) 
visdata               [variable]        5643/16777216 ( 0.0%) 
entdata               [variable]        1911/393216   ( 0.5%) 
LDR ambient table      316/65536        1264/262144   ( 0.5%) 
HDR ambient table      316/65536        1264/262144   ( 0.5%) 
LDR leaf ambient      1631/65536       45668/1835008  ( 2.5%) 
HDR leaf ambient       316/65536        8848/1835008  ( 0.5%) 
occluders                0/0               0/0        ( 0.0%) 
occluder polygons        0/0               0/0        ( 0.0%) 
occluder vert ind        0/0               0/0        ( 0.0%) 
detail props          [variable]           1/40288    ( 0.0%) 
dtl prp lght          [variable]           1/4        (25.0%) 
HDR dtl prp lght      [variable]           1/4        (25.0%) 
static props          [variable]           1/4248     ( 0.0%) 
pakfile               [variable]         681/0        ( 0.0%) 
physics               [variable]       56075/4194304  ( 1.3%) 
physics terrain       [variable]        1740/1048576  ( 0.2%) 

Level flags = 0

Total triangle count: 2391
Writing c:\program files (x86)\steam\steamapps\sourcemods\entropyzero2-addonworkspace\mapsrc\dd_ch0.bsp
5 seconds elapsed



materialPath: C:\Program Files (x86)\Steam\steamapps\sourcemods\entropyzero2-addonworkspace\materials
Loading c:\program files (x86)\steam\steamapps\sourcemods\entropyzero2-addonworkspace\mapsrc\dd_ch0.vmf
Patching WVT material: maps/dd_ch0/dev/dev_blendmeasure2_wvt_patch
fixing up env_cubemap materials on brush sides...
0...1...2...3...4...5...6...7...8...9...100...1...2...3...4...5...6...7...8...9...10Processing areas...done (0)
Building Faces...done (0)
Chop Details...done (0)
Find Visible Detail Sides...
Merged 22 detail faces...done (0)
Merging details...done (0)
FixTjuncs...
PruneNodes...
WriteBSP...
done (0)
writing c:\program files (x86)\steam\steamapps\sourcemods\entropyzero2-addonworkspace\mapsrc\dd_ch0.prt...Building visibility clusters...
done (0)
Finding displacement neighbors...
Finding lightmap sample positions...
Displacement Alpha : 0...1...2...3...4...5...6...7...8...9...10
Building Physics collision data...
done (0) (56075 bytes)
Placing static props...
Error! To use model "models/combine_gate_vehicle.mdl"
      with prop_static, it must be compiled with $staticprop!
Error loading studio model "models/combine_gate_vehicle.mdl"!
Placing detail props : 0...1...2...3...4...5...6...7...8...9...10
Compacting texture/material tables...
Reduced 193 texinfos to 125
Reduced 34 texdatas to 30 (825 bytes to 707)
Writing c:\program files (x86)\steam\steamapps\sourcemods\entropyzero2-addonworkspace\mapsrc\dd_ch0.bsp
0 seconds elapsed



8 threads
reading c:\program files (x86)\steam\steamapps\sourcemods\entropyzero2-addonworkspace\mapsrc\dd_ch0.bsp
reading c:\program files (x86)\steam\steamapps\sourcemods\entropyzero2-addonworkspace\mapsrc\dd_ch0.prt
 132 portalclusters
 343 numportals
0...1...2...3...4...5...6...7...8...9...100...1...2...3...4...5...6...7...8...9...10Optimized: 18 visible clusters (0.13%)
Total clusters visible: 13676
Average clusters visible: 103
Building PAS...
Average clusters audible: 131
visdatasize:5643  compressed from 6336
writing c:\program files (x86)\steam\steamapps\sourcemods\entropyzero2-addonworkspace\mapsrc\dd_ch0.bsp
0 seconds elapsed



[Reading texlights from 'lights.rad']
[48 texlights parsed from 'lights.rad']

Loading c:\program files (x86)\steam\steamapps\sourcemods\entropyzero2-addonworkspace\mapsrc\dd_ch0.bsp
848 faces
675689 square feet [97299344.00 square inches]
4 Displacements
30252 Square Feet [4356289.00 Square Inches]
848 patches before subdivision
54814 patches after subdivision
5 direct lights
0...1...2...3...4...5...6...7...8...9...100...1...2...3...4...5...6...7...8...9...10transfers 3072483, max 406
transfer lists:  23.4 megs
0...1...2...3...4...5...6...7...8...9...10	Bounce #1 added RGB(47801, 43972, 37222)
0...1...2...3...4...5...6...7...8...9...10	Bounce #2 added RGB(6794, 5613, 4313)
0...1...2...3...4...5...6...7...8...9...10	Bounce #3 added RGB(1079, 805, 578)
0...1...2...3...4...5...6...7...8...9...10	Bounce #4 added RGB(179, 122, 84)
0...1...2...3...4...5...6...7...8...9...10	Bounce #5 added RGB(33, 22, 15)
0...1...2...3...4...5...6...7...8...9...10	Bounce #6 added RGB(6, 3, 2)
0...1...2...3...4...5...6...7...8...9...10	Bounce #7 added RGB(1, 1, 1)
0...1...2...3...4...5...6...7...8...9...10	Bounce #8 added RGB(0, 0, 0)
Build Patch/Sample Hash Table(s).....Done<0.0185 sec>
0...1...2...3...4...5...6...7...8...9...10FinalLightFace Done
Computing detail prop lighting : 0...1...2...3...4...5...6...7...8...9...10
0 of 0 (0% of) surface lights went in leaf ambient cubes.
0...1...2...3...4...5...6...7...8...9...10Writing leaf ambient...done
Ready to Finish

Object names       Objects/Maxobjs  Memory / Maxmem  Fullness 
------------       ---------------  ---------------  -------- 
models                   1/1024           48/49152    ( 0.1%) 
brushes                167/8192         2004/98304    ( 2.0%) 
brushsides            1301/65536       10408/524288   ( 2.0%) 
planes                 634/65536       12680/1310720  ( 1.0%) 
vertexes              1150/65536       13800/786432   ( 1.8%) 
nodes                  314/65536       10048/2097152  ( 0.5%) 
texinfos               125/12288        9000/884736   ( 1.0%) 
texdata                 30/2048          960/65536    ( 1.5%) 
dispinfos                4/0             704/0        ( 0.0%) 
disp_verts             324/0            6480/0        ( 0.0%) 
disp_tris              512/0            1024/0        ( 0.0%) 
disp_lmsamples       69696/0           69696/0        ( 0.0%) 
faces                  848/65536       47488/3670016  ( 1.3%) 
hdr faces                0/65536           0/3670016  ( 0.0%) 
origfaces              398/65536       22288/3670016  ( 0.6%) 
leaves                 316/65536       10112/2097152  ( 0.5%) 
leaffaces             1071/65536        2142/131072   ( 1.6%) 
leafbrushes            494/65536         988/131072   ( 0.8%) 
areas                    2/256            16/2048     ( 0.8%) 
surfedges             5606/512000      22424/2048000  ( 1.1%) 
edges                 3257/256000      13028/1024000  ( 1.3%) 
LDR worldlights          5/65536         440/5767168  ( 0.0%) 
HDR worldlights          0/65536           0/5767168  ( 0.0%) 
leafwaterdata            0/32768           0/393216   ( 0.0%) 
waterstrips            130/32768        1300/327680   ( 0.4%) 
waterverts               0/65536           0/786432   ( 0.0%) 
waterindices          2124/65536        4248/131072   ( 3.2%) 
cubemapsamples           0/1024            0/16384    ( 0.0%) 
overlays                13/8192         4576/2883584  ( 0.2%) 
LDR lightdata         [variable]     1216084/0        ( 0.0%) 
HDR lightdata         [variable]           0/0        ( 0.0%) 
visdata               [variable]        5643/16777216 ( 0.0%) 
entdata               [variable]        3098/393216   ( 0.8%) 
LDR ambient table      316/65536        1264/262144   ( 0.5%) 
HDR ambient table      316/65536        1264/262144   ( 0.5%) 
LDR leaf ambient      1679/65536       47012/1835008  ( 2.6%) 
HDR leaf ambient       316/65536        8848/1835008  ( 0.5%) 
occluders                0/0               0/0        ( 0.0%) 
occluder polygons        0/0               0/0        ( 0.0%) 
occluder vert ind        0/0               0/0        ( 0.0%) 
detail props          [variable]           1/40288    ( 0.0%) 
dtl prp lght          [variable]           1/4        (25.0%) 
HDR dtl prp lght      [variable]           1/4        (25.0%) 
static props          [variable]           1/4574     ( 0.0%) 
pakfile               [variable]         681/0        ( 0.0%) 
physics               [variable]       56075/4194304  ( 1.3%) 
physics terrain       [variable]        1740/1048576  ( 0.2%) 

Level flags = 0

Total triangle count: 2391
Writing c:\program files (x86)\steam\steamapps\sourcemods\entropyzero2-addonworkspace\mapsrc\dd_ch0.bsp
6 seconds elapsed
