PRT1
136
314
4 0 17 (832 1248 0 ) (720 1248 0 ) (720 1728 0 ) (832 1728 0 ) 
4 1 27 (256 1984 0 ) (272 1984 0 ) (272 1760 0 ) (256 1760 0 ) 
4 1 26 (272 1984 0 ) (544 1984 0 ) (544 1760 0 ) (272 1760 0 ) 
4 1 19 (672 1984 0 ) (704 1984 0 ) (704 1760 0 ) (672 1760 0 ) 
4 1 25 (544 1984 0 ) (672 1984 0 ) (672 1760 0 ) (544 1760 0 ) 
4 1 3 (256 1760 0 ) (704 1760 0 ) (704 1760 128 ) (256 1760 128 ) 
4 2 73 (0 1760 128 ) (0 1984 128 ) (0 1984 0 ) (0 1760 0 ) 
4 2 39 (0 1760 0 ) (0 1824 0 ) (248 1824 0 ) (248 1760 0 ) 
4 2 37 (0 1824 0 ) (0 1920 0 ) (248 1920 0 ) (248 1824 0 ) 
4 2 34 (0 1920 0 ) (0 1984 0 ) (248 1984 0 ) (248 1920 0 ) 
4 3 27 (256 1760 0 ) (272 1760 0 ) (272 1472 0 ) (256 1472 0 ) 
4 3 26 (272 1760 0 ) (544 1760 0 ) (544 1472 0 ) (272 1472 0 ) 
4 3 19 (672 1760 0 ) (704 1760 0 ) (704 1472 0 ) (672 1472 0 ) 
4 3 25 (544 1760 0 ) (672 1760 0 ) (672 1472 0 ) (544 1472 0 ) 
4 3 11 (528 1472 0 ) (544 1472 0 ) (544 1472 128 ) (528 1472 128 ) 
4 3 6 (544 1472 0 ) (704 1472 0 ) (704 1472 128 ) (544 1472 128 ) 
4 3 4 (256 1744 0 ) (256 1728 0 ) (256 1728 128 ) (256 1744 128 ) 
4 3 5 (256 1728 0 ) (256 1472 0 ) (256 1472 128 ) (256 1728 128 ) 
3 4 41 (256 1744 0 ) (256 1728 0 ) (240 1728 0 ) 
4 4 5 (240 1728 0 ) (256 1728 0 ) (256 1728 128 ) (240 1728 128 ) 
4 5 74 (0 1472 128 ) (0 1728 128 ) (0 1728 0 ) (0 1472 0 ) 
4 5 45 (0 1472 0 ) (0 1728 0 ) (256 1728 0 ) (256 1472 0 ) 
4 6 19 (672 1472 0 ) (704 1472 0 ) (704 1248 0 ) (672 1248 0 ) 
4 6 25 (544 1472 0 ) (672 1472 0 ) (672 1248 0 ) (544 1248 0 ) 
4 6 11 (544 1472 128 ) (544 1472 0 ) (544 1456 0 ) (544 1456 128 ) 
4 6 8 (672 1248 0 ) (688 1248 0 ) (688 1248 128 ) (672 1248 128 ) 
4 6 10 (544 1248 128 ) (544 1248 0 ) (672 1248 0 ) (672 1248 128 ) 
3 7 20 (688 1184 0 ) (672 1184 0 ) (672 1200 0 ) 
4 7 9 (672 1184 128 ) (672 1184 0 ) (688 1184 0 ) (688 1184 128 ) 
4 7 10 (672 1200 0 ) (672 1184 0 ) (672 1184 128 ) (672 1200 128 ) 
3 8 21 (672 1232 0 ) (672 1248 0 ) (688 1248 0 ) 
4 8 10 (672 1248 128 ) (672 1248 0 ) (672 1232 0 ) (672 1232 128 ) 
4 9 22 (704 1184 0 ) (704 1104 0 ) (672 1104 0 ) (672 1184 0 ) 
4 9 12 (672 1104 0 ) (704 1104 0 ) (704 1104 128 ) (672 1104 128 ) 
4 9 10 (672 1184 0 ) (672 1104 0 ) (672 1104 128 ) (672 1184 128 ) 
4 10 25 (672 1104 0 ) (544 1104 0 ) (544 1248 0 ) (672 1248 0 ) 
4 10 12 (544 1104 0 ) (672 1104 0 ) (672 1104 128 ) (544 1104 128 ) 
3 11 33 (528 1472 0 ) (544 1472 0 ) (544 1456 0 ) 
3 12 50 (544 1104 0 ) (544 1088 0 ) (528 1088 0 ) 
4 12 22 (672 1104 0 ) (704 1104 0 ) (704 1088 0 ) (672 1088 0 ) 
4 12 25 (544 1104 0 ) (672 1104 0 ) (672 1088 0 ) (544 1088 0 ) 
4 12 14 (672 1088 0 ) (704 1088 0 ) (704 1088 128 ) (672 1088 128 ) 
4 12 16 (528 1088 0 ) (672 1088 0 ) (672 1088 128 ) (528 1088 128 ) 
4 13 59 (160 1097 0 ) (160 1095 0 ) (44 1095 0 ) (44 1097 0 ) 
4 13 58 (44 1104 0 ) (160 1104 0 ) (160 1097 0 ) (44 1097 0 ) 
4 13 61 (160 1095 0 ) (160 1088 0 ) (44 1088 0 ) (44 1095 0 ) 
4 13 62 (32 1104 0 ) (44 1104 0 ) (44 1088 0 ) (32 1088 0 ) 
4 13 53 (212 1097 0 ) (212 1095 0 ) (168 1095 0 ) (168 1097 0 ) 
4 13 52 (168 1104 0 ) (212 1104 0 ) (212 1097 0 ) (168 1097 0 ) 
4 13 54 (212 1095 0 ) (212 1088 0 ) (168 1088 0 ) (168 1095 0 ) 
4 13 51 (212 1104 0 ) (224 1104 0 ) (224 1088 0 ) (212 1088 0 ) 
4 13 16 (32 1088 0 ) (224 1088 0 ) (224 1088 128 ) (32 1088 128 ) 
4 14 22 (672 1088 0 ) (704 1088 0 ) (704 1056 0 ) (672 1056 0 ) 
4 14 15 (672 1056 128 ) (672 1056 0 ) (688 1056 0 ) (688 1056 128 ) 
4 14 16 (672 1088 128 ) (672 1088 0 ) (672 1056 0 ) (672 1056 128 ) 
3 15 23 (672 1040 0 ) (672 1056 0 ) (688 1056 0 ) 
4 15 16 (672 1056 0 ) (672 1040 0 ) (672 1040 128 ) (672 1056 128 ) 
4 16 75 (0 1024 0 ) (0 1024 128 ) (0 1088 128 ) (0 1088 0 ) 
4 16 67 (672 1024 128 ) (0 1024 128 ) (0 1024 0 ) (672 1024 0 ) 
4 16 63 (0 1024 0 ) (0 1088 0 ) (544 1088 0 ) (544 1024 0 ) 
4 16 25 (544 1088 0 ) (672 1088 0 ) (672 1024 0 ) (544 1024 0 ) 
4 17 18 (720 1652 -128 ) (720 1547 -128 ) (720 1547 -16 ) (720 1652 -16 ) 
4 18 19 (704 1547 -127.773003 ) (704 1547 -16 ) (704 1652 -16 ) (704 1652 -127.773003 ) 
4 18 24 (704 1652 -128 ) (704 1547 -128 ) (704 1547 -127.773003 ) (704 1652 -127.773003 ) 
4 19 21 (672 1248 0 ) (672 1248 -127.773003 ) (688 1248 -127.773003 ) (688 1248 0 ) 
4 19 25 (672 1984 0 ) (672 1984 -127.773003 ) (672 1248 -127.773003 ) (672 1248 0 ) 
4 19 24 (672 1248 -127.773003 ) (672 1984 -127.773003 ) (704 1984 -127.773003 ) (704 1248 -127.773003 ) 
4 20 22 (672 1184 0 ) (672 1184 -127.773003 ) (688 1184 -127.773003 ) (688 1184 0 ) 
4 20 25 (672 1200 -127.773003 ) (672 1184 -127.773003 ) (672 1184 0 ) (672 1200 0 ) 
3 20 24 (672 1184 -127.773003 ) (672 1200 -127.773003 ) (688 1184 -127.773003 ) 
3 21 24 (672 1232 -127.773003 ) (672 1248 -127.773003 ) (688 1248 -127.773003 ) 
4 21 25 (672 1248 -127.773003 ) (672 1232 -127.773003 ) (672 1232 0 ) (672 1248 0 ) 
4 22 23 (672 1056 0 ) (672 1056 -127.773003 ) (688 1056 -127.773003 ) (688 1056 0 ) 
4 22 24 (672 1056 -127.773003 ) (672 1184 -127.773003 ) (704 1184 -127.773003 ) (704 1056 -127.773003 ) 
4 22 25 (672 1184 -127.773003 ) (672 1056 -127.773003 ) (672 1056 0 ) (672 1184 0 ) 
4 23 25 (672 1056 -127.773003 ) (672 1040 -127.773003 ) (672 1040 0 ) (672 1056 0 ) 
3 23 24 (672 1040 -127.773003 ) (672 1056 -127.773003 ) (688 1056 -127.773003 ) 
4 24 65 (672 1024 -127.773003 ) (672 1024 -128 ) (704 1024 -128 ) (704 1024 -127.773003 ) 
4 24 25 (672 1984 -127.773003 ) (672 1984 -128 ) (672 1024 -128 ) (672 1024 -127.773003 ) 
4 25 67 (672 1024 0 ) (544 1024 0 ) (544 1024 -128 ) (672 1024 -128 ) 
4 25 50 (544 1104 -128 ) (544 1088 -128 ) (544 1088 0 ) (544 1104 0 ) 
4 25 63 (544 1088 -128 ) (544 1024 -128 ) (544 1024 0 ) (544 1088 0 ) 
4 25 33 (544 1472 -128 ) (544 1456 -128 ) (544 1456 0 ) (544 1472 0 ) 
4 25 30 (544 1984 -128 ) (544 1472 -128 ) (544 1472 -88 ) (544 1984 -88 ) 
4 25 26 (544 1472 -88 ) (544 1472 0 ) (544 1984 0 ) (544 1984 -88 ) 
4 26 33 (528 1472 -88 ) (544 1472 -88 ) (544 1472 0 ) (528 1472 0 ) 
4 26 30 (544 1472 -88 ) (272 1472 -88 ) (272 1984 -88 ) (544 1984 -88 ) 
4 26 29 (272 1984 -80 ) (272 1984 -88 ) (272 1928 -88 ) (272 1928 -80 ) 
4 26 28 (272 1816 -88 ) (272 1472 -88 ) (272 1472 -80 ) (272 1816 -80 ) 
4 26 27 (272 1984 0 ) (272 1984 -80 ) (272 1472 -80 ) (272 1472 0 ) 
4 27 45 (256 1472 -80 ) (256 1472 0 ) (256 1728 0 ) (256 1728 -80 ) 
4 27 42 (256 1744 -80 ) (256 1728 -80 ) (256 1728 -16 ) (256 1744 -16 ) 
4 27 41 (256 1728 0 ) (256 1744 0 ) (256 1744 -16 ) (256 1728 -16 ) 
4 27 35 (256 1888 0 ) (256 1920 0 ) (256 1920 -64 ) (256 1888 -64 ) 
4 27 36 (256 1824 0 ) (256 1888 0 ) (256 1888 -80 ) (256 1824 -80 ) 
4 27 29 (256 1984 -80 ) (272 1984 -80 ) (272 1928 -80 ) (256 1944 -80 ) 
4 27 28 (272 1816 -80 ) (272 1472 -80 ) (256 1472 -80 ) (256 1800 -80 ) 
4 28 45 (256 1472 -88 ) (256 1472 -80 ) (256 1728 -80 ) (256 1728 -88 ) 
4 28 42 (256 1728 -80 ) (256 1744 -80 ) (256 1744 -88 ) (256 1728 -88 ) 
4 28 31 (264 1472 -88 ) (256 1472 -88 ) (256 1800 -88 ) (264 1808 -88 ) 
4 28 30 (272 1472 -88 ) (264 1472 -88 ) (264 1808 -88 ) (272 1816 -88 ) 
4 29 32 (256 1944 -88 ) (256 1984 -88 ) (264 1984 -88 ) (264 1936 -88 ) 
4 29 30 (264 1984 -88 ) (272 1984 -88 ) (272 1928 -88 ) (264 1936 -88 ) 
4 30 33 (528 1472 -128 ) (544 1472 -128 ) (544 1472 -88 ) (528 1472 -88 ) 
4 30 32 (264 1928 -88 ) (264 1984 -88 ) (264 1984 -128 ) (264 1928 -128 ) 
4 30 31 (264 1472 -128 ) (264 1472 -88 ) (264 1816 -88 ) (264 1816 -128 ) 
4 31 45 (256 1728 -128 ) (256 1472 -128 ) (256 1472 -88 ) (256 1728 -88 ) 
4 31 42 (256 1744 -128 ) (256 1728 -128 ) (256 1728 -88 ) (256 1744 -88 ) 
4 34 79 (0 1984 -16 ) (0 1984 -88 ) (0 1920 -88 ) (0 1920 -16 ) 
4 34 76 (0 1920 0 ) (0 1984 0 ) (0 1984 -16 ) (0 1920 -16 ) 
4 34 40 (0 1920 -88 ) (0 1984 -88 ) (248 1984 -88 ) (248 1920 -88 ) 
4 34 38 (0 1920 -88 ) (232 1920 -88 ) (232 1920 -80 ) (0 1920 -80 ) 
4 34 37 (248 1920 -80 ) (248 1920 0 ) (0 1920 0 ) (0 1920 -80 ) 
4 35 36 (248 1888 0 ) (248 1888 -64 ) (256 1888 -64 ) (256 1888 0 ) 
4 35 37 (248 1920 0 ) (248 1920 -64 ) (248 1888 -64 ) (248 1888 0 ) 
4 36 37 (248 1888 -80 ) (248 1824 -80 ) (248 1824 0 ) (248 1888 0 ) 
4 37 79 (0 1920 -16 ) (0 1920 -80 ) (0 1824 -80 ) (0 1824 -16 ) 
4 37 76 (0 1824 0 ) (0 1920 0 ) (0 1920 -16 ) (0 1824 -16 ) 
4 37 39 (248 1824 0 ) (0 1824 0 ) (0 1824 -80 ) (248 1824 -80 ) 
4 37 38 (232 1824 -80 ) (0 1824 -80 ) (0 1920 -80 ) (232 1920 -80 ) 
4 38 79 (0 1920 -80 ) (0 1920 -88 ) (0 1824 -88 ) (0 1824 -80 ) 
4 38 40 (0 1824 -88 ) (0 1920 -88 ) (232 1920 -88 ) (232 1824 -88 ) 
4 38 39 (0 1824 -88 ) (232 1824 -88 ) (232 1824 -80 ) (0 1824 -80 ) 
4 39 79 (0 1824 -16 ) (0 1824 -88 ) (0 1760 -88 ) (0 1760 -16 ) 
4 39 76 (0 1760 0 ) (0 1824 0 ) (0 1824 -16 ) (0 1760 -16 ) 
4 39 43 (68 1760 -88 ) (124 1760 -88 ) (124 1760 -16 ) (68 1760 -16 ) 
4 39 40 (248 1760 -88 ) (0 1760 -88 ) (0 1824 -88 ) (248 1824 -88 ) 
4 40 79 (0 1984 -88 ) (0 1984 -128 ) (0 1760 -128 ) (0 1760 -88 ) 
4 40 43 (68 1760 -128 ) (124 1760 -128 ) (124 1760 -88 ) (68 1760 -88 ) 
4 41 45 (256 1728 -16 ) (256 1728 0 ) (239.589981 1728 0 ) (239.589981 1728 -16 ) 
3 41 42 (256 1728 -16 ) (240 1728 -16 ) (256 1744 -16 ) 
4 42 45 (240 1728 -128 ) (256 1728 -128 ) (256 1728 -16 ) (240 1728 -16 ) 
4 44 45 (68 1728 -128 ) (124 1728 -128 ) (124 1728 -16 ) (68 1728 -16 ) 
4 45 80 (0 1728 -16 ) (0 1728 -128 ) (0 1472 -128 ) (0 1472 -16 ) 
4 45 77 (0 1472 0 ) (0 1728 0 ) (0 1728 -16 ) (0 1472 -16 ) 
4 46 47 (248 1408 0 ) (248 1408 -128 ) (248 1288 -128 ) (248 1288 0 ) 
4 47 48 (96 1408 0 ) (96 1408 -128 ) (96 1288 -128 ) (96 1288 0 ) 
4 48 81 (0 1408 -16 ) (0 1408 -128 ) (0 1280 -128 ) (0 1280 -16 ) 
4 48 78 (0 1280 0 ) (0 1408 0 ) (0 1408 -16 ) (0 1280 -16 ) 
4 48 49 (0 1280 -128 ) (96 1280 -128 ) (96 1280 0 ) (0 1280 0 ) 
4 49 81 (0 1280 -16 ) (0 1280 -128 ) (0 1104 -128 ) (0 1104 -16 ) 
4 49 78 (0 1104 0 ) (0 1280 0 ) (0 1280 -16 ) (0 1104 -16 ) 
4 49 58 (44 1104 -128 ) (160 1104 -128 ) (160 1104 0 ) (44 1104 0 ) 
4 49 62 (32 1104 -128 ) (44 1104 -128 ) (44 1104 0 ) (32 1104 0 ) 
4 49 57 (160 1104 -128 ) (168 1104 -128 ) (168 1104 -88 ) (160 1104 -88 ) 
4 49 56 (168 1104 -128 ) (212 1104 -128 ) (212 1104 -64 ) (168 1104 -64 ) 
4 49 55 (212 1104 -128 ) (224 1104 -128 ) (224 1104 -24 ) (212 1104 -24 ) 
4 49 52 (212 1104 0 ) (168 1104 0 ) (168 1104 -24 ) (212 1104 -24 ) 
4 49 51 (224 1104 -24 ) (224 1104 0 ) (212 1104 0 ) (212 1104 -24 ) 
4 50 63 (528 1088 -128 ) (544 1088 -128 ) (544 1088 0 ) (528 1088 0 ) 
4 51 55 (212 1104 -24 ) (224 1104 -24 ) (224 1088 -24 ) (212 1088 -24 ) 
4 51 53 (212 1097 -24 ) (212 1095 -24 ) (212 1095 0 ) (212 1097 0 ) 
4 51 52 (212 1104 0 ) (212 1104 -24 ) (212 1097 -24 ) (212 1097 0 ) 
4 51 54 (212 1095 -24 ) (212 1088 -24 ) (212 1088 0 ) (212 1095 0 ) 
4 51 63 (224 1088 -24 ) (224 1088 0 ) (212 1088 0 ) (212 1088 -24 ) 
4 52 53 (168 1097 0 ) (168 1097 -24 ) (212 1097 -24 ) (212 1097 0 ) 
4 53 54 (168 1095 0 ) (168 1095 -24 ) (212 1095 -24 ) (212 1095 0 ) 
4 54 63 (212 1088 0 ) (168 1088 0 ) (168 1088 -24 ) (212 1088 -24 ) 
4 55 56 (212 1088 -128 ) (212 1088 -64 ) (212 1104 -64 ) (212 1104 -128 ) 
4 55 63 (212 1088 -128 ) (224 1088 -128 ) (224 1088 -24 ) (212 1088 -24 ) 
4 56 57 (168 1104 -88 ) (168 1104 -128 ) (168 1088 -128 ) (168 1088 -88 ) 
4 56 63 (168 1088 -128 ) (212 1088 -128 ) (212 1088 -64 ) (168 1088 -64 ) 
4 57 60 (160 1097 -128 ) (160 1095 -128 ) (160 1095 -88 ) (160 1097 -88 ) 
4 57 58 (160 1104 -88 ) (160 1104 -128 ) (160 1097 -128 ) (160 1097 -88 ) 
4 57 61 (160 1095 -128 ) (160 1088 -128 ) (160 1088 -88 ) (160 1095 -88 ) 
4 57 63 (160 1088 -128 ) (168 1088 -128 ) (168 1088 -88 ) (160 1088 -88 ) 
4 58 60 (44 1097 -88 ) (44 1097 -128 ) (160 1097 -128 ) (160 1097 -88 ) 
4 58 59 (44 1097 0 ) (44 1097 -88 ) (160 1097 -88 ) (160 1097 0 ) 
4 58 62 (44 1104 0 ) (44 1104 -128 ) (44 1097 -128 ) (44 1097 0 ) 
4 59 62 (44 1095 -88 ) (44 1095 0 ) (44 1097 0 ) (44 1097 -88 ) 
4 59 61 (44 1095 0 ) (44 1095 -88 ) (160 1095 -88 ) (160 1095 0 ) 
4 59 60 (160 1095 -88 ) (44 1095 -88 ) (44 1097 -88 ) (160 1097 -88 ) 
4 60 62 (44 1097 -128 ) (44 1095 -128 ) (44 1095 -88 ) (44 1097 -88 ) 
4 60 61 (44 1095 -88 ) (44 1095 -128 ) (160 1095 -128 ) (160 1095 -88 ) 
4 61 62 (44 1095 -128 ) (44 1088 -128 ) (44 1088 0 ) (44 1095 0 ) 
4 61 63 (44 1088 -128 ) (160 1088 -128 ) (160 1088 0 ) (44 1088 0 ) 
4 62 63 (32 1088 -128 ) (44 1088 -128 ) (44 1088 0 ) (32 1088 0 ) 
4 63 82 (0 1024 -128 ) (0 1024 0 ) (0 1088 0 ) (0 1088 -128 ) 
4 63 67 (544 1024 0 ) (0 1024 0 ) (0 1024 -128 ) (544 1024 -128 ) 
3 64 65 (688 992 -127.773003 ) (672 992 -127.773003 ) (672 1008 -127.773003 ) 
4 64 67 (672 992 -127.773003 ) (672 992 128 ) (672 1008 128 ) (672 1008 -127.773003 ) 
4 64 66 (672 992 128 ) (672 992 -127.773003 ) (688 992 -127.773003 ) (688 992 128 ) 
4 65 66 (672 992 -127.773003 ) (672 992 -128 ) (704 992 -128 ) (704 992 -127.773003 ) 
4 65 67 (672 1024 -128 ) (672 992 -128 ) (672 992 -127.773003 ) (672 1024 -127.773003 ) 
4 66 68 (672 960 -128 ) (704 960 -128 ) (704 960 128 ) (672 960 128 ) 
4 66 67 (672 992 -128 ) (672 960 -128 ) (672 960 128 ) (672 992 128 ) 
4 67 121 (0 960.250061 -128 ) (0 960 -128 ) (0 960 0 ) (0 960.250061 0 ) 
4 67 118 (0 1024 0 ) (0 1024 -128 ) (0 960.250061 -128 ) (0 960.250061 0 ) 
4 67 94 (0 960 128 ) (0 960.250061 128 ) (0 960.250061 0 ) (0 960 0 ) 
4 67 92 (0 960.250061 128 ) (0 1024 128 ) (0 1024 0 ) (0 960.250061 0 ) 
4 67 72 (304 960 -128 ) (320 960 -128 ) (320 960 128 ) (304 960 128 ) 
4 67 70 (28 960 -128 ) (56 960 -128 ) (56 960 128 ) (28 960 128 ) 
4 67 69 (0 960 -128 ) (28 960 -128 ) (28 960 128 ) (0 960 128 ) 
4 67 68 (320 960 -128 ) (672 960 -128 ) (672 960 128 ) (320 960 128 ) 
4 68 72 (320 960 128 ) (320 960 -128 ) (320 944 -128 ) (320 944 128 ) 
4 69 121 (0 960 0 ) (0 960 -128 ) (0 946 -128 ) (0 946 0 ) 
4 69 96 (0 946 128 ) (0 952.222229 128 ) (0 952.222229 0 ) (0 946 0 ) 
4 69 94 (0 952.222229 128 ) (0 960 128 ) (0 960 0 ) (0 952.222229 0 ) 
4 69 71 (7.993566 949.997864 -128 ) (22.397581 957.199768 -128 ) (22.397648 957.199829 128 ) (7.993700 949.997864 128 ) 
4 69 70 (22.397581 957.199768 -128 ) (27.998043 960 -128 ) (27.998051 960 128 ) (22.397648 957.199829 128 ) 
4 70 71 (22.398438 957.199707 128 ) (22.398438 957.199707 -128 ) (32 958 -128 ) (32 958 128 ) 
4 73 76 (-64 1760 0 ) (-64 1984 0 ) (0 1984 0 ) (0 1760 0 ) 
4 74 77 (-64 1472 0 ) (-64 1728 0 ) (0 1728 0 ) (0 1472 0 ) 
4 75 92 (0 1024 0 ) (0 1024 128 ) (-64 1024 128 ) (-64 1024 0 ) 
4 75 83 (-64 1024 0 ) (-64 1024 128 ) (-64 1088 128 ) (-64 1088 0 ) 
4 75 82 (0 1024 0 ) (-64 1024 0 ) (-64 1088 0 ) (0 1088 0 ) 
4 76 79 (-64 1760 -16 ) (-64 1984 -16 ) (0 1984 -16 ) (0 1760 -16 ) 
4 77 80 (-64 1472 -16 ) (-64 1728 -16 ) (0 1728 -16 ) (0 1472 -16 ) 
4 78 85 (-64 1104 0 ) (-64 1112 0 ) (-64 1112 -16 ) (-64 1104 -16 ) 
4 78 81 (0 1104 -16 ) (-64 1104 -16 ) (-64 1408 -16 ) (0 1408 -16 ) 
4 81 85 (-64 1112 -128 ) (-64 1104 -128 ) (-64 1104 -16 ) (-64 1112 -16 ) 
4 82 118 (0 1024 -128 ) (0 1024 0 ) (-64 1024 0 ) (-64 1024 -128 ) 
4 82 85 (-64 1024 -128 ) (-64 1024 0 ) (-64 1088 0 ) (-64 1088 -128 ) 
4 83 92 (-64 1024 0 ) (-64 1024 128 ) (-72 1024 128 ) (-72 1024 0 ) 
4 83 85 (-64 1088 0 ) (-64 1024 0 ) (-72 1024 0 ) (-72 1088 0 ) 
4 83 84 (-72 1088 0 ) (-72 1024 0 ) (-72 1024 128 ) (-72 1088 128 ) 
4 84 98 (-72 1024 128 ) (-384 1024 128 ) (-384 1024 0 ) (-72 1024 0 ) 
4 84 86 (-384 1024 0 ) (-384 1472 0 ) (-72 1472 0 ) (-72 1024 0 ) 
4 85 118 (-64 1024 -128 ) (-64 1024 0 ) (-72 1024 0 ) (-72 1024 -128 ) 
4 85 86 (-72 1112 -128 ) (-72 1024 -128 ) (-72 1024 0 ) (-72 1112 0 ) 
4 86 118 (-72 1024 0 ) (-384 1024 0 ) (-384 1024 -128 ) (-72 1024 -128 ) 
4 86 87 (-384 1088 -128 ) (-384 1024 -128 ) (-384 1024 0 ) (-384 1088 0 ) 
4 87 132 (-448 1024 -128 ) (-640 1024 -128 ) (-640 1024 -192 ) (-448 1024 -192 ) 
4 87 125 (-384 1024 -184 ) (-384 1024 -128 ) (-448 1024 -128 ) (-448 1024 -184 ) 
4 87 118 (-384 1024 -128 ) (-384 1024 0 ) (-640 1024 0 ) (-640 1024 -128 ) 
4 88 89 (-128 832 188 ) (-320 832 188 ) (-320 1024 188 ) (-128 1024 188 ) 
4 89 98 (-320 832 128 ) (-320 1024 128 ) (-128 1024 128 ) (-128 832 128 ) 
4 90 91 (-128 512 188 ) (-320 512 188 ) (-320 704 188 ) (-128 704 188 ) 
4 91 98 (-320 512 128 ) (-320 704 128 ) (-128 704 128 ) (-128 512 128 ) 
4 92 118 (-72 1024 0 ) (0 1024 0 ) (0 960.250061 0 ) (-72 879.250061 0 ) 
4 92 98 (-72 1024 0 ) (-72 879.250061 0 ) (-72 879.250061 128 ) (-72 1024 128 ) 
4 92 95 (-56.401073 896.796814 0 ) (-49.996014 904.002502 0 ) (-49.995319 904.003906 128 ) (-56.400848 896.797485 128 ) 
4 92 94 (-33.991508 922.007568 0 ) (0 960.248047 0 ) (0 960.250000 128 ) (-33.995926 922.003662 128 ) 
4 92 93 (-72 879.248047 128 ) (-72 879.248047 0 ) (-56.401073 896.796814 0 ) (-56.400848 896.797485 128 ) 
3 93 119 (-72 850 0 ) (-72 879.250061 0 ) (-56.400043 896.799988 0 ) 
4 93 98 (-72 879.250061 0 ) (-72 850 0 ) (-72 850 128 ) (-72 879.250061 128 ) 
4 93 97 (-72 850.007812 128 ) (-72 850.007812 0 ) (-70 856.010254 0 ) (-70 856.010254 128 ) 
4 93 95 (-62.012650 879.969238 0 ) (-56.401367 896.802734 0 ) (-56.401367 896.802734 128 ) (-62.012650 879.969238 128 ) 
3 94 122 (-16 938 0 ) (-34 922 0 ) (-22.800167 934.599854 0 ) 
4 94 121 (0 960.250061 0 ) (0 952.222229 0 ) (-16 938 0 ) (-22.800167 934.599854 0 ) 
4 94 96 (-16.001165 938 0 ) (0 952.222656 0 ) (0 952.222656 128 ) (-16.001162 938 128 ) 
3 95 120 (-62.005596 879.983337 0 ) (-56.400043 896.799988 0 ) (-49.993645 904.007202 0 ) 
3 96 121 (0 952.222229 0 ) (0 946 0 ) (-16 938 0 ) 
3 97 123 (-72 832 0 ) (-72 850 0 ) (-70 856 0 ) 
4 97 98 (-72 850 0 ) (-72 832 0 ) (-72 832 128 ) (-72 850 128 ) 
4 98 124 (-72 832 0 ) (-72 456 0 ) (-384 456 0 ) (-384 832 0 ) 
3 98 123 (-72 850 0 ) (-72 832 0 ) (-78 832 0 ) 
4 98 119 (-72 879.250061 0 ) (-72 850 0 ) (-78 832 0 ) (-114 832 0 ) 
5 98 118 (-384 1024 0 ) (-72 1024 0 ) (-72 879.250061 0 ) (-114 832 0 ) (-384 832 0 ) 
4 98 103 (-384 456 0 ) (-72 456 0 ) (-72 456 32 ) (-384 456 32 ) 
4 98 100 (-72 456 32 ) (-72 456 88 ) (-384 456 88 ) (-384 456 32 ) 
4 98 99 (-72 456 88 ) (-72 456 128 ) (-384 456 128 ) (-384 456 88 ) 
4 99 105 (-184 448 128 ) (-384 448 128 ) (-384 448 88 ) (-184 448 88 ) 
4 99 104 (-72 448 128 ) (-184 448 128 ) (-184 448 88 ) (-72 448 88 ) 
4 99 100 (-72 448 88 ) (-384 448 88 ) (-384 456 88 ) (-72 456 88 ) 
4 100 105 (-184 448 88 ) (-384 448 88 ) (-384 448 32 ) (-184 448 32 ) 
4 100 104 (-72 448 88 ) (-184 448 88 ) (-184 448 32 ) (-72 448 32 ) 
4 100 103 (-72 448 32 ) (-384 448 32 ) (-384 456 32 ) (-72 456 32 ) 
4 101 107 (-512 448 88 ) (-544 448 88 ) (-544 448 32 ) (-512 448 32 ) 
4 102 108 (-912 448 88 ) (-944 448 88 ) (-944 448 32 ) (-912 448 32 ) 
4 103 124 (-384 456 0 ) (-72 456 0 ) (-72 448 0 ) (-384 448 0 ) 
4 103 105 (-184 448 8.263350 ) (-184 448 32 ) (-384 448 32 ) (-384 448 8.263350 ) 
4 103 104 (-184 448 0 ) (-72 448 0 ) (-72 448 32 ) (-184 448 32 ) 
4 104 110 (-184 256 0 ) (-139.652145 256 0 ) (-139.652145 256 112 ) (-184 256 112 ) 
4 104 109 (-139.652145 256 112 ) (-139.652145 256 128 ) (-184 256 128 ) (-184 256 112 ) 
4 104 105 (-184 448 128 ) (-184 448 8.263350 ) (-184 440 8.263350 ) (-184 440 128 ) 
4 104 106 (-184 440 0 ) (-184 256 0 ) (-184 256 128 ) (-184 440 128 ) 
4 105 106 (-384 440 128 ) (-384 440 8.263350 ) (-184 440 8.263350 ) (-184 440 128 ) 
4 106 110 (-384 256 0 ) (-184 256 0 ) (-184 256 112 ) (-384 256 112 ) 
4 106 109 (-184 256 112 ) (-184 256 128 ) (-384 256 128 ) (-384 256 112 ) 
4 107 111 (-556 256 0 ) (-500 256 0 ) (-500 256 112 ) (-556 256 112 ) 
4 108 113 (-956 256 0 ) (-900 256 0 ) (-900 256 112 ) (-956 256 112 ) 
4 109 114 (-146.608673 248 128 ) (-391.391998 248 128 ) (-391.391968 248 112 ) (-146.608688 248 112 ) 
4 109 110 (-146.608673 248 112 ) (-391.391998 248 112 ) (-384 256 112 ) (-139.652145 256 112 ) 
4 110 114 (-392 248 0 ) (-146.608673 248 0 ) (-146.608673 248 112 ) (-392 248 112 ) 
4 111 114 (-556 248 0 ) (-500 248 0 ) (-500 248 112 ) (-556 248 112 ) 
4 112 114 (-756 248 0 ) (-700 248 0 ) (-700 248 112 ) (-756 248 112 ) 
4 113 114 (-956 248 0 ) (-900 248 0 ) (-900 248 112 ) (-956 248 112 ) 
4 114 133 (-1024 208 32 ) (-1024 176 32 ) (-1024 176 88 ) (-1024 208 88 ) 
4 114 116 (-756 136 0 ) (-700 136 0 ) (-700 136 112 ) (-756 136 112 ) 
4 114 117 (-956 136 0 ) (-900 136 0 ) (-900 136 112 ) (-956 136 112 ) 
4 114 115 (-556 136 0 ) (-500 136 0 ) (-500 136 112 ) (-556 136 112 ) 
4 118 132 (-448 832 -128 ) (-640 832 -128 ) (-640 1024 -128 ) (-448 1024 -128 ) 
4 118 131 (-448 912 -128 ) (-448 928 -128 ) (-384 928 -128 ) (-384 912 -128 ) 
4 118 130 (-448 928 -128 ) (-448 944 -128 ) (-384 944 -128 ) (-384 928 -128 ) 
4 118 129 (-448 944 -128 ) (-448 960 -128 ) (-384 960 -128 ) (-384 944 -128 ) 
4 118 128 (-448 960 -128 ) (-448 976 -128 ) (-384 976 -128 ) (-384 960 -128 ) 
4 118 127 (-448 976 -128 ) (-448 992 -128 ) (-384 992 -128 ) (-384 976 -128 ) 
4 118 126 (-448 992 -128 ) (-448 1008 -128 ) (-384 1008 -128 ) (-384 992 -128 ) 
4 118 125 (-448 1008 -128 ) (-448 1024 -128 ) (-384 1024 -128 ) (-384 1008 -128 ) 
4 118 124 (-384 832 -128 ) (-114 832 -128 ) (-114 832 0 ) (-384 832 0 ) 
4 118 122 (-33.990501 922.008484 -128 ) (-22.796490 934.601746 -128 ) (-22.799314 934.600342 0 ) (-33.997154 922.002563 0 ) 
4 118 121 (-22.796490 934.601746 -128 ) (0 960.247803 -128 ) (0 960.250000 0 ) (-22.799314 934.600342 0 ) 
4 118 120 (-56.401211 896.796448 -128 ) (-49.996231 904.002075 -128 ) (-49.994854 904.004822 0 ) (-56.400608 896.798218 0 ) 
4 118 119 (-113.998047 832 0 ) (-113.998047 832 -128 ) (-56.401211 896.796448 -128 ) (-56.400608 896.798218 0 ) 
4 119 124 (-114 832 -128 ) (-78 832 -128 ) (-78 832 0 ) (-114 832 0 ) 
4 119 123 (-78.002274 832 0 ) (-78.002274 832 -128 ) (-70 856.009094 -128 ) (-70 856.009094 0 ) 
4 119 120 (-62.012280 879.969971 -128 ) (-56.401363 896.802734 -128 ) (-56.401367 896.802734 0 ) (-62.012283 879.969971 0 ) 
4 121 122 (-22.798479 934.600769 0 ) (-22.798483 934.600769 -128 ) (-16 938 -128 ) (-16 938 0 ) 
4 123 124 (-78 832 -128 ) (-72 832 -128 ) (-72 832 0 ) (-78 832 0 ) 
4 125 132 (-448 1008 -184 ) (-448 1008 -128 ) (-448 1024 -128 ) (-448 1024 -184 ) 
4 125 126 (-448 1008 -128 ) (-448 1008 -176 ) (-384 1008 -176 ) (-384 1008 -128 ) 
4 126 132 (-448 992 -176 ) (-448 992 -128 ) (-448 1008 -128 ) (-448 1008 -176 ) 
4 126 127 (-448 992 -128 ) (-448 992 -168 ) (-384 992 -168 ) (-384 992 -128 ) 
4 127 132 (-448 976 -168 ) (-448 976 -128 ) (-448 992 -128 ) (-448 992 -168 ) 
4 127 128 (-448 976 -128 ) (-448 976 -160 ) (-384 976 -160 ) (-384 976 -128 ) 
4 128 132 (-448 960 -160 ) (-448 960 -128 ) (-448 976 -128 ) (-448 976 -160 ) 
4 128 129 (-448 960 -128 ) (-448 960 -152 ) (-384 960 -152 ) (-384 960 -128 ) 
4 129 132 (-448 944 -152 ) (-448 944 -128 ) (-448 960 -128 ) (-448 960 -152 ) 
4 129 130 (-448 944 -128 ) (-448 944 -144 ) (-384 944 -144 ) (-384 944 -128 ) 
4 130 132 (-448 928 -144 ) (-448 928 -128 ) (-448 944 -128 ) (-448 944 -144 ) 
4 130 131 (-448 928 -128 ) (-448 928 -136 ) (-384 928 -136 ) (-384 928 -128 ) 
4 131 132 (-448 912 -136 ) (-448 912 -128 ) (-448 928 -128 ) (-448 928 -136 ) 
4 134 135 (-640 -1312 480 ) (-640 -1312 288 ) (-128 -1312 288 ) (-128 -1312 480 ) 
