


materialPath: D:\steam\steamapps\sourcemods\entropyzero2-addonworkspace\materials
Loading d:\steam\steamapps\sourcemods\entropyzero2-addonworkspace\mapsrc\dd_cellars.vmf
fixing up env_cubemap materials on brush sides...
0...1...2...3...4...5...6...7...8...9...10**** leaked ****
Entity prop_static (-1639.76 776.00 204.26) leaked!
--- MAP LEAKED ---



12 threads
reading d:\steam\steamapps\sourcemods\entropyzero2-addonworkspace\mapsrc\dd_cellars.bsp
Error opening d:\steam\steamapps\sourcemods\entropyzero2-addonworkspace\mapsrc\dd_cellars.bsp


materialPath: D:\steam\steamapps\sourcemods\entropyzero2-addonworkspace\materials
Loading d:\steam\steamapps\sourcemods\entropyzero2-addonworkspace\mapsrc\dd_cellars.vmf
fixing up env_cubemap materials on brush sides...
0...1...2...3...4...5...6...7...8...9...100...1...2...3...4...5...6...7...8...9...10Processing areas...done (0)
Building Faces...done (0)
Chop Details...done (0)
Find Visible Detail Sides...
Merged 46 detail faces...done (0)
Merging details...done (0)
FixTjuncs...
PruneNodes...
WriteBSP...
done (0)
writing d:\steam\steamapps\sourcemods\entropyzero2-addonworkspace\mapsrc\dd_cellars.prt...Building visibility clusters...
done (0)
Finding displacement neighbors...
Finding lightmap sample positions...
Displacement Alpha : 0...1...2...3...4...5...6...7...8...9...10
Building Physics collision data...
done (0) (58597 bytes)
Placing static props...
Placing detail props : 0...1...2...3...4...5...6...7...8...9...10
Compacting texture/material tables...
Reduced 189 texinfos to 119
Reduced 22 texdatas to 20 (541 bytes to 480)
Writing d:\steam\steamapps\sourcemods\entropyzero2-addonworkspace\mapsrc\dd_cellars.bsp
0 seconds elapsed



12 threads
reading d:\steam\steamapps\sourcemods\entropyzero2-addonworkspace\mapsrc\dd_cellars.bsp
reading d:\steam\steamapps\sourcemods\entropyzero2-addonworkspace\mapsrc\dd_cellars.prt
  32 portalclusters
  49 numportals
0...1...2...3...4...5...6...7...8...9...10Optimized: 24 visible clusters (3.88%)
Total clusters visible: 618
Average clusters visible: 19
Building PAS...
Average clusters audible: 32
visdatasize:528  compressed from 512
writing d:\steam\steamapps\sourcemods\entropyzero2-addonworkspace\mapsrc\dd_cellars.bsp
0 seconds elapsed



[Reading texlights from 'lights.rad']
[48 texlights parsed from 'lights.rad']

Loading d:\steam\steamapps\sourcemods\entropyzero2-addonworkspace\mapsrc\dd_cellars.bsp
445 faces
24921 square feet [3588745.50 square inches]
1 Displacements
1013 Square Feet [145991.20 Square Inches]
445 patches before subdivision
4521 patches after subdivision
0 direct lights
0...1...2...3...4...5...6...7...8...9...100...1...2...3...4...5...6...7...8...9...10transfers 390025, max 347
transfer lists:   3.0 megs
0...1...2...3...4...5...6...7...8...9...10	Bounce #1 added RGB(0, 0, 0)
Build Patch/Sample Hash Table(s).....Done<0.0006 sec>
0...1...2...3...4...5...6...7...8...9...10FinalLightFace Done
Computing detail prop lighting : 0...1...2...3...4...5...6...7...8...9...10
0 of 0 (0% of) surface lights went in leaf ambient cubes.
0...1...2...3...4...5...6...7...8...9...10Writing leaf ambient...done
Ready to Finish

Object names       Objects/Maxobjs  Memory / Maxmem  Fullness 
------------       ---------------  ---------------  -------- 
models                   1/1024           48/49152    ( 0.1%) 
brushes                171/8192         2052/98304    ( 2.1%) 
brushsides            1244/65536        9952/524288   ( 1.9%) 
planes                 564/65536       11280/1310720  ( 0.9%) 
vertexes               691/65536        8292/786432   ( 1.1%) 
nodes                  152/65536        4864/2097152  ( 0.2%) 
texinfos               119/12288        8568/884736   ( 1.0%) 
texdata                 20/2048          640/65536    ( 1.0%) 
dispinfos                1/0             176/0        ( 0.0%) 
disp_verts              81/0            1620/0        ( 0.0%) 
disp_tris              128/0             256/0        ( 0.0%) 
disp_lmsamples        2652/0            2652/0        ( 0.0%) 
faces                  445/65536       24920/3670016  ( 0.7%) 
hdr faces                0/65536           0/3670016  ( 0.0%) 
origfaces              353/65536       19768/3670016  ( 0.5%) 
leaves                 154/65536        4928/2097152  ( 0.2%) 
leaffaces              477/65536         954/131072   ( 0.7%) 
leafbrushes            344/65536         688/131072   ( 0.5%) 
areas                    2/256            16/2048     ( 0.8%) 
surfedges             3515/512000      14060/2048000  ( 0.7%) 
edges                 2090/256000       8360/1024000  ( 0.8%) 
LDR worldlights          0/65536           0/5767168  ( 0.0%) 
HDR worldlights          0/65536           0/5767168  ( 0.0%) 
leafwaterdata            0/32768           0/393216   ( 0.0%) 
waterstrips             48/32768         480/327680   ( 0.1%) 
waterverts               0/65536           0/786432   ( 0.0%) 
waterindices           921/65536        1842/131072   ( 1.4%) 
cubemapsamples           0/1024            0/16384    ( 0.0%) 
overlays                 1/8192          352/2883584  ( 0.0%) 
LDR lightdata         [variable]      116180/0        ( 0.0%) 
HDR lightdata         [variable]           0/0        ( 0.0%) 
visdata               [variable]         528/16777216 ( 0.0%) 
entdata               [variable]        1855/393216   ( 0.5%) 
LDR ambient table      154/65536         616/262144   ( 0.2%) 
HDR ambient table      154/65536         616/262144   ( 0.2%) 
LDR leaf ambient        32/65536         896/1835008  ( 0.0%) 
HDR leaf ambient       154/65536        4312/1835008  ( 0.2%) 
occluders                0/0               0/0        ( 0.0%) 
occluder polygons        0/0               0/0        ( 0.0%) 
occluder vert ind        0/0               0/0        ( 0.0%) 
detail props          [variable]           1/2388     ( 0.0%) 
dtl prp lght          [variable]           1/4        (25.0%) 
HDR dtl prp lght      [variable]           1/4        (25.0%) 
static props          [variable]           1/2754     ( 0.0%) 
pakfile               [variable]          54/0        ( 0.0%) 
physics               [variable]       58597/4194304  ( 1.4%) 
physics terrain       [variable]         419/1048576  ( 0.0%) 

Level flags = 0

Total triangle count: 1227
Writing d:\steam\steamapps\sourcemods\entropyzero2-addonworkspace\mapsrc\dd_cellars.bsp
0 seconds elapsed



materialPath: D:\steam\steamapps\sourcemods\entropyzero2-addonworkspace\materials
Loading d:\steam\steamapps\sourcemods\entropyzero2-addonworkspace\mapsrc\dd_cellars.vmf
fixing up env_cubemap materials on brush sides...
0...1...2...3...4...5...6...7...8...9...100...1...2...3...4...5...6...7...8...9...10Processing areas...done (0)
Building Faces...done (0)
Chop Details...done (0)
Find Visible Detail Sides...
Merged 46 detail faces...done (0)
Merging details...done (0)
FixTjuncs...
PruneNodes...
WriteBSP...
done (0)
writing d:\steam\steamapps\sourcemods\entropyzero2-addonworkspace\mapsrc\dd_cellars.prt...Building visibility clusters...
done (0)
Finding displacement neighbors...
Finding lightmap sample positions...
Displacement Alpha : 0...1...2...3...4...5...6...7...8...9...10
Building Physics collision data...
done (0) (58597 bytes)
Placing static props...
Placing detail props : 0...1...2...3...4...5...6...7...8...9...10
Compacting texture/material tables...
Reduced 189 texinfos to 119
Reduced 22 texdatas to 20 (541 bytes to 480)
Writing d:\steam\steamapps\sourcemods\entropyzero2-addonworkspace\mapsrc\dd_cellars.bsp
0 seconds elapsed



12 threads
reading d:\steam\steamapps\sourcemods\entropyzero2-addonworkspace\mapsrc\dd_cellars.bsp
reading d:\steam\steamapps\sourcemods\entropyzero2-addonworkspace\mapsrc\dd_cellars.prt
  32 portalclusters
  49 numportals
0...1...2...3...4...5...6...7...8...9...10Optimized: 24 visible clusters (3.88%)
Total clusters visible: 618
Average clusters visible: 19
Building PAS...
Average clusters audible: 32
visdatasize:528  compressed from 512
writing d:\steam\steamapps\sourcemods\entropyzero2-addonworkspace\mapsrc\dd_cellars.bsp
0 seconds elapsed



[Reading texlights from 'lights.rad']
[48 texlights parsed from 'lights.rad']

Loading d:\steam\steamapps\sourcemods\entropyzero2-addonworkspace\mapsrc\dd_cellars.bsp
445 faces
24921 square feet [3588745.50 square inches]
1 Displacements
1013 Square Feet [145991.20 Square Inches]
445 patches before subdivision
4521 patches after subdivision
2 direct lights
0...1...2...3...4...5...6...7...8...9...100...1...2...3...4...5...6...7...8...9...10transfers 390025, max 347
transfer lists:   3.0 megs
0...1...2...3...4...5...6...7...8...9...10	Bounce #1 added RGB(572, 449, 366)
0...1...2...3...4...5...6...7...8...9...10	Bounce #2 added RGB(68, 44, 28)
Build Patch/Sample Hash Table(s).....Done<0.0008 sec>
0...1...2...3...4...5...6...7...8...9...10FinalLightFace Done
Computing detail prop lighting : 0...1...2...3...4...5...6...7...8...9...10
0 of 0 (0% of) surface lights went in leaf ambient cubes.
0...1...2...3...4...5...6...7...8...9...10Writing leaf ambient...done
Ready to Finish

Object names       Objects/Maxobjs  Memory / Maxmem  Fullness 
------------       ---------------  ---------------  -------- 
models                   1/1024           48/49152    ( 0.1%) 
brushes                171/8192         2052/98304    ( 2.1%) 
brushsides            1244/65536        9952/524288   ( 1.9%) 
planes                 564/65536       11280/1310720  ( 0.9%) 
vertexes               691/65536        8292/786432   ( 1.1%) 
nodes                  152/65536        4864/2097152  ( 0.2%) 
texinfos               119/12288        8568/884736   ( 1.0%) 
texdata                 20/2048          640/65536    ( 1.0%) 
dispinfos                1/0             176/0        ( 0.0%) 
disp_verts              81/0            1620/0        ( 0.0%) 
disp_tris              128/0             256/0        ( 0.0%) 
disp_lmsamples        2652/0            2652/0        ( 0.0%) 
faces                  445/65536       24920/3670016  ( 0.7%) 
hdr faces                0/65536           0/3670016  ( 0.0%) 
origfaces              353/65536       19768/3670016  ( 0.5%) 
leaves                 154/65536        4928/2097152  ( 0.2%) 
leaffaces              477/65536         954/131072   ( 0.7%) 
leafbrushes            344/65536         688/131072   ( 0.5%) 
areas                    2/256            16/2048     ( 0.8%) 
surfedges             3515/512000      14060/2048000  ( 0.7%) 
edges                 2090/256000       8360/1024000  ( 0.8%) 
LDR worldlights          2/65536         176/5767168  ( 0.0%) 
HDR worldlights          0/65536           0/5767168  ( 0.0%) 
leafwaterdata            0/32768           0/393216   ( 0.0%) 
waterstrips             48/32768         480/327680   ( 0.1%) 
waterverts               0/65536           0/786432   ( 0.0%) 
waterindices           921/65536        1842/131072   ( 1.4%) 
cubemapsamples           0/1024            0/16384    ( 0.0%) 
overlays                 1/8192          352/2883584  ( 0.0%) 
LDR lightdata         [variable]      116180/0        ( 0.0%) 
HDR lightdata         [variable]           0/0        ( 0.0%) 
visdata               [variable]         528/16777216 ( 0.0%) 
entdata               [variable]        2110/393216   ( 0.5%) 
LDR ambient table      154/65536         616/262144   ( 0.2%) 
HDR ambient table      154/65536         616/262144   ( 0.2%) 
LDR leaf ambient       187/65536        5236/1835008  ( 0.3%) 
HDR leaf ambient       154/65536        4312/1835008  ( 0.2%) 
occluders                0/0               0/0        ( 0.0%) 
occluder polygons        0/0               0/0        ( 0.0%) 
occluder vert ind        0/0               0/0        ( 0.0%) 
detail props          [variable]           1/2388     ( 0.0%) 
dtl prp lght          [variable]           1/4        (25.0%) 
HDR dtl prp lght      [variable]           1/4        (25.0%) 
static props          [variable]           1/2754     ( 0.0%) 
pakfile               [variable]          54/0        ( 0.0%) 
physics               [variable]       58597/4194304  ( 1.4%) 
physics terrain       [variable]         419/1048576  ( 0.0%) 

Level flags = 0

Total triangle count: 1227
Writing d:\steam\steamapps\sourcemods\entropyzero2-addonworkspace\mapsrc\dd_cellars.bsp
0 seconds elapsed



materialPath: D:\steam\steamapps\sourcemods\entropyzero2-addonworkspace\materials
Loading d:\steam\steamapps\sourcemods\entropyzero2-addonworkspace\mapsrc\dd_cellars.vmf
fixing up env_cubemap materials on brush sides...
0...1...2...3...4...5...6...7...8...9...100...1...2...3...4...5...6...7...8...9...10Processing areas...done (0)
Building Faces...done (0)
Chop Details...done (0)
Find Visible Detail Sides...
Merged 46 detail faces...done (0)
Merging details...done (0)
FixTjuncs...
PruneNodes...
WriteBSP...
done (0)
writing d:\steam\steamapps\sourcemods\entropyzero2-addonworkspace\mapsrc\dd_cellars.prt...Building visibility clusters...
done (0)
Finding displacement neighbors...
Finding lightmap sample positions...
Displacement Alpha : 0...1...2...3...4...5...6...7...8...9...10
Building Physics collision data...
done (0) (60973 bytes)
Placing static props...
Placing detail props : 0...1...2...3...4...5...6...7...8...9...10
Compacting texture/material tables...
Reduced 199 texinfos to 122
Reduced 25 texdatas to 22 (606 bytes to 519)
Writing d:\steam\steamapps\sourcemods\entropyzero2-addonworkspace\mapsrc\dd_cellars.bsp
0 seconds elapsed



12 threads
reading d:\steam\steamapps\sourcemods\entropyzero2-addonworkspace\mapsrc\dd_cellars.bsp
reading d:\steam\steamapps\sourcemods\entropyzero2-addonworkspace\mapsrc\dd_cellars.prt
  34 portalclusters
  52 numportals
0...1...2...3...4...5...6...7...8...9...10Optimized: 26 visible clusters (3.82%)
Total clusters visible: 680
Average clusters visible: 20
Building PAS...
Average clusters audible: 34
visdatasize:632  compressed from 544
writing d:\steam\steamapps\sourcemods\entropyzero2-addonworkspace\mapsrc\dd_cellars.bsp
0 seconds elapsed



[Reading texlights from 'lights.rad']
[48 texlights parsed from 'lights.rad']

Loading d:\steam\steamapps\sourcemods\entropyzero2-addonworkspace\mapsrc\dd_cellars.bsp
451 faces
25579 square feet [3683391.75 square inches]
1 Displacements
1013 Square Feet [145991.20 Square Inches]
451 patches before subdivision
4617 patches after subdivision
2 direct lights
0...1...2...3...4...5...6...7...8...9...100...1...2...3...4...5...6...7...8...9...10transfers 397227, max 347
transfer lists:   3.0 megs
0...1...2...3...4...5...6...7...8...9...10	Bounce #1 added RGB(162, 129, 104)
0...1...2...3...4...5...6...7...8...9...10	Bounce #2 added RGB(20, 13, 8)
Build Patch/Sample Hash Table(s).....Done<0.0007 sec>
0...1...2...3...4...5...6...7...8...9...10FinalLightFace Done
Computing detail prop lighting : 0...1...2...3...4...5...6...7...8...9...10
0 of 0 (0% of) surface lights went in leaf ambient cubes.
0...1...2...3...4...5...6...7...8...9...10Writing leaf ambient...done
Ready to Finish

Object names       Objects/Maxobjs  Memory / Maxmem  Fullness 
------------       ---------------  ---------------  -------- 
models                   1/1024           48/49152    ( 0.1%) 
brushes                178/8192         2136/98304    ( 2.2%) 
brushsides            1286/65536       10288/524288   ( 2.0%) 
planes                 572/65536       11440/1310720  ( 0.9%) 
vertexes               717/65536        8604/786432   ( 1.1%) 
nodes                  161/65536        5152/2097152  ( 0.2%) 
texinfos               122/12288        8784/884736   ( 1.0%) 
texdata                 22/2048          704/65536    ( 1.1%) 
dispinfos                1/0             176/0        ( 0.0%) 
disp_verts              81/0            1620/0        ( 0.0%) 
disp_tris              128/0             256/0        ( 0.0%) 
disp_lmsamples        2652/0            2652/0        ( 0.0%) 
faces                  451/65536       25256/3670016  ( 0.7%) 
hdr faces                0/65536           0/3670016  ( 0.0%) 
origfaces              359/65536       20104/3670016  ( 0.5%) 
leaves                 163/65536        5216/2097152  ( 0.2%) 
leaffaces              483/65536         966/131072   ( 0.7%) 
leafbrushes            351/65536         702/131072   ( 0.5%) 
areas                    2/256            16/2048     ( 0.8%) 
surfedges             3565/512000      14260/2048000  ( 0.7%) 
edges                 2139/256000       8556/1024000  ( 0.8%) 
LDR worldlights          2/65536         176/5767168  ( 0.0%) 
HDR worldlights          0/65536           0/5767168  ( 0.0%) 
leafwaterdata            0/32768           0/393216   ( 0.0%) 
waterstrips             48/32768         480/327680   ( 0.1%) 
waterverts               0/65536           0/786432   ( 0.0%) 
waterindices           921/65536        1842/131072   ( 1.4%) 
cubemapsamples           0/1024            0/16384    ( 0.0%) 
overlays                 2/8192          704/2883584  ( 0.0%) 
LDR lightdata         [variable]      122240/0        ( 0.0%) 
HDR lightdata         [variable]           0/0        ( 0.0%) 
visdata               [variable]         632/16777216 ( 0.0%) 
entdata               [variable]        2111/393216   ( 0.5%) 
LDR ambient table      163/65536         652/262144   ( 0.2%) 
HDR ambient table      163/65536         652/262144   ( 0.2%) 
LDR leaf ambient       128/65536        3584/1835008  ( 0.2%) 
HDR leaf ambient       163/65536        4564/1835008  ( 0.2%) 
occluders                0/0               0/0        ( 0.0%) 
occluder polygons        0/0               0/0        ( 0.0%) 
occluder vert ind        0/0               0/0        ( 0.0%) 
detail props          [variable]           1/2388     ( 0.0%) 
dtl prp lght          [variable]           1/4        (25.0%) 
HDR dtl prp lght      [variable]           1/4        (25.0%) 
static props          [variable]           1/2754     ( 0.0%) 
pakfile               [variable]          54/0        ( 0.0%) 
physics               [variable]       60973/4194304  ( 1.5%) 
physics terrain       [variable]         419/1048576  ( 0.0%) 

Level flags = 0

Total triangle count: 1241
Writing d:\steam\steamapps\sourcemods\entropyzero2-addonworkspace\mapsrc\dd_cellars.bsp
0 seconds elapsed



materialPath: D:\steam\steamapps\sourcemods\entropyzero2-addonworkspace\materials
Loading d:\steam\steamapps\sourcemods\entropyzero2-addonworkspace\mapsrc\dd_cellars.vmf
fixing up env_cubemap materials on brush sides...
0...1...2...3...4...5...6...7...8...9...100...1...2...3...4...5...6...7...8...9...10Processing areas...done (0)
Building Faces...done (0)
Chop Details...done (0)
Find Visible Detail Sides...
Merged 78 detail faces...done (0)
Merging details...done (0)
FixTjuncs...
PruneNodes...
WriteBSP...
done (0)
writing d:\steam\steamapps\sourcemods\entropyzero2-addonworkspace\mapsrc\dd_cellars.prt...Building visibility clusters...
done (0)
Finding displacement neighbors...
Finding lightmap sample positions...
Displacement Alpha : 0...1...2...3...4...5...6...7...8...9...10
Building Physics collision data...
done (0) (60893 bytes)
Placing static props...
Placing detail props : 0...1...2...3...4...5...6...7...8...9...10
Compacting texture/material tables...
Reduced 201 texinfos to 127
Reduced 24 texdatas to 22 (587 bytes to 526)
Writing d:\steam\steamapps\sourcemods\entropyzero2-addonworkspace\mapsrc\dd_cellars.bsp
0 seconds elapsed



12 threads
reading d:\steam\steamapps\sourcemods\entropyzero2-addonworkspace\mapsrc\dd_cellars.bsp
reading d:\steam\steamapps\sourcemods\entropyzero2-addonworkspace\mapsrc\dd_cellars.prt
  19 portalclusters
  23 numportals
0...1...2...3...4...5...6...7...8...9...10Optimized: 24 visible clusters (8.25%)
Total clusters visible: 291
Average clusters visible: 15
Building PAS...
Average clusters audible: 19
visdatasize:278  compressed from 304
writing d:\steam\steamapps\sourcemods\entropyzero2-addonworkspace\mapsrc\dd_cellars.bsp
0 seconds elapsed



[Reading texlights from 'lights.rad']
[48 texlights parsed from 'lights.rad']

Loading d:\steam\steamapps\sourcemods\entropyzero2-addonworkspace\mapsrc\dd_cellars.bsp
452 faces
25073 square feet [3610633.25 square inches]
1 Displacements
926 Square Feet [133424.67 Square Inches]
452 patches before subdivision
4566 patches after subdivision
4 direct lights
0...1...2...3...4...5...6...7...8...9...100...1...2...3...4...5...6...7...8...9...10transfers 405926, max 354
transfer lists:   3.1 megs
0...1...2...3...4...5...6...7...8...9...10	Bounce #1 added RGB(1646, 1236, 658)
0...1...2...3...4...5...6...7...8...9...10	Bounce #2 added RGB(298, 216, 98)
Build Patch/Sample Hash Table(s).....Done<0.0006 sec>
0...1...2...3...4...5...6...7...8...9...10FinalLightFace Done
Computing detail prop lighting : 0...1...2...3...4...5...6...7...8...9...10
0 of 0 (0% of) surface lights went in leaf ambient cubes.
0...1...2...3...4...5...6...7...8...9...10Writing leaf ambient...done
Ready to Finish

Object names       Objects/Maxobjs  Memory / Maxmem  Fullness 
------------       ---------------  ---------------  -------- 
models                   1/1024           48/49152    ( 0.1%) 
brushes                190/8192         2280/98304    ( 2.3%) 
brushsides            1390/65536       11120/524288   ( 2.1%) 
planes                 582/65536       11640/1310720  ( 0.9%) 
vertexes               709/65536        8508/786432   ( 1.1%) 
nodes                  125/65536        4000/2097152  ( 0.2%) 
texinfos               127/12288        9144/884736   ( 1.0%) 
texdata                 22/2048          704/65536    ( 1.1%) 
dispinfos                1/0             176/0        ( 0.0%) 
disp_verts              81/0            1620/0        ( 0.0%) 
disp_tris              128/0             256/0        ( 0.0%) 
disp_lmsamples        2448/0            2448/0        ( 0.0%) 
faces                  452/65536       25312/3670016  ( 0.7%) 
hdr faces                0/65536           0/3670016  ( 0.0%) 
origfaces              373/65536       20888/3670016  ( 0.6%) 
leaves                 127/65536        4064/2097152  ( 0.2%) 
leaffaces              463/65536         926/131072   ( 0.7%) 
leafbrushes            332/65536         664/131072   ( 0.5%) 
areas                    2/256            16/2048     ( 0.8%) 
surfedges             3628/512000      14512/2048000  ( 0.7%) 
edges                 2199/256000       8796/1024000  ( 0.9%) 
LDR worldlights          4/65536         352/5767168  ( 0.0%) 
HDR worldlights          0/65536           0/5767168  ( 0.0%) 
leafwaterdata            0/32768           0/393216   ( 0.0%) 
waterstrips             64/32768         640/327680   ( 0.2%) 
waterverts               0/65536           0/786432   ( 0.0%) 
waterindices          1098/65536        2196/131072   ( 1.7%) 
cubemapsamples           0/1024            0/16384    ( 0.0%) 
overlays                 1/8192          352/2883584  ( 0.0%) 
LDR lightdata         [variable]      117480/0        ( 0.0%) 
HDR lightdata         [variable]           0/0        ( 0.0%) 
visdata               [variable]         278/16777216 ( 0.0%) 
entdata               [variable]        1732/393216   ( 0.4%) 
LDR ambient table      127/65536         508/262144   ( 0.2%) 
HDR ambient table      127/65536         508/262144   ( 0.2%) 
LDR leaf ambient       145/65536        4060/1835008  ( 0.2%) 
HDR leaf ambient       127/65536        3556/1835008  ( 0.2%) 
occluders                0/0               0/0        ( 0.0%) 
occluder polygons        0/0               0/0        ( 0.0%) 
occluder vert ind        0/0               0/0        ( 0.0%) 
detail props          [variable]           1/2200     ( 0.0%) 
dtl prp lght          [variable]           1/4        (25.0%) 
HDR dtl prp lght      [variable]           1/4        (25.0%) 
static props          [variable]           1/3014     ( 0.0%) 
pakfile               [variable]          54/0        ( 0.0%) 
physics               [variable]       60893/4194304  ( 1.5%) 
physics terrain       [variable]         335/1048576  ( 0.0%) 

Level flags = 0

Total triangle count: 1246
Writing d:\steam\steamapps\sourcemods\entropyzero2-addonworkspace\mapsrc\dd_cellars.bsp
0 seconds elapsed



materialPath: D:\steam\steamapps\sourcemods\entropyzero2-addonworkspace\materials
Loading d:\steam\steamapps\sourcemods\entropyzero2-addonworkspace\mapsrc\dd_cellars.vmf
fixing up env_cubemap materials on brush sides...
0...1...2...3...4...5...6...7...8...9...100...1...2...3...4...5...6...7...8...9...10Processing areas...done (0)
Building Faces...done (0)
Chop Details...done (0)
Find Visible Detail Sides...
Merged 78 detail faces...done (0)
Merging details...done (0)
FixTjuncs...
PruneNodes...
WriteBSP...
done (0)
writing d:\steam\steamapps\sourcemods\entropyzero2-addonworkspace\mapsrc\dd_cellars.prt...Building visibility clusters...
done (0)
Finding displacement neighbors...
Finding lightmap sample positions...
Displacement Alpha : 0...1...2...3...4...5...6...7...8...9...10
Building Physics collision data...
done (0) (60893 bytes)
Placing static props...
Placing detail props : 0...1...2...3...4...5...6...7...8...9...10
Compacting texture/material tables...
Reduced 201 texinfos to 127
Reduced 24 texdatas to 22 (587 bytes to 526)
Writing d:\steam\steamapps\sourcemods\entropyzero2-addonworkspace\mapsrc\dd_cellars.bsp
0 seconds elapsed



12 threads
reading d:\steam\steamapps\sourcemods\entropyzero2-addonworkspace\mapsrc\dd_cellars.bsp
reading d:\steam\steamapps\sourcemods\entropyzero2-addonworkspace\mapsrc\dd_cellars.prt
  19 portalclusters
  23 numportals
0...1...2...3...4...5...6...7...8...9...10Optimized: 24 visible clusters (8.25%)
Total clusters visible: 291
Average clusters visible: 15
Building PAS...
Average clusters audible: 19
visdatasize:278  compressed from 304
writing d:\steam\steamapps\sourcemods\entropyzero2-addonworkspace\mapsrc\dd_cellars.bsp
0 seconds elapsed



[Reading texlights from 'lights.rad']
[48 texlights parsed from 'lights.rad']

Loading d:\steam\steamapps\sourcemods\entropyzero2-addonworkspace\mapsrc\dd_cellars.bsp
452 faces
25073 square feet [3610633.25 square inches]
1 Displacements
926 Square Feet [133424.67 Square Inches]
452 patches before subdivision
4566 patches after subdivision
4 direct lights
0...1...2...3...4...5...6...7...8...9...100...1...2...3...4...5...6...7...8...9...10transfers 405901, max 354
transfer lists:   3.1 megs
0...1...2...3...4...5...6...7...8...9...10	Bounce #1 added RGB(1646, 1236, 658)
0...1...2...3...4...5...6...7...8...9...10	Bounce #2 added RGB(298, 216, 98)
Build Patch/Sample Hash Table(s).....Done<0.0006 sec>
0...1...2...3...4...5...6...7...8...9...10FinalLightFace Done
Computing detail prop lighting : 0...1...2...3...4...5...6...7...8...9...10
0 of 0 (0% of) surface lights went in leaf ambient cubes.
0...1...2...3...4...5...6...7...8...9...10Writing leaf ambient...done
Ready to Finish

Object names       Objects/Maxobjs  Memory / Maxmem  Fullness 
------------       ---------------  ---------------  -------- 
models                   1/1024           48/49152    ( 0.1%) 
brushes                190/8192         2280/98304    ( 2.3%) 
brushsides            1390/65536       11120/524288   ( 2.1%) 
planes                 582/65536       11640/1310720  ( 0.9%) 
vertexes               709/65536        8508/786432   ( 1.1%) 
nodes                  125/65536        4000/2097152  ( 0.2%) 
texinfos               127/12288        9144/884736   ( 1.0%) 
texdata                 22/2048          704/65536    ( 1.1%) 
dispinfos                1/0             176/0        ( 0.0%) 
disp_verts              81/0            1620/0        ( 0.0%) 
disp_tris              128/0             256/0        ( 0.0%) 
disp_lmsamples        2448/0            2448/0        ( 0.0%) 
faces                  452/65536       25312/3670016  ( 0.7%) 
hdr faces                0/65536           0/3670016  ( 0.0%) 
origfaces              373/65536       20888/3670016  ( 0.6%) 
leaves                 127/65536        4064/2097152  ( 0.2%) 
leaffaces              463/65536         926/131072   ( 0.7%) 
leafbrushes            332/65536         664/131072   ( 0.5%) 
areas                    2/256            16/2048     ( 0.8%) 
surfedges             3628/512000      14512/2048000  ( 0.7%) 
edges                 2199/256000       8796/1024000  ( 0.9%) 
LDR worldlights          4/65536         352/5767168  ( 0.0%) 
HDR worldlights          0/65536           0/5767168  ( 0.0%) 
leafwaterdata            0/32768           0/393216   ( 0.0%) 
waterstrips             64/32768         640/327680   ( 0.2%) 
waterverts               0/65536           0/786432   ( 0.0%) 
waterindices          1098/65536        2196/131072   ( 1.7%) 
cubemapsamples           0/1024            0/16384    ( 0.0%) 
overlays                 1/8192          352/2883584  ( 0.0%) 
LDR lightdata         [variable]      117480/0        ( 0.0%) 
HDR lightdata         [variable]           0/0        ( 0.0%) 
visdata               [variable]         278/16777216 ( 0.0%) 
entdata               [variable]        3283/393216   ( 0.8%) 
LDR ambient table      127/65536         508/262144   ( 0.2%) 
HDR ambient table      127/65536         508/262144   ( 0.2%) 
LDR leaf ambient       144/65536        4032/1835008  ( 0.2%) 
HDR leaf ambient       127/65536        3556/1835008  ( 0.2%) 
occluders                0/0               0/0        ( 0.0%) 
occluder polygons        0/0               0/0        ( 0.0%) 
occluder vert ind        0/0               0/0        ( 0.0%) 
detail props          [variable]           1/2200     ( 0.0%) 
dtl prp lght          [variable]           1/4        (25.0%) 
HDR dtl prp lght      [variable]           1/4        (25.0%) 
static props          [variable]           1/3014     ( 0.0%) 
pakfile               [variable]          54/0        ( 0.0%) 
physics               [variable]       60893/4194304  ( 1.5%) 
physics terrain       [variable]         335/1048576  ( 0.0%) 

Level flags = 0

Total triangle count: 1246
Writing d:\steam\steamapps\sourcemods\entropyzero2-addonworkspace\mapsrc\dd_cellars.bsp
0 seconds elapsed



materialPath: D:\steam\steamapps\sourcemods\entropyzero2-addonworkspace\materials
Loading d:\steam\steamapps\sourcemods\entropyzero2-addonworkspace\mapsrc\dd_cellars.vmf
fixing up env_cubemap materials on brush sides...
0...1...2...3...4...5...6...7...8...9...100...1...2...3...4...5...6...7...8...9...10Processing areas...done (0)
Building Faces...done (0)
Chop Details...done (0)
Find Visible Detail Sides...
Merged 78 detail faces...done (0)
Merging details...done (0)
FixTjuncs...
PruneNodes...
WriteBSP...
done (0)
writing d:\steam\steamapps\sourcemods\entropyzero2-addonworkspace\mapsrc\dd_cellars.prt...Building visibility clusters...
done (0)
Finding displacement neighbors...
Finding lightmap sample positions...
Displacement Alpha : 0...1...2...3...4...5...6...7...8...9...10
Building Physics collision data...
done (0) (60893 bytes)
Placing static props...
Placing detail props : 0...1...2...3...4...5...6...7...8...9...10
Compacting texture/material tables...
Reduced 201 texinfos to 127
Reduced 24 texdatas to 22 (587 bytes to 526)
Writing d:\steam\steamapps\sourcemods\entropyzero2-addonworkspace\mapsrc\dd_cellars.bsp
0 seconds elapsed



12 threads
reading d:\steam\steamapps\sourcemods\entropyzero2-addonworkspace\mapsrc\dd_cellars.bsp
reading d:\steam\steamapps\sourcemods\entropyzero2-addonworkspace\mapsrc\dd_cellars.prt
  19 portalclusters
  23 numportals
0...1...2...3...4...5...6...7...8...9...10Optimized: 24 visible clusters (8.25%)
Total clusters visible: 291
Average clusters visible: 15
Building PAS...
Average clusters audible: 19
visdatasize:278  compressed from 304
writing d:\steam\steamapps\sourcemods\entropyzero2-addonworkspace\mapsrc\dd_cellars.bsp
0 seconds elapsed



[Reading texlights from 'lights.rad']
[48 texlights parsed from 'lights.rad']

Loading d:\steam\steamapps\sourcemods\entropyzero2-addonworkspace\mapsrc\dd_cellars.bsp
452 faces
25073 square feet [3610633.25 square inches]
1 Displacements
926 Square Feet [133424.67 Square Inches]
452 patches before subdivision
4566 patches after subdivision
5 direct lights
0...1...2...3...4...5...6...7...8...9...100...1...2...3...4...5...6...7...8...9...10transfers 404229, max 354
transfer lists:   3.1 megs
0...1...2...3...4...5...6...7...8...9...10	Bounce #1 added RGB(1918, 1400, 740)
0...1...2...3...4...5...6...7...8...9...10	Bounce #2 added RGB(327, 230, 104)
Build Patch/Sample Hash Table(s).....Done<0.0006 sec>
0...1...2...3...4...5...6...7...8...9...10FinalLightFace Done
Computing detail prop lighting : 0...1...2...3...4...5...6...7...8...9...10
0 of 0 (0% of) surface lights went in leaf ambient cubes.
0...1...2...3...4...5...6...7...8...9...10Writing leaf ambient...done
Ready to Finish

Object names       Objects/Maxobjs  Memory / Maxmem  Fullness 
------------       ---------------  ---------------  -------- 
models                   1/1024           48/49152    ( 0.1%) 
brushes                190/8192         2280/98304    ( 2.3%) 
brushsides            1390/65536       11120/524288   ( 2.1%) 
planes                 582/65536       11640/1310720  ( 0.9%) 
vertexes               709/65536        8508/786432   ( 1.1%) 
nodes                  125/65536        4000/2097152  ( 0.2%) 
texinfos               127/12288        9144/884736   ( 1.0%) 
texdata                 22/2048          704/65536    ( 1.1%) 
dispinfos                1/0             176/0        ( 0.0%) 
disp_verts              81/0            1620/0        ( 0.0%) 
disp_tris              128/0             256/0        ( 0.0%) 
disp_lmsamples        2448/0            2448/0        ( 0.0%) 
faces                  452/65536       25312/3670016  ( 0.7%) 
hdr faces                0/65536           0/3670016  ( 0.0%) 
origfaces              373/65536       20888/3670016  ( 0.6%) 
leaves                 127/65536        4064/2097152  ( 0.2%) 
leaffaces              463/65536         926/131072   ( 0.7%) 
leafbrushes            332/65536         664/131072   ( 0.5%) 
areas                    2/256            16/2048     ( 0.8%) 
surfedges             3628/512000      14512/2048000  ( 0.7%) 
edges                 2199/256000       8796/1024000  ( 0.9%) 
LDR worldlights          5/65536         440/5767168  ( 0.0%) 
HDR worldlights          0/65536           0/5767168  ( 0.0%) 
leafwaterdata            0/32768           0/393216   ( 0.0%) 
waterstrips             64/32768         640/327680   ( 0.2%) 
waterverts               0/65536           0/786432   ( 0.0%) 
waterindices          1098/65536        2196/131072   ( 1.7%) 
cubemapsamples           0/1024            0/16384    ( 0.0%) 
overlays                 1/8192          352/2883584  ( 0.0%) 
LDR lightdata         [variable]      117480/0        ( 0.0%) 
HDR lightdata         [variable]           0/0        ( 0.0%) 
visdata               [variable]         278/16777216 ( 0.0%) 
entdata               [variable]        4358/393216   ( 1.1%) 
LDR ambient table      127/65536         508/262144   ( 0.2%) 
HDR ambient table      127/65536         508/262144   ( 0.2%) 
LDR leaf ambient       195/65536        5460/1835008  ( 0.3%) 
HDR leaf ambient       127/65536        3556/1835008  ( 0.2%) 
occluders                0/0               0/0        ( 0.0%) 
occluder polygons        0/0               0/0        ( 0.0%) 
occluder vert ind        0/0               0/0        ( 0.0%) 
detail props          [variable]           1/2200     ( 0.0%) 
dtl prp lght          [variable]           1/4        (25.0%) 
HDR dtl prp lght      [variable]           1/4        (25.0%) 
static props          [variable]           1/3468     ( 0.0%) 
pakfile               [variable]          54/0        ( 0.0%) 
physics               [variable]       60893/4194304  ( 1.5%) 
physics terrain       [variable]         335/1048576  ( 0.0%) 

Level flags = 0

Total triangle count: 1246
Writing d:\steam\steamapps\sourcemods\entropyzero2-addonworkspace\mapsrc\dd_cellars.bsp
0 seconds elapsed



materialPath: D:\steam\steamapps\sourcemods\entropyzero2-addonworkspace\materials
Loading d:\steam\steamapps\sourcemods\entropyzero2-addonworkspace\mapsrc\dd_cellars.vmf
fixing up env_cubemap materials on brush sides...
0...1...2...3...4...5...6...7...8...9...100...1...2...3...4...5...6...7...8...9...10Processing areas...done (0)
Building Faces...done (0)
Chop Details...done (0)
Find Visible Detail Sides...
Merged 78 detail faces...done (0)
Merging details...done (0)
FixTjuncs...
PruneNodes...
WriteBSP...
done (0)
writing d:\steam\steamapps\sourcemods\entropyzero2-addonworkspace\mapsrc\dd_cellars.prt...Building visibility clusters...
done (0)
Finding displacement neighbors...
Finding lightmap sample positions...
Displacement Alpha : 0...1...2...3...4...5...6...7...8...9...10
Building Physics collision data...
done (0) (62069 bytes)
Placing static props...
Placing detail props : 0...1...2...3...4...5...6...7...8...9...10
Compacting texture/material tables...
Reduced 206 texinfos to 132
Reduced 24 texdatas to 22 (587 bytes to 526)
Writing d:\steam\steamapps\sourcemods\entropyzero2-addonworkspace\mapsrc\dd_cellars.bsp
0 seconds elapsed



12 threads
reading d:\steam\steamapps\sourcemods\entropyzero2-addonworkspace\mapsrc\dd_cellars.bsp
reading d:\steam\steamapps\sourcemods\entropyzero2-addonworkspace\mapsrc\dd_cellars.prt
  19 portalclusters
  23 numportals
0...1...2...3...4...5...6...7...8...9...10Optimized: 24 visible clusters (8.25%)
Total clusters visible: 291
Average clusters visible: 15
Building PAS...
Average clusters audible: 19
visdatasize:278  compressed from 304
writing d:\steam\steamapps\sourcemods\entropyzero2-addonworkspace\mapsrc\dd_cellars.bsp
0 seconds elapsed



[Reading texlights from 'lights.rad']
[48 texlights parsed from 'lights.rad']

Loading d:\steam\steamapps\sourcemods\entropyzero2-addonworkspace\mapsrc\dd_cellars.bsp
470 faces
25082 square feet [3611881.25 square inches]
1 Displacements
926 Square Feet [133424.67 Square Inches]
470 patches before subdivision
4584 patches after subdivision
5 direct lights
0...1...2...3...4...5...6...7...8...9...100...1...2...3...4...5...6...7...8...9...10transfers 409494, max 360
transfer lists:   3.1 megs
0...1...2...3...4...5...6...7...8...9...10	Bounce #1 added RGB(1919, 1401, 740)
0...1...2...3...4...5...6...7...8...9...10	Bounce #2 added RGB(327, 230, 104)
Build Patch/Sample Hash Table(s).....Done<0.0007 sec>
0...1...2...3...4...5...6...7...8...9...10FinalLightFace Done
Computing detail prop lighting : 0...1...2...3...4...5...6...7...8...9...10
0 of 0 (0% of) surface lights went in leaf ambient cubes.
0...1...2...3...4...5...6...7...8...9...10Writing leaf ambient...done
Ready to Finish

Object names       Objects/Maxobjs  Memory / Maxmem  Fullness 
------------       ---------------  ---------------  -------- 
models                   1/1024           48/49152    ( 0.1%) 
brushes                193/8192         2316/98304    ( 2.4%) 
brushsides            1408/65536       11264/524288   ( 2.1%) 
planes                 604/65536       12080/1310720  ( 0.9%) 
vertexes               733/65536        8796/786432   ( 1.1%) 
nodes                  125/65536        4000/2097152  ( 0.2%) 
texinfos               132/12288        9504/884736   ( 1.1%) 
texdata                 22/2048          704/65536    ( 1.1%) 
dispinfos                1/0             176/0        ( 0.0%) 
disp_verts              81/0            1620/0        ( 0.0%) 
disp_tris              128/0             256/0        ( 0.0%) 
disp_lmsamples        2448/0            2448/0        ( 0.0%) 
faces                  470/65536       26320/3670016  ( 0.7%) 
hdr faces                0/65536           0/3670016  ( 0.0%) 
origfaces              391/65536       21896/3670016  ( 0.6%) 
leaves                 127/65536        4064/2097152  ( 0.2%) 
leaffaces              485/65536         970/131072   ( 0.7%) 
leafbrushes            336/65536         672/131072   ( 0.5%) 
areas                    2/256            16/2048     ( 0.8%) 
surfedges             3772/512000      15088/2048000  ( 0.7%) 
edges                 2271/256000       9084/1024000  ( 0.9%) 
LDR worldlights          5/65536         440/5767168  ( 0.0%) 
HDR worldlights          0/65536           0/5767168  ( 0.0%) 
leafwaterdata            0/32768           0/393216   ( 0.0%) 
waterstrips             64/32768         640/327680   ( 0.2%) 
waterverts               0/65536           0/786432   ( 0.0%) 
waterindices          1098/65536        2196/131072   ( 1.7%) 
cubemapsamples           0/1024            0/16384    ( 0.0%) 
overlays                 1/8192          352/2883584  ( 0.0%) 
LDR lightdata         [variable]      118488/0        ( 0.0%) 
HDR lightdata         [variable]           0/0        ( 0.0%) 
visdata               [variable]         278/16777216 ( 0.0%) 
entdata               [variable]        5132/393216   ( 1.3%) 
LDR ambient table      127/65536         508/262144   ( 0.2%) 
HDR ambient table      127/65536         508/262144   ( 0.2%) 
LDR leaf ambient       195/65536        5460/1835008  ( 0.3%) 
HDR leaf ambient       127/65536        3556/1835008  ( 0.2%) 
occluders                0/0               0/0        ( 0.0%) 
occluder polygons        0/0               0/0        ( 0.0%) 
occluder vert ind        0/0               0/0        ( 0.0%) 
detail props          [variable]           1/2200     ( 0.0%) 
dtl prp lght          [variable]           1/4        (25.0%) 
HDR dtl prp lght      [variable]           1/4        (25.0%) 
static props          [variable]           1/3796     ( 0.0%) 
pakfile               [variable]          54/0        ( 0.0%) 
physics               [variable]       62069/4194304  ( 1.5%) 
physics terrain       [variable]         335/1048576  ( 0.0%) 

Level flags = 0

Total triangle count: 1282
Writing d:\steam\steamapps\sourcemods\entropyzero2-addonworkspace\mapsrc\dd_cellars.bsp
0 seconds elapsed



materialPath: D:\steam\steamapps\sourcemods\entropyzero2-addonworkspace\materials
Loading d:\steam\steamapps\sourcemods\entropyzero2-addonworkspace\mapsrc\dd_cellars.vmf
fixing up env_cubemap materials on brush sides...
0...1...2...3...4...5...6...7...8...9...100...1...2...3...4...5...6...7...8...9...10Processing areas...done (0)
Building Faces...done (0)
Chop Details...done (0)
Find Visible Detail Sides...
Merged 78 detail faces...done (0)
Merging details...done (0)
FixTjuncs...
PruneNodes...
WriteBSP...
done (0)
writing d:\steam\steamapps\sourcemods\entropyzero2-addonworkspace\mapsrc\dd_cellars.prt...Building visibility clusters...
done (0)
Finding displacement neighbors...
Finding lightmap sample positions...
Displacement Alpha : 0...1...2...3...4...5...6...7...8...9...10
Building Physics collision data...
done (0) (62069 bytes)
Placing static props...
Placing detail props : 0...1...2...3...4...5...6...7...8...9...10
Compacting texture/material tables...
Reduced 201 texinfos to 127
Reduced 24 texdatas to 22 (587 bytes to 526)
Writing d:\steam\steamapps\sourcemods\entropyzero2-addonworkspace\mapsrc\dd_cellars.bsp
0 seconds elapsed



12 threads
reading d:\steam\steamapps\sourcemods\entropyzero2-addonworkspace\mapsrc\dd_cellars.bsp
reading d:\steam\steamapps\sourcemods\entropyzero2-addonworkspace\mapsrc\dd_cellars.prt
  19 portalclusters
  23 numportals
0...1...2...3...4...5...6...7...8...9...10Optimized: 24 visible clusters (8.25%)
Total clusters visible: 291
Average clusters visible: 15
Building PAS...
Average clusters audible: 19
visdatasize:278  compressed from 304
writing d:\steam\steamapps\sourcemods\entropyzero2-addonworkspace\mapsrc\dd_cellars.bsp
0 seconds elapsed



[Reading texlights from 'lights.rad']
[48 texlights parsed from 'lights.rad']

Loading d:\steam\steamapps\sourcemods\entropyzero2-addonworkspace\mapsrc\dd_cellars.bsp
470 faces
25082 square feet [3611881.25 square inches]
1 Displacements
926 Square Feet [133424.67 Square Inches]
470 patches before subdivision
4584 patches after subdivision
11 direct lights
0...1...2...3...4...5...6...7...8...9...100...1...2...3...4...5...6...7...8...9...10transfers 413009, max 363
transfer lists:   3.2 megs
0...1...2...3...4...5...6...7...8...9...10	Bounce #1 added RGB(3784, 2593, 1294)
0...1...2...3...4...5...6...7...8...9...10	Bounce #2 added RGB(524, 332, 142)
Build Patch/Sample Hash Table(s).....Done<0.0008 sec>
0...1...2...3...4...5...6...7...8...9...10FinalLightFace Done
Computing detail prop lighting : 0...1...2...3...4...5...6...7...8...9...10
0 of 0 (0% of) surface lights went in leaf ambient cubes.
0...1...2...3...4...5...6...7...8...9...10Writing leaf ambient...done
Ready to Finish

Object names       Objects/Maxobjs  Memory / Maxmem  Fullness 
------------       ---------------  ---------------  -------- 
models                   1/1024           48/49152    ( 0.1%) 
brushes                193/8192         2316/98304    ( 2.4%) 
brushsides            1408/65536       11264/524288   ( 2.1%) 
planes                 602/65536       12040/1310720  ( 0.9%) 
vertexes               733/65536        8796/786432   ( 1.1%) 
nodes                  125/65536        4000/2097152  ( 0.2%) 
texinfos               127/12288        9144/884736   ( 1.0%) 
texdata                 22/2048          704/65536    ( 1.1%) 
dispinfos                1/0             176/0        ( 0.0%) 
disp_verts              81/0            1620/0        ( 0.0%) 
disp_tris              128/0             256/0        ( 0.0%) 
disp_lmsamples        2448/0            2448/0        ( 0.0%) 
faces                  470/65536       26320/3670016  ( 0.7%) 
hdr faces                0/65536           0/3670016  ( 0.0%) 
origfaces              391/65536       21896/3670016  ( 0.6%) 
leaves                 127/65536        4064/2097152  ( 0.2%) 
leaffaces              485/65536         970/131072   ( 0.7%) 
leafbrushes            336/65536         672/131072   ( 0.5%) 
areas                    2/256            16/2048     ( 0.8%) 
surfedges             3772/512000      15088/2048000  ( 0.7%) 
edges                 2271/256000       9084/1024000  ( 0.9%) 
LDR worldlights         11/65536         968/5767168  ( 0.0%) 
HDR worldlights          0/65536           0/5767168  ( 0.0%) 
leafwaterdata            0/32768           0/393216   ( 0.0%) 
waterstrips             64/32768         640/327680   ( 0.2%) 
waterverts               0/65536           0/786432   ( 0.0%) 
waterindices          1098/65536        2196/131072   ( 1.7%) 
cubemapsamples           0/1024            0/16384    ( 0.0%) 
overlays                 1/8192          352/2883584  ( 0.0%) 
LDR lightdata         [variable]      118488/0        ( 0.0%) 
HDR lightdata         [variable]           0/0        ( 0.0%) 
visdata               [variable]         278/16777216 ( 0.0%) 
entdata               [variable]        6408/393216   ( 1.6%) 
LDR ambient table      127/65536         508/262144   ( 0.2%) 
HDR ambient table      127/65536         508/262144   ( 0.2%) 
LDR leaf ambient       225/65536        6300/1835008  ( 0.3%) 
HDR leaf ambient       127/65536        3556/1835008  ( 0.2%) 
occluders                0/0               0/0        ( 0.0%) 
occluder polygons        0/0               0/0        ( 0.0%) 
occluder vert ind        0/0               0/0        ( 0.0%) 
detail props          [variable]           1/2200     ( 0.0%) 
dtl prp lght          [variable]           1/4        (25.0%) 
HDR dtl prp lght      [variable]           1/4        (25.0%) 
static props          [variable]           1/3796     ( 0.0%) 
pakfile               [variable]          54/0        ( 0.0%) 
physics               [variable]       62069/4194304  ( 1.5%) 
physics terrain       [variable]         335/1048576  ( 0.0%) 

Level flags = 0

Total triangle count: 1282
Writing d:\steam\steamapps\sourcemods\entropyzero2-addonworkspace\mapsrc\dd_cellars.bsp
0 seconds elapsed



materialPath: D:\steam\steamapps\sourcemods\entropyzero2-addonworkspace\materials
Loading d:\steam\steamapps\sourcemods\entropyzero2-addonworkspace\mapsrc\dd_cellars.vmf
fixing up env_cubemap materials on brush sides...
0...1...2...3...4...5...6...7...8...9...10**** leaked ****
Entity move_rope (-776.00 1640.00 133.44) leaked!
--- MAP LEAKED ---



12 threads
reading d:\steam\steamapps\sourcemods\entropyzero2-addonworkspace\mapsrc\dd_cellars.bsp
reading d:\steam\steamapps\sourcemods\entropyzero2-addonworkspace\mapsrc\dd_cellars.prt
LoadPortals: couldn't read d:\steam\steamapps\sourcemods\entropyzero2-addonworkspace\mapsrc\dd_cellars.prt



materialPath: D:\steam\steamapps\sourcemods\entropyzero2-addonworkspace\materials
Loading d:\steam\steamapps\sourcemods\entropyzero2-addonworkspace\mapsrc\dd_cellars.vmf
fixing up env_cubemap materials on brush sides...
0...1...2...3...4...5...6...7...8...9...100...1...2...3...4...5...6...7...8...9...10Processing areas...done (0)
Building Faces...done (0)
Chop Details...done (0)
Find Visible Detail Sides...
Merged 78 detail faces...done (0)
Merging details...done (0)
FixTjuncs...
PruneNodes...
WriteBSP...
done (0)
writing d:\steam\steamapps\sourcemods\entropyzero2-addonworkspace\mapsrc\dd_cellars.prt...Building visibility clusters...
done (0)
Finding displacement neighbors...
Finding lightmap sample positions...
Displacement Alpha : 0...1...2...3...4...5...6...7...8...9...10
Building Physics collision data...
done (0) (63165 bytes)
Placing static props...
Placing detail props : 0...1...2...3...4...5...6...7...8...9...10
Compacting texture/material tables...
Reduced 206 texinfos to 131
Reduced 25 texdatas to 23 (607 bytes to 546)
Writing d:\steam\steamapps\sourcemods\entropyzero2-addonworkspace\mapsrc\dd_cellars.bsp
0 seconds elapsed



12 threads
reading d:\steam\steamapps\sourcemods\entropyzero2-addonworkspace\mapsrc\dd_cellars.bsp
reading d:\steam\steamapps\sourcemods\entropyzero2-addonworkspace\mapsrc\dd_cellars.prt
  19 portalclusters
  23 numportals
0...1...2...3...4...5...6...7...8...9...10Optimized: 24 visible clusters (8.25%)
Total clusters visible: 291
Average clusters visible: 15
Building PAS...
Average clusters audible: 19
visdatasize:278  compressed from 304
writing d:\steam\steamapps\sourcemods\entropyzero2-addonworkspace\mapsrc\dd_cellars.bsp
0 seconds elapsed



[Reading texlights from 'lights.rad']
[48 texlights parsed from 'lights.rad']

Loading d:\steam\steamapps\sourcemods\entropyzero2-addonworkspace\mapsrc\dd_cellars.bsp
488 faces
25599 square feet [3686283.25 square inches]
1 Displacements
926 Square Feet [133424.67 Square Inches]
488 patches before subdivision
4772 patches after subdivision
12 direct lights
0...1...2...3...4...5...6...7...8...9...100...1...2...3...4...5...6...7...8...9...10transfers 437561, max 369
transfer lists:   3.3 megs
0...1...2...3...4...5...6...7...8...9...10	Bounce #1 added RGB(4124, 2750, 1365)
0...1...2...3...4...5...6...7...8...9...10	Bounce #2 added RGB(590, 350, 148)
Build Patch/Sample Hash Table(s).....Done<0.0007 sec>
0...1...2...3...4...5...6...7...8...9...10FinalLightFace Done
Computing detail prop lighting : 0...1...2...3...4...5...6...7...8...9...10
0 of 0 (0% of) surface lights went in leaf ambient cubes.
0...1...2...3...4...5...6...7...8...9...10Writing leaf ambient...done
Ready to Finish

Object names       Objects/Maxobjs  Memory / Maxmem  Fullness 
------------       ---------------  ---------------  -------- 
models                   1/1024           48/49152    ( 0.1%) 
brushes                196/8192         2352/98304    ( 2.4%) 
brushsides            1428/65536       11424/524288   ( 2.2%) 
planes                 620/65536       12400/1310720  ( 0.9%) 
vertexes               756/65536        9072/786432   ( 1.2%) 
nodes                  124/65536        3968/2097152  ( 0.2%) 
texinfos               131/12288        9432/884736   ( 1.1%) 
texdata                 23/2048          736/65536    ( 1.1%) 
dispinfos                1/0             176/0        ( 0.0%) 
disp_verts              81/0            1620/0        ( 0.0%) 
disp_tris              128/0             256/0        ( 0.0%) 
disp_lmsamples        2448/0            2448/0        ( 0.0%) 
faces                  488/65536       27328/3670016  ( 0.7%) 
hdr faces                0/65536           0/3670016  ( 0.0%) 
origfaces              405/65536       22680/3670016  ( 0.6%) 
leaves                 126/65536        4032/2097152  ( 0.2%) 
leaffaces              519/65536        1038/131072   ( 0.8%) 
leafbrushes            341/65536         682/131072   ( 0.5%) 
areas                    2/256            16/2048     ( 0.8%) 
surfedges             3904/512000      15616/2048000  ( 0.8%) 
edges                 2365/256000       9460/1024000  ( 0.9%) 
LDR worldlights         12/65536        1056/5767168  ( 0.0%) 
HDR worldlights          0/65536           0/5767168  ( 0.0%) 
leafwaterdata            0/32768           0/393216   ( 0.0%) 
waterstrips             64/32768         640/327680   ( 0.2%) 
waterverts               0/65536           0/786432   ( 0.0%) 
waterindices          1098/65536        2196/131072   ( 1.7%) 
cubemapsamples           0/1024            0/16384    ( 0.0%) 
overlays                 1/8192          352/2883584  ( 0.0%) 
LDR lightdata         [variable]      126176/0        ( 0.0%) 
HDR lightdata         [variable]           0/0        ( 0.0%) 
visdata               [variable]         278/16777216 ( 0.0%) 
entdata               [variable]        7619/393216   ( 1.9%) 
LDR ambient table      126/65536         504/262144   ( 0.2%) 
HDR ambient table      126/65536         504/262144   ( 0.2%) 
LDR leaf ambient       227/65536        6356/1835008  ( 0.3%) 
HDR leaf ambient       126/65536        3528/1835008  ( 0.2%) 
occluders                0/0               0/0        ( 0.0%) 
occluder polygons        0/0               0/0        ( 0.0%) 
occluder vert ind        0/0               0/0        ( 0.0%) 
detail props          [variable]           1/2200     ( 0.0%) 
dtl prp lght          [variable]           1/4        (25.0%) 
HDR dtl prp lght      [variable]           1/4        (25.0%) 
static props          [variable]           1/3796     ( 0.0%) 
pakfile               [variable]          54/0        ( 0.0%) 
physics               [variable]       63165/4194304  ( 1.5%) 
physics terrain       [variable]         335/1048576  ( 0.0%) 

Level flags = 0

Total triangle count: 1322
Writing d:\steam\steamapps\sourcemods\entropyzero2-addonworkspace\mapsrc\dd_cellars.bsp
0 seconds elapsed



materialPath: D:\steam\steamapps\sourcemods\entropyzero2-addonworkspace\materials
Loading d:\steam\steamapps\sourcemods\entropyzero2-addonworkspace\mapsrc\dd_cellars.vmf
fixing up env_cubemap materials on brush sides...
0...1...2...3...4...5...6...7...8...9...100...1...2...3...4...5...6...7...8...9...10Processing areas...done (0)
Building Faces...done (0)
Chop Details...done (0)
Find Visible Detail Sides...
Merged 78 detail faces...done (0)
Merging details...done (0)
FixTjuncs...
PruneNodes...
WriteBSP...
done (0)
writing d:\steam\steamapps\sourcemods\entropyzero2-addonworkspace\mapsrc\dd_cellars.prt...Building visibility clusters...
done (0)
Finding displacement neighbors...
Finding lightmap sample positions...
Displacement Alpha : 0...1...2...3...4...5...6...7...8...9...10
Building Physics collision data...
done (0) (63165 bytes)
Placing static props...
Placing detail props : 0...1...2...3...4...5...6...7...8...9...10
Compacting texture/material tables...
Reduced 206 texinfos to 131
Reduced 25 texdatas to 23 (607 bytes to 546)
Writing d:\steam\steamapps\sourcemods\entropyzero2-addonworkspace\mapsrc\dd_cellars.bsp
0 seconds elapsed



12 threads
reading d:\steam\steamapps\sourcemods\entropyzero2-addonworkspace\mapsrc\dd_cellars.bsp
reading d:\steam\steamapps\sourcemods\entropyzero2-addonworkspace\mapsrc\dd_cellars.prt
  19 portalclusters
  23 numportals
0...1...2...3...4...5...6...7...8...9...10Optimized: 24 visible clusters (8.25%)
Total clusters visible: 291
Average clusters visible: 15
Building PAS...
Average clusters audible: 19
visdatasize:278  compressed from 304
writing d:\steam\steamapps\sourcemods\entropyzero2-addonworkspace\mapsrc\dd_cellars.bsp
0 seconds elapsed



[Reading texlights from 'lights.rad']
[48 texlights parsed from 'lights.rad']

Loading d:\steam\steamapps\sourcemods\entropyzero2-addonworkspace\mapsrc\dd_cellars.bsp
488 faces
25599 square feet [3686283.25 square inches]
1 Displacements
926 Square Feet [133424.67 Square Inches]
488 patches before subdivision
4772 patches after subdivision
12 direct lights
0...1...2...3...4...5...6...7...8...9...100...1...2...3...4...5...6...7...8...9...10transfers 437561, max 369
transfer lists:   3.3 megs
0...1...2...3...4...5...6...7...8...9...10	Bounce #1 added RGB(4124, 2750, 1365)
0...1...2...3...4...5...6...7...8...9...10	Bounce #2 added RGB(590, 350, 148)
Build Patch/Sample Hash Table(s).....Done<0.0006 sec>
0...1...2...3...4...5...6...7...8...9...10FinalLightFace Done
Computing detail prop lighting : 0...1...2...3...4...5...6...7...8...9...10
0 of 0 (0% of) surface lights went in leaf ambient cubes.
0...1...2...3...4...5...6...7...8...9...10Writing leaf ambient...done
Ready to Finish

Object names       Objects/Maxobjs  Memory / Maxmem  Fullness 
------------       ---------------  ---------------  -------- 
models                   1/1024           48/49152    ( 0.1%) 
brushes                196/8192         2352/98304    ( 2.4%) 
brushsides            1428/65536       11424/524288   ( 2.2%) 
planes                 620/65536       12400/1310720  ( 0.9%) 
vertexes               756/65536        9072/786432   ( 1.2%) 
nodes                  124/65536        3968/2097152  ( 0.2%) 
texinfos               131/12288        9432/884736   ( 1.1%) 
texdata                 23/2048          736/65536    ( 1.1%) 
dispinfos                1/0             176/0        ( 0.0%) 
disp_verts              81/0            1620/0        ( 0.0%) 
disp_tris              128/0             256/0        ( 0.0%) 
disp_lmsamples        2448/0            2448/0        ( 0.0%) 
faces                  488/65536       27328/3670016  ( 0.7%) 
hdr faces                0/65536           0/3670016  ( 0.0%) 
origfaces              405/65536       22680/3670016  ( 0.6%) 
leaves                 126/65536        4032/2097152  ( 0.2%) 
leaffaces              519/65536        1038/131072   ( 0.8%) 
leafbrushes            341/65536         682/131072   ( 0.5%) 
areas                    2/256            16/2048     ( 0.8%) 
surfedges             3904/512000      15616/2048000  ( 0.8%) 
edges                 2365/256000       9460/1024000  ( 0.9%) 
LDR worldlights         12/65536        1056/5767168  ( 0.0%) 
HDR worldlights          0/65536           0/5767168  ( 0.0%) 
leafwaterdata            0/32768           0/393216   ( 0.0%) 
waterstrips             64/32768         640/327680   ( 0.2%) 
waterverts               0/65536           0/786432   ( 0.0%) 
waterindices          1098/65536        2196/131072   ( 1.7%) 
cubemapsamples           0/1024            0/16384    ( 0.0%) 
overlays                 1/8192          352/2883584  ( 0.0%) 
LDR lightdata         [variable]      126176/0        ( 0.0%) 
HDR lightdata         [variable]           0/0        ( 0.0%) 
visdata               [variable]         278/16777216 ( 0.0%) 
entdata               [variable]        7040/393216   ( 1.8%) 
LDR ambient table      126/65536         504/262144   ( 0.2%) 
HDR ambient table      126/65536         504/262144   ( 0.2%) 
LDR leaf ambient       227/65536        6356/1835008  ( 0.3%) 
HDR leaf ambient       126/65536        3528/1835008  ( 0.2%) 
occluders                0/0               0/0        ( 0.0%) 
occluder polygons        0/0               0/0        ( 0.0%) 
occluder vert ind        0/0               0/0        ( 0.0%) 
detail props          [variable]           1/2200     ( 0.0%) 
dtl prp lght          [variable]           1/4        (25.0%) 
HDR dtl prp lght      [variable]           1/4        (25.0%) 
static props          [variable]           1/3796     ( 0.0%) 
pakfile               [variable]          54/0        ( 0.0%) 
physics               [variable]       63165/4194304  ( 1.5%) 
physics terrain       [variable]         335/1048576  ( 0.0%) 

Level flags = 0

Total triangle count: 1322
Writing d:\steam\steamapps\sourcemods\entropyzero2-addonworkspace\mapsrc\dd_cellars.bsp
0 seconds elapsed



materialPath: D:\steam\steamapps\sourcemods\entropyzero2-addonworkspace\materials
Loading d:\steam\steamapps\sourcemods\entropyzero2-addonworkspace\mapsrc\dd_cellars.vmf
fixing up env_cubemap materials on brush sides...
0...1...2...3...4...5...6...7...8...9...100...1...2...3...4...5...6...7...8...9...10Processing areas...done (0)
Building Faces...done (0)
Chop Details...done (0)
Find Visible Detail Sides...
Merged 80 detail faces...done (0)
Merging details...done (0)
FixTjuncs...
PruneNodes...
WriteBSP...
done (0)
writing d:\steam\steamapps\sourcemods\entropyzero2-addonworkspace\mapsrc\dd_cellars.prt...Building visibility clusters...
done (0)
Finding displacement neighbors...
Finding lightmap sample positions...
Displacement Alpha : 0...1...2...3...4...5...6...7...8...9...10
Building Physics collision data...
done (0) (64293 bytes)
Placing static props...
Placing detail props : 0...1...2...3...4...5...6...7...8...9...10
Compacting texture/material tables...
Reduced 238 texinfos to 150
Reduced 27 texdatas to 25 (653 bytes to 592)
Writing d:\steam\steamapps\sourcemods\entropyzero2-addonworkspace\mapsrc\dd_cellars.bsp
0 seconds elapsed



12 threads
reading d:\steam\steamapps\sourcemods\entropyzero2-addonworkspace\mapsrc\dd_cellars.bsp
reading d:\steam\steamapps\sourcemods\entropyzero2-addonworkspace\mapsrc\dd_cellars.prt
  19 portalclusters
  23 numportals
0...1...2...3...4...5...6...7...8...9...10Optimized: 24 visible clusters (8.25%)
Total clusters visible: 291
Average clusters visible: 15
Building PAS...
Average clusters audible: 19
visdatasize:278  compressed from 304
writing d:\steam\steamapps\sourcemods\entropyzero2-addonworkspace\mapsrc\dd_cellars.bsp
0 seconds elapsed



[Reading texlights from 'lights.rad']
[48 texlights parsed from 'lights.rad']

Loading d:\steam\steamapps\sourcemods\entropyzero2-addonworkspace\mapsrc\dd_cellars.bsp
530 faces
26361 square feet [3796036.25 square inches]
29 Displacements
1650 Square Feet [237620.06 Square Inches]
530 patches before subdivision
4850 patches after subdivision
12 direct lights
0...1...2...3...4...5...6...7...8...9...100...1...2...3...4...5...6...7...8...9...10transfers 421772, max 372
transfer lists:   3.2 megs
0...1...2...3...4...5...6...7...8...9...10	Bounce #1 added RGB(4018, 2688, 1333)
0...1...2...3...4...5...6...7...8...9...10	Bounce #2 added RGB(561, 336, 142)
Build Patch/Sample Hash Table(s).....Done<0.0007 sec>
0...1...2...3...4...5...6...7...8...9...10FinalLightFace Done
Computing detail prop lighting : 0...1...2...3...4...5...6...7...8...9...10
0 of 0 (0% of) surface lights went in leaf ambient cubes.
0...1...2...3...4...5...6...7...8...9...10Writing leaf ambient...done
Ready to Finish

Object names       Objects/Maxobjs  Memory / Maxmem  Fullness 
------------       ---------------  ---------------  -------- 
models                   1/1024           48/49152    ( 0.1%) 
brushes                199/8192         2388/98304    ( 2.4%) 
brushsides            1459/65536       11672/524288   ( 2.2%) 
planes                 688/65536       13760/1310720  ( 1.0%) 
vertexes               813/65536        9756/786432   ( 1.2%) 
nodes                  123/65536        3936/2097152  ( 0.2%) 
texinfos               150/12288       10800/884736   ( 1.2%) 
texdata                 25/2048          800/65536    ( 1.2%) 
dispinfos               29/0            5104/0        ( 0.0%) 
disp_verts            2349/0           46980/0        ( 0.0%) 
disp_tris             3712/0            7424/0        ( 0.0%) 
disp_lmsamples        8064/0            8064/0        ( 0.0%) 
faces                  530/65536       29680/3670016  ( 0.8%) 
hdr faces                0/65536           0/3670016  ( 0.0%) 
origfaces              443/65536       24808/3670016  ( 0.7%) 
leaves                 125/65536        4000/2097152  ( 0.2%) 
leaffaces              525/65536        1050/131072   ( 0.8%) 
leafbrushes            343/65536         686/131072   ( 0.5%) 
areas                    2/256            16/2048     ( 0.8%) 
surfedges             4251/512000      17004/2048000  ( 0.8%) 
edges                 2558/256000      10232/1024000  ( 1.0%) 
LDR worldlights         12/65536        1056/5767168  ( 0.0%) 
HDR worldlights          0/65536           0/5767168  ( 0.0%) 
leafwaterdata            0/32768           0/393216   ( 0.0%) 
waterstrips             68/32768         680/327680   ( 0.2%) 
waterverts               0/65536           0/786432   ( 0.0%) 
waterindices          1179/65536        2358/131072   ( 1.8%) 
cubemapsamples           0/1024            0/16384    ( 0.0%) 
overlays                 1/8192          352/2883584  ( 0.0%) 
LDR lightdata         [variable]      134560/0        ( 0.0%) 
HDR lightdata         [variable]           0/0        ( 0.0%) 
visdata               [variable]         278/16777216 ( 0.0%) 
entdata               [variable]        6136/393216   ( 1.6%) 
LDR ambient table      125/65536         500/262144   ( 0.2%) 
HDR ambient table      125/65536         500/262144   ( 0.2%) 
LDR leaf ambient       227/65536        6356/1835008  ( 0.3%) 
HDR leaf ambient       125/65536        3500/1835008  ( 0.2%) 
occluders                0/0               0/0        ( 0.0%) 
occluder polygons        0/0               0/0        ( 0.0%) 
occluder vert ind        0/0               0/0        ( 0.0%) 
detail props          [variable]           1/2200     ( 0.0%) 
dtl prp lght          [variable]           1/4        (25.0%) 
HDR dtl prp lght      [variable]           1/4        (25.0%) 
static props          [variable]           1/3994     ( 0.0%) 
pakfile               [variable]          54/0        ( 0.0%) 
physics               [variable]       64293/4194304  ( 1.5%) 
physics terrain       [variable]       11353/1048576  ( 1.1%) 

Level flags = 0

Total triangle count: 1433
Writing d:\steam\steamapps\sourcemods\entropyzero2-addonworkspace\mapsrc\dd_cellars.bsp
0 seconds elapsed



materialPath: D:\steam\steamapps\sourcemods\entropyzero2-addonworkspace\materials
Loading d:\steam\steamapps\sourcemods\entropyzero2-addonworkspace\mapsrc\dd_cellars.vmf
fixing up env_cubemap materials on brush sides...
0...1...2...3...4...5...6...7...8...9...100...1...2...3...4...5...6...7...8...9...10Processing areas...done (0)
Building Faces...done (0)
Chop Details...done (0)
Find Visible Detail Sides...
Merged 80 detail faces...done (0)
Merging details...done (0)
FixTjuncs...
PruneNodes...
WriteBSP...
done (0)
writing d:\steam\steamapps\sourcemods\entropyzero2-addonworkspace\mapsrc\dd_cellars.prt...Building visibility clusters...
done (0)
Finding displacement neighbors...
Finding lightmap sample positions...
Displacement Alpha : 0...1...2...3...4...5...6...7...8...9...10
Building Physics collision data...
done (0) (77661 bytes)
Placing static props...
Placing detail props : 0...1...2...3...4...5...6...7...8...9...10
Compacting texture/material tables...
Reduced 269 texinfos to 176
Reduced 32 texdatas to 29 (807 bytes to 706)
Writing d:\steam\steamapps\sourcemods\entropyzero2-addonworkspace\mapsrc\dd_cellars.bsp
0 seconds elapsed



12 threads
reading d:\steam\steamapps\sourcemods\entropyzero2-addonworkspace\mapsrc\dd_cellars.bsp
reading d:\steam\steamapps\sourcemods\entropyzero2-addonworkspace\mapsrc\dd_cellars.prt
  25 portalclusters
  36 numportals
0...1...2...3...4...5...6...7...8...9...10Optimized: 24 visible clusters (4.25%)
Total clusters visible: 565
Average clusters visible: 22
Building PAS...
Average clusters audible: 25
visdatasize:412  compressed from 400
writing d:\steam\steamapps\sourcemods\entropyzero2-addonworkspace\mapsrc\dd_cellars.bsp
0 seconds elapsed



[Reading texlights from 'lights.rad']
[48 texlights parsed from 'lights.rad']

Loading d:\steam\steamapps\sourcemods\entropyzero2-addonworkspace\mapsrc\dd_cellars.bsp
637 faces
39735 square feet [5721916.00 square inches]
29 Displacements
1650 Square Feet [237620.06 Square Inches]
637 patches before subdivision
6915 patches after subdivision
12 direct lights
0...1...2...3...4...5...6...7...8...9...100...1...2...3...4...5...6...7...8...9...10transfers 676772, max 389
transfer lists:   5.2 megs
0...1...2...3...4...5...6...7...8...9...10	Bounce #1 added RGB(4066, 2789, 1387)
0...1...2...3...4...5...6...7...8...9...10	Bounce #2 added RGB(564, 358, 152)
Build Patch/Sample Hash Table(s).....Done<0.0010 sec>
0...1...2...3...4...5...6...7...8...9...10FinalLightFace Done
Computing detail prop lighting : 0...1...2...3...4...5...6...7...8...9...10
0 of 0 (0% of) surface lights went in leaf ambient cubes.
0...1...2...3...4...5...6...7...8...9...10Writing leaf ambient...done
Ready to Finish

Object names       Objects/Maxobjs  Memory / Maxmem  Fullness 
------------       ---------------  ---------------  -------- 
models                   1/1024           48/49152    ( 0.1%) 
brushes                226/8192         2712/98304    ( 2.8%) 
brushsides            1642/65536       13136/524288   ( 2.5%) 
planes                 742/65536       14840/1310720  ( 1.1%) 
vertexes               954/65536       11448/786432   ( 1.5%) 
nodes                  141/65536        4512/2097152  ( 0.2%) 
texinfos               176/12288       12672/884736   ( 1.4%) 
texdata                 29/2048          928/65536    ( 1.4%) 
dispinfos               29/0            5104/0        ( 0.0%) 
disp_verts            2349/0           46980/0        ( 0.0%) 
disp_tris             3712/0            7424/0        ( 0.0%) 
disp_lmsamples        8064/0            8064/0        ( 0.0%) 
faces                  637/65536       35672/3670016  ( 1.0%) 
hdr faces                0/65536           0/3670016  ( 0.0%) 
origfaces              535/65536       29960/3670016  ( 0.8%) 
leaves                 143/65536        4576/2097152  ( 0.2%) 
leaffaces              647/65536        1294/131072   ( 1.0%) 
leafbrushes            390/65536         780/131072   ( 0.6%) 
areas                    2/256            16/2048     ( 0.8%) 
surfedges             5134/512000      20536/2048000  ( 1.0%) 
edges                 3085/256000      12340/1024000  ( 1.2%) 
LDR worldlights         12/65536        1056/5767168  ( 0.0%) 
HDR worldlights          0/65536           0/5767168  ( 0.0%) 
leafwaterdata            0/32768           0/393216   ( 0.0%) 
waterstrips             74/32768         740/327680   ( 0.2%) 
waterverts               0/65536           0/786432   ( 0.0%) 
waterindices          1332/65536        2664/131072   ( 2.0%) 
cubemapsamples           0/1024            0/16384    ( 0.0%) 
overlays                 1/8192          352/2883584  ( 0.0%) 
LDR lightdata         [variable]      182012/0        ( 0.0%) 
HDR lightdata         [variable]           0/0        ( 0.0%) 
visdata               [variable]         412/16777216 ( 0.0%) 
entdata               [variable]        6137/393216   ( 1.6%) 
LDR ambient table      143/65536         572/262144   ( 0.2%) 
HDR ambient table      143/65536         572/262144   ( 0.2%) 
LDR leaf ambient       294/65536        8232/1835008  ( 0.4%) 
HDR leaf ambient       143/65536        4004/1835008  ( 0.2%) 
occluders                0/0               0/0        ( 0.0%) 
occluder polygons        0/0               0/0        ( 0.0%) 
occluder vert ind        0/0               0/0        ( 0.0%) 
detail props          [variable]           1/2200     ( 0.0%) 
dtl prp lght          [variable]           1/4        (25.0%) 
HDR dtl prp lght      [variable]           1/4        (25.0%) 
static props          [variable]           1/4262     ( 0.0%) 
pakfile               [variable]         356/0        ( 0.0%) 
physics               [variable]       77661/4194304  ( 1.9%) 
physics terrain       [variable]       11353/1048576  ( 1.1%) 

Level flags = 0

Total triangle count: 1730
Writing d:\steam\steamapps\sourcemods\entropyzero2-addonworkspace\mapsrc\dd_cellars.bsp
0 seconds elapsed



materialPath: D:\steam\steamapps\sourcemods\entropyzero2-addonworkspace\materials
Loading d:\steam\steamapps\sourcemods\entropyzero2-addonworkspace\mapsrc\dd_cellars.vmf
ConVarRef mat_reduceparticles doesn't point to an existing ConVar
fixing up env_cubemap materials on brush sides...
0...1...2...3...4...5...6...7...8...9...100...1...2...3...4...5...6...7...8...9...10Processing areas...done (0)
Building Faces...done (0)
Chop Details...done (0)
Find Visible Detail Sides...
Merged 88 detail faces...done (0)
Merging details...done (0)
FixTjuncs...
PruneNodes...
WriteBSP...
done (0)
writing d:\steam\steamapps\sourcemods\entropyzero2-addonworkspace\mapsrc\dd_cellars.prt...Building visibility clusters...
done (0)
Finding displacement neighbors...
Finding lightmap sample positions...
Displacement Alpha : 0...1...2...3...4...5...6...7...8...9...10
Building Physics collision data...
done (0) (91469 bytes)
Placing static props...
Placing detail props : 0...1...2...3...4...5...6...7...8...9...10
Compacting texture/material tables...
Reduced 305 texinfos to 205
Reduced 40 texdatas to 38 (992 bytes to 931)
Writing d:\steam\steamapps\sourcemods\entropyzero2-addonworkspace\mapsrc\dd_cellars.bsp
0 seconds elapsed



12 threads
reading d:\steam\steamapps\sourcemods\entropyzero2-addonworkspace\mapsrc\dd_cellars.bsp
reading d:\steam\steamapps\sourcemods\entropyzero2-addonworkspace\mapsrc\dd_cellars.prt
  41 portalclusters
  75 numportals
0...1...2...3...4...5...6...7...8...9...10Optimized: 37 visible clusters (2.46%)
Total clusters visible: 1502
Average clusters visible: 36
Building PAS...
Average clusters audible: 41
visdatasize:834  compressed from 656
writing d:\steam\steamapps\sourcemods\entropyzero2-addonworkspace\mapsrc\dd_cellars.bsp
0 seconds elapsed



[Reading texlights from 'lights.rad']
[48 texlights parsed from 'lights.rad']

Loading d:\steam\steamapps\sourcemods\entropyzero2-addonworkspace\mapsrc\dd_cellars.bsp
704 faces
42450 square feet [6112874.00 square inches]
1 Displacements
926 Square Feet [133424.67 Square Inches]
704 patches before subdivision
7114 patches after subdivision
10 direct lights
0...1...2...3...4...5...6...7...8...9...100...1...2...3...4...5...6...7...8...9...10transfers 614377, max 384
transfer lists:   4.7 megs
0...1...2...3...4...5...6...7...8...9...10	Bounce #1 added RGB(4337, 3091, 1544)
0...1...2...3...4...5...6...7...8...9...10	Bounce #2 added RGB(824, 552, 226)
Build Patch/Sample Hash Table(s).....Done<0.0011 sec>
0...1...2...3...4...5...6...7...8...9...10FinalLightFace Done
Computing detail prop lighting : 0...1...2...3...4...5...6...7...8...9...10
0 of 0 (0% of) surface lights went in leaf ambient cubes.
0...1...2...3...4...5...6...7...8...9...10Writing leaf ambient...done
Ready to Finish

Object names       Objects/Maxobjs  Memory / Maxmem  Fullness 
------------       ---------------  ---------------  -------- 
models                   1/1024           48/49152    ( 0.1%) 
brushes                264/8192         3168/98304    ( 3.2%) 
brushsides            1918/65536       15344/524288   ( 2.9%) 
planes                 736/65536       14720/1310720  ( 1.1%) 
vertexes              1062/65536       12744/786432   ( 1.6%) 
nodes                  173/65536        5536/2097152  ( 0.3%) 
texinfos               205/12288       14760/884736   ( 1.7%) 
texdata                 38/2048         1216/65536    ( 1.9%) 
dispinfos                1/0             176/0        ( 0.0%) 
disp_verts              81/0            1620/0        ( 0.0%) 
disp_tris              128/0             256/0        ( 0.0%) 
disp_lmsamples        2448/0            2448/0        ( 0.0%) 
faces                  704/65536       39424/3670016  ( 1.1%) 
hdr faces                0/65536           0/3670016  ( 0.0%) 
origfaces              592/65536       33152/3670016  ( 0.9%) 
leaves                 175/65536        5600/2097152  ( 0.3%) 
leaffaces              755/65536        1510/131072   ( 1.2%) 
leafbrushes            449/65536         898/131072   ( 0.7%) 
areas                    2/256            16/2048     ( 0.8%) 
surfedges             5708/512000      22832/2048000  ( 1.1%) 
edges                 3421/256000      13684/1024000  ( 1.3%) 
LDR worldlights         10/65536         880/5767168  ( 0.0%) 
HDR worldlights          0/65536           0/5767168  ( 0.0%) 
leafwaterdata            0/32768           0/393216   ( 0.0%) 
waterstrips             92/32768         920/327680   ( 0.3%) 
waterverts               0/65536           0/786432   ( 0.0%) 
waterindices          1647/65536        3294/131072   ( 2.5%) 
cubemapsamples           0/1024            0/16384    ( 0.0%) 
overlays                 3/8192         1056/2883584  ( 0.0%) 
LDR lightdata         [variable]      226828/0        ( 0.0%) 
HDR lightdata         [variable]           0/0        ( 0.0%) 
visdata               [variable]         834/16777216 ( 0.0%) 
entdata               [variable]        6624/393216   ( 1.7%) 
LDR ambient table      175/65536         700/262144   ( 0.3%) 
HDR ambient table      175/65536         700/262144   ( 0.3%) 
LDR leaf ambient       351/65536        9828/1835008  ( 0.5%) 
HDR leaf ambient       175/65536        4900/1835008  ( 0.3%) 
occluders                0/0               0/0        ( 0.0%) 
occluder polygons        0/0               0/0        ( 0.0%) 
occluder vert ind        0/0               0/0        ( 0.0%) 
detail props          [variable]           1/2200     ( 0.0%) 
dtl prp lght          [variable]           1/4        (25.0%) 
HDR dtl prp lght      [variable]           1/4        (25.0%) 
static props          [variable]           1/7450     ( 0.0%) 
pakfile               [variable]          54/0        ( 0.0%) 
physics               [variable]       91469/4194304  ( 2.2%) 
physics terrain       [variable]         335/1048576  ( 0.0%) 

Level flags = 0

Total triangle count: 1942
Writing d:\steam\steamapps\sourcemods\entropyzero2-addonworkspace\mapsrc\dd_cellars.bsp
0 seconds elapsed



materialPath: D:\steam\steamapps\sourcemods\entropyzero2-addonworkspace\materials
Loading d:\steam\steamapps\sourcemods\entropyzero2-addonworkspace\mapsrc\dd_cellars.vmf
ConVarRef mat_reduceparticles doesn't point to an existing ConVar
fixing up env_cubemap materials on brush sides...
0...1...2...3...4...5...6...7...8...9...100...1...2...3...4...5...6...7...8...9...10Processing areas...done (0)
Building Faces...done (0)
Chop Details...done (0)
Find Visible Detail Sides...
Merged 88 detail faces...done (0)
Merging details...done (0)
FixTjuncs...
PruneNodes...
WriteBSP...
done (0)
writing d:\steam\steamapps\sourcemods\entropyzero2-addonworkspace\mapsrc\dd_cellars.prt...Building visibility clusters...
done (0)
Finding displacement neighbors...
Finding lightmap sample positions...
Displacement Alpha : 0...1...2...3...4...5...6...7...8...9...10
Building Physics collision data...
done (0) (91469 bytes)
Placing static props...
Placing detail props : 0...1...2...3...4...5...6...7...8...9...10
Compacting texture/material tables...
Reduced 305 texinfos to 205
Reduced 40 texdatas to 38 (992 bytes to 931)
Writing d:\steam\steamapps\sourcemods\entropyzero2-addonworkspace\mapsrc\dd_cellars.bsp
0 seconds elapsed



12 threads
reading d:\steam\steamapps\sourcemods\entropyzero2-addonworkspace\mapsrc\dd_cellars.bsp
reading d:\steam\steamapps\sourcemods\entropyzero2-addonworkspace\mapsrc\dd_cellars.prt
  41 portalclusters
  75 numportals
0...1...2...3...4...5...6...7...8...9...10Optimized: 37 visible clusters (2.46%)
Total clusters visible: 1502
Average clusters visible: 36
Building PAS...
Average clusters audible: 41
visdatasize:834  compressed from 656
writing d:\steam\steamapps\sourcemods\entropyzero2-addonworkspace\mapsrc\dd_cellars.bsp
0 seconds elapsed



[Reading texlights from 'lights.rad']
[48 texlights parsed from 'lights.rad']

Loading d:\steam\steamapps\sourcemods\entropyzero2-addonworkspace\mapsrc\dd_cellars.bsp
704 faces
42450 square feet [6112874.00 square inches]
1 Displacements
926 Square Feet [133424.67 Square Inches]
704 patches before subdivision
7114 patches after subdivision
10 direct lights
0...1...2...3...4...5...6...7...8...9...100...1...2...3...4...5...6...7...8...9...10transfers 614377, max 384
transfer lists:   4.7 megs
0...1...2...3...4...5...6...7...8...9...10	Bounce #1 added RGB(4337, 3091, 1544)
0...1...2...3...4...5...6...7...8...9...10	Bounce #2 added RGB(824, 552, 226)
Build Patch/Sample Hash Table(s).....Done<0.0010 sec>
0...1...2...3...4...5...6...7...8...9...10FinalLightFace Done
Computing detail prop lighting : 0...1...2...3...4...5...6...7...8...9...10
0 of 0 (0% of) surface lights went in leaf ambient cubes.
0...1...2...3...4...5...6...7...8...9...10Writing leaf ambient...done
Ready to Finish

Object names       Objects/Maxobjs  Memory / Maxmem  Fullness 
------------       ---------------  ---------------  -------- 
models                   1/1024           48/49152    ( 0.1%) 
brushes                264/8192         3168/98304    ( 3.2%) 
brushsides            1918/65536       15344/524288   ( 2.9%) 
planes                 736/65536       14720/1310720  ( 1.1%) 
vertexes              1062/65536       12744/786432   ( 1.6%) 
nodes                  173/65536        5536/2097152  ( 0.3%) 
texinfos               205/12288       14760/884736   ( 1.7%) 
texdata                 38/2048         1216/65536    ( 1.9%) 
dispinfos                1/0             176/0        ( 0.0%) 
disp_verts              81/0            1620/0        ( 0.0%) 
disp_tris              128/0             256/0        ( 0.0%) 
disp_lmsamples        2448/0            2448/0        ( 0.0%) 
faces                  704/65536       39424/3670016  ( 1.1%) 
hdr faces                0/65536           0/3670016  ( 0.0%) 
origfaces              592/65536       33152/3670016  ( 0.9%) 
leaves                 175/65536        5600/2097152  ( 0.3%) 
leaffaces              755/65536        1510/131072   ( 1.2%) 
leafbrushes            449/65536         898/131072   ( 0.7%) 
areas                    2/256            16/2048     ( 0.8%) 
surfedges             5708/512000      22832/2048000  ( 1.1%) 
edges                 3421/256000      13684/1024000  ( 1.3%) 
LDR worldlights         10/65536         880/5767168  ( 0.0%) 
HDR worldlights          0/65536           0/5767168  ( 0.0%) 
leafwaterdata            0/32768           0/393216   ( 0.0%) 
waterstrips             92/32768         920/327680   ( 0.3%) 
waterverts               0/65536           0/786432   ( 0.0%) 
waterindices          1647/65536        3294/131072   ( 2.5%) 
cubemapsamples           0/1024            0/16384    ( 0.0%) 
overlays                 3/8192         1056/2883584  ( 0.0%) 
LDR lightdata         [variable]      226828/0        ( 0.0%) 
HDR lightdata         [variable]           0/0        ( 0.0%) 
visdata               [variable]         834/16777216 ( 0.0%) 
entdata               [variable]        6624/393216   ( 1.7%) 
LDR ambient table      175/65536         700/262144   ( 0.3%) 
HDR ambient table      175/65536         700/262144   ( 0.3%) 
LDR leaf ambient       351/65536        9828/1835008  ( 0.5%) 
HDR leaf ambient       175/65536        4900/1835008  ( 0.3%) 
occluders                0/0               0/0        ( 0.0%) 
occluder polygons        0/0               0/0        ( 0.0%) 
occluder vert ind        0/0               0/0        ( 0.0%) 
detail props          [variable]           1/2200     ( 0.0%) 
dtl prp lght          [variable]           1/4        (25.0%) 
HDR dtl prp lght      [variable]           1/4        (25.0%) 
static props          [variable]           1/7450     ( 0.0%) 
pakfile               [variable]          54/0        ( 0.0%) 
physics               [variable]       91469/4194304  ( 2.2%) 
physics terrain       [variable]         335/1048576  ( 0.0%) 

Level flags = 0

Total triangle count: 1942
Writing d:\steam\steamapps\sourcemods\entropyzero2-addonworkspace\mapsrc\dd_cellars.bsp
0 seconds elapsed



materialPath: D:\steam\steamapps\sourcemods\entropyzero2-addonworkspace\materials
Loading d:\steam\steamapps\sourcemods\entropyzero2-addonworkspace\mapsrc\dd_cellars.vmf
ConVarRef mat_reduceparticles doesn't point to an existing ConVar
fixing up env_cubemap materials on brush sides...
0...1...2...3...4...5...6...7...8...9...100...1...2...3...4...5...6...7...8...9...10Processing areas...done (0)
Building Faces...done (0)
Chop Details...done (0)
Find Visible Detail Sides...
Merged 88 detail faces...done (0)
Merging details...done (0)
FixTjuncs...
PruneNodes...
WriteBSP...
done (0)
writing d:\steam\steamapps\sourcemods\entropyzero2-addonworkspace\mapsrc\dd_cellars.prt...Building visibility clusters...
done (0)
Finding displacement neighbors...
Finding lightmap sample positions...
Displacement Alpha : 0...1...2...3...4...5...6...7...8...9...10
Building Physics collision data...
done (0) (92645 bytes)
Placing static props...
Placing detail props : 0...1...2...3...4...5...6...7...8...9...10
Compacting texture/material tables...
Reduced 307 texinfos to 207
Reduced 40 texdatas to 38 (992 bytes to 931)
Writing d:\steam\steamapps\sourcemods\entropyzero2-addonworkspace\mapsrc\dd_cellars.bsp
0 seconds elapsed



12 threads
reading d:\steam\steamapps\sourcemods\entropyzero2-addonworkspace\mapsrc\dd_cellars.bsp
reading d:\steam\steamapps\sourcemods\entropyzero2-addonworkspace\mapsrc\dd_cellars.prt
  41 portalclusters
  75 numportals
0...1...2...3...4...5...6...7...8...9...10Optimized: 37 visible clusters (2.46%)
Total clusters visible: 1502
Average clusters visible: 36
Building PAS...
Average clusters audible: 41
visdatasize:834  compressed from 656
writing d:\steam\steamapps\sourcemods\entropyzero2-addonworkspace\mapsrc\dd_cellars.bsp
0 seconds elapsed



[Reading texlights from 'lights.rad']
[48 texlights parsed from 'lights.rad']

Loading d:\steam\steamapps\sourcemods\entropyzero2-addonworkspace\mapsrc\dd_cellars.bsp
722 faces
42459 square feet [6114122.00 square inches]
1 Displacements
926 Square Feet [133424.67 Square Inches]
722 patches before subdivision
7132 patches after subdivision
16 direct lights
0...1...2...3...4...5...6...7...8...9...100...1...2...3...4...5...6...7...8...9...10transfers 624280, max 390
transfer lists:   4.8 megs
0...1...2...3...4...5...6...7...8...9...10	Bounce #1 added RGB(6142, 4365, 2187)
0...1...2...3...4...5...6...7...8...9...10	Bounce #2 added RGB(1024, 685, 281)
Build Patch/Sample Hash Table(s).....Done<0.0009 sec>
0...1...2...3...4...5...6...7...8...9...10FinalLightFace Done
Computing detail prop lighting : 0...1...2...3...4...5...6...7...8...9...10
0 of 0 (0% of) surface lights went in leaf ambient cubes.
0...1...2...3...4...5...6...7...8...9...10Writing leaf ambient...done
Ready to Finish

Object names       Objects/Maxobjs  Memory / Maxmem  Fullness 
------------       ---------------  ---------------  -------- 
models                   1/1024           48/49152    ( 0.1%) 
brushes                267/8192         3204/98304    ( 3.3%) 
brushsides            1936/65536       15488/524288   ( 3.0%) 
planes                 748/65536       14960/1310720  ( 1.1%) 
vertexes              1086/65536       13032/786432   ( 1.7%) 
nodes                  173/65536        5536/2097152  ( 0.3%) 
texinfos               207/12288       14904/884736   ( 1.7%) 
texdata                 38/2048         1216/65536    ( 1.9%) 
dispinfos                1/0             176/0        ( 0.0%) 
disp_verts              81/0            1620/0        ( 0.0%) 
disp_tris              128/0             256/0        ( 0.0%) 
disp_lmsamples        2448/0            2448/0        ( 0.0%) 
faces                  722/65536       40432/3670016  ( 1.1%) 
hdr faces                0/65536           0/3670016  ( 0.0%) 
origfaces              610/65536       34160/3670016  ( 0.9%) 
leaves                 175/65536        5600/2097152  ( 0.3%) 
leaffaces              773/65536        1546/131072   ( 1.2%) 
leafbrushes            452/65536         904/131072   ( 0.7%) 
areas                    2/256            16/2048     ( 0.8%) 
surfedges             5852/512000      23408/2048000  ( 1.1%) 
edges                 3493/256000      13972/1024000  ( 1.4%) 
LDR worldlights         16/65536        1408/5767168  ( 0.0%) 
HDR worldlights          0/65536           0/5767168  ( 0.0%) 
leafwaterdata            0/32768           0/393216   ( 0.0%) 
waterstrips             92/32768         920/327680   ( 0.3%) 
waterverts               0/65536           0/786432   ( 0.0%) 
waterindices          1647/65536        3294/131072   ( 2.5%) 
cubemapsamples           0/1024            0/16384    ( 0.0%) 
overlays                 3/8192         1056/2883584  ( 0.0%) 
LDR lightdata         [variable]      227836/0        ( 0.0%) 
HDR lightdata         [variable]           0/0        ( 0.0%) 
visdata               [variable]         834/16777216 ( 0.0%) 
entdata               [variable]        8685/393216   ( 2.2%) 
LDR ambient table      175/65536         700/262144   ( 0.3%) 
HDR ambient table      175/65536         700/262144   ( 0.3%) 
LDR leaf ambient       369/65536       10332/1835008  ( 0.6%) 
HDR leaf ambient       175/65536        4900/1835008  ( 0.3%) 
occluders                0/0               0/0        ( 0.0%) 
occluder polygons        0/0               0/0        ( 0.0%) 
occluder vert ind        0/0               0/0        ( 0.0%) 
detail props          [variable]           1/2200     ( 0.0%) 
dtl prp lght          [variable]           1/4        (25.0%) 
HDR dtl prp lght      [variable]           1/4        (25.0%) 
static props          [variable]           1/7648     ( 0.0%) 
pakfile               [variable]          54/0        ( 0.0%) 
physics               [variable]       92645/4194304  ( 2.2%) 
physics terrain       [variable]         335/1048576  ( 0.0%) 

Level flags = 0

Total triangle count: 1978
Writing d:\steam\steamapps\sourcemods\entropyzero2-addonworkspace\mapsrc\dd_cellars.bsp
0 seconds elapsed
