PRT1
132
343
4 0 3 (4096 2048 -576 ) (4096 2048 768 ) (3072 2048 768 ) (3072 2048 -576 ) 
4 0 1 (3072 2048 -576 ) (3072 2048 768 ) (3072 2304 768 ) (3072 2304 -576 ) 
4 1 5 (3072 2048 -576 ) (3072 2048 768 ) (2048 2048 768 ) (2048 2048 -576 ) 
4 1 2 (2048 2048 -576 ) (2048 2048 768 ) (2048 2304 768 ) (2048 2304 -576 ) 
4 2 66 (1024 2048 -576 ) (1024 2048 0 ) (1024 2304 0 ) (1024 2304 -576 ) 
4 2 65 (1024 2048 0 ) (1024 2048 512 ) (1024 2304 512 ) (1024 2304 0 ) 
4 2 64 (1024 2048 512 ) (1024 2048 768 ) (1024 2304 768 ) (1024 2304 512 ) 
4 2 7 (1856 2048 768 ) (1024 2048 768 ) (1024 2048 -576 ) (1856 2048 -576 ) 
4 2 6 (2048 2048 -576 ) (2048 2048 768 ) (1856 2048 768 ) (1856 2048 -576 ) 
4 3 5 (3072 2048 768 ) (3072 2048 -576 ) (3072 1024 -576 ) (3072 1024 768 ) 
4 3 4 (4096 1024 -576 ) (4096 1024 768 ) (3072 1024 768 ) (3072 1024 -576 ) 
4 4 14 (4096 0 -576 ) (4096 0 768 ) (3072 0 768 ) (3072 0 -576 ) 
4 4 10 (3072 0 -576 ) (3072 0 768 ) (3072 1024 768 ) (3072 1024 -576 ) 
4 5 10 (3072 1024 -576 ) (3072 1024 768 ) (2048 1024 768 ) (2048 1024 -576 ) 
4 5 6 (2048 2048 768 ) (2048 2048 -576 ) (2048 1024 -576 ) (2048 1024 768 ) 
4 6 11 (2048 1024 -576 ) (2048 1024 768 ) (1856 1024 768 ) (1856 1024 -576 ) 
4 6 8 (1856 1024 -80 ) (1856 1024 768 ) (1856 1792 768 ) (1856 1792 -80 ) 
4 6 7 (1856 2048 -576 ) (1856 1792 -576 ) (1856 1792 768 ) (1856 2048 768 ) 
4 7 75 (1024 2048 0 ) (1024 2048 -576 ) (1024 1792 -576 ) (1024 1792 0 ) 
4 7 73 (1024 1792 768 ) (1024 2048 768 ) (1024 2048 0 ) (1024 1792 0 ) 
4 7 9 (1024 1792 -576 ) (1792 1792 -576 ) (1792 1792 -80 ) (1024 1792 -80 ) 
4 7 8 (1856 1792 -80 ) (1856 1792 768 ) (1024 1792 768 ) (1024 1792 -80 ) 
4 8 75 (1024 1024 -80 ) (1024 1024 0 ) (1024 1792 0 ) (1024 1792 -80 ) 
4 8 73 (1024 1024 0 ) (1024 1024 768 ) (1024 1792 768 ) (1024 1792 0 ) 
4 8 12 (1856 1024 768 ) (1024 1024 768 ) (1024 1024 -80 ) (1856 1024 -80 ) 
4 8 9 (1024 1792 -80 ) (1792 1792 -80 ) (1779.613037 1024 -80 ) (1024 1024 -80 ) 
4 9 75 (1024 1024 -576 ) (1024 1024 -80 ) (1024 1792 -80 ) (1024 1792 -576 ) 
4 9 13 (1024 1024 -80 ) (1024 1024 -576 ) (1779.613037 1024 -576 ) (1779.613037 1024 -80 ) 
4 10 23 (2240 0 -80 ) (2048 0 -80 ) (2048 0 -576 ) (2240 0 -576 ) 
4 10 22 (2304 0 -80 ) (2240 0 -80 ) (2240 0 -576 ) (2304 0 -576 ) 
4 10 20 (3072 0 -576 ) (3072 0 -80 ) (2304 0 -80 ) (2304 0 -576 ) 
4 10 19 (3072 0 -80 ) (3072 0 768 ) (2048 0 768 ) (2048 0 -80 ) 
4 10 11 (2048 1024 768 ) (2048 1024 -576 ) (2048 0 -576 ) (2048 0 768 ) 
4 11 26 (2048 0 -576 ) (2048 0 -80 ) (1856 0 -80 ) (1856 0 -576 ) 
4 11 24 (2048 0 -80 ) (2048 0 768 ) (1856 0 768 ) (1856 0 -80 ) 
4 11 12 (1856 0 -80 ) (1856 0 768 ) (1856 1024 768 ) (1856 1024 -80 ) 
4 12 78 (1024 0 -80 ) (1024 0 0 ) (1024 1024 0 ) (1024 1024 -80 ) 
4 12 76 (1024 0 0 ) (1024 0 768 ) (1024 1024 768 ) (1024 1024 0 ) 
4 12 24 (1856 0 768 ) (1024 0 768 ) (1024 0 -80 ) (1856 0 -80 ) 
4 12 13 (1024 0 -80 ) (1024 1024 -80 ) (1779.613037 1024 -80 ) (1763.096802 0 -80 ) 
4 13 78 (1024 0 -576 ) (1024 0 -80 ) (1024 1024 -80 ) (1024 1024 -576 ) 
4 13 28 (1640 0 -576 ) (1763.096802 0 -576 ) (1763.096802 0 -80 ) (1640 0 -80 ) 
4 13 27 (1024 0 -80 ) (1024 0 -576 ) (1640 0 -576 ) (1640 0 -80 ) 
4 14 20 (3072 0 -80 ) (3072 0 -576 ) (3072 -1024 -576 ) (3072 -1024 -80 ) 
4 14 19 (3072 0 768 ) (3072 0 -80 ) (3072 -1024 -80 ) (3072 -1024 768 ) 
4 14 18 (4096 -1024 -576 ) (4096 -1024 -192 ) (3072 -1024 -192 ) (3072 -1024 -576 ) 
4 14 15 (4096 -1024 -192 ) (4096 -1024 768 ) (3072 -1024 768 ) (3072 -1024 -192 ) 
4 15 29 (3072 -1280 768 ) (3072 -1024 768 ) (3072 -1024 -192 ) (3072 -1280 -192 ) 
4 15 18 (3072 -1280 -192 ) (3072 -1024 -192 ) (4096 -1024 -192 ) (4096 -1280 -192 ) 
4 15 16 (4096 -1280 -64 ) (4096 -1280 768 ) (3072 -1280 768 ) (3072 -1280 -64 ) 
4 16 32 (3072 -1792 768 ) (3072 -1280 768 ) (3072 -1280 -64 ) (3072 -1792 -64 ) 
4 16 17 (4096 -1792 -64 ) (4096 -1792 768 ) (3072 -1792 768 ) (3072 -1792 -64 ) 
4 17 34 (3072 -1856 -192 ) (3072 -1856 768 ) (3072 -1792 768 ) (3072 -1792 -192 ) 
4 17 18 (4096 -1856 -192 ) (3072 -1856 -192 ) (3072 -1792 -192 ) (4096 -1792 -192 ) 
4 18 34 (3072 -1856 -576 ) (3072 -1856 -192 ) (3072 -1792 -192 ) (3072 -1792 -576 ) 
4 18 33 (3072 -1792 -192 ) (3072 -1280 -192 ) (3072 -1280 -576 ) (3072 -1792 -576 ) 
4 18 29 (3072 -1280 -192 ) (3072 -1024 -192 ) (3072 -1024 -576 ) (3072 -1280 -576 ) 
4 19 30 (2304 -1024 768 ) (2240 -1024 768 ) (2240 -1024 -80 ) (2304 -1024 -80 ) 
4 19 29 (3072 -1024 -80 ) (3072 -1024 768 ) (2304 -1024 768 ) (2304 -1024 -80 ) 
4 19 31 (2240 -1024 768 ) (2048 -1024 768 ) (2048 -1024 -80 ) (2240 -1024 -80 ) 
4 19 24 (2048 0 768 ) (2048 0 -80 ) (2048 -1024 -80 ) (2048 -1024 768 ) 
4 19 23 (2048 -521.143005 -80 ) (2048 0 -80 ) (2240 0 -80 ) (2240 -850.285950 -80 ) 
4 19 22 (2240 0 -80 ) (2304 0 -80 ) (2304 -960 -80 ) (2240 -850.285950 -80 ) 
4 19 21 (2048 -1024 -80 ) (2048 -652.799988 -80 ) (2240 -960 -80 ) (2240 -1024 -80 ) 
4 19 20 (2304 0 -80 ) (3072 0 -80 ) (3072 -1024 -80 ) (2304 -1024 -80 ) 
4 20 29 (3072 -1024 -576 ) (3072 -1024 -80 ) (2304 -1024 -80 ) (2304 -1024 -576 ) 
4 20 22 (2304 0 -576 ) (2304 -960 -576 ) (2304 -960 -80 ) (2304 0 -80 ) 
4 21 31 (2240 -1024 -80 ) (2048 -1024 -80 ) (2048 -1024 -576 ) (2240 -1024 -576 ) 
4 21 25 (2048 -652.799988 -576 ) (2048 -1024 -576 ) (2048 -1024 -80 ) (2048 -652.799988 -80 ) 
4 22 23 (2240 0 -576 ) (2240 -850.285950 -576 ) (2240 -850.285889 -80 ) (2240 0 -80 ) 
4 23 26 (2048 0 -80 ) (2048 0 -576 ) (2048 -521.143005 -576 ) (2048 -521.143005 -80 ) 
4 24 98 (1024 -1024 -80 ) (1024 -1024 768 ) (1024 0 768 ) (1024 0 -80 ) 
4 24 36 (2048 -1024 -80 ) (2048 -1024 768 ) (1024 -1024 768 ) (1024 -1024 -80 ) 
3 24 28 (1640 0 -80 ) (1763.096802 0 -80 ) (1760 -192 -80 ) 
5 24 27 (1856 -1024 -80 ) (1024 -1024 -80 ) (1024 0 -80 ) (1640 0 -80 ) (1856 -345.599976 -80 ) 
4 24 26 (1856 -192 -80 ) (1856 0 -80 ) (2048 0 -80 ) (2048 -521.143005 -80 ) 
4 24 25 (2048 -1024 -80 ) (1856 -1024 -80 ) (1856 -345.599976 -80 ) (2048 -652.799988 -80 ) 
4 25 51 (2048 -1024 -576 ) (2048 -1024 -384 ) (1856 -1024 -384 ) (1856 -1024 -576 ) 
4 25 36 (2048 -1024 -384 ) (2048 -1024 -80 ) (1856 -1024 -80 ) (1856 -1024 -384 ) 
4 25 27 (1856 -345.599976 -576 ) (1856 -1024 -576 ) (1856 -1024 -80 ) (1856 -345.599976 -80 ) 
4 27 98 (1024 -1024 -576 ) (1024 -1024 -80 ) (1024 0 -80 ) (1024 0 -576 ) 
4 27 59 (1024 -1024 -384 ) (1024 -1024 -576 ) (1456 -1024 -576 ) (1456 -1024 -384 ) 
4 27 57 (1456 -1024 -576 ) (1520 -1024 -576 ) (1520 -1024 -384 ) (1456 -1024 -384 ) 
4 27 53 (1744 -1024 -576 ) (1808 -1024 -576 ) (1808 -1024 -384 ) (1744 -1024 -384 ) 
4 27 51 (1808 -1024 -576 ) (1856 -1024 -576 ) (1856 -1024 -384 ) (1808 -1024 -384 ) 
4 27 55 (1520 -1024 -576 ) (1744 -1024 -576 ) (1744 -1024 -384 ) (1520 -1024 -384 ) 
4 27 36 (1856 -1024 -80 ) (1024 -1024 -80 ) (1024 -1024 -384 ) (1856 -1024 -384 ) 
4 27 28 (1760 -192.005341 -576 ) (1639.996582 0 -576 ) (1639.996094 0 -80 ) (1760 -192.005692 -80 ) 
4 29 32 (3072 -1280 -64 ) (3072 -1280 768 ) (2304 -1280 768 ) (2304 -1280 -64 ) 
4 29 33 (2304 -1280 -576 ) (3072 -1280 -576 ) (3072 -1280 -192 ) (2304 -1280 -192 ) 
4 29 30 (2304 -1280 -80 ) (2304 -1280 768 ) (2304 -1024 768 ) (2304 -1024 -80 ) 
4 30 32 (2304 -1280 -64 ) (2304 -1280 768 ) (2240 -1280 768 ) (2240 -1280 -64 ) 
4 30 31 (2240 -1280 -80 ) (2240 -1280 768 ) (2240 -1024 768 ) (2240 -1024 -80 ) 
4 31 51 (2048 -1024 -384 ) (2048 -1024 -576 ) (2048 -1280 -576 ) (2048 -1280 -384 ) 
4 31 36 (2048 -1024 768 ) (2048 -1024 -384 ) (2048 -1280 -384 ) (2048 -1280 768 ) 
4 31 32 (2240 -1280 -64 ) (2240 -1280 768 ) (2048 -1280 768 ) (2048 -1280 -64 ) 
4 31 33 (2048 -1280 -576 ) (2240 -1280 -576 ) (2240 -1280 -192 ) (2048 -1280 -192 ) 
4 32 48 (2048 -1792 -64 ) (2048 -1792 768 ) (2048 -1408 768 ) (2048 -1408 -64 ) 
4 32 39 (2048 -1408 768 ) (2048 -1312 768 ) (2048 -1312 -64 ) (2048 -1408 -64 ) 
4 32 37 (2048 -1312 768 ) (2048 -1280 768 ) (2048 -1280 -64 ) (2048 -1312 -64 ) 
4 32 35 (2304 -1792 768 ) (2048 -1792 768 ) (2048 -1792 192 ) (2304 -1792 192 ) 
4 32 34 (3072 -1792 -64 ) (3072 -1792 768 ) (2304 -1792 768 ) (2304 -1792 -64 ) 
4 33 63 (2048 -1408 -576 ) (2048 -1792 -576 ) (2048 -1792 -384 ) (2048 -1408 -384 ) 
4 33 51 (2048 -1280 -576 ) (2048 -1408 -576 ) (2048 -1408 -384 ) (2048 -1280 -384 ) 
4 33 50 (2048 -1792 -384 ) (2048 -1792 -192 ) (2048 -1408 -192 ) (2048 -1408 -384 ) 
4 33 45 (2048 -1312 -288.716370 ) (2048 -1312 -384 ) (2048 -1408 -384 ) (2048 -1408 -288.716400 ) 
4 33 44 (2048 -1408 -192 ) (2048 -1312 -192 ) (2048 -1312 -288.716370 ) (2048 -1408 -288.716400 ) 
4 33 38 (2048 -1312 -192 ) (2048 -1280 -192 ) (2048 -1280 -384 ) (2048 -1312 -384 ) 
4 33 34 (3072 -1792 -576 ) (3072 -1792 -192 ) (2304 -1792 -192 ) (2304 -1792 -576 ) 
4 34 35 (2304 -1792 768 ) (2304 -1792 192 ) (2304 -1856 192 ) (2304 -1856 768 ) 
4 35 49 (2048 -1856 192 ) (2048 -1856 768 ) (2048 -1792 768 ) (2048 -1792 192 ) 
4 36 104 (1024 -1024 -192 ) (1024 -1024 -384 ) (1024 -1280 -384 ) (1024 -1280 -192 ) 
4 36 100 (1024 -1024 768 ) (1024 -1024 -192 ) (1024 -1280 -192 ) (1024 -1280 768 ) 
4 36 59 (1456 -1280 -384 ) (1024 -1280 -384 ) (1024 -1024 -384 ) (1456 -1024 -384 ) 
4 36 58 (1520 -1280 -384 ) (1456 -1280 -384 ) (1456 -1268.571533 -384 ) (1520 -1268.571533 -384 ) 
4 36 57 (1456 -1268.571533 -384 ) (1456 -1024 -384 ) (1520 -1024 -384 ) (1520 -1268.571533 -384 ) 
4 36 54 (1808 -1280 -384 ) (1744 -1280 -384 ) (1744 -1268.571533 -384 ) (1808 -1268.571533 -384 ) 
4 36 53 (1744 -1268.571533 -384 ) (1744 -1024 -384 ) (1808 -1024 -384 ) (1808 -1268.571533 -384 ) 
4 36 51 (2048 -1024 -384 ) (2048 -1280 -384 ) (1808 -1280 -384 ) (1808 -1024 -384 ) 
4 36 55 (1744 -1280 -384 ) (1520 -1280 -384 ) (1520 -1024 -384 ) (1744 -1024 -384 ) 
4 36 37 (2048 -1280 -64 ) (2048 -1280 768 ) (1024 -1280 768 ) (1024 -1280 -64 ) 
4 36 38 (1024 -1280 -384 ) (2048 -1280 -384 ) (2048 -1280 -192 ) (1024 -1280 -192 ) 
4 37 102 (1024 -1312 -64 ) (1024 -1312 768 ) (1024 -1280 768 ) (1024 -1280 -64 ) 
4 37 39 (2048 -1312 -64 ) (2048 -1312 768 ) (1024 -1312 768 ) (1024 -1312 -64 ) 
4 38 104 (1024 -1280 -384 ) (1024 -1312 -384 ) (1024 -1312 -192 ) (1024 -1280 -192 ) 
4 38 59 (1456 -1312 -384 ) (1024 -1312 -384 ) (1024 -1280 -384 ) (1456 -1280 -384 ) 
4 38 58 (1520 -1312 -384 ) (1456 -1312 -384 ) (1456 -1280 -384 ) (1520 -1280 -384 ) 
4 38 54 (1808 -1312 -384 ) (1744 -1312 -384 ) (1744 -1280 -384 ) (1808 -1280 -384 ) 
4 38 51 (2048 -1280 -384 ) (2048 -1312 -384 ) (1808 -1312 -384 ) (1808 -1280 -384 ) 
4 38 55 (1744 -1312 -384 ) (1520 -1312 -384 ) (1520 -1280 -384 ) (1744 -1280 -384 ) 
3 38 47 (1808 -1312 -384 ) (1840.842041 -1312 -384 ) (1795 -1312 -317 ) 
3 38 46 (1756.007812 -1312 -260.011597 ) (1733.956421 -1312 -227.782578 ) (1698.987305 -1312 -220.997513 ) 
4 38 45 (1840.842041 -1312 -384 ) (2048 -1312 -384 ) (2048 -1312 -288.716400 ) (1733.956421 -1312 -227.782578 ) 
4 38 44 (2048 -1312 -288.716400 ) (2048 -1312 -192 ) (1714.461548 -1312 -192 ) (1632 -1312 -208 ) 
3 38 43 (1508 -1312 -260 ) (1475.782471 -1312 -282.043488 ) (1469 -1312 -317 ) 
3 38 42 (1326.769165 -1312 -384 ) (1456 -1312 -384 ) (1475.782471 -1312 -282.043488 ) 
3 38 41 (1714.461548 -1312 -192 ) (1607.384521 -1312 -192 ) (1565 -1312 -221 ) 
4 38 40 (1024 -1312 -384 ) (1326.769165 -1312 -384 ) (1607.384521 -1312 -192 ) (1024 -1312 -192 ) 
4 39 102 (1024 -1312 768 ) (1024 -1312 -64 ) (1024 -1408 -64 ) (1024 -1408 768 ) 
4 39 48 (1024 -1408 768 ) (1024 -1408 -64 ) (2048 -1408 -64 ) (2048 -1408 768 ) 
4 40 107 (1024 -1328 -384 ) (1024 -1408 -384 ) (1024 -1408 -192 ) (1024 -1328 -192 ) 
4 40 105 (1024 -1312 -192 ) (1024 -1312 -384 ) (1024 -1328 -384 ) (1024 -1328 -192 ) 
4 40 61 (1040 -1312 -384 ) (1072 -1312 -384 ) (1072 -1328 -384 ) (1040 -1328 -384 ) 
4 40 62 (1326.769165 -1408 -384 ) (1024 -1408 -384 ) (1024 -1328 -384 ) (1326.769165 -1328 -384 ) 
4 40 50 (1024 -1408 -192 ) (1024 -1408 -384 ) (1326.769165 -1408 -384 ) (1607.384521 -1408 -192 ) 
4 40 43 (1475.782471 -1312 -282.043701 ) (1508 -1312 -260 ) (1508 -1408 -260 ) (1475.782593 -1408 -282.043640 ) 
4 40 42 (1326.769531 -1312 -384 ) (1475.782471 -1312 -282.043701 ) (1475.782593 -1408 -282.043640 ) (1326.769409 -1408 -384 ) 
4 40 41 (1565 -1312 -221 ) (1607.384766 -1312 -192 ) (1607.384766 -1408 -192 ) (1565 -1408 -221 ) 
3 41 50 (1714.461548 -1408 -192 ) (1607.384521 -1408 -192 ) (1565 -1408 -221 ) 
4 41 44 (1632 -1312 -208 ) (1714.461182 -1312 -192 ) (1714.461182 -1408 -192 ) (1632 -1408 -208 ) 
4 42 60 (1424 -1312 -384 ) (1456 -1312 -384 ) (1456 -1328 -384 ) (1424 -1328 -384 ) 
4 42 62 (1456 -1408 -384 ) (1326.769165 -1408 -384 ) (1326.769165 -1328 -384 ) (1456 -1328 -384 ) 
3 42 50 (1326.769165 -1408 -384 ) (1456 -1408 -384 ) (1475.782471 -1408 -282.043488 ) 
4 42 43 (1469 -1312 -317 ) (1475.782349 -1312 -282.043213 ) (1475.782349 -1408 -282.043213 ) (1469 -1408 -317 ) 
3 43 50 (1508 -1408 -260 ) (1475.782471 -1408 -282.043488 ) (1469 -1408 -317 ) 
4 44 50 (2048 -1408 -288.716400 ) (2048 -1408 -192 ) (1714.461548 -1408 -192 ) (1632 -1408 -208 ) 
4 44 46 (1733.956787 -1408 -227.783127 ) (1698.988159 -1408 -220.998184 ) (1698.988159 -1312 -220.998169 ) (1733.956787 -1312 -227.783112 ) 
4 44 45 (2048 -1408 -288.716919 ) (1733.956787 -1408 -227.783127 ) (1733.956787 -1312 -227.783112 ) (2048 -1312 -288.716858 ) 
4 45 51 (2048 -1312 -384 ) (2048 -1408 -384 ) (1840.842041 -1408 -384 ) (1840.842041 -1312 -384 ) 
4 45 50 (1840.842041 -1408 -384 ) (2048 -1408 -384 ) (2048 -1408 -288.716400 ) (1733.956421 -1408 -227.782578 ) 
4 45 47 (1840.847656 -1408 -384 ) (1794.998535 -1408 -316.991882 ) (1795 -1312 -316.995972 ) (1840.844116 -1312 -384 ) 
4 45 46 (1756.013306 -1408 -260.015381 ) (1733.958984 -1408 -227.783249 ) (1733.958984 -1312 -227.783249 ) (1756.011841 -1312 -260.014404 ) 
3 46 50 (1756.007812 -1408 -260.011597 ) (1733.956421 -1408 -227.782578 ) (1698.987305 -1408 -220.997513 ) 
4 47 51 (1840.842041 -1408 -384 ) (1808 -1408 -384 ) (1808 -1312 -384 ) (1840.842041 -1312 -384 ) 
3 47 50 (1808 -1408 -384 ) (1840.842041 -1408 -384 ) (1795 -1408 -317 ) 
4 48 102 (1024 -1408 768 ) (1024 -1408 -64 ) (1024 -1792 -64 ) (1024 -1792 768 ) 
4 48 49 (2048 -1792 192 ) (2048 -1792 768 ) (1024 -1792 768 ) (1024 -1792 192 ) 
4 49 103 (1024 -1792 768 ) (1024 -1792 192 ) (1024 -1856 192 ) (1024 -1856 768 ) 
4 50 107 (1024 -1792 -192 ) (1024 -1408 -192 ) (1024 -1408 -384 ) (1024 -1792 -384 ) 
4 50 63 (2048 -1408 -384 ) (2048 -1792 -384 ) (1024 -1792 -384 ) (1024 -1408 -384 ) 
4 51 63 (1808 -1408 -576 ) (2048 -1408 -576 ) (2048 -1408 -384 ) (1808 -1408 -384 ) 
4 51 54 (1808 -1312 -384 ) (1808 -1268.571411 -384 ) (1808 -1288 -520 ) (1808 -1312 -416 ) 
4 51 53 (1808 -1024 -576 ) (1808 -1296 -576 ) (1808 -1268.571411 -384 ) (1808 -1024 -384 ) 
4 52 63 (1744 -1408 -576 ) (1776 -1408 -576 ) (1776 -1408 -384 ) (1744 -1408 -384 ) 
4 52 55 (1744 -1392 -576 ) (1744 -1408 -576 ) (1744 -1408 -384 ) (1744 -1392 -384 ) 
4 53 54 (1744 -1268.572754 -384 ) (1744 -1288 -519.997803 ) (1808 -1288 -520.001160 ) (1808 -1268.570923 -384 ) 
4 53 55 (1744 -1024 -576 ) (1744 -1296 -576 ) (1744 -1268.571533 -384 ) (1744 -1024 -384 ) 
4 54 55 (1744 -1312 -384 ) (1744 -1268.571533 -384 ) (1744 -1288 -520 ) (1744 -1312 -416 ) 
4 55 63 (1520 -1408 -576 ) (1744 -1408 -576 ) (1744 -1408 -384 ) (1520 -1408 -384 ) 
4 55 58 (1520 -1312 -384 ) (1520 -1268.571533 -384 ) (1520 -1288 -520 ) (1520 -1312 -416 ) 
4 55 57 (1520 -1024 -576 ) (1520 -1296 -576 ) (1520 -1268.571533 -384 ) (1520 -1024 -384 ) 
4 55 56 (1520 -1392 -576 ) (1520 -1408 -576 ) (1520 -1408 -384 ) (1520 -1392 -384 ) 
4 56 63 (1488 -1408 -576 ) (1520 -1408 -576 ) (1520 -1408 -384 ) (1488 -1408 -384 ) 
4 57 59 (1456 -1024 -576 ) (1456 -1296 -576 ) (1456 -1268.571411 -384 ) (1456 -1024 -384 ) 
4 57 58 (1456 -1268.572754 -384 ) (1456 -1288 -519.997803 ) (1520 -1288 -520 ) (1520 -1268.571045 -384 ) 
4 58 59 (1456 -1312 -384 ) (1456 -1268.571411 -384 ) (1456 -1288 -520 ) (1456 -1312 -416 ) 
4 59 104 (1024 -1312 -384 ) (1024 -1024 -384 ) (1024 -1024 -576 ) (1024 -1312 -576 ) 
4 59 61 (1040 -1312 -576 ) (1072 -1312 -576 ) (1072 -1312 -384 ) (1040 -1312 -384 ) 
4 59 60 (1424 -1312 -576 ) (1456 -1312 -576 ) (1456 -1312 -384 ) (1424 -1312 -384 ) 
4 60 62 (1424 -1328 -576 ) (1456 -1328 -576 ) (1456 -1328 -384 ) (1424 -1328 -384 ) 
4 61 62 (1040 -1328 -576 ) (1072 -1328 -576 ) (1072 -1328 -384 ) (1040 -1328 -384 ) 
4 62 107 (1024 -1408 -384 ) (1024 -1328 -384 ) (1024 -1328 -576 ) (1024 -1408 -576 ) 
4 62 63 (1024 -1408 -576 ) (1456 -1408 -576 ) (1456 -1408 -384 ) (1024 -1408 -384 ) 
4 63 107 (1024 -1792 -384 ) (1024 -1408 -384 ) (1024 -1408 -576 ) (1024 -1792 -576 ) 
4 64 74 (128 2048 768 ) (0 2048 768 ) (0 2048 512 ) (128 2048 512 ) 
4 64 73 (1024 2048 512 ) (1024 2048 768 ) (128 2048 768 ) (128 2048 512 ) 
4 64 67 (0 2048 512 ) (0 2048 768 ) (0 2304 768 ) (0 2304 512 ) 
4 64 65 (128 2304 512 ) (1024 2304 512 ) (1024 2048 512 ) (128 2048 512 ) 
4 65 73 (1024 2048 0 ) (1024 2048 512 ) (128 2048 512 ) (128 2048 0 ) 
4 65 66 (1024 2048 0 ) (256 2048 0 ) (256 2304 0 ) (1024 2304 0 ) 
4 66 75 (1024 2048 -576 ) (1024 2048 0 ) (256 2048 0 ) (256 2048 -576 ) 
4 67 79 (0 2048 512 ) (0 2048 768 ) (-512 2048 768 ) (-512 2048 512 ) 
4 67 68 (-512 2304 768 ) (-512 2304 512 ) (-512 2048 512 ) (-512 2048 768 ) 
4 68 81 (-1024 2048 512 ) (-1024 2048 192 ) (-768 2048 192 ) (-768 2048 512 ) 
4 68 80 (-768 2048 192 ) (-512 2048 192 ) (-512 2048 512 ) (-768 2048 512 ) 
4 68 79 (-1024 2048 768 ) (-1024 2048 512 ) (-512 2048 512 ) (-512 2048 768 ) 
4 68 71 (-1024 2048 192 ) (-1024 2048 768 ) (-1024 2304 768 ) (-1024 2304 192 ) 
4 68 69 (-848 2304 192 ) (-560 2304 192 ) (-560 2272 192 ) (-848 2272 192 ) 
4 68 70 (-1024 2048 192 ) (-1024 2272 192 ) (-512 2272 192 ) (-512 2048 192 ) 
4 69 70 (-848 2272 0 ) (-560 2272 0 ) (-560 2272 192 ) (-848 2272 192 ) 
4 70 81 (-1024 2048 192 ) (-1024 2048 0 ) (-768 2048 0 ) (-768 2048 192 ) 
4 70 80 (-768 2048 0 ) (-512 2048 0 ) (-512 2048 192 ) (-768 2048 192 ) 
4 70 72 (-1024 2048 0 ) (-1024 2048 192 ) (-1024 2272 192 ) (-1024 2272 0 ) 
4 71 89 (-2048 2272 768 ) (-2048 2304 768 ) (-2048 2304 192 ) (-2048 2272 192 ) 
4 71 90 (-2048 2048 192 ) (-2048 2048 768 ) (-2048 2272 768 ) (-2048 2272 192 ) 
4 71 82 (-1024 2048 192 ) (-1024 2048 768 ) (-1536 2048 768 ) (-1536 2048 192 ) 
4 71 84 (-1536 2048 768 ) (-2048 2048 768 ) (-2048 2048 192 ) (-1536 2048 192 ) 
4 71 72 (-1024 2272 192 ) (-1024 2048 192 ) (-2048 2048 192 ) (-2048 2272 192 ) 
4 72 90 (-2048 2048 0 ) (-2048 2048 192 ) (-2048 2272 192 ) (-2048 2272 0 ) 
4 72 82 (-1024 2048 0 ) (-1024 2048 192 ) (-1536 2048 192 ) (-1536 2048 0 ) 
4 72 84 (-1536 2048 192 ) (-2048 2048 192 ) (-2048 2048 0 ) (-1536 2048 0 ) 
4 73 76 (1024 1024 0 ) (1024 1024 768 ) (128 1024 768 ) (128 1024 0 ) 
4 73 75 (256 2048 0 ) (1024 2048 0 ) (1024 1024 0 ) (256 1024 0 ) 
4 73 74 (128 1024 512 ) (128 1024 768 ) (128 2048 768 ) (128 2048 512 ) 
4 74 79 (0 2048 768 ) (0 2048 512 ) (0 1024 512 ) (0 1024 768 ) 
4 74 77 (128 1024 768 ) (0 1024 768 ) (0 1024 512 ) (128 1024 512 ) 
4 75 78 (1024 1024 -576 ) (1024 1024 0 ) (256 1024 0 ) (256 1024 -576 ) 
4 76 99 (256 0 768 ) (128 0 768 ) (128 0 0 ) (256 0 0 ) 
4 76 98 (1024 0 0 ) (1024 0 768 ) (256 0 768 ) (256 0 0 ) 
4 76 78 (256 1024 0 ) (1024 1024 0 ) (1024 0 0 ) (256 0 0 ) 
4 76 77 (128 0 512 ) (128 0 768 ) (128 1024 768 ) (128 1024 512 ) 
4 77 99 (128 0 768 ) (0 0 768 ) (0 0 512 ) (128 0 512 ) 
4 77 85 (0 0 512 ) (0 0 768 ) (0 1024 768 ) (0 1024 512 ) 
4 78 98 (1024 0 -576 ) (1024 0 0 ) (256 0 0 ) (256 0 -576 ) 
4 79 85 (0 1024 512 ) (0 1024 768 ) (-1024 1024 768 ) (-1024 1024 512 ) 
4 79 83 (-1024 1536 512 ) (-1024 1024 512 ) (-1024 1024 768 ) (-1024 1536 768 ) 
4 79 82 (-1024 2048 768 ) (-1024 2048 512 ) (-1024 1536 512 ) (-1024 1536 768 ) 
4 79 81 (-1024 1536 512 ) (-1024 2048 512 ) (-768 2048 512 ) (-768 1536 512 ) 
4 79 80 (-768 2048 512 ) (-512 2048 512 ) (-512 1024 512 ) (-768 1024 512 ) 
4 80 86 (-512 1024 512 ) (-768 1024 512 ) (-768 1024 0 ) (-512 1024 0 ) 
4 80 81 (-768 2048 0 ) (-768 1536 0 ) (-768 1536 512 ) (-768 2048 512 ) 
4 81 82 (-1024 2048 512 ) (-1024 2048 0 ) (-1024 1536 0 ) (-1024 1536 512 ) 
4 82 83 (-1536 1536 768 ) (-1536 1536 512 ) (-1024 1536 512 ) (-1024 1536 768 ) 
4 82 84 (-1536 2048 0 ) (-1536 1536 0 ) (-1536 1536 768 ) (-1536 2048 768 ) 
4 83 87 (-1024 1024 512 ) (-1024 1024 768 ) (-1536 1024 768 ) (-1536 1024 512 ) 
4 83 84 (-1536 1024 512 ) (-1536 1024 768 ) (-1536 1536 768 ) (-1536 1536 512 ) 
4 84 92 (-2048 1024 0 ) (-2048 1024 768 ) (-2048 2048 768 ) (-2048 2048 0 ) 
4 84 88 (-2048 1024 512 ) (-2048 1024 0 ) (-1536 1024 0 ) (-1536 1024 512 ) 
4 84 87 (-1536 1024 768 ) (-2048 1024 768 ) (-2048 1024 512 ) (-1536 1024 512 ) 
4 85 108 (0 0 512 ) (0 0 768 ) (-1024 0 768 ) (-1024 0 512 ) 
4 85 87 (-1024 1024 768 ) (-1024 1024 512 ) (-1024 0 512 ) (-1024 0 768 ) 
4 85 86 (-512 0 512 ) (-768 0 512 ) (-768 1024 512 ) (-512 1024 512 ) 
4 86 109 (-512 0 512 ) (-768 0 512 ) (-768 0 0 ) (-512 0 0 ) 
4 87 114 (-1024 0 512 ) (-1024 0 768 ) (-2048 0 768 ) (-2048 0 512 ) 
4 87 95 (-2048 0 512 ) (-2048 0 768 ) (-2048 512 768 ) (-2048 512 512 ) 
4 87 94 (-2048 512 768 ) (-2048 1024 768 ) (-2048 1024 512 ) (-2048 512 512 ) 
4 87 88 (-2048 512 512 ) (-2048 1024 512 ) (-1536 1024 512 ) (-1536 512 512 ) 
4 88 94 (-2048 512 512 ) (-2048 1024 512 ) (-2048 1024 0 ) (-2048 512 0 ) 
4 89 91 (-2560 2304 768 ) (-2560 2304 192 ) (-2560 2272 192 ) (-2560 2272 768 ) 
4 89 90 (-2048 2272 192 ) (-2048 2272 768 ) (-2560 2272 768 ) (-2560 2272 192 ) 
4 90 92 (-2048 2048 0 ) (-2048 2048 768 ) (-2560 2048 768 ) (-2560 2048 0 ) 
4 90 91 (-2560 2048 192 ) (-2560 2048 768 ) (-2560 2272 768 ) (-2560 2272 192 ) 
4 91 93 (-2560 2048 192 ) (-2560 2048 768 ) (-3072 2048 768 ) (-3072 2048 192 ) 
4 92 96 (-2304 1024 768 ) (-2560 1024 768 ) (-2560 1024 0 ) (-2304 1024 0 ) 
4 92 94 (-2048 1024 0 ) (-2048 1024 768 ) (-2304 1024 768 ) (-2304 1024 0 ) 
4 92 93 (-2560 2048 768 ) (-2560 2048 192 ) (-2560 1024 192 ) (-2560 1024 768 ) 
4 93 97 (-2560 1024 192 ) (-2560 1024 768 ) (-3072 1024 768 ) (-3072 1024 192 ) 
4 94 96 (-2304 1024 0 ) (-2304 512 0 ) (-2304 512 768 ) (-2304 1024 768 ) 
4 94 95 (-2304 512 768 ) (-2304 512 512 ) (-2048 512 512 ) (-2048 512 768 ) 
4 95 124 (-2048 0 512 ) (-2048 0 768 ) (-2304 0 768 ) (-2304 0 512 ) 
4 95 96 (-2304 0 512 ) (-2304 0 768 ) (-2304 512 768 ) (-2304 512 512 ) 
4 96 126 (-2304 0 768 ) (-2560 0 768 ) (-2560 0 0 ) (-2304 0 0 ) 
4 96 97 (-2560 0 192 ) (-2560 0 768 ) (-2560 1024 768 ) (-2560 1024 192 ) 
4 97 127 (-2560 0 768 ) (-3072 0 768 ) (-3072 0 192 ) (-2560 0 192 ) 
4 98 104 (1024 -1024 -576 ) (1024 -1024 -192 ) (256 -1024 -192 ) (256 -1024 -576 ) 
4 98 100 (1024 -1024 -192 ) (1024 -1024 768 ) (256 -1024 768 ) (256 -1024 -192 ) 
4 98 99 (256 -1024 0 ) (256 -1024 768 ) (256 0 768 ) (256 0 0 ) 
4 99 112 (0 -1024 192 ) (0 -1024 448 ) (0 -768 448 ) (0 -768 192 ) 
4 99 111 (0 -1024 448 ) (0 -1024 768 ) (0 -768 768 ) (0 -768 448 ) 
4 99 109 (0 0 512 ) (0 0 0 ) (0 -768 0 ) (0 -768 512 ) 
4 99 108 (0 0 768 ) (0 0 512 ) (0 -768 512 ) (0 -768 768 ) 
4 99 101 (256 -1024 768 ) (0 -1024 768 ) (0 -1024 0 ) (256 -1024 0 ) 
4 100 104 (256 -1024 -192 ) (1024 -1024 -192 ) (1024 -1280 -192 ) (256 -1280 -192 ) 
4 100 102 (1024 -1280 -64 ) (1024 -1280 768 ) (256 -1280 768 ) (256 -1280 -64 ) 
4 100 101 (256 -1280 0 ) (256 -1280 768 ) (256 -1024 768 ) (256 -1024 0 ) 
4 101 117 (0 -1024 448 ) (0 -1024 192 ) (0 -1280 192 ) (0 -1280 448 ) 
4 101 116 (0 -1024 768 ) (0 -1024 448 ) (0 -1280 448 ) (0 -1280 768 ) 
4 101 102 (0 -1280 768 ) (0 -1280 0 ) (256 -1280 0 ) (256 -1280 768 ) 
4 102 119 (0 -1280 768 ) (0 -1280 -64 ) (0 -1792 -64 ) (0 -1792 768 ) 
4 102 103 (1024 -1792 192 ) (1024 -1792 768 ) (0 -1792 768 ) (0 -1792 192 ) 
4 103 120 (0 -1792 768 ) (0 -1792 192 ) (0 -1856 192 ) (0 -1856 768 ) 
4 104 105 (1024 -1312 -384 ) (1024 -1312 -192 ) (688 -1312 -192 ) (688 -1312 -384 ) 
4 104 106 (256 -1312 -192 ) (256 -1312 -576 ) (688 -1312 -576 ) (688 -1312 -192 ) 
4 105 107 (1024 -1328 -384 ) (1024 -1328 -192 ) (688 -1328 -192 ) (688 -1328 -384 ) 
4 105 106 (688 -1312 -192 ) (688 -1312 -384 ) (688 -1328 -384 ) (688 -1328 -192 ) 
4 106 107 (256 -1328 -192 ) (256 -1328 -576 ) (688 -1328 -576 ) (688 -1328 -192 ) 
4 108 114 (-1024 0 768 ) (-1024 0 512 ) (-1024 -512 512 ) (-1024 -512 768 ) 
4 108 115 (-1024 -512 512 ) (-1024 -768 512 ) (-1024 -768 768 ) (-1024 -512 768 ) 
4 108 111 (-1024 -768 768 ) (-1024 -768 512 ) (0 -768 512 ) (0 -768 768 ) 
4 108 110 (-768 -768 512 ) (-1024 -768 512 ) (-1024 -512 512 ) (-768 -512 512 ) 
4 108 109 (0 -768 512 ) (-768 -768 512 ) (-768 0 512 ) (0 0 512 ) 
3 109 112 (0 -768 192 ) (0 -768 448 ) (-256 -768 320 ) 
4 109 113 (-768 -768 0 ) (-512 -768 0 ) (-512 -768 192 ) (-768 -768 64 ) 
4 109 111 (0 -768 448 ) (0 -768 512 ) (-768 -768 512 ) (-768 -768 64 ) 
4 109 110 (-768 -512 0 ) (-768 -768 0 ) (-768 -768 512 ) (-768 -512 512 ) 
4 110 115 (-1024 -512 0 ) (-1024 -768 0 ) (-1024 -768 512 ) (-1024 -512 512 ) 
3 110 113 (-896 -768 0 ) (-768 -768 0 ) (-768 -768 64 ) 
5 110 111 (-1024 -768 512 ) (-1024 -768 0 ) (-896 -768 0 ) (-768 -768 64 ) (-768 -768 512 ) 
5 111 116 (0 -1024 448 ) (0 -1024 768 ) (-1024 -1024 768 ) (-1024 -1024 0 ) (-896 -1024 0 ) 
4 111 115 (-1024 -768 0 ) (-1024 -1024 0 ) (-1024 -1024 768 ) (-1024 -768 768 ) 
4 111 112 (-256 -768 320 ) (0 -768 448 ) (0 -1024 448 ) (-256 -1024 320 ) 
4 111 113 (-896 -1024 0 ) (-896 -768 0 ) (-512 -768 192 ) (-512 -1024 192 ) 
3 112 117 (0 -1024 192 ) (0 -1024 448 ) (-256 -1024 320 ) 
3 113 118 (-512 -1024 192 ) (-896 -1024 0 ) (-512 -1024 0 ) 
4 114 124 (-2048 0 768 ) (-2048 0 512 ) (-2048 -512 512 ) (-2048 -512 768 ) 
4 114 115 (-1024 -512 512 ) (-1024 -512 768 ) (-2048 -512 768 ) (-2048 -512 512 ) 
4 115 125 (-2048 -512 0 ) (-2048 -1024 0 ) (-2048 -1024 768 ) (-2048 -512 768 ) 
4 115 121 (-1024 -1024 0 ) (-1024 -1024 768 ) (-2048 -1024 768 ) (-2048 -1024 0 ) 
4 116 121 (-1024 -1024 768 ) (-1024 -1024 0 ) (-1024 -1280 0 ) (-1024 -1280 768 ) 
5 116 119 (0 -1280 448 ) (0 -1280 768 ) (-1024 -1280 768 ) (-1024 -1280 0 ) (-896 -1280 0 ) 
4 116 117 (-256 -1024 320 ) (0 -1024 448 ) (0 -1280 448 ) (-256 -1280 320 ) 
4 116 118 (-896 -1280 0 ) (-896 -1024 0 ) (-512 -1024 192 ) (-512 -1280 192 ) 
3 117 119 (0 -1280 192 ) (0 -1280 448 ) (-256 -1280 320 ) 
3 118 119 (-512 -1280 192 ) (-896 -1280 0 ) (-512 -1280 0 ) 
4 119 122 (-1024 -1792 -64 ) (-1024 -1792 768 ) (-1024 -1280 768 ) (-1024 -1280 -64 ) 
4 119 120 (0 -1792 192 ) (0 -1792 768 ) (-1024 -1792 768 ) (-1024 -1792 192 ) 
4 120 123 (-1024 -1856 192 ) (-1024 -1856 768 ) (-1024 -1792 768 ) (-1024 -1792 192 ) 
4 121 128 (-2048 -1280 0 ) (-2048 -1280 768 ) (-2048 -1024 768 ) (-2048 -1024 0 ) 
4 121 122 (-1024 -1280 0 ) (-1024 -1280 768 ) (-2048 -1280 768 ) (-2048 -1280 0 ) 
4 122 130 (-2048 -1792 -64 ) (-2048 -1792 768 ) (-2048 -1280 768 ) (-2048 -1280 -64 ) 
4 122 123 (-1024 -1792 768 ) (-2048 -1792 768 ) (-2048 -1792 192 ) (-1024 -1792 192 ) 
4 123 131 (-2048 -1856 192 ) (-2048 -1856 768 ) (-2048 -1792 768 ) (-2048 -1792 192 ) 
4 124 126 (-2304 -512 512 ) (-2304 -512 768 ) (-2304 0 768 ) (-2304 0 512 ) 
4 124 125 (-2304 -512 768 ) (-2304 -512 512 ) (-2048 -512 512 ) (-2048 -512 768 ) 
4 125 128 (-2048 -1024 0 ) (-2048 -1024 768 ) (-2304 -1024 768 ) (-2304 -1024 0 ) 
4 125 126 (-2304 -512 0 ) (-2304 -1024 0 ) (-2304 -1024 768 ) (-2304 -512 768 ) 
4 126 128 (-2304 -1024 768 ) (-2560 -1024 768 ) (-2560 -1024 0 ) (-2304 -1024 0 ) 
4 126 127 (-2560 -1024 192 ) (-2560 -1024 768 ) (-2560 0 768 ) (-2560 0 192 ) 
4 127 129 (-2560 -1024 768 ) (-3072 -1024 768 ) (-3072 -1024 192 ) (-2560 -1024 192 ) 
4 128 130 (-2048 -1280 0 ) (-2048 -1280 768 ) (-2560 -1280 768 ) (-2560 -1280 0 ) 
4 128 129 (-2560 -1280 192 ) (-2560 -1280 768 ) (-2560 -1024 768 ) (-2560 -1024 192 ) 
4 129 130 (-3072 -1280 768 ) (-3072 -1280 192 ) (-2560 -1280 192 ) (-2560 -1280 768 ) 
4 130 131 (-2048 -1792 768 ) (-3072 -1792 768 ) (-3072 -1792 192 ) (-2048 -1792 192 ) 
