PRT1
25
36
4 0 3 (-384 2048 -120 ) (-384 2048 -128 ) (-128 2048 -128 ) (-128 2048 -120 ) 
4 0 2 (-128 2048 320 ) (-384 2048 320 ) (-384 2048 -120 ) (-128 2048 -120 ) 
4 0 1 (-384 2176 -128 ) (-384 2048 -128 ) (-384 2048 320 ) (-384 2176 320 ) 
4 1 3 (-512 2048 -128 ) (-384 2048 -128 ) (-384 2048 -120 ) (-512 2048 -120 ) 
4 1 2 (-384 2048 -120 ) (-384 2048 320 ) (-512 2048 320 ) (-512 2048 -120 ) 
11 2 7 (-824 1648 -64 ) (-584 1648 -64 ) (-584 1648 128 ) (-593 1648 174 ) (-619 1648 213 ) (-658 1648 239 ) (-704 1648 248 ) (-750 1648 239 ) (-789 1648 213 ) (-815 1648 174 ) (-824 1648 128 ) 
4 2 5 (-648 1732 -120 ) (-648 1648 -120 ) (-760 1648 -120 ) (-760 1732 -120 ) 
4 2 4 (-760 2048 -120 ) (-648 2048 -120 ) (-648 1744 -120 ) (-760 1744 -120 ) 
4 2 3 (-648 2048 -120 ) (-128 2048 -120 ) (-128 1648 -120 ) (-648 1648 -120 ) 
4 2 6 (-832 1648 -120 ) (-832 2048 -120 ) (-760 2048 -120 ) (-760 1648 -120 ) 
4 3 5 (-648 1744 -128 ) (-648 1648 -128 ) (-648 1648 -120 ) (-648 1732 -120 ) 
4 3 4 (-648 2048 -128 ) (-648 1744 -128 ) (-648 1744 -120 ) (-648 2048 -120 ) 
4 4 6 (-760 2048 -128 ) (-760 1744 -128 ) (-760 1744 -120 ) (-760 2048 -120 ) 
4 5 6 (-760 1744 -128 ) (-760 1648 -128 ) (-760 1648 -120 ) (-760 1732 -120 ) 
11 7 8 (-824 1456 -64 ) (-584 1456 -64 ) (-584 1456 128 ) (-593 1456 174 ) (-619 1456 213 ) (-658 1456 239 ) (-704 1456 248 ) (-750 1456 239 ) (-789 1456 213 ) (-815 1456 174 ) (-824 1456 128 ) 
4 8 11 (-888 1392 64 ) (-888 1392 -64 ) (-888 1152 -64 ) (-888 1152 64 ) 
11 8 10 (-888 1272 248 ) (-888 1318 239 ) (-888 1357 213 ) (-888 1383 174 ) (-888 1392 128 ) (-888 1392 64 ) (-888 1152 64 ) (-888 1152 128 ) (-888 1161 174 ) (-888 1187 213 ) (-888 1226 239 ) 
11 8 9 (-824 1088 -64 ) (-584 1088 -64 ) (-584 1088 128 ) (-593 1088 174 ) (-619 1088 213 ) (-658 1088 239 ) (-704 1088 248 ) (-750 1088 239 ) (-789 1088 213 ) (-815 1088 174 ) (-824 1088 128 ) 
11 9 14 (-815 1024 174 ) (-824 1024 128 ) (-824 1024 -64 ) (-584 1024 -64 ) (-584 1024 128 ) (-593 1024 174 ) (-619 1024 213 ) (-658 1024 239 ) (-704 1024 248 ) (-750 1024 239 ) (-789 1024 213 ) 
11 10 19 (-1024 1383 174 ) (-1024 1392 128 ) (-1024 1392 64 ) (-1024 1152 64 ) (-1024 1152 128 ) (-1024 1161 174 ) (-1024 1187 213 ) (-1024 1226 239 ) (-1024 1272 248 ) (-1024 1318 239 ) (-1024 1357 213 ) 
4 10 12 (-964 1160 64 ) (-964 1384 64 ) (-956 1384 64 ) (-956 1160 64 ) 
4 10 11 (-888 1392 64 ) (-888 1152 64 ) (-956 1152 64 ) (-956 1392 64 ) 
4 10 13 (-964 1152 64 ) (-1024 1152 64 ) (-1024 1392 64 ) (-964 1392 64 ) 
4 11 12 (-956 1384 -64 ) (-956 1160 -64 ) (-956 1160 64 ) (-956 1384 64 ) 
4 12 13 (-964 1384 -64 ) (-964 1160 -64 ) (-964 1160 64 ) (-964 1384 64 ) 
4 13 19 (-1024 1152 64 ) (-1024 1392 64 ) (-1024 1392 -64 ) (-1024 1152 -64 ) 
11 14 15 (-824 896 -64 ) (-584 896 -64 ) (-584 896 128 ) (-593 896 174 ) (-619 896 213 ) (-658 896 239 ) (-704 896 248 ) (-750 896 239 ) (-789 896 213 ) (-815 896 174 ) (-824 896 128 ) 
4 15 20 (-1024 656 -64 ) (-1024 656 256 ) (-1024 896 256 ) (-1024 896 -64 ) 
4 15 17 (-1008 656 256 ) (-1024 656 256 ) (-1024 656 -64 ) (-1008 656 -64 ) 
4 15 16 (-560 656 256 ) (-848 656 256 ) (-848 656 -64 ) (-560 656 -64 ) 
4 16 18 (-576 640 256 ) (-832 640 256 ) (-832 640 0 ) (-576 640 0 ) 
4 17 21 (-1024 640 -64 ) (-1024 640 256 ) (-1024 656 256 ) (-1024 656 -64 ) 
4 20 21 (-1296 656 -64 ) (-1024 656 -64 ) (-1024 656 256 ) (-1296 656 256 ) 
4 21 22 (-1024 640 0 ) (-1024 640 256 ) (-1280 640 256 ) (-1280 640 0 ) 
4 22 24 (-1060 512 112 ) (-1116 512 112 ) (-1116 512 0 ) (-1060 512 0 ) 
4 22 23 (-1104 512 208 ) (-1200 512 208 ) (-1200 512 176 ) (-1104 512 176 ) 
