


materialPath: C:\Program Files (x86)\Steam\steamapps\sourcemods\entropyzero2-addonworkspace\materials
Loading c:\program files (x86)\steam\steamapps\sourcemods\entropyzero2-addonworkspace\mapsrc\dd_copshop.vmf
ConVarRef mat_reduceparticles doesn't point to an existing ConVar
fixing up env_cubemap materials on brush sides...
0...1...2...3...4...5...6...7...8...9...100...1...2...3...4...5...6...7...8...9...10Processing areas...done (0)
Building Faces...done (0)
FixTjuncs...
PruneNodes...
WriteBSP...
done (0)
writing c:\program files (x86)\steam\steamapps\sourcemods\entropyzero2-addonworkspace\mapsrc\dd_copshop.prt...Building visibility clusters...
done (0)
Finding displacement neighbors...
Finding lightmap sample positions...
Displacement Alpha : 0...1...2...3...4...5...6...7...8...9...10
Building Physics collision data...
done (0) (5863 bytes)
Placing static props...
Error! To use model "models/barneyhelmet_faceplate.mdl"
      with prop_static, it must be compiled with $staticprop!
Error loading studio model "models/barneyhelmet_faceplate.mdl"!
Placing detail props : 0...1...2...3...4...5...6...7...8...9...10
Compacting texture/material tables...
Reduced 24 texinfos to 12
Reduced 6 texdatas to 6 (124 bytes to 124)
Writing c:\program files (x86)\steam\steamapps\sourcemods\entropyzero2-addonworkspace\mapsrc\dd_copshop.bsp
0 seconds elapsed



8 threads
reading c:\program files (x86)\steam\steamapps\sourcemods\entropyzero2-addonworkspace\mapsrc\dd_copshop.bsp
reading c:\program files (x86)\steam\steamapps\sourcemods\entropyzero2-addonworkspace\mapsrc\dd_copshop.prt
   3 portalclusters
   1 numportals
0...1...2...3...4...5...6...7...8...9...100...1...2...3...4...5...6...7...8...9...10Optimized: 0 visible clusters (0.00%)
Total clusters visible: 5
Average clusters visible: 1
Building PAS...
Average clusters audible: 1
visdatasize:34  compressed from 48
writing c:\program files (x86)\steam\steamapps\sourcemods\entropyzero2-addonworkspace\mapsrc\dd_copshop.bsp
0 seconds elapsed



[Reading texlights from 'lights.rad']
[48 texlights parsed from 'lights.rad']

Loading c:\program files (x86)\steam\steamapps\sourcemods\entropyzero2-addonworkspace\mapsrc\dd_copshop.bsp
20 faces
1727 square feet [248704.00 square inches]
0 Displacements
0 Square Feet [0.00 Square Inches]
20 patches before subdivision
186 patches after subdivision
1 direct lights
0...1...2...3...4...5...6...7...8...9...100...1...2...3...4...5...6...7...8...9...10transfers 5604, max 73
transfer lists:   0.0 megs
0...1...2...3...4...5...6...7...8...9...10	Bounce #1 added RGB(404, 340, 132)
0...1...2...3...4...5...6...7...8...9...10	Bounce #2 added RGB(93, 63, 18)
0...1...2...3...4...5...6...7...8...9...10	Bounce #3 added RGB(22, 12, 3)
0...1...2...3...4...5...6...7...8...9...10	Bounce #4 added RGB(5, 2, 0)
0...1...2...3...4...5...6...7...8...9...10	Bounce #5 added RGB(1, 0, 0)
0...1...2...3...4...5...6...7...8...9...10	Bounce #6 added RGB(0, 0, 0)
Build Patch/Sample Hash Table(s).....Done<0.0000 sec>
0...1...2...3...4...5...6...7...8...9...10FinalLightFace Done
0 of 0 (0% of) surface lights went in leaf ambient cubes.
0...1...2...3...4...5...6...7...8...9...10Writing leaf ambient...done
Ready to Finish

Object names       Objects/Maxobjs  Memory / Maxmem  Fullness 
------------       ---------------  ---------------  -------- 
models                   1/1024           48/49152    ( 0.1%) 
brushes                 16/8192          192/98304    ( 0.2%) 
brushsides              96/65536         768/524288   ( 0.1%) 
planes                  72/65536        1440/1310720  ( 0.1%) 
vertexes                53/65536         636/786432   ( 0.1%) 
nodes                   20/65536         640/2097152  ( 0.0%) 
texinfos                12/12288         864/884736   ( 0.1%) 
texdata                  6/2048          192/65536    ( 0.3%) 
dispinfos                0/0               0/0        ( 0.0%) 
disp_verts               0/0               0/0        ( 0.0%) 
disp_tris                0/0               0/0        ( 0.0%) 
disp_lmsamples           0/0               0/0        ( 0.0%) 
faces                   20/65536        1120/3670016  ( 0.0%) 
hdr faces                0/65536           0/3670016  ( 0.0%) 
origfaces               20/65536        1120/3670016  ( 0.0%) 
leaves                  22/65536         704/2097152  ( 0.0%) 
leaffaces               20/65536          40/131072   ( 0.0%) 
leafbrushes             18/65536          36/131072   ( 0.0%) 
areas                    3/256            24/2048     ( 1.2%) 
surfedges              168/512000        672/2048000  ( 0.0%) 
edges                  111/256000        444/1024000  ( 0.0%) 
LDR worldlights          1/65536          88/5767168  ( 0.0%) 
HDR worldlights          0/65536           0/5767168  ( 0.0%) 
leafwaterdata            0/32768           0/393216   ( 0.0%) 
waterstrips              0/32768           0/327680   ( 0.0%) 
waterverts               0/65536           0/786432   ( 0.0%) 
waterindices             0/65536           0/131072   ( 0.0%) 
cubemapsamples           0/1024            0/16384    ( 0.0%) 
overlays                 0/8192            0/2883584  ( 0.0%) 
LDR lightdata         [variable]        9876/0        ( 0.0%) 
HDR lightdata         [variable]           0/0        ( 0.0%) 
visdata               [variable]          34/16777216 ( 0.0%) 
entdata               [variable]        3641/393216   ( 0.9%) 
LDR ambient table       22/65536          88/262144   ( 0.0%) 
HDR ambient table       22/65536          88/262144   ( 0.0%) 
LDR leaf ambient        30/65536         840/1835008  ( 0.0%) 
HDR leaf ambient        22/65536         616/1835008  ( 0.0%) 
occluders                0/0               0/0        ( 0.0%) 
occluder polygons        0/0               0/0        ( 0.0%) 
occluder vert ind        0/0               0/0        ( 0.0%) 
detail props          [variable]           1/12       ( 8.3%) 
static props          [variable]           1/1176     ( 0.1%) 
pakfile               [variable]          54/0        ( 0.0%) 
physics               [variable]        5863/4194304  ( 0.1%) 
physics terrain       [variable]           2/1048576  ( 0.0%) 

Level flags = 0

Total triangle count: 48
Writing c:\program files (x86)\steam\steamapps\sourcemods\entropyzero2-addonworkspace\mapsrc\dd_copshop.bsp
0 seconds elapsed



materialPath: C:\Program Files (x86)\Steam\steamapps\sourcemods\entropyzero2-addonworkspace\materials
Loading c:\program files (x86)\steam\steamapps\sourcemods\entropyzero2-addonworkspace\mapsrc\dd_copshop.vmf
ConVarRef mat_reduceparticles doesn't point to an existing ConVar
fixing up env_cubemap materials on brush sides...
0...1...2...3...4...5...6...7...8...9...100...1...2...3...4...5...6...7...8...9...10Processing areas...done (0)
Building Faces...done (0)
FixTjuncs...
PruneNodes...
WriteBSP...
done (0)
writing c:\program files (x86)\steam\steamapps\sourcemods\entropyzero2-addonworkspace\mapsrc\dd_copshop.prt...Building visibility clusters...
done (0)
Finding displacement neighbors...
Finding lightmap sample positions...
Displacement Alpha : 0...1...2...3...4...5...6...7...8...9...10
Building Physics collision data...
done (0) (5863 bytes)
Placing static props...
Error! To use model "models/barneyhelmet_faceplate.mdl"
      with prop_static, it must be compiled with $staticprop!
Error loading studio model "models/barneyhelmet_faceplate.mdl"!
Placing detail props : 0...1...2...3...4...5...6...7...8...9...10
Compacting texture/material tables...
Reduced 24 texinfos to 12
Reduced 6 texdatas to 6 (124 bytes to 124)
Writing c:\program files (x86)\steam\steamapps\sourcemods\entropyzero2-addonworkspace\mapsrc\dd_copshop.bsp
0 seconds elapsed



8 threads
reading c:\program files (x86)\steam\steamapps\sourcemods\entropyzero2-addonworkspace\mapsrc\dd_copshop.bsp
reading c:\program files (x86)\steam\steamapps\sourcemods\entropyzero2-addonworkspace\mapsrc\dd_copshop.prt
   3 portalclusters
   1 numportals
0...1...2...3...4...5...6...7...8...9...100...1...2...3...4...5...6...7...8...9...10Optimized: 0 visible clusters (0.00%)
Total clusters visible: 5
Average clusters visible: 1
Building PAS...
Average clusters audible: 1
visdatasize:34  compressed from 48
writing c:\program files (x86)\steam\steamapps\sourcemods\entropyzero2-addonworkspace\mapsrc\dd_copshop.bsp
0 seconds elapsed



[Reading texlights from 'lights.rad']
[48 texlights parsed from 'lights.rad']

Loading c:\program files (x86)\steam\steamapps\sourcemods\entropyzero2-addonworkspace\mapsrc\dd_copshop.bsp
20 faces
1727 square feet [248704.00 square inches]
0 Displacements
0 Square Feet [0.00 Square Inches]
20 patches before subdivision
186 patches after subdivision
1 direct lights
0...1...2...3...4...5...6...7...8...9...100...1...2...3...4...5...6...7...8...9...10transfers 5604, max 73
transfer lists:   0.0 megs
0...1...2...3...4...5...6...7...8...9...10	Bounce #1 added RGB(404, 340, 132)
0...1...2...3...4...5...6...7...8...9...10	Bounce #2 added RGB(93, 63, 18)
0...1...2...3...4...5...6...7...8...9...10	Bounce #3 added RGB(22, 12, 3)
0...1...2...3...4...5...6...7...8...9...10	Bounce #4 added RGB(5, 2, 0)
0...1...2...3...4...5...6...7...8...9...10	Bounce #5 added RGB(1, 0, 0)
0...1...2...3...4...5...6...7...8...9...10	Bounce #6 added RGB(0, 0, 0)
Build Patch/Sample Hash Table(s).....Done<0.0000 sec>
0...1...2...3...4...5...6...7...8...9...10FinalLightFace Done
0 of 0 (0% of) surface lights went in leaf ambient cubes.
0...1...2...3...4...5...6...7...8...9...10Writing leaf ambient...done
Ready to Finish

Object names       Objects/Maxobjs  Memory / Maxmem  Fullness 
------------       ---------------  ---------------  -------- 
models                   1/1024           48/49152    ( 0.1%) 
brushes                 16/8192          192/98304    ( 0.2%) 
brushsides              96/65536         768/524288   ( 0.1%) 
planes                  72/65536        1440/1310720  ( 0.1%) 
vertexes                53/65536         636/786432   ( 0.1%) 
nodes                   20/65536         640/2097152  ( 0.0%) 
texinfos                12/12288         864/884736   ( 0.1%) 
texdata                  6/2048          192/65536    ( 0.3%) 
dispinfos                0/0               0/0        ( 0.0%) 
disp_verts               0/0               0/0        ( 0.0%) 
disp_tris                0/0               0/0        ( 0.0%) 
disp_lmsamples           0/0               0/0        ( 0.0%) 
faces                   20/65536        1120/3670016  ( 0.0%) 
hdr faces                0/65536           0/3670016  ( 0.0%) 
origfaces               20/65536        1120/3670016  ( 0.0%) 
leaves                  22/65536         704/2097152  ( 0.0%) 
leaffaces               20/65536          40/131072   ( 0.0%) 
leafbrushes             18/65536          36/131072   ( 0.0%) 
areas                    3/256            24/2048     ( 1.2%) 
surfedges              168/512000        672/2048000  ( 0.0%) 
edges                  111/256000        444/1024000  ( 0.0%) 
LDR worldlights          1/65536          88/5767168  ( 0.0%) 
HDR worldlights          0/65536           0/5767168  ( 0.0%) 
leafwaterdata            0/32768           0/393216   ( 0.0%) 
waterstrips              0/32768           0/327680   ( 0.0%) 
waterverts               0/65536           0/786432   ( 0.0%) 
waterindices             0/65536           0/131072   ( 0.0%) 
cubemapsamples           0/1024            0/16384    ( 0.0%) 
overlays                 0/8192            0/2883584  ( 0.0%) 
LDR lightdata         [variable]        9876/0        ( 0.0%) 
HDR lightdata         [variable]           0/0        ( 0.0%) 
visdata               [variable]          34/16777216 ( 0.0%) 
entdata               [variable]        2525/393216   ( 0.6%) 
LDR ambient table       22/65536          88/262144   ( 0.0%) 
HDR ambient table       22/65536          88/262144   ( 0.0%) 
LDR leaf ambient        30/65536         840/1835008  ( 0.0%) 
HDR leaf ambient        22/65536         616/1835008  ( 0.0%) 
occluders                0/0               0/0        ( 0.0%) 
occluder polygons        0/0               0/0        ( 0.0%) 
occluder vert ind        0/0               0/0        ( 0.0%) 
detail props          [variable]           1/12       ( 8.3%) 
static props          [variable]           1/1176     ( 0.1%) 
pakfile               [variable]          54/0        ( 0.0%) 
physics               [variable]        5863/4194304  ( 0.1%) 
physics terrain       [variable]           2/1048576  ( 0.0%) 

Level flags = 0

Total triangle count: 48
Writing c:\program files (x86)\steam\steamapps\sourcemods\entropyzero2-addonworkspace\mapsrc\dd_copshop.bsp
0 seconds elapsed



materialPath: C:\Program Files (x86)\Steam\steamapps\sourcemods\entropyzero2-addonworkspace\materials
Loading c:\program files (x86)\steam\steamapps\sourcemods\entropyzero2-addonworkspace\mapsrc\dd_copshop.vmf
ConVarRef mat_reduceparticles doesn't point to an existing ConVar
fixing up env_cubemap materials on brush sides...
0...1...2...3...4...5...6...7...8...9...100...1...2...3...4...5...6...7...8...9...10Processing areas...done (0)
Building Faces...done (0)
FixTjuncs...
PruneNodes...
WriteBSP...
done (0)
writing c:\program files (x86)\steam\steamapps\sourcemods\entropyzero2-addonworkspace\mapsrc\dd_copshop.prt...Building visibility clusters...
done (0)
Finding displacement neighbors...
Finding lightmap sample positions...
Displacement Alpha : 0...1...2...3...4...5...6...7...8...9...10
Building Physics collision data...
done (0) (5863 bytes)
Placing static props...
Error! To use model "models/barneyhelmet_faceplate.mdl"
      with prop_static, it must be compiled with $staticprop!
Error loading studio model "models/barneyhelmet_faceplate.mdl"!
Placing detail props : 0...1...2...3...4...5...6...7...8...9...10
Compacting texture/material tables...
Reduced 24 texinfos to 12
Reduced 6 texdatas to 6 (124 bytes to 124)
Writing c:\program files (x86)\steam\steamapps\sourcemods\entropyzero2-addonworkspace\mapsrc\dd_copshop.bsp
0 seconds elapsed



8 threads
reading c:\program files (x86)\steam\steamapps\sourcemods\entropyzero2-addonworkspace\mapsrc\dd_copshop.bsp
reading c:\program files (x86)\steam\steamapps\sourcemods\entropyzero2-addonworkspace\mapsrc\dd_copshop.prt
   3 portalclusters
   1 numportals
0...1...2...3...4...5...6...7...8...9...100...1...2...3...4...5...6...7...8...9...10Optimized: 0 visible clusters (0.00%)
Total clusters visible: 5
Average clusters visible: 1
Building PAS...
Average clusters audible: 1
visdatasize:34  compressed from 48
writing c:\program files (x86)\steam\steamapps\sourcemods\entropyzero2-addonworkspace\mapsrc\dd_copshop.bsp
0 seconds elapsed



[Reading texlights from 'lights.rad']
[48 texlights parsed from 'lights.rad']

Loading c:\program files (x86)\steam\steamapps\sourcemods\entropyzero2-addonworkspace\mapsrc\dd_copshop.bsp
20 faces
1727 square feet [248704.00 square inches]
0 Displacements
0 Square Feet [0.00 Square Inches]
20 patches before subdivision
186 patches after subdivision
2 direct lights
0...1...2...3...4...5...6...7...8...9...100...1...2...3...4...5...6...7...8...9...10transfers 5560, max 73
transfer lists:   0.0 megs
0...1...2...3...4...5...6...7...8...9...10	Bounce #1 added RGB(0, 0, 0)
Build Patch/Sample Hash Table(s).....Done<0.0001 sec>
0...1...2...3...4...5...6...7...8...9...10FinalLightFace Done
0 of 0 (0% of) surface lights went in leaf ambient cubes.
0...1...2...3...4...5...6...7...8...9...10Writing leaf ambient...done
Ready to Finish

Object names       Objects/Maxobjs  Memory / Maxmem  Fullness 
------------       ---------------  ---------------  -------- 
models                   1/1024           48/49152    ( 0.1%) 
brushes                 16/8192          192/98304    ( 0.2%) 
brushsides              96/65536         768/524288   ( 0.1%) 
planes                  72/65536        1440/1310720  ( 0.1%) 
vertexes                53/65536         636/786432   ( 0.1%) 
nodes                   20/65536         640/2097152  ( 0.0%) 
texinfos                12/12288         864/884736   ( 0.1%) 
texdata                  6/2048          192/65536    ( 0.3%) 
dispinfos                0/0               0/0        ( 0.0%) 
disp_verts               0/0               0/0        ( 0.0%) 
disp_tris                0/0               0/0        ( 0.0%) 
disp_lmsamples           0/0               0/0        ( 0.0%) 
faces                   20/65536        1120/3670016  ( 0.0%) 
hdr faces                0/65536           0/3670016  ( 0.0%) 
origfaces               20/65536        1120/3670016  ( 0.0%) 
leaves                  22/65536         704/2097152  ( 0.0%) 
leaffaces               20/65536          40/131072   ( 0.0%) 
leafbrushes             18/65536          36/131072   ( 0.0%) 
areas                    3/256            24/2048     ( 1.2%) 
surfedges              168/512000        672/2048000  ( 0.0%) 
edges                  111/256000        444/1024000  ( 0.0%) 
LDR worldlights          2/65536         176/5767168  ( 0.0%) 
HDR worldlights          0/65536           0/5767168  ( 0.0%) 
leafwaterdata            0/32768           0/393216   ( 0.0%) 
waterstrips              0/32768           0/327680   ( 0.0%) 
waterverts               0/65536           0/786432   ( 0.0%) 
waterindices             0/65536           0/131072   ( 0.0%) 
cubemapsamples           0/1024            0/16384    ( 0.0%) 
overlays                 0/8192            0/2883584  ( 0.0%) 
LDR lightdata         [variable]        9876/0        ( 0.0%) 
HDR lightdata         [variable]           0/0        ( 0.0%) 
visdata               [variable]          34/16777216 ( 0.0%) 
entdata               [variable]        2292/393216   ( 0.6%) 
LDR ambient table       22/65536          88/262144   ( 0.0%) 
HDR ambient table       22/65536          88/262144   ( 0.0%) 
LDR leaf ambient        15/65536         420/1835008  ( 0.0%) 
HDR leaf ambient        22/65536         616/1835008  ( 0.0%) 
occluders                0/0               0/0        ( 0.0%) 
occluder polygons        0/0               0/0        ( 0.0%) 
occluder vert ind        0/0               0/0        ( 0.0%) 
detail props          [variable]           1/12       ( 8.3%) 
static props          [variable]           1/1370     ( 0.1%) 
pakfile               [variable]          54/0        ( 0.0%) 
physics               [variable]        5863/4194304  ( 0.1%) 
physics terrain       [variable]           2/1048576  ( 0.0%) 

Level flags = 0

Total triangle count: 48
Writing c:\program files (x86)\steam\steamapps\sourcemods\entropyzero2-addonworkspace\mapsrc\dd_copshop.bsp
0 seconds elapsed



materialPath: C:\Program Files (x86)\Steam\steamapps\sourcemods\entropyzero2-addonworkspace\materials
Loading c:\program files (x86)\steam\steamapps\sourcemods\entropyzero2-addonworkspace\mapsrc\dd_copshop.vmf
ConVarRef mat_reduceparticles doesn't point to an existing ConVar
fixing up env_cubemap materials on brush sides...
0...1...2...3...4...5...6...7...8...9...100...1...2...3...4...5...6...7...8...9...10Processing areas...done (0)
Building Faces...done (0)
FixTjuncs...
PruneNodes...
WriteBSP...
done (0)
writing c:\program files (x86)\steam\steamapps\sourcemods\entropyzero2-addonworkspace\mapsrc\dd_copshop.prt...Building visibility clusters...
done (0)
Finding displacement neighbors...
Finding lightmap sample positions...
Displacement Alpha : 0...1...2...3...4...5...6...7...8...9...10
Building Physics collision data...
done (0) (5863 bytes)
Placing static props...
Error! To use model "models/barneyhelmet_faceplate.mdl"
      with prop_static, it must be compiled with $staticprop!
Error loading studio model "models/barneyhelmet_faceplate.mdl"!
Placing detail props : 0...1...2...3...4...5...6...7...8...9...10
Compacting texture/material tables...
Reduced 24 texinfos to 12
Reduced 6 texdatas to 6 (124 bytes to 124)
Writing c:\program files (x86)\steam\steamapps\sourcemods\entropyzero2-addonworkspace\mapsrc\dd_copshop.bsp
0 seconds elapsed



8 threads
reading c:\program files (x86)\steam\steamapps\sourcemods\entropyzero2-addonworkspace\mapsrc\dd_copshop.bsp
reading c:\program files (x86)\steam\steamapps\sourcemods\entropyzero2-addonworkspace\mapsrc\dd_copshop.prt
   3 portalclusters
   1 numportals
0...1...2...3...4...5...6...7...8...9...100...1...2...3...4...5...6...7...8...9...10Optimized: 0 visible clusters (0.00%)
Total clusters visible: 5
Average clusters visible: 1
Building PAS...
Average clusters audible: 1
visdatasize:34  compressed from 48
writing c:\program files (x86)\steam\steamapps\sourcemods\entropyzero2-addonworkspace\mapsrc\dd_copshop.bsp
0 seconds elapsed



[Reading texlights from 'lights.rad']
[48 texlights parsed from 'lights.rad']

Loading c:\program files (x86)\steam\steamapps\sourcemods\entropyzero2-addonworkspace\mapsrc\dd_copshop.bsp
20 faces
1727 square feet [248704.00 square inches]
0 Displacements
0 Square Feet [0.00 Square Inches]
20 patches before subdivision
186 patches after subdivision
2 direct lights
0...1...2...3...4...5...6...7...8...9...100...1...2...3...4...5...6...7...8...9...10transfers 5560, max 73
transfer lists:   0.0 megs
0...1...2...3...4...5...6...7...8...9...10	Bounce #1 added RGB(0, 0, 0)
Build Patch/Sample Hash Table(s).....Done<0.0001 sec>
0...1...2...3...4...5...6...7...8...9...10FinalLightFace Done
0 of 0 (0% of) surface lights went in leaf ambient cubes.
0...1...2...3...4...5...6...7...8...9...10Writing leaf ambient...done
Ready to Finish

Object names       Objects/Maxobjs  Memory / Maxmem  Fullness 
------------       ---------------  ---------------  -------- 
models                   1/1024           48/49152    ( 0.1%) 
brushes                 16/8192          192/98304    ( 0.2%) 
brushsides              96/65536         768/524288   ( 0.1%) 
planes                  72/65536        1440/1310720  ( 0.1%) 
vertexes                53/65536         636/786432   ( 0.1%) 
nodes                   20/65536         640/2097152  ( 0.0%) 
texinfos                12/12288         864/884736   ( 0.1%) 
texdata                  6/2048          192/65536    ( 0.3%) 
dispinfos                0/0               0/0        ( 0.0%) 
disp_verts               0/0               0/0        ( 0.0%) 
disp_tris                0/0               0/0        ( 0.0%) 
disp_lmsamples           0/0               0/0        ( 0.0%) 
faces                   20/65536        1120/3670016  ( 0.0%) 
hdr faces                0/65536           0/3670016  ( 0.0%) 
origfaces               20/65536        1120/3670016  ( 0.0%) 
leaves                  22/65536         704/2097152  ( 0.0%) 
leaffaces               20/65536          40/131072   ( 0.0%) 
leafbrushes             18/65536          36/131072   ( 0.0%) 
areas                    3/256            24/2048     ( 1.2%) 
surfedges              168/512000        672/2048000  ( 0.0%) 
edges                  111/256000        444/1024000  ( 0.0%) 
LDR worldlights          2/65536         176/5767168  ( 0.0%) 
HDR worldlights          0/65536           0/5767168  ( 0.0%) 
leafwaterdata            0/32768           0/393216   ( 0.0%) 
waterstrips              0/32768           0/327680   ( 0.0%) 
waterverts               0/65536           0/786432   ( 0.0%) 
waterindices             0/65536           0/131072   ( 0.0%) 
cubemapsamples           0/1024            0/16384    ( 0.0%) 
overlays                 0/8192            0/2883584  ( 0.0%) 
LDR lightdata         [variable]        9876/0        ( 0.0%) 
HDR lightdata         [variable]           0/0        ( 0.0%) 
visdata               [variable]          34/16777216 ( 0.0%) 
entdata               [variable]        2292/393216   ( 0.6%) 
LDR ambient table       22/65536          88/262144   ( 0.0%) 
HDR ambient table       22/65536          88/262144   ( 0.0%) 
LDR leaf ambient        15/65536         420/1835008  ( 0.0%) 
HDR leaf ambient        22/65536         616/1835008  ( 0.0%) 
occluders                0/0               0/0        ( 0.0%) 
occluder polygons        0/0               0/0        ( 0.0%) 
occluder vert ind        0/0               0/0        ( 0.0%) 
detail props          [variable]           1/12       ( 8.3%) 
static props          [variable]           1/1370     ( 0.1%) 
pakfile               [variable]          54/0        ( 0.0%) 
physics               [variable]        5863/4194304  ( 0.1%) 
physics terrain       [variable]           2/1048576  ( 0.0%) 

Level flags = 0

Total triangle count: 48
Writing c:\program files (x86)\steam\steamapps\sourcemods\entropyzero2-addonworkspace\mapsrc\dd_copshop.bsp
0 seconds elapsed



materialPath: C:\Program Files (x86)\Steam\steamapps\sourcemods\entropyzero2-addonworkspace\materials
Loading c:\program files (x86)\steam\steamapps\sourcemods\entropyzero2-addonworkspace\mapsrc\dd_copshop.vmf
ConVarRef mat_reduceparticles doesn't point to an existing ConVar
fixing up env_cubemap materials on brush sides...
0...1...2...3...4...5...6...7...8...9...100...1...2...3...4...5...6...7...8...9...10Processing areas...done (0)
Building Faces...done (0)
FixTjuncs...
PruneNodes...
WriteBSP...
done (0)
writing c:\program files (x86)\steam\steamapps\sourcemods\entropyzero2-addonworkspace\mapsrc\dd_copshop.prt...Building visibility clusters...
done (0)
Finding displacement neighbors...
Finding lightmap sample positions...
Displacement Alpha : 0...1...2...3...4...5...6...7...8...9...10
Building Physics collision data...
done (0) (5863 bytes)
Placing static props...
Error! To use model "models/barneyhelmet_faceplate.mdl"
      with prop_static, it must be compiled with $staticprop!
Error loading studio model "models/barneyhelmet_faceplate.mdl"!
Placing detail props : 0...1...2...3...4...5...6...7...8...9...10
Compacting texture/material tables...
Reduced 24 texinfos to 12
Reduced 6 texdatas to 6 (124 bytes to 124)
Writing c:\program files (x86)\steam\steamapps\sourcemods\entropyzero2-addonworkspace\mapsrc\dd_copshop.bsp
0 seconds elapsed



8 threads
reading c:\program files (x86)\steam\steamapps\sourcemods\entropyzero2-addonworkspace\mapsrc\dd_copshop.bsp
reading c:\program files (x86)\steam\steamapps\sourcemods\entropyzero2-addonworkspace\mapsrc\dd_copshop.prt
   3 portalclusters
   1 numportals
0...1...2...3...4...5...6...7...8...9...100...1...2...3...4...5...6...7...8...9...10Optimized: 0 visible clusters (0.00%)
Total clusters visible: 5
Average clusters visible: 1
Building PAS...
Average clusters audible: 1
visdatasize:34  compressed from 48
writing c:\program files (x86)\steam\steamapps\sourcemods\entropyzero2-addonworkspace\mapsrc\dd_copshop.bsp
0 seconds elapsed



[Reading texlights from 'lights.rad']
[48 texlights parsed from 'lights.rad']

Loading c:\program files (x86)\steam\steamapps\sourcemods\entropyzero2-addonworkspace\mapsrc\dd_copshop.bsp
20 faces
1727 square feet [248704.00 square inches]
0 Displacements
0 Square Feet [0.00 Square Inches]
20 patches before subdivision
186 patches after subdivision
3 direct lights
0...1...2...3...4...5...6...7...8...9...100...1...2...3...4...5...6...7...8...9...10transfers 5560, max 73
transfer lists:   0.0 megs
0...1...2...3...4...5...6...7...8...9...10	Bounce #1 added RGB(1372, 1199, 689)
0...1...2...3...4...5...6...7...8...9...10	Bounce #2 added RGB(298, 203, 80)
0...1...2...3...4...5...6...7...8...9...10	Bounce #3 added RGB(72, 41, 13)
0...1...2...3...4...5...6...7...8...9...10	Bounce #4 added RGB(17, 7, 2)
0...1...2...3...4...5...6...7...8...9...10	Bounce #5 added RGB(4, 1, 0)
0...1...2...3...4...5...6...7...8...9...10	Bounce #6 added RGB(1, 0, 0)
Build Patch/Sample Hash Table(s).....Done<0.0001 sec>
0...1...2...3...4...5...6...7...8...9...10FinalLightFace Done
0 of 0 (0% of) surface lights went in leaf ambient cubes.
0...1...2...3...4...5...6...7...8...9...10Writing leaf ambient...done
Ready to Finish

Object names       Objects/Maxobjs  Memory / Maxmem  Fullness 
------------       ---------------  ---------------  -------- 
models                   1/1024           48/49152    ( 0.1%) 
brushes                 16/8192          192/98304    ( 0.2%) 
brushsides              96/65536         768/524288   ( 0.1%) 
planes                  72/65536        1440/1310720  ( 0.1%) 
vertexes                53/65536         636/786432   ( 0.1%) 
nodes                   20/65536         640/2097152  ( 0.0%) 
texinfos                12/12288         864/884736   ( 0.1%) 
texdata                  6/2048          192/65536    ( 0.3%) 
dispinfos                0/0               0/0        ( 0.0%) 
disp_verts               0/0               0/0        ( 0.0%) 
disp_tris                0/0               0/0        ( 0.0%) 
disp_lmsamples           0/0               0/0        ( 0.0%) 
faces                   20/65536        1120/3670016  ( 0.0%) 
hdr faces                0/65536           0/3670016  ( 0.0%) 
origfaces               20/65536        1120/3670016  ( 0.0%) 
leaves                  22/65536         704/2097152  ( 0.0%) 
leaffaces               20/65536          40/131072   ( 0.0%) 
leafbrushes             18/65536          36/131072   ( 0.0%) 
areas                    3/256            24/2048     ( 1.2%) 
surfedges              168/512000        672/2048000  ( 0.0%) 
edges                  111/256000        444/1024000  ( 0.0%) 
LDR worldlights          3/65536         264/5767168  ( 0.0%) 
HDR worldlights          0/65536           0/5767168  ( 0.0%) 
leafwaterdata            0/32768           0/393216   ( 0.0%) 
waterstrips              0/32768           0/327680   ( 0.0%) 
waterverts               0/65536           0/786432   ( 0.0%) 
waterindices             0/65536           0/131072   ( 0.0%) 
cubemapsamples           0/1024            0/16384    ( 0.0%) 
overlays                 0/8192            0/2883584  ( 0.0%) 
LDR lightdata         [variable]        9876/0        ( 0.0%) 
HDR lightdata         [variable]           0/0        ( 0.0%) 
visdata               [variable]          34/16777216 ( 0.0%) 
entdata               [variable]        2449/393216   ( 0.6%) 
LDR ambient table       22/65536          88/262144   ( 0.0%) 
HDR ambient table       22/65536          88/262144   ( 0.0%) 
LDR leaf ambient        30/65536         840/1835008  ( 0.0%) 
HDR leaf ambient        22/65536         616/1835008  ( 0.0%) 
occluders                0/0               0/0        ( 0.0%) 
occluder polygons        0/0               0/0        ( 0.0%) 
occluder vert ind        0/0               0/0        ( 0.0%) 
detail props          [variable]           1/12       ( 8.3%) 
static props          [variable]           1/1370     ( 0.1%) 
pakfile               [variable]          54/0        ( 0.0%) 
physics               [variable]        5863/4194304  ( 0.1%) 
physics terrain       [variable]           2/1048576  ( 0.0%) 

Level flags = 0

Total triangle count: 48
Writing c:\program files (x86)\steam\steamapps\sourcemods\entropyzero2-addonworkspace\mapsrc\dd_copshop.bsp
0 seconds elapsed



materialPath: C:\Program Files (x86)\Steam\steamapps\sourcemods\entropyzero2-addonworkspace\materials
Loading c:\program files (x86)\steam\steamapps\sourcemods\entropyzero2-addonworkspace\mapsrc\dd_copshop.vmf
ConVarRef mat_reduceparticles doesn't point to an existing ConVar
fixing up env_cubemap materials on brush sides...
0...1...2...3...4...5...6...7...8...9...10**** leaked ****
Entity prop_door_rotating (-905.00 252.00 54.00) leaked!
--- MAP LEAKED ---



8 threads
reading c:\program files (x86)\steam\steamapps\sourcemods\entropyzero2-addonworkspace\mapsrc\dd_copshop.bsp
reading c:\program files (x86)\steam\steamapps\sourcemods\entropyzero2-addonworkspace\mapsrc\dd_copshop.prt
LoadPortals: couldn't read c:\program files (x86)\steam\steamapps\sourcemods\entropyzero2-addonworkspace\mapsrc\dd_copshop.prt
