PRT1
64
150
4 0 3 (512 1024 448 ) (0 1024 448 ) (0 1024 400 ) (512 1024 400 ) 
4 0 2 (768 1024 0 ) (768 1024 448 ) (512 1024 448 ) (512 1024 0 ) 
4 0 1 (0 1024 0 ) (0 1024 448 ) (0 1408 448 ) (0 1408 0 ) 
4 1 9 (-1024 1024 256 ) (-1024 1024 384 ) (-1024 1280 384 ) (-1024 1280 256 ) 
4 1 8 (-1024 1024 384 ) (-1024 1024 448 ) (-1024 1280 448 ) (-1024 1280 384 ) 
4 1 7 (-1024 1280 448 ) (-1024 1408 448 ) (-1024 1408 0 ) (-1024 1280 0 ) 
4 1 6 (0 1024 400 ) (0 1024 448 ) (-1024 1024 448 ) (-1024 1024 400 ) 
4 2 19 (512 0 128 ) (512 0 0 ) (768 0 0 ) (768 0 128 ) 
4 2 18 (512 0 448 ) (512 0 128 ) (768 0 128 ) (768 0 448 ) 
4 2 4 (512 0 128 ) (512 0 448 ) (512 512 448 ) (512 512 128 ) 
4 2 3 (512 1024 448 ) (512 1024 400 ) (512 512 400 ) (512 512 448 ) 
4 3 6 (0 1024 448 ) (0 1024 400 ) (0 512 400 ) (0 512 448 ) 
4 3 4 (512 512 400 ) (512 512 448 ) (504 512 448 ) (504 512 400 ) 
4 3 5 (504 512 448 ) (0 512 448 ) (0 512 400 ) (504 512 400 ) 
4 4 22 (512 0 128 ) (512 0 256 ) (504 0 256 ) (504 0 128 ) 
4 4 21 (512 0 256 ) (512 0 448 ) (504 0 448 ) (504 0 256 ) 
4 4 5 (504 0 448 ) (504 512 448 ) (504 512 128 ) (504 0 128 ) 
4 5 24 (0 0 448 ) (0 0 0 ) (64 0 0 ) (64 0 448 ) 
4 5 22 (64 0 0 ) (504 0 0 ) (504 0 256 ) (64 0 256 ) 
4 5 21 (504 0 256 ) (504 0 448 ) (64 0 448 ) (64 0 256 ) 
4 5 6 (0 0 400 ) (0 0 448 ) (0 512 448 ) (0 512 400 ) 
4 6 28 (-640 0 448 ) (-1024 0 448 ) (-1024 0 400 ) (-640 0 400 ) 
4 6 26 (0 0 400 ) (0 0 448 ) (-640 0 448 ) (-640 0 400 ) 
4 6 13 (-1024 0 400 ) (-1024 0 448 ) (-1024 1024 448 ) (-1024 1024 400 ) 
4 7 12 (-2048 1280 0 ) (-2048 1408 0 ) (-1856 1408 0 ) (-1856 1280 0 ) 
3 7 10 (-1296 1280 384 ) (-1536 1280 384 ) (-1536 1280 256 ) 
3 7 9 (-1024 1280 256 ) (-1024 1280 384 ) (-1264 1280 384 ) 
4 7 11 (-2048 1280 0 ) (-1536 1280 0 ) (-1536 1280 384 ) (-2048 1280 384 ) 
4 7 8 (-1024 1280 384 ) (-1024 1280 448 ) (-2048 1280 448 ) (-2048 1280 384 ) 
4 8 13 (-1024 1024 384 ) (-1024 1024 448 ) (-1536 1024 448 ) (-1536 1024 384 ) 
4 8 16 (-1536 1024 448 ) (-2048 1024 448 ) (-2048 1024 384 ) (-1536 1024 384 ) 
4 8 10 (-1536 1280 384 ) (-1296 1280 384 ) (-1296 1024 384 ) (-1536 1024 384 ) 
4 8 9 (-1264 1280 384 ) (-1024 1280 384 ) (-1024 1024 384 ) (-1264 1024 384 ) 
4 8 11 (-2048 1024 384 ) (-2048 1280 384 ) (-1536 1280 384 ) (-1536 1024 384 ) 
3 9 14 (-1024 1024 256 ) (-1024 1024 384 ) (-1264 1024 384 ) 
3 10 15 (-1296 1024 384 ) (-1536 1024 384 ) (-1536 1024 256 ) 
4 10 11 (-1536 1024 384 ) (-1536 1280 384 ) (-1536 1280 256 ) (-1536 1024 256 ) 
4 11 16 (-1536 1024 384 ) (-2048 1024 384 ) (-2048 1024 0 ) (-1536 1024 0 ) 
4 11 12 (-2048 1024 0 ) (-2048 1280 0 ) (-1856 1280 0 ) (-1856 1024 0 ) 
4 12 17 (-1856 1024 0 ) (-2048 1024 0 ) (-2048 1024 -64 ) (-1856 1024 -64 ) 
4 13 32 (-1408 0 448 ) (-1536 0 448 ) (-1536 0 384 ) (-1408 0 384 ) 
4 13 30 (-1024 0 384 ) (-1024 0 448 ) (-1408 0 448 ) (-1408 0 384 ) 
4 13 15 (-1536 0 384 ) (-1536 1024 384 ) (-1296 1024 384 ) (-1296 0 384 ) 
4 13 14 (-1264 1024 384 ) (-1024 1024 384 ) (-1024 0 384 ) (-1264 0 384 ) 
4 13 16 (-1536 0 384 ) (-1536 0 448 ) (-1536 1024 448 ) (-1536 1024 384 ) 
3 14 30 (-1024 0 256 ) (-1024 0 384 ) (-1264 0 384 ) 
4 15 33 (-1408 0 384 ) (-1536 0 384 ) (-1536 0 256 ) (-1408 0 324.266663 ) 
3 15 30 (-1296 0 384 ) (-1408 0 384 ) (-1408 0 324.266663 ) 
4 15 16 (-1536 0 256 ) (-1536 0 384 ) (-1536 1024 384 ) (-1536 1024 256 ) 
4 16 44 (-2048 0 112 ) (-2048 0 0 ) (-1536 0 0 ) (-1536 0 112 ) 
4 16 38 (-1792 0 112 ) (-1536 0 112 ) (-1536 0 128 ) (-1792 0 128 ) 
4 16 39 (-2048 0 128 ) (-2048 0 112 ) (-1792 0 112 ) (-1792 0 128 ) 
4 16 37 (-1792 0 448 ) (-2048 0 448 ) (-2048 0 128 ) (-1792 0 128 ) 
4 16 33 (-1792 0 384 ) (-1792 0 128 ) (-1536 0 128 ) (-1536 0 384 ) 
4 16 32 (-1536 0 448 ) (-1792 0 448 ) (-1792 0 384 ) (-1536 0 384 ) 
4 16 17 (-1856 0 0 ) (-2048 0 0 ) (-2048 1024 0 ) (-1856 1024 0 ) 
4 17 62 (-1856 0 0 ) (-2048 0 0 ) (-2048 0 -64 ) (-1856 0 -64 ) 
4 18 22 (512 -256 256 ) (512 0 256 ) (512 0 128 ) (512 -256 128 ) 
4 18 21 (512 -640 256 ) (512 -640 448 ) (512 0 448 ) (512 0 256 ) 
4 18 19 (512 -256 128 ) (512 0 128 ) (768 0 128 ) (768 -256 128 ) 
4 18 20 (512 -640 128 ) (512 -272 128 ) (768 -272 128 ) (768 -640 128 ) 
4 19 22 (512 0 0 ) (512 -256 0 ) (512 -256 128 ) (512 0 128 ) 
4 21 25 (64 -624 256 ) (64 -640 256 ) (64 -640 448 ) (64 -624 448 ) 
4 21 24 (64 0 448 ) (64 0 256 ) (64 -624 256 ) (64 -624 448 ) 
3 21 23 (64 -384 256 ) (64 -256 256 ) (192 -256 256 ) 
4 21 22 (64 -256 256 ) (64 0 256 ) (512 0 256 ) (512 -256 256 ) 
4 22 24 (64 0 256 ) (64 0 0 ) (64 -256 0 ) (64 -256 256 ) 
4 22 23 (192 -256 256 ) (64 -256 256 ) (64 -256 0 ) (192 -256 0 ) 
4 23 24 (64 -256 0 ) (64 -384 0 ) (64 -384 256 ) (64 -256 256 ) 
4 24 27 (0 0 128 ) (0 0 0 ) (0 -624 0 ) (0 -624 128 ) 
4 24 26 (0 0 448 ) (0 0 128 ) (0 -624 128 ) (0 -624 448 ) 
4 24 25 (64 -624 128 ) (64 -624 448 ) (0 -624 448 ) (0 -624 128 ) 
4 25 26 (0 -640 128 ) (0 -640 448 ) (0 -624 448 ) (0 -624 128 ) 
4 26 29 (-640 -384 256 ) (-640 0 256 ) (-640 0 128 ) (-640 -384 128 ) 
4 26 28 (-640 -640 256 ) (-640 -640 448 ) (-640 0 448 ) (-640 0 256 ) 
4 26 27 (-640 -624 128 ) (-640 0 128 ) (0 0 128 ) (0 -624 128 ) 
4 27 29 (-640 0 0 ) (-640 -384 0 ) (-640 -384 128 ) (-640 0 128 ) 
4 28 31 (-1024 -256 256 ) (-1024 -640 256 ) (-1024 -640 448 ) (-1024 -256 448 ) 
4 28 30 (-1024 0 448 ) (-1024 0 256 ) (-1024 -256 256 ) (-1024 -256 448 ) 
4 28 29 (-640 0 256 ) (-640 -384 256 ) (-1024 -384 256 ) (-1024 0 256 ) 
4 29 30 (-1024 0 256 ) (-1024 0 0 ) (-1024 -256 0 ) (-1024 -256 256 ) 
4 30 44 (-1408 0 112 ) (-1408 0 0 ) (-1408 -256 0 ) (-1408 -256 112 ) 
4 30 38 (-1408 0 128 ) (-1408 0 112 ) (-1408 -256 112 ) (-1408 -256 128 ) 
4 30 33 (-1408 0 384 ) (-1408 0 128 ) (-1408 -256 128 ) (-1408 -256 384 ) 
4 30 32 (-1408 0 448 ) (-1408 0 384 ) (-1408 -256 384 ) (-1408 -256 448 ) 
4 30 31 (-1024 -256 448 ) (-1408 -256 448 ) (-1408 -256 256 ) (-1024 -256 256 ) 
4 31 34 (-1408 -640 256 ) (-1408 -640 384 ) (-1408 -256 384 ) (-1408 -256 256 ) 
4 31 32 (-1408 -640 384 ) (-1408 -640 448 ) (-1408 -256 448 ) (-1408 -256 384 ) 
4 32 37 (-1792 0 448 ) (-1792 0 384 ) (-1792 -640 384 ) (-1792 -640 448 ) 
4 32 36 (-1792 -640 384 ) (-1792 -256 384 ) (-1784 -256 384 ) (-1784 -640 384 ) 
4 32 35 (-1784 -256 384 ) (-1608 -256 384 ) (-1608 -640 384 ) (-1784 -640 384 ) 
4 32 34 (-1592 -256 384 ) (-1408 -256 384 ) (-1408 -640 384 ) (-1592 -640 384 ) 
4 32 33 (-1792 -256 384 ) (-1792 0 384 ) (-1408 0 384 ) (-1408 -256 384 ) 
4 33 38 (-1792 0 128 ) (-1408 0 128 ) (-1408 -256 128 ) (-1792 -256 128 ) 
4 33 37 (-1792 0 384 ) (-1792 0 128 ) (-1792 -256 128 ) (-1792 -256 384 ) 
4 33 36 (-1784 -256 384 ) (-1792 -256 384 ) (-1792 -256 256 ) (-1784 -256 261.565247 ) 
3 33 35 (-1608 -256 384 ) (-1784 -256 384 ) (-1784 -256 261.565247 ) 
3 33 34 (-1408 -256 384 ) (-1592 -256 384 ) (-1408 -256 256 ) 
4 35 36 (-1784 -256 384 ) (-1784 -256 261.565247 ) (-1784 -640 261.565247 ) (-1784 -640 384 ) 
4 36 37 (-1792 -640 256 ) (-1792 -640 384 ) (-1792 -256 384 ) (-1792 -256 256 ) 
4 37 61 (-2048 -640 448 ) (-2048 -640 128 ) (-1792 -640 128 ) (-1792 -640 448 ) 
4 37 60 (-1792 -632 128 ) (-1792 -640 128 ) (-2048 -640 128 ) (-2048 -632 128 ) 
4 37 43 (-1792 -264 128 ) (-1792 -632 128 ) (-2048 -632 128 ) (-2048 -264 128 ) 
4 37 39 (-2048 0 128 ) (-1792 0 128 ) (-1792 -264 128 ) (-2048 -264 128 ) 
4 38 44 (-1792 0 112 ) (-1408 0 112 ) (-1408 -256 112 ) (-1792 -256 112 ) 
4 38 39 (-1792 0 112 ) (-1792 -256 112 ) (-1792 -256 128 ) (-1792 0 128 ) 
4 39 46 (-2048 -264 112 ) (-2048 -256 112 ) (-1792 -256 112 ) (-1792 -264 112 ) 
4 39 44 (-2048 -256 112 ) (-2048 0 112 ) (-1792 0 112 ) (-1792 -256 112 ) 
4 39 43 (-2048 -264 112 ) (-1792 -264 112 ) (-1792 -264 128 ) (-2048 -264 128 ) 
4 40 47 (-1600 -264 112 ) (-1408 -264 112 ) (-1408 -384 112 ) (-1600 -384 112 ) 
4 41 49 (-1784 -384 112 ) (-1784 -264 112 ) (-1608 -264 112 ) (-1608 -384 112 ) 
4 42 53 (-1560 -632 112 ) (-1640 -632 112 ) (-1640 -631 112 ) (-1560 -631 112 ) 
4 42 52 (-1408 -632 112 ) (-1560 -632 112 ) (-1560 -631 112 ) (-1408 -631 112 ) 
4 42 54 (-1640 -632 112 ) (-1784 -632 112 ) (-1784 -631 112 ) (-1640 -631 112 ) 
4 42 51 (-1784 -631 112 ) (-1784 -392 112 ) (-1408 -392 112 ) (-1408 -631 112 ) 
4 43 60 (-1792 -632 128 ) (-2048 -632 128 ) (-2048 -632 112 ) (-1792 -632 112 ) 
4 43 59 (-1792 -632 112 ) (-2048 -632 112 ) (-2048 -264 112 ) (-1792 -264 112 ) 
4 44 62 (-2048 -256 0 ) (-2048 0 0 ) (-1792 0 0 ) (-1792 -256 0 ) 
4 44 45 (-1528 -256 0 ) (-1472 -256 0 ) (-1472 -256 112 ) (-1528 -256 112 ) 
4 44 46 (-2048 -256 0 ) (-1792 -256 0 ) (-1792 -256 112 ) (-2048 -256 112 ) 
4 45 47 (-1528 -264 0 ) (-1472 -264 0 ) (-1472 -264 112 ) (-1528 -264 112 ) 
4 46 62 (-2048 -264 0 ) (-2048 -256 0 ) (-1792 -256 0 ) (-1792 -264 0 ) 
4 46 59 (-2048 -264 0 ) (-1792 -264 0 ) (-1792 -264 112 ) (-2048 -264 112 ) 
4 47 50 (-1528 -384 0 ) (-1472 -384 0 ) (-1472 -384 112 ) (-1528 -384 112 ) 
4 47 48 (-1600 -296 0 ) (-1600 -352 0 ) (-1600 -352 112 ) (-1600 -296 112 ) 
4 48 49 (-1608 -296 0 ) (-1608 -352 0 ) (-1608 -352 112 ) (-1608 -296 112 ) 
4 50 51 (-1528 -392 0 ) (-1472 -392 0 ) (-1472 -392 112 ) (-1528 -392 112 ) 
4 51 56 (-1559 -631 65 ) (-1559 -631 80 ) (-1639 -631 80 ) (-1639 -631 65 ) 
4 51 57 (-1639 -631 0 ) (-1559 -631 0 ) (-1559 -631 49 ) (-1639 -631 49 ) 
4 51 55 (-1559 -631 0 ) (-1408 -631 0 ) (-1408 -631 80 ) (-1559 -631 80 ) 
4 51 58 (-1784 -631 80 ) (-1784 -631 0 ) (-1639 -631 0 ) (-1639 -631 80 ) 
4 51 53 (-1560 -631 96 ) (-1560 -631 112 ) (-1640 -631 112 ) (-1640 -631 96 ) 
4 51 52 (-1560 -631 80 ) (-1408 -631 80 ) (-1408 -631 112 ) (-1560 -631 112 ) 
4 51 54 (-1784 -631 112 ) (-1784 -631 80 ) (-1640 -631 80 ) (-1640 -631 112 ) 
4 52 56 (-1559 -632 80 ) (-1560 -632 80 ) (-1560 -631 80 ) (-1559 -631 80 ) 
4 52 55 (-1408 -632 80 ) (-1559 -632 80 ) (-1559 -631 80 ) (-1408 -631 80 ) 
4 52 53 (-1560 -631 112 ) (-1560 -631 96 ) (-1560 -632 96 ) (-1560 -632 112 ) 
4 53 54 (-1640 -631 112 ) (-1640 -631 96 ) (-1640 -632 96 ) (-1640 -632 112 ) 
4 54 58 (-1640 -632 80 ) (-1784 -632 80 ) (-1784 -631 80 ) (-1640 -631 80 ) 
4 55 56 (-1559 -632 65 ) (-1559 -632 80 ) (-1559 -631 80 ) (-1559 -631 65 ) 
4 55 57 (-1559 -632 0 ) (-1559 -632 49 ) (-1559 -631 49 ) (-1559 -631 0 ) 
4 56 58 (-1639 -632 65 ) (-1639 -632 80 ) (-1639 -631 80 ) (-1639 -631 65 ) 
4 57 58 (-1639 -632 0 ) (-1639 -632 49 ) (-1639 -631 49 ) (-1639 -631 0 ) 
4 59 62 (-2048 -632 0 ) (-2048 -264 0 ) (-1792 -264 0 ) (-1792 -632 0 ) 
4 59 60 (-2048 -632 0 ) (-1792 -632 0 ) (-1792 -632 112 ) (-2048 -632 112 ) 
4 60 62 (-2048 -640 0 ) (-2048 -632 0 ) (-1792 -632 0 ) (-1792 -640 0 ) 
4 60 61 (-2048 -640 0 ) (-1792 -640 0 ) (-1792 -640 128 ) (-2048 -640 128 ) 
4 61 63 (-1792 -1024 448 ) (-2048 -1024 448 ) (-2048 -1024 0 ) (-1792 -1024 0 ) 
4 61 62 (-2048 -1024 0 ) (-2048 -640 0 ) (-1792 -640 0 ) (-1792 -1024 0 ) 
4 62 63 (-1792 -1024 0 ) (-2048 -1024 0 ) (-2048 -1024 -64 ) (-1792 -1024 -64 ) 
