


materialPath: D:\steam\steamapps\sourcemods\entropyzero2-addonworkspace\materials
Loading d:\steam\steamapps\sourcemods\entropyzero2-addonworkspace\mapsrc\dd_railway_01.vmf
Patching WVT material: maps/dd_railway_01/nature/blendgrassdirt02_wvt_patch
Patching WVT material: maps/dd_railway_01/nature/blendpavedirt01_nodetail_wvt_patch
fixing up env_cubemap materials on brush sides...
0...1...2...3...4...5...6...7...8...9...100...1...2...3...4...5...6...7...8...9...10Processing areas...done (0)
Building Faces...done (0)
Chop Details...done (0)
Find Visible Detail Sides...
Merged 662 detail faces...done (0)
Merging details...done (0)
FixTjuncs...
PruneNodes...
WriteBSP...
done (0)
writing d:\steam\steamapps\sourcemods\entropyzero2-addonworkspace\mapsrc\dd_railway_01.prt...Building visibility clusters...
done (0)
Finding displacement neighbors...
Finding lightmap sample positions...
Displacement Alpha : 0...1...2...3...4...5...6...7...8...9...10
ConVarRef mat_reduceparticles doesn't point to an existing ConVar
Building Physics collision data...
done (0) (512240 bytes)
Placing static props...
Placing detail props : 0...1...2...3...4...5...6...7...8...9...10
Compacting texture/material tables...
Reduced 2260 texinfos to 1554
Reduced 151 texdatas to 138 (3727 bytes to 3184)
Writing d:\steam\steamapps\sourcemods\entropyzero2-addonworkspace\mapsrc\dd_railway_01.bsp
1 second elapsed



12 threads
reading d:\steam\steamapps\sourcemods\entropyzero2-addonworkspace\mapsrc\dd_railway_01.bsp
reading d:\steam\steamapps\sourcemods\entropyzero2-addonworkspace\mapsrc\dd_railway_01.prt
 422 portalclusters
1458 numportals
0...1...2...3...4...5...6...7...8...9...10Optimized: 1374 visible clusters (0.81%)
Total clusters visible: 169364
Average clusters visible: 401
Building PAS...
Average clusters audible: 420
visdatasize:48021  compressed from 47264
writing d:\steam\steamapps\sourcemods\entropyzero2-addonworkspace\mapsrc\dd_railway_01.bsp
0 seconds elapsed



[Reading texlights from 'lights.rad']
[48 texlights parsed from 'lights.rad']

Loading d:\steam\steamapps\sourcemods\entropyzero2-addonworkspace\mapsrc\dd_railway_01.bsp
5617 faces
40 degenerate faces
1136644 square feet [163676832.00 square inches]
2 Displacements
9756 Square Feet [1404990.38 Square Inches]
5577 patches before subdivision
52687 patches after subdivision
light has _fifty_percent_distance of 96.000000 but _zero_percent_distance of 0.000000
light has _fifty_percent_distance of 96.000000 but _zero_percent_distance of 0.000000
27 direct lights
0...1...2...3...4...5...6...7...8...9...100...1...2...3...4...5...6...7...8...9...10transfers 6289700, max 2070
transfer lists:  48.0 megs
0...1...2...3...4...5...6...7...8...9...10	Bounce #1 added RGB(16258, 16435, 13401)
0...1...2...3...4...5...6...7...8...9...10	Bounce #2 added RGB(2778, 2257, 1484)
Build Patch/Sample Hash Table(s).....Done<0.0086 sec>
0...1...2...3...4...5...6...7...8...9...10FinalLightFace Done
Computing detail prop lighting : 0...1...2...3...4...5...6...7...8...9...10
0 of 0 (0% of) surface lights went in leaf ambient cubes.
0...1...2...3...4...5...6...7...8...9...10Writing leaf ambient...done
Ready to Finish

Object names       Objects/Maxobjs  Memory / Maxmem  Fullness 
------------       ---------------  ---------------  -------- 
models                  37/1024         1776/49152    ( 3.6%) 
brushes               1443/8192        17316/98304    (17.6%) 
brushsides           10173/65536       81384/524288   (15.5%) 
planes                4454/65536       89080/1310720  ( 6.8%) 
vertexes             11286/65536      135432/786432   (17.2%) 
nodes                 1343/65536       42976/2097152  ( 2.0%) 
texinfos              1554/12288      111888/884736   (12.6%) 
texdata                138/2048         4416/65536    ( 6.7%) 
dispinfos                2/0             352/0        ( 0.0%) 
disp_verts             162/0            3240/0        ( 0.0%) 
disp_tris              256/0             512/0        ( 0.0%) 
disp_lmsamples       14336/0           14336/0        ( 0.0%) 
faces                 5617/65536      314552/3670016  ( 8.6%) 
hdr faces                0/65536           0/3670016  ( 0.0%) 
origfaces             3770/65536      211120/3670016  ( 5.8%) 
leaves                1381/65536       44192/2097152  ( 2.1%) 
leaffaces             6610/65536       13220/131072   (10.1%) 
leafbrushes           2154/65536        4308/131072   ( 3.3%) 
areas                    3/256            24/2048     ( 1.2%) 
surfedges            42450/512000     169800/2048000  ( 8.3%) 
edges                28249/256000     112996/1024000  (11.0%) 
LDR worldlights         27/65536        2376/5767168  ( 0.0%) 
HDR worldlights          0/65536           0/5767168  ( 0.0%) 
leafwaterdata            0/32768           0/393216   ( 0.0%) 
waterstrips            614/32768        6140/327680   ( 1.9%) 
waterverts               0/65536           0/786432   ( 0.0%) 
waterindices         20760/65536       41520/131072   (31.7%) 
cubemapsamples           0/1024            0/16384    ( 0.0%) 
overlays               102/8192        35904/2883584  ( 1.2%) 
LDR lightdata         [variable]     2684044/0        ( 0.0%) 
HDR lightdata         [variable]           0/0        ( 0.0%) 
visdata               [variable]       48021/16777216 ( 0.3%) 
entdata               [variable]      138950/393216   (35.3%) 
LDR ambient table     1381/65536        5524/262144   ( 2.1%) 
HDR ambient table     1381/65536        5524/262144   ( 2.1%) 
LDR leaf ambient      6415/65536      179620/1835008  ( 9.8%) 
HDR leaf ambient      1381/65536       38668/1835008  ( 2.1%) 
occluders                0/0               0/0        ( 0.0%) 
occluder polygons        0/0               0/0        ( 0.0%) 
occluder vert ind        0/0               0/0        ( 0.0%) 
detail props          [variable]           1/23232    ( 0.0%) 
dtl prp lght          [variable]           1/1909     ( 0.1%) 
HDR dtl prp lght      [variable]           1/4        (25.0%) 
static props          [variable]           1/22290    ( 0.0%) 
pakfile               [variable]        3580/0        ( 0.0%) 
physics               [variable]      512240/4194304  (12.2%) 
physics terrain       [variable]         304/1048576  ( 0.0%) 

Level flags = 0

Total triangle count: 16110
Writing d:\steam\steamapps\sourcemods\entropyzero2-addonworkspace\mapsrc\dd_railway_01.bsp
8 seconds elapsed



materialPath: D:\steam\steamapps\sourcemods\entropyzero2-addonworkspace\materials
Loading d:\steam\steamapps\sourcemods\entropyzero2-addonworkspace\mapsrc\dd_railway_01.vmf
Patching WVT material: maps/dd_railway_01/nature/blendgrassdirt02_wvt_patch
Patching WVT material: maps/dd_railway_01/nature/blendpavedirt01_nodetail_wvt_patch
fixing up env_cubemap materials on brush sides...
0...1...2...3...4...5...6...7...8...9...100...1...2...3...4...5...6...7...8...9...10Processing areas...done (0)
Building Faces...done (0)
Chop Details...done (0)
Find Visible Detail Sides...
Merged 662 detail faces...done (0)
Merging details...done (0)
FixTjuncs...
PruneNodes...
WriteBSP...
done (0)
writing d:\steam\steamapps\sourcemods\entropyzero2-addonworkspace\mapsrc\dd_railway_01.prt...Building visibility clusters...
done (0)
Finding displacement neighbors...
Finding lightmap sample positions...
Displacement Alpha : 0...1...2...3...4...5...6...7...8...9...10
ConVarRef mat_reduceparticles doesn't point to an existing ConVar
Building Physics collision data...
done (0) (512480 bytes)
Placing static props...
Placing detail props : 0...1...2...3...4...5...6...7...8...9...10
Compacting texture/material tables...
Reduced 2260 texinfos to 1554
Reduced 151 texdatas to 138 (3727 bytes to 3184)
Writing d:\steam\steamapps\sourcemods\entropyzero2-addonworkspace\mapsrc\dd_railway_01.bsp
1 second elapsed



12 threads
reading d:\steam\steamapps\sourcemods\entropyzero2-addonworkspace\mapsrc\dd_railway_01.bsp
reading d:\steam\steamapps\sourcemods\entropyzero2-addonworkspace\mapsrc\dd_railway_01.prt
 422 portalclusters
1458 numportals
0...1...2...3...4...5...6...7...8...9...10Optimized: 1374 visible clusters (0.81%)
Total clusters visible: 169364
Average clusters visible: 401
Building PAS...
Average clusters audible: 420
visdatasize:48021  compressed from 47264
writing d:\steam\steamapps\sourcemods\entropyzero2-addonworkspace\mapsrc\dd_railway_01.bsp
0 seconds elapsed



[Reading texlights from 'lights.rad']
[48 texlights parsed from 'lights.rad']

Loading d:\steam\steamapps\sourcemods\entropyzero2-addonworkspace\mapsrc\dd_railway_01.bsp
5617 faces
40 degenerate faces
1136646 square feet [163677136.00 square inches]
2 Displacements
9756 Square Feet [1404990.38 Square Inches]
5577 patches before subdivision
52683 patches after subdivision
light has _fifty_percent_distance of 96.000000 but _zero_percent_distance of 0.000000
light has _fifty_percent_distance of 96.000000 but _zero_percent_distance of 0.000000
27 direct lights
0...1...2...3...4...5...6...7...8...9...100...1...2...3...4...5...6...7...8...9...10transfers 6289114, max 2070
transfer lists:  48.0 megs
0...1...2...3...4...5...6...7...8...9...10	Bounce #1 added RGB(16256, 16433, 13399)
0...1...2...3...4...5...6...7...8...9...10	Bounce #2 added RGB(2777, 2257, 1484)
Build Patch/Sample Hash Table(s).....Done<0.0077 sec>
0...1...2...3...4...5...6...7...8...9...10FinalLightFace Done
Computing detail prop lighting : 0...1...2...3...4...5...6...7...8...9...10
0 of 0 (0% of) surface lights went in leaf ambient cubes.
0...1...2...3...4...5...6...7...8...9...10Writing leaf ambient...done
Ready to Finish

Object names       Objects/Maxobjs  Memory / Maxmem  Fullness 
------------       ---------------  ---------------  -------- 
models                  37/1024         1776/49152    ( 3.6%) 
brushes               1443/8192        17316/98304    (17.6%) 
brushsides           10173/65536       81384/524288   (15.5%) 
planes                4448/65536       88960/1310720  ( 6.8%) 
vertexes             11286/65536      135432/786432   (17.2%) 
nodes                 1343/65536       42976/2097152  ( 2.0%) 
texinfos              1554/12288      111888/884736   (12.6%) 
texdata                138/2048         4416/65536    ( 6.7%) 
dispinfos                2/0             352/0        ( 0.0%) 
disp_verts             162/0            3240/0        ( 0.0%) 
disp_tris              256/0             512/0        ( 0.0%) 
disp_lmsamples       14336/0           14336/0        ( 0.0%) 
faces                 5617/65536      314552/3670016  ( 8.6%) 
hdr faces                0/65536           0/3670016  ( 0.0%) 
origfaces             3770/65536      211120/3670016  ( 5.8%) 
leaves                1381/65536       44192/2097152  ( 2.1%) 
leaffaces             6610/65536       13220/131072   (10.1%) 
leafbrushes           2154/65536        4308/131072   ( 3.3%) 
areas                    3/256            24/2048     ( 1.2%) 
surfedges            42450/512000     169800/2048000  ( 8.3%) 
edges                28250/256000     113000/1024000  (11.0%) 
LDR worldlights         27/65536        2376/5767168  ( 0.0%) 
HDR worldlights          0/65536           0/5767168  ( 0.0%) 
leafwaterdata            0/32768           0/393216   ( 0.0%) 
waterstrips            614/32768        6140/327680   ( 1.9%) 
waterverts               0/65536           0/786432   ( 0.0%) 
waterindices         20760/65536       41520/131072   (31.7%) 
cubemapsamples           0/1024            0/16384    ( 0.0%) 
overlays               102/8192        35904/2883584  ( 1.2%) 
LDR lightdata         [variable]     2683596/0        ( 0.0%) 
HDR lightdata         [variable]           0/0        ( 0.0%) 
visdata               [variable]       48021/16777216 ( 0.3%) 
entdata               [variable]      138529/393216   (35.2%) 
LDR ambient table     1381/65536        5524/262144   ( 2.1%) 
HDR ambient table     1381/65536        5524/262144   ( 2.1%) 
LDR leaf ambient      6417/65536      179676/1835008  ( 9.8%) 
HDR leaf ambient      1381/65536       38668/1835008  ( 2.1%) 
occluders                0/0               0/0        ( 0.0%) 
occluder polygons        0/0               0/0        ( 0.0%) 
occluder vert ind        0/0               0/0        ( 0.0%) 
detail props          [variable]           1/23232    ( 0.0%) 
dtl prp lght          [variable]           1/1909     ( 0.1%) 
HDR dtl prp lght      [variable]           1/4        (25.0%) 
static props          [variable]           1/22290    ( 0.0%) 
pakfile               [variable]        3580/0        ( 0.0%) 
physics               [variable]      512480/4194304  (12.2%) 
physics terrain       [variable]         304/1048576  ( 0.0%) 

Level flags = 0

Total triangle count: 16110
Writing d:\steam\steamapps\sourcemods\entropyzero2-addonworkspace\mapsrc\dd_railway_01.bsp
8 seconds elapsed



materialPath: D:\steam\steamapps\sourcemods\entropyzero2-addonworkspace\materials
Loading d:\steam\steamapps\sourcemods\entropyzero2-addonworkspace\mapsrc\dd_railway_01.vmf
Patching WVT material: maps/dd_railway_01/nature/blendgrassdirt02_wvt_patch
Patching WVT material: maps/dd_railway_01/nature/blendpavedirt01_nodetail_wvt_patch
fixing up env_cubemap materials on brush sides...
0...1...2...3...4...5...6...7...8...9...100...1...2...3...4...5...6...7...8...9...10Processing areas...done (0)
Building Faces...done (0)
Chop Details...done (0)
Find Visible Detail Sides...
Merged 662 detail faces...done (0)
Merging details...done (0)
FixTjuncs...
PruneNodes...
WriteBSP...
done (0)
writing d:\steam\steamapps\sourcemods\entropyzero2-addonworkspace\mapsrc\dd_railway_01.prt...Building visibility clusters...
done (0)
Finding displacement neighbors...
Finding lightmap sample positions...
Displacement Alpha : 0...1...2...3...4...5...6...7...8...9...10
ConVarRef mat_reduceparticles doesn't point to an existing ConVar
Building Physics collision data...
done (0) (512480 bytes)
Placing static props...
Placing detail props : 0...1...2...3...4...5...6...7...8...9...10
Compacting texture/material tables...
Reduced 2260 texinfos to 1554
Reduced 151 texdatas to 138 (3727 bytes to 3184)
Writing d:\steam\steamapps\sourcemods\entropyzero2-addonworkspace\mapsrc\dd_railway_01.bsp
1 second elapsed



12 threads
reading d:\steam\steamapps\sourcemods\entropyzero2-addonworkspace\mapsrc\dd_railway_01.bsp
reading d:\steam\steamapps\sourcemods\entropyzero2-addonworkspace\mapsrc\dd_railway_01.prt
 422 portalclusters
1458 numportals
0...1...2...3...4...5...6...7...8...9...10Optimized: 1374 visible clusters (0.81%)
Total clusters visible: 169364
Average clusters visible: 401
Building PAS...
Average clusters audible: 420
visdatasize:48021  compressed from 47264
writing d:\steam\steamapps\sourcemods\entropyzero2-addonworkspace\mapsrc\dd_railway_01.bsp
0 seconds elapsed



[Reading texlights from 'lights.rad']
[48 texlights parsed from 'lights.rad']

Loading d:\steam\steamapps\sourcemods\entropyzero2-addonworkspace\mapsrc\dd_railway_01.bsp
5617 faces
40 degenerate faces
1136646 square feet [163677136.00 square inches]
2 Displacements
9756 Square Feet [1404990.38 Square Inches]
5577 patches before subdivision
52683 patches after subdivision
light has _fifty_percent_distance of 96.000000 but _zero_percent_distance of 0.000000
light has _fifty_percent_distance of 96.000000 but _zero_percent_distance of 0.000000
27 direct lights
0...1...2...3...4...5...6...7...8...9...100...1...2...3...4...5...6...7...8...9...10transfers 6289114, max 2070
transfer lists:  48.0 megs
0...1...2...3...4...5...6...7...8...9...10	Bounce #1 added RGB(16256, 16433, 13399)
0...1...2...3...4...5...6...7...8...9...10	Bounce #2 added RGB(2777, 2257, 1484)
Build Patch/Sample Hash Table(s).....Done<0.0088 sec>
0...1...2...3...4...5...6...7...8...9...10FinalLightFace Done
Computing detail prop lighting : 0...1...2...3...4...5...6...7...8...9...10
0 of 0 (0% of) surface lights went in leaf ambient cubes.
0...1...2...3...4...5...6...7...8...9...10Writing leaf ambient...done
Ready to Finish

Object names       Objects/Maxobjs  Memory / Maxmem  Fullness 
------------       ---------------  ---------------  -------- 
models                  37/1024         1776/49152    ( 3.6%) 
brushes               1443/8192        17316/98304    (17.6%) 
brushsides           10173/65536       81384/524288   (15.5%) 
planes                4448/65536       88960/1310720  ( 6.8%) 
vertexes             11286/65536      135432/786432   (17.2%) 
nodes                 1343/65536       42976/2097152  ( 2.0%) 
texinfos              1554/12288      111888/884736   (12.6%) 
texdata                138/2048         4416/65536    ( 6.7%) 
dispinfos                2/0             352/0        ( 0.0%) 
disp_verts             162/0            3240/0        ( 0.0%) 
disp_tris              256/0             512/0        ( 0.0%) 
disp_lmsamples       14336/0           14336/0        ( 0.0%) 
faces                 5617/65536      314552/3670016  ( 8.6%) 
hdr faces                0/65536           0/3670016  ( 0.0%) 
origfaces             3770/65536      211120/3670016  ( 5.8%) 
leaves                1381/65536       44192/2097152  ( 2.1%) 
leaffaces             6610/65536       13220/131072   (10.1%) 
leafbrushes           2154/65536        4308/131072   ( 3.3%) 
areas                    3/256            24/2048     ( 1.2%) 
surfedges            42450/512000     169800/2048000  ( 8.3%) 
edges                28250/256000     113000/1024000  (11.0%) 
LDR worldlights         27/65536        2376/5767168  ( 0.0%) 
HDR worldlights          0/65536           0/5767168  ( 0.0%) 
leafwaterdata            0/32768           0/393216   ( 0.0%) 
waterstrips            614/32768        6140/327680   ( 1.9%) 
waterverts               0/65536           0/786432   ( 0.0%) 
waterindices         20760/65536       41520/131072   (31.7%) 
cubemapsamples           0/1024            0/16384    ( 0.0%) 
overlays               102/8192        35904/2883584  ( 1.2%) 
LDR lightdata         [variable]     2683596/0        ( 0.0%) 
HDR lightdata         [variable]           0/0        ( 0.0%) 
visdata               [variable]       48021/16777216 ( 0.3%) 
entdata               [variable]      138529/393216   (35.2%) 
LDR ambient table     1381/65536        5524/262144   ( 2.1%) 
HDR ambient table     1381/65536        5524/262144   ( 2.1%) 
LDR leaf ambient      6417/65536      179676/1835008  ( 9.8%) 
HDR leaf ambient      1381/65536       38668/1835008  ( 2.1%) 
occluders                0/0               0/0        ( 0.0%) 
occluder polygons        0/0               0/0        ( 0.0%) 
occluder vert ind        0/0               0/0        ( 0.0%) 
detail props          [variable]           1/23232    ( 0.0%) 
dtl prp lght          [variable]           1/1909     ( 0.1%) 
HDR dtl prp lght      [variable]           1/4        (25.0%) 
static props          [variable]           1/22290    ( 0.0%) 
pakfile               [variable]        3580/0        ( 0.0%) 
physics               [variable]      512480/4194304  (12.2%) 
physics terrain       [variable]         304/1048576  ( 0.0%) 

Level flags = 0

Total triangle count: 16110
Writing d:\steam\steamapps\sourcemods\entropyzero2-addonworkspace\mapsrc\dd_railway_01.bsp
8 seconds elapsed



materialPath: D:\steam\steamapps\sourcemods\entropyzero2-addonworkspace\materials
Loading d:\steam\steamapps\sourcemods\entropyzero2-addonworkspace\mapsrc\dd_railway_01.vmf
ConVarRef mat_reduceparticles doesn't point to an existing ConVar
Patching WVT material: maps/dd_railway_01/nature/blendpavedirt01_nodetail_wvt_patch
fixing up env_cubemap materials on brush sides...
0...1...2...3...4...5...6...7...8...9...10**** leaked ****
Entity info_node (-152.00 60.00 0.00) leaked!
--- MAP LEAKED ---



12 threads
reading d:\steam\steamapps\sourcemods\entropyzero2-addonworkspace\mapsrc\dd_railway_01.bsp
reading d:\steam\steamapps\sourcemods\entropyzero2-addonworkspace\mapsrc\dd_railway_01.prt
LoadPortals: couldn't read d:\steam\steamapps\sourcemods\entropyzero2-addonworkspace\mapsrc\dd_railway_01.prt



materialPath: D:\steam\steamapps\sourcemods\entropyzero2-addonworkspace\materials
Loading d:\steam\steamapps\sourcemods\entropyzero2-addonworkspace\mapsrc\dd_railway_01.vmf
ConVarRef mat_reduceparticles doesn't point to an existing ConVar
Patching WVT material: maps/dd_railway_01/nature/blendpavedirt01_nodetail_wvt_patch
fixing up env_cubemap materials on brush sides...
0...1...2...3...4...5...6...7...8...9...10**** leaked ****
Entity func_door (856.00 2360.00 112.00) leaked!
--- MAP LEAKED ---



12 threads
reading d:\steam\steamapps\sourcemods\entropyzero2-addonworkspace\mapsrc\dd_railway_01.bsp
reading d:\steam\steamapps\sourcemods\entropyzero2-addonworkspace\mapsrc\dd_railway_01.prt
LoadPortals: couldn't read d:\steam\steamapps\sourcemods\entropyzero2-addonworkspace\mapsrc\dd_railway_01.prt



materialPath: D:\steam\steamapps\sourcemods\entropyzero2-addonworkspace\materials
Loading d:\steam\steamapps\sourcemods\entropyzero2-addonworkspace\mapsrc\dd_railway_01.vmf
ConVarRef mat_reduceparticles doesn't point to an existing ConVar
Patching WVT material: maps/dd_railway_01/nature/blendpavedirt01_nodetail_wvt_patch
fixing up env_cubemap materials on brush sides...
0...1...2...3...4...5...6...7...8...9...100...1...2...3...4...5...6...7...8...9...10Processing areas...done (0)
Building Faces...done (0)
Chop Details...done (0)
Find Visible Detail Sides...
Merged 648 detail faces...done (0)
Merging details...done (0)
FixTjuncs...
PruneNodes...
WriteBSP...
done (0)
writing d:\steam\steamapps\sourcemods\entropyzero2-addonworkspace\mapsrc\dd_railway_01.prt...Building visibility clusters...
done (0)
Finding displacement neighbors...
Finding lightmap sample positions...
Displacement Alpha : 0...1...2...3...4...5...6...7...8...9...10
ConVarRef mat_reduceparticles doesn't point to an existing ConVar
Building Physics collision data...
done (1) (584008 bytes)
Placing static props...
Placing detail props : 0...1...2...3...4...5...6...7...8...9...10
Compacting texture/material tables...
Reduced 2325 texinfos to 1599
Reduced 158 texdatas to 146 (3863 bytes to 3373)
Writing d:\steam\steamapps\sourcemods\entropyzero2-addonworkspace\mapsrc\dd_railway_01.bsp
1 second elapsed



12 threads
reading d:\steam\steamapps\sourcemods\entropyzero2-addonworkspace\mapsrc\dd_railway_01.bsp
reading d:\steam\steamapps\sourcemods\entropyzero2-addonworkspace\mapsrc\dd_railway_01.prt
 433 portalclusters
1455 numportals
0...1...2...3...4...5...6...7...8...9...10Optimized: 1927 visible clusters (1.14%)
Total clusters visible: 168676
Average clusters visible: 389
Building PAS...
Average clusters audible: 431
visdatasize:50585  compressed from 48496
writing d:\steam\steamapps\sourcemods\entropyzero2-addonworkspace\mapsrc\dd_railway_01.bsp
0 seconds elapsed



[Reading texlights from 'lights.rad']
[48 texlights parsed from 'lights.rad']

Loading d:\steam\steamapps\sourcemods\entropyzero2-addonworkspace\mapsrc\dd_railway_01.bsp
7709 faces
80 degenerate faces
1174922 square feet [169188768.00 square inches]
1 Displacements
427 Square Feet [61501.99 Square Inches]
7629 patches before subdivision
63603 patches after subdivision
light has _fifty_percent_distance of 96.000000 but _zero_percent_distance of 0.000000
light has _fifty_percent_distance of 96.000000 but _zero_percent_distance of 0.000000
27 direct lights
0...1...2...3...4...5...6...7...8...9...100...1...2...3...4...5...6...7...8...9...10transfers 11373789, max 2616
transfer lists:  86.8 megs
0...1...2...3...4...5...6...7...8...9...10	Bounce #1 added RGB(16739, 16738, 13735)
0...1...2...3...4...5...6...7...8...9...10	Bounce #2 added RGB(2872, 2310, 1530)
Build Patch/Sample Hash Table(s).....Done<0.0114 sec>
0...1...2...3...4...5...6...7...8...9...10FinalLightFace Done
Computing detail prop lighting : 0...1...2...3...4...5...6...7...8...9...10
0 of 0 (0% of) surface lights went in leaf ambient cubes.
0...1...2...3...4...5...6...7...8...9...10Writing leaf ambient...done
Ready to Finish

Object names       Objects/Maxobjs  Memory / Maxmem  Fullness 
------------       ---------------  ---------------  -------- 
models                  39/1024         1872/49152    ( 3.8%) 
brushes               1625/8192        19500/98304    (19.8%) 
brushsides           11323/65536       90584/524288   (17.3%) 
planes                5420/65536      108400/1310720  ( 8.3%) 
vertexes             15573/65536      186876/786432   (23.8%) 
nodes                 1455/65536       46560/2097152  ( 2.2%) 
texinfos              1599/12288      115128/884736   (13.0%) 
texdata                146/2048         4672/65536    ( 7.1%) 
dispinfos                1/0             176/0        ( 0.0%) 
disp_verts              81/0            1620/0        ( 0.0%) 
disp_tris              128/0             256/0        ( 0.0%) 
disp_lmsamples        1232/0            1232/0        ( 0.0%) 
faces                 7709/65536      431704/3670016  (11.8%) 
hdr faces                0/65536           0/3670016  ( 0.0%) 
origfaces             4644/65536      260064/3670016  ( 7.1%) 
leaves                1495/65536       47840/2097152  ( 2.3%) 
leaffaces             8762/65536       17524/131072   (13.4%) 
leafbrushes           2479/65536        4958/131072   ( 3.8%) 
areas                    3/256            24/2048     ( 1.2%) 
surfedges            55760/512000     223040/2048000  (10.9%) 
edges                37554/256000     150216/1024000  (14.7%) 
LDR worldlights         27/65536        2376/5767168  ( 0.0%) 
HDR worldlights          0/65536           0/5767168  ( 0.0%) 
leafwaterdata            0/32768           0/393216   ( 0.0%) 
waterstrips            674/32768        6740/327680   ( 2.1%) 
waterverts               0/65536           0/786432   ( 0.0%) 
waterindices         20985/65536       41970/131072   (32.0%) 
cubemapsamples           0/1024            0/16384    ( 0.0%) 
overlays               102/8192        35904/2883584  ( 1.2%) 
LDR lightdata         [variable]     2882908/0        ( 0.0%) 
HDR lightdata         [variable]           0/0        ( 0.0%) 
visdata               [variable]       50585/16777216 ( 0.3%) 
entdata               [variable]      140067/393216   (35.6%) 
LDR ambient table     1495/65536        5980/262144   ( 2.3%) 
HDR ambient table     1495/65536        5980/262144   ( 2.3%) 
LDR leaf ambient      6565/65536      183820/1835008  (10.0%) 
HDR leaf ambient      1495/65536       41860/1835008  ( 2.3%) 
occluders                0/0               0/0        ( 0.0%) 
occluder polygons        0/0               0/0        ( 0.0%) 
occluder vert ind        0/0               0/0        ( 0.0%) 
detail props          [variable]           1/1244     ( 0.1%) 
dtl prp lght          [variable]           1/104      ( 1.0%) 
HDR dtl prp lght      [variable]           1/4        (25.0%) 
static props          [variable]           1/22294    ( 0.0%) 
pakfile               [variable]        3241/0        ( 0.0%) 
physics               [variable]      584008/4194304  (13.9%) 
physics terrain       [variable]         223/1048576  ( 0.0%) 

Level flags = 0

Total triangle count: 21740
Writing d:\steam\steamapps\sourcemods\entropyzero2-addonworkspace\mapsrc\dd_railway_01.bsp
11 seconds elapsed



materialPath: D:\steam\steamapps\sourcemods\entropyzero2-addonworkspace\materials
Loading d:\steam\steamapps\sourcemods\entropyzero2-addonworkspace\mapsrc\dd_railway_01.vmf
ConVarRef mat_reduceparticles doesn't point to an existing ConVar
Patching WVT material: maps/dd_railway_01/nature/blendpavedirt01_nodetail_wvt_patch
fixing up env_cubemap materials on brush sides...
0...1...2...3...4...5...6...7...8...9...100...1...2...3...4...5...6...7...8...9...10Processing areas...done (0)
Building Faces...done (0)
Chop Details...done (0)
Find Visible Detail Sides...
Merged 648 detail faces...done (0)
Merging details...done (0)
FixTjuncs...
PruneNodes...
WriteBSP...
done (0)
writing d:\steam\steamapps\sourcemods\entropyzero2-addonworkspace\mapsrc\dd_railway_01.prt...Building visibility clusters...
done (0)
Finding displacement neighbors...
Finding lightmap sample positions...
Displacement Alpha : 0...1...2...3...4...5...6...7...8...9...10
ConVarRef mat_reduceparticles doesn't point to an existing ConVar
Building Physics collision data...
done (1) (584562 bytes)
Placing static props...
Placing detail props : 0...1...2...3...4...5...6...7...8...9...10
Compacting texture/material tables...
Reduced 2328 texinfos to 1602
Reduced 158 texdatas to 146 (3863 bytes to 3373)
Writing d:\steam\steamapps\sourcemods\entropyzero2-addonworkspace\mapsrc\dd_railway_01.bsp
1 second elapsed



12 threads
reading d:\steam\steamapps\sourcemods\entropyzero2-addonworkspace\mapsrc\dd_railway_01.bsp
reading d:\steam\steamapps\sourcemods\entropyzero2-addonworkspace\mapsrc\dd_railway_01.prt
 433 portalclusters
1455 numportals
0...1...2...3...4...5...6...7...8...9...10Optimized: 1927 visible clusters (1.14%)
Total clusters visible: 168676
Average clusters visible: 389
Building PAS...
Average clusters audible: 431
visdatasize:50585  compressed from 48496
writing d:\steam\steamapps\sourcemods\entropyzero2-addonworkspace\mapsrc\dd_railway_01.bsp
0 seconds elapsed



[Reading texlights from 'lights.rad']
[48 texlights parsed from 'lights.rad']

Loading d:\steam\steamapps\sourcemods\entropyzero2-addonworkspace\mapsrc\dd_railway_01.bsp
7715 faces
80 degenerate faces
1175334 square feet [169248160.00 square inches]
1 Displacements
427 Square Feet [61501.99 Square Inches]
7635 patches before subdivision
63609 patches after subdivision
light has _fifty_percent_distance of 96.000000 but _zero_percent_distance of 0.000000
light has _fifty_percent_distance of 96.000000 but _zero_percent_distance of 0.000000
27 direct lights
0...1...2...3...4...5...6...7...8...9...100...1...2...3...4...5...6...7...8...9...10transfers 11377083, max 2616
transfer lists:  86.8 megs
0...1...2...3...4...5...6...7...8...9...10	Bounce #1 added RGB(16743, 16742, 13739)
0...1...2...3...4...5...6...7...8...9...10	Bounce #2 added RGB(2872, 2310, 1530)
Build Patch/Sample Hash Table(s).....Done<0.0129 sec>
0...1...2...3...4...5...6...7...8...9...10FinalLightFace Done
Computing detail prop lighting : 0...1...2...3...4...5...6...7...8...9...10
0 of 0 (0% of) surface lights went in leaf ambient cubes.
0...1...2...3...4...5...6...7...8...9...10Writing leaf ambient...done
Ready to Finish

Object names       Objects/Maxobjs  Memory / Maxmem  Fullness 
------------       ---------------  ---------------  -------- 
models                  40/1024         1920/49152    ( 3.9%) 
brushes               1626/8192        19512/98304    (19.8%) 
brushsides           11329/65536       90632/524288   (17.3%) 
planes                5426/65536      108520/1310720  ( 8.3%) 
vertexes             15581/65536      186972/786432   (23.8%) 
nodes                 1461/65536       46752/2097152  ( 2.2%) 
texinfos              1602/12288      115344/884736   (13.0%) 
texdata                146/2048         4672/65536    ( 7.1%) 
dispinfos                1/0             176/0        ( 0.0%) 
disp_verts              81/0            1620/0        ( 0.0%) 
disp_tris              128/0             256/0        ( 0.0%) 
disp_lmsamples        1232/0            1232/0        ( 0.0%) 
faces                 7715/65536      432040/3670016  (11.8%) 
hdr faces                0/65536           0/3670016  ( 0.0%) 
origfaces             4650/65536      260400/3670016  ( 7.1%) 
leaves                1502/65536       48064/2097152  ( 2.3%) 
leaffaces             8768/65536       17536/131072   (13.4%) 
leafbrushes           2480/65536        4960/131072   ( 3.8%) 
areas                    3/256            24/2048     ( 1.2%) 
surfedges            55808/512000     223232/2048000  (10.9%) 
edges                37578/256000     150312/1024000  (14.7%) 
LDR worldlights         27/65536        2376/5767168  ( 0.0%) 
HDR worldlights          0/65536           0/5767168  ( 0.0%) 
leafwaterdata            0/32768           0/393216   ( 0.0%) 
waterstrips            674/32768        6740/327680   ( 2.1%) 
waterverts               0/65536           0/786432   ( 0.0%) 
waterindices         20985/65536       41970/131072   (32.0%) 
cubemapsamples           0/1024            0/16384    ( 0.0%) 
overlays               102/8192        35904/2883584  ( 1.2%) 
LDR lightdata         [variable]     2882908/0        ( 0.0%) 
HDR lightdata         [variable]           0/0        ( 0.0%) 
visdata               [variable]       50585/16777216 ( 0.3%) 
entdata               [variable]      140541/393216   (35.7%) 
LDR ambient table     1502/65536        6008/262144   ( 2.3%) 
HDR ambient table     1502/65536        6008/262144   ( 2.3%) 
LDR leaf ambient      6606/65536      184968/1835008  (10.1%) 
HDR leaf ambient      1502/65536       42056/1835008  ( 2.3%) 
occluders                0/0               0/0        ( 0.0%) 
occluder polygons        0/0               0/0        ( 0.0%) 
occluder vert ind        0/0               0/0        ( 0.0%) 
detail props          [variable]           1/1244     ( 0.1%) 
dtl prp lght          [variable]           1/104      ( 1.0%) 
HDR dtl prp lght      [variable]           1/4        (25.0%) 
static props          [variable]           1/22294    ( 0.0%) 
pakfile               [variable]        3241/0        ( 0.0%) 
physics               [variable]      584562/4194304  (13.9%) 
physics terrain       [variable]         223/1048576  ( 0.0%) 

Level flags = 0

Total triangle count: 21752
Writing d:\steam\steamapps\sourcemods\entropyzero2-addonworkspace\mapsrc\dd_railway_01.bsp
12 seconds elapsed



materialPath: D:\steam\steamapps\sourcemods\entropyzero2-addonworkspace\materials
Loading d:\steam\steamapps\sourcemods\entropyzero2-addonworkspace\mapsrc\dd_railway_01.vmf
ConVarRef mat_reduceparticles doesn't point to an existing ConVar
Patching WVT material: maps/dd_railway_01/nature/blendpavedirt01_nodetail_wvt_patch
fixing up env_cubemap materials on brush sides...
0...1...2...3...4...5...6...7...8...9...100...1...2...3...4...5...6...7...8...9...10Processing areas...done (0)
Building Faces...done (0)
Chop Details...done (0)
Find Visible Detail Sides...
Merged 648 detail faces...done (0)
Merging details...done (0)
FixTjuncs...
PruneNodes...
WriteBSP...
done (0)
writing d:\steam\steamapps\sourcemods\entropyzero2-addonworkspace\mapsrc\dd_railway_01.prt...Building visibility clusters...
done (0)
Finding displacement neighbors...
Finding lightmap sample positions...
Displacement Alpha : 0...1...2...3...4...5...6...7...8...9...10
ConVarRef mat_reduceparticles doesn't point to an existing ConVar
Building Physics collision data...
done (1) (584562 bytes)
Placing static props...
Placing detail props : 0...1...2...3...4...5...6...7...8...9...10
Compacting texture/material tables...
Reduced 2328 texinfos to 1602
Reduced 158 texdatas to 146 (3863 bytes to 3373)
Writing d:\steam\steamapps\sourcemods\entropyzero2-addonworkspace\mapsrc\dd_railway_01.bsp
1 second elapsed



12 threads
reading d:\steam\steamapps\sourcemods\entropyzero2-addonworkspace\mapsrc\dd_railway_01.bsp
reading d:\steam\steamapps\sourcemods\entropyzero2-addonworkspace\mapsrc\dd_railway_01.prt
 433 portalclusters
1455 numportals
0...1...2...3...4...5...6...7...8...9...10Optimized: 1927 visible clusters (1.14%)
Total clusters visible: 168676
Average clusters visible: 389
Building PAS...
Average clusters audible: 431
visdatasize:50585  compressed from 48496
writing d:\steam\steamapps\sourcemods\entropyzero2-addonworkspace\mapsrc\dd_railway_01.bsp
0 seconds elapsed



[Reading texlights from 'lights.rad']
[48 texlights parsed from 'lights.rad']

Loading d:\steam\steamapps\sourcemods\entropyzero2-addonworkspace\mapsrc\dd_railway_01.bsp
7715 faces
80 degenerate faces
1175334 square feet [169248160.00 square inches]
1 Displacements
427 Square Feet [61501.99 Square Inches]
7635 patches before subdivision
63609 patches after subdivision
light has _fifty_percent_distance of 96.000000 but _zero_percent_distance of 0.000000
light has _fifty_percent_distance of 96.000000 but _zero_percent_distance of 0.000000
27 direct lights
0...1...2...3...4...5...6...7...8...9...100...1...2...3...4...5...6...7...8...9...10transfers 11377083, max 2616
transfer lists:  86.8 megs
0...1...2...3...4...5...6...7...8...9...10	Bounce #1 added RGB(16743, 16742, 13739)
0...1...2...3...4...5...6...7...8...9...10	Bounce #2 added RGB(2872, 2310, 1530)
Build Patch/Sample Hash Table(s).....Done<0.0104 sec>
0...1...2...3...4...5...6...7...8...9...10FinalLightFace Done
Computing detail prop lighting : 0...1...2...3...4...5...6...7...8...9...10
0 of 0 (0% of) surface lights went in leaf ambient cubes.
0...1...2...3...4...5...6...7...8...9...10Writing leaf ambient...done
Ready to Finish

Object names       Objects/Maxobjs  Memory / Maxmem  Fullness 
------------       ---------------  ---------------  -------- 
models                  40/1024         1920/49152    ( 3.9%) 
brushes               1626/8192        19512/98304    (19.8%) 
brushsides           11329/65536       90632/524288   (17.3%) 
planes                5426/65536      108520/1310720  ( 8.3%) 
vertexes             15581/65536      186972/786432   (23.8%) 
nodes                 1461/65536       46752/2097152  ( 2.2%) 
texinfos              1602/12288      115344/884736   (13.0%) 
texdata                146/2048         4672/65536    ( 7.1%) 
dispinfos                1/0             176/0        ( 0.0%) 
disp_verts              81/0            1620/0        ( 0.0%) 
disp_tris              128/0             256/0        ( 0.0%) 
disp_lmsamples        1232/0            1232/0        ( 0.0%) 
faces                 7715/65536      432040/3670016  (11.8%) 
hdr faces                0/65536           0/3670016  ( 0.0%) 
origfaces             4650/65536      260400/3670016  ( 7.1%) 
leaves                1502/65536       48064/2097152  ( 2.3%) 
leaffaces             8768/65536       17536/131072   (13.4%) 
leafbrushes           2480/65536        4960/131072   ( 3.8%) 
areas                    3/256            24/2048     ( 1.2%) 
surfedges            55808/512000     223232/2048000  (10.9%) 
edges                37578/256000     150312/1024000  (14.7%) 
LDR worldlights         27/65536        2376/5767168  ( 0.0%) 
HDR worldlights          0/65536           0/5767168  ( 0.0%) 
leafwaterdata            0/32768           0/393216   ( 0.0%) 
waterstrips            674/32768        6740/327680   ( 2.1%) 
waterverts               0/65536           0/786432   ( 0.0%) 
waterindices         20985/65536       41970/131072   (32.0%) 
cubemapsamples           0/1024            0/16384    ( 0.0%) 
overlays               102/8192        35904/2883584  ( 1.2%) 
LDR lightdata         [variable]     2882908/0        ( 0.0%) 
HDR lightdata         [variable]           0/0        ( 0.0%) 
visdata               [variable]       50585/16777216 ( 0.3%) 
entdata               [variable]      140573/393216   (35.7%) 
LDR ambient table     1502/65536        6008/262144   ( 2.3%) 
HDR ambient table     1502/65536        6008/262144   ( 2.3%) 
LDR leaf ambient      6606/65536      184968/1835008  (10.1%) 
HDR leaf ambient      1502/65536       42056/1835008  ( 2.3%) 
occluders                0/0               0/0        ( 0.0%) 
occluder polygons        0/0               0/0        ( 0.0%) 
occluder vert ind        0/0               0/0        ( 0.0%) 
detail props          [variable]           1/1244     ( 0.1%) 
dtl prp lght          [variable]           1/104      ( 1.0%) 
HDR dtl prp lght      [variable]           1/4        (25.0%) 
static props          [variable]           1/22294    ( 0.0%) 
pakfile               [variable]        3241/0        ( 0.0%) 
physics               [variable]      584562/4194304  (13.9%) 
physics terrain       [variable]         223/1048576  ( 0.0%) 

Level flags = 0

Total triangle count: 21752
Writing d:\steam\steamapps\sourcemods\entropyzero2-addonworkspace\mapsrc\dd_railway_01.bsp
11 seconds elapsed



materialPath: D:\steam\steamapps\sourcemods\entropyzero2-addonworkspace\materials
Loading d:\steam\steamapps\sourcemods\entropyzero2-addonworkspace\mapsrc\dd_railway_01.vmf
ConVarRef mat_reduceparticles doesn't point to an existing ConVar
Patching WVT material: maps/dd_railway_01/nature/blendpavedirt01_nodetail_wvt_patch
fixing up env_cubemap materials on brush sides...
0...1...2...3...4...5...6...7...8...9...100...1...2...3...4...5...6...7...8...9...10Processing areas...done (0)
Building Faces...done (0)
Chop Details...done (0)
Find Visible Detail Sides...
Merged 648 detail faces...done (0)
Merging details...done (0)
FixTjuncs...
PruneNodes...
WriteBSP...
done (0)
writing d:\steam\steamapps\sourcemods\entropyzero2-addonworkspace\mapsrc\dd_railway_01.prt...Building visibility clusters...
done (0)
Finding displacement neighbors...
Finding lightmap sample positions...
Displacement Alpha : 0...1...2...3...4...5...6...7...8...9...10
ConVarRef mat_reduceparticles doesn't point to an existing ConVar
Building Physics collision data...
done (1) (584562 bytes)
Placing static props...
Placing detail props : 0...1...2...3...4...5...6...7...8...9...10
Compacting texture/material tables...
Reduced 2328 texinfos to 1602
Reduced 158 texdatas to 146 (3863 bytes to 3373)
Writing d:\steam\steamapps\sourcemods\entropyzero2-addonworkspace\mapsrc\dd_railway_01.bsp
1 second elapsed



12 threads
reading d:\steam\steamapps\sourcemods\entropyzero2-addonworkspace\mapsrc\dd_railway_01.bsp
reading d:\steam\steamapps\sourcemods\entropyzero2-addonworkspace\mapsrc\dd_railway_01.prt
 433 portalclusters
1455 numportals
0...1...2...3...4...5...6...7...8...9...10Optimized: 1927 visible clusters (1.14%)
Total clusters visible: 168676
Average clusters visible: 389
Building PAS...
Average clusters audible: 431
visdatasize:50585  compressed from 48496
writing d:\steam\steamapps\sourcemods\entropyzero2-addonworkspace\mapsrc\dd_railway_01.bsp
0 seconds elapsed



[Reading texlights from 'lights.rad']
[48 texlights parsed from 'lights.rad']

Loading d:\steam\steamapps\sourcemods\entropyzero2-addonworkspace\mapsrc\dd_railway_01.bsp
7715 faces
80 degenerate faces
1175334 square feet [169248160.00 square inches]
1 Displacements
427 Square Feet [61501.99 Square Inches]
7635 patches before subdivision
63609 patches after subdivision
light has _fifty_percent_distance of 96.000000 but _zero_percent_distance of 0.000000
light has _fifty_percent_distance of 96.000000 but _zero_percent_distance of 0.000000
27 direct lights
0...1...2...3...4...5...6...7...8...9...100...1...2...3...4...5...6...7...8...9...10transfers 11377083, max 2616
transfer lists:  86.8 megs
0...1...2...3...4...5...6...7...8...9...10	Bounce #1 added RGB(16743, 16742, 13739)
0...1...2...3...4...5...6...7...8...9...10	Bounce #2 added RGB(2872, 2310, 1530)
Build Patch/Sample Hash Table(s).....Done<0.0095 sec>
0...1...2...3...4...5...6...7...8...9...10FinalLightFace Done
Computing detail prop lighting : 0...1...2...3...4...5...6...7...8...9...10
0 of 0 (0% of) surface lights went in leaf ambient cubes.
0...1...2...3...4...5...6...7...8...9...10Writing leaf ambient...done
Ready to Finish

Object names       Objects/Maxobjs  Memory / Maxmem  Fullness 
------------       ---------------  ---------------  -------- 
models                  40/1024         1920/49152    ( 3.9%) 
brushes               1626/8192        19512/98304    (19.8%) 
brushsides           11329/65536       90632/524288   (17.3%) 
planes                5426/65536      108520/1310720  ( 8.3%) 
vertexes             15581/65536      186972/786432   (23.8%) 
nodes                 1461/65536       46752/2097152  ( 2.2%) 
texinfos              1602/12288      115344/884736   (13.0%) 
texdata                146/2048         4672/65536    ( 7.1%) 
dispinfos                1/0             176/0        ( 0.0%) 
disp_verts              81/0            1620/0        ( 0.0%) 
disp_tris              128/0             256/0        ( 0.0%) 
disp_lmsamples        1232/0            1232/0        ( 0.0%) 
faces                 7715/65536      432040/3670016  (11.8%) 
hdr faces                0/65536           0/3670016  ( 0.0%) 
origfaces             4650/65536      260400/3670016  ( 7.1%) 
leaves                1502/65536       48064/2097152  ( 2.3%) 
leaffaces             8768/65536       17536/131072   (13.4%) 
leafbrushes           2480/65536        4960/131072   ( 3.8%) 
areas                    3/256            24/2048     ( 1.2%) 
surfedges            55808/512000     223232/2048000  (10.9%) 
edges                37578/256000     150312/1024000  (14.7%) 
LDR worldlights         27/65536        2376/5767168  ( 0.0%) 
HDR worldlights          0/65536           0/5767168  ( 0.0%) 
leafwaterdata            0/32768           0/393216   ( 0.0%) 
waterstrips            674/32768        6740/327680   ( 2.1%) 
waterverts               0/65536           0/786432   ( 0.0%) 
waterindices         20985/65536       41970/131072   (32.0%) 
cubemapsamples           0/1024            0/16384    ( 0.0%) 
overlays               102/8192        35904/2883584  ( 1.2%) 
LDR lightdata         [variable]     2882908/0        ( 0.0%) 
HDR lightdata         [variable]           0/0        ( 0.0%) 
visdata               [variable]       50585/16777216 ( 0.3%) 
entdata               [variable]      141042/393216   (35.9%) 
LDR ambient table     1502/65536        6008/262144   ( 2.3%) 
HDR ambient table     1502/65536        6008/262144   ( 2.3%) 
LDR leaf ambient      6606/65536      184968/1835008  (10.1%) 
HDR leaf ambient      1502/65536       42056/1835008  ( 2.3%) 
occluders                0/0               0/0        ( 0.0%) 
occluder polygons        0/0               0/0        ( 0.0%) 
occluder vert ind        0/0               0/0        ( 0.0%) 
detail props          [variable]           1/1244     ( 0.1%) 
dtl prp lght          [variable]           1/104      ( 1.0%) 
HDR dtl prp lght      [variable]           1/4        (25.0%) 
static props          [variable]           1/22294    ( 0.0%) 
pakfile               [variable]        3241/0        ( 0.0%) 
physics               [variable]      584562/4194304  (13.9%) 
physics terrain       [variable]         223/1048576  ( 0.0%) 

Level flags = 0

Total triangle count: 21752
Writing d:\steam\steamapps\sourcemods\entropyzero2-addonworkspace\mapsrc\dd_railway_01.bsp
11 seconds elapsed



materialPath: D:\steam\steamapps\sourcemods\entropyzero2-addonworkspace\materials
Loading d:\steam\steamapps\sourcemods\entropyzero2-addonworkspace\mapsrc\dd_railway_01.vmf
ConVarRef mat_reduceparticles doesn't point to an existing ConVar
Patching WVT material: maps/dd_railway_01/nature/blendpavedirt01_nodetail_wvt_patch
fixing up env_cubemap materials on brush sides...
0...1...2...3...4...5...6...7...8...9...100...1...2...3...4...5...6...7...8...9...10Processing areas...done (0)
Building Faces...done (0)
Chop Details...done (0)
Find Visible Detail Sides...
Merged 648 detail faces...done (0)
Merging details...done (0)
FixTjuncs...
PruneNodes...
WriteBSP...
done (0)
writing d:\steam\steamapps\sourcemods\entropyzero2-addonworkspace\mapsrc\dd_railway_01.prt...Building visibility clusters...
done (0)
Finding displacement neighbors...
Finding lightmap sample positions...
Displacement Alpha : 0...1...2...3...4...5...6...7...8...9...10
ConVarRef mat_reduceparticles doesn't point to an existing ConVar
Building Physics collision data...
done (1) (584562 bytes)
Placing static props...
Placing detail props : 0...1...2...3...4...5...6...7...8...9...10
Compacting texture/material tables...
Reduced 2328 texinfos to 1602
Reduced 158 texdatas to 146 (3863 bytes to 3373)
Writing d:\steam\steamapps\sourcemods\entropyzero2-addonworkspace\mapsrc\dd_railway_01.bsp
1 second elapsed



12 threads
reading d:\steam\steamapps\sourcemods\entropyzero2-addonworkspace\mapsrc\dd_railway_01.bsp
reading d:\steam\steamapps\sourcemods\entropyzero2-addonworkspace\mapsrc\dd_railway_01.prt
 433 portalclusters
1455 numportals
0...1...2...3...4...5...6...7...8...9...10Optimized: 1927 visible clusters (1.14%)
Total clusters visible: 168676
Average clusters visible: 389
Building PAS...
Average clusters audible: 431
visdatasize:50585  compressed from 48496
writing d:\steam\steamapps\sourcemods\entropyzero2-addonworkspace\mapsrc\dd_railway_01.bsp
0 seconds elapsed



[Reading texlights from 'lights.rad']
[48 texlights parsed from 'lights.rad']

Loading d:\steam\steamapps\sourcemods\entropyzero2-addonworkspace\mapsrc\dd_railway_01.bsp
7715 faces
80 degenerate faces
1175334 square feet [169248160.00 square inches]
1 Displacements
427 Square Feet [61501.99 Square Inches]
7635 patches before subdivision
63609 patches after subdivision
light has _fifty_percent_distance of 96.000000 but _zero_percent_distance of 0.000000
light has _fifty_percent_distance of 96.000000 but _zero_percent_distance of 0.000000
27 direct lights
0...1...2...3...4...5...6...7...8...9...100...1...2...3...4...5...6...7...8...9...10transfers 11377083, max 2616
transfer lists:  86.8 megs
0...1...2...3...4...5...6...7...8...9...10	Bounce #1 added RGB(16743, 16742, 13739)
0...1...2...3...4...5...6...7...8...9...10	Bounce #2 added RGB(2872, 2310, 1530)
Build Patch/Sample Hash Table(s).....Done<0.0098 sec>
0...1...2...3...4...5...6...7...8...9...10FinalLightFace Done
Computing detail prop lighting : 0...1...2...3...4...5...6...7...8...9...10
0 of 0 (0% of) surface lights went in leaf ambient cubes.
0...1...2...3...4...5...6...7...8...9...10Writing leaf ambient...done
Ready to Finish

Object names       Objects/Maxobjs  Memory / Maxmem  Fullness 
------------       ---------------  ---------------  -------- 
models                  40/1024         1920/49152    ( 3.9%) 
brushes               1626/8192        19512/98304    (19.8%) 
brushsides           11329/65536       90632/524288   (17.3%) 
planes                5426/65536      108520/1310720  ( 8.3%) 
vertexes             15581/65536      186972/786432   (23.8%) 
nodes                 1461/65536       46752/2097152  ( 2.2%) 
texinfos              1602/12288      115344/884736   (13.0%) 
texdata                146/2048         4672/65536    ( 7.1%) 
dispinfos                1/0             176/0        ( 0.0%) 
disp_verts              81/0            1620/0        ( 0.0%) 
disp_tris              128/0             256/0        ( 0.0%) 
disp_lmsamples        1232/0            1232/0        ( 0.0%) 
faces                 7715/65536      432040/3670016  (11.8%) 
hdr faces                0/65536           0/3670016  ( 0.0%) 
origfaces             4650/65536      260400/3670016  ( 7.1%) 
leaves                1502/65536       48064/2097152  ( 2.3%) 
leaffaces             8768/65536       17536/131072   (13.4%) 
leafbrushes           2480/65536        4960/131072   ( 3.8%) 
areas                    3/256            24/2048     ( 1.2%) 
surfedges            55808/512000     223232/2048000  (10.9%) 
edges                37578/256000     150312/1024000  (14.7%) 
LDR worldlights         27/65536        2376/5767168  ( 0.0%) 
HDR worldlights          0/65536           0/5767168  ( 0.0%) 
leafwaterdata            0/32768           0/393216   ( 0.0%) 
waterstrips            674/32768        6740/327680   ( 2.1%) 
waterverts               0/65536           0/786432   ( 0.0%) 
waterindices         20985/65536       41970/131072   (32.0%) 
cubemapsamples           0/1024            0/16384    ( 0.0%) 
overlays               102/8192        35904/2883584  ( 1.2%) 
LDR lightdata         [variable]     2882908/0        ( 0.0%) 
HDR lightdata         [variable]           0/0        ( 0.0%) 
visdata               [variable]       50585/16777216 ( 0.3%) 
entdata               [variable]      141042/393216   (35.9%) 
LDR ambient table     1502/65536        6008/262144   ( 2.3%) 
HDR ambient table     1502/65536        6008/262144   ( 2.3%) 
LDR leaf ambient      6606/65536      184968/1835008  (10.1%) 
HDR leaf ambient      1502/65536       42056/1835008  ( 2.3%) 
occluders                0/0               0/0        ( 0.0%) 
occluder polygons        0/0               0/0        ( 0.0%) 
occluder vert ind        0/0               0/0        ( 0.0%) 
detail props          [variable]           1/1244     ( 0.1%) 
dtl prp lght          [variable]           1/104      ( 1.0%) 
HDR dtl prp lght      [variable]           1/4        (25.0%) 
static props          [variable]           1/22294    ( 0.0%) 
pakfile               [variable]        3241/0        ( 0.0%) 
physics               [variable]      584562/4194304  (13.9%) 
physics terrain       [variable]         223/1048576  ( 0.0%) 

Level flags = 0

Total triangle count: 21752
Writing d:\steam\steamapps\sourcemods\entropyzero2-addonworkspace\mapsrc\dd_railway_01.bsp
11 seconds elapsed



materialPath: D:\steam\steamapps\sourcemods\entropyzero2-addonworkspace\materials
Loading d:\steam\steamapps\sourcemods\entropyzero2-addonworkspace\mapsrc\dd_railway_01.vmf
ConVarRef mat_reduceparticles doesn't point to an existing ConVar
Patching WVT material: maps/dd_railway_01/nature/blendpavedirt01_nodetail_wvt_patch
fixing up env_cubemap materials on brush sides...
0...1...2...3...4...5...6...7...8...9...100...1...2...3...4...5...6...7...8...9...10Processing areas...done (0)
Building Faces...done (0)
Chop Details...done (0)
Find Visible Detail Sides...
Merged 648 detail faces...done (0)
Merging details...done (0)
FixTjuncs...
PruneNodes...
WriteBSP...
done (0)
writing d:\steam\steamapps\sourcemods\entropyzero2-addonworkspace\mapsrc\dd_railway_01.prt...Building visibility clusters...
done (0)
Finding displacement neighbors...
Finding lightmap sample positions...
Displacement Alpha : 0...1...2...3...4...5...6...7...8...9...10
ConVarRef mat_reduceparticles doesn't point to an existing ConVar
Building Physics collision data...
done (1) (584562 bytes)
Placing static props...
Placing detail props : 0...1...2...3...4...5...6...7...8...9...10
Compacting texture/material tables...
Reduced 2328 texinfos to 1602
Reduced 158 texdatas to 146 (3863 bytes to 3373)
Writing d:\steam\steamapps\sourcemods\entropyzero2-addonworkspace\mapsrc\dd_railway_01.bsp
1 second elapsed



12 threads
reading d:\steam\steamapps\sourcemods\entropyzero2-addonworkspace\mapsrc\dd_railway_01.bsp
reading d:\steam\steamapps\sourcemods\entropyzero2-addonworkspace\mapsrc\dd_railway_01.prt
 433 portalclusters
1455 numportals
0...1...2...3...4...5...6...7...8...9...10Optimized: 1927 visible clusters (1.14%)
Total clusters visible: 168676
Average clusters visible: 389
Building PAS...
Average clusters audible: 431
visdatasize:50585  compressed from 48496
writing d:\steam\steamapps\sourcemods\entropyzero2-addonworkspace\mapsrc\dd_railway_01.bsp
0 seconds elapsed



[Reading texlights from 'lights.rad']
[48 texlights parsed from 'lights.rad']

Loading d:\steam\steamapps\sourcemods\entropyzero2-addonworkspace\mapsrc\dd_railway_01.bsp
7715 faces
80 degenerate faces
1175334 square feet [169248160.00 square inches]
1 Displacements
427 Square Feet [61501.99 Square Inches]
7635 patches before subdivision
63609 patches after subdivision
light has _fifty_percent_distance of 96.000000 but _zero_percent_distance of 0.000000
light has _fifty_percent_distance of 96.000000 but _zero_percent_distance of 0.000000
27 direct lights
0...1...2...3...4...5...6...7...8...9...100...1...2...3...4...5...6...7...8...9...10transfers 11376080, max 2616
transfer lists:  86.8 megs
0...1...2...3...4...5...6...7...8...9...10	Bounce #1 added RGB(16742, 16741, 13738)
0...1...2...3...4...5...6...7...8...9...10	Bounce #2 added RGB(2872, 2310, 1530)
Build Patch/Sample Hash Table(s).....Done<0.0123 sec>
0...1...2...3...4...5...6...7...8...9...10FinalLightFace Done
Computing detail prop lighting : 0...1...2...3...4...5...6...7...8...9...10
0 of 0 (0% of) surface lights went in leaf ambient cubes.
0...1...2...3...4...5...6...7...8...9...10Writing leaf ambient...done
Ready to Finish

Object names       Objects/Maxobjs  Memory / Maxmem  Fullness 
------------       ---------------  ---------------  -------- 
models                  40/1024         1920/49152    ( 3.9%) 
brushes               1626/8192        19512/98304    (19.8%) 
brushsides           11329/65536       90632/524288   (17.3%) 
planes                5426/65536      108520/1310720  ( 8.3%) 
vertexes             15581/65536      186972/786432   (23.8%) 
nodes                 1461/65536       46752/2097152  ( 2.2%) 
texinfos              1602/12288      115344/884736   (13.0%) 
texdata                146/2048         4672/65536    ( 7.1%) 
dispinfos                1/0             176/0        ( 0.0%) 
disp_verts              81/0            1620/0        ( 0.0%) 
disp_tris              128/0             256/0        ( 0.0%) 
disp_lmsamples        1232/0            1232/0        ( 0.0%) 
faces                 7715/65536      432040/3670016  (11.8%) 
hdr faces                0/65536           0/3670016  ( 0.0%) 
origfaces             4650/65536      260400/3670016  ( 7.1%) 
leaves                1502/65536       48064/2097152  ( 2.3%) 
leaffaces             8768/65536       17536/131072   (13.4%) 
leafbrushes           2480/65536        4960/131072   ( 3.8%) 
areas                    3/256            24/2048     ( 1.2%) 
surfedges            55808/512000     223232/2048000  (10.9%) 
edges                37578/256000     150312/1024000  (14.7%) 
LDR worldlights         27/65536        2376/5767168  ( 0.0%) 
HDR worldlights          0/65536           0/5767168  ( 0.0%) 
leafwaterdata            0/32768           0/393216   ( 0.0%) 
waterstrips            674/32768        6740/327680   ( 2.1%) 
waterverts               0/65536           0/786432   ( 0.0%) 
waterindices         20985/65536       41970/131072   (32.0%) 
cubemapsamples           0/1024            0/16384    ( 0.0%) 
overlays               102/8192        35904/2883584  ( 1.2%) 
LDR lightdata         [variable]     2882908/0        ( 0.0%) 
HDR lightdata         [variable]           0/0        ( 0.0%) 
visdata               [variable]       50585/16777216 ( 0.3%) 
entdata               [variable]      141421/393216   (36.0%) 
LDR ambient table     1502/65536        6008/262144   ( 2.3%) 
HDR ambient table     1502/65536        6008/262144   ( 2.3%) 
LDR leaf ambient      6603/65536      184884/1835008  (10.1%) 
HDR leaf ambient      1502/65536       42056/1835008  ( 2.3%) 
occluders                0/0               0/0        ( 0.0%) 
occluder polygons        0/0               0/0        ( 0.0%) 
occluder vert ind        0/0               0/0        ( 0.0%) 
detail props          [variable]           1/1244     ( 0.1%) 
dtl prp lght          [variable]           1/104      ( 1.0%) 
HDR dtl prp lght      [variable]           1/4        (25.0%) 
static props          [variable]           1/22488    ( 0.0%) 
pakfile               [variable]        3241/0        ( 0.0%) 
physics               [variable]      584562/4194304  (13.9%) 
physics terrain       [variable]         223/1048576  ( 0.0%) 

Level flags = 0

Total triangle count: 21752
Writing d:\steam\steamapps\sourcemods\entropyzero2-addonworkspace\mapsrc\dd_railway_01.bsp
11 seconds elapsed



materialPath: D:\steam\steamapps\sourcemods\entropyzero2-addonworkspace\materials
Loading d:\steam\steamapps\sourcemods\entropyzero2-addonworkspace\mapsrc\dd_railway_01.vmf
ConVarRef mat_reduceparticles doesn't point to an existing ConVar
Patching WVT material: maps/dd_railway_01/nature/blendpavedirt01_nodetail_wvt_patch
fixing up env_cubemap materials on brush sides...
0...1...2...3...4...5...6...7...8...9...100...1...2...3...4...5...6...7...8...9...10Processing areas...done (0)
Building Faces...done (0)
Chop Details...done (0)
Find Visible Detail Sides...
Merged 642 detail faces...done (0)
Merging details...done (0)
FixTjuncs...
PruneNodes...
WriteBSP...
done (0)
writing d:\steam\steamapps\sourcemods\entropyzero2-addonworkspace\mapsrc\dd_railway_01.prt...Building visibility clusters...
done (0)
Finding displacement neighbors...
Finding lightmap sample positions...
Displacement Alpha : 0...1...2...3...4...5...6...7...8...9...10
ConVarRef mat_reduceparticles doesn't point to an existing ConVar
Building Physics collision data...
done (1) (586454 bytes)
Placing static props...
Static prop models/props_trainstation/traintrack001c.mdl outside the map (-1280.00, 2626.00, 385.00)
Static prop models/props_trainstation/traintrack001c.mdl outside the map (767.00, 2608.00, 385.00)
Static prop models/props_trainstation/traintrack001c.mdl outside the map (-256.00, 2618.00, 385.00)
Placing detail props : 0...1...2...3...4...5...6...7...8...9...10
Compacting texture/material tables...
Reduced 2351 texinfos to 1614
Reduced 158 texdatas to 146 (3863 bytes to 3373)
Writing d:\steam\steamapps\sourcemods\entropyzero2-addonworkspace\mapsrc\dd_railway_01.bsp
1 second elapsed



12 threads
reading d:\steam\steamapps\sourcemods\entropyzero2-addonworkspace\mapsrc\dd_railway_01.bsp
reading d:\steam\steamapps\sourcemods\entropyzero2-addonworkspace\mapsrc\dd_railway_01.prt
 494 portalclusters
1648 numportals
0...1...2...3...4...5...6...7...8...9...10Optimized: 3939 visible clusters (1.80%)
Total clusters visible: 218367
Average clusters visible: 442
Building PAS...
Average clusters audible: 492
visdatasize:64672  compressed from 63232
writing d:\steam\steamapps\sourcemods\entropyzero2-addonworkspace\mapsrc\dd_railway_01.bsp
0 seconds elapsed



[Reading texlights from 'lights.rad']
[48 texlights parsed from 'lights.rad']

Loading d:\steam\steamapps\sourcemods\entropyzero2-addonworkspace\mapsrc\dd_railway_01.bsp
7770 faces
80 degenerate faces
1175893 square feet [169328704.00 square inches]
1 Displacements
427 Square Feet [61501.99 Square Inches]
7690 patches before subdivision
63998 patches after subdivision
light has _fifty_percent_distance of 96.000000 but _zero_percent_distance of 0.000000
light has _fifty_percent_distance of 96.000000 but _zero_percent_distance of 0.000000
29 direct lights
0...1...2...3...4...5...6...7...8...9...100...1...2...3...4...5...6...7...8...9...10transfers 11593226, max 2625
transfer lists:  88.4 megs
0...1...2...3...4...5...6...7...8...9...10	Bounce #1 added RGB(20301, 18947, 14570)
0...1...2...3...4...5...6...7...8...9...10	Bounce #2 added RGB(3216, 2464, 1577)
Build Patch/Sample Hash Table(s).....Done<0.0099 sec>
0...1...2...3...4...5...6...7...8...9...10FinalLightFace Done
Computing detail prop lighting : 0...1...2...3...4...5...6...7...8...9...10
0 of 0 (0% of) surface lights went in leaf ambient cubes.
0...1...2...3...4...5...6...7...8...9...10Writing leaf ambient...done
Ready to Finish

Object names       Objects/Maxobjs  Memory / Maxmem  Fullness 
------------       ---------------  ---------------  -------- 
models                  42/1024         2016/49152    ( 4.1%) 
brushes               1630/8192        19560/98304    (19.9%) 
brushsides           11406/65536       91248/524288   (17.4%) 
planes                5652/65536      113040/1310720  ( 8.6%) 
vertexes             15721/65536      188652/786432   (24.0%) 
nodes                 1596/65536       51072/2097152  ( 2.4%) 
texinfos              1614/12288      116208/884736   (13.1%) 
texdata                146/2048         4672/65536    ( 7.1%) 
dispinfos                1/0             176/0        ( 0.0%) 
disp_verts              81/0            1620/0        ( 0.0%) 
disp_tris              128/0             256/0        ( 0.0%) 
disp_lmsamples        1232/0            1232/0        ( 0.0%) 
faces                 7770/65536      435120/3670016  (11.9%) 
hdr faces                0/65536           0/3670016  ( 0.0%) 
origfaces             4669/65536      261464/3670016  ( 7.1%) 
leaves                1639/65536       52448/2097152  ( 2.5%) 
leaffaces             8866/65536       17732/131072   (13.5%) 
leafbrushes           2531/65536        5062/131072   ( 3.9%) 
areas                    3/256            24/2048     ( 1.2%) 
surfedges            56137/512000     224548/2048000  (11.0%) 
edges                37802/256000     151208/1024000  (14.8%) 
LDR worldlights         29/65536        2552/5767168  ( 0.0%) 
HDR worldlights          0/65536           0/5767168  ( 0.0%) 
leafwaterdata            0/32768           0/393216   ( 0.0%) 
waterstrips            679/32768        6790/327680   ( 2.1%) 
waterverts               0/65536           0/786432   ( 0.0%) 
waterindices         21051/65536       42102/131072   (32.1%) 
cubemapsamples           0/1024            0/16384    ( 0.0%) 
overlays               102/8192        35904/2883584  ( 1.2%) 
LDR lightdata         [variable]     2890636/0        ( 0.0%) 
HDR lightdata         [variable]           0/0        ( 0.0%) 
visdata               [variable]       64672/16777216 ( 0.4%) 
entdata               [variable]      143068/393216   (36.4%) 
LDR ambient table     1639/65536        6556/262144   ( 2.5%) 
HDR ambient table     1639/65536        6556/262144   ( 2.5%) 
LDR leaf ambient      7425/65536      207900/1835008  (11.3%) 
HDR leaf ambient      1639/65536       45892/1835008  ( 2.5%) 
occluders                0/0               0/0        ( 0.0%) 
occluder polygons        0/0               0/0        ( 0.0%) 
occluder vert ind        0/0               0/0        ( 0.0%) 
detail props          [variable]           1/1244     ( 0.1%) 
dtl prp lght          [variable]           1/104      ( 1.0%) 
HDR dtl prp lght      [variable]           1/4        (25.0%) 
static props          [variable]           1/22560    ( 0.0%) 
pakfile               [variable]        3241/0        ( 0.0%) 
physics               [variable]      586454/4194304  (14.0%) 
physics terrain       [variable]         223/1048576  ( 0.0%) 

Level flags = 0

Total triangle count: 21895
Writing d:\steam\steamapps\sourcemods\entropyzero2-addonworkspace\mapsrc\dd_railway_01.bsp
11 seconds elapsed



materialPath: D:\steam\steamapps\sourcemods\entropyzero2-addonworkspace\materials
Loading d:\steam\steamapps\sourcemods\entropyzero2-addonworkspace\mapsrc\dd_railway_01.vmf
ConVarRef mat_reduceparticles doesn't point to an existing ConVar
Patching WVT material: maps/dd_railway_01/nature/blendpavedirt01_nodetail_wvt_patch
fixing up env_cubemap materials on brush sides...
0...1...2...3...4...5...6...7...8...9...100...1...2...3...4...5...6...7...8...9...10Processing areas...done (0)
Building Faces...done (0)
Chop Details...done (0)
Find Visible Detail Sides...
Merged 642 detail faces...done (0)
Merging details...done (0)
FixTjuncs...
PruneNodes...
WriteBSP...
done (0)
writing d:\steam\steamapps\sourcemods\entropyzero2-addonworkspace\mapsrc\dd_railway_01.prt...Building visibility clusters...
done (0)
Finding displacement neighbors...
Finding lightmap sample positions...
Displacement Alpha : 0...1...2...3...4...5...6...7...8...9...10
ConVarRef mat_reduceparticles doesn't point to an existing ConVar
Building Physics collision data...
done (1) (586454 bytes)
Placing static props...
Static prop models/props_trainstation/traintrack001c.mdl outside the map (-1280.00, 2626.00, 385.00)
Static prop models/props_trainstation/traintrack001c.mdl outside the map (767.00, 2608.00, 385.00)
Static prop models/props_trainstation/traintrack001c.mdl outside the map (-256.00, 2618.00, 385.00)
Placing detail props : 0...1...2...3...4...5...6...7...8...9...10
Compacting texture/material tables...
Reduced 2351 texinfos to 1614
Reduced 158 texdatas to 146 (3863 bytes to 3373)
Writing d:\steam\steamapps\sourcemods\entropyzero2-addonworkspace\mapsrc\dd_railway_01.bsp
1 second elapsed



12 threads
reading d:\steam\steamapps\sourcemods\entropyzero2-addonworkspace\mapsrc\dd_railway_01.bsp
reading d:\steam\steamapps\sourcemods\entropyzero2-addonworkspace\mapsrc\dd_railway_01.prt
 494 portalclusters
1648 numportals
0...1...2...3...4...5...6...7...8...9...10Optimized: 3939 visible clusters (1.80%)
Total clusters visible: 218367
Average clusters visible: 442
Building PAS...
Average clusters audible: 492
visdatasize:64672  compressed from 63232
writing d:\steam\steamapps\sourcemods\entropyzero2-addonworkspace\mapsrc\dd_railway_01.bsp
0 seconds elapsed



[Reading texlights from 'lights.rad']
[48 texlights parsed from 'lights.rad']

Loading d:\steam\steamapps\sourcemods\entropyzero2-addonworkspace\mapsrc\dd_railway_01.bsp
7770 faces
80 degenerate faces
1175893 square feet [169328704.00 square inches]
1 Displacements
427 Square Feet [61501.99 Square Inches]
7690 patches before subdivision
63998 patches after subdivision
light has _fifty_percent_distance of 96.000000 but _zero_percent_distance of 0.000000
light has _fifty_percent_distance of 96.000000 but _zero_percent_distance of 0.000000
light has _fifty_percent_distance of 512.000000 but _zero_percent_distance of 0.000000
29 direct lights
0...1...2...3...4...5...6...7...8...9...100...1...2...3...4...5...6...7...8...9...10transfers 11593037, max 2625
transfer lists:  88.4 megs
0...1...2...3...4...5...6...7...8...9...10	Bounce #1 added RGB(31536, 25740, 16820)
0...1...2...3...4...5...6...7...8...9...10	Bounce #2 added RGB(4309, 2953, 1705)
Build Patch/Sample Hash Table(s).....Done<0.0101 sec>
0...1...2...3...4...5...6...7...8...9...10FinalLightFace Done
Computing detail prop lighting : 0...1...2...3...4...5...6...7...8...9...10
0 of 0 (0% of) surface lights went in leaf ambient cubes.
0...1...2...3...4...5...6...7...8...9...10Writing leaf ambient...done
Ready to Finish

Object names       Objects/Maxobjs  Memory / Maxmem  Fullness 
------------       ---------------  ---------------  -------- 
models                  42/1024         2016/49152    ( 4.1%) 
brushes               1630/8192        19560/98304    (19.9%) 
brushsides           11406/65536       91248/524288   (17.4%) 
planes                5652/65536      113040/1310720  ( 8.6%) 
vertexes             15721/65536      188652/786432   (24.0%) 
nodes                 1596/65536       51072/2097152  ( 2.4%) 
texinfos              1614/12288      116208/884736   (13.1%) 
texdata                146/2048         4672/65536    ( 7.1%) 
dispinfos                1/0             176/0        ( 0.0%) 
disp_verts              81/0            1620/0        ( 0.0%) 
disp_tris              128/0             256/0        ( 0.0%) 
disp_lmsamples        1232/0            1232/0        ( 0.0%) 
faces                 7770/65536      435120/3670016  (11.9%) 
hdr faces                0/65536           0/3670016  ( 0.0%) 
origfaces             4669/65536      261464/3670016  ( 7.1%) 
leaves                1639/65536       52448/2097152  ( 2.5%) 
leaffaces             8866/65536       17732/131072   (13.5%) 
leafbrushes           2531/65536        5062/131072   ( 3.9%) 
areas                    3/256            24/2048     ( 1.2%) 
surfedges            56137/512000     224548/2048000  (11.0%) 
edges                37802/256000     151208/1024000  (14.8%) 
LDR worldlights         29/65536        2552/5767168  ( 0.0%) 
HDR worldlights          0/65536           0/5767168  ( 0.0%) 
leafwaterdata            0/32768           0/393216   ( 0.0%) 
waterstrips            679/32768        6790/327680   ( 2.1%) 
waterverts               0/65536           0/786432   ( 0.0%) 
waterindices         21051/65536       42102/131072   (32.1%) 
cubemapsamples           0/1024            0/16384    ( 0.0%) 
overlays               102/8192        35904/2883584  ( 1.2%) 
LDR lightdata         [variable]     2890636/0        ( 0.0%) 
HDR lightdata         [variable]           0/0        ( 0.0%) 
visdata               [variable]       64672/16777216 ( 0.4%) 
entdata               [variable]      143100/393216   (36.4%) 
LDR ambient table     1639/65536        6556/262144   ( 2.5%) 
HDR ambient table     1639/65536        6556/262144   ( 2.5%) 
LDR leaf ambient      7493/65536      209804/1835008  (11.4%) 
HDR leaf ambient      1639/65536       45892/1835008  ( 2.5%) 
occluders                0/0               0/0        ( 0.0%) 
occluder polygons        0/0               0/0        ( 0.0%) 
occluder vert ind        0/0               0/0        ( 0.0%) 
detail props          [variable]           1/1244     ( 0.1%) 
dtl prp lght          [variable]           1/104      ( 1.0%) 
HDR dtl prp lght      [variable]           1/4        (25.0%) 
static props          [variable]           1/22560    ( 0.0%) 
pakfile               [variable]        3241/0        ( 0.0%) 
physics               [variable]      586454/4194304  (14.0%) 
physics terrain       [variable]         223/1048576  ( 0.0%) 

Level flags = 0

Total triangle count: 21895
Writing d:\steam\steamapps\sourcemods\entropyzero2-addonworkspace\mapsrc\dd_railway_01.bsp
12 seconds elapsed
