PRT1
278
1061
4 0 117 (2048 4096 -376 ) (2048 4096 -432 ) (2556 4096 -432 ) (2556 4096 -376 ) 
4 0 113 (2556 4096 -432 ) (2560 4096 -432 ) (2560 4096 -376 ) (2556 4096 -376 ) 
4 0 112 (2560 4096 -432 ) (2851.899902 4096 -432 ) (2851.899902 4096 -376 ) (2560 4096 -376 ) 
4 0 109 (2048 4096 -64 ) (2048 4096 -376 ) (2352 4096 -376 ) (2352 4096 -64 ) 
4 0 102 (2544 4096 -256 ) (2544 4096 -248 ) (2352 4096 -248 ) (2352 4096 -256 ) 
4 0 101 (2544 4096 -248 ) (2544 4096 -64 ) (2352 4096 -64 ) (2352 4096 -248 ) 
4 0 107 (2352 4096 -376 ) (2544 4096 -376 ) (2544 4096 -256 ) (2352 4096 -256 ) 
4 0 92 (2556 4096 -376 ) (2560 4096 -376 ) (2560 4096 -64 ) (2556 4096 -64 ) 
4 0 91 (2560 4096 -376 ) (2624 4096 -376 ) (2624 4096 -64 ) (2560 4096 -64 ) 
4 0 95 (2544 4096 -376 ) (2556 4096 -376 ) (2556 4096 -64 ) (2544 4096 -64 ) 
4 0 90 (2624 4096 -376 ) (2851.899902 4096 -376 ) (2851.899902 4096 -64 ) (2624 4096 -64 ) 
4 0 76 (2352 4096 -64 ) (2544 4096 -64 ) (2544 4096 0 ) (2352 4096 0 ) 
4 0 80 (2048 4096 0 ) (2048 4096 -64 ) (2352 4096 -64 ) (2352 4096 0 ) 
4 0 74 (2544 4096 -64 ) (2560 4096 -64 ) (2560 4096 0 ) (2544 4096 0 ) 
4 0 73 (2560 4096 -64 ) (2851.899902 4096 -64 ) (2851.899902 4096 0 ) (2560 4096 0 ) 
4 0 70 (2548 4096 0 ) (2556 4096 0 ) (2556 4096 112 ) (2548 4096 112 ) 
4 0 72 (2048 4096 112 ) (2048 4096 0 ) (2548 4096 0 ) (2548 4096 112 ) 
4 0 69 (2556 4096 0 ) (2560 4096 0 ) (2560 4096 112 ) (2556 4096 112 ) 
4 0 68 (2560 4096 0 ) (2851.899902 4096 0 ) (2851.899902 4096 112 ) (2560 4096 112 ) 
4 0 63 (2608 4096 464 ) (2352 4096 464 ) (2352 4096 112 ) (2608 4096 112 ) 
4 0 67 (2352 4096 464 ) (2048 4096 464 ) (2048 4096 112 ) (2352 4096 112 ) 
4 0 62 (2851.899902 4096 464 ) (2608 4096 464 ) (2608 4096 112 ) (2851.899902 4096 112 ) 
4 0 32 (2048 4096 -432 ) (2048 4096 -384 ) (2048 5055.270508 -384 ) (2048 5055.270508 -432 ) 
4 0 29 (2048 4304 -352 ) (2048 4320 -352 ) (2048 4320 -384 ) (2048 4304 -384 ) 
4 0 30 (2048 4096 -384 ) (2048 4096 -352 ) (2048 4304 -352 ) (2048 4304 -384 ) 
4 0 23 (2048 4320 -352 ) (2048 4384 -352 ) (2048 4384 -384 ) (2048 4320 -384 ) 
4 0 20 (2048 4384 -352 ) (2048 5055.270508 -352 ) (2048 5055.270508 -384 ) (2048 4384 -384 ) 
4 0 14 (2048 4304 128 ) (2048 4320 128 ) (2048 4320 -352 ) (2048 4304 -352 ) 
4 0 15 (2048 4096 -352 ) (2048 4096 128 ) (2048 4304 128 ) (2048 4304 -352 ) 
4 0 8 (2048 4320 128 ) (2048 4384 128 ) (2048 4384 -352 ) (2048 4320 -352 ) 
4 0 7 (2048 4384 128 ) (2048 4400 128 ) (2048 4400 -352 ) (2048 4384 -352 ) 
4 0 6 (2048 4400 128 ) (2048 5055.270508 128 ) (2048 5055.270508 -352 ) (2048 4400 -352 ) 
4 0 1 (2048 4096 128 ) (2048 4096 464 ) (2048 5055.270508 464 ) (2048 5055.270508 128 ) 
4 1 136 (1296 4096 464 ) (1152 4096 464 ) (1152 4096 128 ) (1296 4096 128 ) 
4 1 135 (1312 4096 464 ) (1296 4096 464 ) (1296 4096 128 ) (1312 4096 128 ) 
4 1 134 (1648 4096 464 ) (1312 4096 464 ) (1312 4096 128 ) (1648 4096 128 ) 
4 1 133 (2048 4096 128 ) (2048 4096 464 ) (1648 4096 464 ) (1648 4096 128 ) 
4 1 14 (1152 4304 128 ) (1152 4320 128 ) (2048 4320 128 ) (2048 4304 128 ) 
4 1 15 (2048 4096 128 ) (1152 4096 128 ) (1152 4304 128 ) (2048 4304 128 ) 
4 1 8 (1152 4320 128 ) (1152 4384 128 ) (2048 4384 128 ) (2048 4320 128 ) 
4 1 7 (1152 4384 128 ) (1152 4400 128 ) (2048 4400 128 ) (2048 4384 128 ) 
4 1 6 (1152 4400 128 ) (1152 5055.270508 128 ) (2048 5055.270508 128 ) (2048 4400 128 ) 
4 1 3 (1152 4304 192 ) (1152 4304 464 ) (1152 4400 464 ) (1152 4400 192 ) 
4 1 2 (1152 5055.270508 464 ) (1152 5055.270508 128 ) (1152 4400 128 ) (1152 4400 464 ) 
4 1 4 (1152 4304 128 ) (1152 4096 128 ) (1152 4096 464 ) (1152 4304 464 ) 
4 2 6 (1040 4400 128 ) (1040 5055.270508 128 ) (1152 5055.270508 128 ) (1152 4400 128 ) 
4 2 3 (1040 4400 464 ) (1040 4400 192 ) (1152 4400 192 ) (1152 4400 464 ) 
4 2 5 (1040 5055.270508 464 ) (1040 5055.270508 128 ) (1040 4400 128 ) (1040 4400 464 ) 
4 3 5 (1040 4304 192 ) (1040 4304 464 ) (1040 4400 464 ) (1040 4400 192 ) 
4 3 4 (1040 4304 464 ) (1040 4304 192 ) (1152 4304 192 ) (1152 4304 464 ) 
4 4 136 (1152 4096 464 ) (1040 4096 464 ) (1040 4096 128 ) (1152 4096 128 ) 
4 4 15 (1152 4096 128 ) (1040 4096 128 ) (1040 4304 128 ) (1152 4304 128 ) 
4 4 5 (1040 4304 128 ) (1040 4096 128 ) (1040 4096 464 ) (1040 4304 464 ) 
4 5 140 (1040 4096 464 ) (1024 4096 464 ) (1024 4096 128 ) (1040 4096 128 ) 
4 5 42 (1024 4096 128 ) (1024 4096 256 ) (1024 5008 256 ) (1024 5008 128 ) 
4 5 41 (1024 4096 384 ) (1024 4096 464 ) (1024 5008 464 ) (1024 5008 384 ) 
4 5 37 (1024 5008 464 ) (1024 5012 464 ) (1024 5012 128 ) (1024 5008 128 ) 
4 5 36 (1024 5012 464 ) (1024 5055.270508 464 ) (1024 5055.270508 128 ) (1024 5012 128 ) 
4 5 17 (1024 4304 128 ) (1024 4400 128 ) (1040 4400 128 ) (1040 4304 128 ) 
4 5 16 (1024 4400 128 ) (1024 5055.270508 128 ) (1040 5055.270508 128 ) (1040 4400 128 ) 
4 5 19 (1040 4096 128 ) (1024 4096 128 ) (1024 4304 128 ) (1040 4304 128 ) 
4 6 21 (1152 4400 -352 ) (1040 4400 -352 ) (1040 5055.270508 -352 ) (1152 5055.270508 -352 ) 
4 6 20 (2048 5055.270508 -352 ) (2048 4400 -352 ) (1152 4400 -352 ) (1152 5055.270508 -352 ) 
4 6 16 (1040 5055.270508 -352 ) (1040 4400 -352 ) (1040 4400 128 ) (1040 5055.270508 128 ) 
4 6 7 (1152 4400 -352 ) (2048 4400 -352 ) (2048 4400 128 ) (1152 4400 128 ) 
4 7 20 (2048 4400 -352 ) (2048 4384 -352 ) (1152 4384 -352 ) (1152 4400 -352 ) 
4 7 8 (1152 4384 -352 ) (2048 4384 -352 ) (2048 4384 128 ) (1152 4384 128 ) 
4 8 23 (2048 4384 -352 ) (2048 4320 -352 ) (1152 4320 -352 ) (1152 4384 -352 ) 
4 8 14 (1152 4320 -352 ) (2048 4320 -352 ) (2048 4320 128 ) (1152 4320 128 ) 
4 9 24 (1136 4320 -352 ) (1120 4320 -352 ) (1120 4384 -352 ) (1136 4384 -352 ) 
4 9 11 (1120 4384 120 ) (1120 4384 -352 ) (1120 4320 -352 ) (1120 4320 120 ) 
4 10 17 (1040 4320 120 ) (1040 4320 128 ) (1040 4384 128 ) (1040 4384 120 ) 
4 10 13 (1040 4384 120 ) (1104 4384 120 ) (1104 4320 120 ) (1040 4320 120 ) 
4 11 24 (1120 4320 -352 ) (1116 4320 -352 ) (1116 4384 -352 ) (1120 4384 -352 ) 
4 11 12 (1116 4320 -352 ) (1116 4320 120 ) (1116 4384 120 ) (1116 4384 -352 ) 
4 12 25 (1116 4320 -352 ) (1108 4320 -352 ) (1108 4384 -352 ) (1116 4384 -352 ) 
4 12 13 (1108 4320 -352 ) (1108 4320 120 ) (1108 4384 120 ) (1108 4384 -352 ) 
4 13 26 (1108 4320 -352 ) (1040 4320 -352 ) (1040 4384 -352 ) (1108 4384 -352 ) 
4 13 17 (1040 4320 0 ) (1040 4320 120 ) (1040 4384 120 ) (1040 4384 0 ) 
4 13 18 (1040 4384 -352 ) (1040 4320 -352 ) (1040 4320 -128 ) (1040 4384 -128 ) 
4 14 29 (2048 4320 -352 ) (2048 4304 -352 ) (1152 4304 -352 ) (1152 4320 -352 ) 
4 14 15 (1152 4304 -352 ) (2048 4304 -352 ) (2048 4304 128 ) (1152 4304 128 ) 
4 15 136 (1296 4096 128 ) (1040 4096 128 ) (1040 4096 -352 ) (1296 4096 -352 ) 
4 15 135 (1312 4096 128 ) (1296 4096 128 ) (1296 4096 -352 ) (1312 4096 -352 ) 
4 15 134 (1648 4096 128 ) (1312 4096 128 ) (1312 4096 -352 ) (1648 4096 -352 ) 
4 15 133 (2048 4096 -352 ) (2048 4096 128 ) (1648 4096 128 ) (1648 4096 -352 ) 
4 15 30 (2048 4304 -352 ) (2048 4096 -352 ) (1040 4096 -352 ) (1040 4304 -352 ) 
4 15 19 (1040 4304 -352 ) (1040 4096 -352 ) (1040 4096 128 ) (1040 4304 128 ) 
4 16 46 (1024 5008 -128 ) (1024 5008 -352 ) (1024 4400 -352 ) (1024 4400 -128 ) 
4 16 42 (1024 4400 128 ) (1024 5008 128 ) (1024 5008 0 ) (1024 4400 0 ) 
4 16 37 (1024 5008 128 ) (1024 5012 128 ) (1024 5012 -352 ) (1024 5008 -352 ) 
4 16 36 (1024 5012 128 ) (1024 5055.270508 128 ) (1024 5055.270508 -352 ) (1024 5012 -352 ) 
4 16 22 (1024 4400 -352 ) (1024 5055.270508 -352 ) (1040 5055.270508 -352 ) (1040 4400 -352 ) 
4 16 17 (1040 4400 0 ) (1040 4400 128 ) (1024 4400 128 ) (1024 4400 0 ) 
4 16 18 (1024 4400 -352 ) (1040 4400 -352 ) (1040 4400 -128 ) (1024 4400 -128 ) 
4 17 42 (1024 4304 128 ) (1024 4400 128 ) (1024 4400 0 ) (1024 4304 0 ) 
4 17 19 (1040 4304 0 ) (1040 4304 128 ) (1024 4304 128 ) (1024 4304 0 ) 
4 18 46 (1024 4400 -128 ) (1024 4400 -352 ) (1024 4304 -352 ) (1024 4304 -128 ) 
4 18 31 (1024 4304 -352 ) (1024 4320 -352 ) (1040 4320 -352 ) (1040 4304 -352 ) 
4 18 26 (1024 4320 -352 ) (1024 4384 -352 ) (1040 4384 -352 ) (1040 4320 -352 ) 
4 18 22 (1024 4384 -352 ) (1024 4400 -352 ) (1040 4400 -352 ) (1040 4384 -352 ) 
4 18 19 (1024 4304 -352 ) (1040 4304 -352 ) (1040 4304 -128 ) (1024 4304 -128 ) 
4 19 140 (1040 4096 128 ) (1024 4096 128 ) (1024 4096 -352 ) (1040 4096 -352 ) 
4 19 46 (1024 4096 -352 ) (1024 4096 -128 ) (1024 4304 -128 ) (1024 4304 -352 ) 
4 19 42 (1024 4096 0 ) (1024 4096 128 ) (1024 4304 128 ) (1024 4304 0 ) 
4 19 31 (1024 4096 -352 ) (1024 4304 -352 ) (1040 4304 -352 ) (1040 4096 -352 ) 
4 20 32 (1152 5055.270508 -384 ) (2048 5055.270508 -384 ) (2048 4384 -384 ) (1152 4384 -384 ) 
4 20 23 (1152 4384 -384 ) (2048 4384 -384 ) (2048 4384 -352 ) (1152 4384 -352 ) 
4 20 21 (1152 5055.270508 -352 ) (1152 5055.270508 -384 ) (1152 4400 -384 ) (1152 4400 -352 ) 
4 21 33 (1040 5055.270508 -384 ) (1136 5055.270508 -384 ) (1136 4400 -384 ) (1040 4400 -384 ) 
4 21 32 (1136 5055.270508 -384 ) (1152 5055.270508 -384 ) (1152 4400 -384 ) (1136 4400 -384 ) 
4 21 22 (1040 5055.270508 -352 ) (1040 5055.270508 -384 ) (1040 4400 -384 ) (1040 4400 -352 ) 
4 22 57 (1024 4384 -352 ) (1024 4996 -352 ) (1024 4996 -384 ) (1024 4384 -384 ) 
4 22 56 (1024 4996 -352 ) (1024 5008 -352 ) (1024 5008 -384 ) (1024 4996 -384 ) 
4 22 53 (1024 5008 -352 ) (1024 5055.270508 -352 ) (1024 5055.270508 -384 ) (1024 5008 -384 ) 
4 22 33 (1024 4384 -384 ) (1024 5055.270508 -384 ) (1040 5055.270508 -384 ) (1040 4384 -384 ) 
4 22 28 (1024 4384 -384 ) (1040 4384 -384 ) (1040 4384 -376 ) (1024 4384 -376 ) 
4 22 26 (1040 4384 -376 ) (1040 4384 -352 ) (1024 4384 -352 ) (1024 4384 -376 ) 
4 23 32 (1152 4384 -384 ) (2048 4384 -384 ) (2048 4320 -384 ) (1152 4320 -384 ) 
4 23 29 (1152 4320 -384 ) (2048 4320 -384 ) (2048 4320 -352 ) (1152 4320 -352 ) 
4 24 27 (1120 4384 -376 ) (1136 4384 -376 ) (1136 4320 -376 ) (1120 4320 -376 ) 
4 24 25 (1116 4384 -352 ) (1116 4384 -376 ) (1116 4320 -376 ) (1116 4320 -352 ) 
4 25 26 (1108 4384 -352 ) (1108 4384 -376 ) (1108 4320 -376 ) (1108 4320 -352 ) 
4 26 57 (1024 4320 -352 ) (1024 4384 -352 ) (1024 4384 -376 ) (1024 4320 -376 ) 
4 26 31 (1040 4320 -352 ) (1024 4320 -352 ) (1024 4320 -376 ) (1040 4320 -376 ) 
4 26 28 (1024 4384 -376 ) (1104 4384 -376 ) (1104 4320 -376 ) (1024 4320 -376 ) 
4 28 57 (1024 4384 -376 ) (1024 4384 -384 ) (1024 4320 -384 ) (1024 4320 -376 ) 
4 28 31 (1024 4320 -384 ) (1040 4320 -384 ) (1040 4320 -376 ) (1024 4320 -376 ) 
4 29 32 (1152 4320 -384 ) (2048 4320 -384 ) (2048 4304 -384 ) (1152 4304 -384 ) 
4 29 30 (1152 4304 -384 ) (2048 4304 -384 ) (2048 4304 -352 ) (1152 4304 -352 ) 
4 30 148 (1312 4096 -376 ) (1040 4096 -376 ) (1040 4096 -384 ) (1312 4096 -384 ) 
4 30 144 (1648 4096 -376 ) (1504 4096 -376 ) (1504 4096 -384 ) (1648 4096 -384 ) 
4 30 143 (2048 4096 -384 ) (2048 4096 -376 ) (1648 4096 -376 ) (1648 4096 -384 ) 
4 30 147 (1504 4096 -376 ) (1312 4096 -376 ) (1312 4096 -384 ) (1504 4096 -384 ) 
4 30 136 (1296 4096 -352 ) (1040 4096 -352 ) (1040 4096 -376 ) (1296 4096 -376 ) 
4 30 135 (1312 4096 -352 ) (1296 4096 -352 ) (1296 4096 -376 ) (1312 4096 -376 ) 
4 30 134 (1648 4096 -352 ) (1312 4096 -352 ) (1312 4096 -376 ) (1648 4096 -376 ) 
4 30 133 (2048 4096 -376 ) (2048 4096 -352 ) (1648 4096 -352 ) (1648 4096 -376 ) 
4 30 35 (1136 4096 -384 ) (1040 4096 -384 ) (1040 4304 -384 ) (1136 4304 -384 ) 
4 30 32 (2048 4096 -384 ) (1136 4096 -384 ) (1136 4304 -384 ) (2048 4304 -384 ) 
4 30 31 (1040 4304 -384 ) (1040 4096 -384 ) (1040 4096 -352 ) (1040 4304 -352 ) 
4 31 149 (1024 4096 -376 ) (1024 4096 -384 ) (1040 4096 -384 ) (1040 4096 -376 ) 
4 31 140 (1040 4096 -352 ) (1024 4096 -352 ) (1024 4096 -376 ) (1040 4096 -376 ) 
4 31 57 (1024 4096 -384 ) (1024 4096 -352 ) (1024 4320 -352 ) (1024 4320 -384 ) 
4 31 35 (1040 4096 -384 ) (1024 4096 -384 ) (1024 4320 -384 ) (1040 4320 -384 ) 
4 32 151 (1312 4096 -384 ) (1136 4096 -384 ) (1136 4096 -432 ) (1312 4096 -432 ) 
4 32 144 (1648 4096 -384 ) (1504 4096 -384 ) (1504 4096 -432 ) (1648 4096 -432 ) 
4 32 143 (2048 4096 -432 ) (2048 4096 -384 ) (1648 4096 -384 ) (1648 4096 -432 ) 
4 32 147 (1504 4096 -384 ) (1312 4096 -384 ) (1312 4096 -432 ) (1504 4096 -432 ) 
4 32 34 (1136 4384 -432 ) (1136 4320 -432 ) (1136 4320 -400 ) (1136 4384 -400 ) 
4 32 33 (1136 5055.270508 -384 ) (1136 5055.270508 -432 ) (1136 4384 -432 ) (1136 4384 -384 ) 
4 32 35 (1136 4320 -432 ) (1136 4096 -432 ) (1136 4096 -384 ) (1136 4320 -384 ) 
4 33 60 (1024 5008 -424 ) (1024 5008 -432 ) (1024 4384 -432 ) (1024 4384 -424 ) 
4 33 59 (1024 5008 -384 ) (1024 5055.270508 -384 ) (1024 5055.270508 -432 ) (1024 5008 -432 ) 
4 33 34 (1024 4384 -432 ) (1136 4384 -432 ) (1136 4384 -400 ) (1024 4384 -400 ) 
4 34 60 (1024 4384 -424 ) (1024 4384 -432 ) (1024 4320 -432 ) (1024 4320 -424 ) 
4 34 35 (1024 4320 -432 ) (1136 4320 -432 ) (1136 4320 -400 ) (1024 4320 -400 ) 
4 35 151 (1136 4096 -384 ) (1024 4096 -384 ) (1024 4096 -432 ) (1136 4096 -432 ) 
4 35 60 (1024 4096 -432 ) (1024 4096 -424 ) (1024 4320 -424 ) (1024 4320 -432 ) 
4 36 54 (1008 5012 -352 ) (448 5012 -352 ) (448 5055.270508 -352 ) (1008 5055.270508 -352 ) 
4 36 53 (1024 5055.270508 -352 ) (1024 5012 -352 ) (1008 5012 -352 ) (1008 5055.270508 -352 ) 
4 36 55 (448 5012 -352 ) (108.102005 5012 -352 ) (108.102005 5055.270508 -352 ) (448 5055.270508 -352 ) 
4 36 39 (1008 5012 -128 ) (1008 5012 0 ) (448 5012 0 ) (448 5012 -128 ) 
4 36 38 (1008 5012 256 ) (1008 5012 464 ) (448 5012 464 ) (448 5012 256 ) 
4 36 37 (1008 5012 -352 ) (1024 5012 -352 ) (1024 5012 464 ) (1008 5012 464 ) 
4 36 40 (108.102005 5012 464 ) (108.102005 5012 -352 ) (448 5012 -352 ) (448 5012 464 ) 
4 37 53 (1024 5012 -352 ) (1024 5008 -352 ) (1008 5008 -352 ) (1008 5012 -352 ) 
4 37 46 (1008 5008 -352 ) (1024 5008 -352 ) (1024 5008 -128 ) (1008 5008 -128 ) 
4 37 42 (1024 5008 0 ) (1024 5008 256 ) (1008 5008 256 ) (1008 5008 0 ) 
4 37 41 (1024 5008 384 ) (1024 5008 464 ) (1008 5008 464 ) (1008 5008 384 ) 
4 37 39 (1008 5012 0 ) (1008 5012 -128 ) (1008 5008 -128 ) (1008 5008 0 ) 
4 37 38 (1008 5012 464 ) (1008 5012 256 ) (1008 5008 256 ) (1008 5008 464 ) 
4 38 41 (1008 5008 384 ) (1008 5008 464 ) (448 5008 464 ) (448 5008 384 ) 
4 38 40 (448 5012 464 ) (448 5012 256 ) (448 5008 256 ) (448 5008 464 ) 
4 39 40 (448 5012 0 ) (448 5012 -128 ) (448 5008 -128 ) (448 5008 0 ) 
4 40 55 (448 5008 -352 ) (108.102005 5008 -352 ) (108.102005 5012 -352 ) (448 5012 -352 ) 
4 40 52 (108.102005 5008 -352 ) (432 5008 -352 ) (432 5008 464 ) (108.102005 5008 464 ) 
4 40 51 (432 5008 -352 ) (448 5008 -352 ) (448 5008 -128 ) (432 5008 -128 ) 
4 40 43 (448 5008 0 ) (448 5008 256 ) (432 5008 256 ) (432 5008 0 ) 
4 40 41 (448 5008 384 ) (448 5008 464 ) (432 5008 464 ) (432 5008 384 ) 
4 41 152 (1024 4096 384 ) (1024 4096 464 ) (432 4096 464 ) (432 4096 384 ) 
4 41 52 (432 5008 464 ) (432 5008 384 ) (432 4096 384 ) (432 4096 464 ) 
4 42 154 (1024 4096 0 ) (1024 4096 256 ) (720 4096 256 ) (720 4096 0 ) 
4 42 44 (720 4448 0 ) (720 4256 0 ) (720 4256 128 ) (720 4448 128 ) 
4 42 43 (720 5008 0 ) (720 4448 0 ) (720 4448 256 ) (720 5008 256 ) 
4 42 45 (720 4256 0 ) (720 4096 0 ) (720 4096 256 ) (720 4256 256 ) 
4 43 52 (432 5008 256 ) (432 5008 0 ) (432 4448 0 ) (432 4448 256 ) 
5 43 44 (432 4448 0 ) (720 4448 0 ) (720 4448 128 ) (464 4448 256 ) (432 4448 256 ) 
4 44 52 (432 4448 0 ) (432 4256 0 ) (432 4256 256 ) (432 4448 256 ) 
5 44 45 (432 4256 0 ) (720 4256 0 ) (720 4256 128 ) (464 4256 256 ) (432 4256 256 ) 
4 45 156 (720 4096 256 ) (432 4096 256 ) (432 4096 0 ) (720 4096 0 ) 
4 45 52 (432 4256 0 ) (432 4096 0 ) (432 4096 256 ) (432 4256 256 ) 
4 46 159 (1024 4096 -352 ) (1024 4096 -128 ) (732 4096 -128 ) (732 4096 -352 ) 
4 46 57 (1024 4996 -352 ) (1024 4096 -352 ) (732 4096 -352 ) (732 4996 -352 ) 
4 46 56 (1024 5008 -352 ) (1024 4996 -352 ) (732 4996 -352 ) (732 5008 -352 ) 
4 46 48 (732 4256 -128 ) (732 4448 -128 ) (732 4448 -256 ) (732 4256 -256 ) 
4 46 49 (732 4448 -304 ) (732 4448 -352 ) (732 4256 -352 ) (732 4256 -304 ) 
4 46 47 (732 4448 -128 ) (732 5008 -128 ) (732 5008 -352 ) (732 4448 -352 ) 
4 46 50 (732 4096 -128 ) (732 4256 -128 ) (732 4256 -352 ) (732 4096 -352 ) 
4 47 57 (724 4448 -352 ) (724 4996 -352 ) (732 4996 -352 ) (732 4448 -352 ) 
4 47 56 (724 4996 -352 ) (724 5008 -352 ) (732 5008 -352 ) (732 4996 -352 ) 
4 47 48 (724 4448 -128 ) (724 4448 -256 ) (732 4448 -256 ) (732 4448 -128 ) 
4 47 49 (724 4448 -304 ) (724 4448 -352 ) (732 4448 -352 ) (732 4448 -304 ) 
4 47 51 (724 4448 -128 ) (724 5008 -128 ) (724 5008 -352 ) (724 4448 -352 ) 
4 48 50 (724 4256 -128 ) (724 4256 -256 ) (732 4256 -256 ) (732 4256 -128 ) 
4 48 51 (724 4256 -128 ) (724 4448 -128 ) (724 4448 -256 ) (724 4256 -256 ) 
4 49 57 (724 4256 -352 ) (724 4448 -352 ) (732 4448 -352 ) (732 4256 -352 ) 
4 49 51 (724 4448 -304 ) (724 4448 -352 ) (724 4256 -352 ) (724 4256 -304 ) 
4 49 50 (724 4256 -304 ) (724 4256 -352 ) (732 4256 -352 ) (732 4256 -304 ) 
4 50 161 (724 4096 -256 ) (724 4096 -352 ) (732 4096 -352 ) (732 4096 -256 ) 
4 50 160 (732 4096 -128 ) (724 4096 -128 ) (724 4096 -256 ) (732 4096 -256 ) 
4 50 57 (732 4096 -352 ) (724 4096 -352 ) (724 4256 -352 ) (732 4256 -352 ) 
4 50 51 (724 4096 -128 ) (724 4256 -128 ) (724 4256 -352 ) (724 4096 -352 ) 
4 51 167 (724 4096 -128 ) (432 4096 -128 ) (432 4096 -352 ) (724 4096 -352 ) 
4 51 57 (724 4096 -352 ) (432 4096 -352 ) (432 4996 -352 ) (724 4996 -352 ) 
4 51 56 (432 4996 -352 ) (432 5008 -352 ) (724 5008 -352 ) (724 4996 -352 ) 
4 51 52 (432 5008 -128 ) (432 5008 -352 ) (432 4096 -352 ) (432 4096 -128 ) 
4 52 168 (416 4096 -352 ) (432 4096 -352 ) (432 4096 464 ) (416 4096 464 ) 
4 52 171 (108.102005 4096 -352 ) (416 4096 -352 ) (416 4096 464 ) (108.102005 4096 464 ) 
4 52 58 (432 4096 -352 ) (108.102005 4096 -352 ) (108.102005 5008 -352 ) (432 5008 -352 ) 
4 53 59 (1024 5055.270508 -384 ) (1024 5008 -384 ) (1008 5008 -384 ) (1008 5055.270508 -384 ) 
4 53 56 (1008 5008 -384 ) (1024 5008 -384 ) (1024 5008 -352 ) (1008 5008 -352 ) 
4 53 54 (1008 5055.270508 -352 ) (1008 5055.270508 -384 ) (1008 5012 -384 ) (1008 5012 -352 ) 
4 54 59 (448 5012 -384 ) (448 5055.270508 -384 ) (1008 5055.270508 -384 ) (1008 5012 -384 ) 
4 54 55 (448 5055.270508 -352 ) (448 5055.270508 -384 ) (448 5012 -384 ) (448 5012 -352 ) 
4 55 59 (448 5008 -384 ) (432 5008 -384 ) (432 5055.270508 -384 ) (448 5055.270508 -384 ) 
4 55 61 (432 5008 -384 ) (108.102005 5008 -384 ) (108.102005 5055.270508 -384 ) (432 5055.270508 -384 ) 
4 55 56 (432 5008 -384 ) (448 5008 -384 ) (448 5008 -352 ) (432 5008 -352 ) 
4 55 58 (108.102005 5008 -352 ) (108.102005 5008 -384 ) (432 5008 -384 ) (432 5008 -352 ) 
4 56 58 (432 5008 -352 ) (432 5008 -384 ) (432 4996 -384 ) (432 4996 -352 ) 
4 56 57 (432 4996 -352 ) (432 4996 -384 ) (1024 4996 -384 ) (1024 4996 -352 ) 
4 57 176 (724 4096 -352 ) (432 4096 -352 ) (432 4096 -384 ) (724 4096 -384 ) 
4 57 173 (732 4096 -352 ) (724 4096 -352 ) (724 4096 -384 ) (732 4096 -384 ) 
4 57 172 (1024 4096 -384 ) (1024 4096 -352 ) (732 4096 -352 ) (732 4096 -384 ) 
4 57 58 (432 4996 -384 ) (432 4096 -384 ) (432 4096 -352 ) (432 4996 -352 ) 
4 58 178 (432 4096 -352 ) (416 4096 -352 ) (416 4096 -384 ) (432 4096 -384 ) 
4 58 180 (416 4096 -352 ) (108.102005 4096 -352 ) (108.102005 4096 -384 ) (416 4096 -384 ) 
4 58 61 (432 4096 -384 ) (108.102005 4096 -384 ) (108.102005 5008 -384 ) (432 5008 -384 ) 
4 59 60 (432 5008 -424 ) (432 5008 -432 ) (1024 5008 -432 ) (1024 5008 -424 ) 
4 59 61 (432 5055.270508 -384 ) (432 5055.270508 -432 ) (432 5008 -432 ) (432 5008 -384 ) 
4 60 181 (1024 4096 -432 ) (1024 4096 -424 ) (432 4096 -424 ) (432 4096 -432 ) 
4 60 61 (432 5008 -432 ) (432 4096 -432 ) (432 4096 -424 ) (432 5008 -424 ) 
4 61 182 (432 4096 -384 ) (108.102005 4096 -384 ) (108.102005 4096 -432 ) (432 4096 -432 ) 
4 62 123 (2851.899902 3072 464 ) (2608 3072 464 ) (2608 3072 112 ) (2851.899902 3072 112 ) 
4 62 83 (2620 3284 112 ) (2620 3340 112 ) (2624 3340 112 ) (2624 3284 112 ) 
4 62 82 (2620 3340 112 ) (2620 3556 112 ) (2624 3556 112 ) (2624 3340 112 ) 
4 62 84 (2624 3072 112 ) (2620 3072 112 ) (2620 3284 112 ) (2624 3284 112 ) 
4 62 81 (2851.899902 3072 112 ) (2624 3072 112 ) (2624 3556 112 ) (2851.899902 3556 112 ) 
4 62 85 (2620 3072 112 ) (2608 3072 112 ) (2608 3556 112 ) (2620 3556 112 ) 
4 62 68 (2608 3556 112 ) (2608 4096 112 ) (2851.899902 4096 112 ) (2851.899902 3556 112 ) 
4 62 64 (2608 3248 208 ) (2608 3248 464 ) (2608 3376 464 ) (2608 3376 208 ) 
4 62 65 (2608 3376 112 ) (2608 3248 112 ) (2608 3248 192 ) (2608 3376 192 ) 
4 62 63 (2608 4096 112 ) (2608 3376 112 ) (2608 3376 464 ) (2608 4096 464 ) 
4 62 66 (2608 3248 112 ) (2608 3072 112 ) (2608 3072 464 ) (2608 3248 464 ) 
4 63 85 (2352 3376 112 ) (2352 3556 112 ) (2608 3556 112 ) (2608 3376 112 ) 
4 63 70 (2548 4096 112 ) (2556 4096 112 ) (2556 3612 112 ) (2548 3612 112 ) 
4 63 72 (2352 3556 112 ) (2352 4096 112 ) (2548 4096 112 ) (2548 3556 112 ) 
4 63 69 (2556 4096 112 ) (2560 4096 112 ) (2560 3612 112 ) (2556 3612 112 ) 
4 63 68 (2560 4096 112 ) (2608 4096 112 ) (2608 3556 112 ) (2560 3556 112 ) 
4 63 64 (2352 3376 464 ) (2352 3376 208 ) (2608 3376 208 ) (2608 3376 464 ) 
4 63 65 (2352 3376 192 ) (2352 3376 112 ) (2608 3376 112 ) (2608 3376 192 ) 
4 63 67 (2352 4096 112 ) (2352 3376 112 ) (2352 3376 464 ) (2352 4096 464 ) 
4 64 66 (2352 3248 464 ) (2352 3248 208 ) (2608 3248 208 ) (2608 3248 464 ) 
4 64 67 (2352 3248 208 ) (2352 3248 464 ) (2352 3376 464 ) (2352 3376 208 ) 
4 65 85 (2352 3248 112 ) (2352 3376 112 ) (2608 3376 112 ) (2608 3248 112 ) 
4 65 67 (2352 3376 112 ) (2352 3248 112 ) (2352 3248 192 ) (2352 3376 192 ) 
4 65 66 (2352 3248 192 ) (2352 3248 112 ) (2608 3248 112 ) (2608 3248 192 ) 
4 66 123 (2608 3072 464 ) (2352 3072 464 ) (2352 3072 112 ) (2608 3072 112 ) 
4 66 85 (2608 3072 112 ) (2352 3072 112 ) (2352 3248 112 ) (2608 3248 112 ) 
4 66 67 (2352 3248 112 ) (2352 3072 112 ) (2352 3072 464 ) (2352 3248 464 ) 
4 67 134 (2048 3696 112 ) (2048 3072 112 ) (2048 3072 464 ) (2048 3696 464 ) 
4 67 133 (2048 4096 464 ) (2048 4096 112 ) (2048 3696 112 ) (2048 3696 464 ) 
4 67 123 (2352 3072 464 ) (2048 3072 464 ) (2048 3072 112 ) (2352 3072 112 ) 
4 67 86 (2336 3500 112 ) (2336 3556 112 ) (2340 3556 112 ) (2340 3500 112 ) 
4 67 88 (2340 3072 112 ) (2336 3072 112 ) (2336 3444 112 ) (2340 3444 112 ) 
4 67 89 (2336 3072 112 ) (2048 3072 112 ) (2048 3556 112 ) (2336 3556 112 ) 
4 67 85 (2352 3072 112 ) (2340 3072 112 ) (2340 3556 112 ) (2352 3556 112 ) 
4 67 72 (2048 3556 112 ) (2048 4096 112 ) (2352 4096 112 ) (2352 3556 112 ) 
4 68 82 (2624 3556 112 ) (2620 3556 112 ) (2620 3556 0 ) (2624 3556 0 ) 
4 68 81 (2851.899902 3556 112 ) (2624 3556 112 ) (2624 3556 0 ) (2851.899902 3556 0 ) 
4 68 85 (2620 3556 112 ) (2560 3556 112 ) (2560 3556 0 ) (2620 3556 0 ) 
4 68 73 (2851.899902 3556 0 ) (2560 3556 0 ) (2560 4096 0 ) (2851.899902 4096 0 ) 
4 68 69 (2560 4096 0 ) (2560 3612 0 ) (2560 3612 112 ) (2560 4096 112 ) 
4 69 74 (2556 3612 0 ) (2556 4096 0 ) (2560 4096 0 ) (2560 3612 0 ) 
4 69 70 (2556 4096 0 ) (2556 3612 0 ) (2556 3612 112 ) (2556 4096 112 ) 
4 70 74 (2548 3612 0 ) (2548 4096 0 ) (2556 4096 0 ) (2556 3612 0 ) 
4 70 72 (2548 4096 0 ) (2548 3612 0 ) (2548 3612 112 ) (2548 4096 112 ) 
4 71 72 (2548 3608 0 ) (2548 3560 0 ) (2548 3560 108 ) (2548 3608 108 ) 
4 72 134 (2048 3696 0 ) (2048 3556 0 ) (2048 3556 112 ) (2048 3696 112 ) 
4 72 133 (2048 4096 112 ) (2048 4096 0 ) (2048 3696 0 ) (2048 3696 112 ) 
4 72 86 (2340 3556 112 ) (2336 3556 112 ) (2336 3556 0 ) (2340 3556 0 ) 
4 72 89 (2336 3556 112 ) (2048 3556 112 ) (2048 3556 0 ) (2336 3556 0 ) 
4 72 85 (2548 3556 112 ) (2340 3556 112 ) (2340 3556 0 ) (2548 3556 0 ) 
4 72 77 (2352 3664 0 ) (2352 3728 0 ) (2544 3728 0 ) (2544 3664 0 ) 
4 72 76 (2352 3728 0 ) (2352 4096 0 ) (2544 4096 0 ) (2544 3728 0 ) 
4 72 79 (2544 3556 0 ) (2352 3556 0 ) (2352 3664 0 ) (2544 3664 0 ) 
4 72 80 (2352 3556 0 ) (2048 3556 0 ) (2048 4096 0 ) (2352 4096 0 ) 
4 72 74 (2544 3612 0 ) (2544 4096 0 ) (2548 4096 0 ) (2548 3612 0 ) 
4 73 91 (2560 4096 -64 ) (2624 4096 -64 ) (2624 3556 -64 ) (2560 3556 -64 ) 
4 73 90 (2624 4096 -64 ) (2851.899902 4096 -64 ) (2851.899902 3556 -64 ) (2624 3556 -64 ) 
4 73 82 (2620 3556 -64 ) (2624 3556 -64 ) (2624 3556 0 ) (2620 3556 0 ) 
4 73 81 (2624 3556 -64 ) (2851.899902 3556 -64 ) (2851.899902 3556 0 ) (2624 3556 0 ) 
4 73 85 (2560 3556 -64 ) (2620 3556 -64 ) (2620 3556 0 ) (2560 3556 0 ) 
4 73 75 (2560 3612 -64 ) (2560 3556 -64 ) (2560 3556 -16 ) (2560 3612 -16 ) 
4 73 74 (2560 4096 -64 ) (2560 3612 -64 ) (2560 3612 0 ) (2560 4096 0 ) 
4 74 92 (2556 4096 -64 ) (2560 4096 -64 ) (2560 3612 -64 ) (2556 3612 -64 ) 
4 74 95 (2544 4096 -64 ) (2556 4096 -64 ) (2556 3612 -64 ) (2544 3612 -64 ) 
4 74 78 (2544 3728 -64 ) (2544 3664 -64 ) (2544 3664 -56 ) (2544 3728 -56 ) 
4 74 77 (2544 3664 -56 ) (2544 3664 0 ) (2544 3728 0 ) (2544 3728 -56 ) 
4 74 76 (2544 4096 -64 ) (2544 3728 -64 ) (2544 3728 0 ) (2544 4096 0 ) 
4 74 79 (2544 3664 -64 ) (2544 3612 -64 ) (2544 3612 0 ) (2544 3664 0 ) 
4 74 75 (2544 3612 -16 ) (2544 3612 -64 ) (2560 3612 -64 ) (2560 3612 -16 ) 
4 75 93 (2560 3612 -64 ) (2560 3556 -64 ) (2556 3556 -64 ) (2556 3612 -64 ) 
4 75 95 (2556 3556 -64 ) (2544 3556 -64 ) (2544 3612 -64 ) (2556 3612 -64 ) 
4 75 85 (2544 3556 -64 ) (2560 3556 -64 ) (2560 3556 -16 ) (2544 3556 -16 ) 
4 75 79 (2544 3612 -64 ) (2544 3556 -64 ) (2544 3556 -16 ) (2544 3612 -16 ) 
4 76 101 (2352 4096 -64 ) (2544 4096 -64 ) (2544 3728 -64 ) (2352 3728 -64 ) 
4 76 78 (2352 3728 -56 ) (2352 3728 -64 ) (2544 3728 -64 ) (2544 3728 -56 ) 
4 76 77 (2352 3728 0 ) (2352 3728 -56 ) (2544 3728 -56 ) (2544 3728 0 ) 
4 76 80 (2352 4096 -64 ) (2352 3728 -64 ) (2352 3728 0 ) (2352 4096 0 ) 
4 77 80 (2352 3664 -56 ) (2352 3664 0 ) (2352 3728 0 ) (2352 3728 -56 ) 
4 77 79 (2352 3664 0 ) (2352 3664 -56 ) (2544 3664 -56 ) (2544 3664 0 ) 
4 77 78 (2544 3664 -56 ) (2352 3664 -56 ) (2352 3728 -56 ) (2544 3728 -56 ) 
4 78 101 (2544 3728 -64 ) (2544 3664 -64 ) (2352 3664 -64 ) (2352 3728 -64 ) 
4 78 80 (2352 3728 -64 ) (2352 3664 -64 ) (2352 3664 -56 ) (2352 3728 -56 ) 
4 78 79 (2352 3664 -56 ) (2352 3664 -64 ) (2544 3664 -64 ) (2544 3664 -56 ) 
4 79 101 (2544 3664 -64 ) (2544 3556 -64 ) (2352 3556 -64 ) (2352 3664 -64 ) 
4 79 85 (2352 3556 -64 ) (2544 3556 -64 ) (2544 3556 0 ) (2352 3556 0 ) 
4 79 80 (2352 3664 -64 ) (2352 3556 -64 ) (2352 3556 0 ) (2352 3664 0 ) 
4 80 134 (2048 3696 -64 ) (2048 3556 -64 ) (2048 3556 0 ) (2048 3696 0 ) 
4 80 133 (2048 4096 0 ) (2048 4096 -64 ) (2048 3696 -64 ) (2048 3696 0 ) 
3 80 110 (2048 3556 -64 ) (2048 3696 -64 ) (2188 3556 -64 ) 
5 80 109 (2048 3696 -64 ) (2048 4096 -64 ) (2352 4096 -64 ) (2352 3556 -64 ) (2188 3556 -64 ) 
4 80 86 (2336 3556 -64 ) (2340 3556 -64 ) (2340 3556 0 ) (2336 3556 0 ) 
4 80 89 (2048 3556 -64 ) (2336 3556 -64 ) (2336 3556 0 ) (2048 3556 0 ) 
4 80 85 (2340 3556 -64 ) (2352 3556 -64 ) (2352 3556 0 ) (2340 3556 0 ) 
4 81 123 (2851.899902 3072 112 ) (2624 3072 112 ) (2624 3072 -64 ) (2851.899902 3072 -64 ) 
4 81 90 (2624 3556 -64 ) (2851.899902 3556 -64 ) (2851.899902 3072 -64 ) (2624 3072 -64 ) 
4 81 83 (2624 3284 48 ) (2624 3284 112 ) (2624 3340 112 ) (2624 3340 48 ) 
4 81 82 (2624 3556 112 ) (2624 3556 -64 ) (2624 3340 -64 ) (2624 3340 112 ) 
4 81 84 (2624 3284 -64 ) (2624 3072 -64 ) (2624 3072 112 ) (2624 3284 112 ) 
4 82 91 (2620 3556 -64 ) (2624 3556 -64 ) (2624 3340 -64 ) (2620 3340 -64 ) 
4 82 83 (2620 3340 112 ) (2620 3340 48 ) (2624 3340 48 ) (2624 3340 112 ) 
4 82 85 (2620 3556 112 ) (2620 3556 -64 ) (2620 3340 -64 ) (2620 3340 112 ) 
4 83 85 (2620 3284 48 ) (2620 3284 112 ) (2620 3340 112 ) (2620 3340 48 ) 
4 83 84 (2620 3284 112 ) (2620 3284 48 ) (2624 3284 48 ) (2624 3284 112 ) 
4 84 123 (2624 3072 112 ) (2620 3072 112 ) (2620 3072 -64 ) (2624 3072 -64 ) 
4 84 100 (2624 3284 -64 ) (2624 3072 -64 ) (2620 3072 -64 ) (2620 3284 -64 ) 
4 84 85 (2620 3284 -64 ) (2620 3072 -64 ) (2620 3072 112 ) (2620 3284 112 ) 
4 85 123 (2620 3072 112 ) (2340 3072 112 ) (2340 3072 -64 ) (2620 3072 -64 ) 
3 85 110 (2352 3392 -64 ) (2340 3380 -64 ) (2340 3404 -64 ) 
4 85 109 (2340 3556 -64 ) (2352 3556 -64 ) (2352 3392 -64 ) (2340 3404 -64 ) 
4 85 108 (2352 3392 -64 ) (2352 3088 -64 ) (2340 3100 -64 ) (2340 3380 -64 ) 
4 85 111 (2352 3088 -64 ) (2352 3072 -64 ) (2340 3072 -64 ) (2340 3100 -64 ) 
4 85 101 (2352 3556 -64 ) (2544 3556 -64 ) (2544 3072 -64 ) (2352 3072 -64 ) 
4 85 97 (2608 3284 -64 ) (2544 3284 -64 ) (2544 3340 -64 ) (2608 3340 -64 ) 
4 85 100 (2620 3284 -64 ) (2620 3072 -64 ) (2544 3072 -64 ) (2544 3284 -64 ) 
4 85 94 (2556 3556 -64 ) (2560 3556 -64 ) (2560 3340 -64 ) (2556 3340 -64 ) 
4 85 91 (2560 3556 -64 ) (2620 3556 -64 ) (2620 3340 -64 ) (2560 3340 -64 ) 
4 85 95 (2544 3556 -64 ) (2556 3556 -64 ) (2556 3340 -64 ) (2544 3340 -64 ) 
4 85 87 (2340 3500 -64 ) (2340 3444 -64 ) (2340 3444 0 ) (2340 3500 0 ) 
4 85 86 (2340 3556 112 ) (2340 3556 -64 ) (2340 3500 -64 ) (2340 3500 112 ) 
4 85 88 (2340 3444 -64 ) (2340 3072 -64 ) (2340 3072 112 ) (2340 3444 112 ) 
4 86 109 (2336 3556 -64 ) (2340 3556 -64 ) (2340 3500 -64 ) (2336 3500 -64 ) 
4 86 87 (2336 3500 0 ) (2336 3500 -64 ) (2340 3500 -64 ) (2340 3500 0 ) 
4 86 89 (2336 3556 112 ) (2336 3556 -64 ) (2336 3500 -64 ) (2336 3500 112 ) 
4 87 109 (2340 3500 -64 ) (2340 3444 -64 ) (2336 3444 -64 ) (2336 3500 -64 ) 
4 87 89 (2336 3500 -64 ) (2336 3444 -64 ) (2336 3444 0 ) (2336 3500 0 ) 
4 87 88 (2336 3444 0 ) (2336 3444 -64 ) (2340 3444 -64 ) (2340 3444 0 ) 
4 88 123 (2340 3072 112 ) (2336 3072 112 ) (2336 3072 -64 ) (2340 3072 -64 ) 
4 88 110 (2340 3404 -64 ) (2340 3380 -64 ) (2336 3376 -64 ) (2336 3408 -64 ) 
4 88 109 (2340 3444 -64 ) (2340 3404 -64 ) (2336 3408 -64 ) (2336 3444 -64 ) 
4 88 108 (2340 3380 -64 ) (2340 3100 -64 ) (2336 3104 -64 ) (2336 3376 -64 ) 
4 88 111 (2340 3100 -64 ) (2340 3072 -64 ) (2336 3072 -64 ) (2336 3104 -64 ) 
4 88 89 (2336 3444 -64 ) (2336 3072 -64 ) (2336 3072 112 ) (2336 3444 112 ) 
4 89 134 (2048 3556 -64 ) (2048 3072 -64 ) (2048 3072 112 ) (2048 3556 112 ) 
4 89 123 (2336 3072 112 ) (2048 3072 112 ) (2048 3072 -64 ) (2336 3072 -64 ) 
6 89 110 (2048 3392 -64 ) (2048 3556 -64 ) (2188 3556 -64 ) (2336 3408 -64 ) (2336 3376 -64 ) (2200 3240 -64 ) 
3 89 109 (2188 3556 -64 ) (2336 3556 -64 ) (2336 3408 -64 ) 
3 89 108 (2336 3376 -64 ) (2336 3104 -64 ) (2200 3240 -64 ) 
4 89 111 (2048 3072 -64 ) (2048 3392 -64 ) (2336 3104 -64 ) (2336 3072 -64 ) 
4 90 123 (2851.899902 3072 -64 ) (2624 3072 -64 ) (2624 3072 -376 ) (2851.899902 3072 -376 ) 
4 90 112 (2851.899902 3072 -376 ) (2624 3072 -376 ) (2624 4096 -376 ) (2851.899902 4096 -376 ) 
4 90 98 (2624 3340 -376 ) (2624 3284 -376 ) (2624 3284 -320 ) (2624 3340 -320 ) 
4 90 96 (2624 3284 -208 ) (2624 3284 -80 ) (2624 3340 -80 ) (2624 3340 -208 ) 
4 90 100 (2624 3284 -376 ) (2624 3072 -376 ) (2624 3072 -64 ) (2624 3284 -64 ) 
4 90 91 (2624 4096 -376 ) (2624 3340 -376 ) (2624 3340 -64 ) (2624 4096 -64 ) 
4 91 112 (2560 4096 -376 ) (2624 4096 -376 ) (2624 3340 -376 ) (2560 3340 -376 ) 
4 91 98 (2620 3340 -376 ) (2624 3340 -376 ) (2624 3340 -320 ) (2620 3340 -320 ) 
4 91 99 (2560 3340 -376 ) (2620 3340 -376 ) (2620 3340 -208 ) (2560 3340 -208 ) 
4 91 96 (2624 3340 -208 ) (2624 3340 -80 ) (2608 3340 -80 ) (2608 3340 -208 ) 
4 91 97 (2608 3340 -64 ) (2560 3340 -64 ) (2560 3340 -208 ) (2608 3340 -208 ) 
4 91 93 (2560 3556 -272 ) (2560 3556 -64 ) (2560 3612 -64 ) (2560 3612 -272 ) 
4 91 92 (2560 4096 -376 ) (2560 3612 -376 ) (2560 3612 -64 ) (2560 4096 -64 ) 
4 91 94 (2560 3556 -376 ) (2560 3340 -376 ) (2560 3340 -64 ) (2560 3556 -64 ) 
4 92 113 (2556 4096 -376 ) (2560 4096 -376 ) (2560 3612 -376 ) (2556 3612 -376 ) 
4 92 93 (2556 3612 -64 ) (2556 3612 -272 ) (2560 3612 -272 ) (2560 3612 -64 ) 
4 92 95 (2556 4096 -376 ) (2556 3612 -376 ) (2556 3612 -64 ) (2556 4096 -64 ) 
4 93 95 (2556 3556 -272 ) (2556 3556 -64 ) (2556 3612 -64 ) (2556 3612 -272 ) 
4 93 94 (2556 3556 -64 ) (2556 3556 -272 ) (2560 3556 -272 ) (2560 3556 -64 ) 
4 94 115 (2560 3556 -376 ) (2560 3340 -376 ) (2556 3340 -376 ) (2556 3556 -376 ) 
4 94 99 (2556 3340 -376 ) (2560 3340 -376 ) (2560 3340 -208 ) (2556 3340 -208 ) 
4 94 97 (2560 3340 -208 ) (2560 3340 -64 ) (2556 3340 -64 ) (2556 3340 -208 ) 
4 94 95 (2556 3556 -376 ) (2556 3340 -376 ) (2556 3340 -64 ) (2556 3556 -64 ) 
4 95 117 (2544 3584 -376 ) (2544 4096 -376 ) (2556 4096 -376 ) (2556 3596 -376 ) 
4 95 116 (2544 3340 -376 ) (2544 3584 -376 ) (2556 3596 -376 ) (2556 3340 -376 ) 
4 95 105 (2544 3392 -248 ) (2544 3648 -248 ) (2544 3648 -256 ) (2544 3392 -256 ) 
4 95 104 (2544 3648 -248 ) (2544 3664 -248 ) (2544 3664 -256 ) (2544 3648 -256 ) 
4 95 106 (2544 3340 -256 ) (2544 3340 -248 ) (2544 3392 -248 ) (2544 3392 -256 ) 
4 95 103 (2544 3664 -248 ) (2544 3728 -248 ) (2544 3728 -256 ) (2544 3664 -256 ) 
4 95 102 (2544 3728 -248 ) (2544 4096 -248 ) (2544 4096 -256 ) (2544 3728 -256 ) 
4 95 101 (2544 3340 -248 ) (2544 3340 -64 ) (2544 4096 -64 ) (2544 4096 -248 ) 
4 95 107 (2544 4096 -376 ) (2544 3340 -376 ) (2544 3340 -256 ) (2544 4096 -256 ) 
4 95 99 (2544 3340 -208 ) (2544 3340 -376 ) (2556 3340 -376 ) (2556 3340 -208 ) 
4 95 97 (2544 3340 -64 ) (2544 3340 -208 ) (2556 3340 -208 ) (2556 3340 -64 ) 
4 96 99 (2620 3284 -208 ) (2608 3284 -208 ) (2608 3340 -208 ) (2620 3340 -208 ) 
4 96 97 (2608 3340 -80 ) (2608 3340 -208 ) (2608 3284 -208 ) (2608 3284 -80 ) 
4 96 100 (2608 3284 -208 ) (2624 3284 -208 ) (2624 3284 -80 ) (2608 3284 -80 ) 
4 97 101 (2544 3284 -208 ) (2544 3284 -64 ) (2544 3340 -64 ) (2544 3340 -208 ) 
4 97 99 (2608 3284 -208 ) (2544 3284 -208 ) (2544 3340 -208 ) (2608 3340 -208 ) 
4 97 100 (2544 3284 -64 ) (2544 3284 -208 ) (2608 3284 -208 ) (2608 3284 -64 ) 
4 98 112 (2620 3340 -376 ) (2624 3340 -376 ) (2624 3284 -376 ) (2620 3284 -376 ) 
4 98 99 (2620 3284 -376 ) (2620 3284 -320 ) (2620 3340 -320 ) (2620 3340 -376 ) 
4 98 100 (2620 3284 -376 ) (2624 3284 -376 ) (2624 3284 -320 ) (2620 3284 -320 ) 
4 99 116 (2544 3284 -376 ) (2544 3340 -376 ) (2556 3340 -376 ) (2556 3284 -376 ) 
4 99 115 (2556 3340 -376 ) (2560 3340 -376 ) (2560 3284 -376 ) (2556 3284 -376 ) 
4 99 112 (2560 3340 -376 ) (2620 3340 -376 ) (2620 3284 -376 ) (2560 3284 -376 ) 
4 99 106 (2544 3284 -256 ) (2544 3284 -248 ) (2544 3340 -248 ) (2544 3340 -256 ) 
4 99 101 (2544 3284 -248 ) (2544 3284 -208 ) (2544 3340 -208 ) (2544 3340 -248 ) 
4 99 107 (2544 3340 -376 ) (2544 3284 -376 ) (2544 3284 -256 ) (2544 3340 -256 ) 
4 99 100 (2544 3284 -208 ) (2544 3284 -376 ) (2620 3284 -376 ) (2620 3284 -208 ) 
4 100 123 (2624 3072 -64 ) (2544 3072 -64 ) (2544 3072 -376 ) (2624 3072 -376 ) 
4 100 119 (2556 3072 -376 ) (2544 3072 -376 ) (2544 3240 -376 ) (2556 3240 -376 ) 
4 100 116 (2544 3240 -376 ) (2544 3284 -376 ) (2556 3284 -376 ) (2556 3240 -376 ) 
4 100 115 (2560 3072 -376 ) (2556 3072 -376 ) (2556 3284 -376 ) (2560 3284 -376 ) 
4 100 112 (2624 3072 -376 ) (2560 3072 -376 ) (2560 3284 -376 ) (2624 3284 -376 ) 
4 100 106 (2544 3072 -256 ) (2544 3072 -248 ) (2544 3284 -248 ) (2544 3284 -256 ) 
4 100 101 (2544 3072 -248 ) (2544 3072 -64 ) (2544 3284 -64 ) (2544 3284 -248 ) 
4 100 107 (2544 3284 -376 ) (2544 3072 -376 ) (2544 3072 -256 ) (2544 3284 -256 ) 
4 101 123 (2544 3072 -64 ) (2352 3072 -64 ) (2352 3072 -248 ) (2544 3072 -248 ) 
4 101 109 (2352 3392 -64 ) (2352 4096 -64 ) (2352 4096 -248 ) (2352 3392 -248 ) 
4 101 108 (2352 3088 -64 ) (2352 3392 -64 ) (2352 3392 -248 ) (2352 3088 -248 ) 
4 101 111 (2352 3072 -248 ) (2352 3072 -64 ) (2352 3088 -64 ) (2352 3088 -248 ) 
4 101 105 (2352 3392 -248 ) (2352 3648 -248 ) (2544 3648 -248 ) (2544 3392 -248 ) 
4 101 104 (2352 3648 -248 ) (2352 3664 -248 ) (2544 3664 -248 ) (2544 3648 -248 ) 
4 101 106 (2352 3072 -248 ) (2352 3392 -248 ) (2544 3392 -248 ) (2544 3072 -248 ) 
4 101 103 (2352 3664 -248 ) (2352 3728 -248 ) (2544 3728 -248 ) (2544 3664 -248 ) 
4 101 102 (2352 3728 -248 ) (2352 4096 -248 ) (2544 4096 -248 ) (2544 3728 -248 ) 
4 102 109 (2352 3728 -248 ) (2352 4096 -248 ) (2352 4096 -256 ) (2352 3728 -256 ) 
4 102 107 (2352 3728 -256 ) (2352 4096 -256 ) (2544 4096 -256 ) (2544 3728 -256 ) 
4 102 103 (2352 3728 -256 ) (2544 3728 -256 ) (2544 3728 -248 ) (2352 3728 -248 ) 
4 103 109 (2352 3664 -248 ) (2352 3728 -248 ) (2352 3728 -256 ) (2352 3664 -256 ) 
4 103 104 (2352 3664 -256 ) (2544 3664 -256 ) (2544 3664 -248 ) (2352 3664 -248 ) 
4 103 107 (2352 3664 -256 ) (2352 3728 -256 ) (2544 3728 -256 ) (2544 3664 -256 ) 
4 104 109 (2352 3648 -248 ) (2352 3664 -248 ) (2352 3664 -256 ) (2352 3648 -256 ) 
4 104 107 (2352 3648 -256 ) (2352 3664 -256 ) (2544 3664 -256 ) (2544 3648 -256 ) 
4 104 105 (2352 3648 -256 ) (2544 3648 -256 ) (2544 3648 -248 ) (2352 3648 -248 ) 
4 105 109 (2352 3392 -248 ) (2352 3648 -248 ) (2352 3648 -256 ) (2352 3392 -256 ) 
4 105 106 (2352 3392 -256 ) (2544 3392 -256 ) (2544 3392 -248 ) (2352 3392 -248 ) 
4 105 107 (2352 3392 -256 ) (2352 3648 -256 ) (2544 3648 -256 ) (2544 3392 -256 ) 
4 106 123 (2352 3072 -248 ) (2352 3072 -256 ) (2544 3072 -256 ) (2544 3072 -248 ) 
4 106 108 (2352 3088 -248 ) (2352 3392 -248 ) (2352 3392 -256 ) (2352 3088 -256 ) 
4 106 111 (2352 3072 -256 ) (2352 3072 -248 ) (2352 3088 -248 ) (2352 3088 -256 ) 
4 106 107 (2352 3072 -256 ) (2352 3392 -256 ) (2544 3392 -256 ) (2544 3072 -256 ) 
4 107 123 (2352 3072 -256 ) (2352 3072 -376 ) (2544 3072 -376 ) (2544 3072 -256 ) 
3 107 120 (2368 3072 -376 ) (2352 3072 -376 ) (2352 3088 -376 ) 
5 107 119 (2544 3072 -376 ) (2368 3072 -376 ) (2352 3088 -376 ) (2352 3240 -376 ) (2544 3240 -376 ) 
4 107 117 (2352 3392 -376 ) (2352 4096 -376 ) (2544 4096 -376 ) (2544 3584 -376 ) 
4 107 116 (2352 3240 -376 ) (2352 3392 -376 ) (2544 3584 -376 ) (2544 3240 -376 ) 
4 107 109 (2352 4096 -376 ) (2352 3392 -376 ) (2352 3392 -256 ) (2352 4096 -256 ) 
4 107 108 (2352 3392 -376 ) (2352 3088 -376 ) (2352 3088 -256 ) (2352 3392 -256 ) 
4 107 111 (2352 3088 -376 ) (2352 3072 -376 ) (2352 3072 -256 ) (2352 3088 -256 ) 
3 108 119 (2352 3240 -376 ) (2352 3088 -376 ) (2200 3240 -376 ) 
3 108 116 (2352 3392 -376 ) (2352 3240 -376 ) (2200 3240 -376 ) 
4 108 110 (2352 3392 -64 ) (2352 3392 -376 ) (2200.001953 3240.001953 -376 ) (2200.001953 3240.001953 -64 ) 
4 108 111 (2200 3240 -376 ) (2352 3088 -376 ) (2352 3088 -64 ) (2200 3240 -64 ) 
4 109 133 (2048 4096 -64 ) (2048 4096 -376 ) (2048 3696 -376 ) (2048 3696 -64 ) 
4 109 117 (2048 3696 -376 ) (2048 4096 -376 ) (2352 4096 -376 ) (2352 3392 -376 ) 
4 109 110 (2048 3696 -376 ) (2352 3392 -376 ) (2352 3392 -64 ) (2048 3696 -64 ) 
4 110 134 (2048 3696 -376 ) (2048 3392 -376 ) (2048 3392 -64 ) (2048 3696 -64 ) 
4 110 118 (2048 3392 -376 ) (2048 3696 -376 ) (2352 3392 -376 ) (2200 3240 -376 ) 
4 110 111 (2048 3392 -376 ) (2200 3240 -376 ) (2200 3240 -64 ) (2048 3392 -64 ) 
4 111 134 (2048 3392 -376 ) (2048 3072 -376 ) (2048 3072 -64 ) (2048 3392 -64 ) 
4 111 123 (2352 3072 -64 ) (2048 3072 -64 ) (2048 3072 -376 ) (2352 3072 -376 ) 
4 111 121 (2144 3072 -376 ) (2048 3072 -376 ) (2048 3240 -376 ) (2144 3240 -376 ) 
5 111 120 (2352 3072 -376 ) (2144 3072 -376 ) (2144 3240 -376 ) (2200 3240 -376 ) (2352 3088 -376 ) 
3 111 118 (2048 3240 -376 ) (2048 3392 -376 ) (2200 3240 -376 ) 
4 112 127 (2851.899902 3072 -376 ) (2560 3072 -376 ) (2560 3072 -432 ) (2851.899902 3072 -432 ) 
4 112 114 (2560 3612 -432 ) (2560 3556 -432 ) (2560 3556 -384 ) (2560 3612 -384 ) 
4 112 113 (2560 4096 -432 ) (2560 3612 -432 ) (2560 3612 -376 ) (2560 4096 -376 ) 
4 112 115 (2560 3556 -432 ) (2560 3072 -432 ) (2560 3072 -376 ) (2560 3556 -376 ) 
4 113 117 (2556 4096 -432 ) (2556 3612 -432 ) (2556 3612 -376 ) (2556 4096 -376 ) 
4 113 114 (2556 3612 -384 ) (2556 3612 -432 ) (2560 3612 -432 ) (2560 3612 -384 ) 
4 114 117 (2556 3612 -432 ) (2556 3596 -432 ) (2556 3596 -384 ) (2556 3612 -384 ) 
4 114 116 (2556 3596 -432 ) (2556 3556 -432 ) (2556 3556 -384 ) (2556 3596 -384 ) 
4 114 115 (2556 3556 -384 ) (2556 3556 -432 ) (2560 3556 -432 ) (2560 3556 -384 ) 
4 115 127 (2560 3072 -376 ) (2556 3072 -376 ) (2556 3072 -432 ) (2560 3072 -432 ) 
4 115 119 (2556 3240 -432 ) (2556 3072 -432 ) (2556 3072 -376 ) (2556 3240 -376 ) 
4 115 116 (2556 3556 -432 ) (2556 3240 -432 ) (2556 3240 -376 ) (2556 3556 -376 ) 
4 116 119 (2200 3240 -432 ) (2556 3240 -432 ) (2556 3240 -376 ) (2200 3240 -376 ) 
4 116 118 (2352 3391.998779 -432 ) (2200.001953 3240 -432 ) (2200.001953 3240 -376 ) (2352 3391.998779 -376 ) 
4 116 117 (2556 3595.998047 -376 ) (2556 3595.998047 -432 ) (2352 3391.998779 -432 ) (2352 3391.998779 -376 ) 
4 117 143 (2048 4096 -376 ) (2048 4096 -432 ) (2048 3696 -432 ) (2048 3696 -376 ) 
4 117 118 (2048 3696 -432 ) (2352 3392 -432 ) (2352 3392 -376 ) (2048 3696 -376 ) 
4 118 144 (2048 3696 -432 ) (2048 3240 -432 ) (2048 3240 -376 ) (2048 3696 -376 ) 
4 118 122 (2048 3240 -432 ) (2144 3240 -432 ) (2144 3240 -400 ) (2048 3240 -400 ) 
4 118 121 (2144 3240 -400 ) (2144 3240 -376 ) (2048 3240 -376 ) (2048 3240 -400 ) 
4 118 120 (2144 3240 -432 ) (2200 3240 -432 ) (2200 3240 -376 ) (2144 3240 -376 ) 
4 119 127 (2556 3072 -376 ) (2368 3072 -376 ) (2368 3072 -432 ) (2556 3072 -432 ) 
4 119 120 (2200 3240 -376 ) (2200 3240 -432 ) (2368 3072 -432 ) (2368 3072 -376 ) 
4 120 127 (2368 3072 -376 ) (2144 3072 -376 ) (2144 3072 -432 ) (2368 3072 -432 ) 
4 120 122 (2144 3240 -400 ) (2144 3240 -432 ) (2144 3072 -432 ) (2144 3072 -400 ) 
4 120 121 (2144 3240 -376 ) (2144 3240 -400 ) (2144 3072 -400 ) (2144 3072 -376 ) 
4 121 145 (2048 3072 -400 ) (2048 3072 -376 ) (2048 3240 -376 ) (2048 3240 -400 ) 
4 121 128 (2144 3072 -376 ) (2048 3072 -376 ) (2048 3072 -400 ) (2144 3072 -400 ) 
4 121 122 (2048 3072 -400 ) (2048 3240 -400 ) (2144 3240 -400 ) (2144 3072 -400 ) 
4 122 146 (2048 3240 -432 ) (2048 3072 -432 ) (2048 3072 -400 ) (2048 3240 -400 ) 
4 122 129 (2048 3072 -400 ) (2048 3072 -432 ) (2144 3072 -432 ) (2144 3072 -400 ) 
4 123 220 (2048 2400 -376 ) (2048 2384 -376 ) (2048 2384 -352 ) (2048 2400 -352 ) 
4 123 213 (2048 3072 -352 ) (2048 3072 -376 ) (2048 2400 -376 ) (2048 2400 -352 ) 
4 123 206 (2048 2400 -352 ) (2048 2384 -352 ) (2048 2384 -256 ) (2048 2400 -256 ) 
4 123 202 (2048 3072 -256 ) (2048 3072 -352 ) (2048 2400 -352 ) (2048 2400 -256 ) 
4 123 200 (2048 2400 -192 ) (2048 2400 -256 ) (2048 2384 -256 ) (2048 2384 -192 ) 
4 123 199 (2048 2384 464 ) (2048 2400 464 ) (2048 2400 -192 ) (2048 2384 -192 ) 
4 123 183 (2048 2400 464 ) (2048 3072 464 ) (2048 3072 -256 ) (2048 2400 -256 ) 
4 123 128 (2048 2384 -376 ) (2048 3072 -376 ) (2144 3072 -376 ) (2144 2384 -376 ) 
4 123 127 (2144 3072 -376 ) (2851.899902 3072 -376 ) (2851.899902 2384 -376 ) (2144 2384 -376 ) 
4 123 125 (2272 2384 -256 ) (2272 2384 464 ) (2048 2384 464 ) (2048 2384 -256 ) 
4 123 124 (2272 2384 -376 ) (2851.899902 2384 -376 ) (2851.899902 2384 464 ) (2272 2384 464 ) 
4 124 132 (2851.899902 2368 -376 ) (2851.899902 2176.729980 -376 ) (2272 2176.729980 -376 ) (2272 2368 -376 ) 
4 124 130 (2272 2384 -376 ) (2851.899902 2384 -376 ) (2851.899902 2368 -376 ) (2272 2368 -376 ) 
4 124 125 (2272 2384 464 ) (2272 2384 -256 ) (2272 2368 -256 ) (2272 2368 464 ) 
4 124 126 (2272 2368 -376 ) (2272 2176.729980 -376 ) (2272 2176.729980 464 ) (2272 2368 464 ) 
4 125 201 (2048 2368 464 ) (2048 2384 464 ) (2048 2384 -256 ) (2048 2368 -256 ) 
4 125 126 (2272 2368 -256 ) (2272 2368 464 ) (2048 2368 464 ) (2048 2368 -256 ) 
4 126 223 (2048 2368 -352 ) (2048 2368 -376 ) (2048 2176.729980 -376 ) (2048 2176.729980 -352 ) 
4 126 208 (2048 2368 -256 ) (2048 2368 -352 ) (2048 2176.729980 -352 ) (2048 2176.729980 -256 ) 
4 126 201 (2048 2176.729980 464 ) (2048 2368 464 ) (2048 2368 -256 ) (2048 2176.729980 -256 ) 
4 126 132 (2048 2176.729980 -376 ) (2048 2368 -376 ) (2272 2368 -376 ) (2272 2176.729980 -376 ) 
4 127 131 (2144 2384 -432 ) (2272 2384 -432 ) (2272 2384 -400 ) (2144 2384 -400 ) 
4 127 130 (2272 2384 -432 ) (2851.899902 2384 -432 ) (2851.899902 2384 -376 ) (2272 2384 -376 ) 
4 127 129 (2144 3072 -432 ) (2144 2384 -432 ) (2144 2384 -400 ) (2144 3072 -400 ) 
4 127 128 (2144 2384 -400 ) (2144 2384 -376 ) (2144 3072 -376 ) (2144 3072 -400 ) 
4 128 224 (2048 2384 -376 ) (2048 3072 -376 ) (2048 3072 -400 ) (2048 2384 -400 ) 
4 128 129 (2144 3072 -400 ) (2144 2384 -400 ) (2048 2384 -400 ) (2048 3072 -400 ) 
4 129 244 (2048 2400 -432 ) (2048 2384 -432 ) (2048 2384 -400 ) (2048 2400 -400 ) 
4 129 242 (2048 3072 -400 ) (2048 3072 -432 ) (2048 2400 -432 ) (2048 2400 -400 ) 
4 129 131 (2048 2384 -432 ) (2144 2384 -432 ) (2144 2384 -400 ) (2048 2384 -400 ) 
4 130 132 (2272 2368 -432 ) (2851.899902 2368 -432 ) (2851.899902 2368 -376 ) (2272 2368 -376 ) 
4 130 131 (2272 2384 -400 ) (2272 2384 -432 ) (2272 2368 -432 ) (2272 2368 -400 ) 
4 131 244 (2048 2384 -400 ) (2048 2384 -432 ) (2048 2368 -432 ) (2048 2368 -400 ) 
4 131 132 (2048 2368 -432 ) (2272 2368 -432 ) (2272 2368 -400 ) (2048 2368 -400 ) 
4 132 244 (2048 2368 -400 ) (2048 2368 -432 ) (2048 2176.729980 -432 ) (2048 2176.729980 -400 ) 
4 132 236 (2048 2176.729980 -376 ) (2048 2368 -376 ) (2048 2368 -400 ) (2048 2176.729980 -400 ) 
3 133 143 (1648 4096 -376 ) (2048 4096 -376 ) (2048 3696 -376 ) 
4 133 134 (2048 3696 464 ) (1648 4096 464 ) (1648 4096 -376 ) (2048 3696 -376 ) 
4 134 213 (2048 3072 -376 ) (2048 3072 -352 ) (1312 3072 -352 ) (1312 3072 -376 ) 
4 134 202 (2048 3072 -352 ) (2048 3072 -256 ) (1312 3072 -256 ) (1312 3072 -352 ) 
4 134 183 (2048 3072 -256 ) (2048 3072 464 ) (1312 3072 464 ) (1312 3072 -256 ) 
4 134 145 (2048 3072 -376 ) (1504 3072 -376 ) (1504 3240 -376 ) (2048 3240 -376 ) 
5 134 144 (1504 3240 -376 ) (1504 4096 -376 ) (1648 4096 -376 ) (2048 3696 -376 ) (2048 3240 -376 ) 
4 134 147 (1504 3072 -376 ) (1312 3072 -376 ) (1312 4096 -376 ) (1504 4096 -376 ) 
4 134 135 (1312 4096 464 ) (1312 4096 -376 ) (1312 3072 -376 ) (1312 3072 464 ) 
4 135 214 (1296 3072 -376 ) (1312 3072 -376 ) (1312 3072 -352 ) (1296 3072 -352 ) 
4 135 203 (1312 3072 -352 ) (1312 3072 -256 ) (1296 3072 -256 ) (1296 3072 -352 ) 
4 135 184 (1312 3072 -256 ) (1312 3072 464 ) (1296 3072 464 ) (1296 3072 -256 ) 
4 135 148 (1312 3072 -376 ) (1296 3072 -376 ) (1296 4096 -376 ) (1312 4096 -376 ) 
4 135 138 (1296 3072 -256 ) (1296 3072 -248 ) (1296 3184 -248 ) (1296 3184 -256 ) 
4 135 137 (1296 3072 -248 ) (1296 3072 464 ) (1296 3184 464 ) (1296 3184 -248 ) 
4 135 139 (1296 3184 -376 ) (1296 3072 -376 ) (1296 3072 -256 ) (1296 3184 -256 ) 
4 135 136 (1296 4096 -376 ) (1296 3184 -376 ) (1296 3184 464 ) (1296 4096 464 ) 
4 136 148 (1040 3184 -376 ) (1040 4096 -376 ) (1296 4096 -376 ) (1296 3184 -376 ) 
4 136 141 (1040 3640 -128 ) (1040 3640 464 ) (1040 3720 464 ) (1040 3720 -128 ) 
4 136 140 (1040 4096 -376 ) (1040 3720 -376 ) (1040 3720 464 ) (1040 4096 464 ) 
4 136 142 (1040 3640 -376 ) (1040 3184 -376 ) (1040 3184 464 ) (1040 3640 464 ) 
4 136 138 (1296 3184 -256 ) (1296 3184 -248 ) (1040 3184 -248 ) (1040 3184 -256 ) 
4 136 137 (1296 3184 -248 ) (1296 3184 464 ) (1040 3184 464 ) (1040 3184 -248 ) 
4 136 139 (1296 3184 -376 ) (1296 3184 -256 ) (1040 3184 -256 ) (1040 3184 -376 ) 
4 137 185 (1040 3072 464 ) (1040 3072 -248 ) (1296 3072 -248 ) (1296 3072 464 ) 
4 137 142 (1040 3072 -248 ) (1040 3072 464 ) (1040 3184 464 ) (1040 3184 -248 ) 
4 137 138 (1040 3072 -248 ) (1040 3184 -248 ) (1296 3184 -248 ) (1296 3072 -248 ) 
4 138 186 (1040 3072 -248 ) (1040 3072 -256 ) (1296 3072 -256 ) (1296 3072 -248 ) 
4 138 142 (1040 3072 -256 ) (1040 3072 -248 ) (1040 3184 -248 ) (1040 3184 -256 ) 
4 138 139 (1040 3072 -256 ) (1040 3184 -256 ) (1296 3184 -256 ) (1296 3072 -256 ) 
4 139 215 (1040 3072 -352 ) (1040 3072 -376 ) (1152 3072 -376 ) (1152 3072 -352 ) 
4 139 214 (1152 3072 -376 ) (1296 3072 -376 ) (1296 3072 -352 ) (1152 3072 -352 ) 
4 139 204 (1040 3072 -256 ) (1040 3072 -352 ) (1152 3072 -352 ) (1152 3072 -256 ) 
4 139 203 (1152 3072 -352 ) (1296 3072 -352 ) (1296 3072 -256 ) (1152 3072 -256 ) 
4 139 148 (1296 3072 -376 ) (1040 3072 -376 ) (1040 3184 -376 ) (1296 3184 -376 ) 
4 139 142 (1040 3184 -376 ) (1040 3072 -376 ) (1040 3072 -256 ) (1040 3184 -256 ) 
4 140 172 (1024 4096 -352 ) (1024 4096 -376 ) (1024 3808 -376 ) (1024 3808 -352 ) 
4 140 174 (1024 3808 -376 ) (1024 3720 -376 ) (1024 3720 -352 ) (1024 3808 -352 ) 
4 140 159 (1024 4096 -128 ) (1024 4096 -352 ) (1024 3720 -352 ) (1024 3720 -128 ) 
4 140 154 (1024 4096 256 ) (1024 4096 0 ) (1024 3720 0 ) (1024 3720 256 ) 
4 140 152 (1024 4096 464 ) (1024 4096 384 ) (1024 3720 384 ) (1024 3720 464 ) 
4 140 149 (1024 3720 -376 ) (1024 4096 -376 ) (1040 4096 -376 ) (1040 3720 -376 ) 
4 140 141 (1040 3720 -128 ) (1040 3720 464 ) (1024 3720 464 ) (1024 3720 -128 ) 
4 141 154 (1024 3640 0 ) (1024 3640 256 ) (1024 3720 256 ) (1024 3720 0 ) 
4 141 153 (1024 3640 256 ) (1024 3640 384 ) (1024 3672 384 ) (1024 3672 256 ) 
4 141 152 (1024 3640 384 ) (1024 3640 464 ) (1024 3720 464 ) (1024 3720 384 ) 
4 141 142 (1040 3640 -128 ) (1040 3640 464 ) (1024 3640 464 ) (1024 3640 -128 ) 
4 142 217 (1024 3072 -352 ) (1024 3072 -376 ) (1040 3072 -376 ) (1040 3072 -352 ) 
4 142 210 (1024 3072 -128 ) (1024 3072 -192 ) (1040 3072 -192 ) (1040 3072 -128 ) 
4 142 209 (1024 3072 464 ) (1024 3072 -128 ) (1040 3072 -128 ) (1040 3072 464 ) 
4 142 212 (1024 3072 -192 ) (1024 3072 -352 ) (1040 3072 -352 ) (1040 3072 -192 ) 
4 142 174 (1024 3640 -376 ) (1024 3072 -376 ) (1024 3072 -352 ) (1024 3640 -352 ) 
4 142 159 (1024 3072 -352 ) (1024 3072 -128 ) (1024 3640 -128 ) (1024 3640 -352 ) 
4 142 154 (1024 3072 0 ) (1024 3072 256 ) (1024 3640 256 ) (1024 3640 0 ) 
4 142 153 (1024 3072 256 ) (1024 3072 384 ) (1024 3640 384 ) (1024 3640 256 ) 
4 142 152 (1024 3072 384 ) (1024 3072 464 ) (1024 3640 464 ) (1024 3640 384 ) 
4 142 150 (1040 3072 -376 ) (1024 3072 -376 ) (1024 3640 -376 ) (1040 3640 -376 ) 
4 143 144 (1648 4096 -432 ) (2048 3696 -432 ) (2048 3696 -376 ) (1648 4096 -376 ) 
4 144 146 (1504 3240 -400 ) (1504 3240 -432 ) (2048 3240 -432 ) (2048 3240 -400 ) 
4 144 145 (1504 3240 -376 ) (1504 3240 -400 ) (2048 3240 -400 ) (2048 3240 -376 ) 
4 144 147 (1504 4096 -432 ) (1504 3240 -432 ) (1504 3240 -376 ) (1504 4096 -376 ) 
4 145 224 (2048 3072 -400 ) (2048 3072 -376 ) (1504 3072 -376 ) (1504 3072 -400 ) 
4 145 147 (1504 3072 -400 ) (1504 3072 -376 ) (1504 3240 -376 ) (1504 3240 -400 ) 
4 145 146 (1504 3072 -400 ) (1504 3240 -400 ) (2048 3240 -400 ) (2048 3072 -400 ) 
4 146 242 (2048 3072 -432 ) (2048 3072 -400 ) (1504 3072 -400 ) (1504 3072 -432 ) 
4 146 147 (1504 3240 -432 ) (1504 3072 -432 ) (1504 3072 -400 ) (1504 3240 -400 ) 
4 147 242 (1312 3072 -400 ) (1312 3072 -432 ) (1504 3072 -432 ) (1504 3072 -400 ) 
4 147 225 (1504 3072 -376 ) (1312 3072 -376 ) (1312 3072 -400 ) (1504 3072 -400 ) 
4 147 151 (1312 4096 -384 ) (1312 4096 -432 ) (1312 3072 -432 ) (1312 3072 -384 ) 
4 147 148 (1312 3072 -376 ) (1312 4096 -376 ) (1312 4096 -384 ) (1312 3072 -384 ) 
4 148 227 (1104 3072 -376 ) (1048 3072 -376 ) (1048 3072 -384 ) (1104 3072 -384 ) 
4 148 226 (1312 3072 -384 ) (1312 3072 -376 ) (1104 3072 -376 ) (1104 3072 -384 ) 
4 148 229 (1048 3072 -376 ) (1040 3072 -376 ) (1040 3072 -384 ) (1048 3072 -384 ) 
4 148 151 (1040 4096 -384 ) (1312 4096 -384 ) (1312 3072 -384 ) (1040 3072 -384 ) 
4 148 149 (1040 4096 -384 ) (1040 3720 -384 ) (1040 3720 -376 ) (1040 4096 -376 ) 
4 148 150 (1040 3640 -384 ) (1040 3072 -384 ) (1040 3072 -376 ) (1040 3640 -376 ) 
4 149 172 (1024 4096 -376 ) (1024 4096 -384 ) (1024 3808 -384 ) (1024 3808 -376 ) 
4 149 174 (1024 3808 -384 ) (1024 3720 -384 ) (1024 3720 -376 ) (1024 3808 -376 ) 
4 149 151 (1024 4096 -384 ) (1040 4096 -384 ) (1040 3720 -384 ) (1024 3720 -384 ) 
4 150 238 (1040 3072 -376 ) (1024 3072 -376 ) (1024 3072 -384 ) (1040 3072 -384 ) 
4 150 174 (1024 3640 -384 ) (1024 3072 -384 ) (1024 3072 -376 ) (1024 3640 -376 ) 
4 150 151 (1040 3640 -384 ) (1040 3072 -384 ) (1024 3072 -384 ) (1024 3640 -384 ) 
4 151 243 (1312 3072 -432 ) (1312 3072 -400 ) (1024 3072 -400 ) (1024 3072 -432 ) 
4 151 240 (1040 3072 -384 ) (1024 3072 -384 ) (1024 3072 -400 ) (1040 3072 -400 ) 
4 151 227 (1104 3072 -384 ) (1048 3072 -384 ) (1048 3072 -400 ) (1104 3072 -400 ) 
4 151 226 (1312 3072 -400 ) (1312 3072 -384 ) (1104 3072 -384 ) (1104 3072 -400 ) 
4 151 229 (1048 3072 -384 ) (1040 3072 -384 ) (1040 3072 -400 ) (1048 3072 -400 ) 
4 151 181 (1024 4096 -424 ) (1024 4096 -432 ) (1024 3072 -432 ) (1024 3072 -424 ) 
4 152 248 (1024 3072 384 ) (1024 3072 464 ) (432 3072 464 ) (432 3072 384 ) 
4 152 169 (432 3640 464 ) (432 3720 464 ) (432 3720 384 ) (432 3640 384 ) 
4 152 168 (432 3720 464 ) (432 4096 464 ) (432 4096 384 ) (432 3720 384 ) 
4 152 170 (432 3072 384 ) (432 3072 464 ) (432 3640 464 ) (432 3640 384 ) 
4 152 153 (1024 3072 384 ) (432 3072 384 ) (432 3672 384 ) (1024 3672 384 ) 
4 153 248 (1024 3072 256 ) (1024 3072 384 ) (432 3072 384 ) (432 3072 256 ) 
4 153 169 (432 3640 384 ) (432 3672 384 ) (432 3672 256 ) (432 3640 256 ) 
4 153 170 (432 3072 256 ) (432 3072 384 ) (432 3640 384 ) (432 3640 256 ) 
3 153 158 (717.948792 3672 256 ) (720 3672 256 ) (720 3669.647217 256 ) 
5 153 157 (432 3072 256 ) (432 3672 256 ) (717.948792 3672 256 ) (720 3669.647217 256 ) (720 3072 256 ) 
4 153 154 (720 3672 256 ) (1024 3672 256 ) (1024 3072 256 ) (720 3072 256 ) 
4 154 248 (1024 3072 0 ) (1024 3072 256 ) (720 3072 256 ) (720 3072 0 ) 
4 154 158 (720 3696 0 ) (720 3669.647217 0 ) (720 3669.647217 256 ) (720 3696 256 ) 
4 154 157 (720 3669.647217 0 ) (720 3072 0 ) (720 3072 256 ) (720 3669.647217 256 ) 
6 154 156 (720 4096 0 ) (720 3824 0 ) (720 3760 64 ) (720 3824 192 ) (720 3952 256 ) (720 4096 256 ) 
6 155 168 (432 3952 256 ) (432 4000 256 ) (432 4000 0 ) (432 3824 0 ) (432 3760 64 ) (432 3824 192 ) 
6 155 156 (641.228577 3760 64 ) (585.433594 3824 0 ) (432 3999.997559 0 ) (432 4000 256 ) (473.845703 3952 256 ) (585.434753 3824 192 ) 
4 156 168 (432 4000 256 ) (432 4096 256 ) (432 4096 0 ) (432 4000 0 ) 
4 157 248 (720 3072 256 ) (432 3072 256 ) (432 3072 0 ) (720 3072 0 ) 
4 157 169 (432 3640 256 ) (432 3696 256 ) (432 3696 0 ) (432 3640 0 ) 
4 157 170 (432 3072 0 ) (432 3072 256 ) (432 3640 256 ) (432 3640 0 ) 
4 157 158 (720 3669.644531 256 ) (720 3669.644531 0 ) (697.023438 3696 0 ) (697.023438 3696 256 ) 
4 159 254 (1024 3072 -352 ) (1024 3072 -192 ) (732 3072 -192 ) (732 3072 -352 ) 
4 159 251 (1024 3072 -192 ) (1024 3072 -128 ) (732 3072 -128 ) (732 3072 -192 ) 
4 159 172 (732 3808 -352 ) (732 4096 -352 ) (1024 4096 -352 ) (1024 3808 -352 ) 
4 159 174 (1024 3072 -352 ) (732 3072 -352 ) (732 3808 -352 ) (1024 3808 -352 ) 
4 159 163 (732 3104 -256 ) (732 3360 -256 ) (732 3360 -320 ) (732 3104 -320 ) 
4 159 164 (732 3552 -352 ) (732 3072 -352 ) (732 3072 -320 ) (732 3552 -320 ) 
4 159 161 (732 4096 -352 ) (732 4000 -352 ) (732 4000 -256 ) (732 4096 -256 ) 
4 159 162 (732 3808 -352 ) (732 3552 -352 ) (732 3552 -256 ) (732 3808 -256 ) 
4 159 160 (732 3072 -256 ) (732 3072 -128 ) (732 4096 -128 ) (732 4096 -256 ) 
4 160 255 (724 3072 -192 ) (724 3072 -256 ) (732 3072 -256 ) (732 3072 -192 ) 
4 160 251 (732 3072 -128 ) (724 3072 -128 ) (724 3072 -192 ) (732 3072 -192 ) 
4 160 166 (724 3072 -256 ) (724 3072 -128 ) (724 3665.058838 -128 ) (724 3665.058838 -256 ) 
4 160 167 (724 3665.058838 -128 ) (724 4096 -128 ) (724 4096 -256 ) (724 3665.058838 -256 ) 
4 160 163 (724 3104 -256 ) (724 3360 -256 ) (732 3360 -256 ) (732 3104 -256 ) 
4 160 161 (724 4000 -256 ) (724 4096 -256 ) (732 4096 -256 ) (732 4000 -256 ) 
4 160 162 (724 3552 -256 ) (724 3808 -256 ) (732 3808 -256 ) (732 3552 -256 ) 
4 161 173 (724 4000 -352 ) (724 4096 -352 ) (732 4096 -352 ) (732 4000 -352 ) 
4 161 167 (724 4096 -352 ) (724 4000 -352 ) (724 4000 -256 ) (724 4096 -256 ) 
4 162 174 (724 3552 -352 ) (724 3808 -352 ) (732 3808 -352 ) (732 3552 -352 ) 
4 162 166 (724 3665.058838 -352 ) (724 3552 -352 ) (724 3552 -256 ) (724 3665.058838 -256 ) 
4 162 167 (724 3808 -352 ) (724 3665.058838 -352 ) (724 3665.058838 -256 ) (724 3808 -256 ) 
4 162 164 (732 3552 -352 ) (732 3552 -320 ) (724 3552 -320 ) (724 3552 -352 ) 
4 163 166 (724 3104 -256 ) (724 3360 -256 ) (724 3360 -320 ) (724 3104 -320 ) 
4 163 164 (724 3104 -320 ) (724 3360 -320 ) (732 3360 -320 ) (732 3104 -320 ) 
4 164 256 (724 3072 -320 ) (724 3072 -352 ) (732 3072 -352 ) (732 3072 -320 ) 
4 164 174 (732 3072 -352 ) (724 3072 -352 ) (724 3552 -352 ) (732 3552 -352 ) 
4 164 166 (724 3552 -352 ) (724 3072 -352 ) (724 3072 -320 ) (724 3552 -320 ) 
3 165 175 (432 3358.100098 -352 ) (432 4000 -352 ) (710.953125 3680.024414 -352 ) 
4 165 168 (432 4000 -352 ) (432 3720 -352 ) (432 3720 -128 ) (432 4000 -128 ) 
4 165 170 (432 3640 -352 ) (432 3358.100098 -352 ) (432 3358.100098 -128 ) (432 3640 -128 ) 
4 165 167 (710.953918 3680.025146 -352 ) (432 4000 -352 ) (432 4000 -128 ) (710.953918 3680.025146 -128 ) 
4 165 166 (710.951172 3680.023438 -352 ) (710.951172 3680.023438 -128 ) (432 3358.101562 -128 ) (432 3358.101562 -352 ) 
4 166 258 (432 3072 -192 ) (432 3072 -352 ) (724 3072 -352 ) (724 3072 -192 ) 
4 166 251 (724 3072 -128 ) (432 3072 -128 ) (432 3072 -192 ) (724 3072 -192 ) 
5 166 177 (724 3072 -352 ) (432 3072 -352 ) (432 3358.100098 -352 ) (710.953125 3680.024414 -352 ) (724 3665.058838 -352 ) 
4 166 170 (432 3358.100098 -352 ) (432 3072 -352 ) (432 3072 -128 ) (432 3358.100098 -128 ) 
4 166 167 (724 3665.060547 -128 ) (724 3665.060547 -352 ) (710.953918 3680.025146 -352 ) (710.953918 3680.025146 -128 ) 
5 167 176 (432 4000 -352 ) (432 4096 -352 ) (724 4096 -352 ) (724 3695.081055 -352 ) (710.953125 3680.024414 -352 ) 
3 167 177 (724 3695.081055 -352 ) (724 3665.058838 -352 ) (710.953125 3680.024414 -352 ) 
4 167 168 (432 4096 -352 ) (432 4000 -352 ) (432 4000 -128 ) (432 4096 -128 ) 
4 168 178 (416 3720 -352 ) (416 4096 -352 ) (432 4096 -352 ) (432 3720 -352 ) 
4 168 169 (416 3720 464 ) (416 3720 -128 ) (432 3720 -128 ) (432 3720 464 ) 
4 168 171 (416 4096 -352 ) (416 3720 -352 ) (416 3720 464 ) (416 4096 464 ) 
4 169 171 (416 3640 -128 ) (416 3640 464 ) (416 3720 464 ) (416 3720 -128 ) 
4 169 170 (416 3640 464 ) (416 3640 -128 ) (432 3640 -128 ) (432 3640 464 ) 
4 170 262 (416 3072 -352 ) (432 3072 -352 ) (432 3072 -128 ) (416 3072 -128 ) 
4 170 249 (432 3072 -128 ) (432 3072 464 ) (416 3072 464 ) (416 3072 -128 ) 
4 170 179 (432 3072 -352 ) (416 3072 -352 ) (416 3640 -352 ) (432 3640 -352 ) 
4 170 171 (416 3640 -352 ) (416 3072 -352 ) (416 3072 464 ) (416 3640 464 ) 
4 171 263 (108.102005 3072 -352 ) (416 3072 -352 ) (416 3072 -128 ) (108.102005 3072 -128 ) 
4 171 249 (416 3072 -128 ) (416 3072 464 ) (108.102005 3072 464 ) (108.102005 3072 -128 ) 
4 171 180 (416 3072 -352 ) (108.102005 3072 -352 ) (108.102005 4096 -352 ) (416 4096 -352 ) 
4 172 173 (732 4096 -384 ) (732 4000 -384 ) (732 4000 -352 ) (732 4096 -352 ) 
4 172 174 (732 3808 -384 ) (1024 3808 -384 ) (1024 3808 -352 ) (732 3808 -352 ) 
4 173 176 (724 4096 -384 ) (724 4000 -384 ) (724 4000 -352 ) (724 4096 -352 ) 
4 174 265 (1024 3072 -384 ) (1024 3072 -352 ) (724 3072 -352 ) (724 3072 -384 ) 
4 174 176 (724 3808 -384 ) (724 3695.081055 -384 ) (724 3695.081055 -352 ) (724 3808 -352 ) 
4 174 177 (724 3695.081055 -384 ) (724 3072 -384 ) (724 3072 -352 ) (724 3695.081055 -352 ) 
4 175 178 (432 4000 -384 ) (432 3720 -384 ) (432 3720 -352 ) (432 4000 -352 ) 
4 175 179 (432 3640 -384 ) (432 3358.100098 -384 ) (432 3358.100098 -352 ) (432 3640 -352 ) 
4 175 177 (432 3358.101562 -352 ) (432 3358.101562 -384 ) (710.952698 3680.024902 -384 ) (710.952698 3680.024902 -352 ) 
4 175 176 (710.955078 3680.023438 -352 ) (710.955078 3680.023438 -384 ) (432 4000.001465 -384 ) (432 4000.001465 -352 ) 
4 176 178 (432 4096 -384 ) (432 4000 -384 ) (432 4000 -352 ) (432 4096 -352 ) 
4 176 177 (710.952698 3680.024902 -384 ) (724 3695.082031 -384 ) (724 3695.082031 -352 ) (710.952698 3680.024902 -352 ) 
4 177 265 (724 3072 -352 ) (432 3072 -352 ) (432 3072 -384 ) (724 3072 -384 ) 
4 177 179 (432 3358.100098 -384 ) (432 3072 -384 ) (432 3072 -352 ) (432 3358.100098 -352 ) 
4 178 182 (416 4096 -384 ) (432 4096 -384 ) (432 3720 -384 ) (416 3720 -384 ) 
4 178 180 (416 4096 -384 ) (416 3720 -384 ) (416 3720 -352 ) (416 4096 -352 ) 
4 179 272 (432 3072 -352 ) (416 3072 -352 ) (416 3072 -384 ) (432 3072 -384 ) 
4 179 182 (432 3640 -384 ) (432 3072 -384 ) (416 3072 -384 ) (416 3640 -384 ) 
4 179 180 (416 3640 -384 ) (416 3072 -384 ) (416 3072 -352 ) (416 3640 -352 ) 
4 180 273 (416 3072 -352 ) (108.102005 3072 -352 ) (108.102005 3072 -384 ) (416 3072 -384 ) 
4 180 182 (108.102005 4096 -384 ) (416 4096 -384 ) (416 3072 -384 ) (108.102005 3072 -384 ) 
4 181 275 (1024 3072 -432 ) (1024 3072 -424 ) (432 3072 -424 ) (432 3072 -432 ) 
4 181 182 (432 4096 -432 ) (432 3072 -432 ) (432 3072 -424 ) (432 4096 -424 ) 
4 182 277 (432 3072 -384 ) (108.102005 3072 -384 ) (108.102005 3072 -432 ) (432 3072 -432 ) 
4 183 202 (1312 3072 -256 ) (2048 3072 -256 ) (2048 2400 -256 ) (1312 2400 -256 ) 
4 183 200 (1312 2400 -256 ) (2048 2400 -256 ) (2048 2400 -192 ) (1312 2400 -192 ) 
4 183 199 (2048 2400 -192 ) (2048 2400 464 ) (1312 2400 464 ) (1312 2400 -192 ) 
4 183 184 (1312 3072 -256 ) (1312 2400 -256 ) (1312 2400 464 ) (1312 3072 464 ) 
4 184 203 (1296 3072 -256 ) (1312 3072 -256 ) (1312 2400 -256 ) (1296 2400 -256 ) 
4 184 200 (1296 2400 -256 ) (1312 2400 -256 ) (1312 2400 -192 ) (1296 2400 -192 ) 
4 184 199 (1312 2400 -192 ) (1312 2400 464 ) (1296 2400 464 ) (1296 2400 -192 ) 
4 184 193 (1296 2700 -256 ) (1296 2400 -256 ) (1296 2400 464 ) (1296 2700 464 ) 
4 184 191 (1296 2928 -256 ) (1296 2736 -256 ) (1296 2736 -248 ) (1296 2928 -248 ) 
4 184 190 (1296 2736 -248 ) (1296 2736 464 ) (1296 2928 464 ) (1296 2928 -248 ) 
4 184 192 (1296 2736 -256 ) (1296 2700 -256 ) (1296 2700 464 ) (1296 2736 464 ) 
4 184 188 (1296 3056 -256 ) (1296 2928 -256 ) (1296 2928 -248 ) (1296 3056 -248 ) 
4 184 187 (1296 2928 -248 ) (1296 2928 464 ) (1296 3056 464 ) (1296 3056 -248 ) 
4 184 186 (1296 3072 -256 ) (1296 3056 -256 ) (1296 3056 -248 ) (1296 3072 -248 ) 
4 184 185 (1296 3056 -248 ) (1296 3056 464 ) (1296 3072 464 ) (1296 3072 -248 ) 
4 185 210 (1040 3072 -128 ) (1040 3072 -192 ) (1040 3056 -192 ) (1040 3056 -128 ) 
4 185 209 (1040 3056 464 ) (1040 3072 464 ) (1040 3072 -128 ) (1040 3056 -128 ) 
4 185 212 (1040 3072 -192 ) (1040 3072 -248 ) (1040 3056 -248 ) (1040 3056 -192 ) 
4 185 187 (1296 3056 -248 ) (1296 3056 464 ) (1168 3056 464 ) (1168 3056 -248 ) 
4 185 189 (1168 3056 464 ) (1040 3056 464 ) (1040 3056 -248 ) (1168 3056 -248 ) 
4 185 186 (1296 3056 -248 ) (1040 3056 -248 ) (1040 3072 -248 ) (1296 3072 -248 ) 
4 186 212 (1040 3072 -248 ) (1040 3072 -256 ) (1040 3056 -256 ) (1040 3056 -248 ) 
4 186 204 (1040 3056 -256 ) (1040 3072 -256 ) (1152 3072 -256 ) (1152 3056 -256 ) 
4 186 203 (1152 3072 -256 ) (1296 3072 -256 ) (1296 3056 -256 ) (1152 3056 -256 ) 
4 186 188 (1168 3056 -256 ) (1296 3056 -256 ) (1296 3056 -248 ) (1168 3056 -248 ) 
4 186 189 (1040 3056 -256 ) (1168 3056 -256 ) (1168 3056 -248 ) (1040 3056 -248 ) 
4 187 190 (1296 2928 -248 ) (1296 2928 464 ) (1168 2928 464 ) (1168 2928 -248 ) 
4 187 189 (1168 3056 464 ) (1168 3056 -248 ) (1168 2928 -248 ) (1168 2928 464 ) 
4 187 188 (1296 2928 -248 ) (1168 2928 -248 ) (1168 3056 -248 ) (1296 3056 -248 ) 
4 188 203 (1168 3056 -256 ) (1296 3056 -256 ) (1296 2928 -256 ) (1168 2928 -256 ) 
4 188 191 (1168 2928 -256 ) (1296 2928 -256 ) (1296 2928 -248 ) (1168 2928 -248 ) 
4 188 189 (1168 3056 -248 ) (1168 3056 -256 ) (1168 2928 -256 ) (1168 2928 -248 ) 
4 189 210 (1040 3056 -128 ) (1040 3056 -192 ) (1040 2928 -192 ) (1040 2928 -128 ) 
4 189 209 (1040 2928 464 ) (1040 3056 464 ) (1040 3056 -128 ) (1040 2928 -128 ) 
4 189 212 (1040 3056 -192 ) (1040 3056 -256 ) (1040 2928 -256 ) (1040 2928 -192 ) 
4 189 204 (1040 3040 -256 ) (1040 3056 -256 ) (1152 3056 -256 ) (1152 3040 -256 ) 
4 189 205 (1040 2928 -256 ) (1040 2944 -256 ) (1152 2944 -256 ) (1152 2928 -256 ) 
4 189 203 (1152 3056 -256 ) (1168 3056 -256 ) (1168 2928 -256 ) (1152 2928 -256 ) 
4 189 191 (1040 2928 -256 ) (1168 2928 -256 ) (1168 2928 -248 ) (1040 2928 -248 ) 
4 189 190 (1168 2928 -248 ) (1168 2928 464 ) (1040 2928 464 ) (1040 2928 -248 ) 
4 190 210 (1040 2928 -128 ) (1040 2928 -192 ) (1040 2736 -192 ) (1040 2736 -128 ) 
4 190 209 (1040 2736 464 ) (1040 2928 464 ) (1040 2928 -128 ) (1040 2736 -128 ) 
4 190 212 (1040 2928 -192 ) (1040 2928 -248 ) (1040 2736 -248 ) (1040 2736 -192 ) 
4 190 192 (1296 2736 -248 ) (1296 2736 464 ) (1040 2736 464 ) (1040 2736 -248 ) 
4 190 191 (1296 2736 -248 ) (1040 2736 -248 ) (1040 2928 -248 ) (1296 2928 -248 ) 
4 191 212 (1040 2928 -248 ) (1040 2928 -256 ) (1040 2736 -256 ) (1040 2736 -248 ) 
4 191 205 (1040 2736 -256 ) (1040 2928 -256 ) (1152 2928 -256 ) (1152 2736 -256 ) 
4 191 203 (1152 2928 -256 ) (1296 2928 -256 ) (1296 2736 -256 ) (1152 2736 -256 ) 
4 191 192 (1040 2736 -256 ) (1296 2736 -256 ) (1296 2736 -248 ) (1040 2736 -248 ) 
4 192 210 (1040 2736 -128 ) (1040 2736 -192 ) (1040 2700 -192 ) (1040 2700 -128 ) 
4 192 209 (1040 2700 464 ) (1040 2736 464 ) (1040 2736 -128 ) (1040 2700 -128 ) 
4 192 212 (1040 2736 -192 ) (1040 2736 -256 ) (1040 2700 -256 ) (1040 2700 -192 ) 
4 192 205 (1040 2700 -256 ) (1040 2736 -256 ) (1152 2736 -256 ) (1152 2700 -256 ) 
4 192 203 (1152 2736 -256 ) (1296 2736 -256 ) (1296 2700 -256 ) (1152 2700 -256 ) 
4 192 195 (1196 2700 -252 ) (1196 2700 -212 ) (1192 2700 -212 ) (1192 2700 -252 ) 
4 192 194 (1196 2700 -212 ) (1196 2700 464 ) (1192 2700 464 ) (1192 2700 -212 ) 
4 192 196 (1192 2700 -256 ) (1196 2700 -256 ) (1196 2700 -252 ) (1192 2700 -252 ) 
4 192 193 (1196 2700 -256 ) (1296 2700 -256 ) (1296 2700 464 ) (1196 2700 464 ) 
4 192 198 (1040 2700 -256 ) (1192 2700 -256 ) (1192 2700 464 ) (1040 2700 464 ) 
4 193 203 (1196 2700 -256 ) (1296 2700 -256 ) (1296 2400 -256 ) (1196 2400 -256 ) 
4 193 199 (1296 2400 -192 ) (1296 2400 464 ) (1196 2400 464 ) (1196 2400 -192 ) 
4 193 195 (1196 2700 -212 ) (1196 2700 -252 ) (1196 2660 -252 ) (1196 2660 -212 ) 
4 193 194 (1196 2700 464 ) (1196 2700 -212 ) (1196 2660 -212 ) (1196 2660 464 ) 
4 193 196 (1196 2700 -252 ) (1196 2700 -256 ) (1196 2660 -256 ) (1196 2660 -252 ) 
4 193 197 (1196 2660 -256 ) (1196 2400 -256 ) (1196 2400 464 ) (1196 2660 464 ) 
4 194 198 (1192 2700 464 ) (1192 2700 -212 ) (1192 2660 -212 ) (1192 2660 464 ) 
4 194 197 (1192 2660 464 ) (1192 2660 -212 ) (1196 2660 -212 ) (1196 2660 464 ) 
4 194 195 (1196 2660 -212 ) (1192 2660 -212 ) (1192 2700 -212 ) (1196 2700 -212 ) 
4 195 196 (1196 2660 -252 ) (1192 2660 -252 ) (1192 2700 -252 ) (1196 2700 -252 ) 
4 195 198 (1192 2700 -212 ) (1192 2700 -252 ) (1192 2660 -252 ) (1192 2660 -212 ) 
4 195 197 (1192 2660 -212 ) (1192 2660 -252 ) (1196 2660 -252 ) (1196 2660 -212 ) 
4 196 203 (1192 2700 -256 ) (1196 2700 -256 ) (1196 2660 -256 ) (1192 2660 -256 ) 
4 196 197 (1192 2660 -252 ) (1192 2660 -256 ) (1196 2660 -256 ) (1196 2660 -252 ) 
4 196 198 (1192 2700 -252 ) (1192 2700 -256 ) (1192 2660 -256 ) (1192 2660 -252 ) 
4 197 203 (1196 2660 -256 ) (1196 2400 -256 ) (1192 2400 -256 ) (1192 2660 -256 ) 
4 197 199 (1196 2400 -192 ) (1196 2400 464 ) (1192 2400 464 ) (1192 2400 -192 ) 
4 197 198 (1192 2660 -256 ) (1192 2400 -256 ) (1192 2400 464 ) (1192 2660 464 ) 
4 198 210 (1040 2700 -128 ) (1040 2700 -192 ) (1040 2656 -192 ) (1040 2656 -128 ) 
4 198 209 (1040 2400 464 ) (1040 2700 464 ) (1040 2700 -128 ) (1040 2400 -128 ) 
4 198 212 (1040 2700 -192 ) (1040 2700 -256 ) (1040 2400 -256 ) (1040 2400 -192 ) 
4 198 205 (1040 2400 -256 ) (1040 2700 -256 ) (1152 2700 -256 ) (1152 2400 -256 ) 
4 198 203 (1152 2700 -256 ) (1192 2700 -256 ) (1192 2400 -256 ) (1152 2400 -256 ) 
4 198 199 (1192 2400 -192 ) (1192 2400 464 ) (1040 2400 464 ) (1040 2400 -192 ) 
4 199 211 (1040 2400 -128 ) (1040 2400 -192 ) (1040 2384 -192 ) (1040 2384 -128 ) 
4 199 209 (1040 2384 464 ) (1040 2400 464 ) (1040 2400 -128 ) (1040 2384 -128 ) 
4 199 200 (2048 2384 -192 ) (1312 2384 -192 ) (1296 2400 -192 ) (2048 2400 -192 ) 
4 199 201 (2048 2384 -192 ) (2048 2384 464 ) (1040 2384 464 ) (1040 2384 -192 ) 
4 200 206 (1296 2400 -256 ) (2048 2400 -256 ) (2048 2384 -256 ) (1312 2384 -256 ) 
4 200 201 (1312 2384 -256 ) (2048 2384 -256 ) (2048 2384 -192 ) (1312 2384 -192 ) 
4 201 211 (1040 2384 -128 ) (1040 2384 -192 ) (1040 2176.729980 -192 ) (1040 2176.729980 -128 ) 
4 201 209 (1040 2176.729980 464 ) (1040 2384 464 ) (1040 2384 -128 ) (1040 2176.729980 -128 ) 
4 201 212 (1040 2384 -192 ) (1040 2384 -256 ) (1040 2176.729980 -256 ) (1040 2176.729980 -192 ) 
4 201 208 (1040 2176.729980 -256 ) (1040 2368 -256 ) (2048 2368 -256 ) (2048 2176.729980 -256 ) 
4 201 207 (1040 2368 -256 ) (1040 2384 -256 ) (1376 2384 -256 ) (1376 2368 -256 ) 
4 202 213 (1312 3072 -352 ) (2048 3072 -352 ) (2048 2400 -352 ) (1312 2400 -352 ) 
4 202 206 (2048 2400 -256 ) (1312 2400 -256 ) (1312 2400 -352 ) (2048 2400 -352 ) 
4 202 203 (1312 3072 -352 ) (1312 2400 -352 ) (1312 2400 -256 ) (1312 3072 -256 ) 
4 203 214 (1152 3072 -352 ) (1312 3072 -352 ) (1312 2400 -352 ) (1152 2400 -352 ) 
4 203 206 (1312 2400 -256 ) (1296 2400 -256 ) (1296 2400 -352 ) (1312 2400 -352 ) 
4 203 204 (1152 3072 -352 ) (1152 3040 -352 ) (1152 3040 -256 ) (1152 3072 -256 ) 
4 203 205 (1152 2944 -352 ) (1152 2400 -352 ) (1152 2400 -256 ) (1152 2944 -256 ) 
4 204 215 (1040 3072 -352 ) (1152 3072 -352 ) (1152 3040 -352 ) (1040 3040 -352 ) 
4 204 212 (1040 3072 -352 ) (1040 3040 -352 ) (1040 3040 -256 ) (1040 3072 -256 ) 
4 205 216 (1152 2944 -352 ) (1152 2400 -352 ) (1040 2400 -352 ) (1040 2944 -352 ) 
4 205 212 (1040 2944 -352 ) (1040 2400 -352 ) (1040 2400 -256 ) (1040 2944 -256 ) 
4 206 220 (2048 2400 -352 ) (2048 2384 -352 ) (1312 2384 -352 ) (1296 2400 -352 ) 
4 206 207 (1376 2384 -256 ) (1312 2384 -256 ) (1312 2384 -352 ) (1376 2384 -352 ) 
4 207 222 (1376 2368 -352 ) (1040 2368 -352 ) (1040 2384 -352 ) (1376 2384 -352 ) 
4 207 212 (1040 2384 -352 ) (1040 2368 -352 ) (1040 2368 -256 ) (1040 2384 -256 ) 
4 207 208 (1376 2368 -256 ) (1040 2368 -256 ) (1040 2368 -352 ) (1376 2368 -352 ) 
4 208 223 (2048 2368 -352 ) (2048 2176.729980 -352 ) (1040 2176.729980 -352 ) (1040 2368 -352 ) 
4 208 212 (1040 2368 -352 ) (1040 2176.729980 -352 ) (1040 2176.729980 -256 ) (1040 2368 -256 ) 
4 209 250 (1024 2352 -128 ) (1024 2176.729980 -128 ) (1024 2176.729980 464 ) (1024 2352 464 ) 
4 209 248 (1024 3072 464 ) (1024 3072 0 ) (1024 2352 0 ) (1024 2352 464 ) 
4 209 210 (1024 2656 -128 ) (1024 3072 -128 ) (1040 3072 -128 ) (1040 2656 -128 ) 
4 209 211 (1040 2176.729980 -128 ) (1024 2176.729980 -128 ) (1024 2400 -128 ) (1040 2400 -128 ) 
4 210 251 (1024 3072 -128 ) (1024 3072 -192 ) (1024 2656 -192 ) (1024 2656 -128 ) 
4 210 212 (1024 2656 -192 ) (1024 3072 -192 ) (1040 3072 -192 ) (1040 2656 -192 ) 
4 211 264 (1024 2352 -192 ) (1024 2176.729980 -192 ) (1024 2176.729980 -128 ) (1024 2352 -128 ) 
4 211 261 (1024 2356 -192 ) (1024 2352 -192 ) (1024 2352 -128 ) (1024 2356 -128 ) 
4 211 259 (1024 2368 -192 ) (1024 2356 -192 ) (1024 2356 -128 ) (1024 2368 -128 ) 
4 211 253 (1024 2400 -192 ) (1024 2368 -192 ) (1024 2368 -128 ) (1024 2400 -128 ) 
4 211 212 (1040 2176.729980 -192 ) (1024 2176.729980 -192 ) (1024 2400 -192 ) (1040 2400 -192 ) 
4 212 264 (1024 2352 -352 ) (1024 2176.729980 -352 ) (1024 2176.729980 -192 ) (1024 2352 -192 ) 
4 212 261 (1024 2356 -352 ) (1024 2352 -352 ) (1024 2352 -192 ) (1024 2356 -192 ) 
4 212 259 (1024 2368 -352 ) (1024 2356 -352 ) (1024 2356 -192 ) (1024 2368 -192 ) 
4 212 254 (1024 3072 -192 ) (1024 3072 -352 ) (1024 2368 -352 ) (1024 2368 -192 ) 
4 212 223 (1024 2176.729980 -352 ) (1024 2368 -352 ) (1040 2368 -352 ) (1040 2176.729980 -352 ) 
4 212 222 (1024 2368 -352 ) (1024 2384 -352 ) (1040 2384 -352 ) (1040 2368 -352 ) 
4 212 221 (1024 2384 -352 ) (1024 2400 -352 ) (1040 2400 -352 ) (1040 2384 -352 ) 
4 212 218 (1024 2976 -352 ) (1024 3040 -352 ) (1040 3040 -352 ) (1040 2976 -352 ) 
4 212 217 (1024 3040 -352 ) (1024 3072 -352 ) (1040 3072 -352 ) (1040 3040 -352 ) 
4 212 219 (1024 2400 -352 ) (1024 2976 -352 ) (1040 2976 -352 ) (1040 2400 -352 ) 
4 213 225 (1312 3072 -376 ) (1504 3072 -376 ) (1504 2400 -376 ) (1312 2400 -376 ) 
4 213 224 (1504 3072 -376 ) (2048 3072 -376 ) (2048 2400 -376 ) (1504 2400 -376 ) 
4 213 220 (1312 2400 -376 ) (2048 2400 -376 ) (2048 2400 -352 ) (1312 2400 -352 ) 
4 213 214 (1312 3072 -376 ) (1312 2400 -376 ) (1312 2400 -352 ) (1312 3072 -352 ) 
4 214 231 (1312 2944 -376 ) (1312 2400 -376 ) (1152 2400 -376 ) (1152 2944 -376 ) 
4 214 230 (1312 3040 -376 ) (1312 2944 -376 ) (1152 2944 -376 ) (1152 3040 -376 ) 
4 214 226 (1152 3072 -376 ) (1312 3072 -376 ) (1312 3040 -376 ) (1152 3040 -376 ) 
4 214 220 (1296 2400 -376 ) (1312 2400 -376 ) (1312 2400 -352 ) (1296 2400 -352 ) 
4 214 215 (1152 3072 -376 ) (1152 3040 -376 ) (1152 3040 -352 ) (1152 3072 -352 ) 
4 214 216 (1152 2944 -376 ) (1152 2400 -376 ) (1152 2400 -352 ) (1152 2944 -352 ) 
4 215 228 (1104 3056 -376 ) (1104 3040 -376 ) (1048 3040 -376 ) (1048 3056 -376 ) 
4 215 227 (1048 3072 -376 ) (1104 3072 -376 ) (1104 3056 -376 ) (1048 3056 -376 ) 
4 215 226 (1104 3072 -376 ) (1152 3072 -376 ) (1152 3040 -376 ) (1104 3040 -376 ) 
4 215 229 (1040 3072 -376 ) (1048 3072 -376 ) (1048 3040 -376 ) (1040 3040 -376 ) 
4 215 217 (1040 3072 -376 ) (1040 3040 -376 ) (1040 3040 -352 ) (1040 3072 -352 ) 
4 216 231 (1152 2944 -376 ) (1152 2400 -376 ) (1040 2400 -376 ) (1040 2944 -376 ) 
4 216 219 (1040 2944 -376 ) (1040 2400 -376 ) (1040 2400 -352 ) (1040 2944 -352 ) 
4 217 265 (1024 3072 -352 ) (1024 3072 -376 ) (1024 3040 -376 ) (1024 3040 -352 ) 
4 217 238 (1024 3040 -376 ) (1024 3072 -376 ) (1040 3072 -376 ) (1040 3040 -376 ) 
4 217 218 (1024 3040 -376 ) (1040 3040 -376 ) (1040 3040 -352 ) (1024 3040 -352 ) 
4 218 265 (1024 3040 -376 ) (1024 2976 -376 ) (1024 2976 -352 ) (1024 3040 -352 ) 
4 218 239 (1024 2976 -376 ) (1024 3040 -376 ) (1040 3040 -376 ) (1040 2976 -376 ) 
4 218 219 (1024 2976 -376 ) (1040 2976 -376 ) (1040 2976 -352 ) (1024 2976 -352 ) 
4 219 265 (1024 2976 -376 ) (1024 2400 -376 ) (1024 2400 -352 ) (1024 2976 -352 ) 
4 219 241 (1024 2400 -376 ) (1024 2976 -376 ) (1040 2976 -376 ) (1040 2400 -376 ) 
4 219 221 (1024 2400 -376 ) (1040 2400 -376 ) (1040 2400 -352 ) (1024 2400 -352 ) 
3 220 232 (1296 2400 -376 ) (1312 2400 -376 ) (1312 2384 -376 ) 
4 220 225 (1312 2400 -376 ) (1504 2400 -376 ) (1504 2384 -376 ) (1312 2384 -376 ) 
4 220 224 (1504 2400 -376 ) (2048 2400 -376 ) (2048 2384 -376 ) (1504 2384 -376 ) 
4 220 222 (1312 2384 -376 ) (1376 2384 -376 ) (1376 2384 -352 ) (1312 2384 -352 ) 
4 221 265 (1024 2400 -376 ) (1024 2384 -376 ) (1024 2384 -352 ) (1024 2400 -352 ) 
4 221 241 (1024 2384 -376 ) (1024 2400 -376 ) (1040 2400 -376 ) (1040 2384 -376 ) 
4 221 222 (1024 2384 -376 ) (1040 2384 -376 ) (1040 2384 -352 ) (1024 2384 -352 ) 
4 222 265 (1024 2384 -376 ) (1024 2368 -376 ) (1024 2368 -352 ) (1024 2384 -352 ) 
4 222 241 (1024 2368 -376 ) (1024 2384 -376 ) (1040 2384 -376 ) (1040 2368 -376 ) 
4 222 237 (1040 2384 -376 ) (1376 2384 -376 ) (1376 2368 -376 ) (1040 2368 -376 ) 
4 222 223 (1024 2368 -376 ) (1376 2368 -376 ) (1376 2368 -352 ) (1024 2368 -352 ) 
4 223 271 (1024 2352 -376 ) (1024 2176.729980 -376 ) (1024 2176.729980 -352 ) (1024 2352 -352 ) 
4 223 270 (1024 2356 -376 ) (1024 2352 -376 ) (1024 2352 -352 ) (1024 2356 -352 ) 
4 223 267 (1024 2364 -376 ) (1024 2356 -376 ) (1024 2356 -352 ) (1024 2364 -352 ) 
4 223 266 (1024 2368 -376 ) (1024 2364 -376 ) (1024 2364 -352 ) (1024 2368 -352 ) 
4 223 241 (1024 2176.729980 -376 ) (1024 2368 -376 ) (1040 2368 -376 ) (1040 2176.729980 -376 ) 
4 223 236 (1376 2368 -376 ) (2048 2368 -376 ) (2048 2176.729980 -376 ) (1376 2176.729980 -376 ) 
4 223 237 (1040 2368 -376 ) (1376 2368 -376 ) (1376 2176.729980 -376 ) (1040 2176.729980 -376 ) 
4 224 244 (2048 2400 -400 ) (2048 2384 -400 ) (1952 2384 -400 ) (1952 2400 -400 ) 
4 224 247 (1696 2384 -400 ) (1504 2384 -400 ) (1504 2400 -400 ) (1696 2400 -400 ) 
4 224 242 (1504 3072 -400 ) (2048 3072 -400 ) (2048 2400 -400 ) (1504 2400 -400 ) 
4 224 225 (1504 3072 -400 ) (1504 2384 -400 ) (1504 2384 -376 ) (1504 3072 -376 ) 
4 225 247 (1504 2400 -400 ) (1504 2384 -400 ) (1312 2384 -400 ) (1312 2400 -400 ) 
4 225 242 (1312 3072 -400 ) (1504 3072 -400 ) (1504 2400 -400 ) (1312 2400 -400 ) 
4 225 237 (1312 2384 -400 ) (1376 2384 -400 ) (1376 2384 -376 ) (1312 2384 -376 ) 
4 225 233 (1312 2944 -400 ) (1312 2868 -400 ) (1312 2868 -384 ) (1312 2944 -384 ) 
4 225 234 (1312 2764 -400 ) (1312 2384 -400 ) (1312 2384 -384 ) (1312 2764 -384 ) 
4 225 232 (1312 2384 -384 ) (1312 2384 -376 ) (1312 2400 -376 ) (1312 2400 -384 ) 
4 225 231 (1312 2400 -376 ) (1312 2944 -376 ) (1312 2944 -384 ) (1312 2400 -384 ) 
4 225 230 (1312 3040 -400 ) (1312 2944 -400 ) (1312 2944 -376 ) (1312 3040 -376 ) 
4 225 226 (1312 3072 -400 ) (1312 3040 -400 ) (1312 3040 -376 ) (1312 3072 -376 ) 
4 226 243 (1104 3072 -400 ) (1312 3072 -400 ) (1312 3040 -400 ) (1104 3040 -400 ) 
4 226 230 (1152 3040 -400 ) (1312 3040 -400 ) (1312 3040 -376 ) (1152 3040 -376 ) 
4 226 228 (1104 3040 -384 ) (1104 3040 -376 ) (1104 3056 -376 ) (1104 3056 -384 ) 
4 226 227 (1104 3072 -400 ) (1104 3056 -400 ) (1104 3056 -376 ) (1104 3072 -376 ) 
4 227 243 (1048 3072 -400 ) (1104 3072 -400 ) (1104 3056 -400 ) (1048 3056 -400 ) 
4 227 228 (1048 3056 -376 ) (1048 3056 -384 ) (1104 3056 -384 ) (1104 3056 -376 ) 
4 227 229 (1048 3072 -400 ) (1048 3056 -400 ) (1048 3056 -376 ) (1048 3072 -376 ) 
4 228 229 (1048 3040 -384 ) (1048 3040 -376 ) (1048 3056 -376 ) (1048 3056 -384 ) 
4 229 243 (1040 3072 -400 ) (1048 3072 -400 ) (1048 3040 -400 ) (1040 3040 -400 ) 
4 229 240 (1040 3072 -400 ) (1040 3040 -400 ) (1040 3040 -384 ) (1040 3072 -384 ) 
4 229 238 (1040 3040 -384 ) (1040 3040 -376 ) (1040 3072 -376 ) (1040 3072 -384 ) 
4 230 243 (1312 3040 -400 ) (1312 2944 -400 ) (1152 2944 -400 ) (1152 3040 -400 ) 
4 230 233 (1296 2944 -400 ) (1312 2944 -400 ) (1312 2944 -384 ) (1296 2944 -384 ) 
4 230 235 (1152 2944 -400 ) (1296 2944 -400 ) (1296 2944 -384 ) (1152 2944 -384 ) 
4 230 231 (1312 2944 -384 ) (1312 2944 -376 ) (1152 2944 -376 ) (1152 2944 -384 ) 
4 231 241 (1040 2400 -376 ) (1040 2944 -376 ) (1040 2944 -384 ) (1040 2400 -384 ) 
4 231 233 (1296 2944 -384 ) (1312 2944 -384 ) (1312 2868 -384 ) (1296 2868 -384 ) 
4 231 234 (1312 2764 -384 ) (1312 2400 -384 ) (1296 2400 -384 ) (1296 2764 -384 ) 
4 231 235 (1040 2944 -384 ) (1296 2944 -384 ) (1296 2400 -384 ) (1040 2400 -384 ) 
4 231 232 (1296 2400 -384 ) (1312 2400 -384 ) (1312 2400 -376 ) (1296 2400 -376 ) 
3 232 234 (1312 2400 -384 ) (1312 2384 -384 ) (1296 2400 -384 ) 
4 233 243 (1312 2944 -400 ) (1312 2868 -400 ) (1296 2868 -400 ) (1296 2944 -400 ) 
4 233 235 (1296 2868 -384 ) (1296 2944 -384 ) (1296 2944 -400 ) (1296 2868 -400 ) 
4 234 247 (1312 2400 -400 ) (1312 2384 -400 ) (1296 2384 -400 ) (1296 2400 -400 ) 
4 234 243 (1312 2764 -400 ) (1312 2400 -400 ) (1296 2400 -400 ) (1296 2764 -400 ) 
4 234 237 (1296 2384 -400 ) (1312 2384 -400 ) (1312 2384 -384 ) (1296 2384 -384 ) 
4 234 235 (1296 2384 -400 ) (1296 2384 -384 ) (1296 2764 -384 ) (1296 2764 -400 ) 
4 235 247 (1296 2384 -400 ) (1040 2384 -400 ) (1040 2400 -400 ) (1296 2400 -400 ) 
4 235 243 (1040 2400 -400 ) (1040 2944 -400 ) (1296 2944 -400 ) (1296 2400 -400 ) 
4 235 241 (1040 2944 -400 ) (1040 2384 -400 ) (1040 2384 -384 ) (1040 2944 -384 ) 
4 235 237 (1040 2384 -384 ) (1040 2384 -400 ) (1296 2384 -400 ) (1296 2384 -384 ) 
4 236 246 (1952 2176.729980 -400 ) (1696 2176.729980 -400 ) (1696 2368 -400 ) (1952 2368 -400 ) 
4 236 244 (2048 2368 -400 ) (2048 2176.729980 -400 ) (1952 2176.729980 -400 ) (1952 2368 -400 ) 
4 236 247 (1696 2176.729980 -400 ) (1376 2176.729980 -400 ) (1376 2368 -400 ) (1696 2368 -400 ) 
4 236 237 (1376 2368 -400 ) (1376 2176.729980 -400 ) (1376 2176.729980 -376 ) (1376 2368 -376 ) 
4 237 247 (1376 2176.729980 -400 ) (1040 2176.729980 -400 ) (1040 2384 -400 ) (1376 2384 -400 ) 
4 237 241 (1040 2384 -400 ) (1040 2176.729980 -400 ) (1040 2176.729980 -376 ) (1040 2384 -376 ) 
4 238 265 (1024 3072 -376 ) (1024 3072 -384 ) (1024 3040 -384 ) (1024 3040 -376 ) 
4 238 240 (1024 3040 -384 ) (1024 3072 -384 ) (1040 3072 -384 ) (1040 3040 -384 ) 
4 238 239 (1024 3040 -384 ) (1040 3040 -384 ) (1040 3040 -376 ) (1024 3040 -376 ) 
4 239 265 (1024 3040 -384 ) (1024 2976 -384 ) (1024 2976 -376 ) (1024 3040 -376 ) 
4 239 241 (1040 2976 -384 ) (1040 2976 -376 ) (1024 2976 -376 ) (1024 2976 -384 ) 
4 240 243 (1024 3040 -400 ) (1024 3072 -400 ) (1040 3072 -400 ) (1040 3040 -400 ) 
4 241 276 (1024 2352 -400 ) (1024 2176.729980 -400 ) (1024 2176.729980 -384 ) (1024 2352 -384 ) 
4 241 271 (1024 2176.729980 -384 ) (1024 2176.729980 -376 ) (1024 2352 -376 ) (1024 2352 -384 ) 
4 241 270 (1024 2352 -376 ) (1024 2356 -376 ) (1024 2356 -384 ) (1024 2352 -384 ) 
4 241 267 (1024 2356 -376 ) (1024 2364 -376 ) (1024 2364 -384 ) (1024 2356 -384 ) 
4 241 266 (1024 2364 -376 ) (1024 2368 -376 ) (1024 2368 -384 ) (1024 2364 -384 ) 
4 241 265 (1024 2368 -376 ) (1024 2976 -376 ) (1024 2976 -384 ) (1024 2368 -384 ) 
4 241 247 (1024 2176.729980 -400 ) (1024 2400 -400 ) (1040 2400 -400 ) (1040 2176.729980 -400 ) 
4 241 243 (1024 2400 -400 ) (1024 2976 -400 ) (1040 2976 -400 ) (1040 2400 -400 ) 
4 242 245 (1696 2400 -432 ) (1952 2400 -432 ) (1952 2400 -416 ) (1696 2400 -416 ) 
4 242 244 (1952 2400 -432 ) (2048 2400 -432 ) (2048 2400 -400 ) (1952 2400 -400 ) 
4 242 247 (1312 2400 -432 ) (1696 2400 -432 ) (1696 2400 -400 ) (1312 2400 -400 ) 
4 242 243 (1312 3072 -432 ) (1312 2400 -432 ) (1312 2400 -400 ) (1312 3072 -400 ) 
4 243 275 (1024 3072 -424 ) (1024 3072 -432 ) (1024 2400 -432 ) (1024 2400 -424 ) 
4 243 247 (1024 2400 -432 ) (1312 2400 -432 ) (1312 2400 -400 ) (1024 2400 -400 ) 
4 244 245 (1952 2400 -416 ) (1952 2400 -432 ) (1952 2368 -432 ) (1952 2368 -416 ) 
4 244 246 (1952 2368 -432 ) (1952 2176.729980 -432 ) (1952 2176.729980 -400 ) (1952 2368 -400 ) 
4 245 246 (1696 2368 -416 ) (1696 2368 -432 ) (1952 2368 -432 ) (1952 2368 -416 ) 
4 245 247 (1696 2400 -416 ) (1696 2400 -432 ) (1696 2368 -432 ) (1696 2368 -416 ) 
4 246 247 (1696 2368 -432 ) (1696 2176.729980 -432 ) (1696 2176.729980 -400 ) (1696 2368 -400 ) 
4 247 275 (1024 2400 -432 ) (1024 2352 -432 ) (1024 2352 -424 ) (1024 2400 -424 ) 
4 247 276 (1024 2352 -432 ) (1024 2176.729980 -432 ) (1024 2176.729980 -400 ) (1024 2352 -400 ) 
4 248 250 (1024 2352 0 ) (1024 2352 464 ) (432 2352 464 ) (432 2352 0 ) 
4 248 249 (432 2352 0 ) (432 2352 464 ) (432 3072 464 ) (432 3072 0 ) 
4 249 263 (108.102005 3072 -128 ) (416 3072 -128 ) (416 2352 -128 ) (108.102005 2352 -128 ) 
4 249 262 (416 3072 -128 ) (432 3072 -128 ) (432 2400 -128 ) (416 2400 -128 ) 
4 249 250 (108.102005 2352 464 ) (108.102005 2352 -128 ) (432 2352 -128 ) (432 2352 464 ) 
4 250 264 (1024 2352 -128 ) (1024 2176.729980 -128 ) (108.102005 2176.729980 -128 ) (108.102005 2352 -128 ) 
4 251 262 (432 2656 -128 ) (432 3072 -128 ) (432 3072 -192 ) (432 2656 -192 ) 
4 251 255 (724 3072 -192 ) (732 3072 -192 ) (732 2912 -192 ) (724 2912 -192 ) 
4 251 257 (732 2912 -192 ) (732 2656 -192 ) (724 2656 -192 ) (724 2912 -192 ) 
4 251 254 (732 3072 -192 ) (1024 3072 -192 ) (1024 2656 -192 ) (732 2656 -192 ) 
4 251 258 (432 2656 -192 ) (432 3072 -192 ) (724 3072 -192 ) (724 2656 -192 ) 
4 251 252 (432 2656 -128 ) (432 2656 -192 ) (1008 2656 -192 ) (992 2656 -128 ) 
4 252 262 (432 2400 -128 ) (432 2656 -128 ) (432 2656 -192 ) (432 2400 -192 ) 
4 252 257 (724 2656 -192 ) (732 2656 -192 ) (732 2400 -192 ) (724 2400 -192 ) 
4 252 254 (732 2656 -192 ) (1008 2656 -192 ) (1008 2400 -192 ) (732 2400 -192 ) 
4 252 258 (432 2400 -192 ) (432 2656 -192 ) (724 2656 -192 ) (724 2400 -192 ) 
4 252 253 (432 2400 -128 ) (432 2400 -192 ) (1008 2400 -192 ) (992 2400 -128 ) 
4 253 259 (752 2368 -192 ) (1024 2368 -192 ) (1024 2368 -128 ) (752 2368 -128 ) 
4 253 260 (448 2368 -192 ) (704 2368 -192 ) (704 2368 -128 ) (448 2368 -128 ) 
4 253 257 (732 2368 -192 ) (724 2368 -192 ) (724 2400 -192 ) (732 2400 -192 ) 
4 253 254 (1024 2368 -192 ) (732 2368 -192 ) (732 2400 -192 ) (1024 2400 -192 ) 
4 253 258 (724 2368 -192 ) (432 2368 -192 ) (432 2400 -192 ) (724 2400 -192 ) 
4 254 265 (732 3072 -352 ) (1024 3072 -352 ) (1024 2368 -352 ) (732 2368 -352 ) 
4 254 259 (752 2368 -352 ) (1024 2368 -352 ) (1024 2368 -192 ) (752 2368 -192 ) 
4 254 255 (732 2912 -256 ) (732 2912 -192 ) (732 3072 -192 ) (732 3072 -256 ) 
4 254 256 (732 3072 -352 ) (732 2912 -352 ) (732 2912 -320 ) (732 3072 -320 ) 
4 254 257 (732 2912 -352 ) (732 2368 -352 ) (732 2368 -192 ) (732 2912 -192 ) 
4 255 258 (724 2912 -256 ) (724 2912 -192 ) (724 3072 -192 ) (724 3072 -256 ) 
4 255 257 (724 2912 -192 ) (724 2912 -256 ) (732 2912 -256 ) (732 2912 -192 ) 
4 256 265 (724 3072 -352 ) (732 3072 -352 ) (732 2912 -352 ) (724 2912 -352 ) 
4 256 257 (724 2912 -320 ) (724 2912 -352 ) (732 2912 -352 ) (732 2912 -320 ) 
4 256 258 (724 3072 -352 ) (724 2912 -352 ) (724 2912 -320 ) (724 3072 -320 ) 
4 257 265 (732 2912 -352 ) (732 2368 -352 ) (724 2368 -352 ) (724 2912 -352 ) 
4 257 258 (724 2912 -352 ) (724 2368 -352 ) (724 2368 -192 ) (724 2912 -192 ) 
4 258 265 (432 3072 -352 ) (724 3072 -352 ) (724 2368 -352 ) (432 2368 -352 ) 
4 258 262 (432 3072 -352 ) (432 2400 -352 ) (432 2400 -192 ) (432 3072 -192 ) 
4 258 260 (448 2368 -352 ) (704 2368 -352 ) (704 2368 -192 ) (448 2368 -192 ) 
4 259 267 (1024 2364 -352 ) (1024 2356 -352 ) (752 2356 -352 ) (752 2364 -352 ) 
4 259 266 (1024 2368 -352 ) (1024 2364 -352 ) (752 2364 -352 ) (752 2368 -352 ) 
4 259 261 (1008 2356 -352 ) (1024 2356 -352 ) (1024 2356 -128 ) (1008 2356 -128 ) 
4 260 269 (704 2356 -352 ) (448 2356 -352 ) (448 2364 -352 ) (704 2364 -352 ) 
4 260 268 (448 2364 -352 ) (448 2368 -352 ) (704 2368 -352 ) (704 2364 -352 ) 
4 261 270 (1024 2356 -352 ) (1024 2352 -352 ) (1008 2352 -352 ) (1008 2356 -352 ) 
4 261 264 (1008 2352 -352 ) (1024 2352 -352 ) (1024 2352 -128 ) (1008 2352 -128 ) 
4 262 272 (416 3072 -352 ) (432 3072 -352 ) (432 2400 -352 ) (416 2400 -352 ) 
4 262 263 (416 3072 -352 ) (416 2400 -352 ) (416 2400 -128 ) (416 3072 -128 ) 
4 263 273 (108.102005 3072 -352 ) (416 3072 -352 ) (416 2352 -352 ) (108.102005 2352 -352 ) 
4 263 264 (108.102005 2352 -352 ) (416 2352 -352 ) (416 2352 -128 ) (108.102005 2352 -128 ) 
4 264 274 (108.102005 2176.729980 -352 ) (108.102005 2352 -352 ) (432 2352 -352 ) (432 2176.729980 -352 ) 
4 264 271 (432 2352 -352 ) (1024 2352 -352 ) (1024 2176.729980 -352 ) (432 2176.729980 -352 ) 
4 265 272 (432 3072 -384 ) (432 2400 -384 ) (432 2400 -352 ) (432 3072 -352 ) 
4 265 268 (448 2368 -384 ) (704 2368 -384 ) (704 2368 -352 ) (448 2368 -352 ) 
4 265 266 (752 2368 -384 ) (1024 2368 -384 ) (1024 2368 -352 ) (752 2368 -352 ) 
4 266 267 (752 2364 -352 ) (752 2364 -384 ) (1024 2364 -384 ) (1024 2364 -352 ) 
4 267 270 (1008 2356 -384 ) (1024 2356 -384 ) (1024 2356 -352 ) (1008 2356 -352 ) 
4 268 269 (448 2364 -352 ) (448 2364 -384 ) (704 2364 -384 ) (704 2364 -352 ) 
4 270 271 (1008 2352 -384 ) (1024 2352 -384 ) (1024 2352 -352 ) (1008 2352 -352 ) 
4 271 276 (1024 2352 -384 ) (1024 2176.729980 -384 ) (432 2176.729980 -384 ) (432 2352 -384 ) 
4 271 274 (432 2352 -384 ) (432 2176.729980 -384 ) (432 2176.729980 -352 ) (432 2352 -352 ) 
4 272 277 (416 3072 -384 ) (432 3072 -384 ) (432 2400 -384 ) (416 2400 -384 ) 
4 272 273 (416 3072 -384 ) (416 2400 -384 ) (416 2400 -352 ) (416 3072 -352 ) 
4 273 277 (108.102005 3072 -384 ) (416 3072 -384 ) (416 2352 -384 ) (108.102005 2352 -384 ) 
4 273 274 (108.102005 2352 -352 ) (108.102005 2352 -384 ) (416 2352 -384 ) (416 2352 -352 ) 
4 274 277 (432 2352 -384 ) (432 2176.729980 -384 ) (108.102005 2176.729980 -384 ) (108.102005 2352 -384 ) 
4 275 276 (432 2352 -424 ) (432 2352 -432 ) (1024 2352 -432 ) (1024 2352 -424 ) 
4 275 277 (432 3072 -432 ) (432 2352 -432 ) (432 2352 -424 ) (432 3072 -424 ) 
4 276 277 (432 2352 -432 ) (432 2176.729980 -432 ) (432 2176.729980 -384 ) (432 2352 -384 ) 
