


materialPath: D:\steam\steamapps\sourcemods\entropyzero2-addonworkspace\materials
Loading d:\steam\steamapps\sourcemods\entropyzero2-addonworkspace\mapsrc\dd_tunnel_a.vmf
Error! Flag "$nodecal" is multiply defined in material "xen/ez2_xenweb_1_blend"!
Error! Flag "$nodecal" is multiply defined in material "xen/ez2_xenweb_1_blend"!
ConVarRef mat_reduceparticles doesn't point to an existing ConVar
Patching WVT material: maps/dd_tunnel_a/nature/blendpavedirt01_nodetail_wvt_patch
Patching WVT material: maps/dd_tunnel_a/xen/ez2_xenwall_1_blend_wvt_patch
Patching WVT material: maps/dd_tunnel_a/nature/blendtoxictoxic002a_wvt_patch
fixing up env_cubemap materials on brush sides...
0...1...2...3...4...5...6...7...8...9...100...1...2...3...4...5...6...7...8...9...10Processing areas...done (0)
Building Faces...done (0)
Chop Details...done (0)
Find Visible Detail Sides...
Merged 994 detail faces...done (1)
Merging details...done (0)
FixTjuncs...
PruneNodes...
WriteBSP...
done (1)
writing d:\steam\steamapps\sourcemods\entropyzero2-addonworkspace\mapsrc\dd_tunnel_a.prt...Building visibility clusters...
done (0)
Finding displacement neighbors...
Finding lightmap sample positions...
Displacement Alpha : 0...1...2...3...4...5...6...7...8...9...10
Error! Flag "$vertexcolor" is multiply defined in material "overlays/reedmat001"!
Error! Flag "$vertexalpha" is multiply defined in material "overlays/reedmat001"!
Building Physics collision data...
done (0) (1229971 bytes)
Placing static props...
Placing detail props : 0...1...2...3...4...5...6...7...8...9...10
Water found with no water_lod_control entity, creating a default one.
Compacting texture/material tables...
Reduced 4370 texinfos to 3835
Reduced 101 texdatas to 90 (2619 bytes to 2147)
Writing d:\steam\steamapps\sourcemods\entropyzero2-addonworkspace\mapsrc\dd_tunnel_a.bsp
4 seconds elapsed



12 threads
reading d:\steam\steamapps\sourcemods\entropyzero2-addonworkspace\mapsrc\dd_tunnel_a.bsp
reading d:\steam\steamapps\sourcemods\entropyzero2-addonworkspace\mapsrc\dd_tunnel_a.prt
 278 portalclusters
1061 numportals
0...1...2...3...4...5...6...7...8...9...10Optimized: 316 visible clusters (0.43%)
Total clusters visible: 73622
Average clusters visible: 264
Building PAS...
Average clusters audible: 278
visdatasize:21652  compressed from 22240
writing d:\steam\steamapps\sourcemods\entropyzero2-addonworkspace\mapsrc\dd_tunnel_a.bsp
0 seconds elapsed



[Reading texlights from 'lights.rad']
[48 texlights parsed from 'lights.rad']

Loading d:\steam\steamapps\sourcemods\entropyzero2-addonworkspace\mapsrc\dd_tunnel_a.bsp
10403 faces
46 degenerate faces
427256 square feet [61524980.00 square inches]
59 Displacements
40687 Square Feet [5858975.00 Square Inches]
10357 patches before subdivision
97527 patches after subdivision
37 direct lights
0...1...2...3...4...5...6...7...8...9...100...1...2...3...4...5...6...7...8...9...10transfers 8612012, max 1010
transfer lists:  65.7 megs
0...1...2...3...4...5...6...7...8...9...10	Bounce #1 added RGB(56364, 12054, 2373)
0...1...2...3...4...5...6...7...8...9...10	Bounce #2 added RGB(6933, 1454, 214)
Build Patch/Sample Hash Table(s).....Done<0.0190 sec>
0...1...2...3...4...5...6...7...8...9...10FinalLightFace Done
0 of 0 (0% of) surface lights went in leaf ambient cubes.
0...1...2...3...4...5...6...7...8...9...10Writing leaf ambient...done
Ready to Finish

Object names       Objects/Maxobjs  Memory / Maxmem  Fullness 
------------       ---------------  ---------------  -------- 
models                  12/1024          576/49152    ( 1.2%) 
brushes               4179/8192        50148/98304    (51.0%) 
brushsides           37144/65536      297152/524288   (56.7%) 
planes               11436/65536      228720/1310720  (17.4%) 
vertexes             17587/65536      211044/786432   (26.8%) 
nodes                  502/65536       16064/2097152  ( 0.8%) 
texinfos              3835/12288      276120/884736   (31.2%) 
texdata                 90/2048         2880/65536    ( 4.4%) 
dispinfos               59/0           10384/0        ( 0.0%) 
disp_verts            4779/0           95580/0        ( 0.0%) 
disp_tris             7552/0           15104/0        ( 0.0%) 
disp_lmsamples      121288/0          121288/0        ( 0.0%) 
faces                10403/65536      582568/3670016  (15.9%) 
hdr faces                0/65536           0/3670016  ( 0.0%) 
origfaces             7776/65536      435456/3670016  (11.9%) 
leaves                 515/65536       16480/2097152  ( 0.8%) 
leaffaces            12858/65536       25716/131072   (19.6%) 
leafbrushes           5804/65536       11608/131072   ( 8.9%) 
areas                    2/256            16/2048     ( 0.8%) 
surfedges            78258/512000     313032/2048000  (15.3%) 
edges                50882/256000     203528/1024000  (19.9%) 
LDR worldlights         37/65536        3256/5767168  ( 0.1%) 
HDR worldlights          0/65536           0/5767168  ( 0.0%) 
leafwaterdata            2/32768          24/393216   ( 0.0%) 
waterstrips            834/32768        8340/327680   ( 2.5%) 
waterverts               0/65536           0/786432   ( 0.0%) 
waterindices         23754/65536       47508/131072   (36.2%) 
cubemapsamples           0/1024            0/16384    ( 0.0%) 
overlays               109/8192        38368/2883584  ( 1.3%) 
LDR lightdata         [variable]     6806976/0        ( 0.0%) 
HDR lightdata         [variable]           0/0        ( 0.0%) 
visdata               [variable]       21652/16777216 ( 0.1%) 
entdata               [variable]      177682/393216   (45.2%) 
LDR ambient table      515/65536        2060/262144   ( 0.8%) 
HDR ambient table      515/65536        2060/262144   ( 0.8%) 
LDR leaf ambient      2926/65536       81928/1835008  ( 4.5%) 
HDR leaf ambient       515/65536       14420/1835008  ( 0.8%) 
occluders                0/0               0/0        ( 0.0%) 
occluder polygons        0/0               0/0        ( 0.0%) 
occluder vert ind        0/0               0/0        ( 0.0%) 
detail props          [variable]           1/12       ( 8.3%) 
static props          [variable]           1/32944    ( 0.0%) 
pakfile               [variable]        3300/0        ( 0.0%) 
physics               [variable]     1229971/4194304  (29.3%) 
physics terrain       [variable]       19453/1048576  ( 1.9%) 

Level flags = 0

Total triangle count: 27357
Writing d:\steam\steamapps\sourcemods\entropyzero2-addonworkspace\mapsrc\dd_tunnel_a.bsp
17 seconds elapsed



materialPath: D:\steam\steamapps\sourcemods\entropyzero2-addonworkspace\materials
Loading d:\steam\steamapps\sourcemods\entropyzero2-addonworkspace\mapsrc\dd_tunnel_a.vmf
Error! Flag "$nodecal" is multiply defined in material "xen/ez2_xenweb_1_blend"!
Error! Flag "$nodecal" is multiply defined in material "xen/ez2_xenweb_1_blend"!
ConVarRef mat_reduceparticles doesn't point to an existing ConVar
Patching WVT material: maps/dd_tunnel_a/nature/blendpavedirt01_nodetail_wvt_patch
Patching WVT material: maps/dd_tunnel_a/xen/ez2_xenwall_1_blend_wvt_patch
Patching WVT material: maps/dd_tunnel_a/nature/blendtoxictoxic002a_wvt_patch
fixing up env_cubemap materials on brush sides...
0...1...2...3...4...5...6...7...8...9...100...1...2...3...4...5...6...7...8...9...10Processing areas...done (0)
Building Faces...done (0)
Chop Details...done (0)
Find Visible Detail Sides...
Merged 994 detail faces...done (1)
Merging details...done (0)
FixTjuncs...
PruneNodes...
WriteBSP...
done (0)
writing d:\steam\steamapps\sourcemods\entropyzero2-addonworkspace\mapsrc\dd_tunnel_a.prt...Building visibility clusters...
done (0)
Finding displacement neighbors...
Finding lightmap sample positions...
Displacement Alpha : 0...1...2...3...4...5...6...7...8...9...10
Error! Flag "$vertexcolor" is multiply defined in material "overlays/reedmat001"!
Error! Flag "$vertexalpha" is multiply defined in material "overlays/reedmat001"!
Building Physics collision data...
done (1) (1229971 bytes)
Placing static props...
Placing detail props : 0...1...2...3...4...5...6...7...8...9...10
Water found with no water_lod_control entity, creating a default one.
Compacting texture/material tables...
Reduced 4370 texinfos to 3835
Reduced 101 texdatas to 90 (2619 bytes to 2147)
Writing d:\steam\steamapps\sourcemods\entropyzero2-addonworkspace\mapsrc\dd_tunnel_a.bsp
4 seconds elapsed



12 threads
reading d:\steam\steamapps\sourcemods\entropyzero2-addonworkspace\mapsrc\dd_tunnel_a.bsp
reading d:\steam\steamapps\sourcemods\entropyzero2-addonworkspace\mapsrc\dd_tunnel_a.prt
 278 portalclusters
1061 numportals
0...1...2...3...4...5...6...7...8...9...10Optimized: 316 visible clusters (0.43%)
Total clusters visible: 73622
Average clusters visible: 264
Building PAS...
Average clusters audible: 278
visdatasize:21652  compressed from 22240
writing d:\steam\steamapps\sourcemods\entropyzero2-addonworkspace\mapsrc\dd_tunnel_a.bsp
0 seconds elapsed



[Reading texlights from 'lights.rad']
[48 texlights parsed from 'lights.rad']

Loading d:\steam\steamapps\sourcemods\entropyzero2-addonworkspace\mapsrc\dd_tunnel_a.bsp
10403 faces
46 degenerate faces
427256 square feet [61524980.00 square inches]
59 Displacements
40687 Square Feet [5858975.00 Square Inches]
10357 patches before subdivision
97527 patches after subdivision
37 direct lights
0...1...2...3...4...5...6...7...8...9...100...1...2...3...4...5...6...7...8...9...10transfers 8612012, max 1010
transfer lists:  65.7 megs
0...1...2...3...4...5...6...7...8...9...10	Bounce #1 added RGB(56364, 12054, 2373)
0...1...2...3...4...5...6...7...8...9...10	Bounce #2 added RGB(6933, 1454, 214)
Build Patch/Sample Hash Table(s).....Done<0.0187 sec>
0...1...2...3...4...5...6...7...8...9...10FinalLightFace Done
0 of 0 (0% of) surface lights went in leaf ambient cubes.
0...1...2...3...4...5...6...7...8...9...10Writing leaf ambient...done
Ready to Finish

Object names       Objects/Maxobjs  Memory / Maxmem  Fullness 
------------       ---------------  ---------------  -------- 
models                  12/1024          576/49152    ( 1.2%) 
brushes               4179/8192        50148/98304    (51.0%) 
brushsides           37144/65536      297152/524288   (56.7%) 
planes               11436/65536      228720/1310720  (17.4%) 
vertexes             17587/65536      211044/786432   (26.8%) 
nodes                  502/65536       16064/2097152  ( 0.8%) 
texinfos              3835/12288      276120/884736   (31.2%) 
texdata                 90/2048         2880/65536    ( 4.4%) 
dispinfos               59/0           10384/0        ( 0.0%) 
disp_verts            4779/0           95580/0        ( 0.0%) 
disp_tris             7552/0           15104/0        ( 0.0%) 
disp_lmsamples      121288/0          121288/0        ( 0.0%) 
faces                10403/65536      582568/3670016  (15.9%) 
hdr faces                0/65536           0/3670016  ( 0.0%) 
origfaces             7776/65536      435456/3670016  (11.9%) 
leaves                 515/65536       16480/2097152  ( 0.8%) 
leaffaces            12858/65536       25716/131072   (19.6%) 
leafbrushes           5804/65536       11608/131072   ( 8.9%) 
areas                    2/256            16/2048     ( 0.8%) 
surfedges            78258/512000     313032/2048000  (15.3%) 
edges                50882/256000     203528/1024000  (19.9%) 
LDR worldlights         37/65536        3256/5767168  ( 0.1%) 
HDR worldlights          0/65536           0/5767168  ( 0.0%) 
leafwaterdata            2/32768          24/393216   ( 0.0%) 
waterstrips            834/32768        8340/327680   ( 2.5%) 
waterverts               0/65536           0/786432   ( 0.0%) 
waterindices         23754/65536       47508/131072   (36.2%) 
cubemapsamples           0/1024            0/16384    ( 0.0%) 
overlays               109/8192        38368/2883584  ( 1.3%) 
LDR lightdata         [variable]     6806976/0        ( 0.0%) 
HDR lightdata         [variable]           0/0        ( 0.0%) 
visdata               [variable]       21652/16777216 ( 0.1%) 
entdata               [variable]      177682/393216   (45.2%) 
LDR ambient table      515/65536        2060/262144   ( 0.8%) 
HDR ambient table      515/65536        2060/262144   ( 0.8%) 
LDR leaf ambient      2926/65536       81928/1835008  ( 4.5%) 
HDR leaf ambient       515/65536       14420/1835008  ( 0.8%) 
occluders                0/0               0/0        ( 0.0%) 
occluder polygons        0/0               0/0        ( 0.0%) 
occluder vert ind        0/0               0/0        ( 0.0%) 
detail props          [variable]           1/12       ( 8.3%) 
static props          [variable]           1/32944    ( 0.0%) 
pakfile               [variable]        3300/0        ( 0.0%) 
physics               [variable]     1229971/4194304  (29.3%) 
physics terrain       [variable]       19453/1048576  ( 1.9%) 

Level flags = 0

Total triangle count: 27357
Writing d:\steam\steamapps\sourcemods\entropyzero2-addonworkspace\mapsrc\dd_tunnel_a.bsp
17 seconds elapsed
