PRT1
45
84
4 0 7 (0 1288 0 ) (0 1288 128 ) (0 1408 128 ) (0 1408 0 ) 
4 0 1 (0 1288 96 ) (0 1288 32 ) (16 1288 32 ) (16 1288 96 ) 
4 1 8 (0 1280 32 ) (0 1280 96 ) (0 1288 96 ) (0 1288 32 ) 
4 1 6 (16 1280 96 ) (0 1280 96 ) (0 1280 32 ) (16 1280 32 ) 
4 2 14 (64 1024 128 ) (32 1024 128 ) (32 1024 112 ) (64 1024 112 ) 
4 2 6 (32 1280 112 ) (64 1280 112 ) (64 1024 112 ) (32 1024 112 ) 
4 2 4 (32 1056 112 ) (32 1024 112 ) (32 1024 127 ) (32 1056 127 ) 
4 2 3 (32 1280 112 ) (32 1056 112 ) (32 1056 128 ) (32 1280 128 ) 
4 3 9 (0 1056 128 ) (0 1280 128 ) (0 1280 112 ) (0 1056 112 ) 
4 3 6 (0 1056 112 ) (0 1280 112 ) (32 1280 112 ) (32 1056 112 ) 
4 3 4 (0 1056 112 ) (32 1056 112 ) (32 1056 127 ) (0 1056 127 ) 
4 4 17 (0 1024 127 ) (0 1024 112 ) (32 1024 112 ) (32 1024 127 ) 
4 4 10 (0 1024 112 ) (0 1024 127 ) (0 1056 127 ) (0 1056 112 ) 
4 4 6 (0 1024 112 ) (0 1056 112 ) (32 1056 112 ) (32 1024 112 ) 
4 5 18 (72 1024 0 ) (72 1024 112 ) (64 1024 112 ) (64 1024 0 ) 
4 5 6 (64 1052 0 ) (64 1024 0 ) (64 1024 112 ) (64 1052 112 ) 
4 6 20 (64 1024 112 ) (0 1024 112 ) (0 1024 0 ) (64 1024 0 ) 
4 6 12 (0 1024 0 ) (0 1024 112 ) (0 1280 112 ) (0 1280 0 ) 
4 7 8 (0 1288 32 ) (0 1288 96 ) (-16 1288 96 ) (-16 1288 32 ) 
4 8 12 (0 1280 32 ) (0 1280 96 ) (-16 1280 96 ) (-16 1280 32 ) 
4 9 12 (-32 1056 112 ) (-32 1280 112 ) (0 1280 112 ) (0 1056 112 ) 
4 9 11 (-32 1280 112 ) (-32 1056 112 ) (-32 1056 128 ) (-32 1280 128 ) 
4 9 10 (-32 1056 127 ) (-32 1056 112 ) (0 1056 112 ) (0 1056 127 ) 
4 10 28 (0 1024 112 ) (0 1024 127 ) (-32 1024 127 ) (-32 1024 112 ) 
4 10 12 (0 1024 112 ) (-32 1024 112 ) (-32 1056 112 ) (0 1056 112 ) 
4 10 11 (-32 1056 112 ) (-32 1024 112 ) (-32 1024 127 ) (-32 1056 127 ) 
4 11 29 (-32 1024 128 ) (-64 1024 128 ) (-64 1024 112 ) (-32 1024 112 ) 
4 11 12 (-32 1024 112 ) (-64 1024 112 ) (-64 1280 112 ) (-32 1280 112 ) 
4 12 28 (0 1024 0 ) (0 1024 112 ) (-32 1024 112 ) (-32 1024 0 ) 
4 12 29 (-32 1024 112 ) (-64 1024 112 ) (-64 1024 0 ) (-32 1024 0 ) 
4 12 13 (-64 1052 0 ) (-64 1024 0 ) (-64 1024 112 ) (-64 1052 112 ) 
4 13 30 (-64 1024 112 ) (-72 1024 112 ) (-72 1024 0 ) (-64 1024 0 ) 
4 14 24 (32 256 116 ) (32 256 112 ) (52 256 112 ) (52 256 116 ) 
4 14 20 (64 256 112 ) (32 256 112 ) (32 1024 112 ) (64 1024 112 ) 
4 14 16 (32 256 127 ) (32 256 128 ) (32 480 128 ) (32 480 127 ) 
4 14 15 (32 544 128 ) (32 992 128 ) (32 992 127 ) (32 544 127 ) 
4 14 17 (32 1024 112 ) (32 256 112 ) (32 256 127 ) (32 1024 127 ) 
4 15 26 (0 992 127 ) (0 544 127 ) (0 544 128 ) (0 992 128 ) 
4 15 17 (32 992 127 ) (32 544 127 ) (0 544 127 ) (0 992 127 ) 
4 16 27 (0 480 127 ) (0 256 127 ) (0 256 128 ) (0 480 128 ) 
4 16 17 (32 480 127 ) (32 256 127 ) (0 256 127 ) (0 480 127 ) 
4 17 28 (0 1024 127 ) (0 1024 112 ) (0 256 112 ) (0 256 127 ) 
4 17 24 (0 256 116 ) (0 256 112 ) (32 256 112 ) (32 256 116 ) 
4 17 20 (32 256 112 ) (0 256 112 ) (0 1024 112 ) (32 1024 112 ) 
4 18 20 (64 1024 0 ) (64 996 0 ) (64 996 112 ) (64 1024 112 ) 
4 19 20 (64 540 0 ) (64 484 0 ) (64 484 112 ) (64 540 112 ) 
4 20 28 (0 1024 112 ) (0 1024 0 ) (0 256 0 ) (0 256 112 ) 
4 20 24 (52 256 112 ) (0 256 112 ) (0 256 0 ) (52 256 0 ) 
4 21 40 (0 252 256 ) (0 256 256 ) (0 256 128 ) (0 252 128 ) 
4 21 41 (0 104 128 ) (0 104 256 ) (0 252 256 ) (0 252 128 ) 
4 21 25 (52 104 128 ) (0 104 128 ) (0 252 128 ) (52 252 128 ) 
4 21 23 (64 104 128 ) (52 104 128 ) (52 252 128 ) (64 252 128 ) 
4 22 24 (52 256 0 ) (52 256 -384 ) (52 252 -384 ) (52 252 0 ) 
4 22 23 (52 252 0 ) (52 252 -384 ) (64 252 -384 ) (64 252 0 ) 
4 23 25 (52 104 -384 ) (52 104 128 ) (52 252 128 ) (52 252 -384 ) 
4 24 44 (0 256 0 ) (0 256 -384 ) (0 252 -384 ) (0 252 0 ) 
4 24 42 (0 256 116 ) (0 256 0 ) (0 252 0 ) (0 252 116 ) 
4 24 25 (0 252 -384 ) (52 252 -384 ) (52 252 116 ) (0 252 116 ) 
4 25 44 (0 104 -384 ) (0 104 0 ) (0 252 0 ) (0 252 -384 ) 
4 25 42 (0 104 0 ) (0 104 116 ) (0 252 116 ) (0 252 0 ) 
4 25 41 (0 104 116 ) (0 104 128 ) (0 252 128 ) (0 252 116 ) 
4 26 29 (-32 544 128 ) (-32 992 128 ) (-32 992 127 ) (-32 544 127 ) 
4 26 28 (-32 544 127 ) (-32 992 127 ) (0 992 127 ) (0 544 127 ) 
4 27 29 (-32 256 127 ) (-32 256 128 ) (-32 480 128 ) (-32 480 127 ) 
4 27 28 (0 256 127 ) (-32 256 127 ) (-32 480 127 ) (0 480 127 ) 
4 28 42 (0 256 0 ) (0 256 116 ) (-32 256 116 ) (-32 256 0 ) 
4 28 29 (-32 1024 0 ) (-32 256 0 ) (-32 256 127 ) (-32 1024 127 ) 
4 29 42 (-52 256 0 ) (-32 256 0 ) (-32 256 116 ) (-52 256 116 ) 
4 29 31 (-64 540 0 ) (-64 484 0 ) (-64 484 112 ) (-64 540 112 ) 
4 29 30 (-64 1024 0 ) (-64 996 0 ) (-64 996 112 ) (-64 1024 112 ) 
4 31 37 (-72 540 0 ) (-72 484 0 ) (-72 484 112 ) (-72 540 112 ) 
4 32 35 (-108 580 112 ) (-164 580 112 ) (-164 580 0 ) (-108 580 0 ) 
4 33 38 (-448 642 104 ) (-448 702 104 ) (-448 702 40 ) (-448 642 40 ) 
4 33 36 (-284 580 0 ) (-228 580 0 ) (-228 580 112 ) (-284 580 112 ) 
4 34 37 (-448 256 112 ) (-448 572 112 ) (-72 572 112 ) (-72 256 112 ) 
4 35 37 (-108 572 112 ) (-164 572 112 ) (-164 572 0 ) (-108 572 0 ) 
4 36 37 (-228 572 112 ) (-284 572 112 ) (-284 572 0 ) (-228 572 0 ) 
4 37 39 (-448 358 104 ) (-448 470 104 ) (-448 470 40 ) (-448 358 40 ) 
4 40 41 (0 252 128 ) (0 252 256 ) (-64 252 256 ) (-64 252 128 ) 
4 41 43 (-52 104 116 ) (-64 104 116 ) (-64 252 116 ) (-52 252 116 ) 
4 41 42 (0 104 116 ) (-52 104 116 ) (-52 252 116 ) (0 252 116 ) 
4 42 44 (0 104 0 ) (-52 104 0 ) (-52 256 0 ) (0 256 0 ) 
4 42 43 (-52 252 0 ) (-52 104 0 ) (-52 104 116 ) (-52 252 116 ) 
4 43 44 (-52 104 0 ) (-64 104 0 ) (-64 252 0 ) (-52 252 0 ) 
