PRT1
55
119
4 0 14 (-1024 1024 256 ) (-1024 1024 160 ) (-768 1024 160 ) (-768 1024 256 ) 
4 0 2 (-1024 1024 160 ) (-1024 1024 256 ) (-1024 1040 256 ) (-1024 1040 160 ) 
4 1 21 (-972 1024 112 ) (-1024 1024 112 ) (-1024 1024 0 ) (-972 1024 0 ) 
4 1 3 (-1024 1024 0 ) (-1024 1024 112 ) (-1024 1040 112 ) (-1024 1040 0 ) 
4 2 33 (-1024 1024 160 ) (-1024 1024 176 ) (-1088 1024 176 ) (-1088 1024 160 ) 
4 2 32 (-1024 1024 176 ) (-1024 1024 256 ) (-1088 1024 256 ) (-1088 1024 176 ) 
4 3 46 (-1024 1024 0 ) (-1024 1024 112 ) (-1076 1024 112 ) (-1076 1024 0 ) 
4 4 5 (-896 640 456 ) (-896 896 456 ) (-768 896 456 ) (-768 640 456 ) 
4 5 12 (-768 640 400 ) (-896 640 400 ) (-896 896 400 ) (-768 896 400 ) 
4 6 28 (-1024 640 456 ) (-1024 640 464 ) (-1024 896 464 ) (-1024 896 456 ) 
4 6 7 (-1024 896 456 ) (-960 896 456 ) (-960 640 456 ) (-1024 640 456 ) 
4 7 29 (-1024 896 400 ) (-1024 640 400 ) (-1024 640 456 ) (-1024 896 456 ) 
4 7 12 (-960 640 400 ) (-1024 640 400 ) (-1024 896 400 ) (-960 896 400 ) 
4 8 9 (-896 304 456 ) (-896 560 456 ) (-768 560 456 ) (-768 304 456 ) 
4 9 12 (-768 304 400 ) (-896 304 400 ) (-896 560 400 ) (-768 560 400 ) 
4 10 30 (-1024 304 456 ) (-1024 304 464 ) (-1024 560 464 ) (-1024 560 456 ) 
4 10 11 (-1024 560 456 ) (-960 560 456 ) (-960 304 456 ) (-1024 304 456 ) 
4 11 31 (-1024 560 400 ) (-1024 304 400 ) (-1024 304 456 ) (-1024 560 456 ) 
4 11 12 (-960 304 400 ) (-1024 304 400 ) (-1024 560 400 ) (-960 560 400 ) 
4 12 45 (-1024 640 272 ) (-1024 224 272 ) (-1024 224 400 ) (-1024 640 400 ) 
4 12 32 (-1024 1024 400 ) (-1024 1024 272 ) (-1024 640 272 ) (-1024 640 400 ) 
4 12 15 (-1024 768 272 ) (-1024 770 272 ) (-768 770 272 ) (-768 768 272 ) 
4 12 14 (-1024 770 272 ) (-1024 1024 272 ) (-768 1024 272 ) (-768 770 272 ) 
4 12 17 (-1024 224 272 ) (-1024 768 272 ) (-768 768 272 ) (-768 224 272 ) 
5 12 13 (-768 1024 272 ) (-640 1024 272 ) (-640 288 272 ) (-704 224 272 ) (-768 224 272 ) 
5 13 26 (-640 552 144 ) (-640 288 144 ) (-704 224 144 ) (-768 224 144 ) (-768 552 144 ) 
4 13 24 (-760 552 144 ) (-768 552 144 ) (-768 756 144 ) (-760 756 144 ) 
4 13 23 (-640 768 144 ) (-640 552 144 ) (-760 552 144 ) (-760 768 144 ) 
4 13 16 (-768 770 144 ) (-768 768 144 ) (-768 768 176 ) (-768 770 176 ) 
4 13 15 (-768 768 176 ) (-768 768 272 ) (-768 770 272 ) (-768 770 176 ) 
4 13 14 (-768 1024 144 ) (-768 770 144 ) (-768 770 272 ) (-768 1024 272 ) 
4 13 17 (-768 768 144 ) (-768 224 144 ) (-768 224 272 ) (-768 768 272 ) 
4 14 33 (-1024 1024 176 ) (-1024 1024 144 ) (-1024 770 144 ) (-1024 770 176 ) 
4 14 32 (-1024 1024 272 ) (-1024 1024 176 ) (-1024 770 176 ) (-1024 770 272 ) 
4 14 16 (-1024 770 144 ) (-768 770 144 ) (-768 770 176 ) (-1024 770 176 ) 
4 14 15 (-768 770 176 ) (-768 770 272 ) (-1024 770 272 ) (-1024 770 176 ) 
4 15 32 (-1024 768 176 ) (-1024 768 272 ) (-1024 770 272 ) (-1024 770 176 ) 
4 15 17 (-768 768 176 ) (-768 768 272 ) (-1024 768 272 ) (-1024 768 176 ) 
4 15 16 (-768 768 176 ) (-1024 768 176 ) (-1024 770 176 ) (-768 770 176 ) 
4 16 34 (-1024 770 144 ) (-1024 768 144 ) (-1024 768 176 ) (-1024 770 176 ) 
4 16 17 (-1024 768 144 ) (-768 768 144 ) (-768 768 176 ) (-1024 768 176 ) 
4 17 45 (-1024 640 144 ) (-1024 224 144 ) (-1024 224 272 ) (-1024 640 272 ) 
4 17 36 (-1024 674 144 ) (-1024 672 144 ) (-1024 672 176 ) (-1024 674 176 ) 
4 17 35 (-1024 672 144 ) (-1024 640 144 ) (-1024 640 176 ) (-1024 672 176 ) 
4 17 34 (-1024 768 144 ) (-1024 674 144 ) (-1024 674 176 ) (-1024 768 176 ) 
4 17 32 (-1024 640 176 ) (-1024 640 272 ) (-1024 768 272 ) (-1024 768 176 ) 
4 17 26 (-1024 224 144 ) (-1024 552 144 ) (-768 552 144 ) (-768 224 144 ) 
4 17 25 (-1024 552 144 ) (-1024 768 144 ) (-768 768 144 ) (-768 552 144 ) 
4 17 18 (-1024 224 144 ) (-832 224 144 ) (-832 224 272 ) (-1024 224 272 ) 
4 18 19 (-1024 216 144 ) (-832 216 144 ) (-832 216 272 ) (-1024 216 272 ) 
4 20 22 (-928 896 128 ) (-960 896 128 ) (-960 896 0 ) (-928 896 0 ) 
4 20 21 (-960 928 0 ) (-960 896 0 ) (-960 896 128 ) (-960 928 128 ) 
4 21 46 (-1024 1024 128 ) (-1024 1024 0 ) (-1024 896 0 ) (-1024 896 128 ) 
4 21 22 (-960 896 128 ) (-1024 896 128 ) (-1024 896 0 ) (-960 896 0 ) 
4 22 49 (-1024 896 128 ) (-1024 896 0 ) (-1024 768 0 ) (-1024 768 128 ) 
4 22 25 (-1024 768 0 ) (-768 768 0 ) (-768 768 128 ) (-1024 768 128 ) 
4 23 26 (-760 552 0 ) (-640 552 0 ) (-640 552 144 ) (-760 552 144 ) 
3 23 24 (-760 552 8 ) (-760 552 144 ) (-760 756 144 ) 
4 24 26 (-760 552 8 ) (-760 552 144 ) (-768 552 144 ) (-768 552 8 ) 
3 24 25 (-768 552 8 ) (-768 552 144 ) (-768 756 144 ) 
4 25 50 (-1024 552 144 ) (-1024 640 144 ) (-1024 640 0 ) (-1024 552 0 ) 
4 25 48 (-1024 640 144 ) (-1024 672 144 ) (-1024 672 128 ) (-1024 640 128 ) 
4 25 49 (-1024 768 128 ) (-1024 768 0 ) (-1024 640 0 ) (-1024 640 128 ) 
4 25 26 (-1024 552 0 ) (-768 552 0 ) (-768 552 144 ) (-1024 552 144 ) 
4 26 50 (-1024 224 144 ) (-1024 552 144 ) (-1024 552 0 ) (-1024 224 0 ) 
4 26 27 (-980 224 0 ) (-876 224 0 ) (-876 224 112 ) (-980 224 112 ) 
4 28 29 (-1024 640 456 ) (-1088 640 456 ) (-1088 896 456 ) (-1024 896 456 ) 
4 29 32 (-1088 896 400 ) (-1024 896 400 ) (-1024 640 400 ) (-1088 640 400 ) 
4 30 31 (-1024 304 456 ) (-1088 304 456 ) (-1088 560 456 ) (-1024 560 456 ) 
4 31 45 (-1088 560 400 ) (-1024 560 400 ) (-1024 304 400 ) (-1088 304 400 ) 
4 32 51 (-1216 756 176 ) (-1216 652 176 ) (-1216 652 256 ) (-1216 756 256 ) 
4 32 45 (-1024 640 176 ) (-1024 640 400 ) (-1216 640 400 ) (-1216 640 176 ) 
3 32 44 (-1056 640 176 ) (-1058 640 176 ) (-1056 642 176 ) 
3 32 43 (-1056 640 176 ) (-1056 642 176 ) (-1054 642 176 ) 
4 32 42 (-1026 640 176 ) (-1056 640 176 ) (-1054 642 176 ) (-1026 642 176 ) 
4 32 41 (-1058 640 176 ) (-1216 640 176 ) (-1216 642 176 ) (-1056 642 176 ) 
4 32 40 (-1026 672 176 ) (-1026 670 176 ) (-1054 642 176 ) (-1056 642 176 ) 
5 32 39 (-1216 642 176 ) (-1216 770 176 ) (-1026 770 176 ) (-1026 672 176 ) (-1056 642 176 ) 
3 32 38 (-1026 670 176 ) (-1026 642 176 ) (-1054 642 176 ) 
3 32 37 (-1026 670 176 ) (-1026 672 176 ) (-1024 672 176 ) 
3 32 36 (-1026 672 176 ) (-1024 674 176 ) (-1024 672 176 ) 
4 32 35 (-1024 640 176 ) (-1026 640 176 ) (-1026 670 176 ) (-1024 672 176 ) 
4 32 34 (-1026 672 176 ) (-1026 770 176 ) (-1024 770 176 ) (-1024 674 176 ) 
4 32 33 (-1216 770 176 ) (-1216 1024 176 ) (-1024 1024 176 ) (-1024 770 176 ) 
4 33 39 (-1216 770 144 ) (-1026 770 144 ) (-1026 770 176 ) (-1216 770 176 ) 
4 33 34 (-1026 770 144 ) (-1024 770 144 ) (-1024 770 176 ) (-1026 770 176 ) 
4 34 39 (-1026 770 176 ) (-1026 770 144 ) (-1026 672 144 ) (-1026 672 176 ) 
4 34 36 (-1026 672.001953 176 ) (-1026 672.001953 144 ) (-1024 674.001953 144 ) (-1024 674.001953 176 ) 
4 35 48 (-1024 672 144 ) (-1024 640 144 ) (-1026 640 144 ) (-1026 670 144 ) 
4 35 45 (-1026 640 144 ) (-1024 640 144 ) (-1024 640 176 ) (-1026 640 176 ) 
4 35 42 (-1026 642 144 ) (-1026 640 144 ) (-1026 640 176 ) (-1026 642 176 ) 
4 35 38 (-1026 670 144 ) (-1026 642 144 ) (-1026 642 176 ) (-1026 670 176 ) 
4 35 37 (-1024 672.001953 144 ) (-1026 670.001953 144 ) (-1026 670.001953 176 ) (-1024 672.001953 176 ) 
4 36 37 (-1026 672 176 ) (-1026 672 144 ) (-1024 672 144 ) (-1024 672 176 ) 
4 37 40 (-1026 672 144 ) (-1026 670 144 ) (-1026 670 176 ) (-1026 672 176 ) 
3 38 48 (-1026 670 144 ) (-1026 642 144 ) (-1054 642 144 ) 
4 38 42 (-1054 642 144 ) (-1026 642 144 ) (-1026 642 176 ) (-1054 642 176 ) 
4 38 40 (-1026 670 176 ) (-1026 670 144 ) (-1054 642 144 ) (-1054 642 176 ) 
4 39 51 (-1216 756 144 ) (-1216 652 144 ) (-1216 652 176 ) (-1216 756 176 ) 
4 39 41 (-1216 642 144 ) (-1056 642 144 ) (-1056 642 176 ) (-1216 642 176 ) 
4 39 40 (-1056 642 176 ) (-1056 642 144 ) (-1026 672 144 ) (-1026 672 176 ) 
4 40 43 (-1056 642 144 ) (-1054 642 144 ) (-1054 642 176 ) (-1056 642 176 ) 
4 41 45 (-1216 640 144 ) (-1058 640 144 ) (-1058 640 176 ) (-1216 640 176 ) 
4 41 44 (-1056 642 144 ) (-1056 642 176 ) (-1058 640 176 ) (-1058 640 144 ) 
4 42 48 (-1054 642 144 ) (-1026 642 144 ) (-1026 640 144 ) (-1056 640 144 ) 
4 42 45 (-1056 640 144 ) (-1026 640 144 ) (-1026 640 176 ) (-1056 640 176 ) 
4 42 43 (-1054 642 176 ) (-1054 642 144 ) (-1056 640 144 ) (-1056 640 176 ) 
4 43 44 (-1056 642 176 ) (-1056 642 144 ) (-1056 640.001953 144 ) (-1056 640.001953 176 ) 
4 44 45 (-1058 640 144 ) (-1056 640 144 ) (-1056 640 176 ) (-1058 640 176 ) 
5 45 50 (-1216 288 144 ) (-1216 640 144 ) (-1024 640 144 ) (-1024 224 144 ) (-1152 224 144 ) 
4 46 49 (-1088 896 0 ) (-1024 896 0 ) (-1024 896 128 ) (-1088 896 128 ) 
4 46 47 (-1088 928 0 ) (-1088 896 0 ) (-1088 896 128 ) (-1088 928 128 ) 
4 47 49 (-1120 896 0 ) (-1088 896 0 ) (-1088 896 128 ) (-1120 896 128 ) 
4 48 50 (-1024 640 128 ) (-1024 640 144 ) (-1056 640 144 ) (-1056 640 128 ) 
3 48 49 (-1024 640 128 ) (-1056 640 128 ) (-1024 672 128 ) 
4 49 52 (-1216 756 0 ) (-1216 652 0 ) (-1216 652 112 ) (-1216 756 112 ) 
4 49 50 (-1216 640 0 ) (-1024 640 0 ) (-1024 640 128 ) (-1216 640 128 ) 
4 50 53 (-1216 616 32 ) (-1216 520 32 ) (-1216 520 96 ) (-1216 616 96 ) 
4 53 54 (-1224 616 96 ) (-1224 616 32 ) (-1224 520 32 ) (-1224 520 96 ) 
