


materialPath: D:\steam\steamapps\sourcemods\entropyzero2-addonworkspace\materials
Loading d:\steam\steamapps\sourcemods\entropyzero2-addonworkspace\mapsrc\f02_lobby.vmf
"materials/az2/glass_superfrosted.vtf": cached version doesn't exist
ConVarRef mat_reduceparticles doesn't point to an existing ConVar
fixing up env_cubemap materials on brush sides...
0...1...2...3...4...5...6...7...8...9...10**** leaked ****
Entity prop_door_rotating (-1224.00 657.00 54.00) leaked!
--- MAP LEAKED ---



12 threads
reading d:\steam\steamapps\sourcemods\entropyzero2-addonworkspace\mapsrc\f02_lobby.bsp
Error opening d:\steam\steamapps\sourcemods\entropyzero2-addonworkspace\mapsrc\f02_lobby.bsp


materialPath: D:\steam\steamapps\sourcemods\entropyzero2-addonworkspace\materials
Loading d:\steam\steamapps\sourcemods\entropyzero2-addonworkspace\mapsrc\f02_lobby.vmf
"materials/az2/glass_superfrosted.vtf": cached version doesn't exist
ConVarRef mat_reduceparticles doesn't point to an existing ConVar
fixing up env_cubemap materials on brush sides...
0...1...2...3...4...5...6...7...8...9...10**** leaked ****
Entity prop_door_rotating (-1224.00 657.00 54.00) leaked!
--- MAP LEAKED ---



12 threads
reading d:\steam\steamapps\sourcemods\entropyzero2-addonworkspace\mapsrc\f02_lobby.bsp
Error opening d:\steam\steamapps\sourcemods\entropyzero2-addonworkspace\mapsrc\f02_lobby.bsp


materialPath: D:\steam\steamapps\sourcemods\entropyzero2-addonworkspace\materials
Loading d:\steam\steamapps\sourcemods\entropyzero2-addonworkspace\mapsrc\f02_lobby.vmf
"materials/az2/glass_superfrosted.vtf": cached version doesn't exist
ConVarRef mat_reduceparticles doesn't point to an existing ConVar
fixing up env_cubemap materials on brush sides...
0...1...2...3...4...5...6...7...8...9...10**** leaked ****
Entity prop_door_rotating (-1071.00 1032.00 54.00) leaked!
--- MAP LEAKED ---



12 threads
reading d:\steam\steamapps\sourcemods\entropyzero2-addonworkspace\mapsrc\f02_lobby.bsp
Error opening d:\steam\steamapps\sourcemods\entropyzero2-addonworkspace\mapsrc\f02_lobby.bsp


materialPath: D:\steam\steamapps\sourcemods\entropyzero2-addonworkspace\materials
Loading d:\steam\steamapps\sourcemods\entropyzero2-addonworkspace\mapsrc\f02_lobby.vmf
"materials/az2/glass_superfrosted.vtf": cached version doesn't exist
ConVarRef mat_reduceparticles doesn't point to an existing ConVar
fixing up env_cubemap materials on brush sides...
0...1...2...3...4...5...6...7...8...9...100...1...2...3...4...5...6...7...8...9...10Processing areas...done (0)
Building Faces...done (0)
Chop Details...done (0)
Find Visible Detail Sides...
Merged 8 detail faces...done (0)
Merging details...done (0)
FixTjuncs...
PruneNodes...
WriteBSP...
done (0)
writing d:\steam\steamapps\sourcemods\entropyzero2-addonworkspace\mapsrc\f02_lobby.prt...Building visibility clusters...
done (0)
Finding displacement neighbors...
Finding lightmap sample positions...
Displacement Alpha : 0...1...2...3...4...5...6...7...8...9...10
Building Physics collision data...
done (0) (27429 bytes)
Placing static props...
Placing detail props : 0...1...2...3...4...5...6...7...8...9...10
Compacting texture/material tables...
Reduced 143 texinfos to 96
Reduced 18 texdatas to 17 (457 bytes to 416)
Writing d:\steam\steamapps\sourcemods\entropyzero2-addonworkspace\mapsrc\f02_lobby.bsp
0 seconds elapsed



12 threads
reading d:\steam\steamapps\sourcemods\entropyzero2-addonworkspace\mapsrc\f02_lobby.bsp
reading d:\steam\steamapps\sourcemods\entropyzero2-addonworkspace\mapsrc\f02_lobby.prt
  29 portalclusters
  54 numportals
0...1...2...3...4...5...6...7...8...9...10Optimized: 1 visible clusters (0.13%)
Total clusters visible: 762
Average clusters visible: 26
Building PAS...
Average clusters audible: 29
visdatasize:468  compressed from 464
writing d:\steam\steamapps\sourcemods\entropyzero2-addonworkspace\mapsrc\f02_lobby.bsp
0 seconds elapsed



[Reading texlights from 'lights.rad']
[48 texlights parsed from 'lights.rad']

Loading d:\steam\steamapps\sourcemods\entropyzero2-addonworkspace\mapsrc\f02_lobby.bsp
214 faces
1 degenerate faces
13945 square feet [2008081.38 square inches]
0 Displacements
0 Square Feet [0.00 Square Inches]
213 patches before subdivision
2595 patches after subdivision
2 direct lights
0...1...2...3...4...5...6...7...8...9...100...1...2...3...4...5...6...7...8...9...10transfers 245435, max 316
transfer lists:   1.9 megs
0...1...2...3...4...5...6...7...8...9...10	Bounce #1 added RGB(231, 229, 216)
0...1...2...3...4...5...6...7...8...9...10	Bounce #2 added RGB(60, 60, 53)
Build Patch/Sample Hash Table(s).....Done<0.0003 sec>
0...1...2...3...4...5...6...7...8...9...10FinalLightFace Done
0 of 0 (0% of) surface lights went in leaf ambient cubes.
0...1...2...3...4...5...6...7...8...9...10Writing leaf ambient...done
Ready to Finish

Object names       Objects/Maxobjs  Memory / Maxmem  Fullness 
------------       ---------------  ---------------  -------- 
models                   1/1024           48/49152    ( 0.1%) 
brushes                 82/8192          984/98304    ( 1.0%) 
brushsides             551/65536        4408/524288   ( 0.8%) 
planes                 234/65536        4680/1310720  ( 0.4%) 
vertexes               355/65536        4260/786432   ( 0.5%) 
nodes                   84/65536        2688/2097152  ( 0.1%) 
texinfos                96/12288        6912/884736   ( 0.8%) 
texdata                 17/2048          544/65536    ( 0.8%) 
dispinfos                0/0               0/0        ( 0.0%) 
disp_verts               0/0               0/0        ( 0.0%) 
disp_tris                0/0               0/0        ( 0.0%) 
disp_lmsamples           0/0               0/0        ( 0.0%) 
faces                  214/65536       11984/3670016  ( 0.3%) 
hdr faces                0/65536           0/3670016  ( 0.0%) 
origfaces              165/65536        9240/3670016  ( 0.3%) 
leaves                  86/65536        2752/2097152  ( 0.1%) 
leaffaces              253/65536         506/131072   ( 0.4%) 
leafbrushes            116/65536         232/131072   ( 0.2%) 
areas                    2/256            16/2048     ( 0.8%) 
surfedges             1799/512000       7196/2048000  ( 0.4%) 
edges                 1168/256000       4672/1024000  ( 0.5%) 
LDR worldlights          2/65536         176/5767168  ( 0.0%) 
HDR worldlights          0/65536           0/5767168  ( 0.0%) 
leafwaterdata            0/32768           0/393216   ( 0.0%) 
waterstrips             26/32768         260/327680   ( 0.1%) 
waterverts               0/65536           0/786432   ( 0.0%) 
waterindices           639/65536        1278/131072   ( 1.0%) 
cubemapsamples           0/1024            0/16384    ( 0.0%) 
overlays                 0/8192            0/2883584  ( 0.0%) 
LDR lightdata         [variable]       61676/0        ( 0.0%) 
HDR lightdata         [variable]           0/0        ( 0.0%) 
visdata               [variable]         468/16777216 ( 0.0%) 
entdata               [variable]        3265/393216   ( 0.8%) 
LDR ambient table       86/65536         344/262144   ( 0.1%) 
HDR ambient table       86/65536         344/262144   ( 0.1%) 
LDR leaf ambient       174/65536        4872/1835008  ( 0.3%) 
HDR leaf ambient        86/65536        2408/1835008  ( 0.1%) 
occluders                0/0               0/0        ( 0.0%) 
occluder polygons        0/0               0/0        ( 0.0%) 
occluder vert ind        0/0               0/0        ( 0.0%) 
detail props          [variable]           1/12       ( 8.3%) 
static props          [variable]           1/12       ( 8.3%) 
pakfile               [variable]         359/0        ( 0.0%) 
physics               [variable]       27429/4194304  ( 0.7%) 
physics terrain       [variable]           2/1048576  ( 0.0%) 

Level flags = 0

Total triangle count: 718
Writing d:\steam\steamapps\sourcemods\entropyzero2-addonworkspace\mapsrc\f02_lobby.bsp
0 seconds elapsed



materialPath: D:\steam\steamapps\sourcemods\entropyzero2-addonworkspace\materials
Loading d:\steam\steamapps\sourcemods\entropyzero2-addonworkspace\mapsrc\f02_lobby.vmf
"materials/az2/glass_superfrosted.vtf": cached version doesn't exist
ConVarRef mat_reduceparticles doesn't point to an existing ConVar
fixing up env_cubemap materials on brush sides...
0...1...2...3...4...5...6...7...8...9...100...1...2...3...4...5...6...7...8...9...10Processing areas...done (0)
Building Faces...done (0)
Chop Details...done (0)
Find Visible Detail Sides...
Merged 8 detail faces...done (0)
Merging details...done (0)
FixTjuncs...
PruneNodes...
WriteBSP...
done (0)
writing d:\steam\steamapps\sourcemods\entropyzero2-addonworkspace\mapsrc\f02_lobby.prt...Building visibility clusters...
done (0)
Finding displacement neighbors...
Finding lightmap sample positions...
Displacement Alpha : 0...1...2...3...4...5...6...7...8...9...10
Building Physics collision data...
done (0) (27429 bytes)
Placing static props...
Placing detail props : 0...1...2...3...4...5...6...7...8...9...10
Compacting texture/material tables...
Reduced 140 texinfos to 95
Reduced 17 texdatas to 16 (440 bytes to 399)
Writing d:\steam\steamapps\sourcemods\entropyzero2-addonworkspace\mapsrc\f02_lobby.bsp
0 seconds elapsed



12 threads
reading d:\steam\steamapps\sourcemods\entropyzero2-addonworkspace\mapsrc\f02_lobby.bsp
reading d:\steam\steamapps\sourcemods\entropyzero2-addonworkspace\mapsrc\f02_lobby.prt
  29 portalclusters
  54 numportals
0...1...2...3...4...5...6...7...8...9...10Optimized: 1 visible clusters (0.13%)
Total clusters visible: 762
Average clusters visible: 26
Building PAS...
Average clusters audible: 29
visdatasize:468  compressed from 464
writing d:\steam\steamapps\sourcemods\entropyzero2-addonworkspace\mapsrc\f02_lobby.bsp
0 seconds elapsed



[Reading texlights from 'lights.rad']
[48 texlights parsed from 'lights.rad']

Loading d:\steam\steamapps\sourcemods\entropyzero2-addonworkspace\mapsrc\f02_lobby.bsp
214 faces
1 degenerate faces
13945 square feet [2008081.38 square inches]
0 Displacements
0 Square Feet [0.00 Square Inches]
213 patches before subdivision
2595 patches after subdivision
2 direct lights
0...1...2...3...4...5...6...7...8...9...100...1...2...3...4...5...6...7...8...9...10transfers 245435, max 316
transfer lists:   1.9 megs
0...1...2...3...4...5...6...7...8...9...10	Bounce #1 added RGB(231, 229, 216)
0...1...2...3...4...5...6...7...8...9...10	Bounce #2 added RGB(55, 54, 48)
Build Patch/Sample Hash Table(s).....Done<0.0003 sec>
0...1...2...3...4...5...6...7...8...9...10FinalLightFace Done
0 of 0 (0% of) surface lights went in leaf ambient cubes.
0...1...2...3...4...5...6...7...8...9...10Writing leaf ambient...done
Ready to Finish

Object names       Objects/Maxobjs  Memory / Maxmem  Fullness 
------------       ---------------  ---------------  -------- 
models                   1/1024           48/49152    ( 0.1%) 
brushes                 82/8192          984/98304    ( 1.0%) 
brushsides             551/65536        4408/524288   ( 0.8%) 
planes                 234/65536        4680/1310720  ( 0.4%) 
vertexes               355/65536        4260/786432   ( 0.5%) 
nodes                   84/65536        2688/2097152  ( 0.1%) 
texinfos                95/12288        6840/884736   ( 0.8%) 
texdata                 16/2048          512/65536    ( 0.8%) 
dispinfos                0/0               0/0        ( 0.0%) 
disp_verts               0/0               0/0        ( 0.0%) 
disp_tris                0/0               0/0        ( 0.0%) 
disp_lmsamples           0/0               0/0        ( 0.0%) 
faces                  214/65536       11984/3670016  ( 0.3%) 
hdr faces                0/65536           0/3670016  ( 0.0%) 
origfaces              165/65536        9240/3670016  ( 0.3%) 
leaves                  86/65536        2752/2097152  ( 0.1%) 
leaffaces              253/65536         506/131072   ( 0.4%) 
leafbrushes            116/65536         232/131072   ( 0.2%) 
areas                    2/256            16/2048     ( 0.8%) 
surfedges             1799/512000       7196/2048000  ( 0.4%) 
edges                 1168/256000       4672/1024000  ( 0.5%) 
LDR worldlights          2/65536         176/5767168  ( 0.0%) 
HDR worldlights          0/65536           0/5767168  ( 0.0%) 
leafwaterdata            0/32768           0/393216   ( 0.0%) 
waterstrips             26/32768         260/327680   ( 0.1%) 
waterverts               0/65536           0/786432   ( 0.0%) 
waterindices           639/65536        1278/131072   ( 1.0%) 
cubemapsamples           0/1024            0/16384    ( 0.0%) 
overlays                 0/8192            0/2883584  ( 0.0%) 
LDR lightdata         [variable]       61676/0        ( 0.0%) 
HDR lightdata         [variable]           0/0        ( 0.0%) 
visdata               [variable]         468/16777216 ( 0.0%) 
entdata               [variable]        3265/393216   ( 0.8%) 
LDR ambient table       86/65536         344/262144   ( 0.1%) 
HDR ambient table       86/65536         344/262144   ( 0.1%) 
LDR leaf ambient       176/65536        4928/1835008  ( 0.3%) 
HDR leaf ambient        86/65536        2408/1835008  ( 0.1%) 
occluders                0/0               0/0        ( 0.0%) 
occluder polygons        0/0               0/0        ( 0.0%) 
occluder vert ind        0/0               0/0        ( 0.0%) 
detail props          [variable]           1/12       ( 8.3%) 
static props          [variable]           1/12       ( 8.3%) 
pakfile               [variable]         359/0        ( 0.0%) 
physics               [variable]       27429/4194304  ( 0.7%) 
physics terrain       [variable]           2/1048576  ( 0.0%) 

Level flags = 0

Total triangle count: 718
Writing d:\steam\steamapps\sourcemods\entropyzero2-addonworkspace\mapsrc\f02_lobby.bsp
0 seconds elapsed



materialPath: D:\steam\steamapps\sourcemods\entropyzero2-addonworkspace\materials
Loading d:\steam\steamapps\sourcemods\entropyzero2-addonworkspace\mapsrc\f02_lobby.vmf
"materials/az2/glass_superfrosted.vtf": cached version doesn't exist
ConVarRef mat_reduceparticles doesn't point to an existing ConVar
fixing up env_cubemap materials on brush sides...
0...1...2...3...4...5...6...7...8...9...100...1...2...3...4...5...6...7...8...9...10Processing areas...done (0)
Building Faces...done (0)
Chop Details...done (0)
Find Visible Detail Sides...
Merged 8 detail faces...done (0)
Merging details...done (0)
FixTjuncs...
PruneNodes...
WriteBSP...
done (0)
writing d:\steam\steamapps\sourcemods\entropyzero2-addonworkspace\mapsrc\f02_lobby.prt...Building visibility clusters...
done (0)
Finding displacement neighbors...
Finding lightmap sample positions...
Displacement Alpha : 0...1...2...3...4...5...6...7...8...9...10
Building Physics collision data...
done (0) (39829 bytes)
Placing static props...
Placing detail props : 0...1...2...3...4...5...6...7...8...9...10
Compacting texture/material tables...
Reduced 179 texinfos to 123
Reduced 18 texdatas to 17 (462 bytes to 421)
Writing d:\steam\steamapps\sourcemods\entropyzero2-addonworkspace\mapsrc\f02_lobby.bsp
0 seconds elapsed



12 threads
reading d:\steam\steamapps\sourcemods\entropyzero2-addonworkspace\mapsrc\f02_lobby.bsp
reading d:\steam\steamapps\sourcemods\entropyzero2-addonworkspace\mapsrc\f02_lobby.prt
  36 portalclusters
  61 numportals
0...1...2...3...4...5...6...7...8...9...10Optimized: 7 visible clusters (0.60%)
Total clusters visible: 1169
Average clusters visible: 32
Building PAS...
Average clusters audible: 36
visdatasize:652  compressed from 576
writing d:\steam\steamapps\sourcemods\entropyzero2-addonworkspace\mapsrc\f02_lobby.bsp
0 seconds elapsed



[Reading texlights from 'lights.rad']
[48 texlights parsed from 'lights.rad']

Loading d:\steam\steamapps\sourcemods\entropyzero2-addonworkspace\mapsrc\f02_lobby.bsp
295 faces
1 degenerate faces
18658 square feet [2686795.50 square inches]
0 Displacements
0 Square Feet [0.00 Square Inches]
294 patches before subdivision
3538 patches after subdivision
2 direct lights
0...1...2...3...4...5...6...7...8...9...100...1...2...3...4...5...6...7...8...9...10transfers 396866, max 393
transfer lists:   3.0 megs
0...1...2...3...4...5...6...7...8...9...10	Bounce #1 added RGB(518, 514, 489)
0...1...2...3...4...5...6...7...8...9...10	Bounce #2 added RGB(114, 112, 99)
Build Patch/Sample Hash Table(s).....Done<0.0005 sec>
0...1...2...3...4...5...6...7...8...9...10FinalLightFace Done
0 of 0 (0% of) surface lights went in leaf ambient cubes.
0...1...2...3...4...5...6...7...8...9...10Writing leaf ambient...done
Ready to Finish

Object names       Objects/Maxobjs  Memory / Maxmem  Fullness 
------------       ---------------  ---------------  -------- 
models                   1/1024           48/49152    ( 0.1%) 
brushes                122/8192         1464/98304    ( 1.5%) 
brushsides             811/65536        6488/524288   ( 1.2%) 
planes                 298/65536        5960/1310720  ( 0.5%) 
vertexes               502/65536        6024/786432   ( 0.8%) 
nodes                  106/65536        3392/2097152  ( 0.2%) 
texinfos               123/12288        8856/884736   ( 1.0%) 
texdata                 17/2048          544/65536    ( 0.8%) 
dispinfos                0/0               0/0        ( 0.0%) 
disp_verts               0/0               0/0        ( 0.0%) 
disp_tris                0/0               0/0        ( 0.0%) 
disp_lmsamples           0/0               0/0        ( 0.0%) 
faces                  295/65536       16520/3670016  ( 0.5%) 
hdr faces                0/65536           0/3670016  ( 0.0%) 
origfaces              230/65536       12880/3670016  ( 0.4%) 
leaves                 108/65536        3456/2097152  ( 0.2%) 
leaffaces              325/65536         650/131072   ( 0.5%) 
leafbrushes            165/65536         330/131072   ( 0.3%) 
areas                    2/256            16/2048     ( 0.8%) 
surfedges             2465/512000       9860/2048000  ( 0.5%) 
edges                 1620/256000       6480/1024000  ( 0.6%) 
LDR worldlights          2/65536         176/5767168  ( 0.0%) 
HDR worldlights          0/65536           0/5767168  ( 0.0%) 
leafwaterdata            0/32768           0/393216   ( 0.0%) 
waterstrips             41/32768         410/327680   ( 0.1%) 
waterverts               0/65536           0/786432   ( 0.0%) 
waterindices           954/65536        1908/131072   ( 1.5%) 
cubemapsamples           0/1024            0/16384    ( 0.0%) 
overlays                 0/8192            0/2883584  ( 0.0%) 
LDR lightdata         [variable]       84816/0        ( 0.0%) 
HDR lightdata         [variable]           0/0        ( 0.0%) 
visdata               [variable]         652/16777216 ( 0.0%) 
entdata               [variable]        4134/393216   ( 1.1%) 
LDR ambient table      108/65536         432/262144   ( 0.2%) 
HDR ambient table      108/65536         432/262144   ( 0.2%) 
LDR leaf ambient       275/65536        7700/1835008  ( 0.4%) 
HDR leaf ambient       108/65536        3024/1835008  ( 0.2%) 
occluders                0/0               0/0        ( 0.0%) 
occluder polygons        0/0               0/0        ( 0.0%) 
occluder vert ind        0/0               0/0        ( 0.0%) 
detail props          [variable]           1/12       ( 8.3%) 
static props          [variable]           1/12       ( 8.3%) 
pakfile               [variable]         359/0        ( 0.0%) 
physics               [variable]       39829/4194304  ( 0.9%) 
physics terrain       [variable]           2/1048576  ( 0.0%) 

Level flags = 0

Total triangle count: 970
Writing d:\steam\steamapps\sourcemods\entropyzero2-addonworkspace\mapsrc\f02_lobby.bsp
0 seconds elapsed



materialPath: D:\steam\steamapps\sourcemods\entropyzero2-addonworkspace\materials
Loading d:\steam\steamapps\sourcemods\entropyzero2-addonworkspace\mapsrc\f02_lobby.vmf
"materials/az2/glass_superfrosted.vtf": cached version doesn't exist
ConVarRef mat_reduceparticles doesn't point to an existing ConVar
fixing up env_cubemap materials on brush sides...
0...1...2...3...4...5...6...7...8...9...100...1...2...3...4...5...6...7...8...9...10Processing areas...done (0)
Building Faces...done (0)
Chop Details...done (0)
Find Visible Detail Sides...
Merged 10 detail faces...done (0)
Merging details...done (0)
FixTjuncs...
PruneNodes...
WriteBSP...
done (0)
writing d:\steam\steamapps\sourcemods\entropyzero2-addonworkspace\mapsrc\f02_lobby.prt...Building visibility clusters...
done (0)
Finding displacement neighbors...
Finding lightmap sample positions...
Displacement Alpha : 0...1...2...3...4...5...6...7...8...9...10
Building Physics collision data...
done (0) (47856 bytes)
Placing static props...
Placing detail props : 0...1...2...3...4...5...6...7...8...9...10
Compacting texture/material tables...
Reduced 228 texinfos to 162
Reduced 24 texdatas to 22 (612 bytes to 534)
Writing d:\steam\steamapps\sourcemods\entropyzero2-addonworkspace\mapsrc\f02_lobby.bsp
0 seconds elapsed



12 threads
reading d:\steam\steamapps\sourcemods\entropyzero2-addonworkspace\mapsrc\f02_lobby.bsp
reading d:\steam\steamapps\sourcemods\entropyzero2-addonworkspace\mapsrc\f02_lobby.prt
  36 portalclusters
  61 numportals
0...1...2...3...4...5...6...7...8...9...10Optimized: 7 visible clusters (0.60%)
Total clusters visible: 1169
Average clusters visible: 32
Building PAS...
Average clusters audible: 36
visdatasize:652  compressed from 576
writing d:\steam\steamapps\sourcemods\entropyzero2-addonworkspace\mapsrc\f02_lobby.bsp
0 seconds elapsed



[Reading texlights from 'lights.rad']
[48 texlights parsed from 'lights.rad']

Loading d:\steam\steamapps\sourcemods\entropyzero2-addonworkspace\mapsrc\f02_lobby.bsp
382 faces
1 degenerate faces
19318 square feet [2781894.00 square inches]
0 Displacements
0 Square Feet [0.00 Square Inches]
381 patches before subdivision
3689 patches after subdivision
2 direct lights
0...1...2...3...4...5...6...7...8...9...100...1...2...3...4...5...6...7...8...9...10transfers 424093, max 410
transfer lists:   3.2 megs
0...1...2...3...4...5...6...7...8...9...10	Bounce #1 added RGB(540, 532, 504)
0...1...2...3...4...5...6...7...8...9...10	Bounce #2 added RGB(118, 113, 100)
Build Patch/Sample Hash Table(s).....Done<0.0005 sec>
0...1...2...3...4...5...6...7...8...9...10FinalLightFace Done
0 of 0 (0% of) surface lights went in leaf ambient cubes.
0...1...2...3...4...5...6...7...8...9...10Writing leaf ambient...done
Ready to Finish

Object names       Objects/Maxobjs  Memory / Maxmem  Fullness 
------------       ---------------  ---------------  -------- 
models                   1/1024           48/49152    ( 0.1%) 
brushes                144/8192         1728/98304    ( 1.8%) 
brushsides             979/65536        7832/524288   ( 1.5%) 
planes                 404/65536        8080/1310720  ( 0.6%) 
vertexes               619/65536        7428/786432   ( 0.9%) 
nodes                  106/65536        3392/2097152  ( 0.2%) 
texinfos               162/12288       11664/884736   ( 1.3%) 
texdata                 22/2048          704/65536    ( 1.1%) 
dispinfos                0/0               0/0        ( 0.0%) 
disp_verts               0/0               0/0        ( 0.0%) 
disp_tris                0/0               0/0        ( 0.0%) 
disp_lmsamples           0/0               0/0        ( 0.0%) 
faces                  382/65536       21392/3670016  ( 0.6%) 
hdr faces                0/65536           0/3670016  ( 0.0%) 
origfaces              312/65536       17472/3670016  ( 0.5%) 
leaves                 108/65536        3456/2097152  ( 0.2%) 
leaffaces              421/65536         842/131072   ( 0.6%) 
leafbrushes            190/65536         380/131072   ( 0.3%) 
areas                    2/256            16/2048     ( 0.8%) 
surfedges             3198/512000      12792/2048000  ( 0.6%) 
edges                 2066/256000       8264/1024000  ( 0.8%) 
LDR worldlights          2/65536         176/5767168  ( 0.0%) 
HDR worldlights          0/65536           0/5767168  ( 0.0%) 
leafwaterdata            0/32768           0/393216   ( 0.0%) 
waterstrips             46/32768         460/327680   ( 0.1%) 
waterverts               0/65536           0/786432   ( 0.0%) 
waterindices          1056/65536        2112/131072   ( 1.6%) 
cubemapsamples           0/1024            0/16384    ( 0.0%) 
overlays                 1/8192          352/2883584  ( 0.0%) 
LDR lightdata         [variable]       90616/0        ( 0.0%) 
HDR lightdata         [variable]           0/0        ( 0.0%) 
visdata               [variable]         652/16777216 ( 0.0%) 
entdata               [variable]        4134/393216   ( 1.1%) 
LDR ambient table      108/65536         432/262144   ( 0.2%) 
HDR ambient table      108/65536         432/262144   ( 0.2%) 
LDR leaf ambient       279/65536        7812/1835008  ( 0.4%) 
HDR leaf ambient       108/65536        3024/1835008  ( 0.2%) 
occluders                0/0               0/0        ( 0.0%) 
occluder polygons        0/0               0/0        ( 0.0%) 
occluder vert ind        0/0               0/0        ( 0.0%) 
detail props          [variable]           1/12       ( 8.3%) 
static props          [variable]           1/728      ( 0.1%) 
pakfile               [variable]         652/0        ( 0.0%) 
physics               [variable]       47856/4194304  ( 1.1%) 
physics terrain       [variable]           2/1048576  ( 0.0%) 

Level flags = 0

Total triangle count: 1201
Writing d:\steam\steamapps\sourcemods\entropyzero2-addonworkspace\mapsrc\f02_lobby.bsp
0 seconds elapsed



materialPath: D:\steam\steamapps\sourcemods\entropyzero2-addonworkspace\materials
Loading d:\steam\steamapps\sourcemods\entropyzero2-addonworkspace\mapsrc\f02_lobby.vmf
"materials/az2/glass_superfrosted.vtf": cached version doesn't exist
ConVarRef mat_reduceparticles doesn't point to an existing ConVar
fixing up env_cubemap materials on brush sides...
0...1...2...3...4...5...6...7...8...9...100...1...2...3...4...5...6...7...8...9...10Processing areas...done (0)
Building Faces...done (0)
Chop Details...done (0)
Find Visible Detail Sides...
Merged 10 detail faces...done (0)
Merging details...done (0)
FixTjuncs...
PruneNodes...
WriteBSP...
done (0)
writing d:\steam\steamapps\sourcemods\entropyzero2-addonworkspace\mapsrc\f02_lobby.prt...Building visibility clusters...
done (0)
Finding displacement neighbors...
Finding lightmap sample positions...
Displacement Alpha : 0...1...2...3...4...5...6...7...8...9...10
Building Physics collision data...
done (0) (47856 bytes)
Placing static props...
Placing detail props : 0...1...2...3...4...5...6...7...8...9...10
Compacting texture/material tables...
Reduced 228 texinfos to 162
Reduced 24 texdatas to 22 (612 bytes to 534)
Writing d:\steam\steamapps\sourcemods\entropyzero2-addonworkspace\mapsrc\f02_lobby.bsp
0 seconds elapsed



12 threads
reading d:\steam\steamapps\sourcemods\entropyzero2-addonworkspace\mapsrc\f02_lobby.bsp
reading d:\steam\steamapps\sourcemods\entropyzero2-addonworkspace\mapsrc\f02_lobby.prt
  36 portalclusters
  61 numportals
0...1...2...3...4...5...6...7...8...9...10Optimized: 7 visible clusters (0.60%)
Total clusters visible: 1169
Average clusters visible: 32
Building PAS...
Average clusters audible: 36
visdatasize:652  compressed from 576
writing d:\steam\steamapps\sourcemods\entropyzero2-addonworkspace\mapsrc\f02_lobby.bsp
0 seconds elapsed



[Reading texlights from 'lights.rad']
[48 texlights parsed from 'lights.rad']

Loading d:\steam\steamapps\sourcemods\entropyzero2-addonworkspace\mapsrc\f02_lobby.bsp
382 faces
1 degenerate faces
19318 square feet [2781894.00 square inches]
0 Displacements
0 Square Feet [0.00 Square Inches]
381 patches before subdivision
3689 patches after subdivision
6 direct lights
0...1...2...3...4...5...6...7...8...9...100...1...2...3...4...5...6...7...8...9...10transfers 423781, max 410
transfer lists:   3.2 megs
0...1...2...3...4...5...6...7...8...9...10	Bounce #1 added RGB(2165, 2322, 2669)
0...1...2...3...4...5...6...7...8...9...10	Bounce #2 added RGB(496, 515, 557)
Build Patch/Sample Hash Table(s).....Done<0.0005 sec>
0...1...2...3...4...5...6...7...8...9...10FinalLightFace Done
0 of 0 (0% of) surface lights went in leaf ambient cubes.
0...1...2...3...4...5...6...7...8...9...10Writing leaf ambient...done
Ready to Finish

Object names       Objects/Maxobjs  Memory / Maxmem  Fullness 
------------       ---------------  ---------------  -------- 
models                   1/1024           48/49152    ( 0.1%) 
brushes                144/8192         1728/98304    ( 1.8%) 
brushsides             979/65536        7832/524288   ( 1.5%) 
planes                 404/65536        8080/1310720  ( 0.6%) 
vertexes               619/65536        7428/786432   ( 0.9%) 
nodes                  106/65536        3392/2097152  ( 0.2%) 
texinfos               162/12288       11664/884736   ( 1.3%) 
texdata                 22/2048          704/65536    ( 1.1%) 
dispinfos                0/0               0/0        ( 0.0%) 
disp_verts               0/0               0/0        ( 0.0%) 
disp_tris                0/0               0/0        ( 0.0%) 
disp_lmsamples           0/0               0/0        ( 0.0%) 
faces                  382/65536       21392/3670016  ( 0.6%) 
hdr faces                0/65536           0/3670016  ( 0.0%) 
origfaces              312/65536       17472/3670016  ( 0.5%) 
leaves                 108/65536        3456/2097152  ( 0.2%) 
leaffaces              421/65536         842/131072   ( 0.6%) 
leafbrushes            190/65536         380/131072   ( 0.3%) 
areas                    2/256            16/2048     ( 0.8%) 
surfedges             3198/512000      12792/2048000  ( 0.6%) 
edges                 2066/256000       8264/1024000  ( 0.8%) 
LDR worldlights          6/65536         528/5767168  ( 0.0%) 
HDR worldlights          0/65536           0/5767168  ( 0.0%) 
leafwaterdata            0/32768           0/393216   ( 0.0%) 
waterstrips             46/32768         460/327680   ( 0.1%) 
waterverts               0/65536           0/786432   ( 0.0%) 
waterindices          1056/65536        2112/131072   ( 1.6%) 
cubemapsamples           0/1024            0/16384    ( 0.0%) 
overlays                 1/8192          352/2883584  ( 0.0%) 
LDR lightdata         [variable]       90616/0        ( 0.0%) 
HDR lightdata         [variable]           0/0        ( 0.0%) 
visdata               [variable]         652/16777216 ( 0.0%) 
entdata               [variable]        4782/393216   ( 1.2%) 
LDR ambient table      108/65536         432/262144   ( 0.2%) 
HDR ambient table      108/65536         432/262144   ( 0.2%) 
LDR leaf ambient       332/65536        9296/1835008  ( 0.5%) 
HDR leaf ambient       108/65536        3024/1835008  ( 0.2%) 
occluders                0/0               0/0        ( 0.0%) 
occluder polygons        0/0               0/0        ( 0.0%) 
occluder vert ind        0/0               0/0        ( 0.0%) 
detail props          [variable]           1/12       ( 8.3%) 
static props          [variable]           1/988      ( 0.1%) 
pakfile               [variable]         652/0        ( 0.0%) 
physics               [variable]       47856/4194304  ( 1.1%) 
physics terrain       [variable]           2/1048576  ( 0.0%) 

Level flags = 0

Total triangle count: 1201
Writing d:\steam\steamapps\sourcemods\entropyzero2-addonworkspace\mapsrc\f02_lobby.bsp
0 seconds elapsed



materialPath: D:\steam\steamapps\sourcemods\entropyzero2-addonworkspace\materials
Loading d:\steam\steamapps\sourcemods\entropyzero2-addonworkspace\mapsrc\f02_lobby.vmf
"materials/az2/glass_superfrosted.vtf": cached version doesn't exist
ConVarRef mat_reduceparticles doesn't point to an existing ConVar
fixing up env_cubemap materials on brush sides...
0...1...2...3...4...5...6...7...8...9...100...1...2...3...4...5...6...7...8...9...10Processing areas...done (0)
Building Faces...done (0)
Chop Details...done (0)
Find Visible Detail Sides...
Merged 10 detail faces...done (0)
Merging details...done (0)
FixTjuncs...
PruneNodes...
WriteBSP...
done (0)
writing d:\steam\steamapps\sourcemods\entropyzero2-addonworkspace\mapsrc\f02_lobby.prt...Building visibility clusters...
done (0)
Finding displacement neighbors...
Finding lightmap sample positions...
Displacement Alpha : 0...1...2...3...4...5...6...7...8...9...10
Building Physics collision data...
done (0) (50689 bytes)
Placing static props...
Placing detail props : 0...1...2...3...4...5...6...7...8...9...10
Compacting texture/material tables...
Reduced 240 texinfos to 170
Reduced 25 texdatas to 23 (632 bytes to 554)
Writing d:\steam\steamapps\sourcemods\entropyzero2-addonworkspace\mapsrc\f02_lobby.bsp
0 seconds elapsed



12 threads
reading d:\steam\steamapps\sourcemods\entropyzero2-addonworkspace\mapsrc\f02_lobby.bsp
reading d:\steam\steamapps\sourcemods\entropyzero2-addonworkspace\mapsrc\f02_lobby.prt
  55 portalclusters
 119 numportals
0...1...2...3...4...5...6...7...8...9...10Optimized: 29 visible clusters (1.03%)
Total clusters visible: 2806
Average clusters visible: 51
Building PAS...
Average clusters audible: 55
visdatasize:1214  compressed from 880
writing d:\steam\steamapps\sourcemods\entropyzero2-addonworkspace\mapsrc\f02_lobby.bsp
0 seconds elapsed



[Reading texlights from 'lights.rad']
[48 texlights parsed from 'lights.rad']

Loading d:\steam\steamapps\sourcemods\entropyzero2-addonworkspace\mapsrc\f02_lobby.bsp
419 faces
1 degenerate faces
19652 square feet [2830014.00 square inches]
0 Displacements
0 Square Feet [0.00 Square Inches]
418 patches before subdivision
3808 patches after subdivision
7 direct lights
0...1...2...3...4...5...6...7...8...9...100...1...2...3...4...5...6...7...8...9...10transfers 466110, max 427
transfer lists:   3.6 megs
0...1...2...3...4...5...6...7...8...9...10	Bounce #1 added RGB(7867, 7954, 7870)
0...1...2...3...4...5...6...7...8...9...10	Bounce #2 added RGB(2177, 2157, 1963)
Build Patch/Sample Hash Table(s).....Done<0.0005 sec>
0...1...2...3...4...5...6...7...8...9...10FinalLightFace Done
0 of 0 (0% of) surface lights went in leaf ambient cubes.
0...1...2...3...4...5...6...7...8...9...10Writing leaf ambient...done
Ready to Finish

Object names       Objects/Maxobjs  Memory / Maxmem  Fullness 
------------       ---------------  ---------------  -------- 
models                   1/1024           48/49152    ( 0.1%) 
brushes                152/8192         1824/98304    ( 1.9%) 
brushsides            1029/65536        8232/524288   ( 1.6%) 
planes                 420/65536        8400/1310720  ( 0.6%) 
vertexes               664/65536        7968/786432   ( 1.0%) 
nodes                  128/65536        4096/2097152  ( 0.2%) 
texinfos               170/12288       12240/884736   ( 1.4%) 
texdata                 23/2048          736/65536    ( 1.1%) 
dispinfos                0/0               0/0        ( 0.0%) 
disp_verts               0/0               0/0        ( 0.0%) 
disp_tris                0/0               0/0        ( 0.0%) 
disp_lmsamples           0/0               0/0        ( 0.0%) 
faces                  419/65536       23464/3670016  ( 0.6%) 
hdr faces                0/65536           0/3670016  ( 0.0%) 
origfaces              332/65536       18592/3670016  ( 0.5%) 
leaves                 130/65536        4160/2097152  ( 0.2%) 
leaffaces              468/65536         936/131072   ( 0.7%) 
leafbrushes            204/65536         408/131072   ( 0.3%) 
areas                    2/256            16/2048     ( 0.8%) 
surfedges             3445/512000      13780/2048000  ( 0.7%) 
edges                 2223/256000       8892/1024000  ( 0.9%) 
LDR worldlights          7/65536         616/5767168  ( 0.0%) 
HDR worldlights          0/65536           0/5767168  ( 0.0%) 
leafwaterdata            0/32768           0/393216   ( 0.0%) 
waterstrips             49/32768         490/327680   ( 0.1%) 
waterverts               0/65536           0/786432   ( 0.0%) 
waterindices          1101/65536        2202/131072   ( 1.7%) 
cubemapsamples           0/1024            0/16384    ( 0.0%) 
overlays                 1/8192          352/2883584  ( 0.0%) 
LDR lightdata         [variable]       93340/0        ( 0.0%) 
HDR lightdata         [variable]           0/0        ( 0.0%) 
visdata               [variable]        1214/16777216 ( 0.0%) 
entdata               [variable]        4947/393216   ( 1.3%) 
LDR ambient table      130/65536         520/262144   ( 0.2%) 
HDR ambient table      130/65536         520/262144   ( 0.2%) 
LDR leaf ambient       470/65536       13160/1835008  ( 0.7%) 
HDR leaf ambient       130/65536        3640/1835008  ( 0.2%) 
occluders                0/0               0/0        ( 0.0%) 
occluder polygons        0/0               0/0        ( 0.0%) 
occluder vert ind        0/0               0/0        ( 0.0%) 
detail props          [variable]           1/12       ( 8.3%) 
static props          [variable]           1/988      ( 0.1%) 
pakfile               [variable]         652/0        ( 0.0%) 
physics               [variable]       50689/4194304  ( 1.2%) 
physics terrain       [variable]           2/1048576  ( 0.0%) 

Level flags = 0

Total triangle count: 1294
Writing d:\steam\steamapps\sourcemods\entropyzero2-addonworkspace\mapsrc\f02_lobby.bsp
0 seconds elapsed



materialPath: D:\steam\steamapps\sourcemods\entropyzero2-addonworkspace\materials
Loading d:\steam\steamapps\sourcemods\entropyzero2-addonworkspace\mapsrc\f02_lobby.vmf
"materials/az2/glass_superfrosted.vtf": cached version doesn't exist
ConVarRef mat_reduceparticles doesn't point to an existing ConVar
Patching WVT material: maps/f02_lobby/dev/dev_blendmeasure2_wvt_patch
fixing up env_cubemap materials on brush sides...
0...1...2...3...4...5...6...7...8...9...10**** leaked ****
Entity prop_door_rotating (-1551.00 680.00 54.00) leaked!
--- MAP LEAKED ---



12 threads
reading d:\steam\steamapps\sourcemods\entropyzero2-addonworkspace\mapsrc\f02_lobby.bsp
reading d:\steam\steamapps\sourcemods\entropyzero2-addonworkspace\mapsrc\f02_lobby.prt
LoadPortals: couldn't read d:\steam\steamapps\sourcemods\entropyzero2-addonworkspace\mapsrc\f02_lobby.prt



materialPath: D:\steam\steamapps\sourcemods\entropyzero2-addonworkspace\materials
Loading d:\steam\steamapps\sourcemods\entropyzero2-addonworkspace\mapsrc\f02_lobby.vmf
"materials/az2/glass_superfrosted.vtf": cached version doesn't exist
ConVarRef mat_reduceparticles doesn't point to an existing ConVar
Patching WVT material: maps/f02_lobby/dev/dev_blendmeasure2_wvt_patch
fixing up env_cubemap materials on brush sides...
0...1...2...3...4...5...6...7...8...9...10**** leaked ****
Entity prop_static (-1568.00 -448.00 0.00) leaked!
--- MAP LEAKED ---



12 threads
reading d:\steam\steamapps\sourcemods\entropyzero2-addonworkspace\mapsrc\f02_lobby.bsp
reading d:\steam\steamapps\sourcemods\entropyzero2-addonworkspace\mapsrc\f02_lobby.prt
LoadPortals: couldn't read d:\steam\steamapps\sourcemods\entropyzero2-addonworkspace\mapsrc\f02_lobby.prt



materialPath: D:\steam\steamapps\sourcemods\entropyzero2-addonworkspace\materials
Loading d:\steam\steamapps\sourcemods\entropyzero2-addonworkspace\mapsrc\f02_lobby.vmf
"materials/az2/glass_superfrosted.vtf": cached version doesn't exist
ConVarRef mat_reduceparticles doesn't point to an existing ConVar
Patching WVT material: maps/f02_lobby/dev/dev_blendmeasure2_wvt_patch
fixing up env_cubemap materials on brush sides...
0...1...2...3...4...5...6...7...8...9...10**** leaked ****
Entity prop_static (-1044.00 -92.00 0.00) leaked!
--- MAP LEAKED ---



12 threads
reading d:\steam\steamapps\sourcemods\entropyzero2-addonworkspace\mapsrc\f02_lobby.bsp
reading d:\steam\steamapps\sourcemods\entropyzero2-addonworkspace\mapsrc\f02_lobby.prt
LoadPortals: couldn't read d:\steam\steamapps\sourcemods\entropyzero2-addonworkspace\mapsrc\f02_lobby.prt



materialPath: D:\steam\steamapps\sourcemods\entropyzero2-addonworkspace\materials
Loading d:\steam\steamapps\sourcemods\entropyzero2-addonworkspace\mapsrc\f02_lobby.vmf
"materials/az2/glass_superfrosted.vtf": cached version doesn't exist
ConVarRef mat_reduceparticles doesn't point to an existing ConVar
Patching WVT material: maps/f02_lobby/dev/dev_blendmeasure2_wvt_patch
fixing up env_cubemap materials on brush sides...
0...1...2...3...4...5...6...7...8...9...10**** leaked ****
Entity prop_door_rotating (-1224.00 785.00 198.00) leaked!
--- MAP LEAKED ---



12 threads
reading d:\steam\steamapps\sourcemods\entropyzero2-addonworkspace\mapsrc\f02_lobby.bsp
reading d:\steam\steamapps\sourcemods\entropyzero2-addonworkspace\mapsrc\f02_lobby.prt
LoadPortals: couldn't read d:\steam\steamapps\sourcemods\entropyzero2-addonworkspace\mapsrc\f02_lobby.prt



materialPath: D:\steam\steamapps\sourcemods\entropyzero2-addonworkspace\materials
Loading d:\steam\steamapps\sourcemods\entropyzero2-addonworkspace\mapsrc\f02_lobby.vmf
"materials/az2/glass_superfrosted.vtf": cached version doesn't exist
ConVarRef mat_reduceparticles doesn't point to an existing ConVar
Patching WVT material: maps/f02_lobby/dev/dev_blendmeasure2_wvt_patch
fixing up env_cubemap materials on brush sides...
0...1...2...3...4...5...6...7...8...9...10**** leaked ****
Entity prop_static (-1044.00 -92.00 0.00) leaked!
--- MAP LEAKED ---



12 threads
reading d:\steam\steamapps\sourcemods\entropyzero2-addonworkspace\mapsrc\f02_lobby.bsp
reading d:\steam\steamapps\sourcemods\entropyzero2-addonworkspace\mapsrc\f02_lobby.prt
LoadPortals: couldn't read d:\steam\steamapps\sourcemods\entropyzero2-addonworkspace\mapsrc\f02_lobby.prt



materialPath: D:\steam\steamapps\sourcemods\entropyzero2-addonworkspace\materials
Loading d:\steam\steamapps\sourcemods\entropyzero2-addonworkspace\mapsrc\f02_lobby.vmf
"materials/az2/glass_superfrosted.vtf": cached version doesn't exist
ConVarRef mat_reduceparticles doesn't point to an existing ConVar
Patching WVT material: maps/f02_lobby/dev/dev_blendmeasure2_wvt_patch
fixing up env_cubemap materials on brush sides...
0...1...2...3...4...5...6...7...8...9...10**** leaked ****
Entity prop_door_rotating (-1224.00 785.00 198.00) leaked!
--- MAP LEAKED ---



12 threads
reading d:\steam\steamapps\sourcemods\entropyzero2-addonworkspace\mapsrc\f02_lobby.bsp
reading d:\steam\steamapps\sourcemods\entropyzero2-addonworkspace\mapsrc\f02_lobby.prt
LoadPortals: couldn't read d:\steam\steamapps\sourcemods\entropyzero2-addonworkspace\mapsrc\f02_lobby.prt



materialPath: D:\steam\steamapps\sourcemods\entropyzero2-addonworkspace\materials
Loading d:\steam\steamapps\sourcemods\entropyzero2-addonworkspace\mapsrc\f02_lobby.vmf
"materials/az2/glass_superfrosted.vtf": cached version doesn't exist
ConVarRef mat_reduceparticles doesn't point to an existing ConVar
Patching WVT material: maps/f02_lobby/dev/dev_blendmeasure2_wvt_patch
fixing up env_cubemap materials on brush sides...
0...1...2...3...4...5...6...7...8...9...10**** leaked ****
Entity prop_door_rotating (-1224.00 785.00 198.00) leaked!
--- MAP LEAKED ---



12 threads
reading d:\steam\steamapps\sourcemods\entropyzero2-addonworkspace\mapsrc\f02_lobby.bsp
reading d:\steam\steamapps\sourcemods\entropyzero2-addonworkspace\mapsrc\f02_lobby.prt
LoadPortals: couldn't read d:\steam\steamapps\sourcemods\entropyzero2-addonworkspace\mapsrc\f02_lobby.prt



materialPath: D:\steam\steamapps\sourcemods\entropyzero2-addonworkspace\materials
Loading d:\steam\steamapps\sourcemods\entropyzero2-addonworkspace\mapsrc\f02_lobby.vmf
"materials/az2/glass_superfrosted.vtf": cached version doesn't exist
ConVarRef mat_reduceparticles doesn't point to an existing ConVar
Patching WVT material: maps/f02_lobby/dev/dev_blendmeasure2_wvt_patch
fixing up env_cubemap materials on brush sides...
0...1...2...3...4...5...6...7...8...9...100...1...2...3...4...5...6...7...8...9...10Processing areas...done (0)
Building Faces...done (0)
Chop Details...done (0)
Find Visible Detail Sides...
Merged 6 detail faces...done (0)
Merging details...done (0)
FixTjuncs...
PruneNodes...
WriteBSP...
done (0)
writing d:\steam\steamapps\sourcemods\entropyzero2-addonworkspace\mapsrc\f02_lobby.prt...Building visibility clusters...
done (0)
Finding displacement neighbors...
Finding lightmap sample positions...
Displacement Alpha : 0...1...2...3...4...5...6...7...8...9...10
Building Physics collision data...
done (0) (79793 bytes)
Placing static props...
Error! To use model "models/combine_apc.mdl"
      with prop_static, it must be compiled with $staticprop!
Error loading studio model "models/combine_apc.mdl"!
Placing detail props : 0...1...2...3...4...5...6...7...8...9...10
Compacting texture/material tables...
Reduced 454 texinfos to 234
Reduced 33 texdatas to 31 (898 bytes to 835)
Writing d:\steam\steamapps\sourcemods\entropyzero2-addonworkspace\mapsrc\f02_lobby.bsp
1 second elapsed



12 threads
reading d:\steam\steamapps\sourcemods\entropyzero2-addonworkspace\mapsrc\f02_lobby.bsp
reading d:\steam\steamapps\sourcemods\entropyzero2-addonworkspace\mapsrc\f02_lobby.prt
 156 portalclusters
 401 numportals
0...1...2...3...4...5...6...7...8...9...10Optimized: 293 visible clusters (1.64%)
Total clusters visible: 17851
Average clusters visible: 114
Building PAS...
Average clusters audible: 156
visdatasize:7470  compressed from 7488
writing d:\steam\steamapps\sourcemods\entropyzero2-addonworkspace\mapsrc\f02_lobby.bsp
0 seconds elapsed



[Reading texlights from 'lights.rad']
[48 texlights parsed from 'lights.rad']

Loading d:\steam\steamapps\sourcemods\entropyzero2-addonworkspace\mapsrc\f02_lobby.bsp
Error! Unable to load file "models/props_vehicles/cara_69sedan.dx80.vtx"
831 faces
70683 square feet [10178373.00 square inches]
0 Displacements
0 Square Feet [0.00 Square Inches]
831 patches before subdivision
10591 patches after subdivision
12 direct lights
0...1...2...3...4...5...6...7...8...9...100...1...2...3...4...5...6...7...8...9...10transfers 979280, max 431
transfer lists:   7.5 megs
0...1...2...3...4...5...6...7...8...9...10	Bounce #1 added RGB(18973, 19152, 18662)
0...1...2...3...4...5...6...7...8...9...10	Bounce #2 added RGB(4682, 4665, 4258)
Build Patch/Sample Hash Table(s).....Done<0.0012 sec>
0...1...2...3...4...5...6...7...8...9...10FinalLightFace Done
0 of 0 (0% of) surface lights went in leaf ambient cubes.
0...1...2...3...4...5...6...7...8...9...10Writing leaf ambient...done
Ready to Finish

Object names       Objects/Maxobjs  Memory / Maxmem  Fullness 
------------       ---------------  ---------------  -------- 
models                   1/1024           48/49152    ( 0.1%) 
brushes                230/8192         2760/98304    ( 2.8%) 
brushsides            1462/65536       11696/524288   ( 2.2%) 
planes                 532/65536       10640/1310720  ( 0.8%) 
vertexes              1252/65536       15024/786432   ( 1.9%) 
nodes                  370/65536       11840/2097152  ( 0.6%) 
texinfos               234/12288       16848/884736   ( 1.9%) 
texdata                 31/2048          992/65536    ( 1.5%) 
dispinfos                0/0               0/0        ( 0.0%) 
disp_verts               0/0               0/0        ( 0.0%) 
disp_tris                0/0               0/0        ( 0.0%) 
disp_lmsamples           0/0               0/0        ( 0.0%) 
faces                  831/65536       46536/3670016  ( 1.3%) 
hdr faces                0/65536           0/3670016  ( 0.0%) 
origfaces              572/65536       32032/3670016  ( 0.9%) 
leaves                 372/65536       11904/2097152  ( 0.6%) 
leaffaces             1056/65536        2112/131072   ( 1.6%) 
leafbrushes            428/65536         856/131072   ( 0.7%) 
areas                    2/256            16/2048     ( 0.8%) 
surfedges             6261/512000      25044/2048000  ( 1.2%) 
edges                 4072/256000      16288/1024000  ( 1.6%) 
LDR worldlights         12/65536        1056/5767168  ( 0.0%) 
HDR worldlights          0/65536           0/5767168  ( 0.0%) 
leafwaterdata            0/32768           0/393216   ( 0.0%) 
waterstrips             76/32768         760/327680   ( 0.2%) 
waterverts               0/65536           0/786432   ( 0.0%) 
waterindices          1479/65536        2958/131072   ( 2.3%) 
cubemapsamples           0/1024            0/16384    ( 0.0%) 
overlays                 1/8192          352/2883584  ( 0.0%) 
LDR lightdata         [variable]      266772/0        ( 0.0%) 
HDR lightdata         [variable]           0/0        ( 0.0%) 
visdata               [variable]        7470/16777216 ( 0.0%) 
entdata               [variable]        6034/393216   ( 1.5%) 
LDR ambient table      372/65536        1488/262144   ( 0.6%) 
HDR ambient table      372/65536        1488/262144   ( 0.6%) 
LDR leaf ambient      1424/65536       39872/1835008  ( 2.2%) 
HDR leaf ambient       372/65536       10416/1835008  ( 0.6%) 
occluders                0/0               0/0        ( 0.0%) 
occluder polygons        0/0               0/0        ( 0.0%) 
occluder vert ind        0/0               0/0        ( 0.0%) 
detail props          [variable]           1/12       ( 8.3%) 
static props          [variable]           1/1780     ( 0.1%) 
pakfile               [variable]         690/0        ( 0.0%) 
physics               [variable]       79793/4194304  ( 1.9%) 
physics terrain       [variable]           2/1048576  ( 0.0%) 

Level flags = 0

Total triangle count: 2313
Writing d:\steam\steamapps\sourcemods\entropyzero2-addonworkspace\mapsrc\f02_lobby.bsp
0 seconds elapsed
