PRT1
135
389
4 0 3 (3296 3072 992 ) (3072 3072 992 ) (3072 3072 -480 ) (3296 3072 -480 ) 
4 0 1 (3072 3072 -480 ) (3072 3072 992 ) (3072 3808 992 ) (3072 3808 -480 ) 
4 1 5 (3072 3072 -480 ) (3072 3072 992 ) (2048 3072 992 ) (2048 3072 -480 ) 
4 1 2 (2048 3072 -480 ) (2048 3072 992 ) (2048 3808 992 ) (2048 3808 -480 ) 
4 2 9 (1024 3072 -480 ) (1024 3072 992 ) (1024 3808 992 ) (1024 3808 -480 ) 
4 2 6 (2048 3072 -480 ) (2048 3072 992 ) (1024 3072 992 ) (1024 3072 -480 ) 
4 3 5 (3072 3072 992 ) (3072 3072 -480 ) (3072 2048 -480 ) (3072 2048 992 ) 
4 3 4 (3296 2048 992 ) (3072 2048 992 ) (3072 2048 -480 ) (3296 2048 -480 ) 
4 4 62 (3296 1024 992 ) (3072 1024 992 ) (3072 1024 -480 ) (3296 1024 -480 ) 
4 4 7 (3072 1024 -480 ) (3072 1024 992 ) (3072 2048 992 ) (3072 2048 -480 ) 
4 5 7 (3072 2048 -480 ) (3072 2048 992 ) (2048 2048 992 ) (2048 2048 -480 ) 
4 5 6 (2048 3072 992 ) (2048 3072 -480 ) (2048 2048 -480 ) (2048 2048 992 ) 
4 6 12 (1024 2048 -480 ) (1024 2048 992 ) (1024 3072 992 ) (1024 3072 -480 ) 
4 6 8 (2048 2048 -480 ) (2048 2048 992 ) (1024 2048 992 ) (1024 2048 -480 ) 
4 7 64 (3072 1024 -480 ) (3072 1024 992 ) (2048 1024 992 ) (2048 1024 -480 ) 
4 7 8 (2048 2048 992 ) (2048 2048 -480 ) (2048 1024 -480 ) (2048 1024 992 ) 
4 8 65 (2048 1024 -480 ) (2048 1024 992 ) (1024 1024 992 ) (1024 1024 -480 ) 
4 8 14 (1024 1024 -480 ) (1024 1024 992 ) (1024 2048 992 ) (1024 2048 -480 ) 
4 9 12 (1024 3072 -480 ) (1024 3072 992 ) (0 3072 992 ) (0 3072 -480 ) 
4 9 10 (0 3072 -480 ) (0 3072 992 ) (0 3808 992 ) (0 3808 -480 ) 
4 10 13 (0 3072 -480 ) (0 3072 992 ) (-1024 3072 992 ) (-1024 3072 -480 ) 
4 10 11 (-1024 3072 -480 ) (-1024 3072 992 ) (-1024 3808 992 ) (-1024 3808 -480 ) 
4 11 40 (-1024 3072 -480 ) (-1024 3072 992 ) (-2016 3072 992 ) (-2016 3072 -480 ) 
4 12 14 (1024 2048 -480 ) (1024 2048 992 ) (0 2048 992 ) (0 2048 -480 ) 
4 12 13 (0 3072 992 ) (0 3072 -480 ) (0 2048 -480 ) (0 2048 992 ) 
4 13 40 (-1024 3072 992 ) (-1024 3072 -480 ) (-1024 2048 -480 ) (-1024 2048 992 ) 
4 13 35 (-544 2048 96 ) (-1024 2048 96 ) (-1024 2048 -480 ) (-544 2048 -480 ) 
4 13 34 (0 2048 -480 ) (0 2048 96 ) (-544 2048 96 ) (-544 2048 -480 ) 
4 13 32 (-544 2048 288 ) (-1024 2048 288 ) (-1024 2048 96 ) (-544 2048 96 ) 
4 13 30 (-528 2048 288 ) (-544 2048 288 ) (-544 2048 96 ) (-528 2048 96 ) 
4 13 29 (0 2048 96 ) (0 2048 288 ) (-528 2048 288 ) (-528 2048 96 ) 
4 13 15 (0 2048 288 ) (0 2048 992 ) (-1024 2048 992 ) (-1024 2048 288 ) 
4 14 71 (1024 1024 -480 ) (1024 1024 992 ) (0 1024 992 ) (0 1024 -480 ) 
4 14 38 (0 1232 -480 ) (0 1024 -480 ) (0 1024 96 ) (0 1232 96 ) 
4 14 34 (0 2048 96 ) (0 2048 -480 ) (0 1232 -480 ) (0 1232 96 ) 
4 14 31 (0 1216 96 ) (0 1024 96 ) (0 1024 288 ) (0 1216 288 ) 
4 14 29 (0 2048 288 ) (0 2048 96 ) (0 1216 96 ) (0 1216 288 ) 
4 14 16 (0 1248 288 ) (0 1024 288 ) (0 1024 992 ) (0 1248 992 ) 
4 14 15 (0 2048 992 ) (0 2048 288 ) (0 1248 288 ) (0 1248 992 ) 
4 15 46 (-1024 2048 308 ) (-1024 2048 288 ) (-1024 1248 288 ) (-1024 1248 308 ) 
4 15 44 (-1024 2048 364 ) (-1024 2048 308 ) (-1024 1248 308 ) (-1024 1248 364 ) 
4 15 41 (-1024 1248 992 ) (-1024 2048 992 ) (-1024 2048 364 ) (-1024 1248 364 ) 
4 15 32 (-544 1248 288 ) (-1024 1248 288 ) (-1024 2048 288 ) (-544 2048 288 ) 
4 15 30 (-528 1248 288 ) (-544 1248 288 ) (-544 2048 288 ) (-528 2048 288 ) 
4 15 29 (0 2048 288 ) (0 1248 288 ) (-528 1248 288 ) (-528 2048 288 ) 
4 15 22 (-1024 1248 288 ) (-528 1248 288 ) (-528 1248 308 ) (-1024 1248 308 ) 
4 15 20 (-528 1248 308 ) (-832 1248 460 ) (-1024 1248 364 ) (-1024 1248 308 ) 
3 15 19 (-832 1248 464 ) (-1024 1248 560 ) (-1024 1248 368 ) 
4 15 18 (-528 1248 288 ) (-512 1248 288 ) (-512 1248 300 ) (-528 1248 308 ) 
4 15 17 (-512 1248 304 ) (-512 1248 992 ) (-1024 1248 992 ) (-1024 1248 560 ) 
4 15 16 (-512 1248 288 ) (0 1248 288 ) (0 1248 992 ) (-512 1248 992 ) 
4 16 73 (0 1024 288 ) (0 1024 880 ) (-512 1024 624 ) (-512 1024 288 ) 
4 16 72 (0 1024 880 ) (0 1024 992 ) (-512 1024 992 ) (-512 1024 624 ) 
4 16 31 (0 1216 288 ) (0 1024 288 ) (-512 1024 288 ) (-512 1216 288 ) 
4 16 29 (0 1248 288 ) (0 1216 288 ) (-512 1216 288 ) (-512 1248 288 ) 
4 16 18 (-512 1248 300 ) (-512 1248 288 ) (-512 1024 288 ) (-512 1024 300 ) 
4 16 17 (-512 1248 992 ) (-512 1248 304 ) (-512 1024 304 ) (-512 1024 992 ) 
3 17 78 (-832 1024 464 ) (-512 1024 304 ) (-512 1024 624 ) 
5 17 72 (-512 1024 992 ) (-1024 1024 992 ) (-1024 1024 560 ) (-832 1024 464 ) (-512 1024 624 ) 
4 17 42 (-1024 1024 560 ) (-1024 1024 992 ) (-1024 1248 992 ) (-1024 1248 560 ) 
4 17 24 (-832 1024 464 ) (-1024 1024 560 ) (-1024 1216 560 ) (-832 1216 464 ) 
4 17 19 (-1024 1248 560 ) (-832 1248 464 ) (-832 1216 464 ) (-1024 1216 560 ) 
4 18 74 (-528 1024 288 ) (-512 1024 288 ) (-512 1024 300 ) (-528 1024 308 ) 
4 18 31 (-512 1024 288 ) (-528 1024 288 ) (-528 1216 288 ) (-512 1216 288 ) 
4 18 29 (-528 1216 288 ) (-528 1248 288 ) (-512 1248 288 ) (-512 1216 288 ) 
4 18 22 (-528 1248 308 ) (-528 1248 288 ) (-528 1232 288 ) (-528 1232 308 ) 
4 19 42 (-1024 1216 560 ) (-1024 1248 560 ) (-1024 1248 368 ) (-1024 1216 368 ) 
3 19 27 (-1024 1216 460 ) (-1024 1216 368 ) (-840 1216 460 ) 
4 19 24 (-832 1216 464 ) (-1024 1216 560 ) (-1024 1216 460 ) (-840 1216 460 ) 
4 20 44 (-1024 1248 364 ) (-1024 1248 308 ) (-1024 1229 308 ) (-1024 1229 364 ) 
4 20 22 (-1024 1232 308 ) (-1024 1248 308 ) (-528 1248 308 ) (-528 1232 308 ) 
4 21 45 (-1024 1227 308 ) (-1024 1216 308 ) (-1024 1216 364 ) (-1024 1227 364 ) 
4 21 28 (-836 1216 458 ) (-1024 1216 364 ) (-1024 1216 308 ) (-836 1216 308 ) 
5 21 25 (-828 1216 458 ) (-832 1216 460 ) (-836 1216 458 ) (-836 1216 428 ) (-828 1216 428 ) 
4 21 26 (-836 1216 428 ) (-836 1216 308 ) (-828 1216 308 ) (-828 1216 428 ) 
4 21 23 (-544 1216 316 ) (-828 1216 458 ) (-828 1216 308 ) (-544 1216 308 ) 
4 22 46 (-1024 1248 308 ) (-1024 1248 288 ) (-1024 1232 288 ) (-1024 1232 308 ) 
4 22 32 (-1024 1232 288 ) (-1024 1248 288 ) (-544 1248 288 ) (-544 1232 288 ) 
4 22 30 (-544 1248 288 ) (-528 1248 288 ) (-528 1232 288 ) (-544 1232 288 ) 
4 23 75 (-828 1024 288 ) (-544 1024 288 ) (-544 1024 316 ) (-828 1024 458 ) 
4 23 33 (-544 1024 288 ) (-828 1024 288 ) (-828 1216 288 ) (-544 1216 288 ) 
4 23 25 (-828 1216 458 ) (-828 1216 428 ) (-828 1024 428 ) (-828 1024 458 ) 
4 23 26 (-828 1216 428 ) (-828 1216 288 ) (-828 1024 288 ) (-828 1024 428 ) 
4 24 72 (-1024 1024 560 ) (-1024 1024 460 ) (-840 1024 460 ) (-832 1024 464 ) 
4 24 42 (-1024 1024 460 ) (-1024 1024 560 ) (-1024 1216 560 ) (-1024 1216 460 ) 
4 24 27 (-1024 1216 460 ) (-840 1216 460 ) (-840 1024 460 ) (-1024 1024 460 ) 
4 25 86 (-832 1024 460 ) (-836 1024 458 ) (-836 1024 428 ) (-832 1024 428 ) 
4 25 76 (-828 1024 428 ) (-828 1024 458 ) (-832 1024 460 ) (-832 1024 428 ) 
4 25 28 (-836 1216 458 ) (-836 1216 428 ) (-836 1024 428 ) (-836 1024 458 ) 
4 25 26 (-836 1024 428 ) (-836 1216 428 ) (-828 1216 428 ) (-828 1024 428 ) 
4 26 87 (-836 1024 288 ) (-832 1024 288 ) (-832 1024 428 ) (-836 1024 428 ) 
4 26 77 (-832 1024 288 ) (-828 1024 288 ) (-828 1024 428 ) (-832 1024 428 ) 
4 26 33 (-828 1024 288 ) (-836 1024 288 ) (-836 1216 288 ) (-828 1216 288 ) 
4 26 28 (-836 1216 428 ) (-836 1216 288 ) (-836 1024 288 ) (-836 1024 428 ) 
3 27 72 (-1024 1024 460 ) (-1024 1024 368 ) (-840 1024 460 ) 
4 27 42 (-1024 1024 368 ) (-1024 1024 460 ) (-1024 1216 460 ) (-1024 1216 368 ) 
4 28 88 (-1024 1024 364 ) (-1024 1024 288 ) (-836 1024 288 ) (-836 1024 458 ) 
4 28 48 (-1024 1024 288 ) (-1024 1024 364 ) (-1024 1216 364 ) (-1024 1216 288 ) 
4 28 33 (-836 1024 288 ) (-1024 1024 288 ) (-1024 1216 288 ) (-836 1216 288 ) 
4 29 38 (0 1232 96 ) (0 1216 96 ) (-528 1216 96 ) (-528 1232 96 ) 
4 29 34 (-528 2048 96 ) (0 2048 96 ) (0 1232 96 ) (-528 1232 96 ) 
4 29 31 (-528 1216 96 ) (0 1216 96 ) (0 1216 288 ) (-528 1216 288 ) 
4 29 30 (-528 2048 96 ) (-528 1232 96 ) (-528 1232 288 ) (-528 2048 288 ) 
4 30 34 (-544 1232 96 ) (-544 2048 96 ) (-528 2048 96 ) (-528 1232 96 ) 
4 30 32 (-544 2048 96 ) (-544 1232 96 ) (-544 1232 288 ) (-544 2048 288 ) 
4 31 96 (0 1024 96 ) (0 1024 288 ) (-536 1024 288 ) (-536 1024 96 ) 
4 31 38 (0 1024 96 ) (-536 1024 96 ) (-536 1216 96 ) (0 1216 96 ) 
4 32 50 (-1024 1224 288 ) (-1024 2048 288 ) (-1024 2048 96 ) (-1024 1224 96 ) 
4 32 36 (-1024 1232 96 ) (-1024 2032 96 ) (-544 2032 96 ) (-544 1232 96 ) 
4 32 35 (-1024 2032 96 ) (-1024 2048 96 ) (-544 2048 96 ) (-544 2032 96 ) 
4 33 100 (-544 1024 288 ) (-1024 1024 288 ) (-1024 1024 96 ) (-544 1024 96 ) 
4 33 51 (-1024 1024 96 ) (-1024 1024 288 ) (-1024 1216 288 ) (-1024 1216 96 ) 
4 34 38 (0 1232 -480 ) (0 1232 96 ) (-544 1232 96 ) (-544 1232 -480 ) 
4 34 36 (-544 1232 0 ) (-544 1232 96 ) (-544 2032 96 ) (-544 2032 0 ) 
4 34 37 (-544 2032 -480 ) (-544 1232 -480 ) (-544 1232 -16 ) (-544 2032 -16 ) 
4 34 35 (-544 2048 -480 ) (-544 2032 -480 ) (-544 2032 96 ) (-544 2048 96 ) 
4 35 56 (-1024 2032 96 ) (-1024 2048 96 ) (-1024 2048 -480 ) (-1024 2032 -480 ) 
4 35 36 (-544 2032 0 ) (-544 2032 96 ) (-1024 2032 96 ) (-1024 2032 0 ) 
4 35 37 (-1024 2032 -480 ) (-544 2032 -480 ) (-544 2032 -16 ) (-1024 2032 -16 ) 
4 36 57 (-1024 1232 0 ) (-1024 1232 96 ) (-1024 2032 96 ) (-1024 2032 0 ) 
4 36 39 (-1024 1232 80 ) (-1024 1232 0 ) (-544 1232 0 ) (-544 1232 80 ) 
4 37 58 (-1024 1232 -480 ) (-1024 1232 -16 ) (-1024 2032 -16 ) (-1024 2032 -480 ) 
4 37 39 (-1024 1232 -16 ) (-1024 1232 -480 ) (-544 1232 -480 ) (-544 1232 -16 ) 
4 38 104 (0 1024 -480 ) (0 1024 80 ) (-544 1024 80 ) (-544 1024 -480 ) 
4 38 102 (0 1024 80 ) (0 1024 96 ) (-544 1024 96 ) (-544 1024 80 ) 
4 38 39 (-544 1232 80 ) (-544 1232 -480 ) (-544 1024 -480 ) (-544 1024 80 ) 
4 39 104 (-1024 1024 80 ) (-1024 1024 -480 ) (-544 1024 -480 ) (-544 1024 80 ) 
4 39 60 (-1024 1024 -480 ) (-1024 1024 80 ) (-1024 1232 80 ) (-1024 1232 -480 ) 
4 40 59 (-1136 2048 96 ) (-2016 2048 96 ) (-2016 2048 -480 ) (-1136 2048 -480 ) 
4 40 56 (-1024 2048 -480 ) (-1024 2048 96 ) (-1136 2048 96 ) (-1136 2048 -480 ) 
4 40 52 (-1120 2048 288 ) (-1136 2048 288 ) (-1136 2048 96 ) (-1120 2048 96 ) 
4 40 53 (-1136 2048 288 ) (-2016 2048 288 ) (-2016 2048 96 ) (-1136 2048 96 ) 
4 40 50 (-1024 2048 96 ) (-1024 2048 288 ) (-1120 2048 288 ) (-1120 2048 96 ) 
4 40 46 (-1024 2048 288 ) (-1024 2048 308 ) (-1136 2048 308 ) (-1136 2048 288 ) 
3 40 47 (-1136 2048 308 ) (-1176 2048 288 ) (-1136 2048 288 ) 
3 40 44 (-1024 2048 308 ) (-1024 2048 364 ) (-1136 2048 308 ) 
4 40 41 (-1024 2048 364 ) (-1024 2048 992 ) (-1152 2048 992 ) (-1152 2048 300 ) 
5 40 43 (-1152 2048 992 ) (-2016 2048 992 ) (-2016 2048 288 ) (-1176 2048 288 ) (-1152 2048 300 ) 
4 41 47 (-1152 2048 300 ) (-1135.998047 2048 308 ) (-1135.998047 1248 308 ) (-1152 1248 300 ) 
4 41 44 (-1135.998047 2048 308 ) (-1024 2048 364 ) (-1024 1248 364 ) (-1135.998047 1248 308 ) 
4 41 42 (-1152 1248 992 ) (-1152 1248 304 ) (-1024 1248 368 ) (-1024 1248 992 ) 
4 41 43 (-1152 2048 300 ) (-1152 1248 300 ) (-1152 1248 992 ) (-1152 2048 992 ) 
4 42 107 (-1024 1024 368 ) (-1024 1024 992 ) (-1152 1024 992 ) (-1152 1024 304 ) 
4 42 43 (-1152 1024 304 ) (-1152 1024 992 ) (-1152 1248 992 ) (-1152 1248 304 ) 
4 43 110 (-1184 1024 288 ) (-1176 1024 288 ) (-1152 1024 300 ) (-1152 1024 304 ) 
5 43 107 (-1152 1024 992 ) (-2016 1024 992 ) (-2016 1024 288 ) (-1184 1024 288 ) (-1152 1024 304 ) 
4 43 55 (-1176 1216 288 ) (-1176 1024 288 ) (-2016 1024 288 ) (-2016 1216 288 ) 
4 43 53 (-2016 2048 288 ) (-1176 2048 288 ) (-1176 1216 288 ) (-2016 1216 288 ) 
4 43 49 (-1175.998047 1024 288 ) (-1175.998047 1216 288 ) (-1152 1216 300 ) (-1152 1024 300 ) 
4 43 47 (-1175.998047 1216 288 ) (-1175.998047 2048 288 ) (-1152 2048 300 ) (-1152 1216 300 ) 
4 44 46 (-1136 1232 308 ) (-1136 2048 308 ) (-1024 2048 308 ) (-1024 1232 308 ) 
4 45 48 (-1024 1216 364 ) (-1120 1216 316 ) (-1120 1216 308 ) (-1024 1216 308 ) 
4 46 52 (-1136 2048 288 ) (-1120 2048 288 ) (-1120 1232 288 ) (-1136 1232 288 ) 
4 46 50 (-1120 2048 288 ) (-1024 2048 288 ) (-1024 1232 288 ) (-1120 1232 288 ) 
4 46 47 (-1136 2048 288 ) (-1136 1232 288 ) (-1136 1232 308 ) (-1136 2048 308 ) 
4 47 53 (-1176 2048 288 ) (-1136 2048 288 ) (-1136 1216 288 ) (-1176 1216 288 ) 
3 47 49 (-1136 1216 308 ) (-1176 1216 288 ) (-1136 1216 288 ) 
4 48 111 (-1024 1024 288 ) (-1024 1024 364 ) (-1120 1024 316 ) (-1120 1024 288 ) 
4 48 51 (-1024 1216 288 ) (-1024 1024 288 ) (-1120 1024 288 ) (-1120 1216 288 ) 
3 49 112 (-1136 1024 308 ) (-1176 1024 288 ) (-1136 1024 288 ) 
4 49 55 (-1136 1024 288 ) (-1176 1024 288 ) (-1176 1216 288 ) (-1136 1216 288 ) 
4 50 57 (-1120 1232 96 ) (-1120 2032 96 ) (-1024 2032 96 ) (-1024 1232 96 ) 
4 50 56 (-1120 2032 96 ) (-1120 2048 96 ) (-1024 2048 96 ) (-1024 2032 96 ) 
4 50 52 (-1120 2048 96 ) (-1120 1232 96 ) (-1120 1232 288 ) (-1120 2048 288 ) 
4 51 117 (-1024 1024 96 ) (-1024 1024 288 ) (-1120 1024 288 ) (-1120 1024 96 ) 
4 51 54 (-1120 1088 272 ) (-1120 1152 272 ) (-1120 1152 240 ) (-1120 1088 240 ) 
4 52 57 (-1120 2032 96 ) (-1120 1232 96 ) (-1136 1232 96 ) (-1136 2032 96 ) 
4 52 56 (-1136 2048 96 ) (-1120 2048 96 ) (-1120 2032 96 ) (-1136 2032 96 ) 
4 52 53 (-1136 2048 96 ) (-1136 1232 96 ) (-1136 1232 288 ) (-1136 2048 288 ) 
4 53 61 (-1136 1232 96 ) (-1136 1216 96 ) (-2016 1216 96 ) (-2016 1232 96 ) 
4 53 59 (-2016 2048 96 ) (-1136 2048 96 ) (-1136 1232 96 ) (-2016 1232 96 ) 
4 53 55 (-2016 1216 96 ) (-1136 1216 96 ) (-1136 1216 288 ) (-2016 1216 288 ) 
4 54 55 (-1128 1152 240 ) (-1128 1088 240 ) (-1128 1088 272 ) (-1128 1152 272 ) 
4 55 127 (-1128 1024 288 ) (-1136 1024 288 ) (-1136 1024 96 ) (-1128 1024 96 ) 
4 55 130 (-1136 1024 288 ) (-2016 1024 288 ) (-2016 1024 96 ) (-1136 1024 96 ) 
4 55 61 (-1128 1024 96 ) (-2016 1024 96 ) (-2016 1216 96 ) (-1128 1216 96 ) 
4 56 59 (-1136 2048 -480 ) (-1136 2032 -480 ) (-1136 2032 96 ) (-1136 2048 96 ) 
4 56 57 (-1136 2032 96 ) (-1136 2032 0 ) (-1024 2032 0 ) (-1024 2032 96 ) 
4 56 58 (-1136 2032 -16 ) (-1136 2032 -480 ) (-1024 2032 -480 ) (-1024 2032 -16 ) 
4 57 61 (-1120 1232 96 ) (-1136 1232 96 ) (-1136 1232 0 ) (-1120 1232 0 ) 
4 57 60 (-1024 1232 0 ) (-1024 1232 80 ) (-1120 1232 80 ) (-1120 1232 0 ) 
4 57 59 (-1136 1232 0 ) (-1136 1232 96 ) (-1136 2032 96 ) (-1136 2032 0 ) 
4 58 61 (-1136 1232 -480 ) (-1120 1232 -480 ) (-1120 1232 -16 ) (-1136 1232 -16 ) 
4 58 60 (-1120 1232 -480 ) (-1024 1232 -480 ) (-1024 1232 -16 ) (-1120 1232 -16 ) 
4 58 59 (-1136 2032 -480 ) (-1136 1232 -480 ) (-1136 1232 -16 ) (-1136 2032 -16 ) 
4 59 61 (-2016 1232 -480 ) (-1136 1232 -480 ) (-1136 1232 96 ) (-2016 1232 96 ) 
4 60 119 (-1024 1024 -480 ) (-1024 1024 80 ) (-1120 1024 80 ) (-1120 1024 -480 ) 
4 60 61 (-1120 1232 80 ) (-1120 1232 -480 ) (-1120 1024 -480 ) (-1120 1024 80 ) 
4 61 127 (-1128 1024 96 ) (-1136 1024 96 ) (-1136 1024 -480 ) (-1128 1024 -480 ) 
4 61 130 (-1136 1024 96 ) (-2016 1024 96 ) (-2016 1024 -480 ) (-1136 1024 -480 ) 
4 61 124 (-1120 1024 96 ) (-1128 1024 96 ) (-1128 1024 -480 ) (-1120 1024 -480 ) 
4 62 64 (3072 1024 992 ) (3072 1024 -480 ) (3072 0 -480 ) (3072 0 992 ) 
4 62 63 (3296 0 992 ) (3072 0 992 ) (3072 0 -480 ) (3296 0 -480 ) 
4 63 68 (3296 -1024 992 ) (3072 -1024 992 ) (3072 -1024 -480 ) (3296 -1024 -480 ) 
4 63 66 (3072 -1024 -480 ) (3072 -1024 992 ) (3072 0 992 ) (3072 0 -480 ) 
4 64 66 (3072 0 -480 ) (3072 0 992 ) (2048 0 992 ) (2048 0 -480 ) 
4 64 65 (2048 1024 992 ) (2048 1024 -480 ) (2048 0 -480 ) (2048 0 992 ) 
4 65 71 (1024 1024 992 ) (1024 1024 -480 ) (1024 0 -480 ) (1024 0 992 ) 
4 65 67 (2048 0 -480 ) (2048 0 992 ) (1024 0 992 ) (1024 0 -480 ) 
4 66 69 (3072 -1024 -480 ) (3072 -1024 992 ) (2048 -1024 992 ) (2048 -1024 -480 ) 
4 66 67 (2048 0 992 ) (2048 0 -480 ) (2048 -1024 -480 ) (2048 -1024 992 ) 
4 67 105 (1024 -1024 -480 ) (1024 -1024 992 ) (1024 0 992 ) (1024 0 -480 ) 
4 67 70 (2048 -1024 -480 ) (2048 -1024 992 ) (1024 -1024 992 ) (1024 -1024 -480 ) 
4 68 69 (3072 -1024 992 ) (3072 -1024 -480 ) (3072 -1504 -480 ) (3072 -1504 992 ) 
4 69 70 (2048 -1024 992 ) (2048 -1024 -480 ) (2048 -1504 -480 ) (2048 -1504 992 ) 
4 70 132 (1024 -1504 992 ) (1024 -1024 992 ) (1024 -1024 -480 ) (1024 -1504 -480 ) 
4 71 105 (1024 0 -480 ) (1024 0 992 ) (0 0 992 ) (0 0 -480 ) 
4 71 104 (0 1024 80 ) (0 1024 -480 ) (0 0 -480 ) (0 0 80 ) 
4 71 102 (0 1024 96 ) (0 1024 80 ) (0 0 80 ) (0 0 96 ) 
4 71 98 (0 448 96 ) (0 0 96 ) (0 0 288 ) (0 448 288 ) 
4 71 96 (0 1024 288 ) (0 1024 96 ) (0 448 96 ) (0 448 288 ) 
4 71 94 (0 448 288 ) (0 0 288 ) (0 0 308 ) (0 448 308 ) 
4 71 92 (0 443 876 ) (0 445 876 ) (0 445 308 ) (0 443 308 ) 
4 71 91 (0 445 876 ) (0 448 876 ) (0 448 308 ) (0 445 308 ) 
4 71 93 (0 0 308 ) (0 0 876 ) (0 443 876 ) (0 443 308 ) 
4 71 89 (0 0 876 ) (0 0 880 ) (0 448 880 ) (0 448 876 ) 
4 71 73 (0 1024 880 ) (0 1024 288 ) (0 448 288 ) (0 448 880 ) 
4 71 72 (0 1024 992 ) (0 1024 880 ) (0 0 880 ) (0 0 992 ) 
4 72 107 (-1024 1024 992 ) (-1024 1024 368 ) (-1024 0 368 ) (-1024 0 992 ) 
4 72 106 (0 0 880 ) (0 0 992 ) (-1024 0 992 ) (-1024 0 368 ) 
4 72 90 (-1024 0 368 ) (-1024 416 368 ) (-832 416 464 ) (-832 0 464 ) 
4 72 89 (-832 448 464 ) (0 448 880 ) (0 0 880 ) (-832 0 464 ) 
4 72 85 (-952 800 404 ) (-836 800 462 ) (-836 672 462 ) (-952 672 404 ) 
4 72 83 (-836 800 462 ) (-832 800 464 ) (-832 672 464 ) (-836 672 462 ) 
4 72 82 (-1024 800 368 ) (-1024 928 368 ) (-896 928 432 ) (-896 800 432 ) 
4 72 78 (-832 1024 464 ) (-512 1024 624 ) (-512 448 624 ) (-832 448 464 ) 
4 72 73 (-512 1024 624 ) (0 1024 880 ) (0 448 880 ) (-512 448 624 ) 
4 73 96 (-512 1024 288 ) (0 1024 288 ) (0 448 288 ) (-512 448 288 ) 
4 73 94 (-512 448 308 ) (-512 448 288 ) (0 448 288 ) (0 448 308 ) 
4 73 91 (-512 448 620 ) (-512 448 308 ) (0 448 308 ) (0 448 876 ) 
4 73 89 (0 448 880 ) (-512 448 624 ) (-512 448 620 ) (0 448 876 ) 
4 73 79 (-512 448 300 ) (-512 448 304 ) (-512 832 304 ) (-512 832 300 ) 
4 73 78 (-512 448 304 ) (-512 448 624 ) (-512 1024 624 ) (-512 1024 304 ) 
4 73 74 (-512 1024 288 ) (-512 448 288 ) (-512 448 300 ) (-512 1024 300 ) 
4 74 96 (-528 1024 288 ) (-512 1024 288 ) (-512 448 288 ) (-528 448 288 ) 
4 74 94 (-528 448 288 ) (-512 448 288 ) (-512 448 300 ) (-528 448 308 ) 
4 74 79 (-528 448 308 ) (-512 448 300 ) (-512 832 300 ) (-528 832 308 ) 
4 75 100 (-828 1024 288 ) (-544 1024 288 ) (-544 448 288 ) (-828 448 288 ) 
4 75 91 (-544 448 308 ) (-544 448 316 ) (-828 448 458 ) (-828 448 308 ) 
4 75 79 (-828 448 458 ) (-544 448 316 ) (-544 832 316 ) (-828 832 458 ) 
4 75 77 (-828 1024 288 ) (-828 448 288 ) (-828 448 428 ) (-828 1024 428 ) 
4 75 76 (-828 448 428 ) (-828 448 458 ) (-828 1024 458 ) (-828 1024 428 ) 
4 76 91 (-832 448 460 ) (-832 448 428 ) (-828 448 428 ) (-828 448 458 ) 
4 76 86 (-832 448 428 ) (-832 448 460 ) (-832 1024 460 ) (-832 1024 428 ) 
4 76 81 (-832 832 460 ) (-832 448 460 ) (-828 448 458 ) (-828 832 458 ) 
4 76 77 (-832 448 428 ) (-832 1024 428 ) (-828 1024 428 ) (-828 448 428 ) 
4 77 100 (-832 1024 288 ) (-828 1024 288 ) (-828 448 288 ) (-832 448 288 ) 
4 77 91 (-832 448 428 ) (-832 448 308 ) (-828 448 308 ) (-828 448 428 ) 
4 77 87 (-832 1024 288 ) (-832 448 288 ) (-832 448 428 ) (-832 1024 428 ) 
3 78 94 (-520 448 308 ) (-512 448 304 ) (-512 448 308 ) 
4 78 91 (-828 448 462 ) (-520 448 308 ) (-512 448 308 ) (-512 448 620 ) 
4 78 89 (-512 448 624 ) (-832 448 464 ) (-828 448 462 ) (-512 448 620 ) 
4 78 80 (-832 448 464 ) (-832 832 464 ) (-828 832 462 ) (-828 448 462 ) 
4 78 79 (-512 832 304 ) (-512 448 304 ) (-828 448 462 ) (-828 832 462 ) 
4 79 94 (-528 448 308 ) (-512 448 300 ) (-512 448 304 ) (-520 448 308 ) 
4 79 91 (-828 448 458 ) (-528 448 308 ) (-520 448 308 ) (-828 448 462 ) 
4 79 81 (-828 832 458 ) (-828 448 458 ) (-828 448 460 ) (-828 832 460 ) 
4 79 80 (-828 448 460 ) (-828 448 462 ) (-828 832 462 ) (-828 832 460 ) 
3 80 91 (-832 448 460 ) (-828 448 460 ) (-828 448 462 ) 
3 80 89 (-832 448 464 ) (-832 448 460 ) (-828 448 462 ) 
4 80 83 (-832 672 464 ) (-832 800 464 ) (-832 800 460 ) (-832 672 460 ) 
4 80 81 (-832 448 460 ) (-832 832 460 ) (-828 832 460 ) (-828 448 460 ) 
3 81 91 (-832 448 460 ) (-828 448 458 ) (-828 448 460 ) 
4 82 108 (-1024 928 364 ) (-1024 800 364 ) (-1024 800 368 ) (-1024 928 368 ) 
4 82 88 (-896 800 428 ) (-1024 800 364 ) (-1024 928 364 ) (-896 928 428 ) 
4 82 85 (-952 800 400 ) (-896 800 428 ) (-896 800 432 ) (-952 800 404 ) 
4 83 85 (-836 800 462 ) (-836 800 460 ) (-836 672 460 ) (-836 672 462 ) 
4 83 84 (-832 672 460 ) (-836 672 460 ) (-836 800 460 ) (-832 800 460 ) 
4 84 86 (-832 800 460 ) (-832 672 460 ) (-836 672 458 ) (-836 800 458 ) 
4 84 85 (-836 800 460 ) (-836 800 458 ) (-836 672 458 ) (-836 672 460 ) 
4 85 88 (-952 800 400 ) (-836 800 458 ) (-836 672 458 ) (-952 672 400 ) 
4 86 91 (-832 448 428 ) (-832 448 460 ) (-836 448 458 ) (-836 448 428 ) 
4 86 88 (-836 448 428 ) (-836 448 458 ) (-836 1024 458 ) (-836 1024 428 ) 
4 86 87 (-836 448 428 ) (-836 1024 428 ) (-832 1024 428 ) (-832 448 428 ) 
4 87 100 (-836 1024 288 ) (-832 1024 288 ) (-832 448 288 ) (-836 448 288 ) 
4 87 91 (-832 448 308 ) (-832 448 428 ) (-836 448 428 ) (-836 448 308 ) 
4 87 88 (-836 1024 288 ) (-836 448 288 ) (-836 448 428 ) (-836 1024 428 ) 
4 88 111 (-1024 1024 364 ) (-1024 1024 288 ) (-1024 448 288 ) (-1024 448 364 ) 
4 88 100 (-1024 1024 288 ) (-836 1024 288 ) (-836 448 288 ) (-1024 448 288 ) 
4 88 91 (-1024 448 364 ) (-1024 448 308 ) (-836 448 308 ) (-836 448 458 ) 
4 89 106 (0 0 876 ) (0 0 880 ) (-832 0 464 ) (-832 0 460 ) 
4 89 92 (0 445 876 ) (0 443 876 ) (-832 443 460 ) (-832 445 460 ) 
4 89 91 (-832 448 460 ) (0 448 876 ) (0 445 876 ) (-832 445 460 ) 
4 89 93 (0 443 876 ) (0 0 876 ) (-832 0 460 ) (-832 443 460 ) 
4 89 90 (-832 416 460 ) (-832 0 460 ) (-832 0 464 ) (-832 416 464 ) 
4 90 109 (-1024 0 364 ) (-1024 0 368 ) (-1024 416 368 ) (-1024 416 364 ) 
4 90 106 (-832 0 464 ) (-1024 0 368 ) (-1024 0 364 ) (-832 0 460 ) 
4 90 93 (-832 416 460 ) (-832 0 460 ) (-1024 0 364 ) (-1024 416 364 ) 
4 91 113 (-1024 445 364 ) (-1024 448 364 ) (-1024 448 308 ) (-1024 445 308 ) 
4 91 94 (-528 448 308 ) (0 448 308 ) (0 445 308 ) (-528 445 308 ) 
4 91 92 (0 445 876 ) (-832 445 460 ) (-528 445 308 ) (0 445 308 ) 
4 92 94 (-528 445 308 ) (0 445 308 ) (0 443 308 ) (-528 443 308 ) 
4 92 93 (0 443 876 ) (-832 443 460 ) (-528 443 308 ) (0 443 308 ) 
4 93 114 (-1024 0 308 ) (-1024 0 364 ) (-1024 443 364 ) (-1024 443 308 ) 
4 93 106 (0 0 308 ) (0 0 876 ) (-1024 0 364 ) (-1024 0 308 ) 
4 93 95 (-528 0 308 ) (-1024 0 308 ) (-1024 432 308 ) (-528 432 308 ) 
4 93 94 (0 0 308 ) (-528 0 308 ) (-528 443 308 ) (0 443 308 ) 
4 94 106 (0 0 288 ) (0 0 308 ) (-528 0 308 ) (-528 0 288 ) 
4 94 98 (0 448 288 ) (0 0 288 ) (-528 0 288 ) (-528 448 288 ) 
4 94 95 (-528 0 308 ) (-528 432 308 ) (-528 432 288 ) (-528 0 288 ) 
4 95 115 (-1024 432 288 ) (-1024 0 288 ) (-1024 0 308 ) (-1024 432 308 ) 
4 95 106 (-528 0 308 ) (-1024 0 308 ) (-1024 0 288 ) (-528 0 288 ) 
4 95 101 (-544 0 288 ) (-1024 0 288 ) (-1024 432 288 ) (-544 432 288 ) 
4 95 99 (-528 0 288 ) (-544 0 288 ) (-544 432 288 ) (-528 432 288 ) 
4 96 102 (-536 1024 96 ) (0 1024 96 ) (0 448 96 ) (-536 448 96 ) 
4 96 98 (-528 448 96 ) (0 448 96 ) (0 448 288 ) (-528 448 288 ) 
4 96 97 (-536 832 96 ) (-536 448 96 ) (-536 448 288 ) (-536 832 288 ) 
4 97 102 (-544 448 96 ) (-544 832 96 ) (-536 832 96 ) (-536 448 96 ) 
4 97 100 (-544 832 96 ) (-544 448 96 ) (-544 448 288 ) (-544 832 288 ) 
4 98 106 (0 0 96 ) (0 0 288 ) (-528 0 288 ) (-528 0 96 ) 
4 98 102 (0 0 96 ) (-528 0 96 ) (-528 448 96 ) (0 448 96 ) 
4 98 99 (-528 432 96 ) (-528 0 96 ) (-528 0 288 ) (-528 432 288 ) 
4 99 106 (-528 0 288 ) (-544 0 288 ) (-544 0 96 ) (-528 0 96 ) 
4 99 102 (-528 0 96 ) (-544 0 96 ) (-544 432 96 ) (-528 432 96 ) 
4 99 101 (-544 432 96 ) (-544 0 96 ) (-544 0 288 ) (-544 432 288 ) 
4 100 117 (-1024 1024 288 ) (-1024 1024 96 ) (-1024 448 96 ) (-1024 448 288 ) 
4 101 118 (-1024 440 96 ) (-1024 0 96 ) (-1024 0 288 ) (-1024 440 288 ) 
4 101 106 (-544 0 288 ) (-1024 0 288 ) (-1024 0 96 ) (-544 0 96 ) 
4 101 103 (-544 0 96 ) (-1024 0 96 ) (-1024 440 96 ) (-544 440 96 ) 
4 102 106 (0 0 80 ) (0 0 96 ) (-544 0 96 ) (-544 0 80 ) 
4 102 104 (-544 1024 80 ) (0 1024 80 ) (0 0 80 ) (-544 0 80 ) 
4 102 103 (-544 448 80 ) (-544 0 80 ) (-544 0 96 ) (-544 448 96 ) 
4 103 120 (-1024 448 80 ) (-1024 0 80 ) (-1024 0 96 ) (-1024 448 96 ) 
4 103 106 (-544 0 96 ) (-1024 0 96 ) (-1024 0 80 ) (-544 0 80 ) 
4 103 104 (-544 448 80 ) (-544 0 80 ) (-1024 0 80 ) (-1024 448 80 ) 
4 104 119 (-1024 1024 80 ) (-1024 1024 -480 ) (-1024 448 -480 ) (-1024 448 80 ) 
4 104 120 (-1024 448 -480 ) (-1024 0 -480 ) (-1024 0 80 ) (-1024 448 80 ) 
4 104 106 (0 0 -480 ) (0 0 80 ) (-1024 0 80 ) (-1024 0 -480 ) 
4 105 132 (1024 -1024 -480 ) (1024 -1024 992 ) (0 -1024 992 ) (0 -1024 -480 ) 
4 105 106 (0 0 992 ) (0 0 -480 ) (0 -1024 -480 ) (0 -1024 992 ) 
4 106 133 (0 -1024 -480 ) (0 -1024 992 ) (-1024 -1024 992 ) (-1024 -1024 -480 ) 
4 106 131 (-1024 -1024 -480 ) (-1024 -1024 992 ) (-1024 0 992 ) (-1024 0 -480 ) 
5 107 131 (-1024 0 368 ) (-1024 0 992 ) (-2016 0 992 ) (-2016 0 288 ) (-1184 0 288 ) 
4 107 130 (-1184 0 288 ) (-2016 0 288 ) (-2016 1024 288 ) (-1184 1024 288 ) 
4 107 109 (-1024 0 368 ) (-1152 0 304 ) (-1152 416 304 ) (-1024 416 368 ) 
4 107 108 (-1068 928 346 ) (-1024 928 368 ) (-1024 800 368 ) (-1068 800 346 ) 
4 107 110 (-1152 0 304 ) (-1184 0 288 ) (-1184 1024 288 ) (-1152 1024 304 ) 
4 108 111 (-1024 928 364 ) (-1024 800 364 ) (-1068 800 342 ) (-1068 928 342 ) 
4 109 131 (-1024 0 364 ) (-1024 0 368 ) (-1152 0 304 ) (-1152 0 300 ) 
4 109 116 (-1135.998047 0 308 ) (-1152 0 300 ) (-1152 416 300 ) (-1135.998047 416 308 ) 
4 109 114 (-1024 416 364 ) (-1024 0 364 ) (-1135.998047 0 308 ) (-1135.998047 416 308 ) 
4 109 110 (-1152 416 300 ) (-1152 0 300 ) (-1152 0 304 ) (-1152 416 304 ) 
4 110 131 (-1152 0 304 ) (-1184 0 288 ) (-1176 0 288 ) (-1152 0 300 ) 
4 110 130 (-1176 0 288 ) (-1184 0 288 ) (-1184 1024 288 ) (-1176 1024 288 ) 
4 110 116 (-1175.998047 0 288 ) (-1175.998047 448 288 ) (-1152 448 300 ) (-1152 0 300 ) 
4 110 112 (-1175.998047 448 288 ) (-1175.998047 1024 288 ) (-1152 1024 300 ) (-1152 448 300 ) 
4 111 117 (-1120 1024 288 ) (-1024 1024 288 ) (-1024 448 288 ) (-1120 448 288 ) 
4 111 113 (-1024 448 364 ) (-1120 448 316 ) (-1120 448 308 ) (-1024 448 308 ) 
4 112 130 (-1176 448 288 ) (-1176 1024 288 ) (-1136 1024 288 ) (-1136 448 288 ) 
3 112 116 (-1136 448 308 ) (-1176 448 288 ) (-1136 448 288 ) 
3 114 131 (-1024 0 308 ) (-1024 0 364 ) (-1136 0 308 ) 
4 114 115 (-1135.996094 0 308 ) (-1135.996094 432 308 ) (-1024 432 308 ) (-1024 0 308 ) 
4 115 131 (-1024 0 288 ) (-1024 0 308 ) (-1136 0 308 ) (-1136 0 288 ) 
4 115 129 (-1128 0 288 ) (-1136 0 288 ) (-1136 432 288 ) (-1128 432 288 ) 
4 115 126 (-1120 0 288 ) (-1128 0 288 ) (-1128 432 288 ) (-1120 432 288 ) 
4 115 118 (-1024 0 288 ) (-1120 0 288 ) (-1120 432 288 ) (-1024 432 288 ) 
4 115 116 (-1136 0 308 ) (-1136 432 308 ) (-1136 432 288 ) (-1136 0 288 ) 
3 116 131 (-1136 0 308 ) (-1176 0 288 ) (-1136 0 288 ) 
4 116 130 (-1136 0 288 ) (-1176 0 288 ) (-1176 448 288 ) (-1136 448 288 ) 
4 117 123 (-1120 576 240 ) (-1120 512 240 ) (-1120 512 272 ) (-1120 576 272 ) 
4 117 122 (-1120 768 240 ) (-1120 704 240 ) (-1120 704 272 ) (-1120 768 272 ) 
4 117 121 (-1120 960 240 ) (-1120 896 240 ) (-1120 896 272 ) (-1120 960 272 ) 
4 118 131 (-1024 0 96 ) (-1024 0 288 ) (-1120 0 288 ) (-1120 0 96 ) 
4 118 126 (-1120 0 288 ) (-1120 432 288 ) (-1120 432 96 ) (-1120 0 96 ) 
4 118 120 (-1024 0 96 ) (-1120 0 96 ) (-1120 440 96 ) (-1024 440 96 ) 
4 119 124 (-1120 1024 80 ) (-1120 1024 -480 ) (-1120 448 -480 ) (-1120 448 80 ) 
4 119 120 (-1120 448 -480 ) (-1024 448 -480 ) (-1024 448 80 ) (-1120 448 80 ) 
4 120 131 (-1024 0 -480 ) (-1024 0 96 ) (-1120 0 96 ) (-1120 0 -480 ) 
4 120 125 (-1120 448 -480 ) (-1120 432 -480 ) (-1120 432 96 ) (-1120 448 96 ) 
4 120 126 (-1120 432 -480 ) (-1120 0 -480 ) (-1120 0 96 ) (-1120 432 96 ) 
4 121 127 (-1128 896 272 ) (-1128 960 272 ) (-1128 960 240 ) (-1128 896 240 ) 
4 122 127 (-1128 704 272 ) (-1128 768 272 ) (-1128 768 240 ) (-1128 704 240 ) 
4 123 127 (-1128 512 272 ) (-1128 576 272 ) (-1128 576 240 ) (-1128 512 240 ) 
4 124 127 (-1128 448 -480 ) (-1128 448 96 ) (-1128 1024 96 ) (-1128 1024 -480 ) 
4 124 125 (-1128 448 96 ) (-1128 448 -480 ) (-1120 448 -480 ) (-1120 448 96 ) 
4 125 128 (-1128 448 96 ) (-1128 448 -480 ) (-1128 432 -480 ) (-1128 432 96 ) 
4 125 126 (-1128 432 96 ) (-1128 432 -480 ) (-1120 432 -480 ) (-1120 432 96 ) 
4 126 131 (-1120 0 -480 ) (-1120 0 288 ) (-1128 0 288 ) (-1128 0 -480 ) 
4 126 129 (-1128 0 -480 ) (-1128 0 288 ) (-1128 432 288 ) (-1128 432 -480 ) 
4 127 128 (-1136 448 96 ) (-1136 448 -480 ) (-1128 448 -480 ) (-1128 448 96 ) 
4 127 130 (-1136 1024 -480 ) (-1136 448 -480 ) (-1136 448 288 ) (-1136 1024 288 ) 
4 128 130 (-1136 448 -480 ) (-1136 432 -480 ) (-1136 432 96 ) (-1136 448 96 ) 
4 128 129 (-1136 432 96 ) (-1136 432 -480 ) (-1128 432 -480 ) (-1128 432 96 ) 
4 129 131 (-1128 0 -480 ) (-1128 0 288 ) (-1136 0 288 ) (-1136 0 -480 ) 
4 129 130 (-1136 432 -480 ) (-1136 0 -480 ) (-1136 0 288 ) (-1136 432 288 ) 
4 130 131 (-1136 0 288 ) (-2016 0 288 ) (-2016 0 -480 ) (-1136 0 -480 ) 
4 131 134 (-1024 -1024 -480 ) (-1024 -1024 992 ) (-2016 -1024 992 ) (-2016 -1024 -480 ) 
4 132 133 (0 -1024 992 ) (0 -1024 -480 ) (0 -1504 -480 ) (0 -1504 992 ) 
4 133 134 (-1024 -1024 992 ) (-1024 -1024 -480 ) (-1024 -1504 -480 ) (-1024 -1504 992 ) 
