


materialPath: D:\steam\steamapps\sourcemods\entropyzero2-addonworkspace\materials
Loading d:\steam\steamapps\sourcemods\entropyzero2-addonworkspace\mapsrc\facility03.vmf
ConVarRef mat_reduceparticles doesn't point to an existing ConVar
fixing up env_cubemap materials on brush sides...
0...1...2...3...4...5...6...7...8...9...10**** leaked ****
Entity prop_static (-4768.00 3264.00 416.00) leaked!
--- MAP LEAKED ---



12 threads
reading d:\steam\steamapps\sourcemods\entropyzero2-addonworkspace\mapsrc\facility03.bsp
Error opening d:\steam\steamapps\sourcemods\entropyzero2-addonworkspace\mapsrc\facility03.bsp


materialPath: D:\steam\steamapps\sourcemods\entropyzero2-addonworkspace\materials
Loading d:\steam\steamapps\sourcemods\entropyzero2-addonworkspace\mapsrc\facility03.vmf
ConVarRef mat_reduceparticles doesn't point to an existing ConVar
fixing up env_cubemap materials on brush sides...
0...1...2...3...4...5...6...7...8...9...10**** leaked ****
Entity prop_static (-4768.00 3264.00 416.00) leaked!
--- MAP LEAKED ---



12 threads
reading d:\steam\steamapps\sourcemods\entropyzero2-addonworkspace\mapsrc\facility03.bsp
Error opening d:\steam\steamapps\sourcemods\entropyzero2-addonworkspace\mapsrc\facility03.bsp


materialPath: D:\steam\steamapps\sourcemods\entropyzero2-addonworkspace\materials
Loading d:\steam\steamapps\sourcemods\entropyzero2-addonworkspace\mapsrc\facility03.vmf
ConVarRef mat_reduceparticles doesn't point to an existing ConVar
fixing up env_cubemap materials on brush sides...
0...1...2...3...4...5...6...7...8...9...10**** leaked ****
Entity prop_static (-4768.00 3264.00 416.00) leaked!
--- MAP LEAKED ---



12 threads
reading d:\steam\steamapps\sourcemods\entropyzero2-addonworkspace\mapsrc\facility03.bsp
Error opening d:\steam\steamapps\sourcemods\entropyzero2-addonworkspace\mapsrc\facility03.bsp


materialPath: D:\steam\steamapps\sourcemods\entropyzero2-addonworkspace\materials
Loading d:\steam\steamapps\sourcemods\entropyzero2-addonworkspace\mapsrc\facility03.vmf
ConVarRef mat_reduceparticles doesn't point to an existing ConVar
fixing up env_cubemap materials on brush sides...
0...1...2...3...4...5...6...7...8...9...100...1...2...3...4...5...6...7...8...9...10Processing areas...done (0)
Building Faces...done (0)
Chop Details...done (0)
Find Visible Detail Sides...
Merged 218 detail faces...done (0)
Merging details...done (0)
FixTjuncs...
PruneNodes...
WriteBSP...
done (0)
writing d:\steam\steamapps\sourcemods\entropyzero2-addonworkspace\mapsrc\facility03.prt...Building visibility clusters...
done (0)
Finding displacement neighbors...
Finding lightmap sample positions...
Displacement Alpha : 0...1...2...3...4...5...6...7...8...9...10
Building Physics collision data...
done (0) (92547 bytes)
Placing static props...
Placing detail props : 0...1...2...3...4...5...6...7...8...9...10
Compacting texture/material tables...
Reduced 224 texinfos to 132
Reduced 34 texdatas to 33 (895 bytes to 869)
Writing d:\steam\steamapps\sourcemods\entropyzero2-addonworkspace\mapsrc\facility03.bsp
0 seconds elapsed



12 threads
reading d:\steam\steamapps\sourcemods\entropyzero2-addonworkspace\mapsrc\facility03.bsp
reading d:\steam\steamapps\sourcemods\entropyzero2-addonworkspace\mapsrc\facility03.prt
  49 portalclusters
 102 numportals
0...1...2...3...4...5...6...7...8...9...10Optimized: 0 visible clusters (0.00%)
Total clusters visible: 2321
Average clusters visible: 47
Building PAS...
Average clusters audible: 49
visdatasize:1092  compressed from 784
writing d:\steam\steamapps\sourcemods\entropyzero2-addonworkspace\mapsrc\facility03.bsp
0 seconds elapsed



[Reading texlights from 'lights.rad']
[48 texlights parsed from 'lights.rad']

Loading d:\steam\steamapps\sourcemods\entropyzero2-addonworkspace\mapsrc\facility03.bsp
1043 faces
143399 square feet [20649572.00 square inches]
15 Displacements
18767 Square Feet [2702556.00 Square Inches]
1043 patches before subdivision
20869 patches after subdivision
11 direct lights
0...1...2...3...4...5...6...7...8...9...100...1...2...3...4...5...6...7...8...9...10transfers 2056485, max 554
transfer lists:  15.7 megs
0...1...2...3...4...5...6...7...8...9...10	Bounce #1 added RGB(4374, 3130, 1915)
0...1...2...3...4...5...6...7...8...9...10	Bounce #2 added RGB(395, 267, 131)
Build Patch/Sample Hash Table(s).....Done<0.0037 sec>
0...1...2...3...4...5...6...7...8...9...10FinalLightFace Done
0 of 0 (0% of) surface lights went in leaf ambient cubes.
0...1...2...3...4...5...6...7...8...9...10Writing leaf ambient...done
Ready to Finish

Object names       Objects/Maxobjs  Memory / Maxmem  Fullness 
------------       ---------------  ---------------  -------- 
models                   5/1024          240/49152    ( 0.5%) 
brushes                243/8192         2916/98304    ( 3.0%) 
brushsides            2033/65536       16264/524288   ( 3.1%) 
planes                 632/65536       12640/1310720  ( 1.0%) 
vertexes              1500/65536       18000/786432   ( 2.3%) 
nodes                  242/65536        7744/2097152  ( 0.4%) 
texinfos               132/12288        9504/884736   ( 1.1%) 
texdata                 33/2048         1056/65536    ( 1.6%) 
dispinfos               15/0            2640/0        ( 0.0%) 
disp_verts            1215/0           24300/0        ( 0.0%) 
disp_tris             1920/0            3840/0        ( 0.0%) 
disp_lmsamples       69360/0           69360/0        ( 0.0%) 
faces                 1043/65536       58408/3670016  ( 1.6%) 
hdr faces                0/65536           0/3670016  ( 0.0%) 
origfaces              728/65536       40768/3670016  ( 1.1%) 
leaves                 248/65536        7936/2097152  ( 0.4%) 
leaffaces             1099/65536        2198/131072   ( 1.7%) 
leafbrushes            389/65536         778/131072   ( 0.6%) 
areas                    2/256            16/2048     ( 0.8%) 
surfedges             7752/512000      31008/2048000  ( 1.5%) 
edges                 4440/256000      17760/1024000  ( 1.7%) 
LDR worldlights         11/65536         968/5767168  ( 0.0%) 
HDR worldlights          0/65536           0/5767168  ( 0.0%) 
leafwaterdata            0/32768           0/393216   ( 0.0%) 
waterstrips             76/32768         760/327680   ( 0.2%) 
waterverts               0/65536           0/786432   ( 0.0%) 
waterindices          1611/65536        3222/131072   ( 2.5%) 
cubemapsamples           0/1024            0/16384    ( 0.0%) 
overlays                 0/8192            0/2883584  ( 0.0%) 
LDR lightdata         [variable]      854068/0        ( 0.0%) 
HDR lightdata         [variable]           0/0        ( 0.0%) 
visdata               [variable]        1092/16777216 ( 0.0%) 
entdata               [variable]        7391/393216   ( 1.9%) 
LDR ambient table      248/65536         992/262144   ( 0.4%) 
HDR ambient table      248/65536         992/262144   ( 0.4%) 
LDR leaf ambient       540/65536       15120/1835008  ( 0.8%) 
HDR leaf ambient       248/65536        6944/1835008  ( 0.4%) 
occluders                0/0               0/0        ( 0.0%) 
occluder polygons        0/0               0/0        ( 0.0%) 
occluder vert ind        0/0               0/0        ( 0.0%) 
detail props          [variable]           1/12       ( 8.3%) 
static props          [variable]           1/1422     ( 0.1%) 
pakfile               [variable]          54/0        ( 0.0%) 
physics               [variable]       92547/4194304  ( 2.2%) 
physics terrain       [variable]        6691/1048576  ( 0.6%) 

Level flags = 0

Total triangle count: 2754
Writing d:\steam\steamapps\sourcemods\entropyzero2-addonworkspace\mapsrc\facility03.bsp
1 second elapsed



materialPath: D:\steam\steamapps\sourcemods\entropyzero2-addonworkspace\materials
Loading d:\steam\steamapps\sourcemods\entropyzero2-addonworkspace\mapsrc\facility03.vmf
ConVarRef mat_reduceparticles doesn't point to an existing ConVar
fixing up env_cubemap materials on brush sides...
0...1...2...3...4...5...6...7...8...9...100...1...2...3...4...5...6...7...8...9...10Processing areas...done (0)
Building Faces...done (0)
Chop Details...done (0)
Find Visible Detail Sides...
Merged 218 detail faces...done (0)
Merging details...done (0)
FixTjuncs...
PruneNodes...
WriteBSP...
done (0)
writing d:\steam\steamapps\sourcemods\entropyzero2-addonworkspace\mapsrc\facility03.prt...Building visibility clusters...
done (0)
Finding displacement neighbors...
Finding lightmap sample positions...
Displacement Alpha : 0...1...2...3...4...5...6...7...8...9...10
Building Physics collision data...
done (0) (92547 bytes)
Placing static props...
Placing detail props : 0...1...2...3...4...5...6...7...8...9...10
Compacting texture/material tables...
Reduced 224 texinfos to 132
Reduced 34 texdatas to 33 (895 bytes to 869)
Writing d:\steam\steamapps\sourcemods\entropyzero2-addonworkspace\mapsrc\facility03.bsp
0 seconds elapsed



12 threads
reading d:\steam\steamapps\sourcemods\entropyzero2-addonworkspace\mapsrc\facility03.bsp
reading d:\steam\steamapps\sourcemods\entropyzero2-addonworkspace\mapsrc\facility03.prt
  49 portalclusters
 102 numportals
0...1...2...3...4...5...6...7...8...9...10Optimized: 0 visible clusters (0.00%)
Total clusters visible: 2321
Average clusters visible: 47
Building PAS...
Average clusters audible: 49
visdatasize:1092  compressed from 784
writing d:\steam\steamapps\sourcemods\entropyzero2-addonworkspace\mapsrc\facility03.bsp
0 seconds elapsed



[Reading texlights from 'lights.rad']
[48 texlights parsed from 'lights.rad']

Loading d:\steam\steamapps\sourcemods\entropyzero2-addonworkspace\mapsrc\facility03.bsp
1043 faces
143399 square feet [20649572.00 square inches]
15 Displacements
18767 Square Feet [2702556.00 Square Inches]
1043 patches before subdivision
20869 patches after subdivision
11 direct lights
0...1...2...3...4...5...6...7...8...9...100...1...2...3...4...5...6...7...8...9...10transfers 2056485, max 554
transfer lists:  15.7 megs
0...1...2...3...4...5...6...7...8...9...10	Bounce #1 added RGB(4374, 3130, 1915)
0...1...2...3...4...5...6...7...8...9...10	Bounce #2 added RGB(395, 267, 131)
Build Patch/Sample Hash Table(s).....Done<0.0038 sec>
0...1...2...3...4...5...6...7...8...9...10FinalLightFace Done
0 of 0 (0% of) surface lights went in leaf ambient cubes.
0...1...2...3...4...5...6...7...8...9...10Writing leaf ambient...done
Ready to Finish

Object names       Objects/Maxobjs  Memory / Maxmem  Fullness 
------------       ---------------  ---------------  -------- 
models                   5/1024          240/49152    ( 0.5%) 
brushes                243/8192         2916/98304    ( 3.0%) 
brushsides            2033/65536       16264/524288   ( 3.1%) 
planes                 632/65536       12640/1310720  ( 1.0%) 
vertexes              1500/65536       18000/786432   ( 2.3%) 
nodes                  242/65536        7744/2097152  ( 0.4%) 
texinfos               132/12288        9504/884736   ( 1.1%) 
texdata                 33/2048         1056/65536    ( 1.6%) 
dispinfos               15/0            2640/0        ( 0.0%) 
disp_verts            1215/0           24300/0        ( 0.0%) 
disp_tris             1920/0            3840/0        ( 0.0%) 
disp_lmsamples       69360/0           69360/0        ( 0.0%) 
faces                 1043/65536       58408/3670016  ( 1.6%) 
hdr faces                0/65536           0/3670016  ( 0.0%) 
origfaces              728/65536       40768/3670016  ( 1.1%) 
leaves                 248/65536        7936/2097152  ( 0.4%) 
leaffaces             1099/65536        2198/131072   ( 1.7%) 
leafbrushes            389/65536         778/131072   ( 0.6%) 
areas                    2/256            16/2048     ( 0.8%) 
surfedges             7752/512000      31008/2048000  ( 1.5%) 
edges                 4440/256000      17760/1024000  ( 1.7%) 
LDR worldlights         11/65536         968/5767168  ( 0.0%) 
HDR worldlights          0/65536           0/5767168  ( 0.0%) 
leafwaterdata            0/32768           0/393216   ( 0.0%) 
waterstrips             76/32768         760/327680   ( 0.2%) 
waterverts               0/65536           0/786432   ( 0.0%) 
waterindices          1611/65536        3222/131072   ( 2.5%) 
cubemapsamples           0/1024            0/16384    ( 0.0%) 
overlays                 0/8192            0/2883584  ( 0.0%) 
LDR lightdata         [variable]      854068/0        ( 0.0%) 
HDR lightdata         [variable]           0/0        ( 0.0%) 
visdata               [variable]        1092/16777216 ( 0.0%) 
entdata               [variable]        7391/393216   ( 1.9%) 
LDR ambient table      248/65536         992/262144   ( 0.4%) 
HDR ambient table      248/65536         992/262144   ( 0.4%) 
LDR leaf ambient       540/65536       15120/1835008  ( 0.8%) 
HDR leaf ambient       248/65536        6944/1835008  ( 0.4%) 
occluders                0/0               0/0        ( 0.0%) 
occluder polygons        0/0               0/0        ( 0.0%) 
occluder vert ind        0/0               0/0        ( 0.0%) 
detail props          [variable]           1/12       ( 8.3%) 
static props          [variable]           1/1422     ( 0.1%) 
pakfile               [variable]          54/0        ( 0.0%) 
physics               [variable]       92547/4194304  ( 2.2%) 
physics terrain       [variable]        6691/1048576  ( 0.6%) 

Level flags = 0

Total triangle count: 2754
Writing d:\steam\steamapps\sourcemods\entropyzero2-addonworkspace\mapsrc\facility03.bsp
1 second elapsed



materialPath: D:\steam\steamapps\sourcemods\entropyzero2-addonworkspace\materials
Loading d:\steam\steamapps\sourcemods\entropyzero2-addonworkspace\mapsrc\facility03.vmf
ConVarRef mat_reduceparticles doesn't point to an existing ConVar
fixing up env_cubemap materials on brush sides...
0...1...2...3...4...5...6...7...8...9...100...1...2...3...4...5...6...7...8...9...10Processing areas...done (0)
Building Faces...done (0)
Chop Details...done (0)
Find Visible Detail Sides...
Merged 216 detail faces...done (0)
Merging details...done (0)
FixTjuncs...
PruneNodes...
WriteBSP...
done (0)
writing d:\steam\steamapps\sourcemods\entropyzero2-addonworkspace\mapsrc\facility03.prt...Building visibility clusters...
done (0)
Finding displacement neighbors...
Finding lightmap sample positions...
Displacement Alpha : 0...1...2...3...4...5...6...7...8...9...10
Building Physics collision data...
done (0) (93097 bytes)
Placing static props...
Placing detail props : 0...1...2...3...4...5...6...7...8...9...10
Compacting texture/material tables...
Reduced 231 texinfos to 137
Reduced 34 texdatas to 33 (895 bytes to 869)
Writing d:\steam\steamapps\sourcemods\entropyzero2-addonworkspace\mapsrc\facility03.bsp
0 seconds elapsed



12 threads
reading d:\steam\steamapps\sourcemods\entropyzero2-addonworkspace\mapsrc\facility03.bsp
reading d:\steam\steamapps\sourcemods\entropyzero2-addonworkspace\mapsrc\facility03.prt
  49 portalclusters
 102 numportals
0...1...2...3...4...5...6...7...8...9...10Optimized: 0 visible clusters (0.00%)
Total clusters visible: 2321
Average clusters visible: 47
Building PAS...
Average clusters audible: 49
visdatasize:1092  compressed from 784
writing d:\steam\steamapps\sourcemods\entropyzero2-addonworkspace\mapsrc\facility03.bsp
0 seconds elapsed



[Reading texlights from 'lights.rad']
[48 texlights parsed from 'lights.rad']

Loading d:\steam\steamapps\sourcemods\entropyzero2-addonworkspace\mapsrc\facility03.bsp
1049 faces
143684 square feet [20690532.00 square inches]
15 Displacements
18767 Square Feet [2702556.00 Square Inches]
1049 patches before subdivision
20975 patches after subdivision
21 direct lights
0...1...2...3...4...5...6...7...8...9...100...1...2...3...4...5...6...7...8...9...10transfers 2066706, max 553
transfer lists:  15.8 megs
0...1...2...3...4...5...6...7...8...9...10	Bounce #1 added RGB(9082, 6105, 3632)
0...1...2...3...4...5...6...7...8...9...10	Bounce #2 added RGB(839, 526, 250)
Build Patch/Sample Hash Table(s).....Done<0.0041 sec>
0...1...2...3...4...5...6...7...8...9...10FinalLightFace Done
0 of 0 (0% of) surface lights went in leaf ambient cubes.
0...1...2...3...4...5...6...7...8...9...10Writing leaf ambient...done
Ready to Finish

Object names       Objects/Maxobjs  Memory / Maxmem  Fullness 
------------       ---------------  ---------------  -------- 
models                   6/1024          288/49152    ( 0.6%) 
brushes                256/8192         3072/98304    ( 3.1%) 
brushsides            2135/65536       17080/524288   ( 3.3%) 
planes                 652/65536       13040/1310720  ( 1.0%) 
vertexes              1508/65536       18096/786432   ( 2.3%) 
nodes                  248/65536        7936/2097152  ( 0.4%) 
texinfos               137/12288        9864/884736   ( 1.1%) 
texdata                 33/2048         1056/65536    ( 1.6%) 
dispinfos               15/0            2640/0        ( 0.0%) 
disp_verts            1215/0           24300/0        ( 0.0%) 
disp_tris             1920/0            3840/0        ( 0.0%) 
disp_lmsamples       69360/0           69360/0        ( 0.0%) 
faces                 1049/65536       58744/3670016  ( 1.6%) 
hdr faces                0/65536           0/3670016  ( 0.0%) 
origfaces              735/65536       41160/3670016  ( 1.1%) 
leaves                 255/65536        8160/2097152  ( 0.4%) 
leaffaces             1105/65536        2210/131072   ( 1.7%) 
leafbrushes            390/65536         780/131072   ( 0.6%) 
areas                    2/256            16/2048     ( 0.8%) 
surfedges             7812/512000      31248/2048000  ( 1.5%) 
edges                 4470/256000      17880/1024000  ( 1.7%) 
LDR worldlights         21/65536        1848/5767168  ( 0.0%) 
HDR worldlights          0/65536           0/5767168  ( 0.0%) 
leafwaterdata            0/32768           0/393216   ( 0.0%) 
waterstrips             80/32768         800/327680   ( 0.2%) 
waterverts               0/65536           0/786432   ( 0.0%) 
waterindices          1665/65536        3330/131072   ( 2.5%) 
cubemapsamples           0/1024            0/16384    ( 0.0%) 
overlays                 0/8192            0/2883584  ( 0.0%) 
LDR lightdata         [variable]      855224/0        ( 0.0%) 
HDR lightdata         [variable]           0/0        ( 0.0%) 
visdata               [variable]        1092/16777216 ( 0.0%) 
entdata               [variable]       11309/393216   ( 2.9%) 
LDR ambient table      255/65536        1020/262144   ( 0.4%) 
HDR ambient table      255/65536        1020/262144   ( 0.4%) 
LDR leaf ambient       612/65536       17136/1835008  ( 0.9%) 
HDR leaf ambient       255/65536        7140/1835008  ( 0.4%) 
occluders                0/0               0/0        ( 0.0%) 
occluder polygons        0/0               0/0        ( 0.0%) 
occluder vert ind        0/0               0/0        ( 0.0%) 
detail props          [variable]           1/12       ( 8.3%) 
static props          [variable]           1/2078     ( 0.0%) 
pakfile               [variable]          54/0        ( 0.0%) 
physics               [variable]       93097/4194304  ( 2.2%) 
physics terrain       [variable]        6691/1048576  ( 0.6%) 

Level flags = 0

Total triangle count: 2774
Writing d:\steam\steamapps\sourcemods\entropyzero2-addonworkspace\mapsrc\facility03.bsp
1 second elapsed



materialPath: D:\steam\steamapps\sourcemods\entropyzero2-addonworkspace\materials
Loading d:\steam\steamapps\sourcemods\entropyzero2-addonworkspace\mapsrc\facility03.vmf
ConVarRef mat_reduceparticles doesn't point to an existing ConVar
fixing up env_cubemap materials on brush sides...
0...1...2...3...4...5...6...7...8...9...100...1...2...3...4...5...6...7...8...9...10Processing areas...done (0)
Building Faces...done (0)
Chop Details...done (0)
Find Visible Detail Sides...
Merged 216 detail faces...done (0)
Merging details...done (0)
FixTjuncs...
PruneNodes...
WriteBSP...
done (0)
writing d:\steam\steamapps\sourcemods\entropyzero2-addonworkspace\mapsrc\facility03.prt...Building visibility clusters...
done (0)
Finding displacement neighbors...
Finding lightmap sample positions...
Displacement Alpha : 0...1...2...3...4...5...6...7...8...9...10
Building Physics collision data...
done (0) (93651 bytes)
Placing static props...
Placing detail props : 0...1...2...3...4...5...6...7...8...9...10
Compacting texture/material tables...
Reduced 237 texinfos to 140
Reduced 35 texdatas to 34 (920 bytes to 894)
Writing d:\steam\steamapps\sourcemods\entropyzero2-addonworkspace\mapsrc\facility03.bsp
0 seconds elapsed



12 threads
reading d:\steam\steamapps\sourcemods\entropyzero2-addonworkspace\mapsrc\facility03.bsp
reading d:\steam\steamapps\sourcemods\entropyzero2-addonworkspace\mapsrc\facility03.prt
  49 portalclusters
 102 numportals
0...1...2...3...4...5...6...7...8...9...10Optimized: 0 visible clusters (0.00%)
Total clusters visible: 2321
Average clusters visible: 47
Building PAS...
Average clusters audible: 49
visdatasize:1092  compressed from 784
writing d:\steam\steamapps\sourcemods\entropyzero2-addonworkspace\mapsrc\facility03.bsp
0 seconds elapsed



[Reading texlights from 'lights.rad']
[48 texlights parsed from 'lights.rad']

Loading d:\steam\steamapps\sourcemods\entropyzero2-addonworkspace\mapsrc\facility03.bsp
1055 faces
143840 square feet [20713060.00 square inches]
15 Displacements
18767 Square Feet [2702556.00 Square Inches]
1055 patches before subdivision
21025 patches after subdivision
21 direct lights
0...1...2...3...4...5...6...7...8...9...100...1...2...3...4...5...6...7...8...9...10transfers 2075284, max 553
transfer lists:  15.8 megs
0...1...2...3...4...5...6...7...8...9...10	Bounce #1 added RGB(9135, 6134, 3647)
0...1...2...3...4...5...6...7...8...9...10	Bounce #2 added RGB(844, 529, 252)
Build Patch/Sample Hash Table(s).....Done<0.0038 sec>
0...1...2...3...4...5...6...7...8...9...10FinalLightFace Done
0 of 0 (0% of) surface lights went in leaf ambient cubes.
0...1...2...3...4...5...6...7...8...9...10Writing leaf ambient...done
Ready to Finish

Object names       Objects/Maxobjs  Memory / Maxmem  Fullness 
------------       ---------------  ---------------  -------- 
models                   7/1024          336/49152    ( 0.7%) 
brushes                257/8192         3084/98304    ( 3.1%) 
brushsides            2141/65536       17128/524288   ( 3.3%) 
planes                 660/65536       13200/1310720  ( 1.0%) 
vertexes              1516/65536       18192/786432   ( 2.3%) 
nodes                  254/65536        8128/2097152  ( 0.4%) 
texinfos               140/12288       10080/884736   ( 1.1%) 
texdata                 34/2048         1088/65536    ( 1.7%) 
dispinfos               15/0            2640/0        ( 0.0%) 
disp_verts            1215/0           24300/0        ( 0.0%) 
disp_tris             1920/0            3840/0        ( 0.0%) 
disp_lmsamples       69360/0           69360/0        ( 0.0%) 
faces                 1055/65536       59080/3670016  ( 1.6%) 
hdr faces                0/65536           0/3670016  ( 0.0%) 
origfaces              741/65536       41496/3670016  ( 1.1%) 
leaves                 262/65536        8384/2097152  ( 0.4%) 
leaffaces             1111/65536        2222/131072   ( 1.7%) 
leafbrushes            391/65536         782/131072   ( 0.6%) 
areas                    2/256            16/2048     ( 0.8%) 
surfedges             7860/512000      31440/2048000  ( 1.5%) 
edges                 4494/256000      17976/1024000  ( 1.8%) 
LDR worldlights         21/65536        1848/5767168  ( 0.0%) 
HDR worldlights          0/65536           0/5767168  ( 0.0%) 
leafwaterdata            0/32768           0/393216   ( 0.0%) 
waterstrips             80/32768         800/327680   ( 0.2%) 
waterverts               0/65536           0/786432   ( 0.0%) 
waterindices          1665/65536        3330/131072   ( 2.5%) 
cubemapsamples           0/1024            0/16384    ( 0.0%) 
overlays                 0/8192            0/2883584  ( 0.0%) 
LDR lightdata         [variable]      855984/0        ( 0.0%) 
HDR lightdata         [variable]           0/0        ( 0.0%) 
visdata               [variable]        1092/16777216 ( 0.0%) 
entdata               [variable]       11701/393216   ( 3.0%) 
LDR ambient table      262/65536        1048/262144   ( 0.4%) 
HDR ambient table      262/65536        1048/262144   ( 0.4%) 
LDR leaf ambient       618/65536       17304/1835008  ( 0.9%) 
HDR leaf ambient       262/65536        7336/1835008  ( 0.4%) 
occluders                0/0               0/0        ( 0.0%) 
occluder polygons        0/0               0/0        ( 0.0%) 
occluder vert ind        0/0               0/0        ( 0.0%) 
detail props          [variable]           1/12       ( 8.3%) 
static props          [variable]           1/2078     ( 0.0%) 
pakfile               [variable]          54/0        ( 0.0%) 
physics               [variable]       93651/4194304  ( 2.2%) 
physics terrain       [variable]        6691/1048576  ( 0.6%) 

Level flags = 0

Total triangle count: 2786
Writing d:\steam\steamapps\sourcemods\entropyzero2-addonworkspace\mapsrc\facility03.bsp
1 second elapsed



materialPath: D:\steam\steamapps\sourcemods\entropyzero2-addonworkspace\materials
Loading d:\steam\steamapps\sourcemods\entropyzero2-addonworkspace\mapsrc\facility03.vmf
ConVarRef mat_reduceparticles doesn't point to an existing ConVar
fixing up env_cubemap materials on brush sides...
0...1...2...3...4...5...6...7...8...9...100...1...2...3...4...5...6...7...8...9...10Processing areas...done (0)
Building Faces...done (0)
Chop Details...done (0)
Find Visible Detail Sides...
Merged 216 detail faces...done (0)
Merging details...done (0)
FixTjuncs...
PruneNodes...
WriteBSP...
done (0)
writing d:\steam\steamapps\sourcemods\entropyzero2-addonworkspace\mapsrc\facility03.prt...Building visibility clusters...
done (0)
Finding displacement neighbors...
Finding lightmap sample positions...
Displacement Alpha : 0...1...2...3...4...5...6...7...8...9...10
Building Physics collision data...
done (0) (93651 bytes)
Placing static props...
Placing detail props : 0...1...2...3...4...5...6...7...8...9...10
Compacting texture/material tables...
Reduced 237 texinfos to 140
Reduced 35 texdatas to 34 (920 bytes to 894)
Writing d:\steam\steamapps\sourcemods\entropyzero2-addonworkspace\mapsrc\facility03.bsp
0 seconds elapsed



12 threads
reading d:\steam\steamapps\sourcemods\entropyzero2-addonworkspace\mapsrc\facility03.bsp
reading d:\steam\steamapps\sourcemods\entropyzero2-addonworkspace\mapsrc\facility03.prt
  49 portalclusters
 102 numportals
0...1...2...3...4...5...6...7...8...9...10Optimized: 0 visible clusters (0.00%)
Total clusters visible: 2321
Average clusters visible: 47
Building PAS...
Average clusters audible: 49
visdatasize:1092  compressed from 784
writing d:\steam\steamapps\sourcemods\entropyzero2-addonworkspace\mapsrc\facility03.bsp
0 seconds elapsed



[Reading texlights from 'lights.rad']
[48 texlights parsed from 'lights.rad']

Loading d:\steam\steamapps\sourcemods\entropyzero2-addonworkspace\mapsrc\facility03.bsp
1055 faces
143840 square feet [20713060.00 square inches]
15 Displacements
18767 Square Feet [2702556.00 Square Inches]
1055 patches before subdivision
21025 patches after subdivision
21 direct lights
0...1...2...3...4...5...6...7...8...9...100...1...2...3...4...5...6...7...8...9...10transfers 2075284, max 553
transfer lists:  15.8 megs
0...1...2...3...4...5...6...7...8...9...10	Bounce #1 added RGB(9135, 6134, 3647)
0...1...2...3...4...5...6...7...8...9...10	Bounce #2 added RGB(844, 529, 252)
Build Patch/Sample Hash Table(s).....Done<0.0038 sec>
0...1...2...3...4...5...6...7...8...9...10FinalLightFace Done
0 of 0 (0% of) surface lights went in leaf ambient cubes.
0...1...2...3...4...5...6...7...8...9...10Writing leaf ambient...done
Ready to Finish

Object names       Objects/Maxobjs  Memory / Maxmem  Fullness 
------------       ---------------  ---------------  -------- 
models                   7/1024          336/49152    ( 0.7%) 
brushes                257/8192         3084/98304    ( 3.1%) 
brushsides            2141/65536       17128/524288   ( 3.3%) 
planes                 660/65536       13200/1310720  ( 1.0%) 
vertexes              1516/65536       18192/786432   ( 2.3%) 
nodes                  254/65536        8128/2097152  ( 0.4%) 
texinfos               140/12288       10080/884736   ( 1.1%) 
texdata                 34/2048         1088/65536    ( 1.7%) 
dispinfos               15/0            2640/0        ( 0.0%) 
disp_verts            1215/0           24300/0        ( 0.0%) 
disp_tris             1920/0            3840/0        ( 0.0%) 
disp_lmsamples       69360/0           69360/0        ( 0.0%) 
faces                 1055/65536       59080/3670016  ( 1.6%) 
hdr faces                0/65536           0/3670016  ( 0.0%) 
origfaces              741/65536       41496/3670016  ( 1.1%) 
leaves                 262/65536        8384/2097152  ( 0.4%) 
leaffaces             1111/65536        2222/131072   ( 1.7%) 
leafbrushes            391/65536         782/131072   ( 0.6%) 
areas                    2/256            16/2048     ( 0.8%) 
surfedges             7860/512000      31440/2048000  ( 1.5%) 
edges                 4494/256000      17976/1024000  ( 1.8%) 
LDR worldlights         21/65536        1848/5767168  ( 0.0%) 
HDR worldlights          0/65536           0/5767168  ( 0.0%) 
leafwaterdata            0/32768           0/393216   ( 0.0%) 
waterstrips             80/32768         800/327680   ( 0.2%) 
waterverts               0/65536           0/786432   ( 0.0%) 
waterindices          1665/65536        3330/131072   ( 2.5%) 
cubemapsamples           0/1024            0/16384    ( 0.0%) 
overlays                 0/8192            0/2883584  ( 0.0%) 
LDR lightdata         [variable]      855984/0        ( 0.0%) 
HDR lightdata         [variable]           0/0        ( 0.0%) 
visdata               [variable]        1092/16777216 ( 0.0%) 
entdata               [variable]       11700/393216   ( 3.0%) 
LDR ambient table      262/65536        1048/262144   ( 0.4%) 
HDR ambient table      262/65536        1048/262144   ( 0.4%) 
LDR leaf ambient       618/65536       17304/1835008  ( 0.9%) 
HDR leaf ambient       262/65536        7336/1835008  ( 0.4%) 
occluders                0/0               0/0        ( 0.0%) 
occluder polygons        0/0               0/0        ( 0.0%) 
occluder vert ind        0/0               0/0        ( 0.0%) 
detail props          [variable]           1/12       ( 8.3%) 
static props          [variable]           1/2078     ( 0.0%) 
pakfile               [variable]          54/0        ( 0.0%) 
physics               [variable]       93651/4194304  ( 2.2%) 
physics terrain       [variable]        6691/1048576  ( 0.6%) 

Level flags = 0

Total triangle count: 2786
Writing d:\steam\steamapps\sourcemods\entropyzero2-addonworkspace\mapsrc\facility03.bsp
1 second elapsed



materialPath: D:\steam\steamapps\sourcemods\entropyzero2-addonworkspace\materials
Loading d:\steam\steamapps\sourcemods\entropyzero2-addonworkspace\mapsrc\facility03.vmf
ConVarRef mat_reduceparticles doesn't point to an existing ConVar
fixing up env_cubemap materials on brush sides...
0...1...2...3...4...5...6...7...8...9...100...1...2...3...4...5...6...7...8...9...10Processing areas...done (0)
Building Faces...done (0)
Chop Details...done (0)
Find Visible Detail Sides...
Merged 216 detail faces...done (0)
Merging details...done (0)
FixTjuncs...
PruneNodes...
WriteBSP...
done (0)
writing d:\steam\steamapps\sourcemods\entropyzero2-addonworkspace\mapsrc\facility03.prt...Building visibility clusters...
done (0)
Finding displacement neighbors...
Finding lightmap sample positions...
Displacement Alpha : 0...1...2...3...4...5...6...7...8...9...10
Building Physics collision data...
done (0) (93651 bytes)
Placing static props...
Placing detail props : 0...1...2...3...4...5...6...7...8...9...10
Compacting texture/material tables...
Reduced 237 texinfos to 140
Reduced 35 texdatas to 34 (920 bytes to 894)
Writing d:\steam\steamapps\sourcemods\entropyzero2-addonworkspace\mapsrc\facility03.bsp
0 seconds elapsed



12 threads
reading d:\steam\steamapps\sourcemods\entropyzero2-addonworkspace\mapsrc\facility03.bsp
reading d:\steam\steamapps\sourcemods\entropyzero2-addonworkspace\mapsrc\facility03.prt
  49 portalclusters
 102 numportals
0...1...2...3...4...5...6...7...8...9...10Optimized: 0 visible clusters (0.00%)
Total clusters visible: 2321
Average clusters visible: 47
Building PAS...
Average clusters audible: 49
visdatasize:1092  compressed from 784
writing d:\steam\steamapps\sourcemods\entropyzero2-addonworkspace\mapsrc\facility03.bsp
0 seconds elapsed



[Reading texlights from 'lights.rad']
[48 texlights parsed from 'lights.rad']

Loading d:\steam\steamapps\sourcemods\entropyzero2-addonworkspace\mapsrc\facility03.bsp
1055 faces
143840 square feet [20713060.00 square inches]
15 Displacements
18767 Square Feet [2702556.00 Square Inches]
1055 patches before subdivision
21025 patches after subdivision
21 direct lights
0...1...2...3...4...5...6...7...8...9...100...1...2...3...4...5...6...7...8...9...10transfers 2075284, max 553
transfer lists:  15.8 megs
0...1...2...3...4...5...6...7...8...9...10	Bounce #1 added RGB(9135, 6134, 3647)
0...1...2...3...4...5...6...7...8...9...10	Bounce #2 added RGB(844, 529, 252)
Build Patch/Sample Hash Table(s).....Done<0.0040 sec>
0...1...2...3...4...5...6...7...8...9...10FinalLightFace Done
0 of 0 (0% of) surface lights went in leaf ambient cubes.
0...1...2...3...4...5...6...7...8...9...10Writing leaf ambient...done
Ready to Finish

Object names       Objects/Maxobjs  Memory / Maxmem  Fullness 
------------       ---------------  ---------------  -------- 
models                   7/1024          336/49152    ( 0.7%) 
brushes                257/8192         3084/98304    ( 3.1%) 
brushsides            2141/65536       17128/524288   ( 3.3%) 
planes                 660/65536       13200/1310720  ( 1.0%) 
vertexes              1516/65536       18192/786432   ( 2.3%) 
nodes                  254/65536        8128/2097152  ( 0.4%) 
texinfos               140/12288       10080/884736   ( 1.1%) 
texdata                 34/2048         1088/65536    ( 1.7%) 
dispinfos               15/0            2640/0        ( 0.0%) 
disp_verts            1215/0           24300/0        ( 0.0%) 
disp_tris             1920/0            3840/0        ( 0.0%) 
disp_lmsamples       69360/0           69360/0        ( 0.0%) 
faces                 1055/65536       59080/3670016  ( 1.6%) 
hdr faces                0/65536           0/3670016  ( 0.0%) 
origfaces              741/65536       41496/3670016  ( 1.1%) 
leaves                 262/65536        8384/2097152  ( 0.4%) 
leaffaces             1111/65536        2222/131072   ( 1.7%) 
leafbrushes            391/65536         782/131072   ( 0.6%) 
areas                    2/256            16/2048     ( 0.8%) 
surfedges             7860/512000      31440/2048000  ( 1.5%) 
edges                 4494/256000      17976/1024000  ( 1.8%) 
LDR worldlights         21/65536        1848/5767168  ( 0.0%) 
HDR worldlights          0/65536           0/5767168  ( 0.0%) 
leafwaterdata            0/32768           0/393216   ( 0.0%) 
waterstrips             80/32768         800/327680   ( 0.2%) 
waterverts               0/65536           0/786432   ( 0.0%) 
waterindices          1665/65536        3330/131072   ( 2.5%) 
cubemapsamples           0/1024            0/16384    ( 0.0%) 
overlays                 0/8192            0/2883584  ( 0.0%) 
LDR lightdata         [variable]      855984/0        ( 0.0%) 
HDR lightdata         [variable]           0/0        ( 0.0%) 
visdata               [variable]        1092/16777216 ( 0.0%) 
entdata               [variable]       12288/393216   ( 3.1%) 
LDR ambient table      262/65536        1048/262144   ( 0.4%) 
HDR ambient table      262/65536        1048/262144   ( 0.4%) 
LDR leaf ambient       618/65536       17304/1835008  ( 0.9%) 
HDR leaf ambient       262/65536        7336/1835008  ( 0.4%) 
occluders                0/0               0/0        ( 0.0%) 
occluder polygons        0/0               0/0        ( 0.0%) 
occluder vert ind        0/0               0/0        ( 0.0%) 
detail props          [variable]           1/12       ( 8.3%) 
static props          [variable]           1/2078     ( 0.0%) 
pakfile               [variable]          54/0        ( 0.0%) 
physics               [variable]       93651/4194304  ( 2.2%) 
physics terrain       [variable]        6691/1048576  ( 0.6%) 

Level flags = 0

Total triangle count: 2786
Writing d:\steam\steamapps\sourcemods\entropyzero2-addonworkspace\mapsrc\facility03.bsp
1 second elapsed



materialPath: D:\steam\steamapps\sourcemods\entropyzero2-addonworkspace\materials
Loading d:\steam\steamapps\sourcemods\entropyzero2-addonworkspace\mapsrc\facility03.vmf
ConVarRef mat_reduceparticles doesn't point to an existing ConVar
fixing up env_cubemap materials on brush sides...
0...1...2...3...4...5...6...7...8...9...100...1...2...3...4...5...6...7...8...9...10Processing areas...done (0)
Building Faces...done (0)
Chop Details...done (0)
Find Visible Detail Sides...
Merged 216 detail faces...done (0)
Merging details...done (0)
FixTjuncs...
PruneNodes...
WriteBSP...
done (0)
writing d:\steam\steamapps\sourcemods\entropyzero2-addonworkspace\mapsrc\facility03.prt...Building visibility clusters...
done (0)
Finding displacement neighbors...
Finding lightmap sample positions...
Displacement Alpha : 0...1...2...3...4...5...6...7...8...9...10
Building Physics collision data...
done (0) (93651 bytes)
Placing static props...
Placing detail props : 0...1...2...3...4...5...6...7...8...9...10
Compacting texture/material tables...
Reduced 237 texinfos to 140
Reduced 35 texdatas to 34 (920 bytes to 894)
Writing d:\steam\steamapps\sourcemods\entropyzero2-addonworkspace\mapsrc\facility03.bsp
0 seconds elapsed



12 threads
reading d:\steam\steamapps\sourcemods\entropyzero2-addonworkspace\mapsrc\facility03.bsp
reading d:\steam\steamapps\sourcemods\entropyzero2-addonworkspace\mapsrc\facility03.prt
  49 portalclusters
 102 numportals
0...1...2...3...4...5...6...7...8...9...10Optimized: 0 visible clusters (0.00%)
Total clusters visible: 2321
Average clusters visible: 47
Building PAS...
Average clusters audible: 49
visdatasize:1092  compressed from 784
writing d:\steam\steamapps\sourcemods\entropyzero2-addonworkspace\mapsrc\facility03.bsp
0 seconds elapsed



[Reading texlights from 'lights.rad']
[48 texlights parsed from 'lights.rad']

Loading d:\steam\steamapps\sourcemods\entropyzero2-addonworkspace\mapsrc\facility03.bsp
1055 faces
143840 square feet [20713060.00 square inches]
15 Displacements
18767 Square Feet [2702556.00 Square Inches]
1055 patches before subdivision
21025 patches after subdivision
21 direct lights
0...1...2...3...4...5...6...7...8...9...100...1...2...3...4...5...6...7...8...9...10transfers 2075284, max 553
transfer lists:  15.8 megs
0...1...2...3...4...5...6...7...8...9...10	Bounce #1 added RGB(9135, 6134, 3647)
0...1...2...3...4...5...6...7...8...9...10	Bounce #2 added RGB(844, 529, 252)
Build Patch/Sample Hash Table(s).....Done<0.0038 sec>
0...1...2...3...4...5...6...7...8...9...10FinalLightFace Done
0 of 0 (0% of) surface lights went in leaf ambient cubes.
0...1...2...3...4...5...6...7...8...9...10Writing leaf ambient...done
Ready to Finish

Object names       Objects/Maxobjs  Memory / Maxmem  Fullness 
------------       ---------------  ---------------  -------- 
models                   7/1024          336/49152    ( 0.7%) 
brushes                257/8192         3084/98304    ( 3.1%) 
brushsides            2141/65536       17128/524288   ( 3.3%) 
planes                 660/65536       13200/1310720  ( 1.0%) 
vertexes              1516/65536       18192/786432   ( 2.3%) 
nodes                  254/65536        8128/2097152  ( 0.4%) 
texinfos               140/12288       10080/884736   ( 1.1%) 
texdata                 34/2048         1088/65536    ( 1.7%) 
dispinfos               15/0            2640/0        ( 0.0%) 
disp_verts            1215/0           24300/0        ( 0.0%) 
disp_tris             1920/0            3840/0        ( 0.0%) 
disp_lmsamples       69360/0           69360/0        ( 0.0%) 
faces                 1055/65536       59080/3670016  ( 1.6%) 
hdr faces                0/65536           0/3670016  ( 0.0%) 
origfaces              741/65536       41496/3670016  ( 1.1%) 
leaves                 262/65536        8384/2097152  ( 0.4%) 
leaffaces             1111/65536        2222/131072   ( 1.7%) 
leafbrushes            391/65536         782/131072   ( 0.6%) 
areas                    2/256            16/2048     ( 0.8%) 
surfedges             7860/512000      31440/2048000  ( 1.5%) 
edges                 4494/256000      17976/1024000  ( 1.8%) 
LDR worldlights         21/65536        1848/5767168  ( 0.0%) 
HDR worldlights          0/65536           0/5767168  ( 0.0%) 
leafwaterdata            0/32768           0/393216   ( 0.0%) 
waterstrips             80/32768         800/327680   ( 0.2%) 
waterverts               0/65536           0/786432   ( 0.0%) 
waterindices          1665/65536        3330/131072   ( 2.5%) 
cubemapsamples           0/1024            0/16384    ( 0.0%) 
overlays                 0/8192            0/2883584  ( 0.0%) 
LDR lightdata         [variable]      855984/0        ( 0.0%) 
HDR lightdata         [variable]           0/0        ( 0.0%) 
visdata               [variable]        1092/16777216 ( 0.0%) 
entdata               [variable]       12289/393216   ( 3.1%) 
LDR ambient table      262/65536        1048/262144   ( 0.4%) 
HDR ambient table      262/65536        1048/262144   ( 0.4%) 
LDR leaf ambient       618/65536       17304/1835008  ( 0.9%) 
HDR leaf ambient       262/65536        7336/1835008  ( 0.4%) 
occluders                0/0               0/0        ( 0.0%) 
occluder polygons        0/0               0/0        ( 0.0%) 
occluder vert ind        0/0               0/0        ( 0.0%) 
detail props          [variable]           1/12       ( 8.3%) 
static props          [variable]           1/2078     ( 0.0%) 
pakfile               [variable]          54/0        ( 0.0%) 
physics               [variable]       93651/4194304  ( 2.2%) 
physics terrain       [variable]        6691/1048576  ( 0.6%) 

Level flags = 0

Total triangle count: 2786
Writing d:\steam\steamapps\sourcemods\entropyzero2-addonworkspace\mapsrc\facility03.bsp
1 second elapsed



materialPath: D:\steam\steamapps\sourcemods\entropyzero2-addonworkspace\materials
Loading d:\steam\steamapps\sourcemods\entropyzero2-addonworkspace\mapsrc\facility03.vmf
ConVarRef mat_reduceparticles doesn't point to an existing ConVar
fixing up env_cubemap materials on brush sides...
0...1...2...3...4...5...6...7...8...9...100...1...2...3...4...5...6...7...8...9...10Processing areas...done (0)
Building Faces...done (0)
Chop Details...done (0)
Find Visible Detail Sides...
Merged 216 detail faces...done (0)
Merging details...done (0)
FixTjuncs...
PruneNodes...
WriteBSP...
done (0)
writing d:\steam\steamapps\sourcemods\entropyzero2-addonworkspace\mapsrc\facility03.prt...Building visibility clusters...
done (0)
Finding displacement neighbors...
Finding lightmap sample positions...
Displacement Alpha : 0...1...2...3...4...5...6...7...8...9...10
Building Physics collision data...
done (0) (93651 bytes)
Placing static props...
Placing detail props : 0...1...2...3...4...5...6...7...8...9...10
Compacting texture/material tables...
Reduced 237 texinfos to 140
Reduced 35 texdatas to 34 (920 bytes to 894)
Writing d:\steam\steamapps\sourcemods\entropyzero2-addonworkspace\mapsrc\facility03.bsp
0 seconds elapsed



12 threads
reading d:\steam\steamapps\sourcemods\entropyzero2-addonworkspace\mapsrc\facility03.bsp
reading d:\steam\steamapps\sourcemods\entropyzero2-addonworkspace\mapsrc\facility03.prt
  49 portalclusters
 102 numportals
0...1...2...3...4...5...6...7...8...9...10Optimized: 0 visible clusters (0.00%)
Total clusters visible: 2321
Average clusters visible: 47
Building PAS...
Average clusters audible: 49
visdatasize:1092  compressed from 784
writing d:\steam\steamapps\sourcemods\entropyzero2-addonworkspace\mapsrc\facility03.bsp
0 seconds elapsed



[Reading texlights from 'lights.rad']
[48 texlights parsed from 'lights.rad']

Loading d:\steam\steamapps\sourcemods\entropyzero2-addonworkspace\mapsrc\facility03.bsp
1055 faces
143840 square feet [20713060.00 square inches]
15 Displacements
18767 Square Feet [2702556.00 Square Inches]
1055 patches before subdivision
21025 patches after subdivision
21 direct lights
0...1...2...3...4...5...6...7...8...9...100...1...2...3...4...5...6...7...8...9...10transfers 2075486, max 553
transfer lists:  15.8 megs
0...1...2...3...4...5...6...7...8...9...10	Bounce #1 added RGB(9143, 6138, 3649)
0...1...2...3...4...5...6...7...8...9...10	Bounce #2 added RGB(844, 530, 252)
Build Patch/Sample Hash Table(s).....Done<0.0043 sec>
0...1...2...3...4...5...6...7...8...9...10FinalLightFace Done
0 of 0 (0% of) surface lights went in leaf ambient cubes.
0...1...2...3...4...5...6...7...8...9...10Writing leaf ambient...done
Ready to Finish

Object names       Objects/Maxobjs  Memory / Maxmem  Fullness 
------------       ---------------  ---------------  -------- 
models                   7/1024          336/49152    ( 0.7%) 
brushes                257/8192         3084/98304    ( 3.1%) 
brushsides            2141/65536       17128/524288   ( 3.3%) 
planes                 660/65536       13200/1310720  ( 1.0%) 
vertexes              1516/65536       18192/786432   ( 2.3%) 
nodes                  254/65536        8128/2097152  ( 0.4%) 
texinfos               140/12288       10080/884736   ( 1.1%) 
texdata                 34/2048         1088/65536    ( 1.7%) 
dispinfos               15/0            2640/0        ( 0.0%) 
disp_verts            1215/0           24300/0        ( 0.0%) 
disp_tris             1920/0            3840/0        ( 0.0%) 
disp_lmsamples       69360/0           69360/0        ( 0.0%) 
faces                 1055/65536       59080/3670016  ( 1.6%) 
hdr faces                0/65536           0/3670016  ( 0.0%) 
origfaces              741/65536       41496/3670016  ( 1.1%) 
leaves                 262/65536        8384/2097152  ( 0.4%) 
leaffaces             1111/65536        2222/131072   ( 1.7%) 
leafbrushes            391/65536         782/131072   ( 0.6%) 
areas                    2/256            16/2048     ( 0.8%) 
surfedges             7860/512000      31440/2048000  ( 1.5%) 
edges                 4494/256000      17976/1024000  ( 1.8%) 
LDR worldlights         21/65536        1848/5767168  ( 0.0%) 
HDR worldlights          0/65536           0/5767168  ( 0.0%) 
leafwaterdata            0/32768           0/393216   ( 0.0%) 
waterstrips             80/32768         800/327680   ( 0.2%) 
waterverts               0/65536           0/786432   ( 0.0%) 
waterindices          1665/65536        3330/131072   ( 2.5%) 
cubemapsamples           0/1024            0/16384    ( 0.0%) 
overlays                 0/8192            0/2883584  ( 0.0%) 
LDR lightdata         [variable]      855984/0        ( 0.0%) 
HDR lightdata         [variable]           0/0        ( 0.0%) 
visdata               [variable]        1092/16777216 ( 0.0%) 
entdata               [variable]       12315/393216   ( 3.1%) 
LDR ambient table      262/65536        1048/262144   ( 0.4%) 
HDR ambient table      262/65536        1048/262144   ( 0.4%) 
LDR leaf ambient       618/65536       17304/1835008  ( 0.9%) 
HDR leaf ambient       262/65536        7336/1835008  ( 0.4%) 
occluders                0/0               0/0        ( 0.0%) 
occluder polygons        0/0               0/0        ( 0.0%) 
occluder vert ind        0/0               0/0        ( 0.0%) 
detail props          [variable]           1/12       ( 8.3%) 
static props          [variable]           1/2078     ( 0.0%) 
pakfile               [variable]          54/0        ( 0.0%) 
physics               [variable]       93651/4194304  ( 2.2%) 
physics terrain       [variable]        6691/1048576  ( 0.6%) 

Level flags = 0

Total triangle count: 2786
Writing d:\steam\steamapps\sourcemods\entropyzero2-addonworkspace\mapsrc\facility03.bsp
1 second elapsed



materialPath: D:\steam\steamapps\sourcemods\entropyzero2-addonworkspace\materials
Loading d:\steam\steamapps\sourcemods\entropyzero2-addonworkspace\mapsrc\facility03.vmf
ConVarRef mat_reduceparticles doesn't point to an existing ConVar
fixing up env_cubemap materials on brush sides...
0...1...2...3...4...5...6...7...8...9...100...1...2...3...4...5...6...7...8...9...10Processing areas...done (0)
Building Faces...done (0)
Chop Details...done (0)
Find Visible Detail Sides...
Merged 216 detail faces...done (0)
Merging details...done (0)
FixTjuncs...
PruneNodes...
WriteBSP...
done (0)
writing d:\steam\steamapps\sourcemods\entropyzero2-addonworkspace\mapsrc\facility03.prt...Building visibility clusters...
done (0)
Finding displacement neighbors...
Finding lightmap sample positions...
Displacement Alpha : 0...1...2...3...4...5...6...7...8...9...10
Building Physics collision data...
done (0) (93651 bytes)
Placing static props...
Placing detail props : 0...1...2...3...4...5...6...7...8...9...10
Compacting texture/material tables...
Reduced 237 texinfos to 140
Reduced 35 texdatas to 34 (920 bytes to 894)
Writing d:\steam\steamapps\sourcemods\entropyzero2-addonworkspace\mapsrc\facility03.bsp
0 seconds elapsed



12 threads
reading d:\steam\steamapps\sourcemods\entropyzero2-addonworkspace\mapsrc\facility03.bsp
reading d:\steam\steamapps\sourcemods\entropyzero2-addonworkspace\mapsrc\facility03.prt
  49 portalclusters
 102 numportals
0...1...2...3...4...5...6...7...8...9...10Optimized: 0 visible clusters (0.00%)
Total clusters visible: 2321
Average clusters visible: 47
Building PAS...
Average clusters audible: 49
visdatasize:1092  compressed from 784
writing d:\steam\steamapps\sourcemods\entropyzero2-addonworkspace\mapsrc\facility03.bsp
0 seconds elapsed



[Reading texlights from 'lights.rad']
[48 texlights parsed from 'lights.rad']

Loading d:\steam\steamapps\sourcemods\entropyzero2-addonworkspace\mapsrc\facility03.bsp
1055 faces
143840 square feet [20713060.00 square inches]
15 Displacements
18767 Square Feet [2702556.00 Square Inches]
1055 patches before subdivision
21025 patches after subdivision
21 direct lights
0...1...2...3...4...5...6...7...8...9...100...1...2...3...4...5...6...7...8...9...10transfers 2075486, max 553
transfer lists:  15.8 megs
0...1...2...3...4...5...6...7...8...9...10	Bounce #1 added RGB(9143, 6138, 3649)
0...1...2...3...4...5...6...7...8...9...10	Bounce #2 added RGB(844, 530, 252)
Build Patch/Sample Hash Table(s).....Done<0.0043 sec>
0...1...2...3...4...5...6...7...8...9...10FinalLightFace Done
0 of 0 (0% of) surface lights went in leaf ambient cubes.
0...1...2...3...4...5...6...7...8...9...10Writing leaf ambient...done
Ready to Finish

Object names       Objects/Maxobjs  Memory / Maxmem  Fullness 
------------       ---------------  ---------------  -------- 
models                   7/1024          336/49152    ( 0.7%) 
brushes                257/8192         3084/98304    ( 3.1%) 
brushsides            2141/65536       17128/524288   ( 3.3%) 
planes                 660/65536       13200/1310720  ( 1.0%) 
vertexes              1516/65536       18192/786432   ( 2.3%) 
nodes                  254/65536        8128/2097152  ( 0.4%) 
texinfos               140/12288       10080/884736   ( 1.1%) 
texdata                 34/2048         1088/65536    ( 1.7%) 
dispinfos               15/0            2640/0        ( 0.0%) 
disp_verts            1215/0           24300/0        ( 0.0%) 
disp_tris             1920/0            3840/0        ( 0.0%) 
disp_lmsamples       69360/0           69360/0        ( 0.0%) 
faces                 1055/65536       59080/3670016  ( 1.6%) 
hdr faces                0/65536           0/3670016  ( 0.0%) 
origfaces              741/65536       41496/3670016  ( 1.1%) 
leaves                 262/65536        8384/2097152  ( 0.4%) 
leaffaces             1111/65536        2222/131072   ( 1.7%) 
leafbrushes            391/65536         782/131072   ( 0.6%) 
areas                    2/256            16/2048     ( 0.8%) 
surfedges             7860/512000      31440/2048000  ( 1.5%) 
edges                 4494/256000      17976/1024000  ( 1.8%) 
LDR worldlights         21/65536        1848/5767168  ( 0.0%) 
HDR worldlights          0/65536           0/5767168  ( 0.0%) 
leafwaterdata            0/32768           0/393216   ( 0.0%) 
waterstrips             80/32768         800/327680   ( 0.2%) 
waterverts               0/65536           0/786432   ( 0.0%) 
waterindices          1665/65536        3330/131072   ( 2.5%) 
cubemapsamples           0/1024            0/16384    ( 0.0%) 
overlays                 0/8192            0/2883584  ( 0.0%) 
LDR lightdata         [variable]      855984/0        ( 0.0%) 
HDR lightdata         [variable]           0/0        ( 0.0%) 
visdata               [variable]        1092/16777216 ( 0.0%) 
entdata               [variable]       12330/393216   ( 3.1%) 
LDR ambient table      262/65536        1048/262144   ( 0.4%) 
HDR ambient table      262/65536        1048/262144   ( 0.4%) 
LDR leaf ambient       618/65536       17304/1835008  ( 0.9%) 
HDR leaf ambient       262/65536        7336/1835008  ( 0.4%) 
occluders                0/0               0/0        ( 0.0%) 
occluder polygons        0/0               0/0        ( 0.0%) 
occluder vert ind        0/0               0/0        ( 0.0%) 
detail props          [variable]           1/12       ( 8.3%) 
static props          [variable]           1/2078     ( 0.0%) 
pakfile               [variable]          54/0        ( 0.0%) 
physics               [variable]       93651/4194304  ( 2.2%) 
physics terrain       [variable]        6691/1048576  ( 0.6%) 

Level flags = 0

Total triangle count: 2786
Writing d:\steam\steamapps\sourcemods\entropyzero2-addonworkspace\mapsrc\facility03.bsp
1 second elapsed



materialPath: D:\steam\steamapps\sourcemods\entropyzero2-addonworkspace\materials
Loading d:\steam\steamapps\sourcemods\entropyzero2-addonworkspace\mapsrc\facility03.vmf
ConVarRef mat_reduceparticles doesn't point to an existing ConVar
fixing up env_cubemap materials on brush sides...
0...1...2...3...4...5...6...7...8...9...100...1...2...3...4...5...6...7...8...9...10Processing areas...done (0)
Building Faces...done (0)
Chop Details...done (0)
Find Visible Detail Sides...
Merged 216 detail faces...done (0)
Merging details...done (0)
FixTjuncs...
PruneNodes...
WriteBSP...
done (0)
writing d:\steam\steamapps\sourcemods\entropyzero2-addonworkspace\mapsrc\facility03.prt...Building visibility clusters...
done (0)
Finding displacement neighbors...
Finding lightmap sample positions...
Displacement Alpha : 0...1...2...3...4...5...6...7...8...9...10
Building Physics collision data...
done (0) (93651 bytes)
Placing static props...
Placing detail props : 0...1...2...3...4...5...6...7...8...9...10
Compacting texture/material tables...
Reduced 238 texinfos to 138
Reduced 36 texdatas to 35 (941 bytes to 915)
Writing d:\steam\steamapps\sourcemods\entropyzero2-addonworkspace\mapsrc\facility03.bsp
0 seconds elapsed



12 threads
reading d:\steam\steamapps\sourcemods\entropyzero2-addonworkspace\mapsrc\facility03.bsp
reading d:\steam\steamapps\sourcemods\entropyzero2-addonworkspace\mapsrc\facility03.prt
  49 portalclusters
 102 numportals
0...1...2...3...4...5...6...7...8...9...10Optimized: 0 visible clusters (0.00%)
Total clusters visible: 2321
Average clusters visible: 47
Building PAS...
Average clusters audible: 49
visdatasize:1092  compressed from 784
writing d:\steam\steamapps\sourcemods\entropyzero2-addonworkspace\mapsrc\facility03.bsp
0 seconds elapsed



[Reading texlights from 'lights.rad']
[48 texlights parsed from 'lights.rad']

Loading d:\steam\steamapps\sourcemods\entropyzero2-addonworkspace\mapsrc\facility03.bsp
1049 faces
143556 square feet [20672100.00 square inches]
15 Displacements
18767 Square Feet [2702556.00 Square Inches]
1049 patches before subdivision
20935 patches after subdivision
21 direct lights
0...1...2...3...4...5...6...7...8...9...100...1...2...3...4...5...6...7...8...9...10transfers 2060911, max 553
transfer lists:  15.7 megs
0...1...2...3...4...5...6...7...8...9...10	Bounce #1 added RGB(9051, 6087, 3622)
0...1...2...3...4...5...6...7...8...9...10	Bounce #2 added RGB(836, 524, 249)
Build Patch/Sample Hash Table(s).....Done<0.0045 sec>
0...1...2...3...4...5...6...7...8...9...10FinalLightFace Done
0 of 0 (0% of) surface lights went in leaf ambient cubes.
0...1...2...3...4...5...6...7...8...9...10Writing leaf ambient...done
Ready to Finish

Object names       Objects/Maxobjs  Memory / Maxmem  Fullness 
------------       ---------------  ---------------  -------- 
models                   7/1024          336/49152    ( 0.7%) 
brushes                257/8192         3084/98304    ( 3.1%) 
brushsides            2141/65536       17128/524288   ( 3.3%) 
planes                 668/65536       13360/1310720  ( 1.0%) 
vertexes              1516/65536       18192/786432   ( 2.3%) 
nodes                  254/65536        8128/2097152  ( 0.4%) 
texinfos               138/12288        9936/884736   ( 1.1%) 
texdata                 35/2048         1120/65536    ( 1.7%) 
dispinfos               15/0            2640/0        ( 0.0%) 
disp_verts            1215/0           24300/0        ( 0.0%) 
disp_tris             1920/0            3840/0        ( 0.0%) 
disp_lmsamples       69360/0           69360/0        ( 0.0%) 
faces                 1049/65536       58744/3670016  ( 1.6%) 
hdr faces                0/65536           0/3670016  ( 0.0%) 
origfaces              735/65536       41160/3670016  ( 1.1%) 
leaves                 262/65536        8384/2097152  ( 0.4%) 
leaffaces             1105/65536        2210/131072   ( 1.7%) 
leafbrushes            391/65536         782/131072   ( 0.6%) 
areas                    2/256            16/2048     ( 0.8%) 
surfedges             7812/512000      31248/2048000  ( 1.5%) 
edges                 4470/256000      17880/1024000  ( 1.7%) 
LDR worldlights         21/65536        1848/5767168  ( 0.0%) 
HDR worldlights          0/65536           0/5767168  ( 0.0%) 
leafwaterdata            0/32768           0/393216   ( 0.0%) 
waterstrips             80/32768         800/327680   ( 0.2%) 
waterverts               0/65536           0/786432   ( 0.0%) 
waterindices          1665/65536        3330/131072   ( 2.5%) 
cubemapsamples           0/1024            0/16384    ( 0.0%) 
overlays                 0/8192            0/2883584  ( 0.0%) 
LDR lightdata         [variable]      854840/0        ( 0.0%) 
HDR lightdata         [variable]           0/0        ( 0.0%) 
visdata               [variable]        1092/16777216 ( 0.0%) 
entdata               [variable]       12330/393216   ( 3.1%) 
LDR ambient table      262/65536        1048/262144   ( 0.4%) 
HDR ambient table      262/65536        1048/262144   ( 0.4%) 
LDR leaf ambient       619/65536       17332/1835008  ( 0.9%) 
HDR leaf ambient       262/65536        7336/1835008  ( 0.4%) 
occluders                0/0               0/0        ( 0.0%) 
occluder polygons        0/0               0/0        ( 0.0%) 
occluder vert ind        0/0               0/0        ( 0.0%) 
detail props          [variable]           1/12       ( 8.3%) 
static props          [variable]           1/2078     ( 0.0%) 
pakfile               [variable]          54/0        ( 0.0%) 
physics               [variable]       93651/4194304  ( 2.2%) 
physics terrain       [variable]        6691/1048576  ( 0.6%) 

Level flags = 0

Total triangle count: 2774
Writing d:\steam\steamapps\sourcemods\entropyzero2-addonworkspace\mapsrc\facility03.bsp
1 second elapsed



materialPath: D:\steam\steamapps\sourcemods\entropyzero2-addonworkspace\materials
Loading d:\steam\steamapps\sourcemods\entropyzero2-addonworkspace\mapsrc\facility03.vmf
ConVarRef mat_reduceparticles doesn't point to an existing ConVar
fixing up env_cubemap materials on brush sides...
0...1...2...3...4...5...6...7...8...9...100...1...2...3...4...5...6...7...8...9...10Processing areas...done (0)
Building Faces...done (0)
Chop Details...done (0)
Find Visible Detail Sides...
Merged 216 detail faces...done (0)
Merging details...done (0)
FixTjuncs...
PruneNodes...
WriteBSP...
done (0)
writing d:\steam\steamapps\sourcemods\entropyzero2-addonworkspace\mapsrc\facility03.prt...Building visibility clusters...
done (0)
Finding displacement neighbors...
Finding lightmap sample positions...
Displacement Alpha : 0...1...2...3...4...5...6...7...8...9...10
Building Physics collision data...
done (0) (95819 bytes)
Placing static props...
Placing detail props : 0...1...2...3...4...5...6...7...8...9...10
Compacting texture/material tables...
Reduced 254 texinfos to 146
Reduced 36 texdatas to 35 (941 bytes to 915)
Writing d:\steam\steamapps\sourcemods\entropyzero2-addonworkspace\mapsrc\facility03.bsp
0 seconds elapsed



12 threads
reading d:\steam\steamapps\sourcemods\entropyzero2-addonworkspace\mapsrc\facility03.bsp
reading d:\steam\steamapps\sourcemods\entropyzero2-addonworkspace\mapsrc\facility03.prt
  49 portalclusters
 102 numportals
0...1...2...3...4...5...6...7...8...9...10Optimized: 0 visible clusters (0.00%)
Total clusters visible: 2321
Average clusters visible: 47
Building PAS...
Average clusters audible: 49
visdatasize:1092  compressed from 784
writing d:\steam\steamapps\sourcemods\entropyzero2-addonworkspace\mapsrc\facility03.bsp
0 seconds elapsed



[Reading texlights from 'lights.rad']
[48 texlights parsed from 'lights.rad']

Loading d:\steam\steamapps\sourcemods\entropyzero2-addonworkspace\mapsrc\facility03.bsp
1071 faces
143753 square feet [20700516.00 square inches]
15 Displacements
18767 Square Feet [2702556.00 Square Inches]
1071 patches before subdivision
20961 patches after subdivision
21 direct lights
0...1...2...3...4...5...6...7...8...9...100...1...2...3...4...5...6...7...8...9...10transfers 2068354, max 553
transfer lists:  15.8 megs
0...1...2...3...4...5...6...7...8...9...10	Bounce #1 added RGB(9092, 6104, 3628)
0...1...2...3...4...5...6...7...8...9...10	Bounce #2 added RGB(839, 526, 250)
Build Patch/Sample Hash Table(s).....Done<0.0039 sec>
0...1...2...3...4...5...6...7...8...9...10FinalLightFace Done
0 of 0 (0% of) surface lights went in leaf ambient cubes.
0...1...2...3...4...5...6...7...8...9...10Writing leaf ambient...done
Ready to Finish

Object names       Objects/Maxobjs  Memory / Maxmem  Fullness 
------------       ---------------  ---------------  -------- 
models                   7/1024          336/49152    ( 0.7%) 
brushes                262/8192         3144/98304    ( 3.2%) 
brushsides            2171/65536       17368/524288   ( 3.3%) 
planes                 690/65536       13800/1310720  ( 1.1%) 
vertexes              1544/65536       18528/786432   ( 2.4%) 
nodes                  267/65536        8544/2097152  ( 0.4%) 
texinfos               146/12288       10512/884736   ( 1.2%) 
texdata                 35/2048         1120/65536    ( 1.7%) 
dispinfos               15/0            2640/0        ( 0.0%) 
disp_verts            1215/0           24300/0        ( 0.0%) 
disp_tris             1920/0            3840/0        ( 0.0%) 
disp_lmsamples       69360/0           69360/0        ( 0.0%) 
faces                 1071/65536       59976/3670016  ( 1.6%) 
hdr faces                0/65536           0/3670016  ( 0.0%) 
origfaces              756/65536       42336/3670016  ( 1.2%) 
leaves                 275/65536        8800/2097152  ( 0.4%) 
leaffaces             1127/65536        2254/131072   ( 1.7%) 
leafbrushes            396/65536         792/131072   ( 0.6%) 
areas                    2/256            16/2048     ( 0.8%) 
surfedges             7996/512000      31984/2048000  ( 1.6%) 
edges                 4576/256000      18304/1024000  ( 1.8%) 
LDR worldlights         21/65536        1848/5767168  ( 0.0%) 
HDR worldlights          0/65536           0/5767168  ( 0.0%) 
leafwaterdata            0/32768           0/393216   ( 0.0%) 
waterstrips             80/32768         800/327680   ( 0.2%) 
waterverts               0/65536           0/786432   ( 0.0%) 
waterindices          1665/65536        3330/131072   ( 2.5%) 
cubemapsamples           0/1024            0/16384    ( 0.0%) 
overlays                 0/8192            0/2883584  ( 0.0%) 
LDR lightdata         [variable]      856072/0        ( 0.0%) 
HDR lightdata         [variable]           0/0        ( 0.0%) 
visdata               [variable]        1092/16777216 ( 0.0%) 
entdata               [variable]       12330/393216   ( 3.1%) 
LDR ambient table      275/65536        1100/262144   ( 0.4%) 
HDR ambient table      275/65536        1100/262144   ( 0.4%) 
LDR leaf ambient       627/65536       17556/1835008  ( 1.0%) 
HDR leaf ambient       275/65536        7700/1835008  ( 0.4%) 
occluders                0/0               0/0        ( 0.0%) 
occluder polygons        0/0               0/0        ( 0.0%) 
occluder vert ind        0/0               0/0        ( 0.0%) 
detail props          [variable]           1/12       ( 8.3%) 
static props          [variable]           1/2078     ( 0.0%) 
pakfile               [variable]          54/0        ( 0.0%) 
physics               [variable]       95819/4194304  ( 2.3%) 
physics terrain       [variable]        6691/1048576  ( 0.6%) 

Level flags = 0

Total triangle count: 2830
Writing d:\steam\steamapps\sourcemods\entropyzero2-addonworkspace\mapsrc\facility03.bsp
1 second elapsed



materialPath: D:\steam\steamapps\sourcemods\entropyzero2-addonworkspace\materials
Loading d:\steam\steamapps\sourcemods\entropyzero2-addonworkspace\mapsrc\facility03.vmf
ConVarRef mat_reduceparticles doesn't point to an existing ConVar
fixing up env_cubemap materials on brush sides...
0...1...2...3...4...5...6...7...8...9...10**** leaked ****
Entity path_track (-4424.00 2216.00 72.00) leaked!
--- MAP LEAKED ---



12 threads
reading d:\steam\steamapps\sourcemods\entropyzero2-addonworkspace\mapsrc\facility03.bsp
reading d:\steam\steamapps\sourcemods\entropyzero2-addonworkspace\mapsrc\facility03.prt
LoadPortals: couldn't read d:\steam\steamapps\sourcemods\entropyzero2-addonworkspace\mapsrc\facility03.prt



materialPath: D:\steam\steamapps\sourcemods\entropyzero2-addonworkspace\materials
Loading d:\steam\steamapps\sourcemods\entropyzero2-addonworkspace\mapsrc\facility03.vmf
ConVarRef mat_reduceparticles doesn't point to an existing ConVar
fixing up env_cubemap materials on brush sides...
0...1...2...3...4...5...6...7...8...9...100...1...2...3...4...5...6...7...8...9...10Processing areas...done (0)
Building Faces...done (0)
Chop Details...done (0)
Find Visible Detail Sides...
Merged 224 detail faces...done (0)
Merging details...done (0)
FixTjuncs...
PruneNodes...
WriteBSP...
done (0)
writing d:\steam\steamapps\sourcemods\entropyzero2-addonworkspace\mapsrc\facility03.prt...Building visibility clusters...
done (0)
Finding displacement neighbors...
Finding lightmap sample positions...
Displacement Alpha : 0...1...2...3...4...5...6...7...8...9...10
Building Physics collision data...
done (0) (98357 bytes)
Placing static props...
Placing detail props : 0...1...2...3...4...5...6...7...8...9...10
Compacting texture/material tables...
Reduced 249 texinfos to 146
Reduced 38 texdatas to 37 (986 bytes to 960)
Writing d:\steam\steamapps\sourcemods\entropyzero2-addonworkspace\mapsrc\facility03.bsp
0 seconds elapsed



12 threads
reading d:\steam\steamapps\sourcemods\entropyzero2-addonworkspace\mapsrc\facility03.bsp
reading d:\steam\steamapps\sourcemods\entropyzero2-addonworkspace\mapsrc\facility03.prt
  52 portalclusters
 106 numportals
0...1...2...3...4...5...6...7...8...9...10Optimized: 0 visible clusters (0.00%)
Total clusters visible: 2624
Average clusters visible: 50
Building PAS...
Average clusters audible: 52
visdatasize:1148  compressed from 832
writing d:\steam\steamapps\sourcemods\entropyzero2-addonworkspace\mapsrc\facility03.bsp
0 seconds elapsed



[Reading texlights from 'lights.rad']
[48 texlights parsed from 'lights.rad']

Loading d:\steam\steamapps\sourcemods\entropyzero2-addonworkspace\mapsrc\facility03.bsp
1080 faces
145421 square feet [20940726.00 square inches]
15 Displacements
18767 Square Feet [2702556.00 Square Inches]
1080 patches before subdivision
21188 patches after subdivision
21 direct lights
0...1...2...3...4...5...6...7...8...9...100...1...2...3...4...5...6...7...8...9...10transfers 2143019, max 573
transfer lists:  16.3 megs
0...1...2...3...4...5...6...7...8...9...10	Bounce #1 added RGB(9413, 6375, 3826)
0...1...2...3...4...5...6...7...8...9...10	Bounce #2 added RGB(951, 620, 311)
Build Patch/Sample Hash Table(s).....Done<0.0040 sec>
0...1...2...3...4...5...6...7...8...9...10FinalLightFace Done
0 of 0 (0% of) surface lights went in leaf ambient cubes.
0...1...2...3...4...5...6...7...8...9...10Writing leaf ambient...done
Ready to Finish

Object names       Objects/Maxobjs  Memory / Maxmem  Fullness 
------------       ---------------  ---------------  -------- 
models                   7/1024          336/49152    ( 0.7%) 
brushes                270/8192         3240/98304    ( 3.3%) 
brushsides            2249/65536       17992/524288   ( 3.4%) 
planes                 758/65536       15160/1310720  ( 1.2%) 
vertexes              1567/65536       18804/786432   ( 2.4%) 
nodes                  266/65536        8512/2097152  ( 0.4%) 
texinfos               146/12288       10512/884736   ( 1.2%) 
texdata                 37/2048         1184/65536    ( 1.8%) 
dispinfos               15/0            2640/0        ( 0.0%) 
disp_verts            1215/0           24300/0        ( 0.0%) 
disp_tris             1920/0            3840/0        ( 0.0%) 
disp_lmsamples       69360/0           69360/0        ( 0.0%) 
faces                 1080/65536       60480/3670016  ( 1.6%) 
hdr faces                0/65536           0/3670016  ( 0.0%) 
origfaces              767/65536       42952/3670016  ( 1.2%) 
leaves                 274/65536        8768/2097152  ( 0.4%) 
leaffaces             1136/65536        2272/131072   ( 1.7%) 
leafbrushes            407/65536         814/131072   ( 0.6%) 
areas                    2/256            16/2048     ( 0.8%) 
surfedges             8085/512000      32340/2048000  ( 1.6%) 
edges                 4654/256000      18616/1024000  ( 1.8%) 
LDR worldlights         21/65536        1848/5767168  ( 0.0%) 
HDR worldlights          0/65536           0/5767168  ( 0.0%) 
leafwaterdata            0/32768           0/393216   ( 0.0%) 
waterstrips             84/32768         840/327680   ( 0.3%) 
waterverts               0/65536           0/786432   ( 0.0%) 
waterindices          1743/65536        3486/131072   ( 2.7%) 
cubemapsamples           0/1024            0/16384    ( 0.0%) 
overlays                 0/8192            0/2883584  ( 0.0%) 
LDR lightdata         [variable]      864912/0        ( 0.0%) 
HDR lightdata         [variable]           0/0        ( 0.0%) 
visdata               [variable]        1148/16777216 ( 0.0%) 
entdata               [variable]       12328/393216   ( 3.1%) 
LDR ambient table      274/65536        1096/262144   ( 0.4%) 
HDR ambient table      274/65536        1096/262144   ( 0.4%) 
LDR leaf ambient       665/65536       18620/1835008  ( 1.0%) 
HDR leaf ambient       274/65536        7672/1835008  ( 0.4%) 
occluders                0/0               0/0        ( 0.0%) 
occluder polygons        0/0               0/0        ( 0.0%) 
occluder vert ind        0/0               0/0        ( 0.0%) 
detail props          [variable]           1/12       ( 8.3%) 
static props          [variable]           1/2078     ( 0.0%) 
pakfile               [variable]          54/0        ( 0.0%) 
physics               [variable]       98357/4194304  ( 2.3%) 
physics terrain       [variable]        6691/1048576  ( 0.6%) 

Level flags = 0

Total triangle count: 2857
Writing d:\steam\steamapps\sourcemods\entropyzero2-addonworkspace\mapsrc\facility03.bsp
1 second elapsed



materialPath: D:\steam\steamapps\sourcemods\entropyzero2-addonworkspace\materials
Loading d:\steam\steamapps\sourcemods\entropyzero2-addonworkspace\mapsrc\facility03.vmf
ConVarRef mat_reduceparticles doesn't point to an existing ConVar
fixing up env_cubemap materials on brush sides...
0...1...2...3...4...5...6...7...8...9...100...1...2...3...4...5...6...7...8...9...10Processing areas...done (0)
Building Faces...done (0)
Chop Details...done (0)
Find Visible Detail Sides...
Merged 224 detail faces...done (0)
Merging details...done (0)
FixTjuncs...
PruneNodes...
WriteBSP...
done (0)
writing d:\steam\steamapps\sourcemods\entropyzero2-addonworkspace\mapsrc\facility03.prt...Building visibility clusters...
done (0)
Finding displacement neighbors...
Finding lightmap sample positions...
Displacement Alpha : 0...1...2...3...4...5...6...7...8...9...10
Building Physics collision data...
done (0) (98453 bytes)
Placing static props...
Placing detail props : 0...1...2...3...4...5...6...7...8...9...10
Compacting texture/material tables...
Reduced 254 texinfos to 151
Reduced 40 texdatas to 39 (1044 bytes to 1018)
Writing d:\steam\steamapps\sourcemods\entropyzero2-addonworkspace\mapsrc\facility03.bsp
0 seconds elapsed



12 threads
reading d:\steam\steamapps\sourcemods\entropyzero2-addonworkspace\mapsrc\facility03.bsp
reading d:\steam\steamapps\sourcemods\entropyzero2-addonworkspace\mapsrc\facility03.prt
  52 portalclusters
 107 numportals
0...1...2...3...4...5...6...7...8...9...10Optimized: 0 visible clusters (0.00%)
Total clusters visible: 2624
Average clusters visible: 50
Building PAS...
Average clusters audible: 52
visdatasize:1148  compressed from 832
writing d:\steam\steamapps\sourcemods\entropyzero2-addonworkspace\mapsrc\facility03.bsp
0 seconds elapsed



[Reading texlights from 'lights.rad']
[48 texlights parsed from 'lights.rad']

Loading d:\steam\steamapps\sourcemods\entropyzero2-addonworkspace\mapsrc\facility03.bsp
1082 faces
143515 square feet [20666292.00 square inches]
15 Displacements
18767 Square Feet [2702556.00 Square Inches]
1082 patches before subdivision
21250 patches after subdivision
21 direct lights
0...1...2...3...4...5...6...7...8...9...100...1...2...3...4...5...6...7...8...9...10transfers 2134432, max 540
transfer lists:  16.3 megs
0...1...2...3...4...5...6...7...8...9...10	Bounce #1 added RGB(9841, 6796, 4154)
0...1...2...3...4...5...6...7...8...9...10	Bounce #2 added RGB(996, 649, 331)
Build Patch/Sample Hash Table(s).....Done<0.0039 sec>
0...1...2...3...4...5...6...7...8...9...10FinalLightFace Done
0 of 0 (0% of) surface lights went in leaf ambient cubes.
0...1...2...3...4...5...6...7...8...9...10Writing leaf ambient...done
Ready to Finish

Object names       Objects/Maxobjs  Memory / Maxmem  Fullness 
------------       ---------------  ---------------  -------- 
models                   7/1024          336/49152    ( 0.7%) 
brushes                270/8192         3240/98304    ( 3.3%) 
brushsides            2249/65536       17992/524288   ( 3.4%) 
planes                 760/65536       15200/1310720  ( 1.2%) 
vertexes              1577/65536       18924/786432   ( 2.4%) 
nodes                  267/65536        8544/2097152  ( 0.4%) 
texinfos               151/12288       10872/884736   ( 1.2%) 
texdata                 39/2048         1248/65536    ( 1.9%) 
dispinfos               15/0            2640/0        ( 0.0%) 
disp_verts            1215/0           24300/0        ( 0.0%) 
disp_tris             1920/0            3840/0        ( 0.0%) 
disp_lmsamples       69360/0           69360/0        ( 0.0%) 
faces                 1082/65536       60592/3670016  ( 1.7%) 
hdr faces                0/65536           0/3670016  ( 0.0%) 
origfaces              769/65536       43064/3670016  ( 1.2%) 
leaves                 275/65536        8800/2097152  ( 0.4%) 
leaffaces             1138/65536        2276/131072   ( 1.7%) 
leafbrushes            407/65536         814/131072   ( 0.6%) 
areas                    2/256            16/2048     ( 0.8%) 
surfedges             8103/512000      32412/2048000  ( 1.6%) 
edges                 4666/256000      18664/1024000  ( 1.8%) 
LDR worldlights         21/65536        1848/5767168  ( 0.0%) 
HDR worldlights          0/65536           0/5767168  ( 0.0%) 
leafwaterdata            0/32768           0/393216   ( 0.0%) 
waterstrips             84/32768         840/327680   ( 0.3%) 
waterverts               0/65536           0/786432   ( 0.0%) 
waterindices          1731/65536        3462/131072   ( 2.6%) 
cubemapsamples           0/1024            0/16384    ( 0.0%) 
overlays                 0/8192            0/2883584  ( 0.0%) 
LDR lightdata         [variable]      836916/0        ( 0.0%) 
HDR lightdata         [variable]           0/0        ( 0.0%) 
visdata               [variable]        1148/16777216 ( 0.0%) 
entdata               [variable]       12328/393216   ( 3.1%) 
LDR ambient table      275/65536        1100/262144   ( 0.4%) 
HDR ambient table      275/65536        1100/262144   ( 0.4%) 
LDR leaf ambient       653/65536       18284/1835008  ( 1.0%) 
HDR leaf ambient       275/65536        7700/1835008  ( 0.4%) 
occluders                0/0               0/0        ( 0.0%) 
occluder polygons        0/0               0/0        ( 0.0%) 
occluder vert ind        0/0               0/0        ( 0.0%) 
detail props          [variable]           1/12       ( 8.3%) 
static props          [variable]           1/2078     ( 0.0%) 
pakfile               [variable]          54/0        ( 0.0%) 
physics               [variable]       98453/4194304  ( 2.3%) 
physics terrain       [variable]        6691/1048576  ( 0.6%) 

Level flags = 0

Total triangle count: 2863
Writing d:\steam\steamapps\sourcemods\entropyzero2-addonworkspace\mapsrc\facility03.bsp
1 second elapsed
