


materialPath: D:\steam\steamapps\sourcemods\entropyzero2-addonworkspace\materials
Loading d:\steam\steamapps\sourcemods\entropyzero2-addonworkspace\mapsrc\facility04.vmf
ConVarRef mat_reduceparticles doesn't point to an existing ConVar
Patching WVT material: maps/facility04/nature/blendpavedirt01_nodetail_wvt_patch
fixing up env_cubemap materials on brush sides...
0...1...2...3...4...5...6...7...8...9...100...1...2...3...4...5...6...7...8...9...10Processing areas...done (0)
Building Faces...done (0)
Chop Details...done (1)
Find Visible Detail Sides...
Merged 992 detail faces...done (1)
Merging details...done (0)
FixTjuncs...
PruneNodes...
WriteBSP...
done (1)
writing d:\steam\steamapps\sourcemods\entropyzero2-addonworkspace\mapsrc\facility04.prt...Building visibility clusters...
done (0)
Finding displacement neighbors...
Finding lightmap sample positions...
Displacement Alpha : 0...1...2...3...4...5...6...7...8...9...10
ConVarRef mat_reduceparticles doesn't point to an existing ConVar
Building Physics collision data...
done (0) (1519078 bytes)
Placing static props...
Static prop models/props_pipes/pipeset32d_corner128d_001a.mdl outside the map (574.00, 3576.00, 271.14)
Placing detail props : 0...1...2...3...4...5...6...7...8...9...10
Water found with no water_lod_control entity, creating a default one.
Compacting texture/material tables...
Reduced 6036 texinfos to 5159
Reduced 65 texdatas to 56 (1612 bytes to 1292)
Writing d:\steam\steamapps\sourcemods\entropyzero2-addonworkspace\mapsrc\facility04.bsp
3 seconds elapsed



12 threads
reading d:\steam\steamapps\sourcemods\entropyzero2-addonworkspace\mapsrc\facility04.bsp
reading d:\steam\steamapps\sourcemods\entropyzero2-addonworkspace\mapsrc\facility04.prt
 342 portalclusters
1412 numportals
0...1...2...3...4...5...6...7...8...9...10Optimized: 27 visible clusters (0.02%)
Total clusters visible: 115667
Average clusters visible: 338
Building PAS...
Average clusters audible: 342
visdatasize:32149  compressed from 32832
writing d:\steam\steamapps\sourcemods\entropyzero2-addonworkspace\mapsrc\facility04.bsp
0 seconds elapsed



[Reading texlights from 'lights.rad']
[48 texlights parsed from 'lights.rad']

Loading d:\steam\steamapps\sourcemods\entropyzero2-addonworkspace\mapsrc\facility04.bsp
10021 faces
8 degenerate faces
447657 square feet [64462700.00 square inches]
1 Displacements
348 Square Feet [50182.32 Square Inches]
10013 patches before subdivision
86415 patches after subdivision
21 direct lights
0...1...2...3...4...5...6...7...8...9...100...1...2...3...4...5...6...7...8...9...10transfers 16333926, max 1234
transfer lists: 124.6 megs
0...1...2...3...4...5...6...7...8...9...10	Bounce #1 added RGB(22489, 5806, 2201)
0...1...2...3...4...5...6...7...8...9...10	Bounce #2 added RGB(3671, 750, 259)
Build Patch/Sample Hash Table(s).....Done<0.0158 sec>
0...1...2...3...4...5...6...7...8...9...10FinalLightFace Done
0 of 0 (0% of) surface lights went in leaf ambient cubes.
0...1...2...3...4...5...6...7...8...9...10Writing leaf ambient...done
Ready to Finish

Object names       Objects/Maxobjs  Memory / Maxmem  Fullness 
------------       ---------------  ---------------  -------- 
models                  14/1024          672/49152    ( 1.4%) 
brushes               5400/8192        64800/98304    (65.9%) 
brushsides           51045/65536      408360/524288   (77.9%) 
planes               17714/65536      354280/1310720  (27.0%) 
vertexes             15280/65536      183360/786432   (23.3%) 
nodes                  602/65536       19264/2097152  ( 0.9%) 
texinfos              5159/12288      371448/884736   (42.0%) 
texdata                 56/2048         1792/65536    ( 2.7%) 
dispinfos                1/0             176/0        ( 0.0%) 
disp_verts              81/0            1620/0        ( 0.0%) 
disp_tris              128/0             256/0        ( 0.0%) 
disp_lmsamples        1024/0            1024/0        ( 0.0%) 
faces                10021/65536      561176/3670016  (15.3%) 
hdr faces                0/65536           0/3670016  ( 0.0%) 
origfaces             8544/65536      478464/3670016  (13.0%) 
leaves                 617/65536       19744/2097152  ( 0.9%) 
leaffaces            12153/65536       24306/131072   (18.5%) 
leafbrushes           6774/65536       13548/131072   (10.3%) 
areas                    2/256            16/2048     ( 0.8%) 
surfedges            76923/512000     307692/2048000  (15.0%) 
edges                48250/256000     193000/1024000  (18.8%) 
LDR worldlights         20/65536        1760/5767168  ( 0.0%) 
HDR worldlights          0/65536           0/5767168  ( 0.0%) 
leafwaterdata            1/32768          12/393216   ( 0.0%) 
waterstrips            860/32768        8600/327680   ( 2.6%) 
waterverts               0/65536           0/786432   ( 0.0%) 
waterindices         22605/65536       45210/131072   (34.5%) 
cubemapsamples           0/1024            0/16384    ( 0.0%) 
overlays                70/8192        24640/2883584  ( 0.9%) 
LDR lightdata         [variable]     6836352/0        ( 0.0%) 
HDR lightdata         [variable]           0/0        ( 0.0%) 
visdata               [variable]       32149/16777216 ( 0.2%) 
entdata               [variable]      109590/393216   (27.9%) 
LDR ambient table      617/65536        2468/262144   ( 0.9%) 
HDR ambient table      617/65536        2468/262144   ( 0.9%) 
LDR leaf ambient      3675/65536      102900/1835008  ( 5.6%) 
HDR leaf ambient       617/65536       17276/1835008  ( 0.9%) 
occluders                0/0               0/0        ( 0.0%) 
occluder polygons        0/0               0/0        ( 0.0%) 
occluder vert ind        0/0               0/0        ( 0.0%) 
detail props          [variable]           1/12       ( 8.3%) 
static props          [variable]           1/31642    ( 0.0%) 
pakfile               [variable]        1637/0        ( 0.0%) 
physics               [variable]     1519078/4194304  (36.2%) 
physics terrain       [variable]         531/1048576  ( 0.1%) 

Level flags = 0

Total triangle count: 24285
Writing d:\steam\steamapps\sourcemods\entropyzero2-addonworkspace\mapsrc\facility04.bsp
16 seconds elapsed
