PRT1
23
48
4 0 1 (-624 820 64 ) (-624 716 64 ) (-624 716 176 ) (-624 820 176 ) 
4 1 2 (-640 820 64 ) (-640 716 64 ) (-640 716 176 ) (-640 820 176 ) 
4 2 5 (-720 514 64 ) (-720 512 64 ) (-720 512 320 ) (-720 514 320 ) 
4 2 4 (-720 512 320 ) (-720 512 384 ) (-720 514 384 ) (-720 514 320 ) 
4 2 3 (-720 1024 64 ) (-720 514 64 ) (-720 514 384 ) (-720 1024 384 ) 
4 3 5 (-752 514 320 ) (-752 514 64 ) (-720 514 64 ) (-720 514 320 ) 
4 3 4 (-752 514 384 ) (-752 514 320 ) (-720 514 320 ) (-720 514 384 ) 
4 3 6 (-752 1024 64 ) (-752 514 64 ) (-752 514 384 ) (-752 1024 384 ) 
4 4 6 (-752 512 320 ) (-752 512 384 ) (-752 514 384 ) (-752 514 320 ) 
4 4 5 (-752 512 320 ) (-752 514 320 ) (-720 514 320 ) (-720 512 320 ) 
4 5 6 (-752 514 64 ) (-752 512 64 ) (-752 512 320 ) (-752 514 320 ) 
4 6 9 (-768 512 255 ) (-768 512 256 ) (-768 640 256 ) (-768 640 255 ) 
4 6 8 (-768 512 256 ) (-768 512 384 ) (-768 640 384 ) (-768 640 256 ) 
4 6 10 (-768 640 64 ) (-768 512 64 ) (-768 512 255 ) (-768 640 255 ) 
4 6 7 (-768 1024 64 ) (-768 640 64 ) (-768 640 384 ) (-768 1024 384 ) 
4 7 16 (-1024 1024 256 ) (-1024 1024 64 ) (-1024 640 64 ) (-1024 640 256 ) 
4 7 15 (-1024 1024 384 ) (-1024 1024 256 ) (-1024 640 256 ) (-1024 640 384 ) 
4 7 11 (-1024 928 64 ) (-1024 1024 64 ) (-768 1024 64 ) (-768 928 64 ) 
4 7 12 (-1024 640 64 ) (-1024 928 64 ) (-768 928 64 ) (-768 640 64 ) 
4 7 9 (-768 640 255 ) (-768 640 256 ) (-1024 640 256 ) (-1024 640 255 ) 
4 7 8 (-768 640 256 ) (-768 640 384 ) (-1024 640 384 ) (-1024 640 256 ) 
4 7 10 (-1024 640 64 ) (-768 640 64 ) (-768 640 255 ) (-1024 640 255 ) 
4 8 15 (-1024 512 256 ) (-1024 512 384 ) (-1024 640 384 ) (-1024 640 256 ) 
4 8 9 (-1024 640 256 ) (-768 640 256 ) (-768 512 256 ) (-1024 512 256 ) 
4 9 17 (-1024 512 255 ) (-1024 512 256 ) (-1024 640 256 ) (-1024 640 255 ) 
4 9 10 (-1024 640 255 ) (-768 640 255 ) (-768 512 255 ) (-1024 512 255 ) 
4 10 18 (-1024 640 64 ) (-1024 512 64 ) (-1024 512 255 ) (-1024 640 255 ) 
4 10 12 (-768 512 64 ) (-1024 512 64 ) (-1024 640 64 ) (-768 640 64 ) 
4 11 19 (-1024 1024 64 ) (-1024 1024 32 ) (-1024 928 32 ) (-1024 928 64 ) 
4 11 13 (-1024 928 32 ) (-1024 1024 32 ) (-832 1024 32 ) (-832 928 32 ) 
4 11 12 (-1024 928 32 ) (-832 928 32 ) (-768 928 64 ) (-1024 928 64 ) 
4 12 20 (-1024 928 32 ) (-1024 512 32 ) (-1024 512 64 ) (-1024 928 64 ) 
4 12 14 (-1024 512 32 ) (-1024 928 32 ) (-768 928 32 ) (-768 512 32 ) 
4 13 21 (-1024 928 32 ) (-1024 1024 32 ) (-1024 1024 0 ) (-1024 928 0 ) 
4 13 14 (-1024 928 0 ) (-896 928 0 ) (-832 928 32 ) (-1024 928 32 ) 
4 14 22 (-1024 512 32 ) (-1024 928 32 ) (-1024 928 0 ) (-1024 512 0 ) 
4 15 17 (-1024 512 256 ) (-1408 512 256 ) (-1408 640 256 ) (-1024 640 256 ) 
4 15 16 (-1408 640 256 ) (-1408 1024 256 ) (-1024 1024 256 ) (-1024 640 256 ) 
4 16 19 (-1280 1024 64 ) (-1024 1024 64 ) (-1024 928 64 ) (-1280 928 64 ) 
4 16 20 (-1024 928 64 ) (-1024 640 64 ) (-1280 640 64 ) (-1280 928 64 ) 
4 16 18 (-1408 640 64 ) (-1024 640 64 ) (-1024 640 255 ) (-1408 640 255 ) 
4 16 17 (-1024 640 255 ) (-1024 640 256 ) (-1408 640 256 ) (-1408 640 255 ) 
4 17 18 (-1024 512 255 ) (-1408 512 255 ) (-1408 640 255 ) (-1024 640 255 ) 
4 18 20 (-1024 512 64 ) (-1280 512 64 ) (-1280 640 64 ) (-1024 640 64 ) 
4 19 21 (-1216 1024 32 ) (-1024 1024 32 ) (-1024 928 32 ) (-1216 928 32 ) 
4 19 20 (-1280 928 64 ) (-1216 928 32 ) (-1024 928 32 ) (-1024 928 64 ) 
4 20 22 (-1024 928 32 ) (-1024 512 32 ) (-1280 512 32 ) (-1280 928 32 ) 
4 21 22 (-1152 928 0 ) (-1024 928 0 ) (-1024 928 32 ) (-1216 928 32 ) 
