


materialPath: D:\steam\steamapps\sourcemods\entropyzero2-addonworkspace\materials
Loading d:\steam\steamapps\sourcemods\entropyzero2-addonworkspace\mapsrc\facility01.vmf
fixing up env_cubemap materials on brush sides...
0...1...2...3...4...5...6...7...8...9...100...1...2...3...4...5...6...7...8...9...10Processing areas...done (0)
Building Faces...done (0)
Chop Details...done (0)
Find Visible Detail Sides...
Merged 264 detail faces...done (0)
Merging details...done (0)
FixTjuncs...
PruneNodes...
WriteBSP...
done (0)
writing d:\steam\steamapps\sourcemods\entropyzero2-addonworkspace\mapsrc\facility01.prt...Building visibility clusters...
done (0)
Finding displacement neighbors...
Finding lightmap sample positions...
Displacement Alpha : 0...1...2...3...4...5...6...7...8...9...10
Building Physics collision data...
done (0) (21432 bytes)
Placing static props...
Error! To use model "models/props_c17/tv_monitor01.mdl"
      with prop_static, it must be compiled with $staticprop!
Error loading studio model "models/props_c17/tv_monitor01.mdl"!
Error! To use model "models/props_c17/tv_monitor01_screen.mdl"
      with prop_static, it must be compiled with $staticprop!
Error loading studio model "models/props_c17/tv_monitor01_screen.mdl"!
Placing detail props : 0...1...2...3...4...5...6...7...8...9...10
Compacting texture/material tables...
Reduced 86 texinfos to 60
Reduced 22 texdatas to 21 (508 bytes to 468)
Writing d:\steam\steamapps\sourcemods\entropyzero2-addonworkspace\mapsrc\facility01.bsp
0 seconds elapsed



12 threads
reading d:\steam\steamapps\sourcemods\entropyzero2-addonworkspace\mapsrc\facility01.bsp
reading d:\steam\steamapps\sourcemods\entropyzero2-addonworkspace\mapsrc\facility01.prt
  16 portalclusters
  46 numportals
0...1...2...3...4...5...6...7...8...9...10Optimized: 0 visible clusters (0.00%)
Total clusters visible: 244
Average clusters visible: 15
Building PAS...
Average clusters audible: 16
visdatasize:196  compressed from 256
writing d:\steam\steamapps\sourcemods\entropyzero2-addonworkspace\mapsrc\facility01.bsp
0 seconds elapsed



[Reading texlights from 'lights.rad']
[48 texlights parsed from 'lights.rad']

Loading d:\steam\steamapps\sourcemods\entropyzero2-addonworkspace\mapsrc\facility01.bsp
148 faces
3973 square feet [572152.50 square inches]
0 Displacements
0 Square Feet [0.00 Square Inches]
148 patches before subdivision
958 patches after subdivision
2 direct lights
0...1...2...3...4...5...6...7...8...9...100...1...2...3...4...5...6...7...8...9...10transfers 80854, max 257
transfer lists:   0.6 megs
0...1...2...3...4...5...6...7...8...9...10	Bounce #1 added RGB(1607, 910, 256)
0...1...2...3...4...5...6...7...8...9...10	Bounce #2 added RGB(234, 118, 25)
Build Patch/Sample Hash Table(s).....Done<0.0001 sec>
0...1...2...3...4...5...6...7...8...9...10FinalLightFace Done
0 of 0 (0% of) surface lights went in leaf ambient cubes.
0...1...2...3...4...5...6...7...8...9...10Writing leaf ambient...done
Ready to Finish

Object names       Objects/Maxobjs  Memory / Maxmem  Fullness 
------------       ---------------  ---------------  -------- 
models                   1/1024           48/49152    ( 0.1%) 
brushes                 63/8192          756/98304    ( 0.8%) 
brushsides             435/65536        3480/524288   ( 0.7%) 
planes                 210/65536        4200/1310720  ( 0.3%) 
vertexes               294/65536        3528/786432   ( 0.4%) 
nodes                   46/65536        1472/2097152  ( 0.1%) 
texinfos                60/12288        4320/884736   ( 0.5%) 
texdata                 21/2048          672/65536    ( 1.0%) 
dispinfos                0/0               0/0        ( 0.0%) 
disp_verts               0/0               0/0        ( 0.0%) 
disp_tris                0/0               0/0        ( 0.0%) 
disp_lmsamples           0/0               0/0        ( 0.0%) 
faces                  148/65536        8288/3670016  ( 0.2%) 
hdr faces                0/65536           0/3670016  ( 0.0%) 
origfaces              120/65536        6720/3670016  ( 0.2%) 
leaves                  48/65536        1536/2097152  ( 0.1%) 
leaffaces              210/65536         420/131072   ( 0.3%) 
leafbrushes            117/65536         234/131072   ( 0.2%) 
areas                    2/256            16/2048     ( 0.8%) 
surfedges             1197/512000       4788/2048000  ( 0.2%) 
edges                  780/256000       3120/1024000  ( 0.3%) 
LDR worldlights          2/65536         176/5767168  ( 0.0%) 
HDR worldlights          0/65536           0/5767168  ( 0.0%) 
leafwaterdata            0/32768           0/393216   ( 0.0%) 
waterstrips             33/32768         330/327680   ( 0.1%) 
waterverts               0/65536           0/786432   ( 0.0%) 
waterindices           459/65536         918/131072   ( 0.7%) 
cubemapsamples           0/1024            0/16384    ( 0.0%) 
overlays                 4/8192         1408/2883584  ( 0.0%) 
LDR lightdata         [variable]       27872/0        ( 0.0%) 
HDR lightdata         [variable]           0/0        ( 0.0%) 
visdata               [variable]         196/16777216 ( 0.0%) 
entdata               [variable]       12308/393216   ( 3.1%) 
LDR ambient table       48/65536         192/262144   ( 0.1%) 
HDR ambient table       48/65536         192/262144   ( 0.1%) 
LDR leaf ambient       106/65536        2968/1835008  ( 0.2%) 
HDR leaf ambient        48/65536        1344/1835008  ( 0.1%) 
occluders                0/0               0/0        ( 0.0%) 
occluder polygons        0/0               0/0        ( 0.0%) 
occluder vert ind        0/0               0/0        ( 0.0%) 
detail props          [variable]           1/12       ( 8.3%) 
static props          [variable]           1/3132     ( 0.0%) 
pakfile               [variable]         356/0        ( 0.0%) 
physics               [variable]       21432/4194304  ( 0.5%) 
physics terrain       [variable]           2/1048576  ( 0.0%) 

Level flags = 0

Total triangle count: 421
Writing d:\steam\steamapps\sourcemods\entropyzero2-addonworkspace\mapsrc\facility01.bsp
0 seconds elapsed



materialPath: D:\steam\steamapps\sourcemods\entropyzero2-addonworkspace\materials
Loading d:\steam\steamapps\sourcemods\entropyzero2-addonworkspace\mapsrc\facility01.vmf
fixing up env_cubemap materials on brush sides...
0...1...2...3...4...5...6...7...8...9...100...1...2...3...4...5...6...7...8...9...10Processing areas...done (0)
Building Faces...done (0)
Chop Details...done (0)
Find Visible Detail Sides...
Merged 264 detail faces...done (0)
Merging details...done (0)
FixTjuncs...
PruneNodes...
WriteBSP...
done (0)
writing d:\steam\steamapps\sourcemods\entropyzero2-addonworkspace\mapsrc\facility01.prt...Building visibility clusters...
done (0)
Finding displacement neighbors...
Finding lightmap sample positions...
Displacement Alpha : 0...1...2...3...4...5...6...7...8...9...10
Building Physics collision data...
done (0) (21432 bytes)
Placing static props...
Error! To use model "models/props_c17/tv_monitor01.mdl"
      with prop_static, it must be compiled with $staticprop!
Error loading studio model "models/props_c17/tv_monitor01.mdl"!
Error! To use model "models/props_c17/tv_monitor01_screen.mdl"
      with prop_static, it must be compiled with $staticprop!
Error loading studio model "models/props_c17/tv_monitor01_screen.mdl"!
Placing detail props : 0...1...2...3...4...5...6...7...8...9...10
Compacting texture/material tables...
Reduced 86 texinfos to 60
Reduced 22 texdatas to 21 (508 bytes to 468)
Writing d:\steam\steamapps\sourcemods\entropyzero2-addonworkspace\mapsrc\facility01.bsp
0 seconds elapsed



12 threads
reading d:\steam\steamapps\sourcemods\entropyzero2-addonworkspace\mapsrc\facility01.bsp
reading d:\steam\steamapps\sourcemods\entropyzero2-addonworkspace\mapsrc\facility01.prt
  16 portalclusters
  46 numportals
0...1...2...3...4...5...6...7...8...9...10Optimized: 0 visible clusters (0.00%)
Total clusters visible: 244
Average clusters visible: 15
Building PAS...
Average clusters audible: 16
visdatasize:196  compressed from 256
writing d:\steam\steamapps\sourcemods\entropyzero2-addonworkspace\mapsrc\facility01.bsp
0 seconds elapsed



[Reading texlights from 'lights.rad']
[48 texlights parsed from 'lights.rad']

Loading d:\steam\steamapps\sourcemods\entropyzero2-addonworkspace\mapsrc\facility01.bsp
148 faces
3973 square feet [572152.50 square inches]
0 Displacements
0 Square Feet [0.00 Square Inches]
148 patches before subdivision
958 patches after subdivision
2 direct lights
0...1...2...3...4...5...6...7...8...9...100...1...2...3...4...5...6...7...8...9...10transfers 80854, max 257
transfer lists:   0.6 megs
0...1...2...3...4...5...6...7...8...9...10	Bounce #1 added RGB(1607, 910, 256)
0...1...2...3...4...5...6...7...8...9...10	Bounce #2 added RGB(234, 118, 25)
Build Patch/Sample Hash Table(s).....Done<0.0001 sec>
0...1...2...3...4...5...6...7...8...9...10FinalLightFace Done
0 of 0 (0% of) surface lights went in leaf ambient cubes.
0...1...2...3...4...5...6...7...8...9...10Writing leaf ambient...done
Ready to Finish

Object names       Objects/Maxobjs  Memory / Maxmem  Fullness 
------------       ---------------  ---------------  -------- 
models                   1/1024           48/49152    ( 0.1%) 
brushes                 63/8192          756/98304    ( 0.8%) 
brushsides             435/65536        3480/524288   ( 0.7%) 
planes                 210/65536        4200/1310720  ( 0.3%) 
vertexes               294/65536        3528/786432   ( 0.4%) 
nodes                   46/65536        1472/2097152  ( 0.1%) 
texinfos                60/12288        4320/884736   ( 0.5%) 
texdata                 21/2048          672/65536    ( 1.0%) 
dispinfos                0/0               0/0        ( 0.0%) 
disp_verts               0/0               0/0        ( 0.0%) 
disp_tris                0/0               0/0        ( 0.0%) 
disp_lmsamples           0/0               0/0        ( 0.0%) 
faces                  148/65536        8288/3670016  ( 0.2%) 
hdr faces                0/65536           0/3670016  ( 0.0%) 
origfaces              120/65536        6720/3670016  ( 0.2%) 
leaves                  48/65536        1536/2097152  ( 0.1%) 
leaffaces              210/65536         420/131072   ( 0.3%) 
leafbrushes            117/65536         234/131072   ( 0.2%) 
areas                    2/256            16/2048     ( 0.8%) 
surfedges             1197/512000       4788/2048000  ( 0.2%) 
edges                  780/256000       3120/1024000  ( 0.3%) 
LDR worldlights          2/65536         176/5767168  ( 0.0%) 
HDR worldlights          0/65536           0/5767168  ( 0.0%) 
leafwaterdata            0/32768           0/393216   ( 0.0%) 
waterstrips             33/32768         330/327680   ( 0.1%) 
waterverts               0/65536           0/786432   ( 0.0%) 
waterindices           459/65536         918/131072   ( 0.7%) 
cubemapsamples           0/1024            0/16384    ( 0.0%) 
overlays                 4/8192         1408/2883584  ( 0.0%) 
LDR lightdata         [variable]       27872/0        ( 0.0%) 
HDR lightdata         [variable]           0/0        ( 0.0%) 
visdata               [variable]         196/16777216 ( 0.0%) 
entdata               [variable]       12308/393216   ( 3.1%) 
LDR ambient table       48/65536         192/262144   ( 0.1%) 
HDR ambient table       48/65536         192/262144   ( 0.1%) 
LDR leaf ambient       106/65536        2968/1835008  ( 0.2%) 
HDR leaf ambient        48/65536        1344/1835008  ( 0.1%) 
occluders                0/0               0/0        ( 0.0%) 
occluder polygons        0/0               0/0        ( 0.0%) 
occluder vert ind        0/0               0/0        ( 0.0%) 
detail props          [variable]           1/12       ( 8.3%) 
static props          [variable]           1/3132     ( 0.0%) 
pakfile               [variable]         356/0        ( 0.0%) 
physics               [variable]       21432/4194304  ( 0.5%) 
physics terrain       [variable]           2/1048576  ( 0.0%) 

Level flags = 0

Total triangle count: 421
Writing d:\steam\steamapps\sourcemods\entropyzero2-addonworkspace\mapsrc\facility01.bsp
0 seconds elapsed
