PRT1
16
46
4 0 11 (-640 1024 208 ) (-640 1024 226 ) (-1024 1024 226 ) (-1024 1024 208 ) 
4 0 7 (-986 1024 254 ) (-988 1024 254 ) (-988 1024 226 ) (-986 1024 226 ) 
4 0 10 (-988 1024 254 ) (-1024 1024 254 ) (-1024 1024 226 ) (-988 1024 226 ) 
4 0 3 (-972 1024 254 ) (-974 1024 254 ) (-974 1024 226 ) (-972 1024 226 ) 
4 0 6 (-974 1024 254 ) (-986 1024 254 ) (-986 1024 226 ) (-974 1024 226 ) 
4 0 2 (-640 1024 226 ) (-640 1024 254 ) (-972 1024 254 ) (-972 1024 226 ) 
4 0 1 (-640 1024 254 ) (-640 1024 272 ) (-1024 1024 272 ) (-1024 1024 254 ) 
4 1 9 (-986 760 254 ) (-988 760 254 ) (-988 814 254 ) (-986 814 254 ) 
4 1 7 (-988 896 254 ) (-988 1024 254 ) (-986 1024 254 ) (-986 896 254 ) 
4 1 8 (-988 816 254 ) (-988 894 254 ) (-986 894 254 ) (-986 816 254 ) 
4 1 10 (-988 760 254 ) (-1024 760 254 ) (-1024 1024 254 ) (-988 1024 254 ) 
4 1 5 (-972 760 254 ) (-974 760 254 ) (-974 814 254 ) (-972 814 254 ) 
4 1 3 (-974 896 254 ) (-974 1024 254 ) (-972 1024 254 ) (-972 896 254 ) 
4 1 4 (-974 816 254 ) (-974 894 254 ) (-972 894 254 ) (-972 816 254 ) 
4 1 6 (-974 760 254 ) (-986 760 254 ) (-986 1024 254 ) (-974 1024 254 ) 
4 1 2 (-640 760 254 ) (-972 760 254 ) (-972 1024 254 ) (-640 1024 254 ) 
4 2 12 (-640 760 226 ) (-972 760 226 ) (-972 768 226 ) (-640 768 226 ) 
4 2 11 (-972 768 226 ) (-972 1024 226 ) (-640 1024 226 ) (-640 768 226 ) 
4 2 5 (-972 814 226 ) (-972 760 226 ) (-972 760 254 ) (-972 814 254 ) 
4 2 3 (-972 1024 226 ) (-972 896 226 ) (-972 896 254 ) (-972 1024 254 ) 
4 2 4 (-972 894 226 ) (-972 816 226 ) (-972 816 254 ) (-972 894 254 ) 
4 3 11 (-974 896 226 ) (-974 1024 226 ) (-972 1024 226 ) (-972 896 226 ) 
4 3 6 (-974 1024 226 ) (-974 896 226 ) (-974 896 254 ) (-974 1024 254 ) 
4 4 11 (-974 816 226 ) (-974 894 226 ) (-972 894 226 ) (-972 816 226 ) 
4 4 6 (-974 894 226 ) (-974 816 226 ) (-974 816 254 ) (-974 894 254 ) 
4 5 12 (-972 760 226 ) (-974 760 226 ) (-974 768 226 ) (-972 768 226 ) 
4 5 11 (-974 768 226 ) (-974 814 226 ) (-972 814 226 ) (-972 768 226 ) 
4 5 6 (-974 814 226 ) (-974 760 226 ) (-974 760 254 ) (-974 814 254 ) 
4 6 12 (-974 760 226 ) (-986 760 226 ) (-986 768 226 ) (-974 768 226 ) 
4 6 11 (-986 768 226 ) (-986 1024 226 ) (-974 1024 226 ) (-974 768 226 ) 
4 6 9 (-986 814 226 ) (-986 760 226 ) (-986 760 254 ) (-986 814 254 ) 
4 6 7 (-986 1024 226 ) (-986 896 226 ) (-986 896 254 ) (-986 1024 254 ) 
4 6 8 (-986 894 226 ) (-986 816 226 ) (-986 816 254 ) (-986 894 254 ) 
4 7 11 (-988 896 226 ) (-988 1024 226 ) (-986 1024 226 ) (-986 896 226 ) 
4 7 10 (-988 1024 226 ) (-988 896 226 ) (-988 896 254 ) (-988 1024 254 ) 
4 8 11 (-988 816 226 ) (-988 894 226 ) (-986 894 226 ) (-986 816 226 ) 
4 8 10 (-988 894 226 ) (-988 816 226 ) (-988 816 254 ) (-988 894 254 ) 
4 9 12 (-986 760 226 ) (-988 760 226 ) (-988 768 226 ) (-986 768 226 ) 
4 9 11 (-988 768 226 ) (-988 814 226 ) (-986 814 226 ) (-986 768 226 ) 
4 9 10 (-988 814 226 ) (-988 760 226 ) (-988 760 254 ) (-988 814 254 ) 
4 10 12 (-988 760 226 ) (-1024 760 226 ) (-1024 768 226 ) (-988 768 226 ) 
4 10 11 (-1024 768 226 ) (-1024 1024 226 ) (-988 1024 226 ) (-988 768 226 ) 
4 11 14 (-1024 768 192 ) (-1024 1024 192 ) (-640 1024 192 ) (-640 768 192 ) 
4 11 12 (-640 768 208 ) (-640 768 226 ) (-1024 768 226 ) (-1024 768 208 ) 
4 13 14 (-640 976 64 ) (-640 816 64 ) (-640 816 192 ) (-640 976 192 ) 
4 14 15 (-1024 976 64 ) (-1024 816 64 ) (-1024 816 192 ) (-1024 976 192 ) 
