PRT1
52
107
4 0 2 (-4864 4736 -384 ) (-4608 4736 -384 ) (-4608 4736 -256 ) (-4864 4736 -256 ) 
4 0 1 (-4608 4736 -256 ) (-4608 4736 -192 ) (-4864 4736 -192 ) (-4864 4736 -256 ) 
4 1 4 (-4544 4544 -64 ) (-4928 4544 -64 ) (-4928 4544 -256 ) (-4544 4544 -256 ) 
4 1 2 (-4560 4544 -256 ) (-4912 4544 -256 ) (-4912 4736 -256 ) (-4560 4736 -256 ) 
4 2 5 (-4560 4544 -384 ) (-4560 4544 -256 ) (-4912 4544 -256 ) (-4912 4544 -384 ) 
4 3 17 (-5120 4096 128 ) (-5120 4096 576 ) (-5120 4544 576 ) (-5120 4544 128 ) 
4 3 8 (-4288 4096 576 ) (-5120 4096 576 ) (-5120 4096 128 ) (-4288 4096 128 ) 
4 3 4 (-4400 4096 128 ) (-5072 4096 128 ) (-5072 4544 128 ) (-4400 4544 128 ) 
4 4 10 (-4400 4096 128 ) (-5072 4096 128 ) (-5072 4096 -256 ) (-4400 4096 -256 ) 
4 4 5 (-5056 4544 -256 ) (-4416 4544 -256 ) (-4416 4096 -256 ) (-5056 4096 -256 ) 
4 5 15 (-4416 4096 -384 ) (-4416 4096 -256 ) (-5056 4096 -256 ) (-5056 4096 -384 ) 
4 6 24 (-3200 3072 -256 ) (-3200 3072 0 ) (-4096 3072 0 ) (-4096 3072 -256 ) 
4 6 14 (-4096 3520 -256 ) (-4096 3072 -256 ) (-4096 3072 0 ) (-4096 3520 0 ) 
4 6 7 (-3200 3504 -256 ) (-3200 3072 -256 ) (-4096 3072 -256 ) (-4096 3504 -256 ) 
4 7 25 (-3200 3072 -448 ) (-3200 3072 -256 ) (-4096 3072 -256 ) (-4096 3072 -448 ) 
4 7 16 (-4096 3504 -448 ) (-4096 3072 -448 ) (-4096 3072 -256 ) (-4096 3504 -256 ) 
4 8 18 (-5120 4096 576 ) (-5120 4096 128 ) (-5120 3520 128 ) (-5120 3520 576 ) 
4 8 12 (-5120 3520 576 ) (-5120 3520 128 ) (-4288 3520 128 ) (-4288 3520 576 ) 
3 8 11 (-5072 3520 128 ) (-5104 3520 128 ) (-5072 3552 128 ) 
4 8 10 (-4400 3520 128 ) (-5072 3520 128 ) (-5072 4096 128 ) (-4400 4096 128 ) 
3 8 9 (-4368 3520 128 ) (-4400 3520 128 ) (-4400 3552 128 ) 
4 9 13 (-4368 3520 0 ) (-4368 3520 128 ) (-4400 3520 128 ) (-4400 3520 0 ) 
4 9 14 (-4400 3520 -256 ) (-4368 3520 -256 ) (-4368 3520 0 ) (-4400 3520 0 ) 
4 9 10 (-4400 3552 -256 ) (-4400 3520 -256 ) (-4400 3520 128 ) (-4400 3552 128 ) 
4 10 15 (-4416 3520 -256 ) (-5056 3520 -256 ) (-5056 4096 -256 ) (-4416 4096 -256 ) 
4 10 13 (-4400 3520 0 ) (-4400 3520 128 ) (-5072 3520 128 ) (-5072 3520 0 ) 
4 10 14 (-5072 3520 -256 ) (-4400 3520 -256 ) (-4400 3520 0 ) (-5072 3520 0 ) 
4 10 11 (-5072 3552 -256 ) (-5072 3520 -256 ) (-5072 3520 128 ) (-5072 3552 128 ) 
4 11 13 (-5072 3520 0 ) (-5072 3520 128 ) (-5104 3520 128 ) (-5104 3520 0 ) 
4 11 14 (-5104 3520 -256 ) (-5072 3520 -256 ) (-5072 3520 0 ) (-5104 3520 0 ) 
4 12 26 (-4288 3072 576 ) (-5120 3072 576 ) (-5120 3072 128 ) (-4288 3072 128 ) 
4 12 18 (-5120 3072 128 ) (-5120 3072 576 ) (-5120 3520 576 ) (-5120 3520 128 ) 
4 12 13 (-4352 3072 128 ) (-5120 3072 128 ) (-5120 3520 128 ) (-4352 3520 128 ) 
4 13 27 (-4352 3072 128 ) (-5120 3072 128 ) (-5120 3072 0 ) (-4224 3072 0 ) 
4 13 19 (-5120 3072 0 ) (-5120 3072 128 ) (-5120 3520 128 ) (-5120 3520 0 ) 
4 13 14 (-5120 3520 0 ) (-4224 3520 0 ) (-4224 3072 0 ) (-5120 3072 0 ) 
4 14 34 (-5072 3072 0 ) (-5120 3072 0 ) (-5120 3072 -256 ) (-5072 3072 -256 ) 
4 14 33 (-4400 3072 0 ) (-5072 3072 0 ) (-5072 3072 -256 ) (-4400 3072 -256 ) 
4 14 31 (-4096 3072 -256 ) (-4096 3072 0 ) (-4400 3072 0 ) (-4400 3072 -256 ) 
4 14 20 (-5120 3072 -256 ) (-5120 3072 0 ) (-5120 3520 0 ) (-5120 3520 -256 ) 
4 14 15 (-4416 3504 -256 ) (-5056 3504 -256 ) (-5056 3520 -256 ) (-4416 3520 -256 ) 
4 14 16 (-4096 3504 -256 ) (-4096 3072 -256 ) (-5120 3072 -256 ) (-5120 3504 -256 ) 
4 15 16 (-4416 3504 -384 ) (-4416 3504 -256 ) (-5056 3504 -256 ) (-5056 3504 -384 ) 
4 16 36 (-4096 3072 -448 ) (-4096 3072 -256 ) (-5120 3072 -256 ) (-5120 3072 -448 ) 
4 16 21 (-5120 3072 -448 ) (-5120 3072 -256 ) (-5120 3504 -256 ) (-5120 3504 -448 ) 
4 17 18 (-5120 4096 128 ) (-5120 4096 576 ) (-5184 4096 576 ) (-5184 4096 128 ) 
4 18 45 (-5120 3072 128 ) (-5120 3072 576 ) (-5184 3072 576 ) (-5184 3072 128 ) 
3 19 46 (-5120 3072 0 ) (-5120 3072 128 ) (-5248 3072 0 ) 
4 19 20 (-5120 3520 0 ) (-5120 3072 0 ) (-5248 3072 0 ) (-5248 3520 0 ) 
4 20 47 (-5120 3072 -256 ) (-5120 3072 0 ) (-6144 3072 0 ) (-6144 3072 -256 ) 
4 20 22 (-6144 3072 -256 ) (-6144 3072 0 ) (-6144 3520 0 ) (-6144 3520 -256 ) 
4 20 21 (-5120 3072 -256 ) (-6144 3072 -256 ) (-6144 3504 -256 ) (-5120 3504 -256 ) 
4 21 48 (-5120 3072 -448 ) (-5120 3072 -256 ) (-6144 3072 -256 ) (-6144 3072 -448 ) 
4 21 23 (-6144 3072 -448 ) (-6144 3072 -256 ) (-6144 3504 -256 ) (-6144 3504 -448 ) 
4 22 49 (-6144 3072 -256 ) (-6144 3072 0 ) (-6272 3072 0 ) (-6272 3072 -256 ) 
4 22 23 (-6144 3072 -256 ) (-6272 3072 -256 ) (-6272 3504 -256 ) (-6144 3504 -256 ) 
4 23 49 (-6144 3072 -448 ) (-6144 3072 -256 ) (-6272 3072 -256 ) (-6272 3072 -448 ) 
4 24 31 (-4096 3072 0 ) (-4096 3072 -256 ) (-4096 3008 -256 ) (-4096 3008 0 ) 
4 24 25 (-4096 3024 -256 ) (-4096 3072 -256 ) (-3200 3072 -256 ) (-3200 3024 -256 ) 
4 25 36 (-4096 3024 -256 ) (-4096 3072 -256 ) (-4096 3072 -448 ) (-4096 3024 -448 ) 
4 26 45 (-5120 3072 576 ) (-5120 3072 128 ) (-5120 2048 128 ) (-5120 2048 576 ) 
4 26 40 (-5120 2048 576 ) (-5120 2048 128 ) (-5072 2048 128 ) (-5072 2048 576 ) 
4 26 39 (-5072 2048 128 ) (-4400 2048 128 ) (-4400 2048 576 ) (-5072 2048 576 ) 
4 26 38 (-4400 2048 128 ) (-4288 2048 128 ) (-4288 2048 576 ) (-4400 2048 576 ) 
3 26 30 (-5104 3008 128 ) (-5072 3008 128 ) (-5072 2976 128 ) 
4 26 29 (-5072 3008 128 ) (-4400 3008 128 ) (-4400 2112 128 ) (-5072 2112 128 ) 
3 26 28 (-4400 3008 128 ) (-4368 3008 128 ) (-4400 2976 128 ) 
4 26 27 (-5120 3008 128 ) (-5120 3072 128 ) (-4352 3072 128 ) (-4352 3008 128 ) 
4 27 46 (-5120 3072 128 ) (-5120 3072 0 ) (-5120 3008 0 ) (-5120 3008 128 ) 
4 27 34 (-5120 3008 0 ) (-5120 3072 0 ) (-5072 3072 0 ) (-5072 3008 0 ) 
4 27 33 (-5072 3072 0 ) (-4400 3072 0 ) (-4400 3008 0 ) (-5072 3008 0 ) 
4 27 31 (-4400 3072 0 ) (-4224 3072 0 ) (-4224 3008 0 ) (-4400 3008 0 ) 
4 27 30 (-5104 3008 0 ) (-5072 3008 0 ) (-5072 3008 128 ) (-5104 3008 128 ) 
4 27 29 (-5072 3008 0 ) (-4400 3008 0 ) (-4400 3008 128 ) (-5072 3008 128 ) 
4 27 28 (-4400 3008 0 ) (-4368 3008 0 ) (-4368 3008 128 ) (-4400 3008 128 ) 
3 28 32 (-4400 2976 0 ) (-4400 3008 0 ) (-4368 3008 0 ) 
4 28 29 (-4400 3008 128 ) (-4400 3008 0 ) (-4400 2976 0 ) (-4400 2976 128 ) 
4 29 33 (-5072 2112 0 ) (-5072 3008 0 ) (-4400 3008 0 ) (-4400 2112 0 ) 
4 29 30 (-5072 3008 128 ) (-5072 3008 0 ) (-5072 2976 0 ) (-5072 2976 128 ) 
3 30 35 (-5104 3008 0 ) (-5072 3008 0 ) (-5072 2976 0 ) 
4 31 36 (-4400 3072 -256 ) (-4096 3072 -256 ) (-4096 3024 -256 ) (-4400 3024 -256 ) 
4 31 33 (-4400 3072 -256 ) (-4400 3008 -256 ) (-4400 3008 0 ) (-4400 3072 0 ) 
4 31 32 (-4400 3008 0 ) (-4400 3008 -256 ) (-4368 3008 -256 ) (-4368 3008 0 ) 
4 32 33 (-4400 3008 -256 ) (-4400 2976 -256 ) (-4400 2976 0 ) (-4400 3008 0 ) 
4 33 37 (-4416 2112 -256 ) (-5056 2112 -256 ) (-5056 3024 -256 ) (-4416 3024 -256 ) 
4 33 36 (-5072 3072 -256 ) (-4400 3072 -256 ) (-4400 3024 -256 ) (-5072 3024 -256 ) 
4 33 35 (-5072 3008 -256 ) (-5072 2976 -256 ) (-5072 2976 0 ) (-5072 3008 0 ) 
4 33 34 (-5072 3072 -256 ) (-5072 3008 -256 ) (-5072 3008 0 ) (-5072 3072 0 ) 
4 34 47 (-5120 3072 0 ) (-5120 3072 -256 ) (-5120 3008 -256 ) (-5120 3008 0 ) 
4 34 36 (-5120 3024 -256 ) (-5120 3072 -256 ) (-5072 3072 -256 ) (-5072 3024 -256 ) 
4 34 35 (-5104 3008 -256 ) (-5072 3008 -256 ) (-5072 3008 0 ) (-5104 3008 0 ) 
4 36 48 (-5120 3072 -256 ) (-5120 3072 -448 ) (-5120 3024 -448 ) (-5120 3024 -256 ) 
4 36 37 (-4416 3024 -384 ) (-4416 3024 -256 ) (-5056 3024 -256 ) (-5056 3024 -384 ) 
4 38 39 (-4400 2048 576 ) (-4400 2048 128 ) (-4400 1984 128 ) (-4400 1984 576 ) 
4 39 41 (-4708 1984 240 ) (-4764 1984 240 ) (-4764 1984 128 ) (-4708 1984 128 ) 
4 39 40 (-5072 1984 128 ) (-5072 1984 576 ) (-5072 2048 576 ) (-5072 2048 128 ) 
4 40 51 (-5120 1984 128 ) (-5120 1984 576 ) (-5120 2048 576 ) (-5120 2048 128 ) 
4 41 43 (-4764 1968 128 ) (-4708 1968 128 ) (-4708 1968 240 ) (-4764 1968 240 ) 
4 42 43 (-4800 1732 252 ) (-4800 1968 252 ) (-4672 1968 252 ) (-4672 1732 252 ) 
4 43 44 (-4764 1732 128 ) (-4708 1732 128 ) (-4708 1732 240 ) (-4764 1732 240 ) 
4 45 51 (-5120 2048 128 ) (-5120 2048 576 ) (-5184 2048 576 ) (-5184 2048 128 ) 
4 46 47 (-5248 3072 0 ) (-5120 3072 0 ) (-5120 3008 0 ) (-5248 3008 0 ) 
4 47 50 (-6144 3024 -256 ) (-6144 3008 -256 ) (-6144 3008 0 ) (-6144 3024 0 ) 
4 47 49 (-6144 3072 0 ) (-6144 3072 -256 ) (-6144 3024 -256 ) (-6144 3024 0 ) 
4 47 48 (-6144 3024 -256 ) (-6144 3072 -256 ) (-5120 3072 -256 ) (-5120 3024 -256 ) 
4 48 49 (-6144 3072 -256 ) (-6144 3072 -448 ) (-6144 3024 -448 ) (-6144 3024 -256 ) 
4 49 50 (-6144 3024 -256 ) (-6144 3024 0 ) (-6272 3024 0 ) (-6272 3024 -256 ) 
