PRT1
261
751
4 0 7 (276 -400 28 ) (276 -400 52 ) (260 -400 52 ) (260 -400 28 ) 
4 0 5 (332 -400 28 ) (332 -400 52 ) (276 -400 52 ) (276 -400 28 ) 
4 0 4 (348 -400 52 ) (332 -400 52 ) (332 -400 28 ) (348 -400 28 ) 
4 1 109 (0 -264 -128 ) (0 -392 -128 ) (0 -392 0 ) (0 -264 0 ) 
4 1 3 (0 -392 -128 ) (36 -392 -128 ) (36 -392 -16 ) (0 -392 -16 ) 
4 1 2 (36 -392 -128 ) (48 -392 -128 ) (48 -392 0 ) (36 -392 0 ) 
4 2 8 (36 -400 -128 ) (48 -400 -128 ) (48 -400 0 ) (36 -400 0 ) 
4 2 3 (36 -392 -16 ) (36 -392 -128 ) (36 -400 -128 ) (36 -400 -16 ) 
4 3 110 (0 -400 -128 ) (0 -400 -16 ) (0 -392 -16 ) (0 -392 -128 ) 
4 3 9 (0 -400 -16 ) (0 -400 -128 ) (36 -400 -128 ) (36 -400 -16 ) 
4 4 10 (348 -408 52 ) (332 -408 52 ) (332 -408 28 ) (348 -408 28 ) 
4 4 5 (332 -400 52 ) (332 -400 28 ) (332 -408 28 ) (332 -408 52 ) 
4 5 10 (332 -408 28 ) (332 -408 52 ) (276 -408 52 ) (276 -408 28 ) 
4 5 7 (276 -400 52 ) (276 -400 28 ) (276 -408 28 ) (276 -408 52 ) 
4 6 10 (332 -408 -128 ) (332 -408 -16 ) (276 -408 -16 ) (276 -408 -128 ) 
4 7 10 (276 -408 28 ) (276 -408 52 ) (260 -408 52 ) (260 -408 28 ) 
4 8 18 (36 -408 -128 ) (48 -408 -128 ) (48 -408 0 ) (36 -408 0 ) 
4 8 9 (36 -400 -128 ) (36 -408 -128 ) (36 -408 -16 ) (36 -400 -16 ) 
4 9 110 (0 -408 -128 ) (0 -408 -16 ) (0 -400 -16 ) (0 -400 -128 ) 
4 9 18 (0 -408 -16 ) (0 -408 -128 ) (36 -408 -128 ) (36 -408 -16 ) 
4 10 31 (332 -776 -80 ) (276 -776 -80 ) (276 -776 -128 ) (332 -776 -128 ) 
4 10 18 (176 -408 32 ) (176 -408 -128 ) (176 -536 -128 ) (176 -536 32 ) 
4 10 13 (176 -408 64 ) (176 -408 32 ) (176 -536 32 ) (176 -536 64 ) 
4 10 12 (176 -776 -128 ) (176 -552 -128 ) (312 -552 -128 ) (312 -776 -128 ) 
4 10 11 (432 -552 -128 ) (432 -776 -128 ) (312 -776 -128 ) (312 -552 -128 ) 
4 11 31 (332 -776 -128 ) (312 -776 -128 ) (312 -776 -192 ) (332 -776 -192 ) 
4 11 12 (312 -648 -192 ) (312 -776 -192 ) (312 -776 -128 ) (312 -552 -128 ) 
4 12 31 (312 -776 -128 ) (276 -776 -128 ) (276 -776 -192 ) (312 -776 -192 ) 
4 13 18 (176 -536 32 ) (160 -536 32 ) (160 -408 32 ) (176 -408 32 ) 
4 13 15 (160 -416 32 ) (160 -528 32 ) (160 -528 64 ) (160 -416 64 ) 
4 13 14 (160 -408 32 ) (160 -416 32 ) (160 -416 64 ) (160 -408 64 ) 
4 13 16 (160 -528 32 ) (160 -536 32 ) (160 -536 64 ) (160 -528 64 ) 
4 14 18 (152 -416 32 ) (152 -408 32 ) (160 -408 32 ) (160 -416 32 ) 
4 14 17 (152 -408 32 ) (152 -416 32 ) (152 -416 64 ) (152 -408 64 ) 
4 14 15 (152 -416 64 ) (152 -416 32 ) (160 -416 32 ) (160 -416 64 ) 
4 15 18 (152 -528 32 ) (152 -416 32 ) (160 -416 32 ) (160 -528 32 ) 
4 15 16 (152 -528 64 ) (152 -528 32 ) (160 -528 32 ) (160 -528 64 ) 
4 15 17 (152 -416 32 ) (152 -528 32 ) (152 -528 64 ) (152 -416 64 ) 
4 16 18 (160 -536 32 ) (152 -536 32 ) (152 -528 32 ) (160 -528 32 ) 
4 16 17 (152 -528 32 ) (152 -536 32 ) (152 -536 64 ) (152 -528 64 ) 
4 17 112 (0 -536 32 ) (0 -536 64 ) (0 -408 64 ) (0 -408 32 ) 
4 17 18 (152 -536 32 ) (0 -536 32 ) (0 -408 32 ) (152 -408 32 ) 
4 18 112 (0 -536 -128 ) (0 -536 32 ) (0 -408 32 ) (0 -408 -128 ) 
3 19 114 (0 -1024 192 ) (0 -1024 282 ) (0 -784 192 ) 
4 19 63 (0 -1024 282 ) (0 -1024 192 ) (656 -1024 192 ) (656 -1024 282 ) 
4 19 23 (160 -784 192 ) (288 -784 192 ) (288 -1024 192 ) (160 -1024 192 ) 
4 19 22 (288 -784 192 ) (512 -784 192 ) (512 -1024 192 ) (288 -1024 192 ) 
4 19 24 (0 -784 192 ) (160 -784 192 ) (160 -1024 192 ) (0 -1024 192 ) 
4 19 21 (512 -784 192 ) (640 -784 192 ) (640 -1024 192 ) (512 -1024 192 ) 
4 19 20 (640 -784 192 ) (656 -784 192 ) (656 -1024 192 ) (640 -1024 192 ) 
4 20 64 (640 -1024 184 ) (656 -1024 184 ) (656 -1024 192 ) (640 -1024 192 ) 
4 20 26 (656 -800 184 ) (656 -1024 184 ) (640 -1024 184 ) (640 -800 184 ) 
4 20 21 (640 -784 184 ) (640 -1024 184 ) (640 -1024 192 ) (640 -784 192 ) 
4 21 65 (512 -1024 184 ) (640 -1024 184 ) (640 -1024 192 ) (512 -1024 192 ) 
4 21 26 (640 -800 184 ) (640 -1024 184 ) (512 -1024 184 ) (512 -800 184 ) 
4 21 22 (512 -784 184 ) (512 -1024 184 ) (512 -1024 192 ) (512 -784 192 ) 
4 22 71 (288 -1024 184 ) (320 -1024 184 ) (320 -1024 192 ) (288 -1024 192 ) 
4 22 66 (320 -1024 184 ) (512 -1024 184 ) (512 -1024 192 ) (320 -1024 192 ) 
4 22 26 (512 -800 184 ) (512 -1024 184 ) (288 -1024 184 ) (288 -800 184 ) 
4 22 23 (288 -784 184 ) (288 -1024 184 ) (288 -1024 192 ) (288 -784 192 ) 
4 23 72 (160 -1024 184 ) (288 -1024 184 ) (288 -1024 192 ) (160 -1024 192 ) 
4 23 26 (288 -800 184 ) (288 -1024 184 ) (160 -1024 184 ) (160 -800 184 ) 
4 23 24 (160 -784 184 ) (160 -1024 184 ) (160 -1024 192 ) (160 -784 192 ) 
4 24 115 (0 -1024 184 ) (0 -1024 192 ) (0 -784 192 ) (0 -784 184 ) 
4 24 77 (0 -1024 192 ) (0 -1024 184 ) (144 -1024 184 ) (144 -1024 192 ) 
4 24 76 (144 -1024 184 ) (160 -1024 184 ) (160 -1024 192 ) (144 -1024 192 ) 
4 24 26 (0 -1024 184 ) (0 -800 184 ) (160 -800 184 ) (160 -1024 184 ) 
4 25 122 (0 -784 152 ) (0 -784 32 ) (0 -800 32 ) (0 -800 152 ) 
4 25 26 (0 -800 32 ) (656 -800 32 ) (656 -800 152 ) (0 -800 152 ) 
4 26 123 (0 -1024 32 ) (0 -1024 184 ) (0 -800 184 ) (0 -800 32 ) 
4 26 77 (0 -1024 184 ) (0 -1024 32 ) (144 -1024 32 ) (144 -1024 184 ) 
4 26 76 (144 -1024 32 ) (160 -1024 32 ) (160 -1024 184 ) (144 -1024 184 ) 
4 26 73 (304 -1024 32 ) (320 -1024 32 ) (320 -1024 184 ) (304 -1024 184 ) 
4 26 75 (160 -1024 32 ) (304 -1024 32 ) (304 -1024 184 ) (160 -1024 184 ) 
4 26 67 (320 -1024 32 ) (656 -1024 32 ) (656 -1024 184 ) (320 -1024 184 ) 
4 26 28 (176 -1024 32 ) (0 -1024 32 ) (0 -976 32 ) (176 -976 32 ) 
4 26 27 (320 -1024 32 ) (176 -1024 32 ) (176 -976 32 ) (320 -976 32 ) 
4 27 73 (304 -1024 0 ) (320 -1024 0 ) (320 -1024 32 ) (304 -1024 32 ) 
4 27 75 (176 -1024 0 ) (304 -1024 0 ) (304 -1024 32 ) (176 -1024 32 ) 
4 27 49 (320 -1024 0 ) (176 -1024 0 ) (176 -976 0 ) (320 -976 0 ) 
4 27 30 (176 -976 16 ) (176 -976 0 ) (176 -1024 0 ) (176 -1024 16 ) 
4 27 28 (176 -1024 32 ) (176 -976 32 ) (176 -976 16 ) (176 -1024 16 ) 
4 28 126 (0 -1024 16 ) (0 -1024 32 ) (0 -976 32 ) (0 -976 16 ) 
4 28 77 (0 -1024 32 ) (0 -1024 16 ) (144 -1024 16 ) (144 -1024 32 ) 
4 28 76 (144 -1024 16 ) (160 -1024 16 ) (160 -1024 32 ) (144 -1024 32 ) 
4 28 75 (160 -1024 16 ) (176 -1024 16 ) (176 -1024 32 ) (160 -1024 32 ) 
4 28 30 (176 -976 16 ) (176 -1024 16 ) (0 -1024 16 ) (0 -976 16 ) 
4 29 124 (0 -896 16 ) (0 -784 16 ) (0 -784 0 ) (0 -896 0 ) 
4 29 43 (0 -896 0 ) (0 -880 0 ) (64 -880 0 ) (64 -896 0 ) 
4 29 37 (64 -880 0 ) (124 -880 0 ) (124 -896 0 ) (64 -896 0 ) 
4 29 34 (124 -880 0 ) (176 -880 0 ) (176 -896 0 ) (124 -896 0 ) 
4 29 33 (0 -880 0 ) (0 -784 0 ) (176 -784 0 ) (176 -880 0 ) 
4 30 126 (0 -1024 0 ) (0 -1024 16 ) (0 -976 16 ) (0 -976 0 ) 
4 30 125 (0 -976 16 ) (0 -960 16 ) (0 -960 0 ) (0 -976 0 ) 
4 30 77 (0 -1024 16 ) (0 -1024 0 ) (144 -1024 0 ) (144 -1024 16 ) 
4 30 76 (144 -1024 0 ) (160 -1024 0 ) (160 -1024 16 ) (144 -1024 16 ) 
4 30 75 (160 -1024 0 ) (176 -1024 0 ) (176 -1024 16 ) (160 -1024 16 ) 
4 30 49 (0 -1024 0 ) (0 -976 0 ) (176 -976 0 ) (176 -1024 0 ) 
4 30 46 (0 -976 0 ) (0 -960 0 ) (124 -960 0 ) (124 -976 0 ) 
4 30 45 (124 -960 0 ) (176 -960 0 ) (176 -976 0 ) (124 -976 0 ) 
4 31 32 (276 -784 -192 ) (332 -784 -192 ) (332 -784 -80 ) (276 -784 -80 ) 
4 32 44 (532 -960 -192 ) (588 -960 -192 ) (588 -960 -80 ) (532 -960 -80 ) 
4 33 127 (0 -880 0 ) (0 -784 0 ) (0 -784 -192 ) (0 -880 -192 ) 
4 33 43 (64 -880 -76 ) (64 -880 0 ) (0 -880 0 ) (0 -880 -76 ) 
3 33 39 (124 -880 -136 ) (124 -880 -76 ) (76 -880 -76 ) 
4 33 37 (124 -880 -76 ) (124 -880 0 ) (64 -880 0 ) (64 -880 -76 ) 
4 33 34 (124 -880 -192 ) (176 -880 -192 ) (176 -880 0 ) (124 -880 0 ) 
4 34 39 (124 -880 -76 ) (124 -880 -136 ) (124 -942 -136 ) (124 -942 -76 ) 
4 34 37 (124 -880 0 ) (124 -880 -76 ) (124 -942 -76 ) (124 -942 0 ) 
4 34 35 (124 -942 0 ) (124 -942 -192 ) (176 -942 -192 ) (176 -942 0 ) 
4 35 40 (124 -946 -136 ) (124 -946 -76 ) (124 -942 -76 ) (124 -942 -136 ) 
4 35 38 (124 -946 -76 ) (124 -946 0 ) (124 -942 0 ) (124 -942 -76 ) 
4 35 36 (124 -946 0 ) (124 -946 -192 ) (176 -946 -192 ) (176 -946 0 ) 
4 36 45 (124 -960 -192 ) (176 -960 -192 ) (176 -960 0 ) (124 -960 0 ) 
4 36 42 (124 -960 -136 ) (124 -960 -76 ) (124 -946 -76 ) (124 -946 -136 ) 
4 36 41 (124 -960 -76 ) (124 -960 0 ) (124 -946 0 ) (124 -946 -76 ) 
4 37 43 (64 -880 0 ) (64 -880 -76 ) (64 -942 -76 ) (64 -942 0 ) 
4 37 39 (76 -880 -76 ) (124 -880 -76 ) (124 -942 -76 ) (76 -942 -76 ) 
4 37 38 (64 -942 0 ) (64 -942 -76 ) (124 -942 -76 ) (124 -942 0 ) 
4 38 43 (64 -942 -76 ) (64 -946 -76 ) (64 -946 0 ) (64 -942 0 ) 
4 38 41 (64 -946 0 ) (64 -946 -76 ) (124 -946 -76 ) (124 -946 0 ) 
4 38 40 (124 -946 -76 ) (76 -946 -76 ) (76 -942 -76 ) (124 -942 -76 ) 
3 39 40 (124 -942 -136 ) (124 -942 -76 ) (76 -942 -76 ) 
3 40 42 (124 -946 -136 ) (124 -946 -76 ) (76 -946 -76 ) 
4 41 46 (124 -960 -76 ) (124 -960 0 ) (64 -960 0 ) (64 -960 -76 ) 
4 41 43 (64 -960 -76 ) (64 -960 0 ) (64 -946 0 ) (64 -946 -76 ) 
4 41 42 (76 -946 -76 ) (124 -946 -76 ) (124 -960 -76 ) (76 -960 -76 ) 
3 42 47 (124 -960 -136 ) (124 -960 -76 ) (76 -960 -76 ) 
4 43 132 (0 -960 0 ) (0 -946 0 ) (0 -946 -76 ) (0 -960 -76 ) 
4 43 129 (0 -946 0 ) (0 -942 0 ) (0 -942 -76 ) (0 -946 -76 ) 
4 43 128 (0 -942 0 ) (0 -880 0 ) (0 -880 -76 ) (0 -942 -76 ) 
4 43 46 (64 -960 -76 ) (64 -960 0 ) (0 -960 0 ) (0 -960 -76 ) 
4 44 48 (532 -976 -192 ) (588 -976 -192 ) (588 -976 -80 ) (532 -976 -80 ) 
4 45 49 (124 -976 -192 ) (176 -976 -192 ) (176 -976 0 ) (124 -976 0 ) 
4 45 47 (124 -960 -76 ) (124 -960 -136 ) (124 -976 -136 ) (124 -976 -76 ) 
4 45 46 (124 -960 0 ) (124 -960 -76 ) (124 -976 -76 ) (124 -976 0 ) 
4 46 132 (0 -976 0 ) (0 -960 0 ) (0 -960 -76 ) (0 -976 -76 ) 
4 46 49 (124 -976 -76 ) (124 -976 0 ) (0 -976 0 ) (0 -976 -76 ) 
4 46 47 (76 -960 -76 ) (124 -960 -76 ) (124 -976 -76 ) (76 -976 -76 ) 
3 47 49 (124 -976 -136 ) (124 -976 -76 ) (76 -976 -76 ) 
4 48 69 (656 -1024 0 ) (328 -1024 0 ) (328 -1024 -192 ) (656 -1024 -192 ) 
4 49 167 (0 -1024 -192 ) (0 -1024 0 ) (0 -976 0 ) (0 -976 -192 ) 
4 49 77 (144 -1024 0 ) (0 -1024 0 ) (0 -1024 -192 ) (144 -1024 -192 ) 
4 49 76 (160 -1024 0 ) (144 -1024 0 ) (144 -1024 -192 ) (160 -1024 -192 ) 
4 49 73 (320 -1024 0 ) (304 -1024 0 ) (304 -1024 -192 ) (320 -1024 -192 ) 
4 49 75 (304 -1024 0 ) (160 -1024 0 ) (160 -1024 -192 ) (304 -1024 -192 ) 
4 49 50 (160 -1024 -192 ) (0 -1024 -192 ) (0 -976 -192 ) (160 -976 -192 ) 
4 50 170 (0 -1024 -224 ) (0 -1024 -192 ) (0 -976 -192 ) (0 -976 -224 ) 
4 50 79 (160 -1024 -224 ) (160 -1024 -192 ) (0 -1024 -192 ) (0 -1024 -224 ) 
4 51 100 (1424 -2048 320 ) (1168 -2048 320 ) (1168 -2048 192 ) (1424 -2048 192 ) 
4 51 99 (1664 -2048 192 ) (1664 -2048 320 ) (1424 -2048 320 ) (1424 -2048 192 ) 
4 51 54 (1168 -1936 192 ) (1168 -2048 192 ) (1168 -2048 320 ) (1168 -1936 320 ) 
4 51 53 (1168 -1424 320 ) (1168 -1424 192 ) (1168 -1936 192 ) (1168 -1936 320 ) 
4 51 52 (1168 -2048 192 ) (1168 -1936 192 ) (1664 -1936 192 ) (1664 -2048 192 ) 
4 52 104 (1168 -2048 -160 ) (1168 -2048 -192 ) (1424 -2048 -192 ) (1424 -2048 -160 ) 
4 52 101 (1168 -2048 -32 ) (1168 -2048 -160 ) (1424 -2048 -160 ) (1424 -2048 -32 ) 
4 52 100 (1424 -2048 192 ) (1168 -2048 192 ) (1168 -2048 -32 ) (1424 -2048 -32 ) 
4 52 99 (1664 -2048 -192 ) (1664 -2048 192 ) (1424 -2048 192 ) (1424 -2048 -192 ) 
4 52 56 (1168 -1936 -192 ) (1168 -2048 -192 ) (1168 -2048 -160 ) (1168 -1936 -160 ) 
4 52 54 (1168 -2048 -32 ) (1168 -2048 192 ) (1168 -1936 192 ) (1168 -1936 -32 ) 
4 53 60 (1024 -1936 192 ) (1024 -1936 320 ) (1024 -1456 320 ) (1024 -1456 192 ) 
4 53 58 (1024 -1456 320 ) (1024 -1424 320 ) (1024 -1424 192 ) (1024 -1456 192 ) 
4 53 54 (1168 -1936 192 ) (1168 -1936 320 ) (1152 -1936 320 ) (1152 -1936 192 ) 
4 53 55 (1152 -1936 320 ) (1024 -1936 320 ) (1024 -1936 192 ) (1152 -1936 192 ) 
4 54 100 (1168 -2048 -32 ) (1168 -2048 320 ) (1152 -2048 320 ) (1152 -2048 -32 ) 
4 54 55 (1152 -2048 -32 ) (1152 -2048 320 ) (1152 -1936 320 ) (1152 -1936 -32 ) 
4 55 105 (1152 -2048 320 ) (1024 -2048 320 ) (1024 -2048 -160 ) (1152 -2048 -160 ) 
4 55 61 (1024 -2048 -160 ) (1024 -2048 320 ) (1024 -1936 320 ) (1024 -1936 -160 ) 
4 55 56 (1024 -1936 -160 ) (1152 -1936 -160 ) (1152 -2048 -160 ) (1024 -2048 -160 ) 
4 56 105 (1152 -2048 -160 ) (1024 -2048 -160 ) (1024 -2048 -192 ) (1152 -2048 -192 ) 
4 56 104 (1168 -2048 -192 ) (1168 -2048 -160 ) (1152 -2048 -160 ) (1152 -2048 -192 ) 
4 56 61 (1024 -2048 -192 ) (1024 -2048 -160 ) (1024 -1936 -160 ) (1024 -1936 -192 ) 
4 57 97 (656 -1808 -192 ) (656 -1936 -192 ) (656 -1936 -64 ) (656 -1808 -64 ) 
4 57 96 (656 -1936 -64 ) (656 -1936 320 ) (656 -1808 320 ) (656 -1808 -64 ) 
4 57 61 (656 -1936 320 ) (656 -1936 -192 ) (784 -1936 -192 ) (784 -1936 320 ) 
4 57 60 (656 -1808 320 ) (784 -1936 320 ) (784 -1936 192 ) (656 -1808 192 ) 
4 58 60 (1024 -1456 192 ) (1024 -1456 320 ) (672 -1456 320 ) (672 -1456 192 ) 
5 58 59 (672 -1440.238892 192 ) (672 -1456 192 ) (672 -1456 320 ) (672 -1424 320 ) (672 -1424 198.181793 ) 
5 59 94 (656 -1440 192.090912 ) (656 -1440.238770 192 ) (656 -1456 192 ) (656 -1456 320 ) (656 -1440 320 ) 
4 59 80 (656 -1424 320 ) (656 -1424 198.181839 ) (656 -1440 192.090912 ) (656 -1440 320 ) 
4 59 60 (672 -1456 192 ) (672 -1456 320 ) (656 -1456 320 ) (656 -1456 192 ) 
4 60 96 (656 -1808 192 ) (656 -1808 320 ) (656 -1456 320 ) (656 -1456 192 ) 
4 60 61 (1024 -1936 192 ) (1024 -1936 320 ) (784 -1936 320 ) (784 -1936 192 ) 
4 61 106 (1024 -2048 -192 ) (1024 -2048 320 ) (656 -2048 320 ) (656 -2048 -192 ) 
4 61 97 (656 -2048 -192 ) (656 -2048 -64 ) (656 -1936 -64 ) (656 -1936 -192 ) 
4 61 96 (656 -2048 -64 ) (656 -2048 320 ) (656 -1936 320 ) (656 -1936 -64 ) 
3 62 172 (0 -1424 198.181808 ) (0 -1424 320 ) (0 -1104 320 ) 
4 62 80 (0 -1424 320 ) (0 -1424 198.181808 ) (656 -1424 198.181808 ) (656 -1424 320 ) 
4 63 175 (0 -1424 192 ) (0 -1104 312 ) (0 -1024 282 ) (0 -1024 192 ) 
4 63 78 (112 -1424 192 ) (0 -1424 192 ) (0 -1408 192 ) (128 -1408 192 ) 
4 63 77 (0 -1408 192 ) (0 -1024 192 ) (144 -1024 192 ) (144 -1408 192 ) 
4 63 76 (160 -1424 192 ) (144 -1424 192 ) (144 -1024 192 ) (160 -1024 192 ) 
4 63 72 (288 -1424 192 ) (160 -1424 192 ) (160 -1024 192 ) (288 -1024 192 ) 
4 63 71 (320 -1424 192 ) (288 -1424 192 ) (288 -1024 192 ) (320 -1024 192 ) 
4 63 65 (640 -1424 192 ) (512 -1424 192 ) (512 -1024 192 ) (640 -1024 192 ) 
4 63 64 (656 -1424 192 ) (640 -1424 192 ) (640 -1024 192 ) (656 -1024 192 ) 
4 63 66 (512 -1424 192 ) (320 -1424 192 ) (320 -1024 192 ) (512 -1024 192 ) 
4 64 67 (640 -1408 184 ) (640 -1024 184 ) (656 -1024 184 ) (656 -1408 184 ) 
4 64 65 (640 -1024 184 ) (640 -1424 184 ) (640 -1424 192 ) (640 -1024 192 ) 
4 65 67 (512 -1408 184 ) (512 -1024 184 ) (640 -1024 184 ) (640 -1408 184 ) 
4 65 66 (512 -1024 184 ) (512 -1424 184 ) (512 -1424 192 ) (512 -1024 192 ) 
4 66 71 (320 -1424 184 ) (320 -1424 192 ) (320 -1024 192 ) (320 -1024 184 ) 
4 66 67 (320 -1408 184 ) (320 -1024 184 ) (512 -1024 184 ) (512 -1408 184 ) 
4 67 73 (320 -1408 184 ) (320 -1024 184 ) (320 -1024 32 ) (320 -1408 32 ) 
4 67 68 (320 -1408 32 ) (656 -1408 32 ) (656 -1408 152 ) (320 -1408 152 ) 
4 68 83 (448 -1424 144 ) (384 -1424 144 ) (384 -1424 48 ) (448 -1424 48 ) 
4 68 82 (608 -1424 144 ) (544 -1424 144 ) (544 -1424 48 ) (608 -1424 48 ) 
4 68 74 (320 -1424 32 ) (320 -1424 152 ) (320 -1408 152 ) (320 -1408 32 ) 
4 69 89 (448 -1424 -16 ) (384 -1424 -16 ) (384 -1424 -48 ) (448 -1424 -48 ) 
4 69 86 (608 -1424 -16 ) (544 -1424 -16 ) (544 -1424 -48 ) (608 -1424 -48 ) 
4 69 70 (328 -1152 -192 ) (328 -1344 -192 ) (328 -1344 -80 ) (328 -1152 -80 ) 
4 70 73 (320 -1152 -192 ) (320 -1344 -192 ) (320 -1344 -80 ) (320 -1152 -80 ) 
4 71 73 (304 -1024 184 ) (320 -1024 184 ) (320 -1408 184 ) (304 -1408 184 ) 
4 71 75 (288 -1024 184 ) (304 -1024 184 ) (304 -1424 184 ) (288 -1424 184 ) 
4 71 72 (288 -1024 184 ) (288 -1424 184 ) (288 -1424 192 ) (288 -1024 192 ) 
4 72 76 (160 -1424 184 ) (160 -1424 192 ) (160 -1024 192 ) (160 -1024 184 ) 
4 72 75 (160 -1424 184 ) (160 -1024 184 ) (288 -1024 184 ) (288 -1424 184 ) 
4 73 74 (304 -1408 152 ) (304 -1408 -192 ) (320 -1408 -192 ) (320 -1408 152 ) 
4 73 75 (304 -1024 -192 ) (304 -1408 -192 ) (304 -1408 184 ) (304 -1024 184 ) 
4 74 75 (304 -1408 -192 ) (304 -1424 -192 ) (304 -1424 152 ) (304 -1408 152 ) 
4 75 76 (160 -1024 -192 ) (160 -1424 -192 ) (160 -1424 184 ) (160 -1024 184 ) 
4 76 79 (144 -1232 -192 ) (144 -1024 -192 ) (160 -1024 -192 ) (160 -1232 -192 ) 
4 76 77 (144 -1024 -192 ) (144 -1408 -192 ) (144 -1408 192 ) (144 -1024 192 ) 
4 77 177 (0 -1408 192 ) (0 -1024 192 ) (0 -1024 -192 ) (0 -1408 -192 ) 
4 77 79 (0 -1232 -192 ) (0 -1024 -192 ) (144 -1024 -192 ) (144 -1232 -192 ) 
4 77 78 (0 -1408 -192 ) (128 -1408 -192 ) (128 -1408 192 ) (0 -1408 192 ) 
4 78 178 (0 -1424 -192 ) (0 -1424 192 ) (0 -1408 192 ) (0 -1408 -192 ) 
4 78 93 (0 -1424 -48 ) (0 -1424 -192 ) (112 -1424 -192 ) (112 -1424 -48 ) 
4 78 92 (0 -1424 -16 ) (0 -1424 -48 ) (112 -1424 -48 ) (112 -1424 -16 ) 
4 78 85 (0 -1424 48 ) (0 -1424 -16 ) (112 -1424 -16 ) (112 -1424 48 ) 
4 78 84 (0 -1424 144 ) (0 -1424 48 ) (112 -1424 48 ) (112 -1424 144 ) 
4 78 81 (0 -1424 192 ) (0 -1424 144 ) (112 -1424 144 ) (112 -1424 192 ) 
4 79 244 (0 -1232 -192 ) (0 -1024 -192 ) (0 -1024 -224 ) (0 -1232 -224 ) 
4 80 172 (0 -1440 192.090927 ) (0 -1440 320 ) (0 -1424 320 ) (0 -1424 198.181793 ) 
4 80 94 (656 -1440 192.090927 ) (656 -1440 320 ) (0 -1440 320 ) (0 -1440 192.090942 ) 
4 81 219 (0 -1440 144 ) (0 -1440 186 ) (0 -1424 192 ) (0 -1424 144 ) 
4 81 95 (112 -1440 186 ) (0 -1440 186 ) (0 -1440 144 ) (112 -1440 144 ) 
4 81 84 (112 -1440 144 ) (0 -1440 144 ) (0 -1424 144 ) (112 -1424 144 ) 
4 82 95 (608 -1440 144 ) (544 -1440 144 ) (544 -1440 48 ) (608 -1440 48 ) 
4 83 95 (448 -1440 144 ) (384 -1440 144 ) (384 -1440 48 ) (448 -1440 48 ) 
4 84 219 (0 -1440 48 ) (0 -1440 144 ) (0 -1424 144 ) (0 -1424 48 ) 
4 84 95 (112 -1440 144 ) (0 -1440 144 ) (0 -1440 48 ) (112 -1440 48 ) 
4 84 85 (112 -1440 48 ) (0 -1440 48 ) (0 -1424 48 ) (112 -1424 48 ) 
4 85 219 (0 -1440 -16 ) (0 -1440 48 ) (0 -1424 48 ) (0 -1424 -16 ) 
4 85 95 (112 -1440 48 ) (0 -1440 48 ) (0 -1440 -16 ) (112 -1440 -16 ) 
4 85 92 (112 -1440 -16 ) (0 -1440 -16 ) (0 -1424 -16 ) (112 -1424 -16 ) 
4 86 87 (544 -1432 -16 ) (544 -1432 -48 ) (608 -1432 -48 ) (608 -1432 -16 ) 
4 87 88 (544 -1434 -16 ) (544 -1434 -48 ) (608 -1434 -48 ) (608 -1434 -16 ) 
4 88 95 (608 -1440 -16 ) (544 -1440 -16 ) (544 -1440 -48 ) (608 -1440 -48 ) 
4 89 90 (384 -1432 -16 ) (384 -1432 -48 ) (448 -1432 -48 ) (448 -1432 -16 ) 
4 90 91 (384 -1434 -16 ) (384 -1434 -48 ) (448 -1434 -48 ) (448 -1434 -16 ) 
4 91 95 (448 -1440 -16 ) (384 -1440 -16 ) (384 -1440 -48 ) (448 -1440 -48 ) 
4 92 219 (0 -1440 -48 ) (0 -1440 -16 ) (0 -1424 -16 ) (0 -1424 -48 ) 
4 92 95 (112 -1440 -16 ) (0 -1440 -16 ) (0 -1440 -48 ) (112 -1440 -48 ) 
4 92 93 (112 -1440 -48 ) (0 -1440 -48 ) (0 -1424 -48 ) (112 -1424 -48 ) 
4 93 239 (0 -1440 -192 ) (0 -1440 -64 ) (0 -1424 -64 ) (0 -1424 -192 ) 
4 93 219 (0 -1440 -64 ) (0 -1440 -48 ) (0 -1424 -48 ) (0 -1424 -64 ) 
4 93 98 (0 -1440 -64 ) (0 -1440 -192 ) (112 -1440 -192 ) (112 -1440 -64 ) 
4 93 95 (112 -1440 -48 ) (0 -1440 -48 ) (0 -1440 -64 ) (112 -1440 -64 ) 
3 94 233 (0 -1440.238770 192 ) (0 -1456 186 ) (0 -1456 192 ) 
5 94 172 (0 -1456 320 ) (0 -1440 320 ) (0 -1440 192.090912 ) (0 -1440.238770 192 ) (0 -1456 192 ) 
4 94 96 (656 -1456 186 ) (656 -1456 320 ) (0 -1456 320 ) (0 -1456 186 ) 
4 95 234 (0 -1440 186 ) (0 -1440 -64 ) (0 -1456 -64 ) (0 -1456 180 ) 
4 95 98 (0 -1456 -64 ) (0 -1440 -64 ) (176 -1440 -64 ) (176 -1456 -64 ) 
4 95 97 (176 -1440 -64 ) (656 -1440 -64 ) (656 -1456 -64 ) (176 -1456 -64 ) 
4 95 96 (0 -1456 -64 ) (656 -1456 -64 ) (656 -1456 180 ) (0 -1456 180 ) 
4 96 237 (0 -2048 -64 ) (0 -2048 192 ) (0 -1936 192 ) (0 -1936 -64 ) 
4 96 235 (0 -1936 192 ) (0 -1456 192 ) (0 -1456 -64 ) (0 -1936 -64 ) 
4 96 173 (0 -2048 192 ) (0 -2048 320 ) (0 -1936 320 ) (0 -1936 192 ) 
4 96 172 (0 -1936 320 ) (0 -1456 320 ) (0 -1456 192 ) (0 -1936 192 ) 
4 96 107 (0 -2048 320 ) (0 -2048 -64 ) (176 -2048 -64 ) (176 -2048 320 ) 
4 96 106 (176 -2048 -64 ) (656 -2048 -64 ) (656 -2048 320 ) (176 -2048 320 ) 
4 96 98 (0 -1808 -64 ) (0 -1456 -64 ) (176 -1456 -64 ) (176 -1808 -64 ) 
4 96 97 (176 -1456 -64 ) (656 -1456 -64 ) (656 -2048 -64 ) (176 -2048 -64 ) 
4 97 106 (176 -2048 -192 ) (656 -2048 -192 ) (656 -2048 -64 ) (176 -2048 -64 ) 
4 97 98 (176 -1440 -192 ) (176 -1808 -192 ) (176 -1808 -64 ) (176 -1440 -64 ) 
4 98 243 (0 -1808 -64 ) (0 -1440 -64 ) (0 -1440 -192 ) (0 -1808 -192 ) 
4 99 104 (1424 -3008 -192 ) (1424 -3008 -160 ) (1424 -2048 -160 ) (1424 -2048 -192 ) 
4 99 103 (1424 -3008 -160 ) (1424 -3008 320 ) (1424 -2576 320 ) (1424 -2576 -160 ) 
4 99 102 (1424 -2576 320 ) (1424 -2064 320 ) (1424 -2064 128 ) (1424 -2576 128 ) 
4 99 101 (1424 -2048 -32 ) (1424 -2048 -160 ) (1424 -2064 -160 ) (1424 -2064 -32 ) 
4 99 100 (1424 -2064 320 ) (1424 -2048 320 ) (1424 -2048 -32 ) (1424 -2064 -32 ) 
4 100 105 (1152 -2048 320 ) (1152 -2048 -32 ) (1152 -2064 -32 ) (1152 -2064 320 ) 
4 100 102 (1152 -2064 320 ) (1152 -2064 128 ) (1424 -2064 128 ) (1424 -2064 320 ) 
4 100 101 (1424 -2064 -32 ) (1168 -2064 -32 ) (1168 -2048 -32 ) (1424 -2048 -32 ) 
4 101 104 (1168 -2048 -160 ) (1424 -2048 -160 ) (1424 -2064 -160 ) (1168 -2064 -160 ) 
4 102 105 (1152 -2576 128 ) (1152 -2576 320 ) (1152 -2064 320 ) (1152 -2064 128 ) 
4 102 103 (1152 -2576 320 ) (1152 -2576 128 ) (1424 -2576 128 ) (1424 -2576 320 ) 
4 103 105 (1152 -2576 -160 ) (1152 -3008 -160 ) (1152 -3008 320 ) (1152 -2576 320 ) 
4 103 104 (1152 -3008 -160 ) (1152 -2576 -160 ) (1424 -2576 -160 ) (1424 -3008 -160 ) 
4 104 105 (1152 -2048 -160 ) (1152 -2048 -192 ) (1152 -3008 -192 ) (1152 -3008 -160 ) 
4 105 106 (1024 -2048 320 ) (1024 -2048 -192 ) (1024 -3008 -192 ) (1024 -3008 320 ) 
4 106 107 (176 -2576 -64 ) (176 -2576 320 ) (176 -2048 320 ) (176 -2048 -64 ) 
4 106 108 (176 -2576 -192 ) (176 -3008 -192 ) (176 -3008 320 ) (176 -2576 320 ) 
4 107 252 (0 -2576 320 ) (0 -2048 320 ) (0 -2048 -64 ) (0 -2576 -64 ) 
4 107 108 (176 -2576 -64 ) (176 -2576 320 ) (0 -2576 320 ) (0 -2576 -64 ) 
4 108 255 (0 -3008 -192 ) (0 -3008 -64 ) (0 -2576 -64 ) (0 -2576 -192 ) 
4 108 252 (0 -3008 -64 ) (0 -3008 320 ) (0 -2576 320 ) (0 -2576 -64 ) 
4 109 110 (-68 -392 -128 ) (0 -392 -128 ) (0 -392 -16 ) (-68 -392 -16 ) 
4 109 111 (-80 -392 -128 ) (-68 -392 -128 ) (-68 -392 0 ) (-80 -392 0 ) 
4 110 111 (-68 -392 -128 ) (-68 -408 -128 ) (-68 -408 -16 ) (-68 -392 -16 ) 
4 110 112 (-68 -408 -128 ) (0 -408 -128 ) (0 -408 -16 ) (-68 -408 -16 ) 
4 111 112 (-80 -408 -128 ) (-68 -408 -128 ) (-68 -408 0 ) (-80 -408 0 ) 
4 112 113 (-176 -500 -16 ) (-176 -444 -16 ) (-176 -444 -128 ) (-176 -500 -128 ) 
4 114 175 (0 -1024 192 ) (0 -1024 282 ) (-912 -1024 282 ) (-912 -1024 192 ) 
4 114 121 (-912 -1024 192 ) (-912 -784 192 ) (-896 -784 192 ) (-896 -1024 192 ) 
4 114 120 (-896 -784 192 ) (-768 -784 192 ) (-768 -1024 192 ) (-896 -1024 192 ) 
4 114 118 (-544 -784 192 ) (-416 -784 192 ) (-416 -1024 192 ) (-544 -1024 192 ) 
4 114 117 (-416 -784 192 ) (-192 -784 192 ) (-192 -1024 192 ) (-416 -1024 192 ) 
4 114 119 (-768 -784 192 ) (-544 -784 192 ) (-544 -1024 192 ) (-768 -1024 192 ) 
4 114 116 (-192 -784 192 ) (-64 -784 192 ) (-64 -1024 192 ) (-192 -1024 192 ) 
4 114 115 (-64 -784 192 ) (0 -784 192 ) (0 -1024 192 ) (-64 -1024 192 ) 
4 115 179 (-48 -1024 192 ) (-64 -1024 192 ) (-64 -1024 184 ) (-48 -1024 184 ) 
4 115 177 (0 -1024 184 ) (0 -1024 192 ) (-48 -1024 192 ) (-48 -1024 184 ) 
4 115 123 (0 -1024 184 ) (-64 -1024 184 ) (-64 -800 184 ) (0 -800 184 ) 
4 115 116 (-64 -784 184 ) (-64 -1024 184 ) (-64 -1024 192 ) (-64 -784 192 ) 
4 116 180 (-64 -1024 192 ) (-192 -1024 192 ) (-192 -1024 184 ) (-64 -1024 184 ) 
4 116 123 (-64 -1024 184 ) (-192 -1024 184 ) (-192 -800 184 ) (-64 -800 184 ) 
4 116 117 (-192 -784 184 ) (-192 -1024 184 ) (-192 -1024 192 ) (-192 -784 192 ) 
4 117 185 (-400 -1024 192 ) (-416 -1024 192 ) (-416 -1024 184 ) (-400 -1024 184 ) 
4 117 182 (-192 -1024 192 ) (-400 -1024 192 ) (-400 -1024 184 ) (-192 -1024 184 ) 
4 117 123 (-192 -1024 184 ) (-416 -1024 184 ) (-416 -800 184 ) (-192 -800 184 ) 
4 117 118 (-416 -784 184 ) (-416 -1024 184 ) (-416 -1024 192 ) (-416 -784 192 ) 
4 118 186 (-416 -1024 192 ) (-544 -1024 192 ) (-544 -1024 184 ) (-416 -1024 184 ) 
4 118 123 (-416 -1024 184 ) (-544 -1024 184 ) (-544 -800 184 ) (-416 -800 184 ) 
4 118 119 (-544 -784 184 ) (-544 -1024 184 ) (-544 -1024 192 ) (-544 -784 192 ) 
4 119 191 (-684 -1024 192 ) (-768 -1024 192 ) (-768 -1024 184 ) (-684 -1024 184 ) 
4 119 189 (-560 -1024 192 ) (-684 -1024 192 ) (-684 -1024 184 ) (-560 -1024 184 ) 
4 119 188 (-544 -1024 192 ) (-560 -1024 192 ) (-560 -1024 184 ) (-544 -1024 184 ) 
4 119 123 (-544 -1024 184 ) (-768 -1024 184 ) (-768 -800 184 ) (-544 -800 184 ) 
4 119 120 (-768 -784 184 ) (-768 -1024 184 ) (-768 -1024 192 ) (-768 -784 192 ) 
4 120 203 (-816 -1024 192 ) (-896 -1024 192 ) (-896 -1024 184 ) (-816 -1024 184 ) 
4 120 192 (-768 -1024 192 ) (-816 -1024 192 ) (-816 -1024 184 ) (-768 -1024 184 ) 
4 120 123 (-768 -1024 184 ) (-896 -1024 184 ) (-896 -800 184 ) (-768 -800 184 ) 
4 120 121 (-896 -784 184 ) (-896 -1024 184 ) (-896 -1024 192 ) (-896 -784 192 ) 
4 121 205 (-896 -1024 192 ) (-912 -1024 192 ) (-912 -1024 184 ) (-896 -1024 184 ) 
4 121 123 (-896 -1024 184 ) (-912 -1024 184 ) (-912 -800 184 ) (-896 -800 184 ) 
4 122 123 (-912 -800 32 ) (0 -800 32 ) (0 -800 152 ) (-912 -800 152 ) 
4 123 204 (-816 -1024 184 ) (-896 -1024 184 ) (-896 -1024 32 ) (-816 -1024 32 ) 
4 123 205 (-896 -1024 184 ) (-912 -1024 184 ) (-912 -1024 32 ) (-896 -1024 32 ) 
4 123 193 (-684 -1024 184 ) (-816 -1024 184 ) (-816 -1024 32 ) (-684 -1024 32 ) 
4 123 189 (-560 -1024 184 ) (-684 -1024 184 ) (-684 -1024 32 ) (-560 -1024 32 ) 
4 123 188 (-544 -1024 184 ) (-560 -1024 184 ) (-560 -1024 32 ) (-544 -1024 32 ) 
4 123 187 (-416 -1024 184 ) (-544 -1024 184 ) (-544 -1024 32 ) (-416 -1024 32 ) 
4 123 185 (-400 -1024 184 ) (-416 -1024 184 ) (-416 -1024 32 ) (-400 -1024 32 ) 
4 123 182 (-192 -1024 184 ) (-400 -1024 184 ) (-400 -1024 32 ) (-192 -1024 32 ) 
4 123 181 (-64 -1024 184 ) (-192 -1024 184 ) (-192 -1024 32 ) (-64 -1024 32 ) 
4 123 179 (-48 -1024 184 ) (-64 -1024 184 ) (-64 -1024 32 ) (-48 -1024 32 ) 
4 123 177 (0 -1024 32 ) (0 -1024 184 ) (-48 -1024 184 ) (-48 -1024 32 ) 
4 123 126 (-816 -976 32 ) (0 -976 32 ) (0 -1024 32 ) (-816 -1024 32 ) 
4 124 163 (-816 -784 0 ) (-500 -784 0 ) (-500 -896 0 ) (-816 -896 0 ) 
4 124 160 (-448 -896 0 ) (-500 -896 0 ) (-500 -880 0 ) (-448 -880 0 ) 
4 124 154 (-380 -896 0 ) (-448 -896 0 ) (-448 -880 0 ) (-380 -880 0 ) 
4 124 153 (-316 -896 0 ) (-380 -896 0 ) (-380 -880 0 ) (-316 -880 0 ) 
4 124 147 (-248 -896 0 ) (-316 -896 0 ) (-316 -880 0 ) (-248 -880 0 ) 
4 124 144 (-192 -880 0 ) (-192 -896 0 ) (-248 -896 0 ) (-248 -880 0 ) 
4 124 143 (-500 -784 0 ) (-192 -784 0 ) (-192 -880 0 ) (-500 -880 0 ) 
4 124 137 (-192 -784 0 ) (-128 -784 0 ) (-128 -896 0 ) (-192 -896 0 ) 
4 124 134 (-76 -896 0 ) (-128 -896 0 ) (-128 -880 0 ) (-76 -880 0 ) 
4 124 128 (0 -880 0 ) (0 -896 0 ) (-76 -896 0 ) (-76 -880 0 ) 
4 124 127 (-128 -784 0 ) (0 -784 0 ) (0 -880 0 ) (-128 -880 0 ) 
4 125 166 (-500 -976 0 ) (-816 -976 0 ) (-816 -960 0 ) (-500 -960 0 ) 
4 125 162 (-448 -976 0 ) (-500 -976 0 ) (-500 -960 0 ) (-448 -960 0 ) 
4 125 158 (-380 -976 0 ) (-448 -976 0 ) (-448 -960 0 ) (-380 -960 0 ) 
4 125 153 (-316 -976 0 ) (-380 -976 0 ) (-380 -960 0 ) (-316 -960 0 ) 
4 125 149 (-248 -976 0 ) (-316 -976 0 ) (-316 -960 0 ) (-248 -960 0 ) 
4 125 146 (-192 -976 0 ) (-248 -976 0 ) (-248 -960 0 ) (-192 -960 0 ) 
4 125 142 (-128 -976 0 ) (-192 -976 0 ) (-192 -960 0 ) (-128 -960 0 ) 
4 125 136 (-76 -976 0 ) (-128 -976 0 ) (-128 -960 0 ) (-76 -960 0 ) 
4 125 132 (0 -960 0 ) (0 -976 0 ) (-76 -976 0 ) (-76 -960 0 ) 
4 125 126 (-816 -976 0 ) (0 -976 0 ) (0 -976 16 ) (-816 -976 16 ) 
4 126 193 (-684 -1024 32 ) (-816 -1024 32 ) (-816 -1024 0 ) (-684 -1024 0 ) 
4 126 189 (-560 -1024 32 ) (-684 -1024 32 ) (-684 -1024 0 ) (-560 -1024 0 ) 
4 126 188 (-544 -1024 32 ) (-560 -1024 32 ) (-560 -1024 0 ) (-544 -1024 0 ) 
4 126 187 (-416 -1024 32 ) (-544 -1024 32 ) (-544 -1024 0 ) (-416 -1024 0 ) 
4 126 185 (-400 -1024 32 ) (-416 -1024 32 ) (-416 -1024 0 ) (-400 -1024 0 ) 
4 126 182 (-192 -1024 32 ) (-400 -1024 32 ) (-400 -1024 0 ) (-192 -1024 0 ) 
4 126 181 (-64 -1024 32 ) (-192 -1024 32 ) (-192 -1024 0 ) (-64 -1024 0 ) 
4 126 179 (-48 -1024 32 ) (-64 -1024 32 ) (-64 -1024 0 ) (-48 -1024 0 ) 
4 126 177 (0 -1024 0 ) (0 -1024 32 ) (-48 -1024 32 ) (-48 -1024 0 ) 
4 126 167 (0 -1024 0 ) (-816 -1024 0 ) (-816 -976 0 ) (0 -976 0 ) 
4 127 137 (-128 -880 0 ) (-128 -784 0 ) (-128 -784 -192 ) (-128 -880 -192 ) 
4 127 134 (-128 -880 0 ) (-128 -880 -192 ) (-76 -880 -192 ) (-76 -880 0 ) 
3 127 130 (-28 -880 -76 ) (-76 -880 -76 ) (-76 -880 -136 ) 
4 127 128 (0 -880 -76 ) (0 -880 0 ) (-76 -880 0 ) (-76 -880 -76 ) 
4 128 134 (-76 -880 0 ) (-76 -880 -76 ) (-76 -942 -76 ) (-76 -942 0 ) 
4 128 130 (-76 -942 -76 ) (-76 -880 -76 ) (-28 -880 -76 ) (-28 -942 -76 ) 
4 128 129 (-76 -942 0 ) (-76 -942 -76 ) (0 -942 -76 ) (0 -942 0 ) 
4 129 135 (-76 -942 -76 ) (-76 -946 -76 ) (-76 -946 0 ) (-76 -942 0 ) 
4 129 132 (-76 -946 0 ) (-76 -946 -76 ) (0 -946 -76 ) (0 -946 0 ) 
4 129 131 (-28 -946 -76 ) (-76 -946 -76 ) (-76 -942 -76 ) (-28 -942 -76 ) 
4 130 134 (-76 -880 -76 ) (-76 -880 -136 ) (-76 -942 -136 ) (-76 -942 -76 ) 
3 130 131 (-28 -942 -76 ) (-76 -942 -76 ) (-76 -942 -136 ) 
4 131 135 (-76 -946 -136 ) (-76 -946 -76 ) (-76 -942 -76 ) (-76 -942 -136 ) 
3 131 133 (-76 -946 -76 ) (-76 -946 -136 ) (-28 -946 -76 ) 
4 132 167 (0 -976 0 ) (-76 -976 0 ) (-76 -976 -76 ) (0 -976 -76 ) 
4 132 136 (-76 -976 -76 ) (-76 -976 0 ) (-76 -946 0 ) (-76 -946 -76 ) 
4 132 133 (-28 -976 -76 ) (-76 -976 -76 ) (-76 -946 -76 ) (-28 -946 -76 ) 
3 133 167 (-76 -976 -76 ) (-76 -976 -136 ) (-28 -976 -76 ) 
4 133 136 (-76 -976 -136 ) (-76 -976 -76 ) (-76 -946 -76 ) (-76 -946 -136 ) 
4 134 141 (-128 -912 0 ) (-128 -896 0 ) (-128 -896 -192 ) (-128 -912 -192 ) 
4 134 137 (-128 -896 0 ) (-128 -880 0 ) (-128 -880 -192 ) (-128 -896 -192 ) 
4 134 135 (-128 -942 0 ) (-128 -942 -192 ) (-76 -942 -192 ) (-76 -942 0 ) 
4 135 139 (-128 -946 0 ) (-128 -944.001221 0 ) (-128 -944.001221 -192 ) (-128 -946 -192 ) 
4 135 136 (-128 -946 0 ) (-128 -946 -192 ) (-76 -946 -192 ) (-76 -946 0 ) 
4 136 167 (-76 -976 0 ) (-128 -976 0 ) (-128 -976 -192 ) (-76 -976 -192 ) 
4 136 139 (-128 -960 0 ) (-128 -946 0 ) (-128 -946 -192 ) (-128 -960 -192 ) 
4 136 142 (-128 -976 -192 ) (-128 -976 0 ) (-128 -960 0 ) (-128 -960 -192 ) 
4 137 144 (-192 -896 0 ) (-192 -880 0 ) (-192 -880 -192 ) (-192 -896 -192 ) 
4 137 143 (-192 -880 0 ) (-192 -784 0 ) (-192 -784 -192 ) (-192 -880 -192 ) 
4 137 141 (-144 -896 -192 ) (-128 -896 -192 ) (-128 -896 0 ) (-144 -896 0 ) 
4 137 140 (-192 -896 0 ) (-192 -896 -192 ) (-176 -896 -192 ) (-176 -896 0 ) 
4 138 145 (-192 -946 0 ) (-192 -944 0 ) (-192 -944 -192 ) (-192 -946 -192 ) 
4 138 146 (-192 -960 0 ) (-192 -946 0 ) (-192 -946 -192 ) (-192 -960 -192 ) 
4 138 142 (-192 -960 0 ) (-192 -960 -192 ) (-176 -960 -192 ) (-176 -960 0 ) 
4 139 142 (-143.998795 -960 -192 ) (-128 -960 -192 ) (-128 -960 0 ) (-143.998795 -960 0 ) 
4 140 144 (-192 -912 0 ) (-192 -896 0 ) (-192 -896 -192 ) (-192 -912 -192 ) 
4 142 167 (-128 -976 0 ) (-192 -976 0 ) (-192 -976 -192 ) (-128 -976 -192 ) 
4 142 146 (-192 -976 -192 ) (-192 -976 0 ) (-192 -960 0 ) (-192 -960 -192 ) 
4 143 163 (-500 -880 0 ) (-500 -784 0 ) (-500 -784 -192 ) (-500 -880 -192 ) 
4 143 160 (-500 -880 0 ) (-500 -880 -192 ) (-448 -880 -192 ) (-448 -880 0 ) 
3 143 156 (-400 -880 -76 ) (-448 -880 -76 ) (-448 -880 -136 ) 
4 143 154 (-380 -880 -76 ) (-380 -880 0 ) (-448 -880 0 ) (-448 -880 -76 ) 
4 143 153 (-316 -880 -76 ) (-316 -880 0 ) (-380 -880 0 ) (-380 -880 -76 ) 
3 143 150 (-248 -880 -136 ) (-248 -880 -76 ) (-296 -880 -76 ) 
4 143 147 (-248 -880 -76 ) (-248 -880 0 ) (-316 -880 0 ) (-316 -880 -76 ) 
4 143 144 (-248 -880 -192 ) (-192 -880 -192 ) (-192 -880 0 ) (-248 -880 0 ) 
4 144 150 (-248 -880 -76 ) (-248 -880 -136 ) (-248 -942 -136 ) (-248 -942 -76 ) 
4 144 147 (-248 -880 0 ) (-248 -880 -76 ) (-248 -942 -76 ) (-248 -942 0 ) 
4 144 145 (-248 -942 0 ) (-248 -942 -192 ) (-192 -942 -192 ) (-192 -942 0 ) 
4 145 151 (-248 -946 -136 ) (-248 -946 -76 ) (-248 -942 -76 ) (-248 -942 -136 ) 
4 145 148 (-248 -946 -76 ) (-248 -946 0 ) (-248 -942 0 ) (-248 -942 -76 ) 
4 145 146 (-248 -946 0 ) (-248 -946 -192 ) (-192 -946 -192 ) (-192 -946 0 ) 
4 146 167 (-192 -976 0 ) (-248 -976 0 ) (-248 -976 -192 ) (-192 -976 -192 ) 
4 146 152 (-248 -976 -136 ) (-248 -976 -76 ) (-248 -946 -76 ) (-248 -946 -136 ) 
4 146 149 (-248 -976 -76 ) (-248 -976 0 ) (-248 -946 0 ) (-248 -946 -76 ) 
4 147 153 (-316 -880 0 ) (-316 -880 -76 ) (-316 -942 -76 ) (-316 -942 0 ) 
4 147 150 (-296 -880 -76 ) (-248 -880 -76 ) (-248 -942 -76 ) (-296 -942 -76 ) 
4 147 148 (-316 -942 0 ) (-316 -942 -76 ) (-248 -942 -76 ) (-248 -942 0 ) 
4 148 153 (-316 -942 -76 ) (-316 -946 -76 ) (-316 -946 0 ) (-316 -942 0 ) 
4 148 151 (-296 -942 -76 ) (-248 -942 -76 ) (-248 -946 -76 ) (-296 -946 -76 ) 
4 148 149 (-316 -946 0 ) (-316 -946 -76 ) (-248 -946 -76 ) (-248 -946 0 ) 
4 149 167 (-248 -976 0 ) (-316 -976 0 ) (-316 -976 -76 ) (-248 -976 -76 ) 
4 149 153 (-316 -946 -76 ) (-316 -976 -76 ) (-316 -976 0 ) (-316 -946 0 ) 
4 149 152 (-296 -946 -76 ) (-248 -946 -76 ) (-248 -976 -76 ) (-296 -976 -76 ) 
3 150 151 (-248 -942 -136 ) (-248 -942 -76 ) (-296 -942 -76 ) 
3 151 152 (-248 -946 -136 ) (-248 -946 -76 ) (-296 -946 -76 ) 
3 152 167 (-248 -976 -136 ) (-248 -976 -76 ) (-296 -976 -76 ) 
4 153 167 (-316 -976 0 ) (-380 -976 0 ) (-380 -976 -76 ) (-316 -976 -76 ) 
4 153 158 (-380 -946 -76 ) (-380 -976 -76 ) (-380 -976 0 ) (-380 -946 0 ) 
4 153 155 (-380 -942 -76 ) (-380 -946 -76 ) (-380 -946 0 ) (-380 -942 0 ) 
4 153 154 (-380 -880 0 ) (-380 -880 -76 ) (-380 -942 -76 ) (-380 -942 0 ) 
4 154 160 (-448 -880 0 ) (-448 -880 -76 ) (-448 -942 -76 ) (-448 -942 0 ) 
4 154 156 (-448 -942 -76 ) (-448 -880 -76 ) (-400 -880 -76 ) (-400 -942 -76 ) 
4 154 155 (-448 -942 0 ) (-448 -942 -76 ) (-380 -942 -76 ) (-380 -942 0 ) 
4 155 161 (-448 -942 -76 ) (-448 -946 -76 ) (-448 -946 0 ) (-448 -942 0 ) 
4 155 158 (-448 -946 0 ) (-448 -946 -76 ) (-380 -946 -76 ) (-380 -946 0 ) 
4 155 157 (-400 -946 -76 ) (-448 -946 -76 ) (-448 -942 -76 ) (-400 -942 -76 ) 
4 156 160 (-448 -880 -76 ) (-448 -880 -136 ) (-448 -942 -136 ) (-448 -942 -76 ) 
3 156 157 (-400 -942 -76 ) (-448 -942 -76 ) (-448 -942 -136 ) 
4 157 161 (-448 -946 -136 ) (-448 -946 -76 ) (-448 -942 -76 ) (-448 -942 -136 ) 
3 157 159 (-448 -946 -76 ) (-448 -946 -136 ) (-400 -946 -76 ) 
4 158 167 (-380 -976 0 ) (-448 -976 0 ) (-448 -976 -76 ) (-380 -976 -76 ) 
4 158 162 (-448 -976 -76 ) (-448 -976 0 ) (-448 -946 0 ) (-448 -946 -76 ) 
4 158 159 (-448 -976 -76 ) (-448 -946 -76 ) (-400 -946 -76 ) (-400 -976 -76 ) 
3 159 167 (-448 -976 -76 ) (-448 -976 -136 ) (-400 -976 -76 ) 
4 159 162 (-448 -976 -136 ) (-448 -976 -76 ) (-448 -946 -76 ) (-448 -946 -136 ) 
4 160 164 (-500 -942 0 ) (-500 -912 0 ) (-500 -912 -192 ) (-500 -942 -192 ) 
4 160 163 (-500 -912 0 ) (-500 -880 0 ) (-500 -880 -192 ) (-500 -912 -192 ) 
4 160 161 (-500 -942 0 ) (-500 -942 -192 ) (-448 -942 -192 ) (-448 -942 0 ) 
4 161 164 (-500 -944 0 ) (-500 -942 0 ) (-500 -942 -192 ) (-500 -944 -192 ) 
4 161 166 (-500 -946 0 ) (-500 -944 0 ) (-500 -944 -192 ) (-500 -946 -192 ) 
4 161 162 (-500 -946 0 ) (-500 -946 -192 ) (-448 -946 -192 ) (-448 -946 0 ) 
4 162 167 (-448 -976 0 ) (-500 -976 0 ) (-500 -976 -192 ) (-448 -976 -192 ) 
4 162 166 (-500 -976 -192 ) (-500 -976 0 ) (-500 -946 0 ) (-500 -946 -192 ) 
4 163 164 (-564 -912 -192 ) (-500 -912 -192 ) (-500 -912 0 ) (-564 -912 0 ) 
4 163 165 (-752 -912 -192 ) (-624 -912 -192 ) (-624 -912 0 ) (-752 -912 0 ) 
4 164 166 (-564 -944 -192 ) (-500 -944 -192 ) (-500 -944 0 ) (-564 -944 0 ) 
4 165 166 (-752 -944 -192 ) (-624 -944 -192 ) (-624 -944 0 ) (-752 -944 0 ) 
4 166 167 (-500 -976 0 ) (-816 -976 0 ) (-816 -976 -192 ) (-500 -976 -192 ) 
3 167 197 (-816 -1024 -104 ) (-816 -1024 -192 ) (-684 -1024 -192 ) 
4 167 193 (-684 -1024 0 ) (-816 -1024 0 ) (-816 -1024 -104 ) (-684 -1024 -192 ) 
4 167 189 (-560 -1024 0 ) (-684 -1024 0 ) (-684 -1024 -192 ) (-560 -1024 -192 ) 
4 167 188 (-544 -1024 0 ) (-560 -1024 0 ) (-560 -1024 -192 ) (-544 -1024 -192 ) 
4 167 187 (-416 -1024 0 ) (-544 -1024 0 ) (-544 -1024 -192 ) (-416 -1024 -192 ) 
4 167 185 (-400 -1024 0 ) (-416 -1024 0 ) (-416 -1024 -192 ) (-400 -1024 -192 ) 
4 167 182 (-192 -1024 0 ) (-400 -1024 0 ) (-400 -1024 -192 ) (-192 -1024 -192 ) 
4 167 181 (-64 -1024 0 ) (-192 -1024 0 ) (-192 -1024 -192 ) (-64 -1024 -192 ) 
4 167 179 (-48 -1024 0 ) (-64 -1024 0 ) (-64 -1024 -192 ) (-48 -1024 -192 ) 
4 167 177 (0 -1024 -192 ) (0 -1024 0 ) (-48 -1024 0 ) (-48 -1024 -192 ) 
4 167 170 (0 -1024 -192 ) (-96 -1024 -192 ) (-96 -976 -192 ) (0 -976 -192 ) 
4 167 171 (-224 -1024 -192 ) (-480 -1024 -192 ) (-480 -976 -192 ) (-224 -976 -192 ) 
4 167 168 (-816 -976 -16 ) (-816 -976 -192 ) (-816 -1024 -192 ) (-816 -1024 -16 ) 
4 168 214 (-912 -1024 -96 ) (-912 -1024 -192 ) (-816 -1024 -192 ) (-816 -1024 -96 ) 
4 168 207 (-912 -1024 -16 ) (-912 -1024 -96 ) (-816 -1024 -96 ) (-816 -1024 -16 ) 
4 168 169 (-912 -1008 -192 ) (-912 -1024 -192 ) (-912 -1024 -64 ) (-912 -1008 -64 ) 
4 169 216 (-920 -1024 -192 ) (-912 -1024 -192 ) (-912 -1024 -64 ) (-920 -1024 -64 ) 
4 170 244 (0 -1024 -224 ) (0 -1024 -192 ) (-96 -1024 -192 ) (-96 -1024 -224 ) 
4 171 245 (-224 -1024 -192 ) (-480 -1024 -192 ) (-480 -1024 -224 ) (-224 -1024 -224 ) 
4 172 233 (0 -1440.238770 192 ) (0 -1456 192 ) (-928 -1456 192 ) (-928 -1440.238770 192 ) 
4 172 235 (0 -1456 192 ) (0 -1936 192 ) (-928 -1936 192 ) (-928 -1456 192 ) 
5 172 176 (-928 -1440.238770 192 ) (-928 -1936 192 ) (-928 -1936 320 ) (-928 -1120 320 ) (-928 -1120 313.909088 ) 
4 172 173 (-64 -1936 192 ) (0 -1936 192 ) (0 -1936 320 ) (-64 -1936 320 ) 
4 172 174 (-928 -1936 320 ) (-928 -1936 192 ) (-576 -1936 192 ) (-576 -1936 320 ) 
4 173 252 (0 -2048 192 ) (0 -2048 320 ) (-64 -2048 320 ) (-64 -2048 192 ) 
4 173 237 (0 -1936 192 ) (0 -2048 192 ) (-64 -2048 192 ) (-64 -1936 192 ) 
4 174 254 (-576 -2048 320 ) (-928 -2048 320 ) (-928 -2048 192 ) (-576 -2048 192 ) 
4 174 238 (-576 -2048 192 ) (-928 -2048 192 ) (-928 -1936 192 ) (-576 -1936 192 ) 
4 174 176 (-928 -1936 192 ) (-928 -2048 192 ) (-928 -2048 320 ) (-928 -1936 320 ) 
4 175 203 (-896 -1024 192 ) (-816 -1024 192 ) (-816 -1424 192 ) (-896 -1424 192 ) 
4 175 205 (-912 -1024 192 ) (-896 -1024 192 ) (-896 -1424 192 ) (-912 -1424 192 ) 
4 175 201 (-768 -1424 192 ) (-816 -1424 192 ) (-816 -1392 192 ) (-768 -1392 192 ) 
4 175 200 (-752 -1424 192 ) (-768 -1424 192 ) (-768 -1392 192 ) (-752 -1392 192 ) 
4 175 199 (-684 -1408 192 ) (-684 -1424 192 ) (-720 -1424 192 ) (-736 -1408 192 ) 
4 175 198 (-684 -1392 192 ) (-684 -1408 192 ) (-752 -1408 192 ) (-752 -1392 192 ) 
4 175 192 (-816 -1024 192 ) (-768 -1024 192 ) (-768 -1392 192 ) (-816 -1392 192 ) 
4 175 191 (-768 -1024 192 ) (-684 -1024 192 ) (-684 -1392 192 ) (-768 -1392 192 ) 
4 175 190 (-592 -1424 192 ) (-684 -1424 192 ) (-684 -1408 192 ) (-576 -1408 192 ) 
4 175 189 (-684 -1024 192 ) (-560 -1024 192 ) (-560 -1408 192 ) (-684 -1408 192 ) 
4 175 188 (-560 -1024 192 ) (-544 -1024 192 ) (-544 -1424 192 ) (-560 -1424 192 ) 
4 175 186 (-544 -1024 192 ) (-416 -1024 192 ) (-416 -1424 192 ) (-544 -1424 192 ) 
4 175 185 (-416 -1024 192 ) (-400 -1024 192 ) (-400 -1424 192 ) (-416 -1424 192 ) 
4 175 184 (-240 -1424 192 ) (-368 -1424 192 ) (-384 -1408 192 ) (-224 -1408 192 ) 
4 175 183 (-192 -1408 192 ) (-192 -1424 192 ) (-208 -1424 192 ) (-208 -1408 192 ) 
4 175 182 (-400 -1024 192 ) (-192 -1024 192 ) (-192 -1408 192 ) (-400 -1408 192 ) 
4 175 180 (-192 -1024 192 ) (-64 -1024 192 ) (-64 -1424 192 ) (-192 -1424 192 ) 
4 175 179 (-64 -1024 192 ) (-48 -1024 192 ) (-48 -1424 192 ) (-64 -1424 192 ) 
4 175 178 (0 -1408 192 ) (0 -1424 192 ) (-16 -1424 192 ) (-32 -1408 192 ) 
4 175 177 (-48 -1024 192 ) (0 -1024 192 ) (0 -1408 192 ) (-48 -1408 192 ) 
4 176 254 (-928 -2048 320 ) (-1024 -2048 320 ) (-1024 -2048 192 ) (-928 -2048 192 ) 
4 176 248 (-1024 -1120 192 ) (-1024 -2048 192 ) (-1024 -2048 320 ) (-1024 -1120 320 ) 
4 176 238 (-1024 -2048 192 ) (-1024 -1936 192 ) (-928 -1936 192 ) (-928 -2048 192 ) 
4 176 236 (-1024 -1936 192 ) (-1024 -1440 192 ) (-928 -1440 192 ) (-928 -1936 192 ) 
4 176 218 (-1024 -1440 192 ) (-1024 -1424 192 ) (-928 -1424 192 ) (-928 -1440 192 ) 
4 176 217 (-1024 -1424 192 ) (-1024 -1120 192 ) (-928 -1120 192 ) (-928 -1424 192 ) 
4 177 244 (-48 -1024 -192 ) (0 -1024 -192 ) (0 -1232 -192 ) (-48 -1232 -192 ) 
4 177 179 (-48 -1024 -192 ) (-48 -1408 -192 ) (-48 -1408 192 ) (-48 -1024 192 ) 
4 177 178 (-32 -1408 -192 ) (0 -1408 -192 ) (0 -1408 192 ) (-32 -1408 192 ) 
4 178 239 (-16 -1424 -192 ) (0 -1424 -192 ) (0 -1424 -64 ) (-16 -1424 -64 ) 
4 178 219 (0 -1424 -64 ) (0 -1424 192 ) (-16 -1424 192 ) (-16 -1424 -64 ) 
4 179 244 (-64 -1024 -192 ) (-48 -1024 -192 ) (-48 -1232 -192 ) (-64 -1232 -192 ) 
4 179 181 (-64 -1024 -192 ) (-64 -1424 -192 ) (-64 -1424 184 ) (-64 -1024 184 ) 
4 179 180 (-64 -1424 184 ) (-64 -1424 192 ) (-64 -1024 192 ) (-64 -1024 184 ) 
4 180 183 (-192 -1424 184 ) (-192 -1424 192 ) (-192 -1408 192 ) (-192 -1408 184 ) 
4 180 182 (-192 -1408 192 ) (-192 -1024 192 ) (-192 -1024 184 ) (-192 -1408 184 ) 
4 180 181 (-192 -1424 184 ) (-192 -1024 184 ) (-64 -1024 184 ) (-64 -1424 184 ) 
4 181 244 (-96 -1024 -192 ) (-64 -1024 -192 ) (-64 -1232 -192 ) (-96 -1232 -192 ) 
4 181 183 (-192 -1408 -192 ) (-192 -1424 -192 ) (-192 -1424 184 ) (-192 -1408 184 ) 
4 181 182 (-192 -1024 -192 ) (-192 -1408 -192 ) (-192 -1408 184 ) (-192 -1024 184 ) 
4 182 245 (-400 -1024 -192 ) (-224 -1024 -192 ) (-224 -1232 -192 ) (-400 -1232 -192 ) 
4 182 185 (-400 -1024 -192 ) (-400 -1408 -192 ) (-400 -1408 192 ) (-400 -1024 192 ) 
4 182 184 (-384 -1408 -192 ) (-224 -1408 -192 ) (-224 -1408 192 ) (-384 -1408 192 ) 
4 182 183 (-208 -1408 -192 ) (-192 -1408 -192 ) (-192 -1408 192 ) (-208 -1408 192 ) 
4 184 240 (-368 -1424 -192 ) (-240 -1424 -192 ) (-240 -1424 -64 ) (-368 -1424 -64 ) 
4 184 222 (-360 -1424 160 ) (-360 -1424 -64 ) (-248 -1424 -64 ) (-248 -1424 160 ) 
4 184 221 (-248 -1424 192 ) (-360 -1424 192 ) (-360 -1424 160 ) (-248 -1424 160 ) 
4 184 220 (-240 -1424 -64 ) (-240 -1424 192 ) (-248 -1424 192 ) (-248 -1424 -64 ) 
4 184 225 (-360 -1424 192 ) (-368 -1424 192 ) (-368 -1424 -64 ) (-360 -1424 -64 ) 
4 185 245 (-416 -1024 -192 ) (-400 -1024 -192 ) (-400 -1232 -192 ) (-416 -1232 -192 ) 
4 185 187 (-416 -1024 -192 ) (-416 -1424 -192 ) (-416 -1424 184 ) (-416 -1024 184 ) 
4 185 186 (-416 -1424 184 ) (-416 -1424 192 ) (-416 -1024 192 ) (-416 -1024 184 ) 
4 186 188 (-544 -1424 184 ) (-544 -1424 192 ) (-544 -1024 192 ) (-544 -1024 184 ) 
4 186 187 (-544 -1424 184 ) (-544 -1024 184 ) (-416 -1024 184 ) (-416 -1424 184 ) 
4 187 245 (-480 -1024 -192 ) (-416 -1024 -192 ) (-416 -1232 -192 ) (-480 -1232 -192 ) 
4 187 188 (-544 -1024 -192 ) (-544 -1424 -192 ) (-544 -1424 184 ) (-544 -1024 184 ) 
4 188 189 (-560 -1024 -192 ) (-560 -1408 -192 ) (-560 -1408 192 ) (-560 -1024 192 ) 
4 189 246 (-560 -1040 -192 ) (-560 -1120 -192 ) (-656 -1120 -192 ) (-656 -1040 -192 ) 
4 189 198 (-684 -1392 -192 ) (-684 -1408 -192 ) (-684 -1408 192 ) (-684 -1392 192 ) 
4 189 196 (-684 -1392 -184 ) (-684 -1392 184 ) (-684 -1384 184 ) (-684 -1384 -184 ) 
4 189 195 (-684 -1288 -192 ) (-684 -1384 -192 ) (-684 -1384 184 ) (-684 -1288 184 ) 
4 189 194 (-684 -1288 -176 ) (-684 -1288 184 ) (-684 -1280 184 ) (-684 -1280 -176 ) 
4 189 193 (-684 -1024 -192 ) (-684 -1280 -192 ) (-684 -1280 184 ) (-684 -1024 184 ) 
4 189 191 (-684 -1392 184 ) (-684 -1392 192 ) (-684 -1024 192 ) (-684 -1024 184 ) 
4 189 190 (-684 -1408 192 ) (-684 -1408 -192 ) (-576 -1408 -192 ) (-576 -1408 192 ) 
4 190 241 (-684 -1424 -192 ) (-592 -1424 -192 ) (-592 -1424 -64 ) (-684 -1424 -64 ) 
4 190 228 (-684 -1424 160 ) (-684 -1424 -64 ) (-600 -1424 -64 ) (-600 -1424 160 ) 
4 190 227 (-600 -1424 192 ) (-684 -1424 192 ) (-684 -1424 160 ) (-600 -1424 160 ) 
4 190 226 (-592 -1424 -64 ) (-592 -1424 192 ) (-600 -1424 192 ) (-600 -1424 -64 ) 
4 190 199 (-684 -1408 -192 ) (-684 -1424 -192 ) (-684 -1424 192 ) (-684 -1408 192 ) 
4 191 200 (-768 -1392 184 ) (-752 -1392 184 ) (-752 -1392 192 ) (-768 -1392 192 ) 
4 191 198 (-752 -1392 184 ) (-684 -1392 184 ) (-684 -1392 192 ) (-752 -1392 192 ) 
4 191 196 (-684 -1392 184 ) (-768 -1392 184 ) (-768 -1384 184 ) (-684 -1384 184 ) 
4 191 195 (-768 -1384 184 ) (-768 -1288 184 ) (-684 -1288 184 ) (-684 -1384 184 ) 
4 191 194 (-768 -1288 184 ) (-768 -1280 184 ) (-684 -1280 184 ) (-684 -1288 184 ) 
4 191 193 (-768 -1280 184 ) (-768 -1024 184 ) (-684 -1024 184 ) (-684 -1280 184 ) 
4 191 192 (-768 -1024 184 ) (-768 -1392 184 ) (-768 -1392 192 ) (-768 -1024 192 ) 
4 192 203 (-816 -1392 184 ) (-816 -1392 192 ) (-816 -1024 192 ) (-816 -1024 184 ) 
4 192 201 (-816 -1392 192 ) (-816 -1392 184 ) (-768 -1392 184 ) (-768 -1392 192 ) 
4 192 196 (-768 -1392 184 ) (-816 -1392 184 ) (-816 -1384 184 ) (-768 -1384 184 ) 
4 192 195 (-816 -1384 184 ) (-816 -1288 184 ) (-768 -1288 184 ) (-768 -1384 184 ) 
4 192 194 (-816 -1288 184 ) (-816 -1280 184 ) (-768 -1280 184 ) (-768 -1288 184 ) 
4 192 193 (-816 -1280 184 ) (-816 -1024 184 ) (-768 -1024 184 ) (-768 -1280 184 ) 
4 193 214 (-816 -1024 -96 ) (-816 -1024 -104 ) (-816 -1168 -104 ) (-816 -1168 -96 ) 
5 193 207 (-816 -1024 -16 ) (-816 -1024 -96 ) (-816 -1168 -96 ) (-816 -1168 -64 ) (-816 -1088 -16 ) 
3 193 206 (-816 -1280 -88 ) (-816 -1280 32 ) (-816 -1100 32 ) 
4 193 204 (-816 -1280 184 ) (-816 -1024 184 ) (-816 -1024 32 ) (-816 -1280 32 ) 
4 193 197 (-816 -1280 -104.003906 ) (-816 -1024 -104.003906 ) (-684.005859 -1024 -192 ) (-684.005859 -1280 -192 ) 
4 193 194 (-684 -1280 184 ) (-816 -1280 184 ) (-816 -1280 -88 ) (-684 -1280 -176 ) 
4 194 211 (-816 -1280 32 ) (-816 -1280 -88 ) (-816 -1288 -88 ) (-816 -1288 32 ) 
4 194 204 (-816 -1288 184 ) (-816 -1280 184 ) (-816 -1280 32 ) (-816 -1288 32 ) 
4 194 195 (-684 -1288 184 ) (-816 -1288 184 ) (-816 -1288 -88 ) (-684 -1288 -176 ) 
4 195 212 (-816 -1288 32 ) (-816 -1288 -96 ) (-816 -1384 -96 ) (-816 -1384 32 ) 
4 195 204 (-816 -1384 184 ) (-816 -1288 184 ) (-816 -1288 32 ) (-816 -1384 32 ) 
4 195 196 (-684 -1384 184 ) (-816 -1384 184 ) (-816 -1384 -96 ) (-684 -1384 -184 ) 
4 196 212 (-816 -1392 -96 ) (-816 -1392 32 ) (-816 -1384 32 ) (-816 -1384 -96 ) 
4 196 204 (-816 -1392 32 ) (-816 -1392 184 ) (-816 -1384 184 ) (-816 -1384 32 ) 
4 196 202 (-816 -1392 184 ) (-816 -1392 -96 ) (-768 -1392 -128 ) (-768 -1392 184 ) 
4 196 200 (-768 -1392 -128 ) (-752 -1392 -138.666687 ) (-752 -1392 184 ) (-768 -1392 184 ) 
4 196 198 (-752 -1392 -138.666687 ) (-684 -1392 -184 ) (-684 -1392 184 ) (-752 -1392 184 ) 
4 197 214 (-816 -1024 -192 ) (-816 -1168 -192 ) (-816 -1168 -104 ) (-816 -1024 -104 ) 
4 198 200 (-752 -1392 192 ) (-752 -1392 -192 ) (-752 -1408 -192 ) (-752 -1408 192 ) 
4 198 199 (-736 -1408 -192 ) (-684 -1408 -192 ) (-684 -1408 192 ) (-736 -1408 192 ) 
4 199 241 (-720 -1424 -192 ) (-684 -1424 -192 ) (-684 -1424 -64 ) (-720 -1424 -64 ) 
4 199 228 (-684 -1424 -64 ) (-684 -1424 160 ) (-712 -1424 160 ) (-712 -1424 -64 ) 
4 199 227 (-684 -1424 160 ) (-684 -1424 192 ) (-712 -1424 192 ) (-712 -1424 160 ) 
4 199 231 (-712 -1424 192 ) (-720 -1424 192 ) (-720 -1424 -64 ) (-712 -1424 -64 ) 
4 200 202 (-768 -1392 184 ) (-768 -1392 -192 ) (-768 -1424 -192 ) (-768 -1424 184 ) 
4 200 201 (-768 -1392 192 ) (-768 -1392 184 ) (-768 -1424 184 ) (-768 -1424 192 ) 
4 201 203 (-816 -1424 184 ) (-816 -1424 192 ) (-816 -1392 192 ) (-816 -1392 184 ) 
4 201 202 (-816 -1424 184 ) (-816 -1392 184 ) (-768 -1392 184 ) (-768 -1424 184 ) 
4 202 215 (-816 -1392 -192 ) (-816 -1424 -192 ) (-816 -1424 -96 ) (-816 -1392 -96 ) 
4 202 212 (-816 -1424 -96 ) (-816 -1424 32 ) (-816 -1392 32 ) (-816 -1392 -96 ) 
4 202 204 (-816 -1424 32 ) (-816 -1424 184 ) (-816 -1392 184 ) (-816 -1392 32 ) 
4 203 205 (-896 -1424 184 ) (-896 -1424 192 ) (-896 -1024 192 ) (-896 -1024 184 ) 
4 203 204 (-896 -1424 184 ) (-896 -1024 184 ) (-816 -1024 184 ) (-816 -1424 184 ) 
4 204 211 (-816 -1280 32 ) (-816 -1288 32 ) (-824 -1288 32 ) (-824 -1280 32 ) 
4 204 212 (-816 -1288 32 ) (-816 -1424 32 ) (-824 -1424 32 ) (-824 -1288 32 ) 
4 204 213 (-824 -1424 32 ) (-896 -1424 32 ) (-896 -1280 32 ) (-824 -1280 32 ) 
4 204 208 (-824 -1088 32 ) (-824 -1100 32 ) (-896 -1100 32 ) (-896 -1088 32 ) 
4 204 206 (-816 -1100 32 ) (-816 -1280 32 ) (-896 -1280 32 ) (-896 -1100 32 ) 
4 204 205 (-896 -1024 32 ) (-896 -1424 32 ) (-896 -1424 184 ) (-896 -1024 184 ) 
4 205 213 (-912 -1424 32 ) (-912 -1280 32 ) (-896 -1280 32 ) (-896 -1424 32 ) 
4 205 208 (-896 -1088 32 ) (-896 -1100 32 ) (-904 -1100 32 ) (-904 -1088 32 ) 
4 205 206 (-912 -1280 32 ) (-912 -1100 32 ) (-896 -1100 32 ) (-896 -1280 32 ) 
4 206 211 (-816 -1280 -88 ) (-816 -1280 32 ) (-824 -1280 32 ) (-824 -1280 -88 ) 
4 206 213 (-824 -1280 32 ) (-912 -1280 32 ) (-912 -1280 -88 ) (-824 -1280 -88 ) 
4 206 210 (-824 -1280 -87.998077 ) (-904 -1280 -87.998077 ) (-904 -1168 -13.331795 ) (-824 -1168 -13.331795 ) 
4 206 208 (-904 -1100.001953 32 ) (-824 -1100.001953 32 ) (-824 -1168 -13.331795 ) (-904 -1168 -13.331795 ) 
4 207 216 (-912 -1024 -64 ) (-912 -1024 -96 ) (-912 -1136 -96 ) (-912 -1136 -64 ) 
4 207 214 (-912 -1168 -96 ) (-912 -1024 -96 ) (-816 -1024 -96 ) (-816 -1168 -96 ) 
4 208 210 (-824 -1168 -13.334008 ) (-904 -1168 -13.334011 ) (-904 -1168 -16 ) (-824 -1168 -16 ) 
4 208 209 (-904 -1168 -16 ) (-904 -1160.004395 -16 ) (-824 -1160.004395 -16 ) (-824 -1168 -16 ) 
4 209 210 (-904 -1168 -16 ) (-904 -1168 -21.330109 ) (-824 -1168 -21.330109 ) (-824 -1168 -16 ) 
4 210 213 (-904 -1280 -96 ) (-824 -1280 -96 ) (-824 -1280 -88 ) (-904 -1280 -88 ) 
4 211 212 (-824 -1288 32 ) (-824 -1288 -88 ) (-816 -1288 -88 ) (-816 -1288 32 ) 
4 211 213 (-824 -1280 32 ) (-824 -1280 -88 ) (-824 -1288 -88 ) (-824 -1288 32 ) 
4 212 215 (-816 -1392 -96 ) (-816 -1424 -96 ) (-824 -1424 -96 ) (-824 -1392 -96 ) 
4 212 213 (-824 -1288 -96 ) (-824 -1424 -96 ) (-824 -1424 32 ) (-824 -1288 32 ) 
4 213 215 (-912 -1424 -96 ) (-912 -1392 -96 ) (-824 -1392 -96 ) (-824 -1424 -96 ) 
4 214 216 (-912 -1024 -192 ) (-912 -1136 -192 ) (-912 -1136 -96 ) (-912 -1024 -96 ) 
4 217 249 (-1024 -1120 -192 ) (-1024 -1424 -192 ) (-1024 -1424 -64 ) (-1024 -1120 -64 ) 
4 217 248 (-1024 -1424 -64 ) (-1024 -1424 192 ) (-1024 -1120 192 ) (-1024 -1120 -64 ) 
4 217 242 (-1024 -1424 -192 ) (-928 -1424 -192 ) (-928 -1424 -64 ) (-1024 -1424 -64 ) 
4 217 232 (-928 -1424 -64 ) (-928 -1424 192 ) (-1024 -1424 192 ) (-1024 -1424 -64 ) 
3 218 248 (-1024 -1440 192 ) (-1024 -1424 192 ) (-1024 -1440 186 ) 
4 218 236 (-928 -1440 192 ) (-1024 -1440 192 ) (-1024 -1440 186 ) (-928 -1440 186 ) 
4 218 232 (-928 -1440 186 ) (-1024 -1440 186 ) (-1024 -1424 192 ) (-928 -1424 192 ) 
4 219 239 (-16 -1424 -64 ) (0 -1424 -64 ) (0 -1440 -64 ) (-16 -1440 -64 ) 
4 219 234 (-16 -1440 -64 ) (0 -1440 -64 ) (0 -1440 186 ) (-16 -1440 186 ) 
4 220 240 (-248 -1424 -64 ) (-240 -1424 -64 ) (-240 -1440 -64 ) (-248 -1440 -64 ) 
4 220 234 (-248 -1440 -64 ) (-240 -1440 -64 ) (-240 -1440 186 ) (-248 -1440 186 ) 
4 220 223 (-248 -1431 -64 ) (-248 -1433 -64 ) (-248 -1433 160 ) (-248 -1431 160 ) 
4 220 222 (-248 -1424 -64 ) (-248 -1431 -64 ) (-248 -1431 160 ) (-248 -1424 160 ) 
4 220 224 (-248 -1433 -64 ) (-248 -1440 -64 ) (-248 -1440 160 ) (-248 -1433 160 ) 
4 220 221 (-248 -1440 160 ) (-248 -1440 185.998047 ) (-248 -1424 191.998047 ) (-248 -1424 160 ) 
4 221 234 (-248 -1440 160 ) (-248 -1440 186 ) (-360 -1440 186 ) (-360 -1440 160 ) 
4 221 223 (-360 -1433 160 ) (-360 -1431 160 ) (-248 -1431 160 ) (-248 -1433 160 ) 
4 221 222 (-360 -1431 160 ) (-360 -1424 160 ) (-248 -1424 160 ) (-248 -1431 160 ) 
4 221 224 (-360 -1440 160 ) (-360 -1433 160 ) (-248 -1433 160 ) (-248 -1440 160 ) 
4 221 225 (-360 -1440 160 ) (-360 -1440 185.998047 ) (-360 -1424 191.998047 ) (-360 -1424 160 ) 
4 222 240 (-360 -1424 -64 ) (-248 -1424 -64 ) (-248 -1431 -64 ) (-360 -1431 -64 ) 
4 222 225 (-360 -1424 -64 ) (-360 -1431 -64 ) (-360 -1431 160 ) (-360 -1424 160 ) 
4 222 223 (-248 -1431 -64 ) (-248 -1431 160 ) (-360 -1431 160 ) (-360 -1431 -64 ) 
4 223 240 (-248 -1431 -64 ) (-248 -1433 -64 ) (-360 -1433 -64 ) (-360 -1431 -64 ) 
4 223 224 (-248 -1433 -64 ) (-248 -1433 160 ) (-360 -1433 160 ) (-360 -1433 -64 ) 
4 223 225 (-360 -1431 -64 ) (-360 -1433 -64 ) (-360 -1433 160 ) (-360 -1431 160 ) 
4 224 240 (-248 -1433 -64 ) (-248 -1440 -64 ) (-360 -1440 -64 ) (-360 -1433 -64 ) 
4 224 234 (-360 -1440 -64 ) (-248 -1440 -64 ) (-248 -1440 160 ) (-360 -1440 160 ) 
4 224 225 (-360 -1433 -64 ) (-360 -1440 -64 ) (-360 -1440 160 ) (-360 -1433 160 ) 
4 225 240 (-368 -1424 -64 ) (-360 -1424 -64 ) (-360 -1440 -64 ) (-368 -1440 -64 ) 
4 225 234 (-368 -1440 -64 ) (-360 -1440 -64 ) (-360 -1440 186 ) (-368 -1440 186 ) 
4 226 241 (-600 -1424 -64 ) (-592 -1424 -64 ) (-592 -1440 -64 ) (-600 -1440 -64 ) 
4 226 234 (-600 -1440 -64 ) (-592 -1440 -64 ) (-592 -1440 186 ) (-600 -1440 186 ) 
4 226 229 (-600 -1431 -64 ) (-600 -1433 -64 ) (-600 -1433 160 ) (-600 -1431 160 ) 
4 226 228 (-600 -1424 -64 ) (-600 -1431 -64 ) (-600 -1431 160 ) (-600 -1424 160 ) 
4 226 230 (-600 -1433 -64 ) (-600 -1440 -64 ) (-600 -1440 160 ) (-600 -1433 160 ) 
4 226 227 (-600 -1440 160 ) (-600 -1440 185.998047 ) (-600 -1424 191.998047 ) (-600 -1424 160 ) 
4 227 234 (-600 -1440 160 ) (-600 -1440 186 ) (-712 -1440 186 ) (-712 -1440 160 ) 
4 227 229 (-712 -1433 160 ) (-712 -1431 160 ) (-600 -1431 160 ) (-600 -1433 160 ) 
4 227 228 (-712 -1431 160 ) (-712 -1424 160 ) (-600 -1424 160 ) (-600 -1431 160 ) 
4 227 230 (-712 -1440 160 ) (-712 -1433 160 ) (-600 -1433 160 ) (-600 -1440 160 ) 
4 227 231 (-712 -1440 160 ) (-712 -1440 185.998047 ) (-712 -1424 191.998047 ) (-712 -1424 160 ) 
4 228 241 (-712 -1424 -64 ) (-600 -1424 -64 ) (-600 -1431 -64 ) (-712 -1431 -64 ) 
4 228 231 (-712 -1424 -64 ) (-712 -1431 -64 ) (-712 -1431 160 ) (-712 -1424 160 ) 
4 228 229 (-600 -1431 -64 ) (-600 -1431 160 ) (-712 -1431 160 ) (-712 -1431 -64 ) 
4 229 241 (-600 -1431 -64 ) (-600 -1433 -64 ) (-712 -1433 -64 ) (-712 -1431 -64 ) 
4 229 230 (-600 -1433 -64 ) (-600 -1433 160 ) (-712 -1433 160 ) (-712 -1433 -64 ) 
4 229 231 (-712 -1431 -64 ) (-712 -1433 -64 ) (-712 -1433 160 ) (-712 -1431 160 ) 
4 230 241 (-600 -1433 -64 ) (-600 -1440 -64 ) (-712 -1440 -64 ) (-712 -1433 -64 ) 
4 230 234 (-712 -1440 -64 ) (-600 -1440 -64 ) (-600 -1440 160 ) (-712 -1440 160 ) 
4 230 231 (-712 -1433 -64 ) (-712 -1440 -64 ) (-712 -1440 160 ) (-712 -1433 160 ) 
4 231 241 (-720 -1424 -64 ) (-712 -1424 -64 ) (-712 -1440 -64 ) (-720 -1440 -64 ) 
4 231 234 (-720 -1440 -64 ) (-712 -1440 -64 ) (-712 -1440 186 ) (-720 -1440 186 ) 
4 232 248 (-1024 -1424 192 ) (-1024 -1424 -64 ) (-1024 -1440 -64 ) (-1024 -1440 186 ) 
4 232 242 (-1024 -1440 -64 ) (-1024 -1424 -64 ) (-928 -1424 -64 ) (-928 -1440 -64 ) 
4 232 236 (-1024 -1440 -64 ) (-928 -1440 -64 ) (-928 -1440 186 ) (-1024 -1440 186 ) 
4 233 235 (-928 -1456 192 ) (-928 -1456 186 ) (0 -1456 186 ) (0 -1456 192 ) 
3 233 236 (-928 -1456 186 ) (-928 -1456 192 ) (-928 -1440.238770 192 ) 
4 234 243 (-928 -1440 -64 ) (0 -1440 -64 ) (0 -1456 -64 ) (-928 -1456 -64 ) 
4 234 236 (-928 -1440 186 ) (-928 -1440 -64 ) (-928 -1456 -64 ) (-928 -1456 180 ) 
4 234 235 (-928 -1456 180 ) (-928 -1456 -64 ) (0 -1456 -64 ) (0 -1456 180 ) 
4 235 243 (0 -1456 -64 ) (0 -1808 -64 ) (-928 -1808 -64 ) (-928 -1456 -64 ) 
4 235 237 (-64 -1936 -64 ) (0 -1936 -64 ) (0 -1936 192 ) (-64 -1936 192 ) 
4 235 238 (-928 -1936 -64 ) (-576 -1936 -64 ) (-576 -1936 192 ) (-928 -1936 192 ) 
4 235 236 (-928 -1456 -64 ) (-928 -1936 -64 ) (-928 -1936 192 ) (-928 -1456 192 ) 
4 236 248 (-1024 -1936 192 ) (-1024 -1440 192 ) (-1024 -1440 -64 ) (-1024 -1936 -64 ) 
4 236 243 (-1024 -1808 -64 ) (-1024 -1440 -64 ) (-928 -1440 -64 ) (-928 -1808 -64 ) 
4 236 238 (-1024 -1936 -64 ) (-928 -1936 -64 ) (-928 -1936 192 ) (-1024 -1936 192 ) 
4 237 252 (0 -2048 -64 ) (0 -2048 192 ) (-64 -2048 192 ) (-64 -2048 -64 ) 
4 238 254 (-576 -2048 192 ) (-1024 -2048 192 ) (-1024 -2048 -64 ) (-576 -2048 -64 ) 
4 238 248 (-1024 -2048 -64 ) (-1024 -2048 192 ) (-1024 -1936 192 ) (-1024 -1936 -64 ) 
4 239 243 (-16 -1440 -192 ) (0 -1440 -192 ) (0 -1440 -64 ) (-16 -1440 -64 ) 
4 240 243 (-368 -1440 -192 ) (-240 -1440 -192 ) (-240 -1440 -64 ) (-368 -1440 -64 ) 
4 241 243 (-720 -1440 -192 ) (-592 -1440 -192 ) (-592 -1440 -64 ) (-720 -1440 -64 ) 
4 242 249 (-1024 -1424 -192 ) (-1024 -1440 -192 ) (-1024 -1440 -64 ) (-1024 -1424 -64 ) 
4 242 243 (-1024 -1440 -192 ) (-928 -1440 -192 ) (-928 -1440 -64 ) (-1024 -1440 -64 ) 
4 243 249 (-1024 -1440 -192 ) (-1024 -1808 -192 ) (-1024 -1808 -64 ) (-1024 -1440 -64 ) 
4 246 247 (-560 -1040 -224 ) (-560 -1120 -224 ) (-656 -1120 -224 ) (-656 -1040 -224 ) 
4 248 259 (-2048 -2048 -64 ) (-2048 -2048 320 ) (-2048 -1120 320 ) (-2048 -1120 -64 ) 
4 248 256 (-1024 -2048 -64 ) (-1024 -2048 320 ) (-1360 -2048 320 ) (-1360 -2048 -64 ) 
4 248 258 (-1360 -2048 320 ) (-2048 -2048 320 ) (-2048 -2048 -64 ) (-1360 -2048 -64 ) 
4 248 250 (-1360 -1808 -64 ) (-1360 -2048 -64 ) (-1696 -2048 -64 ) (-1696 -1808 -64 ) 
4 248 251 (-2048 -1120 -64 ) (-1696 -1120 -64 ) (-1696 -2048 -64 ) (-2048 -2048 -64 ) 
4 248 249 (-1360 -1120 -64 ) (-1024 -1120 -64 ) (-1024 -1808 -64 ) (-1360 -1808 -64 ) 
4 250 258 (-1360 -2048 -64 ) (-1696 -2048 -64 ) (-1696 -2048 -192 ) (-1360 -2048 -192 ) 
4 250 251 (-1696 -1808 -192 ) (-1696 -2048 -192 ) (-1696 -2048 -64 ) (-1696 -1808 -64 ) 
4 251 259 (-2048 -2048 -192 ) (-2048 -2048 -64 ) (-2048 -1120 -64 ) (-2048 -1120 -192 ) 
4 251 258 (-1696 -2048 -64 ) (-2048 -2048 -64 ) (-2048 -2048 -192 ) (-1696 -2048 -192 ) 
4 252 255 (0 -3008 -64 ) (-64 -3008 -64 ) (-64 -2576 -64 ) (0 -2576 -64 ) 
4 252 253 (-64 -2448 -64 ) (-64 -3008 -64 ) (-64 -3008 320 ) (-64 -2448 320 ) 
4 253 255 (-64 -3008 -64 ) (-576 -3008 -64 ) (-576 -2576 -64 ) (-64 -2576 -64 ) 
4 253 254 (-576 -2448 -64 ) (-576 -3008 -64 ) (-576 -3008 320 ) (-576 -2448 320 ) 
4 254 256 (-1024 -2576 320 ) (-1024 -2048 320 ) (-1024 -2048 -64 ) (-1024 -2576 -64 ) 
4 254 257 (-1024 -3008 -64 ) (-1024 -3008 320 ) (-1024 -2576 320 ) (-1024 -2576 -64 ) 
4 254 255 (-576 -3008 -64 ) (-1024 -3008 -64 ) (-1024 -2576 -64 ) (-576 -2576 -64 ) 
4 255 257 (-1024 -3008 -192 ) (-1024 -3008 -64 ) (-1024 -2576 -64 ) (-1024 -2576 -192 ) 
4 256 257 (-1360 -2576 320 ) (-1360 -2576 -64 ) (-1024 -2576 -64 ) (-1024 -2576 320 ) 
4 256 258 (-1360 -2576 -64 ) (-1360 -2576 320 ) (-1360 -2048 320 ) (-1360 -2048 -64 ) 
4 257 258 (-1360 -2576 -192 ) (-1360 -3008 -192 ) (-1360 -3008 320 ) (-1360 -2576 320 ) 
4 258 260 (-2048 -3008 -192 ) (-2048 -3008 320 ) (-2048 -2048 320 ) (-2048 -2048 -192 ) 
4 259 260 (-2048 -2048 -192 ) (-2048 -2048 320 ) (-2112 -2048 320 ) (-2112 -2048 -192 ) 
