PRT1
414
949
4 0 2 (5120 5120 32 ) (5120 5120 224 ) (5120 5472 224 ) (5120 5472 32 ) 
4 0 1 (5120 5120 224 ) (5120 5120 32 ) (5216 5120 32 ) (5216 5120 224 ) 
4 1 3 (5120 4768 224 ) (5120 5120 224 ) (5120 5120 32 ) (5120 4768 32 ) 
4 2 3 (5120 5120 32 ) (5120 5120 224 ) (4512 5120 224 ) (4512 5120 32 ) 
4 4 8 (3552 4080 144 ) (3744 4080 144 ) (3744 3248 144 ) (3552 3248 144 ) 
4 5 8 (3384 4080 144 ) (3536 4080 144 ) (3536 3248 144 ) (3384 3248 144 ) 
4 6 8 (3096 4080 144 ) (3368 4080 144 ) (3368 3248 144 ) (3096 3248 144 ) 
4 7 71 (3072 3248 144 ) (3072 3248 192 ) (3072 4080 192 ) (3072 4080 144 ) 
4 7 66 (3072 3248 192 ) (3072 3248 240 ) (3072 4080 240 ) (3072 4080 192 ) 
4 7 8 (3072 4080 144 ) (3080 4080 144 ) (3080 3248 144 ) (3072 3248 144 ) 
4 8 71 (3072 3248 128 ) (3072 3248 144 ) (3072 4080 144 ) (3072 4080 128 ) 
3 8 17 (3112 3264 128 ) (3117.700195 3264 128 ) (3110.500000 3258 128 ) 
3 8 16 (3088 3248 128 ) (3080.875488 3248 128 ) (3079 3249 128 ) 
3 8 15 (3080.875488 3248 128 ) (3072 3248 128 ) (3072 3252.733643 128 ) 
3 8 14 (3095.124756 3248 128 ) (3088 3248 128 ) (3097 3249 128 ) 
3 8 13 (3098.500000 3248 128 ) (3095.124756 3248 128 ) (3104.500732 3253 128 ) 
4 8 12 (3744 3248 128 ) (3098.500000 3248 128 ) (3117.700195 3264 128 ) (3744 3264 128 ) 
4 8 11 (3072 3264 128 ) (3072 4080 128 ) (3744 4080 128 ) (3744 3264 128 ) 
4 9 18 (3620 4080 0 ) (3676 4080 0 ) (3676 4080 112 ) (3620 4080 112 ) 
4 10 22 (3376 4084 0 ) (3376 4080 0 ) (3088 4080 0 ) (3088 4084 0 ) 
4 10 21 (3088 4096 0 ) (3376 4096 0 ) (3376 4084 0 ) (3088 4084 0 ) 
4 10 20 (3088 4080 0 ) (3376 4080 0 ) (3376 4080 112 ) (3088 4080 112 ) 
4 10 11 (3376 4080 112 ) (3376 4080 128 ) (3088 4080 128 ) (3088 4080 112 ) 
4 11 91 (3072 3264 128 ) (3072 4080 128 ) (3072 4080 112 ) (3072 3264 112 ) 
4 11 19 (3552 4080 112 ) (3560 4080 112 ) (3560 3264 112 ) (3552 3264 112 ) 
4 11 18 (3560 4080 112 ) (3744 4080 112 ) (3744 3264 112 ) (3560 3264 112 ) 
4 11 20 (3072 3264 112 ) (3072 4080 112 ) (3552 4080 112 ) (3552 3264 112 ) 
4 11 17 (3112 3264 112 ) (3117.700195 3264 112 ) (3117.700195 3264 128 ) (3112 3264 128 ) 
4 11 12 (3117.700195 3264 112 ) (3744 3264 112 ) (3744 3264 128 ) (3117.700195 3264 128 ) 
4 12 37 (3376 3248 128 ) (3098.500000 3248 128 ) (3098.500244 3248 112 ) (3376 3248 112 ) 
4 12 19 (3560 3248 112 ) (3552 3248 112 ) (3552 3264 112 ) (3560 3264 112 ) 
4 12 18 (3744 3248 112 ) (3560 3248 112 ) (3560 3264 112 ) (3744 3264 112 ) 
4 12 20 (3552 3248 112 ) (3098.500000 3248 112 ) (3117.700195 3264 112 ) (3552 3264 112 ) 
4 12 17 (3117.698975 3264 128 ) (3117.698975 3264 112 ) (3110.500244 3258.001221 112 ) (3110.500244 3258 128 ) 
4 12 13 (3104.497559 3252.998779 112 ) (3098.499023 3248 112 ) (3098.500000 3248 128 ) (3104.499512 3253 128 ) 
4 13 37 (3098.500000 3248 128 ) (3095.124756 3248 128 ) (3095.124756 3248 112 ) (3098.500244 3248 112 ) 
3 13 20 (3098.500000 3248 112 ) (3095.124756 3248 112 ) (3104.500732 3253 112 ) 
4 13 14 (3097 3249 112 ) (3095.125488 3248 112 ) (3095.125000 3248 128 ) (3097 3249 128 ) 
4 14 37 (3095.124756 3248 128 ) (3088 3248 128 ) (3088 3248 112 ) (3095.124756 3248 112 ) 
3 14 20 (3095.124756 3248 112 ) (3088 3248 112 ) (3097 3249 112 ) 
4 15 92 (3072 3248 112 ) (3072 3248 128 ) (3072 3252.733643 128 ) (3072 3252.733643 112 ) 
3 15 20 (3080.875488 3248 112 ) (3072 3248 112 ) (3072 3252.733643 112 ) 
4 15 16 (3080.876709 3248 112 ) (3079.002197 3249 112 ) (3079.002197 3249 128 ) (3080.876709 3248 128 ) 
3 16 20 (3088 3248 112 ) (3080.875488 3248 112 ) (3079 3249 112 ) 
3 17 20 (3112 3264 112 ) (3117.700195 3264 112 ) (3110.500000 3258 112 ) 
4 18 35 (3676 3248 112 ) (3620 3248 112 ) (3620 3248 0 ) (3676 3248 0 ) 
4 18 19 (3560 3248 112 ) (3560 4080 112 ) (3560 4080 8 ) (3560 3248 8 ) 
4 19 20 (3552 3248 112 ) (3552 4080 112 ) (3552 4080 8 ) (3552 3248 8 ) 
4 20 95 (3072 3248 0 ) (3072 3248 112 ) (3072 4080 112 ) (3072 4080 0 ) 
4 20 37 (3376 3248 112 ) (3088 3248 112 ) (3088 3248 0 ) (3376 3248 0 ) 
4 20 23 (3552 3248 0 ) (3072 3248 0 ) (3072 4080 0 ) (3552 4080 0 ) 
4 21 22 (3088 4084 0 ) (3088 4084 -16 ) (3376 4084 -16 ) (3376 4084 0 ) 
4 22 23 (3088 4080 -16 ) (3376 4080 -16 ) (3376 4080 0 ) (3088 4080 0 ) 
4 23 120 (3072 3248 -16 ) (3072 3248 0 ) (3072 4080 0 ) (3072 4080 -16 ) 
4 23 46 (3552 3248 0 ) (3088 3248 0 ) (3088 3248 -16 ) (3552 3248 -16 ) 
4 24 49 (3552 3072 128 ) (3560 3072 128 ) (3560 3072 192 ) (3552 3072 192 ) 
4 24 48 (3560 3072 128 ) (3744 3072 128 ) (3744 3072 192 ) (3560 3072 192 ) 
4 24 39 (3560 3072 128 ) (3552 3072 128 ) (3552 3178 128 ) (3560 3180.250000 128 ) 
4 24 38 (3620 3072 128 ) (3560 3072 128 ) (3560 3180.250000 128 ) (3620 3197.125000 128 ) 
4 24 33 (3744 3232 128 ) (3744 3072 128 ) (3620 3072 128 ) (3620 3197.125000 128 ) 
4 24 31 (3552 3178 128 ) (3552 3072 128 ) (3552 3072 144 ) (3552 3178 144 ) 
4 24 25 (3744 3232.001953 128 ) (3552 3178.001465 128 ) (3552 3178.001465 192 ) (3744 3232.001709 192 ) 
4 25 41 (3560 3180.250000 128 ) (3552 3178 128 ) (3552 3232 128 ) (3560 3232 128 ) 
4 25 40 (3620 3197.125000 128 ) (3560 3180.250000 128 ) (3560 3232 128 ) (3620 3232 128 ) 
4 25 36 (3676 3212.875000 128 ) (3620 3197.125000 128 ) (3620 3232 128 ) (3676 3232 128 ) 
3 25 34 (3744 3232 128 ) (3676 3212.875000 128 ) (3676 3232 128 ) 
4 25 32 (3552 3232 128 ) (3552 3178 128 ) (3552 3178 144 ) (3552 3232 144 ) 
4 26 50 (3384 3072 144 ) (3536 3072 144 ) (3536 3072 240 ) (3384 3072 240 ) 
4 26 31 (3536 3072 144 ) (3384 3072 144 ) (3384 3130.750000 144 ) (3536 3173.500000 144 ) 
4 26 27 (3536 3173.501709 144 ) (3384 3130.751465 144 ) (3384 3130.751465 240 ) (3536 3173.501709 240 ) 
4 27 32 (3384 3232 144 ) (3536 3232 144 ) (3536 3173.500000 144 ) (3384 3130.750000 144 ) 
4 28 51 (3175.110840 3072 144 ) (3368 3072 144 ) (3368 3072 240 ) (3175.110840 3072 240 ) 
3 28 31 (3368 3072 144 ) (3175.110840 3072 144 ) (3368 3126.250000 144 ) 
4 28 29 (3368 3126.251465 144 ) (3175.105957 3072 144 ) (3175.105957 3072 240 ) (3368 3126.251465 240 ) 
4 29 52 (3096 3072 144 ) (3175.110840 3072 144 ) (3175.110840 3072 240 ) (3096 3072 240 ) 
5 29 32 (3096 3232 144 ) (3368 3232 144 ) (3368 3126.250000 144 ) (3175.110840 3072 144 ) (3096 3072 144 ) 
4 30 73 (3072 3072 144 ) (3072 3072 192 ) (3072 3232 192 ) (3072 3232 144 ) 
4 30 68 (3072 3072 192 ) (3072 3072 240 ) (3072 3232 240 ) (3072 3232 192 ) 
4 30 54 (3072 3072 240 ) (3072 3072 144 ) (3080 3072 144 ) (3080 3072 240 ) 
4 30 32 (3072 3072 144 ) (3072 3232 144 ) (3080 3232 144 ) (3080 3072 144 ) 
4 31 55 (3175.110840 3072 128 ) (3552 3072 128 ) (3552 3072 144 ) (3175.110840 3072 144 ) 
3 31 42 (3552 3178 128 ) (3552 3072 128 ) (3175.110840 3072 128 ) 
4 31 32 (3175.113281 3072 144 ) (3552 3178 144 ) (3552 3178 128 ) (3175.114502 3072 128 ) 
4 32 73 (3072 3072 128 ) (3072 3072 144 ) (3072 3232 144 ) (3072 3232 128 ) 
4 32 56 (3072 3072 144 ) (3072 3072 128 ) (3175.110840 3072 128 ) (3175.110840 3072 144 ) 
4 32 44 (3072 3072 128 ) (3072 3232 128 ) (3088 3232 128 ) (3088 3072 128 ) 
5 32 43 (3088 3232 128 ) (3552 3232 128 ) (3552 3178 128 ) (3175.110840 3072 128 ) (3088 3072 128 ) 
4 33 48 (3620 3072 0 ) (3744 3072 0 ) (3744 3072 128 ) (3620 3072 128 ) 
4 33 38 (3620 3197.125000 0 ) (3620 3072 0 ) (3620 3072 128 ) (3620 3197.125000 128 ) 
4 33 36 (3620 3197.126465 0 ) (3620 3197.126465 128 ) (3676 3212.876465 128 ) (3676 3212.876465 0 ) 
4 33 34 (3676 3212.876465 128 ) (3744 3232.001465 128 ) (3744 3232.001465 0 ) (3676 3212.876465 0 ) 
4 34 36 (3676 3232 0 ) (3676 3212.875000 0 ) (3676 3212.875000 128 ) (3676 3232 128 ) 
4 35 36 (3620 3232 112 ) (3620 3232 0 ) (3676 3232 0 ) (3676 3232 112 ) 
4 36 40 (3620 3232 0 ) (3620 3197.125000 0 ) (3620 3197.125000 128 ) (3620 3232 128 ) 
4 37 46 (3088 3248 0 ) (3376 3248 0 ) (3376 3232 0 ) (3088 3232 0 ) 
4 37 43 (3088 3232 128 ) (3088 3232 0 ) (3376 3232 0 ) (3376 3232 128 ) 
4 38 48 (3560 3072 0 ) (3620 3072 0 ) (3620 3072 128 ) (3560 3072 128 ) 
4 38 40 (3620 3197.126465 128 ) (3620 3197.126465 0 ) (3560 3180.251465 0 ) (3560 3180.251465 128 ) 
4 38 39 (3560 3180.251953 128 ) (3560 3180.251953 8 ) (3560 3072 8 ) (3560 3072 128 ) 
4 39 49 (3560 3072 8 ) (3560 3072 128 ) (3552 3072 128 ) (3552 3072 8 ) 
4 39 42 (3552 3072 8 ) (3552 3072 128 ) (3552 3178 128 ) (3552 3178 8 ) 
4 39 41 (3552 3178.001465 8 ) (3552 3178.001465 128 ) (3560 3180.251465 128 ) (3560 3180.251465 8 ) 
4 40 41 (3560 3232 128 ) (3560 3232 8 ) (3560 3180.251953 8 ) (3560 3180.251953 128 ) 
4 41 43 (3552 3232 128 ) (3552 3232 8 ) (3552 3178 8 ) (3552 3178 128 ) 
4 42 55 (3175.111084 3072 0 ) (3552 3072 0 ) (3552 3072 128 ) (3175.111084 3072 128 ) 
3 42 45 (3552 3072 0 ) (3175.111084 3072 0 ) (3552 3178 0 ) 
4 42 43 (3552 3178.001465 128 ) (3552 3178.001465 0 ) (3175.105957 3072 0 ) (3175.105957 3072 128 ) 
4 43 56 (3088 3072 0 ) (3175.111084 3072 0 ) (3175.111084 3072 128 ) (3088 3072 128 ) 
5 43 46 (3175.111084 3072 0 ) (3088 3072 0 ) (3088 3232 0 ) (3552 3232 0 ) (3552 3178 0 ) 
4 43 44 (3088 3232 0 ) (3088 3072 0 ) (3088 3072 128 ) (3088 3232 128 ) 
4 44 114 (3072 3072 0 ) (3072 3072 128 ) (3072 3232 128 ) (3072 3232 0 ) 
4 44 56 (3072 3072 128 ) (3072 3072 0 ) (3088 3072 0 ) (3088 3072 128 ) 
4 44 47 (3072 3072 0 ) (3072 3232 0 ) (3088 3232 0 ) (3088 3072 0 ) 
4 45 57 (3552 3072 0 ) (3175.111084 3072 0 ) (3175.111084 3072 -16 ) (3552 3072 -16 ) 
4 45 46 (3552 3178.001709 -16 ) (3175.105713 3072 -16 ) (3175.105957 3072 0 ) (3552 3178.001465 0 ) 
4 46 58 (3175.111084 3072 0 ) (3088 3072 0 ) (3088 3072 -16 ) (3175.111084 3072 -16 ) 
4 46 47 (3088 3232 -16 ) (3088 3072 -16 ) (3088 3072 0 ) (3088 3232 0 ) 
4 47 121 (3072 3072 -16 ) (3072 3072 0 ) (3072 3232 0 ) (3072 3232 -16 ) 
4 47 58 (3088 3072 0 ) (3072 3072 0 ) (3072 3072 -16 ) (3088 3072 -16 ) 
4 48 59 (3620 2400 0 ) (3676 2400 0 ) (3676 2400 112 ) (3620 2400 112 ) 
4 48 49 (3560 2400 8 ) (3560 2400 192 ) (3560 3072 192 ) (3560 3072 8 ) 
4 49 55 (3552 2400 8 ) (3552 2400 144 ) (3552 3072 144 ) (3552 3072 8 ) 
4 50 55 (3536 2400 144 ) (3384 2400 144 ) (3384 3072 144 ) (3536 3072 144 ) 
5 51 55 (3368 2400 144 ) (3096 2400 144 ) (3096 3049.750244 144 ) (3175.110596 3072 144 ) (3368 3072 144 ) 
4 51 52 (3175.105957 3072 144 ) (3096 3049.751465 144 ) (3096 3049.751465 240 ) (3175.105957 3072 240 ) 
3 52 56 (3096 3072 144 ) (3175.110596 3072 144 ) (3096 3049.750244 144 ) 
4 53 217 (3072 2400 144 ) (3072 2400 240 ) (3072 3043 240 ) (3072 3043 144 ) 
4 53 55 (3080 2400 144 ) (3072 2400 144 ) (3072 3043 144 ) (3080 3045.250244 144 ) 
4 53 54 (3080 3045.251465 240 ) (3080 3045.251465 144 ) (3072 3043.001465 144 ) (3072 3043.001465 240 ) 
4 54 219 (3072 3043 240 ) (3072 3072 240 ) (3072 3072 144 ) (3072 3043 144 ) 
4 54 56 (3072 3043 144 ) (3072 3072 144 ) (3080 3072 144 ) (3080 3045.250244 144 ) 
4 55 225 (3072 2400 0 ) (3072 2400 128 ) (3072 3043 128 ) (3072 3043 0 ) 
4 55 217 (3072 2400 128 ) (3072 2400 144 ) (3072 3043 144 ) (3072 3043 128 ) 
4 55 60 (3088 2400 0 ) (3376 2400 0 ) (3376 2400 128 ) (3088 2400 128 ) 
5 55 57 (3552 2400 0 ) (3072 2400 0 ) (3072 3043 0 ) (3175.110840 3072 0 ) (3552 3072 0 ) 
4 55 56 (3072 3043 144 ) (3175.108643 3072 144 ) (3175.107666 3072 0 ) (3072 3043 0 ) 
4 56 228 (3072 3072 128 ) (3072 3072 0 ) (3072 3043 0 ) (3072 3043 128 ) 
4 56 219 (3072 3043 144 ) (3072 3072 144 ) (3072 3072 128 ) (3072 3043 128 ) 
3 56 58 (3072 3043 0 ) (3072 3072 0 ) (3175.110840 3072 0 ) 
4 57 236 (3072 2400 -16 ) (3072 2400 0 ) (3072 3043 0 ) (3072 3043 -16 ) 
4 57 61 (3088 2400 -16 ) (3376 2400 -16 ) (3376 2400 0 ) (3088 2400 0 ) 
4 57 58 (3175.105957 3072 -16 ) (3072 3043.001465 -16 ) (3072 3043.001465 0 ) (3175.105957 3072 0 ) 
4 58 237 (3072 3043 0 ) (3072 3072 0 ) (3072 3072 -16 ) (3072 3043 -16 ) 
4 60 61 (3088 2400 0 ) (3376 2400 0 ) (3376 2384 0 ) (3088 2384 0 ) 
4 62 140 (1696 4096 240 ) (1696 4096 136 ) (1952 4096 136 ) (1952 4096 240 ) 
4 63 234 (2624 3072 320 ) (2432 3072 320 ) (2432 3072 256 ) (2624 3072 256 ) 
4 63 65 (2432 3200 256 ) (2624 3200 256 ) (2624 3072 256 ) (2432 3072 256 ) 
4 64 238 (2416 3072 320 ) (2352 3072 320 ) (2352 3072 256 ) (2416 3072 256 ) 
4 64 65 (2352 3200 256 ) (2416 3200 256 ) (2416 3072 256 ) (2352 3072 256 ) 
4 65 239 (2416 3072 256 ) (2352 3072 256 ) (2352 3072 240 ) (2416 3072 240 ) 
4 65 234 (2624 3072 256 ) (2432 3072 256 ) (2432 3072 240 ) (2624 3072 240 ) 
4 65 69 (2624 3072 240 ) (2352 3072 240 ) (2352 3200 240 ) (2624 3200 240 ) 
4 66 71 (2928 4080 192 ) (3072 4080 192 ) (3072 3248 192 ) (2928 3248 192 ) 
4 67 144 (2048 4080 192 ) (2048 3248 192 ) (2048 3248 240 ) (2048 4080 240 ) 
4 67 87 (2048 3248 192 ) (2048 4080 192 ) (2128 4080 192 ) (2128 3248 192 ) 
4 68 219 (3072 3072 192 ) (3072 3072 240 ) (2928 3072 240 ) (2928 3072 192 ) 
4 68 73 (2928 3232 192 ) (3072 3232 192 ) (3072 3072 192 ) (2928 3072 192 ) 
4 69 239 (2416 3072 240 ) (2352 3072 240 ) (2352 3072 192 ) (2416 3072 192 ) 
4 69 234 (2624 3072 240 ) (2432 3072 240 ) (2432 3072 192 ) (2624 3072 192 ) 
4 69 83 (2624 3200 192 ) (2624 3072 192 ) (2352 3072 192 ) (2352 3200 192 ) 
4 70 240 (2128 3072 240 ) (2048 3072 240 ) (2048 3072 192 ) (2128 3072 192 ) 
4 70 154 (2048 3232 192 ) (2048 3072 192 ) (2048 3072 240 ) (2048 3232 240 ) 
4 70 89 (2048 3072 192 ) (2048 3232 192 ) (2128 3232 192 ) (2128 3072 192 ) 
3 71 94 (3071.499756 3253 128 ) (3066.019043 3255.923584 128 ) (3065.500000 3258 128 ) 
3 71 93 (3066.019043 3255.923584 128 ) (3050.875488 3264 128 ) (3064 3264 128 ) 
5 71 92 (3072 3252.733643 128 ) (3072 3248 128 ) (2928 3248 128 ) (2928 3264 128 ) (3050.875488 3264 128 ) 
4 71 91 (2928 4080 128 ) (3072 4080 128 ) (3072 3264 128 ) (2928 3264 128 ) 
4 71 72 (2928 4080 144 ) (2928 4080 128 ) (2928 3248 128 ) (2928 3248 144 ) 
4 72 92 (2912 3248 128 ) (2912 3264 128 ) (2928 3264 128 ) (2928 3248 128 ) 
4 72 91 (2912 3264 128 ) (2912 4080 128 ) (2928 4080 128 ) (2928 3264 128 ) 
4 72 80 (2912 3392 128 ) (2912 3248 128 ) (2912 3248 144 ) (2912 3392 144 ) 
4 72 77 (2912 3664 128 ) (2912 3392 128 ) (2912 3392 144 ) (2912 3664 144 ) 
4 72 75 (2912 4080 128 ) (2912 3664 128 ) (2912 3664 144 ) (2912 4080 144 ) 
4 73 219 (3072 3072 128 ) (3072 3072 192 ) (2928 3072 192 ) (2928 3072 128 ) 
4 73 114 (3072 3072 128 ) (2928 3072 128 ) (2928 3232 128 ) (3072 3232 128 ) 
4 73 74 (2928 3232 144 ) (2928 3232 128 ) (2928 3072 128 ) (2928 3072 144 ) 
4 74 220 (2912 3072 144 ) (2912 3072 128 ) (2928 3072 128 ) (2928 3072 144 ) 
4 74 114 (2928 3072 128 ) (2912 3072 128 ) (2912 3232 128 ) (2928 3232 128 ) 
4 74 81 (2912 3232 128 ) (2912 3072 128 ) (2912 3072 144 ) (2912 3232 144 ) 
4 75 91 (2912 4080 128 ) (2912 3664 128 ) (2720 3664 128 ) (2720 4080 128 ) 
4 75 77 (2720 3664 128 ) (2912 3664 128 ) (2912 3664 192 ) (2720 3664 192 ) 
4 76 101 (2352 3664 128 ) (2352 3728 128 ) (2544 3728 128 ) (2544 3664 128 ) 
4 77 91 (2720 3664 128 ) (2912 3664 128 ) (2912 3392 128 ) (2720 3392 128 ) 
4 77 80 (2720 3392 128 ) (2912 3392 128 ) (2912 3392 192 ) (2720 3392 192 ) 
4 78 98 (2688 3648 128 ) (2688 3520 128 ) (2560 3520 128 ) (2560 3648 128 ) 
4 79 104 (2352 3392 128 ) (2352 3648 128 ) (2544 3648 128 ) (2544 3392 128 ) 
4 80 92 (2720 3248 128 ) (2720 3264 128 ) (2912 3264 128 ) (2912 3248 128 ) 
4 80 91 (2720 3264 128 ) (2720 3392 128 ) (2912 3392 128 ) (2912 3264 128 ) 
4 81 222 (2912 3072 192 ) (2720 3072 192 ) (2720 3072 128 ) (2912 3072 128 ) 
4 81 115 (2912 3072 128 ) (2904 3072 128 ) (2904 3232 128 ) (2912 3232 128 ) 
4 81 116 (2904 3072 128 ) (2720 3072 128 ) (2720 3232 128 ) (2904 3232 128 ) 
4 82 106 (2352 3248 128 ) (2352 3376 128 ) (2560 3376 128 ) (2560 3248 128 ) 
4 82 100 (2560 3376 128 ) (2608 3376 128 ) (2608 3248 128 ) (2560 3248 128 ) 
4 83 241 (2416 3072 192 ) (2352 3072 192 ) (2352 3072 128 ) (2416 3072 128 ) 
4 83 234 (2624 3072 192 ) (2432 3072 192 ) (2432 3072 128 ) (2624 3072 128 ) 
4 84 110 (2144 3248 128 ) (2144 4080 128 ) (2152 4080 128 ) (2152 3248 128 ) 
4 84 109 (2152 4080 128 ) (2336 4080 128 ) (2336 3248 128 ) (2152 3248 128 ) 
4 84 86 (2144 4080 128 ) (2144 3248 128 ) (2144 3248 144 ) (2144 4080 144 ) 
3 85 248 (2224 3072 128 ) (2336 3072 128 ) (2336 3072 149 ) 
5 85 243 (2336 3072 192 ) (2144 3072 192 ) (2144 3072 128 ) (2224 3072 128 ) (2336 3072 149 ) 
4 85 118 (2152 3072 128 ) (2144 3072 128 ) (2144 3232 128 ) (2152 3232 128 ) 
4 85 117 (2336 3072 128 ) (2152 3072 128 ) (2152 3232 128 ) (2336 3232 128 ) 
4 85 88 (2144 3232 128 ) (2144 3072 128 ) (2144 3072 144 ) (2144 3232 144 ) 
4 86 111 (2128 4080 128 ) (2144 4080 128 ) (2144 3248 128 ) (2128 3248 128 ) 
4 86 87 (2128 4080 144 ) (2128 4080 128 ) (2128 3248 128 ) (2128 3248 144 ) 
4 87 144 (2048 4080 128 ) (2048 3248 128 ) (2048 3248 192 ) (2048 4080 192 ) 
4 87 111 (2048 3248 128 ) (2048 4080 128 ) (2128 4080 128 ) (2128 3248 128 ) 
4 88 249 (2128 3072 144 ) (2128 3072 128 ) (2144 3072 128 ) (2144 3072 144 ) 
4 88 119 (2144 3072 128 ) (2128 3072 128 ) (2128 3232 128 ) (2144 3232 128 ) 
4 88 89 (2128 3232 144 ) (2128 3232 128 ) (2128 3072 128 ) (2128 3072 144 ) 
4 89 250 (2128 3072 192 ) (2048 3072 192 ) (2048 3072 128 ) (2128 3072 128 ) 
4 89 154 (2048 3072 144 ) (2048 3072 192 ) (2048 3232 192 ) (2048 3232 144 ) 
4 89 158 (2048 3232 128 ) (2048 3072 128 ) (2048 3072 144 ) (2048 3232 144 ) 
4 89 119 (2128 3072 128 ) (2048 3072 128 ) (2048 3232 128 ) (2128 3232 128 ) 
4 90 97 (2788 4080 0 ) (2844 4080 0 ) (2844 4080 112 ) (2788 4080 112 ) 
4 91 96 (2904 4080 112 ) (2912 4080 112 ) (2912 3264 112 ) (2904 3264 112 ) 
4 91 95 (2912 4080 112 ) (3072 4080 112 ) (3072 3264 112 ) (2912 3264 112 ) 
4 91 97 (2720 3264 112 ) (2720 4080 112 ) (2904 4080 112 ) (2904 3264 112 ) 
4 91 93 (3050.875488 3264 112 ) (3064 3264 112 ) (3064 3264 128 ) (3050.875488 3264 128 ) 
4 91 92 (2720 3264 128 ) (2720 3264 112 ) (3050.875488 3264 112 ) (3050.875488 3264 128 ) 
4 92 96 (2912 3248 112 ) (2904 3248 112 ) (2904 3264 112 ) (2912 3264 112 ) 
5 92 95 (3072 3248 112 ) (2912 3248 112 ) (2912 3264 112 ) (3050.875488 3264 112 ) (3072 3252.733643 112 ) 
4 92 97 (2904 3248 112 ) (2720 3248 112 ) (2720 3264 112 ) (2904 3264 112 ) 
4 92 94 (3071.499756 3253 112 ) (3066.019043 3255.923828 112 ) (3066.019043 3255.923828 128 ) (3071.499756 3253 128 ) 
4 92 93 (3066.019043 3255.923828 112 ) (3050.876953 3264 112 ) (3050.876953 3264 128 ) (3066.019043 3255.923828 128 ) 
3 93 95 (3050.875488 3264 112 ) (3064 3264 112 ) (3066.019043 3255.923584 112 ) 
4 93 94 (3066.019531 3255.919922 128 ) (3066.019531 3255.919922 112 ) (3065.499268 3258 112 ) (3065.499268 3258 128 ) 
3 94 95 (3071.499756 3253 112 ) (3066.019043 3255.923584 112 ) (3065.500000 3258 112 ) 
4 95 120 (3072 4080 0 ) (3072 3248 0 ) (2912 3248 0 ) (2912 4080 0 ) 
4 95 96 (2912 3248 8 ) (2912 3248 112 ) (2912 4080 112 ) (2912 4080 8 ) 
4 96 97 (2904 3248 8 ) (2904 3248 112 ) (2904 4080 112 ) (2904 4080 8 ) 
4 97 112 (2788 3248 0 ) (2844 3248 0 ) (2844 3248 112 ) (2788 3248 112 ) 
4 98 102 (2560 3612 0 ) (2560 3556 0 ) (2560 3556 112 ) (2560 3612 112 ) 
4 99 122 (2608 3284 0 ) (2608 3340 0 ) (2620 3340 0 ) (2620 3284 0 ) 
4 99 100 (2608 3340 0 ) (2608 3284 0 ) (2608 3284 48 ) (2608 3340 48 ) 
4 100 123 (2608 3248 0 ) (2560 3248 0 ) (2560 3376 0 ) (2608 3376 0 ) 
4 100 106 (2560 3376 0 ) (2560 3248 0 ) (2560 3248 128 ) (2560 3376 128 ) 
4 101 124 (2544 3728 0 ) (2544 3664 0 ) (2352 3664 0 ) (2352 3728 0 ) 
4 101 103 (2384 3664 0 ) (2512 3664 0 ) (2512 3664 128 ) (2384 3664 128 ) 
4 102 104 (2544 3612 0 ) (2544 3556 0 ) (2544 3556 112 ) (2544 3612 112 ) 
4 103 104 (2384 3648 0 ) (2512 3648 0 ) (2512 3648 128 ) (2384 3648 128 ) 
4 104 107 (2352 3500 0 ) (2352 3444 0 ) (2352 3444 112 ) (2352 3500 112 ) 
4 104 105 (2364 3392 0 ) (2420 3392 0 ) (2420 3392 112 ) (2364 3392 112 ) 
4 105 106 (2364 3376 0 ) (2420 3376 0 ) (2420 3376 112 ) (2364 3376 112 ) 
4 106 126 (2544 3248 0 ) (2444 3248 0 ) (2444 3376 0 ) (2544 3376 0 ) 
4 106 123 (2560 3376 0 ) (2560 3248 0 ) (2544 3248 0 ) (2544 3376 0 ) 
4 107 109 (2336 3500 0 ) (2336 3444 0 ) (2336 3444 112 ) (2336 3500 112 ) 
4 108 109 (2212 4080 0 ) (2268 4080 0 ) (2268 4080 112 ) (2212 4080 112 ) 
4 109 113 (2212 3248 0 ) (2268 3248 0 ) (2268 3248 112 ) (2212 3248 112 ) 
4 109 110 (2152 4080 128 ) (2152 4080 8 ) (2152 3248 8 ) (2152 3248 128 ) 
4 110 111 (2144 4080 128 ) (2144 4080 8 ) (2144 3248 8 ) (2144 3248 128 ) 
4 111 170 (2048 3504 0 ) (2048 3248 0 ) (2048 3248 128 ) (2048 3504 128 ) 
4 111 164 (2048 4080 0 ) (2048 3504 0 ) (2048 3504 128 ) (2048 4080 128 ) 
4 111 128 (2048 3248 0 ) (2048 4080 0 ) (2144 4080 0 ) (2144 3248 0 ) 
4 112 116 (2788 3232 0 ) (2844 3232 0 ) (2844 3232 112 ) (2788 3232 112 ) 
4 113 117 (2212 3232 0 ) (2268 3232 0 ) (2268 3232 112 ) (2212 3232 112 ) 
4 114 228 (3072 3072 0 ) (3072 3072 128 ) (2912 3072 128 ) (2912 3072 0 ) 
4 114 121 (2912 3232 0 ) (3072 3232 0 ) (3072 3072 0 ) (2912 3072 0 ) 
4 114 115 (2912 3232 128 ) (2912 3232 8 ) (2912 3072 8 ) (2912 3072 128 ) 
4 115 229 (2912 3072 128 ) (2904 3072 128 ) (2904 3072 8 ) (2912 3072 8 ) 
4 115 116 (2904 3232 128 ) (2904 3232 8 ) (2904 3072 8 ) (2904 3072 128 ) 
4 116 230 (2904 3072 128 ) (2720 3072 128 ) (2720 3072 0 ) (2904 3072 0 ) 
4 117 255 (2336 3072 128 ) (2152 3072 128 ) (2152 3072 0 ) (2336 3072 0 ) 
4 117 118 (2152 3232 128 ) (2152 3232 8 ) (2152 3072 8 ) (2152 3072 128 ) 
4 118 266 (2152 3072 128 ) (2144 3072 128 ) (2144 3072 8 ) (2152 3072 8 ) 
4 118 119 (2144 3232 128 ) (2144 3232 8 ) (2144 3072 8 ) (2144 3072 128 ) 
4 119 270 (2136 3072 128 ) (2048 3072 128 ) (2048 3072 72 ) (2136 3072 72 ) 
4 119 271 (2048 3072 72 ) (2048 3072 0 ) (2136 3072 0 ) (2136 3072 72 ) 
4 119 268 (2144 3072 128 ) (2136 3072 128 ) (2136 3072 0 ) (2144 3072 0 ) 
4 119 176 (2048 3232 0 ) (2048 3072 0 ) (2048 3072 128 ) (2048 3232 128 ) 
4 119 129 (2048 3072 0 ) (2048 3232 0 ) (2144 3232 0 ) (2144 3072 0 ) 
4 121 237 (3072 3072 -16 ) (3072 3072 0 ) (2912 3072 0 ) (2912 3072 -16 ) 
4 122 123 (2608 3340 -64 ) (2608 3284 -64 ) (2608 3284 0 ) (2608 3340 0 ) 
4 123 126 (2544 3376 -64 ) (2544 3248 -64 ) (2544 3248 0 ) (2544 3376 0 ) 
4 124 125 (2544 3664 -56 ) (2352 3664 -56 ) (2352 3728 -56 ) (2544 3728 -56 ) 
4 125 135 (2352 3664 -64 ) (2352 3728 -64 ) (2516 3728 -64 ) (2516 3664 -64 ) 
4 125 133 (2516 3728 -64 ) (2544 3728 -64 ) (2544 3664 -64 ) (2516 3664 -64 ) 
4 126 136 (2444 3376 -64 ) (2516 3376 -64 ) (2516 3248 -64 ) (2444 3248 -64 ) 
4 126 127 (2444 3376 -8 ) (2444 3376 -64 ) (2444 3248 -64 ) (2444 3248 -8 ) 
4 127 136 (2352 3248 -64 ) (2352 3376 -64 ) (2444 3376 -64 ) (2444 3248 -64 ) 
4 128 170 (2048 3504 -16 ) (2048 3248 -16 ) (2048 3248 0 ) (2048 3504 0 ) 
4 128 168 (2048 4080 -16 ) (2048 3504 -16 ) (2048 3504 0 ) (2048 4080 0 ) 
4 129 273 (2144 3072 0 ) (2048 3072 0 ) (2048 3072 -16 ) (2144 3072 -16 ) 
4 129 176 (2048 3232 -16 ) (2048 3072 -16 ) (2048 3072 0 ) (2048 3232 0 ) 
4 130 131 (2612 3336 -84 ) (2612 3336 -192 ) (2612 3288 -192 ) (2612 3288 -84 ) 
4 131 132 (2608 3340 -80 ) (2608 3340 -192 ) (2608 3284 -192 ) (2608 3284 -80 ) 
4 132 134 (2544 3376 -192 ) (2544 3248 -192 ) (2544 3248 -72 ) (2544 3376 -72 ) 
4 133 137 (2516 3664 -192 ) (2516 3728 -192 ) (2544 3728 -192 ) (2544 3664 -192 ) 
4 133 135 (2516 3728 -192 ) (2516 3664 -192 ) (2516 3664 -64 ) (2516 3728 -64 ) 
4 134 136 (2516 3376 -192 ) (2516 3248 -192 ) (2516 3248 -72 ) (2516 3376 -72 ) 
4 135 137 (2352 3664 -192 ) (2352 3728 -192 ) (2516 3728 -192 ) (2516 3664 -192 ) 
4 137 138 (2544 3728 -248 ) (2544 3664 -248 ) (2352 3664 -248 ) (2352 3728 -248 ) 
4 138 139 (2544 3728 -256 ) (2544 3664 -256 ) (2352 3664 -256 ) (2352 3728 -256 ) 
4 140 149 (1696 4080 240 ) (1696 4080 144 ) (1952 4080 144 ) (1952 4080 240 ) 
4 140 151 (1696 4080 144 ) (1696 4080 136 ) (1952 4080 136 ) (1952 4080 144 ) 
4 141 164 (1968 4080 128 ) (1680 4080 128 ) (1680 4080 0 ) (1968 4080 0 ) 
4 141 143 (1968 4080 0 ) (1680 4080 0 ) (1680 4096 0 ) (1968 4096 0 ) 
4 142 166 (1380 4080 112 ) (1380 4080 0 ) (1436 4080 0 ) (1436 4080 112 ) 
4 143 168 (1968 4080 0 ) (1680 4080 0 ) (1680 4080 -16 ) (1968 4080 -16 ) 
4 144 170 (2048 3504 128 ) (2048 3248 128 ) (1976 3248 128 ) (1976 3504 128 ) 
4 144 164 (1976 4080 128 ) (2048 4080 128 ) (2048 3504 128 ) (1976 3504 128 ) 
4 144 145 (1976 4080 128 ) (1976 3248 128 ) (1976 3248 144 ) (1976 4080 144 ) 
4 145 170 (1976 3504 128 ) (1976 3248 128 ) (1960 3248 128 ) (1960 3504 128 ) 
4 145 164 (1960 4080 128 ) (1976 4080 128 ) (1976 3504 128 ) (1960 3504 128 ) 
4 145 151 (1960 4080 128 ) (1960 3248 128 ) (1960 3248 144 ) (1960 4080 144 ) 
4 146 149 (1935.998901 3248 240 ) (1935.998901 3248 144 ) (1688 3429.229736 144 ) (1688 3429.229736 240 ) 
3 146 148 (1688 3429.229736 144 ) (1935.998779 3248 144 ) (1688 3248 144 ) 
4 147 150 (1672 3440.922119 144 ) (1520 3552 144 ) (1520 3552 240 ) (1672 3440.922119 240 ) 
4 147 148 (1520 3552 144 ) (1672 3440.922119 144 ) (1672 3248 144 ) (1520 3248 144 ) 
4 148 175 (1684 3248 128 ) (1680 3248 128 ) (1680 3306 128 ) (1684 3306 128 ) 
4 148 171 (1680 3435.076904 128 ) (1684 3432.153809 128 ) (1684 3306 128 ) (1680 3306 128 ) 
3 148 169 (1936 3248 128 ) (1684 3248 128 ) (1684 3432.153809 128 ) 
3 148 161 (1504 3504 128 ) (1504 3563.692383 128 ) (1585.684326 3504 128 ) 
4 148 152 (1504 3563.692383 128 ) (1504 3248 128 ) (1504 3248 144 ) (1504 3563.692383 144 ) 
4 148 151 (1935.998901 3248 144 ) (1935.998901 3248 128 ) (1504 3563.691406 128 ) (1504 3563.691406 144 ) 
5 149 151 (1936 3248 144 ) (1688 3429.229736 144 ) (1688 4080 144 ) (1960 4080 144 ) (1960 3248 144 ) 
4 150 151 (1672 3440.922119 144 ) (1520 3552 144 ) (1520 4080 144 ) (1672 4080 144 ) 
4 151 172 (1684 3432.153809 128 ) (1680 3435.076904 128 ) (1680 3504 128 ) (1684 3504 128 ) 
5 151 170 (1960 3504 128 ) (1960 3248 128 ) (1936 3248 128 ) (1684 3432.153809 128 ) (1684 3504 128 ) 
5 151 164 (1504 4080 128 ) (1960 4080 128 ) (1960 3504 128 ) (1585.684326 3504 128 ) (1504 3563.692383 128 ) 
4 151 153 (1504 4080 128 ) (1504 3563.692383 128 ) (1504 3563.692383 144 ) (1504 4080 144 ) 
4 152 200 (1312 3248 128 ) (1312 3504 128 ) (1380 3504 128 ) (1380 3248 128 ) 
4 152 198 (1380 3504 128 ) (1436 3504 128 ) (1436 3248 128 ) (1380 3248 128 ) 
4 152 196 (1436 3504 128 ) (1476 3504 128 ) (1476 3248 128 ) (1436 3248 128 ) 
4 152 195 (1476 3504 128 ) (1480 3504 128 ) (1480 3248 128 ) (1476 3248 128 ) 
4 152 162 (1496 3569.538574 128 ) (1504 3563.692383 128 ) (1504 3504 128 ) (1496 3504 128 ) 
4 152 163 (1312 3504 128 ) (1312 3704 128 ) (1496 3569.538574 128 ) (1496 3504 128 ) 
4 152 153 (1504 3563.691406 192 ) (1504 3563.691406 128 ) (1312 3704 128 ) (1312 3704 192 ) 
4 153 165 (1496 4080 128 ) (1504 4080 128 ) (1504 3563.692383 128 ) (1496 3569.538574 128 ) 
4 153 166 (1312 3704 128 ) (1312 4080 128 ) (1496 4080 128 ) (1496 3569.538574 128 ) 
4 154 277 (2048 3072 144 ) (2048 3072 192 ) (1976 3072 192 ) (1976 3072 144 ) 
4 154 274 (2048 3072 192 ) (2048 3072 240 ) (1976 3072 240 ) (1976 3072 192 ) 
4 154 158 (2048 3072 144 ) (1976 3072 144 ) (1976 3232 144 ) (2048 3232 144 ) 
4 155 278 (1688 3072 192 ) (1688 3072 144 ) (1960 3072 144 ) (1960 3072 192 ) 
4 155 275 (1960 3072 240 ) (1688 3072 240 ) (1688 3072 192 ) (1960 3072 192 ) 
4 155 158 (1960 3072 144 ) (1688 3072 144 ) (1688 3232 144 ) (1960 3232 144 ) 
4 156 279 (1520 3072 192 ) (1520 3072 144 ) (1672 3072 144 ) (1672 3072 192 ) 
4 156 276 (1672 3072 240 ) (1520 3072 240 ) (1520 3072 192 ) (1672 3072 192 ) 
4 156 158 (1672 3072 144 ) (1520 3072 144 ) (1520 3232 144 ) (1672 3232 144 ) 
4 157 281 (1312 3072 192 ) (1312 3072 144 ) (1504 3072 144 ) (1504 3072 192 ) 
4 157 158 (1504 3072 144 ) (1312 3072 144 ) (1312 3232 144 ) (1504 3232 144 ) 
4 158 281 (1504 3072 144 ) (1312 3072 144 ) (1312 3072 128 ) (1504 3072 128 ) 
4 158 280 (2048 3072 128 ) (2048 3072 144 ) (1504 3072 144 ) (1504 3072 128 ) 
4 158 213 (1476 3072 128 ) (1312 3072 128 ) (1312 3132 128 ) (1476 3132 128 ) 
4 158 211 (1480 3072 128 ) (1476 3072 128 ) (1476 3132 128 ) (1480 3132 128 ) 
4 158 202 (1312 3132 128 ) (1312 3232 128 ) (1476 3232 128 ) (1476 3132 128 ) 
4 158 201 (1476 3232 128 ) (1480 3232 128 ) (1480 3132 128 ) (1476 3132 128 ) 
4 158 181 (1968 3072 128 ) (1680 3072 128 ) (1680 3176 128 ) (1968 3176 128 ) 
4 158 178 (1680 3232 128 ) (1968 3232 128 ) (1968 3176 128 ) (1680 3176 128 ) 
4 158 176 (2048 3072 128 ) (1968 3072 128 ) (1968 3232 128 ) (2048 3232 128 ) 
4 159 214 (1040 3200 128 ) (1040 3232 128 ) (1296 3232 128 ) (1296 3200 128 ) 
4 160 283 (1040 3072 192 ) (1040 3072 128 ) (1168 3072 128 ) (1168 3072 192 ) 
4 160 282 (1168 3072 128 ) (1296 3072 128 ) (1296 3072 192 ) (1168 3072 192 ) 
4 160 216 (1296 3072 128 ) (1040 3072 128 ) (1040 3184 128 ) (1296 3184 128 ) 
4 161 184 (1552 3504 0 ) (1585.684326 3504 0 ) (1585.684326 3504 104 ) (1552 3504 104 ) 
3 161 167 (1585.684326 3504 0 ) (1504 3504 0 ) (1504 3563.692383 0 ) 
4 161 164 (1585.679688 3504 128 ) (1585.679688 3504 0 ) (1504 3563.688965 0 ) (1504 3563.688965 128 ) 
4 161 162 (1504 3563.693359 128 ) (1504 3563.693359 8 ) (1504 3504 8 ) (1504 3504 128 ) 
4 162 165 (1496 3569.535156 8 ) (1496 3569.535156 128 ) (1504 3563.688965 128 ) (1504 3563.688965 8 ) 
4 162 163 (1496 3569.539062 128 ) (1496 3569.539062 8 ) (1496 3504 8 ) (1496 3504 128 ) 
4 163 200 (1312 3504 128 ) (1312 3504 0 ) (1380 3504 0 ) (1380 3504 128 ) 
4 163 199 (1380 3504 0 ) (1436 3504 0 ) (1436 3504 112 ) (1380 3504 112 ) 
4 163 198 (1436 3504 112 ) (1436 3504 128 ) (1380 3504 128 ) (1380 3504 112 ) 
4 163 197 (1436 3504 0 ) (1476 3504 0 ) (1476 3504 112 ) (1436 3504 112 ) 
4 163 196 (1476 3504 128 ) (1436 3504 128 ) (1436 3504 112 ) (1476 3504 112 ) 
4 163 195 (1480 3504 128 ) (1476 3504 128 ) (1476 3504 112 ) (1480 3504 112 ) 
4 163 166 (1496 3569.535156 0 ) (1312 3703.996582 0 ) (1312 3703.996582 128 ) (1496 3569.535156 128 ) 
4 164 185 (1585.684326 3504 0 ) (1608 3504 0 ) (1608 3504 104 ) (1585.684326 3504 104 ) 
4 164 172 (1684 3504 112 ) (1684 3504 128 ) (1680 3504 128 ) (1680 3504 112 ) 
4 164 170 (1684 3504 0 ) (2048 3504 0 ) (2048 3504 128 ) (1684 3504 128 ) 
5 164 168 (2048 3504 0 ) (1585.684326 3504 0 ) (1504 3563.692383 0 ) (1504 4080 0 ) (2048 4080 0 ) 
4 164 165 (1504 3563.693359 8 ) (1504 3563.693359 128 ) (1504 4080 128 ) (1504 4080 8 ) 
4 165 166 (1496 3569.539062 8 ) (1496 3569.539062 128 ) (1496 4080 128 ) (1496 4080 8 ) 
4 167 184 (1585.684326 3504 -8 ) (1585.684326 3504 0 ) (1552 3504 0 ) (1552 3504 -8 ) 
4 167 168 (1504 3563.691895 0 ) (1585.683594 3504 0 ) (1585.683594 3504 -16 ) (1504 3563.691895 -16 ) 
4 168 185 (1608 3504 -8 ) (1608 3504 0 ) (1585.684326 3504 0 ) (1585.684326 3504 -8 ) 
4 168 170 (1684 3504 -16 ) (2048 3504 -16 ) (2048 3504 0 ) (1684 3504 0 ) 
4 169 179 (1684 3248 -16 ) (1936 3248 -16 ) (1936 3248 112 ) (1684 3248 112 ) 
4 169 177 (1936 3248 112 ) (1936 3248 128 ) (1684 3248 128 ) (1684 3248 112 ) 
4 169 175 (1684 3248 112 ) (1684 3248 128 ) (1684 3306 128 ) (1684 3306 112 ) 
4 169 173 (1684 3306 26 ) (1684 3306 86 ) (1684 3432.153809 86 ) (1684 3432.153809 26 ) 
4 169 171 (1684 3306 112 ) (1684 3306 128 ) (1684 3432.153809 128 ) (1684 3432.153809 112 ) 
4 169 170 (1935.996948 3248 128 ) (1935.996948 3248 -16 ) (1684 3432.152344 -16 ) (1684 3432.152344 128 ) 
4 170 179 (1936 3248 -16 ) (1968 3248 -16 ) (1968 3248 112 ) (1936 3248 112 ) 
4 170 177 (1968 3248 112 ) (1968 3248 128 ) (1936 3248 128 ) (1936 3248 112 ) 
4 170 174 (1684 3432.153809 26 ) (1684 3432.153809 86 ) (1684 3446 86 ) (1684 3446 26 ) 
4 170 172 (1684 3504 128 ) (1684 3504 112 ) (1684 3432.153809 112 ) (1684 3432.153809 128 ) 
4 171 175 (1680 3306 112 ) (1684 3306 112 ) (1684 3306 128 ) (1680 3306 128 ) 
4 171 172 (1684 3432.151855 128 ) (1684 3432.151855 112 ) (1680 3435.074951 112 ) (1680 3435.074951 128 ) 
4 173 186 (1676 3306 26 ) (1676 3306 86 ) (1676 3438 86 ) (1676 3438 26 ) 
4 173 174 (1684 3432.152344 26 ) (1676 3437.998535 26 ) (1676 3437.998779 86 ) (1684 3432.152588 86 ) 
4 174 187 (1676 3438 86 ) (1676 3446 86 ) (1676 3446 26 ) (1676 3438 26 ) 
4 175 177 (1680 3248 112 ) (1684 3248 112 ) (1684 3248 128 ) (1680 3248 128 ) 
4 176 296 (2048 3072 -16 ) (2048 3072 112 ) (1968 3072 112 ) (1968 3072 -16 ) 
4 176 294 (2048 3072 112 ) (2048 3072 128 ) (1968 3072 128 ) (1968 3072 112 ) 
4 176 182 (1968 3176 -16 ) (1968 3072 -16 ) (1968 3072 112 ) (1968 3176 112 ) 
4 176 181 (1968 3072 112 ) (1968 3072 128 ) (1968 3176 128 ) (1968 3176 112 ) 
4 176 180 (1968 3232 -16 ) (1968 3176 -16 ) (1968 3176 112 ) (1968 3232 112 ) 
4 176 178 (1968 3176 112 ) (1968 3176 128 ) (1968 3232 128 ) (1968 3232 112 ) 
4 177 179 (1684 3248 112 ) (1968 3248 112 ) (1968 3232 112 ) (1684 3232 112 ) 
4 177 178 (1680 3232 112 ) (1968 3232 112 ) (1968 3232 128 ) (1680 3232 128 ) 
4 178 181 (1680 3176 112 ) (1968 3176 112 ) (1968 3176 128 ) (1680 3176 128 ) 
4 178 180 (1968 3176 112 ) (1684 3176 112 ) (1684 3232 112 ) (1968 3232 112 ) 
4 179 180 (1968 3232 -16 ) (1968 3232 112 ) (1684 3232 112 ) (1684 3232 -16 ) 
4 180 182 (1684 3176 -16 ) (1968 3176 -16 ) (1968 3176 112 ) (1684 3176 112 ) 
4 181 294 (1968 3072 128 ) (1680 3072 128 ) (1680 3072 112 ) (1968 3072 112 ) 
4 181 182 (1684 3176 112 ) (1968 3176 112 ) (1968 3072 112 ) (1684 3072 112 ) 
4 182 296 (1684 3072 -16 ) (1968 3072 -16 ) (1968 3072 112 ) (1684 3072 112 ) 
4 182 183 (1684 3176 88 ) (1684 3176 24 ) (1684 3072 24 ) (1684 3072 88 ) 
4 183 297 (1676 3072 88 ) (1676 3072 24 ) (1684 3072 24 ) (1684 3072 88 ) 
4 183 208 (1676 3072 24 ) (1676 3072 88 ) (1676 3076 88 ) (1676 3076 24 ) 
4 183 203 (1676 3076 88 ) (1676 3132 88 ) (1676 3132 24 ) (1676 3076 24 ) 
4 183 190 (1676 3132 88 ) (1676 3176 88 ) (1676 3176 24 ) (1676 3132 24 ) 
4 184 186 (1596.631714 3496 -8 ) (1596.631714 3496 104 ) (1552 3496 104 ) (1552 3496 -8 ) 
4 184 185 (1585.681641 3504 -8 ) (1585.681641 3504 104 ) (1596.629150 3496 104 ) (1596.629150 3496 -8 ) 
4 185 187 (1608 3496 -8 ) (1608 3496 104 ) (1596.631714 3496 104 ) (1596.631714 3496 -8 ) 
4 186 188 (1552 3244 -8 ) (1608 3244 -8 ) (1608 3244 104 ) (1552 3244 104 ) 
4 186 187 (1676 3438 -8 ) (1596.630615 3496 -8 ) (1596.632812 3496 112 ) (1676 3438 112 ) 
4 188 191 (1552 3236 -8 ) (1608 3236 -8 ) (1608 3236 0 ) (1552 3236 0 ) 
4 188 189 (1608 3236 0 ) (1608 3236 104 ) (1552 3236 104 ) (1552 3236 0 ) 
4 189 191 (1484 3232 0 ) (1484 3236 0 ) (1676 3236 0 ) (1676 3232 0 ) 
4 189 190 (1484 3232 112 ) (1484 3232 0 ) (1676 3232 0 ) (1676 3232 112 ) 
4 190 203 (1676 3132 0 ) (1676 3132 112 ) (1484 3132 112 ) (1484 3132 0 ) 
4 190 194 (1516 3132 0 ) (1492 3132 0 ) (1492 3136 0 ) (1516 3136 0 ) 
4 190 193 (1676 3132 0 ) (1516 3132 0 ) (1516 3136 0 ) (1676 3136 0 ) 
4 190 192 (1484 3136 0 ) (1484 3232 0 ) (1676 3232 0 ) (1676 3136 0 ) 
4 191 192 (1484 3232 -8 ) (1676 3232 -8 ) (1676 3232 0 ) (1484 3232 0 ) 
3 192 194 (1516 3136 -6 ) (1516 3136 0 ) (1492 3136 0 ) 
4 192 193 (1516 3136 -8 ) (1676 3136 -8 ) (1676 3136 0 ) (1516 3136 0 ) 
4 193 205 (1676 3132 -8 ) (1676 3132 -2 ) (1516 3132 -2 ) (1516 3132 -8 ) 
4 193 204 (1676 3132 -2 ) (1676 3132 0 ) (1516 3132 0 ) (1516 3132 -2 ) 
4 193 194 (1516 3136 0 ) (1516 3136 -6 ) (1516 3132 -6 ) (1516 3132 0 ) 
3 194 207 (1500 3132 -2 ) (1508 3132 -4 ) (1508 3132 -2 ) 
4 194 206 (1508 3132 -4 ) (1516 3132 -6 ) (1516 3132 -2 ) (1508 3132 -2 ) 
4 194 204 (1516 3132 0 ) (1492 3132 0 ) (1500 3132 -2 ) (1516 3132 -2 ) 
4 195 201 (1480 3232 128 ) (1476 3232 128 ) (1476 3232 112 ) (1480 3232 112 ) 
4 195 196 (1476 3504 128 ) (1476 3504 112 ) (1476 3248 112 ) (1476 3248 128 ) 
4 196 198 (1436 3504 128 ) (1436 3504 112 ) (1436 3248 112 ) (1436 3248 128 ) 
4 196 197 (1436 3248 112 ) (1436 3504 112 ) (1476 3504 112 ) (1476 3248 112 ) 
4 197 199 (1436 3504 112 ) (1436 3504 0 ) (1436 3248 0 ) (1436 3248 112 ) 
4 198 200 (1380 3504 128 ) (1380 3504 112 ) (1380 3248 112 ) (1380 3248 128 ) 
4 198 199 (1380 3248 112 ) (1380 3504 112 ) (1436 3504 112 ) (1436 3248 112 ) 
4 199 202 (1436 3232 0 ) (1436 3232 112 ) (1380 3232 112 ) (1380 3232 0 ) 
4 199 200 (1380 3504 112 ) (1380 3504 0 ) (1380 3248 0 ) (1380 3248 112 ) 
4 201 211 (1480 3132 128 ) (1476 3132 128 ) (1476 3132 112 ) (1480 3132 112 ) 
4 201 202 (1476 3232 128 ) (1476 3232 112 ) (1476 3132 112 ) (1476 3132 128 ) 
4 202 213 (1312 3132 128 ) (1312 3132 0 ) (1476 3132 0 ) (1476 3132 128 ) 
4 203 212 (1484 3132 112 ) (1484 3132 0 ) (1484 3076 0 ) (1484 3076 112 ) 
4 203 209 (1484 3076 112 ) (1484 3076 0 ) (1516 3076 0 ) (1516 3076 112 ) 
4 203 208 (1516 3076 0 ) (1676 3076 0 ) (1676 3076 112 ) (1516 3076 112 ) 
4 203 204 (1676 3076 0 ) (1492 3076 0 ) (1492 3132 0 ) (1676 3132 0 ) 
4 204 210 (1500 3076 -2 ) (1516 3076 -2 ) (1516 3076 0 ) (1492 3076 0 ) 
4 204 208 (1516 3076 -2 ) (1676 3076 -2 ) (1676 3076 0 ) (1516 3076 0 ) 
4 204 207 (1508 3076 -2 ) (1500 3076 -2 ) (1500 3132 -2 ) (1508 3132 -2 ) 
4 204 206 (1516 3076 -2 ) (1508 3076 -2 ) (1508 3132 -2 ) (1516 3132 -2 ) 
4 204 205 (1676 3076 -2 ) (1516 3076 -2 ) (1516 3132 -2 ) (1676 3132 -2 ) 
4 205 208 (1516 3076 -8 ) (1676 3076 -8 ) (1676 3076 -2 ) (1516 3076 -2 ) 
4 205 206 (1516 3076 -6 ) (1516 3076 -2 ) (1516 3132 -2 ) (1516 3132 -6 ) 
4 206 210 (1516 3076 -6 ) (1516 3076 -2 ) (1508 3076 -2 ) (1508 3076 -4 ) 
4 206 207 (1508 3076 -4 ) (1508 3076 -2 ) (1508 3132 -2 ) (1508 3132 -4 ) 
3 207 210 (1508 3076 -4 ) (1508 3076 -2 ) (1500 3076 -2 ) 
4 208 298 (1516 3072 -8 ) (1676 3072 -8 ) (1676 3072 112 ) (1516 3072 112 ) 
4 208 210 (1516 3072 -6 ) (1516 3072 0 ) (1516 3076 0 ) (1516 3076 -6 ) 
4 208 209 (1516 3072 0 ) (1516 3072 112 ) (1516 3076 112 ) (1516 3076 0 ) 
4 209 298 (1484 3072 112 ) (1484 3072 0 ) (1516 3072 0 ) (1516 3072 112 ) 
4 209 210 (1492 3076 0 ) (1516 3076 0 ) (1516 3072 0 ) (1492 3072 0 ) 
3 210 298 (1516 3072 -6 ) (1516 3072 0 ) (1492 3072 0 ) 
4 211 295 (1480 3072 128 ) (1476 3072 128 ) (1476 3072 112 ) (1480 3072 112 ) 
4 211 213 (1476 3132 128 ) (1476 3132 112 ) (1476 3072 112 ) (1476 3072 128 ) 
4 211 212 (1476 3076 112 ) (1476 3132 112 ) (1480 3132 112 ) (1480 3076 112 ) 
4 212 213 (1476 3132 112 ) (1476 3132 0 ) (1476 3076 0 ) (1476 3076 112 ) 
4 213 299 (1312 3072 112 ) (1312 3072 0 ) (1476 3072 0 ) (1476 3072 112 ) 
4 213 295 (1476 3072 128 ) (1312 3072 128 ) (1312 3072 112 ) (1476 3072 112 ) 
4 214 215 (1072 3200 0 ) (1264 3200 0 ) (1264 3200 128 ) (1072 3200 128 ) 
4 215 216 (1072 3184 0 ) (1264 3184 0 ) (1264 3184 128 ) (1072 3184 128 ) 
4 216 341 (1296 3072 0 ) (1296 3072 128 ) (1040 3072 128 ) (1040 3072 0 ) 
4 217 225 (3072 3043 128 ) (3072 2400 128 ) (2928 2400 128 ) (2928 3002.500000 128 ) 
4 217 219 (3072 3043.001465 128 ) (2928 3002.501465 128 ) (2928 3002.501465 240 ) (3072 3043.001465 240 ) 
4 217 218 (2928 3002.498047 144 ) (2928 3002.498047 128 ) (2928 2400 128 ) (2928 2400 144 ) 
4 218 225 (2928 2400 128 ) (2912 2400 128 ) (2912 2998 128 ) (2928 3002.500000 128 ) 
4 218 221 (2912 2998 128 ) (2912 2400 128 ) (2912 2400 144 ) (2912 2998 144 ) 
4 218 220 (2928 3002.501465 128 ) (2912 2998.001465 128 ) (2912 2998.001465 144 ) (2928 3002.501465 144 ) 
4 219 228 (2928 3072 128 ) (3072 3072 128 ) (3072 3043 128 ) (2928 3002.500000 128 ) 
4 219 220 (2928 3072 128 ) (2928 3002.498047 128 ) (2928 3002.498047 144 ) (2928 3072 144 ) 
4 220 228 (2912 3072 128 ) (2928 3072 128 ) (2928 3002.500000 128 ) (2912 2998 128 ) 
4 220 222 (2912 3072 128 ) (2912 2998 128 ) (2912 2998 144 ) (2912 3072 144 ) 
4 221 226 (2912 2998 128 ) (2912 2400 128 ) (2904 2400 128 ) (2904 2995.750000 128 ) 
4 221 227 (2904 2400 128 ) (2720 2400 128 ) (2720 2944 128 ) (2904 2995.750000 128 ) 
4 221 222 (2912 2998.001465 192 ) (2912 2998.001465 128 ) (2720 2944.001465 128 ) (2720 2944.001465 192 ) 
4 222 229 (2904 3072 128 ) (2912 3072 128 ) (2912 2998 128 ) (2904 2995.750000 128 ) 
4 222 230 (2720 3072 128 ) (2904 3072 128 ) (2904 2995.750000 128 ) (2720 2944 128 ) 
4 223 224 (2640 2688 136 ) (2640 2944 136 ) (2704 2944 136 ) (2704 2688 136 ) 
4 224 232 (2704 2688 128 ) (2640 2688 128 ) (2640 2944 128 ) (2704 2944 128 ) 
4 225 236 (3072 3043 0 ) (3072 2400 0 ) (2912 2400 0 ) (2912 2998 0 ) 
4 225 228 (3072 3043 0 ) (2912 2998 0 ) (2912 2998 128 ) (3072 3043 128 ) 
4 225 226 (2912 2998 128 ) (2912 2998 8 ) (2912 2400 8 ) (2912 2400 128 ) 
4 226 229 (2904 2995.750244 8 ) (2904 2995.750000 128 ) (2912 2998 128 ) (2912 2998 8 ) 
4 226 227 (2904 2995.750000 128 ) (2904 2995.750000 8 ) (2904 2400 8 ) (2904 2400 128 ) 
4 227 232 (2720 2944 0 ) (2720 2688 0 ) (2720 2688 128 ) (2720 2944 128 ) 
4 227 231 (2788 2400 0 ) (2844 2400 0 ) (2844 2400 112 ) (2788 2400 112 ) 
4 227 230 (2904 2995.750244 0 ) (2720 2944 0 ) (2720 2944 128 ) (2904 2995.750000 128 ) 
4 228 237 (2912 3072 0 ) (3072 3072 0 ) (3072 3043 0 ) (2912 2998 0 ) 
4 228 229 (2912 2998 8 ) (2912 2998 128 ) (2912 3072 128 ) (2912 3072 8 ) 
4 229 230 (2904 2995.750000 8 ) (2904 2995.750000 128 ) (2904 3072 128 ) (2904 3072 8 ) 
4 232 233 (2640 2868 0 ) (2640 2764 0 ) (2640 2764 112 ) (2640 2868 112 ) 
4 233 235 (2624 2868 0 ) (2624 2764 0 ) (2624 2764 112 ) (2624 2868 112 ) 
4 234 235 (2624 2688 128 ) (2432 2688 128 ) (2432 2944 128 ) (2624 2944 128 ) 
4 235 252 (2432 2868 0 ) (2432 2764 0 ) (2432 2764 112 ) (2432 2868 112 ) 
4 236 237 (3072 3043.001465 -16 ) (2912 2998.001465 -16 ) (2912 2998.001465 0 ) (3072 3043.001465 0 ) 
4 238 239 (2352 3072 256 ) (2416 3072 256 ) (2416 2960 256 ) (2352 2960 256 ) 
4 239 241 (2352 3072 192 ) (2416 3072 192 ) (2416 2960 192 ) (2352 2960 192 ) 
4 240 274 (2048 3072 240 ) (2048 3072 192 ) (2048 2400 192 ) (2048 2400 240 ) 
4 240 250 (2048 3072 192 ) (2128 3072 192 ) (2128 2400 192 ) (2048 2400 192 ) 
4 242 253 (2416 2688 128 ) (2352 2688 128 ) (2352 2868 128 ) (2416 2868 128 ) 
4 242 251 (2352 2868 128 ) (2352 2944 128 ) (2416 2944 128 ) (2416 2868 128 ) 
4 243 266 (2144 3072 128 ) (2152 3072 128 ) (2152 2976 128 ) (2144 2976 128 ) 
4 243 267 (2152 2976 128 ) (2152 2400 128 ) (2144 2400 128 ) (2144 2976 128 ) 
4 243 265 (2224 2424 128 ) (2219.333740 2421.666748 128 ) (2152 2416.858643 128 ) (2152 2418.858887 128 ) 
4 243 264 (2224 2652 128 ) (2224 2424 128 ) (2152 2418.858887 128 ) (2152 2652 128 ) 
4 243 263 (2180 2400 128 ) (2176 2400 128 ) (2186.286377 2405.143066 128 ) (2192 2406 128 ) 
4 243 262 (2224 2412.800049 128 ) (2224 2400 128 ) (2180 2400 128 ) (2197.714600 2408.857422 128 ) 
3 243 261 (2224 2422 128 ) (2224 2412.800049 128 ) (2197.714600 2408.857422 128 ) 
4 243 260 (2152 2402 128 ) (2152 2416.858643 128 ) (2219.333740 2421.666748 128 ) (2192 2408 128 ) 
3 243 259 (2176 2400 128 ) (2152 2400 128 ) (2186.286133 2405.143066 128 ) 
4 243 258 (2160.061768 2652 128 ) (2157.992920 2652 128 ) (2157.992920 2716 128 ) (2160.061768 2716 128 ) 
4 243 257 (2224 2716 128 ) (2224 2652 128 ) (2160.061768 2652 128 ) (2160.061768 2716 128 ) 
4 243 256 (2157.992920 2652 128 ) (2152 2652 128 ) (2152 2716 128 ) (2157.992920 2716 128 ) 
4 243 255 (2152 3072 128 ) (2224 3072 128 ) (2224 2716 128 ) (2152 2716 128 ) 
4 243 249 (2144 3072 128 ) (2144 2400 128 ) (2144 2400 144 ) (2144 3072 144 ) 
5 243 248 (2336 3072 149 ) (2336 2456 149 ) (2288 2428.570312 140 ) (2224 2424 128 ) (2224 3072 128 ) 
4 243 247 (2284 2426.284424 139.250046 ) (2238.004883 2400 130.625916 ) (2224 2400 128 ) (2224 2422 128 ) 
5 243 245 (2238 2400 192 ) (2238 2400 130.624954 ) (2288 2428.572754 140 ) (2336 2456.002930 152 ) (2336 2456.002930 192 ) 
3 244 246 (2336 2454 149 ) (2336 2400 149 ) (2241.504639 2400 131.282135 ) 
5 244 245 (2336 2453.998047 192 ) (2336 2453.998047 152 ) (2288 2426.567627 140 ) (2241.509033 2400 131.282928 ) (2241.509033 2400 192 ) 
4 245 247 (2288 2426.570068 140 ) (2241.504639 2400 131.282135 ) (2238.004883 2400 130.625916 ) (2284 2426.284424 139.250092 ) 
3 246 254 (2336 2454 128 ) (2336 2400 128 ) (2241.504639 2400 128 ) 
4 246 247 (2241.506348 2400 128 ) (2241.506348 2400 131.282455 ) (2288.001953 2426.570312 140 ) (2288.001953 2426.570312 128 ) 
4 247 262 (2278.105957 2420.916016 128 ) (2241.504639 2400 128 ) (2224 2400 128 ) (2224 2412.800049 128 ) 
4 247 261 (2288 2426.570068 128 ) (2278.105957 2420.916016 128 ) (2224 2412.800049 128 ) (2224 2422 128 ) 
5 248 264 (2336 2652 128 ) (2336 2456 128 ) (2288 2428.570312 128 ) (2224 2424 128 ) (2224 2652 128 ) 
4 248 257 (2336 2716 128 ) (2336 2652 128 ) (2224 2652 128 ) (2224 2716 128 ) 
4 248 255 (2224 3072 128 ) (2336 3072 128 ) (2336 2716 128 ) (2224 2716 128 ) 
4 249 270 (2128 3072 128 ) (2136 3072 128 ) (2136 2617 128 ) (2128 2617.842041 128 ) 
4 249 269 (2136 2615 128 ) (2136 2400 128 ) (2128 2400 128 ) (2128 2615.842041 128 ) 
4 249 268 (2136 3072 128 ) (2144 3072 128 ) (2144 2400 128 ) (2136 2400 128 ) 
4 249 250 (2128 3072 128 ) (2128 2400 128 ) (2128 2400 144 ) (2128 3072 144 ) 
4 250 277 (2048 2400 192 ) (2048 3072 192 ) (2048 3072 144 ) (2048 2400 144 ) 
4 250 280 (2048 3072 144 ) (2048 3072 128 ) (2048 2400 128 ) (2048 2400 144 ) 
4 250 270 (2048 2626.263184 128 ) (2048 3072 128 ) (2128 3072 128 ) (2128 2617.842041 128 ) 
4 250 269 (2048 2400 128 ) (2048 2624.262939 128 ) (2128 2615.842041 128 ) (2128 2400 128 ) 
4 251 255 (2336 2944 0 ) (2336 2868 0 ) (2336 2868 128 ) (2336 2944 128 ) 
4 251 253 (2336 2868 128 ) (2336 2868 0 ) (2416 2868 0 ) (2416 2868 128 ) 
4 252 253 (2416 2868 112 ) (2416 2868 0 ) (2416 2764 0 ) (2416 2764 112 ) 
4 253 257 (2336 2716 0 ) (2336 2688 0 ) (2336 2688 128 ) (2336 2716 128 ) 
4 253 255 (2336 2868 0 ) (2336 2716 0 ) (2336 2716 128 ) (2336 2868 128 ) 
4 254 272 (2241.504639 2400 0 ) (2268 2400 0 ) (2268 2400 112 ) (2241.504639 2400 112 ) 
4 254 262 (2278.106445 2420.916016 0 ) (2241.505371 2400 0 ) (2241.505371 2400 128 ) (2278.106445 2420.916016 128 ) 
4 254 261 (2288 2426.570068 0 ) (2278.106445 2420.916016 0 ) (2278.106445 2420.916016 128 ) (2288 2426.570068 128 ) 
4 255 266 (2152 2976 8 ) (2152 2976 128 ) (2152 3072 128 ) (2152 3072 8 ) 
4 255 267 (2152 2976 0 ) (2152 2716 0 ) (2152 2716 128 ) (2152 2976 128 ) 
4 255 258 (2171.150146 2716 86.623329 ) (2160.061768 2716 128 ) (2157.992920 2716 128 ) (2169.219971 2716 86.105698 ) 
4 255 257 (2194.363770 2716 0 ) (2336 2716 0 ) (2336 2716 128 ) (2160.061768 2716 128 ) 
4 255 256 (2152 2716 128 ) (2152 2716 0 ) (2192.295166 2716 0 ) (2157.992920 2716 128 ) 
4 256 267 (2152 2716 0 ) (2152 2652 0 ) (2152 2652 128 ) (2152 2716 128 ) 
4 256 264 (2152 2652 128 ) (2152 2652 0 ) (2192.295166 2652 0 ) (2157.992920 2652 128 ) 
4 256 258 (2157.992920 2652 128 ) (2169.219971 2652 86.105698 ) (2169.218750 2716 86.105309 ) (2157.991455 2716 128 ) 
4 257 264 (2194.363770 2652 0 ) (2336 2652 0 ) (2336 2652 128 ) (2160.061768 2652 128 ) 
4 257 258 (2160.061523 2716 128 ) (2171.149902 2716 86.623291 ) (2171.150391 2652 86.623405 ) (2160.062012 2652 128 ) 
4 258 264 (2171.150146 2652 86.623329 ) (2160.061768 2652 128 ) (2157.992920 2652 128 ) (2169.219971 2652 86.105698 ) 
4 259 263 (2176 2400 128 ) (2176 2400 0 ) (2186.286133 2405.143066 0 ) (2186.286133 2405.143066 128 ) 
4 260 267 (2152 2416.858643 0 ) (2152 2402 0 ) (2152 2402 128 ) (2152 2416.858643 128 ) 
4 260 265 (2219.332764 2421.666504 0 ) (2152 2416.858398 0 ) (2152 2416.858398 128 ) (2219.332764 2421.666504 128 ) 
4 261 262 (2197.712646 2408.856201 0 ) (2278.103760 2420.914551 0 ) (2278.103760 2420.914551 128 ) (2197.712646 2408.856201 128 ) 
4 262 272 (2212 2400 0 ) (2241.504639 2400 0 ) (2241.504639 2400 112 ) (2212 2400 112 ) 
4 262 263 (2192 2406 0 ) (2180 2400 0 ) (2180 2400 128 ) (2192 2406 128 ) 
4 264 267 (2152 2652 0 ) (2152 2418.858887 0 ) (2152 2418.858887 128 ) (2152 2652 128 ) 
4 264 265 (2152 2418.858887 128 ) (2152 2418.858887 0 ) (2224 2424 0 ) (2224 2424 128 ) 
4 265 267 (2152 2418.858887 0 ) (2152 2416.858643 0 ) (2152 2416.858643 128 ) (2152 2418.858887 128 ) 
4 266 268 (2144 2976 8 ) (2144 2976 128 ) (2144 3072 128 ) (2144 3072 8 ) 
4 266 267 (2144 2976 128 ) (2144 2976 8 ) (2152 2976 8 ) (2152 2976 128 ) 
4 267 268 (2144 2976 0 ) (2144 2400 0 ) (2144 2400 128 ) (2144 2976 128 ) 
4 268 273 (2136 3072 0 ) (2144 3072 0 ) (2144 2400 0 ) (2136 2400 0 ) 
4 268 270 (2136 2617 128 ) (2136 3072 128 ) (2136 3072 72 ) (2136 2617 72 ) 
4 268 269 (2136 2400 72 ) (2136 2400 128 ) (2136 2615 128 ) (2136 2615 72 ) 
4 268 271 (2136 3072 0 ) (2136 2400 0 ) (2136 2400 72 ) (2136 3072 72 ) 
4 269 300 (2048 2400 128 ) (2048 2624.262939 128 ) (2048 2624.262939 72 ) (2048 2400 72 ) 
4 269 271 (2136 2615 72 ) (2136 2400 72 ) (2048 2400 72 ) (2048 2624.262939 72 ) 
4 270 301 (2048 2626.263184 128 ) (2048 2976 128 ) (2048 2976 72 ) (2048 2626.263184 72 ) 
4 270 296 (2048 3072 112 ) (2048 3072 72 ) (2048 2976 72 ) (2048 2976 112 ) 
4 270 294 (2048 2976 128 ) (2048 3072 128 ) (2048 3072 112 ) (2048 2976 112 ) 
4 270 271 (2048 3072 72 ) (2136 3072 72 ) (2136 2617 72 ) (2048 2626.263184 72 ) 
4 271 302 (2048 2976 0 ) (2048 2400 0 ) (2048 2400 72 ) (2048 2976 72 ) 
4 271 296 (2048 3072 72 ) (2048 3072 0 ) (2048 2976 0 ) (2048 2976 72 ) 
4 271 273 (2048 3072 0 ) (2136 3072 0 ) (2136 2400 0 ) (2048 2400 0 ) 
4 273 302 (2048 2400 0 ) (2048 2976 0 ) (2048 2976 -16 ) (2048 2400 -16 ) 
4 273 296 (2048 2976 0 ) (2048 3072 0 ) (2048 3072 -16 ) (2048 2976 -16 ) 
4 274 277 (1976 3072 192 ) (2048 3072 192 ) (2048 2400 192 ) (1976 2400 192 ) 
4 275 278 (1688 3072 192 ) (1960 3072 192 ) (1960 2400 192 ) (1688 2400 192 ) 
4 276 279 (1520 3072 192 ) (1672 3072 192 ) (1672 2400 192 ) (1520 2400 192 ) 
4 277 280 (2048 2400 144 ) (1976 2400 144 ) (1976 3072 144 ) (2048 3072 144 ) 
4 278 280 (1960 2400 144 ) (1688 2400 144 ) (1688 3072 144 ) (1960 3072 144 ) 
4 279 280 (1672 2400 144 ) (1520 2400 144 ) (1520 3072 144 ) (1672 3072 144 ) 
4 280 308 (1504 2404 128 ) (1504 2976 128 ) (1967 2976 128 ) (1967 2404 128 ) 
4 280 331 (1504 2400 128 ) (1504 2404 128 ) (1967 2404 128 ) (1967 2400 128 ) 
4 280 305 (1968 2592 128 ) (1968 2464 128 ) (1967 2464 128 ) (1967 2592 128 ) 
4 280 304 (1967 2976 128 ) (1968 2976 128 ) (1968 2592 128 ) (1967 2592 128 ) 
4 280 307 (1968 2464 128 ) (1968 2400 128 ) (1967 2400 128 ) (1967 2464 128 ) 
4 280 303 (1968 2976 128 ) (1984 2976 128 ) (1984 2400 128 ) (1968 2400 128 ) 
4 280 301 (1984 2976 128 ) (2048 2976 128 ) (2048 2626.263184 128 ) (1984 2633 128 ) 
4 280 300 (2048 2624.263184 128 ) (2048 2400 128 ) (1984 2400 128 ) (1984 2631 128 ) 
4 280 294 (1680 3072 128 ) (2048 3072 128 ) (2048 2976 128 ) (1680 2976 128 ) 
4 280 281 (1504 3072 128 ) (1504 2400 128 ) (1504 2400 144 ) (1504 3072 144 ) 
4 281 333 (1504 2656 128 ) (1504 2400 128 ) (1496 2400 128 ) (1496 2656 128 ) 
4 281 332 (1496 2976 128 ) (1504 2976 128 ) (1504 2656 128 ) (1496 2656 128 ) 
4 281 334 (1312 2400 128 ) (1312 2976 128 ) (1496 2976 128 ) (1496 2400 128 ) 
4 281 295 (1312 2976 128 ) (1312 3072 128 ) (1480 3072 128 ) (1480 2976 128 ) 
4 282 347 (1296 3040 128 ) (1296 2928 128 ) (1168 2928 128 ) (1168 3040 128 ) 
3 282 344 (1171.800049 3040 128 ) (1168 3040 128 ) (1168 3044.750244 128 ) 
4 282 345 (1176.750000 3040 128 ) (1171.800049 3040 128 ) (1168 3044.750244 128 ) (1168 3047 128 ) 
4 282 343 (1248 3040 128 ) (1176.750000 3040 128 ) (1168 3047 128 ) (1168 3053.333252 128 ) 
5 282 342 (1296 3056 128 ) (1296 3040 128 ) (1248 3040 128 ) (1168 3053.333252 128 ) (1168 3056 128 ) 
4 282 341 (1168 3072 128 ) (1296 3072 128 ) (1296 3056 128 ) (1168 3056 128 ) 
4 282 292 (1296 2928 128 ) (1296 2928 192 ) (1168 2928 192 ) (1168 2928 128 ) 
4 282 286 (1168 3044.750244 128 ) (1168 3040 128 ) (1168 3040 192 ) (1168 3044.750244 192 ) 
4 282 287 (1168 3053.333252 128 ) (1168 3044.750244 128 ) (1168 3044.750244 192 ) (1168 3053.333252 192 ) 
4 282 284 (1168 3056 128 ) (1168 3053.333252 128 ) (1168 3053.333252 192 ) (1168 3056 192 ) 
4 282 290 (1168 2944 128 ) (1168 2930.666748 128 ) (1168 2930.666748 192 ) (1168 2944 192 ) 
4 282 291 (1168 2930.666748 128 ) (1168 2928 128 ) (1168 2928 192 ) (1168 2930.666748 192 ) 
4 282 283 (1168 3072 128 ) (1168 3056 128 ) (1168 3056 192 ) (1168 3072 192 ) 
4 283 341 (1040 3056 128 ) (1040 3072 128 ) (1168 3072 128 ) (1168 3056 128 ) 
4 283 284 (1168 3056 128 ) (1168 3056 192 ) (1152 3056 192 ) (1152 3056 128 ) 
3 284 342 (1152 3056 128 ) (1168 3056 128 ) (1168 3053.333252 128 ) 
4 284 285 (1158 3055 128 ) (1160.076660 3054.654297 128 ) (1160.076660 3054.654297 192 ) (1158 3055 192 ) 
4 284 287 (1160.076660 3054.654297 128 ) (1168 3053.333740 128 ) (1168 3053.333740 192 ) (1160.076660 3054.654297 192 ) 
3 285 343 (1158 3055 128 ) (1160.077148 3054.653809 128 ) (1163 3051 128 ) 
4 285 287 (1162.998779 3051 128 ) (1160.076172 3054.654297 128 ) (1160.076172 3054.654297 192 ) (1162.998779 3051 192 ) 
3 286 344 (1167 3046 128 ) (1168 3044.750244 128 ) (1168 3040 128 ) 
4 286 287 (1168 3044.749268 192 ) (1168 3044.749268 128 ) (1167 3046 128 ) (1167 3046 192 ) 
3 287 345 (1168 3047 128 ) (1168 3044.750244 128 ) (1163 3051 128 ) 
4 287 343 (1160.077148 3054.653809 128 ) (1168 3053.333252 128 ) (1168 3047 128 ) (1163 3051 128 ) 
3 288 348 (1167 2938 128 ) (1166.653931 2935.923096 128 ) (1163 2933 128 ) 
4 288 289 (1163.001221 2933.001465 128 ) (1166.656250 2935.925781 128 ) (1166.656250 2935.925781 192 ) (1163.001221 2933.001465 192 ) 
4 288 290 (1166.653687 2935.922852 128 ) (1167 2938 128 ) (1167 2938 192 ) (1166.653687 2935.922852 192 ) 
3 289 349 (1166.653931 2935.923096 128 ) (1165.714355 2930.285889 128 ) (1158 2929 128 ) 
4 289 290 (1165.714355 2930.287109 192 ) (1165.714355 2930.287109 128 ) (1166.653687 2935.922852 128 ) (1166.653687 2935.922852 192 ) 
4 289 291 (1158.001587 2929.001221 128 ) (1165.714478 2930.286621 128 ) (1165.714478 2930.286621 192 ) (1158.001587 2929.001221 192 ) 
3 290 350 (1168 2944 128 ) (1168 2930.666748 128 ) (1165.714355 2930.285889 128 ) 
4 290 291 (1165.714478 2930.286621 128 ) (1168 2930.667480 128 ) (1168 2930.667480 192 ) (1165.714478 2930.286621 192 ) 
3 291 351 (1168 2930.666748 128 ) (1168 2928 128 ) (1152 2928 128 ) 
4 291 292 (1168 2928 192 ) (1152 2928 192 ) (1152 2928 128 ) (1168 2928 128 ) 
4 292 357 (1040 2736 128 ) (1040 2928 128 ) (1168 2928 128 ) (1168 2736 128 ) 
4 292 347 (1168 2928 128 ) (1296 2928 128 ) (1296 2736 128 ) (1168 2736 128 ) 
4 293 398 (1024 2584 176 ) (1024 2584 128 ) (1024 2536 128 ) (1024 2536 176 ) 
4 294 308 (1680 2976 112 ) (1967 2976 112 ) (1967 2976 128 ) (1680 2976 128 ) 
4 294 304 (1967 2976 112 ) (1968 2976 112 ) (1968 2976 128 ) (1967 2976 128 ) 
4 294 303 (1968 2976 112 ) (1984 2976 112 ) (1984 2976 128 ) (1968 2976 128 ) 
4 294 301 (1984 2976 112 ) (2048 2976 112 ) (2048 2976 128 ) (1984 2976 128 ) 
4 294 296 (2048 2976 112 ) (1684 2976 112 ) (1684 3072 112 ) (2048 3072 112 ) 
4 295 334 (1312 2976 128 ) (1312 2976 112 ) (1480 2976 112 ) (1480 2976 128 ) 
4 295 299 (1476 2976 112 ) (1312 2976 112 ) (1312 3072 112 ) (1476 3072 112 ) 
4 296 310 (1967 2976 10.973442 ) (1967 2976 112 ) (1684 2976 112 ) (1684 2976 84.070152 ) 
4 296 309 (1684 2976 -16 ) (1967 2976 -16 ) (1967 2976 10.973442 ) (1684 2976 84.070152 ) 
4 296 304 (1967 2976 -16 ) (1968 2976 -16 ) (1968 2976 112 ) (1967 2976 112 ) 
4 296 303 (1968 2976 -16 ) (1984 2976 -16 ) (1984 2976 112 ) (1968 2976 112 ) 
4 296 301 (2048 2976 72 ) (2048 2976 112 ) (1984 2976 112 ) (1984 2976 72 ) 
4 296 302 (1984 2976 -16 ) (2048 2976 -16 ) (2048 2976 72 ) (1984 2976 72 ) 
4 296 297 (1684 3032 24 ) (1684 3032 88 ) (1684 3072 88 ) (1684 3072 24 ) 
4 297 298 (1676 3032 24 ) (1676 3032 88 ) (1676 3072 88 ) (1676 3072 24 ) 
4 299 334 (1312 2976 112 ) (1312 2976 0 ) (1476 2976 0 ) (1476 2976 112 ) 
4 300 303 (1984 2631 72 ) (1984 2400 72 ) (1984 2400 128 ) (1984 2631 128 ) 
4 300 302 (2048 2400 72 ) (1984 2400 72 ) (1984 2631 72 ) (2048 2624.263184 72 ) 
4 301 303 (1984 2976 128 ) (1984 2976 72 ) (1984 2633 72 ) (1984 2633 128 ) 
4 301 302 (1984 2633 72 ) (1984 2976 72 ) (2048 2976 72 ) (2048 2626.263184 72 ) 
4 302 303 (1984 2976 72 ) (1984 2976 -16 ) (1984 2400 -16 ) (1984 2400 72 ) 
4 303 305 (1968 2464 110 ) (1968 2464 128 ) (1968 2592 128 ) (1968 2592 110 ) 
4 303 306 (1968 2592 -16 ) (1968 2464 -16 ) (1968 2464 78.572800 ) (1968 2592 78.572800 ) 
4 303 304 (1968 2976 128 ) (1968 2976 -16 ) (1968 2592 -16 ) (1968 2592 128 ) 
4 303 307 (1968 2464 -16 ) (1968 2400 -16 ) (1968 2400 128 ) (1968 2464 128 ) 
4 304 317 (1967 2594.590088 112 ) (1967 2605.177246 112 ) (1967 2605.177246 92.231720 ) (1967 2594.590088 52.700012 ) 
3 304 313 (1967 2605.177246 112 ) (1967 2610.471436 112 ) (1967 2605.177246 92.231720 ) 
4 304 311 (1967 2592 43.029167 ) (1967 2592 112 ) (1967 2594.590088 112 ) (1967 2594.590088 52.700012 ) 
5 304 310 (1967 2976 112 ) (1967 2976 10.973442 ) (1967 2592 -15.595525 ) (1967 2592 43.029167 ) (1967 2610.471436 112 ) 
4 304 309 (1967 2976 10.973442 ) (1967 2976 -16 ) (1967 2592 -16 ) (1967 2592 -15.595525 ) 
4 304 308 (1967 2976 128 ) (1967 2976 112 ) (1967 2592 112 ) (1967 2592 128 ) 
4 304 305 (1967 2592 128 ) (1967 2592 110 ) (1968 2592 110 ) (1968 2592 128 ) 
4 304 306 (1967 2592 78.572800 ) (1967 2592 -16 ) (1968 2592 -16 ) (1968 2592 78.572800 ) 
4 305 319 (1967 2464 110 ) (1967 2464 112 ) (1967 2471.843506 112 ) (1967 2471.843750 110 ) 
4 305 311 (1967 2471.843506 112 ) (1967 2592 112 ) (1967 2592 110 ) (1967 2471.843750 110 ) 
4 305 308 (1967 2464 112 ) (1967 2464 128 ) (1967 2592 128 ) (1967 2592 112 ) 
4 305 307 (1967 2464 128 ) (1967 2464 110 ) (1968 2464 110 ) (1968 2464 128 ) 
4 306 321 (1967 2471.859863 -16 ) (1967 2464 -16 ) (1967 2464 78.572800 ) (1967 2471.847656 78.572800 ) 
5 306 311 (1967 2576.191162 -16 ) (1967 2471.859863 -16 ) (1967 2471.847656 78.572800 ) (1967 2592 78.572800 ) (1967 2592 43.029053 ) 
4 306 310 (1967 2586.154053 -16 ) (1967 2576.191162 -16 ) (1967 2592 43.029053 ) (1967 2592 -15.595528 ) 
3 306 309 (1967 2592 -16 ) (1967 2586.154053 -16 ) (1967 2592 -15.595528 ) 
4 306 307 (1967 2464 78.572800 ) (1967 2464 -16 ) (1968 2464 -16 ) (1968 2464 78.572800 ) 
4 307 340 (1967 2400 0 ) (1967 2400 -16 ) (1968 2400 -16 ) (1968 2400 0 ) 
4 307 338 (1968 2400 128 ) (1967 2400 128 ) (1967 2400 0 ) (1968 2400 0 ) 
4 307 321 (1967 2464 -16 ) (1967 2404 -16 ) (1967 2404 80.572708 ) (1967 2464 80.572708 ) 
4 307 319 (1967 2404 80.572708 ) (1967 2404 112 ) (1967 2464 112 ) (1967 2464 80.572708 ) 
4 307 308 (1967 2404 112 ) (1967 2404 128 ) (1967 2464 128 ) (1967 2464 112 ) 
4 307 331 (1967 2404 -16 ) (1967 2400 -16 ) (1967 2400 128 ) (1967 2404 128 ) 
4 308 333 (1504 2656 112 ) (1504 2404 112 ) (1504 2404 128 ) (1504 2656 128 ) 
4 308 332 (1504 2976 128 ) (1504 2976 112 ) (1504 2656 112 ) (1504 2656 128 ) 
4 308 320 (1948 2404 112 ) (1504 2404 112 ) (1504 2595.656982 112 ) (1954.717529 2475.127686 112 ) 
4 308 319 (1967 2404 112 ) (1949 2404 112 ) (1955.692871 2474.866943 112 ) (1967 2471.843262 112 ) 
4 308 317 (1967 2605.177246 112 ) (1967 2594.589844 112 ) (1957.499878 2494 112 ) (1956.500000 2494 112 ) 
4 308 316 (1955.026733 2478.400391 112 ) (1954.717651 2475.127686 112 ) (1953.756958 2475.384766 112 ) (1953.918579 2478.400146 112 ) 
5 308 313 (1961 2610.471436 112 ) (1967 2610.471436 112 ) (1967 2605.177246 112 ) (1955.026733 2478.400391 112 ) (1953.918579 2478.400146 112 ) 
4 308 312 (1504 2595.656982 112 ) (1504 2610.471436 112 ) (1961 2610.471436 112 ) (1953.756958 2475.384766 112 ) 
3 308 311 (1967 2594.589844 112 ) (1967 2471.843262 112 ) (1955.692871 2474.866943 112 ) 
5 308 310 (1504 2610.471436 112 ) (1504 2707.714111 112 ) (1575.867188 2976 112 ) (1967 2976 112 ) (1967 2610.471436 112 ) 
3 308 309 (1504 2707.714111 112 ) (1504 2976 112 ) (1575.867188 2976 112 ) 
4 308 331 (1504 2404 128 ) (1504 2404 112 ) (1967 2404 112 ) (1967 2404 128 ) 
4 309 333 (1504 2404 8 ) (1504 2404 90.986008 ) (1504 2656 108.421898 ) (1504 2656 8 ) 
5 309 332 (1504 2976 112 ) (1504 2976 0 ) (1504 2656 0 ) (1504 2656 108.421898 ) (1504 2707.714111 112 ) 
4 309 330 (1936.181274 2478.586426 -15.482868 ) (1934.834839 2478.946533 -15.110186 ) (1918.653564 2418.540283 -15.110184 ) (1920 2418.180176 -15.482893 ) 
4 309 329 (1920.523560 2418.040039 -15.627827 ) (1918.653564 2418.540283 -15.110184 ) (1918.274780 2417.126221 -15.110184 ) (1920.144775 2416.626221 -15.627813 ) 
4 309 328 (1921.489380 2416.266602 -16 ) (1921.868042 2417.680420 -16 ) (1920.523560 2418.040039 -15.627827 ) (1920.144775 2416.626221 -15.627813 ) 
4 309 325 (1936.559937 2480 -15.482868 ) (1935.213501 2480.360107 -15.110186 ) (1934.834839 2478.946533 -15.110186 ) (1936.181274 2478.586426 -15.482868 ) 
4 309 323 (1914.758545 2404 -15.110184 ) (1918.203491 2404 -16 ) (1921.489380 2416.266602 -16 ) (1918.274780 2417.126221 -15.110184 ) 
4 309 322 (1544.314087 2404 80.572708 ) (1914.758545 2404 -15.110184 ) (1935.213501 2480.360107 -15.110186 ) (1589.528564 2572.789307 80.572708 ) 
4 309 320 (1504 2595.657959 104.246330 ) (1504 2404 90.985512 ) (1544.314087 2404 80.572708 ) (1589.528564 2572.789307 80.572708 ) 
3 309 314 (1960.166748 2560.652100 -16 ) (1964.329224 2576.191162 -16 ) (1961 2576.425781 -15.123823 ) 
5 309 312 (1504 2608.635498 105.144249 ) (1504 2595.657959 104.246330 ) (1938.428223 2479.500488 -16 ) (1960.166748 2560.652100 -16 ) (1961 2576.425781 -15.123823 ) 
6 309 310 (1575.865234 2976 112 ) (1504 2707.721191 112 ) (1504 2608.635498 105.144249 ) (1964.329224 2576.191162 -16 ) (1967 2586.161377 -16 ) (1967 2976 10.972980 ) 
3 309 331 (1504 2404 90.986008 ) (1504 2404 -16 ) (1918.205444 2404 -16 ) 
4 310 333 (1504 2610.471436 112 ) (1504 2656 112 ) (1504 2656 108.421898 ) (1504 2608.635498 105.144745 ) 
3 310 332 (1504 2656 112 ) (1504 2707.714111 112 ) (1504 2656 108.421898 ) 
5 310 317 (1964.262939 2576.196533 -15.982531 ) (1964.329346 2576.191895 -16 ) (1965.262451 2576.191895 -16 ) (1967 2594.589355 52.694870 ) (1967 2605.176514 92.226776 ) 
4 310 315 (1965.743286 2591.870605 42.543701 ) (1966.511108 2600 72.900101 ) (1962 2600 72.900085 ) (1962 2591.870850 42.543690 ) 
4 310 314 (1961 2576.426514 -15.123787 ) (1964.262939 2576.196533 -15.982531 ) (1965.743286 2591.870605 42.543701 ) (1961 2591.870850 42.543686 ) 
5 310 313 (1966.511108 2600 72.900101 ) (1967 2605.176514 92.226776 ) (1967 2610.472168 112 ) (1961 2610.472168 112 ) (1961 2600 72.900085 ) 
4 310 312 (1504 2608.635986 105.144249 ) (1961 2576.426514 -15.123787 ) (1961 2610.472168 112 ) (1504 2610.472168 112 ) 
3 310 311 (1965.262451 2576.191895 -16 ) (1967 2576.191895 -16 ) (1967 2594.589355 52.694870 ) 
4 311 325 (1959.211182 2473.930908 77.619881 ) (1955.693481 2474.873291 64.027321 ) (1955.693481 2474.874023 58.443439 ) (1960.560181 2473.570312 77.246490 ) 
4 311 324 (1963.425049 2472.803955 80.572708 ) (1959.975342 2473.726318 80.572708 ) (1959.211182 2473.930908 77.619881 ) (1962.430176 2473.070557 76.728905 ) 
3 311 322 (1959.975342 2473.726318 80.572708 ) (1955.693359 2474.871338 80.572708 ) (1955.693481 2474.873291 64.027321 ) 
5 311 321 (1955.694336 2474.883057 -16 ) (1967 2471.859863 -16 ) (1967 2471.847900 80.572708 ) (1963.425049 2472.803955 80.572708 ) (1955.693604 2474.875000 50.701572 ) 
4 311 319 (1967 2471.847900 80.572708 ) (1967 2471.843994 112 ) (1955.692993 2474.867676 112 ) (1955.693359 2474.871338 80.572708 ) 
4 311 318 (1957.500000 2494 -16 ) (1955.694336 2474.881104 -16 ) (1955.693115 2474.868896 80.572708 ) (1957.500000 2494 80.572708 ) 
5 311 317 (1967 2594.588867 52.691494 ) (1965.262573 2576.191895 -16 ) (1957.500000 2494 -16 ) (1957.500000 2494 112 ) (1967 2594.588867 112 ) 
4 312 333 (1504 2595.656982 112 ) (1504 2610.471436 112 ) (1504 2608.635498 105.144745 ) (1504 2595.657959 104.246826 ) 
4 312 325 (1935.214111 2480.359863 -15.107941 ) (1936.560547 2480 -15.480637 ) (1954.576538 2475.173340 54.127403 ) (1954.501587 2475.192871 59.421291 ) 
4 312 322 (1589.537354 2572.787109 80.572708 ) (1935.214111 2480.359863 -15.107941 ) (1954.501587 2475.192871 59.421291 ) (1954.202026 2475.270264 80.572708 ) 
4 312 321 (1938.430542 2479.499756 -15.998230 ) (1938.436890 2479.498047 -16 ) (1955.569824 2474.916260 -16 ) (1954.680542 2475.146484 46.786976 ) 
5 312 320 (1504 2595.658203 104.248772 ) (1589.537354 2572.787109 80.572708 ) (1954.202026 2475.270264 80.572708 ) (1953.756958 2475.385498 112 ) (1504 2595.657227 112 ) 
4 312 318 (1954.718628 2475.136963 44.095604 ) (1955.569702 2474.916992 -16 ) (1956.592896 2494 -16 ) (1956.500122 2494 -9.534883 ) 
3 312 317 (1956.592896 2494 -16 ) (1956.714844 2496.273926 -16 ) (1956.500122 2494 -9.534883 ) 
5 312 316 (1953.756836 2475.385498 112 ) (1954.209595 2475.268555 80.032814 ) (1955 2488.830078 75.672623 ) (1955 2496.969971 106.029037 ) (1953.918457 2478.400391 112 ) 
6 312 314 (1954.209595 2475.268555 80.032814 ) (1954.718628 2475.136963 44.095604 ) (1956.714844 2496.273926 -16 ) (1960.166626 2560.651123 -16 ) (1961 2576.425781 -15.123322 ) (1961 2591.869873 42.543949 ) 
3 312 313 (1961 2600 72.900368 ) (1961 2610.471191 112 ) (1953.918457 2478.400391 112 ) 
5 313 317 (1966.511841 2600 72.900291 ) (1967 2605.168457 92.198692 ) (1967 2605.168213 112 ) (1956.500732 2494 112 ) (1956.500732 2494 106.983963 ) 
4 313 316 (1954.918701 2478.403076 112 ) (1953.918701 2478.404297 112 ) (1955 2496.970215 106.030243 ) (1956 2496.970215 106.029945 ) 
4 313 315 (1966.508789 2600 72.902344 ) (1955.024536 2478.403076 112 ) (1954.918701 2478.403076 112 ) (1962 2600 72.901619 ) 
4 314 325 (1954.501587 2475.192871 59.421028 ) (1954.576538 2475.173340 54.127842 ) (1954.718384 2475.135498 54.675758 ) (1954.718384 2475.134766 60.258881 ) 
4 314 322 (1954.209717 2475.268311 80.032845 ) (1954.501587 2475.192871 59.421028 ) (1954.718384 2475.134766 60.258881 ) (1954.718140 2475.132324 80.076607 ) 
4 314 318 (1954.718750 2475.132080 80.076660 ) (1954.719238 2475.136719 44.078125 ) (1956.500732 2494 -9.552326 ) (1956.500732 2494 74.010384 ) 
6 314 317 (1956.500732 2494 -9.552326 ) (1956.714966 2496.267822 -16 ) (1964.226074 2575.798584 -16 ) (1964.263672 2576.196045 -15.982193 ) (1965.744019 2591.870117 42.543884 ) (1956.500732 2494 74.010384 ) 
5 314 316 (1955 2488.830078 75.672112 ) (1954.209961 2475.265625 80.033203 ) (1954.717163 2475.132080 80.075867 ) (1955.982422 2488.529053 75.768555 ) (1956 2488.829834 75.671822 ) 
3 314 315 (1955.982422 2488.529053 75.768555 ) (1965.742432 2591.869873 42.543190 ) (1962 2591.867676 42.544556 ) 
4 315 318 (1955.979858 2488.485352 75.783447 ) (1956.500732 2494 74.010414 ) (1956.500732 2494 80.572708 ) (1955.820557 2486.798828 80.572708 ) 
4 315 317 (1956.500732 2494 74.010414 ) (1965.744019 2591.870117 42.543884 ) (1966.511841 2600 72.900291 ) (1956.500732 2494 106.983963 ) 
5 315 316 (1956 2488.829346 75.669357 ) (1955.981445 2488.511719 75.771484 ) (1954.776733 2475.756348 112 ) (1954.918823 2478.406494 112 ) (1956 2496.970459 106.030846 ) 
4 316 322 (1954.202026 2475.270264 80.572708 ) (1954.209717 2475.268311 80.032845 ) (1954.718140 2475.132324 80.076607 ) (1954.718140 2475.132324 80.572708 ) 
4 316 320 (1954.717773 2475.128418 112 ) (1953.756958 2475.385498 112 ) (1954.202026 2475.270264 80.572708 ) (1954.718140 2475.132324 80.572708 ) 
4 316 318 (1954.718750 2475.132080 80.572708 ) (1954.718750 2475.132080 80.076660 ) (1955.979858 2488.485352 75.783447 ) (1955.820557 2486.798828 80.572708 ) 
5 317 318 (1956.496094 2494 80.572708 ) (1956.496094 2494 -9.250000 ) (1956.593018 2494 -16 ) (1957.499878 2494 -16 ) (1957.499878 2494 80.572708 ) 
4 318 325 (1955.693481 2474.874023 58.443439 ) (1955.693481 2474.873291 64.027321 ) (1954.718384 2475.134766 60.258865 ) (1954.718384 2475.135498 54.675602 ) 
4 318 322 (1955.693481 2474.873291 64.027321 ) (1955.693359 2474.871338 80.572708 ) (1954.718140 2475.132324 80.572708 ) (1954.718384 2475.134766 60.258865 ) 
5 318 321 (1955.569824 2474.916260 -16 ) (1955.694336 2474.883057 -16 ) (1955.693604 2474.875000 50.701569 ) (1954.718506 2475.136475 46.933937 ) (1954.718506 2475.136719 44.108536 ) 
4 319 324 (1959.976440 2473.730469 80.572708 ) (1963.426025 2472.808105 80.572708 ) (1951.181274 2427.097168 80.572708 ) (1953.194336 2448.412109 80.572708 ) 
3 319 322 (1955.693604 2474.875732 80.572708 ) (1959.976440 2473.730469 80.572708 ) (1953.194336 2448.412109 80.572708 ) 
5 319 321 (1963.426025 2472.808105 80.572708 ) (1967 2471.852295 80.572708 ) (1967 2404 80.572708 ) (1949 2404 80.572708 ) (1951.181274 2427.097168 80.572708 ) 
4 319 331 (1949 2404 80.572708 ) (1967 2404 80.572708 ) (1967 2404 112 ) (1949 2404 112 ) 
4 320 333 (1504 2404 90.986008 ) (1504 2404 112 ) (1504 2595.656982 112 ) (1504 2595.657959 104.246826 ) 
4 320 324 (1951.650024 2442.647217 80.572708 ) (1949.636841 2421.331543 80.572708 ) (1946.488892 2409.579590 80.572708 ) (1943.039185 2410.502197 80.572708 ) 
4 320 323 (1946.488892 2409.579590 80.572708 ) (1944.994263 2404 80.572708 ) (1941.297363 2404 80.572708 ) (1943.039185 2410.502197 80.572708 ) 
5 320 322 (1544.314453 2404 80.572708 ) (1589.531494 2572.793457 80.572708 ) (1954.718506 2475.136475 80.572708 ) (1951.650024 2442.647217 80.572708 ) (1941.297363 2404 80.572708 ) 
3 320 321 (1949.636841 2421.331543 80.572708 ) (1948 2404 80.572708 ) (1944.994263 2404 80.572708 ) 
5 320 331 (1504 2404 112 ) (1504 2404 90.986008 ) (1544.315918 2404 80.572708 ) (1948 2404 80.572708 ) (1948 2404 112 ) 
4 321 328 (1921.871338 2417.679688 -16 ) (1921.492676 2416.265869 -16 ) (1938.789673 2411.638916 50.822319 ) (1939.166626 2413.046143 50.822319 ) 
4 321 327 (1938.789673 2411.638916 50.822319 ) (1945.495483 2409.845215 76.728462 ) (1945.871704 2411.249512 76.728462 ) (1939.166626 2413.046143 50.822319 ) 
4 321 324 (1946.490601 2409.579102 80.572708 ) (1963.425781 2472.800781 80.572708 ) (1962.430786 2473.067383 76.728516 ) (1945.495483 2409.845215 76.728462 ) 
4 321 323 (1944.996094 2404 80.572708 ) (1946.490601 2409.579102 80.572708 ) (1921.492676 2416.265869 -16 ) (1918.206909 2404 -16 ) 
4 321 331 (1918.205444 2404 -16 ) (1967 2404 -16 ) (1967 2404 80.572708 ) (1944.994019 2404 80.572708 ) 
4 322 330 (1918.653809 2418.540283 -15.109772 ) (1934.835083 2478.946289 -15.109772 ) (1944.130127 2476.459961 20.803951 ) (1927.947876 2416.050049 20.803934 ) 
4 322 329 (1918.275024 2417.126221 -15.109772 ) (1918.653809 2418.540283 -15.109772 ) (1927.947876 2416.050049 20.803936 ) (1927.570068 2414.639648 20.803923 ) 
4 322 326 (1952.130127 2474.320068 51.713699 ) (1958.835083 2472.526611 77.619843 ) (1942.275024 2410.706299 77.619843 ) (1935.570068 2412.499756 51.713699 ) 
4 322 325 (1934.835083 2478.946289 -15.109772 ) (1935.213867 2480.360596 -15.109772 ) (1959.211426 2473.931396 77.619843 ) (1958.835083 2472.526611 77.619843 ) 
4 322 324 (1959.211426 2473.931396 77.619843 ) (1959.975586 2473.726562 80.572708 ) (1943.039307 2410.501953 80.572708 ) (1942.275024 2410.706299 77.619843 ) 
4 322 323 (1914.758789 2404 -15.109772 ) (1918.275024 2417.126221 -15.109772 ) (1943.039307 2410.501953 80.572708 ) (1941.297607 2404 80.572708 ) 
3 322 331 (1544.315918 2404 80.572708 ) (1914.758667 2404 -15.109711 ) (1941.297363 2404 80.572708 ) 
4 323 329 (1920.145020 2416.626465 -15.627323 ) (1918.272827 2417.126465 -15.109192 ) (1927.567993 2414.640137 20.804504 ) (1929.440186 2414.140137 20.286331 ) 
4 323 328 (1938.787720 2411.640137 50.822918 ) (1921.490845 2416.266846 -16 ) (1920.145020 2416.626465 -15.627323 ) (1937.440186 2412 51.195984 ) 
4 323 327 (1945.493408 2409.846436 76.729073 ) (1938.787720 2411.640137 50.822918 ) (1936.918213 2412.139648 51.340473 ) (1943.623901 2410.345947 77.246490 ) 
4 323 326 (1936.918213 2412.139648 51.340473 ) (1935.567993 2412.500244 51.714264 ) (1942.272949 2410.706787 77.620399 ) (1943.623901 2410.345947 77.246490 ) 
4 323 324 (1946.488281 2409.580322 80.572708 ) (1945.493408 2409.846436 76.729073 ) (1942.272949 2410.706787 77.620399 ) (1943.037109 2410.502441 80.572708 ) 
4 323 331 (1914.758667 2404 -15.109711 ) (1918.205444 2404 -16 ) (1944.994019 2404 80.572708 ) (1941.297363 2404 80.572708 ) 
4 324 327 (1945.492188 2409.845703 76.730469 ) (1943.623779 2410.344971 77.246819 ) (1944 2411.750244 77.246819 ) (1945.868530 2411.250488 76.730469 ) 
4 324 326 (1943.623779 2410.344971 77.246819 ) (1942.269531 2410.707031 77.621094 ) (1958.829712 2472.527832 77.621094 ) (1960.183960 2472.165771 77.246857 ) 
4 324 325 (1958.829712 2472.527832 77.621094 ) (1959.205933 2473.932129 77.621094 ) (1960.559814 2473.568359 77.246849 ) (1960.183960 2472.165771 77.246857 ) 
4 325 330 (1944.126465 2476.459961 20.804897 ) (1934.831299 2478.946289 -15.108788 ) (1936.181152 2478.585449 -15.482400 ) (1945.477173 2476.098877 20.431026 ) 
4 325 326 (1960.184326 2472.165039 77.248512 ) (1958.832031 2472.526367 77.623047 ) (1952.126465 2474.320068 51.714615 ) (1953.478027 2473.958740 51.340454 ) 
4 326 327 (1936.917969 2412.136719 51.341881 ) (1937.295654 2413.546387 51.341881 ) (1944 2411.750000 77.246361 ) (1943.624146 2410.345459 77.246361 ) 
4 327 328 (1938.785156 2411.639648 50.822266 ) (1937.439697 2412 51.194908 ) (1937.816772 2413.406982 51.194881 ) (1939.162231 2413.047363 50.822231 ) 
4 328 329 (1929.818481 2415.552734 20.286373 ) (1920.524292 2418.042725 -15.627304 ) (1920.142578 2416.622314 -15.627014 ) (1929.437744 2414.135986 20.286678 ) 
4 329 330 (1918.659668 2418.537354 -15.111511 ) (1927.953735 2416.047363 20.802219 ) (1929.294800 2415.688721 20.431028 ) (1920 2418.178955 -15.482438 ) 
4 331 340 (1680 2400 -16 ) (1967 2400 -16 ) (1967 2400 0 ) (1680 2400 0 ) 
4 331 338 (1967 2400 128 ) (1680 2400 128 ) (1680 2400 0 ) (1967 2400 0 ) 
4 331 333 (1504 2400 8 ) (1504 2400 128 ) (1504 2404 128 ) (1504 2404 8 ) 
4 332 333 (1496 2656 128 ) (1496 2656 8 ) (1504 2656 8 ) (1504 2656 128 ) 
4 332 334 (1496 2976 128 ) (1496 2976 0 ) (1496 2656 0 ) (1496 2656 128 ) 
4 333 334 (1496 2400 8 ) (1496 2400 128 ) (1496 2656 128 ) (1496 2656 8 ) 
4 334 339 (1380 2400 112 ) (1380 2400 0 ) (1436 2400 0 ) (1436 2400 112 ) 
4 334 336 (1312 2608 104 ) (1312 2608 40 ) (1312 2448 40 ) (1312 2448 104 ) 
4 334 335 (1312 2736 128 ) (1312 2896 128 ) (1312 2896 0 ) (1312 2736 0 ) 
4 335 347 (1296 2736 128 ) (1296 2896 128 ) (1296 2896 0 ) (1296 2736 0 ) 
4 336 337 (1308 2450 42 ) (1308 2450 102 ) (1308 2606 102 ) (1308 2606 42 ) 
4 338 340 (1968 2384 0 ) (1680 2384 0 ) (1680 2400 0 ) (1968 2400 0 ) 
4 341 346 (1048 3056 0 ) (1104 3056 0 ) (1104 3056 112 ) (1048 3056 112 ) 
4 341 342 (1152 3056 0 ) (1296 3056 0 ) (1296 3056 128 ) (1152 3056 128 ) 
4 342 347 (1248 3040 0 ) (1296 3040 0 ) (1296 3040 128 ) (1248 3040 128 ) 
4 342 343 (1157.998901 3055 0 ) (1248.002930 3040 0 ) (1248.002930 3040 128 ) (1157.998901 3055 128 ) 
4 343 347 (1176.750000 3040 0 ) (1248 3040 0 ) (1248 3040 128 ) (1176.750000 3040 128 ) 
4 343 345 (1163.003784 3050.995361 0 ) (1176.748047 3040 0 ) (1176.748047 3040 128 ) (1163.003784 3050.995361 128 ) 
4 344 347 (1168 3040 0 ) (1171.800049 3040 0 ) (1171.800049 3040 128 ) (1168 3040 128 ) 
4 344 345 (1171.800415 3040 128 ) (1171.800415 3040 0 ) (1167 3046 0 ) (1167 3046 128 ) 
4 345 347 (1171.800049 3040 0 ) (1176.750000 3040 0 ) (1176.750000 3040 128 ) (1171.800049 3040 128 ) 
4 346 356 (1048 3040 0 ) (1104 3040 0 ) (1104 3040 112 ) (1048 3040 112 ) 
4 347 358 (1168 2736 0 ) (1184 2736 0 ) (1184 2736 112 ) (1168 2736 112 ) 
4 347 350 (1168 2944 0 ) (1168 2930.666748 0 ) (1168 2930.666748 128 ) (1168 2944 128 ) 
4 347 351 (1168 2930.666748 0 ) (1168 2928 0 ) (1168 2928 128 ) (1168 2930.666748 128 ) 
4 347 357 (1168 2928 0 ) (1168 2736 0 ) (1168 2736 128 ) (1168 2928 128 ) 
4 348 349 (1163.001221 2933.001465 0 ) (1166.656250 2935.925781 0 ) (1166.656250 2935.925781 128 ) (1163.001221 2933.001465 128 ) 
4 348 350 (1166.653564 2935.922607 0 ) (1167 2938 0 ) (1167 2938 128 ) (1166.653564 2935.922607 128 ) 
4 349 350 (1165.714355 2930.287109 128 ) (1165.714355 2930.287109 0 ) (1166.653564 2935.922607 0 ) (1166.653564 2935.922607 128 ) 
4 349 351 (1158.002319 2929.001709 0 ) (1165.714600 2930.287109 0 ) (1165.714600 2930.287109 128 ) (1158.002319 2929.001709 128 ) 
4 350 351 (1165.714600 2930.287109 0 ) (1168 2930.667969 0 ) (1168 2930.667969 128 ) (1165.714600 2930.287109 128 ) 
4 351 357 (1152 2928 0 ) (1168 2928 0 ) (1168 2928 128 ) (1152 2928 128 ) 
4 352 354 (1136 2976 120 ) (1120 2976 120 ) (1120 3040 120 ) (1136 3040 120 ) 
4 353 356 (1104 2976 120 ) (1040 2976 120 ) (1040 3040 120 ) (1104 3040 120 ) 
4 354 359 (1116 3040 0 ) (1136 3040 0 ) (1136 2976 0 ) (1116 2976 0 ) 
4 354 355 (1116 2976 0 ) (1116 2976 120 ) (1116 3040 120 ) (1116 3040 0 ) 
4 355 360 (1108 3040 0 ) (1116 3040 0 ) (1116 2976 0 ) (1108 2976 0 ) 
4 355 356 (1108 2976 0 ) (1108 2976 120 ) (1108 3040 120 ) (1108 3040 0 ) 
4 356 365 (1040 3036 0 ) (1040 2980 0 ) (1040 2980 112 ) (1040 3036 112 ) 
4 356 361 (1040 2976 0 ) (1040 3040 0 ) (1108 3040 0 ) (1108 2976 0 ) 
4 357 358 (1128 2736 0 ) (1168 2736 0 ) (1168 2736 112 ) (1128 2736 112 ) 
4 359 362 (1116 3040 -16 ) (1136 3040 -16 ) (1136 2976 -16 ) (1116 2976 -16 ) 
4 359 360 (1116 3040 0 ) (1116 3040 -16 ) (1116 2976 -16 ) (1116 2976 0 ) 
4 360 363 (1108 3040 -16 ) (1116 3040 -16 ) (1116 2976 -16 ) (1108 2976 -16 ) 
4 360 361 (1108 3040 0 ) (1108 3040 -16 ) (1108 2976 -16 ) (1108 2976 0 ) 
4 361 364 (1040 2976 -16 ) (1040 3040 -16 ) (1108 3040 -16 ) (1108 2976 -16 ) 
4 362 370 (1116 3040 -368 ) (1136 3040 -368 ) (1136 2976 -368 ) (1116 2976 -368 ) 
4 362 363 (1116 3040 -16 ) (1116 3040 -368 ) (1116 2976 -368 ) (1116 2976 -16 ) 
4 363 371 (1108 3040 -368 ) (1116 3040 -368 ) (1116 2976 -368 ) (1108 2976 -368 ) 
4 363 364 (1108 3040 -16 ) (1108 3040 -368 ) (1108 2976 -368 ) (1108 2976 -16 ) 
4 364 372 (1040 2976 -368 ) (1040 3040 -368 ) (1108 3040 -368 ) (1108 2976 -368 ) 
4 364 366 (1040 3036 -368 ) (1040 2980 -368 ) (1040 2980 -272 ) (1040 3036 -272 ) 
4 365 405 (1024 3036 0 ) (1024 2980 0 ) (1024 2980 64 ) (1024 3036 64 ) 
4 365 399 (1024 2980 64 ) (1024 2980 112 ) (1024 3036 112 ) (1024 3036 64 ) 
4 366 377 (1040 2984 -368 ) (1040 2980 -368 ) (1036 2980 -368 ) (1036 2984 -368 ) 
4 366 376 (1040 3032 -368 ) (1040 2984 -368 ) (1036 2984 -368 ) (1036 3032 -368 ) 
4 366 375 (1040 3036 -368 ) (1040 3032 -368 ) (1036 3032 -368 ) (1036 3036 -368 ) 
4 366 367 (1036 3032 -368 ) (1036 2984 -368 ) (1036 2984 -276 ) (1036 3032 -276 ) 
4 367 376 (1034 3032 -368 ) (1036 3032 -368 ) (1036 2984 -368 ) (1034 2984 -368 ) 
4 368 369 (1028 2482 42 ) (1028 2482 102 ) (1028 2638 102 ) (1028 2638 42 ) 
4 369 405 (1024 2640 64 ) (1024 2640 40 ) (1024 2480 40 ) (1024 2480 64 ) 
4 369 402 (1024 2640 104 ) (1024 2640 64 ) (1024 2480 64 ) (1024 2480 104 ) 
4 370 373 (1136 3040 -376 ) (1136 2976 -376 ) (1120 2976 -376 ) (1120 3040 -376 ) 
4 370 371 (1116 3040 -368 ) (1116 3040 -376 ) (1116 2976 -376 ) (1116 2976 -368 ) 
4 371 372 (1108 3040 -368 ) (1108 3040 -376 ) (1108 2976 -376 ) (1108 2976 -368 ) 
4 372 377 (1040 2984 -376 ) (1040 2980 -376 ) (1040 2980 -368 ) (1040 2984 -368 ) 
4 372 376 (1040 3032 -376 ) (1040 2984 -376 ) (1040 2984 -368 ) (1040 3032 -368 ) 
4 372 375 (1040 3036 -376 ) (1040 3032 -376 ) (1040 3032 -368 ) (1040 3036 -368 ) 
4 372 374 (1104 2976 -376 ) (1040 2976 -376 ) (1040 3040 -376 ) (1104 3040 -376 ) 
4 374 377 (1040 2984 -384 ) (1040 2980 -384 ) (1040 2980 -376 ) (1040 2984 -376 ) 
4 374 376 (1040 3032 -384 ) (1040 2984 -384 ) (1040 2984 -376 ) (1040 3032 -376 ) 
4 374 375 (1040 3036 -384 ) (1040 3032 -384 ) (1040 3032 -376 ) (1040 3036 -376 ) 
4 375 376 (1036 3032 -384 ) (1040 3032 -384 ) (1040 3032 -368 ) (1036 3032 -368 ) 
4 376 377 (1036 2984 -384 ) (1040 2984 -384 ) (1040 2984 -368 ) (1036 2984 -368 ) 
4 378 379 (768 3672 0 ) (992 3672 0 ) (992 3672 224 ) (768 3672 224 ) 
4 379 385 (752 3640 0 ) (1008 3640 0 ) (1008 3640 128 ) (752 3640 128 ) 
6 379 382 (1008 3640 128 ) (1008 3640 192 ) (996 3640 240 ) (764 3640 240 ) (752 3640 192 ) (752 3640 128 ) 
4 380 382 (764 3640 240 ) (996 3640 240 ) (996 3584 240 ) (764 3584 240 ) 
4 381 396 (996 3072 240 ) (992 3072 256 ) (768 3072 256 ) (764 3072 240 ) 
4 381 384 (996 3552 240 ) (996 3072 240 ) (764 3072 240 ) (764 3552 240 ) 
4 382 385 (736 3640 128 ) (1024 3640 128 ) (1024 3584 128 ) (736 3584 128 ) 
4 382 383 (752 3584 128 ) (1008 3584 128 ) (980 3584 240 ) (780 3584 240 ) 
4 383 386 (752 3584 128 ) (1008 3584 128 ) (1008 3552 128 ) (752 3552 128 ) 
4 383 384 (752 3552 128 ) (1008 3552 128 ) (980 3552 240 ) (780 3552 240 ) 
4 384 396 (1024 3072 128 ) (996 3072 240 ) (764 3072 240 ) (736 3072 128 ) 
4 384 387 (736 3552 128 ) (1024 3552 128 ) (1024 3072 128 ) (736 3072 128 ) 
4 385 386 (752 3584 0 ) (1008 3584 0 ) (1008 3584 128 ) (752 3584 128 ) 
4 386 387 (752 3552 0 ) (1008 3552 0 ) (1008 3552 128 ) (752 3552 128 ) 
4 387 405 (1024 3072 0 ) (1024 3072 64 ) (736 3072 64 ) (736 3072 0 ) 
4 387 399 (1024 3072 64 ) (1024 3072 128 ) (736 3072 128 ) (736 3072 64 ) 
4 387 389 (736 3072 128 ) (736 3104 128 ) (736 3104 0 ) (736 3072 0 ) 
4 387 388 (736 3360 128 ) (736 3552 128 ) (736 3552 0 ) (736 3360 0 ) 
5 388 395 (720 3536 0 ) (720 3360 0 ) (720 3360 128 ) (720 3552 128 ) (720 3552 16 ) 
4 389 406 (720 3072 64 ) (720 3072 0 ) (736 3072 0 ) (736 3072 64 ) 
4 389 400 (736 3072 128 ) (720 3072 128 ) (720 3072 64 ) (736 3072 64 ) 
4 389 395 (720 3104 0 ) (720 3072 0 ) (720 3072 128 ) (720 3104 128 ) 
4 390 392 (448 3584 48 ) (627.746460 3584 48 ) (627.746460 3584 96 ) (448 3584 96 ) 
3 390 391 (627.746094 3584 48 ) (641.609985 3600 64 ) (627.745911 3584 96 ) 
4 391 393 (627.746460 3584 48 ) (704 3584 48 ) (704 3584 96 ) (627.746460 3584 96 ) 
5 392 394 (456 3552 160 ) (448 3552 128 ) (448 3552 16 ) (600.017761 3552 16 ) (600.017822 3552 160 ) 
4 392 393 (600.017090 3552 16 ) (627.745728 3584 48 ) (627.745728 3584 96 ) (600.017090 3552 160 ) 
5 393 395 (600.017822 3552 160 ) (600.017761 3552 16 ) (704 3552 16 ) (704 3552 128 ) (696 3552 160 ) 
8 394 395 (586.151367 3536 0 ) (600.015625 3552 16 ) (600.015686 3552 160 ) (586.151062 3536 192 ) (475.237030 3408 256 ) (464 3395.031982 256 ) (432 3358.102295 128 ) (432 3358.102051 0 ) 
4 395 408 (432 3072 64 ) (432 3072 0 ) (720 3072 0 ) (720 3072 64 ) 
4 395 401 (432 3072 128 ) (432 3072 64 ) (720 3072 64 ) (720 3072 128 ) 
4 395 397 (432 3072 128 ) (720 3072 128 ) (688 3072 256 ) (464 3072 256 ) 
6 396 409 (1008 2400 192 ) (996 2400 240 ) (764 2400 240 ) (752 2400 192 ) (752 2400 128 ) (1008 2400 128 ) 
4 396 403 (736 2432 128 ) (736 2656 128 ) (752 2656 128 ) (752 2432 128 ) 
4 396 402 (1024 2400 128 ) (752 2400 128 ) (752 2656 128 ) (1024 2656 128 ) 
4 396 399 (736 2656 128 ) (736 3072 128 ) (1024 3072 128 ) (1024 2656 128 ) 
4 396 398 (1023.998535 2536 128 ) (1023.998535 2584 128 ) (1011.998535 2584 176 ) (1011.998535 2536 176 ) 
6 397 412 (460 2400 240 ) (448 2400 192 ) (448 2400 128 ) (704 2400 128 ) (704 2400 192 ) (692 2400 240 ) 
4 397 403 (704 2432 128 ) (704 2656 128 ) (720 2656 128 ) (720 2432 128 ) 
4 397 404 (704 2400 128 ) (432 2400 128 ) (432 2656 128 ) (704 2656 128 ) 
4 397 401 (432 2656 128 ) (432 3072 128 ) (720 3072 128 ) (720 2656 128 ) 
4 399 405 (736 3072 64 ) (1024 3072 64 ) (1024 2656 64 ) (736 2656 64 ) 
4 399 403 (736 2656 64 ) (752 2656 64 ) (752 2656 128 ) (736 2656 128 ) 
4 399 402 (752 2656 64 ) (1024 2656 64 ) (1024 2656 128 ) (752 2656 128 ) 
4 399 400 (736 3072 64 ) (736 2912 64 ) (736 2912 128 ) (736 3072 128 ) 
4 400 406 (720 3072 64 ) (736 3072 64 ) (736 2912 64 ) (720 2912 64 ) 
4 400 401 (720 3072 64 ) (720 2912 64 ) (720 2912 128 ) (720 3072 128 ) 
4 401 408 (432 2656 64 ) (432 3072 64 ) (720 3072 64 ) (720 2656 64 ) 
4 401 403 (704 2656 64 ) (720 2656 64 ) (720 2656 128 ) (704 2656 128 ) 
4 401 404 (432 2656 128 ) (432 2656 64 ) (704 2656 64 ) (704 2656 128 ) 
4 402 409 (1008 2400 128 ) (752 2400 128 ) (752 2400 64 ) (1008 2400 64 ) 
4 402 405 (1024 2400 64 ) (752 2400 64 ) (752 2656 64 ) (1024 2656 64 ) 
4 402 403 (752 2656 128 ) (752 2656 64 ) (752 2432 64 ) (752 2432 128 ) 
4 403 407 (720 2656 64 ) (736 2656 64 ) (736 2432 64 ) (720 2432 64 ) 
4 403 405 (736 2656 64 ) (752 2656 64 ) (752 2432 64 ) (736 2432 64 ) 
4 403 408 (704 2432 64 ) (704 2656 64 ) (720 2656 64 ) (720 2432 64 ) 
4 403 404 (704 2656 128 ) (704 2656 64 ) (704 2432 64 ) (704 2432 128 ) 
4 404 412 (704 2400 128 ) (448 2400 128 ) (448 2400 64 ) (704 2400 64 ) 
4 404 408 (704 2400 64 ) (432 2400 64 ) (432 2656 64 ) (704 2656 64 ) 
4 405 409 (1008 2400 64 ) (752 2400 64 ) (752 2400 0 ) (1008 2400 0 ) 
4 405 406 (736 3072 0 ) (736 2912 0 ) (736 2912 64 ) (736 3072 64 ) 
4 405 407 (736 2656 0 ) (736 2400 0 ) (736 2400 64 ) (736 2656 64 ) 
4 406 408 (720 3072 0 ) (720 2912 0 ) (720 2912 64 ) (720 3072 64 ) 
4 407 411 (736 2400 64 ) (720 2400 64 ) (720 2400 0 ) (736 2400 0 ) 
4 407 408 (720 2656 0 ) (720 2400 0 ) (720 2400 64 ) (720 2656 64 ) 
4 408 412 (704 2400 64 ) (448 2400 64 ) (448 2400 0 ) (704 2400 0 ) 
4 409 410 (992 2368 224 ) (768 2368 224 ) (768 2368 0 ) (992 2368 0 ) 
4 412 413 (688 2368 224 ) (464 2368 224 ) (464 2368 0 ) (688 2368 0 ) 
