


materialPath: D:\steam\steamapps\sourcemods\entropyzero2-addonworkspace\materials
Loading d:\steam\steamapps\sourcemods\entropyzero2-addonworkspace\mapsrc\facility02.vmf
ConVarRef mat_reduceparticles doesn't point to an existing ConVar
"materials/az2/glass_superfrosted.vtf": cached version doesn't exist
fixing up env_cubemap materials on brush sides...
0...1...2...3...4...5...6...7...8...9...100...1...2...3...4...5...6...7...8...9...10Processing areas...done (0)
Building Faces...done (0)
Chop Details...done (0)
Find Visible Detail Sides...
Merged 12 detail faces...done (0)
Merging details...done (0)
FixTjuncs...
PruneNodes...
WriteBSP...
done (0)
writing d:\steam\steamapps\sourcemods\entropyzero2-addonworkspace\mapsrc\facility02.prt...Building visibility clusters...
done (0)
Finding displacement neighbors...
Finding lightmap sample positions...
Displacement Alpha : 0...1...2...3...4...5...6...7...8...9...10
Building Physics collision data...
done (0) (89490 bytes)
Placing static props...
Placing detail props : 0...1...2...3...4...5...6...7...8...9...10
Compacting texture/material tables...
Reduced 407 texinfos to 241
Reduced 44 texdatas to 40 (1114 bytes to 968)
Writing d:\steam\steamapps\sourcemods\entropyzero2-addonworkspace\mapsrc\facility02.bsp
0 seconds elapsed



12 threads
reading d:\steam\steamapps\sourcemods\entropyzero2-addonworkspace\mapsrc\facility02.bsp
reading d:\steam\steamapps\sourcemods\entropyzero2-addonworkspace\mapsrc\facility02.prt
  92 portalclusters
 209 numportals
0...1...2...3...4...5...6...7...8...9...10Optimized: 190 visible clusters (2.63%)
Total clusters visible: 7224
Average clusters visible: 78
Building PAS...
Average clusters audible: 92
visdatasize:2975  compressed from 2944
writing d:\steam\steamapps\sourcemods\entropyzero2-addonworkspace\mapsrc\facility02.bsp
0 seconds elapsed



[Reading texlights from 'lights.rad']
[48 texlights parsed from 'lights.rad']

Loading d:\steam\steamapps\sourcemods\entropyzero2-addonworkspace\mapsrc\facility02.bsp
730 faces
32785 square feet [4721127.00 square inches]
0 Displacements
0 Square Feet [0.00 Square Inches]
730 patches before subdivision
6184 patches after subdivision
17 direct lights
0...1...2...3...4...5...6...7...8...9...100...1...2...3...4...5...6...7...8...9...10transfers 646999, max 379
transfer lists:   4.9 megs
0...1...2...3...4...5...6...7...8...9...10	Bounce #1 added RGB(19571, 19585, 19274)
0...1...2...3...4...5...6...7...8...9...10	Bounce #2 added RGB(5465, 5367, 4885)
Build Patch/Sample Hash Table(s).....Done<0.0007 sec>
0...1...2...3...4...5...6...7...8...9...10FinalLightFace Done
0 of 0 (0% of) surface lights went in leaf ambient cubes.
0...1...2...3...4...5...6...7...8...9...10Writing leaf ambient...done
Ready to Finish

Object names       Objects/Maxobjs  Memory / Maxmem  Fullness 
------------       ---------------  ---------------  -------- 
models                   9/1024          432/49152    ( 0.9%) 
brushes                245/8192         2940/98304    ( 3.0%) 
brushsides            1598/65536       12784/524288   ( 2.4%) 
planes                 694/65536       13880/1310720  ( 1.1%) 
vertexes              1150/65536       13800/786432   ( 1.8%) 
nodes                  302/65536        9664/2097152  ( 0.5%) 
texinfos               241/12288       17352/884736   ( 2.0%) 
texdata                 40/2048         1280/65536    ( 2.0%) 
dispinfos                0/0               0/0        ( 0.0%) 
disp_verts               0/0               0/0        ( 0.0%) 
disp_tris                0/0               0/0        ( 0.0%) 
disp_lmsamples           0/0               0/0        ( 0.0%) 
faces                  730/65536       40880/3670016  ( 1.1%) 
hdr faces                0/65536           0/3670016  ( 0.0%) 
origfaces              603/65536       33768/3670016  ( 0.9%) 
leaves                 312/65536        9984/2097152  ( 0.5%) 
leaffaces              807/65536        1614/131072   ( 1.2%) 
leafbrushes            360/65536         720/131072   ( 0.5%) 
areas                    2/256            16/2048     ( 0.8%) 
surfedges             5926/512000      23704/2048000  ( 1.2%) 
edges                 3721/256000      14884/1024000  ( 1.5%) 
LDR worldlights         17/65536        1496/5767168  ( 0.0%) 
HDR worldlights          0/65536           0/5767168  ( 0.0%) 
leafwaterdata            0/32768           0/393216   ( 0.0%) 
waterstrips             71/32768         710/327680   ( 0.2%) 
waterverts               0/65536           0/786432   ( 0.0%) 
waterindices          1482/65536        2964/131072   ( 2.3%) 
cubemapsamples           0/1024            0/16384    ( 0.0%) 
overlays                 2/8192          704/2883584  ( 0.0%) 
LDR lightdata         [variable]      179340/0        ( 0.0%) 
HDR lightdata         [variable]           0/0        ( 0.0%) 
visdata               [variable]        2975/16777216 ( 0.0%) 
entdata               [variable]       24778/393216   ( 6.3%) 
LDR ambient table      312/65536        1248/262144   ( 0.5%) 
HDR ambient table      312/65536        1248/262144   ( 0.5%) 
LDR leaf ambient       923/65536       25844/1835008  ( 1.4%) 
HDR leaf ambient       312/65536        8736/1835008  ( 0.5%) 
occluders                0/0               0/0        ( 0.0%) 
occluder polygons        0/0               0/0        ( 0.0%) 
occluder vert ind        0/0               0/0        ( 0.0%) 
detail props          [variable]           1/12       ( 8.3%) 
static props          [variable]           1/4108     ( 0.0%) 
pakfile               [variable]         960/0        ( 0.0%) 
physics               [variable]       89490/4194304  ( 2.1%) 
physics terrain       [variable]           2/1048576  ( 0.0%) 

Level flags = 0

Total triangle count: 2070
Writing d:\steam\steamapps\sourcemods\entropyzero2-addonworkspace\mapsrc\facility02.bsp
0 seconds elapsed



materialPath: D:\steam\steamapps\sourcemods\entropyzero2-addonworkspace\materials
Loading d:\steam\steamapps\sourcemods\entropyzero2-addonworkspace\mapsrc\facility02.vmf
ConVarRef mat_reduceparticles doesn't point to an existing ConVar
"materials/az2/glass_superfrosted.vtf": cached version doesn't exist
fixing up env_cubemap materials on brush sides...
0...1...2...3...4...5...6...7...8...9...100...1...2...3...4...5...6...7...8...9...10Processing areas...done (0)
Building Faces...done (0)
Chop Details...done (0)
Find Visible Detail Sides...
Merged 12 detail faces...done (0)
Merging details...done (0)
FixTjuncs...
PruneNodes...
WriteBSP...
done (0)
writing d:\steam\steamapps\sourcemods\entropyzero2-addonworkspace\mapsrc\facility02.prt...Building visibility clusters...
done (0)
Finding displacement neighbors...
Finding lightmap sample positions...
Displacement Alpha : 0...1...2...3...4...5...6...7...8...9...10
Building Physics collision data...
done (0) (89490 bytes)
Placing static props...
Placing detail props : 0...1...2...3...4...5...6...7...8...9...10
Compacting texture/material tables...
Reduced 407 texinfos to 241
Reduced 44 texdatas to 40 (1114 bytes to 968)
Writing d:\steam\steamapps\sourcemods\entropyzero2-addonworkspace\mapsrc\facility02.bsp
0 seconds elapsed



12 threads
reading d:\steam\steamapps\sourcemods\entropyzero2-addonworkspace\mapsrc\facility02.bsp
reading d:\steam\steamapps\sourcemods\entropyzero2-addonworkspace\mapsrc\facility02.prt
  92 portalclusters
 209 numportals
0...1...2...3...4...5...6...7...8...9...10Optimized: 190 visible clusters (2.63%)
Total clusters visible: 7224
Average clusters visible: 78
Building PAS...
Average clusters audible: 92
visdatasize:2975  compressed from 2944
writing d:\steam\steamapps\sourcemods\entropyzero2-addonworkspace\mapsrc\facility02.bsp
0 seconds elapsed



[Reading texlights from 'lights.rad']
[48 texlights parsed from 'lights.rad']

Loading d:\steam\steamapps\sourcemods\entropyzero2-addonworkspace\mapsrc\facility02.bsp
730 faces
32785 square feet [4721127.00 square inches]
0 Displacements
0 Square Feet [0.00 Square Inches]
730 patches before subdivision
6184 patches after subdivision
17 direct lights
0...1...2...3...4...5...6...7...8...9...100...1...2...3...4...5...6...7...8...9...10transfers 646999, max 379
transfer lists:   4.9 megs
0...1...2...3...4...5...6...7...8...9...10	Bounce #1 added RGB(19571, 19585, 19274)
0...1...2...3...4...5...6...7...8...9...10	Bounce #2 added RGB(5465, 5367, 4885)
Build Patch/Sample Hash Table(s).....Done<0.0008 sec>
0...1...2...3...4...5...6...7...8...9...10FinalLightFace Done
0 of 0 (0% of) surface lights went in leaf ambient cubes.
0...1...2...3...4...5...6...7...8...9...10Writing leaf ambient...done
Ready to Finish

Object names       Objects/Maxobjs  Memory / Maxmem  Fullness 
------------       ---------------  ---------------  -------- 
models                   9/1024          432/49152    ( 0.9%) 
brushes                245/8192         2940/98304    ( 3.0%) 
brushsides            1598/65536       12784/524288   ( 2.4%) 
planes                 694/65536       13880/1310720  ( 1.1%) 
vertexes              1150/65536       13800/786432   ( 1.8%) 
nodes                  302/65536        9664/2097152  ( 0.5%) 
texinfos               241/12288       17352/884736   ( 2.0%) 
texdata                 40/2048         1280/65536    ( 2.0%) 
dispinfos                0/0               0/0        ( 0.0%) 
disp_verts               0/0               0/0        ( 0.0%) 
disp_tris                0/0               0/0        ( 0.0%) 
disp_lmsamples           0/0               0/0        ( 0.0%) 
faces                  730/65536       40880/3670016  ( 1.1%) 
hdr faces                0/65536           0/3670016  ( 0.0%) 
origfaces              603/65536       33768/3670016  ( 0.9%) 
leaves                 312/65536        9984/2097152  ( 0.5%) 
leaffaces              807/65536        1614/131072   ( 1.2%) 
leafbrushes            360/65536         720/131072   ( 0.5%) 
areas                    2/256            16/2048     ( 0.8%) 
surfedges             5926/512000      23704/2048000  ( 1.2%) 
edges                 3721/256000      14884/1024000  ( 1.5%) 
LDR worldlights         17/65536        1496/5767168  ( 0.0%) 
HDR worldlights          0/65536           0/5767168  ( 0.0%) 
leafwaterdata            0/32768           0/393216   ( 0.0%) 
waterstrips             71/32768         710/327680   ( 0.2%) 
waterverts               0/65536           0/786432   ( 0.0%) 
waterindices          1482/65536        2964/131072   ( 2.3%) 
cubemapsamples           0/1024            0/16384    ( 0.0%) 
overlays                 2/8192          704/2883584  ( 0.0%) 
LDR lightdata         [variable]      179340/0        ( 0.0%) 
HDR lightdata         [variable]           0/0        ( 0.0%) 
visdata               [variable]        2975/16777216 ( 0.0%) 
entdata               [variable]       24995/393216   ( 6.4%) 
LDR ambient table      312/65536        1248/262144   ( 0.5%) 
HDR ambient table      312/65536        1248/262144   ( 0.5%) 
LDR leaf ambient       923/65536       25844/1835008  ( 1.4%) 
HDR leaf ambient       312/65536        8736/1835008  ( 0.5%) 
occluders                0/0               0/0        ( 0.0%) 
occluder polygons        0/0               0/0        ( 0.0%) 
occluder vert ind        0/0               0/0        ( 0.0%) 
detail props          [variable]           1/12       ( 8.3%) 
static props          [variable]           1/4108     ( 0.0%) 
pakfile               [variable]         960/0        ( 0.0%) 
physics               [variable]       89490/4194304  ( 2.1%) 
physics terrain       [variable]           2/1048576  ( 0.0%) 

Level flags = 0

Total triangle count: 2070
Writing d:\steam\steamapps\sourcemods\entropyzero2-addonworkspace\mapsrc\facility02.bsp
0 seconds elapsed



materialPath: D:\steam\steamapps\sourcemods\entropyzero2-addonworkspace\materials
Loading d:\steam\steamapps\sourcemods\entropyzero2-addonworkspace\mapsrc\facility02.vmf
ConVarRef mat_reduceparticles doesn't point to an existing ConVar
"materials/az2/glass_superfrosted.vtf": cached version doesn't exist
fixing up env_cubemap materials on brush sides...
0...1...2...3...4...5...6...7...8...9...100...1...2...3...4...5...6...7...8...9...10Processing areas...done (0)
Building Faces...done (0)
Chop Details...done (0)
Find Visible Detail Sides...
Merged 12 detail faces...done (0)
Merging details...done (0)
FixTjuncs...
PruneNodes...
WriteBSP...
done (0)
writing d:\steam\steamapps\sourcemods\entropyzero2-addonworkspace\mapsrc\facility02.prt...Building visibility clusters...
done (0)
Finding displacement neighbors...
Finding lightmap sample positions...
Displacement Alpha : 0...1...2...3...4...5...6...7...8...9...10
Building Physics collision data...
done (0) (89490 bytes)
Placing static props...
Placing detail props : 0...1...2...3...4...5...6...7...8...9...10
Compacting texture/material tables...
Reduced 407 texinfos to 241
Reduced 44 texdatas to 40 (1114 bytes to 968)
Writing d:\steam\steamapps\sourcemods\entropyzero2-addonworkspace\mapsrc\facility02.bsp
0 seconds elapsed



12 threads
reading d:\steam\steamapps\sourcemods\entropyzero2-addonworkspace\mapsrc\facility02.bsp
reading d:\steam\steamapps\sourcemods\entropyzero2-addonworkspace\mapsrc\facility02.prt
  92 portalclusters
 209 numportals
0...1...2...3...4...5...6...7...8...9...10Optimized: 190 visible clusters (2.63%)
Total clusters visible: 7224
Average clusters visible: 78
Building PAS...
Average clusters audible: 92
visdatasize:2975  compressed from 2944
writing d:\steam\steamapps\sourcemods\entropyzero2-addonworkspace\mapsrc\facility02.bsp
0 seconds elapsed



[Reading texlights from 'lights.rad']
[48 texlights parsed from 'lights.rad']

Loading d:\steam\steamapps\sourcemods\entropyzero2-addonworkspace\mapsrc\facility02.bsp
730 faces
32785 square feet [4721127.00 square inches]
0 Displacements
0 Square Feet [0.00 Square Inches]
730 patches before subdivision
6184 patches after subdivision
17 direct lights
0...1...2...3...4...5...6...7...8...9...100...1...2...3...4...5...6...7...8...9...10transfers 646999, max 379
transfer lists:   4.9 megs
0...1...2...3...4...5...6...7...8...9...10	Bounce #1 added RGB(19571, 19585, 19274)
0...1...2...3...4...5...6...7...8...9...10	Bounce #2 added RGB(5465, 5367, 4885)
Build Patch/Sample Hash Table(s).....Done<0.0007 sec>
0...1...2...3...4...5...6...7...8...9...10FinalLightFace Done
0 of 0 (0% of) surface lights went in leaf ambient cubes.
0...1...2...3...4...5...6...7...8...9...10Writing leaf ambient...done
Ready to Finish

Object names       Objects/Maxobjs  Memory / Maxmem  Fullness 
------------       ---------------  ---------------  -------- 
models                   9/1024          432/49152    ( 0.9%) 
brushes                245/8192         2940/98304    ( 3.0%) 
brushsides            1598/65536       12784/524288   ( 2.4%) 
planes                 694/65536       13880/1310720  ( 1.1%) 
vertexes              1150/65536       13800/786432   ( 1.8%) 
nodes                  302/65536        9664/2097152  ( 0.5%) 
texinfos               241/12288       17352/884736   ( 2.0%) 
texdata                 40/2048         1280/65536    ( 2.0%) 
dispinfos                0/0               0/0        ( 0.0%) 
disp_verts               0/0               0/0        ( 0.0%) 
disp_tris                0/0               0/0        ( 0.0%) 
disp_lmsamples           0/0               0/0        ( 0.0%) 
faces                  730/65536       40880/3670016  ( 1.1%) 
hdr faces                0/65536           0/3670016  ( 0.0%) 
origfaces              603/65536       33768/3670016  ( 0.9%) 
leaves                 312/65536        9984/2097152  ( 0.5%) 
leaffaces              807/65536        1614/131072   ( 1.2%) 
leafbrushes            360/65536         720/131072   ( 0.5%) 
areas                    2/256            16/2048     ( 0.8%) 
surfedges             5926/512000      23704/2048000  ( 1.2%) 
edges                 3721/256000      14884/1024000  ( 1.5%) 
LDR worldlights         17/65536        1496/5767168  ( 0.0%) 
HDR worldlights          0/65536           0/5767168  ( 0.0%) 
leafwaterdata            0/32768           0/393216   ( 0.0%) 
waterstrips             71/32768         710/327680   ( 0.2%) 
waterverts               0/65536           0/786432   ( 0.0%) 
waterindices          1482/65536        2964/131072   ( 2.3%) 
cubemapsamples           0/1024            0/16384    ( 0.0%) 
overlays                 2/8192          704/2883584  ( 0.0%) 
LDR lightdata         [variable]      179340/0        ( 0.0%) 
HDR lightdata         [variable]           0/0        ( 0.0%) 
visdata               [variable]        2975/16777216 ( 0.0%) 
entdata               [variable]       24795/393216   ( 6.3%) 
LDR ambient table      312/65536        1248/262144   ( 0.5%) 
HDR ambient table      312/65536        1248/262144   ( 0.5%) 
LDR leaf ambient       923/65536       25844/1835008  ( 1.4%) 
HDR leaf ambient       312/65536        8736/1835008  ( 0.5%) 
occluders                0/0               0/0        ( 0.0%) 
occluder polygons        0/0               0/0        ( 0.0%) 
occluder vert ind        0/0               0/0        ( 0.0%) 
detail props          [variable]           1/12       ( 8.3%) 
static props          [variable]           1/4108     ( 0.0%) 
pakfile               [variable]         960/0        ( 0.0%) 
physics               [variable]       89490/4194304  ( 2.1%) 
physics terrain       [variable]           2/1048576  ( 0.0%) 

Level flags = 0

Total triangle count: 2070
Writing d:\steam\steamapps\sourcemods\entropyzero2-addonworkspace\mapsrc\facility02.bsp
0 seconds elapsed



materialPath: D:\steam\steamapps\sourcemods\entropyzero2-addonworkspace\materials
Loading d:\steam\steamapps\sourcemods\entropyzero2-addonworkspace\mapsrc\facility02.vmf
ConVarRef mat_reduceparticles doesn't point to an existing ConVar
"materials/az2/glass_superfrosted.vtf": cached version doesn't exist
fixing up env_cubemap materials on brush sides...
0...1...2...3...4...5...6...7...8...9...100...1...2...3...4...5...6...7...8...9...10Processing areas...done (0)
Building Faces...done (0)
Chop Details...done (0)
Find Visible Detail Sides...
Merged 12 detail faces...done (0)
Merging details...done (0)
FixTjuncs...
PruneNodes...
WriteBSP...
done (0)
writing d:\steam\steamapps\sourcemods\entropyzero2-addonworkspace\mapsrc\facility02.prt...Building visibility clusters...
done (0)
Finding displacement neighbors...
Finding lightmap sample positions...
Displacement Alpha : 0...1...2...3...4...5...6...7...8...9...10
Building Physics collision data...
done (0) (90044 bytes)
Placing static props...
Placing detail props : 0...1...2...3...4...5...6...7...8...9...10
Compacting texture/material tables...
Reduced 412 texinfos to 244
Reduced 44 texdatas to 40 (1114 bytes to 968)
Writing d:\steam\steamapps\sourcemods\entropyzero2-addonworkspace\mapsrc\facility02.bsp
0 seconds elapsed



12 threads
reading d:\steam\steamapps\sourcemods\entropyzero2-addonworkspace\mapsrc\facility02.bsp
reading d:\steam\steamapps\sourcemods\entropyzero2-addonworkspace\mapsrc\facility02.prt
  92 portalclusters
 209 numportals
0...1...2...3...4...5...6...7...8...9...10Optimized: 190 visible clusters (2.63%)
Total clusters visible: 7224
Average clusters visible: 78
Building PAS...
Average clusters audible: 92
visdatasize:2975  compressed from 2944
writing d:\steam\steamapps\sourcemods\entropyzero2-addonworkspace\mapsrc\facility02.bsp
0 seconds elapsed



[Reading texlights from 'lights.rad']
[48 texlights parsed from 'lights.rad']

Loading d:\steam\steamapps\sourcemods\entropyzero2-addonworkspace\mapsrc\facility02.bsp
736 faces
33063 square feet [4761159.00 square inches]
0 Displacements
0 Square Feet [0.00 Square Inches]
736 patches before subdivision
6190 patches after subdivision
17 direct lights
0...1...2...3...4...5...6...7...8...9...100...1...2...3...4...5...6...7...8...9...10transfers 648259, max 379
transfer lists:   4.9 megs
0...1...2...3...4...5...6...7...8...9...10	Bounce #1 added RGB(19586, 19600, 19290)
0...1...2...3...4...5...6...7...8...9...10	Bounce #2 added RGB(5470, 5371, 4890)
Build Patch/Sample Hash Table(s).....Done<0.0008 sec>
0...1...2...3...4...5...6...7...8...9...10FinalLightFace Done
0 of 0 (0% of) surface lights went in leaf ambient cubes.
0...1...2...3...4...5...6...7...8...9...10Writing leaf ambient...done
Ready to Finish

Object names       Objects/Maxobjs  Memory / Maxmem  Fullness 
------------       ---------------  ---------------  -------- 
models                  10/1024          480/49152    ( 1.0%) 
brushes                246/8192         2952/98304    ( 3.0%) 
brushsides            1604/65536       12832/524288   ( 2.4%) 
planes                 704/65536       14080/1310720  ( 1.1%) 
vertexes              1158/65536       13896/786432   ( 1.8%) 
nodes                  308/65536        9856/2097152  ( 0.5%) 
texinfos               244/12288       17568/884736   ( 2.0%) 
texdata                 40/2048         1280/65536    ( 2.0%) 
dispinfos                0/0               0/0        ( 0.0%) 
disp_verts               0/0               0/0        ( 0.0%) 
disp_tris                0/0               0/0        ( 0.0%) 
disp_lmsamples           0/0               0/0        ( 0.0%) 
faces                  736/65536       41216/3670016  ( 1.1%) 
hdr faces                0/65536           0/3670016  ( 0.0%) 
origfaces              609/65536       34104/3670016  ( 0.9%) 
leaves                 319/65536       10208/2097152  ( 0.5%) 
leaffaces              813/65536        1626/131072   ( 1.2%) 
leafbrushes            361/65536         722/131072   ( 0.6%) 
areas                    2/256            16/2048     ( 0.8%) 
surfedges             5974/512000      23896/2048000  ( 1.2%) 
edges                 3745/256000      14980/1024000  ( 1.5%) 
LDR worldlights         17/65536        1496/5767168  ( 0.0%) 
HDR worldlights          0/65536           0/5767168  ( 0.0%) 
leafwaterdata            0/32768           0/393216   ( 0.0%) 
waterstrips             71/32768         710/327680   ( 0.2%) 
waterverts               0/65536           0/786432   ( 0.0%) 
waterindices          1482/65536        2964/131072   ( 2.3%) 
cubemapsamples           0/1024            0/16384    ( 0.0%) 
overlays                 2/8192          704/2883584  ( 0.0%) 
LDR lightdata         [variable]      179340/0        ( 0.0%) 
HDR lightdata         [variable]           0/0        ( 0.0%) 
visdata               [variable]        2975/16777216 ( 0.0%) 
entdata               [variable]       25160/393216   ( 6.4%) 
LDR ambient table      319/65536        1276/262144   ( 0.5%) 
HDR ambient table      319/65536        1276/262144   ( 0.5%) 
LDR leaf ambient       929/65536       26012/1835008  ( 1.4%) 
HDR leaf ambient       319/65536        8932/1835008  ( 0.5%) 
occluders                0/0               0/0        ( 0.0%) 
occluder polygons        0/0               0/0        ( 0.0%) 
occluder vert ind        0/0               0/0        ( 0.0%) 
detail props          [variable]           1/12       ( 8.3%) 
static props          [variable]           1/4108     ( 0.0%) 
pakfile               [variable]         960/0        ( 0.0%) 
physics               [variable]       90044/4194304  ( 2.1%) 
physics terrain       [variable]           2/1048576  ( 0.0%) 

Level flags = 0

Total triangle count: 2082
Writing d:\steam\steamapps\sourcemods\entropyzero2-addonworkspace\mapsrc\facility02.bsp
0 seconds elapsed



materialPath: D:\steam\steamapps\sourcemods\entropyzero2-addonworkspace\materials
Loading d:\steam\steamapps\sourcemods\entropyzero2-addonworkspace\mapsrc\facility02.vmf
ConVarRef mat_reduceparticles doesn't point to an existing ConVar
"materials/az2/glass_superfrosted.vtf": cached version doesn't exist
fixing up env_cubemap materials on brush sides...
0...1...2...3...4...5...6...7...8...9...100...1...2...3...4...5...6...7...8...9...10Processing areas...done (0)
Building Faces...done (0)
Chop Details...done (0)
Find Visible Detail Sides...
Merged 12 detail faces...done (0)
Merging details...done (0)
FixTjuncs...
PruneNodes...
WriteBSP...
done (0)
writing d:\steam\steamapps\sourcemods\entropyzero2-addonworkspace\mapsrc\facility02.prt...Building visibility clusters...
done (0)
Finding displacement neighbors...
Finding lightmap sample positions...
Displacement Alpha : 0...1...2...3...4...5...6...7...8...9...10
Building Physics collision data...
done (0) (90044 bytes)
Placing static props...
Placing detail props : 0...1...2...3...4...5...6...7...8...9...10
Compacting texture/material tables...
Reduced 412 texinfos to 244
Reduced 44 texdatas to 40 (1114 bytes to 968)
Writing d:\steam\steamapps\sourcemods\entropyzero2-addonworkspace\mapsrc\facility02.bsp
0 seconds elapsed



12 threads
reading d:\steam\steamapps\sourcemods\entropyzero2-addonworkspace\mapsrc\facility02.bsp
reading d:\steam\steamapps\sourcemods\entropyzero2-addonworkspace\mapsrc\facility02.prt
  92 portalclusters
 209 numportals
0...1...2...3...4...5...6...7...8...9...10Optimized: 190 visible clusters (2.63%)
Total clusters visible: 7224
Average clusters visible: 78
Building PAS...
Average clusters audible: 92
visdatasize:2975  compressed from 2944
writing d:\steam\steamapps\sourcemods\entropyzero2-addonworkspace\mapsrc\facility02.bsp
0 seconds elapsed



[Reading texlights from 'lights.rad']
[48 texlights parsed from 'lights.rad']

Loading d:\steam\steamapps\sourcemods\entropyzero2-addonworkspace\mapsrc\facility02.bsp
736 faces
33063 square feet [4761159.00 square inches]
0 Displacements
0 Square Feet [0.00 Square Inches]
736 patches before subdivision
6190 patches after subdivision
17 direct lights
0...1...2...3...4...5...6...7...8...9...100...1...2...3...4...5...6...7...8...9...10transfers 648259, max 379
transfer lists:   4.9 megs
0...1...2...3...4...5...6...7...8...9...10	Bounce #1 added RGB(19586, 19600, 19290)
0...1...2...3...4...5...6...7...8...9...10	Bounce #2 added RGB(5470, 5371, 4890)
Build Patch/Sample Hash Table(s).....Done<0.0007 sec>
0...1...2...3...4...5...6...7...8...9...10FinalLightFace Done
0 of 0 (0% of) surface lights went in leaf ambient cubes.
0...1...2...3...4...5...6...7...8...9...10Writing leaf ambient...done
Ready to Finish

Object names       Objects/Maxobjs  Memory / Maxmem  Fullness 
------------       ---------------  ---------------  -------- 
models                  10/1024          480/49152    ( 1.0%) 
brushes                246/8192         2952/98304    ( 3.0%) 
brushsides            1604/65536       12832/524288   ( 2.4%) 
planes                 704/65536       14080/1310720  ( 1.1%) 
vertexes              1158/65536       13896/786432   ( 1.8%) 
nodes                  308/65536        9856/2097152  ( 0.5%) 
texinfos               244/12288       17568/884736   ( 2.0%) 
texdata                 40/2048         1280/65536    ( 2.0%) 
dispinfos                0/0               0/0        ( 0.0%) 
disp_verts               0/0               0/0        ( 0.0%) 
disp_tris                0/0               0/0        ( 0.0%) 
disp_lmsamples           0/0               0/0        ( 0.0%) 
faces                  736/65536       41216/3670016  ( 1.1%) 
hdr faces                0/65536           0/3670016  ( 0.0%) 
origfaces              609/65536       34104/3670016  ( 0.9%) 
leaves                 319/65536       10208/2097152  ( 0.5%) 
leaffaces              813/65536        1626/131072   ( 1.2%) 
leafbrushes            361/65536         722/131072   ( 0.6%) 
areas                    2/256            16/2048     ( 0.8%) 
surfedges             5974/512000      23896/2048000  ( 1.2%) 
edges                 3745/256000      14980/1024000  ( 1.5%) 
LDR worldlights         17/65536        1496/5767168  ( 0.0%) 
HDR worldlights          0/65536           0/5767168  ( 0.0%) 
leafwaterdata            0/32768           0/393216   ( 0.0%) 
waterstrips             71/32768         710/327680   ( 0.2%) 
waterverts               0/65536           0/786432   ( 0.0%) 
waterindices          1482/65536        2964/131072   ( 2.3%) 
cubemapsamples           0/1024            0/16384    ( 0.0%) 
overlays                 2/8192          704/2883584  ( 0.0%) 
LDR lightdata         [variable]      179340/0        ( 0.0%) 
HDR lightdata         [variable]           0/0        ( 0.0%) 
visdata               [variable]        2975/16777216 ( 0.0%) 
entdata               [variable]       25433/393216   ( 6.5%) 
LDR ambient table      319/65536        1276/262144   ( 0.5%) 
HDR ambient table      319/65536        1276/262144   ( 0.5%) 
LDR leaf ambient       929/65536       26012/1835008  ( 1.4%) 
HDR leaf ambient       319/65536        8932/1835008  ( 0.5%) 
occluders                0/0               0/0        ( 0.0%) 
occluder polygons        0/0               0/0        ( 0.0%) 
occluder vert ind        0/0               0/0        ( 0.0%) 
detail props          [variable]           1/12       ( 8.3%) 
static props          [variable]           1/4108     ( 0.0%) 
pakfile               [variable]         960/0        ( 0.0%) 
physics               [variable]       90044/4194304  ( 2.1%) 
physics terrain       [variable]           2/1048576  ( 0.0%) 

Level flags = 0

Total triangle count: 2082
Writing d:\steam\steamapps\sourcemods\entropyzero2-addonworkspace\mapsrc\facility02.bsp
0 seconds elapsed



materialPath: D:\steam\steamapps\sourcemods\entropyzero2-addonworkspace\materials
Loading d:\steam\steamapps\sourcemods\entropyzero2-addonworkspace\mapsrc\facility02.vmf
ConVarRef mat_reduceparticles doesn't point to an existing ConVar
"materials/az2/glass_superfrosted.vtf": cached version doesn't exist
fixing up env_cubemap materials on brush sides...
0...1...2...3...4...5...6...7...8...9...100...1...2...3...4...5...6...7...8...9...10Processing areas...done (0)
Building Faces...done (0)
Chop Details...done (0)
Find Visible Detail Sides...
Merged 12 detail faces...done (0)
Merging details...done (0)
FixTjuncs...
PruneNodes...
WriteBSP...
done (0)
writing d:\steam\steamapps\sourcemods\entropyzero2-addonworkspace\mapsrc\facility02.prt...Building visibility clusters...
done (0)
Finding displacement neighbors...
Finding lightmap sample positions...
Displacement Alpha : 0...1...2...3...4...5...6...7...8...9...10
Building Physics collision data...
done (0) (90453 bytes)
Placing static props...
Placing detail props : 0...1...2...3...4...5...6...7...8...9...10
Compacting texture/material tables...
Reduced 412 texinfos to 247
Reduced 44 texdatas to 40 (1114 bytes to 968)
Writing d:\steam\steamapps\sourcemods\entropyzero2-addonworkspace\mapsrc\facility02.bsp
0 seconds elapsed



12 threads
reading d:\steam\steamapps\sourcemods\entropyzero2-addonworkspace\mapsrc\facility02.bsp
reading d:\steam\steamapps\sourcemods\entropyzero2-addonworkspace\mapsrc\facility02.prt
  92 portalclusters
 209 numportals
0...1...2...3...4...5...6...7...8...9...10Optimized: 190 visible clusters (2.63%)
Total clusters visible: 7224
Average clusters visible: 78
Building PAS...
Average clusters audible: 92
visdatasize:2975  compressed from 2944
writing d:\steam\steamapps\sourcemods\entropyzero2-addonworkspace\mapsrc\facility02.bsp
0 seconds elapsed



[Reading texlights from 'lights.rad']
[48 texlights parsed from 'lights.rad']

Loading d:\steam\steamapps\sourcemods\entropyzero2-addonworkspace\mapsrc\facility02.bsp
742 faces
33380 square feet [4806727.50 square inches]
0 Displacements
0 Square Feet [0.00 Square Inches]
742 patches before subdivision
6196 patches after subdivision
17 direct lights
0...1...2...3...4...5...6...7...8...9...100...1...2...3...4...5...6...7...8...9...10transfers 648260, max 379
transfer lists:   4.9 megs
0...1...2...3...4...5...6...7...8...9...10	Bounce #1 added RGB(19586, 19600, 19290)
0...1...2...3...4...5...6...7...8...9...10	Bounce #2 added RGB(5470, 5371, 4890)
Build Patch/Sample Hash Table(s).....Done<0.0009 sec>
0...1...2...3...4...5...6...7...8...9...10FinalLightFace Done
0 of 0 (0% of) surface lights went in leaf ambient cubes.
0...1...2...3...4...5...6...7...8...9...10Writing leaf ambient...done
Ready to Finish

Object names       Objects/Maxobjs  Memory / Maxmem  Fullness 
------------       ---------------  ---------------  -------- 
models                  11/1024          528/49152    ( 1.1%) 
brushes                247/8192         2964/98304    ( 3.0%) 
brushsides            1610/65536       12880/524288   ( 2.5%) 
planes                 704/65536       14080/1310720  ( 1.1%) 
vertexes              1166/65536       13992/786432   ( 1.8%) 
nodes                  314/65536       10048/2097152  ( 0.5%) 
texinfos               247/12288       17784/884736   ( 2.0%) 
texdata                 40/2048         1280/65536    ( 2.0%) 
dispinfos                0/0               0/0        ( 0.0%) 
disp_verts               0/0               0/0        ( 0.0%) 
disp_tris                0/0               0/0        ( 0.0%) 
disp_lmsamples           0/0               0/0        ( 0.0%) 
faces                  742/65536       41552/3670016  ( 1.1%) 
hdr faces                0/65536           0/3670016  ( 0.0%) 
origfaces              615/65536       34440/3670016  ( 0.9%) 
leaves                 326/65536       10432/2097152  ( 0.5%) 
leaffaces              819/65536        1638/131072   ( 1.2%) 
leafbrushes            362/65536         724/131072   ( 0.6%) 
areas                    2/256            16/2048     ( 0.8%) 
surfedges             6022/512000      24088/2048000  ( 1.2%) 
edges                 3768/256000      15072/1024000  ( 1.5%) 
LDR worldlights         17/65536        1496/5767168  ( 0.0%) 
HDR worldlights          0/65536           0/5767168  ( 0.0%) 
leafwaterdata            0/32768           0/393216   ( 0.0%) 
waterstrips             71/32768         710/327680   ( 0.2%) 
waterverts               0/65536           0/786432   ( 0.0%) 
waterindices          1482/65536        2964/131072   ( 2.3%) 
cubemapsamples           0/1024            0/16384    ( 0.0%) 
overlays                 2/8192          704/2883584  ( 0.0%) 
LDR lightdata         [variable]      179340/0        ( 0.0%) 
HDR lightdata         [variable]           0/0        ( 0.0%) 
visdata               [variable]        2975/16777216 ( 0.0%) 
entdata               [variable]       25688/393216   ( 6.5%) 
LDR ambient table      326/65536        1304/262144   ( 0.5%) 
HDR ambient table      326/65536        1304/262144   ( 0.5%) 
LDR leaf ambient       994/65536       27832/1835008  ( 1.5%) 
HDR leaf ambient       326/65536        9128/1835008  ( 0.5%) 
occluders                0/0               0/0        ( 0.0%) 
occluder polygons        0/0               0/0        ( 0.0%) 
occluder vert ind        0/0               0/0        ( 0.0%) 
detail props          [variable]           1/12       ( 8.3%) 
static props          [variable]           1/4108     ( 0.0%) 
pakfile               [variable]         960/0        ( 0.0%) 
physics               [variable]       90453/4194304  ( 2.2%) 
physics terrain       [variable]           2/1048576  ( 0.0%) 

Level flags = 0

Total triangle count: 2094
Writing d:\steam\steamapps\sourcemods\entropyzero2-addonworkspace\mapsrc\facility02.bsp
0 seconds elapsed



materialPath: D:\steam\steamapps\sourcemods\entropyzero2-addonworkspace\materials
Loading d:\steam\steamapps\sourcemods\entropyzero2-addonworkspace\mapsrc\facility02.vmf
ConVarRef mat_reduceparticles doesn't point to an existing ConVar
"materials/az2/glass_superfrosted.vtf": cached version doesn't exist
fixing up env_cubemap materials on brush sides...
0...1...2...3...4...5...6...7...8...9...100...1...2...3...4...5...6...7...8...9...10Processing areas...done (0)
Building Faces...done (0)
Chop Details...done (0)
Find Visible Detail Sides...
Merged 12 detail faces...done (0)
Merging details...done (0)
FixTjuncs...
PruneNodes...
WriteBSP...
done (0)
writing d:\steam\steamapps\sourcemods\entropyzero2-addonworkspace\mapsrc\facility02.prt...Building visibility clusters...
done (0)
Finding displacement neighbors...
Finding lightmap sample positions...
Displacement Alpha : 0...1...2...3...4...5...6...7...8...9...10
Building Physics collision data...
done (0) (90453 bytes)
Placing static props...
Placing detail props : 0...1...2...3...4...5...6...7...8...9...10
Compacting texture/material tables...
Reduced 412 texinfos to 247
Reduced 44 texdatas to 40 (1114 bytes to 968)
Writing d:\steam\steamapps\sourcemods\entropyzero2-addonworkspace\mapsrc\facility02.bsp
0 seconds elapsed



12 threads
reading d:\steam\steamapps\sourcemods\entropyzero2-addonworkspace\mapsrc\facility02.bsp
reading d:\steam\steamapps\sourcemods\entropyzero2-addonworkspace\mapsrc\facility02.prt
  92 portalclusters
 209 numportals
0...1...2...3...4...5...6...7...8...9...10Optimized: 190 visible clusters (2.63%)
Total clusters visible: 7224
Average clusters visible: 78
Building PAS...
Average clusters audible: 92
visdatasize:2975  compressed from 2944
writing d:\steam\steamapps\sourcemods\entropyzero2-addonworkspace\mapsrc\facility02.bsp
0 seconds elapsed



[Reading texlights from 'lights.rad']
[48 texlights parsed from 'lights.rad']

Loading d:\steam\steamapps\sourcemods\entropyzero2-addonworkspace\mapsrc\facility02.bsp
742 faces
33380 square feet [4806727.50 square inches]
0 Displacements
0 Square Feet [0.00 Square Inches]
742 patches before subdivision
6196 patches after subdivision
17 direct lights
0...1...2...3...4...5...6...7...8...9...100...1...2...3...4...5...6...7...8...9...10transfers 648260, max 379
transfer lists:   4.9 megs
0...1...2...3...4...5...6...7...8...9...10	Bounce #1 added RGB(19586, 19600, 19290)
0...1...2...3...4...5...6...7...8...9...10	Bounce #2 added RGB(5470, 5371, 4890)
Build Patch/Sample Hash Table(s).....Done<0.0009 sec>
0...1...2...3...4...5...6...7...8...9...10FinalLightFace Done
0 of 0 (0% of) surface lights went in leaf ambient cubes.
0...1...2...3...4...5...6...7...8...9...10Writing leaf ambient...done
Ready to Finish

Object names       Objects/Maxobjs  Memory / Maxmem  Fullness 
------------       ---------------  ---------------  -------- 
models                  11/1024          528/49152    ( 1.1%) 
brushes                247/8192         2964/98304    ( 3.0%) 
brushsides            1610/65536       12880/524288   ( 2.5%) 
planes                 704/65536       14080/1310720  ( 1.1%) 
vertexes              1166/65536       13992/786432   ( 1.8%) 
nodes                  314/65536       10048/2097152  ( 0.5%) 
texinfos               247/12288       17784/884736   ( 2.0%) 
texdata                 40/2048         1280/65536    ( 2.0%) 
dispinfos                0/0               0/0        ( 0.0%) 
disp_verts               0/0               0/0        ( 0.0%) 
disp_tris                0/0               0/0        ( 0.0%) 
disp_lmsamples           0/0               0/0        ( 0.0%) 
faces                  742/65536       41552/3670016  ( 1.1%) 
hdr faces                0/65536           0/3670016  ( 0.0%) 
origfaces              615/65536       34440/3670016  ( 0.9%) 
leaves                 326/65536       10432/2097152  ( 0.5%) 
leaffaces              819/65536        1638/131072   ( 1.2%) 
leafbrushes            362/65536         724/131072   ( 0.6%) 
areas                    2/256            16/2048     ( 0.8%) 
surfedges             6022/512000      24088/2048000  ( 1.2%) 
edges                 3768/256000      15072/1024000  ( 1.5%) 
LDR worldlights         17/65536        1496/5767168  ( 0.0%) 
HDR worldlights          0/65536           0/5767168  ( 0.0%) 
leafwaterdata            0/32768           0/393216   ( 0.0%) 
waterstrips             71/32768         710/327680   ( 0.2%) 
waterverts               0/65536           0/786432   ( 0.0%) 
waterindices          1482/65536        2964/131072   ( 2.3%) 
cubemapsamples           0/1024            0/16384    ( 0.0%) 
overlays                 2/8192          704/2883584  ( 0.0%) 
LDR lightdata         [variable]      179340/0        ( 0.0%) 
HDR lightdata         [variable]           0/0        ( 0.0%) 
visdata               [variable]        2975/16777216 ( 0.0%) 
entdata               [variable]       25688/393216   ( 6.5%) 
LDR ambient table      326/65536        1304/262144   ( 0.5%) 
HDR ambient table      326/65536        1304/262144   ( 0.5%) 
LDR leaf ambient       994/65536       27832/1835008  ( 1.5%) 
HDR leaf ambient       326/65536        9128/1835008  ( 0.5%) 
occluders                0/0               0/0        ( 0.0%) 
occluder polygons        0/0               0/0        ( 0.0%) 
occluder vert ind        0/0               0/0        ( 0.0%) 
detail props          [variable]           1/12       ( 8.3%) 
static props          [variable]           1/4108     ( 0.0%) 
pakfile               [variable]         960/0        ( 0.0%) 
physics               [variable]       90453/4194304  ( 2.2%) 
physics terrain       [variable]           2/1048576  ( 0.0%) 

Level flags = 0

Total triangle count: 2094
Writing d:\steam\steamapps\sourcemods\entropyzero2-addonworkspace\mapsrc\facility02.bsp
0 seconds elapsed



materialPath: D:\steam\steamapps\sourcemods\entropyzero2-addonworkspace\materials
Loading d:\steam\steamapps\sourcemods\entropyzero2-addonworkspace\mapsrc\facility02.vmf
ConVarRef mat_reduceparticles doesn't point to an existing ConVar
"materials/az2/glass_superfrosted.vtf": cached version doesn't exist
fixing up env_cubemap materials on brush sides...
0...1...2...3...4...5...6...7...8...9...100...1...2...3...4...5...6...7...8...9...10Processing areas...done (0)
Building Faces...done (0)
Chop Details...done (0)
Find Visible Detail Sides...
Merged 12 detail faces...done (0)
Merging details...done (0)
FixTjuncs...
PruneNodes...
WriteBSP...
done (0)
writing d:\steam\steamapps\sourcemods\entropyzero2-addonworkspace\mapsrc\facility02.prt...Building visibility clusters...
done (0)
Finding displacement neighbors...
Finding lightmap sample positions...
Displacement Alpha : 0...1...2...3...4...5...6...7...8...9...10
Building Physics collision data...
done (0) (90453 bytes)
Placing static props...
Placing detail props : 0...1...2...3...4...5...6...7...8...9...10
Compacting texture/material tables...
Reduced 412 texinfos to 247
Reduced 44 texdatas to 40 (1114 bytes to 968)
Writing d:\steam\steamapps\sourcemods\entropyzero2-addonworkspace\mapsrc\facility02.bsp
0 seconds elapsed



12 threads
reading d:\steam\steamapps\sourcemods\entropyzero2-addonworkspace\mapsrc\facility02.bsp
reading d:\steam\steamapps\sourcemods\entropyzero2-addonworkspace\mapsrc\facility02.prt
  92 portalclusters
 209 numportals
0...1...2...3...4...5...6...7...8...9...10Optimized: 190 visible clusters (2.63%)
Total clusters visible: 7224
Average clusters visible: 78
Building PAS...
Average clusters audible: 92
visdatasize:2975  compressed from 2944
writing d:\steam\steamapps\sourcemods\entropyzero2-addonworkspace\mapsrc\facility02.bsp
0 seconds elapsed



[Reading texlights from 'lights.rad']
[48 texlights parsed from 'lights.rad']

Loading d:\steam\steamapps\sourcemods\entropyzero2-addonworkspace\mapsrc\facility02.bsp
742 faces
33348 square feet [4802119.50 square inches]
0 Displacements
0 Square Feet [0.00 Square Inches]
742 patches before subdivision
6196 patches after subdivision
17 direct lights
0...1...2...3...4...5...6...7...8...9...100...1...2...3...4...5...6...7...8...9...10transfers 648359, max 379
transfer lists:   4.9 megs
0...1...2...3...4...5...6...7...8...9...10	Bounce #1 added RGB(19594, 19607, 19293)
0...1...2...3...4...5...6...7...8...9...10	Bounce #2 added RGB(5472, 5373, 4891)
Build Patch/Sample Hash Table(s).....Done<0.0009 sec>
0...1...2...3...4...5...6...7...8...9...10FinalLightFace Done
0 of 0 (0% of) surface lights went in leaf ambient cubes.
0...1...2...3...4...5...6...7...8...9...10Writing leaf ambient...done
Ready to Finish

Object names       Objects/Maxobjs  Memory / Maxmem  Fullness 
------------       ---------------  ---------------  -------- 
models                  11/1024          528/49152    ( 1.1%) 
brushes                247/8192         2964/98304    ( 3.0%) 
brushsides            1610/65536       12880/524288   ( 2.5%) 
planes                 704/65536       14080/1310720  ( 1.1%) 
vertexes              1166/65536       13992/786432   ( 1.8%) 
nodes                  314/65536       10048/2097152  ( 0.5%) 
texinfos               247/12288       17784/884736   ( 2.0%) 
texdata                 40/2048         1280/65536    ( 2.0%) 
dispinfos                0/0               0/0        ( 0.0%) 
disp_verts               0/0               0/0        ( 0.0%) 
disp_tris                0/0               0/0        ( 0.0%) 
disp_lmsamples           0/0               0/0        ( 0.0%) 
faces                  742/65536       41552/3670016  ( 1.1%) 
hdr faces                0/65536           0/3670016  ( 0.0%) 
origfaces              615/65536       34440/3670016  ( 0.9%) 
leaves                 326/65536       10432/2097152  ( 0.5%) 
leaffaces              819/65536        1638/131072   ( 1.2%) 
leafbrushes            362/65536         724/131072   ( 0.6%) 
areas                    2/256            16/2048     ( 0.8%) 
surfedges             6022/512000      24088/2048000  ( 1.2%) 
edges                 3768/256000      15072/1024000  ( 1.5%) 
LDR worldlights         17/65536        1496/5767168  ( 0.0%) 
HDR worldlights          0/65536           0/5767168  ( 0.0%) 
leafwaterdata            0/32768           0/393216   ( 0.0%) 
waterstrips             71/32768         710/327680   ( 0.2%) 
waterverts               0/65536           0/786432   ( 0.0%) 
waterindices          1482/65536        2964/131072   ( 2.3%) 
cubemapsamples           0/1024            0/16384    ( 0.0%) 
overlays                 2/8192          704/2883584  ( 0.0%) 
LDR lightdata         [variable]      179340/0        ( 0.0%) 
HDR lightdata         [variable]           0/0        ( 0.0%) 
visdata               [variable]        2975/16777216 ( 0.0%) 
entdata               [variable]       25688/393216   ( 6.5%) 
LDR ambient table      326/65536        1304/262144   ( 0.5%) 
HDR ambient table      326/65536        1304/262144   ( 0.5%) 
LDR leaf ambient       994/65536       27832/1835008  ( 1.5%) 
HDR leaf ambient       326/65536        9128/1835008  ( 0.5%) 
occluders                0/0               0/0        ( 0.0%) 
occluder polygons        0/0               0/0        ( 0.0%) 
occluder vert ind        0/0               0/0        ( 0.0%) 
detail props          [variable]           1/12       ( 8.3%) 
static props          [variable]           1/4108     ( 0.0%) 
pakfile               [variable]         960/0        ( 0.0%) 
physics               [variable]       90453/4194304  ( 2.2%) 
physics terrain       [variable]           2/1048576  ( 0.0%) 

Level flags = 0

Total triangle count: 2094
Writing d:\steam\steamapps\sourcemods\entropyzero2-addonworkspace\mapsrc\facility02.bsp
0 seconds elapsed



materialPath: D:\steam\steamapps\sourcemods\entropyzero2-addonworkspace\materials
Loading d:\steam\steamapps\sourcemods\entropyzero2-addonworkspace\mapsrc\facility02.vmf
ConVarRef mat_reduceparticles doesn't point to an existing ConVar
"materials/az2/glass_superfrosted.vtf": cached version doesn't exist
fixing up env_cubemap materials on brush sides...
0...1...2...3...4...5...6...7...8...9...100...1...2...3...4...5...6...7...8...9...10Processing areas...done (0)
Building Faces...done (0)
Chop Details...done (0)
Find Visible Detail Sides...
Merged 12 detail faces...done (0)
Merging details...done (0)
FixTjuncs...
PruneNodes...
WriteBSP...
done (0)
writing d:\steam\steamapps\sourcemods\entropyzero2-addonworkspace\mapsrc\facility02.prt...Building visibility clusters...
done (0)
Finding displacement neighbors...
Finding lightmap sample positions...
Displacement Alpha : 0...1...2...3...4...5...6...7...8...9...10
Building Physics collision data...
done (0) (90597 bytes)
Placing static props...
Placing detail props : 0...1...2...3...4...5...6...7...8...9...10
Compacting texture/material tables...
Reduced 412 texinfos to 247
Reduced 44 texdatas to 40 (1114 bytes to 968)
Writing d:\steam\steamapps\sourcemods\entropyzero2-addonworkspace\mapsrc\facility02.bsp
0 seconds elapsed



12 threads
reading d:\steam\steamapps\sourcemods\entropyzero2-addonworkspace\mapsrc\facility02.bsp
reading d:\steam\steamapps\sourcemods\entropyzero2-addonworkspace\mapsrc\facility02.prt
  92 portalclusters
 209 numportals
0...1...2...3...4...5...6...7...8...9...10Optimized: 190 visible clusters (2.63%)
Total clusters visible: 7224
Average clusters visible: 78
Building PAS...
Average clusters audible: 92
visdatasize:2975  compressed from 2944
writing d:\steam\steamapps\sourcemods\entropyzero2-addonworkspace\mapsrc\facility02.bsp
0 seconds elapsed



[Reading texlights from 'lights.rad']
[48 texlights parsed from 'lights.rad']

Loading d:\steam\steamapps\sourcemods\entropyzero2-addonworkspace\mapsrc\facility02.bsp
742 faces
33348 square feet [4802119.00 square inches]
0 Displacements
0 Square Feet [0.00 Square Inches]
742 patches before subdivision
6196 patches after subdivision
17 direct lights
0...1...2...3...4...5...6...7...8...9...100...1...2...3...4...5...6...7...8...9...10transfers 648358, max 379
transfer lists:   4.9 megs
0...1...2...3...4...5...6...7...8...9...10	Bounce #1 added RGB(19594, 19607, 19293)
0...1...2...3...4...5...6...7...8...9...10	Bounce #2 added RGB(5472, 5373, 4891)
Build Patch/Sample Hash Table(s).....Done<0.0008 sec>
0...1...2...3...4...5...6...7...8...9...10FinalLightFace Done
0 of 0 (0% of) surface lights went in leaf ambient cubes.
0...1...2...3...4...5...6...7...8...9...10Writing leaf ambient...done
Ready to Finish

Object names       Objects/Maxobjs  Memory / Maxmem  Fullness 
------------       ---------------  ---------------  -------- 
models                  11/1024          528/49152    ( 1.1%) 
brushes                247/8192         2964/98304    ( 3.0%) 
brushsides            1610/65536       12880/524288   ( 2.5%) 
planes                 704/65536       14080/1310720  ( 1.1%) 
vertexes              1166/65536       13992/786432   ( 1.8%) 
nodes                  314/65536       10048/2097152  ( 0.5%) 
texinfos               247/12288       17784/884736   ( 2.0%) 
texdata                 40/2048         1280/65536    ( 2.0%) 
dispinfos                0/0               0/0        ( 0.0%) 
disp_verts               0/0               0/0        ( 0.0%) 
disp_tris                0/0               0/0        ( 0.0%) 
disp_lmsamples           0/0               0/0        ( 0.0%) 
faces                  742/65536       41552/3670016  ( 1.1%) 
hdr faces                0/65536           0/3670016  ( 0.0%) 
origfaces              615/65536       34440/3670016  ( 0.9%) 
leaves                 326/65536       10432/2097152  ( 0.5%) 
leaffaces              819/65536        1638/131072   ( 1.2%) 
leafbrushes            362/65536         724/131072   ( 0.6%) 
areas                    2/256            16/2048     ( 0.8%) 
surfedges             6022/512000      24088/2048000  ( 1.2%) 
edges                 3768/256000      15072/1024000  ( 1.5%) 
LDR worldlights         17/65536        1496/5767168  ( 0.0%) 
HDR worldlights          0/65536           0/5767168  ( 0.0%) 
leafwaterdata            0/32768           0/393216   ( 0.0%) 
waterstrips             71/32768         710/327680   ( 0.2%) 
waterverts               0/65536           0/786432   ( 0.0%) 
waterindices          1482/65536        2964/131072   ( 2.3%) 
cubemapsamples           0/1024            0/16384    ( 0.0%) 
overlays                 2/8192          704/2883584  ( 0.0%) 
LDR lightdata         [variable]      179340/0        ( 0.0%) 
HDR lightdata         [variable]           0/0        ( 0.0%) 
visdata               [variable]        2975/16777216 ( 0.0%) 
entdata               [variable]       25615/393216   ( 6.5%) 
LDR ambient table      326/65536        1304/262144   ( 0.5%) 
HDR ambient table      326/65536        1304/262144   ( 0.5%) 
LDR leaf ambient       994/65536       27832/1835008  ( 1.5%) 
HDR leaf ambient       326/65536        9128/1835008  ( 0.5%) 
occluders                0/0               0/0        ( 0.0%) 
occluder polygons        0/0               0/0        ( 0.0%) 
occluder vert ind        0/0               0/0        ( 0.0%) 
detail props          [variable]           1/12       ( 8.3%) 
static props          [variable]           1/4108     ( 0.0%) 
pakfile               [variable]         960/0        ( 0.0%) 
physics               [variable]       90597/4194304  ( 2.2%) 
physics terrain       [variable]           2/1048576  ( 0.0%) 

Level flags = 0

Total triangle count: 2094
Writing d:\steam\steamapps\sourcemods\entropyzero2-addonworkspace\mapsrc\facility02.bsp
0 seconds elapsed



materialPath: D:\steam\steamapps\sourcemods\entropyzero2-addonworkspace\materials
Loading d:\steam\steamapps\sourcemods\entropyzero2-addonworkspace\mapsrc\facility02.vmf
ConVarRef mat_reduceparticles doesn't point to an existing ConVar
"materials/az2/glass_superfrosted.vtf": cached version doesn't exist
fixing up env_cubemap materials on brush sides...
0...1...2...3...4...5...6...7...8...9...100...1...2...3...4...5...6...7...8...9...10Processing areas...done (0)
Building Faces...done (0)
Chop Details...done (0)
Find Visible Detail Sides...
Merged 12 detail faces...done (0)
Merging details...done (0)
FixTjuncs...
PruneNodes...
WriteBSP...
done (0)
writing d:\steam\steamapps\sourcemods\entropyzero2-addonworkspace\mapsrc\facility02.prt...Building visibility clusters...
done (0)
Finding displacement neighbors...
Finding lightmap sample positions...
Displacement Alpha : 0...1...2...3...4...5...6...7...8...9...10
Building Physics collision data...
done (0) (90597 bytes)
Placing static props...
Placing detail props : 0...1...2...3...4...5...6...7...8...9...10
Compacting texture/material tables...
Reduced 412 texinfos to 247
Reduced 44 texdatas to 40 (1114 bytes to 968)
Writing d:\steam\steamapps\sourcemods\entropyzero2-addonworkspace\mapsrc\facility02.bsp
0 seconds elapsed



12 threads
reading d:\steam\steamapps\sourcemods\entropyzero2-addonworkspace\mapsrc\facility02.bsp
reading d:\steam\steamapps\sourcemods\entropyzero2-addonworkspace\mapsrc\facility02.prt
  92 portalclusters
 209 numportals
0...1...2...3...4...5...6...7...8...9...10Optimized: 190 visible clusters (2.63%)
Total clusters visible: 7224
Average clusters visible: 78
Building PAS...
Average clusters audible: 92
visdatasize:2975  compressed from 2944
writing d:\steam\steamapps\sourcemods\entropyzero2-addonworkspace\mapsrc\facility02.bsp
0 seconds elapsed



[Reading texlights from 'lights.rad']
[48 texlights parsed from 'lights.rad']

Loading d:\steam\steamapps\sourcemods\entropyzero2-addonworkspace\mapsrc\facility02.bsp
742 faces
33348 square feet [4802119.00 square inches]
0 Displacements
0 Square Feet [0.00 Square Inches]
742 patches before subdivision
6196 patches after subdivision
17 direct lights
0...1...2...3...4...5...6...7...8...9...100...1...2...3...4...5...6...7...8...9...10transfers 648358, max 379
transfer lists:   4.9 megs
0...1...2...3...4...5...6...7...8...9...10	Bounce #1 added RGB(19594, 19607, 19293)
0...1...2...3...4...5...6...7...8...9...10	Bounce #2 added RGB(5472, 5373, 4891)
Build Patch/Sample Hash Table(s).....Done<0.0008 sec>
0...1...2...3...4...5...6...7...8...9...10FinalLightFace Done
0 of 0 (0% of) surface lights went in leaf ambient cubes.
0...1...2...3...4...5...6...7...8...9...10Writing leaf ambient...done
Ready to Finish

Object names       Objects/Maxobjs  Memory / Maxmem  Fullness 
------------       ---------------  ---------------  -------- 
models                  11/1024          528/49152    ( 1.1%) 
brushes                247/8192         2964/98304    ( 3.0%) 
brushsides            1610/65536       12880/524288   ( 2.5%) 
planes                 704/65536       14080/1310720  ( 1.1%) 
vertexes              1166/65536       13992/786432   ( 1.8%) 
nodes                  314/65536       10048/2097152  ( 0.5%) 
texinfos               247/12288       17784/884736   ( 2.0%) 
texdata                 40/2048         1280/65536    ( 2.0%) 
dispinfos                0/0               0/0        ( 0.0%) 
disp_verts               0/0               0/0        ( 0.0%) 
disp_tris                0/0               0/0        ( 0.0%) 
disp_lmsamples           0/0               0/0        ( 0.0%) 
faces                  742/65536       41552/3670016  ( 1.1%) 
hdr faces                0/65536           0/3670016  ( 0.0%) 
origfaces              615/65536       34440/3670016  ( 0.9%) 
leaves                 326/65536       10432/2097152  ( 0.5%) 
leaffaces              819/65536        1638/131072   ( 1.2%) 
leafbrushes            362/65536         724/131072   ( 0.6%) 
areas                    2/256            16/2048     ( 0.8%) 
surfedges             6022/512000      24088/2048000  ( 1.2%) 
edges                 3768/256000      15072/1024000  ( 1.5%) 
LDR worldlights         17/65536        1496/5767168  ( 0.0%) 
HDR worldlights          0/65536           0/5767168  ( 0.0%) 
leafwaterdata            0/32768           0/393216   ( 0.0%) 
waterstrips             71/32768         710/327680   ( 0.2%) 
waterverts               0/65536           0/786432   ( 0.0%) 
waterindices          1482/65536        2964/131072   ( 2.3%) 
cubemapsamples           0/1024            0/16384    ( 0.0%) 
overlays                 2/8192          704/2883584  ( 0.0%) 
LDR lightdata         [variable]      179340/0        ( 0.0%) 
HDR lightdata         [variable]           0/0        ( 0.0%) 
visdata               [variable]        2975/16777216 ( 0.0%) 
entdata               [variable]       25615/393216   ( 6.5%) 
LDR ambient table      326/65536        1304/262144   ( 0.5%) 
HDR ambient table      326/65536        1304/262144   ( 0.5%) 
LDR leaf ambient       994/65536       27832/1835008  ( 1.5%) 
HDR leaf ambient       326/65536        9128/1835008  ( 0.5%) 
occluders                0/0               0/0        ( 0.0%) 
occluder polygons        0/0               0/0        ( 0.0%) 
occluder vert ind        0/0               0/0        ( 0.0%) 
detail props          [variable]           1/12       ( 8.3%) 
static props          [variable]           1/4108     ( 0.0%) 
pakfile               [variable]         960/0        ( 0.0%) 
physics               [variable]       90597/4194304  ( 2.2%) 
physics terrain       [variable]           2/1048576  ( 0.0%) 

Level flags = 0

Total triangle count: 2094
Writing d:\steam\steamapps\sourcemods\entropyzero2-addonworkspace\mapsrc\facility02.bsp
0 seconds elapsed



materialPath: D:\steam\steamapps\sourcemods\entropyzero2-addonworkspace\materials
Loading d:\steam\steamapps\sourcemods\entropyzero2-addonworkspace\mapsrc\facility02.vmf
ConVarRef mat_reduceparticles doesn't point to an existing ConVar
"materials/az2/glass_superfrosted.vtf": cached version doesn't exist
fixing up env_cubemap materials on brush sides...
0...1...2...3...4...5...6...7...8...9...100...1...2...3...4...5...6...7...8...9...10Processing areas...done (0)
Building Faces...done (0)
Chop Details...done (0)
Find Visible Detail Sides...
Merged 12 detail faces...done (0)
Merging details...done (0)
FixTjuncs...
PruneNodes...
WriteBSP...
done (0)
writing d:\steam\steamapps\sourcemods\entropyzero2-addonworkspace\mapsrc\facility02.prt...Building visibility clusters...
done (0)
Finding displacement neighbors...
Finding lightmap sample positions...
Displacement Alpha : 0...1...2...3...4...5...6...7...8...9...10
Building Physics collision data...
done (0) (90597 bytes)
Placing static props...
Placing detail props : 0...1...2...3...4...5...6...7...8...9...10
Compacting texture/material tables...
Reduced 412 texinfos to 247
Reduced 44 texdatas to 40 (1114 bytes to 968)
Writing d:\steam\steamapps\sourcemods\entropyzero2-addonworkspace\mapsrc\facility02.bsp
0 seconds elapsed



12 threads
reading d:\steam\steamapps\sourcemods\entropyzero2-addonworkspace\mapsrc\facility02.bsp
reading d:\steam\steamapps\sourcemods\entropyzero2-addonworkspace\mapsrc\facility02.prt
  92 portalclusters
 209 numportals
0...1...2...3...4...5...6...7...8...9...10Optimized: 190 visible clusters (2.63%)
Total clusters visible: 7224
Average clusters visible: 78
Building PAS...
Average clusters audible: 92
visdatasize:2975  compressed from 2944
writing d:\steam\steamapps\sourcemods\entropyzero2-addonworkspace\mapsrc\facility02.bsp
0 seconds elapsed



[Reading texlights from 'lights.rad']
[48 texlights parsed from 'lights.rad']

Loading d:\steam\steamapps\sourcemods\entropyzero2-addonworkspace\mapsrc\facility02.bsp
742 faces
33348 square feet [4802119.00 square inches]
0 Displacements
0 Square Feet [0.00 Square Inches]
742 patches before subdivision
6196 patches after subdivision
17 direct lights
0...1...2...3...4...5...6...7...8...9...100...1...2...3...4...5...6...7...8...9...10transfers 648358, max 379
transfer lists:   4.9 megs
0...1...2...3...4...5...6...7...8...9...10	Bounce #1 added RGB(19594, 19607, 19293)
0...1...2...3...4...5...6...7...8...9...10	Bounce #2 added RGB(5472, 5373, 4891)
Build Patch/Sample Hash Table(s).....Done<0.0009 sec>
0...1...2...3...4...5...6...7...8...9...10FinalLightFace Done
0 of 0 (0% of) surface lights went in leaf ambient cubes.
0...1...2...3...4...5...6...7...8...9...10Writing leaf ambient...done
Ready to Finish

Object names       Objects/Maxobjs  Memory / Maxmem  Fullness 
------------       ---------------  ---------------  -------- 
models                  11/1024          528/49152    ( 1.1%) 
brushes                247/8192         2964/98304    ( 3.0%) 
brushsides            1610/65536       12880/524288   ( 2.5%) 
planes                 704/65536       14080/1310720  ( 1.1%) 
vertexes              1166/65536       13992/786432   ( 1.8%) 
nodes                  314/65536       10048/2097152  ( 0.5%) 
texinfos               247/12288       17784/884736   ( 2.0%) 
texdata                 40/2048         1280/65536    ( 2.0%) 
dispinfos                0/0               0/0        ( 0.0%) 
disp_verts               0/0               0/0        ( 0.0%) 
disp_tris                0/0               0/0        ( 0.0%) 
disp_lmsamples           0/0               0/0        ( 0.0%) 
faces                  742/65536       41552/3670016  ( 1.1%) 
hdr faces                0/65536           0/3670016  ( 0.0%) 
origfaces              615/65536       34440/3670016  ( 0.9%) 
leaves                 326/65536       10432/2097152  ( 0.5%) 
leaffaces              819/65536        1638/131072   ( 1.2%) 
leafbrushes            362/65536         724/131072   ( 0.6%) 
areas                    2/256            16/2048     ( 0.8%) 
surfedges             6022/512000      24088/2048000  ( 1.2%) 
edges                 3768/256000      15072/1024000  ( 1.5%) 
LDR worldlights         17/65536        1496/5767168  ( 0.0%) 
HDR worldlights          0/65536           0/5767168  ( 0.0%) 
leafwaterdata            0/32768           0/393216   ( 0.0%) 
waterstrips             71/32768         710/327680   ( 0.2%) 
waterverts               0/65536           0/786432   ( 0.0%) 
waterindices          1482/65536        2964/131072   ( 2.3%) 
cubemapsamples           0/1024            0/16384    ( 0.0%) 
overlays                 2/8192          704/2883584  ( 0.0%) 
LDR lightdata         [variable]      179340/0        ( 0.0%) 
HDR lightdata         [variable]           0/0        ( 0.0%) 
visdata               [variable]        2975/16777216 ( 0.0%) 
entdata               [variable]       26003/393216   ( 6.6%) 
LDR ambient table      326/65536        1304/262144   ( 0.5%) 
HDR ambient table      326/65536        1304/262144   ( 0.5%) 
LDR leaf ambient       994/65536       27832/1835008  ( 1.5%) 
HDR leaf ambient       326/65536        9128/1835008  ( 0.5%) 
occluders                0/0               0/0        ( 0.0%) 
occluder polygons        0/0               0/0        ( 0.0%) 
occluder vert ind        0/0               0/0        ( 0.0%) 
detail props          [variable]           1/12       ( 8.3%) 
static props          [variable]           1/4108     ( 0.0%) 
pakfile               [variable]         960/0        ( 0.0%) 
physics               [variable]       90597/4194304  ( 2.2%) 
physics terrain       [variable]           2/1048576  ( 0.0%) 

Level flags = 0

Total triangle count: 2094
Writing d:\steam\steamapps\sourcemods\entropyzero2-addonworkspace\mapsrc\facility02.bsp
0 seconds elapsed
