PRT1
14
18
4 0 7 (0 384 0 ) (0 384 192 ) (0 512 192 ) (0 512 0 ) 
4 0 1 (48 384 0 ) (104 384 0 ) (104 384 112 ) (48 384 112 ) 
4 1 6 (48 368 0 ) (104 368 0 ) (104 368 112 ) (48 368 112 ) 
4 2 4 (144 240 192 ) (144 240 0 ) (160 240 0 ) (160 240 192 ) 
4 2 6 (144 368 192 ) (144 368 0 ) (144 240 0 ) (144 240 192 ) 
4 3 6 (144 160 0 ) (144 144 0 ) (144 144 192 ) (144 160 192 ) 
4 3 5 (144 144 192 ) (144 144 0 ) (160 144 0 ) (160 144 192 ) 
4 4 6 (144 240 0 ) (144 224 0 ) (144 224 192 ) (144 240 192 ) 
4 5 6 (144 144 0 ) (144 0 0 ) (144 0 192 ) (144 144 192 ) 
4 6 9 (0 0 0 ) (0 0 192 ) (0 368 192 ) (0 368 0 ) 
4 7 8 (-32 384 112 ) (-112 384 112 ) (-112 384 40 ) (-32 384 40 ) 
4 8 9 (-112 368 40 ) (-32 368 40 ) (-32 368 112 ) (-112 368 112 ) 
4 9 12 (-144 160 0 ) (-144 144 0 ) (-144 144 192 ) (-144 160 192 ) 
4 9 11 (-144 240 0 ) (-144 224 0 ) (-144 224 192 ) (-144 240 192 ) 
4 9 10 (-144 368 192 ) (-144 368 0 ) (-144 240 0 ) (-144 240 192 ) 
4 9 13 (-144 144 0 ) (-144 0 0 ) (-144 0 192 ) (-144 144 192 ) 
4 10 11 (-160 240 0 ) (-144 240 0 ) (-144 240 192 ) (-160 240 192 ) 
4 12 13 (-160 144 0 ) (-144 144 0 ) (-144 144 192 ) (-160 144 192 ) 
