


materialPath: D:\steam\steamapps\sourcemods\entropyzero2-addonworkspace\materials
Loading d:\steam\steamapps\sourcemods\entropyzero2-addonworkspace\mapsrc\intro.vmf
ConVarRef mat_reduceparticles doesn't point to an existing ConVar
Patching WVT material: maps/intro/nature/blenddirtgravel01_wvt_patch
Patching WVT material: maps/intro/nature/blendgravelgravel02_wvt_patch
fixing up env_cubemap materials on brush sides...
0...1...2...3...4...5...6...7...8...9...100...1...2...3...4...5...6...7...8...9...10Processing areas...done (0)
Building Faces...done (0)
Chop Details...done (0)
Find Visible Detail Sides...
Merged 76 detail faces...done (0)
Merging details...done (0)
FixTjuncs...
PruneNodes...
WriteBSP...
done (0)
writing d:\steam\steamapps\sourcemods\entropyzero2-addonworkspace\mapsrc\intro.prt...Building visibility clusters...
done (0)
Finding displacement neighbors...
Finding lightmap sample positions...
Displacement Alpha : 0...1...2...3...4...5...6...7...8...9...10
Building Physics collision data...
done (0) (27795 bytes)
Placing static props...
Placing detail props : 0...1...2...3...4...5...6...7...8...9...10
Compacting texture/material tables...
Reduced 136 texinfos to 77
Reduced 38 texdatas to 35 (997 bytes to 898)
Writing d:\steam\steamapps\sourcemods\entropyzero2-addonworkspace\mapsrc\intro.bsp
1 second elapsed



12 threads
reading d:\steam\steamapps\sourcemods\entropyzero2-addonworkspace\mapsrc\intro.bsp
reading d:\steam\steamapps\sourcemods\entropyzero2-addonworkspace\mapsrc\intro.prt
  72 portalclusters
 163 numportals
0...1...2...3...4...5...6...7...8...9...10Optimized: 53 visible clusters (1.08%)
Total clusters visible: 4913
Average clusters visible: 68
Building PAS...
Average clusters audible: 72
visdatasize:1876  compressed from 2304
writing d:\steam\steamapps\sourcemods\entropyzero2-addonworkspace\mapsrc\intro.bsp
0 seconds elapsed



[Reading texlights from 'lights.rad']
[48 texlights parsed from 'lights.rad']

Loading d:\steam\steamapps\sourcemods\entropyzero2-addonworkspace\mapsrc\intro.bsp
440 faces
336683 square feet [48482368.00 square inches]
21 Displacements
37330 Square Feet [5375526.50 Square Inches]
440 patches before subdivision
19232 patches after subdivision
0 direct lights
0...1...2...3...4...5...6...7...8...9...100...1...2...3...4...5...6...7...8...9...10transfers 1837303, max 439
transfer lists:  14.0 megs
0...1...2...3...4...5...6...7...8...9...10	Bounce #1 added RGB(0, 0, 0)
Build Patch/Sample Hash Table(s).....Done<0.0039 sec>
0...1...2...3...4...5...6...7...8...9...10FinalLightFace Done
Computing detail prop lighting : 0...1...2...3...4...5...6...7...8...9...10
0 of 0 (0% of) surface lights went in leaf ambient cubes.
0...1...2...3...4...5...6...7...8...9...10Writing leaf ambient...done
Ready to Finish

Object names       Objects/Maxobjs  Memory / Maxmem  Fullness 
------------       ---------------  ---------------  -------- 
models                   1/1024           48/49152    ( 0.1%) 
brushes                 81/8192          972/98304    ( 1.0%) 
brushsides             518/65536        4144/524288   ( 0.8%) 
planes                 222/65536        4440/1310720  ( 0.3%) 
vertexes               728/65536        8736/786432   ( 1.1%) 
nodes                  237/65536        7584/2097152  ( 0.4%) 
texinfos                77/12288        5544/884736   ( 0.6%) 
texdata                 35/2048         1120/65536    ( 1.7%) 
dispinfos               21/0            3696/0        ( 0.0%) 
disp_verts            1701/0           34020/0        ( 0.0%) 
disp_tris             2688/0            5376/0        ( 0.0%) 
disp_lmsamples       86464/0           86464/0        ( 0.0%) 
faces                  440/65536       24640/3670016  ( 0.7%) 
hdr faces                0/65536           0/3670016  ( 0.0%) 
origfaces              154/65536        8624/3670016  ( 0.2%) 
leaves                 239/65536        7648/2097152  ( 0.4%) 
leaffaces              472/65536         944/131072   ( 0.7%) 
leafbrushes            297/65536         594/131072   ( 0.5%) 
areas                    2/256            16/2048     ( 0.8%) 
surfedges             2577/512000      10308/2048000  ( 0.5%) 
edges                 1563/256000       6252/1024000  ( 0.6%) 
LDR worldlights          0/65536           0/5767168  ( 0.0%) 
HDR worldlights          0/65536           0/5767168  ( 0.0%) 
leafwaterdata            0/32768           0/393216   ( 0.0%) 
waterstrips             23/32768         230/327680   ( 0.1%) 
waterverts               0/65536           0/786432   ( 0.0%) 
waterindices           372/65536         744/131072   ( 0.6%) 
cubemapsamples           0/1024            0/16384    ( 0.0%) 
overlays                 5/8192         1760/2883584  ( 0.1%) 
LDR lightdata         [variable]      490544/0        ( 0.0%) 
HDR lightdata         [variable]           0/0        ( 0.0%) 
visdata               [variable]        1876/16777216 ( 0.0%) 
entdata               [variable]        2481/393216   ( 0.6%) 
LDR ambient table      239/65536         956/262144   ( 0.4%) 
HDR ambient table      239/65536         956/262144   ( 0.4%) 
LDR leaf ambient        72/65536        2016/1835008  ( 0.1%) 
HDR leaf ambient       239/65536        6692/1835008  ( 0.4%) 
occluders                0/0               0/0        ( 0.0%) 
occluder polygons        0/0               0/0        ( 0.0%) 
occluder vert ind        0/0               0/0        ( 0.0%) 
detail props          [variable]           1/48556    ( 0.0%) 
dtl prp lght          [variable]           1/4        (25.0%) 
HDR dtl prp lght      [variable]           1/4        (25.0%) 
static props          [variable]           1/2958     ( 0.0%) 
pakfile               [variable]         703/0        ( 0.0%) 
physics               [variable]       27795/4194304  ( 0.7%) 
physics terrain       [variable]        7079/1048576  ( 0.7%) 

Level flags = 0

Total triangle count: 1083
Writing d:\steam\steamapps\sourcemods\entropyzero2-addonworkspace\mapsrc\intro.bsp
1 second elapsed



materialPath: D:\steam\steamapps\sourcemods\entropyzero2-addonworkspace\materials
Loading d:\steam\steamapps\sourcemods\entropyzero2-addonworkspace\mapsrc\intro.vmf
ConVarRef mat_reduceparticles doesn't point to an existing ConVar
Patching WVT material: maps/intro/nature/blenddirtgravel01_wvt_patch
Patching WVT material: maps/intro/nature/blendgravelgravel02_wvt_patch
fixing up env_cubemap materials on brush sides...
0...1...2...3...4...5...6...7...8...9...100...1...2...3...4...5...6...7...8...9...10Processing areas...done (0)
Building Faces...done (0)
Chop Details...done (0)
Find Visible Detail Sides...
Merged 82 detail faces...done (0)
Merging details...done (0)
FixTjuncs...
PruneNodes...
WriteBSP...
done (0)
writing d:\steam\steamapps\sourcemods\entropyzero2-addonworkspace\mapsrc\intro.prt...Building visibility clusters...
done (0)
Finding displacement neighbors...
Finding lightmap sample positions...
Displacement Alpha : 0...1...2...3...4...5...6...7...8...9...10
Building Physics collision data...
done (0) (80894 bytes)
Placing static props...
Error loading studio model ""!
Placing detail props : 0...1...2...3...4...5...6...7...8...9...10
Compacting texture/material tables...
Reduced 314 texinfos to 211
Reduced 67 texdatas to 64 (1772 bytes to 1673)
Writing d:\steam\steamapps\sourcemods\entropyzero2-addonworkspace\mapsrc\intro.bsp
0 seconds elapsed



12 threads
reading d:\steam\steamapps\sourcemods\entropyzero2-addonworkspace\mapsrc\intro.bsp
reading d:\steam\steamapps\sourcemods\entropyzero2-addonworkspace\mapsrc\intro.prt
 399 portalclusters
1058 numportals
0...1...2...3...4...5...6...7...8...9...10Optimized: 2227 visible clusters (1.54%)
Total clusters visible: 144814
Average clusters visible: 362
Building PAS...
Average clusters audible: 399
visdatasize:43268  compressed from 44688
writing d:\steam\steamapps\sourcemods\entropyzero2-addonworkspace\mapsrc\intro.bsp
0 seconds elapsed



[Reading texlights from 'lights.rad']
[48 texlights parsed from 'lights.rad']

Loading d:\steam\steamapps\sourcemods\entropyzero2-addonworkspace\mapsrc\intro.bsp
1311 faces
3119292 square feet [449178144.00 square inches]
23 Displacements
46412 Square Feet [6683354.00 Square Inches]
1311 patches before subdivision
32557 patches after subdivision
0 direct lights
0...1...2...3...4...5...6...7...8...9...100...1...2...3...4...5...6...7...8...9...10transfers 2267421, max 413
transfer lists:  17.3 megs
0...1...2...3...4...5...6...7...8...9...10	Bounce #1 added RGB(0, 0, 0)
Build Patch/Sample Hash Table(s).....Done<0.0061 sec>
0...1...2...3...4...5...6...7...8...9...10FinalLightFace Done
Computing detail prop lighting : 0...1...2...3...4...5...6...7...8...9...10
0 of 0 (0% of) surface lights went in leaf ambient cubes.
0...1...2...3...4...5...6...7...8...9...10Writing leaf ambient...done
Ready to Finish

Object names       Objects/Maxobjs  Memory / Maxmem  Fullness 
------------       ---------------  ---------------  -------- 
models                   1/1024           48/49152    ( 0.1%) 
brushes                235/8192         2820/98304    ( 2.9%) 
brushsides            1665/65536       13320/524288   ( 2.5%) 
planes                 580/65536       11600/1310720  ( 0.9%) 
vertexes              2043/65536       24516/786432   ( 3.1%) 
nodes                 1033/65536       33056/2097152  ( 1.6%) 
texinfos               211/12288       15192/884736   ( 1.7%) 
texdata                 64/2048         2048/65536    ( 3.1%) 
dispinfos               23/0            4048/0        ( 0.0%) 
disp_verts            1863/0           37260/0        ( 0.0%) 
disp_tris             2944/0            5888/0        ( 0.0%) 
disp_lmsamples      105976/0          105976/0        ( 0.0%) 
faces                 1311/65536       73416/3670016  ( 2.0%) 
hdr faces                0/65536           0/3670016  ( 0.0%) 
origfaces              532/65536       29792/3670016  ( 0.8%) 
leaves                1035/65536       33120/2097152  ( 1.6%) 
leaffaces             1410/65536        2820/131072   ( 2.2%) 
leafbrushes            859/65536        1718/131072   ( 1.3%) 
areas                    2/256            16/2048     ( 0.8%) 
surfedges             7957/512000      31828/2048000  ( 1.6%) 
edges                 4746/256000      18984/1024000  ( 1.9%) 
LDR worldlights          0/65536           0/5767168  ( 0.0%) 
HDR worldlights          0/65536           0/5767168  ( 0.0%) 
leafwaterdata            0/32768           0/393216   ( 0.0%) 
waterstrips            103/32768        1030/327680   ( 0.3%) 
waterverts               0/65536           0/786432   ( 0.0%) 
waterindices          1716/65536        3432/131072   ( 2.6%) 
cubemapsamples           0/1024            0/16384    ( 0.0%) 
overlays                 6/8192         2112/2883584  ( 0.1%) 
LDR lightdata         [variable]      942804/0        ( 0.0%) 
HDR lightdata         [variable]           0/0        ( 0.0%) 
visdata               [variable]       43268/16777216 ( 0.3%) 
entdata               [variable]        2485/393216   ( 0.6%) 
LDR ambient table     1035/65536        4140/262144   ( 1.6%) 
HDR ambient table     1035/65536        4140/262144   ( 1.6%) 
LDR leaf ambient       399/65536       11172/1835008  ( 0.6%) 
HDR leaf ambient      1035/65536       28980/1835008  ( 1.6%) 
occluders                0/0               0/0        ( 0.0%) 
occluder polygons        0/0               0/0        ( 0.0%) 
occluder vert ind        0/0               0/0        ( 0.0%) 
detail props          [variable]           1/61556    ( 0.0%) 
dtl prp lght          [variable]           1/4        (25.0%) 
HDR dtl prp lght      [variable]           1/4        (25.0%) 
static props          [variable]           1/4630     ( 0.0%) 
pakfile               [variable]         703/0        ( 0.0%) 
physics               [variable]       80894/4194304  ( 1.9%) 
physics terrain       [variable]        7339/1048576  ( 0.7%) 

Level flags = 0

Total triangle count: 3232
Writing d:\steam\steamapps\sourcemods\entropyzero2-addonworkspace\mapsrc\intro.bsp
5 seconds elapsed
