PRT1
44
65
4 0 5 (32 2048 0 ) (224 2048 0 ) (224 2048 352 ) (32 2048 352 ) 
4 1 8 (0 1552 464 ) (0 1776 464 ) (0 1776 456 ) (0 1552 456 ) 
4 1 2 (0 1776 456 ) (32 1744 456 ) (32 1584 456 ) (0 1552 456 ) 
4 2 9 (0 1776 456 ) (0 1776 448 ) (0 1552 448 ) (0 1552 456 ) 
4 2 6 (0 1552 448 ) (0 1776 448 ) (32 1744 448 ) (32 1584 448 ) 
4 3 18 (256 1024 448 ) (248 1024 448 ) (248 1024 256 ) (256 1024 256 ) 
4 3 5 (248 1024 256 ) (248 1024 448 ) (248 2048 448 ) (248 2048 256 ) 
4 4 19 (248 1024 224 ) (248 1024 0 ) (256 1024 0 ) (256 1024 224 ) 
4 4 5 (248 2048 0 ) (248 1024 0 ) (248 1024 224 ) (248 2048 224 ) 
4 5 20 (248 1024 448 ) (32 1024 448 ) (32 1024 0 ) (248 1024 0 ) 
4 5 6 (32 1024 64 ) (32 1024 448 ) (32 2048 448 ) (32 2048 64 ) 
4 6 21 (32 1024 448 ) (0 1024 448 ) (0 1024 64 ) (32 1024 64 ) 
4 6 10 (0 1024 64 ) (0 1024 448 ) (0 2048 448 ) (0 2048 64 ) 
4 7 11 (-224 2048 352 ) (-416 2048 352 ) (-416 2048 0 ) (-224 2048 0 ) 
6 8 9 (0 1552 456 ) (-192 1552 456 ) (-224 1584 456 ) (-224 1744 456 ) (-192 1776 456 ) (0 1776 456 ) 
6 9 10 (-192 1776 448 ) (0 1776 448 ) (0 1552 448 ) (-192 1552 448 ) (-224 1584 448 ) (-224 1744 448 ) 
4 10 32 (0 1024 64 ) (0 1024 448 ) (-224 1024 448 ) (-224 1024 64 ) 
4 10 11 (-224 1024 64 ) (-224 1024 448 ) (-224 2048 448 ) (-224 2048 64 ) 
4 11 33 (-224 1024 448 ) (-440 1024 448 ) (-440 1024 0 ) (-224 1024 0 ) 
4 11 12 (-440 1024 256 ) (-440 1024 448 ) (-440 2048 448 ) (-440 2048 256 ) 
4 11 13 (-440 2048 0 ) (-440 1024 0 ) (-440 1024 224 ) (-440 2048 224 ) 
4 12 34 (-440 1024 448 ) (-448 1024 448 ) (-448 1024 256 ) (-440 1024 256 ) 
4 13 35 (-448 1024 224 ) (-448 1024 0 ) (-440 1024 0 ) (-440 1024 224 ) 
4 14 28 (0 784 464 ) (0 1008 464 ) (0 1008 456 ) (0 784 456 ) 
4 14 15 (0 1008 456 ) (32 976 456 ) (32 816 456 ) (0 784 456 ) 
4 15 29 (0 1008 456 ) (0 1008 448 ) (0 784 448 ) (0 784 456 ) 
4 15 21 (0 784 448 ) (0 1008 448 ) (32 976 448 ) (32 816 448 ) 
4 16 30 (0 16 464 ) (0 240 464 ) (0 240 456 ) (0 16 456 ) 
4 16 17 (0 240 456 ) (32 208 456 ) (32 48 456 ) (0 16 456 ) 
4 17 31 (0 240 456 ) (0 240 448 ) (0 16 448 ) (0 16 456 ) 
4 17 21 (0 16 448 ) (0 240 448 ) (32 208 448 ) (32 48 448 ) 
4 18 24 (256 0 448 ) (248 0 448 ) (248 0 256 ) (256 0 256 ) 
4 18 20 (248 0 256 ) (248 0 448 ) (248 1024 448 ) (248 1024 256 ) 
4 19 25 (248 0 224 ) (248 0 0 ) (256 0 0 ) (256 0 224 ) 
4 19 20 (248 1024 0 ) (248 0 0 ) (248 0 224 ) (248 1024 224 ) 
4 20 26 (248 0 448 ) (32 0 448 ) (32 0 0 ) (248 0 0 ) 
4 20 21 (32 0 64 ) (32 0 448 ) (32 1024 448 ) (32 1024 64 ) 
4 21 32 (0 0 64 ) (0 0 448 ) (0 1024 448 ) (0 1024 64 ) 
4 21 27 (32 0 448 ) (0 0 448 ) (0 0 64 ) (32 0 64 ) 
4 22 36 (0 -752 464 ) (0 -528 464 ) (0 -528 456 ) (0 -752 456 ) 
4 22 23 (0 -528 456 ) (32 -560 456 ) (32 -720 456 ) (0 -752 456 ) 
4 23 37 (0 -528 456 ) (0 -528 448 ) (0 -752 448 ) (0 -752 456 ) 
4 23 27 (0 -752 448 ) (0 -528 448 ) (32 -560 448 ) (32 -720 448 ) 
4 24 26 (248 -1024 256 ) (248 -1024 448 ) (248 0 448 ) (248 0 256 ) 
4 25 26 (248 0 0 ) (248 -1024 0 ) (248 -1024 224 ) (248 0 224 ) 
4 26 42 (32 -1024 352 ) (32 -1024 0 ) (224 -1024 0 ) (224 -1024 352 ) 
4 26 27 (32 -1024 64 ) (32 -1024 448 ) (32 0 448 ) (32 0 64 ) 
4 27 38 (0 -1024 64 ) (0 -1024 448 ) (0 0 448 ) (0 0 64 ) 
6 28 29 (0 784 456 ) (-192 784 456 ) (-224 816 456 ) (-224 976 456 ) (-192 1008 456 ) (0 1008 456 ) 
6 29 32 (-192 1008 448 ) (0 1008 448 ) (0 784 448 ) (-192 784 448 ) (-224 816 448 ) (-224 976 448 ) 
6 30 31 (0 16 456 ) (-192 16 456 ) (-224 48 456 ) (-224 208 456 ) (-192 240 456 ) (0 240 456 ) 
6 31 32 (-192 240 448 ) (0 240 448 ) (0 16 448 ) (-192 16 448 ) (-224 48 448 ) (-224 208 448 ) 
4 32 38 (0 0 64 ) (0 0 448 ) (-224 0 448 ) (-224 0 64 ) 
4 32 33 (-224 0 64 ) (-224 0 448 ) (-224 1024 448 ) (-224 1024 64 ) 
4 33 39 (-224 0 448 ) (-440 0 448 ) (-440 0 0 ) (-224 0 0 ) 
4 33 34 (-440 0 256 ) (-440 0 448 ) (-440 1024 448 ) (-440 1024 256 ) 
4 33 35 (-440 1024 0 ) (-440 0 0 ) (-440 0 224 ) (-440 1024 224 ) 
4 34 40 (-440 0 448 ) (-448 0 448 ) (-448 0 256 ) (-440 0 256 ) 
4 35 41 (-448 0 224 ) (-448 0 0 ) (-440 0 0 ) (-440 0 224 ) 
6 36 37 (0 -752 456 ) (-192 -752 456 ) (-224 -720 456 ) (-224 -560 456 ) (-192 -528 456 ) (0 -528 456 ) 
6 37 38 (0 -528 448 ) (0 -752 448 ) (-192 -752 448 ) (-224 -720 448 ) (-224 -560 448 ) (-192 -528 448 ) 
4 38 39 (-224 -1024 64 ) (-224 -1024 448 ) (-224 0 448 ) (-224 0 64 ) 
4 39 43 (-416 -1024 0 ) (-224 -1024 0 ) (-224 -1024 352 ) (-416 -1024 352 ) 
4 39 40 (-440 -1024 256 ) (-440 -1024 448 ) (-440 0 448 ) (-440 0 256 ) 
4 39 41 (-440 0 0 ) (-440 -1024 0 ) (-440 -1024 224 ) (-440 0 224 ) 
