PRT1
45
95
4 0 7 (0 838 163.367737 ) (0 838 160 ) (0 60 160 ) (0 60 163.367752 ) 
4 0 2 (0 60 160 ) (0 836 160 ) (576 836 160 ) (576 60 160 ) 
4 1 34 (288 0 286 ) (0 0 286 ) (0 0 160 ) (583.909119 0 160 ) 
4 1 32 (0 0 160 ) (0 0 286 ) (0 52 286 ) (0 52 160 ) 
4 1 3 (0 0 160 ) (0 52 160 ) (576 52 160 ) (576 0 160 ) 
4 2 4 (0 60 128 ) (0 836 128 ) (576 836 128 ) (576 60 128 ) 
4 3 35 (576 0 160 ) (0 0 160 ) (0 0 128 ) (576 0 128 ) 
4 3 6 (576 0 128 ) (0 0 128 ) (0 52 128 ) (576 52 128 ) 
4 4 10 (0 136 128 ) (0 248 128 ) (0 248 96 ) (0 136 96 ) 
4 4 9 (0 392 128 ) (0 504 128 ) (0 504 96 ) (0 392 96 ) 
4 4 8 (0 648 128 ) (0 760 128 ) (0 760 96 ) (0 648 96 ) 
4 4 5 (192 60 0 ) (384 60 0 ) (384 60 128 ) (192 60 128 ) 
4 5 6 (192 52 0 ) (384 52 0 ) (384 52 128 ) (192 52 128 ) 
4 6 35 (576 0 128 ) (0 0 128 ) (0 0 0 ) (576 0 0 ) 
4 11 33 (-88 52 32 ) (-84 52 32 ) (-84 52 96 ) (-88 52 96 ) 
4 11 14 (-88 57 92 ) (-88 58 92 ) (-88 58 36 ) (-88 57 36 ) 
4 11 13 (-88 58 92 ) (-88 60 92 ) (-88 60 36 ) (-88 58 36 ) 
4 11 15 (-88 52 36 ) (-88 52 92 ) (-88 57 92 ) (-88 57 36 ) 
4 11 12 (-88 52 92 ) (-88 52 96 ) (-88 60 96 ) (-88 60 92 ) 
4 11 16 (-88 60 32 ) (-88 52 32 ) (-88 52 36 ) (-88 60 36 ) 
4 12 33 (-88 52 92 ) (-88 52 96 ) (-176 52 96 ) (-176 52 92 ) 
4 12 17 (-176 52 92 ) (-176 52 96 ) (-176 60 96 ) (-176 60 92 ) 
4 12 14 (-176 57 92 ) (-176 58 92 ) (-88 58 92 ) (-88 57 92 ) 
4 12 13 (-176 58 92 ) (-176 60 92 ) (-88 60 92 ) (-88 58 92 ) 
4 12 15 (-176 52 92 ) (-176 57 92 ) (-88 57 92 ) (-88 52 92 ) 
4 13 17 (-176 58 92 ) (-176 60 92 ) (-176 60 36 ) (-176 58 36 ) 
4 13 16 (-176 58 36 ) (-176 60 36 ) (-88 60 36 ) (-88 58 36 ) 
4 13 14 (-176 58 36 ) (-88 58 36 ) (-88 58 92 ) (-176 58 92 ) 
4 14 17 (-176 57 92 ) (-176 58 92 ) (-176 58 36 ) (-176 57 36 ) 
4 14 15 (-176 57 36 ) (-88 57 36 ) (-88 57 92 ) (-176 57 92 ) 
4 14 16 (-176 57 36 ) (-176 58 36 ) (-88 58 36 ) (-88 57 36 ) 
4 15 33 (-88 52 36 ) (-88 52 92 ) (-176 52 92 ) (-176 52 36 ) 
4 15 17 (-176 52 36 ) (-176 52 92 ) (-176 57 92 ) (-176 57 36 ) 
4 15 16 (-176 52 36 ) (-176 57 36 ) (-88 57 36 ) (-88 52 36 ) 
4 16 33 (-176 52 32 ) (-88 52 32 ) (-88 52 36 ) (-176 52 36 ) 
4 16 17 (-176 60 32 ) (-176 52 32 ) (-176 52 36 ) (-176 60 36 ) 
4 17 33 (-180 52 32 ) (-176 52 32 ) (-176 52 96 ) (-180 52 96 ) 
4 18 33 (-280 52 32 ) (-276 52 32 ) (-276 52 96 ) (-280 52 96 ) 
4 18 21 (-280 57 92 ) (-280 58 92 ) (-280 58 36 ) (-280 57 36 ) 
4 18 20 (-280 58 92 ) (-280 60 92 ) (-280 60 36 ) (-280 58 36 ) 
4 18 22 (-280 52 36 ) (-280 52 92 ) (-280 57 92 ) (-280 57 36 ) 
4 18 19 (-280 52 92 ) (-280 52 96 ) (-280 60 96 ) (-280 60 92 ) 
4 18 23 (-280 60 32 ) (-280 52 32 ) (-280 52 36 ) (-280 60 36 ) 
4 19 33 (-280 52 92 ) (-280 52 96 ) (-368 52 96 ) (-368 52 92 ) 
4 19 21 (-368 57 92 ) (-368 58 92 ) (-280 58 92 ) (-280 57 92 ) 
4 19 20 (-368 58 92 ) (-368 60 92 ) (-280 60 92 ) (-280 58 92 ) 
4 19 22 (-368 52 92 ) (-368 57 92 ) (-280 57 92 ) (-280 52 92 ) 
4 19 24 (-368 52 92 ) (-368 52 96 ) (-368 60 96 ) (-368 60 92 ) 
4 20 23 (-368 58 36 ) (-368 60 36 ) (-280 60 36 ) (-280 58 36 ) 
4 20 24 (-368 58 92 ) (-368 60 92 ) (-368 60 36 ) (-368 58 36 ) 
4 20 21 (-368 58 36 ) (-280 58 36 ) (-280 58 92 ) (-368 58 92 ) 
4 21 22 (-368 57 36 ) (-280 57 36 ) (-280 57 92 ) (-368 57 92 ) 
4 21 23 (-368 57 36 ) (-368 58 36 ) (-280 58 36 ) (-280 57 36 ) 
4 21 24 (-368 57 92 ) (-368 58 92 ) (-368 58 36 ) (-368 57 36 ) 
4 22 33 (-280 52 36 ) (-280 52 92 ) (-368 52 92 ) (-368 52 36 ) 
4 22 24 (-368 52 36 ) (-368 52 92 ) (-368 57 92 ) (-368 57 36 ) 
4 22 23 (-368 52 36 ) (-368 57 36 ) (-280 57 36 ) (-280 52 36 ) 
4 23 33 (-368 52 32 ) (-280 52 32 ) (-280 52 36 ) (-368 52 36 ) 
4 23 24 (-368 60 32 ) (-368 52 32 ) (-368 52 36 ) (-368 60 36 ) 
4 24 33 (-372 52 32 ) (-368 52 32 ) (-368 52 96 ) (-372 52 96 ) 
4 25 33 (-472 52 32 ) (-468 52 32 ) (-468 52 96 ) (-472 52 96 ) 
4 25 28 (-472 57 92 ) (-472 58 92 ) (-472 58 36 ) (-472 57 36 ) 
4 25 27 (-472 58 92 ) (-472 60 92 ) (-472 60 36 ) (-472 58 36 ) 
4 25 29 (-472 52 36 ) (-472 52 92 ) (-472 57 92 ) (-472 57 36 ) 
4 25 26 (-472 52 92 ) (-472 52 96 ) (-472 60 96 ) (-472 60 92 ) 
4 25 30 (-472 60 32 ) (-472 52 32 ) (-472 52 36 ) (-472 60 36 ) 
4 26 33 (-472 52 92 ) (-472 52 96 ) (-560 52 96 ) (-560 52 92 ) 
4 26 31 (-560 52 92 ) (-560 52 96 ) (-560 60 96 ) (-560 60 92 ) 
4 26 28 (-560 57 92 ) (-560 58 92 ) (-472 58 92 ) (-472 57 92 ) 
4 26 27 (-560 58 92 ) (-560 60 92 ) (-472 60 92 ) (-472 58 92 ) 
4 26 29 (-560 52 92 ) (-560 57 92 ) (-472 57 92 ) (-472 52 92 ) 
4 27 31 (-560 58 92 ) (-560 60 92 ) (-560 60 36 ) (-560 58 36 ) 
4 27 30 (-560 58 36 ) (-560 60 36 ) (-472 60 36 ) (-472 58 36 ) 
4 27 28 (-560 58 36 ) (-472 58 36 ) (-472 58 92 ) (-560 58 92 ) 
4 28 31 (-560 57 92 ) (-560 58 92 ) (-560 58 36 ) (-560 57 36 ) 
4 28 29 (-560 57 36 ) (-472 57 36 ) (-472 57 92 ) (-560 57 92 ) 
4 28 30 (-560 57 36 ) (-560 58 36 ) (-472 58 36 ) (-472 57 36 ) 
4 29 33 (-472 52 36 ) (-472 52 92 ) (-560 52 92 ) (-560 52 36 ) 
4 29 31 (-560 52 36 ) (-560 52 92 ) (-560 57 92 ) (-560 57 36 ) 
4 29 30 (-560 52 36 ) (-560 57 36 ) (-472 57 36 ) (-472 52 36 ) 
4 30 33 (-560 52 32 ) (-472 52 32 ) (-472 52 36 ) (-560 52 36 ) 
4 30 31 (-560 60 32 ) (-560 52 32 ) (-560 52 36 ) (-560 60 36 ) 
4 31 33 (-564 52 32 ) (-560 52 32 ) (-560 52 96 ) (-564 52 96 ) 
4 32 36 (0 0 160 ) (0 0 286 ) (-6 0 286 ) (-6 0 160 ) 
4 33 44 (-8 0 0 ) (-8 0 128 ) (-644 0 128 ) (-644 0 0 ) 
4 34 36 (0 0 286 ) (0 0 160 ) (0 -332 160 ) (0 -332 286 ) 
4 34 35 (0 -332 160 ) (0 0 160 ) (576 0 160 ) (576 -332 160 ) 
4 35 43 (0 -60 0 ) (0 -220 0 ) (0 -220 112 ) (0 -60 112 ) 
4 36 40 (-6 -248 238 ) (-6 -248 270 ) (-6 -184 270 ) (-6 -184 238 ) 
4 36 37 (-6 -96 238 ) (-6 -96 270 ) (-6 -32 270 ) (-6 -32 238 ) 
4 37 38 (-7 -32 238 ) (-7 -96 238 ) (-7 -96 270 ) (-7 -32 270 ) 
4 38 39 (-9 -32 238 ) (-9 -96 238 ) (-9 -96 270 ) (-9 -32 270 ) 
4 40 41 (-7 -184 238 ) (-7 -248 238 ) (-7 -248 270 ) (-7 -184 270 ) 
4 41 42 (-9 -184 238 ) (-9 -248 238 ) (-9 -248 270 ) (-9 -184 270 ) 
4 43 44 (-8 -60 112 ) (-8 -60 0 ) (-8 -220 0 ) (-8 -220 112 ) 
