PRT1
132
284
4 0 2 (5120 1024 -128 ) (5120 1024 320 ) (4096 1024 320 ) (4096 1024 -128 ) 
4 0 1 (4096 1024 -128 ) (4096 1024 320 ) (4096 1088 320 ) (4096 1088 -128 ) 
4 1 6 (3072 1024 -128 ) (3072 1024 320 ) (3072 1088 320 ) (3072 1088 -128 ) 
4 1 4 (4096 1024 -128 ) (4096 1024 320 ) (3072 1024 320 ) (3072 1024 -128 ) 
4 2 4 (4096 1024 320 ) (4096 1024 -128 ) (4096 768 -128 ) (4096 768 320 ) 
4 2 3 (5120 768 -128 ) (5120 768 320 ) (4096 768 320 ) (4096 768 -128 ) 
4 3 5 (4096 768 -320 ) (4096 592 -320 ) (4096 592 320 ) (4096 768 320 ) 
4 4 22 (3072 768 320 ) (3072 1024 320 ) (3072 1024 -128 ) (3072 768 -128 ) 
4 4 5 (4096 768 -128 ) (4096 768 320 ) (3072 768 320 ) (3072 768 -128 ) 
4 5 23 (3072 592 320 ) (3072 768 320 ) (3072 768 -320 ) (3072 592 -320 ) 
4 6 22 (3072 1024 -128 ) (3072 1024 320 ) (2048 1024 320 ) (2048 1024 -128 ) 
4 6 8 (2048 1024 -128 ) (2048 1024 0 ) (2048 1088 0 ) (2048 1088 -128 ) 
4 6 7 (2048 1024 0 ) (2048 1024 320 ) (2048 1088 320 ) (2048 1088 0 ) 
4 7 24 (2048 1024 0 ) (2048 1024 320 ) (1024 1024 320 ) (1024 1024 0 ) 
3 7 10 (1024 1024 0 ) (1024 1088 320 ) (1024 1088 0 ) 
3 7 9 (1024 1024 0 ) (1024 1024 320 ) (1024 1088 320 ) 
4 7 8 (1280 1088 0 ) (2048 1088 0 ) (2048 1024 0 ) (1280 1024 0 ) 
4 8 25 (2048 1024 -128 ) (2048 1024 0 ) (1280 1024 0 ) (1280 1024 -128 ) 
4 9 28 (1024 1024 0 ) (1024 1024 320 ) (0 1024 320 ) (0 1024 0 ) 
3 9 16 (0 1024 0 ) (0 1024 320 ) (0 1088 320 ) 
4 9 14 (384 1024 0 ) (256 1024 0 ) (256 1088 320 ) (384 1088 320 ) 
4 9 15 (192 1024 0 ) (64 1024 0 ) (64 1088 320 ) (192 1088 320 ) 
4 9 13 (576 1024 0 ) (448 1024 0 ) (448 1088 320 ) (576 1088 320 ) 
4 9 11 (896 1024 0 ) (832 1024 0 ) (832 1088 320 ) (896 1088 320 ) 
4 9 12 (768 1024 0 ) (640 1024 0 ) (640 1088 320 ) (768 1088 320 ) 
4 9 10 (1024 1024 0 ) (960 1024 0 ) (960 1088 320 ) (1024 1088 320 ) 
4 16 112 (-296 1024 128 ) (-896 1024 128 ) (-896 1024 0 ) (-296 1024 0 ) 
4 16 110 (-168 1024 128 ) (-176 1024 128 ) (-176 1024 0 ) (-168 1024 0 ) 
4 16 111 (-176 1024 128 ) (-296 1024 128 ) (-296 1024 0 ) (-176 1024 0 ) 
4 16 103 (0 1024 0 ) (0 1024 128 ) (-168 1024 128 ) (-168 1024 0 ) 
4 16 102 (-296 1024 320 ) (-896 1024 320 ) (-896 1024 128 ) (-296 1024 128 ) 
4 16 99 (-168 1024 320 ) (-176 1024 320 ) (-176 1024 128 ) (-168 1024 128 ) 
4 16 100 (-176 1024 320 ) (-296 1024 320 ) (-296 1024 128 ) (-176 1024 128 ) 
4 16 97 (0 1024 128 ) (0 1024 320 ) (-168 1024 320 ) (-168 1024 128 ) 
4 16 20 (-576 1024 0 ) (-704 1024 0 ) (-704 1088 320 ) (-576 1088 320 ) 
4 16 21 (-768 1024 0 ) (-896 1024 0 ) (-896 1088 320 ) (-768 1088 320 ) 
4 16 19 (-384 1024 0 ) (-512 1024 0 ) (-512 1088 320 ) (-384 1088 320 ) 
4 16 18 (-192 1024 0 ) (-320 1024 0 ) (-320 1088 320 ) (-192 1088 320 ) 
4 16 17 (0 1024 0 ) (-128 1024 0 ) (-128 1088 320 ) (0 1088 320 ) 
4 22 25 (2048 1024 0 ) (2048 1024 -128 ) (2048 768 -128 ) (2048 768 0 ) 
4 22 24 (2048 1024 320 ) (2048 1024 0 ) (2048 768 0 ) (2048 768 320 ) 
4 22 23 (3072 768 -128 ) (3072 768 320 ) (2048 768 320 ) (2048 768 -128 ) 
4 23 27 (2048 768 -320 ) (2048 592 -320 ) (2048 592 -128 ) (2048 768 -128 ) 
4 23 25 (2048 592 -128 ) (2048 592 0 ) (2048 768 0 ) (2048 768 -128 ) 
4 23 24 (2048 592 0 ) (2048 592 320 ) (2048 768 320 ) (2048 768 0 ) 
4 24 28 (1024 1024 320 ) (1024 1024 0 ) (1024 592 0 ) (1024 592 320 ) 
4 24 26 (1024 592 0 ) (1024 768 0 ) (1280 768 0 ) (1280 592 0 ) 
4 24 25 (1280 1024 0 ) (2048 1024 0 ) (2048 592 0 ) (1280 592 0 ) 
4 25 27 (2048 768 -128 ) (2048 592 -128 ) (1280 592 -128 ) (1280 768 -128 ) 
4 25 26 (1280 768 -128 ) (1280 592 -128 ) (1280 592 0 ) (1280 768 0 ) 
4 26 29 (1024 768 -128 ) (1024 592 -128 ) (1024 592 0 ) (1024 768 0 ) 
4 26 27 (1280 768 -128 ) (1280 592 -128 ) (1024 592 -128 ) (1024 768 -128 ) 
4 27 30 (1024 768 -320 ) (1024 592 -320 ) (1024 592 -128 ) (1024 768 -128 ) 
4 28 103 (0 1024 128 ) (0 1024 0 ) (0 592 0 ) (0 592 128 ) 
4 28 97 (0 1024 320 ) (0 1024 128 ) (0 592 128 ) (0 592 320 ) 
4 28 56 (0 592 109 ) (0 592 33 ) (21 592 33 ) (21 592 109 ) 
4 28 55 (253 592 33 ) (253 592 48 ) (211 592 48 ) (211 592 33 ) 
4 28 52 (252 592 109 ) (212 592 109 ) (212 592 48 ) (252 592 48 ) 
4 28 51 (253 592 48 ) (253 592 109 ) (252 592 109 ) (252 592 48 ) 
4 28 54 (212 592 109 ) (211 592 109 ) (211 592 48 ) (212 592 48 ) 
4 28 47 (364 592 109 ) (324 592 109 ) (324 592 33 ) (364 592 33 ) 
4 28 46 (365 592 33 ) (365 592 109 ) (364 592 109 ) (364 592 33 ) 
4 28 50 (324 592 109 ) (323 592 109 ) (323 592 33 ) (324 592 33 ) 
4 28 45 (525 592 33 ) (525 592 48 ) (483 592 48 ) (483 592 33 ) 
4 28 42 (524 592 109 ) (484 592 109 ) (484 592 48 ) (524 592 48 ) 
4 28 41 (525 592 48 ) (525 592 109 ) (524 592 109 ) (524 592 48 ) 
4 28 44 (484 592 109 ) (483 592 109 ) (483 592 48 ) (484 592 48 ) 
4 28 37 (636 592 109 ) (596 592 109 ) (596 592 33 ) (636 592 33 ) 
4 28 36 (637 592 33 ) (637 592 109 ) (636 592 109 ) (636 592 33 ) 
4 28 40 (596 592 109 ) (595 592 109 ) (595 592 33 ) (596 592 33 ) 
4 28 32 (784 592 109 ) (744 592 109 ) (744 592 33 ) (784 592 33 ) 
4 28 31 (785 592 33 ) (785 592 109 ) (784 592 109 ) (784 592 33 ) 
4 28 35 (744 592 109 ) (743 592 109 ) (743 592 33 ) (744 592 33 ) 
4 28 29 (1024 592 0 ) (0 592 0 ) (0 768 0 ) (1024 768 0 ) 
4 29 129 (0 768 -128 ) (0 592 -128 ) (0 592 0 ) (0 768 0 ) 
4 29 30 (1024 592 -128 ) (0 592 -128 ) (0 768 -128 ) (1024 768 -128 ) 
4 30 129 (0 768 -320 ) (0 592 -320 ) (0 592 -128 ) (0 768 -128 ) 
4 31 62 (784 576 33 ) (785 576 33 ) (785 576 109 ) (784 576 109 ) 
4 31 33 (784 580 33 ) (784 579 33 ) (784 579 48 ) (784 580 48 ) 
4 31 32 (784 592 33 ) (784 580 33 ) (784 580 109 ) (784 592 109 ) 
4 31 34 (784 579 33 ) (784 576 33 ) (784 576 109 ) (784 579 109 ) 
4 32 33 (744 580 48 ) (744 580 33 ) (784 580 33 ) (784 580 48 ) 
4 32 35 (744 592 33 ) (744 580 33 ) (744 580 109 ) (744 592 109 ) 
4 33 35 (744 580 33 ) (744 579 33 ) (744 579 48 ) (744 580 48 ) 
4 33 34 (744 579 48 ) (744 579 33 ) (784 579 33 ) (784 579 48 ) 
4 34 62 (744 576 33 ) (784 576 33 ) (784 576 109 ) (744 576 109 ) 
4 34 35 (744 579 33 ) (744 576 33 ) (744 576 109 ) (744 579 109 ) 
4 35 62 (743 576 109 ) (743 576 33 ) (744 576 33 ) (744 576 109 ) 
4 36 63 (637 576 33 ) (637 576 109 ) (636 576 109 ) (636 576 33 ) 
4 36 38 (636 580 33 ) (636 579 33 ) (636 579 48 ) (636 580 48 ) 
4 36 37 (636 592 33 ) (636 580 33 ) (636 580 109 ) (636 592 109 ) 
4 36 39 (636 579 33 ) (636 576 33 ) (636 576 109 ) (636 579 109 ) 
4 37 38 (596 580 48 ) (596 580 33 ) (636 580 33 ) (636 580 48 ) 
4 37 40 (596 592 33 ) (596 580 33 ) (596 580 109 ) (596 592 109 ) 
4 38 40 (596 580 33 ) (596 579 33 ) (596 579 48 ) (596 580 48 ) 
4 38 39 (596 579 48 ) (596 579 33 ) (636 579 33 ) (636 579 48 ) 
4 39 63 (636 576 109 ) (596 576 109 ) (596 576 33 ) (636 576 33 ) 
4 39 40 (596 579 33 ) (596 576 33 ) (596 576 109 ) (596 579 109 ) 
4 40 63 (596 576 109 ) (595 576 109 ) (595 576 33 ) (596 576 33 ) 
4 41 63 (525 576 109 ) (524 576 109 ) (524 576 48 ) (525 576 48 ) 
4 41 45 (524 592 48 ) (525 592 48 ) (525 576 48 ) (524 576 48 ) 
4 41 42 (524 592 48 ) (524 580 48 ) (524 580 109 ) (524 592 109 ) 
4 41 43 (524 579 48 ) (524 576 48 ) (524 576 109 ) (524 579 109 ) 
4 42 45 (484 592 48 ) (524 592 48 ) (524 580 48 ) (484 580 48 ) 
4 42 44 (484 592 48 ) (484 580 48 ) (484 580 109 ) (484 592 109 ) 
4 43 63 (524 576 109 ) (484 576 109 ) (484 576 48 ) (524 576 48 ) 
4 43 45 (524 579 48 ) (524 576 48 ) (484 576 48 ) (484 579 48 ) 
4 43 44 (484 579 48 ) (484 576 48 ) (484 576 109 ) (484 579 109 ) 
4 44 63 (484 576 109 ) (483 576 109 ) (483 576 48 ) (484 576 48 ) 
4 44 45 (483 576 48 ) (483 592 48 ) (484 592 48 ) (484 576 48 ) 
4 45 63 (483 576 48 ) (483 576 33 ) (525 576 33 ) (525 576 48 ) 
4 46 64 (365 576 33 ) (365 576 109 ) (364 576 109 ) (364 576 33 ) 
4 46 48 (364 580 33 ) (364 579 33 ) (364 579 48 ) (364 580 48 ) 
4 46 47 (364 592 33 ) (364 580 33 ) (364 580 109 ) (364 592 109 ) 
4 46 49 (364 579 33 ) (364 576 33 ) (364 576 109 ) (364 579 109 ) 
4 47 48 (324 580 48 ) (324 580 33 ) (364 580 33 ) (364 580 48 ) 
4 47 50 (324 592 33 ) (324 580 33 ) (324 580 109 ) (324 592 109 ) 
4 48 50 (324 580 33 ) (324 579 33 ) (324 579 48 ) (324 580 48 ) 
4 48 49 (324 579 48 ) (324 579 33 ) (364 579 33 ) (364 579 48 ) 
4 49 64 (364 576 109 ) (324 576 109 ) (324 576 33 ) (364 576 33 ) 
4 49 50 (324 579 33 ) (324 576 33 ) (324 576 109 ) (324 579 109 ) 
4 50 64 (324 576 109 ) (323 576 109 ) (323 576 33 ) (324 576 33 ) 
4 51 64 (253 576 48 ) (253 576 109 ) (252 576 109 ) (252 576 48 ) 
4 51 55 (252 592 48 ) (253 592 48 ) (253 576 48 ) (252 576 48 ) 
4 51 52 (252 592 48 ) (252 580 48 ) (252 580 109 ) (252 592 109 ) 
4 51 53 (252 579 48 ) (252 576 48 ) (252 576 109 ) (252 579 109 ) 
4 52 55 (212 592 48 ) (252 592 48 ) (252 580 48 ) (212 580 48 ) 
4 52 54 (212 592 48 ) (212 580 48 ) (212 580 109 ) (212 592 109 ) 
4 53 64 (252 576 109 ) (212 576 109 ) (212 576 48 ) (252 576 48 ) 
4 53 55 (252 579 48 ) (252 576 48 ) (212 576 48 ) (212 579 48 ) 
4 53 54 (212 579 48 ) (212 576 48 ) (212 576 109 ) (212 579 109 ) 
4 54 64 (212 576 109 ) (211 576 109 ) (211 576 48 ) (212 576 48 ) 
4 54 55 (211 576 48 ) (211 592 48 ) (212 592 48 ) (212 576 48 ) 
4 55 64 (253 576 33 ) (253 576 48 ) (211 576 48 ) (211 576 33 ) 
4 56 104 (0 576 33 ) (0 576 109 ) (0 592 109 ) (0 592 33 ) 
4 56 95 (0 576 38 ) (0 576 33 ) (21 576 33 ) (21 576 38 ) 
4 56 91 (0 576 39 ) (0 576 38 ) (21 576 38 ) (21 576 39 ) 
4 56 87 (21 576 109 ) (0 576 109 ) (0 576 39 ) (21 576 39 ) 
4 57 62 (672 576 128 ) (856 576 128 ) (856 320 128 ) (672 320 128 ) 
4 58 63 (456 576 128 ) (664 576 128 ) (664 320 128 ) (456 320 128 ) 
4 59 64 (128 320 128 ) (128 576 128 ) (448 576 128 ) (448 320 128 ) 
4 60 69 (128 192 128 ) (128 312 128 ) (216 312 128 ) (216 192 128 ) 
4 61 98 (0 576 184 ) (0 576 128 ) (0 192 128 ) (0 192 184 ) 
4 61 96 (0 192 128 ) (0 268 128 ) (120 268 128 ) (120 192 128 ) 
4 61 87 (0 268 128 ) (0 576 128 ) (119 576 128 ) (119 268 128 ) 
4 61 86 (120 449 128 ) (120 268 128 ) (119 268 128 ) (119 449 128 ) 
4 61 85 (119 576 128 ) (120 576 128 ) (120 449 128 ) (119 449 128 ) 
4 62 65 (732 320 0 ) (788 320 0 ) (788 320 112 ) (732 320 112 ) 
4 63 66 (532 320 0 ) (588 320 0 ) (588 320 128 ) (532 320 128 ) 
4 64 84 (128 540 0 ) (128 484 0 ) (128 484 128 ) (128 540 128 ) 
4 64 67 (256 320 0 ) (312 320 0 ) (312 320 128 ) (256 320 128 ) 
4 65 70 (732 312 0 ) (788 312 0 ) (788 312 112 ) (732 312 112 ) 
4 66 70 (532 312 0 ) (588 312 0 ) (588 312 112 ) (532 312 112 ) 
4 66 68 (588 312 112 ) (588 312 128 ) (532 312 128 ) (532 312 112 ) 
4 67 70 (256 312 0 ) (312 312 0 ) (312 312 112 ) (256 312 112 ) 
4 67 68 (312 312 112 ) (312 312 128 ) (256 312 128 ) (256 312 112 ) 
4 68 82 (856 220 112 ) (856 192 112 ) (224 192 112 ) (224 220 112 ) 
4 68 72 (856 284 112 ) (856 220 112 ) (224 220 112 ) (224 284 112 ) 
4 68 70 (224 312 112 ) (856 312 112 ) (856 284 112 ) (224 284 112 ) 
4 69 83 (128 192 112 ) (128 220 112 ) (216 220 112 ) (216 192 112 ) 
4 69 73 (128 220 112 ) (128 284 112 ) (216 284 112 ) (216 220 112 ) 
4 69 71 (128 284 112 ) (128 312 112 ) (216 312 112 ) (216 284 112 ) 
4 70 74 (224 284 108 ) (224 284 0 ) (856 284 0 ) (856 284 108 ) 
4 70 72 (856 284 112 ) (224 284 112 ) (224 284 108 ) (856 284 108 ) 
4 71 81 (128 284 108 ) (128 284 0 ) (216 284 0 ) (216 284 108 ) 
4 71 73 (216 284 112 ) (128 284 112 ) (128 284 108 ) (216 284 108 ) 
4 72 82 (856 220 112 ) (224 220 112 ) (224 220 108 ) (856 220 108 ) 
4 72 80 (856 220 108 ) (222 220 108 ) (222 224 108 ) (856 224 108 ) 
4 72 78 (222 224 108 ) (222 252 108 ) (856 252 108 ) (856 224 108 ) 
4 72 76 (244.748993 266.865997 108 ) (270.497925 252 108 ) (266.498077 252 108 ) (243.749008 265.134033 108 ) 
3 72 75 (222 252 108 ) (222 277.690674 108 ) (266.498077 252 108 ) 
5 72 74 (222 280 108 ) (222 284 108 ) (856 284 108 ) (856 252 108 ) (270.497925 252 108 ) 
4 73 83 (216 220 112 ) (128 220 112 ) (128 220 108 ) (216 220 108 ) 
4 73 81 (218 220 108 ) (128 220 108 ) (128 284 108 ) (218 284 108 ) 
4 74 78 (270.497955 252 0 ) (856 252 0 ) (856 252 108 ) (270.497925 252 108 ) 
4 74 76 (244.749054 266.866089 0 ) (270.498047 252 0 ) (270.498047 252 108 ) (244.749054 266.866089 108 ) 
4 75 78 (221 252 0 ) (266.498047 252 0 ) (266.498077 252 108 ) (221 252 108 ) 
4 75 79 (218 252 108 ) (218 252 0 ) (219 252 0 ) (219 252 108 ) 
4 75 77 (219.499786 279.133575 0 ) (218 280 0 ) (218 280 108 ) (219.499771 279.133575 108 ) 
4 75 76 (266.498047 252 108 ) (266.498047 252 0 ) (243.748886 265.133820 0 ) (243.748886 265.133820 108 ) 
4 75 81 (218 252 108 ) (218 280 108 ) (218 280 0 ) (218 252 0 ) 
4 76 78 (266.498047 252 0 ) (270.497955 252 0 ) (270.497925 252 108 ) (266.498077 252 108 ) 
4 78 80 (222 224 0 ) (856 224 0 ) (856 224 108 ) (222 224 108 ) 
4 79 81 (218 224 108 ) (218 252 108 ) (218 252 0 ) (218 224 0 ) 
4 80 82 (224 220 0 ) (856 220 0 ) (856 220 108 ) (224 220 108 ) 
4 81 83 (128 220 108 ) (128 220 0 ) (216 220 0 ) (216 220 108 ) 
4 84 85 (120 540 0 ) (120 484 0 ) (120 484 128 ) (120 540 128 ) 
4 85 93 (119 576 0 ) (119 449 0 ) (119 449 38 ) (119 576 38 ) 
4 85 88 (119 449 38 ) (119 449 39 ) (119 576 39 ) (119 576 38 ) 
4 85 87 (119 449 39 ) (119 449 128 ) (119 576 128 ) (119 576 39 ) 
4 85 86 (119 449 128 ) (119 449 58 ) (120 449 58 ) (120 449 128 ) 
4 86 96 (120 268 58 ) (120 268 128 ) (119 268 128 ) (119 268 58 ) 
4 86 87 (119 268 58 ) (119 268 128 ) (119 449 128 ) (119 449 58 ) 
4 87 122 (0 284 108 ) (0 284 39 ) (0 268 39 ) (0 268 108 ) 
4 87 119 (0 284 112 ) (0 284 108 ) (0 268 108 ) (0 268 112 ) 
4 87 117 (0 268 128 ) (0 284 128 ) (0 284 112 ) (0 268 112 ) 
4 87 105 (0 284 128 ) (0 576 128 ) (0 576 39 ) (0 284 39 ) 
4 87 96 (119 268 39 ) (119 268 128 ) (0 268 128 ) (0 268 39 ) 
4 87 92 (89 268 39 ) (0 268 39 ) (0 396 39 ) (89 396 39 ) 
4 87 91 (0 576 39 ) (97 576 39 ) (97 396 39 ) (0 396 39 ) 
4 87 90 (113 296 39 ) (113 272 39 ) (97 272 39 ) (97 296 39 ) 
4 87 89 (97 576 39 ) (113 576 39 ) (113 396 39 ) (97 396 39 ) 
4 87 88 (113 576 39 ) (119 576 39 ) (119 396 39 ) (113 396 39 ) 
4 88 93 (113 576 38 ) (119 576 38 ) (119 396 38 ) (113 396 38 ) 
4 88 89 (113 576 38 ) (113 396 38 ) (113 396 39 ) (113 576 39 ) 
4 89 93 (97 576 38 ) (113 576 38 ) (113 396 38 ) (97 396 38 ) 
4 89 91 (97 576 38 ) (97 396 38 ) (97 396 39 ) (97 576 39 ) 
4 90 93 (113 296 38 ) (113 272 38 ) (97 272 38 ) (97 296 38 ) 
4 91 105 (0 576 39 ) (0 576 38 ) (0 396 38 ) (0 396 39 ) 
4 91 94 (88 576 38 ) (89 576 38 ) (89 396 38 ) (88 396 38 ) 
4 91 95 (0 576 38 ) (88 576 38 ) (88 396 38 ) (0 396 38 ) 
4 91 93 (89 576 38 ) (97 576 38 ) (97 396 38 ) (89 396 38 ) 
4 91 92 (0 396 38 ) (88 396 38 ) (89 396 39 ) (0 396 39 ) 
4 92 122 (0 284 38 ) (0 268 38 ) (0 268 39 ) (0 284 39 ) 
4 92 105 (0 396 38 ) (0 284 38 ) (0 284 39 ) (0 396 39 ) 
4 92 96 (89 268 39 ) (0 268 39 ) (0 268 38 ) (88 268 38 ) 
4 92 95 (88 268 38 ) (0 268 38 ) (0 396 38 ) (88 396 38 ) 
4 93 94 (89 576 0 ) (89 396 0 ) (89 396 38 ) (89 576 38 ) 
4 94 95 (88 576 0 ) (88 396 0 ) (88 396 38 ) (88 576 38 ) 
4 95 122 (0 284 0 ) (0 268 0 ) (0 268 38 ) (0 284 38 ) 
4 95 105 (0 576 38 ) (0 576 0 ) (0 284 0 ) (0 284 38 ) 
4 95 96 (0 268 0 ) (88 268 0 ) (88 268 38 ) (0 268 38 ) 
4 96 127 (0 192 128 ) (0 228 128 ) (0 228 0 ) (0 192 0 ) 
4 96 122 (0 268 108 ) (0 268 0 ) (0 228 0 ) (0 228 108 ) 
4 96 119 (0 268 112 ) (0 268 108 ) (0 228 108 ) (0 228 112 ) 
4 96 117 (0 228 128 ) (0 268 128 ) (0 268 112 ) (0 228 112 ) 
4 97 103 (-168 1024 128 ) (0 1024 128 ) (0 592 128 ) (-168 592 128 ) 
4 97 99 (-168 1024 320 ) (-168 1024 128 ) (-168 592 128 ) (-168 592 320 ) 
4 98 127 (0 228 128 ) (0 192 128 ) (-128 192 128 ) (-128 228 128 ) 
4 98 117 (0 284 128 ) (0 228 128 ) (-128 228 128 ) (-128 284 128 ) 
4 98 105 (0 576 128 ) (0 284 128 ) (-128 284 128 ) (-128 576 128 ) 
4 99 110 (-176 1024 128 ) (-168 1024 128 ) (-168 592 128 ) (-176 592 128 ) 
4 99 100 (-176 1024 128 ) (-176 592 128 ) (-176 592 320 ) (-176 1024 320 ) 
4 100 111 (-296 1024 128 ) (-176 1024 128 ) (-176 512 128 ) (-296 512 128 ) 
4 100 102 (-296 1024 128 ) (-296 768 128 ) (-296 768 320 ) (-296 1024 320 ) 
4 101 131 (-296 0 128 ) (-168 0 128 ) (-168 0 192 ) (-296 0 192 ) 
4 101 128 (-168 228 128 ) (-168 0 128 ) (-296 0 128 ) (-296 228 128 ) 
4 101 118 (-168 284 128 ) (-168 228 128 ) (-296 228 128 ) (-296 284 128 ) 
4 101 116 (-168 496 128 ) (-168 284 128 ) (-296 284 128 ) (-296 496 128 ) 
4 102 112 (-896 1024 128 ) (-296 1024 128 ) (-296 768 128 ) (-896 768 128 ) 
4 103 129 (0 768 0 ) (0 592 0 ) (-168 592 0 ) (-168 768 0 ) 
4 103 110 (-168 1024 0 ) (-168 592 0 ) (-168 592 128 ) (-168 1024 128 ) 
4 103 104 (0 592 33 ) (0 592 109 ) (-21 592 109 ) (-21 592 33 ) 
4 104 105 (0 576 33 ) (0 576 109 ) (-21 576 109 ) (-21 576 33 ) 
4 105 122 (-128 284 0 ) (0 284 0 ) (0 284 108 ) (-128 284 108 ) 
4 105 119 (0 284 108 ) (0 284 112 ) (-128 284 112 ) (-128 284 108 ) 
4 105 117 (0 284 112 ) (0 284 128 ) (-128 284 128 ) (-128 284 112 ) 
4 105 108 (-128 324 0 ) (-128 320 0 ) (-128 320 128 ) (-128 324 128 ) 
4 105 107 (-128 448 0 ) (-128 444 0 ) (-128 444 128 ) (-128 448 128 ) 
4 105 106 (-128 576 128 ) (-128 576 0 ) (-128 448 0 ) (-128 448 128 ) 
4 105 109 (-128 320 0 ) (-128 284 0 ) (-128 284 128 ) (-128 320 128 ) 
4 106 107 (-132 448 0 ) (-128 448 0 ) (-128 448 128 ) (-132 448 128 ) 
4 108 109 (-132 320 0 ) (-128 320 0 ) (-128 320 128 ) (-132 320 128 ) 
4 109 122 (-160 284 0 ) (-128 284 0 ) (-128 284 108 ) (-160 284 108 ) 
4 109 119 (-128 284 108 ) (-128 284 112 ) (-160 284 112 ) (-160 284 108 ) 
4 109 117 (-128 284 112 ) (-128 284 128 ) (-160 284 128 ) (-160 284 112 ) 
4 110 129 (-168 768 0 ) (-168 592 0 ) (-176 592 0 ) (-176 768 0 ) 
4 110 111 (-176 1024 0 ) (-176 592 0 ) (-176 592 128 ) (-176 1024 128 ) 
4 111 130 (-176 768 0 ) (-176 512 0 ) (-296 512 0 ) (-296 768 0 ) 
4 111 113 (-211 512 33 ) (-211 512 109 ) (-253 512 109 ) (-253 512 33 ) 
4 111 112 (-296 1024 0 ) (-296 768 0 ) (-296 768 128 ) (-296 1024 128 ) 
4 113 114 (-253 504 33 ) (-211 504 33 ) (-211 504 109 ) (-253 504 109 ) 
4 114 115 (-253 502 33 ) (-211 502 33 ) (-211 502 109 ) (-253 502 109 ) 
4 115 116 (-211 496 33 ) (-211 496 109 ) (-253 496 109 ) (-253 496 33 ) 
4 116 124 (-296 284 0 ) (-168 284 0 ) (-168 284 108 ) (-296 284 108 ) 
4 116 120 (-168 284 108 ) (-168 284 112 ) (-296 284 112 ) (-296 284 108 ) 
4 116 118 (-168 284 112 ) (-168 284 128 ) (-296 284 128 ) (-296 284 112 ) 
4 117 127 (0 228 112 ) (0 228 128 ) (-160 228 128 ) (-160 228 112 ) 
4 117 119 (0 228 112 ) (-160 228 112 ) (-160 284 112 ) (0 284 112 ) 
4 118 128 (-168 228 128 ) (-296 228 128 ) (-296 228 112 ) (-168 228 112 ) 
4 118 120 (-168 228 112 ) (-296 228 112 ) (-296 284 112 ) (-168 284 112 ) 
4 119 127 (0 228 108 ) (0 228 112 ) (-160 228 112 ) (-160 228 108 ) 
4 119 122 (0 228 108 ) (-162 228 108 ) (-162 284 108 ) (0 284 108 ) 
4 120 128 (-168 228 112 ) (-296 228 112 ) (-296 228 108 ) (-168 228 108 ) 
4 120 124 (-166 228 108 ) (-298 228 108 ) (-298 284 108 ) (-166 284 108 ) 
4 121 126 (-302 228 108 ) (-304 228 108 ) (-304 284 108 ) (-302 284 108 ) 
4 122 127 (-160 228 0 ) (0 228 0 ) (0 228 108 ) (-160 228 108 ) 
4 122 123 (-162 232 108 ) (-162 280 108 ) (-162 280 0 ) (-162 232 0 ) 
4 123 124 (-166 232 108 ) (-166 280 108 ) (-166 280 0 ) (-166 232 0 ) 
4 124 128 (-296 228 0 ) (-168 228 0 ) (-168 228 108 ) (-296 228 108 ) 
4 124 125 (-298 232 108 ) (-298 280 108 ) (-298 280 0 ) (-298 232 0 ) 
4 125 126 (-302 232 108 ) (-302 280 108 ) (-302 280 0 ) (-302 232 0 ) 
4 128 131 (-168 0 128 ) (-296 0 128 ) (-296 0 0 ) (-168 0 0 ) 
4 129 130 (-176 768 0 ) (-176 768 -320 ) (-176 592 -320 ) (-176 592 0 ) 
