


materialPath: D:\steam\steamapps\sourcemods\entropyzero2-addonworkspace\materials
Loading d:\steam\steamapps\sourcemods\entropyzero2-addonworkspace\mapsrc\newkitchen.vmf
ConVarRef mat_reduceparticles doesn't point to an existing ConVar
fixing up env_cubemap materials on brush sides...
0...1...2...3...4...5...6...7...8...9...100...1...2...3...4...5...6...7...8...9...10Processing areas...done (0)
Building Faces...done (0)
Chop Details...done (0)
Find Visible Detail Sides...
Merged 62 detail faces...done (0)
Merging details...done (0)
FixTjuncs...
PruneNodes...
WriteBSP...
done (0)
writing d:\steam\steamapps\sourcemods\entropyzero2-addonworkspace\mapsrc\newkitchen.prt...Building visibility clusters...
done (0)
Finding displacement neighbors...
Finding lightmap sample positions...
Displacement Alpha : 0...1...2...3...4...5...6...7...8...9...10
Building Physics collision data...
done (0) (102935 bytes)
Placing static props...
Error! To use model "models/props_c17/door01_left.mdl"
      with prop_static, it must be compiled with $staticprop!
Error loading studio model "models/props_c17/door01_left.mdl"!
Error! To use model "models/props_c17/tv_monitor01.mdl"
      with prop_static, it must be compiled with $staticprop!
Error loading studio model "models/props_c17/tv_monitor01.mdl"!
Static prop models/props_building_details/courtyard_template002_window.mdl outside the map (764.00, 579.00, -120.00)
Static prop models/props_building_details/courtyard_template002_window.mdl outside the map (0.00, 579.00, -120.00)
Static prop models/props_building_details/courtyard_template002_window.mdl outside the map (232.00, 579.00, -120.00)
Static prop models/props_building_details/courtyard_template002_window.mdl outside the map (344.00, 579.00, -120.00)
Static prop models/props_building_details/courtyard_template002_window.mdl outside the map (504.00, 579.00, -120.00)
Static prop models/props_building_details/courtyard_template002_window.mdl outside the map (616.00, 579.00, -120.00)
Placing detail props : 0...1...2...3...4...5...6...7...8...9...10
Compacting texture/material tables...
Reduced 557 texinfos to 378
Reduced 57 texdatas to 53 (1399 bytes to 1269)
Writing d:\steam\steamapps\sourcemods\entropyzero2-addonworkspace\mapsrc\newkitchen.bsp
1 second elapsed



12 threads
reading d:\steam\steamapps\sourcemods\entropyzero2-addonworkspace\mapsrc\newkitchen.bsp
reading d:\steam\steamapps\sourcemods\entropyzero2-addonworkspace\mapsrc\newkitchen.prt
 238 portalclusters
 695 numportals
0...1...2...3...4...5...6...7...8...9...10Optimized: 1811 visible clusters (5.36%)
Total clusters visible: 33795
Average clusters visible: 141
Building PAS...
Average clusters audible: 236
visdatasize:16294  compressed from 15232
writing d:\steam\steamapps\sourcemods\entropyzero2-addonworkspace\mapsrc\newkitchen.bsp
0 seconds elapsed



[Reading texlights from 'lights.rad']
[48 texlights parsed from 'lights.rad']

Loading d:\steam\steamapps\sourcemods\entropyzero2-addonworkspace\mapsrc\newkitchen.bsp
1145 faces
2 degenerate faces
184138 square feet [26516000.00 square inches]
0 Displacements
0 Square Feet [0.00 Square Inches]
1143 patches before subdivision
10877 patches after subdivision
0 direct lights
0...1...2...3...4...5...6...7...8...9...100...1...2...3...4...5...6...7...8...9...10transfers 585699, max 278
transfer lists:   4.5 megs
0...1...2...3...4...5...6...7...8...9...10	Bounce #1 added RGB(0, 0, 0)
Build Patch/Sample Hash Table(s).....Done<0.0016 sec>
0...1...2...3...4...5...6...7...8...9...10FinalLightFace Done
0 of 0 (0% of) surface lights went in leaf ambient cubes.
0...1...2...3...4...5...6...7...8...9...10Writing leaf ambient...done
Ready to Finish

Object names       Objects/Maxobjs  Memory / Maxmem  Fullness 
------------       ---------------  ---------------  -------- 
models                   2/1024           96/49152    ( 0.2%) 
brushes                305/8192         3660/98304    ( 3.7%) 
brushsides            1929/65536       15432/524288   ( 2.9%) 
planes                 644/65536       12880/1310720  ( 1.0%) 
vertexes              1821/65536       21852/786432   ( 2.8%) 
nodes                  534/65536       17088/2097152  ( 0.8%) 
texinfos               378/12288       27216/884736   ( 3.1%) 
texdata                 53/2048         1696/65536    ( 2.6%) 
dispinfos                0/0               0/0        ( 0.0%) 
disp_verts               0/0               0/0        ( 0.0%) 
disp_tris                0/0               0/0        ( 0.0%) 
disp_lmsamples           0/0               0/0        ( 0.0%) 
faces                 1145/65536       64120/3670016  ( 1.7%) 
hdr faces                0/65536           0/3670016  ( 0.0%) 
origfaces              796/65536       44576/3670016  ( 1.2%) 
leaves                 537/65536       17184/2097152  ( 0.8%) 
leaffaces             1260/65536        2520/131072   ( 1.9%) 
leafbrushes            514/65536        1028/131072   ( 0.8%) 
areas                    2/256            16/2048     ( 0.8%) 
surfedges             9094/512000      36376/2048000  ( 1.8%) 
edges                 5616/256000      22464/1024000  ( 2.2%) 
LDR worldlights          0/65536           0/5767168  ( 0.0%) 
HDR worldlights          0/65536           0/5767168  ( 0.0%) 
leafwaterdata            0/32768           0/393216   ( 0.0%) 
waterstrips            122/32768        1220/327680   ( 0.4%) 
waterverts               0/65536           0/786432   ( 0.0%) 
waterindices          2577/65536        5154/131072   ( 3.9%) 
cubemapsamples           0/1024            0/16384    ( 0.0%) 
overlays                 9/8192         3168/2883584  ( 0.1%) 
LDR lightdata         [variable]      347544/0        ( 0.0%) 
HDR lightdata         [variable]           0/0        ( 0.0%) 
visdata               [variable]       16294/16777216 ( 0.1%) 
entdata               [variable]       13434/393216   ( 3.4%) 
LDR ambient table      537/65536        2148/262144   ( 0.8%) 
HDR ambient table      537/65536        2148/262144   ( 0.8%) 
LDR leaf ambient       247/65536        6916/1835008  ( 0.4%) 
HDR leaf ambient       537/65536       15036/1835008  ( 0.8%) 
occluders                0/0               0/0        ( 0.0%) 
occluder polygons        0/0               0/0        ( 0.0%) 
occluder vert ind        0/0               0/0        ( 0.0%) 
detail props          [variable]           1/12       ( 8.3%) 
static props          [variable]           1/7126     ( 0.0%) 
pakfile               [variable]         664/0        ( 0.0%) 
physics               [variable]      102935/4194304  ( 2.5%) 
physics terrain       [variable]           2/1048576  ( 0.0%) 

Level flags = 0

Total triangle count: 3616
Writing d:\steam\steamapps\sourcemods\entropyzero2-addonworkspace\mapsrc\newkitchen.bsp
1 second elapsed



materialPath: D:\steam\steamapps\sourcemods\entropyzero2-addonworkspace\materials
Loading d:\steam\steamapps\sourcemods\entropyzero2-addonworkspace\mapsrc\newkitchen.vmf
ConVarRef mat_reduceparticles doesn't point to an existing ConVar
fixing up env_cubemap materials on brush sides...
0...1...2...3...4...5...6...7...8...9...100...1...2...3...4...5...6...7...8...9...10Processing areas...done (0)
Building Faces...done (0)
Chop Details...done (0)
Find Visible Detail Sides...
Merged 62 detail faces...done (0)
Merging details...done (0)
FixTjuncs...
PruneNodes...
WriteBSP...
done (0)
writing d:\steam\steamapps\sourcemods\entropyzero2-addonworkspace\mapsrc\newkitchen.prt...Building visibility clusters...
done (0)
Finding displacement neighbors...
Finding lightmap sample positions...
Displacement Alpha : 0...1...2...3...4...5...6...7...8...9...10
Building Physics collision data...
done (0) (105331 bytes)
Placing static props...
Error! To use model "models/props_c17/door01_left.mdl"
      with prop_static, it must be compiled with $staticprop!
Error loading studio model "models/props_c17/door01_left.mdl"!
Error! To use model "models/props_c17/tv_monitor01.mdl"
      with prop_static, it must be compiled with $staticprop!
Error loading studio model "models/props_c17/tv_monitor01.mdl"!
Static prop models/props_building_details/courtyard_template002_window.mdl outside the map (764.00, 579.00, -120.00)
Static prop models/props_building_details/courtyard_template002_window.mdl outside the map (0.00, 579.00, -120.00)
Static prop models/props_building_details/courtyard_template002_window.mdl outside the map (232.00, 579.00, -120.00)
Static prop models/props_building_details/courtyard_template002_window.mdl outside the map (344.00, 579.00, -120.00)
Static prop models/props_building_details/courtyard_template002_window.mdl outside the map (504.00, 579.00, -120.00)
Static prop models/props_building_details/courtyard_template002_window.mdl outside the map (616.00, 579.00, -120.00)
Placing detail props : 0...1...2...3...4...5...6...7...8...9...10
Compacting texture/material tables...
Reduced 580 texinfos to 401
Reduced 66 texdatas to 62 (1610 bytes to 1480)
Writing d:\steam\steamapps\sourcemods\entropyzero2-addonworkspace\mapsrc\newkitchen.bsp
0 seconds elapsed



12 threads
reading d:\steam\steamapps\sourcemods\entropyzero2-addonworkspace\mapsrc\newkitchen.bsp
reading d:\steam\steamapps\sourcemods\entropyzero2-addonworkspace\mapsrc\newkitchen.prt
 254 portalclusters
 711 numportals
0...1...2...3...4...5...6...7...8...9...10Optimized: 1810 visible clusters (4.11%)
Total clusters visible: 44039
Average clusters visible: 173
Building PAS...
Average clusters audible: 252
visdatasize:18431  compressed from 16256
writing d:\steam\steamapps\sourcemods\entropyzero2-addonworkspace\mapsrc\newkitchen.bsp
0 seconds elapsed



[Reading texlights from 'lights.rad']
[48 texlights parsed from 'lights.rad']

Loading d:\steam\steamapps\sourcemods\entropyzero2-addonworkspace\mapsrc\newkitchen.bsp
1224 faces
2 degenerate faces
204509 square feet [29449380.00 square inches]
11 Displacements
5006 Square Feet [720896.00 Square Inches]
1222 patches before subdivision
15032 patches after subdivision
1 direct lights
0...1...2...3...4...5...6...7...8...9...100...1...2...3..


materialPath: D:\steam\steamapps\sourcemods\entropyzero2-addonworkspace\materials
Loading d:\steam\steamapps\sourcemods\entropyzero2-addonworkspace\mapsrc\newkitchen.vmf
ConVarRef mat_reduceparticles doesn't point to an existing ConVar
fixing up env_cubemap materials on brush sides...
0...1...2...3...4...5...6...7...8...9...100...1...2...3...4...5...6...7...8...9...10Processing areas...done (0)
Building Faces...done (0)
Chop Details...done (0)
Find Visible Detail Sides...
Merged 62 detail faces...done (0)
Merging details...done (0)
FixTjuncs...
PruneNodes...
WriteBSP...
done (0)
writing d:\steam\steamapps\sourcemods\entropyzero2-addonworkspace\mapsrc\newkitchen.prt...Building visibility clusters...
done (0)
Finding displacement neighbors...
Finding lightmap sample positions...
Displacement Alpha : 0...1...2...3...4...5...6...7...8...9...10
Building Physics collision data...
done (0) (105331 bytes)
Placing static props...
Error! To use model "models/props_c17/door01_left.mdl"
      with prop_static, it must be compiled with $staticprop!
Error loading studio model "models/props_c17/door01_left.mdl"!
Error! To use model "models/props_c17/tv_monitor01.mdl"
      with prop_static, it must be compiled with $staticprop!
Error loading studio model "models/props_c17/tv_monitor01.mdl"!
Static prop models/props_building_details/courtyard_template002_window.mdl outside the map (764.00, 579.00, -120.00)
Static prop models/props_building_details/courtyard_template002_window.mdl outside the map (0.00, 579.00, -120.00)
Static prop models/props_building_details/courtyard_template002_window.mdl outside the map (232.00, 579.00, -120.00)
Static prop models/props_building_details/courtyard_template002_window.mdl outside the map (344.00, 579.00, -120.00)
Static prop models/props_building_details/courtyard_template002_window.mdl outside the map (504.00, 579.00, -120.00)
Static prop models/props_building_details/courtyard_template002_window.mdl outside the map (616.00, 579.00, -120.00)
Placing detail props : 0...1...2...3...4...5...6...7...8...9...10
Compacting texture/material tables...
Reduced 580 texinfos to 401
Reduced 66 texdatas to 62 (1610 bytes to 1480)
Writing d:\steam\steamapps\sourcemods\entropyzero2-addonworkspace\mapsrc\newkitchen.bsp
0 seconds elapsed



12 threads
reading d:\steam\steamapps\sourcemods\entropyzero2-addonworkspace\mapsrc\newkitchen.bsp
reading d:\steam\steamapps\sourcemods\entropyzero2-addonworkspace\mapsrc\newkitchen.prt
 254 portalclusters
 711 numportals
0...1...2...3...4...5...6...7...8...9...10Optimized: 1810 visible clusters (4.11%)
Total clusters visible: 44039
Average clusters visible: 173
Building PAS...
Average clusters audible: 252
visdatasize:18431  compressed from 16256
writing d:\steam\steamapps\sourcemods\entropyzero2-addonworkspace\mapsrc\newkitchen.bsp
0 seconds elapsed



[Reading texlights from 'lights.rad']
[48 texlights parsed from 'lights.rad']

Loading d:\steam\steamapps\sourcemods\entropyzero2-addonworkspace\mapsrc\newkitchen.bsp
1224 faces
2 degenerate faces
204509 square feet [29449380.00 square inches]
11 Displacements
5006 Square Feet [720896.00 Square Inches]
1222 patches before subdivision
15032 patches after subdivision
1 direct lights
0...1...2...3...4...5...6...7...8...9...100...1...2...3...4...5...6...7...8...9...10transfers 817941, max 304
transfer lists:   6.2 megs
0...1...2...3...4...5...6...7...8...9...10	Bounce #1 added RGB(298, 194, 55)
0...1...2...3...4...5...6...7...8...9...10	Bounce #2 added RGB(51, 28, 5)
Build Patch/Sample Hash Table(s).....Done<0.0022 sec>
0...1...2...3...4...5...6...7...8...9...10FinalLightFace Done
Computing detail prop lighting : 0...1...2...3...4...5...6...7...8...9...10
0 of 0 (0% of) surface lights went in leaf ambient cubes.
0...1...2...3...4...5...6...7...8...9...10Writing leaf ambient...done
Ready to Finish

Object names       Objects/Maxobjs  Memory / Maxmem  Fullness 
------------       ---------------  ---------------  -------- 
models                   2/1024           96/49152    ( 0.2%) 
brushes                311/8192         3732/98304    ( 3.8%) 
brushsides            1970/65536       15760/524288   ( 3.0%) 
planes                 668/65536       13360/1310720  ( 1.0%) 
vertexes              1919/65536       23028/786432   ( 2.9%) 
nodes                  569/65536       18208/2097152  ( 0.9%) 
texinfos               401/12288       28872/884736   ( 3.3%) 
texdata                 62/2048         1984/65536    ( 3.0%) 
dispinfos               11/0            1936/0        ( 0.0%) 
disp_verts             891/0           17820/0        ( 0.0%) 
disp_tris             1408/0            2816/0        ( 0.0%) 
disp_lmsamples       14256/0           14256/0        ( 0.0%) 
faces                 1224/65536       68544/3670016  ( 1.9%) 
hdr faces                0/65536           0/3670016  ( 0.0%) 
origfaces              828/65536       46368/3670016  ( 1.3%) 
leaves                 572/65536       18304/2097152  ( 0.9%) 
leaffaces             1332/65536        2664/131072   ( 2.0%) 
leafbrushes            534/65536        1068/131072   ( 0.8%) 
areas                    2/256            16/2048     ( 0.8%) 
surfedges             9526/512000      38104/2048000  ( 1.9%) 
edges                 5873/256000      23492/1024000  ( 2.3%) 
LDR worldlights          1/65536          88/5767168  ( 0.0%) 
HDR worldlights          0/65536           0/5767168  ( 0.0%) 
leafwaterdata            0/32768           0/393216   ( 0.0%) 
waterstrips            116/32768        1160/327680   ( 0.4%) 
waterverts               0/65536           0/786432   ( 0.0%) 
waterindices          2529/65536        5058/131072   ( 3.9%) 
cubemapsamples           0/1024            0/16384    ( 0.0%) 
overlays                12/8192         4224/2883584  ( 0.1%) 
LDR lightdata         [variable]      442536/0        ( 0.0%) 
HDR lightdata         [variable]           0/0        ( 0.0%) 
visdata               [variable]       18431/16777216 ( 0.1%) 
entdata               [variable]       13847/393216   ( 3.5%) 
LDR ambient table      572/65536        2288/262144   ( 0.9%) 
HDR ambient table      572/65536        2288/262144   ( 0.9%) 
LDR leaf ambient       781/65536       21868/1835008  ( 1.2%) 
HDR leaf ambient       572/65536       16016/1835008  ( 0.9%) 
occluders                0/0               0/0        ( 0.0%) 
occluder polygons        0/0               0/0        ( 0.0%) 
occluder vert ind        0/0               0/0        ( 0.0%) 
detail props          [variable]           1/15276    ( 0.0%) 
dtl prp lght          [variable]           1/4        (25.0%) 
HDR dtl prp lght      [variable]           1/4        (25.0%) 
static props          [variable]           1/8098     ( 0.0%) 
pakfile               [variable]         664/0        ( 0.0%) 
physics               [variable]      105331/4194304  ( 2.5%) 
physics terrain       [variable]         599/1048576  ( 0.1%) 

Level flags = 0

Total triangle count: 3766
Writing d:\steam\steamapps\sourcemods\entropyzero2-addonworkspace\mapsrc\newkitchen.bsp
2 seconds elapsed



materialPath: D:\steam\steamapps\sourcemods\entropyzero2-addonworkspace\materials
Loading d:\steam\steamapps\sourcemods\entropyzero2-addonworkspace\mapsrc\newkitchen.vmf
ConVarRef mat_reduceparticles doesn't point to an existing ConVar
fixing up env_cubemap materials on brush sides...
0...1...2...3...4...5...6...7...8...9...100...1...2...3...4...5...6...7...8...9...10Processing areas...done (0)
Building Faces...done (0)
Chop Details...done (0)
Find Visible Detail Sides...
Merged 62 detail faces...done (0)
Merging details...done (0)
FixTjuncs...
PruneNodes...
WriteBSP...
done (0)
writing d:\steam\steamapps\sourcemods\entropyzero2-addonworkspace\mapsrc\newkitchen.prt...Building visibility clusters...
done (0)
Finding displacement neighbors...
Finding lightmap sample positions...
Displacement Alpha : 0...1...2...3...4...5...6...7...8...9...10
Building Physics collision data...
done (0) (105331 bytes)
Placing static props...
Error! To use model "models/props_c17/door01_left.mdl"
      with prop_static, it must be compiled with $staticprop!
Error loading studio model "models/props_c17/door01_left.mdl"!
Error! To use model "models/props_c17/tv_monitor01.mdl"
      with prop_static, it must be compiled with $staticprop!
Error loading studio model "models/props_c17/tv_monitor01.mdl"!
Static prop models/props_building_details/courtyard_template002_window.mdl outside the map (764.00, 579.00, -120.00)
Static prop models/props_building_details/courtyard_template002_window.mdl outside the map (0.00, 579.00, -120.00)
Static prop models/props_building_details/courtyard_template002_window.mdl outside the map (232.00, 579.00, -120.00)
Static prop models/props_building_details/courtyard_template002_window.mdl outside the map (344.00, 579.00, -120.00)
Static prop models/props_building_details/courtyard_template002_window.mdl outside the map (504.00, 579.00, -120.00)
Static prop models/props_building_details/courtyard_template002_window.mdl outside the map (616.00, 579.00, -120.00)
Placing detail props : 0...1...2...3...4...5...6...7...8...9...10
Compacting texture/material tables...
Reduced 580 texinfos to 401
Reduced 66 texdatas to 62 (1610 bytes to 1480)
Writing d:\steam\steamapps\sourcemods\entropyzero2-addonworkspace\mapsrc\newkitchen.bsp
0 seconds elapsed



12 threads
reading d:\steam\steamapps\sourcemods\entropyzero2-addonworkspace\mapsrc\newkitchen.bsp
reading d:\steam\steamapps\sourcemods\entropyzero2-addonworkspace\mapsrc\newkitchen.prt
 254 portalclusters
 711 numportals
0...1...2...3...4...5...6...7...8...9...10Optimized: 1810 visible clusters (4.11%)
Total clusters visible: 44039
Average clusters visible: 173
Building PAS...
Average clusters audible: 252
visdatasize:18431  compressed from 16256
writing d:\steam\steamapps\sourcemods\entropyzero2-addonworkspace\mapsrc\newkitchen.bsp
0 seconds elapsed



[Reading texlights from 'lights.rad']
[48 texlights parsed from 'lights.rad']

Loading d:\steam\steamapps\sourcemods\entropyzero2-addonworkspace\mapsrc\newkitchen.bsp
1224 faces
2 degenerate faces
204509 square feet [29449380.00 square inches]
11 Displacements
5006 Square Feet [720896.00 Square Inches]
1222 patches before subdivision
15032 patches after subdivision
10 direct lights
0...1...2...3...4...5...6...7...8...9...100...1...2...3...4...5...6...7...8...9...10transfers 817941, max 304
transfer lists:   6.2 megs
0...1...2...3...4...5...6...7...8...9...10	Bounce #1 added RGB(34627, 34550, 29897)
0...1...2...3...4...5...6...7...8...9...10	Bounce #2 added RGB(9787, 9271, 6759)
Build Patch/Sample Hash Table(s).....Done<0.0022 sec>
0...1...2...3...4...5...6...7...8...9...10FinalLightFace Done
Computing detail prop lighting : 0...1...2...3...4...5...6...7...8...9...10
0 of 0 (0% of) surface lights went in leaf ambient cubes.
0...1...2...3...4...5...6...7...8...9...10Writing leaf ambient...done
Ready to Finish

Object names       Objects/Maxobjs  Memory / Maxmem  Fullness 
------------       ---------------  ---------------  -------- 
models                   2/1024           96/49152    ( 0.2%) 
brushes                311/8192         3732/98304    ( 3.8%) 
brushsides            1970/65536       15760/524288   ( 3.0%) 
planes                 668/65536       13360/1310720  ( 1.0%) 
vertexes              1919/65536       23028/786432   ( 2.9%) 
nodes                  569/65536       18208/2097152  ( 0.9%) 
texinfos               401/12288       28872/884736   ( 3.3%) 
texdata                 62/2048         1984/65536    ( 3.0%) 
dispinfos               11/0            1936/0        ( 0.0%) 
disp_verts             891/0           17820/0        ( 0.0%) 
disp_tris             1408/0            2816/0        ( 0.0%) 
disp_lmsamples       14256/0           14256/0        ( 0.0%) 
faces                 1224/65536       68544/3670016  ( 1.9%) 
hdr faces                0/65536           0/3670016  ( 0.0%) 
origfaces              828/65536       46368/3670016  ( 1.3%) 
leaves                 572/65536       18304/2097152  ( 0.9%) 
leaffaces             1332/65536        2664/131072   ( 2.0%) 
leafbrushes            534/65536        1068/131072   ( 0.8%) 
areas                    2/256            16/2048     ( 0.8%) 
surfedges             9526/512000      38104/2048000  ( 1.9%) 
edges                 5873/256000      23492/1024000  ( 2.3%) 
LDR worldlights         10/65536         880/5767168  ( 0.0%) 
HDR worldlights          0/65536           0/5767168  ( 0.0%) 
leafwaterdata            0/32768           0/393216   ( 0.0%) 
waterstrips            116/32768        1160/327680   ( 0.4%) 
waterverts               0/65536           0/786432   ( 0.0%) 
waterindices          2529/65536        5058/131072   ( 3.9%) 
cubemapsamples           0/1024            0/16384    ( 0.0%) 
overlays                12/8192         4224/2883584  ( 0.1%) 
LDR lightdata         [variable]      442536/0        ( 0.0%) 
HDR lightdata         [variable]           0/0        ( 0.0%) 
visdata               [variable]       18431/16777216 ( 0.1%) 
entdata               [variable]       15245/393216   ( 3.9%) 
LDR ambient table      572/65536        2288/262144   ( 0.9%) 
HDR ambient table      572/65536        2288/262144   ( 0.9%) 
LDR leaf ambient      2501/65536       70028/1835008  ( 3.8%) 
HDR leaf ambient       572/65536       16016/1835008  ( 0.9%) 
occluders                0/0               0/0        ( 0.0%) 
occluder polygons        0/0               0/0        ( 0.0%) 
occluder vert ind        0/0               0/0        ( 0.0%) 
detail props          [variable]           1/15276    ( 0.0%) 
dtl prp lght          [variable]           1/4        (25.0%) 
HDR dtl prp lght      [variable]           1/4        (25.0%) 
static props          [variable]           1/8098     ( 0.0%) 
pakfile               [variable]         664/0        ( 0.0%) 
physics               [variable]      105331/4194304  ( 2.5%) 
physics terrain       [variable]         599/1048576  ( 0.1%) 

Level flags = 0

Total triangle count: 3766
Writing d:\steam\steamapps\sourcemods\entropyzero2-addonworkspace\mapsrc\newkitchen.bsp
2 seconds elapsed
