PRT1
304
954
4 0 5 (3520 2048 512 ) (3680 2048 512 ) (3680 2048 768 ) (3520 2048 768 ) 
4 0 4 (3680 2048 768 ) (3680 2048 3064 ) (3520 2048 3064 ) (3520 2048 768 ) 
4 0 3 (3680 2048 512 ) (3520 2048 512 ) (3520 2272 512 ) (3680 2272 512 ) 
4 0 2 (3520 2048 768 ) (3520 2048 3064 ) (3520 2240 3064 ) (3520 2240 768 ) 
4 0 1 (3520 2240 768 ) (3520 2240 3064 ) (3520 2272 3064 ) (3520 2272 768 ) 
4 1 7 (3072 2240 3064 ) (3072 2272 3064 ) (3072 2272 768 ) (3072 2240 768 ) 
4 1 2 (3520 2240 768 ) (3520 2240 3064 ) (3072 2240 3064 ) (3072 2240 768 ) 
4 2 8 (3072 2048 768 ) (3072 2048 3064 ) (3072 2240 3064 ) (3072 2240 768 ) 
4 2 4 (3072 2048 3064 ) (3072 2048 768 ) (3520 2048 768 ) (3520 2048 3064 ) 
4 3 5 (3520 2048 120 ) (3680 2048 120 ) (3680 2048 512 ) (3520 2048 512 ) 
4 4 13 (3072 2048 3064 ) (3072 2048 768 ) (3072 1728 768 ) (3072 1728 3064 ) 
4 4 6 (3072 1728 3064 ) (3072 1728 768 ) (3680 1728 768 ) (3680 1728 3064 ) 
4 4 5 (3680 1728 768 ) (3520 1728 768 ) (3520 2048 768 ) (3680 2048 768 ) 
4 6 25 (3680 1024 768 ) (3680 1024 3064 ) (3072 1024 3064 ) (3072 1024 768 ) 
4 6 14 (3072 1024 768 ) (3072 1024 3064 ) (3072 1176 3064 ) (3072 1176 768 ) 
4 6 13 (3072 1176 3064 ) (3072 1728 3064 ) (3072 1728 768 ) (3072 1176 768 ) 
4 7 10 (2048 2240 3064 ) (2048 2272 3064 ) (2048 2272 768 ) (2048 2240 768 ) 
4 7 8 (3072 2240 768 ) (3072 2240 3064 ) (2048 2240 3064 ) (2048 2240 768 ) 
4 8 18 (2048 2048 768 ) (2048 2048 512 ) (2560 2048 512 ) (2560 2048 768 ) 
4 8 17 (2560 2048 3064 ) (2048 2048 3064 ) (2048 2048 768 ) (2560 2048 768 ) 
4 8 15 (3072 2048 512 ) (3072 2048 520 ) (2560 2048 520 ) (2560 2048 512 ) 
4 8 13 (3072 2048 520 ) (3072 2048 3064 ) (2560 2048 3064 ) (2560 2048 520 ) 
4 8 11 (2048 2048 512 ) (2048 2048 768 ) (2048 2240 768 ) (2048 2240 512 ) 
4 8 10 (2048 2048 768 ) (2048 2048 3064 ) (2048 2240 3064 ) (2048 2240 768 ) 
4 8 9 (2048 2048 512 ) (2048 2076 512 ) (3072 2076 512 ) (3072 2048 512 ) 
4 9 22 (2560 2048 232 ) (2048 2048 232 ) (2048 2048 120 ) (2560 2048 120 ) 
4 9 19 (3072 2048 120 ) (3072 2048 232 ) (2560 2048 232 ) (2560 2048 120 ) 
4 9 18 (2560 2048 512 ) (2048 2048 512 ) (2048 2048 232 ) (2560 2048 232 ) 
4 9 15 (3072 2048 232 ) (3072 2048 512 ) (2560 2048 512 ) (2560 2048 232 ) 
4 9 12 (2048 2048 120 ) (2048 2048 512 ) (2048 2076 512 ) (2048 2076 120 ) 
4 10 23 (2048 2048 768 ) (2048 2048 3064 ) (1664 2048 3064 ) (1664 2048 768 ) 
4 10 11 (2048 2048 768 ) (1664 2048 768 ) (1664 2240 768 ) (2048 2240 768 ) 
4 11 23 (2048 2048 512 ) (2048 2048 768 ) (1664 2048 768 ) (1664 2048 512 ) 
4 11 12 (1664 2048 512 ) (1664 2076 512 ) (2048 2076 512 ) (2048 2048 512 ) 
4 12 23 (2048 2048 120 ) (2048 2048 512 ) (1664 2048 512 ) (1664 2048 120 ) 
4 13 18 (2560 2048 768 ) (2560 2048 520 ) (2560 1728 520 ) (2560 1728 768 ) 
4 13 17 (2560 2048 3064 ) (2560 2048 768 ) (2560 1176 768 ) (2560 1176 3064 ) 
4 13 15 (2560 1176 520 ) (2560 2048 520 ) (3072 2048 520 ) (3072 1176 520 ) 
4 13 14 (3072 1176 584 ) (3072 1176 3064 ) (2560 1176 3064 ) (2560 1176 584 ) 
4 14 39 (3072 1024 584 ) (3072 1024 3064 ) (2560 1024 3064 ) (2560 1024 584 ) 
4 14 17 (2560 1024 768 ) (2560 1024 3064 ) (2560 1176 3064 ) (2560 1176 768 ) 
4 15 19 (2560 1176 232 ) (2560 2048 232 ) (3072 2048 232 ) (3072 1176 232 ) 
4 15 18 (2560 2048 520 ) (2560 2048 232 ) (2560 1728 232 ) (2560 1728 520 ) 
4 15 16 (3008 1176 520 ) (2624 1176 520 ) (2624 1176 232 ) (3008 1176 232 ) 
4 16 42 (3008 1024 520 ) (2624 1024 520 ) (2624 1024 232 ) (3008 1024 232 ) 
4 16 20 (3008 1024 232 ) (2624 1024 232 ) (2624 1176 232 ) (3008 1176 232 ) 
4 17 44 (2048 1024 3064 ) (2048 1024 768 ) (2560 1024 768 ) (2560 1024 3064 ) 
4 17 24 (2048 1728 768 ) (2048 1024 768 ) (2048 1024 3064 ) (2048 1728 3064 ) 
4 17 23 (2048 2048 3064 ) (2048 2048 768 ) (2048 1728 768 ) (2048 1728 3064 ) 
4 17 18 (2048 2048 768 ) (2560 2048 768 ) (2560 1728 768 ) (2048 1728 768 ) 
4 18 23 (2048 2048 768 ) (2048 2048 232 ) (2048 1728 232 ) (2048 1728 768 ) 
4 18 22 (2048 1728 232 ) (2048 2048 232 ) (2560 2048 232 ) (2560 1728 232 ) 
4 19 22 (2560 2048 120 ) (2560 1728 120 ) (2560 1728 232 ) (2560 2048 232 ) 
4 19 20 (2624 1176 136 ) (3008 1176 136 ) (3008 1176 232 ) (2624 1176 232 ) 
4 19 21 (2560 1176 136 ) (2560 1176 120 ) (3072 1176 120 ) (3072 1176 136 ) 
4 20 58 (3008 1024 232 ) (2624 1024 232 ) (2624 1024 136 ) (3008 1024 136 ) 
4 20 21 (3008 1024 136 ) (2624 1024 136 ) (2624 1176 136 ) (3008 1176 136 ) 
4 21 60 (3072 1024 120 ) (3072 1024 136 ) (2560 1024 136 ) (2560 1024 120 ) 
4 22 23 (2048 2048 232 ) (2048 2048 120 ) (2048 1728 120 ) (2048 1728 232 ) 
4 23 24 (2048 1728 768 ) (2048 1728 3064 ) (1664 1728 3064 ) (1664 1728 768 ) 
4 24 66 (2048 1024 768 ) (2048 1024 3064 ) (1664 1024 3064 ) (1664 1024 768 ) 
4 25 39 (3072 1024 3064 ) (3072 1024 768 ) (3072 624 768 ) (3072 624 3064 ) 
4 25 27 (3680 624 768 ) (3680 624 3064 ) (3072 624 3064 ) (3072 624 768 ) 
3 25 26 (3136 624 768 ) (3072 624 768 ) (3072 688 768 ) 
4 26 41 (3072 688 232 ) (3072 624 232 ) (3072 624 520 ) (3072 688 520 ) 
4 26 40 (3072 624 520 ) (3072 624 584 ) (3072 688 584 ) (3072 688 520 ) 
4 26 39 (3072 624 584 ) (3072 624 768 ) (3072 688 768 ) (3072 688 584 ) 
3 26 29 (3072 624 232 ) (3072 688 232 ) (3136 624 232 ) 
4 26 28 (3072 624 232 ) (3136 624 232 ) (3136 624 312 ) (3072 624 312 ) 
4 26 27 (3136 624 312 ) (3136 624 768 ) (3072 624 768 ) (3072 624 312 ) 
4 27 41 (3072 0 312 ) (3072 0 520 ) (3072 624 520 ) (3072 624 312 ) 
4 27 40 (3072 0 520 ) (3072 0 584 ) (3072 624 584 ) (3072 624 520 ) 
4 27 39 (3072 0 584 ) (3072 0 3064 ) (3072 624 3064 ) (3072 624 584 ) 
4 27 31 (3296 0 312 ) (3680 0 312 ) (3680 0 3064 ) (3296 0 3064 ) 
4 27 33 (3072 0 3064 ) (3072 0 312 ) (3296 0 312 ) (3296 0 3064 ) 
4 27 28 (3072 624 312 ) (3296 624 312 ) (3296 0 312 ) (3072 0 312 ) 
4 28 41 (3072 624 232 ) (3072 0 232 ) (3072 0 312 ) (3072 624 312 ) 
4 28 33 (3072 0 312 ) (3072 0 232 ) (3296 0 232 ) (3296 0 312 ) 
4 28 30 (3296 0 232 ) (3072 0 232 ) (3072 624 232 ) (3296 624 232 ) 
5 29 57 (3072 624 136 ) (3072 624 232 ) (3072 688 232 ) (3072 688 172 ) (3072 664 136 ) 
4 29 60 (3072 688 120 ) (3072 624 120 ) (3072 624 136 ) (3072 688 136 ) 
4 29 30 (3072 624 120 ) (3136 624 120 ) (3136 624 232 ) (3072 624 232 ) 
4 30 57 (3072 0 136 ) (3072 0 232 ) (3072 624 232 ) (3072 624 136 ) 
4 30 60 (3072 624 120 ) (3072 0 120 ) (3072 0 136 ) (3072 624 136 ) 
4 30 36 (3072 0 232 ) (3072 0 120 ) (3296 0 120 ) (3296 0 232 ) 
4 31 32 (3296 -272 3064 ) (3296 -272 312 ) (3680 -272 312 ) (3680 -272 3064 ) 
4 31 33 (3296 -272 312 ) (3296 -272 3064 ) (3296 0 3064 ) (3296 0 312 ) 
4 32 38 (3296 -1024 232 ) (3680 -1024 232 ) (3680 -1024 3064 ) (3296 -1024 3064 ) 
4 32 35 (3296 -984 232 ) (3296 -272 232 ) (3536 -272 232 ) (3536 -984 232 ) 
4 32 34 (3536 -272 232 ) (3680 -272 232 ) (3680 -984 232 ) (3536 -984 232 ) 
4 32 37 (3680 -1024 232 ) (3296 -1024 232 ) (3296 -984 232 ) (3680 -984 232 ) 
4 32 33 (3296 -272 232 ) (3296 -1024 232 ) (3296 -1024 3064 ) (3296 -272 3064 ) 
4 33 113 (3072 -624 248 ) (3072 -432 248 ) (3072 -432 232 ) (3072 -624 232 ) 
4 33 111 (3072 -432 248 ) (3072 -304 248 ) (3072 -304 232 ) (3072 -432 232 ) 
4 33 114 (3072 -1024 232 ) (3072 -1024 248 ) (3072 -624 248 ) (3072 -624 232 ) 
4 33 110 (3072 -304 248 ) (3072 -288 248 ) (3072 -288 232 ) (3072 -304 232 ) 
4 33 108 (3072 -32 248 ) (3072 -16 248 ) (3072 -16 232 ) (3072 -32 232 ) 
4 33 109 (3072 -288 248 ) (3072 -32 248 ) (3072 -32 232 ) (3072 -288 232 ) 
4 33 106 (3072 -16 248 ) (3072 0 248 ) (3072 0 232 ) (3072 -16 232 ) 
4 33 94 (3072 -800 376 ) (3072 -304 376 ) (3072 -304 248 ) (3072 -800 248 ) 
4 33 91 (3072 -288 248 ) (3072 -304 248 ) (3072 -304 372 ) (3072 -288 372 ) 
4 33 90 (3072 -32 248 ) (3072 -288 248 ) (3072 -288 372 ) (3072 -32 372 ) 
4 33 89 (3072 -16 372 ) (3072 -16 248 ) (3072 -32 248 ) (3072 -32 372 ) 
4 33 87 (3072 -33 376 ) (3072 -16 376 ) (3072 -16 372 ) (3072 -33 372 ) 
4 33 88 (3072 -304 376 ) (3072 -33 376 ) (3072 -33 372 ) (3072 -304 372 ) 
4 33 85 (3072 0 372 ) (3072 0 248 ) (3072 -16 248 ) (3072 -16 372 ) 
4 33 83 (3072 -16 376 ) (3072 0 376 ) (3072 0 372 ) (3072 -16 372 ) 
4 33 71 (3072 -800 504 ) (3072 0 504 ) (3072 0 376 ) (3072 -800 376 ) 
4 33 70 (3072 -1024 504 ) (3072 -1024 3064 ) (3072 0 3064 ) (3072 0 504 ) 
4 33 38 (3072 -1024 3064 ) (3072 -1024 232 ) (3296 -1024 232 ) (3296 -1024 3064 ) 
4 33 36 (3072 -984 232 ) (3072 0 232 ) (3296 0 232 ) (3296 -984 232 ) 
4 33 37 (3296 -1024 232 ) (3072 -1024 232 ) (3072 -984 232 ) (3296 -984 232 ) 
4 34 37 (3536 -984 120 ) (3680 -984 120 ) (3680 -984 232 ) (3536 -984 232 ) 
4 34 35 (3536 -272 232 ) (3536 -272 120 ) (3536 -984 120 ) (3536 -984 232 ) 
4 35 37 (3296 -984 120 ) (3536 -984 120 ) (3536 -984 232 ) (3296 -984 232 ) 
4 35 36 (3296 -272 120 ) (3296 -984 120 ) (3296 -984 232 ) (3296 -272 232 ) 
4 36 128 (3072 -984 232 ) (3072 -624 232 ) (3072 -624 120 ) (3072 -984 120 ) 
4 36 127 (3072 -624 232 ) (3072 -432 232 ) (3072 -432 120 ) (3072 -624 120 ) 
4 36 125 (3072 -432 232 ) (3072 -304 232 ) (3072 -304 120 ) (3072 -432 120 ) 
4 36 124 (3072 -304 232 ) (3072 -288 232 ) (3072 -288 120 ) (3072 -304 120 ) 
4 36 122 (3072 -32 232 ) (3072 -16 232 ) (3072 -16 120 ) (3072 -32 120 ) 
4 36 123 (3072 -288 232 ) (3072 -32 232 ) (3072 -32 120 ) (3072 -288 120 ) 
4 36 120 (3072 -16 232 ) (3072 0 232 ) (3072 0 120 ) (3072 -16 120 ) 
4 36 37 (3072 -984 120 ) (3296 -984 120 ) (3296 -984 232 ) (3072 -984 232 ) 
4 37 129 (3072 -1024 120 ) (3072 -1024 232 ) (3072 -984 232 ) (3072 -984 120 ) 
4 37 38 (3072 -1024 232 ) (3072 -1024 120 ) (3680 -1024 120 ) (3680 -1024 232 ) 
4 38 180 (3072 -1184 120 ) (3072 -1184 248 ) (3072 -1024 248 ) (3072 -1024 120 ) 
4 38 177 (3072 -1184 504 ) (3072 -1184 3064 ) (3072 -1024 3064 ) (3072 -1024 504 ) 
4 39 70 (3072 0 584 ) (3072 0 3064 ) (2560 0 3064 ) (2560 0 584 ) 
4 39 47 (2560 256 584 ) (2560 0 584 ) (2560 0 3064 ) (2560 256 3064 ) 
4 39 45 (2560 688 584 ) (2560 624 584 ) (2560 624 768 ) (2560 688 768 ) 
4 39 46 (2560 624 584 ) (2560 256 584 ) (2560 256 768 ) (2560 624 768 ) 
4 39 44 (2560 1024 3064 ) (2560 1024 768 ) (2560 256 768 ) (2560 256 3064 ) 
4 39 40 (2560 0 584 ) (2560 962.666748 584 ) (3072 962.666748 584 ) (3072 0 584 ) 
4 40 70 (3072 0 520 ) (3072 0 584 ) (2560 0 584 ) (2560 0 520 ) 
4 40 47 (2560 256 520 ) (2560 0 520 ) (2560 0 584 ) (2560 256 584 ) 
4 40 45 (2560 688 520 ) (2560 624 520 ) (2560 624 584 ) (2560 688 584 ) 
4 40 46 (2560 624 520 ) (2560 256 520 ) (2560 256 584 ) (2560 624 584 ) 
4 40 43 (2624 0 520 ) (2560 0 520 ) (2560 920 520 ) (2624 920 520 ) 
4 40 42 (3008 0 520 ) (2624 0 520 ) (2624 920 520 ) (3008 920 520 ) 
4 40 41 (3072 0 520 ) (3008 0 520 ) (3008 920 520 ) (3072 920 520 ) 
4 41 106 (3072 0 232 ) (3072 0 248 ) (3008 0 248 ) (3008 0 232 ) 
4 41 85 (3072 0 248 ) (3072 0 372 ) (3008 0 372 ) (3008 0 248 ) 
4 41 83 (3072 0 372 ) (3072 0 376 ) (3008 0 376 ) (3008 0 372 ) 
4 41 71 (3072 0 376 ) (3072 0 504 ) (3008 0 504 ) (3008 0 376 ) 
4 41 70 (3072 0 504 ) (3072 0 520 ) (3008 0 520 ) (3008 0 504 ) 
4 41 57 (3072 0 232 ) (3008 0 232 ) (3008 728 232 ) (3072 728 232 ) 
4 41 42 (3008 728 232 ) (3008 0 232 ) (3008 0 520 ) (3008 920 520 ) 
4 42 106 (2624 0 248 ) (2624 0 232 ) (3008 0 232 ) (3008 0 248 ) 
4 42 85 (2624 0 372 ) (2624 0 248 ) (3008 0 248 ) (3008 0 372 ) 
4 42 83 (2624 0 376 ) (2624 0 372 ) (3008 0 372 ) (3008 0 376 ) 
4 42 71 (2624 0 504 ) (2624 0 376 ) (3008 0 376 ) (3008 0 504 ) 
4 42 70 (3008 0 520 ) (2624 0 520 ) (2624 0 504 ) (3008 0 504 ) 
4 42 58 (3008 0 232 ) (2624 0 232 ) (2624 1024 232 ) (3008 1024 232 ) 
4 42 43 (2624 728 232 ) (2624 0 232 ) (2624 0 520 ) (2624 920 520 ) 
4 43 106 (2560 0 248 ) (2560 0 232 ) (2624 0 232 ) (2624 0 248 ) 
4 43 85 (2560 0 372 ) (2560 0 248 ) (2624 0 248 ) (2624 0 372 ) 
4 43 83 (2560 0 376 ) (2560 0 372 ) (2624 0 372 ) (2624 0 376 ) 
4 43 71 (2560 0 504 ) (2560 0 376 ) (2624 0 376 ) (2624 0 504 ) 
4 43 70 (2624 0 520 ) (2560 0 520 ) (2560 0 504 ) (2624 0 504 ) 
4 43 59 (2624 0 232 ) (2560 0 232 ) (2560 728 232 ) (2624 728 232 ) 
4 43 54 (2560 256 232 ) (2560 0 232 ) (2560 0 248 ) (2560 256 248 ) 
4 43 52 (2560 0 248 ) (2560 0 372 ) (2560 256 372 ) (2560 256 248 ) 
4 43 50 (2560 0 372 ) (2560 0 376 ) (2560 256 376 ) (2560 256 372 ) 
4 43 47 (2560 0 376 ) (2560 0 520 ) (2560 256 520 ) (2560 256 376 ) 
4 43 45 (2560 688 232 ) (2560 624 232 ) (2560 624 520 ) (2560 688 520 ) 
4 43 46 (2560 624 232 ) (2560 256 232 ) (2560 256 520 ) (2560 624 520 ) 
4 44 66 (2048 1024 3064 ) (2048 1024 768 ) (2048 256 768 ) (2048 256 3064 ) 
4 44 48 (2056 256 3064 ) (2048 256 3064 ) (2048 256 768 ) (2056 256 768 ) 
4 44 47 (2560 256 768 ) (2560 256 3064 ) (2056 256 3064 ) (2056 256 768 ) 
3 44 45 (2560 688 768 ) (2560 624 768 ) (2496 624 768 ) 
4 44 46 (2560 256 768 ) (2048 256 768 ) (2048 624 768 ) (2560 624 768 ) 
3 45 61 (2560 688 232 ) (2560 624 232 ) (2496 624 232 ) 
4 45 46 (2496 624 232 ) (2560 624 232 ) (2560 624 768 ) (2496 624 768 ) 
4 46 67 (2048 624 232 ) (2048 256 232 ) (2048 256 768 ) (2048 624 768 ) 
4 46 65 (2048 256 232 ) (2048 624 232 ) (2056 624 232 ) (2056 256 232 ) 
4 46 63 (2296 624 232 ) (2312 624 232 ) (2312 256 232 ) (2296 256 232 ) 
4 46 62 (2312 624 232 ) (2560 624 232 ) (2560 256 232 ) (2312 256 232 ) 
4 46 64 (2056 624 232 ) (2296 624 232 ) (2296 256 232 ) (2056 256 232 ) 
4 46 56 (2048 256 232 ) (2056 256 232 ) (2056 256 248 ) (2048 256 248 ) 
4 46 54 (2312 256 232 ) (2560 256 232 ) (2560 256 248 ) (2312 256 248 ) 
4 46 55 (2056 256 232 ) (2296 256 232 ) (2296 256 248 ) (2056 256 248 ) 
4 46 52 (2560 256 248 ) (2560 256 372 ) (2312 256 372 ) (2312 256 248 ) 
4 46 53 (2296 256 372 ) (2048 256 372 ) (2048 256 248 ) (2296 256 248 ) 
4 46 50 (2560 256 372 ) (2560 256 376 ) (2313 256 376 ) (2313 256 372 ) 
4 46 51 (2296 256 376 ) (2048 256 376 ) (2048 256 372 ) (2296 256 372 ) 
4 46 48 (2056 256 768 ) (2048 256 768 ) (2048 256 376 ) (2056 256 376 ) 
4 46 47 (2560 256 376 ) (2560 256 768 ) (2056 256 768 ) (2056 256 376 ) 
3 47 80 (2056 0 376 ) (2242 0 376 ) (2056 0 500 ) 
5 47 76 (2242 0 376 ) (2312 0 376 ) (2312 0 3064 ) (2056 0 3064 ) (2056 0 500 ) 
4 47 71 (2312 0 376 ) (2560 0 376 ) (2560 0 504 ) (2312 0 504 ) 
4 47 70 (2560 0 504 ) (2560 0 3064 ) (2312 0 3064 ) (2312 0 504 ) 
4 47 50 (2313 256 376 ) (2560 256 376 ) (2560 0 376 ) (2313 0 376 ) 
4 47 51 (2056 256 376 ) (2296 256 376 ) (2296 0 376 ) (2056 0 376 ) 
4 47 49 (2056 0 504 ) (2056 0 3064 ) (2056 192 3064 ) (2056 192 504 ) 
4 47 48 (2056 256 376 ) (2056 192 376 ) (2056 192 3064 ) (2056 256 3064 ) 
4 48 67 (2048 256 768 ) (2048 256 376 ) (2048 192 376 ) (2048 192 768 ) 
4 48 66 (2048 192 3064 ) (2048 256 3064 ) (2048 256 768 ) (2048 192 768 ) 
4 48 51 (2048 256 376 ) (2056 256 376 ) (2056 192 376 ) (2048 192 376 ) 
4 48 49 (2056 192 504 ) (2056 192 3064 ) (2048 192 3064 ) (2048 192 504 ) 
4 49 115 (2048 0 3064 ) (2048 0 504 ) (2056 0 504 ) (2056 0 3064 ) 
4 49 68 (2048 0 504 ) (2048 0 768 ) (2048 192 768 ) (2048 192 504 ) 
4 49 66 (2048 0 768 ) (2048 0 3064 ) (2048 192 3064 ) (2048 192 768 ) 
4 50 83 (2313 0 372 ) (2560 0 372 ) (2560 0 376 ) (2313 0 376 ) 
4 50 52 (2313 256 372 ) (2560 256 372 ) (2560 0 372 ) (2313 0 372 ) 
4 51 118 (2048 0 376 ) (2048 0 372 ) (2056 0 372 ) (2056 0 376 ) 
4 51 84 (2056 0 372 ) (2296 0 372 ) (2296 0 376 ) (2056 0 376 ) 
4 51 69 (2048 0 372 ) (2048 0 376 ) (2048 192 376 ) (2048 192 372 ) 
4 51 67 (2048 192 376 ) (2048 256 376 ) (2048 256 372 ) (2048 192 372 ) 
4 51 53 (2048 0 372 ) (2048 256 372 ) (2296 256 372 ) (2296 0 372 ) 
4 52 85 (2312 0 248 ) (2560 0 248 ) (2560 0 372 ) (2312 0 372 ) 
4 52 54 (2312 256 248 ) (2560 256 248 ) (2560 0 248 ) (2312 0 248 ) 
4 53 118 (2048 0 372 ) (2048 0 248 ) (2056 0 248 ) (2056 0 372 ) 
4 53 86 (2056 0 248 ) (2296 0 248 ) (2296 0 372 ) (2056 0 372 ) 
4 53 69 (2048 0 248 ) (2048 0 372 ) (2048 192 372 ) (2048 192 248 ) 
4 53 67 (2048 192 372 ) (2048 256 372 ) (2048 256 248 ) (2048 192 248 ) 
4 53 56 (2048 96 248 ) (2048 256 248 ) (2056 256 248 ) (2056 96 248 ) 
4 53 55 (2056 256 248 ) (2296 256 248 ) (2296 0 248 ) (2056 0 248 ) 
4 54 106 (2312 0 232 ) (2560 0 232 ) (2560 0 248 ) (2312 0 248 ) 
4 54 62 (2560 0 232 ) (2312 0 232 ) (2312 256 232 ) (2560 256 232 ) 
4 55 107 (2056 0 232 ) (2296 0 232 ) (2296 0 248 ) (2056 0 248 ) 
4 55 64 (2296 0 232 ) (2056 0 232 ) (2056 256 232 ) (2296 256 232 ) 
4 55 56 (2056 96 248 ) (2056 256 248 ) (2056 256 232 ) (2056 96 232 ) 
4 56 69 (2048 192 232 ) (2048 96 232 ) (2048 96 248 ) (2048 192 248 ) 
4 56 67 (2048 256 232 ) (2048 192 232 ) (2048 192 248 ) (2048 256 248 ) 
4 56 65 (2048 96 232 ) (2048 256 232 ) (2056 256 232 ) (2056 96 232 ) 
4 57 120 (3072 0 136 ) (3072 0 232 ) (3008 0 232 ) (3008 0 136 ) 
4 57 58 (3008 664 136 ) (3008 0 136 ) (3008 0 232 ) (3008 728 232 ) 
4 57 60 (3072 664 136 ) (3072 0 136 ) (3008 0 136 ) (3008 664 136 ) 
4 58 120 (3008 0 232 ) (2624 0 232 ) (2624 0 136 ) (3008 0 136 ) 
4 58 59 (2624 664 136 ) (2624 0 136 ) (2624 0 232 ) (2624 728 232 ) 
4 58 60 (2624 1024 136 ) (3008 1024 136 ) (3008 0 136 ) (2624 0 136 ) 
4 59 120 (2624 0 232 ) (2560 0 232 ) (2560 0 136 ) (2624 0 136 ) 
4 59 62 (2560 0 136 ) (2560 0 232 ) (2560 624 232 ) (2560 624 136 ) 
5 59 61 (2560 624 232 ) (2560 688 232 ) (2560 688 172 ) (2560 664 136 ) (2560 624 136 ) 
4 59 60 (2560 0 136 ) (2560 664 136 ) (2624 664 136 ) (2624 0 136 ) 
4 60 120 (3072 0 120 ) (3072 0 136 ) (2560 0 136 ) (2560 0 120 ) 
4 60 62 (2560 624 120 ) (2560 0 120 ) (2560 0 136 ) (2560 624 136 ) 
4 60 61 (2560 688 120 ) (2560 624 120 ) (2560 624 136 ) (2560 688 136 ) 
4 61 62 (2496 624 120 ) (2560 624 120 ) (2560 624 232 ) (2496 624 232 ) 
4 62 120 (2560 0 232 ) (2312 0 232 ) (2312 0 120 ) (2560 0 120 ) 
4 62 63 (2312 624 232 ) (2312 624 120 ) (2312 256 120 ) (2312 256 232 ) 
4 63 64 (2296 624 232 ) (2296 624 120 ) (2296 256 120 ) (2296 256 232 ) 
4 64 121 (2296 0 232 ) (2056 0 232 ) (2056 0 120 ) (2296 0 120 ) 
4 64 65 (2056 624 120 ) (2056 96 120 ) (2056 96 232 ) (2056 624 232 ) 
4 65 69 (2048 192 120 ) (2048 96 120 ) (2048 96 232 ) (2048 192 232 ) 
4 65 67 (2048 624 120 ) (2048 192 120 ) (2048 192 232 ) (2048 624 232 ) 
4 66 132 (1944 0 3064 ) (1664 0 3064 ) (1664 0 768 ) (1944 0 768 ) 
4 66 131 (2048 0 768 ) (2048 0 3064 ) (1944 0 3064 ) (1944 0 768 ) 
4 66 68 (1664 0 768 ) (1664 192 768 ) (2048 192 768 ) (2048 0 768 ) 
4 66 67 (1664 192 768 ) (1664 624 768 ) (2048 624 768 ) (2048 192 768 ) 
4 67 68 (2048 192 504 ) (2048 192 768 ) (1664 192 768 ) (1664 192 504 ) 
4 67 69 (1664 192 120 ) (2048 192 120 ) (2048 192 376 ) (1664 192 376 ) 
4 68 132 (1944 0 768 ) (1664 0 768 ) (1664 0 504 ) (1944 0 504 ) 
4 68 131 (2048 0 504 ) (2048 0 768 ) (1944 0 768 ) (1944 0 504 ) 
4 69 134 (2048 0 120 ) (2048 0 376 ) (1664 0 376 ) (1664 0 120 ) 
4 70 177 (3072 -1024 504 ) (3072 -1024 3064 ) (2312 -1024 3064 ) (2312 -1024 504 ) 
4 70 79 (2312 -432 504 ) (2312 -1024 504 ) (2312 -1024 3064 ) (2312 -432 3064 ) 
4 70 78 (2312 -33 504 ) (2312 -432 504 ) (2312 -432 3064 ) (2312 -33 3064 ) 
4 70 77 (2312 -16 504 ) (2312 -33 504 ) (2312 -33 3064 ) (2312 -16 3064 ) 
4 70 76 (2312 0 3064 ) (2312 0 504 ) (2312 -16 504 ) (2312 -16 3064 ) 
3 70 74 (2592 -800 504 ) (2608 -800 504 ) (2592 -816 504 ) 
3 70 73 (2640 -800 504 ) (2656 -800 504 ) (2656 -816 504 ) 
4 70 72 (2656 -800 504 ) (2816 -800 504 ) (2816 -1024 504 ) (2656 -1024 504 ) 
4 70 75 (2432 -800 504 ) (2592 -800 504 ) (2592 -1024 504 ) (2432 -1024 504 ) 
4 70 71 (2312 -800 504 ) (2312 0 504 ) (3072 0 504 ) (3072 -800 504 ) 
4 71 94 (3072 -304 376 ) (3072 -800 376 ) (2312 -800 376 ) (2312 -304 376 ) 
5 71 87 (3072 -16 376 ) (3072 -33 376 ) (2312 -33 376 ) (2312 -17 376 ) (2313 -16 376 ) 
4 71 88 (3072 -33 376 ) (3072 -304 376 ) (2312 -304 376 ) (2312 -33 376 ) 
4 71 83 (2313 0 376 ) (3072 0 376 ) (3072 -16 376 ) (2313 -16 376 ) 
4 71 78 (2312 -33 376 ) (2312 -432 376 ) (2312 -432 504 ) (2312 -33 504 ) 
4 71 77 (2312 -16 376 ) (2312 -33 376 ) (2312 -33 504 ) (2312 -16 504 ) 
4 71 76 (2312 0 504 ) (2312 0 376 ) (2312 -16 376 ) (2312 -16 504 ) 
4 71 74 (2608 -800 504 ) (2592 -800 504 ) (2592 -800 376 ) (2608 -800 376 ) 
4 71 73 (2656 -800 504 ) (2640 -800 504 ) (2640 -800 376 ) (2656 -800 376 ) 
4 71 72 (2816 -800 504 ) (2656 -800 504 ) (2656 -800 376 ) (2816 -800 376 ) 
4 71 75 (2592 -800 504 ) (2432 -800 504 ) (2432 -800 376 ) (2592 -800 376 ) 
4 72 178 (2816 -1024 504 ) (2656 -1024 504 ) (2656 -1024 376 ) (2816 -1024 376 ) 
4 72 99 (2816 -1024 376 ) (2656 -1024 376 ) (2656 -928 376 ) (2816 -928 376 ) 
4 72 95 (2656 -928 376 ) (2656 -800 376 ) (2816 -800 376 ) (2816 -928 376 ) 
4 72 73 (2656 -800 504 ) (2656 -800 376 ) (2656 -816 376 ) (2656 -816 504 ) 
3 73 96 (2640 -800 376 ) (2656 -800 376 ) (2656 -816 376 ) 
3 74 97 (2592 -816 376 ) (2592 -800 376 ) (2608 -800 376 ) 
4 74 75 (2592 -800 504 ) (2592 -800 376 ) (2592 -816 376 ) (2592 -816 504 ) 
4 75 179 (2592 -1024 504 ) (2432 -1024 504 ) (2432 -1024 376 ) (2592 -1024 376 ) 
4 75 100 (2592 -1024 376 ) (2432 -1024 376 ) (2432 -928 376 ) (2592 -928 376 ) 
4 75 98 (2432 -928 376 ) (2432 -800 376 ) (2592 -800 376 ) (2592 -928 376 ) 
4 76 115 (2056 -16 3064 ) (2056 0 3064 ) (2056 0 504 ) (2056 -16 504 ) 
4 76 84 (2242 0 376 ) (2296 0 376 ) (2296 -16 376 ) (2242 -16 376 ) 
4 76 80 (2056 -16 500.001282 ) (2056 0 500.001282 ) (2242.001953 0 376 ) (2242.001953 -16 376 ) 
5 76 77 (2312 -16 3064 ) (2056 -16 3064 ) (2056 -16 504 ) (2248 -16 376 ) (2312 -16 376 ) 
4 77 115 (2056 -33 3064 ) (2056 -16 3064 ) (2056 -16 504 ) (2056 -33 504 ) 
3 77 87 (2312 -17 376 ) (2312 -33 376 ) (2296 -33 376 ) 
5 77 78 (2312 -33 3064 ) (2056 -33 3064 ) (2056 -33 504 ) (2248 -33 376 ) (2312 -33 376 ) 
4 78 115 (2056 -432 3064 ) (2056 -33 3064 ) (2056 -33 504 ) (2056 -432 504 ) 
4 78 103 (2312 -304 376 ) (2312 -432 376 ) (2296 -432 376 ) (2296 -304 376 ) 
4 78 104 (2296 -432 376 ) (2242 -432 376 ) (2242 -304 376 ) (2296 -304 376 ) 
4 78 93 (2242 -288 376 ) (2242 -33 376 ) (2248 -33 376 ) (2248 -288 376 ) 
4 78 88 (2312 -33 376 ) (2312 -304 376 ) (2248 -304 376 ) (2248 -33 376 ) 
4 78 81 (2056 -288 500.001282 ) (2056 -33 500.001282 ) (2242.001953 -33 376 ) (2242.001953 -288 376 ) 
4 78 82 (2056 -432 500.001282 ) (2056 -304 500.001282 ) (2242.001953 -304 376 ) (2242.001953 -432 376 ) 
4 78 79 (2312 -432 3064 ) (2056 -432 3064 ) (2056 -432 504 ) (2312 -432 504 ) 
4 79 177 (2056 -1024 3064 ) (2056 -1024 504 ) (2312 -1024 504 ) (2312 -1024 3064 ) 
4 79 115 (2056 -1024 504 ) (2056 -1024 3064 ) (2056 -432 3064 ) (2056 -432 504 ) 
4 80 84 (2056 -16 376 ) (2056 0 376 ) (2242 0 376 ) (2242 -16 376 ) 
4 81 92 (2056 -33 376 ) (2056 -32 376 ) (2242 -32 376 ) (2242 -33 376 ) 
4 81 93 (2056 -288 376 ) (2056 -33 376 ) (2242 -33 376 ) (2242 -288 376 ) 
4 82 104 (2056 -432 376 ) (2056 -304 376 ) (2242 -304 376 ) (2242 -432 376 ) 
4 83 87 (3072 -16 372 ) (3072 -16 376 ) (2313 -16 376 ) (2313 -16 372 ) 
4 83 85 (3072 -16 372 ) (2313 -16 372 ) (2313 0 372 ) (3072 0 372 ) 
4 84 118 (2056 -16 376 ) (2056 0 376 ) (2056 0 372 ) (2056 -16 372 ) 
4 84 86 (2296 -16 372 ) (2056 -16 372 ) (2056 0 372 ) (2296 0 372 ) 
4 85 106 (2312 0 248 ) (3072 0 248 ) (3072 -16 248 ) (2312 -16 248 ) 
4 85 89 (2312 -16 248 ) (3072 -16 248 ) (3072 -16 372 ) (2312 -16 372 ) 
4 86 118 (2056 0 372 ) (2056 0 248 ) (2056 -16 248 ) (2056 -16 372 ) 
4 86 107 (2056 -16 248 ) (2056 0 248 ) (2296 0 248 ) (2296 -16 248 ) 
4 87 90 (3072 -32 372 ) (3072 -33 372 ) (2296 -33 372 ) (2297 -32 372 ) 
4 87 89 (2313 -16 372 ) (3072 -16 372 ) (3072 -32 372 ) (2297 -32 372 ) 
4 87 88 (2296 -33 372 ) (3072 -33 372 ) (3072 -33 376 ) (2296 -33 376 ) 
4 88 103 (2312 -304 376 ) (2296 -304 376 ) (2296 -304 372 ) (2312 -304 372 ) 
4 88 104 (2296 -304 376 ) (2248 -304 376 ) (2248 -304 372 ) (2296 -304 372 ) 
4 88 94 (3072 -304 372 ) (3072 -304 376 ) (2312 -304 376 ) (2312 -304 372 ) 
4 88 93 (2248 -33 372 ) (2248 -288 372 ) (2248 -288 376 ) (2248 -33 376 ) 
4 88 91 (3072 -304 372 ) (2312 -304 372 ) (2296 -288 372 ) (3072 -288 372 ) 
4 88 90 (2248 -288 372 ) (2248 -33 372 ) (3072 -33 372 ) (3072 -288 372 ) 
4 89 108 (2312 -16 248 ) (3072 -16 248 ) (3072 -32 248 ) (2296 -32 248 ) 
4 89 90 (3072 -32 372 ) (2296 -32 372 ) (2296 -32 248 ) (3072 -32 248 ) 
4 90 109 (3072 -32 248 ) (3072 -288 248 ) (2248 -288 248 ) (2248 -32 248 ) 
4 90 92 (2248 -32 248 ) (2248 -33 248 ) (2248 -33 372 ) (2248 -32 372 ) 
4 90 93 (2248 -33 248 ) (2248 -288 248 ) (2248 -288 372 ) (2248 -33 372 ) 
4 90 91 (3072 -288 372 ) (2296 -288 372 ) (2296 -288 248 ) (3072 -288 248 ) 
4 91 110 (3072 -288 248 ) (3072 -304 248 ) (2312 -304 248 ) (2296 -288 248 ) 
4 91 94 (2312 -304 248 ) (3072 -304 248 ) (3072 -304 372 ) (2312 -304 372 ) 
4 92 109 (2056 -33 248 ) (2056 -32 248 ) (2248 -32 248 ) (2248 -33 248 ) 
5 92 93 (2056 -33 248 ) (2248 -33 248 ) (2248 -33 372 ) (2242 -33 376 ) (2056 -33 376 ) 
16 93 116 (2056 -138.666962 364.444000 ) (2056 -120 352 ) (2056 -107.554985 333.332977 ) (2056 -103.110992 312 ) (2056 -107.555008 290.666962 ) (2056 -120 272 ) (2056 -138.667023 259.556000 ) (2056 -160 255.110992 ) (2056 -181.332993 259.556000 ) (2056 -200 272 ) (2056 -212.444031 290.667053 ) (2056 -216.889008 312 ) (2056 -212.444000 333.332977 ) (2056 -200 352 ) (2056 -181.332947 364.444031 ) (2056 -160 368.889008 ) 
4 93 109 (2056 -288 248 ) (2056 -33 248 ) (2248 -33 248 ) (2248 -288 248 ) 
4 94 113 (2432 -432 248 ) (3072 -432 248 ) (3072 -624 248 ) (2432 -624 248 ) 
4 94 111 (2432 -304 248 ) (3072 -304 248 ) (3072 -432 248 ) (2432 -432 248 ) 
4 94 114 (2312 -800 248 ) (2312 -624 248 ) (3072 -624 248 ) (3072 -800 248 ) 
4 94 103 (2312 -304 376 ) (2312 -304 372 ) (2312 -432 372 ) (2312 -432 376 ) 
4 94 98 (2592 -800 376 ) (2432 -800 376 ) (2432 -800 280 ) (2592 -800 280 ) 
4 94 97 (2608 -800 376 ) (2592 -800 376 ) (2592 -800 280 ) (2608 -800 280 ) 
4 94 96 (2656 -800 376 ) (2640 -800 376 ) (2640 -800 280 ) (2656 -800 280 ) 
4 94 95 (2816 -800 280 ) (2816 -800 376 ) (2656 -800 376 ) (2656 -800 280 ) 
4 95 99 (2816 -928 344 ) (2816 -928 376 ) (2656 -928 376 ) (2656 -928 344 ) 
4 95 96 (2656 -800 376 ) (2656 -800 280 ) (2656 -816 288 ) (2656 -816 376 ) 
4 97 98 (2592 -800 376 ) (2592 -800 280 ) (2592 -816 288 ) (2592 -816 376 ) 
4 98 100 (2432 -928 376 ) (2432 -928 344 ) (2592 -928 344 ) (2592 -928 376 ) 
4 99 181 (2816 -1024 376 ) (2656 -1024 376 ) (2656 -1024 280 ) (2816 -1024 280 ) 
4 99 101 (2656 -928 280 ) (2816 -928 280 ) (2816 -1024 280 ) (2656 -1024 280 ) 
4 100 183 (2592 -1024 376 ) (2432 -1024 376 ) (2432 -1024 280 ) (2592 -1024 280 ) 
4 100 102 (2432 -928 280 ) (2432 -1024 280 ) (2432 -1024 376 ) (2432 -928 376 ) 
4 100 101 (2432 -1024 280 ) (2432 -928 280 ) (2592 -928 280 ) (2592 -1024 280 ) 
4 101 182 (2592 -1024 248 ) (2656 -1024 248 ) (2656 -1024 280 ) (2592 -1024 280 ) 
4 101 183 (2432 -1024 280 ) (2432 -1024 248 ) (2592 -1024 248 ) (2592 -1024 280 ) 
4 101 181 (2656 -1024 248 ) (2816 -1024 248 ) (2816 -1024 280 ) (2656 -1024 280 ) 
4 101 114 (2816 -1024 248 ) (2432 -1024 248 ) (2432 -928 248 ) (2816 -928 248 ) 
4 101 102 (2432 -928 248 ) (2432 -1024 248 ) (2432 -1024 280 ) (2432 -928 280 ) 
4 102 183 (2432 -1024 376 ) (2312 -1024 376 ) (2312 -1024 248 ) (2432 -1024 248 ) 
4 102 114 (2432 -1024 248 ) (2312 -1024 248 ) (2312 -928 248 ) (2432 -928 248 ) 
4 102 105 (2312 -984 248 ) (2312 -1024 248 ) (2312 -1024 376 ) (2312 -984 376 ) 
4 103 104 (2296 -304 376 ) (2296 -304 372 ) (2296 -432 372 ) (2296 -432 376 ) 
4 104 117 (2056 -432 376 ) (2056 -304 376 ) (2056 -304 248 ) (2056 -432 248 ) 
4 104 112 (2056 -432 248 ) (2056 -304 248 ) (2296 -304 248 ) (2296 -432 248 ) 
4 105 183 (2312 -1024 376 ) (2056 -1024 376 ) (2056 -1024 248 ) (2312 -1024 248 ) 
4 105 117 (2056 -1024 248 ) (2056 -1024 376 ) (2056 -984 376 ) (2056 -984 248 ) 
4 105 114 (2312 -1024 248 ) (2056 -1024 248 ) (2056 -984 248 ) (2312 -984 248 ) 
4 106 120 (2312 0 232 ) (3072 0 232 ) (3072 -16 232 ) (2312 -16 232 ) 
4 106 108 (3072 -16 248 ) (2312 -16 248 ) (2312 -16 232 ) (3072 -16 232 ) 
4 107 121 (2056 -16 232 ) (2056 0 232 ) (2296 0 232 ) (2296 -16 232 ) 
4 108 122 (2312 -16 232 ) (3072 -16 232 ) (3072 -32 232 ) (2296 -32 232 ) 
4 108 109 (3072 -32 248 ) (2296 -32 248 ) (2296 -32 232 ) (3072 -32 232 ) 
4 109 123 (2056 -288 232 ) (2056 -32 232 ) (3072 -32 232 ) (3072 -288 232 ) 
4 109 110 (3072 -288 248 ) (2296 -288 248 ) (2296 -288 232 ) (3072 -288 232 ) 
4 110 124 (2296 -288 232 ) (3072 -288 232 ) (3072 -304 232 ) (2312 -304 232 ) 
4 110 111 (3072 -304 248 ) (2432 -304 248 ) (2432 -304 232 ) (3072 -304 232 ) 
4 111 125 (2432 -304 232 ) (3072 -304 232 ) (3072 -432 232 ) (2432 -432 232 ) 
4 111 113 (3072 -432 248 ) (2432 -432 248 ) (2432 -432 232 ) (3072 -432 232 ) 
4 112 126 (2056 -432 232 ) (2056 -304 232 ) (2296 -304 232 ) (2296 -432 232 ) 
4 112 119 (2056 -416 232 ) (2056 -432 232 ) (2056 -432 248 ) (2056 -416 248 ) 
4 113 127 (2432 -432 232 ) (3072 -432 232 ) (3072 -624 232 ) (2432 -624 232 ) 
4 113 114 (3072 -624 248 ) (2432 -624 248 ) (2432 -624 232 ) (3072 -624 232 ) 
4 114 182 (2656 -1024 248 ) (2592 -1024 248 ) (2592 -1024 232 ) (2656 -1024 232 ) 
4 114 183 (2592 -1024 248 ) (2056 -1024 248 ) (2056 -1024 232 ) (2592 -1024 232 ) 
4 114 180 (3072 -1024 232 ) (3072 -1024 248 ) (2816 -1024 248 ) (2816 -1024 232 ) 
4 114 181 (2816 -1024 248 ) (2656 -1024 248 ) (2656 -1024 232 ) (2816 -1024 232 ) 
4 114 129 (3072 -1024 232 ) (2056 -1024 232 ) (2056 -984 232 ) (3072 -984 232 ) 
4 114 128 (2056 -984 232 ) (2056 -624 232 ) (3072 -624 232 ) (3072 -984 232 ) 
4 114 119 (2056 -624 232 ) (2056 -1024 232 ) (2056 -1024 248 ) (2056 -624 248 ) 
4 115 177 (2048 -1024 3064 ) (2048 -1024 504 ) (2056 -1024 504 ) (2056 -1024 3064 ) 
4 115 131 (2048 -1024 504 ) (2048 -1024 3064 ) (2048 0 3064 ) (2048 0 504 ) 
15 116 136 (2048 -134.526779 361.684021 ) (2048 -120 352 ) (2048 -107.554993 333.333008 ) (2048 -103.111000 312 ) (2048 -107.555008 290.666962 ) (2048 -120 272 ) (2048 -138.667007 259.556000 ) (2048 -160 255.110992 ) (2048 -181.332993 259.556000 ) (2048 -200 272 ) (2048 -212.444031 290.667053 ) (2048 -216.889008 312 ) (2048 -212.444016 333.332947 ) (2048 -200 352 ) (2048 -185.473160 361.684021 ) 
5 116 135 (2048 -138.666931 364.443970 ) (2048 -134.526779 361.684021 ) (2048 -185.473160 361.684021 ) (2048 -181.332977 364.444000 ) (2048 -160 368.889008 ) 
4 117 183 (2048 -1024 376 ) (2048 -1024 248 ) (2056 -1024 248 ) (2056 -1024 376 ) 
4 117 144 (2048 -1024 248 ) (2048 -1024 376 ) (2048 -432 376 ) (2048 -432 248 ) 
4 117 143 (2048 -432 376 ) (2048 -288 376 ) (2048 -288 248 ) (2048 -432 248 ) 
4 117 119 (2048 -1024 248 ) (2048 -416 248 ) (2056 -416 248 ) (2056 -1024 248 ) 
4 118 134 (2048 -32 376 ) (2048 0 376 ) (2048 0 248 ) (2048 -32 248 ) 
4 119 183 (2048 -1024 248 ) (2048 -1024 232 ) (2056 -1024 232 ) (2056 -1024 248 ) 
4 119 144 (2048 -1024 232 ) (2048 -1024 248 ) (2048 -432 248 ) (2048 -432 232 ) 
4 119 143 (2048 -432 248 ) (2048 -416 248 ) (2048 -416 232 ) (2048 -432 232 ) 
4 119 130 (2056 -1024 232 ) (2048 -1024 232 ) (2048 -416 232 ) (2056 -416 232 ) 
4 120 122 (2312 -16 120 ) (3072 -16 120 ) (3072 -16 232 ) (2312 -16 232 ) 
4 122 123 (2296 -32 120 ) (3072 -32 120 ) (3072 -32 232 ) (2296 -32 232 ) 
4 123 124 (2296 -288 120 ) (3072 -288 120 ) (3072 -288 232 ) (2296 -288 232 ) 
4 124 125 (2432 -304 120 ) (3072 -304 120 ) (3072 -304 232 ) (2432 -304 232 ) 
4 125 127 (2432 -432 120 ) (3072 -432 120 ) (3072 -432 232 ) (2432 -432 232 ) 
4 126 130 (2056 -416 120 ) (2056 -432 120 ) (2056 -432 232 ) (2056 -416 232 ) 
4 127 128 (2432 -624 120 ) (3072 -624 120 ) (3072 -624 232 ) (2432 -624 232 ) 
4 128 130 (2056 -624 120 ) (2056 -984 120 ) (2056 -984 232 ) (2056 -624 232 ) 
4 128 129 (2056 -984 232 ) (2056 -984 120 ) (3072 -984 120 ) (3072 -984 232 ) 
4 129 182 (2656 -1024 232 ) (2592 -1024 232 ) (2592 -1024 120 ) (2656 -1024 120 ) 
4 129 183 (2592 -1024 232 ) (2056 -1024 232 ) (2056 -1024 120 ) (2592 -1024 120 ) 
4 129 180 (3072 -1024 120 ) (3072 -1024 232 ) (2816 -1024 232 ) (2816 -1024 120 ) 
4 129 181 (2816 -1024 232 ) (2656 -1024 232 ) (2656 -1024 120 ) (2816 -1024 120 ) 
4 129 130 (2056 -984 120 ) (2056 -1024 120 ) (2056 -1024 232 ) (2056 -984 232 ) 
4 130 183 (2056 -1024 232 ) (2048 -1024 232 ) (2048 -1024 120 ) (2056 -1024 120 ) 
4 130 144 (2048 -1024 120 ) (2048 -1024 232 ) (2048 -432 232 ) (2048 -432 120 ) 
4 130 143 (2048 -432 232 ) (2048 -416 232 ) (2048 -416 120 ) (2048 -432 120 ) 
4 131 185 (2048 -1024 504 ) (2048 -1024 760 ) (1944 -1024 760 ) (1944 -1024 504 ) 
4 131 184 (2048 -1024 760 ) (2048 -1024 3064 ) (1944 -1024 3064 ) (1944 -1024 760 ) 
4 131 133 (1944 -1024 760 ) (1944 -1024 3064 ) (1944 -440 3064 ) (1944 -440 760 ) 
4 131 132 (1944 0 504 ) (1944 -440 504 ) (1944 -440 3064 ) (1944 0 3064 ) 
4 132 133 (1944 -440 760 ) (1944 -440 3064 ) (1664 -440 3064 ) (1664 -440 760 ) 
4 133 184 (1944 -1024 3064 ) (1664 -1024 3064 ) (1664 -1024 760 ) (1944 -1024 760 ) 
4 135 145 (1664 -228 361.684021 ) (1664 -228 376 ) (1664 -96 376 ) (1664 -96 361.684021 ) 
4 135 140 (1664 -162 361.684021 ) (1664 -158 361.684021 ) (1683.720093 -158 361.684021 ) (1683.720093 -162 361.684021 ) 
4 135 137 (1664 -158 361.684021 ) (1664 -96 361.684021 ) (1683.720093 -96 361.684021 ) (1683.720093 -158 361.684021 ) 
4 135 142 (1683.720093 -228 361.684021 ) (1664 -228 361.684021 ) (1664 -162 361.684021 ) (1683.720093 -162 361.684021 ) 
4 135 136 (2048 -228 361.684021 ) (1683.720093 -228 361.684021 ) (1683.720093 -96 361.684021 ) (2048 -96 361.684021 ) 
6 136 140 (1683.720093 -162 358.927002 ) (1683.720093 -162 361.684021 ) (1683.720093 -158 361.684021 ) (1683.720093 -158 358.926971 ) (1683.720093 -159 357.927002 ) (1683.720093 -161 357.927002 ) 
3 136 139 (1683.720093 -162 357.927002 ) (1683.720093 -162 358.927002 ) (1683.720093 -161 357.927002 ) 
3 136 138 (1683.720093 -158 358.926971 ) (1683.720093 -158 357.927002 ) (1683.720093 -159 357.927002 ) 
4 136 141 (1683.720093 -158 120 ) (1683.720093 -162 120 ) (1683.720093 -162 357.927002 ) (1683.720093 -158 357.927002 ) 
4 136 137 (1683.720093 -96 120 ) (1683.720093 -158 120 ) (1683.720093 -158 361.684021 ) (1683.720093 -96 361.684021 ) 
4 136 142 (1683.720093 -162 120 ) (1683.720093 -228 120 ) (1683.720093 -228 361.684021 ) (1683.720093 -162 361.684021 ) 
4 137 146 (1664 -158 361.684021 ) (1664 -96 361.684021 ) (1664 -96 120 ) (1664 -158 120 ) 
4 137 140 (1683.720093 -158 358.926971 ) (1683.720093 -158 361.684021 ) (1664 -158 361.684021 ) (1664 -158 358.926971 ) 
4 137 138 (1683.720093 -158 357.927002 ) (1683.720093 -158 358.926971 ) (1664 -158 358.926971 ) (1664 -158 357.927002 ) 
4 137 141 (1664 -158 120 ) (1683.720093 -158 120 ) (1683.720093 -158 357.927002 ) (1664 -158 357.927002 ) 
3 138 147 (1664 -158 358.926971 ) (1664 -158 357.927002 ) (1664 -159 357.927002 ) 
4 138 140 (1664 -159.003906 357.927002 ) (1683.720093 -159.003906 357.927002 ) (1683.720093 -158 358.930328 ) (1664 -158 358.930328 ) 
4 138 141 (1664 -159 357.927002 ) (1664 -158 357.927002 ) (1683.720093 -158 357.927002 ) (1683.720093 -159 357.927002 ) 
3 139 148 (1664 -161 357.927002 ) (1664 -162 357.927002 ) (1664 -162 358.927002 ) 
4 139 142 (1683.720093 -162 357.927002 ) (1683.720093 -162 358.927002 ) (1664 -162 358.927002 ) (1664 -162 357.927002 ) 
4 139 141 (1683.720093 -162 357.927002 ) (1664 -162 357.927002 ) (1664 -161 357.927002 ) (1683.720093 -161 357.927002 ) 
4 139 140 (1683.720093 -160.996689 357.927002 ) (1664 -160.996689 357.927002 ) (1664 -162 358.929688 ) (1683.720093 -162 358.929688 ) 
6 140 149 (1664 -162 361.684021 ) (1664 -158 361.684021 ) (1664 -158 358.926971 ) (1664 -159 357.927002 ) (1664 -161 357.927002 ) (1664 -162 358.927002 ) 
4 140 142 (1683.720093 -162 358.927002 ) (1683.720093 -162 361.684021 ) (1664 -162 361.684021 ) (1664 -162 358.927002 ) 
4 140 141 (1664 -161 357.927002 ) (1664 -159 357.927002 ) (1683.720093 -159 357.927002 ) (1683.720093 -161 357.927002 ) 
4 141 150 (1664 -158 357.927002 ) (1664 -158 120 ) (1664 -162 120 ) (1664 -162 357.927002 ) 
4 141 142 (1664 -162 120 ) (1683.720093 -162 120 ) (1683.720093 -162 357.927002 ) (1664 -162 357.927002 ) 
4 142 151 (1664 -228 120 ) (1664 -228 361.684021 ) (1664 -162 361.684021 ) (1664 -162 120 ) 
4 143 144 (2048 -432 120 ) (2048 -432 376 ) (1664 -432 376 ) (1664 -432 120 ) 
4 144 186 (2048 -1024 120 ) (2048 -1024 376 ) (1664 -1024 376 ) (1664 -1024 120 ) 
4 145 154 (1651.720093 -228 361.684021 ) (1651.720093 -228 384 ) (1651.720093 -96 384 ) (1651.720093 -96 361.684021 ) 
4 145 149 (1651.720093 -162 361.684021 ) (1651.720093 -158 361.684021 ) (1664 -158 361.684021 ) (1664 -162 361.684021 ) 
4 145 146 (1651.720093 -158 361.684021 ) (1651.720093 -96 361.684021 ) (1664 -96 361.684021 ) (1664 -158 361.684021 ) 
4 145 151 (1664 -228 361.684021 ) (1651.720093 -228 361.684021 ) (1651.720093 -162 361.684021 ) (1664 -162 361.684021 ) 
4 146 154 (1651.720093 -96 120 ) (1651.720093 -158 120 ) (1651.720093 -158 361.684021 ) (1651.720093 -96 361.684021 ) 
4 146 149 (1664 -158 361.684021 ) (1651.720093 -158 361.684021 ) (1651.720093 -158 358.926971 ) (1664 -158 358.926971 ) 
4 146 147 (1651.720093 -158 358.926971 ) (1651.720093 -158 357.927002 ) (1664 -158 357.927002 ) (1664 -158 358.926971 ) 
4 146 150 (1651.720093 -158 357.927002 ) (1651.720093 -158 120 ) (1664 -158 120 ) (1664 -158 357.927002 ) 
3 147 154 (1651.720093 -158 358.926971 ) (1651.720093 -158 357.927002 ) (1651.720093 -159 357.927002 ) 
4 147 149 (1651.720093 -159.003906 357.927002 ) (1664 -159.003906 357.927002 ) (1664 -158 358.930328 ) (1651.720093 -158 358.930328 ) 
4 147 150 (1651.720093 -159 357.927002 ) (1651.720093 -158 357.927002 ) (1664 -158 357.927002 ) (1664 -159 357.927002 ) 
3 148 154 (1651.720093 -162 357.927002 ) (1651.720093 -162 358.927002 ) (1651.720093 -161 357.927002 ) 
4 148 151 (1651.720093 -162 358.927002 ) (1651.720093 -162 357.927002 ) (1664 -162 357.927002 ) (1664 -162 358.927002 ) 
4 148 150 (1664 -162 357.927002 ) (1651.720093 -162 357.927002 ) (1651.720093 -161 357.927002 ) (1664 -161 357.927002 ) 
4 148 149 (1664 -160.996689 357.927002 ) (1651.720093 -160.996689 357.927002 ) (1651.720093 -162 358.929688 ) (1664 -162 358.929688 ) 
6 149 154 (1651.720093 -162 358.927002 ) (1651.720093 -162 361.684021 ) (1651.720093 -158 361.684021 ) (1651.720093 -158 358.926971 ) (1651.720093 -159 357.927002 ) (1651.720093 -161 357.927002 ) 
4 149 151 (1664 -162 361.684021 ) (1651.720093 -162 361.684021 ) (1651.720093 -162 358.927002 ) (1664 -162 358.927002 ) 
4 149 150 (1651.720093 -161 357.927002 ) (1651.720093 -159 357.927002 ) (1664 -159 357.927002 ) (1664 -161 357.927002 ) 
4 150 154 (1651.720093 -158 120 ) (1651.720093 -162 120 ) (1651.720093 -162 357.927002 ) (1651.720093 -158 357.927002 ) 
4 150 151 (1651.720093 -162 357.927002 ) (1651.720093 -162 120 ) (1664 -162 120 ) (1664 -162 357.927002 ) 
4 151 154 (1651.720093 -162 120 ) (1651.720093 -228 120 ) (1651.720093 -228 361.684021 ) (1651.720093 -162 361.684021 ) 
4 152 161 (1344 -228 235.677719 ) (1344 -228 304 ) (1344 -96 304 ) (1344 -96 235.677719 ) 
4 152 159 (1454.630127 -158 304.798584 ) (1454.631592 -162 304.799500 ) (1427.489136 -162 287.840942 ) (1427.489136 -158 287.840942 ) 
4 152 155 (1427.489136 -96 287.840942 ) (1454.607666 -96 304.784515 ) (1454.630127 -158 304.798584 ) (1427.489136 -158 287.840942 ) 
4 152 160 (1454.631592 -162 304.799500 ) (1454.655640 -228 304.814453 ) (1427.489136 -228 287.840942 ) (1427.489136 -162 287.840942 ) 
4 152 154 (1454.607666 -96 304.784515 ) (1581.393921 -96 384 ) (1581.393921 -228 384 ) (1454.655640 -228 304.814453 ) 
4 152 153 (1344 -228 235.677261 ) (1344 -96 235.677261 ) (1427.489136 -96 287.840942 ) (1427.489136 -228 287.840942 ) 
4 153 161 (1344 -96 120 ) (1344 -228 120 ) (1344 -228 235.677719 ) (1344 -96 235.677719 ) 
6 153 159 (1428.951050 -158 285.504639 ) (1427.490234 -158 287.841797 ) (1427.490234 -162 287.841797 ) (1428.951050 -162 285.504608 ) (1429.481079 -161 284.656677 ) (1429.481079 -159 284.656708 ) 
3 153 158 (1428.951050 -162 285.504608 ) (1429.481079 -162 284.656677 ) (1429.481079 -161 284.656677 ) 
3 153 157 (1429.481079 -162 284.656677 ) (1431.071167 -162 282.112701 ) (1429.481079 -159 284.656708 ) 
4 153 156 (1532.398560 -162 120 ) (1532.398560 -158 120 ) (1428.951050 -158 285.504639 ) (1431.071167 -162 282.112701 ) 
4 153 155 (1532.398560 -158 120 ) (1532.398560 -96 120 ) (1427.490234 -96 287.841797 ) (1427.490234 -158 287.841797 ) 
4 153 160 (1532.398560 -228 120 ) (1532.398560 -162 120 ) (1427.490234 -162 287.841797 ) (1427.490234 -228 287.841797 ) 
6 154 159 (1456.092163 -162 302.462311 ) (1454.633301 -162 304.798645 ) (1454.631836 -158 304.797729 ) (1456.090698 -158 302.461426 ) (1456.620728 -159 301.613464 ) (1456.621460 -161 301.613922 ) 
3 154 158 (1456.621826 -162 301.614166 ) (1456.092163 -162 302.462311 ) (1456.621460 -161 301.613922 ) 
3 154 157 (1458.210815 -162 299.069489 ) (1456.621826 -162 301.614166 ) (1456.620728 -159 301.613464 ) 
4 154 156 (1570.027710 -158 120 ) (1570.029785 -162 120 ) (1458.210815 -162 299.069489 ) (1456.090698 -158 302.461426 ) 
4 154 155 (1569.996460 -96 120 ) (1570.027710 -158 120 ) (1454.631836 -158 304.797729 ) (1454.609253 -96 304.783661 ) 
4 154 160 (1570.029785 -162 120 ) (1570.063110 -228 120 ) (1454.657227 -228 304.813599 ) (1454.633301 -162 304.798645 ) 
4 155 159 (1427.480469 -158 287.847656 ) (1428.946655 -158 285.501892 ) (1456.081909 -158 302.455933 ) (1454.625000 -158 304.789062 ) 
4 155 156 (1428.946655 -158 285.501892 ) (1532.392090 -158 120 ) (1570.015503 -158 120 ) (1456.081909 -158 302.455933 ) 
4 156 159 (1456.614380 -159.002151 301.609497 ) (1456.078125 -158 302.457031 ) (1428.948364 -158 285.506439 ) (1429.478271 -159.002686 284.654907 ) 
4 156 157 (1431.062500 -162 282.109375 ) (1458.218750 -162 299.074219 ) (1456.614380 -159.002151 301.609497 ) (1429.478271 -159.002686 284.654907 ) 
4 156 160 (1431.066040 -162 282.109528 ) (1532.391113 -162 120 ) (1570.029663 -162 120 ) (1458.210449 -162 299.069214 ) 
4 157 159 (1456.613281 -159 301.613281 ) (1429.478027 -159 284.659210 ) (1429.479614 -161.001343 284.657227 ) (1456.621094 -161.001953 301.615875 ) 
4 157 158 (1429.479614 -161.001343 284.657227 ) (1429.480469 -162 284.656250 ) (1456.625000 -162 301.617188 ) (1456.621094 -161.001953 301.615875 ) 
4 157 160 (1429.475952 -162 284.653473 ) (1431.066040 -162 282.109528 ) (1458.210449 -162 299.069214 ) (1456.621460 -162 301.613892 ) 
4 158 160 (1428.945923 -162 285.501434 ) (1429.475952 -162 284.653473 ) (1456.621460 -162 301.613892 ) (1456.091797 -162 302.462067 ) 
4 158 159 (1456.625000 -160.998810 301.617188 ) (1429.479492 -160.998810 284.656708 ) (1428.945312 -162 285.503906 ) (1456.093750 -162 302.464844 ) 
4 159 160 (1427.484375 -162 287.839844 ) (1428.945923 -162 285.501434 ) (1456.091797 -162 302.462067 ) (1454.628906 -162 304.804688 ) 
4 161 163 (1284 -96 234 ) (1284 -96 120 ) (1284 -228 120 ) (1284 -228 234 ) 
4 161 162 (1284 -96 248 ) (1284 -96 234 ) (1284 -228 234 ) (1284 -228 248 ) 
4 162 242 (1024 -228 234 ) (1024 -228 248 ) (1024 -96 248 ) (1024 -96 234 ) 
4 162 174 (1044 -158 234 ) (1044 -162 234 ) (1024 -162 234 ) (1024 -158 234 ) 
4 162 171 (1024 -96 234 ) (1044 -96 234 ) (1044 -158 234 ) (1024 -158 234 ) 
4 162 176 (1044 -162 234 ) (1044 -228 234 ) (1024 -228 234 ) (1024 -162 234 ) 
4 162 167 (1236 -158 234 ) (1236 -162 234 ) (1204 -162 234 ) (1204 -158 234 ) 
4 162 164 (1204 -96 234 ) (1236 -96 234 ) (1236 -158 234 ) (1204 -158 234 ) 
4 162 169 (1236 -162 234 ) (1236 -228 234 ) (1204 -228 234 ) (1204 -162 234 ) 
4 162 163 (1236 -96 234 ) (1284 -96 234 ) (1284 -228 234 ) (1236 -228 234 ) 
4 162 170 (1044 -96 234 ) (1204 -96 234 ) (1204 -228 234 ) (1044 -228 234 ) 
6 163 167 (1236 -162 231.242996 ) (1236 -162 234 ) (1236 -158 234 ) (1236 -158 231.242996 ) (1236 -159 230.243011 ) (1236 -161 230.243011 ) 
3 163 166 (1236 -162 230.243011 ) (1236 -162 231.242996 ) (1236 -161 230.243011 ) 
3 163 165 (1236 -158 231.242996 ) (1236 -158 230.243011 ) (1236 -159 230.243011 ) 
4 163 168 (1236 -158 120 ) (1236 -162 120 ) (1236 -162 230.243011 ) (1236 -158 230.243011 ) 
4 163 164 (1236 -96 120 ) (1236 -158 120 ) (1236 -158 234 ) (1236 -96 234 ) 
4 163 169 (1236 -162 120 ) (1236 -228 120 ) (1236 -228 234 ) (1236 -162 234 ) 
4 164 167 (1204 -158 234 ) (1204 -158 231.242996 ) (1236 -158 231.242996 ) (1236 -158 234 ) 
4 164 165 (1204 -158 231.242996 ) (1204 -158 230.243011 ) (1236 -158 230.243011 ) (1236 -158 231.242996 ) 
4 164 168 (1204 -158 230.243011 ) (1204 -158 120 ) (1236 -158 120 ) (1236 -158 230.243011 ) 
4 164 170 (1204 -96 120 ) (1204 -158 120 ) (1204 -158 234 ) (1204 -96 234 ) 
4 165 167 (1204 -159 230.243011 ) (1236 -159 230.243011 ) (1236 -158 231.242615 ) (1204 -158 231.242615 ) 
4 165 168 (1204 -159 230.243011 ) (1204 -158 230.243011 ) (1236 -158 230.243011 ) (1236 -159 230.243011 ) 
3 165 170 (1204 -158 231.242996 ) (1204 -158 230.243011 ) (1204 -159 230.243011 ) 
3 166 170 (1204 -162 230.243011 ) (1204 -162 231.242996 ) (1204 -161 230.243011 ) 
4 166 169 (1204 -162 231.242996 ) (1204 -162 230.243011 ) (1236 -162 230.243011 ) (1236 -162 231.242996 ) 
4 166 168 (1236 -162 230.243011 ) (1204 -162 230.243011 ) (1204 -161 230.243011 ) (1236 -161 230.243011 ) 
4 166 167 (1236 -161 230.243011 ) (1204 -161 230.243011 ) (1204 -162 231.242188 ) (1236 -162 231.242188 ) 
6 167 170 (1204 -162 231.242996 ) (1204 -162 234 ) (1204 -158 234 ) (1204 -158 231.242996 ) (1204 -159 230.243011 ) (1204 -161 230.243011 ) 
4 167 169 (1204 -162 234 ) (1204 -162 231.242996 ) (1236 -162 231.242996 ) (1236 -162 234 ) 
4 167 168 (1204 -161 230.243011 ) (1204 -159 230.243011 ) (1236 -159 230.243011 ) (1236 -161 230.243011 ) 
4 168 170 (1204 -158 120 ) (1204 -162 120 ) (1204 -162 230.243011 ) (1204 -158 230.243011 ) 
4 168 169 (1204 -162 230.243011 ) (1204 -162 120 ) (1236 -162 120 ) (1236 -162 230.243011 ) 
4 169 170 (1204 -162 120 ) (1204 -228 120 ) (1204 -228 234 ) (1204 -162 234 ) 
6 170 174 (1044 -162 231.242996 ) (1044 -162 234 ) (1044 -158 234 ) (1044 -158 231.242996 ) (1044 -159 230.243011 ) (1044 -161 230.243011 ) 
3 170 173 (1044 -162 230.243011 ) (1044 -162 231.242996 ) (1044 -161 230.243011 ) 
3 170 172 (1044 -158 231.242996 ) (1044 -158 230.243011 ) (1044 -159 230.243011 ) 
4 170 175 (1044 -158 120 ) (1044 -162 120 ) (1044 -162 230.243011 ) (1044 -158 230.243011 ) 
4 170 171 (1044 -96 120 ) (1044 -158 120 ) (1044 -158 234 ) (1044 -96 234 ) 
4 170 176 (1044 -162 120 ) (1044 -228 120 ) (1044 -228 234 ) (1044 -162 234 ) 
4 171 243 (1024 -158 234 ) (1024 -96 234 ) (1024 -96 120 ) (1024 -158 120 ) 
4 171 174 (1044 -158 231.242996 ) (1044 -158 234 ) (1024 -158 234 ) (1024 -158 231.242996 ) 
4 171 172 (1044 -158 230.243011 ) (1044 -158 231.242996 ) (1024 -158 231.242996 ) (1024 -158 230.243011 ) 
4 171 175 (1024 -158 120 ) (1044 -158 120 ) (1044 -158 230.243011 ) (1024 -158 230.243011 ) 
3 172 244 (1024 -158 231.242996 ) (1024 -158 230.243011 ) (1024 -159 230.243011 ) 
4 172 174 (1024 -159 230.243011 ) (1044 -159 230.243011 ) (1044 -158 231.242599 ) (1024 -158 231.242599 ) 
4 172 175 (1024 -159 230.243011 ) (1024 -158 230.243011 ) (1044 -158 230.243011 ) (1044 -159 230.243011 ) 
3 173 245 (1024 -161 230.243011 ) (1024 -162 230.243011 ) (1024 -162 231.242996 ) 
4 173 176 (1044 -162 230.243011 ) (1044 -162 231.242996 ) (1024 -162 231.242996 ) (1024 -162 230.243011 ) 
4 173 175 (1044 -162 230.243011 ) (1024 -162 230.243011 ) (1024 -161 230.243011 ) (1044 -161 230.243011 ) 
4 173 174 (1044 -161 230.243011 ) (1024 -161 230.243011 ) (1024 -162 231.242188 ) (1044 -162 231.242188 ) 
6 174 246 (1024 -162 234 ) (1024 -158 234 ) (1024 -158 231.242996 ) (1024 -159 230.243011 ) (1024 -161 230.243011 ) (1024 -162 231.242996 ) 
4 174 176 (1044 -162 231.242996 ) (1044 -162 234 ) (1024 -162 234 ) (1024 -162 231.242996 ) 
4 174 175 (1024 -161 230.243011 ) (1024 -159 230.243011 ) (1044 -159 230.243011 ) (1044 -161 230.243011 ) 
4 175 247 (1024 -158 230.243011 ) (1024 -158 120 ) (1024 -162 120 ) (1024 -162 230.243011 ) 
4 175 176 (1024 -162 120 ) (1044 -162 120 ) (1044 -162 230.243011 ) (1024 -162 230.243011 ) 
4 176 248 (1024 -228 120 ) (1024 -228 234 ) (1024 -162 234 ) (1024 -162 120 ) 
4 177 185 (2048 -1024 760 ) (2048 -1024 504 ) (2048 -1184 504 ) (2048 -1184 760 ) 
4 177 184 (2048 -1024 3064 ) (2048 -1024 760 ) (2048 -1184 760 ) (2048 -1184 3064 ) 
4 177 178 (2816 -1184 504 ) (2656 -1184 504 ) (2656 -1024 504 ) (2816 -1024 504 ) 
4 177 179 (2592 -1184 504 ) (2432 -1184 504 ) (2432 -1024 504 ) (2592 -1024 504 ) 
4 178 181 (2816 -1184 376 ) (2656 -1184 376 ) (2656 -1024 376 ) (2816 -1024 376 ) 
4 179 183 (2592 -1184 376 ) (2432 -1184 376 ) (2432 -1024 376 ) (2592 -1024 376 ) 
4 180 181 (2816 -1024 120 ) (2816 -1184 120 ) (2816 -1184 248 ) (2816 -1024 248 ) 
4 181 182 (2656 -1024 120 ) (2656 -1184 120 ) (2656 -1184 280 ) (2656 -1024 280 ) 
4 182 183 (2592 -1024 120 ) (2592 -1184 120 ) (2592 -1184 280 ) (2592 -1024 280 ) 
4 183 186 (2048 -1024 376 ) (2048 -1024 120 ) (2048 -1184 120 ) (2048 -1184 376 ) 
4 184 185 (2048 -1184 760 ) (1944 -1184 760 ) (1944 -1024 760 ) (2048 -1024 760 ) 
4 187 201 (672 0 576 ) (544 0 576 ) (544 0 568 ) (672 0 568 ) 
4 187 192 (672 32 568 ) (672 0 568 ) (544 0 568 ) (544 32 568 ) 
4 188 197 (952 32 312 ) (952 160 312 ) (972 160 312 ) (972 32 312 ) 
4 188 189 (952 160 312 ) (952 32 312 ) (952 32 568 ) (952 160 568 ) 
4 189 198 (824 4 312 ) (824 160 312 ) (952 160 312 ) (952 4 312 ) 
4 189 192 (824 160 312 ) (824 4 312 ) (824 4 568 ) (824 160 568 ) 
4 189 191 (824 4 536 ) (824 4 312 ) (952 4 312 ) (952 4 536 ) 
4 189 190 (824 4 568 ) (824 4 536 ) (952 4 536 ) (952 4 568 ) 
4 190 205 (952 0 568 ) (824 0 568 ) (824 0 536 ) (952 0 536 ) 
4 190 192 (824 0 536 ) (824 0 568 ) (824 4 568 ) (824 4 536 ) 
4 190 191 (824 0 536 ) (824 4 536 ) (952 4 536 ) (952 0 536 ) 
4 191 210 (836 0 312 ) (936 0 312 ) (936 0 536 ) (836 0 536 ) 
4 191 209 (936 0 312 ) (952 0 312 ) (952 0 536 ) (936 0 536 ) 
4 191 214 (824 0 536 ) (824 0 312 ) (836 0 312 ) (836 0 536 ) 
4 191 198 (952 0 312 ) (824 0 312 ) (824 4 312 ) (952 4 312 ) 
4 191 192 (824 4 312 ) (824 0 312 ) (824 0 536 ) (824 4 536 ) 
4 192 233 (447 0 312 ) (449 0 312 ) (449 0 536 ) (447 0 536 ) 
4 192 232 (449 0 312 ) (824 0 312 ) (824 0 536 ) (449 0 536 ) 
4 192 236 (392 0 536 ) (392 0 312 ) (447 0 312 ) (447 0 536 ) 
4 192 226 (824 0 568 ) (392 0 568 ) (392 0 536 ) (824 0 536 ) 
4 192 198 (824 0 312 ) (392 0 312 ) (392 160 312 ) (824 160 312 ) 
4 192 195 (392 4 312 ) (392 0 312 ) (392 0 536 ) (392 4 536 ) 
4 192 194 (392 0 536 ) (392 0 568 ) (392 4 568 ) (392 4 536 ) 
4 192 193 (392 160 312 ) (392 4 312 ) (392 4 568 ) (392 160 568 ) 
4 193 198 (236 4 312 ) (236 160 312 ) (392 160 312 ) (392 4 312 ) 
4 193 196 (236 160 312 ) (236 4 312 ) (236 4 568 ) (236 160 568 ) 
4 193 195 (236 4 536 ) (236 4 312 ) (392 4 312 ) (392 4 536 ) 
4 193 194 (236 4 568 ) (236 4 536 ) (392 4 536 ) (392 4 568 ) 
4 194 227 (392 0 568 ) (236 0 568 ) (236 0 536 ) (392 0 536 ) 
4 194 196 (236 0 536 ) (236 0 568 ) (236 4 568 ) (236 4 536 ) 
4 194 195 (236 0 536 ) (236 4 536 ) (392 4 536 ) (392 0 536 ) 
4 195 236 (236 0 536 ) (236 0 312 ) (392 0 312 ) (392 0 536 ) 
4 195 198 (392 0 312 ) (236 0 312 ) (236 4 312 ) (392 4 312 ) 
4 195 196 (236 4 312 ) (236 0 312 ) (236 0 536 ) (236 4 536 ) 
4 196 236 (228 0 536 ) (228 0 312 ) (236 0 312 ) (236 0 536 ) 
4 196 231 (236 0 568 ) (228 0 568 ) (228 0 536 ) (236 0 536 ) 
4 196 198 (236 0 312 ) (228 0 312 ) (228 160 312 ) (236 160 312 ) 
4 197 200 (952 32 120 ) (952 160 120 ) (972 160 120 ) (972 32 120 ) 
4 197 199 (952 160 120 ) (952 32 120 ) (952 32 184 ) (952 160 184 ) 
4 197 198 (952 32 184 ) (952 32 312 ) (952 160 312 ) (952 160 184 ) 
4 198 256 (952 0 312 ) (228 0 312 ) (228 0 184 ) (952 0 184 ) 
4 198 199 (356 160 184 ) (952 160 184 ) (952 0 184 ) (356 0 184 ) 
4 199 268 (356 0 120 ) (952 0 120 ) (952 0 184 ) (356 0 184 ) 
4 199 200 (952 0 120 ) (356 0 120 ) (356 160 120 ) (952 160 120 ) 
4 200 268 (952 0 120 ) (356 0 120 ) (356 0 64 ) (952 0 64 ) 
4 200 255 (960 0 120 ) (952 0 120 ) (952 0 64 ) (960 0 64 ) 
4 200 251 (1004 0 120 ) (960 0 120 ) (960 0 64 ) (1004 0 64 ) 
4 201 226 (544 0 568 ) (672 0 568 ) (672 -224 568 ) (544 -224 568 ) 
4 202 250 (972 -240 312 ) (968 -240 312 ) (968 -224 312 ) (972 -224 312 ) 
4 202 204 (968 -224 312 ) (968 -240 312 ) (968 -240 568 ) (968 -224 568 ) 
4 202 203 (968 -240 568 ) (968 -240 312 ) (972 -240 312 ) (972 -240 568 ) 
4 203 250 (972 -352 312 ) (968 -352 312 ) (968 -240 312 ) (972 -240 312 ) 
4 203 220 (968 -348 380 ) (968 -348 384 ) (968 -298 384 ) (968 -298 380 ) 
4 203 219 (968 -348 384 ) (968 -348 568 ) (968 -298 568 ) (968 -298 384 ) 
4 203 224 (968 -298 312 ) (968 -348 312 ) (968 -348 380 ) (968 -298 380 ) 
4 203 225 (968 -348 312 ) (968 -352 312 ) (968 -352 568 ) (968 -348 568 ) 
4 203 216 (968 -298 380 ) (968 -298 384 ) (968 -276 384 ) (968 -276 380 ) 
4 203 215 (968 -298 384 ) (968 -298 568 ) (968 -276 568 ) (968 -276 384 ) 
4 203 217 (968 -276 312 ) (968 -298 312 ) (968 -298 380 ) (968 -276 380 ) 
4 203 204 (968 -240 312 ) (968 -276 312 ) (968 -276 568 ) (968 -240 568 ) 
4 204 254 (960 -276 312 ) (952 -276 312 ) (952 -224 312 ) (960 -224 312 ) 
4 204 250 (968 -224 312 ) (968 -276 312 ) (960 -276 312 ) (960 -224 312 ) 
4 204 216 (968 -276 380 ) (968 -276 384 ) (952 -276 384 ) (952 -276 380 ) 
4 204 215 (968 -276 384 ) (968 -276 568 ) (952 -276 568 ) (952 -276 384 ) 
4 204 217 (952 -276 312 ) (968 -276 312 ) (968 -276 380 ) (952 -276 380 ) 
4 204 209 (952 -224 312 ) (952 -276 312 ) (952 -276 536 ) (952 -224 536 ) 
4 204 208 (952 -276 536 ) (952 -276 568 ) (952 -224 568 ) (952 -224 536 ) 
4 205 226 (824 -4 568 ) (824 0 568 ) (824 0 536 ) (824 -4 536 ) 
4 205 210 (936 -4 536 ) (836 -4 536 ) (836 0 536 ) (936 0 536 ) 
4 205 209 (952 0 536 ) (952 -4 536 ) (936 -4 536 ) (936 0 536 ) 
4 205 214 (836 -4 536 ) (824 -4 536 ) (824 0 536 ) (836 0 536 ) 
4 205 206 (824 -4 568 ) (824 -4 536 ) (952 -4 536 ) (952 -4 568 ) 
4 206 226 (824 -188 568 ) (824 -4 568 ) (824 -4 536 ) (824 -188 536 ) 
4 206 210 (936 -188 536 ) (836 -188 536 ) (836 -4 536 ) (936 -4 536 ) 
4 206 209 (952 -4 536 ) (952 -188 536 ) (936 -188 536 ) (936 -4 536 ) 
4 206 214 (836 -188 536 ) (824 -188 536 ) (824 -4 536 ) (836 -4 536 ) 
4 206 207 (824 -188 568 ) (824 -188 536 ) (952 -188 536 ) (952 -188 568 ) 
4 207 226 (824 -196 568 ) (824 -188 568 ) (824 -188 536 ) (824 -196 536 ) 
4 207 210 (936 -196 536 ) (836 -196 536 ) (836 -188 536 ) (936 -188 536 ) 
4 207 209 (952 -188 536 ) (952 -196 536 ) (936 -196 536 ) (936 -188 536 ) 
4 207 214 (836 -196 536 ) (824 -196 536 ) (824 -188 536 ) (836 -188 536 ) 
4 207 208 (824 -196 568 ) (824 -196 536 ) (952 -196 536 ) (952 -196 568 ) 
4 208 226 (824 -276 536 ) (824 -276 568 ) (824 -196 568 ) (824 -196 536 ) 
4 208 215 (836 -276 536 ) (952 -276 536 ) (952 -276 568 ) (836 -276 568 ) 
4 208 218 (824 -276 568 ) (824 -276 536 ) (836 -276 536 ) (836 -276 568 ) 
4 208 211 (936 -276 536 ) (836 -276 536 ) (836 -220 536 ) (936 -220 536 ) 
4 208 210 (836 -220 536 ) (836 -196 536 ) (936 -196 536 ) (936 -220 536 ) 
4 208 209 (952 -196 536 ) (952 -276 536 ) (936 -276 536 ) (936 -196 536 ) 
4 208 214 (836 -276 536 ) (824 -276 536 ) (824 -196 536 ) (836 -196 536 ) 
4 209 256 (936 0 312 ) (952 0 312 ) (952 -276 312 ) (936 -276 312 ) 
4 209 216 (952 -276 380 ) (952 -276 384 ) (936 -276 384 ) (936 -276 380 ) 
4 209 215 (952 -276 384 ) (952 -276 536 ) (936 -276 536 ) (936 -276 384 ) 
4 209 217 (936 -276 312 ) (952 -276 312 ) (952 -276 380 ) (936 -276 380 ) 
4 209 212 (936 -276 380 ) (936 -276 384 ) (936 -220 384 ) (936 -220 380 ) 
4 209 211 (936 -276 384 ) (936 -276 536 ) (936 -220 536 ) (936 -220 384 ) 
4 209 213 (936 -220 312 ) (936 -276 312 ) (936 -276 380 ) (936 -220 380 ) 
4 209 210 (936 0 312 ) (936 -220 312 ) (936 -220 536 ) (936 0 536 ) 
4 210 256 (836 0 312 ) (936 0 312 ) (936 -220 312 ) (836 -220 312 ) 
4 210 212 (836 -220 384 ) (836 -220 380 ) (936 -220 380 ) (936 -220 384 ) 
4 210 211 (836 -220 536 ) (836 -220 384 ) (936 -220 384 ) (936 -220 536 ) 
4 210 213 (836 -220 380 ) (836 -220 312 ) (936 -220 312 ) (936 -220 380 ) 
4 210 214 (836 0 312 ) (836 -220 312 ) (836 -220 536 ) (836 0 536 ) 
4 211 215 (936 -276 384 ) (936 -276 536 ) (836 -276 536 ) (836 -276 384 ) 
4 211 214 (836 -276 384 ) (836 -276 536 ) (836 -220 536 ) (836 -220 384 ) 
4 211 212 (836 -276 384 ) (836 -220 384 ) (936 -220 384 ) (936 -276 384 ) 
4 212 216 (936 -276 380 ) (936 -276 384 ) (836 -276 384 ) (836 -276 380 ) 
4 212 213 (836 -276 380 ) (836 -220 380 ) (936 -220 380 ) (936 -276 380 ) 
4 212 214 (836 -276 380 ) (836 -276 384 ) (836 -220 384 ) (836 -220 380 ) 
4 213 256 (936 -220 312 ) (936 -276 312 ) (836 -276 312 ) (836 -220 312 ) 
4 213 217 (836 -276 312 ) (936 -276 312 ) (936 -276 380 ) (836 -276 380 ) 
4 213 214 (836 -220 312 ) (836 -276 312 ) (836 -276 380 ) (836 -220 380 ) 
4 214 256 (824 0 312 ) (836 0 312 ) (836 -276 312 ) (824 -276 312 ) 
4 214 232 (824 0 312 ) (824 -276 312 ) (824 -276 536 ) (824 0 536 ) 
4 214 218 (824 -276 536 ) (824 -276 312 ) (836 -276 312 ) (836 -276 536 ) 
4 215 219 (968 -298 384 ) (968 -298 568 ) (836 -298 568 ) (836 -298 384 ) 
4 215 218 (836 -276 568 ) (836 -276 384 ) (836 -298 384 ) (836 -298 568 ) 
4 215 216 (968 -298 384 ) (836 -298 384 ) (836 -276 384 ) (968 -276 384 ) 
4 216 222 (876 -298 384 ) (836 -298 384 ) (836 -298 380 ) (876 -298 380 ) 
4 216 221 (932 -298 384 ) (876 -298 384 ) (876 -298 380 ) (932 -298 380 ) 
4 216 220 (968 -298 380 ) (968 -298 384 ) (932 -298 384 ) (932 -298 380 ) 
4 216 217 (968 -298 380 ) (836 -298 380 ) (836 -276 380 ) (968 -276 380 ) 
4 216 218 (836 -276 384 ) (836 -276 380 ) (836 -298 380 ) (836 -298 384 ) 
4 217 256 (952 -298 312 ) (836 -298 312 ) (836 -276 312 ) (952 -276 312 ) 
4 217 254 (960 -298 312 ) (952 -298 312 ) (952 -276 312 ) (960 -276 312 ) 
4 217 250 (968 -276 312 ) (968 -298 312 ) (960 -298 312 ) (960 -276 312 ) 
4 217 224 (836 -298 312 ) (968 -298 312 ) (968 -298 380 ) (836 -298 380 ) 
4 217 218 (836 -276 380 ) (836 -276 312 ) (836 -298 312 ) (836 -298 380 ) 
4 218 256 (836 -298 312 ) (824 -298 312 ) (824 -276 312 ) (836 -276 312 ) 
4 218 232 (824 -276 312 ) (824 -298 312 ) (824 -298 536 ) (824 -276 536 ) 
4 218 226 (824 -298 536 ) (824 -298 568 ) (824 -276 568 ) (824 -276 536 ) 
4 218 223 (824 -298 384 ) (824 -298 380 ) (836 -298 380 ) (836 -298 384 ) 
4 218 219 (824 -298 568 ) (824 -298 384 ) (836 -298 384 ) (836 -298 568 ) 
4 218 224 (824 -298 380 ) (824 -298 312 ) (836 -298 312 ) (836 -298 380 ) 
4 219 232 (824 -348 384 ) (824 -348 536 ) (824 -298 536 ) (824 -298 384 ) 
4 219 226 (824 -348 536 ) (824 -348 568 ) (824 -298 568 ) (824 -298 536 ) 
4 219 223 (836 -348 384 ) (824 -348 384 ) (824 -298 384 ) (836 -298 384 ) 
4 219 222 (876 -348 384 ) (836 -348 384 ) (836 -298 384 ) (876 -298 384 ) 
4 219 221 (932 -348 384 ) (876 -348 384 ) (876 -298 384 ) (932 -298 384 ) 
4 219 220 (968 -348 384 ) (932 -348 384 ) (932 -298 384 ) (968 -298 384 ) 
4 219 225 (824 -348 568 ) (824 -348 384 ) (968 -348 384 ) (968 -348 568 ) 
4 220 224 (968 -348 380 ) (932 -348 380 ) (932 -298 380 ) (968 -298 380 ) 
4 220 225 (932 -348 380 ) (968 -348 380 ) (968 -348 384 ) (932 -348 384 ) 
4 220 221 (932 -298 380 ) (932 -348 380 ) (932 -348 384 ) (932 -298 384 ) 
4 221 222 (876 -298 380 ) (876 -348 380 ) (876 -348 384 ) (876 -298 384 ) 
4 221 224 (932 -348 380 ) (876 -348 380 ) (876 -298 380 ) (932 -298 380 ) 
4 221 225 (876 -348 380 ) (932 -348 380 ) (932 -348 384 ) (876 -348 384 ) 
4 222 224 (876 -348 380 ) (836 -348 380 ) (836 -298 380 ) (876 -298 380 ) 
4 222 225 (836 -348 380 ) (876 -348 380 ) (876 -348 384 ) (836 -348 384 ) 
4 222 223 (836 -298 380 ) (836 -348 380 ) (836 -348 384 ) (836 -298 384 ) 
4 223 232 (824 -348 380 ) (824 -348 384 ) (824 -298 384 ) (824 -298 380 ) 
4 223 224 (836 -348 380 ) (824 -348 380 ) (824 -298 380 ) (836 -298 380 ) 
4 223 225 (824 -348 384 ) (824 -348 380 ) (836 -348 380 ) (836 -348 384 ) 
4 224 256 (952 -348 312 ) (824 -348 312 ) (824 -298 312 ) (952 -298 312 ) 
4 224 254 (960 -348 312 ) (952 -348 312 ) (952 -298 312 ) (960 -298 312 ) 
4 224 250 (968 -298 312 ) (968 -348 312 ) (960 -348 312 ) (960 -298 312 ) 
4 224 232 (824 -298 312 ) (824 -348 312 ) (824 -348 380 ) (824 -298 380 ) 
4 224 225 (824 -348 380 ) (824 -348 312 ) (968 -348 312 ) (968 -348 380 ) 
4 225 256 (952 -352 312 ) (824 -352 312 ) (824 -348 312 ) (952 -348 312 ) 
4 225 254 (960 -352 312 ) (952 -352 312 ) (952 -348 312 ) (960 -348 312 ) 
4 225 250 (968 -348 312 ) (968 -352 312 ) (960 -352 312 ) (960 -348 312 ) 
4 225 232 (824 -348 312 ) (824 -352 312 ) (824 -352 536 ) (824 -348 536 ) 
4 225 226 (824 -352 536 ) (824 -352 568 ) (824 -348 568 ) (824 -348 536 ) 
4 226 233 (447 0 536 ) (449 0 536 ) (449 -91 536 ) (447 -91 536 ) 
4 226 235 (449 -93 536 ) (449 -352 536 ) (447 -352 536 ) (447 -93 536 ) 
4 226 232 (449 0 536 ) (824 0 536 ) (824 -352 536 ) (449 -352 536 ) 
4 226 236 (392 0 536 ) (447 0 536 ) (447 -352 536 ) (392 -352 536 ) 
4 226 229 (392 -188 536 ) (392 -196 536 ) (392 -196 568 ) (392 -188 568 ) 
4 226 228 (392 -4 536 ) (392 -188 536 ) (392 -188 568 ) (392 -4 568 ) 
4 226 230 (392 -196 536 ) (392 -352 536 ) (392 -352 568 ) (392 -196 568 ) 
4 226 227 (392 0 536 ) (392 -4 536 ) (392 -4 568 ) (392 0 568 ) 
4 227 236 (236 0 536 ) (392 0 536 ) (392 -4 536 ) (236 -4 536 ) 
4 227 228 (236 -4 568 ) (236 -4 536 ) (392 -4 536 ) (392 -4 568 ) 
4 227 231 (236 0 536 ) (236 -4 536 ) (236 -4 568 ) (236 0 568 ) 
4 228 236 (392 -4 536 ) (392 -188 536 ) (236 -188 536 ) (236 -4 536 ) 
4 228 231 (236 -4 536 ) (236 -188 536 ) (236 -188 568 ) (236 -4 568 ) 
4 228 229 (236 -188 568 ) (236 -188 536 ) (392 -188 536 ) (392 -188 568 ) 
4 229 236 (392 -188 536 ) (392 -196 536 ) (236 -196 536 ) (236 -188 536 ) 
4 229 230 (236 -196 568 ) (236 -196 536 ) (392 -196 536 ) (392 -196 568 ) 
4 229 231 (236 -188 536 ) (236 -196 536 ) (236 -196 568 ) (236 -188 568 ) 
4 230 236 (392 -196 536 ) (392 -352 536 ) (236 -352 536 ) (236 -196 536 ) 
4 230 231 (236 -196 536 ) (236 -352 536 ) (236 -352 568 ) (236 -196 568 ) 
4 231 237 (228 -176 568 ) (228 -16 568 ) (228 -16 536 ) (228 -176 536 ) 
4 231 236 (228 -352 536 ) (228 0 536 ) (236 0 536 ) (236 -352 536 ) 
4 232 256 (449 0 312 ) (824 0 312 ) (824 -352 312 ) (449 -352 312 ) 
4 232 234 (449 -91 312 ) (449 -93 312 ) (449 -93 484 ) (449 -91 484 ) 
4 232 233 (449 0 312 ) (449 -91 312 ) (449 -91 536 ) (449 0 536 ) 
4 232 235 (449 -93 312 ) (449 -352 312 ) (449 -352 536 ) (449 -93 536 ) 
4 233 256 (447 0 312 ) (449 0 312 ) (449 -91 312 ) (447 -91 312 ) 
4 233 234 (447 -91 484 ) (447 -91 312 ) (449 -91 312 ) (449 -91 484 ) 
4 233 236 (447 0 312 ) (447 -91 312 ) (447 -91 536 ) (447 0 536 ) 
4 234 256 (449 -91 312 ) (449 -93 312 ) (447 -93 312 ) (447 -91 312 ) 
4 234 236 (447 -91 312 ) (447 -93 312 ) (447 -93 484 ) (447 -91 484 ) 
4 234 235 (447 -93 484 ) (447 -93 312 ) (449 -93 312 ) (449 -93 484 ) 
4 235 256 (449 -93 312 ) (449 -352 312 ) (447 -352 312 ) (447 -93 312 ) 
4 235 236 (447 -93 312 ) (447 -352 312 ) (447 -352 536 ) (447 -93 536 ) 
4 236 256 (228 0 312 ) (447 0 312 ) (447 -352 312 ) (228 -352 312 ) 
4 236 238 (338 -352 496 ) (282 -352 496 ) (282 -352 384 ) (338 -352 384 ) 
4 236 237 (228 -16 312 ) (228 -176 312 ) (228 -176 536 ) (228 -16 536 ) 
4 237 257 (228 -16 312 ) (228 -176 312 ) (212 -160 312 ) (212 -32 312 ) 
4 238 239 (338 -360 496 ) (282 -360 496 ) (282 -360 384 ) (338 -360 384 ) 
4 239 240 (276 -360 568 ) (276 -360 504 ) (276 -440 504 ) (276 -440 568 ) 
4 239 241 (276 -440 384 ) (276 -616 384 ) (276 -616 568 ) (276 -440 568 ) 
4 240 241 (244 -440 568 ) (244 -440 504 ) (276 -440 504 ) (276 -440 568 ) 
4 242 249 (1012 -224 248 ) (1012 -96 248 ) (1012 -96 234 ) (1012 -224 234 ) 
4 242 246 (1012 -162 234 ) (1012 -158 234 ) (1024 -158 234 ) (1024 -162 234 ) 
4 242 243 (1012 -158 234 ) (1012 -96 234 ) (1024 -96 234 ) (1024 -158 234 ) 
4 242 248 (1024 -228 234 ) (1012 -228 234 ) (1012 -162 234 ) (1024 -162 234 ) 
4 243 249 (1012 -158 234 ) (1012 -96 234 ) (1012 -96 120 ) (1012 -158 120 ) 
4 243 246 (1024 -158 231.242996 ) (1024 -158 234 ) (1012 -158 234 ) (1012 -158 231.242996 ) 
4 243 244 (1024 -158 230.243011 ) (1024 -158 231.242996 ) (1012 -158 231.242996 ) (1012 -158 230.243011 ) 
4 243 247 (1012 -158 120 ) (1024 -158 120 ) (1024 -158 230.243011 ) (1012 -158 230.243011 ) 
3 244 249 (1012 -158 231.242996 ) (1012 -158 230.243011 ) (1012 -159 230.243011 ) 
4 244 246 (1012 -159 230.243011 ) (1024 -159 230.243011 ) (1024 -158 231.242599 ) (1012 -158 231.242599 ) 
4 244 247 (1012 -159 230.243011 ) (1012 -158 230.243011 ) (1024 -158 230.243011 ) (1024 -159 230.243011 ) 
3 245 249 (1012 -161 230.243011 ) (1012 -162 230.243011 ) (1012 -162 231.242996 ) 
4 245 248 (1024 -162 230.243011 ) (1024 -162 231.242996 ) (1012 -162 231.242996 ) (1012 -162 230.243011 ) 
4 245 247 (1024 -162 230.243011 ) (1012 -162 230.243011 ) (1012 -161 230.243011 ) (1024 -161 230.243011 ) 
4 245 246 (1024 -161 230.243011 ) (1012 -161 230.243011 ) (1012 -162 231.242188 ) (1024 -162 231.242188 ) 
6 246 249 (1012 -162 234 ) (1012 -158 234 ) (1012 -158 231.242996 ) (1012 -159 230.243011 ) (1012 -161 230.243011 ) (1012 -162 231.242996 ) 
4 246 248 (1024 -162 231.242996 ) (1024 -162 234 ) (1012 -162 234 ) (1012 -162 231.242996 ) 
4 246 247 (1012 -161 230.243011 ) (1012 -159 230.243011 ) (1024 -159 230.243011 ) (1024 -161 230.243011 ) 
4 247 249 (1012 -158 230.243011 ) (1012 -158 120 ) (1012 -162 120 ) (1012 -162 230.243011 ) 
4 247 248 (1012 -162 120 ) (1024 -162 120 ) (1024 -162 230.243011 ) (1012 -162 230.243011 ) 
4 248 249 (1012 -224 234 ) (1012 -162 234 ) (1012 -162 120 ) (1012 -224 120 ) 
16 249 253 (960 -96 184 ) (960 -101 160 ) (960 -115 139 ) (960 -136 125 ) (960 -160 120 ) (960 -184 125 ) (960 -205 139 ) (960 -219 160 ) (960 -224 184 ) (960 -219 208 ) (960 -205 229 ) (960 -184 243 ) (960 -160 248 ) (960 -136 243 ) (960 -115 229 ) (960 -101 208 ) 
4 249 251 (960 -224 120 ) (960 -96 120 ) (1004 -96 120 ) (1004 -224 120 ) 
4 249 250 (960 -224 248 ) (960 -224 120 ) (972 -224 120 ) (972 -224 248 ) 
4 250 254 (960 -352 312 ) (960 -224 312 ) (960 -224 120 ) (960 -352 120 ) 
4 250 252 (972 -352 120 ) (960 -352 120 ) (960 -240 120 ) (972 -240 120 ) 
4 250 251 (960 -240 120 ) (960 -224 120 ) (972 -224 120 ) (972 -240 120 ) 
4 251 255 (960 0 120 ) (960 0 64 ) (960 -240 64 ) (960 -240 120 ) 
4 251 252 (976 -240 120 ) (960 -240 120 ) (960 -240 64 ) (976 -240 64 ) 
4 252 255 (960 -352 64 ) (960 -352 120 ) (960 -240 120 ) (960 -240 64 ) 
6 253 269 (952 -160 120 ) (952 -184 125 ) (952 -205 139 ) (952 -219 160 ) (952 -224 184 ) (952 -160 184 ) 
6 253 268 (952 -96 184 ) (952 -101 160 ) (952 -115 139 ) (952 -136 125 ) (952 -160 120 ) (952 -160 184 ) 
9 253 256 (952 -96 184 ) (952 -224 184 ) (952 -219 208 ) (952 -205 229 ) (952 -184 243 ) (952 -160 248 ) (952 -136 243 ) (952 -115 229 ) (952 -101 208 ) 
4 254 269 (952 -224 184 ) (952 -224 120 ) (952 -352 120 ) (952 -352 184 ) 
4 254 256 (952 -352 312 ) (952 -224 312 ) (952 -224 184 ) (952 -352 184 ) 
4 254 255 (952 -352 120 ) (952 -224 120 ) (960 -224 120 ) (960 -352 120 ) 
4 255 269 (952 -352 120 ) (952 -160 120 ) (952 -160 64 ) (952 -352 64 ) 
4 255 268 (952 -160 120 ) (952 0 120 ) (952 0 64 ) (952 -160 64 ) 
4 256 269 (952 -160 184 ) (952 -352 184 ) (356 -352 184 ) (356 -160 184 ) 
4 256 268 (356 0 184 ) (952 0 184 ) (952 -160 184 ) (356 -160 184 ) 
4 256 257 (228 -16 184 ) (228 -176 184 ) (228 -176 312 ) (228 -16 312 ) 
4 257 258 (212 -70 184 ) (212 -122 184 ) (212 -122 296 ) (212 -70 296 ) 
4 258 267 (204 -112.025009 184 ) (204 -122 184 ) (204 -122 296 ) (204 -112.025009 296 ) 
4 258 259 (204 -70 184 ) (204 -112.025009 184 ) (204 -112.025009 296 ) (204 -70 296 ) 
4 259 267 (201.757004 -112.025009 184 ) (204 -112.025009 184 ) (204 -112.025009 312 ) (201.757004 -112.025009 312 ) 
4 259 264 (201.757004 -112.025009 301.816986 ) (201.757004 -112.025009 305.816986 ) (201.757004 -80.024704 305.816986 ) (201.757004 -80.024704 301.816986 ) 
4 259 261 (201.757004 -112.025009 305.816986 ) (201.757004 -112.025009 312 ) (201.757004 -80.024704 312 ) (201.757004 -80.024704 305.816986 ) 
4 259 265 (201.757004 -80.024704 184 ) (201.757004 -112.025009 184 ) (201.757004 -112.025009 301.816986 ) (201.757004 -80.024704 301.816986 ) 
4 259 260 (201.757004 -32 312 ) (201.757004 -32 184 ) (201.757004 -80.024704 184 ) (201.757004 -80.024704 312 ) 
4 260 273 (0 -80.024704 312 ) (0 -32 312 ) (0 -32 184 ) (0 -80.024704 184 ) 
4 260 270 (0 -80.024704 184 ) (0 -32 184 ) (76 -32 184 ) (76 -80.024704 184 ) 
6 260 264 (201.757004 -80.024704 301.816986 ) (201.757004 -80.024704 305.816986 ) (199 -80.024704 305.816986 ) (198 -80.024704 304.816986 ) (198 -80.024704 302.817017 ) (199 -80.024704 301.816986 ) 
3 260 263 (198 -80.024704 302.817017 ) (198 -80.024704 301.816986 ) (199 -80.024704 301.816986 ) 
3 260 262 (199 -80.024704 305.816986 ) (198 -80.024704 305.816986 ) (198 -80.024704 304.816986 ) 
4 260 261 (201.757004 -80.024704 305.816986 ) (201.757004 -80.024704 312 ) (198 -80.024704 312 ) (198 -80.024704 305.816986 ) 
4 260 265 (198 -80.024704 184 ) (201.757004 -80.024704 184 ) (201.757004 -80.024704 301.816986 ) (198 -80.024704 301.816986 ) 
4 260 266 (0 -80.024704 184 ) (198 -80.024704 184 ) (198 -80.024704 312 ) (0 -80.024704 312 ) 
4 261 267 (201.757004 -112.025009 305.816986 ) (201.757004 -112.025009 312 ) (198 -112.025009 312 ) (198 -112.025009 305.816986 ) 
4 261 264 (199 -80.024704 305.816986 ) (201.757004 -80.024704 305.816986 ) (201.757004 -112.025009 305.816986 ) (199 -112.025009 305.816986 ) 
4 261 262 (198 -112.025009 305.816986 ) (198 -80.024704 305.816986 ) (199 -80.024704 305.816986 ) (199 -112.025009 305.816986 ) 
4 261 266 (198 -80.024704 312 ) (198 -80.024704 305.816986 ) (198 -112.025009 305.816986 ) (198 -112.025009 312 ) 
3 262 267 (199 -112.025009 305.816986 ) (198 -112.025009 305.816986 ) (198 -112.025009 304.816986 ) 
4 262 264 (198 -112.025009 304.822845 ) (198 -80.024704 304.822845 ) (198.994141 -80.024704 305.816986 ) (198.994141 -112.025009 305.816986 ) 
4 262 266 (198 -80.024704 305.816986 ) (198 -80.024704 304.816986 ) (198 -112.025009 304.816986 ) (198 -112.025009 305.816986 ) 
3 263 267 (198 -112.025009 302.817017 ) (198 -112.025009 301.816986 ) (199 -112.025009 301.816986 ) 
4 263 265 (198 -112.025009 301.816986 ) (198 -80.024704 301.816986 ) (199 -80.024704 301.816986 ) (199 -112.025009 301.816986 ) 
4 263 266 (198 -80.024704 302.817017 ) (198 -80.024704 301.816986 ) (198 -112.025009 301.816986 ) (198 -112.025009 302.817017 ) 
4 263 264 (199.003616 -112.025009 301.816986 ) (199.003616 -80.024704 301.816986 ) (198 -80.024704 302.820435 ) (198 -112.025009 302.820435 ) 
6 264 267 (201.757004 -112.025009 301.816986 ) (201.757004 -112.025009 305.816986 ) (199 -112.025009 305.816986 ) (198 -112.025009 304.816986 ) (198 -112.025009 302.817017 ) (199 -112.025009 301.816986 ) 
4 264 265 (199 -80.024704 301.816986 ) (201.757004 -80.024704 301.816986 ) (201.757004 -112.025009 301.816986 ) (199 -112.025009 301.816986 ) 
4 264 266 (198 -80.024704 304.816986 ) (198 -80.024704 302.817017 ) (198 -112.025009 302.817017 ) (198 -112.025009 304.816986 ) 
4 265 267 (198 -112.025009 184 ) (201.757004 -112.025009 184 ) (201.757004 -112.025009 301.816986 ) (198 -112.025009 301.816986 ) 
4 265 266 (198 -80.024704 301.816986 ) (198 -80.024704 184 ) (198 -112.025009 184 ) (198 -112.025009 301.816986 ) 
4 266 273 (0 -112.025009 312 ) (0 -80.024704 312 ) (0 -80.024704 184 ) (0 -112.025009 184 ) 
4 266 270 (76 -112.025009 184 ) (0 -112.025009 184 ) (0 -80.024704 184 ) (76 -80.024704 184 ) 
4 266 267 (0 -112.025009 184 ) (198 -112.025009 184 ) (198 -112.025009 312 ) (0 -112.025009 312 ) 
4 267 274 (0 -239.975021 312 ) (0 -207.975021 312 ) (0 -207.975021 184 ) (0 -239.975021 184 ) 
4 267 280 (0 -288 312 ) (0 -239.975021 312 ) (0 -239.975021 184 ) (0 -288 184 ) 
4 267 273 (0 -207.975021 312 ) (0 -112.025009 312 ) (0 -112.025009 184 ) (0 -207.975021 184 ) 
4 267 270 (0 -160 184 ) (0 -112.025009 184 ) (76 -112.025009 184 ) (76 -160 184 ) 
4 268 269 (356 -160 64 ) (952 -160 64 ) (952 -160 184 ) (356 -160 184 ) 
4 270 299 (0 -32 168 ) (0 -32 56 ) (0 -160 56 ) (0 -160 168 ) 
4 270 285 (0 -160 184 ) (0 -32 184 ) (0 -32 168 ) (0 -160 168 ) 
4 271 272 (-180 -296 696 ) (-180 -296 320 ) (-52 -296 320 ) (-52 -296 696 ) 
4 272 284 (-180 -416 312 ) (-180 -296 312 ) (-116 -296 312 ) (-116 -416 312 ) 
4 272 282 (-116 -296 312 ) (-52 -296 312 ) (-52 -416 312 ) (-116 -416 312 ) 
4 273 285 (0 -32 184 ) (0 -160 184 ) (-308 -160 184 ) (-308 -32 184 ) 
6 273 278 (-302 -207.975021 302.817017 ) (-302 -207.975021 304.828430 ) (-302.988556 -207.975021 305.816986 ) (-305.757019 -207.975021 305.816986 ) (-305.757019 -207.975021 301.816986 ) (-303 -207.975021 301.816986 ) 
3 273 277 (-302 -207.975021 301.816986 ) (-302 -207.975021 302.817017 ) (-303 -207.975021 301.816986 ) 
3 273 276 (-302 -207.975021 304.828430 ) (-302 -207.975021 305.816986 ) (-302.988556 -207.975021 305.816986 ) 
4 273 275 (-302 -207.975021 305.816986 ) (-302 -207.975021 312 ) (-305.757019 -207.975021 312 ) (-305.757019 -207.975021 305.816986 ) 
4 273 279 (-305.757019 -207.975021 184 ) (-302 -207.975021 184 ) (-302 -207.975021 301.816986 ) (-305.757019 -207.975021 301.816986 ) 
4 273 274 (-302 -207.975021 184 ) (0 -207.975021 184 ) (0 -207.975021 312 ) (-302 -207.975021 312 ) 
4 273 281 (-308 -207.975021 312 ) (-308 -207.975021 184 ) (-305.757019 -207.975021 184 ) (-305.757019 -207.975021 312 ) 
4 274 278 (-302 -207.975021 304.828430 ) (-302 -207.975021 302.817017 ) (-302 -239.975021 302.817017 ) (-302 -239.975021 304.828430 ) 
4 274 277 (-302 -207.975021 302.817017 ) (-302 -207.975021 301.816986 ) (-302 -239.975021 301.816986 ) (-302 -239.975021 302.817017 ) 
4 274 276 (-302 -207.975021 305.816986 ) (-302 -207.975021 304.828430 ) (-302 -239.975021 304.828430 ) (-302 -239.975021 305.816986 ) 
4 274 275 (-302 -207.975021 312 ) (-302 -207.975021 305.816986 ) (-302 -239.975021 305.816986 ) (-302 -239.975021 312 ) 
4 274 279 (-302 -207.975021 301.816986 ) (-302 -207.975021 184 ) (-302 -239.975021 184 ) (-302 -239.975021 301.816986 ) 
4 274 280 (-302 -239.975021 184 ) (0 -239.975021 184 ) (0 -239.975021 312 ) (-302 -239.975021 312 ) 
4 275 278 (-302.988556 -239.975021 305.816986 ) (-305.757019 -239.975021 305.816986 ) (-305.757019 -207.975021 305.816986 ) (-302.988556 -207.975021 305.816986 ) 
4 275 276 (-302 -207.975021 305.816986 ) (-302 -239.975021 305.816986 ) (-302.988556 -239.975021 305.816986 ) (-302.988556 -207.975021 305.816986 ) 
4 275 280 (-305.757019 -239.975021 312 ) (-305.757019 -239.975021 305.816986 ) (-302 -239.975021 305.816986 ) (-302 -239.975021 312 ) 
4 275 281 (-305.757019 -207.975021 312 ) (-305.757019 -207.975021 305.816986 ) (-305.757019 -239.975021 305.816986 ) (-305.757019 -239.975021 312 ) 
4 276 278 (-302 -207.975021 304.828705 ) (-302 -239.975021 304.828705 ) (-302.988281 -239.975021 305.816986 ) (-302.988281 -207.975021 305.816986 ) 
3 276 280 (-302 -239.975021 304.828430 ) (-302 -239.975021 305.816986 ) (-302.988556 -239.975021 305.816986 ) 
4 277 279 (-302 -207.975021 301.816986 ) (-302 -239.975021 301.816986 ) (-303 -239.975021 301.816986 ) (-303 -207.975021 301.816986 ) 
3 277 280 (-303 -239.975021 301.816986 ) (-302 -239.975021 301.816986 ) (-302 -239.975021 302.817017 ) 
4 277 278 (-303.003632 -207.975021 301.816986 ) (-303.003632 -239.975021 301.816986 ) (-302 -239.975021 302.820465 ) (-302 -207.975021 302.820465 ) 
4 278 279 (-303 -239.975021 301.816986 ) (-305.757019 -239.975021 301.816986 ) (-305.757019 -207.975021 301.816986 ) (-303 -207.975021 301.816986 ) 
6 278 280 (-305.757019 -239.975021 305.816986 ) (-305.757019 -239.975021 301.816986 ) (-303 -239.975021 301.816986 ) (-302 -239.975021 302.817017 ) (-302 -239.975021 304.828430 ) (-302.988556 -239.975021 305.816986 ) 
4 278 281 (-305.757019 -207.975021 305.816986 ) (-305.757019 -207.975021 301.816986 ) (-305.757019 -239.975021 301.816986 ) (-305.757019 -239.975021 305.816986 ) 
4 279 281 (-305.757019 -207.975021 301.816986 ) (-305.757019 -207.975021 184 ) (-305.757019 -239.975021 184 ) (-305.757019 -239.975021 301.816986 ) 
4 279 280 (-305.757019 -239.975021 301.816986 ) (-305.757019 -239.975021 184 ) (-302 -239.975021 184 ) (-302 -239.975021 301.816986 ) 
4 280 283 (-180 -288 184 ) (-116 -288 184 ) (-116 -288 312 ) (-180 -288 312 ) 
4 280 282 (-116 -288 184 ) (-52 -288 184 ) (-52 -288 312 ) (-116 -288 312 ) 
4 280 281 (-305.757019 -239.975021 184 ) (-305.757019 -288 184 ) (-305.757019 -288 312 ) (-305.757019 -239.975021 312 ) 
4 282 283 (-116 -288 312 ) (-116 -288 184 ) (-116 -291 184 ) (-116 -291 312 ) 
4 282 284 (-116 -293 184 ) (-116 -416 184 ) (-116 -416 312 ) (-116 -293 312 ) 
4 285 299 (0 -160 168 ) (-308 -160 168 ) (-308 -32 168 ) (0 -32 168 ) 
4 286 301 (-324 -160 168 ) (-326.265015 -160 168 ) (-326.265015 -32 168 ) (-324 -32 168 ) 
4 286 291 (-326.265015 -112.025009 172.714020 ) (-326.265015 -112.025009 176.714020 ) (-326.265015 -79.975304 176.714020 ) (-326.265015 -79.975304 172.714020 ) 
4 286 288 (-326.265015 -112.025009 176.714020 ) (-326.265015 -112.025009 184 ) (-326.265015 -79.975304 184 ) (-326.265015 -79.975304 176.714020 ) 
4 286 296 (-326.265015 -79.975304 168 ) (-326.265015 -112.025009 168 ) (-326.265015 -112.025009 172.714020 ) (-326.265015 -79.975304 172.714020 ) 
4 286 287 (-326.265015 -32 184 ) (-326.265015 -32 168 ) (-326.265015 -79.975304 168 ) (-326.265015 -79.975304 184 ) 
4 286 298 (-326.265015 -112.025009 168 ) (-326.265015 -160 168 ) (-326.265015 -160 184 ) (-326.265015 -112.025009 184 ) 
4 287 301 (-561.734985 -32 168 ) (-326.265015 -32 168 ) (-326.265015 -79.975304 168 ) (-561.734985 -79.975304 168 ) 
6 287 295 (-561.734985 -79.975304 176.714020 ) (-561.734985 -79.975304 172.714020 ) (-558.970032 -79.975304 172.714020 ) (-557.971069 -79.975304 173.712967 ) (-557.971069 -79.975304 175.715073 ) (-558.970032 -79.975304 176.714020 ) 
3 287 294 (-558.970032 -79.975304 172.714020 ) (-557.971069 -79.975304 172.714020 ) (-557.971069 -79.975304 173.712967 ) 
3 287 293 (-557.971069 -79.975304 175.715073 ) (-557.971069 -79.975304 176.714020 ) (-558.970032 -79.975304 176.714020 ) 
6 287 291 (-329.029999 -79.975304 172.714020 ) (-326.265015 -79.975304 172.714020 ) (-326.265015 -79.975304 176.714020 ) (-329.029968 -79.975304 176.714020 ) (-330.028992 -79.975304 175.714996 ) (-330.028992 -79.975304 173.713013 ) 
3 287 290 (-330.028992 -79.975304 172.714020 ) (-329.029999 -79.975304 172.714020 ) (-330.028992 -79.975304 173.713013 ) 
3 287 289 (-329.029968 -79.975304 176.714020 ) (-330.028992 -79.975304 176.714020 ) (-330.028992 -79.975304 175.714996 ) 
4 287 292 (-557.971069 -79.975304 172.714020 ) (-330.028992 -79.975304 172.714020 ) (-330.028992 -79.975304 176.714020 ) (-557.971069 -79.975304 176.714020 ) 
4 287 288 (-561.734985 -79.975304 184 ) (-561.734985 -79.975304 176.714020 ) (-326.265015 -79.975304 176.714020 ) (-326.265015 -79.975304 184 ) 
4 287 296 (-561.734985 -79.975304 172.714020 ) (-561.734985 -79.975304 168 ) (-326.265015 -79.975304 168 ) (-326.265015 -79.975304 172.714020 ) 
4 287 297 (-561.734985 -32 184 ) (-561.734985 -32 168 ) (-561.734985 -79.975304 168 ) (-561.734985 -79.975304 184 ) 
4 288 295 (-558.970032 -112.025009 176.714020 ) (-561.734985 -112.025009 176.714020 ) (-561.734985 -79.975304 176.714020 ) (-558.970032 -79.975304 176.714020 ) 
4 288 293 (-557.971069 -112.025009 176.714020 ) (-558.970032 -112.025009 176.714020 ) (-558.970032 -79.975304 176.714020 ) (-557.971069 -79.975304 176.714020 ) 
4 288 291 (-326.265015 -112.025009 176.714020 ) (-329.029968 -112.025009 176.714020 ) (-329.029968 -79.975304 176.714020 ) (-326.265015 -79.975304 176.714020 ) 
4 288 289 (-329.029968 -112.025009 176.714020 ) (-330.028992 -112.025009 176.714020 ) (-330.028992 -79.975304 176.714020 ) (-329.029968 -79.975304 176.714020 ) 
4 288 292 (-330.028992 -112.025009 176.714020 ) (-557.971069 -112.025009 176.714020 ) (-557.971069 -79.975304 176.714020 ) (-330.028992 -79.975304 176.714020 ) 
4 288 297 (-561.734985 -112.025009 176.714020 ) (-561.734985 -112.025009 184 ) (-561.734985 -79.975304 184 ) (-561.734985 -79.975304 176.714020 ) 
4 288 298 (-326.265015 -112.025009 176.714020 ) (-326.265015 -112.025009 184 ) (-561.734985 -112.025009 184 ) (-561.734985 -112.025009 176.714020 ) 
4 289 291 (-330.028992 -112.025009 175.714844 ) (-330.028992 -79.975304 175.714844 ) (-329.028564 -79.975304 176.714020 ) (-329.028564 -112.025009 176.714020 ) 
4 289 292 (-330.028992 -112.025009 175.714996 ) (-330.028992 -112.025009 176.714020 ) (-330.028992 -79.975304 176.714020 ) (-330.028992 -79.975304 175.714996 ) 
3 289 298 (-329.029968 -112.025009 176.714020 ) (-330.028992 -112.025009 176.714020 ) (-330.028992 -112.025009 175.714996 ) 
4 290 296 (-329.029999 -112.025009 172.714020 ) (-330.028992 -112.025009 172.714020 ) (-330.028992 -79.975304 172.714020 ) (-329.029999 -79.975304 172.714020 ) 
3 290 298 (-330.028992 -112.025009 173.713013 ) (-330.028992 -112.025009 172.714020 ) (-329.029999 -112.025009 172.714020 ) 
4 290 292 (-330.028992 -79.975304 172.714020 ) (-330.028992 -112.025009 172.714020 ) (-330.028992 -112.025009 173.713013 ) (-330.028992 -79.975304 173.713013 ) 
4 290 291 (-329.026917 -112.025009 172.714020 ) (-329.026917 -79.975304 172.714020 ) (-330.028992 -79.975304 173.715668 ) (-330.028992 -112.025009 173.715668 ) 
4 291 296 (-326.265015 -112.025009 172.714020 ) (-329.029999 -112.025009 172.714020 ) (-329.029999 -79.975304 172.714020 ) (-326.265015 -79.975304 172.714020 ) 
6 291 298 (-326.265015 -112.025009 172.714020 ) (-326.265015 -112.025009 176.714020 ) (-329.029968 -112.025009 176.714020 ) (-330.028992 -112.025009 175.714996 ) (-330.028992 -112.025009 173.713013 ) (-329.029999 -112.025009 172.714020 ) 
4 291 292 (-330.028992 -112.025009 173.713013 ) (-330.028992 -112.025009 175.714996 ) (-330.028992 -79.975304 175.714996 ) (-330.028992 -79.975304 173.713013 ) 
4 292 295 (-557.971069 -112.025009 173.712967 ) (-557.971069 -112.025009 175.715073 ) (-557.971069 -79.975304 175.715073 ) (-557.971069 -79.975304 173.712967 ) 
4 292 294 (-557.971069 -79.975304 172.714020 ) (-557.971069 -112.025009 172.714020 ) (-557.971069 -112.025009 173.712967 ) (-557.971069 -79.975304 173.712967 ) 
4 292 293 (-557.971069 -112.025009 175.715073 ) (-557.971069 -112.025009 176.714020 ) (-557.971069 -79.975304 176.714020 ) (-557.971069 -79.975304 175.715073 ) 
4 292 296 (-330.028992 -112.025009 172.714020 ) (-557.971069 -112.025009 172.714020 ) (-557.971069 -79.975304 172.714020 ) (-330.028992 -79.975304 172.714020 ) 
4 292 298 (-330.028992 -112.025009 176.714020 ) (-557.971069 -112.025009 176.714020 ) (-557.971069 -112.025009 172.714020 ) (-330.028992 -112.025009 172.714020 ) 
4 293 295 (-557.971069 -79.975304 175.714844 ) (-557.971069 -112.025009 175.714844 ) (-558.971436 -112.025009 176.714020 ) (-558.971436 -79.975304 176.714020 ) 
3 293 298 (-557.971069 -112.025009 176.714020 ) (-558.970032 -112.025009 176.714020 ) (-557.971069 -112.025009 175.715073 ) 
3 294 298 (-558.970032 -112.025009 172.714020 ) (-557.971069 -112.025009 172.714020 ) (-557.971069 -112.025009 173.712967 ) 
4 294 296 (-557.971069 -112.025009 172.714020 ) (-558.970032 -112.025009 172.714020 ) (-558.970032 -79.975304 172.714020 ) (-557.971069 -79.975304 172.714020 ) 
4 294 295 (-558.973022 -79.975304 172.714020 ) (-558.973022 -112.025009 172.714020 ) (-557.971069 -112.025009 173.715637 ) (-557.971069 -79.975304 173.715637 ) 
6 295 298 (-558.970032 -112.025009 176.714020 ) (-561.734985 -112.025009 176.714020 ) (-561.734985 -112.025009 172.714020 ) (-558.970032 -112.025009 172.714020 ) (-557.971069 -112.025009 173.712967 ) (-557.971069 -112.025009 175.715073 ) 
4 295 297 (-561.734985 -112.025009 172.714020 ) (-561.734985 -112.025009 176.714020 ) (-561.734985 -79.975304 176.714020 ) (-561.734985 -79.975304 172.714020 ) 
4 295 296 (-558.970032 -112.025009 172.714020 ) (-561.734985 -112.025009 172.714020 ) (-561.734985 -79.975304 172.714020 ) (-558.970032 -79.975304 172.714020 ) 
4 296 301 (-326.265015 -79.975304 168 ) (-326.265015 -112.025009 168 ) (-561.734985 -112.025009 168 ) (-561.734985 -79.975304 168 ) 
4 296 298 (-561.734985 -112.025009 168 ) (-326.265015 -112.025009 168 ) (-326.265015 -112.025009 172.714020 ) (-561.734985 -112.025009 172.714020 ) 
4 296 297 (-561.734985 -79.975304 168 ) (-561.734985 -112.025009 168 ) (-561.734985 -112.025009 172.714020 ) (-561.734985 -79.975304 172.714020 ) 
4 297 301 (-564 -112.025009 168 ) (-564 -32 168 ) (-561.734985 -32 168 ) (-561.734985 -112.025009 168 ) 
4 297 298 (-564 -112.025009 184 ) (-564 -112.025009 168 ) (-561.734985 -112.025009 168 ) (-561.734985 -112.025009 184 ) 
4 298 301 (-326.265015 -160 168 ) (-564 -160 168 ) (-564 -112.025009 168 ) (-326.265015 -112.025009 168 ) 
4 299 300 (-308 -124 168 ) (-308 -68 168 ) (-308 -68 56 ) (-308 -124 56 ) 
4 300 301 (-324 -124 168 ) (-324 -68 168 ) (-324 -68 56 ) (-324 -124 56 ) 
4 301 302 (-564 -124 168 ) (-564 -68 168 ) (-564 -68 56 ) (-564 -124 56 ) 
