PRT1
134
259
4 0 1 (-640 5120 -256 ) (-640 5120 128 ) (-1024 5120 128 ) (-1024 5120 -256 ) 
4 1 2 (-640 4096 -256 ) (-640 4096 128 ) (-1024 4096 128 ) (-1024 4096 -256 ) 
4 2 7 (-1024 3264 128 ) (-1024 3264 64 ) (-1008 3264 64 ) (-1008 3264 128 ) 
4 2 5 (-928 3264 -256 ) (-736 3264 -256 ) (-736 3264 112 ) (-928 3264 112 ) 
4 2 4 (-736 3264 -256 ) (-656 3264 -256 ) (-656 3264 128 ) (-736 3264 128 ) 
4 2 6 (-1008 3264 -256 ) (-928 3264 -256 ) (-928 3264 128 ) (-1008 3264 128 ) 
4 2 3 (-640 3264 64 ) (-640 3264 128 ) (-656 3264 128 ) (-656 3264 64 ) 
4 3 10 (-640 3072 64 ) (-640 3072 128 ) (-656 3072 128 ) (-656 3072 64 ) 
4 3 4 (-656 3264 128 ) (-656 3264 64 ) (-656 3072 64 ) (-656 3072 128 ) 
4 4 11 (-736 3072 -256 ) (-656 3072 -256 ) (-656 3072 128 ) (-736 3072 128 ) 
4 4 5 (-736 3264 -256 ) (-736 3072 -256 ) (-736 3072 112 ) (-736 3264 112 ) 
4 5 12 (-928 3072 -256 ) (-736 3072 -256 ) (-736 3072 112 ) (-928 3072 112 ) 
4 5 6 (-928 3264 -256 ) (-928 3072 -256 ) (-928 3072 112 ) (-928 3264 112 ) 
4 6 13 (-1008 3072 128 ) (-1008 3072 -256 ) (-928 3072 -256 ) (-928 3072 128 ) 
4 6 7 (-1008 3264 128 ) (-1008 3264 64 ) (-1008 3072 64 ) (-1008 3072 128 ) 
4 7 14 (-1024 3072 128 ) (-1024 3072 64 ) (-1008 3072 64 ) (-1008 3072 128 ) 
4 8 50 (-2048 3072 -208 ) (-2048 3072 -128 ) (-2048 3104 -128 ) (-2048 3104 -208 ) 
4 8 41 (-1936 3072 -128 ) (-2048 3072 -128 ) (-2048 3072 -208 ) (-1936 3072 -208 ) 
4 8 9 (-2048 3104 -208 ) (-1936 3104 -208 ) (-1936 3072 -208 ) (-2048 3072 -208 ) 
4 9 50 (-2048 3072 -320 ) (-2048 3072 -208 ) (-2048 3104 -208 ) (-2048 3104 -320 ) 
4 9 41 (-1936 3072 -208 ) (-2048 3072 -208 ) (-2048 3072 -320 ) (-1936 3072 -320 ) 
4 10 15 (-640 3008 64 ) (-640 3008 128 ) (-656 3008 128 ) (-656 3008 64 ) 
4 10 11 (-656 3072 128 ) (-656 3072 64 ) (-656 3008 64 ) (-656 3008 128 ) 
4 11 15 (-736 3008 -256 ) (-656 3008 -256 ) (-656 3008 128 ) (-736 3008 128 ) 
4 11 12 (-736 3072 -256 ) (-736 3008 -256 ) (-736 3008 112 ) (-736 3072 112 ) 
4 12 15 (-928 3008 -256 ) (-736 3008 -256 ) (-736 3008 112 ) (-928 3008 112 ) 
4 12 13 (-928 3072 -256 ) (-928 3008 -256 ) (-928 3008 112 ) (-928 3072 112 ) 
4 13 15 (-1008 3008 -256 ) (-928 3008 -256 ) (-928 3008 128 ) (-1008 3008 128 ) 
4 13 14 (-1008 3008 64 ) (-1008 3008 128 ) (-1008 3072 128 ) (-1008 3072 64 ) 
4 14 15 (-1024 3008 128 ) (-1024 3008 64 ) (-1008 3008 64 ) (-1008 3008 128 ) 
4 15 21 (-1008 2496 128 ) (-1024 2496 128 ) (-1024 2496 64 ) (-1008 2496 64 ) 
4 15 18 (-928 2496 112 ) (-928 2496 -256 ) (-736 2496 -256 ) (-736 2496 112 ) 
4 15 17 (-656 2496 128 ) (-736 2496 128 ) (-736 2496 -256 ) (-656 2496 -256 ) 
4 15 19 (-928 2496 128 ) (-1008 2496 128 ) (-1008 2496 -256 ) (-928 2496 -256 ) 
4 15 16 (-640 2496 64 ) (-640 2496 128 ) (-656 2496 128 ) (-656 2496 64 ) 
4 16 17 (-656 2240 64 ) (-656 2240 128 ) (-656 2496 128 ) (-656 2496 64 ) 
4 16 20 (-640 2240 64 ) (-640 2240 128 ) (-656 2240 128 ) (-656 2240 64 ) 
4 17 18 (-736 2496 -256 ) (-736 2240 -256 ) (-736 2240 112 ) (-736 2496 112 ) 
4 17 20 (-736 2240 -256 ) (-656 2240 -256 ) (-656 2240 128 ) (-736 2240 128 ) 
4 18 20 (-928 2240 -256 ) (-736 2240 -256 ) (-736 2240 112 ) (-928 2240 112 ) 
4 18 19 (-928 2496 -256 ) (-928 2240 -256 ) (-928 2240 112 ) (-928 2496 112 ) 
4 19 21 (-1008 2240 64 ) (-1008 2240 128 ) (-1008 2496 128 ) (-1008 2496 64 ) 
4 19 20 (-1008 2240 128 ) (-1008 2240 -256 ) (-928 2240 -256 ) (-928 2240 128 ) 
4 20 107 (-640 2048 -256 ) (-640 2048 -192 ) (-1008 2048 -192 ) (-1008 2048 -256 ) 
4 20 106 (-640 2048 -192 ) (-640 2048 128 ) (-1008 2048 128 ) (-1008 2048 -192 ) 
4 20 22 (-1008 2048 -192 ) (-1008 2048 128 ) (-1008 2240 128 ) (-1008 2240 -192 ) 
4 22 106 (-1008 2048 128 ) (-1024 2048 128 ) (-1024 2048 -192 ) (-1008 2048 -192 ) 
4 22 35 (-1024 2048 -192 ) (-1024 2048 -64 ) (-1024 2224 -64 ) (-1024 2224 -192 ) 
4 22 31 (-1024 2048 -64 ) (-1024 2048 0 ) (-1024 2224 0 ) (-1024 2224 -64 ) 
4 22 30 (-1024 2048 0 ) (-1024 2048 128 ) (-1024 2224 128 ) (-1024 2224 0 ) 
4 23 60 (-2048 2304 0 ) (-2048 2240 0 ) (-2048 2240 16 ) (-2048 2304 16 ) 
4 23 34 (-2048 2240 16 ) (-2048 2240 0 ) (-1936 2240 0 ) (-1936 2240 16 ) 
4 23 28 (-1936 2240 0 ) (-1952 2240 0 ) (-1952 2304 0 ) (-1936 2304 0 ) 
4 23 29 (-1952 2240 0 ) (-2048 2240 0 ) (-2048 2304 0 ) (-1952 2304 0 ) 
4 24 56 (-2048 2832 -64 ) (-2048 2704 -64 ) (-2048 2704 0 ) (-2048 2832 0 ) 
4 24 45 (-2048 2704 -64 ) (-2048 2832 -64 ) (-1936 2832 -64 ) (-1936 2704 -64 ) 
4 25 57 (-2048 2688 -64 ) (-2048 2568 -64 ) (-2048 2568 0 ) (-2048 2688 0 ) 
4 25 45 (-2048 2568 -64 ) (-2048 2688 -64 ) (-1936 2688 -64 ) (-1936 2568 -64 ) 
4 26 58 (-2048 2552 -64 ) (-2048 2432 -64 ) (-2048 2432 0 ) (-2048 2552 0 ) 
4 26 46 (-2048 2432 -64 ) (-2048 2448 -64 ) (-1936 2448 -64 ) (-1936 2432 -64 ) 
4 26 45 (-2048 2448 -64 ) (-2048 2552 -64 ) (-1936 2552 -64 ) (-1936 2448 -64 ) 
4 27 59 (-2048 2416 -64 ) (-2048 2320 -64 ) (-2048 2320 0 ) (-2048 2416 0 ) 
4 27 46 (-2048 2320 -64 ) (-2048 2416 -64 ) (-1936 2416 -64 ) (-1936 2320 -64 ) 
4 28 34 (-1936 2240 -48 ) (-1936 2240 0 ) (-1952 2240 0 ) (-1952 2240 -48 ) 
4 28 29 (-1952 2304 0 ) (-1952 2304 -48 ) (-1952 2240 -48 ) (-1952 2240 0 ) 
4 29 60 (-2048 2240 -48 ) (-2048 2240 0 ) (-2048 2304 0 ) (-2048 2304 -48 ) 
4 29 49 (-1952 2240 -64 ) (-2048 2240 -64 ) (-2048 2304 -64 ) (-1952 2304 -64 ) 
4 29 34 (-2048 2240 0 ) (-2048 2240 -64 ) (-1952 2240 -64 ) (-1952 2240 0 ) 
4 30 114 (-1024 2048 0 ) (-1024 2048 128 ) (-1088 2048 128 ) (-1152 2048 0 ) 
4 30 31 (-1024 2048 0 ) (-1152 2048 0 ) (-1152 2224 0 ) (-1024 2224 0 ) 
4 31 115 (-1024 2048 -64 ) (-1024 2048 0 ) (-1280 2048 0 ) (-1280 2048 -64 ) 
4 31 35 (-1024 2224 -64 ) (-1024 2048 -64 ) (-1280 2048 -64 ) (-1280 2224 -64 ) 
3 32 38 (-1936 2112 -64 ) (-1936 2176 -64 ) (-1872 2112 -64 ) 
4 32 33 (-1936 2112 16 ) (-1936 2112 -64 ) (-1872 2112 -64 ) (-1872 2112 16 ) 
4 32 34 (-1936 2112 16 ) (-1936 2176 16 ) (-1936 2176 -64 ) (-1936 2112 -64 ) 
4 33 119 (-1936 2048 -64 ) (-1360 2048 -64 ) (-1360 2048 16 ) (-1936 2048 16 ) 
4 33 39 (-1360 2048 -64 ) (-1936 2048 -64 ) (-1936 2112 -64 ) (-1360 2112 -64 ) 
4 33 34 (-1936 2048 16 ) (-1936 2112 16 ) (-1936 2112 -64 ) (-1936 2048 -64 ) 
4 34 119 (-2048 2048 16 ) (-2048 2048 -64 ) (-1936 2048 -64 ) (-1936 2048 16 ) 
4 34 61 (-2048 2048 -64 ) (-2048 2048 -48 ) (-2048 2240 -48 ) (-2048 2240 -64 ) 
4 34 60 (-2048 2048 -48 ) (-2048 2048 16 ) (-2048 2240 16 ) (-2048 2240 -48 ) 
4 34 48 (-1936 2048 -64 ) (-1952 2048 -64 ) (-1952 2240 -64 ) (-1936 2240 -64 ) 
4 34 49 (-1952 2048 -64 ) (-2048 2048 -64 ) (-2048 2240 -64 ) (-1952 2240 -64 ) 
4 35 116 (-1024 2048 -192 ) (-1024 2048 -64 ) (-1280 2048 -64 ) (-1280 2048 -192 ) 
4 35 36 (-1280 2104 -192 ) (-1280 2048 -192 ) (-1280 2048 -64 ) (-1280 2104 -64 ) 
4 36 117 (-1280 2048 -64 ) (-1344 2048 -64 ) (-1344 2048 -192 ) (-1280 2048 -192 ) 
4 36 37 (-1344 2064 -192 ) (-1344 2048 -192 ) (-1344 2048 -64 ) (-1344 2064 -64 ) 
4 37 118 (-1344 2048 -64 ) (-1360 2048 -64 ) (-1360 2048 -192 ) (-1344 2048 -192 ) 
4 37 39 (-1360 2064 -192 ) (-1360 2048 -192 ) (-1360 2048 -64 ) (-1360 2064 -64 ) 
4 38 48 (-1936 2112 -64 ) (-1936 2176 -64 ) (-1936 2176 -192 ) (-1936 2112 -192 ) 
4 38 39 (-1936 2112 -64 ) (-1936 2112 -192 ) (-1872 2112 -192 ) (-1872 2112 -64 ) 
4 39 119 (-1360 2048 -64 ) (-1936 2048 -64 ) (-1936 2048 -192 ) (-1360 2048 -192 ) 
4 39 48 (-1936 2048 -192 ) (-1936 2048 -64 ) (-1936 2112 -64 ) (-1936 2112 -192 ) 
4 40 41 (-1936 3012 -208 ) (-1936 3068 -208 ) (-1936 3068 -320 ) (-1936 3012 -320 ) 
4 41 63 (-2048 2976 -320 ) (-2048 2976 -128 ) (-2048 3072 -128 ) (-2048 3072 -320 ) 
4 41 42 (-1980 2976 -208 ) (-2036 2976 -208 ) (-2036 2976 -320 ) (-1980 2976 -320 ) 
4 42 43 (-1980 2960 -208 ) (-2036 2960 -208 ) (-2036 2960 -320 ) (-1980 2960 -320 ) 
4 43 65 (-2048 2848 -320 ) (-2048 2848 -128 ) (-2048 2960 -192 ) (-2048 2960 -320 ) 
4 43 44 (-2048 2848 -144 ) (-2048 2848 -320 ) (-1952 2848 -320 ) (-1952 2848 -144 ) 
4 44 66 (-2048 2848 -144 ) (-2048 2848 -320 ) (-2048 2832 -320 ) (-2048 2832 -144 ) 
4 44 45 (-2048 2832 -320 ) (-1952 2832 -320 ) (-1952 2832 -144 ) (-2048 2832 -144 ) 
4 45 70 (-2048 2832 -192 ) (-2048 2832 -320 ) (-2048 2448 -320 ) (-2048 2448 -192 ) 
4 45 68 (-2048 2832 -80 ) (-2048 2832 -192 ) (-2048 2448 -192 ) (-2048 2448 -80 ) 
4 45 67 (-2048 2448 -64 ) (-2048 2832 -64 ) (-2048 2832 -80 ) (-2048 2448 -80 ) 
4 45 46 (-1936 2448 -192 ) (-1936 2448 -64 ) (-2048 2448 -64 ) (-2048 2448 -192 ) 
4 46 68 (-2048 2320 -192 ) (-2048 2320 -80 ) (-2048 2448 -80 ) (-2048 2448 -192 ) 
4 46 67 (-2048 2320 -80 ) (-2048 2320 -64 ) (-2048 2448 -64 ) (-2048 2448 -80 ) 
4 46 47 (-1972 2320 -80 ) (-2028 2320 -80 ) (-2028 2320 -192 ) (-1972 2320 -192 ) 
4 47 49 (-2028 2304 -192 ) (-1972 2304 -192 ) (-1972 2304 -80 ) (-2028 2304 -80 ) 
4 48 119 (-1936 2048 -192 ) (-1936 2048 -64 ) (-1952 2048 -64 ) (-1952 2048 -192 ) 
4 48 49 (-1952 2240 -192 ) (-1952 2048 -192 ) (-1952 2048 -64 ) (-1952 2240 -64 ) 
4 49 119 (-1952 2048 -64 ) (-2048 2048 -64 ) (-2048 2048 -192 ) (-1952 2048 -192 ) 
4 49 69 (-2048 2048 -192 ) (-2048 2048 -64 ) (-2048 2240 -64 ) (-2048 2240 -192 ) 
4 50 63 (-2048 3072 -320 ) (-2048 3072 -128 ) (-2448 3072 -128 ) (-2448 3072 -320 ) 
4 51 53 (-2640 3088 -336 ) (-2464 3088 -336 ) (-2464 3088 -128 ) (-2640 3088 -128 ) 
4 52 53 (-2640 3088 -192 ) (-2640 3088 -128 ) (-2768 3088 -128 ) (-2768 3088 -192 ) 
4 53 97 (-2768 3072 -320 ) (-2768 3072 -336 ) (-2624 3072 -336 ) (-2624 3072 -320 ) 
4 53 96 (-2624 3072 -336 ) (-2464 3072 -336 ) (-2464 3072 -320 ) (-2624 3072 -320 ) 
4 53 94 (-2768 3072 -192 ) (-2768 3072 -320 ) (-2640 3072 -320 ) (-2640 3072 -192 ) 
4 53 90 (-2640 3072 -320 ) (-2624 3072 -320 ) (-2624 3072 -192 ) (-2640 3072 -192 ) 
4 53 89 (-2624 3072 -320 ) (-2464 3072 -320 ) (-2464 3072 -192 ) (-2624 3072 -192 ) 
4 53 84 (-2640 3072 -128 ) (-2768 3072 -128 ) (-2768 3072 -192 ) (-2640 3072 -192 ) 
4 53 81 (-2624 3072 -128 ) (-2640 3072 -128 ) (-2640 3072 -192 ) (-2624 3072 -192 ) 
4 53 80 (-2464 3072 -128 ) (-2624 3072 -128 ) (-2624 3072 -192 ) (-2464 3072 -192 ) 
4 53 55 (-2768 3088 -336 ) (-2768 3072 -336 ) (-2768 3072 -128 ) (-2768 3088 -128 ) 
4 54 100 (-3072 3104 -128 ) (-3072 3104 -192 ) (-3072 3088 -192 ) (-3072 3088 -128 ) 
4 54 55 (-3072 3088 -128 ) (-3072 3088 -192 ) (-2960 3088 -192 ) (-2960 3088 -128 ) 
4 55 101 (-3072 3072 -384 ) (-3072 3072 -128 ) (-3072 3088 -128 ) (-3072 3088 -384 ) 
4 55 99 (-2768 3072 -384 ) (-2768 3072 -320 ) (-3072 3072 -320 ) (-3072 3072 -384 ) 
4 55 94 (-2768 3072 -320 ) (-2768 3072 -192 ) (-3072 3072 -192 ) (-3072 3072 -320 ) 
4 55 85 (-2768 3072 -192 ) (-2768 3072 -128 ) (-2960 3072 -128 ) (-2960 3072 -192 ) 
4 55 86 (-2960 3072 -128 ) (-3072 3072 -128 ) (-3072 3072 -192 ) (-2960 3072 -192 ) 
4 56 67 (-2048 2832 -64 ) (-2048 2704 -64 ) (-2128 2704 -64 ) (-2128 2832 -64 ) 
4 57 67 (-2048 2688 -64 ) (-2048 2568 -64 ) (-2128 2568 -64 ) (-2128 2688 -64 ) 
4 58 67 (-2048 2552 -64 ) (-2048 2432 -64 ) (-2128 2432 -64 ) (-2128 2552 -64 ) 
4 59 67 (-2048 2416 -64 ) (-2048 2320 -64 ) (-2128 2320 -64 ) (-2128 2416 -64 ) 
4 60 132 (-2048 2048 -48 ) (-2048 2048 16 ) (-2064 2048 16 ) (-2064 2048 -48 ) 
4 60 62 (-2064 2240 -48 ) (-2064 2048 -48 ) (-2064 2048 16 ) (-2064 2240 16 ) 
4 60 61 (-2048 2048 -48 ) (-2064 2048 -48 ) (-2064 2240 -48 ) (-2048 2240 -48 ) 
4 61 132 (-2048 2048 -64 ) (-2048 2048 -48 ) (-2064 2048 -48 ) (-2064 2048 -64 ) 
4 61 69 (-2048 2240 -64 ) (-2048 2048 -64 ) (-2064 2048 -64 ) (-2064 2240 -64 ) 
4 61 62 (-2064 2240 -64 ) (-2064 2048 -64 ) (-2064 2048 -48 ) (-2064 2240 -48 ) 
3 62 132 (-2128 2048 -64 ) (-2064 2048 -64 ) (-2064 2048 16 ) 
4 62 69 (-2128 2240 -64 ) (-2064 2240 -64 ) (-2064 2048 -64 ) (-2128 2048 -64 ) 
4 63 87 (-2448 3068 -320 ) (-2448 3012 -320 ) (-2448 3012 -208 ) (-2448 3068 -208 ) 
4 63 64 (-2396 2976 -320 ) (-2340 2976 -320 ) (-2340 2976 -208 ) (-2396 2976 -208 ) 
4 64 76 (-2396 2960 -320 ) (-2340 2960 -320 ) (-2340 2960 -208 ) (-2396 2960 -208 ) 
4 65 66 (-2064 2848 -320 ) (-2048 2848 -320 ) (-2048 2848 -144 ) (-2064 2848 -144 ) 
4 66 70 (-2064 2832 -320 ) (-2048 2832 -320 ) (-2048 2832 -192 ) (-2064 2832 -192 ) 
4 66 68 (-2048 2832 -192 ) (-2048 2832 -144 ) (-2064 2832 -144 ) (-2064 2832 -192 ) 
4 67 68 (-2128 2320 -80 ) (-2128 2832 -80 ) (-2048 2832 -80 ) (-2048 2320 -80 ) 
4 68 71 (-2080 2832 -192 ) (-2079 2832 -192 ) (-2079 2448 -192 ) (-2080 2448 -192 ) 
4 68 70 (-2079 2832 -192 ) (-2048 2832 -192 ) (-2048 2448 -192 ) (-2079 2448 -192 ) 
4 69 132 (-2048 2048 -192 ) (-2048 2048 -64 ) (-2128 2048 -64 ) (-2128 2048 -192 ) 
4 70 71 (-2079 2448 -320 ) (-2079 2448 -192 ) (-2079 2832 -192 ) (-2079 2832 -320 ) 
4 72 75 (-2240 2816 -192 ) (-2240 2528 -192 ) (-2304 2528 -192 ) (-2304 2816 -192 ) 
4 72 73 (-2304 2816 -192 ) (-2304 2528 -192 ) (-2304 2528 -128 ) (-2304 2816 -128 ) 
4 73 76 (-2432 2960 -192 ) (-2304 2960 -192 ) (-2304 2400 -192 ) (-2432 2400 -192 ) 
4 73 74 (-2432 2704 -192 ) (-2432 2400 -192 ) (-2432 2400 -128 ) (-2432 2704 -128 ) 
4 74 82 (-2448 2368 -128 ) (-2448 2688 -128 ) (-2448 2688 -192 ) (-2448 2368 -192 ) 
4 74 78 (-2448 2368 -192 ) (-2448 2688 -192 ) (-2432 2704 -192 ) (-2432 2368 -192 ) 
4 75 76 (-2304 2528 -192 ) (-2304 2816 -192 ) (-2304 2816 -320 ) (-2304 2528 -320 ) 
4 76 78 (-2432 2400 -192 ) (-2432 2704 -192 ) (-2432 2704 -320 ) (-2432 2400 -320 ) 
4 76 77 (-2432 2752 -192 ) (-2432 2880 -192 ) (-2432 2880 -320 ) (-2432 2752 -320 ) 
4 77 88 (-2448 2880 -320 ) (-2448 2752 -320 ) (-2448 2752 -192 ) (-2448 2880 -192 ) 
4 78 92 (-2448 2688 -320 ) (-2448 2368 -320 ) (-2448 2368 -192 ) (-2448 2688 -192 ) 
4 79 88 (-2448 2960 -192 ) (-2448 2704 -192 ) (-2464 2704 -192 ) (-2464 2976 -192 ) 
4 79 80 (-2464 2976 -192 ) (-2464 2704 -192 ) (-2464 2704 -128 ) (-2464 2976 -128 ) 
4 80 89 (-2464 2704 -192 ) (-2624 2704 -192 ) (-2624 3072 -192 ) (-2464 3072 -192 ) 
4 80 81 (-2624 3072 -192 ) (-2624 2848 -192 ) (-2624 2848 -128 ) (-2624 3072 -128 ) 
4 81 90 (-2640 2864 -192 ) (-2640 3072 -192 ) (-2624 3072 -192 ) (-2624 2848 -192 ) 
4 81 84 (-2640 3072 -192 ) (-2640 2864 -192 ) (-2640 2864 -128 ) (-2640 3072 -128 ) 
4 82 92 (-2448 2688 -192 ) (-2448 2368 -192 ) (-2560 2368 -192 ) (-2560 2688 -192 ) 
4 82 83 (-2560 2688 -128 ) (-2560 2688 -192 ) (-2560 2400 -192 ) (-2560 2400 -128 ) 
4 83 93 (-2624 2400 -192 ) (-2624 2688 -192 ) (-2560 2688 -192 ) (-2560 2400 -192 ) 
4 84 94 (-2768 3072 -192 ) (-2640 3072 -192 ) (-2640 2864 -192 ) (-2768 2864 -192 ) 
4 84 85 (-2768 3072 -192 ) (-2768 2864 -192 ) (-2768 2864 -128 ) (-2768 3072 -128 ) 
4 85 94 (-2960 3072 -192 ) (-2768 3072 -192 ) (-2768 2864 -192 ) (-2960 2864 -192 ) 
4 85 86 (-2960 3072 -192 ) (-2960 2864 -192 ) (-2960 2864 -128 ) (-2960 3072 -128 ) 
4 86 104 (-3072 2848 -128 ) (-3072 2864 -128 ) (-3072 2864 -192 ) (-3072 2848 -192 ) 
4 86 103 (-3072 2864 -128 ) (-3072 3072 -128 ) (-3072 3072 -192 ) (-3072 2864 -192 ) 
4 86 94 (-3072 2864 -192 ) (-3072 3072 -192 ) (-2960 3072 -192 ) (-2960 2864 -192 ) 
4 87 89 (-2464 3068 -320 ) (-2464 3012 -320 ) (-2464 3012 -208 ) (-2464 3068 -208 ) 
4 88 95 (-2448 2960 -320 ) (-2448 2704 -320 ) (-2464 2704 -320 ) (-2464 2976 -320 ) 
4 88 89 (-2464 2976 -320 ) (-2464 2704 -320 ) (-2464 2704 -192 ) (-2464 2976 -192 ) 
4 89 96 (-2624 3072 -320 ) (-2464 3072 -320 ) (-2464 2704 -320 ) (-2624 2704 -320 ) 
4 89 91 (-2560 2704 -320 ) (-2496 2704 -320 ) (-2496 2704 -192 ) (-2560 2704 -192 ) 
4 89 90 (-2624 3072 -320 ) (-2624 2848 -320 ) (-2624 2848 -192 ) (-2624 3072 -192 ) 
3 90 98 (-2624 2864 -320 ) (-2624 2848 -320 ) (-2640 2864 -320 ) 
4 90 97 (-2640 3072 -320 ) (-2624 3072 -320 ) (-2624 2864 -320 ) (-2640 2864 -320 ) 
4 90 94 (-2640 3072 -320 ) (-2640 2864 -320 ) (-2640 2864 -192 ) (-2640 3072 -192 ) 
4 91 92 (-2560 2688 -320 ) (-2496 2688 -320 ) (-2496 2688 -192 ) (-2560 2688 -192 ) 
4 92 93 (-2560 2688 -192 ) (-2560 2688 -320 ) (-2560 2400 -320 ) (-2560 2400 -192 ) 
4 94 103 (-3072 2864 -192 ) (-3072 3072 -192 ) (-3072 3072 -320 ) (-3072 2864 -320 ) 
4 94 99 (-3072 2864 -320 ) (-3072 3072 -320 ) (-2768 3072 -320 ) (-2768 2864 -320 ) 
4 94 97 (-2768 3072 -320 ) (-2640 3072 -320 ) (-2640 2864 -320 ) (-2768 2864 -320 ) 
4 95 96 (-2464 2976 -336 ) (-2464 2704 -336 ) (-2464 2704 -320 ) (-2464 2976 -320 ) 
4 96 98 (-2624 2848 -320 ) (-2624 2864 -320 ) (-2624 2864 -336 ) (-2624 2848 -336 ) 
4 96 97 (-2624 2864 -320 ) (-2624 3072 -320 ) (-2624 3072 -336 ) (-2624 2864 -336 ) 
4 97 99 (-2768 2864 -320 ) (-2768 3072 -320 ) (-2768 3072 -336 ) (-2768 2864 -336 ) 
4 97 98 (-2640 2864 -336 ) (-2624 2864 -336 ) (-2624 2864 -320 ) (-2640 2864 -320 ) 
4 99 103 (-3072 2864 -320 ) (-3072 3072 -320 ) (-3072 3072 -384 ) (-3072 2864 -384 ) 
4 100 101 (-3072 3088 -128 ) (-3088 3088 -128 ) (-3088 3088 -192 ) (-3072 3088 -192 ) 
4 101 103 (-3072 3072 -384 ) (-3072 3072 -128 ) (-3088 3072 -128 ) (-3088 3072 -384 ) 
4 101 102 (-3088 3088 -384 ) (-3088 3072 -384 ) (-3088 3072 -128 ) (-3088 3088 -128 ) 
4 102 105 (-3280 3072 -128 ) (-3280 3072 -384 ) (-3088 3072 -384 ) (-3088 3072 -128 ) 
4 103 105 (-3088 3072 -128 ) (-3088 3072 -384 ) (-3088 2864 -384 ) (-3088 2864 -128 ) 
4 103 104 (-3072 2864 -128 ) (-3088 2864 -128 ) (-3088 2864 -192 ) (-3072 2864 -192 ) 
4 106 116 (-1024 2048 -64 ) (-1024 2048 -192 ) (-1024 1744 -192 ) (-1024 1744 -64 ) 
4 106 114 (-1024 2048 128 ) (-1024 2048 0 ) (-1024 1744 0 ) (-1024 1744 128 ) 
4 106 115 (-1024 2048 0 ) (-1024 2048 -64 ) (-1024 1744 -64 ) (-1024 1744 0 ) 
4 106 110 (-928 1728 112 ) (-928 1728 -192 ) (-736 1728 -192 ) (-736 1728 112 ) 
4 106 109 (-656 1728 128 ) (-736 1728 128 ) (-736 1728 -192 ) (-656 1728 -192 ) 
4 106 111 (-928 1728 128 ) (-1008 1728 128 ) (-1008 1728 -192 ) (-928 1728 -192 ) 
4 106 108 (-640 1728 64 ) (-640 1728 128 ) (-656 1728 128 ) (-656 1728 64 ) 
4 106 107 (-640 1728 -192 ) (-1008 1728 -192 ) (-1008 2048 -192 ) (-640 2048 -192 ) 
4 107 110 (-928 1728 -256 ) (-736 1728 -256 ) (-736 1728 -192 ) (-928 1728 -192 ) 
4 107 109 (-736 1728 -256 ) (-656 1728 -256 ) (-656 1728 -192 ) (-736 1728 -192 ) 
4 107 111 (-1008 1728 -256 ) (-928 1728 -256 ) (-928 1728 -192 ) (-1008 1728 -192 ) 
4 108 113 (-640 1472 64 ) (-640 1472 128 ) (-656 1472 128 ) (-656 1472 64 ) 
4 108 109 (-656 1728 128 ) (-656 1728 64 ) (-656 1472 64 ) (-656 1472 128 ) 
4 109 113 (-736 1472 -256 ) (-656 1472 -256 ) (-656 1472 128 ) (-736 1472 128 ) 
4 109 110 (-736 1728 -256 ) (-736 1472 -256 ) (-736 1472 112 ) (-736 1728 112 ) 
4 110 113 (-928 1472 -256 ) (-736 1472 -256 ) (-736 1472 112 ) (-928 1472 112 ) 
4 110 111 (-928 1728 -256 ) (-928 1472 -256 ) (-928 1472 112 ) (-928 1728 112 ) 
4 111 113 (-1008 1472 128 ) (-1008 1472 -256 ) (-928 1472 -256 ) (-928 1472 128 ) 
4 111 112 (-1008 1728 128 ) (-1008 1728 64 ) (-1008 1472 64 ) (-1008 1472 128 ) 
4 112 113 (-1024 1472 128 ) (-1024 1472 64 ) (-1008 1472 64 ) (-1008 1472 128 ) 
4 113 124 (-640 1024 -256 ) (-640 1024 128 ) (-1024 1024 128 ) (-1024 1024 -256 ) 
4 114 115 (-1024 1744 0 ) (-1152 1744 0 ) (-1152 2048 0 ) (-1024 2048 0 ) 
4 115 116 (-1024 1744 -64 ) (-1280 1744 -64 ) (-1280 2048 -64 ) (-1024 2048 -64 ) 
4 116 117 (-1280 2048 -192 ) (-1280 1864 -192 ) (-1280 1864 -64 ) (-1280 2048 -64 ) 
4 117 118 (-1344 2048 -192 ) (-1344 1904 -192 ) (-1344 1904 -64 ) (-1344 2048 -64 ) 
4 118 119 (-1360 2048 -64 ) (-1360 2048 -192 ) (-1360 1904 -192 ) (-1360 1904 -64 ) 
4 119 132 (-2048 1856 -192 ) (-2048 1856 16 ) (-2048 2048 16 ) (-2048 2048 -192 ) 
4 119 121 (-2048 1856 16 ) (-2048 1856 -192 ) (-1936 1856 -192 ) (-1936 1856 16 ) 
4 119 120 (-1936 1856 -192 ) (-1872 1856 -192 ) (-1872 1856 16 ) (-1936 1856 16 ) 
4 120 121 (-1936 1792 16 ) (-1936 1856 16 ) (-1936 1856 -192 ) (-1936 1792 -192 ) 
4 121 132 (-2048 1728 -192 ) (-2048 1728 16 ) (-2048 1856 16 ) (-2048 1856 -192 ) 
4 121 122 (-2048 1728 16 ) (-2048 1728 -192 ) (-1936 1728 -192 ) (-1936 1728 16 ) 
4 122 132 (-2048 1664 -192 ) (-2048 1664 16 ) (-2048 1728 16 ) (-2048 1728 -192 ) 
4 122 123 (-1936 1664 16 ) (-2048 1664 16 ) (-2048 1664 -192 ) (-1936 1664 -192 ) 
4 123 132 (-2048 1536 -192 ) (-2048 1536 16 ) (-2048 1664 16 ) (-2048 1664 -192 ) 
4 124 129 (-1008 960 128 ) (-1024 960 128 ) (-1024 960 64 ) (-1008 960 64 ) 
4 124 127 (-928 960 112 ) (-928 960 -256 ) (-736 960 -256 ) (-736 960 112 ) 
4 124 126 (-656 960 128 ) (-736 960 128 ) (-736 960 -256 ) (-656 960 -256 ) 
4 124 128 (-928 960 128 ) (-1008 960 128 ) (-1008 960 -256 ) (-928 960 -256 ) 
4 124 125 (-640 960 64 ) (-640 960 128 ) (-656 960 128 ) (-656 960 64 ) 
4 125 130 (-640 704 64 ) (-640 704 128 ) (-656 704 128 ) (-656 704 64 ) 
4 125 126 (-656 960 128 ) (-656 960 64 ) (-656 704 64 ) (-656 704 128 ) 
4 126 130 (-736 704 -256 ) (-656 704 -256 ) (-656 704 128 ) (-736 704 128 ) 
4 126 127 (-736 960 -256 ) (-736 704 -256 ) (-736 704 112 ) (-736 960 112 ) 
4 127 130 (-928 704 -256 ) (-736 704 -256 ) (-736 704 112 ) (-928 704 112 ) 
4 127 128 (-928 960 -256 ) (-928 704 -256 ) (-928 704 112 ) (-928 960 112 ) 
4 128 130 (-1008 704 -256 ) (-928 704 -256 ) (-928 704 128 ) (-1008 704 128 ) 
4 128 129 (-1008 960 128 ) (-1008 960 64 ) (-1008 704 64 ) (-1008 704 128 ) 
4 129 130 (-1024 704 128 ) (-1024 704 64 ) (-1008 704 64 ) (-1008 704 128 ) 
4 130 131 (-640 0 -256 ) (-640 0 128 ) (-1024 0 128 ) (-1024 0 -256 ) 
4 131 133 (-640 -1024 -256 ) (-640 -1024 128 ) (-1024 -1024 128 ) (-1024 -1024 -256 ) 
