


materialPath: D:\steam\steamapps\sourcemods\entropyzero2-addonworkspace\materials
Loading d:\steam\steamapps\sourcemods\entropyzero2-addonworkspace\mapsrc\prologue02.vmf
ConVarRef mat_reduceparticles doesn't point to an existing ConVar
fixing up env_cubemap materials on brush sides...
0...1...2...3...4...5...6...7...8...9...10**** leaked ****
Entity info_node_hint (-624.00 800.00 712.86) leaked!
--- MAP LEAKED ---



12 threads
reading d:\steam\steamapps\sourcemods\entropyzero2-addonworkspace\mapsrc\prologue02.bsp
Error opening d:\steam\steamapps\sourcemods\entropyzero2-addonworkspace\mapsrc\prologue02.bsp


materialPath: D:\steam\steamapps\sourcemods\entropyzero2-addonworkspace\materials
Loading d:\steam\steamapps\sourcemods\entropyzero2-addonworkspace\mapsrc\prologue02.vmf
ConVarRef mat_reduceparticles doesn't point to an existing ConVar
fixing up env_cubemap materials on brush sides...
0...1...2...3...4...5...6...7...8...9...10**** leaked ****
Entity prop_door_rotating (-600.95 795.96 766.86) leaked!
--- MAP LEAKED ---



12 threads
reading d:\steam\steamapps\sourcemods\entropyzero2-addonworkspace\mapsrc\prologue02.bsp
Error opening d:\steam\steamapps\sourcemods\entropyzero2-addonworkspace\mapsrc\prologue02.bsp


materialPath: D:\steam\steamapps\sourcemods\entropyzero2-addonworkspace\materials
Loading d:\steam\steamapps\sourcemods\entropyzero2-addonworkspace\mapsrc\prologue02.vmf
ConVarRef mat_reduceparticles doesn't point to an existing ConVar
fixing up env_cubemap materials on brush sides...
0...1...2...3...4...5...6...7...8...9...100...1...2...3...4...5...6...7...8...9...10Processing areas...done (0)
Building Faces...done (0)
Chop Details...done (0)
Find Visible Detail Sides...
Merged 8 detail faces...done (0)
Merging details...done (0)
FixTjuncs...
PruneNodes...
WriteBSP...
done (0)
writing d:\steam\steamapps\sourcemods\entropyzero2-addonworkspace\mapsrc\prologue02.prt...Building visibility clusters...
done (0)
Finding displacement neighbors...
Finding lightmap sample positions...
Displacement Alpha : 0...1...2...3...4...5...6...7...8...9...10
Building Physics collision data...
done (0) (30648 bytes)
Placing static props...
Placing detail props : 0...1...2...3...4...5...6...7...8...9...10
Compacting texture/material tables...
Reduced 178 texinfos to 76
Reduced 22 texdatas to 18 (520 bytes to 406)
Writing d:\steam\steamapps\sourcemods\entropyzero2-addonworkspace\mapsrc\prologue02.bsp
0 seconds elapsed



12 threads
reading d:\steam\steamapps\sourcemods\entropyzero2-addonworkspace\mapsrc\prologue02.bsp
reading d:\steam\steamapps\sourcemods\entropyzero2-addonworkspace\mapsrc\prologue02.prt
  19 portalclusters
  20 numportals
0...1...2...3...4...5...6...7...8...9...10Optimized: 8 visible clusters (2.93%)
Total clusters visible: 273
Average clusters visible: 14
Building PAS...
Average clusters audible: 18
visdatasize:274  compressed from 304
writing d:\steam\steamapps\sourcemods\entropyzero2-addonworkspace\mapsrc\prologue02.bsp
0 seconds elapsed



[Reading texlights from 'lights.rad']
[48 texlights parsed from 'lights.rad']

Loading d:\steam\steamapps\sourcemods\entropyzero2-addonworkspace\mapsrc\prologue02.bsp
196 faces
12296 square feet [1770671.38 square inches]
0 Displacements
0 Square Feet [0.00 Square Inches]
196 patches before subdivision
2080 patches after subdivision
2 direct lights
0...1...2...3...4...5...6...7...8...9...100...1...2...3...4...5...6...7...8...9...10transfers 117835, max 188
transfer lists:   0.9 megs
0...1...2...3...4...5...6...7...8...9...10	Bounce #1 added RGB(1739, 0, 0)
0...1...2...3...4...5...6...7...8...9...10	Bounce #2 added RGB(445, 0, 0)
Build Patch/Sample Hash Table(s).....Done<0.0003 sec>
0...1...2...3...4...5...6...7...8...9...10FinalLightFace Done
0 of 0 (0% of) surface lights went in leaf ambient cubes.
0...1...2...3...4...5...6...7...8...9...10Writing leaf ambient...done
Ready to Finish

Object names       Objects/Maxobjs  Memory / Maxmem  Fullness 
------------       ---------------  ---------------  -------- 
models                   2/1024           96/49152    ( 0.2%) 
brushes                 86/8192         1032/98304    ( 1.0%) 
brushsides             548/65536        4384/524288   ( 0.8%) 
planes                 270/65536        5400/1310720  ( 0.4%) 
vertexes               383/65536        4596/786432   ( 0.6%) 
nodes                   85/65536        2720/2097152  ( 0.1%) 
texinfos                76/12288        5472/884736   ( 0.6%) 
texdata                 18/2048          576/65536    ( 0.9%) 
dispinfos                0/0               0/0        ( 0.0%) 
disp_verts               0/0               0/0        ( 0.0%) 
disp_tris                0/0               0/0        ( 0.0%) 
disp_lmsamples           0/0               0/0        ( 0.0%) 
faces                  196/65536       10976/3670016  ( 0.3%) 
hdr faces                0/65536           0/3670016  ( 0.0%) 
origfaces              142/65536        7952/3670016  ( 0.2%) 
leaves                  88/65536        2816/2097152  ( 0.1%) 
leaffaces              223/65536         446/131072   ( 0.3%) 
leafbrushes            129/65536         258/131072   ( 0.2%) 
areas                    2/256            16/2048     ( 0.8%) 
surfedges             1562/512000       6248/2048000  ( 0.3%) 
edges                 1016/256000       4064/1024000  ( 0.4%) 
LDR worldlights          2/65536         176/5767168  ( 0.0%) 
HDR worldlights          0/65536           0/5767168  ( 0.0%) 
leafwaterdata            0/32768           0/393216   ( 0.0%) 
waterstrips             30/32768         300/327680   ( 0.1%) 
waterverts               0/65536           0/786432   ( 0.0%) 
waterindices           516/65536        1032/131072   ( 0.8%) 
cubemapsamples           0/1024            0/16384    ( 0.0%) 
overlays                 1/8192          352/2883584  ( 0.0%) 
LDR lightdata         [variable]       54496/0        ( 0.0%) 
HDR lightdata         [variable]           0/0        ( 0.0%) 
visdata               [variable]         274/16777216 ( 0.0%) 
entdata               [variable]        4091/393216   ( 1.0%) 
LDR ambient table       88/65536         352/262144   ( 0.1%) 
HDR ambient table       88/65536         352/262144   ( 0.1%) 
LDR leaf ambient        77/65536        2156/1835008  ( 0.1%) 
HDR leaf ambient        88/65536        2464/1835008  ( 0.1%) 
occluders                0/0               0/0        ( 0.0%) 
occluder polygons        0/0               0/0        ( 0.0%) 
occluder vert ind        0/0               0/0        ( 0.0%) 
detail props          [variable]           1/12       ( 8.3%) 
static props          [variable]           1/1510     ( 0.1%) 
pakfile               [variable]         362/0        ( 0.0%) 
physics               [variable]       30648/4194304  ( 0.7%) 
physics terrain       [variable]           2/1048576  ( 0.0%) 

Level flags = 0

Total triangle count: 602
Writing d:\steam\steamapps\sourcemods\entropyzero2-addonworkspace\mapsrc\prologue02.bsp
0 seconds elapsed



materialPath: D:\steam\steamapps\sourcemods\entropyzero2-addonworkspace\materials
Loading d:\steam\steamapps\sourcemods\entropyzero2-addonworkspace\mapsrc\prologue02.vmf
ConVarRef mat_reduceparticles doesn't point to an existing ConVar
fixing up env_cubemap materials on brush sides...
0...1...2...3...4...5...6...7...8...9...100...1...2...3...4...5...6...7...8...9...10Processing areas...done (0)
Building Faces...done (0)
Chop Details...done (0)
Find Visible Detail Sides...
Merged 8 detail faces...done (0)
Merging details...done (0)
FixTjuncs...
PruneNodes...
WriteBSP...
done (0)
writing d:\steam\steamapps\sourcemods\entropyzero2-addonworkspace\mapsrc\prologue02.prt...Building visibility clusters...
done (0)
Finding displacement neighbors...
Finding lightmap sample positions...
Displacement Alpha : 0...1...2...3...4...5...6...7...8...9...10
Building Physics collision data...
done (0) (30648 bytes)
Placing static props...
Placing detail props : 0...1...2...3...4...5...6...7...8...9...10
Compacting texture/material tables...
Reduced 179 texinfos to 77
Reduced 23 texdatas to 19 (541 bytes to 427)
Writing d:\steam\steamapps\sourcemods\entropyzero2-addonworkspace\mapsrc\prologue02.bsp
0 seconds elapsed



12 threads
reading d:\steam\steamapps\sourcemods\entropyzero2-addonworkspace\mapsrc\prologue02.bsp
reading d:\steam\steamapps\sourcemods\entropyzero2-addonworkspace\mapsrc\prologue02.prt
  19 portalclusters
  20 numportals
0...1...2...3...4...5...6...7...8...9...10Optimized: 8 visible clusters (2.93%)
Total clusters visible: 273
Average clusters visible: 14
Building PAS...
Average clusters audible: 18
visdatasize:274  compressed from 304
writing d:\steam\steamapps\sourcemods\entropyzero2-addonworkspace\mapsrc\prologue02.bsp
0 seconds elapsed



[Reading texlights from 'lights.rad']
[48 texlights parsed from 'lights.rad']

Loading d:\steam\steamapps\sourcemods\entropyzero2-addonworkspace\mapsrc\prologue02.bsp
196 faces
12296 square feet [1770671.38 square inches]
0 Displacements
0 Square Feet [0.00 Square Inches]
196 patches before subdivision
2080 patches after subdivision
4 direct lights
0...1...2...3...4...5...6...7...8...9...100...1...2...3...4...5...6...7...8...9...10transfers 113787, max 188
transfer lists:   0.9 megs
0...1...2...3...4...5...6...7...8...9...10	Bounce #1 added RGB(4141, 3189, 1527)
0...1...2...3...4...5...6...7...8...9...10	Bounce #2 added RGB(829, 449, 142)
Build Patch/Sample Hash Table(s).....Done<0.0003 sec>
0...1...2...3...4...5...6...7...8...9...10FinalLightFace Done
0 of 0 (0% of) surface lights went in leaf ambient cubes.
0...1...2...3...4...5...6...7...8...9...10Writing leaf ambient...done
Ready to Finish

Object names       Objects/Maxobjs  Memory / Maxmem  Fullness 
------------       ---------------  ---------------  -------- 
models                   2/1024           96/49152    ( 0.2%) 
brushes                 86/8192         1032/98304    ( 1.0%) 
brushsides             548/65536        4384/524288   ( 0.8%) 
planes                 270/65536        5400/1310720  ( 0.4%) 
vertexes               383/65536        4596/786432   ( 0.6%) 
nodes                   85/65536        2720/2097152  ( 0.1%) 
texinfos                77/12288        5544/884736   ( 0.6%) 
texdata                 19/2048          608/65536    ( 0.9%) 
dispinfos                0/0               0/0        ( 0.0%) 
disp_verts               0/0               0/0        ( 0.0%) 
disp_tris                0/0               0/0        ( 0.0%) 
disp_lmsamples           0/0               0/0        ( 0.0%) 
faces                  196/65536       10976/3670016  ( 0.3%) 
hdr faces                0/65536           0/3670016  ( 0.0%) 
origfaces              142/65536        7952/3670016  ( 0.2%) 
leaves                  88/65536        2816/2097152  ( 0.1%) 
leaffaces              223/65536         446/131072   ( 0.3%) 
leafbrushes            129/65536         258/131072   ( 0.2%) 
areas                    2/256            16/2048     ( 0.8%) 
surfedges             1562/512000       6248/2048000  ( 0.3%) 
edges                 1016/256000       4064/1024000  ( 0.4%) 
LDR worldlights          4/65536         352/5767168  ( 0.0%) 
HDR worldlights          0/65536           0/5767168  ( 0.0%) 
leafwaterdata            0/32768           0/393216   ( 0.0%) 
waterstrips             30/32768         300/327680   ( 0.1%) 
waterverts               0/65536           0/786432   ( 0.0%) 
waterindices           516/65536        1032/131072   ( 0.8%) 
cubemapsamples           0/1024            0/16384    ( 0.0%) 
overlays                 2/8192          704/2883584  ( 0.0%) 
LDR lightdata         [variable]       54496/0        ( 0.0%) 
HDR lightdata         [variable]           0/0        ( 0.0%) 
visdata               [variable]         274/16777216 ( 0.0%) 
entdata               [variable]        6145/393216   ( 1.6%) 
LDR ambient table       88/65536         352/262144   ( 0.1%) 
HDR ambient table       88/65536         352/262144   ( 0.1%) 
LDR leaf ambient       126/65536        3528/1835008  ( 0.2%) 
HDR leaf ambient        88/65536        2464/1835008  ( 0.1%) 
occluders                0/0               0/0        ( 0.0%) 
occluder polygons        0/0               0/0        ( 0.0%) 
occluder vert ind        0/0               0/0        ( 0.0%) 
detail props          [variable]           1/12       ( 8.3%) 
static props          [variable]           1/2162     ( 0.0%) 
pakfile               [variable]         362/0        ( 0.0%) 
physics               [variable]       30648/4194304  ( 0.7%) 
physics terrain       [variable]           2/1048576  ( 0.0%) 

Level flags = 0

Total triangle count: 602
Writing d:\steam\steamapps\sourcemods\entropyzero2-addonworkspace\mapsrc\prologue02.bsp
0 seconds elapsed



materialPath: D:\steam\steamapps\sourcemods\entropyzero2-addonworkspace\materials
Loading d:\steam\steamapps\sourcemods\entropyzero2-addonworkspace\mapsrc\prologue02.vmf
ConVarRef mat_reduceparticles doesn't point to an existing ConVar
fixing up env_cubemap materials on brush sides...
0...1...2...3...4...5...6...7...8...9...100...1...2...3...4...5...6...7...8...9...10Processing areas...done (0)
Building Faces...done (0)
Chop Details...done (0)
Find Visible Detail Sides...
Merged 8 detail faces...done (0)
Merging details...done (0)
FixTjuncs...
PruneNodes...
WriteBSP...
done (0)
writing d:\steam\steamapps\sourcemods\entropyzero2-addonworkspace\mapsrc\prologue02.prt...Building visibility clusters...
done (0)
Finding displacement neighbors...
Finding lightmap sample positions...
Displacement Alpha : 0...1...2...3...4...5...6...7...8...9...10
Building Physics collision data...
done (0) (30648 bytes)
Placing static props...
Placing detail props : 0...1...2...3...4...5...6...7...8...9...10
Compacting texture/material tables...
Reduced 179 texinfos to 77
Reduced 23 texdatas to 19 (541 bytes to 427)
Writing d:\steam\steamapps\sourcemods\entropyzero2-addonworkspace\mapsrc\prologue02.bsp
0 seconds elapsed



12 threads
reading d:\steam\steamapps\sourcemods\entropyzero2-addonworkspace\mapsrc\prologue02.bsp
reading d:\steam\steamapps\sourcemods\entropyzero2-addonworkspace\mapsrc\prologue02.prt
  19 portalclusters
  20 numportals
0...1...2...3...4...5...6...7...8...9...10Optimized: 8 visible clusters (2.93%)
Total clusters visible: 273
Average clusters visible: 14
Building PAS...
Average clusters audible: 18
visdatasize:274  compressed from 304
writing d:\steam\steamapps\sourcemods\entropyzero2-addonworkspace\mapsrc\prologue02.bsp
0 seconds elapsed



[Reading texlights from 'lights.rad']
[48 texlights parsed from 'lights.rad']

Loading d:\steam\steamapps\sourcemods\entropyzero2-addonworkspace\mapsrc\prologue02.bsp
196 faces
12296 square feet [1770671.38 square inches]
0 Displacements
0 Square Feet [0.00 Square Inches]
196 patches before subdivision
2080 patches after subdivision
4 direct lights
0...1...2...3...4...5...6...7...8...9...100...1...2...3...4...5...6...7...8...9...10transfers 113787, max 188
transfer lists:   0.9 megs
0...1...2...3...4...5...6...7...8...9...10	Bounce #1 added RGB(4141, 3189, 1527)
0...1...2...3...4...5...6...7...8...9...10	Bounce #2 added RGB(829, 449, 142)
Build Patch/Sample Hash Table(s).....Done<0.0004 sec>
0...1...2...3...4...5...6...7...8...9...10FinalLightFace Done
0 of 0 (0% of) surface lights went in leaf ambient cubes.
0...1...2...3...4...5...6...7...8...9...10Writing leaf ambient...done
Ready to Finish

Object names       Objects/Maxobjs  Memory / Maxmem  Fullness 
------------       ---------------  ---------------  -------- 
models                   2/1024           96/49152    ( 0.2%) 
brushes                 86/8192         1032/98304    ( 1.0%) 
brushsides             548/65536        4384/524288   ( 0.8%) 
planes                 270/65536        5400/1310720  ( 0.4%) 
vertexes               383/65536        4596/786432   ( 0.6%) 
nodes                   85/65536        2720/2097152  ( 0.1%) 
texinfos                77/12288        5544/884736   ( 0.6%) 
texdata                 19/2048          608/65536    ( 0.9%) 
dispinfos                0/0               0/0        ( 0.0%) 
disp_verts               0/0               0/0        ( 0.0%) 
disp_tris                0/0               0/0        ( 0.0%) 
disp_lmsamples           0/0               0/0        ( 0.0%) 
faces                  196/65536       10976/3670016  ( 0.3%) 
hdr faces                0/65536           0/3670016  ( 0.0%) 
origfaces              142/65536        7952/3670016  ( 0.2%) 
leaves                  88/65536        2816/2097152  ( 0.1%) 
leaffaces              223/65536         446/131072   ( 0.3%) 
leafbrushes            129/65536         258/131072   ( 0.2%) 
areas                    2/256            16/2048     ( 0.8%) 
surfedges             1562/512000       6248/2048000  ( 0.3%) 
edges                 1016/256000       4064/1024000  ( 0.4%) 
LDR worldlights          4/65536         352/5767168  ( 0.0%) 
HDR worldlights          0/65536           0/5767168  ( 0.0%) 
leafwaterdata            0/32768           0/393216   ( 0.0%) 
waterstrips             30/32768         300/327680   ( 0.1%) 
waterverts               0/65536           0/786432   ( 0.0%) 
waterindices           516/65536        1032/131072   ( 0.8%) 
cubemapsamples           0/1024            0/16384    ( 0.0%) 
overlays                 2/8192          704/2883584  ( 0.0%) 
LDR lightdata         [variable]       54496/0        ( 0.0%) 
HDR lightdata         [variable]           0/0        ( 0.0%) 
visdata               [variable]         274/16777216 ( 0.0%) 
entdata               [variable]        7634/393216   ( 1.9%) 
LDR ambient table       88/65536         352/262144   ( 0.1%) 
HDR ambient table       88/65536         352/262144   ( 0.1%) 
LDR leaf ambient       126/65536        3528/1835008  ( 0.2%) 
HDR leaf ambient        88/65536        2464/1835008  ( 0.1%) 
occluders                0/0               0/0        ( 0.0%) 
occluder polygons        0/0               0/0        ( 0.0%) 
occluder vert ind        0/0               0/0        ( 0.0%) 
detail props          [variable]           1/12       ( 8.3%) 
static props          [variable]           1/2162     ( 0.0%) 
pakfile               [variable]         362/0        ( 0.0%) 
physics               [variable]       30648/4194304  ( 0.7%) 
physics terrain       [variable]           2/1048576  ( 0.0%) 

Level flags = 0

Total triangle count: 602
Writing d:\steam\steamapps\sourcemods\entropyzero2-addonworkspace\mapsrc\prologue02.bsp
0 seconds elapsed



materialPath: D:\steam\steamapps\sourcemods\entropyzero2-addonworkspace\materials
Loading d:\steam\steamapps\sourcemods\entropyzero2-addonworkspace\mapsrc\prologue02.vmf
ConVarRef mat_reduceparticles doesn't point to an existing ConVar
fixing up env_cubemap materials on brush sides...
0...1...2...3...4...5...6...7...8...9...100...1...2...3...4...5...6...7...8...9...10Processing areas...done (0)
Building Faces...done (0)
Chop Details...done (0)
Find Visible Detail Sides...
Merged 8 detail faces...done (0)
Merging details...done (0)
FixTjuncs...
PruneNodes...
WriteBSP...
done (0)
writing d:\steam\steamapps\sourcemods\entropyzero2-addonworkspace\mapsrc\prologue02.prt...Building visibility clusters...
done (0)
Finding displacement neighbors...
Finding lightmap sample positions...
Displacement Alpha : 0...1...2...3...4...5...6...7...8...9...10
Building Physics collision data...
done (0) (30648 bytes)
Placing static props...
Placing detail props : 0...1...2...3...4...5...6...7...8...9...10
Compacting texture/material tables...
Reduced 179 texinfos to 77
Reduced 23 texdatas to 19 (541 bytes to 427)
Writing d:\steam\steamapps\sourcemods\entropyzero2-addonworkspace\mapsrc\prologue02.bsp
0 seconds elapsed



12 threads
reading d:\steam\steamapps\sourcemods\entropyzero2-addonworkspace\mapsrc\prologue02.bsp
reading d:\steam\steamapps\sourcemods\entropyzero2-addonworkspace\mapsrc\prologue02.prt
  19 portalclusters
  20 numportals
0...1...2...3...4...5...6...7...8...9...10Optimized: 8 visible clusters (2.93%)
Total clusters visible: 273
Average clusters visible: 14
Building PAS...
Average clusters audible: 18
visdatasize:274  compressed from 304
writing d:\steam\steamapps\sourcemods\entropyzero2-addonworkspace\mapsrc\prologue02.bsp
0 seconds elapsed



[Reading texlights from 'lights.rad']
[48 texlights parsed from 'lights.rad']

Loading d:\steam\steamapps\sourcemods\entropyzero2-addonworkspace\mapsrc\prologue02.bsp
196 faces
12296 square feet [1770671.38 square inches]
0 Displacements
0 Square Feet [0.00 Square Inches]
196 patches before subdivision
2080 patches after subdivision
4 direct lights
0...1...2...3...4...5...6...7...8...9...100...1...2...3...4...5...6...7...8...9...10transfers 113787, max 188
transfer lists:   0.9 megs
0...1...2...3...4...5...6...7...8...9...10	Bounce #1 added RGB(4141, 3189, 1527)
0...1...2...3...4...5...6...7...8...9...10	Bounce #2 added RGB(829, 449, 142)
Build Patch/Sample Hash Table(s).....Done<0.0003 sec>
0...1...2...3...4...5...6...7...8...9...10FinalLightFace Done
0 of 0 (0% of) surface lights went in leaf ambient cubes.
0...1...2...3...4...5...6...7...8...9...10Writing leaf ambient...done
Ready to Finish

Object names       Objects/Maxobjs  Memory / Maxmem  Fullness 
------------       ---------------  ---------------  -------- 
models                   2/1024           96/49152    ( 0.2%) 
brushes                 86/8192         1032/98304    ( 1.0%) 
brushsides             548/65536        4384/524288   ( 0.8%) 
planes                 270/65536        5400/1310720  ( 0.4%) 
vertexes               383/65536        4596/786432   ( 0.6%) 
nodes                   85/65536        2720/2097152  ( 0.1%) 
texinfos                77/12288        5544/884736   ( 0.6%) 
texdata                 19/2048          608/65536    ( 0.9%) 
dispinfos                0/0               0/0        ( 0.0%) 
disp_verts               0/0               0/0        ( 0.0%) 
disp_tris                0/0               0/0        ( 0.0%) 
disp_lmsamples           0/0               0/0        ( 0.0%) 
faces                  196/65536       10976/3670016  ( 0.3%) 
hdr faces                0/65536           0/3670016  ( 0.0%) 
origfaces              142/65536        7952/3670016  ( 0.2%) 
leaves                  88/65536        2816/2097152  ( 0.1%) 
leaffaces              223/65536         446/131072   ( 0.3%) 
leafbrushes            129/65536         258/131072   ( 0.2%) 
areas                    2/256            16/2048     ( 0.8%) 
surfedges             1562/512000       6248/2048000  ( 0.3%) 
edges                 1016/256000       4064/1024000  ( 0.4%) 
LDR worldlights          4/65536         352/5767168  ( 0.0%) 
HDR worldlights          0/65536           0/5767168  ( 0.0%) 
leafwaterdata            0/32768           0/393216   ( 0.0%) 
waterstrips             30/32768         300/327680   ( 0.1%) 
waterverts               0/65536           0/786432   ( 0.0%) 
waterindices           516/65536        1032/131072   ( 0.8%) 
cubemapsamples           0/1024            0/16384    ( 0.0%) 
overlays                 2/8192          704/2883584  ( 0.0%) 
LDR lightdata         [variable]       54496/0        ( 0.0%) 
HDR lightdata         [variable]           0/0        ( 0.0%) 
visdata               [variable]         274/16777216 ( 0.0%) 
entdata               [variable]        7634/393216   ( 1.9%) 
LDR ambient table       88/65536         352/262144   ( 0.1%) 
HDR ambient table       88/65536         352/262144   ( 0.1%) 
LDR leaf ambient       126/65536        3528/1835008  ( 0.2%) 
HDR leaf ambient        88/65536        2464/1835008  ( 0.1%) 
occluders                0/0               0/0        ( 0.0%) 
occluder polygons        0/0               0/0        ( 0.0%) 
occluder vert ind        0/0               0/0        ( 0.0%) 
detail props          [variable]           1/12       ( 8.3%) 
static props          [variable]           1/2162     ( 0.0%) 
pakfile               [variable]         362/0        ( 0.0%) 
physics               [variable]       30648/4194304  ( 0.7%) 
physics terrain       [variable]           2/1048576  ( 0.0%) 

Level flags = 0

Total triangle count: 602
Writing d:\steam\steamapps\sourcemods\entropyzero2-addonworkspace\mapsrc\prologue02.bsp
0 seconds elapsed



materialPath: D:\steam\steamapps\sourcemods\entropyzero2-addonworkspace\materials
Loading d:\steam\steamapps\sourcemods\entropyzero2-addonworkspace\mapsrc\prologue02.vmf
ConVarRef mat_reduceparticles doesn't point to an existing ConVar
fixing up env_cubemap materials on brush sides...
0...1...2...3...4...5...6...7...8...9...100...1...2...3...4...5...6...7...8...9...10Processing areas...done (0)
Building Faces...done (0)
Chop Details...done (0)
Find Visible Detail Sides...
Merged 8 detail faces...done (0)
Merging details...done (0)
FixTjuncs...
PruneNodes...
WriteBSP...
done (0)
writing d:\steam\steamapps\sourcemods\entropyzero2-addonworkspace\mapsrc\prologue02.prt...Building visibility clusters...
done (0)
Finding displacement neighbors...
Finding lightmap sample positions...
Displacement Alpha : 0...1...2...3...4...5...6...7...8...9...10
Building Physics collision data...
done (0) (31740 bytes)
Placing static props...
Placing detail props : 0...1...2...3...4...5...6...7...8...9...10
Compacting texture/material tables...
Reduced 193 texinfos to 84
Reduced 25 texdatas to 21 (595 bytes to 481)
Writing d:\steam\steamapps\sourcemods\entropyzero2-addonworkspace\mapsrc\prologue02.bsp
0 seconds elapsed



12 threads
reading d:\steam\steamapps\sourcemods\entropyzero2-addonworkspace\mapsrc\prologue02.bsp
reading d:\steam\steamapps\sourcemods\entropyzero2-addonworkspace\mapsrc\prologue02.prt
  20 portalclusters
  23 numportals
0...1...2...3...4...5...6...7...8...9...10Optimized: 16 visible clusters (5.41%)
Total clusters visible: 296
Average clusters visible: 14
Building PAS...
Average clusters audible: 19
visdatasize:289  compressed from 320
writing d:\steam\steamapps\sourcemods\entropyzero2-addonworkspace\mapsrc\prologue02.bsp
0 seconds elapsed



[Reading texlights from 'lights.rad']
[48 texlights parsed from 'lights.rad']

Loading d:\steam\steamapps\sourcemods\entropyzero2-addonworkspace\mapsrc\prologue02.bsp
211 faces
12328 square feet [1775345.25 square inches]
0 Displacements
0 Square Feet [0.00 Square Inches]
211 patches before subdivision
2079 patches after subdivision
4 direct lights
0...1...2...3...4...5...6...7...8...9...100...1...2...3...4...5...6...7...8...9...10transfers 111989, max 189
transfer lists:   0.9 megs
0...1...2...3...4...5...6...7...8...9...10	Bounce #1 added RGB(4176, 3194, 1529)
0...1...2...3...4...5...6...7...8...9...10	Bounce #2 added RGB(833, 450, 142)
Build Patch/Sample Hash Table(s).....Done<0.0003 sec>
0...1...2...3...4...5...6...7...8...9...10FinalLightFace Done
0 of 0 (0% of) surface lights went in leaf ambient cubes.
0...1...2...3...4...5...6...7...8...9...10Writing leaf ambient...done
Ready to Finish

Object names       Objects/Maxobjs  Memory / Maxmem  Fullness 
------------       ---------------  ---------------  -------- 
models                   4/1024          192/49152    ( 0.4%) 
brushes                 88/8192         1056/98304    ( 1.1%) 
brushsides             573/65536        4584/524288   ( 0.9%) 
planes                 360/65536        7200/1310720  ( 0.5%) 
vertexes               409/65536        4908/786432   ( 0.6%) 
nodes                   99/65536        3168/2097152  ( 0.2%) 
texinfos                84/12288        6048/884736   ( 0.7%) 
texdata                 21/2048          672/65536    ( 1.0%) 
dispinfos                0/0               0/0        ( 0.0%) 
disp_verts               0/0               0/0        ( 0.0%) 
disp_tris                0/0               0/0        ( 0.0%) 
disp_lmsamples           0/0               0/0        ( 0.0%) 
faces                  211/65536       11816/3670016  ( 0.3%) 
hdr faces                0/65536           0/3670016  ( 0.0%) 
origfaces              153/65536        8568/3670016  ( 0.2%) 
leaves                 104/65536        3328/2097152  ( 0.2%) 
leaffaces              239/65536         478/131072   ( 0.4%) 
leafbrushes            133/65536         266/131072   ( 0.2%) 
areas                    2/256            16/2048     ( 0.8%) 
surfedges             1668/512000       6672/2048000  ( 0.3%) 
edges                 1073/256000       4292/1024000  ( 0.4%) 
LDR worldlights          4/65536         352/5767168  ( 0.0%) 
HDR worldlights          0/65536           0/5767168  ( 0.0%) 
leafwaterdata            0/32768           0/393216   ( 0.0%) 
waterstrips             28/32768         280/327680   ( 0.1%) 
waterverts               0/65536           0/786432   ( 0.0%) 
waterindices           417/65536         834/131072   ( 0.6%) 
cubemapsamples           0/1024            0/16384    ( 0.0%) 
overlays                 2/8192          704/2883584  ( 0.0%) 
LDR lightdata         [variable]       58464/0        ( 0.0%) 
HDR lightdata         [variable]           0/0        ( 0.0%) 
visdata               [variable]         289/16777216 ( 0.0%) 
entdata               [variable]        9082/393216   ( 2.3%) 
LDR ambient table      104/65536         416/262144   ( 0.2%) 
HDR ambient table      104/65536         416/262144   ( 0.2%) 
LDR leaf ambient       138/65536        3864/1835008  ( 0.2%) 
HDR leaf ambient       104/65536        2912/1835008  ( 0.2%) 
occluders                0/0               0/0        ( 0.0%) 
occluder polygons        0/0               0/0        ( 0.0%) 
occluder vert ind        0/0               0/0        ( 0.0%) 
detail props          [variable]           1/12       ( 8.3%) 
static props          [variable]           1/2162     ( 0.0%) 
pakfile               [variable]         362/0        ( 0.0%) 
physics               [variable]       31740/4194304  ( 0.8%) 
physics terrain       [variable]           2/1048576  ( 0.0%) 

Level flags = 0

Total triangle count: 634
Writing d:\steam\steamapps\sourcemods\entropyzero2-addonworkspace\mapsrc\prologue02.bsp
0 seconds elapsed



materialPath: D:\steam\steamapps\sourcemods\entropyzero2-addonworkspace\materials
Loading d:\steam\steamapps\sourcemods\entropyzero2-addonworkspace\mapsrc\prologue02.vmf
ConVarRef mat_reduceparticles doesn't point to an existing ConVar
fixing up env_cubemap materials on brush sides...
0...1...2...3...4...5...6...7...8...9...100...1...2...3...4...5...6...7...8...9...10Processing areas...done (0)
Building Faces...done (0)
Chop Details...done (0)
Find Visible Detail Sides...
Merged 8 detail faces...done (0)
Merging details...done (0)
FixTjuncs...
PruneNodes...
WriteBSP...
done (0)
writing d:\steam\steamapps\sourcemods\entropyzero2-addonworkspace\mapsrc\prologue02.prt...Building visibility clusters...
done (0)
Finding displacement neighbors...
Finding lightmap sample positions...
Displacement Alpha : 0...1...2...3...4...5...6...7...8...9...10
Building Physics collision data...
done (0) (31740 bytes)
Placing static props...
Placing detail props : 0...1...2...3...4...5...6...7...8...9...10
Compacting texture/material tables...
Reduced 193 texinfos to 84
Reduced 25 texdatas to 21 (595 bytes to 481)
Writing d:\steam\steamapps\sourcemods\entropyzero2-addonworkspace\mapsrc\prologue02.bsp
0 seconds elapsed



12 threads
reading d:\steam\steamapps\sourcemods\entropyzero2-addonworkspace\mapsrc\prologue02.bsp
reading d:\steam\steamapps\sourcemods\entropyzero2-addonworkspace\mapsrc\prologue02.prt
  20 portalclusters
  23 numportals
0...1...2...3...4...5...6...7...8...9...10Optimized: 16 visible clusters (5.41%)
Total clusters visible: 296
Average clusters visible: 14
Building PAS...
Average clusters audible: 19
visdatasize:289  compressed from 320
writing d:\steam\steamapps\sourcemods\entropyzero2-addonworkspace\mapsrc\prologue02.bsp
0 seconds elapsed



[Reading texlights from 'lights.rad']
[48 texlights parsed from 'lights.rad']

Loading d:\steam\steamapps\sourcemods\entropyzero2-addonworkspace\mapsrc\prologue02.bsp
211 faces
12328 square feet [1775345.25 square inches]
0 Displacements
0 Square Feet [0.00 Square Inches]
211 patches before subdivision
2079 patches after subdivision
4 direct lights
0...1...2...3...4...5...6...7...8...9...100...1...2...3...4...5...6...7...8...9...10transfers 110517, max 189
transfer lists:   0.8 megs
0...1...2...3...4...5...6...7...8...9...10	Bounce #1 added RGB(4162, 3194, 1529)
0...1...2...3...4...5...6...7...8...9...10	Bounce #2 added RGB(831, 450, 142)
Build Patch/Sample Hash Table(s).....Done<0.0003 sec>
0...1...2...3...4...5...6...7...8...9...10FinalLightFace Done
0 of 0 (0% of) surface lights went in leaf ambient cubes.
0...1...2...3...4...5...6...7...8...9...10Writing leaf ambient...done
Ready to Finish

Object names       Objects/Maxobjs  Memory / Maxmem  Fullness 
------------       ---------------  ---------------  -------- 
models                   4/1024          192/49152    ( 0.4%) 
brushes                 88/8192         1056/98304    ( 1.1%) 
brushsides             573/65536        4584/524288   ( 0.9%) 
planes                 360/65536        7200/1310720  ( 0.5%) 
vertexes               409/65536        4908/786432   ( 0.6%) 
nodes                   99/65536        3168/2097152  ( 0.2%) 
texinfos                84/12288        6048/884736   ( 0.7%) 
texdata                 21/2048          672/65536    ( 1.0%) 
dispinfos                0/0               0/0        ( 0.0%) 
disp_verts               0/0               0/0        ( 0.0%) 
disp_tris                0/0               0/0        ( 0.0%) 
disp_lmsamples           0/0               0/0        ( 0.0%) 
faces                  211/65536       11816/3670016  ( 0.3%) 
hdr faces                0/65536           0/3670016  ( 0.0%) 
origfaces              153/65536        8568/3670016  ( 0.2%) 
leaves                 104/65536        3328/2097152  ( 0.2%) 
leaffaces              239/65536         478/131072   ( 0.4%) 
leafbrushes            133/65536         266/131072   ( 0.2%) 
areas                    2/256            16/2048     ( 0.8%) 
surfedges             1668/512000       6672/2048000  ( 0.3%) 
edges                 1073/256000       4292/1024000  ( 0.4%) 
LDR worldlights          4/65536         352/5767168  ( 0.0%) 
HDR worldlights          0/65536           0/5767168  ( 0.0%) 
leafwaterdata            0/32768           0/393216   ( 0.0%) 
waterstrips             28/32768         280/327680   ( 0.1%) 
waterverts               0/65536           0/786432   ( 0.0%) 
waterindices           417/65536         834/131072   ( 0.6%) 
cubemapsamples           0/1024            0/16384    ( 0.0%) 
overlays                 2/8192          704/2883584  ( 0.0%) 
LDR lightdata         [variable]       58464/0        ( 0.0%) 
HDR lightdata         [variable]           0/0        ( 0.0%) 
visdata               [variable]         289/16777216 ( 0.0%) 
entdata               [variable]        9086/393216   ( 2.3%) 
LDR ambient table      104/65536         416/262144   ( 0.2%) 
HDR ambient table      104/65536         416/262144   ( 0.2%) 
LDR leaf ambient       139/65536        3892/1835008  ( 0.2%) 
HDR leaf ambient       104/65536        2912/1835008  ( 0.2%) 
occluders                0/0               0/0        ( 0.0%) 
occluder polygons        0/0               0/0        ( 0.0%) 
occluder vert ind        0/0               0/0        ( 0.0%) 
detail props          [variable]           1/12       ( 8.3%) 
static props          [variable]           1/2162     ( 0.0%) 
pakfile               [variable]         362/0        ( 0.0%) 
physics               [variable]       31740/4194304  ( 0.8%) 
physics terrain       [variable]           2/1048576  ( 0.0%) 

Level flags = 0

Total triangle count: 634
Writing d:\steam\steamapps\sourcemods\entropyzero2-addonworkspace\mapsrc\prologue02.bsp
0 seconds elapsed



materialPath: D:\steam\steamapps\sourcemods\entropyzero2-addonworkspace\materials
Loading d:\steam\steamapps\sourcemods\entropyzero2-addonworkspace\mapsrc\prologue02.vmf
ConVarRef mat_reduceparticles doesn't point to an existing ConVar
fixing up env_cubemap materials on brush sides...
0...1...2...3...4...5...6...7...8...9...100...1...2...3...4...5...6...7...8...9...10Processing areas...done (0)
Building Faces...done (0)
Chop Details...done (0)
Find Visible Detail Sides...
Merged 8 detail faces...done (0)
Merging details...done (0)
FixTjuncs...
PruneNodes...
WriteBSP...
done (0)
writing d:\steam\steamapps\sourcemods\entropyzero2-addonworkspace\mapsrc\prologue02.prt...Building visibility clusters...
done (0)
Finding displacement neighbors...
Finding lightmap sample positions...
Displacement Alpha : 0...1...2...3...4...5...6...7...8...9...10
Building Physics collision data...
done (0) (31740 bytes)
Placing static props...
Placing detail props : 0...1...2...3...4...5...6...7...8...9...10
Compacting texture/material tables...
Reduced 193 texinfos to 85
Reduced 26 texdatas to 23 (616 bytes to 522)
Writing d:\steam\steamapps\sourcemods\entropyzero2-addonworkspace\mapsrc\prologue02.bsp
0 seconds elapsed



12 threads
reading d:\steam\steamapps\sourcemods\entropyzero2-addonworkspace\mapsrc\prologue02.bsp
reading d:\steam\steamapps\sourcemods\entropyzero2-addonworkspace\mapsrc\prologue02.prt
  20 portalclusters
  23 numportals
0...1...2...3...4...5...6...7...8...9...10Optimized: 16 visible clusters (5.41%)
Total clusters visible: 296
Average clusters visible: 14
Building PAS...
Average clusters audible: 19
visdatasize:289  compressed from 320
writing d:\steam\steamapps\sourcemods\entropyzero2-addonworkspace\mapsrc\prologue02.bsp
0 seconds elapsed



[Reading texlights from 'lights.rad']
[48 texlights parsed from 'lights.rad']

Loading d:\steam\steamapps\sourcemods\entropyzero2-addonworkspace\mapsrc\prologue02.bsp
212 faces
12322 square feet [1774385.25 square inches]
0 Displacements
0 Square Feet [0.00 Square Inches]
212 patches before subdivision
2080 patches after subdivision
4 direct lights
0...1...2...3...4...5...6...7...8...9...100...1...2...3...4...5...6...7...8...9...10transfers 111951, max 189
transfer lists:   0.9 megs
0...1...2...3...4...5...6...7...8...9...10	Bounce #1 added RGB(4161, 3194, 1529)
0...1...2...3...4...5...6...7...8...9...10	Bounce #2 added RGB(831, 450, 142)
Build Patch/Sample Hash Table(s).....Done<0.0004 sec>
0...1...2...3...4...5...6...7...8...9...10FinalLightFace Done
0 of 0 (0% of) surface lights went in leaf ambient cubes.
0...1...2...3...4...5...6...7...8...9...10Writing leaf ambient...done
Ready to Finish

Object names       Objects/Maxobjs  Memory / Maxmem  Fullness 
------------       ---------------  ---------------  -------- 
models                   4/1024          192/49152    ( 0.4%) 
brushes                 88/8192         1056/98304    ( 1.1%) 
brushsides             573/65536        4584/524288   ( 0.9%) 
planes                 362/65536        7240/1310720  ( 0.6%) 
vertexes               409/65536        4908/786432   ( 0.6%) 
nodes                   99/65536        3168/2097152  ( 0.2%) 
texinfos                85/12288        6120/884736   ( 0.7%) 
texdata                 23/2048          736/65536    ( 1.1%) 
dispinfos                0/0               0/0        ( 0.0%) 
disp_verts               0/0               0/0        ( 0.0%) 
disp_tris                0/0               0/0        ( 0.0%) 
disp_lmsamples           0/0               0/0        ( 0.0%) 
faces                  212/65536       11872/3670016  ( 0.3%) 
hdr faces                0/65536           0/3670016  ( 0.0%) 
origfaces              154/65536        8624/3670016  ( 0.2%) 
leaves                 104/65536        3328/2097152  ( 0.2%) 
leaffaces              240/65536         480/131072   ( 0.4%) 
leafbrushes            133/65536         266/131072   ( 0.2%) 
areas                    2/256            16/2048     ( 0.8%) 
surfedges             1678/512000       6712/2048000  ( 0.3%) 
edges                 1080/256000       4320/1024000  ( 0.4%) 
LDR worldlights          4/65536         352/5767168  ( 0.0%) 
HDR worldlights          0/65536           0/5767168  ( 0.0%) 
leafwaterdata            0/32768           0/393216   ( 0.0%) 
waterstrips             28/32768         280/327680   ( 0.1%) 
waterverts               0/65536           0/786432   ( 0.0%) 
waterindices           417/65536         834/131072   ( 0.6%) 
cubemapsamples           0/1024            0/16384    ( 0.0%) 
overlays                 2/8192          704/2883584  ( 0.0%) 
LDR lightdata         [variable]       59492/0        ( 0.0%) 
HDR lightdata         [variable]           0/0        ( 0.0%) 
visdata               [variable]         289/16777216 ( 0.0%) 
entdata               [variable]        9214/393216   ( 2.3%) 
LDR ambient table      104/65536         416/262144   ( 0.2%) 
HDR ambient table      104/65536         416/262144   ( 0.2%) 
LDR leaf ambient       139/65536        3892/1835008  ( 0.2%) 
HDR leaf ambient       104/65536        2912/1835008  ( 0.2%) 
occluders                0/0               0/0        ( 0.0%) 
occluder polygons        0/0               0/0        ( 0.0%) 
occluder vert ind        0/0               0/0        ( 0.0%) 
detail props          [variable]           1/12       ( 8.3%) 
static props          [variable]           1/2162     ( 0.0%) 
pakfile               [variable]         362/0        ( 0.0%) 
physics               [variable]       31740/4194304  ( 0.8%) 
physics terrain       [variable]           2/1048576  ( 0.0%) 

Level flags = 0

Total triangle count: 638
Writing d:\steam\steamapps\sourcemods\entropyzero2-addonworkspace\mapsrc\prologue02.bsp
0 seconds elapsed



materialPath: D:\steam\steamapps\sourcemods\entropyzero2-addonworkspace\materials
Loading d:\steam\steamapps\sourcemods\entropyzero2-addonworkspace\mapsrc\prologue02.vmf
ConVarRef mat_reduceparticles doesn't point to an existing ConVar
fixing up env_cubemap materials on brush sides...
0...1...2...3...4...5...6...7...8...9...10**** leaked ****
Entity prop_static (-537.07 -316.02 -247.20) leaked!
--- MAP LEAKED ---



12 threads
reading d:\steam\steamapps\sourcemods\entropyzero2-addonworkspace\mapsrc\prologue02.bsp
reading d:\steam\steamapps\sourcemods\entropyzero2-addonworkspace\mapsrc\prologue02.prt
LoadPortals: couldn't read d:\steam\steamapps\sourcemods\entropyzero2-addonworkspace\mapsrc\prologue02.prt



materialPath: D:\steam\steamapps\sourcemods\entropyzero2-addonworkspace\materials
Loading d:\steam\steamapps\sourcemods\entropyzero2-addonworkspace\mapsrc\prologue02.vmf
ConVarRef mat_reduceparticles doesn't point to an existing ConVar
fixing up env_cubemap materials on brush sides...
0...1...2...3...4...5...6...7...8...9...100...1...2...3...4...5...6...7...8...9...10Processing areas...done (0)
Building Faces...done (0)
Chop Details...done (0)
Find Visible Detail Sides...
Merged 8 detail faces...done (0)
Merging details...done (0)
FixTjuncs...
PruneNodes...
WriteBSP...
done (0)
writing d:\steam\steamapps\sourcemods\entropyzero2-addonworkspace\mapsrc\prologue02.prt...Building visibility clusters...
done (0)
Finding displacement neighbors...
Finding lightmap sample positions...
Displacement Alpha : 0...1...2...3...4...5...6...7...8...9...10
Building Physics collision data...
done (0) (31396 bytes)
Placing static props...
Placing detail props : 0...1...2...3...4...5...6...7...8...9...10
Compacting texture/material tables...
Reduced 193 texinfos to 84
Reduced 26 texdatas to 23 (616 bytes to 522)
Writing d:\steam\steamapps\sourcemods\entropyzero2-addonworkspace\mapsrc\prologue02.bsp
0 seconds elapsed



12 threads
reading d:\steam\steamapps\sourcemods\entropyzero2-addonworkspace\mapsrc\prologue02.bsp
reading d:\steam\steamapps\sourcemods\entropyzero2-addonworkspace\mapsrc\prologue02.prt
  20 portalclusters
  23 numportals
0...1...2...3...4...5...6...7...8...9...10Optimized: 10 visible clusters (3.45%)
Total clusters visible: 290
Average clusters visible: 14
Building PAS...
Average clusters audible: 19
visdatasize:289  compressed from 320
writing d:\steam\steamapps\sourcemods\entropyzero2-addonworkspace\mapsrc\prologue02.bsp
0 seconds elapsed



[Reading texlights from 'lights.rad']
[48 texlights parsed from 'lights.rad']

Loading d:\steam\steamapps\sourcemods\entropyzero2-addonworkspace\mapsrc\prologue02.bsp
208 faces
11361 square feet [1636014.25 square inches]
0 Displacements
0 Square Feet [0.00 Square Inches]
208 patches before subdivision
1900 patches after subdivision
4 direct lights
0...1...2...3...4...5...6...7...8...9...100...1...2...3...4...5...6...7...8...9...10transfers 90569, max 189
transfer lists:   0.7 megs
0...1...2...3...4...5...6...7...8...9...10	Bounce #1 added RGB(4139, 3194, 1529)
0...1...2...3...4...5...6...7...8...9...10	Bounce #2 added RGB(828, 450, 142)
Build Patch/Sample Hash Table(s).....Done<0.0004 sec>
0...1...2...3...4...5...6...7...8...9...10FinalLightFace Done
0 of 0 (0% of) surface lights went in leaf ambient cubes.
0...1...2...3...4...5...6...7...8...9...10Writing leaf ambient...done
Ready to Finish

Object names       Objects/Maxobjs  Memory / Maxmem  Fullness 
------------       ---------------  ---------------  -------- 
models                   4/1024          192/49152    ( 0.4%) 
brushes                 88/8192         1056/98304    ( 1.1%) 
brushsides             574/65536        4592/524288   ( 0.9%) 
planes                 364/65536        7280/1310720  ( 0.6%) 
vertexes               415/65536        4980/786432   ( 0.6%) 
nodes                   98/65536        3136/2097152  ( 0.1%) 
texinfos                84/12288        6048/884736   ( 0.7%) 
texdata                 23/2048          736/65536    ( 1.1%) 
dispinfos                0/0               0/0        ( 0.0%) 
disp_verts               0/0               0/0        ( 0.0%) 
disp_tris                0/0               0/0        ( 0.0%) 
disp_lmsamples           0/0               0/0        ( 0.0%) 
faces                  208/65536       11648/3670016  ( 0.3%) 
hdr faces                0/65536           0/3670016  ( 0.0%) 
origfaces              153/65536        8568/3670016  ( 0.2%) 
leaves                 103/65536        3296/2097152  ( 0.2%) 
leaffaces              235/65536         470/131072   ( 0.4%) 
leafbrushes            132/65536         264/131072   ( 0.2%) 
areas                    2/256            16/2048     ( 0.8%) 
surfedges             1656/512000       6624/2048000  ( 0.3%) 
edges                 1067/256000       4268/1024000  ( 0.4%) 
LDR worldlights          4/65536         352/5767168  ( 0.0%) 
HDR worldlights          0/65536           0/5767168  ( 0.0%) 
leafwaterdata            0/32768           0/393216   ( 0.0%) 
waterstrips             28/32768         280/327680   ( 0.1%) 
waterverts               0/65536           0/786432   ( 0.0%) 
waterindices           411/65536         822/131072   ( 0.6%) 
cubemapsamples           0/1024            0/16384    ( 0.0%) 
overlays                 2/8192          704/2883584  ( 0.0%) 
LDR lightdata         [variable]       55872/0        ( 0.0%) 
HDR lightdata         [variable]           0/0        ( 0.0%) 
visdata               [variable]         289/16777216 ( 0.0%) 
entdata               [variable]        9715/393216   ( 2.5%) 
LDR ambient table      103/65536         412/262144   ( 0.2%) 
HDR ambient table      103/65536         412/262144   ( 0.2%) 
LDR leaf ambient       124/65536        3472/1835008  ( 0.2%) 
HDR leaf ambient       103/65536        2884/1835008  ( 0.2%) 
occluders                0/0               0/0        ( 0.0%) 
occluder polygons        0/0               0/0        ( 0.0%) 
occluder vert ind        0/0               0/0        ( 0.0%) 
detail props          [variable]           1/12       ( 8.3%) 
static props          [variable]           1/2228     ( 0.0%) 
pakfile               [variable]         362/0        ( 0.0%) 
physics               [variable]       31396/4194304  ( 0.7%) 
physics terrain       [variable]           2/1048576  ( 0.0%) 

Level flags = 0

Total triangle count: 628
Writing d:\steam\steamapps\sourcemods\entropyzero2-addonworkspace\mapsrc\prologue02.bsp
0 seconds elapsed



materialPath: D:\steam\steamapps\sourcemods\entropyzero2-addonworkspace\materials
Loading d:\steam\steamapps\sourcemods\entropyzero2-addonworkspace\mapsrc\prologue02.vmf
ConVarRef mat_reduceparticles doesn't point to an existing ConVar
fixing up env_cubemap materials on brush sides...
0...1...2...3...4...5...6...7...8...9...10**** leaked ****
Entity func_useableladder (-536.00 -392.00 678.00) leaked!
--- MAP LEAKED ---



12 threads
reading d:\steam\steamapps\sourcemods\entropyzero2-addonworkspace\mapsrc\prologue02.bsp
reading d:\steam\steamapps\sourcemods\entropyzero2-addonworkspace\mapsrc\prologue02.prt
LoadPortals: couldn't read d:\steam\steamapps\sourcemods\entropyzero2-addonworkspace\mapsrc\prologue02.prt



materialPath: D:\steam\steamapps\sourcemods\entropyzero2-addonworkspace\materials
Loading d:\steam\steamapps\sourcemods\entropyzero2-addonworkspace\mapsrc\prologue02.vmf
ConVarRef mat_reduceparticles doesn't point to an existing ConVar
fixing up env_cubemap materials on brush sides...
0...1...2...3...4...5...6...7...8...9...10**** leaked ****
Entity func_useableladder (-536.00 -392.00 678.00) leaked!
--- MAP LEAKED ---



12 threads
reading d:\steam\steamapps\sourcemods\entropyzero2-addonworkspace\mapsrc\prologue02.bsp
reading d:\steam\steamapps\sourcemods\entropyzero2-addonworkspace\mapsrc\prologue02.prt
LoadPortals: couldn't read d:\steam\steamapps\sourcemods\entropyzero2-addonworkspace\mapsrc\prologue02.prt



materialPath: D:\steam\steamapps\sourcemods\entropyzero2-addonworkspace\materials
Loading d:\steam\steamapps\sourcemods\entropyzero2-addonworkspace\mapsrc\prologue02.vmf
ConVarRef mat_reduceparticles doesn't point to an existing ConVar
fixing up env_cubemap materials on brush sides...
0...1...2...3...4...5...6...7...8...9...10**** leaked ****
Entity func_useableladder (-536.00 -392.00 678.00) leaked!
--- MAP LEAKED ---



12 threads
reading d:\steam\steamapps\sourcemods\entropyzero2-addonworkspace\mapsrc\prologue02.bsp
reading d:\steam\steamapps\sourcemods\entropyzero2-addonworkspace\mapsrc\prologue02.prt
LoadPortals: couldn't read d:\steam\steamapps\sourcemods\entropyzero2-addonworkspace\mapsrc\prologue02.prt



materialPath: D:\steam\steamapps\sourcemods\entropyzero2-addonworkspace\materials
Loading d:\steam\steamapps\sourcemods\entropyzero2-addonworkspace\mapsrc\prologue02.vmf
ConVarRef mat_reduceparticles doesn't point to an existing ConVar
fixing up env_cubemap materials on brush sides...
0...1...2...3...4...5...6...7...8...9...100...1...2...3...4...5...6...7...8...9...10Processing areas...done (0)
Building Faces...done (0)
Chop Details...done (0)
Find Visible Detail Sides...
Merged 16 detail faces...done (0)
Merging details...done (0)
FixTjuncs...
PruneNodes...
WriteBSP...
done (0)
writing d:\steam\steamapps\sourcemods\entropyzero2-addonworkspace\mapsrc\prologue02.prt...Building visibility clusters...
done (0)
Finding displacement neighbors...
Finding lightmap sample positions...
Displacement Alpha : 0...1...2...3...4...5...6...7...8...9...10
Building Physics collision data...
done (0) (33804 bytes)
Placing static props...
Placing detail props : 0...1...2...3...4...5...6...7...8...9...10
Compacting texture/material tables...
Reduced 218 texinfos to 96
Reduced 32 texdatas to 29 (812 bytes to 718)
Writing d:\steam\steamapps\sourcemods\entropyzero2-addonworkspace\mapsrc\prologue02.bsp
0 seconds elapsed



12 threads
reading d:\steam\steamapps\sourcemods\entropyzero2-addonworkspace\mapsrc\prologue02.bsp
reading d:\steam\steamapps\sourcemods\entropyzero2-addonworkspace\mapsrc\prologue02.prt
  22 portalclusters
  26 numportals
0...1...2...3...4...5...6...7...8...9...10Optimized: 5 visible clusters (1.56%)
Total clusters visible: 321
Average clusters visible: 14
Building PAS...
Average clusters audible: 21
visdatasize:319  compressed from 352
writing d:\steam\steamapps\sourcemods\entropyzero2-addonworkspace\mapsrc\prologue02.bsp
0 seconds elapsed



[Reading texlights from 'lights.rad']
[48 texlights parsed from 'lights.rad']

Loading d:\steam\steamapps\sourcemods\entropyzero2-addonworkspace\mapsrc\prologue02.bsp
226 faces
11951 square feet [1720982.25 square inches]
0 Displacements
0 Square Feet [0.00 Square Inches]
226 patches before subdivision
2128 patches after subdivision
4 direct lights
0...1...2...3...4...5...6...7...8...9...100...1...2...3...4...5...6...7...8...9...10transfers 115032, max 192
transfer lists:   0.9 megs
0...1...2...3...4...5...6...7...8...9...10	Bounce #1 added RGB(4762, 3194, 1529)
0...1...2...3...4...5...6...7...8...9...10	Bounce #2 added RGB(937, 450, 142)
Build Patch/Sample Hash Table(s).....Done<0.0003 sec>
0...1...2...3...4...5...6...7...8...9...10FinalLightFace Done
0 of 0 (0% of) surface lights went in leaf ambient cubes.
0...1...2...3...4...5...6...7...8...9...10Writing leaf ambient...done
Ready to Finish

Object names       Objects/Maxobjs  Memory / Maxmem  Fullness 
------------       ---------------  ---------------  -------- 
models                   4/1024          192/49152    ( 0.4%) 
brushes                 95/8192         1140/98304    ( 1.2%) 
brushsides             616/65536        4928/524288   ( 0.9%) 
planes                 376/65536        7520/1310720  ( 0.6%) 
vertexes               456/65536        5472/786432   ( 0.7%) 
nodes                  103/65536        3296/2097152  ( 0.2%) 
texinfos                96/12288        6912/884736   ( 0.8%) 
texdata                 29/2048          928/65536    ( 1.4%) 
dispinfos                0/0               0/0        ( 0.0%) 
disp_verts               0/0               0/0        ( 0.0%) 
disp_tris                0/0               0/0        ( 0.0%) 
disp_lmsamples           0/0               0/0        ( 0.0%) 
faces                  226/65536       12656/3670016  ( 0.3%) 
hdr faces                0/65536           0/3670016  ( 0.0%) 
origfaces              165/65536        9240/3670016  ( 0.3%) 
leaves                 108/65536        3456/2097152  ( 0.2%) 
leaffaces              257/65536         514/131072   ( 0.4%) 
leafbrushes            144/65536         288/131072   ( 0.2%) 
areas                    2/256            16/2048     ( 0.8%) 
surfedges             1830/512000       7320/2048000  ( 0.4%) 
edges                 1184/256000       4736/1024000  ( 0.5%) 
LDR worldlights          4/65536         352/5767168  ( 0.0%) 
HDR worldlights          0/65536           0/5767168  ( 0.0%) 
leafwaterdata            0/32768           0/393216   ( 0.0%) 
waterstrips             46/32768         460/327680   ( 0.1%) 
waterverts               0/65536           0/786432   ( 0.0%) 
waterindices           651/65536        1302/131072   ( 1.0%) 
cubemapsamples           0/1024            0/16384    ( 0.0%) 
overlays                 5/8192         1760/2883584  ( 0.1%) 
LDR lightdata         [variable]       63996/0        ( 0.0%) 
HDR lightdata         [variable]           0/0        ( 0.0%) 
visdata               [variable]         319/16777216 ( 0.0%) 
entdata               [variable]       10620/393216   ( 2.7%) 
LDR ambient table      108/65536         432/262144   ( 0.2%) 
HDR ambient table      108/65536         432/262144   ( 0.2%) 
LDR leaf ambient       142/65536        3976/1835008  ( 0.2%) 
HDR leaf ambient       108/65536        3024/1835008  ( 0.2%) 
occluders                0/0               0/0        ( 0.0%) 
occluder polygons        0/0               0/0        ( 0.0%) 
occluder vert ind        0/0               0/0        ( 0.0%) 
detail props          [variable]           1/12       ( 8.3%) 
static props          [variable]           1/2232     ( 0.0%) 
pakfile               [variable]         362/0        ( 0.0%) 
physics               [variable]       33804/4194304  ( 0.8%) 
physics terrain       [variable]           2/1048576  ( 0.0%) 

Level flags = 0

Total triangle count: 718
Writing d:\steam\steamapps\sourcemods\entropyzero2-addonworkspace\mapsrc\prologue02.bsp
0 seconds elapsed



materialPath: D:\steam\steamapps\sourcemods\entropyzero2-addonworkspace\materials
Loading d:\steam\steamapps\sourcemods\entropyzero2-addonworkspace\mapsrc\prologue02.vmf
ConVarRef mat_reduceparticles doesn't point to an existing ConVar
fixing up env_cubemap materials on brush sides...
0...1...2...3...4...5...6...7...8...9...100...1...2...3...4...5...6...7...8...9...10Processing areas...done (0)
Building Faces...done (0)
Chop Details...done (0)
Find Visible Detail Sides...
Merged 16 detail faces...done (0)
Merging details...done (0)
FixTjuncs...
PruneNodes...
WriteBSP...
done (0)
writing d:\steam\steamapps\sourcemods\entropyzero2-addonworkspace\mapsrc\prologue02.prt...Building visibility clusters...
done (0)
Finding displacement neighbors...
Finding lightmap sample positions...
Displacement Alpha : 0...1...2...3...4...5...6...7...8...9...10
Building Physics collision data...
done (0) (33804 bytes)
Placing static props...
Placing detail props : 0...1...2...3...4...5...6...7...8...9...10
Compacting texture/material tables...
Reduced 218 texinfos to 96
Reduced 32 texdatas to 29 (812 bytes to 718)
Writing d:\steam\steamapps\sourcemods\entropyzero2-addonworkspace\mapsrc\prologue02.bsp
0 seconds elapsed



12 threads
reading d:\steam\steamapps\sourcemods\entropyzero2-addonworkspace\mapsrc\prologue02.bsp
reading d:\steam\steamapps\sourcemods\entropyzero2-addonworkspace\mapsrc\prologue02.prt
  22 portalclusters
  26 numportals
0...1...2...3...4...5...6...7...8...9...10Optimized: 5 visible clusters (1.56%)
Total clusters visible: 321
Average clusters visible: 14
Building PAS...
Average clusters audible: 21
visdatasize:319  compressed from 352
writing d:\steam\steamapps\sourcemods\entropyzero2-addonworkspace\mapsrc\prologue02.bsp
0 seconds elapsed



[Reading texlights from 'lights.rad']
[48 texlights parsed from 'lights.rad']

Loading d:\steam\steamapps\sourcemods\entropyzero2-addonworkspace\mapsrc\prologue02.bsp
226 faces
11951 square feet [1720982.25 square inches]
0 Displacements
0 Square Feet [0.00 Square Inches]
226 patches before subdivision
2128 patches after subdivision
4 direct lights
0...1...2...3...4...5...6...7...8...9...100...1...2...3...4...5...6...7...8...9...10transfers 115032, max 192
transfer lists:   0.9 megs
0...1...2...3...4...5...6...7...8...9...10	Bounce #1 added RGB(4762, 3194, 1529)
0...1...2...3...4...5...6...7...8...9...10	Bounce #2 added RGB(937, 450, 142)
Build Patch/Sample Hash Table(s).....Done<0.0004 sec>
0...1...2...3...4...5...6...7...8...9...10FinalLightFace Done
0 of 0 (0% of) surface lights went in leaf ambient cubes.
0...1...2...3...4...5...6...7...8...9...10Writing leaf ambient...done
Ready to Finish

Object names       Objects/Maxobjs  Memory / Maxmem  Fullness 
------------       ---------------  ---------------  -------- 
models                   4/1024          192/49152    ( 0.4%) 
brushes                 95/8192         1140/98304    ( 1.2%) 
brushsides             616/65536        4928/524288   ( 0.9%) 
planes                 376/65536        7520/1310720  ( 0.6%) 
vertexes               456/65536        5472/786432   ( 0.7%) 
nodes                  103/65536        3296/2097152  ( 0.2%) 
texinfos                96/12288        6912/884736   ( 0.8%) 
texdata                 29/2048          928/65536    ( 1.4%) 
dispinfos                0/0               0/0        ( 0.0%) 
disp_verts               0/0               0/0        ( 0.0%) 
disp_tris                0/0               0/0        ( 0.0%) 
disp_lmsamples           0/0               0/0        ( 0.0%) 
faces                  226/65536       12656/3670016  ( 0.3%) 
hdr faces                0/65536           0/3670016  ( 0.0%) 
origfaces              165/65536        9240/3670016  ( 0.3%) 
leaves                 108/65536        3456/2097152  ( 0.2%) 
leaffaces              257/65536         514/131072   ( 0.4%) 
leafbrushes            144/65536         288/131072   ( 0.2%) 
areas                    2/256            16/2048     ( 0.8%) 
surfedges             1830/512000       7320/2048000  ( 0.4%) 
edges                 1184/256000       4736/1024000  ( 0.5%) 
LDR worldlights          4/65536         352/5767168  ( 0.0%) 
HDR worldlights          0/65536           0/5767168  ( 0.0%) 
leafwaterdata            0/32768           0/393216   ( 0.0%) 
waterstrips             46/32768         460/327680   ( 0.1%) 
waterverts               0/65536           0/786432   ( 0.0%) 
waterindices           651/65536        1302/131072   ( 1.0%) 
cubemapsamples           0/1024            0/16384    ( 0.0%) 
overlays                 5/8192         1760/2883584  ( 0.1%) 
LDR lightdata         [variable]       63996/0        ( 0.0%) 
HDR lightdata         [variable]           0/0        ( 0.0%) 
visdata               [variable]         319/16777216 ( 0.0%) 
entdata               [variable]       10620/393216   ( 2.7%) 
LDR ambient table      108/65536         432/262144   ( 0.2%) 
HDR ambient table      108/65536         432/262144   ( 0.2%) 
LDR leaf ambient       142/65536        3976/1835008  ( 0.2%) 
HDR leaf ambient       108/65536        3024/1835008  ( 0.2%) 
occluders                0/0               0/0        ( 0.0%) 
occluder polygons        0/0               0/0        ( 0.0%) 
occluder vert ind        0/0               0/0        ( 0.0%) 
detail props          [variable]           1/12       ( 8.3%) 
static props          [variable]           1/2232     ( 0.0%) 
pakfile               [variable]         362/0        ( 0.0%) 
physics               [variable]       33804/4194304  ( 0.8%) 
physics terrain       [variable]           2/1048576  ( 0.0%) 

Level flags = 0

Total triangle count: 718
Writing d:\steam\steamapps\sourcemods\entropyzero2-addonworkspace\mapsrc\prologue02.bsp
0 seconds elapsed



materialPath: D:\steam\steamapps\sourcemods\entropyzero2-addonworkspace\materials
Loading d:\steam\steamapps\sourcemods\entropyzero2-addonworkspace\mapsrc\prologue02.vmf
ConVarRef mat_reduceparticles doesn't point to an existing ConVar
fixing up env_cubemap materials on brush sides...
0...1...2...3...4...5...6...7...8...9...100...1...2...3...4...5...6...7...8...9...10Processing areas...done (0)
Building Faces...done (0)
Chop Details...done (0)
Find Visible Detail Sides...
Merged 16 detail faces...done (0)
Merging details...done (0)
FixTjuncs...
PruneNodes...
WriteBSP...
done (0)
writing d:\steam\steamapps\sourcemods\entropyzero2-addonworkspace\mapsrc\prologue02.prt...Building visibility clusters...
done (0)
Finding displacement neighbors...
Finding lightmap sample positions...
Displacement Alpha : 0...1...2...3...4...5...6...7...8...9...10
Building Physics collision data...
done (0) (33804 bytes)
Placing static props...
Placing detail props : 0...1...2...3...4...5...6...7...8...9...10
Compacting texture/material tables...
Reduced 218 texinfos to 96
Reduced 32 texdatas to 29 (812 bytes to 718)
Writing d:\steam\steamapps\sourcemods\entropyzero2-addonworkspace\mapsrc\prologue02.bsp
0 seconds elapsed



12 threads
reading d:\steam\steamapps\sourcemods\entropyzero2-addonworkspace\mapsrc\prologue02.bsp
reading d:\steam\steamapps\sourcemods\entropyzero2-addonworkspace\mapsrc\prologue02.prt
  22 portalclusters
  26 numportals
0...1...2...3...4...5...6...7...8...9...10Optimized: 5 visible clusters (1.56%)
Total clusters visible: 321
Average clusters visible: 14
Building PAS...
Average clusters audible: 21
visdatasize:319  compressed from 352
writing d:\steam\steamapps\sourcemods\entropyzero2-addonworkspace\mapsrc\prologue02.bsp
0 seconds elapsed



[Reading texlights from 'lights.rad']
[48 texlights parsed from 'lights.rad']

Loading d:\steam\steamapps\sourcemods\entropyzero2-addonworkspace\mapsrc\prologue02.bsp
226 faces
11951 square feet [1720982.25 square inches]
0 Displacements
0 Square Feet [0.00 Square Inches]
226 patches before subdivision
2128 patches after subdivision
4 direct lights
0...1...2...3...4...5...6...7...8...9...100...1...2...3...4...5...6...7...8...9...10transfers 115139, max 192
transfer lists:   0.9 megs
0...1...2...3...4...5...6...7...8...9...10	Bounce #1 added RGB(4764, 3194, 1529)
0...1...2...3...4...5...6...7...8...9...10	Bounce #2 added RGB(937, 450, 142)
Build Patch/Sample Hash Table(s).....Done<0.0003 sec>
0...1...2...3...4...5...6...7...8...9...10FinalLightFace Done
0 of 0 (0% of) surface lights went in leaf ambient cubes.
0...1...2...3...4...5...6...7...8...9...10Writing leaf ambient...done
Ready to Finish

Object names       Objects/Maxobjs  Memory / Maxmem  Fullness 
------------       ---------------  ---------------  -------- 
models                   4/1024          192/49152    ( 0.4%) 
brushes                 95/8192         1140/98304    ( 1.2%) 
brushsides             616/65536        4928/524288   ( 0.9%) 
planes                 376/65536        7520/1310720  ( 0.6%) 
vertexes               456/65536        5472/786432   ( 0.7%) 
nodes                  103/65536        3296/2097152  ( 0.2%) 
texinfos                96/12288        6912/884736   ( 0.8%) 
texdata                 29/2048          928/65536    ( 1.4%) 
dispinfos                0/0               0/0        ( 0.0%) 
disp_verts               0/0               0/0        ( 0.0%) 
disp_tris                0/0               0/0        ( 0.0%) 
disp_lmsamples           0/0               0/0        ( 0.0%) 
faces                  226/65536       12656/3670016  ( 0.3%) 
hdr faces                0/65536           0/3670016  ( 0.0%) 
origfaces              165/65536        9240/3670016  ( 0.3%) 
leaves                 108/65536        3456/2097152  ( 0.2%) 
leaffaces              257/65536         514/131072   ( 0.4%) 
leafbrushes            144/65536         288/131072   ( 0.2%) 
areas                    2/256            16/2048     ( 0.8%) 
surfedges             1830/512000       7320/2048000  ( 0.4%) 
edges                 1184/256000       4736/1024000  ( 0.5%) 
LDR worldlights          4/65536         352/5767168  ( 0.0%) 
HDR worldlights          0/65536           0/5767168  ( 0.0%) 
leafwaterdata            0/32768           0/393216   ( 0.0%) 
waterstrips             46/32768         460/327680   ( 0.1%) 
waterverts               0/65536           0/786432   ( 0.0%) 
waterindices           651/65536        1302/131072   ( 1.0%) 
cubemapsamples           0/1024            0/16384    ( 0.0%) 
overlays                 5/8192         1760/2883584  ( 0.1%) 
LDR lightdata         [variable]       63996/0        ( 0.0%) 
HDR lightdata         [variable]           0/0        ( 0.0%) 
visdata               [variable]         319/16777216 ( 0.0%) 
entdata               [variable]       10620/393216   ( 2.7%) 
LDR ambient table      108/65536         432/262144   ( 0.2%) 
HDR ambient table      108/65536         432/262144   ( 0.2%) 
LDR leaf ambient       142/65536        3976/1835008  ( 0.2%) 
HDR leaf ambient       108/65536        3024/1835008  ( 0.2%) 
occluders                0/0               0/0        ( 0.0%) 
occluder polygons        0/0               0/0        ( 0.0%) 
occluder vert ind        0/0               0/0        ( 0.0%) 
detail props          [variable]           1/12       ( 8.3%) 
static props          [variable]           1/2232     ( 0.0%) 
pakfile               [variable]         362/0        ( 0.0%) 
physics               [variable]       33804/4194304  ( 0.8%) 
physics terrain       [variable]           2/1048576  ( 0.0%) 

Level flags = 0

Total triangle count: 718
Writing d:\steam\steamapps\sourcemods\entropyzero2-addonworkspace\mapsrc\prologue02.bsp
0 seconds elapsed



materialPath: D:\steam\steamapps\sourcemods\entropyzero2-addonworkspace\materials
Loading d:\steam\steamapps\sourcemods\entropyzero2-addonworkspace\mapsrc\prologue02.vmf
ConVarRef mat_reduceparticles doesn't point to an existing ConVar
fixing up env_cubemap materials on brush sides...
0...1...2...3...4...5...6...7...8...9...100...1...2...3...4...5...6...7...8...9...10Processing areas...done (0)
Building Faces...done (0)
Chop Details...done (0)
Find Visible Detail Sides...
Merged 16 detail faces...done (0)
Merging details...done (0)
FixTjuncs...
PruneNodes...
WriteBSP...
done (0)
writing d:\steam\steamapps\sourcemods\entropyzero2-addonworkspace\mapsrc\prologue02.prt...Building visibility clusters...
done (0)
Finding displacement neighbors...
Finding lightmap sample positions...
Displacement Alpha : 0...1...2...3...4...5...6...7...8...9...10
Building Physics collision data...
done (0) (33804 bytes)
Placing static props...
Placing detail props : 0...1...2...3...4...5...6...7...8...9...10
Compacting texture/material tables...
Reduced 218 texinfos to 96
Reduced 32 texdatas to 29 (812 bytes to 718)
Writing d:\steam\steamapps\sourcemods\entropyzero2-addonworkspace\mapsrc\prologue02.bsp
0 seconds elapsed



12 threads
reading d:\steam\steamapps\sourcemods\entropyzero2-addonworkspace\mapsrc\prologue02.bsp
reading d:\steam\steamapps\sourcemods\entropyzero2-addonworkspace\mapsrc\prologue02.prt
  22 portalclusters
  26 numportals
0...1...2...3...4...5...6...7...8...9...10Optimized: 5 visible clusters (1.56%)
Total clusters visible: 321
Average clusters visible: 14
Building PAS...
Average clusters audible: 21
visdatasize:319  compressed from 352
writing d:\steam\steamapps\sourcemods\entropyzero2-addonworkspace\mapsrc\prologue02.bsp
0 seconds elapsed



[Reading texlights from 'lights.rad']
[48 texlights parsed from 'lights.rad']

Loading d:\steam\steamapps\sourcemods\entropyzero2-addonworkspace\mapsrc\prologue02.bsp
226 faces
11951 square feet [1720982.25 square inches]
0 Displacements
0 Square Feet [0.00 Square Inches]
226 patches before subdivision
2128 patches after subdivision
4 direct lights
0...1...2...3...4...5...6...7...8...9...100...1...2...3...4...5...6...7...8...9...10transfers 114655, max 190
transfer lists:   0.9 megs
0...1...2...3...4...5...6...7...8...9...10	Bounce #1 added RGB(4754, 3194, 1529)
0...1...2...3...4...5...6...7...8...9...10	Bounce #2 added RGB(934, 450, 142)
Build Patch/Sample Hash Table(s).....Done<0.0005 sec>
0...1...2...3...4...5...6...7...8...9...10FinalLightFace Done
0 of 0 (0% of) surface lights went in leaf ambient cubes.
0...1...2...3...4...5...6...7...8...9...10Writing leaf ambient...done
Ready to Finish

Object names       Objects/Maxobjs  Memory / Maxmem  Fullness 
------------       ---------------  ---------------  -------- 
models                   4/1024          192/49152    ( 0.4%) 
brushes                 95/8192         1140/98304    ( 1.2%) 
brushsides             616/65536        4928/524288   ( 0.9%) 
planes                 376/65536        7520/1310720  ( 0.6%) 
vertexes               456/65536        5472/786432   ( 0.7%) 
nodes                  103/65536        3296/2097152  ( 0.2%) 
texinfos                96/12288        6912/884736   ( 0.8%) 
texdata                 29/2048          928/65536    ( 1.4%) 
dispinfos                0/0               0/0        ( 0.0%) 
disp_verts               0/0               0/0        ( 0.0%) 
disp_tris                0/0               0/0        ( 0.0%) 
disp_lmsamples           0/0               0/0        ( 0.0%) 
faces                  226/65536       12656/3670016  ( 0.3%) 
hdr faces                0/65536           0/3670016  ( 0.0%) 
origfaces              165/65536        9240/3670016  ( 0.3%) 
leaves                 108/65536        3456/2097152  ( 0.2%) 
leaffaces              257/65536         514/131072   ( 0.4%) 
leafbrushes            144/65536         288/131072   ( 0.2%) 
areas                    2/256            16/2048     ( 0.8%) 
surfedges             1830/512000       7320/2048000  ( 0.4%) 
edges                 1184/256000       4736/1024000  ( 0.5%) 
LDR worldlights          4/65536         352/5767168  ( 0.0%) 
HDR worldlights          0/65536           0/5767168  ( 0.0%) 
leafwaterdata            0/32768           0/393216   ( 0.0%) 
waterstrips             46/32768         460/327680   ( 0.1%) 
waterverts               0/65536           0/786432   ( 0.0%) 
waterindices           651/65536        1302/131072   ( 1.0%) 
cubemapsamples           0/1024            0/16384    ( 0.0%) 
overlays                 5/8192         1760/2883584  ( 0.1%) 
LDR lightdata         [variable]       63996/0        ( 0.0%) 
HDR lightdata         [variable]           0/0        ( 0.0%) 
visdata               [variable]         319/16777216 ( 0.0%) 
entdata               [variable]       10622/393216   ( 2.7%) 
LDR ambient table      108/65536         432/262144   ( 0.2%) 
HDR ambient table      108/65536         432/262144   ( 0.2%) 
LDR leaf ambient       142/65536        3976/1835008  ( 0.2%) 
HDR leaf ambient       108/65536        3024/1835008  ( 0.2%) 
occluders                0/0               0/0        ( 0.0%) 
occluder polygons        0/0               0/0        ( 0.0%) 
occluder vert ind        0/0               0/0        ( 0.0%) 
detail props          [variable]           1/12       ( 8.3%) 
static props          [variable]           1/2300     ( 0.0%) 
pakfile               [variable]         362/0        ( 0.0%) 
physics               [variable]       33804/4194304  ( 0.8%) 
physics terrain       [variable]           2/1048576  ( 0.0%) 

Level flags = 0

Total triangle count: 718
Writing d:\steam\steamapps\sourcemods\entropyzero2-addonworkspace\mapsrc\prologue02.bsp
0 seconds elapsed



materialPath: D:\steam\steamapps\sourcemods\entropyzero2-addonworkspace\materials
Loading d:\steam\steamapps\sourcemods\entropyzero2-addonworkspace\mapsrc\prologue02.vmf
ConVarRef mat_reduceparticles doesn't point to an existing ConVar
fixing up env_cubemap materials on brush sides...
0...1...2...3...4...5...6...7...8...9...100...1...2...3...4...5...6...7...8...9...10Processing areas...done (0)
Building Faces...done (0)
Chop Details...done (0)
Find Visible Detail Sides...
Merged 16 detail faces...done (0)
Merging details...done (0)
FixTjuncs...
PruneNodes...
WriteBSP...
done (0)
writing d:\steam\steamapps\sourcemods\entropyzero2-addonworkspace\mapsrc\prologue02.prt...Building visibility clusters...
done (0)
Finding displacement neighbors...
Finding lightmap sample positions...
Displacement Alpha : 0...1...2...3...4...5...6...7...8...9...10
Building Physics collision data...
done (0) (33804 bytes)
Placing static props...
Placing detail props : 0...1...2...3...4...5...6...7...8...9...10
Compacting texture/material tables...
Reduced 218 texinfos to 96
Reduced 32 texdatas to 29 (812 bytes to 718)
Writing d:\steam\steamapps\sourcemods\entropyzero2-addonworkspace\mapsrc\prologue02.bsp
0 seconds elapsed



12 threads
reading d:\steam\steamapps\sourcemods\entropyzero2-addonworkspace\mapsrc\prologue02.bsp
reading d:\steam\steamapps\sourcemods\entropyzero2-addonworkspace\mapsrc\prologue02.prt
  22 portalclusters
  26 numportals
0...1...2...3...4...5...6...7...8...9...10Optimized: 5 visible clusters (1.56%)
Total clusters visible: 321
Average clusters visible: 14
Building PAS...
Average clusters audible: 21
visdatasize:319  compressed from 352
writing d:\steam\steamapps\sourcemods\entropyzero2-addonworkspace\mapsrc\prologue02.bsp
0 seconds elapsed



[Reading texlights from 'lights.rad']
[48 texlights parsed from 'lights.rad']

Loading d:\steam\steamapps\sourcemods\entropyzero2-addonworkspace\mapsrc\prologue02.bsp
226 faces
11951 square feet [1720982.25 square inches]
0 Displacements
0 Square Feet [0.00 Square Inches]
226 patches before subdivision
2128 patches after subdivision
4 direct lights
0...1...2...3...4...5...6...7...8...9...100...1...2...3...4...5...6...7...8...9...10transfers 114655, max 190
transfer lists:   0.9 megs
0...1...2...3...4...5...6...7...8...9...10	Bounce #1 added RGB(4754, 3194, 1529)
0...1...2...3...4...5...6...7...8...9...10	Bounce #2 added RGB(934, 450, 142)
Build Patch/Sample Hash Table(s).....Done<0.0003 sec>
0...1...2...3...4...5...6...7...8...9...10FinalLightFace Done
0 of 0 (0% of) surface lights went in leaf ambient cubes.
0...1...2...3...4...5...6...7...8...9...10Writing leaf ambient...done
Ready to Finish

Object names       Objects/Maxobjs  Memory / Maxmem  Fullness 
------------       ---------------  ---------------  -------- 
models                   4/1024          192/49152    ( 0.4%) 
brushes                 95/8192         1140/98304    ( 1.2%) 
brushsides             616/65536        4928/524288   ( 0.9%) 
planes                 376/65536        7520/1310720  ( 0.6%) 
vertexes               456/65536        5472/786432   ( 0.7%) 
nodes                  103/65536        3296/2097152  ( 0.2%) 
texinfos                96/12288        6912/884736   ( 0.8%) 
texdata                 29/2048          928/65536    ( 1.4%) 
dispinfos                0/0               0/0        ( 0.0%) 
disp_verts               0/0               0/0        ( 0.0%) 
disp_tris                0/0               0/0        ( 0.0%) 
disp_lmsamples           0/0               0/0        ( 0.0%) 
faces                  226/65536       12656/3670016  ( 0.3%) 
hdr faces                0/65536           0/3670016  ( 0.0%) 
origfaces              165/65536        9240/3670016  ( 0.3%) 
leaves                 108/65536        3456/2097152  ( 0.2%) 
leaffaces              257/65536         514/131072   ( 0.4%) 
leafbrushes            144/65536         288/131072   ( 0.2%) 
areas                    2/256            16/2048     ( 0.8%) 
surfedges             1830/512000       7320/2048000  ( 0.4%) 
edges                 1184/256000       4736/1024000  ( 0.5%) 
LDR worldlights          4/65536         352/5767168  ( 0.0%) 
HDR worldlights          0/65536           0/5767168  ( 0.0%) 
leafwaterdata            0/32768           0/393216   ( 0.0%) 
waterstrips             46/32768         460/327680   ( 0.1%) 
waterverts               0/65536           0/786432   ( 0.0%) 
waterindices           651/65536        1302/131072   ( 1.0%) 
cubemapsamples           0/1024            0/16384    ( 0.0%) 
overlays                 5/8192         1760/2883584  ( 0.1%) 
LDR lightdata         [variable]       63996/0        ( 0.0%) 
HDR lightdata         [variable]           0/0        ( 0.0%) 
visdata               [variable]         319/16777216 ( 0.0%) 
entdata               [variable]       10546/393216   ( 2.7%) 
LDR ambient table      108/65536         432/262144   ( 0.2%) 
HDR ambient table      108/65536         432/262144   ( 0.2%) 
LDR leaf ambient       142/65536        3976/1835008  ( 0.2%) 
HDR leaf ambient       108/65536        3024/1835008  ( 0.2%) 
occluders                0/0               0/0        ( 0.0%) 
occluder polygons        0/0               0/0        ( 0.0%) 
occluder vert ind        0/0               0/0        ( 0.0%) 
detail props          [variable]           1/12       ( 8.3%) 
static props          [variable]           1/2300     ( 0.0%) 
pakfile               [variable]         362/0        ( 0.0%) 
physics               [variable]       33804/4194304  ( 0.8%) 
physics terrain       [variable]           2/1048576  ( 0.0%) 

Level flags = 0

Total triangle count: 718
Writing d:\steam\steamapps\sourcemods\entropyzero2-addonworkspace\mapsrc\prologue02.bsp
0 seconds elapsed



materialPath: D:\steam\steamapps\sourcemods\entropyzero2-addonworkspace\materials
Loading d:\steam\steamapps\sourcemods\entropyzero2-addonworkspace\mapsrc\prologue02.vmf
ConVarRef mat_reduceparticles doesn't point to an existing ConVar
fixing up env_cubemap materials on brush sides...
0...1...2...3...4...5...6...7...8...9...100...1...2...3...4...5...6...7...8...9...10Processing areas...done (0)
Building Faces...done (0)
Chop Details...done (0)
Find Visible Detail Sides...
Merged 16 detail faces...done (0)
Merging details...done (0)
FixTjuncs...
PruneNodes...
WriteBSP...
done (0)
writing d:\steam\steamapps\sourcemods\entropyzero2-addonworkspace\mapsrc\prologue02.prt...Building visibility clusters...
done (0)
Finding displacement neighbors...
Finding lightmap sample positions...
Displacement Alpha : 0...1...2...3...4...5...6...7...8...9...10
Building Physics collision data...
done (0) (33804 bytes)
Placing static props...
Placing detail props : 0...1...2...3...4...5...6...7...8...9...10
Compacting texture/material tables...
Reduced 218 texinfos to 96
Reduced 32 texdatas to 29 (812 bytes to 718)
Writing d:\steam\steamapps\sourcemods\entropyzero2-addonworkspace\mapsrc\prologue02.bsp
0 seconds elapsed



12 threads
reading d:\steam\steamapps\sourcemods\entropyzero2-addonworkspace\mapsrc\prologue02.bsp
reading d:\steam\steamapps\sourcemods\entropyzero2-addonworkspace\mapsrc\prologue02.prt
  22 portalclusters
  26 numportals
0...1...2...3...4...5...6...7...8...9...10Optimized: 5 visible clusters (1.56%)
Total clusters visible: 321
Average clusters visible: 14
Building PAS...
Average clusters audible: 21
visdatasize:319  compressed from 352
writing d:\steam\steamapps\sourcemods\entropyzero2-addonworkspace\mapsrc\prologue02.bsp
0 seconds elapsed



[Reading texlights from 'lights.rad']
[48 texlights parsed from 'lights.rad']

Loading d:\steam\steamapps\sourcemods\entropyzero2-addonworkspace\mapsrc\prologue02.bsp
226 faces
11951 square feet [1720982.25 square inches]
0 Displacements
0 Square Feet [0.00 Square Inches]
226 patches before subdivision
2128 patches after subdivision
4 direct lights
0...1...2...3...4...5...6...7...8...9...100...1...2...3...4...5...6...7...8...9...10transfers 114655, max 190
transfer lists:   0.9 megs
0...1...2...3...4...5...6...7...8...9...10	Bounce #1 added RGB(4754, 3194, 1529)
0...1...2...3...4...5...6...7...8...9...10	Bounce #2 added RGB(934, 450, 142)
Build Patch/Sample Hash Table(s).....Done<0.0003 sec>
0...1...2...3...4...5...6...7...8...9...10FinalLightFace Done
0 of 0 (0% of) surface lights went in leaf ambient cubes.
0...1...2...3...4...5...6...7...8...9...10Writing leaf ambient...done
Ready to Finish

Object names       Objects/Maxobjs  Memory / Maxmem  Fullness 
------------       ---------------  ---------------  -------- 
models                   4/1024          192/49152    ( 0.4%) 
brushes                 95/8192         1140/98304    ( 1.2%) 
brushsides             616/65536        4928/524288   ( 0.9%) 
planes                 376/65536        7520/1310720  ( 0.6%) 
vertexes               456/65536        5472/786432   ( 0.7%) 
nodes                  103/65536        3296/2097152  ( 0.2%) 
texinfos                96/12288        6912/884736   ( 0.8%) 
texdata                 29/2048          928/65536    ( 1.4%) 
dispinfos                0/0               0/0        ( 0.0%) 
disp_verts               0/0               0/0        ( 0.0%) 
disp_tris                0/0               0/0        ( 0.0%) 
disp_lmsamples           0/0               0/0        ( 0.0%) 
faces                  226/65536       12656/3670016  ( 0.3%) 
hdr faces                0/65536           0/3670016  ( 0.0%) 
origfaces              165/65536        9240/3670016  ( 0.3%) 
leaves                 108/65536        3456/2097152  ( 0.2%) 
leaffaces              257/65536         514/131072   ( 0.4%) 
leafbrushes            144/65536         288/131072   ( 0.2%) 
areas                    2/256            16/2048     ( 0.8%) 
surfedges             1830/512000       7320/2048000  ( 0.4%) 
edges                 1184/256000       4736/1024000  ( 0.5%) 
LDR worldlights          4/65536         352/5767168  ( 0.0%) 
HDR worldlights          0/65536           0/5767168  ( 0.0%) 
leafwaterdata            0/32768           0/393216   ( 0.0%) 
waterstrips             46/32768         460/327680   ( 0.1%) 
waterverts               0/65536           0/786432   ( 0.0%) 
waterindices           651/65536        1302/131072   ( 1.0%) 
cubemapsamples           0/1024            0/16384    ( 0.0%) 
overlays                 5/8192         1760/2883584  ( 0.1%) 
LDR lightdata         [variable]       63996/0        ( 0.0%) 
HDR lightdata         [variable]           0/0        ( 0.0%) 
visdata               [variable]         319/16777216 ( 0.0%) 
entdata               [variable]       10549/393216   ( 2.7%) 
LDR ambient table      108/65536         432/262144   ( 0.2%) 
HDR ambient table      108/65536         432/262144   ( 0.2%) 
LDR leaf ambient       142/65536        3976/1835008  ( 0.2%) 
HDR leaf ambient       108/65536        3024/1835008  ( 0.2%) 
occluders                0/0               0/0        ( 0.0%) 
occluder polygons        0/0               0/0        ( 0.0%) 
occluder vert ind        0/0               0/0        ( 0.0%) 
detail props          [variable]           1/12       ( 8.3%) 
static props          [variable]           1/2300     ( 0.0%) 
pakfile               [variable]         362/0        ( 0.0%) 
physics               [variable]       33804/4194304  ( 0.8%) 
physics terrain       [variable]           2/1048576  ( 0.0%) 

Level flags = 0

Total triangle count: 718
Writing d:\steam\steamapps\sourcemods\entropyzero2-addonworkspace\mapsrc\prologue02.bsp
0 seconds elapsed



materialPath: D:\steam\steamapps\sourcemods\entropyzero2-addonworkspace\materials
Loading d:\steam\steamapps\sourcemods\entropyzero2-addonworkspace\mapsrc\prologue02.vmf
ConVarRef mat_reduceparticles doesn't point to an existing ConVar
fixing up env_cubemap materials on brush sides...
0...1...2...3...4...5...6...7...8...9...100...1...2...3...4...5...6...7...8...9...10Processing areas...done (0)
Building Faces...done (0)
Chop Details...done (0)
Find Visible Detail Sides...
Merged 20 detail faces...done (0)
Merging details...done (0)
FixTjuncs...
PruneNodes...
WriteBSP...
done (0)
writing d:\steam\steamapps\sourcemods\entropyzero2-addonworkspace\mapsrc\prologue02.prt...Building visibility clusters...
done (0)
Finding displacement neighbors...
Finding lightmap sample positions...
Displacement Alpha : 0...1...2...3...4...5...6...7...8...9...10
Building Physics collision data...
done (0) (39991 bytes)
Placing static props...
Placing detail props : 0...1...2...3...4...5...6...7...8...9...10
Compacting texture/material tables...
Reduced 266 texinfos to 125
Reduced 39 texdatas to 36 (986 bytes to 878)
Writing d:\steam\steamapps\sourcemods\entropyzero2-addonworkspace\mapsrc\prologue02.bsp
0 seconds elapsed



12 threads
reading d:\steam\steamapps\sourcemods\entropyzero2-addonworkspace\mapsrc\prologue02.bsp
reading d:\steam\steamapps\sourcemods\entropyzero2-addonworkspace\mapsrc\prologue02.prt
  35 portalclusters
  51 numportals
0...1...2...3...4...5...6...7...8...9...10Optimized: 37 visible clusters (3.86%)
Total clusters visible: 958
Average clusters visible: 27
Building PAS...
Average clusters audible: 35
visdatasize:640  compressed from 560
writing d:\steam\steamapps\sourcemods\entropyzero2-addonworkspace\mapsrc\prologue02.bsp
0 seconds elapsed



[Reading texlights from 'lights.rad']
[48 texlights parsed from 'lights.rad']

Loading d:\steam\steamapps\sourcemods\entropyzero2-addonworkspace\mapsrc\prologue02.bsp
302 faces
14368 square feet [2069104.00 square inches]
0 Displacements
0 Square Feet [0.00 Square Inches]
302 patches before subdivision
3838 patches after subdivision
5 direct lights
0...1...2...3...4...5...6...7...8...9...100...1...2...3...4...5...6...7...8...9...10transfers 212098, max 222
transfer lists:   1.6 megs
0...1...2...3...4...5...6...7...8...9...10	Bounce #1 added RGB(6830, 4948, 2717)
0...1...2...3...4...5...6...7...8...9...10	Bounce #2 added RGB(1404, 800, 353)
Build Patch/Sample Hash Table(s).....Done<0.0007 sec>
0...1...2...3...4...5...6...7...8...9...10FinalLightFace Done
0 of 0 (0% of) surface lights went in leaf ambient cubes.
0...1...2...3...4...5...6...7...8...9...10Writing leaf ambient...done
Ready to Finish

Object names       Objects/Maxobjs  Memory / Maxmem  Fullness 
------------       ---------------  ---------------  -------- 
models                   4/1024          192/49152    ( 0.4%) 
brushes                114/8192         1368/98304    ( 1.4%) 
brushsides             734/65536        5872/524288   ( 1.1%) 
planes                 396/65536        7920/1310720  ( 0.6%) 
vertexes               577/65536        6924/786432   ( 0.9%) 
nodes                  138/65536        4416/2097152  ( 0.2%) 
texinfos               125/12288        9000/884736   ( 1.0%) 
texdata                 36/2048         1152/65536    ( 1.8%) 
dispinfos                0/0               0/0        ( 0.0%) 
disp_verts               0/0               0/0        ( 0.0%) 
disp_tris                0/0               0/0        ( 0.0%) 
disp_lmsamples           0/0               0/0        ( 0.0%) 
faces                  302/65536       16912/3670016  ( 0.5%) 
hdr faces                0/65536           0/3670016  ( 0.0%) 
origfaces              211/65536       11816/3670016  ( 0.3%) 
leaves                 143/65536        4576/2097152  ( 0.2%) 
leaffaces              352/65536         704/131072   ( 0.5%) 
leafbrushes            184/65536         368/131072   ( 0.3%) 
areas                    2/256            16/2048     ( 0.8%) 
surfedges             2380/512000       9520/2048000  ( 0.5%) 
edges                 1524/256000       6096/1024000  ( 0.6%) 
LDR worldlights          5/65536         440/5767168  ( 0.0%) 
HDR worldlights          0/65536           0/5767168  ( 0.0%) 
leafwaterdata            0/32768           0/393216   ( 0.0%) 
waterstrips             55/32768         550/327680   ( 0.2%) 
waterverts               0/65536           0/786432   ( 0.0%) 
waterindices           837/65536        1674/131072   ( 1.3%) 
cubemapsamples           0/1024            0/16384    ( 0.0%) 
overlays                 9/8192         3168/2883584  ( 0.1%) 
LDR lightdata         [variable]      108464/0        ( 0.0%) 
HDR lightdata         [variable]           0/0        ( 0.0%) 
visdata               [variable]         640/16777216 ( 0.0%) 
entdata               [variable]       13355/393216   ( 3.4%) 
LDR ambient table      143/65536         572/262144   ( 0.2%) 
HDR ambient table      143/65536         572/262144   ( 0.2%) 
LDR leaf ambient       239/65536        6692/1835008  ( 0.4%) 
HDR leaf ambient       143/65536        4004/1835008  ( 0.2%) 
occluders                0/0               0/0        ( 0.0%) 
occluder polygons        0/0               0/0        ( 0.0%) 
occluder vert ind        0/0               0/0        ( 0.0%) 
detail props          [variable]           1/12       ( 8.3%) 
static props          [variable]           1/3614     ( 0.0%) 
pakfile               [variable]         664/0        ( 0.0%) 
physics               [variable]       39991/4194304  ( 1.0%) 
physics terrain       [variable]           2/1048576  ( 0.0%) 

Level flags = 0

Total triangle count: 932
Writing d:\steam\steamapps\sourcemods\entropyzero2-addonworkspace\mapsrc\prologue02.bsp
0 seconds elapsed
