


materialPath: D:\steam\steamapps\sourcemods\entropyzero2-addonworkspace\materials
Loading d:\steam\steamapps\sourcemods\entropyzero2-addonworkspace\mapsrc\prologue00.vmf
ConVarRef mat_reduceparticles doesn't point to an existing ConVar
fixing up env_cubemap materials on brush sides...
0...1...2...3...4...5...6...7...8...9...100...1...2...3...4...5...6...7...8...9...10Processing areas...done (0)
Building Faces...done (0)
FixTjuncs...
PruneNodes...
WriteBSP...
done (0)
writing d:\steam\steamapps\sourcemods\entropyzero2-addonworkspace\mapsrc\prologue00.prt...Building visibility clusters...
done (0)
Finding displacement neighbors...
Finding lightmap sample positions...
Displacement Alpha : 0...1...2...3...4...5...6...7...8...9...10
Building Physics collision data...
done (0) (4436 bytes)
Placing static props...
Error! To use model "models/props_wasteland/plasterwall029g_window01a_bars.mdl"
      with prop_static, it must be compiled with $staticprop!
Error loading studio model "models/props_wasteland/plasterwall029g_window01a_bars.mdl"!
Placing detail props : 0...1...2...3...4...5...6...7...8...9...10
Compacting texture/material tables...
Reduced 31 texinfos to 10
Reduced 7 texdatas to 7 (146 bytes to 146)
Writing d:\steam\steamapps\sourcemods\entropyzero2-addonworkspace\mapsrc\prologue00.bsp
0 seconds elapsed



12 threads
reading d:\steam\steamapps\sourcemods\entropyzero2-addonworkspace\mapsrc\prologue00.bsp
reading d:\steam\steamapps\sourcemods\entropyzero2-addonworkspace\mapsrc\prologue00.prt
   2 portalclusters
   1 numportals
0...1...2...3...4...5...6...7...8...9...10Optimized: 0 visible clusters (0.00%)
Total clusters visible: 4
Average clusters visible: 2
Building PAS...
Average clusters audible: 2
visdatasize:24  compressed from 32
writing d:\steam\steamapps\sourcemods\entropyzero2-addonworkspace\mapsrc\prologue00.bsp
0 seconds elapsed



[Reading texlights from 'lights.rad']
[48 texlights parsed from 'lights.rad']

Loading d:\steam\steamapps\sourcemods\entropyzero2-addonworkspace\mapsrc\prologue00.bsp
15 faces
1501 square feet [216208.00 square inches]
0 Displacements
0 Square Feet [0.00 Square Inches]
15 patches before subdivision
321 patches after subdivision
1 direct lights
0...1...2...3...4...5...6...7...8...9...100...1...2...3...4...5...6...7...8...9...10transfers 16711, max 124
transfer lists:   0.1 megs
0...1...2...3...4...5...6...7...8...9...10	Bounce #1 added RGB(374, 339, 265)
0...1...2...3...4...5...6...7...8...9...10	Bounce #2 added RGB(127, 105, 65)
Build Patch/Sample Hash Table(s).....Done<0.0000 sec>
0...1...2...3...4...5...6...7...8...9...10FinalLightFace Done
0 of 0 (0% of) surface lights went in leaf ambient cubes.
0...1...2...3...4...5...6...7...8...9...10Writing leaf ambient...done
Ready to Finish

Object names       Objects/Maxobjs  Memory / Maxmem  Fullness 
------------       ---------------  ---------------  -------- 
models                   2/1024           96/49152    ( 0.2%) 
brushes                 11/8192          132/98304    ( 0.1%) 
brushsides              66/65536         528/524288   ( 0.1%) 
planes                  76/65536        1520/1310720  ( 0.1%) 
vertexes                37/65536         444/786432   ( 0.1%) 
nodes                   19/65536         608/2097152  ( 0.0%) 
texinfos                10/12288         720/884736   ( 0.1%) 
texdata                  7/2048          224/65536    ( 0.3%) 
dispinfos                0/0               0/0        ( 0.0%) 
disp_verts               0/0               0/0        ( 0.0%) 
disp_tris                0/0               0/0        ( 0.0%) 
disp_lmsamples           0/0               0/0        ( 0.0%) 
faces                   15/65536         840/3670016  ( 0.0%) 
hdr faces                0/65536           0/3670016  ( 0.0%) 
origfaces               15/65536         840/3670016  ( 0.0%) 
leaves                  22/65536         704/2097152  ( 0.0%) 
leaffaces               15/65536          30/131072   ( 0.0%) 
leafbrushes             11/65536          22/131072   ( 0.0%) 
areas                    2/256            16/2048     ( 0.8%) 
surfedges              128/512000        512/2048000  ( 0.0%) 
edges                   83/256000        332/1024000  ( 0.0%) 
LDR worldlights          1/65536          88/5767168  ( 0.0%) 
HDR worldlights          0/65536           0/5767168  ( 0.0%) 
leafwaterdata            0/32768           0/393216   ( 0.0%) 
waterstrips              0/32768           0/327680   ( 0.0%) 
waterverts               0/65536           0/786432   ( 0.0%) 
waterindices             0/65536           0/131072   ( 0.0%) 
cubemapsamples           0/1024            0/16384    ( 0.0%) 
overlays                 0/8192            0/2883584  ( 0.0%) 
LDR lightdata         [variable]       11568/0        ( 0.0%) 
HDR lightdata         [variable]           0/0        ( 0.0%) 
visdata               [variable]          24/16777216 ( 0.0%) 
entdata               [variable]         798/393216   ( 0.2%) 
LDR ambient table       22/65536          88/262144   ( 0.0%) 
HDR ambient table       22/65536          88/262144   ( 0.0%) 
LDR leaf ambient        23/65536         644/1835008  ( 0.0%) 
HDR leaf ambient        22/65536         616/1835008  ( 0.0%) 
occluders                0/0               0/0        ( 0.0%) 
occluder polygons        0/0               0/0        ( 0.0%) 
occluder vert ind        0/0               0/0        ( 0.0%) 
detail props          [variable]           1/12       ( 8.3%) 
static props          [variable]           1/400      ( 0.3%) 
pakfile               [variable]          54/0        ( 0.0%) 
physics               [variable]        4436/4194304  ( 0.1%) 
physics terrain       [variable]           2/1048576  ( 0.0%) 

Level flags = 0

Total triangle count: 38
Writing d:\steam\steamapps\sourcemods\entropyzero2-addonworkspace\mapsrc\prologue00.bsp
0 seconds elapsed



materialPath: D:\steam\steamapps\sourcemods\entropyzero2-addonworkspace\materials
Loading d:\steam\steamapps\sourcemods\entropyzero2-addonworkspace\mapsrc\prologue00.vmf
ConVarRef mat_reduceparticles doesn't point to an existing ConVar
fixing up env_cubemap materials on brush sides...
0...1...2...3...4...5...6...7...8...9...100...1...2...3...4...5...6...7...8...9...10Processing areas...done (0)
Building Faces...done (0)
FixTjuncs...
PruneNodes...
WriteBSP...
done (0)
writing d:\steam\steamapps\sourcemods\entropyzero2-addonworkspace\mapsrc\prologue00.prt...Building visibility clusters...
done (0)
Finding displacement neighbors...
Finding lightmap sample positions...
Displacement Alpha : 0...1...2...3...4...5...6...7...8...9...10
Building Physics collision data...
done (0) (4436 bytes)
Placing static props...
Error! To use model "models/props_wasteland/plasterwall029g_window01a_bars.mdl"
      with prop_static, it must be compiled with $staticprop!
Error loading studio model "models/props_wasteland/plasterwall029g_window01a_bars.mdl"!
Placing detail props : 0...1...2...3...4...5...6...7...8...9...10
Compacting texture/material tables...
Reduced 31 texinfos to 10
Reduced 7 texdatas to 7 (146 bytes to 146)
Writing d:\steam\steamapps\sourcemods\entropyzero2-addonworkspace\mapsrc\prologue00.bsp
0 seconds elapsed



12 threads
reading d:\steam\steamapps\sourcemods\entropyzero2-addonworkspace\mapsrc\prologue00.bsp
reading d:\steam\steamapps\sourcemods\entropyzero2-addonworkspace\mapsrc\prologue00.prt
   2 portalclusters
   1 numportals
0...1...2...3...4...5...6...7...8...9...10Optimized: 0 visible clusters (0.00%)
Total clusters visible: 4
Average clusters visible: 2
Building PAS...
Average clusters audible: 2
visdatasize:24  compressed from 32
writing d:\steam\steamapps\sourcemods\entropyzero2-addonworkspace\mapsrc\prologue00.bsp
0 seconds elapsed



[Reading texlights from 'lights.rad']
[48 texlights parsed from 'lights.rad']

Loading d:\steam\steamapps\sourcemods\entropyzero2-addonworkspace\mapsrc\prologue00.bsp
15 faces
1501 square feet [216208.00 square inches]
0 Displacements
0 Square Feet [0.00 Square Inches]
15 patches before subdivision
321 patches after subdivision
1 direct lights
0...1...2...3...4...5...6...7...8...9...100...1...2...3...4...5...6...7...8...9...10transfers 16711, max 124
transfer lists:   0.1 megs
0...1...2...3...4...5...6...7...8...9...10	Bounce #1 added RGB(14, 13, 10)
0...1...2...3...4...5...6...7...8...9...10	Bounce #2 added RGB(5, 4, 2)
Build Patch/Sample Hash Table(s).....Done<0.0000 sec>
0...1...2...3...4...5...6...7...8...9...10FinalLightFace Done
0 of 0 (0% of) surface lights went in leaf ambient cubes.
0...1...2...3...4...5...6...7...8...9...10Writing leaf ambient...done
Ready to Finish

Object names       Objects/Maxobjs  Memory / Maxmem  Fullness 
------------       ---------------  ---------------  -------- 
models                   2/1024           96/49152    ( 0.2%) 
brushes                 11/8192          132/98304    ( 0.1%) 
brushsides              66/65536         528/524288   ( 0.1%) 
planes                  76/65536        1520/1310720  ( 0.1%) 
vertexes                37/65536         444/786432   ( 0.1%) 
nodes                   19/65536         608/2097152  ( 0.0%) 
texinfos                10/12288         720/884736   ( 0.1%) 
texdata                  7/2048          224/65536    ( 0.3%) 
dispinfos                0/0               0/0        ( 0.0%) 
disp_verts               0/0               0/0        ( 0.0%) 
disp_tris                0/0               0/0        ( 0.0%) 
disp_lmsamples           0/0               0/0        ( 0.0%) 
faces                   15/65536         840/3670016  ( 0.0%) 
hdr faces                0/65536           0/3670016  ( 0.0%) 
origfaces               15/65536         840/3670016  ( 0.0%) 
leaves                  22/65536         704/2097152  ( 0.0%) 
leaffaces               15/65536          30/131072   ( 0.0%) 
leafbrushes             11/65536          22/131072   ( 0.0%) 
areas                    2/256            16/2048     ( 0.8%) 
surfedges              128/512000        512/2048000  ( 0.0%) 
edges                   83/256000        332/1024000  ( 0.0%) 
LDR worldlights          1/65536          88/5767168  ( 0.0%) 
HDR worldlights          0/65536           0/5767168  ( 0.0%) 
leafwaterdata            0/32768           0/393216   ( 0.0%) 
waterstrips              0/32768           0/327680   ( 0.0%) 
waterverts               0/65536           0/786432   ( 0.0%) 
waterindices             0/65536           0/131072   ( 0.0%) 
cubemapsamples           0/1024            0/16384    ( 0.0%) 
overlays                 0/8192            0/2883584  ( 0.0%) 
LDR lightdata         [variable]       11568/0        ( 0.0%) 
HDR lightdata         [variable]           0/0        ( 0.0%) 
visdata               [variable]          24/16777216 ( 0.0%) 
entdata               [variable]         797/393216   ( 0.2%) 
LDR ambient table       22/65536          88/262144   ( 0.0%) 
HDR ambient table       22/65536          88/262144   ( 0.0%) 
LDR leaf ambient        17/65536         476/1835008  ( 0.0%) 
HDR leaf ambient        22/65536         616/1835008  ( 0.0%) 
occluders                0/0               0/0        ( 0.0%) 
occluder polygons        0/0               0/0        ( 0.0%) 
occluder vert ind        0/0               0/0        ( 0.0%) 
detail props          [variable]           1/12       ( 8.3%) 
static props          [variable]           1/400      ( 0.3%) 
pakfile               [variable]          54/0        ( 0.0%) 
physics               [variable]        4436/4194304  ( 0.1%) 
physics terrain       [variable]           2/1048576  ( 0.0%) 

Level flags = 0

Total triangle count: 38
Writing d:\steam\steamapps\sourcemods\entropyzero2-addonworkspace\mapsrc\prologue00.bsp
0 seconds elapsed



materialPath: D:\steam\steamapps\sourcemods\entropyzero2-addonworkspace\materials
Loading d:\steam\steamapps\sourcemods\entropyzero2-addonworkspace\mapsrc\prologue00.vmf
ConVarRef mat_reduceparticles doesn't point to an existing ConVar
fixing up env_cubemap materials on brush sides...
0...1...2...3...4...5...6...7...8...9...100...1...2...3...4...5...6...7...8...9...10Processing areas...done (0)
Building Faces...done (0)
FixTjuncs...
PruneNodes...
WriteBSP...
done (0)
writing d:\steam\steamapps\sourcemods\entropyzero2-addonworkspace\mapsrc\prologue00.prt...Building visibility clusters...
done (0)
Finding displacement neighbors...
Finding lightmap sample positions...
Displacement Alpha : 0...1...2...3...4...5...6...7...8...9...10
Building Physics collision data...
done (0) (4436 bytes)
Placing static props...
Error! To use model "models/props_wasteland/plasterwall029g_window01a_bars.mdl"
      with prop_static, it must be compiled with $staticprop!
Error loading studio model "models/props_wasteland/plasterwall029g_window01a_bars.mdl"!
Placing detail props : 0...1...2...3...4...5...6...7...8...9...10
Compacting texture/material tables...
Reduced 31 texinfos to 10
Reduced 7 texdatas to 7 (146 bytes to 146)
Writing d:\steam\steamapps\sourcemods\entropyzero2-addonworkspace\mapsrc\prologue00.bsp
0 seconds elapsed



12 threads
reading d:\steam\steamapps\sourcemods\entropyzero2-addonworkspace\mapsrc\prologue00.bsp
reading d:\steam\steamapps\sourcemods\entropyzero2-addonworkspace\mapsrc\prologue00.prt
   2 portalclusters
   1 numportals
0...1...2...3...4...5...6...7...8...9...10Optimized: 0 visible clusters (0.00%)
Total clusters visible: 4
Average clusters visible: 2
Building PAS...
Average clusters audible: 2
visdatasize:24  compressed from 32
writing d:\steam\steamapps\sourcemods\entropyzero2-addonworkspace\mapsrc\prologue00.bsp
0 seconds elapsed



[Reading texlights from 'lights.rad']
[48 texlights parsed from 'lights.rad']

Loading d:\steam\steamapps\sourcemods\entropyzero2-addonworkspace\mapsrc\prologue00.bsp
15 faces
1501 square feet [216208.00 square inches]
0 Displacements
0 Square Feet [0.00 Square Inches]
15 patches before subdivision
321 patches after subdivision
1 direct lights
0...1...2...3...4...5...6...7...8...9...100...1...2...3...4...5...6...7...8...9...10transfers 16711, max 124
transfer lists:   0.1 megs
0...1...2...3...4...5...6...7...8...9...10	Bounce #1 added RGB(29, 27, 21)
0...1...2...3...4...5...6...7...8...9...10	Bounce #2 added RGB(9, 8, 5)
Build Patch/Sample Hash Table(s).....Done<0.0000 sec>
0...1...2...3...4...5...6...7...8...9...10FinalLightFace Done
0 of 0 (0% of) surface lights went in leaf ambient cubes.
0...1...2...3...4...5...6...7...8...9...10Writing leaf ambient...done
Ready to Finish

Object names       Objects/Maxobjs  Memory / Maxmem  Fullness 
------------       ---------------  ---------------  -------- 
models                   2/1024           96/49152    ( 0.2%) 
brushes                 11/8192          132/98304    ( 0.1%) 
brushsides              66/65536         528/524288   ( 0.1%) 
planes                  76/65536        1520/1310720  ( 0.1%) 
vertexes                37/65536         444/786432   ( 0.1%) 
nodes                   19/65536         608/2097152  ( 0.0%) 
texinfos                10/12288         720/884736   ( 0.1%) 
texdata                  7/2048          224/65536    ( 0.3%) 
dispinfos                0/0               0/0        ( 0.0%) 
disp_verts               0/0               0/0        ( 0.0%) 
disp_tris                0/0               0/0        ( 0.0%) 
disp_lmsamples           0/0               0/0        ( 0.0%) 
faces                   15/65536         840/3670016  ( 0.0%) 
hdr faces                0/65536           0/3670016  ( 0.0%) 
origfaces               15/65536         840/3670016  ( 0.0%) 
leaves                  22/65536         704/2097152  ( 0.0%) 
leaffaces               15/65536          30/131072   ( 0.0%) 
leafbrushes             11/65536          22/131072   ( 0.0%) 
areas                    2/256            16/2048     ( 0.8%) 
surfedges              128/512000        512/2048000  ( 0.0%) 
edges                   83/256000        332/1024000  ( 0.0%) 
LDR worldlights          1/65536          88/5767168  ( 0.0%) 
HDR worldlights          0/65536           0/5767168  ( 0.0%) 
leafwaterdata            0/32768           0/393216   ( 0.0%) 
waterstrips              0/32768           0/327680   ( 0.0%) 
waterverts               0/65536           0/786432   ( 0.0%) 
waterindices             0/65536           0/131072   ( 0.0%) 
cubemapsamples           0/1024            0/16384    ( 0.0%) 
overlays                 0/8192            0/2883584  ( 0.0%) 
LDR lightdata         [variable]       11568/0        ( 0.0%) 
HDR lightdata         [variable]           0/0        ( 0.0%) 
visdata               [variable]          24/16777216 ( 0.0%) 
entdata               [variable]         797/393216   ( 0.2%) 
LDR ambient table       22/65536          88/262144   ( 0.0%) 
HDR ambient table       22/65536          88/262144   ( 0.0%) 
LDR leaf ambient        23/65536         644/1835008  ( 0.0%) 
HDR leaf ambient        22/65536         616/1835008  ( 0.0%) 
occluders                0/0               0/0        ( 0.0%) 
occluder polygons        0/0               0/0        ( 0.0%) 
occluder vert ind        0/0               0/0        ( 0.0%) 
detail props          [variable]           1/12       ( 8.3%) 
static props          [variable]           1/400      ( 0.3%) 
pakfile               [variable]          54/0        ( 0.0%) 
physics               [variable]        4436/4194304  ( 0.1%) 
physics terrain       [variable]           2/1048576  ( 0.0%) 

Level flags = 0

Total triangle count: 38
Writing d:\steam\steamapps\sourcemods\entropyzero2-addonworkspace\mapsrc\prologue00.bsp
0 seconds elapsed



materialPath: D:\steam\steamapps\sourcemods\entropyzero2-addonworkspace\materials
Loading d:\steam\steamapps\sourcemods\entropyzero2-addonworkspace\mapsrc\prologue00.vmf
ConVarRef mat_reduceparticles doesn't point to an existing ConVar
fixing up env_cubemap materials on brush sides...
0...1...2...3...4...5...6...7...8...9...100...1...2...3...4...5...6...7...8...9...10Processing areas...done (0)
Building Faces...done (0)
Chop Details...done (0)
Find Visible Detail Sides...done (0)
Merging details...done (0)
FixTjuncs...
PruneNodes...
WriteBSP...
done (0)
writing d:\steam\steamapps\sourcemods\entropyzero2-addonworkspace\mapsrc\prologue00.prt...Building visibility clusters...
done (0)
Finding displacement neighbors...
Finding lightmap sample positions...
Displacement Alpha : 0...1...2...3...4...5...6...7...8...9...10
Building Physics collision data...
done (0) (4308 bytes)
Placing static props...
Error! To use model "models/props_wasteland/plasterwall029g_window01a_bars.mdl"
      with prop_static, it must be compiled with $staticprop!
Error loading studio model "models/props_wasteland/plasterwall029g_window01a_bars.mdl"!
Placing detail props : 0...1...2...3...4...5...6...7...8...9...10
Compacting texture/material tables...
Reduced 27 texinfos to 10
Reduced 7 texdatas to 7 (146 bytes to 146)
Writing d:\steam\steamapps\sourcemods\entropyzero2-addonworkspace\mapsrc\prologue00.bsp
0 seconds elapsed



12 threads
reading d:\steam\steamapps\sourcemods\entropyzero2-addonworkspace\mapsrc\prologue00.bsp
reading d:\steam\steamapps\sourcemods\entropyzero2-addonworkspace\mapsrc\prologue00.prt
   2 portalclusters
   1 numportals
0...1...2...3...4...5...6...7...8...9...10Optimized: 0 visible clusters (0.00%)
Total clusters visible: 4
Average clusters visible: 2
Building PAS...
Average clusters audible: 2
visdatasize:24  compressed from 32
writing d:\steam\steamapps\sourcemods\entropyzero2-addonworkspace\mapsrc\prologue00.bsp
0 seconds elapsed



[Reading texlights from 'lights.rad']
[48 texlights parsed from 'lights.rad']

Loading d:\steam\steamapps\sourcemods\entropyzero2-addonworkspace\mapsrc\prologue00.bsp
15 faces
1501 square feet [216208.00 square inches]
0 Displacements
0 Square Feet [0.00 Square Inches]
15 patches before subdivision
321 patches after subdivision
1 direct lights
0...1...2...3...4...5...6...7...8...9...100...1...2...3...4...5...6...7...8...9...10transfers 16626, max 124
transfer lists:   0.1 megs
0...1...2...3...4...5...6...7...8...9...10	Bounce #1 added RGB(506, 468, 385)
0...1...2...3...4...5...6...7...8...9...10	Bounce #2 added RGB(165, 139, 90)
Build Patch/Sample Hash Table(s).....Done<0.0000 sec>
0...1...2...3...4...5...6...7...8...9...10FinalLightFace Done
0 of 0 (0% of) surface lights went in leaf ambient cubes.
0...1...2...3...4...5...6...7...8...9...10Writing leaf ambient...done
Ready to Finish

Object names       Objects/Maxobjs  Memory / Maxmem  Fullness 
------------       ---------------  ---------------  -------- 
models                   1/1024           48/49152    ( 0.1%) 
brushes                 11/8192          132/98304    ( 0.1%) 
brushsides              66/65536         528/524288   ( 0.1%) 
planes                  56/65536        1120/1310720  ( 0.1%) 
vertexes                37/65536         444/786432   ( 0.1%) 
nodes                   13/65536         416/2097152  ( 0.0%) 
texinfos                10/12288         720/884736   ( 0.1%) 
texdata                  7/2048          224/65536    ( 0.3%) 
dispinfos                0/0               0/0        ( 0.0%) 
disp_verts               0/0               0/0        ( 0.0%) 
disp_tris                0/0               0/0        ( 0.0%) 
disp_lmsamples           0/0               0/0        ( 0.0%) 
faces                   15/65536         840/3670016  ( 0.0%) 
hdr faces                0/65536           0/3670016  ( 0.0%) 
origfaces               15/65536         840/3670016  ( 0.0%) 
leaves                  15/65536         480/2097152  ( 0.0%) 
leaffaces               15/65536          30/131072   ( 0.0%) 
leafbrushes             11/65536          22/131072   ( 0.0%) 
areas                    2/256            16/2048     ( 0.8%) 
surfedges              128/512000        512/2048000  ( 0.0%) 
edges                   83/256000        332/1024000  ( 0.0%) 
LDR worldlights          1/65536          88/5767168  ( 0.0%) 
HDR worldlights          0/65536           0/5767168  ( 0.0%) 
leafwaterdata            0/32768           0/393216   ( 0.0%) 
waterstrips              0/32768           0/327680   ( 0.0%) 
waterverts               0/65536           0/786432   ( 0.0%) 
waterindices             0/65536           0/131072   ( 0.0%) 
cubemapsamples           0/1024            0/16384    ( 0.0%) 
overlays                 0/8192            0/2883584  ( 0.0%) 
LDR lightdata         [variable]       11568/0        ( 0.0%) 
HDR lightdata         [variable]           0/0        ( 0.0%) 
visdata               [variable]          24/16777216 ( 0.0%) 
entdata               [variable]         550/393216   ( 0.1%) 
LDR ambient table       15/65536          60/262144   ( 0.0%) 
HDR ambient table       15/65536          60/262144   ( 0.0%) 
LDR leaf ambient        17/65536         476/1835008  ( 0.0%) 
HDR leaf ambient        15/65536         420/1835008  ( 0.0%) 
occluders                0/0               0/0        ( 0.0%) 
occluder polygons        0/0               0/0        ( 0.0%) 
occluder vert ind        0/0               0/0        ( 0.0%) 
detail props          [variable]           1/12       ( 8.3%) 
static props          [variable]           1/400      ( 0.3%) 
pakfile               [variable]          54/0        ( 0.0%) 
physics               [variable]        4308/4194304  ( 0.1%) 
physics terrain       [variable]           2/1048576  ( 0.0%) 

Level flags = 0

Total triangle count: 38
Writing d:\steam\steamapps\sourcemods\entropyzero2-addonworkspace\mapsrc\prologue00.bsp
0 seconds elapsed



materialPath: D:\steam\steamapps\sourcemods\entropyzero2-addonworkspace\materials
Loading d:\steam\steamapps\sourcemods\entropyzero2-addonworkspace\mapsrc\prologue00.vmf
ConVarRef mat_reduceparticles doesn't point to an existing ConVar
fixing up env_cubemap materials on brush sides...
0...1...2...3...4...5...6...7...8...9...100...1...2...3...4...5...6...7...8...9...10Processing areas...done (0)
Building Faces...done (0)
Chop Details...done (0)
Find Visible Detail Sides...done (0)
Merging details...done (0)
FixTjuncs...
PruneNodes...
WriteBSP...
done (0)
writing d:\steam\steamapps\sourcemods\entropyzero2-addonworkspace\mapsrc\prologue00.prt...Building visibility clusters...
done (0)
Finding displacement neighbors...
Finding lightmap sample positions...
Displacement Alpha : 0...1...2...3...4...5...6...7...8...9...10
Building Physics collision data...
done (0) (4308 bytes)
Placing static props...
Error! To use model "models/props_wasteland/plasterwall029g_window01a_bars.mdl"
      with prop_static, it must be compiled with $staticprop!
Error loading studio model "models/props_wasteland/plasterwall029g_window01a_bars.mdl"!
Placing detail props : 0...1...2...3...4...5...6...7...8...9...10
Compacting texture/material tables...
Reduced 27 texinfos to 10
Reduced 7 texdatas to 7 (146 bytes to 146)
Writing d:\steam\steamapps\sourcemods\entropyzero2-addonworkspace\mapsrc\prologue00.bsp
0 seconds elapsed



12 threads
reading d:\steam\steamapps\sourcemods\entropyzero2-addonworkspace\mapsrc\prologue00.bsp
reading d:\steam\steamapps\sourcemods\entropyzero2-addonworkspace\mapsrc\prologue00.prt
   2 portalclusters
   1 numportals
0...1...2...3...4...5...6...7...8...9...10Optimized: 0 visible clusters (0.00%)
Total clusters visible: 4
Average clusters visible: 2
Building PAS...
Average clusters audible: 2
visdatasize:24  compressed from 32
writing d:\steam\steamapps\sourcemods\entropyzero2-addonworkspace\mapsrc\prologue00.bsp
0 seconds elapsed



[Reading texlights from 'lights.rad']
[48 texlights parsed from 'lights.rad']

Loading d:\steam\steamapps\sourcemods\entropyzero2-addonworkspace\mapsrc\prologue00.bsp
15 faces
1501 square feet [216208.00 square inches]
0 Displacements
0 Square Feet [0.00 Square Inches]
15 patches before subdivision
321 patches after subdivision
1 direct lights
0...1...2...3...4...5...6...7...8...9...100...1...2...3...4...5...6...7...8...9...10transfers 16626, max 124
transfer lists:   0.1 megs
0...1...2...3...4...5...6...7...8...9...10	Bounce #1 added RGB(54, 49, 38)
0...1...2...3...4...5...6...7...8...9...10	Bounce #2 added RGB(18, 15, 9)
Build Patch/Sample Hash Table(s).....Done<0.0000 sec>
0...1...2...3...4...5...6...7...8...9...10FinalLightFace Done
0 of 0 (0% of) surface lights went in leaf ambient cubes.
0...1...2...3...4...5...6...7...8...9...10Writing leaf ambient...done
Ready to Finish

Object names       Objects/Maxobjs  Memory / Maxmem  Fullness 
------------       ---------------  ---------------  -------- 
models                   1/1024           48/49152    ( 0.1%) 
brushes                 11/8192          132/98304    ( 0.1%) 
brushsides              66/65536         528/524288   ( 0.1%) 
planes                  56/65536        1120/1310720  ( 0.1%) 
vertexes                37/65536         444/786432   ( 0.1%) 
nodes                   13/65536         416/2097152  ( 0.0%) 
texinfos                10/12288         720/884736   ( 0.1%) 
texdata                  7/2048          224/65536    ( 0.3%) 
dispinfos                0/0               0/0        ( 0.0%) 
disp_verts               0/0               0/0        ( 0.0%) 
disp_tris                0/0               0/0        ( 0.0%) 
disp_lmsamples           0/0               0/0        ( 0.0%) 
faces                   15/65536         840/3670016  ( 0.0%) 
hdr faces                0/65536           0/3670016  ( 0.0%) 
origfaces               15/65536         840/3670016  ( 0.0%) 
leaves                  15/65536         480/2097152  ( 0.0%) 
leaffaces               15/65536          30/131072   ( 0.0%) 
leafbrushes             11/65536          22/131072   ( 0.0%) 
areas                    2/256            16/2048     ( 0.8%) 
surfedges              128/512000        512/2048000  ( 0.0%) 
edges                   83/256000        332/1024000  ( 0.0%) 
LDR worldlights          1/65536          88/5767168  ( 0.0%) 
HDR worldlights          0/65536           0/5767168  ( 0.0%) 
leafwaterdata            0/32768           0/393216   ( 0.0%) 
waterstrips              0/32768           0/327680   ( 0.0%) 
waterverts               0/65536           0/786432   ( 0.0%) 
waterindices             0/65536           0/131072   ( 0.0%) 
cubemapsamples           0/1024            0/16384    ( 0.0%) 
overlays                 0/8192            0/2883584  ( 0.0%) 
LDR lightdata         [variable]       11568/0        ( 0.0%) 
HDR lightdata         [variable]           0/0        ( 0.0%) 
visdata               [variable]          24/16777216 ( 0.0%) 
entdata               [variable]         634/393216   ( 0.2%) 
LDR ambient table       15/65536          60/262144   ( 0.0%) 
HDR ambient table       15/65536          60/262144   ( 0.0%) 
LDR leaf ambient        17/65536         476/1835008  ( 0.0%) 
HDR leaf ambient        15/65536         420/1835008  ( 0.0%) 
occluders                0/0               0/0        ( 0.0%) 
occluder polygons        0/0               0/0        ( 0.0%) 
occluder vert ind        0/0               0/0        ( 0.0%) 
detail props          [variable]           1/12       ( 8.3%) 
static props          [variable]           1/400      ( 0.3%) 
pakfile               [variable]          54/0        ( 0.0%) 
physics               [variable]        4308/4194304  ( 0.1%) 
physics terrain       [variable]           2/1048576  ( 0.0%) 

Level flags = 0

Total triangle count: 38
Writing d:\steam\steamapps\sourcemods\entropyzero2-addonworkspace\mapsrc\prologue00.bsp
0 seconds elapsed



materialPath: D:\steam\steamapps\sourcemods\entropyzero2-addonworkspace\materials
Loading d:\steam\steamapps\sourcemods\entropyzero2-addonworkspace\mapsrc\prologue00.vmf
ConVarRef mat_reduceparticles doesn't point to an existing ConVar
fixing up env_cubemap materials on brush sides...
0...1...2...3...4...5...6...7...8...9...100...1...2...3...4...5...6...7...8...9...10Processing areas...done (0)
Building Faces...done (0)
Chop Details...done (0)
Find Visible Detail Sides...
Merged 36 detail faces...done (0)
Merging details...done (0)
FixTjuncs...
PruneNodes...
WriteBSP...
done (0)
writing d:\steam\steamapps\sourcemods\entropyzero2-addonworkspace\mapsrc\prologue00.prt...Building visibility clusters...
done (0)
Finding displacement neighbors...
Finding lightmap sample positions...
Displacement Alpha : 0...1...2...3...4...5...6...7...8...9...10
Building Physics collision data...
done (0) (50757 bytes)
Placing static props...
Placing detail props : 0...1...2...3...4...5...6...7...8...9...10
Compacting texture/material tables...
Reduced 205 texinfos to 134
Reduced 47 texdatas to 46 (1051 bytes to 1011)
Writing d:\steam\steamapps\sourcemods\entropyzero2-addonworkspace\mapsrc\prologue00.bsp
0 seconds elapsed



12 threads
reading d:\steam\steamapps\sourcemods\entropyzero2-addonworkspace\mapsrc\prologue00.bsp
reading d:\steam\steamapps\sourcemods\entropyzero2-addonworkspace\mapsrc\prologue00.prt
  31 portalclusters
  42 numportals
0...1...2...3...4...5...6...7...8...9...10Optimized: 0 visible clusters (0.00%)
Total clusters visible: 663
Average clusters visible: 21
Building PAS...
Average clusters audible: 29
visdatasize:505  compressed from 496
writing d:\steam\steamapps\sourcemods\entropyzero2-addonworkspace\mapsrc\prologue00.bsp
0 seconds elapsed



[Reading texlights from 'lights.rad']
[48 texlights parsed from 'lights.rad']

Loading d:\steam\steamapps\sourcemods\entropyzero2-addonworkspace\mapsrc\prologue00.bsp
311 faces
13071 square feet [1882234.62 square inches]
0 Displacements
0 Square Feet [0.00 Square Inches]
311 patches before subdivision
2403 patches after subdivision
11 direct lights
0...1...2...3...4...5...6...7...8...9...100...1...2...3...4...5...6...7...8...9...10transfers 143715, max 197
transfer lists:   1.1 megs
0...1...2...3...4...5...6...7...8...9...10	Bounce #1 added RGB(3293, 8970, 11111)
0...1...2...3...4...5...6...7...8...9...10	Bounce #2 added RGB(703, 1900, 1701)
Build Patch/Sample Hash Table(s).....Done<0.0003 sec>
0...1...2...3...4...5...6...7...8...9...10FinalLightFace Done
0 of 4 (0% of) surface lights went in leaf ambient cubes.
0...1...2...3...4...5...6...7...8...9...10Writing leaf ambient...done
Ready to Finish

Object names       Objects/Maxobjs  Memory / Maxmem  Fullness 
------------       ---------------  ---------------  -------- 
models                  10/1024          480/49152    ( 1.0%) 
brushes                137/8192         1644/98304    ( 1.7%) 
brushsides             909/65536        7272/524288   ( 1.4%) 
planes                 534/65536       10680/1310720  ( 0.8%) 
vertexes               648/65536        7776/786432   ( 1.0%) 
nodes                  152/65536        4864/2097152  ( 0.2%) 
texinfos               134/12288        9648/884736   ( 1.1%) 
texdata                 46/2048         1472/65536    ( 2.2%) 
dispinfos                0/0               0/0        ( 0.0%) 
disp_verts               0/0               0/0        ( 0.0%) 
disp_tris                0/0               0/0        ( 0.0%) 
disp_lmsamples           0/0               0/0        ( 0.0%) 
faces                  311/65536       17416/3670016  ( 0.5%) 
hdr faces                0/65536           0/3670016  ( 0.0%) 
origfaces              284/65536       15904/3670016  ( 0.4%) 
leaves                 163/65536        5216/2097152  ( 0.2%) 
leaffaces              340/65536         680/131072   ( 0.5%) 
leafbrushes            162/65536         324/131072   ( 0.2%) 
areas                    2/256            16/2048     ( 0.8%) 
surfedges             2663/512000      10652/2048000  ( 0.5%) 
edges                 1792/256000       7168/1024000  ( 0.7%) 
LDR worldlights         11/65536         968/5767168  ( 0.0%) 
HDR worldlights          0/65536           0/5767168  ( 0.0%) 
leafwaterdata            0/32768           0/393216   ( 0.0%) 
waterstrips             34/32768         340/327680   ( 0.1%) 
waterverts               0/65536           0/786432   ( 0.0%) 
waterindices           630/65536        1260/131072   ( 1.0%) 
cubemapsamples           0/1024            0/16384    ( 0.0%) 
overlays                24/8192         8448/2883584  ( 0.3%) 
LDR lightdata         [variable]      110556/0        ( 0.0%) 
HDR lightdata         [variable]           0/0        ( 0.0%) 
visdata               [variable]         505/16777216 ( 0.0%) 
entdata               [variable]       21309/393216   ( 5.4%) 
LDR ambient table      163/65536         652/262144   ( 0.2%) 
HDR ambient table      163/65536         652/262144   ( 0.2%) 
LDR leaf ambient       351/65536        9828/1835008  ( 0.5%) 
HDR leaf ambient       163/65536        4564/1835008  ( 0.2%) 
occluders                0/0               0/0        ( 0.0%) 
occluder polygons        0/0               0/0        ( 0.0%) 
occluder vert ind        0/0               0/0        ( 0.0%) 
detail props          [variable]           1/12       ( 8.3%) 
static props          [variable]           1/5284     ( 0.0%) 
pakfile               [variable]         356/0        ( 0.0%) 
physics               [variable]       50757/4194304  ( 1.2%) 
physics terrain       [variable]           2/1048576  ( 0.0%) 

Level flags = 0

Total triangle count: 905
Writing d:\steam\steamapps\sourcemods\entropyzero2-addonworkspace\mapsrc\prologue00.bsp
0 seconds elapsed



materialPath: D:\steam\steamapps\sourcemods\entropyzero2-addonworkspace\materials
Loading d:\steam\steamapps\sourcemods\entropyzero2-addonworkspace\mapsrc\prologue00.vmf
ConVarRef mat_reduceparticles doesn't point to an existing ConVar
fixing up env_cubemap materials on brush sides...
0...1...2...3...4...5...6...7...8...9...100...1...2...3...4...5...6...7...8...9...10Processing areas...done (0)
Building Faces...done (0)
Chop Details...done (0)
Find Visible Detail Sides...
Merged 36 detail faces...done (0)
Merging details...done (0)
FixTjuncs...
PruneNodes...
WriteBSP...
done (0)
writing d:\steam\steamapps\sourcemods\entropyzero2-addonworkspace\mapsrc\prologue00.prt...Building visibility clusters...
done (0)
Finding displacement neighbors...
Finding lightmap sample positions...
Displacement Alpha : 0...1...2...3...4...5...6...7...8...9...10
Building Physics collision data...
done (0) (50757 bytes)
Placing static props...
Placing detail props : 0...1...2...3...4...5...6...7...8...9...10
Compacting texture/material tables...
Reduced 205 texinfos to 134
Reduced 47 texdatas to 46 (1051 bytes to 1011)
Writing d:\steam\steamapps\sourcemods\entropyzero2-addonworkspace\mapsrc\prologue00.bsp
0 seconds elapsed



12 threads
reading d:\steam\steamapps\sourcemods\entropyzero2-addonworkspace\mapsrc\prologue00.bsp
reading d:\steam\steamapps\sourcemods\entropyzero2-addonworkspace\mapsrc\prologue00.prt
  31 portalclusters
  42 numportals
0...1...2...3...4...5...6...7...8...9...10Optimized: 0 visible clusters (0.00%)
Total clusters visible: 663
Average clusters visible: 21
Building PAS...
Average clusters audible: 29
visdatasize:505  compressed from 496
writing d:\steam\steamapps\sourcemods\entropyzero2-addonworkspace\mapsrc\prologue00.bsp
0 seconds elapsed



[Reading texlights from 'lights.rad']
[48 texlights parsed from 'lights.rad']

Loading d:\steam\steamapps\sourcemods\entropyzero2-addonworkspace\mapsrc\prologue00.bsp
311 faces
13071 square feet [1882234.62 square inches]
0 Displacements
0 Square Feet [0.00 Square Inches]
311 patches before subdivision
2403 patches after subdivision
11 direct lights
0...1...2...3...4...5...6...7...8...9...100...1...2...3...4...5...6...7...8...9...10transfers 143715, max 197
transfer lists:   1.1 megs
0...1...2...3...4...5...6...7...8...9...10	Bounce #1 added RGB(3293, 8970, 11111)
0...1...2...3...4...5...6...7...8...9...10	Bounce #2 added RGB(703, 1900, 1701)
Build Patch/Sample Hash Table(s).....Done<0.0003 sec>
0...1...2...3...4...5...6...7...8...9...10FinalLightFace Done
0 of 4 (0% of) surface lights went in leaf ambient cubes.
0...1...2...3...4...5...6...7...8...9...10Writing leaf ambient...done
Ready to Finish

Object names       Objects/Maxobjs  Memory / Maxmem  Fullness 
------------       ---------------  ---------------  -------- 
models                  10/1024          480/49152    ( 1.0%) 
brushes                137/8192         1644/98304    ( 1.7%) 
brushsides             909/65536        7272/524288   ( 1.4%) 
planes                 534/65536       10680/1310720  ( 0.8%) 
vertexes               648/65536        7776/786432   ( 1.0%) 
nodes                  152/65536        4864/2097152  ( 0.2%) 
texinfos               134/12288        9648/884736   ( 1.1%) 
texdata                 46/2048         1472/65536    ( 2.2%) 
dispinfos                0/0               0/0        ( 0.0%) 
disp_verts               0/0               0/0        ( 0.0%) 
disp_tris                0/0               0/0        ( 0.0%) 
disp_lmsamples           0/0               0/0        ( 0.0%) 
faces                  311/65536       17416/3670016  ( 0.5%) 
hdr faces                0/65536           0/3670016  ( 0.0%) 
origfaces              284/65536       15904/3670016  ( 0.4%) 
leaves                 163/65536        5216/2097152  ( 0.2%) 
leaffaces              340/65536         680/131072   ( 0.5%) 
leafbrushes            162/65536         324/131072   ( 0.2%) 
areas                    2/256            16/2048     ( 0.8%) 
surfedges             2663/512000      10652/2048000  ( 0.5%) 
edges                 1792/256000       7168/1024000  ( 0.7%) 
LDR worldlights         11/65536         968/5767168  ( 0.0%) 
HDR worldlights          0/65536           0/5767168  ( 0.0%) 
leafwaterdata            0/32768           0/393216   ( 0.0%) 
waterstrips             34/32768         340/327680   ( 0.1%) 
waterverts               0/65536           0/786432   ( 0.0%) 
waterindices           630/65536        1260/131072   ( 1.0%) 
cubemapsamples           0/1024            0/16384    ( 0.0%) 
overlays                24/8192         8448/2883584  ( 0.3%) 
LDR lightdata         [variable]      110556/0        ( 0.0%) 
HDR lightdata         [variable]           0/0        ( 0.0%) 
visdata               [variable]         505/16777216 ( 0.0%) 
entdata               [variable]       21309/393216   ( 5.4%) 
LDR ambient table      163/65536         652/262144   ( 0.2%) 
HDR ambient table      163/65536         652/262144   ( 0.2%) 
LDR leaf ambient       351/65536        9828/1835008  ( 0.5%) 
HDR leaf ambient       163/65536        4564/1835008  ( 0.2%) 
occluders                0/0               0/0        ( 0.0%) 
occluder polygons        0/0               0/0        ( 0.0%) 
occluder vert ind        0/0               0/0        ( 0.0%) 
detail props          [variable]           1/12       ( 8.3%) 
static props          [variable]           1/5284     ( 0.0%) 
pakfile               [variable]         356/0        ( 0.0%) 
physics               [variable]       50757/4194304  ( 1.2%) 
physics terrain       [variable]           2/1048576  ( 0.0%) 

Level flags = 0

Total triangle count: 905
Writing d:\steam\steamapps\sourcemods\entropyzero2-addonworkspace\mapsrc\prologue00.bsp
0 seconds elapsed



materialPath: D:\steam\steamapps\sourcemods\entropyzero2-addonworkspace\materials
Loading d:\steam\steamapps\sourcemods\entropyzero2-addonworkspace\mapsrc\prologue00.vmf
ConVarRef mat_reduceparticles doesn't point to an existing ConVar
fixing up env_cubemap materials on brush sides...
0...1...2...3...4...5...6...7...8...9...100...1...2...3...4...5...6...7...8...9...10Processing areas...done (0)
Building Faces...done (0)
Chop Details...done (0)
Find Visible Detail Sides...
Merged 36 detail faces...done (0)
Merging details...done (0)
FixTjuncs...
PruneNodes...
WriteBSP...
done (0)
writing d:\steam\steamapps\sourcemods\entropyzero2-addonworkspace\mapsrc\prologue00.prt...Building visibility clusters...
done (0)
Finding displacement neighbors...
Finding lightmap sample positions...
Displacement Alpha : 0...1...2...3...4...5...6...7...8...9...10
Building Physics collision data...
done (0) (50757 bytes)
Placing static props...
Placing detail props : 0...1...2...3...4...5...6...7...8...9...10
Compacting texture/material tables...
Reduced 205 texinfos to 134
Reduced 47 texdatas to 46 (1051 bytes to 1011)
Writing d:\steam\steamapps\sourcemods\entropyzero2-addonworkspace\mapsrc\prologue00.bsp
0 seconds elapsed



12 threads
reading d:\steam\steamapps\sourcemods\entropyzero2-addonworkspace\mapsrc\prologue00.bsp
reading d:\steam\steamapps\sourcemods\entropyzero2-addonworkspace\mapsrc\prologue00.prt
  31 portalclusters
  42 numportals
0...1...2...3...4...5...6...7...8...9...10Optimized: 0 visible clusters (0.00%)
Total clusters visible: 663
Average clusters visible: 21
Building PAS...
Average clusters audible: 29
visdatasize:505  compressed from 496
writing d:\steam\steamapps\sourcemods\entropyzero2-addonworkspace\mapsrc\prologue00.bsp
0 seconds elapsed



[Reading texlights from 'lights.rad']
[48 texlights parsed from 'lights.rad']

Loading d:\steam\steamapps\sourcemods\entropyzero2-addonworkspace\mapsrc\prologue00.bsp
311 faces
13071 square feet [1882234.62 square inches]
0 Displacements
0 Square Feet [0.00 Square Inches]
311 patches before subdivision
2403 patches after subdivision
11 direct lights
0...1...2...3...4...5...6...7...8...9...100...1...2...3...4...5...6...7...8...9...10transfers 143715, max 197
transfer lists:   1.1 megs
0...1...2...3...4...5...6...7...8...9...10	Bounce #1 added RGB(3293, 8970, 11111)
0...1...2...3...4...5...6...7...8...9...10	Bounce #2 added RGB(703, 1900, 1701)
Build Patch/Sample Hash Table(s).....Done<0.0004 sec>
0...1...2...3...4...5...6...7...8...9...10FinalLightFace Done
0 of 4 (0% of) surface lights went in leaf ambient cubes.
0...1...2...3...4...5...6...7...8...9...10Writing leaf ambient...done
Ready to Finish

Object names       Objects/Maxobjs  Memory / Maxmem  Fullness 
------------       ---------------  ---------------  -------- 
models                  10/1024          480/49152    ( 1.0%) 
brushes                137/8192         1644/98304    ( 1.7%) 
brushsides             909/65536        7272/524288   ( 1.4%) 
planes                 534/65536       10680/1310720  ( 0.8%) 
vertexes               648/65536        7776/786432   ( 1.0%) 
nodes                  152/65536        4864/2097152  ( 0.2%) 
texinfos               134/12288        9648/884736   ( 1.1%) 
texdata                 46/2048         1472/65536    ( 2.2%) 
dispinfos                0/0               0/0        ( 0.0%) 
disp_verts               0/0               0/0        ( 0.0%) 
disp_tris                0/0               0/0        ( 0.0%) 
disp_lmsamples           0/0               0/0        ( 0.0%) 
faces                  311/65536       17416/3670016  ( 0.5%) 
hdr faces                0/65536           0/3670016  ( 0.0%) 
origfaces              284/65536       15904/3670016  ( 0.4%) 
leaves                 163/65536        5216/2097152  ( 0.2%) 
leaffaces              340/65536         680/131072   ( 0.5%) 
leafbrushes            162/65536         324/131072   ( 0.2%) 
areas                    2/256            16/2048     ( 0.8%) 
surfedges             2663/512000      10652/2048000  ( 0.5%) 
edges                 1792/256000       7168/1024000  ( 0.7%) 
LDR worldlights         11/65536         968/5767168  ( 0.0%) 
HDR worldlights          0/65536           0/5767168  ( 0.0%) 
leafwaterdata            0/32768           0/393216   ( 0.0%) 
waterstrips             34/32768         340/327680   ( 0.1%) 
waterverts               0/65536           0/786432   ( 0.0%) 
waterindices           630/65536        1260/131072   ( 1.0%) 
cubemapsamples           0/1024            0/16384    ( 0.0%) 
overlays                24/8192         8448/2883584  ( 0.3%) 
LDR lightdata         [variable]      110556/0        ( 0.0%) 
HDR lightdata         [variable]           0/0        ( 0.0%) 
visdata               [variable]         505/16777216 ( 0.0%) 
entdata               [variable]       21309/393216   ( 5.4%) 
LDR ambient table      163/65536         652/262144   ( 0.2%) 
HDR ambient table      163/65536         652/262144   ( 0.2%) 
LDR leaf ambient       351/65536        9828/1835008  ( 0.5%) 
HDR leaf ambient       163/65536        4564/1835008  ( 0.2%) 
occluders                0/0               0/0        ( 0.0%) 
occluder polygons        0/0               0/0        ( 0.0%) 
occluder vert ind        0/0               0/0        ( 0.0%) 
detail props          [variable]           1/12       ( 8.3%) 
static props          [variable]           1/5284     ( 0.0%) 
pakfile               [variable]         356/0        ( 0.0%) 
physics               [variable]       50757/4194304  ( 1.2%) 
physics terrain       [variable]           2/1048576  ( 0.0%) 

Level flags = 0

Total triangle count: 905
Writing d:\steam\steamapps\sourcemods\entropyzero2-addonworkspace\mapsrc\prologue00.bsp
0 seconds elapsed



materialPath: D:\steam\steamapps\sourcemods\entropyzero2-addonworkspace\materials
Loading d:\steam\steamapps\sourcemods\entropyzero2-addonworkspace\mapsrc\prologue00.vmf
ConVarRef mat_reduceparticles doesn't point to an existing ConVar
fixing up env_cubemap materials on brush sides...
0...1...2...3...4...5...6...7...8...9...100...1...2...3...4...5...6...7...8...9...10Processing areas...done (0)
Building Faces...done (0)
Chop Details...done (0)
Find Visible Detail Sides...
Merged 36 detail faces...done (0)
Merging details...done (0)
FixTjuncs...
PruneNodes...
WriteBSP...
done (0)
writing d:\steam\steamapps\sourcemods\entropyzero2-addonworkspace\mapsrc\prologue00.prt...Building visibility clusters...
done (0)
Finding displacement neighbors...
Finding lightmap sample positions...
Displacement Alpha : 0...1...2...3...4...5...6...7...8...9...10
Building Physics collision data...
done (0) (50757 bytes)
Placing static props...
Placing detail props : 0...1...2...3...4...5...6...7...8...9...10
Compacting texture/material tables...
Reduced 205 texinfos to 134
Reduced 47 texdatas to 46 (1051 bytes to 1011)
Writing d:\steam\steamapps\sourcemods\entropyzero2-addonworkspace\mapsrc\prologue00.bsp
0 seconds elapsed



12 threads
reading d:\steam\steamapps\sourcemods\entropyzero2-addonworkspace\mapsrc\prologue00.bsp
reading d:\steam\steamapps\sourcemods\entropyzero2-addonworkspace\mapsrc\prologue00.prt
  31 portalclusters
  42 numportals
0...1...2...3...4...5...6...7...8...9...10Optimized: 0 visible clusters (0.00%)
Total clusters visible: 663
Average clusters visible: 21
Building PAS...
Average clusters audible: 29
visdatasize:505  compressed from 496
writing d:\steam\steamapps\sourcemods\entropyzero2-addonworkspace\mapsrc\prologue00.bsp
0 seconds elapsed



[Reading texlights from 'lights.rad']
[48 texlights parsed from 'lights.rad']

Loading d:\steam\steamapps\sourcemods\entropyzero2-addonworkspace\mapsrc\prologue00.bsp
311 faces
13071 square feet [1882234.62 square inches]
0 Displacements
0 Square Feet [0.00 Square Inches]
311 patches before subdivision
2403 patches after subdivision
13 direct lights
0...1...2...3...4...5...6...7...8...9...100...1...2...3...4...5...6...7...8...9...10transfers 143715, max 197
transfer lists:   1.1 megs
0...1...2...3...4...5...6...7...8...9...10	Bounce #1 added RGB(3439, 9004, 11112)
0...1...2...3...4...5...6...7...8...9...10	Bounce #2 added RGB(1094, 1992, 1702)
Build Patch/Sample Hash Table(s).....Done<0.0004 sec>
0...1...2...3...4...5...6...7...8...9...10FinalLightFace Done
0 of 4 (0% of) surface lights went in leaf ambient cubes.
0...1...2...3...4...5...6...7...8...9...10Writing leaf ambient...done
Ready to Finish

Object names       Objects/Maxobjs  Memory / Maxmem  Fullness 
------------       ---------------  ---------------  -------- 
models                  10/1024          480/49152    ( 1.0%) 
brushes                137/8192         1644/98304    ( 1.7%) 
brushsides             909/65536        7272/524288   ( 1.4%) 
planes                 534/65536       10680/1310720  ( 0.8%) 
vertexes               648/65536        7776/786432   ( 1.0%) 
nodes                  152/65536        4864/2097152  ( 0.2%) 
texinfos               134/12288        9648/884736   ( 1.1%) 
texdata                 46/2048         1472/65536    ( 2.2%) 
dispinfos                0/0               0/0        ( 0.0%) 
disp_verts               0/0               0/0        ( 0.0%) 
disp_tris                0/0               0/0        ( 0.0%) 
disp_lmsamples           0/0               0/0        ( 0.0%) 
faces                  311/65536       17416/3670016  ( 0.5%) 
hdr faces                0/65536           0/3670016  ( 0.0%) 
origfaces              284/65536       15904/3670016  ( 0.4%) 
leaves                 163/65536        5216/2097152  ( 0.2%) 
leaffaces              340/65536         680/131072   ( 0.5%) 
leafbrushes            162/65536         324/131072   ( 0.2%) 
areas                    2/256            16/2048     ( 0.8%) 
surfedges             2663/512000      10652/2048000  ( 0.5%) 
edges                 1792/256000       7168/1024000  ( 0.7%) 
LDR worldlights         13/65536        1144/5767168  ( 0.0%) 
HDR worldlights          0/65536           0/5767168  ( 0.0%) 
leafwaterdata            0/32768           0/393216   ( 0.0%) 
waterstrips             34/32768         340/327680   ( 0.1%) 
waterverts               0/65536           0/786432   ( 0.0%) 
waterindices           630/65536        1260/131072   ( 1.0%) 
cubemapsamples           0/1024            0/16384    ( 0.0%) 
overlays                24/8192         8448/2883584  ( 0.3%) 
LDR lightdata         [variable]      110556/0        ( 0.0%) 
HDR lightdata         [variable]           0/0        ( 0.0%) 
visdata               [variable]         505/16777216 ( 0.0%) 
entdata               [variable]       21559/393216   ( 5.5%) 
LDR ambient table      163/65536         652/262144   ( 0.2%) 
HDR ambient table      163/65536         652/262144   ( 0.2%) 
LDR leaf ambient       350/65536        9800/1835008  ( 0.5%) 
HDR leaf ambient       163/65536        4564/1835008  ( 0.2%) 
occluders                0/0               0/0        ( 0.0%) 
occluder polygons        0/0               0/0        ( 0.0%) 
occluder vert ind        0/0               0/0        ( 0.0%) 
detail props          [variable]           1/12       ( 8.3%) 
static props          [variable]           1/5284     ( 0.0%) 
pakfile               [variable]         356/0        ( 0.0%) 
physics               [variable]       50757/4194304  ( 1.2%) 
physics terrain       [variable]           2/1048576  ( 0.0%) 

Level flags = 0

Total triangle count: 905
Writing d:\steam\steamapps\sourcemods\entropyzero2-addonworkspace\mapsrc\prologue00.bsp
0 seconds elapsed



materialPath: D:\steam\steamapps\sourcemods\entropyzero2-addonworkspace\materials
Loading d:\steam\steamapps\sourcemods\entropyzero2-addonworkspace\mapsrc\prologue00.vmf
ConVarRef mat_reduceparticles doesn't point to an existing ConVar
fixing up env_cubemap materials on brush sides...
0...1...2...3...4...5...6...7...8...9...100...1...2...3...4...5...6...7...8...9...10Processing areas...done (0)
Building Faces...done (0)
Chop Details...done (0)
Find Visible Detail Sides...
Merged 36 detail faces...done (0)
Merging details...done (0)
FixTjuncs...
PruneNodes...
WriteBSP...
done (0)
writing d:\steam\steamapps\sourcemods\entropyzero2-addonworkspace\mapsrc\prologue00.prt...Building visibility clusters...
done (0)
Finding displacement neighbors...
Finding lightmap sample positions...
Displacement Alpha : 0...1...2...3...4...5...6...7...8...9...10
Building Physics collision data...
done (0) (50757 bytes)
Placing static props...
Placing detail props : 0...1...2...3...4...5...6...7...8...9...10
Compacting texture/material tables...
Reduced 205 texinfos to 134
Reduced 47 texdatas to 46 (1051 bytes to 1011)
Writing d:\steam\steamapps\sourcemods\entropyzero2-addonworkspace\mapsrc\prologue00.bsp
0 seconds elapsed



12 threads
reading d:\steam\steamapps\sourcemods\entropyzero2-addonworkspace\mapsrc\prologue00.bsp
reading d:\steam\steamapps\sourcemods\entropyzero2-addonworkspace\mapsrc\prologue00.prt
  31 portalclusters
  42 numportals
0...1...2...3...4...5...6...7...8...9...10Optimized: 0 visible clusters (0.00%)
Total clusters visible: 663
Average clusters visible: 21
Building PAS...
Average clusters audible: 29
visdatasize:505  compressed from 496
writing d:\steam\steamapps\sourcemods\entropyzero2-addonworkspace\mapsrc\prologue00.bsp
0 seconds elapsed



[Reading texlights from 'lights.rad']
[48 texlights parsed from 'lights.rad']

Loading d:\steam\steamapps\sourcemods\entropyzero2-addonworkspace\mapsrc\prologue00.bsp
311 faces
13071 square feet [1882234.62 square inches]
0 Displacements
0 Square Feet [0.00 Square Inches]
311 patches before subdivision
2403 patches after subdivision
13 direct lights
0...1...2...3...4...5...6...7...8...9...100...1...2...3...4...5...6...7...8...9...10transfers 143715, max 197
transfer lists:   1.1 megs
0...1...2...3...4...5...6...7...8...9...10	Bounce #1 added RGB(3439, 9004, 11112)
0...1...2...3...4...5...6...7...8...9...10	Bounce #2 added RGB(1094, 1992, 1702)
Build Patch/Sample Hash Table(s).....Done<0.0003 sec>
0...1...2...3...4...5...6...7...8...9...10FinalLightFace Done
0 of 4 (0% of) surface lights went in leaf ambient cubes.
0...1...2...3...4...5...6...7...8...9...10Writing leaf ambient...done
Ready to Finish

Object names       Objects/Maxobjs  Memory / Maxmem  Fullness 
------------       ---------------  ---------------  -------- 
models                  10/1024          480/49152    ( 1.0%) 
brushes                137/8192         1644/98304    ( 1.7%) 
brushsides             909/65536        7272/524288   ( 1.4%) 
planes                 534/65536       10680/1310720  ( 0.8%) 
vertexes               648/65536        7776/786432   ( 1.0%) 
nodes                  152/65536        4864/2097152  ( 0.2%) 
texinfos               134/12288        9648/884736   ( 1.1%) 
texdata                 46/2048         1472/65536    ( 2.2%) 
dispinfos                0/0               0/0        ( 0.0%) 
disp_verts               0/0               0/0        ( 0.0%) 
disp_tris                0/0               0/0        ( 0.0%) 
disp_lmsamples           0/0               0/0        ( 0.0%) 
faces                  311/65536       17416/3670016  ( 0.5%) 
hdr faces                0/65536           0/3670016  ( 0.0%) 
origfaces              284/65536       15904/3670016  ( 0.4%) 
leaves                 163/65536        5216/2097152  ( 0.2%) 
leaffaces              340/65536         680/131072   ( 0.5%) 
leafbrushes            162/65536         324/131072   ( 0.2%) 
areas                    2/256            16/2048     ( 0.8%) 
surfedges             2663/512000      10652/2048000  ( 0.5%) 
edges                 1792/256000       7168/1024000  ( 0.7%) 
LDR worldlights         13/65536        1144/5767168  ( 0.0%) 
HDR worldlights          0/65536           0/5767168  ( 0.0%) 
leafwaterdata            0/32768           0/393216   ( 0.0%) 
waterstrips             34/32768         340/327680   ( 0.1%) 
waterverts               0/65536           0/786432   ( 0.0%) 
waterindices           630/65536        1260/131072   ( 1.0%) 
cubemapsamples           0/1024            0/16384    ( 0.0%) 
overlays                24/8192         8448/2883584  ( 0.3%) 
LDR lightdata         [variable]      110556/0        ( 0.0%) 
HDR lightdata         [variable]           0/0        ( 0.0%) 
visdata               [variable]         505/16777216 ( 0.0%) 
entdata               [variable]       21558/393216   ( 5.5%) 
LDR ambient table      163/65536         652/262144   ( 0.2%) 
HDR ambient table      163/65536         652/262144   ( 0.2%) 
LDR leaf ambient       350/65536        9800/1835008  ( 0.5%) 
HDR leaf ambient       163/65536        4564/1835008  ( 0.2%) 
occluders                0/0               0/0        ( 0.0%) 
occluder polygons        0/0               0/0        ( 0.0%) 
occluder vert ind        0/0               0/0        ( 0.0%) 
detail props          [variable]           1/12       ( 8.3%) 
static props          [variable]           1/5284     ( 0.0%) 
pakfile               [variable]         356/0        ( 0.0%) 
physics               [variable]       50757/4194304  ( 1.2%) 
physics terrain       [variable]           2/1048576  ( 0.0%) 

Level flags = 0

Total triangle count: 905
Writing d:\steam\steamapps\sourcemods\entropyzero2-addonworkspace\mapsrc\prologue00.bsp
0 seconds elapsed



materialPath: D:\steam\steamapps\sourcemods\entropyzero2-addonworkspace\materials
Loading d:\steam\steamapps\sourcemods\entropyzero2-addonworkspace\mapsrc\prologue00.vmf
ConVarRef mat_reduceparticles doesn't point to an existing ConVar
fixing up env_cubemap materials on brush sides...
0...1...2...3...4...5...6...7...8...9...100...1...2...3...4...5...6...7...8...9...10Processing areas...done (0)
Building Faces...done (0)
Chop Details...done (0)
Find Visible Detail Sides...
Merged 36 detail faces...done (0)
Merging details...done (0)
FixTjuncs...
PruneNodes...
WriteBSP...
done (0)
writing d:\steam\steamapps\sourcemods\entropyzero2-addonworkspace\mapsrc\prologue00.prt...Building visibility clusters...
done (0)
Finding displacement neighbors...
Finding lightmap sample positions...
Displacement Alpha : 0...1...2...3...4...5...6...7...8...9...10
Building Physics collision data...
done (0) (50757 bytes)
Placing static props...
Placing detail props : 0...1...2...3...4...5...6...7...8...9...10
Compacting texture/material tables...
Reduced 204 texinfos to 134
Reduced 47 texdatas to 46 (1051 bytes to 1011)
Writing d:\steam\steamapps\sourcemods\entropyzero2-addonworkspace\mapsrc\prologue00.bsp
0 seconds elapsed



12 threads
reading d:\steam\steamapps\sourcemods\entropyzero2-addonworkspace\mapsrc\prologue00.bsp
reading d:\steam\steamapps\sourcemods\entropyzero2-addonworkspace\mapsrc\prologue00.prt
  31 portalclusters
  42 numportals
0...1...2...3...4...5...6...7...8...9...10Optimized: 0 visible clusters (0.00%)
Total clusters visible: 663
Average clusters visible: 21
Building PAS...
Average clusters audible: 29
visdatasize:505  compressed from 496
writing d:\steam\steamapps\sourcemods\entropyzero2-addonworkspace\mapsrc\prologue00.bsp
0 seconds elapsed



[Reading texlights from 'lights.rad']
[48 texlights parsed from 'lights.rad']

Loading d:\steam\steamapps\sourcemods\entropyzero2-addonworkspace\mapsrc\prologue00.bsp
311 faces
13071 square feet [1882234.62 square inches]
0 Displacements
0 Square Feet [0.00 Square Inches]
311 patches before subdivision
2403 patches after subdivision
11 direct lights
0...1...2...3...4...5...6...7...8...9...100...1...2...3...4...5...6...7...8...9...10transfers 143715, max 197
transfer lists:   1.1 megs
0...1...2...3...4...5...6...7...8...9...10	Bounce #1 added RGB(2063, 8025, 10788)
0...1...2...3...4...5...6...7...8...9...10	Bounce #2 added RGB(807, 1805, 1661)
Build Patch/Sample Hash Table(s).....Done<0.0003 sec>
0...1...2...3...4...5...6...7...8...9...10FinalLightFace Done
0 of 2 (0% of) surface lights went in leaf ambient cubes.
0...1...2...3...4...5...6...7...8...9...10Writing leaf ambient...done
Ready to Finish

Object names       Objects/Maxobjs  Memory / Maxmem  Fullness 
------------       ---------------  ---------------  -------- 
models                  10/1024          480/49152    ( 1.0%) 
brushes                137/8192         1644/98304    ( 1.7%) 
brushsides             909/65536        7272/524288   ( 1.4%) 
planes                 534/65536       10680/1310720  ( 0.8%) 
vertexes               648/65536        7776/786432   ( 1.0%) 
nodes                  152/65536        4864/2097152  ( 0.2%) 
texinfos               134/12288        9648/884736   ( 1.1%) 
texdata                 46/2048         1472/65536    ( 2.2%) 
dispinfos                0/0               0/0        ( 0.0%) 
disp_verts               0/0               0/0        ( 0.0%) 
disp_tris                0/0               0/0        ( 0.0%) 
disp_lmsamples           0/0               0/0        ( 0.0%) 
faces                  311/65536       17416/3670016  ( 0.5%) 
hdr faces                0/65536           0/3670016  ( 0.0%) 
origfaces              284/65536       15904/3670016  ( 0.4%) 
leaves                 163/65536        5216/2097152  ( 0.2%) 
leaffaces              340/65536         680/131072   ( 0.5%) 
leafbrushes            162/65536         324/131072   ( 0.2%) 
areas                    2/256            16/2048     ( 0.8%) 
surfedges             2663/512000      10652/2048000  ( 0.5%) 
edges                 1792/256000       7168/1024000  ( 0.7%) 
LDR worldlights         11/65536         968/5767168  ( 0.0%) 
HDR worldlights          0/65536           0/5767168  ( 0.0%) 
leafwaterdata            0/32768           0/393216   ( 0.0%) 
waterstrips             34/32768         340/327680   ( 0.1%) 
waterverts               0/65536           0/786432   ( 0.0%) 
waterindices           630/65536        1260/131072   ( 1.0%) 
cubemapsamples           0/1024            0/16384    ( 0.0%) 
overlays                24/8192         8448/2883584  ( 0.3%) 
LDR lightdata         [variable]      110228/0        ( 0.0%) 
HDR lightdata         [variable]           0/0        ( 0.0%) 
visdata               [variable]         505/16777216 ( 0.0%) 
entdata               [variable]       21558/393216   ( 5.5%) 
LDR ambient table      163/65536         652/262144   ( 0.2%) 
HDR ambient table      163/65536         652/262144   ( 0.2%) 
LDR leaf ambient       350/65536        9800/1835008  ( 0.5%) 
HDR leaf ambient       163/65536        4564/1835008  ( 0.2%) 
occluders                0/0               0/0        ( 0.0%) 
occluder polygons        0/0               0/0        ( 0.0%) 
occluder vert ind        0/0               0/0        ( 0.0%) 
detail props          [variable]           1/12       ( 8.3%) 
static props          [variable]           1/5284     ( 0.0%) 
pakfile               [variable]         356/0        ( 0.0%) 
physics               [variable]       50757/4194304  ( 1.2%) 
physics terrain       [variable]           2/1048576  ( 0.0%) 

Level flags = 0

Total triangle count: 905
Writing d:\steam\steamapps\sourcemods\entropyzero2-addonworkspace\mapsrc\prologue00.bsp
0 seconds elapsed



materialPath: D:\steam\steamapps\sourcemods\entropyzero2-addonworkspace\materials
Loading d:\steam\steamapps\sourcemods\entropyzero2-addonworkspace\mapsrc\prologue00.vmf
fixing up env_cubemap materials on brush sides...
0...1...2...3...4...5...6...7...8...9...100...1...2...3...4...5...6...7...8...9...10Processing areas...done (0)
Building Faces...done (0)
Chop Details...done (0)
Find Visible Detail Sides...
Merged 36 detail faces...done (0)
Merging details...done (0)
FixTjuncs...
PruneNodes...
WriteBSP...
done (0)
writing d:\steam\steamapps\sourcemods\entropyzero2-addonworkspace\mapsrc\prologue00.prt...Building visibility clusters...
done (0)
Finding displacement neighbors...
Finding lightmap sample positions...
Displacement Alpha : 0...1...2...3...4...5...6...7...8...9...10
Building Physics collision data...
done (0) (49119 bytes)
Placing static props...
Placing detail props : 0...1...2...3...4...5...6...7...8...9...10
Compacting texture/material tables...
Reduced 192 texinfos to 129
Reduced 47 texdatas to 46 (1052 bytes to 1012)
Writing d:\steam\steamapps\sourcemods\entropyzero2-addonworkspace\mapsrc\prologue00.bsp
0 seconds elapsed



12 threads
reading d:\steam\steamapps\sourcemods\entropyzero2-addonworkspace\mapsrc\prologue00.bsp
reading d:\steam\steamapps\sourcemods\entropyzero2-addonworkspace\mapsrc\prologue00.prt
  31 portalclusters
  42 numportals
0...1...2...3...4...5...6...7...8...9...10Optimized: 0 visible clusters (0.00%)
Total clusters visible: 663
Average clusters visible: 21
Building PAS...
Average clusters audible: 29
visdatasize:505  compressed from 496
writing d:\steam\steamapps\sourcemods\entropyzero2-addonworkspace\mapsrc\prologue00.bsp
0 seconds elapsed



[Reading texlights from 'lights.rad']
[48 texlights parsed from 'lights.rad']

Loading d:\steam\steamapps\sourcemods\entropyzero2-addonworkspace\mapsrc\prologue00.bsp
308 faces
12961 square feet [1866394.62 square inches]
0 Displacements
0 Square Feet [0.00 Square Inches]
308 patches before subdivision
2400 patches after subdivision
10 direct lights
0...1...2...3...4...5...6...7...8...9...100...1...2...3...4...5...6...7...8...9...10transfers 142785, max 197
transfer lists:   1.1 megs
0...1...2...3...4...5...6...7...8...9...10	Bounce #1 added RGB(1187, 7089, 10240)
0...1...2...3...4...5...6...7...8...9...10	Bounce #2 added RGB(250, 1482, 1515)
Build Patch/Sample Hash Table(s).....Done<0.0003 sec>
0...1...2...3...4...5...6...7...8...9...10FinalLightFace Done
0 of 1 (0% of) surface lights went in leaf ambient cubes.
0...1...2...3...4...5...6...7...8...9...10Writing leaf ambient...done
Ready to Finish

Object names       Objects/Maxobjs  Memory / Maxmem  Fullness 
------------       ---------------  ---------------  -------- 
models                   7/1024          336/49152    ( 0.7%) 
brushes                134/8192         1608/98304    ( 1.6%) 
brushsides             891/65536        7128/524288   ( 1.4%) 
planes                 526/65536       10520/1310720  ( 0.8%) 
vertexes               624/65536        7488/786432   ( 1.0%) 
nodes                  134/65536        4288/2097152  ( 0.2%) 
texinfos               129/12288        9288/884736   ( 1.0%) 
texdata                 46/2048         1472/65536    ( 2.2%) 
dispinfos                0/0               0/0        ( 0.0%) 
disp_verts               0/0               0/0        ( 0.0%) 
disp_tris                0/0               0/0        ( 0.0%) 
disp_lmsamples           0/0               0/0        ( 0.0%) 
faces                  308/65536       17248/3670016  ( 0.5%) 
hdr faces                0/65536           0/3670016  ( 0.0%) 
origfaces              281/65536       15736/3670016  ( 0.4%) 
leaves                 142/65536        4544/2097152  ( 0.2%) 
leaffaces              337/65536         674/131072   ( 0.5%) 
leafbrushes            159/65536         318/131072   ( 0.2%) 
areas                    2/256            16/2048     ( 0.8%) 
surfedges             2639/512000      10556/2048000  ( 0.5%) 
edges                 1768/256000       7072/1024000  ( 0.7%) 
LDR worldlights         10/65536         880/5767168  ( 0.0%) 
HDR worldlights          0/65536           0/5767168  ( 0.0%) 
leafwaterdata            0/32768           0/393216   ( 0.0%) 
waterstrips             34/32768         340/327680   ( 0.1%) 
waterverts               0/65536           0/786432   ( 0.0%) 
waterindices           630/65536        1260/131072   ( 1.0%) 
cubemapsamples           0/1024            0/16384    ( 0.0%) 
overlays                24/8192         8448/2883584  ( 0.3%) 
LDR lightdata         [variable]      110064/0        ( 0.0%) 
HDR lightdata         [variable]           0/0        ( 0.0%) 
visdata               [variable]         505/16777216 ( 0.0%) 
entdata               [variable]       20802/393216   ( 5.3%) 
LDR ambient table      142/65536         568/262144   ( 0.2%) 
HDR ambient table      142/65536         568/262144   ( 0.2%) 
LDR leaf ambient       334/65536        9352/1835008  ( 0.5%) 
HDR leaf ambient       142/65536        3976/1835008  ( 0.2%) 
occluders                0/0               0/0        ( 0.0%) 
occluder polygons        0/0               0/0        ( 0.0%) 
occluder vert ind        0/0               0/0        ( 0.0%) 
detail props          [variable]           1/12       ( 8.3%) 
static props          [variable]           1/5284     ( 0.0%) 
pakfile               [variable]         356/0        ( 0.0%) 
physics               [variable]       49119/4194304  ( 1.2%) 
physics terrain       [variable]           2/1048576  ( 0.0%) 

Level flags = 0

Total triangle count: 899
Writing d:\steam\steamapps\sourcemods\entropyzero2-addonworkspace\mapsrc\prologue00.bsp
0 seconds elapsed



materialPath: D:\steam\steamapps\sourcemods\entropyzero2-addonworkspace\materials
Loading d:\steam\steamapps\sourcemods\entropyzero2-addonworkspace\mapsrc\prologue00.vmf
fixing up env_cubemap materials on brush sides...
0...1...2...3...4...5...6...7...8...9...100...1...2...3...4...5...6...7...8...9...10Processing areas...done (0)
Building Faces...done (0)
Chop Details...done (0)
Find Visible Detail Sides...
Merged 36 detail faces...done (0)
Merging details...done (0)
FixTjuncs...
PruneNodes...
WriteBSP...
done (0)
writing d:\steam\steamapps\sourcemods\entropyzero2-addonworkspace\mapsrc\prologue00.prt...Building visibility clusters...
done (0)
Finding displacement neighbors...
Finding lightmap sample positions...
Displacement Alpha : 0...1...2...3...4...5...6...7...8...9...10
Building Physics collision data...
done (0) (33388 bytes)
Placing static props...
Placing detail props : 0...1...2...3...4...5...6...7...8...9...10
Compacting texture/material tables...
Reduced 127 texinfos to 87
Reduced 45 texdatas to 44 (1010 bytes to 970)
Writing d:\steam\steamapps\sourcemods\entropyzero2-addonworkspace\mapsrc\prologue00.bsp
0 seconds elapsed



12 threads
reading d:\steam\steamapps\sourcemods\entropyzero2-addonworkspace\mapsrc\prologue00.bsp
reading d:\steam\steamapps\sourcemods\entropyzero2-addonworkspace\mapsrc\prologue00.prt
  27 portalclusters
  38 numportals
0...1...2...3...4...5...6...7...8...9...10Optimized: 0 visible clusters (0.00%)
Total clusters visible: 517
Average clusters visible: 19
Building PAS...
Average clusters audible: 25
visdatasize:450  compressed from 432
writing d:\steam\steamapps\sourcemods\entropyzero2-addonworkspace\mapsrc\prologue00.bsp
0 seconds elapsed



[Reading texlights from 'lights.rad']
[48 texlights parsed from 'lights.rad']

Loading d:\steam\steamapps\sourcemods\entropyzero2-addonworkspace\mapsrc\prologue00.bsp
211 faces
11532 square feet [1660628.00 square inches]
0 Displacements
0 Square Feet [0.00 Square Inches]
211 patches before subdivision
2197 patches after subdivision
7 direct lights
0...1...2...3...4...5...6...7...8...9...100...1...2...3...4...5...6...7...8...9...10transfers 133402, max 195
transfer lists:   1.0 megs
0...1...2...3...4...5...6...7...8...9...10	Bounce #1 added RGB(676, 6481, 9692)
0...1...2...3...4...5...6...7...8...9...10	Bounce #2 added RGB(151, 1360, 1451)
Build Patch/Sample Hash Table(s).....Done<0.0003 sec>
0...1...2...3...4...5...6...7...8...9...10FinalLightFace Done
0 of 0 (0% of) surface lights went in leaf ambient cubes.
0...1...2...3...4...5...6...7...8...9...10Writing leaf ambient...done
Ready to Finish

Object names       Objects/Maxobjs  Memory / Maxmem  Fullness 
------------       ---------------  ---------------  -------- 
models                   2/1024           96/49152    ( 0.2%) 
brushes                 94/8192         1128/98304    ( 1.1%) 
brushsides             579/65536        4632/524288   ( 0.9%) 
planes                 262/65536        5240/1310720  ( 0.4%) 
vertexes               409/65536        4908/786432   ( 0.6%) 
nodes                   90/65536        2880/2097152  ( 0.1%) 
texinfos                87/12288        6264/884736   ( 0.7%) 
texdata                 44/2048         1408/65536    ( 2.1%) 
dispinfos                0/0               0/0        ( 0.0%) 
disp_verts               0/0               0/0        ( 0.0%) 
disp_tris                0/0               0/0        ( 0.0%) 
disp_lmsamples           0/0               0/0        ( 0.0%) 
faces                  211/65536       11816/3670016  ( 0.3%) 
hdr faces                0/65536           0/3670016  ( 0.0%) 
origfaces              181/65536       10136/3670016  ( 0.3%) 
leaves                  93/65536        2976/2097152  ( 0.1%) 
leaffaces              240/65536         480/131072   ( 0.4%) 
leafbrushes            120/65536         240/131072   ( 0.2%) 
areas                    2/256            16/2048     ( 0.8%) 
surfedges             1835/512000       7340/2048000  ( 0.4%) 
edges                 1206/256000       4824/1024000  ( 0.5%) 
LDR worldlights          7/65536         616/5767168  ( 0.0%) 
HDR worldlights          0/65536           0/5767168  ( 0.0%) 
leafwaterdata            0/32768           0/393216   ( 0.0%) 
waterstrips             34/32768         340/327680   ( 0.1%) 
waterverts               0/65536           0/786432   ( 0.0%) 
waterindices           630/65536        1260/131072   ( 1.0%) 
cubemapsamples           0/1024            0/16384    ( 0.0%) 
overlays                24/8192         8448/2883584  ( 0.3%) 
LDR lightdata         [variable]      105212/0        ( 0.0%) 
HDR lightdata         [variable]           0/0        ( 0.0%) 
visdata               [variable]         450/16777216 ( 0.0%) 
entdata               [variable]       18310/393216   ( 4.7%) 
LDR ambient table       93/65536         372/262144   ( 0.1%) 
HDR ambient table       93/65536         372/262144   ( 0.1%) 
LDR leaf ambient       233/65536        6524/1835008  ( 0.4%) 
HDR leaf ambient        93/65536        2604/1835008  ( 0.1%) 
occluders                0/0               0/0        ( 0.0%) 
occluder polygons        0/0               0/0        ( 0.0%) 
occluder vert ind        0/0               0/0        ( 0.0%) 
detail props          [variable]           1/12       ( 8.3%) 
static props          [variable]           1/5284     ( 0.0%) 
pakfile               [variable]         356/0        ( 0.0%) 
physics               [variable]       33388/4194304  ( 0.8%) 
physics terrain       [variable]           2/1048576  ( 0.0%) 

Level flags = 0

Total triangle count: 689
Writing d:\steam\steamapps\sourcemods\entropyzero2-addonworkspace\mapsrc\prologue00.bsp
0 seconds elapsed



materialPath: D:\steam\steamapps\sourcemods\entropyzero2-addonworkspace\materials
Loading d:\steam\steamapps\sourcemods\entropyzero2-addonworkspace\mapsrc\prologue00.vmf
fixing up env_cubemap materials on brush sides...
0...1...2...3...4...5...6...7...8...9...100...1...2...3...4...5...6...7...8...9...10Processing areas...done (0)
Building Faces...done (0)
Chop Details...done (0)
Find Visible Detail Sides...
Merged 36 detail faces...done (0)
Merging details...done (0)
FixTjuncs...
PruneNodes...
WriteBSP...
done (0)
writing d:\steam\steamapps\sourcemods\entropyzero2-addonworkspace\mapsrc\prologue00.prt...Building visibility clusters...
done (0)
Finding displacement neighbors...
Finding lightmap sample positions...
Displacement Alpha : 0...1...2...3...4...5...6...7...8...9...10
Building Physics collision data...
done (0) (33388 bytes)
Placing static props...
Placing detail props : 0...1...2...3...4...5...6...7...8...9...10
Compacting texture/material tables...
Reduced 128 texinfos to 88
Reduced 46 texdatas to 45 (1027 bytes to 987)
Writing d:\steam\steamapps\sourcemods\entropyzero2-addonworkspace\mapsrc\prologue00.bsp
0 seconds elapsed



12 threads
reading d:\steam\steamapps\sourcemods\entropyzero2-addonworkspace\mapsrc\prologue00.bsp
reading d:\steam\steamapps\sourcemods\entropyzero2-addonworkspace\mapsrc\prologue00.prt
  27 portalclusters
  38 numportals
0...1...2...3...4...5...6...7...8...9...10Optimized: 0 visible clusters (0.00%)
Total clusters visible: 517
Average clusters visible: 19
Building PAS...
Average clusters audible: 25
visdatasize:450  compressed from 432
writing d:\steam\steamapps\sourcemods\entropyzero2-addonworkspace\mapsrc\prologue00.bsp
0 seconds elapsed



[Reading texlights from 'lights.rad']
[48 texlights parsed from 'lights.rad']

Loading d:\steam\steamapps\sourcemods\entropyzero2-addonworkspace\mapsrc\prologue00.bsp
211 faces
11532 square feet [1660628.00 square inches]
0 Displacements
0 Square Feet [0.00 Square Inches]
211 patches before subdivision
2197 patches after subdivision
7 direct lights
0...1...2...3...4...5...6...7...8...9...100...1...2...3...4...5...6...7...8...9...10transfers 133402, max 195
transfer lists:   1.0 megs
0...1...2...3...4...5...6...7...8...9...10	Bounce #1 added RGB(676, 6481, 9692)
0...1...2...3...4...5...6...7...8...9...10	Bounce #2 added RGB(151, 1360, 1451)
Build Patch/Sample Hash Table(s).....Done<0.0003 sec>
0...1...2...3...4...5...6...7...8...9...10FinalLightFace Done
0 of 0 (0% of) surface lights went in leaf ambient cubes.
0...1...2...3...4...5...6...7...8...9...10Writing leaf ambient...done
Ready to Finish

Object names       Objects/Maxobjs  Memory / Maxmem  Fullness 
------------       ---------------  ---------------  -------- 
models                   2/1024           96/49152    ( 0.2%) 
brushes                 94/8192         1128/98304    ( 1.1%) 
brushsides             579/65536        4632/524288   ( 0.9%) 
planes                 262/65536        5240/1310720  ( 0.4%) 
vertexes               409/65536        4908/786432   ( 0.6%) 
nodes                   90/65536        2880/2097152  ( 0.1%) 
texinfos                88/12288        6336/884736   ( 0.7%) 
texdata                 45/2048         1440/65536    ( 2.2%) 
dispinfos                0/0               0/0        ( 0.0%) 
disp_verts               0/0               0/0        ( 0.0%) 
disp_tris                0/0               0/0        ( 0.0%) 
disp_lmsamples           0/0               0/0        ( 0.0%) 
faces                  211/65536       11816/3670016  ( 0.3%) 
hdr faces                0/65536           0/3670016  ( 0.0%) 
origfaces              181/65536       10136/3670016  ( 0.3%) 
leaves                  93/65536        2976/2097152  ( 0.1%) 
leaffaces              240/65536         480/131072   ( 0.4%) 
leafbrushes            120/65536         240/131072   ( 0.2%) 
areas                    2/256            16/2048     ( 0.8%) 
surfedges             1835/512000       7340/2048000  ( 0.4%) 
edges                 1206/256000       4824/1024000  ( 0.5%) 
LDR worldlights          7/65536         616/5767168  ( 0.0%) 
HDR worldlights          0/65536           0/5767168  ( 0.0%) 
leafwaterdata            0/32768           0/393216   ( 0.0%) 
waterstrips             34/32768         340/327680   ( 0.1%) 
waterverts               0/65536           0/786432   ( 0.0%) 
waterindices           630/65536        1260/131072   ( 1.0%) 
cubemapsamples           0/1024            0/16384    ( 0.0%) 
overlays                25/8192         8800/2883584  ( 0.3%) 
LDR lightdata         [variable]      105212/0        ( 0.0%) 
HDR lightdata         [variable]           0/0        ( 0.0%) 
visdata               [variable]         450/16777216 ( 0.0%) 
entdata               [variable]       18309/393216   ( 4.7%) 
LDR ambient table       93/65536         372/262144   ( 0.1%) 
HDR ambient table       93/65536         372/262144   ( 0.1%) 
LDR leaf ambient       233/65536        6524/1835008  ( 0.4%) 
HDR leaf ambient        93/65536        2604/1835008  ( 0.1%) 
occluders                0/0               0/0        ( 0.0%) 
occluder polygons        0/0               0/0        ( 0.0%) 
occluder vert ind        0/0               0/0        ( 0.0%) 
detail props          [variable]           1/12       ( 8.3%) 
static props          [variable]           1/5284     ( 0.0%) 
pakfile               [variable]         356/0        ( 0.0%) 
physics               [variable]       33388/4194304  ( 0.8%) 
physics terrain       [variable]           2/1048576  ( 0.0%) 

Level flags = 0

Total triangle count: 689
Writing d:\steam\steamapps\sourcemods\entropyzero2-addonworkspace\mapsrc\prologue00.bsp
0 seconds elapsed



materialPath: D:\steam\steamapps\sourcemods\entropyzero2-addonworkspace\materials
Loading d:\steam\steamapps\sourcemods\entropyzero2-addonworkspace\mapsrc\prologue00.vmf
fixing up env_cubemap materials on brush sides...
0...1...2...3...4...5...6...7...8...9...100...1...2...3...4...5...6...7...8...9...10Processing areas...done (0)
Building Faces...done (0)
Chop Details...done (0)
Find Visible Detail Sides...
Merged 36 detail faces...done (0)
Merging details...done (0)
FixTjuncs...
PruneNodes...
WriteBSP...
done (0)
writing d:\steam\steamapps\sourcemods\entropyzero2-addonworkspace\mapsrc\prologue00.prt...Building visibility clusters...
done (0)
Finding displacement neighbors...
Finding lightmap sample positions...
Displacement Alpha : 0...1...2...3...4...5...6...7...8...9...10
Building Physics collision data...
done (0) (33388 bytes)
Placing static props...
Placing detail props : 0...1...2...3...4...5...6...7...8...9...10
Compacting texture/material tables...
Reduced 128 texinfos to 88
Reduced 46 texdatas to 45 (1027 bytes to 987)
Writing d:\steam\steamapps\sourcemods\entropyzero2-addonworkspace\mapsrc\prologue00.bsp
0 seconds elapsed



12 threads
reading d:\steam\steamapps\sourcemods\entropyzero2-addonworkspace\mapsrc\prologue00.bsp
reading d:\steam\steamapps\sourcemods\entropyzero2-addonworkspace\mapsrc\prologue00.prt
  27 portalclusters
  38 numportals
0...1...2...3...4...5...6...7...8...9...10Optimized: 0 visible clusters (0.00%)
Total clusters visible: 517
Average clusters visible: 19
Building PAS...
Average clusters audible: 25
visdatasize:450  compressed from 432
writing d:\steam\steamapps\sourcemods\entropyzero2-addonworkspace\mapsrc\prologue00.bsp
0 seconds elapsed



[Reading texlights from 'lights.rad']
[48 texlights parsed from 'lights.rad']

Loading d:\steam\steamapps\sourcemods\entropyzero2-addonworkspace\mapsrc\prologue00.bsp
211 faces
11532 square feet [1660628.00 square inches]
0 Displacements
0 Square Feet [0.00 Square Inches]
211 patches before subdivision
2197 patches after subdivision
7 direct lights
0...1...2...3...4...5...6...7...8...9...100...1...2...3...4...5...6...7...8...9...10transfers 133402, max 195
transfer lists:   1.0 megs
0...1...2...3...4...5...6...7...8...9...10	Bounce #1 added RGB(676, 6481, 9692)
0...1...2...3...4...5...6...7...8...9...10	Bounce #2 added RGB(151, 1360, 1451)
Build Patch/Sample Hash Table(s).....Done<0.0003 sec>
0...1...2...3...4...5...6...7...8...9...10FinalLightFace Done
0 of 0 (0% of) surface lights went in leaf ambient cubes.
0...1...2...3...4...5...6...7...8...9...10Writing leaf ambient...done
Ready to Finish

Object names       Objects/Maxobjs  Memory / Maxmem  Fullness 
------------       ---------------  ---------------  -------- 
models                   2/1024           96/49152    ( 0.2%) 
brushes                 94/8192         1128/98304    ( 1.1%) 
brushsides             579/65536        4632/524288   ( 0.9%) 
planes                 262/65536        5240/1310720  ( 0.4%) 
vertexes               409/65536        4908/786432   ( 0.6%) 
nodes                   90/65536        2880/2097152  ( 0.1%) 
texinfos                88/12288        6336/884736   ( 0.7%) 
texdata                 45/2048         1440/65536    ( 2.2%) 
dispinfos                0/0               0/0        ( 0.0%) 
disp_verts               0/0               0/0        ( 0.0%) 
disp_tris                0/0               0/0        ( 0.0%) 
disp_lmsamples           0/0               0/0        ( 0.0%) 
faces                  211/65536       11816/3670016  ( 0.3%) 
hdr faces                0/65536           0/3670016  ( 0.0%) 
origfaces              181/65536       10136/3670016  ( 0.3%) 
leaves                  93/65536        2976/2097152  ( 0.1%) 
leaffaces              240/65536         480/131072   ( 0.4%) 
leafbrushes            120/65536         240/131072   ( 0.2%) 
areas                    2/256            16/2048     ( 0.8%) 
surfedges             1835/512000       7340/2048000  ( 0.4%) 
edges                 1206/256000       4824/1024000  ( 0.5%) 
LDR worldlights          7/65536         616/5767168  ( 0.0%) 
HDR worldlights          0/65536           0/5767168  ( 0.0%) 
leafwaterdata            0/32768           0/393216   ( 0.0%) 
waterstrips             34/32768         340/327680   ( 0.1%) 
waterverts               0/65536           0/786432   ( 0.0%) 
waterindices           630/65536        1260/131072   ( 1.0%) 
cubemapsamples           0/1024            0/16384    ( 0.0%) 
overlays                25/8192         8800/2883584  ( 0.3%) 
LDR lightdata         [variable]      105212/0        ( 0.0%) 
HDR lightdata         [variable]           0/0        ( 0.0%) 
visdata               [variable]         450/16777216 ( 0.0%) 
entdata               [variable]       17306/393216   ( 4.4%) 
LDR ambient table       93/65536         372/262144   ( 0.1%) 
HDR ambient table       93/65536         372/262144   ( 0.1%) 
LDR leaf ambient       233/65536        6524/1835008  ( 0.4%) 
HDR leaf ambient        93/65536        2604/1835008  ( 0.1%) 
occluders                0/0               0/0        ( 0.0%) 
occluder polygons        0/0               0/0        ( 0.0%) 
occluder vert ind        0/0               0/0        ( 0.0%) 
detail props          [variable]           1/12       ( 8.3%) 
static props          [variable]           1/5284     ( 0.0%) 
pakfile               [variable]         356/0        ( 0.0%) 
physics               [variable]       33388/4194304  ( 0.8%) 
physics terrain       [variable]           2/1048576  ( 0.0%) 

Level flags = 0

Total triangle count: 689
Writing d:\steam\steamapps\sourcemods\entropyzero2-addonworkspace\mapsrc\prologue00.bsp
0 seconds elapsed



materialPath: D:\steam\steamapps\sourcemods\entropyzero2-addonworkspace\materials
Loading d:\steam\steamapps\sourcemods\entropyzero2-addonworkspace\mapsrc\prologue00.vmf
fixing up env_cubemap materials on brush sides...
0...1...2...3...4...5...6...7...8...9...100...1...2...3...4...5...6...7...8...9...10Processing areas...done (0)
Building Faces...done (0)
Chop Details...done (0)
Find Visible Detail Sides...
Merged 36 detail faces...done (0)
Merging details...done (0)
FixTjuncs...
PruneNodes...
WriteBSP...
done (0)
writing d:\steam\steamapps\sourcemods\entropyzero2-addonworkspace\mapsrc\prologue00.prt...Building visibility clusters...
done (0)
Finding displacement neighbors...
Finding lightmap sample positions...
Displacement Alpha : 0...1...2...3...4...5...6...7...8...9...10
Building Physics collision data...
done (0) (33388 bytes)
Placing static props...
Placing detail props : 0...1...2...3...4...5...6...7...8...9...10
Compacting texture/material tables...
Reduced 128 texinfos to 88
Reduced 46 texdatas to 45 (1027 bytes to 987)
Writing d:\steam\steamapps\sourcemods\entropyzero2-addonworkspace\mapsrc\prologue00.bsp
0 seconds elapsed



12 threads
reading d:\steam\steamapps\sourcemods\entropyzero2-addonworkspace\mapsrc\prologue00.bsp
reading d:\steam\steamapps\sourcemods\entropyzero2-addonworkspace\mapsrc\prologue00.prt
  27 portalclusters
  38 numportals
0...1...2...3...4...5...6...7...8...9...10Optimized: 0 visible clusters (0.00%)
Total clusters visible: 517
Average clusters visible: 19
Building PAS...
Average clusters audible: 25
visdatasize:450  compressed from 432
writing d:\steam\steamapps\sourcemods\entropyzero2-addonworkspace\mapsrc\prologue00.bsp
0 seconds elapsed



[Reading texlights from 'lights.rad']
[48 texlights parsed from 'lights.rad']

Loading d:\steam\steamapps\sourcemods\entropyzero2-addonworkspace\mapsrc\prologue00.bsp
211 faces
11532 square feet [1660628.00 square inches]
0 Displacements
0 Square Feet [0.00 Square Inches]
211 patches before subdivision
2197 patches after subdivision
7 direct lights
0...1...2...3...4...5...6...7...8...9...100...1...2...3...4...5...6...7...8...9...10transfers 133402, max 195
transfer lists:   1.0 megs
0...1...2...3...4...5...6...7...8...9...10	Bounce #1 added RGB(676, 6481, 9692)
0...1...2...3...4...5...6...7...8...9...10	Bounce #2 added RGB(151, 1360, 1451)
Build Patch/Sample Hash Table(s).....Done<0.0003 sec>
0...1...2...3...4...5...6...7...8...9...10FinalLightFace Done
0 of 0 (0% of) surface lights went in leaf ambient cubes.
0...1...2...3...4...5...6...7...8...9...10Writing leaf ambient...done
Ready to Finish

Object names       Objects/Maxobjs  Memory / Maxmem  Fullness 
------------       ---------------  ---------------  -------- 
models                   2/1024           96/49152    ( 0.2%) 
brushes                 94/8192         1128/98304    ( 1.1%) 
brushsides             579/65536        4632/524288   ( 0.9%) 
planes                 262/65536        5240/1310720  ( 0.4%) 
vertexes               409/65536        4908/786432   ( 0.6%) 
nodes                   90/65536        2880/2097152  ( 0.1%) 
texinfos                88/12288        6336/884736   ( 0.7%) 
texdata                 45/2048         1440/65536    ( 2.2%) 
dispinfos                0/0               0/0        ( 0.0%) 
disp_verts               0/0               0/0        ( 0.0%) 
disp_tris                0/0               0/0        ( 0.0%) 
disp_lmsamples           0/0               0/0        ( 0.0%) 
faces                  211/65536       11816/3670016  ( 0.3%) 
hdr faces                0/65536           0/3670016  ( 0.0%) 
origfaces              181/65536       10136/3670016  ( 0.3%) 
leaves                  93/65536        2976/2097152  ( 0.1%) 
leaffaces              240/65536         480/131072   ( 0.4%) 
leafbrushes            120/65536         240/131072   ( 0.2%) 
areas                    2/256            16/2048     ( 0.8%) 
surfedges             1835/512000       7340/2048000  ( 0.4%) 
edges                 1206/256000       4824/1024000  ( 0.5%) 
LDR worldlights          7/65536         616/5767168  ( 0.0%) 
HDR worldlights          0/65536           0/5767168  ( 0.0%) 
leafwaterdata            0/32768           0/393216   ( 0.0%) 
waterstrips             34/32768         340/327680   ( 0.1%) 
waterverts               0/65536           0/786432   ( 0.0%) 
waterindices           630/65536        1260/131072   ( 1.0%) 
cubemapsamples           0/1024            0/16384    ( 0.0%) 
overlays                25/8192         8800/2883584  ( 0.3%) 
LDR lightdata         [variable]      105212/0        ( 0.0%) 
HDR lightdata         [variable]           0/0        ( 0.0%) 
visdata               [variable]         450/16777216 ( 0.0%) 
entdata               [variable]       17320/393216   ( 4.4%) 
LDR ambient table       93/65536         372/262144   ( 0.1%) 
HDR ambient table       93/65536         372/262144   ( 0.1%) 
LDR leaf ambient       233/65536        6524/1835008  ( 0.4%) 
HDR leaf ambient        93/65536        2604/1835008  ( 0.1%) 
occluders                0/0               0/0        ( 0.0%) 
occluder polygons        0/0               0/0        ( 0.0%) 
occluder vert ind        0/0               0/0        ( 0.0%) 
detail props          [variable]           1/12       ( 8.3%) 
static props          [variable]           1/5284     ( 0.0%) 
pakfile               [variable]         356/0        ( 0.0%) 
physics               [variable]       33388/4194304  ( 0.8%) 
physics terrain       [variable]           2/1048576  ( 0.0%) 

Level flags = 0

Total triangle count: 689
Writing d:\steam\steamapps\sourcemods\entropyzero2-addonworkspace\mapsrc\prologue00.bsp
0 seconds elapsed



materialPath: D:\steam\steamapps\sourcemods\entropyzero2-addonworkspace\materials
Loading d:\steam\steamapps\sourcemods\entropyzero2-addonworkspace\mapsrc\prologue00.vmf
fixing up env_cubemap materials on brush sides...
0...1...2...3...4...5...6...7...8...9...10**** leaked ****
Entity light (-2944.00 -80.00 144.00) leaked!
--- MAP LEAKED ---



12 threads
reading d:\steam\steamapps\sourcemods\entropyzero2-addonworkspace\mapsrc\prologue00.bsp
reading d:\steam\steamapps\sourcemods\entropyzero2-addonworkspace\mapsrc\prologue00.prt
LoadPortals: couldn't read d:\steam\steamapps\sourcemods\entropyzero2-addonworkspace\mapsrc\prologue00.prt



materialPath: D:\steam\steamapps\sourcemods\entropyzero2-addonworkspace\materials
Loading d:\steam\steamapps\sourcemods\entropyzero2-addonworkspace\mapsrc\prologue00.vmf
fixing up env_cubemap materials on brush sides...
0...1...2...3...4...5...6...7...8...9...100...1...2...3...4...5...6...7...8...9...10Processing areas...done (0)
Building Faces...done (0)
Chop Details...done (0)
Find Visible Detail Sides...
Merged 36 detail faces...done (0)
Merging details...done (0)
FixTjuncs...
PruneNodes...
WriteBSP...
done (0)
writing d:\steam\steamapps\sourcemods\entropyzero2-addonworkspace\mapsrc\prologue00.prt...Building visibility clusters...
done (0)
Finding displacement neighbors...
Finding lightmap sample positions...
Displacement Alpha : 0...1...2...3...4...5...6...7...8...9...10
Building Physics collision data...
done (0) (38231 bytes)
Placing static props...
Placing detail props : 0...1...2...3...4...5...6...7...8...9...10
Compacting texture/material tables...
Reduced 152 texinfos to 99
Reduced 51 texdatas to 50 (1161 bytes to 1121)
Writing d:\steam\steamapps\sourcemods\entropyzero2-addonworkspace\mapsrc\prologue00.bsp
0 seconds elapsed



12 threads
reading d:\steam\steamapps\sourcemods\entropyzero2-addonworkspace\mapsrc\prologue00.bsp
reading d:\steam\steamapps\sourcemods\entropyzero2-addonworkspace\mapsrc\prologue00.prt
  29 portalclusters
  39 numportals
0...1...2...3...4...5...6...7...8...9...10Optimized: 0 visible clusters (0.00%)
Total clusters visible: 521
Average clusters visible: 17
Building PAS...
Average clusters audible: 24
visdatasize:464  compressed from 464
writing d:\steam\steamapps\sourcemods\entropyzero2-addonworkspace\mapsrc\prologue00.bsp
0 seconds elapsed



[Reading texlights from 'lights.rad']
[48 texlights parsed from 'lights.rad']

Loading d:\steam\steamapps\sourcemods\entropyzero2-addonworkspace\mapsrc\prologue00.bsp
229 faces
13215 square feet [1902964.00 square inches]
0 Displacements
0 Square Feet [0.00 Square Inches]
229 patches before subdivision
2591 patches after subdivision
8 direct lights
0...1...2...3...4...5...6...7...8...9...100...1...2...3...4...5...6...7...8...9...10transfers 150217, max 195
transfer lists:   1.1 megs
0...1...2...3...4...5...6...7...8...9...10	Bounce #1 added RGB(3359, 9001, 11956)
0...1...2...3...4...5...6...7...8...9...10	Bounce #2 added RGB(565, 1728, 1749)
Build Patch/Sample Hash Table(s).....Done<0.0003 sec>
0...1...2...3...4...5...6...7...8...9...10FinalLightFace Done
0 of 0 (0% of) surface lights went in leaf ambient cubes.
0...1...2...3...4...5...6...7...8...9...10Writing leaf ambient...done
Ready to Finish

Object names       Objects/Maxobjs  Memory / Maxmem  Fullness 
------------       ---------------  ---------------  -------- 
models                   2/1024           96/49152    ( 0.2%) 
brushes                108/8192         1296/98304    ( 1.3%) 
brushsides             663/65536        5304/524288   ( 1.0%) 
planes                 288/65536        5760/1310720  ( 0.4%) 
vertexes               441/65536        5292/786432   ( 0.7%) 
nodes                   98/65536        3136/2097152  ( 0.1%) 
texinfos                99/12288        7128/884736   ( 0.8%) 
texdata                 50/2048         1600/65536    ( 2.4%) 
dispinfos                0/0               0/0        ( 0.0%) 
disp_verts               0/0               0/0        ( 0.0%) 
disp_tris                0/0               0/0        ( 0.0%) 
disp_lmsamples           0/0               0/0        ( 0.0%) 
faces                  229/65536       12824/3670016  ( 0.3%) 
hdr faces                0/65536           0/3670016  ( 0.0%) 
origfaces              198/65536       11088/3670016  ( 0.3%) 
leaves                 101/65536        3232/2097152  ( 0.2%) 
leaffaces              258/65536         516/131072   ( 0.4%) 
leafbrushes            137/65536         274/131072   ( 0.2%) 
areas                    3/256            24/2048     ( 1.2%) 
surfedges             1983/512000       7932/2048000  ( 0.4%) 
edges                 1295/256000       5180/1024000  ( 0.5%) 
LDR worldlights          8/65536         704/5767168  ( 0.0%) 
HDR worldlights          0/65536           0/5767168  ( 0.0%) 
leafwaterdata            0/32768           0/393216   ( 0.0%) 
waterstrips             34/32768         340/327680   ( 0.1%) 
waterverts               0/65536           0/786432   ( 0.0%) 
waterindices           630/65536        1260/131072   ( 1.0%) 
cubemapsamples           0/1024            0/16384    ( 0.0%) 
overlays                25/8192         8800/2883584  ( 0.3%) 
LDR lightdata         [variable]      110292/0        ( 0.0%) 
HDR lightdata         [variable]           0/0        ( 0.0%) 
visdata               [variable]         464/16777216 ( 0.0%) 
entdata               [variable]       17480/393216   ( 4.4%) 
LDR ambient table      101/65536         404/262144   ( 0.2%) 
HDR ambient table      101/65536         404/262144   ( 0.2%) 
LDR leaf ambient       269/65536        7532/1835008  ( 0.4%) 
HDR leaf ambient       101/65536        2828/1835008  ( 0.2%) 
occluders                0/0               0/0        ( 0.0%) 
occluder polygons        0/0               0/0        ( 0.0%) 
occluder vert ind        0/0               0/0        ( 0.0%) 
detail props          [variable]           1/12       ( 8.3%) 
static props          [variable]           1/7030     ( 0.0%) 
pakfile               [variable]         356/0        ( 0.0%) 
physics               [variable]       38231/4194304  ( 0.9%) 
physics terrain       [variable]           2/1048576  ( 0.0%) 

Level flags = 0

Total triangle count: 733
Writing d:\steam\steamapps\sourcemods\entropyzero2-addonworkspace\mapsrc\prologue00.bsp
0 seconds elapsed
