PRT1
35
51
4 0 5 (-560 336 712 ) (-560 320 712 ) (-560 320 888 ) (-560 336 888 ) 
4 0 1 (-560 320 888 ) (-560 320 712 ) (-544 320 712 ) (-544 320 888 ) 
4 1 8 (-556 192 712 ) (-516 192 712 ) (-516 192 752 ) (-556 192 752 ) 
4 1 5 (-560 320 712 ) (-560 192 712 ) (-560 192 888 ) (-560 320 888 ) 
4 2 3 (-652 792 824 ) (-652 792 712 ) (-596 792 712 ) (-596 792 824 ) 
7 3 4 (-672 536 840 ) (-672 536 712 ) (-576 536 712 ) (-576 536 840 ) (-590 536 863 ) (-624 536 872 ) (-658 536 863 ) 
7 4 5 (-672 408 840 ) (-672 408 712 ) (-576 408 712 ) (-576 408 840 ) (-590 408 863 ) (-624 408 872 ) (-658 408 863 ) 
4 5 9 (-652 192 712 ) (-596 192 712 ) (-596 192 752 ) (-652 192 752 ) 
4 5 7 (-596 192 824 ) (-652 192 824 ) (-652 192 752 ) (-596 192 752 ) 
4 5 6 (-672 408 888 ) (-672 408 712 ) (-672 192 712 ) (-672 192 888 ) 
4 7 12 (-600 184 824 ) (-652 184 824 ) (-652 184 752 ) (-600 184 752 ) 
4 7 11 (-596 184 824 ) (-600 184 824 ) (-600 184 752 ) (-596 184 752 ) 
4 7 9 (-596 184 752 ) (-652 184 752 ) (-652 192 752 ) (-596 192 752 ) 
4 8 10 (-556 184 712 ) (-516 184 712 ) (-516 184 752 ) (-556 184 752 ) 
4 9 12 (-652 184 712 ) (-600 184 712 ) (-600 184 752 ) (-652 184 752 ) 
4 9 11 (-600 184 712 ) (-596 184 712 ) (-596 184 752 ) (-600 184 752 ) 
4 10 19 (-556 0 752 ) (-556 0 712 ) (-516 0 712 ) (-516 0 752 ) 
4 11 12 (-600 184 888 ) (-600 184 712 ) (-600 32 712 ) (-600 32 888 ) 
4 12 29 (-728 0 840 ) (-728 0 712 ) (-600 0 712 ) (-600 0 840 ) 
4 12 17 (-728 0 888 ) (-728 0 840 ) (-600 0 840 ) (-600 0 888 ) 
4 12 14 (-728 64 712 ) (-728 32 712 ) (-728 32 888 ) (-728 64 888 ) 
4 12 13 (-728 184 888 ) (-728 184 712 ) (-728 64 712 ) (-728 64 888 ) 
4 13 14 (-760 64 712 ) (-728 64 712 ) (-728 64 888 ) (-760 64 888 ) 
4 15 16 (-556 -88 872 ) (-556 -48 872 ) (-516 -48 872 ) (-516 -88 872 ) 
4 16 20 (-516 -48 840 ) (-516 -88 840 ) (-556 -88 840 ) (-556 -48 840 ) 
4 17 29 (-728 0 840 ) (-600 0 840 ) (-600 -152 840 ) (-728 -152 840 ) 
4 18 32 (-600 -287 840 ) (-600 -289 840 ) (-728 -289 840 ) (-728 -287 840 ) 
4 18 31 (-728 -160 840 ) (-600 -160 840 ) (-600 -287 840 ) (-728 -287 840 ) 
4 18 34 (-600 -289 840 ) (-600 -416 840 ) (-728 -416 840 ) (-728 -289 840 ) 
4 19 20 (-556 -48 712 ) (-516 -48 712 ) (-516 -48 752 ) (-556 -48 752 ) 
4 20 21 (-556 -48 672 ) (-516 -48 672 ) (-516 -88 672 ) (-556 -88 672 ) 
4 21 22 (-556 -288 632 ) (-516 -288 632 ) (-516 -288 672 ) (-556 -288 672 ) 
4 22 28 (-560 -288 712 ) (-560 -288 696 ) (-560 -292 696 ) (-560 -292 712 ) 
4 22 26 (-560 -288 840 ) (-560 -288 712 ) (-560 -292 712 ) (-560 -292 840 ) 
4 22 24 (-560 -292 840 ) (-560 -292 624 ) (-472 -292 624 ) (-472 -292 840 ) 
4 23 24 (-560 -292 616 ) (-560 -292 -1000 ) (-472 -292 -1000 ) (-472 -292 616 ) 
4 24 28 (-560 -416 696 ) (-560 -416 712 ) (-560 -292 712 ) (-560 -292 696 ) 
4 24 26 (-560 -416 712 ) (-560 -416 840 ) (-560 -292 840 ) (-560 -292 712 ) 
4 24 25 (-560 -416 808 ) (-560 -416 -1000 ) (-512 -416 -1000 ) (-512 -416 808 ) 
4 26 28 (-576 -288 712 ) (-560 -288 712 ) (-560 -416 712 ) (-576 -416 712 ) 
4 26 27 (-592 -288 840 ) (-592 -288 712 ) (-592 -415 712 ) (-592 -415 840 ) 
4 27 33 (-600 -288 824 ) (-600 -288 712 ) (-600 -289 712 ) (-600 -289 824 ) 
4 27 32 (-600 -289 840 ) (-600 -288 840 ) (-600 -288 824 ) (-600 -289 824 ) 
4 27 34 (-600 -415 840 ) (-600 -289 840 ) (-600 -289 712 ) (-600 -415 712 ) 
4 29 30 (-692 -152 824 ) (-692 -152 712 ) (-636 -152 712 ) (-636 -152 824 ) 
4 30 31 (-692 -160 712 ) (-636 -160 712 ) (-636 -160 824 ) (-692 -160 824 ) 
4 31 33 (-728 -287 824 ) (-728 -287 712 ) (-600 -287 712 ) (-600 -287 824 ) 
4 31 32 (-728 -287 840 ) (-728 -287 824 ) (-600 -287 824 ) (-600 -287 840 ) 
4 32 34 (-728 -289 840 ) (-728 -289 824 ) (-600 -289 824 ) (-600 -289 840 ) 
4 32 33 (-600 -289 824 ) (-728 -289 824 ) (-728 -287 824 ) (-600 -287 824 ) 
4 33 34 (-728 -289 824 ) (-728 -289 712 ) (-600 -289 712 ) (-600 -289 824 ) 
