PRT1
29
39
4 0 1 (-2816 -52 0 ) (-2816 -108 0 ) (-2816 -108 112 ) (-2816 -52 112 ) 
4 2 5 (-2504 -840 97 ) (-2600 -840 97 ) (-2600 -840 34 ) (-2504 -840 34 ) 
4 3 6 (-2752 -840 97 ) (-2848 -840 97 ) (-2848 -840 34 ) (-2752 -840 34 ) 
4 4 6 (-2912 -840 97 ) (-3008 -840 97 ) (-3008 -840 34 ) (-2912 -840 34 ) 
4 5 7 (-2424 -1024 128 ) (-2680 -1024 128 ) (-2680 -1024 0 ) (-2424 -1024 0 ) 
4 6 15 (-3072 -912 112 ) (-3072 -856 112 ) (-3072 -856 0 ) (-3072 -912 0 ) 
4 6 8 (-2688 -1024 128 ) (-3072 -1024 128 ) (-3072 -1024 0 ) (-2688 -1024 0 ) 
4 7 9 (-2652 -1160 0 ) (-2596 -1160 0 ) (-2596 -1160 112 ) (-2652 -1160 112 ) 
4 8 10 (-2912 -1160 0 ) (-2848 -1160 0 ) (-2848 -1160 112 ) (-2912 -1160 112 ) 
4 9 14 (-2652 -1168 0 ) (-2596 -1168 0 ) (-2596 -1168 112 ) (-2652 -1168 112 ) 
4 10 14 (-2912 -1168 0 ) (-2848 -1168 0 ) (-2848 -1168 112 ) (-2912 -1168 112 ) 
4 11 13 (-2552 -1260 112 ) (-2552 -1204 112 ) (-2552 -1204 0 ) (-2552 -1260 0 ) 
4 12 14 (-3072 -1168 112 ) (-2560 -1168 112 ) (-2560 -1296 112 ) (-3072 -1296 112 ) 
4 13 14 (-2560 -1260 112 ) (-2560 -1204 112 ) (-2560 -1204 0 ) (-2560 -1260 0 ) 
4 15 17 (-3080 -856 0 ) (-3080 -912 0 ) (-3080 -912 112 ) (-3080 -856 112 ) 
4 16 17 (-3192 -840 37 ) (-3192 -840 93 ) (-3224 -840 93 ) (-3224 -840 37 ) 
4 17 26 (-3296 -1024 112 ) (-3296 -1024 0 ) (-3080 -1024 0 ) (-3080 -1024 112 ) 
4 17 25 (-3080 -1024 128 ) (-3296 -1024 128 ) (-3296 -1024 112 ) (-3080 -1024 112 ) 
4 17 19 (-3296 -992 40 ) (-3296 -992 128 ) (-3296 -896 128 ) (-3296 -896 40 ) 
4 17 18 (-3296 -840 128 ) (-3296 -840 0 ) (-3296 -896 0 ) (-3296 -896 128 ) 
4 17 20 (-3296 -992 0 ) (-3296 -1024 0 ) (-3296 -1024 128 ) (-3296 -992 128 ) 
4 18 22 (-3297 -840 40 ) (-3297 -840 0 ) (-3297 -896 0 ) (-3297 -896 40 ) 
4 18 21 (-3297 -840 128 ) (-3297 -840 40 ) (-3297 -896 40 ) (-3297 -896 128 ) 
4 18 19 (-3297 -896 128 ) (-3297 -896 40 ) (-3296 -896 40 ) (-3296 -896 128 ) 
4 19 21 (-3297 -992 40 ) (-3297 -992 128 ) (-3297 -896 128 ) (-3297 -896 40 ) 
4 19 20 (-3297 -992 128 ) (-3297 -992 40 ) (-3296 -992 40 ) (-3296 -992 128 ) 
4 20 26 (-3297 -1024 112 ) (-3297 -1024 0 ) (-3296 -1024 0 ) (-3296 -1024 112 ) 
4 20 25 (-3296 -1024 128 ) (-3297 -1024 128 ) (-3297 -1024 112 ) (-3296 -1024 112 ) 
4 20 24 (-3297 -992 0 ) (-3297 -1024 0 ) (-3297 -1024 40 ) (-3297 -992 40 ) 
4 20 21 (-3297 -1024 40 ) (-3297 -1024 128 ) (-3297 -992 128 ) (-3297 -992 40 ) 
4 21 26 (-3328 -1024 112 ) (-3328 -1024 40 ) (-3297 -1024 40 ) (-3297 -1024 112 ) 
4 21 25 (-3297 -1024 128 ) (-3328 -1024 128 ) (-3328 -1024 112 ) (-3297 -1024 112 ) 
4 21 24 (-3328 -1024 40 ) (-3328 -992 40 ) (-3297 -992 40 ) (-3297 -1024 40 ) 
4 21 22 (-3328 -896 40 ) (-3328 -840 40 ) (-3297 -840 40 ) (-3297 -896 40 ) 
4 21 23 (-3328 -991 40 ) (-3328 -897 40 ) (-3297 -897 40 ) (-3297 -991 40 ) 
4 24 26 (-3328 -1024 40 ) (-3328 -1024 0 ) (-3297 -1024 0 ) (-3297 -1024 40 ) 
4 25 26 (-3328 -1160 112 ) (-3328 -1024 112 ) (-3080 -1024 112 ) (-3080 -1160 112 ) 
4 26 27 (-3104 -1160 112 ) (-3160 -1160 112 ) (-3160 -1160 0 ) (-3104 -1160 0 ) 
4 27 28 (-3160 -1168 0 ) (-3104 -1168 0 ) (-3104 -1168 112 ) (-3160 -1168 112 ) 
