PRT1
28
38
4 0 1 (9216 1088 960 ) (9216 1984 960 ) (9216 1984 64 ) (9216 1088 64 ) 
4 2 4 (7168 0 0 ) (7168 0 512 ) (7168 192 512 ) (7168 192 0 ) 
4 2 3 (8192 0 0 ) (8192 0 512 ) (7168 0 512 ) (7168 0 0 ) 
4 3 6 (7168 -192 512 ) (7168 0 512 ) (7168 0 0 ) (7168 -192 0 ) 
4 4 6 (7168 0 0 ) (7168 0 512 ) (6144 0 512 ) (6144 0 0 ) 
4 4 5 (6144 0 0 ) (6144 0 512 ) (6144 192 512 ) (6144 192 0 ) 
4 5 8 (5120 0 0 ) (5120 0 512 ) (5120 192 512 ) (5120 192 0 ) 
4 5 7 (6144 0 0 ) (6144 0 512 ) (5120 0 512 ) (5120 0 0 ) 
4 6 7 (6144 -192 512 ) (6144 0 512 ) (6144 0 0 ) (6144 -192 0 ) 
4 7 11 (5120 -192 512 ) (5120 0 512 ) (5120 0 0 ) (5120 -192 0 ) 
4 8 11 (5120 0 0 ) (5120 0 512 ) (4096 0 512 ) (4096 0 0 ) 
4 8 9 (4096 0 0 ) (4096 0 512 ) (4096 192 512 ) (4096 192 0 ) 
4 9 12 (4096 0 0 ) (4096 0 512 ) (3072 0 512 ) (3072 0 0 ) 
4 9 10 (3072 192 0 ) (3072 0 0 ) (3072 0 512 ) (3072 192 512 ) 
4 10 14 (2048 0 0 ) (2048 0 512 ) (2048 192 512 ) (2048 192 0 ) 
4 10 13 (2048 0 512 ) (2048 0 0 ) (3072 0 0 ) (3072 0 512 ) 
4 11 12 (4096 0 512 ) (4096 0 0 ) (4096 -192 0 ) (4096 -192 512 ) 
4 12 13 (3072 0 512 ) (3072 0 0 ) (3072 -192 0 ) (3072 -192 512 ) 
4 13 16 (2048 -192 512 ) (2048 0 512 ) (2048 0 0 ) (2048 -192 0 ) 
4 14 16 (2048 0 0 ) (2048 0 512 ) (1024 0 512 ) (1024 0 0 ) 
4 14 15 (1024 0 0 ) (1024 0 512 ) (1024 192 512 ) (1024 192 0 ) 
4 15 18 (0 0 0 ) (0 0 512 ) (0 192 512 ) (0 192 0 ) 
4 15 17 (1024 0 0 ) (1024 0 512 ) (0 0 512 ) (0 0 0 ) 
4 16 17 (1024 -192 512 ) (1024 0 512 ) (1024 0 0 ) (1024 -192 0 ) 
4 17 20 (0 -192 512 ) (0 0 512 ) (0 0 0 ) (0 -192 0 ) 
4 18 20 (0 0 0 ) (0 0 512 ) (-1024 0 512 ) (-1024 0 0 ) 
4 18 19 (-1024 0 0 ) (-1024 0 512 ) (-1024 192 512 ) (-1024 192 0 ) 
4 19 22 (-2048 0 0 ) (-2048 0 512 ) (-2048 192 512 ) (-2048 192 0 ) 
4 19 21 (-1024 0 0 ) (-1024 0 512 ) (-2048 0 512 ) (-2048 0 0 ) 
4 20 21 (-1024 -192 512 ) (-1024 0 512 ) (-1024 0 0 ) (-1024 -192 0 ) 
4 21 24 (-2048 -192 512 ) (-2048 0 512 ) (-2048 0 0 ) (-2048 -192 0 ) 
4 22 24 (-2048 0 0 ) (-2048 0 512 ) (-3072 0 512 ) (-3072 0 0 ) 
4 22 23 (-3072 0 0 ) (-3072 0 512 ) (-3072 192 512 ) (-3072 192 0 ) 
4 23 26 (-4096 0 0 ) (-4096 0 512 ) (-4096 192 512 ) (-4096 192 0 ) 
4 23 25 (-3072 0 0 ) (-3072 0 512 ) (-4096 0 512 ) (-4096 0 0 ) 
4 24 25 (-3072 -192 512 ) (-3072 0 512 ) (-3072 0 0 ) (-3072 -192 0 ) 
4 25 27 (-4096 -192 512 ) (-4096 0 512 ) (-4096 0 0 ) (-4096 -192 0 ) 
4 26 27 (-4096 0 0 ) (-4096 0 512 ) (-5120 0 512 ) (-5120 0 0 ) 
