


materialPath: D:\steam\steamapps\sourcemods\entropyzero2-addonworkspace\materials
Loading d:\steam\steamapps\sourcemods\entropyzero2-addonworkspace\mapsrc\shunter.vmf
fixing up env_cubemap materials on brush sides...
0...1...2...3...4...5...6...7...8...9...100...1...2...3...4...5...6...7...8...9...10Processing areas...done (0)
Building Faces...done (0)
FixTjuncs...
PruneNodes...
WriteBSP...
done (0)
writing d:\steam\steamapps\sourcemods\entropyzero2-addonworkspace\mapsrc\shunter.prt...Building visibility clusters...
done (0)
Finding displacement neighbors...
Finding lightmap sample positions...
Displacement Alpha : 0...1...2...3...4...5...6...7...8...9...10
Building Physics collision data...
done (0) (3077 bytes)
Placing static props...
Placing detail props : 0...1...2...3...4...5...6...7...8...9...10
Compacting texture/material tables...
Reduced 8 texinfos to 8
Reduced 3 texdatas to 3 (67 bytes to 67)
Writing d:\steam\steamapps\sourcemods\entropyzero2-addonworkspace\mapsrc\shunter.bsp
0 seconds elapsed



12 threads
reading d:\steam\steamapps\sourcemods\entropyzero2-addonworkspace\mapsrc\shunter.bsp
reading d:\steam\steamapps\sourcemods\entropyzero2-addonworkspace\mapsrc\shunter.prt
  21 portalclusters
  52 numportals
0...1...2...3...4...5...6...7...8...9...10Optimized: 0 visible clusters (0.00%)
Total clusters visible: 441
Average clusters visible: 21
Building PAS...
Average clusters audible: 21
visdatasize:298  compressed from 336
writing d:\steam\steamapps\sourcemods\entropyzero2-addonworkspace\mapsrc\shunter.bsp
0 seconds elapsed



[Reading texlights from 'lights.rad']
[48 texlights parsed from 'lights.rad']

Loading d:\steam\steamapps\sourcemods\entropyzero2-addonworkspace\mapsrc\shunter.bsp
170 faces
127795 square feet [18402620.00 square inches]
0 Displacements
0 Square Feet [0.00 Square Inches]
170 patches before subdivision
11268 patches after subdivision
0 direct lights
0...1...2...3...4...5...6...7...8...9...100...1...2...3...4...5...6...7...8...9...10transfers 1643974, max 374
transfer lists:  12.5 megs
0...1...2...3...4...5...6...7...8...9...10	Bounce #1 added RGB(0, 0, 0)
Build Patch/Sample Hash Table(s).....Done<0.0028 sec>
0...1...2...3...4...5...6...7...8...9...10FinalLightFace Done
0 of 0 (0% of) surface lights went in leaf ambient cubes.
0...1...2...3...4...5...6...7...8...9...10Writing leaf ambient...done
Ready to Finish

Object names       Objects/Maxobjs  Memory / Maxmem  Fullness 
------------       ---------------  ---------------  -------- 
models                   1/1024           48/49152    ( 0.1%) 
brushes                  8/8192           96/98304    ( 0.1%) 
brushsides              49/65536         392/524288   ( 0.1%) 
planes                  66/65536        1320/1310720  ( 0.1%) 
vertexes               206/65536        2472/786432   ( 0.3%) 
nodes                   73/65536        2336/2097152  ( 0.1%) 
texinfos                 8/12288         576/884736   ( 0.1%) 
texdata                  3/2048           96/65536    ( 0.1%) 
dispinfos                0/0               0/0        ( 0.0%) 
disp_verts               0/0               0/0        ( 0.0%) 
disp_tris                0/0               0/0        ( 0.0%) 
disp_lmsamples           0/0               0/0        ( 0.0%) 
faces                  170/65536        9520/3670016  ( 0.3%) 
hdr faces                0/65536           0/3670016  ( 0.0%) 
origfaces               17/65536         952/3670016  ( 0.0%) 
leaves                  75/65536        2400/2097152  ( 0.1%) 
leaffaces              215/65536         430/131072   ( 0.3%) 
leafbrushes             41/65536          82/131072   ( 0.1%) 
areas                    2/256            16/2048     ( 0.8%) 
surfedges              778/512000       3112/2048000  ( 0.2%) 
edges                  404/256000       1616/1024000  ( 0.2%) 
LDR worldlights          0/65536           0/5767168  ( 0.0%) 
HDR worldlights          0/65536           0/5767168  ( 0.0%) 
leafwaterdata            0/32768           0/393216   ( 0.0%) 
waterstrips              0/32768           0/327680   ( 0.0%) 
waterverts               0/65536           0/786432   ( 0.0%) 
waterindices             0/65536           0/131072   ( 0.0%) 
cubemapsamples           0/1024            0/16384    ( 0.0%) 
overlays                 0/8192            0/2883584  ( 0.0%) 
LDR lightdata         [variable]     1273088/0        ( 0.0%) 
HDR lightdata         [variable]           0/0        ( 0.0%) 
visdata               [variable]         298/16777216 ( 0.0%) 
entdata               [variable]         391/393216   ( 0.1%) 
LDR ambient table       75/65536         300/262144   ( 0.1%) 
HDR ambient table       75/65536         300/262144   ( 0.1%) 
LDR leaf ambient        21/65536         588/1835008  ( 0.0%) 
HDR leaf ambient        75/65536        2100/1835008  ( 0.1%) 
occluders                0/0               0/0        ( 0.0%) 
occluder polygons        0/0               0/0        ( 0.0%) 
occluder vert ind        0/0               0/0        ( 0.0%) 
detail props          [variable]           1/12       ( 8.3%) 
static props          [variable]           1/12       ( 8.3%) 
pakfile               [variable]          54/0        ( 0.0%) 
physics               [variable]        3077/4194304  ( 0.1%) 
physics terrain       [variable]           2/1048576  ( 0.0%) 

Level flags = 0

Total triangle count: 370
Writing d:\steam\steamapps\sourcemods\entropyzero2-addonworkspace\mapsrc\shunter.bsp
0 seconds elapsed



materialPath: D:\steam\steamapps\sourcemods\entropyzero2-addonworkspace\materials
Loading d:\steam\steamapps\sourcemods\entropyzero2-addonworkspace\mapsrc\shunter.vmf
fixing up env_cubemap materials on brush sides...
0...1...2...3...4...5...6...7...8...9...100...1...2...3...4...5...6...7...8...9...10Processing areas...done (0)
Building Faces...done (0)
FixTjuncs...
PruneNodes...
WriteBSP...
done (0)
writing d:\steam\steamapps\sourcemods\entropyzero2-addonworkspace\mapsrc\shunter.prt...Building visibility clusters...
done (0)
Finding displacement neighbors...
Finding lightmap sample positions...
Displacement Alpha : 0...1...2...3...4...5...6...7...8...9...10
Building Physics collision data...
done (0) (3941 bytes)
Placing static props...
Placing detail props : 0...1...2...3...4...5...6...7...8...9...10
Compacting texture/material tables...
Reduced 11 texinfos to 10
Reduced 4 texdatas to 3 (114 bytes to 67)
Writing d:\steam\steamapps\sourcemods\entropyzero2-addonworkspace\mapsrc\shunter.bsp
0 seconds elapsed



12 threads
reading d:\steam\steamapps\sourcemods\entropyzero2-addonworkspace\mapsrc\shunter.bsp
reading d:\steam\steamapps\sourcemods\entropyzero2-addonworkspace\mapsrc\shunter.prt
  28 portalclusters
  80 numportals
0...1...2...3...4...5...6...7...8...9...10Optimized: 0 visible clusters (0.00%)
Total clusters visible: 784
Average clusters visible: 28
Building PAS...
Average clusters audible: 28
visdatasize:452  compressed from 448
writing d:\steam\steamapps\sourcemods\entropyzero2-addonworkspace\mapsrc\shunter.bsp
0 seconds elapsed



[Reading texlights from 'lights.rad']
[48 texlights parsed from 'lights.rad']

Loading d:\steam\steamapps\sourcemods\entropyzero2-addonworkspace\mapsrc\shunter.bsp
183 faces
128162 square feet [18455360.00 square inches]
0 Displacements
0 Square Feet [0.00 Square Inches]
183 patches before subdivision
11455 patches after subdivision
0 direct lights
0...1...2...3...4...5...6...7...8...9...100...1...2...3...4...5...6...7...8...9...10transfers 1675569, max 376
transfer lists:  12.8 megs
0...1...2...3...4...5...6...7...8...9...10	Bounce #1 added RGB(0, 0, 0)
Build Patch/Sample Hash Table(s).....Done<0.0026 sec>
0...1...2...3...4...5...6...7...8...9...10FinalLightFace Done
0 of 0 (0% of) surface lights went in leaf ambient cubes.
0...1...2...3...4...5...6...7...8...9...10Writing leaf ambient...done
Ready to Finish

Object names       Objects/Maxobjs  Memory / Maxmem  Fullness 
------------       ---------------  ---------------  -------- 
models                   1/1024           48/49152    ( 0.1%) 
brushes                 10/8192          120/98304    ( 0.1%) 
brushsides              63/65536         504/524288   ( 0.1%) 
planes                  76/65536        1520/1310720  ( 0.1%) 
vertexes               224/65536        2688/786432   ( 0.3%) 
nodes                   82/65536        2624/2097152  ( 0.1%) 
texinfos                10/12288         720/884736   ( 0.1%) 
texdata                  3/2048           96/65536    ( 0.1%) 
dispinfos                0/0               0/0        ( 0.0%) 
disp_verts               0/0               0/0        ( 0.0%) 
disp_tris                0/0               0/0        ( 0.0%) 
disp_lmsamples           0/0               0/0        ( 0.0%) 
faces                  183/65536       10248/3670016  ( 0.3%) 
hdr faces                0/65536           0/3670016  ( 0.0%) 
origfaces               30/65536        1680/3670016  ( 0.0%) 
leaves                  84/65536        2688/2097152  ( 0.1%) 
leaffaces              246/65536         492/131072   ( 0.4%) 
leafbrushes             43/65536          86/131072   ( 0.1%) 
areas                    2/256            16/2048     ( 0.8%) 
surfedges              894/512000       3576/2048000  ( 0.2%) 
edges                  462/256000       1848/1024000  ( 0.2%) 
LDR worldlights          0/65536           0/5767168  ( 0.0%) 
HDR worldlights          0/65536           0/5767168  ( 0.0%) 
leafwaterdata            0/32768           0/393216   ( 0.0%) 
waterstrips              0/32768           0/327680   ( 0.0%) 
waterverts               0/65536           0/786432   ( 0.0%) 
waterindices             0/65536           0/131072   ( 0.0%) 
cubemapsamples           0/1024            0/16384    ( 0.0%) 
overlays                 0/8192            0/2883584  ( 0.0%) 
LDR lightdata         [variable]     1280612/0        ( 0.0%) 
HDR lightdata         [variable]           0/0        ( 0.0%) 
visdata               [variable]         452/16777216 ( 0.0%) 
entdata               [variable]         391/393216   ( 0.1%) 
LDR ambient table       84/65536         336/262144   ( 0.1%) 
HDR ambient table       84/65536         336/262144   ( 0.1%) 
LDR leaf ambient        28/65536         784/1835008  ( 0.0%) 
HDR leaf ambient        84/65536        2352/1835008  ( 0.1%) 
occluders                0/0               0/0        ( 0.0%) 
occluder polygons        0/0               0/0        ( 0.0%) 
occluder vert ind        0/0               0/0        ( 0.0%) 
detail props          [variable]           1/12       ( 8.3%) 
static props          [variable]           1/12       ( 8.3%) 
pakfile               [variable]         377/0        ( 0.0%) 
physics               [variable]        3941/4194304  ( 0.1%) 
physics terrain       [variable]           2/1048576  ( 0.0%) 

Level flags = 0

Total triangle count: 406
Writing d:\steam\steamapps\sourcemods\entropyzero2-addonworkspace\mapsrc\shunter.bsp
0 seconds elapsed



materialPath: D:\steam\steamapps\sourcemods\entropyzero2-addonworkspace\materials
Loading d:\steam\steamapps\sourcemods\entropyzero2-addonworkspace\mapsrc\shunter.vmf
fixing up env_cubemap materials on brush sides...
0...1...2...3...4...5...6...7...8...9...100...1...2...3...4...5...6...7...8...9...10Processing areas...done (0)
Building Faces...done (0)
FixTjuncs...
PruneNodes...
WriteBSP...
done (0)
writing d:\steam\steamapps\sourcemods\entropyzero2-addonworkspace\mapsrc\shunter.prt...Building visibility clusters...
done (0)
Finding displacement neighbors...
Finding lightmap sample positions...
Displacement Alpha : 0...1...2...3...4...5...6...7...8...9...10
Building Physics collision data...
done (0) (23610 bytes)
Placing static props...
Placing detail props : 0...1...2...3...4...5...6...7...8...9...10
Compacting texture/material tables...
Reduced 86 texinfos to 55
Reduced 9 texdatas to 8 (227 bytes to 187)
Writing d:\steam\steamapps\sourcemods\entropyzero2-addonworkspace\mapsrc\shunter.bsp
0 seconds elapsed



12 threads
reading d:\steam\steamapps\sourcemods\entropyzero2-addonworkspace\mapsrc\shunter.bsp
reading d:\steam\steamapps\sourcemods\entropyzero2-addonworkspace\mapsrc\shunter.prt
 125 portalclusters
 381 numportals
0...1...2...3...4...5...6...7...8...9...10Optimized: 313 visible clusters (3.16%)
Total clusters visible: 9898
Average clusters visible: 79
Building PAS...
Average clusters audible: 125
visdatasize:5044  compressed from 4000
writing d:\steam\steamapps\sourcemods\entropyzero2-addonworkspace\mapsrc\shunter.bsp
0 seconds elapsed



[Reading texlights from 'lights.rad']
[48 texlights parsed from 'lights.rad']

Loading d:\steam\steamapps\sourcemods\entropyzero2-addonworkspace\mapsrc\shunter.bsp
377 faces
69021 square feet [9939094.00 square inches]
0 Displacements
0 Square Feet [0.00 Square Inches]
377 patches before subdivision
3233 patches after subdivision
0 direct lights
0...1...2...3...4...5...6...7...8...9...100...1...2...3...4...5...6...7...8...9...10transfers 123166, max 229
transfer lists:   0.9 megs
0...1...2...3...4...5...6...7...8...9...10	Bounce #1 added RGB(0, 0, 0)
Build Patch/Sample Hash Table(s).....Done<0.0007 sec>
0...1...2...3...4...5...6...7...8...9...10FinalLightFace Done
0 of 0 (0% of) surface lights went in leaf ambient cubes.
0...1...2...3...4...5...6...7...8...9...10Writing leaf ambient...done
Ready to Finish

Object names       Objects/Maxobjs  Memory / Maxmem  Fullness 
------------       ---------------  ---------------  -------- 
models                   1/1024           48/49152    ( 0.1%) 
brushes                 63/8192          756/98304    ( 0.8%) 
brushsides             500/65536        4000/524288   ( 0.8%) 
planes                 396/65536        7920/1310720  ( 0.6%) 
vertexes               520/65536        6240/786432   ( 0.8%) 
nodes                  259/65536        8288/2097152  ( 0.4%) 
texinfos                55/12288        3960/884736   ( 0.4%) 
texdata                  8/2048          256/65536    ( 0.4%) 
dispinfos                0/0               0/0        ( 0.0%) 
disp_verts               0/0               0/0        ( 0.0%) 
disp_tris                0/0               0/0        ( 0.0%) 
disp_lmsamples           0/0               0/0        ( 0.0%) 
faces                  377/65536       21112/3670016  ( 0.6%) 
hdr faces                0/65536           0/3670016  ( 0.0%) 
origfaces              188/65536       10528/3670016  ( 0.3%) 
leaves                 261/65536        8352/2097152  ( 0.4%) 
leaffaces              413/65536         826/131072   ( 0.6%) 
leafbrushes            179/65536         358/131072   ( 0.3%) 
areas                    2/256            16/2048     ( 0.8%) 
surfedges             2513/512000      10052/2048000  ( 0.5%) 
edges                 1386/256000       5544/1024000  ( 0.5%) 
LDR worldlights          0/65536           0/5767168  ( 0.0%) 
HDR worldlights          0/65536           0/5767168  ( 0.0%) 
leafwaterdata            0/32768           0/393216   ( 0.0%) 
waterstrips             14/32768         140/327680   ( 0.0%) 
waterverts               0/65536           0/786432   ( 0.0%) 
waterindices           210/65536         420/131072   ( 0.3%) 
cubemapsamples           0/1024            0/16384    ( 0.0%) 
overlays                 0/8192            0/2883584  ( 0.0%) 
LDR lightdata         [variable]       89468/0        ( 0.0%) 
HDR lightdata         [variable]           0/0        ( 0.0%) 
visdata               [variable]        5044/16777216 ( 0.0%) 
entdata               [variable]         394/393216   ( 0.1%) 
LDR ambient table      261/65536        1044/262144   ( 0.4%) 
HDR ambient table      261/65536        1044/262144   ( 0.4%) 
LDR leaf ambient       125/65536        3500/1835008  ( 0.2%) 
HDR leaf ambient       261/65536        7308/1835008  ( 0.4%) 
occluders                0/0               0/0        ( 0.0%) 
occluder polygons        0/0               0/0        ( 0.0%) 
occluder vert ind        0/0               0/0        ( 0.0%) 
detail props          [variable]           1/12       ( 8.3%) 
static props          [variable]           1/12       ( 8.3%) 
pakfile               [variable]         356/0        ( 0.0%) 
physics               [variable]       23610/4194304  ( 0.6%) 
physics terrain       [variable]           2/1048576  ( 0.0%) 

Level flags = 0

Total triangle count: 1000
Writing d:\steam\steamapps\sourcemods\entropyzero2-addonworkspace\mapsrc\shunter.bsp
0 seconds elapsed



materialPath: D:\steam\steamapps\sourcemods\entropyzero2-addonworkspace\materials
Loading d:\steam\steamapps\sourcemods\entropyzero2-addonworkspace\mapsrc\shunter.vmf
fixing up env_cubemap materials on brush sides...
0...1...2...3...4...5...6...7...8...9...100...1...2...3...4...5...6...7...8...9...10Processing areas...done (0)
Building Faces...done (0)
FixTjuncs...
PruneNodes...
WriteBSP...
done (0)
writing d:\steam\steamapps\sourcemods\entropyzero2-addonworkspace\mapsrc\shunter.prt...Building visibility clusters...
done (0)
Finding displacement neighbors...
Finding lightmap sample positions...
Displacement Alpha : 0...1...2...3...4...5...6...7...8...9...10
Building Physics collision data...
done (0) (27354 bytes)
Placing static props...
Placing detail props : 0...1...2...3...4...5...6...7...8...9...10
Compacting texture/material tables...
Reduced 95 texinfos to 58
Reduced 9 texdatas to 8 (227 bytes to 187)
Writing d:\steam\steamapps\sourcemods\entropyzero2-addonworkspace\mapsrc\shunter.bsp
0 seconds elapsed



12 threads
reading d:\steam\steamapps\sourcemods\entropyzero2-addonworkspace\mapsrc\shunter.bsp
reading d:\steam\steamapps\sourcemods\entropyzero2-addonworkspace\mapsrc\shunter.prt
 139 portalclusters
 434 numportals
0...1...2...3...4...5...6...7...8...9...10Optimized: 426 visible clusters (3.44%)
Total clusters visible: 12371
Average clusters visible: 89
Building PAS...
Average clusters audible: 139
visdatasize:6223  compressed from 6672
writing d:\steam\steamapps\sourcemods\entropyzero2-addonworkspace\mapsrc\shunter.bsp
0 seconds elapsed



[Reading texlights from 'lights.rad']
[48 texlights parsed from 'lights.rad']

Loading d:\steam\steamapps\sourcemods\entropyzero2-addonworkspace\mapsrc\shunter.bsp
429 faces
69506 square feet [10008882.00 square inches]
0 Displacements
0 Square Feet [0.00 Square Inches]
429 patches before subdivision
3343 patches after subdivision
0 direct lights
0...1...2...3...4...5...6...7...8...9...100...1...2...3...4...5...6...7...8...9...10transfers 135344, max 233
transfer lists:   1.0 megs
0...1...2...3...4...5...6...7...8...9...10	Bounce #1 added RGB(0, 0, 0)
Build Patch/Sample Hash Table(s).....Done<0.0007 sec>
0...1...2...3...4...5...6...7...8...9...10FinalLightFace Done
0 of 0 (0% of) surface lights went in leaf ambient cubes.
0...1...2...3...4...5...6...7...8...9...10Writing leaf ambient...done
Ready to Finish

Object names       Objects/Maxobjs  Memory / Maxmem  Fullness 
------------       ---------------  ---------------  -------- 
models                   1/1024           48/49152    ( 0.1%) 
brushes                 73/8192          876/98304    ( 0.9%) 
brushsides             567/65536        4536/524288   ( 0.9%) 
planes                 416/65536        8320/1310720  ( 0.6%) 
vertexes               580/65536        6960/786432   ( 0.9%) 
nodes                  280/65536        8960/2097152  ( 0.4%) 
texinfos                58/12288        4176/884736   ( 0.5%) 
texdata                  8/2048          256/65536    ( 0.4%) 
dispinfos                0/0               0/0        ( 0.0%) 
disp_verts               0/0               0/0        ( 0.0%) 
disp_tris                0/0               0/0        ( 0.0%) 
disp_lmsamples           0/0               0/0        ( 0.0%) 
faces                  429/65536       24024/3670016  ( 0.7%) 
hdr faces                0/65536           0/3670016  ( 0.0%) 
origfaces              214/65536       11984/3670016  ( 0.3%) 
leaves                 282/65536        9024/2097152  ( 0.4%) 
leaffaces              464/65536         928/131072   ( 0.7%) 
leafbrushes            175/65536         350/131072   ( 0.3%) 
areas                    2/256            16/2048     ( 0.8%) 
surfedges             2847/512000      11388/2048000  ( 0.6%) 
edges                 1581/256000       6324/1024000  ( 0.6%) 
LDR worldlights          0/65536           0/5767168  ( 0.0%) 
HDR worldlights          0/65536           0/5767168  ( 0.0%) 
leafwaterdata            0/32768           0/393216   ( 0.0%) 
waterstrips             14/32768         140/327680   ( 0.0%) 
waterverts               0/65536           0/786432   ( 0.0%) 
waterindices           207/65536         414/131072   ( 0.3%) 
cubemapsamples           0/1024            0/16384    ( 0.0%) 
overlays                 0/8192            0/2883584  ( 0.0%) 
LDR lightdata         [variable]       95388/0        ( 0.0%) 
HDR lightdata         [variable]           0/0        ( 0.0%) 
visdata               [variable]        6223/16777216 ( 0.0%) 
entdata               [variable]         394/393216   ( 0.1%) 
LDR ambient table      282/65536        1128/262144   ( 0.4%) 
HDR ambient table      282/65536        1128/262144   ( 0.4%) 
LDR leaf ambient       139/65536        3892/1835008  ( 0.2%) 
HDR leaf ambient       282/65536        7896/1835008  ( 0.4%) 
occluders                0/0               0/0        ( 0.0%) 
occluder polygons        0/0               0/0        ( 0.0%) 
occluder vert ind        0/0               0/0        ( 0.0%) 
detail props          [variable]           1/12       ( 8.3%) 
static props          [variable]           1/12       ( 8.3%) 
pakfile               [variable]         356/0        ( 0.0%) 
physics               [variable]       27354/4194304  ( 0.7%) 
physics terrain       [variable]           2/1048576  ( 0.0%) 

Level flags = 0

Total triangle count: 1122
Writing d:\steam\steamapps\sourcemods\entropyzero2-addonworkspace\mapsrc\shunter.bsp
0 seconds elapsed



materialPath: D:\steam\steamapps\sourcemods\entropyzero2-addonworkspace\materials
Loading d:\steam\steamapps\sourcemods\entropyzero2-addonworkspace\mapsrc\shunter.vmf
fixing up env_cubemap materials on brush sides...
0...1...2...3...4...5...6...7...8...9...100...1...2...3...4...5...6...7...8...9...10Processing areas...done (0)
Building Faces...done (0)
FixTjuncs...
PruneNodes...
WriteBSP...
done (0)
writing d:\steam\steamapps\sourcemods\entropyzero2-addonworkspace\mapsrc\shunter.prt...Building visibility clusters...
done (0)
Finding displacement neighbors...
Finding lightmap sample positions...
Displacement Alpha : 0...1...2...3...4...5...6...7...8...9...10
Building Physics collision data...
done (0) (27386 bytes)
Placing static props...
Placing detail props : 0...1...2...3...4...5...6...7...8...9...10
Compacting texture/material tables...
Reduced 97 texinfos to 60
Reduced 9 texdatas to 8 (227 bytes to 187)
Writing d:\steam\steamapps\sourcemods\entropyzero2-addonworkspace\mapsrc\shunter.bsp
0 seconds elapsed



12 threads
reading d:\steam\steamapps\sourcemods\entropyzero2-addonworkspace\mapsrc\shunter.bsp
reading d:\steam\steamapps\sourcemods\entropyzero2-addonworkspace\mapsrc\shunter.prt
 142 portalclusters
 440 numportals
0...1...2...3...4...5...6...7...8...9...10Optimized: 516 visible clusters (3.94%)
Total clusters visible: 13092
Average clusters visible: 92
Building PAS...
Average clusters audible: 142
visdatasize:6335  compressed from 6816
writing d:\steam\steamapps\sourcemods\entropyzero2-addonworkspace\mapsrc\shunter.bsp
0 seconds elapsed



[Reading texlights from 'lights.rad']
[48 texlights parsed from 'lights.rad']

Loading d:\steam\steamapps\sourcemods\entropyzero2-addonworkspace\mapsrc\shunter.bsp
434 faces
69487 square feet [10006194.00 square inches]
0 Displacements
0 Square Feet [0.00 Square Inches]
434 patches before subdivision
3348 patches after subdivision
0 direct lights
0...1...2...3...4...5...6...7...8...9...100...1...2...3...4...5...6...7...8...9...10transfers 135212, max 234
transfer lists:   1.0 megs
0...1...2...3...4...5...6...7...8...9...10	Bounce #1 added RGB(0, 0, 0)
Build Patch/Sample Hash Table(s).....Done<0.0011 sec>
0...1...2...3...4...5...6...7...8...9...10FinalLightFace Done
0 of 0 (0% of) surface lights went in leaf ambient cubes.
0...1...2...3...4...5...6...7...8...9...10Writing leaf ambient...done
Ready to Finish

Object names       Objects/Maxobjs  Memory / Maxmem  Fullness 
------------       ---------------  ---------------  -------- 
models                   1/1024           48/49152    ( 0.1%) 
brushes                 73/8192          876/98304    ( 0.9%) 
brushsides             567/65536        4536/524288   ( 0.9%) 
planes                 424/65536        8480/1310720  ( 0.6%) 
vertexes               591/65536        7092/786432   ( 0.9%) 
nodes                  283/65536        9056/2097152  ( 0.4%) 
texinfos                60/12288        4320/884736   ( 0.5%) 
texdata                  8/2048          256/65536    ( 0.4%) 
dispinfos                0/0               0/0        ( 0.0%) 
disp_verts               0/0               0/0        ( 0.0%) 
disp_tris                0/0               0/0        ( 0.0%) 
disp_lmsamples           0/0               0/0        ( 0.0%) 
faces                  434/65536       24304/3670016  ( 0.7%) 
hdr faces                0/65536           0/3670016  ( 0.0%) 
origfaces              217/65536       12152/3670016  ( 0.3%) 
leaves                 285/65536        9120/2097152  ( 0.4%) 
leaffaces              468/65536         936/131072   ( 0.7%) 
leafbrushes            175/65536         350/131072   ( 0.3%) 
areas                    2/256            16/2048     ( 0.8%) 
surfedges             2885/512000      11540/2048000  ( 0.6%) 
edges                 1598/256000       6392/1024000  ( 0.6%) 
LDR worldlights          0/65536           0/5767168  ( 0.0%) 
HDR worldlights          0/65536           0/5767168  ( 0.0%) 
leafwaterdata            0/32768           0/393216   ( 0.0%) 
waterstrips             15/32768         150/327680   ( 0.0%) 
waterverts               0/65536           0/786432   ( 0.0%) 
waterindices           222/65536         444/131072   ( 0.3%) 
cubemapsamples           0/1024            0/16384    ( 0.0%) 
overlays                 0/8192            0/2883584  ( 0.0%) 
LDR lightdata         [variable]       95584/0        ( 0.0%) 
HDR lightdata         [variable]           0/0        ( 0.0%) 
visdata               [variable]        6335/16777216 ( 0.0%) 
entdata               [variable]         394/393216   ( 0.1%) 
LDR ambient table      285/65536        1140/262144   ( 0.4%) 
HDR ambient table      285/65536        1140/262144   ( 0.4%) 
LDR leaf ambient       142/65536        3976/1835008  ( 0.2%) 
HDR leaf ambient       285/65536        7980/1835008  ( 0.4%) 
occluders                0/0               0/0        ( 0.0%) 
occluder polygons        0/0               0/0        ( 0.0%) 
occluder vert ind        0/0               0/0        ( 0.0%) 
detail props          [variable]           1/12       ( 8.3%) 
static props          [variable]           1/12       ( 8.3%) 
pakfile               [variable]         356/0        ( 0.0%) 
physics               [variable]       27386/4194304  ( 0.7%) 
physics terrain       [variable]           2/1048576  ( 0.0%) 

Level flags = 0

Total triangle count: 1138
Writing d:\steam\steamapps\sourcemods\entropyzero2-addonworkspace\mapsrc\shunter.bsp
0 seconds elapsed



materialPath: D:\steam\steamapps\sourcemods\entropyzero2-addonworkspace\materials
Loading d:\steam\steamapps\sourcemods\entropyzero2-addonworkspace\mapsrc\shunter.vmf
fixing up env_cubemap materials on brush sides...
0...1...2...3...4...5...6...7...8...9...100...1...2...3...4...5...6...7...8...9...10Processing areas...done (0)
Building Faces...done (0)
FixTjuncs...
PruneNodes...
WriteBSP...
done (0)
writing d:\steam\steamapps\sourcemods\entropyzero2-addonworkspace\mapsrc\shunter.prt...Building visibility clusters...
done (0)
Finding displacement neighbors...
Finding lightmap sample positions...
Displacement Alpha : 0...1...2...3...4...5...6...7...8...9...10
Building Physics collision data...
done (0) (27386 bytes)
Placing static props...
Placing detail props : 0...1...2...3...4...5...6...7...8...9...10
Compacting texture/material tables...
Reduced 97 texinfos to 60
Reduced 9 texdatas to 8 (227 bytes to 187)
Writing d:\steam\steamapps\sourcemods\entropyzero2-addonworkspace\mapsrc\shunter.bsp
0 seconds elapsed



12 threads
reading d:\steam\steamapps\sourcemods\entropyzero2-addonworkspace\mapsrc\shunter.bsp
reading d:\steam\steamapps\sourcemods\entropyzero2-addonworkspace\mapsrc\shunter.prt
 140 portalclusters
 440 numportals
0...1...2...3...4...5...6...7...8...9...10Optimized: 428 visible clusters (3.45%)
Total clusters visible: 12414
Average clusters visible: 88
Building PAS...
Average clusters audible: 140
visdatasize:6251  compressed from 6720
writing d:\steam\steamapps\sourcemods\entropyzero2-addonworkspace\mapsrc\shunter.bsp
0 seconds elapsed



[Reading texlights from 'lights.rad']
[48 texlights parsed from 'lights.rad']

Loading d:\steam\steamapps\sourcemods\entropyzero2-addonworkspace\mapsrc\shunter.bsp
436 faces
69483 square feet [10005617.00 square inches]
0 Displacements
0 Square Feet [0.00 Square Inches]
436 patches before subdivision
3350 patches after subdivision
0 direct lights
0...1...2...3...4...5...6...7...8...9...100...1...2...3...4...5...6...7...8...9...10transfers 135633, max 234
transfer lists:   1.0 megs
0...1...2...3...4...5...6...7...8...9...10	Bounce #1 added RGB(0, 0, 0)
Build Patch/Sample Hash Table(s).....Done<0.0008 sec>
0...1...2...3...4...5...6...7...8...9...10FinalLightFace Done
0 of 0 (0% of) surface lights went in leaf ambient cubes.
0...1...2...3...4...5...6...7...8...9...10Writing leaf ambient...done
Ready to Finish

Object names       Objects/Maxobjs  Memory / Maxmem  Fullness 
------------       ---------------  ---------------  -------- 
models                   1/1024           48/49152    ( 0.1%) 
brushes                 73/8192          876/98304    ( 0.9%) 
brushsides             567/65536        4536/524288   ( 0.9%) 
planes                 420/65536        8400/1310720  ( 0.6%) 
vertexes               597/65536        7164/786432   ( 0.9%) 
nodes                  283/65536        9056/2097152  ( 0.4%) 
texinfos                60/12288        4320/884736   ( 0.5%) 
texdata                  8/2048          256/65536    ( 0.4%) 
dispinfos                0/0               0/0        ( 0.0%) 
disp_verts               0/0               0/0        ( 0.0%) 
disp_tris                0/0               0/0        ( 0.0%) 
disp_lmsamples           0/0               0/0        ( 0.0%) 
faces                  436/65536       24416/3670016  ( 0.7%) 
hdr faces                0/65536           0/3670016  ( 0.0%) 
origfaces              218/65536       12208/3670016  ( 0.3%) 
leaves                 285/65536        9120/2097152  ( 0.4%) 
leaffaces              471/65536         942/131072   ( 0.7%) 
leafbrushes            177/65536         354/131072   ( 0.3%) 
areas                    2/256            16/2048     ( 0.8%) 
surfedges             2905/512000      11620/2048000  ( 0.6%) 
edges                 1607/256000       6428/1024000  ( 0.6%) 
LDR worldlights          0/65536           0/5767168  ( 0.0%) 
HDR worldlights          0/65536           0/5767168  ( 0.0%) 
leafwaterdata            0/32768           0/393216   ( 0.0%) 
waterstrips             16/32768         160/327680   ( 0.0%) 
waterverts               0/65536           0/786432   ( 0.0%) 
waterindices           237/65536         474/131072   ( 0.4%) 
cubemapsamples           0/1024            0/16384    ( 0.0%) 
overlays                 0/8192            0/2883584  ( 0.0%) 
LDR lightdata         [variable]       95740/0        ( 0.0%) 
HDR lightdata         [variable]           0/0        ( 0.0%) 
visdata               [variable]        6251/16777216 ( 0.0%) 
entdata               [variable]         394/393216   ( 0.1%) 
LDR ambient table      285/65536        1140/262144   ( 0.4%) 
HDR ambient table      285/65536        1140/262144   ( 0.4%) 
LDR leaf ambient       140/65536        3920/1835008  ( 0.2%) 
HDR leaf ambient       285/65536        7980/1835008  ( 0.4%) 
occluders                0/0               0/0        ( 0.0%) 
occluder polygons        0/0               0/0        ( 0.0%) 
occluder vert ind        0/0               0/0        ( 0.0%) 
detail props          [variable]           1/12       ( 8.3%) 
static props          [variable]           1/12       ( 8.3%) 
pakfile               [variable]         356/0        ( 0.0%) 
physics               [variable]       27386/4194304  ( 0.7%) 
physics terrain       [variable]           2/1048576  ( 0.0%) 

Level flags = 0

Total triangle count: 1150
Writing d:\steam\steamapps\sourcemods\entropyzero2-addonworkspace\mapsrc\shunter.bsp
0 seconds elapsed



materialPath: D:\steam\steamapps\sourcemods\entropyzero2-addonworkspace\materials
Loading d:\steam\steamapps\sourcemods\entropyzero2-addonworkspace\mapsrc\shunter.vmf
fixing up env_cubemap materials on brush sides...
0...1...2...3...4...5...6...7...8...9...100...1...2...3...4...5...6...7...8...9...10Processing areas...done (0)
Building Faces...done (0)
FixTjuncs...
PruneNodes...
WriteBSP...
done (0)
writing d:\steam\steamapps\sourcemods\entropyzero2-addonworkspace\mapsrc\shunter.prt...Building visibility clusters...
done (0)
Finding displacement neighbors...
Finding lightmap sample positions...
Displacement Alpha : 0...1...2...3...4...5...6...7...8...9...10
Building Physics collision data...
done (0) (23856 bytes)
Placing static props...
Placing detail props : 0...1...2...3...4...5...6...7...8...9...10
Compacting texture/material tables...
Reduced 77 texinfos to 53
Reduced 7 texdatas to 7 (174 bytes to 174)
Writing d:\steam\steamapps\sourcemods\entropyzero2-addonworkspace\mapsrc\shunter.bsp
0 seconds elapsed



12 threads
reading d:\steam\steamapps\sourcemods\entropyzero2-addonworkspace\mapsrc\shunter.bsp
reading d:\steam\steamapps\sourcemods\entropyzero2-addonworkspace\mapsrc\shunter.prt
 113 portalclusters
 359 numportals
0...1...2...3...4...5...6...7...8...9...10Optimized: 288 visible clusters (3.24%)
Total clusters visible: 8889
Average clusters visible: 78
Building PAS...
Average clusters audible: 113
visdatasize:4352  compressed from 3616
writing d:\steam\steamapps\sourcemods\entropyzero2-addonworkspace\mapsrc\shunter.bsp
0 seconds elapsed



[Reading texlights from 'lights.rad']
[48 texlights parsed from 'lights.rad']

Loading d:\steam\steamapps\sourcemods\entropyzero2-addonworkspace\mapsrc\shunter.bsp
358 faces
4 degenerate faces
69738 square feet [10042304.00 square inches]
0 Displacements
0 Square Feet [0.00 Square Inches]
354 patches before subdivision
3388 patches after subdivision
0 direct lights
0...1...2...3...4...5...6...7...8...9...100...1...2...3...4...5...6...7...8...9...10transfers 140397, max 230
transfer lists:   1.1 megs
0...1...2...3...4...5...6...7...8...9...10	Bounce #1 added RGB(0, 0, 0)
Build Patch/Sample Hash Table(s).....Done<0.0014 sec>
0...1...2...3...4...5...6...7...8...9...10FinalLightFace Done
0 of 0 (0% of) surface lights went in leaf ambient cubes.
0...1...2...3...4...5...6...7...8...9...10Writing leaf ambient...done
Ready to Finish

Object names       Objects/Maxobjs  Memory / Maxmem  Fullness 
------------       ---------------  ---------------  -------- 
models                   1/1024           48/49152    ( 0.1%) 
brushes                 65/8192          780/98304    ( 0.8%) 
brushsides             545/65536        4360/524288   ( 0.8%) 
planes                 454/65536        9080/1310720  ( 0.7%) 
vertexes               480/65536        5760/786432   ( 0.7%) 
nodes                  238/65536        7616/2097152  ( 0.4%) 
texinfos                53/12288        3816/884736   ( 0.4%) 
texdata                  7/2048          224/65536    ( 0.3%) 
dispinfos                0/0               0/0        ( 0.0%) 
disp_verts               0/0               0/0        ( 0.0%) 
disp_tris                0/0               0/0        ( 0.0%) 
disp_lmsamples           0/0               0/0        ( 0.0%) 
faces                  358/65536       20048/3670016  ( 0.5%) 
hdr faces                0/65536           0/3670016  ( 0.0%) 
origfaces              199/65536       11144/3670016  ( 0.3%) 
leaves                 240/65536        7680/2097152  ( 0.4%) 
leaffaces              367/65536         734/131072   ( 0.6%) 
leafbrushes            155/65536         310/131072   ( 0.2%) 
areas                    2/256            16/2048     ( 0.8%) 
surfedges             2444/512000       9776/2048000  ( 0.5%) 
edges                 1334/256000       5336/1024000  ( 0.5%) 
LDR worldlights          0/65536           0/5767168  ( 0.0%) 
HDR worldlights          0/65536           0/5767168  ( 0.0%) 
leafwaterdata            0/32768           0/393216   ( 0.0%) 
waterstrips             22/32768         220/327680   ( 0.1%) 
waterverts               0/65536           0/786432   ( 0.0%) 
waterindices           339/65536         678/131072   ( 0.5%) 
cubemapsamples           0/1024            0/16384    ( 0.0%) 
overlays                 0/8192            0/2883584  ( 0.0%) 
LDR lightdata         [variable]       87264/0        ( 0.0%) 
HDR lightdata         [variable]           0/0        ( 0.0%) 
visdata               [variable]        4352/16777216 ( 0.0%) 
entdata               [variable]         490/393216   ( 0.1%) 
LDR ambient table      240/65536         960/262144   ( 0.4%) 
HDR ambient table      240/65536         960/262144   ( 0.4%) 
LDR leaf ambient       113/65536        3164/1835008  ( 0.2%) 
HDR leaf ambient       240/65536        6720/1835008  ( 0.4%) 
occluders                0/0               0/0        ( 0.0%) 
occluder polygons        0/0               0/0        ( 0.0%) 
occluder vert ind        0/0               0/0        ( 0.0%) 
detail props          [variable]           1/12       ( 8.3%) 
static props          [variable]           1/12       ( 8.3%) 
pakfile               [variable]          54/0        ( 0.0%) 
physics               [variable]       23856/4194304  ( 0.6%) 
physics terrain       [variable]           2/1048576  ( 0.0%) 

Level flags = 0

Total triangle count: 921
Writing d:\steam\steamapps\sourcemods\entropyzero2-addonworkspace\mapsrc\shunter.bsp
0 seconds elapsed



materialPath: D:\steam\steamapps\sourcemods\entropyzero2-addonworkspace\materials
Loading d:\steam\steamapps\sourcemods\entropyzero2-addonworkspace\mapsrc\shunter.vmf
fixing up env_cubemap materials on brush sides...
0...1...2...3...4...5...6...7...8...9...100...1...2...3...4...5...6...7...8...9...10Processing areas...done (0)
Building Faces...done (0)
FixTjuncs...
PruneNodes...
WriteBSP...
done (0)
writing d:\steam\steamapps\sourcemods\entropyzero2-addonworkspace\mapsrc\shunter.prt...Building visibility clusters...
done (0)
Finding displacement neighbors...
Finding lightmap sample positions...
Displacement Alpha : 0...1...2...3...4...5...6...7...8...9...10
Building Physics collision data...
done (0) (23872 bytes)
Placing static props...
Placing detail props : 0...1...2...3...4...5...6...7...8...9...10
Compacting texture/material tables...
Reduced 79 texinfos to 55
Reduced 7 texdatas to 7 (174 bytes to 174)
Writing d:\steam\steamapps\sourcemods\entropyzero2-addonworkspace\mapsrc\shunter.bsp
0 seconds elapsed



12 threads
reading d:\steam\steamapps\sourcemods\entropyzero2-addonworkspace\mapsrc\shunter.bsp
reading d:\steam\steamapps\sourcemods\entropyzero2-addonworkspace\mapsrc\shunter.prt
 118 portalclusters
 385 numportals
0...1...2...3...4...5...6...7...8...9...10Optimized: 357 visible clusters (3.61%)
Total clusters visible: 9895
Average clusters visible: 83
Building PAS...
Average clusters audible: 118
visdatasize:4537  compressed from 3776
writing d:\steam\steamapps\sourcemods\entropyzero2-addonworkspace\mapsrc\shunter.bsp
0 seconds elapsed



[Reading texlights from 'lights.rad']
[48 texlights parsed from 'lights.rad']

Loading d:\steam\steamapps\sourcemods\entropyzero2-addonworkspace\mapsrc\shunter.bsp
355 faces
4 degenerate faces
69710 square feet [10038369.00 square inches]
0 Displacements
0 Square Feet [0.00 Square Inches]
351 patches before subdivision
3359 patches after subdivision
0 direct lights
0...1...2...3...4...5...6...7...8...9...100...1...2...3...4...5...6...7...8...9...10transfers 135872, max 228
transfer lists:   1.0 megs
0...1...2...3...4...5...6...7...8...9...10	Bounce #1 added RGB(0, 0, 0)
Build Patch/Sample Hash Table(s).....Done<0.0008 sec>
0...1...2...3...4...5...6...7...8...9...10FinalLightFace Done
0 of 0 (0% of) surface lights went in leaf ambient cubes.
0...1...2...3...4...5...6...7...8...9...10Writing leaf ambient...done
Ready to Finish

Object names       Objects/Maxobjs  Memory / Maxmem  Fullness 
------------       ---------------  ---------------  -------- 
models                   1/1024           48/49152    ( 0.1%) 
brushes                 65/8192          780/98304    ( 0.8%) 
brushsides             545/65536        4360/524288   ( 0.8%) 
planes                 458/65536        9160/1310720  ( 0.7%) 
vertexes               476/65536        5712/786432   ( 0.7%) 
nodes                  243/65536        7776/2097152  ( 0.4%) 
texinfos                55/12288        3960/884736   ( 0.4%) 
texdata                  7/2048          224/65536    ( 0.3%) 
dispinfos                0/0               0/0        ( 0.0%) 
disp_verts               0/0               0/0        ( 0.0%) 
disp_tris                0/0               0/0        ( 0.0%) 
disp_lmsamples           0/0               0/0        ( 0.0%) 
faces                  355/65536       19880/3670016  ( 0.5%) 
hdr faces                0/65536           0/3670016  ( 0.0%) 
origfaces              201/65536       11256/3670016  ( 0.3%) 
leaves                 245/65536        7840/2097152  ( 0.4%) 
leaffaces              367/65536         734/131072   ( 0.6%) 
leafbrushes            155/65536         310/131072   ( 0.2%) 
areas                    2/256            16/2048     ( 0.8%) 
surfedges             2430/512000       9720/2048000  ( 0.5%) 
edges                 1323/256000       5292/1024000  ( 0.5%) 
LDR worldlights          0/65536           0/5767168  ( 0.0%) 
HDR worldlights          0/65536           0/5767168  ( 0.0%) 
leafwaterdata            0/32768           0/393216   ( 0.0%) 
waterstrips             20/32768         200/327680   ( 0.1%) 
waterverts               0/65536           0/786432   ( 0.0%) 
waterindices           303/65536         606/131072   ( 0.5%) 
cubemapsamples           0/1024            0/16384    ( 0.0%) 
overlays                 0/8192            0/2883584  ( 0.0%) 
LDR lightdata         [variable]       86920/0        ( 0.0%) 
HDR lightdata         [variable]           0/0        ( 0.0%) 
visdata               [variable]        4537/16777216 ( 0.0%) 
entdata               [variable]         490/393216   ( 0.1%) 
LDR ambient table      245/65536         980/262144   ( 0.4%) 
HDR ambient table      245/65536         980/262144   ( 0.4%) 
LDR leaf ambient       118/65536        3304/1835008  ( 0.2%) 
HDR leaf ambient       245/65536        6860/1835008  ( 0.4%) 
occluders                0/0               0/0        ( 0.0%) 
occluder polygons        0/0               0/0        ( 0.0%) 
occluder vert ind        0/0               0/0        ( 0.0%) 
detail props          [variable]           1/12       ( 8.3%) 
static props          [variable]           1/12       ( 8.3%) 
pakfile               [variable]          54/0        ( 0.0%) 
physics               [variable]       23872/4194304  ( 0.6%) 
physics terrain       [variable]           2/1048576  ( 0.0%) 

Level flags = 0

Total triangle count: 905
Writing d:\steam\steamapps\sourcemods\entropyzero2-addonworkspace\mapsrc\shunter.bsp
0 seconds elapsed



materialPath: D:\steam\steamapps\sourcemods\entropyzero2-addonworkspace\materials
Loading d:\steam\steamapps\sourcemods\entropyzero2-addonworkspace\mapsrc\shunter.vmf
fixing up env_cubemap materials on brush sides...
0...1...2...3...4...5...6...7...8...9...100...1...2...3...4...5...6...7...8...9...10Processing areas...done (0)
Building Faces...done (0)
FixTjuncs...
PruneNodes...
WriteBSP...
done (0)
writing d:\steam\steamapps\sourcemods\entropyzero2-addonworkspace\mapsrc\shunter.prt...Building visibility clusters...
done (0)
Finding displacement neighbors...
Finding lightmap sample positions...
Displacement Alpha : 0...1...2...3...4...5...6...7...8...9...10
Building Physics collision data...
done (0) (24589 bytes)
Placing static props...
Placing detail props : 0...1...2...3...4...5...6...7...8...9...10
Compacting texture/material tables...
Reduced 70 texinfos to 49
Reduced 8 texdatas to 8 (202 bytes to 202)
Writing d:\steam\steamapps\sourcemods\entropyzero2-addonworkspace\mapsrc\shunter.bsp
0 seconds elapsed



12 threads
reading d:\steam\steamapps\sourcemods\entropyzero2-addonworkspace\mapsrc\shunter.bsp
reading d:\steam\steamapps\sourcemods\entropyzero2-addonworkspace\mapsrc\shunter.prt
 110 portalclusters
 348 numportals
0...1...2...3...4...5...6...7...8...9...10Optimized: 362 visible clusters (3.93%)
Total clusters visible: 9220
Average clusters visible: 83
Building PAS...
Average clusters audible: 110
visdatasize:3998  compressed from 3520
writing d:\steam\steamapps\sourcemods\entropyzero2-addonworkspace\mapsrc\shunter.bsp
0 seconds elapsed



[Reading texlights from 'lights.rad']
[48 texlights parsed from 'lights.rad']

Loading d:\steam\steamapps\sourcemods\entropyzero2-addonworkspace\mapsrc\shunter.bsp
353 faces
4 degenerate faces
69091 square feet [9949181.00 square inches]
0 Displacements
0 Square Feet [0.00 Square Inches]
349 patches before subdivision
3407 patches after subdivision
0 direct lights
0...1...2...3...4...5...6...7...8...9...100...1...2...3...4...5...6...7...8...9...10transfers 138955, max 206
transfer lists:   1.1 megs
0...1...2...3...4...5...6...7...8...9...10	Bounce #1 added RGB(0, 0, 0)
Build Patch/Sample Hash Table(s).....Done<0.0007 sec>
0...1...2...3...4...5...6...7...8...9...10FinalLightFace Done
0 of 0 (0% of) surface lights went in leaf ambient cubes.
0...1...2...3...4...5...6...7...8...9...10Writing leaf ambient...done
Ready to Finish

Object names       Objects/Maxobjs  Memory / Maxmem  Fullness 
------------       ---------------  ---------------  -------- 
models                   2/1024           96/49152    ( 0.2%) 
brushes                 65/8192          780/98304    ( 0.8%) 
brushsides             550/65536        4400/524288   ( 0.8%) 
planes                 494/65536        9880/1310720  ( 0.8%) 
vertexes               480/65536        5760/786432   ( 0.7%) 
nodes                  242/65536        7744/2097152  ( 0.4%) 
texinfos                49/12288        3528/884736   ( 0.4%) 
texdata                  8/2048          256/65536    ( 0.4%) 
dispinfos                0/0               0/0        ( 0.0%) 
disp_verts               0/0               0/0        ( 0.0%) 
disp_tris                0/0               0/0        ( 0.0%) 
disp_lmsamples           0/0               0/0        ( 0.0%) 
faces                  353/65536       19768/3670016  ( 0.5%) 
hdr faces                0/65536           0/3670016  ( 0.0%) 
origfaces              206/65536       11536/3670016  ( 0.3%) 
leaves                 245/65536        7840/2097152  ( 0.4%) 
leaffaces              370/65536         740/131072   ( 0.6%) 
leafbrushes            157/65536         314/131072   ( 0.2%) 
areas                    2/256            16/2048     ( 0.8%) 
surfedges             2434/512000       9736/2048000  ( 0.5%) 
edges                 1331/256000       5324/1024000  ( 0.5%) 
LDR worldlights          0/65536           0/5767168  ( 0.0%) 
HDR worldlights          0/65536           0/5767168  ( 0.0%) 
leafwaterdata            0/32768           0/393216   ( 0.0%) 
waterstrips             21/32768         210/327680   ( 0.1%) 
waterverts               0/65536           0/786432   ( 0.0%) 
waterindices           333/65536         666/131072   ( 0.5%) 
cubemapsamples           0/1024            0/16384    ( 0.0%) 
overlays                 0/8192            0/2883584  ( 0.0%) 
LDR lightdata         [variable]       93348/0        ( 0.0%) 
HDR lightdata         [variable]           0/0        ( 0.0%) 
visdata               [variable]        3998/16777216 ( 0.0%) 
entdata               [variable]         871/393216   ( 0.2%) 
LDR ambient table      245/65536         980/262144   ( 0.4%) 
HDR ambient table      245/65536         980/262144   ( 0.4%) 
LDR leaf ambient       120/65536        3360/1835008  ( 0.2%) 
HDR leaf ambient       245/65536        6860/1835008  ( 0.4%) 
occluders                0/0               0/0        ( 0.0%) 
occluder polygons        0/0               0/0        ( 0.0%) 
occluder vert ind        0/0               0/0        ( 0.0%) 
detail props          [variable]           1/12       ( 8.3%) 
static props          [variable]           1/12       ( 8.3%) 
pakfile               [variable]          54/0        ( 0.0%) 
physics               [variable]       24589/4194304  ( 0.6%) 
physics terrain       [variable]           2/1048576  ( 0.0%) 

Level flags = 0

Total triangle count: 893
Writing d:\steam\steamapps\sourcemods\entropyzero2-addonworkspace\mapsrc\shunter.bsp
0 seconds elapsed



materialPath: D:\steam\steamapps\sourcemods\entropyzero2-addonworkspace\materials
Loading d:\steam\steamapps\sourcemods\entropyzero2-addonworkspace\mapsrc\shunter.vmf
fixing up env_cubemap materials on brush sides...
0...1...2...3...4...5...6...7...8...9...100...1...2...3...4...5...6...7...8...9...10Processing areas...done (0)
Building Faces...done (0)
FixTjuncs...
PruneNodes...
WriteBSP...
done (0)
writing d:\steam\steamapps\sourcemods\entropyzero2-addonworkspace\mapsrc\shunter.prt...Building visibility clusters...
done (0)
Finding displacement neighbors...
Finding lightmap sample positions...
Displacement Alpha : 0...1...2...3...4...5...6...7...8...9...10
Building Physics collision data...
done (0) (24589 bytes)
Placing static props...
Placing detail props : 0...1...2...3...4...5...6...7...8...9...10
Compacting texture/material tables...
Reduced 70 texinfos to 49
Reduced 8 texdatas to 8 (202 bytes to 202)
Writing d:\steam\steamapps\sourcemods\entropyzero2-addonworkspace\mapsrc\shunter.bsp
0 seconds elapsed



12 threads
reading d:\steam\steamapps\sourcemods\entropyzero2-addonworkspace\mapsrc\shunter.bsp
reading d:\steam\steamapps\sourcemods\entropyzero2-addonworkspace\mapsrc\shunter.prt
 110 portalclusters
 348 numportals
0...1...2...3...4...5...6...7...8...9...10Optimized: 362 visible clusters (3.93%)
Total clusters visible: 9220
Average clusters visible: 83
Building PAS...
Average clusters audible: 110
visdatasize:3998  compressed from 3520
writing d:\steam\steamapps\sourcemods\entropyzero2-addonworkspace\mapsrc\shunter.bsp
0 seconds elapsed



[Reading texlights from 'lights.rad']
[48 texlights parsed from 'lights.rad']

Loading d:\steam\steamapps\sourcemods\entropyzero2-addonworkspace\mapsrc\shunter.bsp
353 faces
4 degenerate faces
69091 square feet [9949181.00 square inches]
0 Displacements
0 Square Feet [0.00 Square Inches]
349 patches before subdivision
3407 patches after subdivision
0 direct lights
0...1...2...3...4...5...6...7...8...9...100...1...2...3...4...5...6...7...8...9...10transfers 138955, max 206
transfer lists:   1.1 megs
0...1...2...3...4...5...6...7...8...9...10	Bounce #1 added RGB(0, 0, 0)
Build Patch/Sample Hash Table(s).....Done<0.0007 sec>
0...1...2...3...4...5...6...7...8...9...10FinalLightFace Done
0 of 0 (0% of) surface lights went in leaf ambient cubes.
0...1...2...3...4...5...6...7...8...9...10Writing leaf ambient...done
Ready to Finish

Object names       Objects/Maxobjs  Memory / Maxmem  Fullness 
------------       ---------------  ---------------  -------- 
models                   2/1024           96/49152    ( 0.2%) 
brushes                 65/8192          780/98304    ( 0.8%) 
brushsides             550/65536        4400/524288   ( 0.8%) 
planes                 494/65536        9880/1310720  ( 0.8%) 
vertexes               480/65536        5760/786432   ( 0.7%) 
nodes                  242/65536        7744/2097152  ( 0.4%) 
texinfos                49/12288        3528/884736   ( 0.4%) 
texdata                  8/2048          256/65536    ( 0.4%) 
dispinfos                0/0               0/0        ( 0.0%) 
disp_verts               0/0               0/0        ( 0.0%) 
disp_tris                0/0               0/0        ( 0.0%) 
disp_lmsamples           0/0               0/0        ( 0.0%) 
faces                  353/65536       19768/3670016  ( 0.5%) 
hdr faces                0/65536           0/3670016  ( 0.0%) 
origfaces              206/65536       11536/3670016  ( 0.3%) 
leaves                 245/65536        7840/2097152  ( 0.4%) 
leaffaces              370/65536         740/131072   ( 0.6%) 
leafbrushes            157/65536         314/131072   ( 0.2%) 
areas                    2/256            16/2048     ( 0.8%) 
surfedges             2434/512000       9736/2048000  ( 0.5%) 
edges                 1331/256000       5324/1024000  ( 0.5%) 
LDR worldlights          0/65536           0/5767168  ( 0.0%) 
HDR worldlights          0/65536           0/5767168  ( 0.0%) 
leafwaterdata            0/32768           0/393216   ( 0.0%) 
waterstrips             21/32768         210/327680   ( 0.1%) 
waterverts               0/65536           0/786432   ( 0.0%) 
waterindices           333/65536         666/131072   ( 0.5%) 
cubemapsamples           0/1024            0/16384    ( 0.0%) 
overlays                 0/8192            0/2883584  ( 0.0%) 
LDR lightdata         [variable]       93348/0        ( 0.0%) 
HDR lightdata         [variable]           0/0        ( 0.0%) 
visdata               [variable]        3998/16777216 ( 0.0%) 
entdata               [variable]         871/393216   ( 0.2%) 
LDR ambient table      245/65536         980/262144   ( 0.4%) 
HDR ambient table      245/65536         980/262144   ( 0.4%) 
LDR leaf ambient       120/65536        3360/1835008  ( 0.2%) 
HDR leaf ambient       245/65536        6860/1835008  ( 0.4%) 
occluders                0/0               0/0        ( 0.0%) 
occluder polygons        0/0               0/0        ( 0.0%) 
occluder vert ind        0/0               0/0        ( 0.0%) 
detail props          [variable]           1/12       ( 8.3%) 
static props          [variable]           1/12       ( 8.3%) 
pakfile               [variable]          54/0        ( 0.0%) 
physics               [variable]       24589/4194304  ( 0.6%) 
physics terrain       [variable]           2/1048576  ( 0.0%) 

Level flags = 0

Total triangle count: 893
Writing d:\steam\steamapps\sourcemods\entropyzero2-addonworkspace\mapsrc\shunter.bsp
0 seconds elapsed



materialPath: D:\steam\steamapps\sourcemods\entropyzero2-addonworkspace\materials
Loading d:\steam\steamapps\sourcemods\entropyzero2-addonworkspace\mapsrc\shunter.vmf
fixing up env_cubemap materials on brush sides...
0...1...2...3...4...5...6...7...8...9...100...1...2...3...4...5...6...7...8...9...10Processing areas...done (0)
Building Faces...done (0)
FixTjuncs...
PruneNodes...
WriteBSP...
done (0)
writing d:\steam\steamapps\sourcemods\entropyzero2-addonworkspace\mapsrc\shunter.prt...Building visibility clusters...
done (0)
Finding displacement neighbors...
Finding lightmap sample positions...
Displacement Alpha : 0...1...2...3...4...5...6...7...8...9...10
Building Physics collision data...
done (0) (25048 bytes)
Placing static props...
Placing detail props : 0...1...2...3...4...5...6...7...8...9...10
Compacting texture/material tables...
Reduced 67 texinfos to 47
Reduced 8 texdatas to 8 (202 bytes to 202)
Writing d:\steam\steamapps\sourcemods\entropyzero2-addonworkspace\mapsrc\shunter.bsp
0 seconds elapsed



12 threads
reading d:\steam\steamapps\sourcemods\entropyzero2-addonworkspace\mapsrc\shunter.bsp
reading d:\steam\steamapps\sourcemods\entropyzero2-addonworkspace\mapsrc\shunter.prt
 116 portalclusters
 366 numportals
0...1...2...3...4...5...6...7...8...9...10Optimized: 491 visible clusters (4.98%)
Total clusters visible: 9867
Average clusters visible: 85
Building PAS...
Average clusters audible: 116
visdatasize:4413  compressed from 3712
writing d:\steam\steamapps\sourcemods\entropyzero2-addonworkspace\mapsrc\shunter.bsp
0 seconds elapsed



[Reading texlights from 'lights.rad']
[48 texlights parsed from 'lights.rad']

Loading d:\steam\steamapps\sourcemods\entropyzero2-addonworkspace\mapsrc\shunter.bsp
368 faces
4 degenerate faces
68853 square feet [9914840.00 square inches]
0 Displacements
0 Square Feet [0.00 Square Inches]
364 patches before subdivision
3176 patches after subdivision
0 direct lights
0...1...2...3...4...5...6...7...8...9...100...1...2...3...4...5...6...7...8...9...10transfers 135245, max 222
transfer lists:   1.0 megs
0...1...2...3...4...5...6...7...8...9...10	Bounce #1 added RGB(0, 0, 0)
Build Patch/Sample Hash Table(s).....Done<0.0008 sec>
0...1...2...3...4...5...6...7...8...9...10FinalLightFace Done
0 of 0 (0% of) surface lights went in leaf ambient cubes.
0...1...2...3...4...5...6...7...8...9...10Writing leaf ambient...done
Ready to Finish

Object names       Objects/Maxobjs  Memory / Maxmem  Fullness 
------------       ---------------  ---------------  -------- 
models                   1/1024           48/49152    ( 0.1%) 
brushes                 68/8192          816/98304    ( 0.8%) 
brushsides             567/65536        4536/524288   ( 0.9%) 
planes                 468/65536        9360/1310720  ( 0.7%) 
vertexes               506/65536        6072/786432   ( 0.8%) 
nodes                  242/65536        7744/2097152  ( 0.4%) 
texinfos                47/12288        3384/884736   ( 0.4%) 
texdata                  8/2048          256/65536    ( 0.4%) 
dispinfos                0/0               0/0        ( 0.0%) 
disp_verts               0/0               0/0        ( 0.0%) 
disp_tris                0/0               0/0        ( 0.0%) 
disp_lmsamples           0/0               0/0        ( 0.0%) 
faces                  368/65536       20608/3670016  ( 0.6%) 
hdr faces                0/65536           0/3670016  ( 0.0%) 
origfaces              207/65536       11592/3670016  ( 0.3%) 
leaves                 244/65536        7808/2097152  ( 0.4%) 
leaffaces              389/65536         778/131072   ( 0.6%) 
leafbrushes            166/65536         332/131072   ( 0.3%) 
areas                    2/256            16/2048     ( 0.8%) 
surfedges             2532/512000      10128/2048000  ( 0.5%) 
edges                 1399/256000       5596/1024000  ( 0.5%) 
LDR worldlights          0/65536           0/5767168  ( 0.0%) 
HDR worldlights          0/65536           0/5767168  ( 0.0%) 
leafwaterdata            0/32768           0/393216   ( 0.0%) 
waterstrips             27/32768         270/327680   ( 0.1%) 
waterverts               0/65536           0/786432   ( 0.0%) 
waterindices           435/65536         870/131072   ( 0.7%) 
cubemapsamples           0/1024            0/16384    ( 0.0%) 
overlays                 0/8192            0/2883584  ( 0.0%) 
LDR lightdata         [variable]       87176/0        ( 0.0%) 
HDR lightdata         [variable]           0/0        ( 0.0%) 
visdata               [variable]        4413/16777216 ( 0.0%) 
entdata               [variable]         490/393216   ( 0.1%) 
LDR ambient table      244/65536         976/262144   ( 0.4%) 
HDR ambient table      244/65536         976/262144   ( 0.4%) 
LDR leaf ambient       116/65536        3248/1835008  ( 0.2%) 
HDR leaf ambient       244/65536        6832/1835008  ( 0.4%) 
occluders                0/0               0/0        ( 0.0%) 
occluder polygons        0/0               0/0        ( 0.0%) 
occluder vert ind        0/0               0/0        ( 0.0%) 
detail props          [variable]           1/12       ( 8.3%) 
static props          [variable]           1/12       ( 8.3%) 
pakfile               [variable]          54/0        ( 0.0%) 
physics               [variable]       25048/4194304  ( 0.6%) 
physics terrain       [variable]           2/1048576  ( 0.0%) 

Level flags = 0

Total triangle count: 957
Writing d:\steam\steamapps\sourcemods\entropyzero2-addonworkspace\mapsrc\shunter.bsp
0 seconds elapsed



materialPath: D:\steam\steamapps\sourcemods\entropyzero2-addonworkspace\materials
Loading d:\steam\steamapps\sourcemods\entropyzero2-addonworkspace\mapsrc\shunter.vmf
fixing up env_cubemap materials on brush sides...
0...1...2...3...4...5...6...7...8...9...100...1...2...3...4...5...6...7...8...9...10Processing areas...done (0)
Building Faces...done (0)
FixTjuncs...
PruneNodes...
WriteBSP...
done (0)
writing d:\steam\steamapps\sourcemods\entropyzero2-addonworkspace\mapsrc\shunter.prt...Building visibility clusters...
done (0)
Finding displacement neighbors...
Finding lightmap sample positions...
Displacement Alpha : 0...1...2...3...4...5...6...7...8...9...10
Building Physics collision data...
done (0) (22952 bytes)
Placing static props...
Placing detail props : 0...1...2...3...4...5...6...7...8...9...10
Compacting texture/material tables...
Reduced 58 texinfos to 38
Reduced 7 texdatas to 7 (174 bytes to 174)
Writing d:\steam\steamapps\sourcemods\entropyzero2-addonworkspace\mapsrc\shunter.bsp
0 seconds elapsed



12 threads
reading d:\steam\steamapps\sourcemods\entropyzero2-addonworkspace\mapsrc\shunter.bsp
reading d:\steam\steamapps\sourcemods\entropyzero2-addonworkspace\mapsrc\shunter.prt
 105 portalclusters
 326 numportals
0...1...2...3...4...5...6...7...8...9...10Optimized: 303 visible clusters (3.64%)
Total clusters visible: 8332
Average clusters visible: 79
Building PAS...
Average clusters audible: 105
visdatasize:3816  compressed from 3360
writing d:\steam\steamapps\sourcemods\entropyzero2-addonworkspace\mapsrc\shunter.bsp
0 seconds elapsed



[Reading texlights from 'lights.rad']
[48 texlights parsed from 'lights.rad']

Loading d:\steam\steamapps\sourcemods\entropyzero2-addonworkspace\mapsrc\shunter.bsp
337 faces
4 degenerate faces
68886 square feet [9919586.00 square inches]
0 Displacements
0 Square Feet [0.00 Square Inches]
333 patches before subdivision
3239 patches after subdivision
0 direct lights
0...1...2...3...4...5...6...7...8...9...100...1...2...3...4...5...6...7...8...9...10transfers 129544, max 201
transfer lists:   1.0 megs
0...1...2...3...4...5...6...7...8...9...10	Bounce #1 added RGB(0, 0, 0)
Build Patch/Sample Hash Table(s).....Done<0.0008 sec>
0...1...2...3...4...5...6...7...8...9...10FinalLightFace Done
0 of 0 (0% of) surface lights went in leaf ambient cubes.
0...1...2...3...4...5...6...7...8...9...10Writing leaf ambient...done
Ready to Finish

Object names       Objects/Maxobjs  Memory / Maxmem  Fullness 
------------       ---------------  ---------------  -------- 
models                   1/1024           48/49152    ( 0.1%) 
brushes                 62/8192          744/98304    ( 0.8%) 
brushsides             530/65536        4240/524288   ( 0.8%) 
planes                 454/65536        9080/1310720  ( 0.7%) 
vertexes               460/65536        5520/786432   ( 0.7%) 
nodes                  226/65536        7232/2097152  ( 0.3%) 
texinfos                38/12288        2736/884736   ( 0.3%) 
texdata                  7/2048          224/65536    ( 0.3%) 
dispinfos                0/0               0/0        ( 0.0%) 
disp_verts               0/0               0/0        ( 0.0%) 
disp_tris                0/0               0/0        ( 0.0%) 
disp_lmsamples           0/0               0/0        ( 0.0%) 
faces                  337/65536       18872/3670016  ( 0.5%) 
hdr faces                0/65536           0/3670016  ( 0.0%) 
origfaces              186/65536       10416/3670016  ( 0.3%) 
leaves                 228/65536        7296/2097152  ( 0.3%) 
leaffaces              351/65536         702/131072   ( 0.5%) 
leafbrushes            154/65536         308/131072   ( 0.2%) 
areas                    2/256            16/2048     ( 0.8%) 
surfedges             2306/512000       9224/2048000  ( 0.5%) 
edges                 1274/256000       5096/1024000  ( 0.5%) 
LDR worldlights          0/65536           0/5767168  ( 0.0%) 
HDR worldlights          0/65536           0/5767168  ( 0.0%) 
leafwaterdata            0/32768           0/393216   ( 0.0%) 
waterstrips             23/32768         230/327680   ( 0.1%) 
waterverts               0/65536           0/786432   ( 0.0%) 
waterindices           360/65536         720/131072   ( 0.5%) 
cubemapsamples           0/1024            0/16384    ( 0.0%) 
overlays                 0/8192            0/2883584  ( 0.0%) 
LDR lightdata         [variable]       84136/0        ( 0.0%) 
HDR lightdata         [variable]           0/0        ( 0.0%) 
visdata               [variable]        3816/16777216 ( 0.0%) 
entdata               [variable]         490/393216   ( 0.1%) 
LDR ambient table      228/65536         912/262144   ( 0.3%) 
HDR ambient table      228/65536         912/262144   ( 0.3%) 
LDR leaf ambient       105/65536        2940/1835008  ( 0.2%) 
HDR leaf ambient       228/65536        6384/1835008  ( 0.3%) 
occluders                0/0               0/0        ( 0.0%) 
occluder polygons        0/0               0/0        ( 0.0%) 
occluder vert ind        0/0               0/0        ( 0.0%) 
detail props          [variable]           1/12       ( 8.3%) 
static props          [variable]           1/12       ( 8.3%) 
pakfile               [variable]          54/0        ( 0.0%) 
physics               [variable]       22952/4194304  ( 0.5%) 
physics terrain       [variable]           2/1048576  ( 0.0%) 

Level flags = 0

Total triangle count: 877
Writing d:\steam\steamapps\sourcemods\entropyzero2-addonworkspace\mapsrc\shunter.bsp
0 seconds elapsed



materialPath: D:\steam\steamapps\sourcemods\entropyzero2-addonworkspace\materials
Loading d:\steam\steamapps\sourcemods\entropyzero2-addonworkspace\mapsrc\shunter.vmf
fixing up env_cubemap materials on brush sides...
0...1...2...3...4...5...6...7...8...9...100...1...2...3...4...5...6...7...8...9...10Processing areas...done (0)
Building Faces...done (0)
FixTjuncs...
PruneNodes...
WriteBSP...
done (0)
writing d:\steam\steamapps\sourcemods\entropyzero2-addonworkspace\mapsrc\shunter.prt...Building visibility clusters...
done (0)
Finding displacement neighbors...
Finding lightmap sample positions...
Displacement Alpha : 0...1...2...3...4...5...6...7...8...9...10
Building Physics collision data...
done (0) (25406 bytes)
Placing static props...
Placing detail props : 0...1...2...3...4...5...6...7...8...9...10
Compacting texture/material tables...
Reduced 70 texinfos to 39
Reduced 8 texdatas to 8 (192 bytes to 192)
Writing d:\steam\steamapps\sourcemods\entropyzero2-addonworkspace\mapsrc\shunter.bsp
0 seconds elapsed



12 threads
reading d:\steam\steamapps\sourcemods\entropyzero2-addonworkspace\mapsrc\shunter.bsp
reading d:\steam\steamapps\sourcemods\entropyzero2-addonworkspace\mapsrc\shunter.prt
 102 portalclusters
 312 numportals
0...1...2...3...4...5...6...7...8...9...10Optimized: 468 visible clusters (6.45%)
Total clusters visible: 7260
Average clusters visible: 71
Building PAS...
Average clusters audible: 101
visdatasize:3488  compressed from 3264
writing d:\steam\steamapps\sourcemods\entropyzero2-addonworkspace\mapsrc\shunter.bsp
0 seconds elapsed



[Reading texlights from 'lights.rad']
[48 texlights parsed from 'lights.rad']

Loading d:\steam\steamapps\sourcemods\entropyzero2-addonworkspace\mapsrc\shunter.bsp
346 faces
4 degenerate faces
69045 square feet [9942548.00 square inches]
0 Displacements
0 Square Feet [0.00 Square Inches]
342 patches before subdivision
3266 patches after subdivision
0 direct lights
0...1...2...3...4...5...6...7...8...9...100...1...2...3...4...5...6...7...8...9...10transfers 124477, max 205
transfer lists:   0.9 megs
0...1...2...3...4...5...6...7...8...9...10	Bounce #1 added RGB(0, 0, 0)
Build Patch/Sample Hash Table(s).....Done<0.0007 sec>
0...1...2...3...4...5...6...7...8...9...10FinalLightFace Done
0 of 0 (0% of) surface lights went in leaf ambient cubes.
0...1...2...3...4...5...6...7...8...9...10Writing leaf ambient...done
Ready to Finish

Object names       Objects/Maxobjs  Memory / Maxmem  Fullness 
------------       ---------------  ---------------  -------- 
models                   1/1024           48/49152    ( 0.1%) 
brushes                 69/8192          828/98304    ( 0.8%) 
brushsides             581/65536        4648/524288   ( 0.9%) 
planes                 464/65536        9280/1310720  ( 0.7%) 
vertexes               477/65536        5724/786432   ( 0.7%) 
nodes                  225/65536        7200/2097152  ( 0.3%) 
texinfos                39/12288        2808/884736   ( 0.3%) 
texdata                  8/2048          256/65536    ( 0.4%) 
dispinfos                0/0               0/0        ( 0.0%) 
disp_verts               0/0               0/0        ( 0.0%) 
disp_tris                0/0               0/0        ( 0.0%) 
disp_lmsamples           0/0               0/0        ( 0.0%) 
faces                  346/65536       19376/3670016  ( 0.5%) 
hdr faces                0/65536           0/3670016  ( 0.0%) 
origfaces              198/65536       11088/3670016  ( 0.3%) 
leaves                 227/65536        7264/2097152  ( 0.3%) 
leaffaces              359/65536         718/131072   ( 0.5%) 
leafbrushes            161/65536         322/131072   ( 0.2%) 
areas                    2/256            16/2048     ( 0.8%) 
surfedges             2377/512000       9508/2048000  ( 0.5%) 
edges                 1324/256000       5296/1024000  ( 0.5%) 
LDR worldlights          0/65536           0/5767168  ( 0.0%) 
HDR worldlights          0/65536           0/5767168  ( 0.0%) 
leafwaterdata            0/32768           0/393216   ( 0.0%) 
waterstrips             18/32768         180/327680   ( 0.1%) 
waterverts               0/65536           0/786432   ( 0.0%) 
waterindices           294/65536         588/131072   ( 0.4%) 
cubemapsamples           0/1024            0/16384    ( 0.0%) 
overlays                 0/8192            0/2883584  ( 0.0%) 
LDR lightdata         [variable]       84216/0        ( 0.0%) 
HDR lightdata         [variable]           0/0        ( 0.0%) 
visdata               [variable]        3488/16777216 ( 0.0%) 
entdata               [variable]         394/393216   ( 0.1%) 
LDR ambient table      227/65536         908/262144   ( 0.3%) 
HDR ambient table      227/65536         908/262144   ( 0.3%) 
LDR leaf ambient       102/65536        2856/1835008  ( 0.2%) 
HDR leaf ambient       227/65536        6356/1835008  ( 0.3%) 
occluders                0/0               0/0        ( 0.0%) 
occluder polygons        0/0               0/0        ( 0.0%) 
occluder vert ind        0/0               0/0        ( 0.0%) 
detail props          [variable]           1/12       ( 8.3%) 
static props          [variable]           1/12       ( 8.3%) 
pakfile               [variable]          54/0        ( 0.0%) 
physics               [variable]       25406/4194304  ( 0.6%) 
physics terrain       [variable]           2/1048576  ( 0.0%) 

Level flags = 0

Total triangle count: 884
Writing d:\steam\steamapps\sourcemods\entropyzero2-addonworkspace\mapsrc\shunter.bsp
0 seconds elapsed



materialPath: D:\steam\steamapps\sourcemods\entropyzero2-addonworkspace\materials
Loading d:\steam\steamapps\sourcemods\entropyzero2-addonworkspace\mapsrc\shunter.vmf
fixing up env_cubemap materials on brush sides...
0...1...2...3...4...5...6...7...8...9...100...1...2...3...4...5...6...7...8...9...10Processing areas...done (0)
Building Faces...done (0)
FixTjuncs...
PruneNodes...
WriteBSP...
done (0)
writing d:\steam\steamapps\sourcemods\entropyzero2-addonworkspace\mapsrc\shunter.prt...Building visibility clusters...
done (0)
Finding displacement neighbors...
Finding lightmap sample positions...
Displacement Alpha : 0...1...2...3...4...5...6...7...8...9...10
Building Physics collision data...
done (0) (26190 bytes)
Placing static props...
Placing detail props : 0...1...2...3...4...5...6...7...8...9...10
Compacting texture/material tables...
Reduced 77 texinfos to 45
Reduced 10 texdatas to 9 (267 bytes to 220)
Writing d:\steam\steamapps\sourcemods\entropyzero2-addonworkspace\mapsrc\shunter.bsp
0 seconds elapsed



12 threads
reading d:\steam\steamapps\sourcemods\entropyzero2-addonworkspace\mapsrc\shunter.bsp
reading d:\steam\steamapps\sourcemods\entropyzero2-addonworkspace\mapsrc\shunter.prt
 107 portalclusters
 330 numportals
0...1...2...3...4...5...6...7...8...9...10Optimized: 417 visible clusters (4.97%)
Total clusters visible: 8384
Average clusters visible: 78
Building PAS...
Average clusters audible: 106
visdatasize:3882  compressed from 3424
writing d:\steam\steamapps\sourcemods\entropyzero2-addonworkspace\mapsrc\shunter.bsp
0 seconds elapsed



[Reading texlights from 'lights.rad']
[48 texlights parsed from 'lights.rad']

Loading d:\steam\steamapps\sourcemods\entropyzero2-addonworkspace\mapsrc\shunter.bsp
355 faces
4 degenerate faces
69023 square feet [9939325.00 square inches]
0 Displacements
0 Square Feet [0.00 Square Inches]
351 patches before subdivision
3255 patches after subdivision
0 direct lights
0...1...2...3...4...5...6...7...8...9...100...1...2...3...4...5...6...7...8...9...10transfers 127382, max 208
transfer lists:   1.0 megs
0...1...2...3...4...5...6...7...8...9...10	Bounce #1 added RGB(0, 0, 0)
Build Patch/Sample Hash Table(s).....Done<0.0008 sec>
0...1...2...3...4...5...6...7...8...9...10FinalLightFace Done
0 of 0 (0% of) surface lights went in leaf ambient cubes.
0...1...2...3...4...5...6...7...8...9...10Writing leaf ambient...done
Ready to Finish

Object names       Objects/Maxobjs  Memory / Maxmem  Fullness 
------------       ---------------  ---------------  -------- 
models                   1/1024           48/49152    ( 0.1%) 
brushes                 71/8192          852/98304    ( 0.9%) 
brushsides             597/65536        4776/524288   ( 0.9%) 
planes                 476/65536        9520/1310720  ( 0.7%) 
vertexes               498/65536        5976/786432   ( 0.8%) 
nodes                  232/65536        7424/2097152  ( 0.4%) 
texinfos                45/12288        3240/884736   ( 0.4%) 
texdata                  9/2048          288/65536    ( 0.4%) 
dispinfos                0/0               0/0        ( 0.0%) 
disp_verts               0/0               0/0        ( 0.0%) 
disp_tris                0/0               0/0        ( 0.0%) 
disp_lmsamples           0/0               0/0        ( 0.0%) 
faces                  355/65536       19880/3670016  ( 0.5%) 
hdr faces                0/65536           0/3670016  ( 0.0%) 
origfaces              207/65536       11592/3670016  ( 0.3%) 
leaves                 234/65536        7488/2097152  ( 0.4%) 
leaffaces              377/65536         754/131072   ( 0.6%) 
leafbrushes            164/65536         328/131072   ( 0.3%) 
areas                    2/256            16/2048     ( 0.8%) 
surfedges             2469/512000       9876/2048000  ( 0.5%) 
edges                 1384/256000       5536/1024000  ( 0.5%) 
LDR worldlights          0/65536           0/5767168  ( 0.0%) 
HDR worldlights          0/65536           0/5767168  ( 0.0%) 
leafwaterdata            0/32768           0/393216   ( 0.0%) 
waterstrips             20/32768         200/327680   ( 0.1%) 
waterverts               0/65536           0/786432   ( 0.0%) 
waterindices           318/65536         636/131072   ( 0.5%) 
cubemapsamples           0/1024            0/16384    ( 0.0%) 
overlays                 0/8192            0/2883584  ( 0.0%) 
LDR lightdata         [variable]       85844/0        ( 0.0%) 
HDR lightdata         [variable]           0/0        ( 0.0%) 
visdata               [variable]        3882/16777216 ( 0.0%) 
entdata               [variable]         394/393216   ( 0.1%) 
LDR ambient table      234/65536         936/262144   ( 0.4%) 
HDR ambient table      234/65536         936/262144   ( 0.4%) 
LDR leaf ambient       107/65536        2996/1835008  ( 0.2%) 
HDR leaf ambient       234/65536        6552/1835008  ( 0.4%) 
occluders                0/0               0/0        ( 0.0%) 
occluder polygons        0/0               0/0        ( 0.0%) 
occluder vert ind        0/0               0/0        ( 0.0%) 
detail props          [variable]           1/12       ( 8.3%) 
static props          [variable]           1/12       ( 8.3%) 
pakfile               [variable]         377/0        ( 0.0%) 
physics               [variable]       26190/4194304  ( 0.6%) 
physics terrain       [variable]           2/1048576  ( 0.0%) 

Level flags = 0

Total triangle count: 922
Writing d:\steam\steamapps\sourcemods\entropyzero2-addonworkspace\mapsrc\shunter.bsp
0 seconds elapsed



materialPath: D:\steam\steamapps\sourcemods\entropyzero2-addonworkspace\materials
Loading d:\steam\steamapps\sourcemods\entropyzero2-addonworkspace\mapsrc\shunter.vmf
fixing up env_cubemap materials on brush sides...
0...1...2...3...4...5...6...7...8...9...100...1...2...3...4...5...6...7...8...9...10Processing areas...done (0)
Building Faces...done (0)
FixTjuncs...
PruneNodes...
WriteBSP...
done (0)
writing d:\steam\steamapps\sourcemods\entropyzero2-addonworkspace\mapsrc\shunter.prt...Building visibility clusters...
done (0)
Finding displacement neighbors...
Finding lightmap sample positions...
Displacement Alpha : 0...1...2...3...4...5...6...7...8...9...10
Building Physics collision data...
done (0) (25894 bytes)
Placing static props...
Placing detail props : 0...1...2...3...4...5...6...7...8...9...10
Compacting texture/material tables...
Reduced 80 texinfos to 47
Reduced 12 texdatas to 11 (311 bytes to 264)
Writing d:\steam\steamapps\sourcemods\entropyzero2-addonworkspace\mapsrc\shunter.bsp
0 seconds elapsed



12 threads
reading d:\steam\steamapps\sourcemods\entropyzero2-addonworkspace\mapsrc\shunter.bsp
reading d:\steam\steamapps\sourcemods\entropyzero2-addonworkspace\mapsrc\shunter.prt
 107 portalclusters
 326 numportals
0...1...2...3...4...5...6...7...8...9...10Optimized: 404 visible clusters (4.79%)
Total clusters visible: 8443
Average clusters visible: 78
Building PAS...
Average clusters audible: 106
visdatasize:3882  compressed from 3424
writing d:\steam\steamapps\sourcemods\entropyzero2-addonworkspace\mapsrc\shunter.bsp
0 seconds elapsed



[Reading texlights from 'lights.rad']
[48 texlights parsed from 'lights.rad']

Loading d:\steam\steamapps\sourcemods\entropyzero2-addonworkspace\mapsrc\shunter.bsp
352 faces
4 degenerate faces
69039 square feet [9941620.00 square inches]
0 Displacements
0 Square Feet [0.00 Square Inches]
348 patches before subdivision
3264 patches after subdivision
0 direct lights
0...1...2...3...4...5...6...7...8...9...100...1...2...3...4...5...6...7...8...9...10transfers 127884, max 207
transfer lists:   1.0 megs
0...1...2...3...4...5...6...7...8...9...10	Bounce #1 added RGB(0, 0, 0)
Build Patch/Sample Hash Table(s).....Done<0.0009 sec>
0...1...2...3...4...5...6...7...8...9...10FinalLightFace Done
0 of 0 (0% of) surface lights went in leaf ambient cubes.
0...1...2...3...4...5...6...7...8...9...10Writing leaf ambient...done
Ready to Finish

Object names       Objects/Maxobjs  Memory / Maxmem  Fullness 
------------       ---------------  ---------------  -------- 
models                   1/1024           48/49152    ( 0.1%) 
brushes                 70/8192          840/98304    ( 0.9%) 
brushsides             589/65536        4712/524288   ( 0.9%) 
planes                 474/65536        9480/1310720  ( 0.7%) 
vertexes               488/65536        5856/786432   ( 0.7%) 
nodes                  230/65536        7360/2097152  ( 0.4%) 
texinfos                47/12288        3384/884736   ( 0.4%) 
texdata                 11/2048          352/65536    ( 0.5%) 
dispinfos                0/0               0/0        ( 0.0%) 
disp_verts               0/0               0/0        ( 0.0%) 
disp_tris                0/0               0/0        ( 0.0%) 
disp_lmsamples           0/0               0/0        ( 0.0%) 
faces                  352/65536       19712/3670016  ( 0.5%) 
hdr faces                0/65536           0/3670016  ( 0.0%) 
origfaces              203/65536       11368/3670016  ( 0.3%) 
leaves                 232/65536        7424/2097152  ( 0.4%) 
leaffaces              373/65536         746/131072   ( 0.6%) 
leafbrushes            161/65536         322/131072   ( 0.2%) 
areas                    2/256            16/2048     ( 0.8%) 
surfedges             2430/512000       9720/2048000  ( 0.5%) 
edges                 1370/256000       5480/1024000  ( 0.5%) 
LDR worldlights          0/65536           0/5767168  ( 0.0%) 
HDR worldlights          0/65536           0/5767168  ( 0.0%) 
leafwaterdata            0/32768           0/393216   ( 0.0%) 
waterstrips             18/32768         180/327680   ( 0.1%) 
waterverts               0/65536           0/786432   ( 0.0%) 
waterindices           294/65536         588/131072   ( 0.4%) 
cubemapsamples           0/1024            0/16384    ( 0.0%) 
overlays                 0/8192            0/2883584  ( 0.0%) 
LDR lightdata         [variable]       85896/0        ( 0.0%) 
HDR lightdata         [variable]           0/0        ( 0.0%) 
visdata               [variable]        3882/16777216 ( 0.0%) 
entdata               [variable]         394/393216   ( 0.1%) 
LDR ambient table      232/65536         928/262144   ( 0.4%) 
HDR ambient table      232/65536         928/262144   ( 0.4%) 
LDR leaf ambient       107/65536        2996/1835008  ( 0.2%) 
HDR leaf ambient       232/65536        6496/1835008  ( 0.4%) 
occluders                0/0               0/0        ( 0.0%) 
occluder polygons        0/0               0/0        ( 0.0%) 
occluder vert ind        0/0               0/0        ( 0.0%) 
detail props          [variable]           1/12       ( 8.3%) 
static props          [variable]           1/12       ( 8.3%) 
pakfile               [variable]         377/0        ( 0.0%) 
physics               [variable]       25894/4194304  ( 0.6%) 
physics terrain       [variable]           2/1048576  ( 0.0%) 

Level flags = 0

Total triangle count: 905
Writing d:\steam\steamapps\sourcemods\entropyzero2-addonworkspace\mapsrc\shunter.bsp
0 seconds elapsed
