PRT1
102
312
4 0 3 (1056 1024 -128 ) (1056 1024 352 ) (1024 1024 352 ) (1024 1024 -128 ) 
4 0 1 (1024 1024 -128 ) (1024 1024 352 ) (1024 1184 352 ) (1024 1184 -128 ) 
4 1 62 (328 1024 -64 ) (184 1024 -64 ) (184 1024 -128 ) (328 1024 -128 ) 
4 1 61 (1024 1024 -128 ) (1024 1024 -64 ) (328 1024 -64 ) (328 1024 -128 ) 
4 1 70 (184 1024 -64 ) (0 1024 -64 ) (0 1024 -128 ) (184 1024 -128 ) 
4 1 44 (188 1024 -48 ) (188 1024 -64 ) (324 1024 -64 ) (324 1024 -48 ) 
4 1 43 (324 1024 -16 ) (188 1024 -16 ) (188 1024 -48 ) (324 1024 -48 ) 
4 1 54 (188 1024 -16 ) (0 1024 -16 ) (0 1024 -64 ) (188 1024 -64 ) 
4 1 42 (1024 1024 -64 ) (1024 1024 -16 ) (324 1024 -16 ) (324 1024 -64 ) 
4 1 12 (288 1024 74 ) (0 1024 74 ) (0 1024 -16 ) (288 1024 -16 ) 
4 1 10 (1024 1024 -16 ) (1024 1024 74 ) (288 1024 74 ) (288 1024 -16 ) 
4 1 9 (1024 1024 74 ) (1024 1024 86 ) (0 1024 86 ) (0 1024 74 ) 
4 1 6 (1024 1024 86 ) (1024 1024 88 ) (0 1024 88 ) (0 1024 86 ) 
4 1 5 (1024 1024 88 ) (1024 1024 352 ) (0 1024 352 ) (0 1024 88 ) 
4 1 2 (0 1024 -128 ) (0 1024 352 ) (0 1184 352 ) (0 1184 -128 ) 
4 2 84 (0 1024 -128 ) (0 1024 352 ) (-480 1024 352 ) (-480 1024 -128 ) 
4 3 72 (1024 320 -128 ) (1024 0 -128 ) (1024 0 -80 ) (1024 320 -80 ) 
4 3 71 (1024 0 -80 ) (1024 0 -64 ) (1024 320 -64 ) (1024 320 -80 ) 
4 3 61 (1024 1024 -64 ) (1024 1024 -128 ) (1024 320 -128 ) (1024 320 -64 ) 
4 3 57 (1024 376 -64 ) (1024 0 -64 ) (1024 0 -16 ) (1024 376 -16 ) 
4 3 42 (1024 1024 -16 ) (1024 1024 -64 ) (1024 376 -64 ) (1024 376 -16 ) 
4 3 39 (1024 32 -16 ) (1024 0 -16 ) (1024 0 86 ) (1024 32 86 ) 
4 3 35 (1024 160 -16 ) (1024 32 -16 ) (1024 32 86 ) (1024 160 86 ) 
4 3 30 (1024 320 -16 ) (1024 160 -16 ) (1024 160 48 ) (1024 320 48 ) 
4 3 26 (1024 160 48 ) (1024 160 86 ) (1024 320 86 ) (1024 320 48 ) 
4 3 20 (1024 336 -16 ) (1024 320 -16 ) (1024 320 86 ) (1024 336 86 ) 
4 3 15 (1024 376 -16 ) (1024 336 -16 ) (1024 336 74 ) (1024 376 74 ) 
4 3 10 (1024 1024 74 ) (1024 1024 -16 ) (1024 376 -16 ) (1024 376 74 ) 
4 3 9 (1024 1024 86 ) (1024 1024 74 ) (1024 336 74 ) (1024 336 86 ) 
4 3 7 (1024 336 86 ) (1024 0 86 ) (1024 0 88 ) (1024 336 88 ) 
4 3 6 (1024 1024 88 ) (1024 1024 86 ) (1024 336 86 ) (1024 336 88 ) 
4 3 5 (1024 1024 352 ) (1024 1024 88 ) (1024 0 88 ) (1024 0 352 ) 
4 3 4 (1056 0 -128 ) (1056 0 352 ) (1024 0 352 ) (1024 0 -128 ) 
4 4 100 (1024 -768 -128 ) (1024 -768 352 ) (1024 -128 352 ) (1024 -128 -128 ) 
4 4 98 (1024 0 -80 ) (1024 0 -128 ) (1024 -128 -128 ) (1024 -128 -80 ) 
4 4 96 (1024 0 -64 ) (1024 0 -80 ) (1024 -128 -80 ) (1024 -128 -64 ) 
4 4 88 (1024 0 86 ) (1024 0 -64 ) (1024 -128 -64 ) (1024 -128 86 ) 
4 4 87 (1024 0 88 ) (1024 0 86 ) (1024 -128 86 ) (1024 -128 88 ) 
4 4 85 (1024 -128 352 ) (1024 0 352 ) (1024 0 88 ) (1024 -128 88 ) 
4 5 85 (1024 0 88 ) (1024 0 352 ) (0 0 352 ) (0 0 88 ) 
4 5 84 (0 1024 352 ) (0 1024 88 ) (0 0 88 ) (0 0 352 ) 
4 5 8 (0 0 88 ) (0 336 88 ) (226 336 88 ) (226 0 88 ) 
4 5 7 (286 336 88 ) (1024 336 88 ) (1024 0 88 ) (286 0 88 ) 
4 5 6 (0 336 88 ) (0 1024 88 ) (1024 1024 88 ) (1024 336 88 ) 
4 6 84 (0 1024 88 ) (0 1024 86 ) (0 336 86 ) (0 336 88 ) 
4 6 9 (0 336 86 ) (0 1024 86 ) (1024 1024 86 ) (1024 336 86 ) 
4 6 8 (0 336 86 ) (222.661987 336 86 ) (226 336 88 ) (0 336 88 ) 
4 6 7 (289.335999 336 86 ) (1024 336 86 ) (1024 336 88 ) (286 336 88 ) 
4 7 87 (1024 0 86 ) (1024 0 88 ) (286 0 88 ) (289.335999 0 86 ) 
4 7 40 (294.857483 0 86 ) (289.335938 0 86 ) (289.335938 32 86 ) (294.857483 32 86 ) 
4 7 39 (1024 0 86 ) (294.857483 0 86 ) (294.857483 32 86 ) (1024 32 86 ) 
4 7 36 (289.335938 32 86 ) (289.335968 160 86 ) (294.857483 160 86 ) (294.857483 32 86 ) 
4 7 35 (294.857483 160 86 ) (1024 160 86 ) (1024 32 86 ) (294.857483 32 86 ) 
4 7 27 (289.335968 160 86 ) (289.335999 320 86 ) (294.857483 320 86 ) (294.857483 160 86 ) 
4 7 26 (294.857483 320 86 ) (1024 320 86 ) (1024 160 86 ) (294.857483 160 86 ) 
4 7 21 (289.335999 320 86 ) (289.335999 336 86 ) (294.857483 336 86 ) (294.857544 320 86 ) 
4 7 20 (294.857483 336 86 ) (1024 336 86 ) (1024 320 86 ) (294.857544 320 86 ) 
4 8 86 (226 0 88 ) (0 0 88 ) (0 0 86 ) (222.661987 0 86 ) 
4 8 84 (0 336 86 ) (0 0 86 ) (0 0 88 ) (0 336 88 ) 
4 8 38 (222.662018 0 86 ) (217.142822 0 86 ) (217.142822 32 86 ) (222.662018 32 86 ) 
4 8 33 (217.142822 32 86 ) (217.142822 160 86 ) (222.662003 160 86 ) (222.662018 32 86 ) 
4 8 19 (217.142822 160 86 ) (217.142822 336 86 ) (222.661987 336 86 ) (222.662003 160 86 ) 
4 8 18 (217.142822 0 86 ) (0 0 86 ) (0 336 86 ) (217.142822 336 86 ) 
4 9 84 (0 1024 86 ) (0 1024 74 ) (0 336 74 ) (0 336 86 ) 
6 9 22 (286 336 86 ) (226 336 86 ) (218 336 82 ) (215.714279 336 74 ) (296.285706 336 74 ) (294 336 82 ) 
3 9 21 (294.857483 336 86 ) (289.335999 336 86 ) (296 336 82 ) 
4 9 20 (1024 336 74 ) (1024 336 86 ) (294.857483 336 86 ) (298.286011 336 74 ) 
3 9 19 (222.669006 336 86 ) (217.142822 336 86 ) (216 336 82 ) 
4 9 18 (217.142822 336 86 ) (0 336 86 ) (0 336 74 ) (213.714355 336 74 ) 
4 9 16 (213.716019 336 74 ) (0 336 74 ) (0 376 74 ) (214 376 74 ) 
4 9 15 (1024 336 74 ) (298.286011 336 74 ) (298 376 74 ) (1024 376 74 ) 
4 9 13 (0 376 74 ) (0 386 74 ) (224 386 74 ) (214.526337 376 74 ) 
4 9 12 (0 386 74 ) (0 1024 74 ) (288 1024 74 ) (288 386 74 ) 
5 9 10 (288 1024 74 ) (1024 1024 74 ) (1024 376 74 ) (297.995972 376 74 ) (288 386.551270 74 ) 
5 10 49 (324 414 -16 ) (324 376 -16 ) (323.995972 376 -16 ) (288 413.995728 -16 ) (288 414 -16 ) 
4 10 43 (288 1024 -16 ) (324 1024 -16 ) (324 414 -16 ) (288 414 -16 ) 
4 10 42 (324 1024 -16 ) (1024 1024 -16 ) (1024 376 -16 ) (324 376 -16 ) 
4 10 15 (323.995941 376 -16 ) (1024 376 -16 ) (1024 376 74 ) (297.995972 376 74 ) 
4 10 12 (288 1024 -16 ) (288 413.995728 -16 ) (288 386.551270 74 ) (288 1024 74 ) 
3 11 50 (322 376 -16 ) (288 376 -16 ) (288 410 -16 ) 
4 11 17 (288 376 -16 ) (322 376 -16 ) (296.577728 376 72 ) (288 376 72 ) 
4 11 14 (288 410 -16 ) (288 376 -16 ) (288 376 72 ) (288 384.577759 72 ) 
4 12 84 (0 1024 74 ) (0 1024 -16 ) (0 414 -16 ) (0 386 74 ) 
4 12 43 (188 1024 -16 ) (288 1024 -16 ) (288 414 -16 ) (188 414 -16 ) 
4 12 54 (0 414 -16 ) (0 1024 -16 ) (188 1024 -16 ) (188 414 -16 ) 
4 12 13 (0 414 -16 ) (224 414 -16 ) (224 386 74 ) (0 386 74 ) 
4 13 84 (0 414 -16 ) (0 376 -16 ) (0 376 74 ) (0 386 74 ) 
3 13 52 (188 414 -16 ) (224 414 -16 ) (188 376 -16 ) 
4 13 54 (0 376 -16 ) (0 414 -16 ) (188 414 -16 ) (188 376 -16 ) 
4 13 16 (0 376 -16 ) (188 376 -16 ) (214 376 74 ) (0 376 74 ) 
3 14 53 (224 376 -16 ) (190 376 -16 ) (224 412 -16 ) 
4 14 51 (288 412 -16 ) (288 376 -16 ) (224 376 -16 ) (224 412 -16 ) 
4 14 17 (190 376 -16 ) (288 376 -16 ) (288 376 72 ) (215.422241 376 72 ) 
4 15 57 (324 376 -16 ) (1024 376 -16 ) (1024 336 -16 ) (324 336 -16 ) 
4 15 20 (324 336 -16 ) (1024 336 -16 ) (1024 336 74 ) (298.286011 336 74 ) 
4 16 84 (0 376 -16 ) (0 336 -16 ) (0 336 74 ) (0 376 74 ) 
4 16 55 (0 336 -16 ) (0 376 -16 ) (188 376 -16 ) (187.716019 336 -16 ) 
4 16 18 (0 336 -16 ) (187.716003 336 -16 ) (213.716019 336 74 ) (0 336 74 ) 
4 17 58 (190 376 -16 ) (322 376 -16 ) (322 336 -16 ) (190 336 -16 ) 
4 17 25 (190 336 -16 ) (322 336 -16 ) (296.577759 336 72 ) (215.142853 336 72 ) 
4 18 91 (217.142822 0 86 ) (0 0 86 ) (0 0 -16 ) (188 0 -16 ) 
4 18 84 (0 336 -16 ) (0 0 -16 ) (0 0 86 ) (0 336 86 ) 
4 18 55 (0 0 -16 ) (0 336 -16 ) (188 336 -16 ) (188 0 -16 ) 
4 18 38 (216 32 82 ) (217.142578 32 86 ) (217.142578 0 86 ) (216 0 82 ) 
4 18 34 (188 32 -16 ) (188 160 -16 ) (206.285538 160 48 ) (206.285538 32 48 ) 
4 18 33 (216 160 82 ) (217.142578 160 86 ) (217.142578 32 86 ) (216 32 82 ) 
4 18 19 (216 336 82 ) (217.142578 336 86 ) (217.142578 160 86 ) (216 160 82 ) 
3 19 33 (217.142578 160 86 ) (216 160 82 ) (222.669006 160 86 ) 
4 20 57 (324 336 -16 ) (1024 336 -16 ) (1024 320 -16 ) (324 320 -16 ) 
4 20 30 (305.714508 320 48 ) (324 320 -16 ) (1024 320 -16 ) (1024 320 48 ) 
4 20 26 (1024 320 86 ) (294.857483 320 86 ) (305.714508 320 48 ) (1024 320 48 ) 
4 20 21 (296.002747 320 81.998222 ) (294.859375 320 86 ) (294.858154 336 86 ) (296.001221 336 82 ) 
3 21 27 (294.857483 320 86 ) (289.335815 320 86 ) (296 320 82 ) 
3 22 24 (218 322 82 ) (215.714844 322 74 ) (216 322 74 ) 
3 22 23 (296 322 74 ) (296.285706 322 74 ) (294 322 82 ) 
4 25 58 (190 336 -16 ) (322 336 -16 ) (322 320 -16 ) (190 320 -16 ) 
4 25 31 (228 320 -16 ) (284 320 -16 ) (284 320 48 ) (228 320 48 ) 
4 26 35 (305.714508 160 48 ) (1024 160 48 ) (1024 160 86 ) (294.857483 160 86 ) 
4 26 30 (1024 160 48 ) (305.714478 160 48 ) (305.714508 320 48 ) (1024 320 48 ) 
4 26 27 (296.001190 160 81.997940 ) (294.857758 160 86 ) (294.857758 320 86 ) (296 320 82 ) 
3 27 36 (296 160 81.998108 ) (294.857483 160 86 ) (289.333740 160 86 ) 
6 28 37 (208.285706 160 48 ) (303.714264 160 48 ) (294 160 82 ) (286 160 86 ) (226 160 86 ) (218 160 82 ) 
4 28 32 (228 160 48 ) (208.285706 160 48 ) (208.285706 318 48 ) (228 318 48 ) 
4 28 31 (284 160 48 ) (228 160 48 ) (228 318 48 ) (284 318 48 ) 
4 28 29 (303.714264 160 48 ) (284 160 48 ) (284 318 48 ) (303.714264 318 48 ) 
4 29 60 (322 160 -16 ) (284 160 -16 ) (284 318 -16 ) (322 318 -16 ) 
4 29 37 (284 160 -16 ) (322 160 -16 ) (303.714233 160 48 ) (284 160 48 ) 
4 29 31 (284 160 -16 ) (284 160 48 ) (284 318 48 ) (284 318 -16 ) 
4 30 57 (1024 320 -16 ) (1024 160 -16 ) (324 160 -16 ) (324 320 -16 ) 
4 30 35 (324 160 -16 ) (1024 160 -16 ) (1024 160 48 ) (305.714539 160 48 ) 
4 31 59 (228 318 -16 ) (228 320 -16 ) (284 320 -16 ) (284 318 -16 ) 
4 31 60 (284 160 -16 ) (228 160 -16 ) (228 318 -16 ) (284 318 -16 ) 
4 31 37 (228 160 -16 ) (284 160 -16 ) (284 160 48 ) (228 160 48 ) 
4 31 32 (228 160 -16 ) (228 160 48 ) (228 318 48 ) (228 318 -16 ) 
4 32 60 (228 160 -16 ) (190 160 -16 ) (190 318 -16 ) (228 318 -16 ) 
4 32 37 (190 160 -16 ) (228 160 -16 ) (228 160 48 ) (208.285706 160 48 ) 
3 33 38 (217.142578 32 86 ) (216 32 82 ) (222.669006 32 86 ) 
4 34 56 (189.997986 32 -16 ) (188 32 -16 ) (188 160 -16 ) (189.997971 160 -16 ) 
4 34 37 (189.998047 160 -16 ) (208.285019 160 48 ) (208.284973 32 48 ) (189.997910 32 -16 ) 
4 35 57 (1024 160 -16 ) (1024 32 -16 ) (324 32 -16 ) (324 160 -16 ) 
4 35 39 (324 32 -16 ) (1024 32 -16 ) (1024 32 86 ) (294.857483 32 86 ) 
4 35 36 (296.001129 32 81.996948 ) (294.857422 32 86 ) (294.858582 160 86 ) (296.002197 160 81.997314 ) 
3 36 40 (296.001221 32 81.996910 ) (294.857483 32 86 ) (289.332062 32 86 ) 
4 37 60 (322 32 -16 ) (189.997986 32 -16 ) (189.997971 160 -16 ) (322 160 -16 ) 
6 37 41 (189.997955 32 -16 ) (322 32 -16 ) (294 32 82 ) (286 32 86 ) (226 32 86 ) (218 32 82 ) 
3 38 93 (222.660995 0 86 ) (217.142822 0 86 ) (216 0 82 ) 
4 39 88 (1024 0 -16 ) (1024 0 86 ) (294.857483 0 86 ) (324 0 -16 ) 
4 39 57 (1024 32 -16 ) (1024 0 -16 ) (324 0 -16 ) (324 32 -16 ) 
4 39 40 (294.858276 0 86 ) (294.858276 32 86 ) (296.002167 32 81.996353 ) (296.002258 0 81.996048 ) 
3 40 89 (294.857483 0 86 ) (289.331635 0 86 ) (296.001282 0 81.996605 ) 
6 41 94 (286 0 86 ) (226 0 86 ) (218 0 82 ) (190 0 -16 ) (322 0 -16 ) (294 0 82 ) 
4 41 60 (322 0 -16 ) (190 0 -16 ) (190 32 -16 ) (322 32 -16 ) 
4 42 69 (328 432.333374 -64 ) (328 428.333344 -64 ) (324 432 -64 ) (324 436 -64 ) 
4 42 67 (328 428.333344 -64 ) (328 419.199005 -64 ) (324 419.910156 -64 ) (324 432 -64 ) 
4 42 62 (324 1024 -64 ) (328 1024 -64 ) (328 432.333374 -64 ) (324 436 -64 ) 
4 42 61 (328 1024 -64 ) (1024 1024 -64 ) (1024 376 -64 ) (328 376 -64 ) 
4 42 57 (324 376 -64 ) (1024 376 -64 ) (1024 376 -16 ) (324 376 -16 ) 
4 42 49 (324 410 -64 ) (324 376 -64 ) (324 376 -16 ) (324 414 -16 ) 
4 42 48 (324 442.500061 -64 ) (324 436 -64 ) (324 418 -48 ) (324 424.500031 -48 ) 
4 42 46 (324 432 -64 ) (324 410 -64 ) (324 411.333344 -48 ) (324 414 -48 ) 
4 42 44 (324 1024 -64 ) (324 442.500061 -64 ) (324 424.500031 -48 ) (324 1024 -48 ) 
4 42 43 (324 411.333344 -48 ) (324 414 -16 ) (324 1024 -16 ) (324 1024 -48 ) 
4 43 52 (188 414 -16 ) (188 411.332855 -48 ) (224 411.332886 -48 ) (224 414 -16 ) 
4 43 49 (288 411.332977 -48 ) (324 411.333008 -48 ) (324 414 -16 ) (288 414 -16 ) 
3 43 48 (312 429 -48 ) (324 424.500000 -48 ) (324 418 -48 ) 
3 43 47 (203.988647 430.495728 -48 ) (237.722061 456.854218 -48 ) (256 450 -48 ) 
7 43 46 (324 411.335938 -48 ) (188 411.335938 -48 ) (188 414 -48 ) (204.004959 426.503876 -48 ) (256.001343 446 -48 ) (312 425 -48 ) (324 414 -48 ) 
3 43 45 (188 418.002594 -48 ) (188 475.500000 -48 ) (237.722061 456.854218 -48 ) 
4 43 44 (188 475.500000 -48 ) (188 1024 -48 ) (324 1024 -48 ) (324 424.500000 -48 ) 
4 43 54 (188 411.333344 -48 ) (188 414 -16 ) (188 1024 -16 ) (188 1024 -48 ) 
3 44 63 (312 447 -64 ) (188 493.500000 -64 ) (188 560.666687 -64 ) 
5 44 62 (188 1024 -64 ) (324 1024 -64 ) (324 442.500061 -64 ) (312 447 -64 ) (188 560.666687 -64 ) 
4 44 48 (324 424.500977 -48 ) (311.998230 429.001648 -48 ) (312 447 -64 ) (324 442.500000 -64 ) 
4 44 47 (256.001282 450 -48 ) (237.722900 456.854889 -48 ) (237.719955 474.855621 -64 ) (256 468 -64 ) 
4 44 45 (237.722900 456.854889 -48 ) (188 475.500977 -48 ) (188 493.500977 -64 ) (237.719955 474.855621 -64 ) 
4 44 54 (188 1024 -64 ) (188 493.500000 -64 ) (188 475.500000 -48 ) (188 1024 -48 ) 
3 45 64 (188 436.005646 -64 ) (188 493.500000 -64 ) (237.719452 474.855225 -64 ) 
4 45 47 (237.719040 474.855469 -64 ) (237.721649 456.855469 -48 ) (203.984818 430.494293 -48 ) (203.978180 448.491821 -64 ) 
4 45 54 (188 493.500000 -64 ) (188 436.005646 -64 ) (188 418.002594 -48 ) (188 475.500000 -48 ) 
4 46 67 (324 432 -64 ) (324 419.910156 -64 ) (256 432 -64 ) (312.955750 442.123871 -64 ) 
6 46 66 (188 419.912994 -64 ) (188 432 -64 ) (204.007416 444.505768 -64 ) (256 464 -64 ) (312 443 -64 ) (312.955750 442.123871 -64 ) 
4 46 52 (188 411.332855 -48 ) (188 410 -64 ) (224 410 -64 ) (224 411.332886 -48 ) 
4 46 49 (288 410 -64 ) (324 410 -64 ) (324 411.333008 -48 ) (288 411.332977 -48 ) 
4 46 54 (188 432 -64 ) (188 410 -64 ) (188 411.333344 -48 ) (188 414 -48 ) 
3 47 65 (203.981079 448.492859 -64 ) (237.719452 474.855225 -64 ) (256 468 -64 ) 
3 48 62 (324 442.500061 -64 ) (324 436 -64 ) (312 447 -64 ) 
3 49 57 (320.210541 376 -64 ) (324 376 -64 ) (324 376 -16 ) 
4 50 58 (288 376 -64 ) (318 376 -64 ) (322 376 -16 ) (288 376 -16 ) 
4 50 51 (288 407.764771 -64 ) (288 376 -64 ) (288 376 -16 ) (288 412 -16 ) 
4 51 58 (224 376 -64 ) (288 376 -64 ) (288 376 -16 ) (224 376 -16 ) 
4 51 53 (224 408 -64 ) (224 376 -64 ) (224 376 -16 ) (224 412 -16 ) 
3 52 55 (188 376 -64 ) (192 376 -64 ) (188 376 -16 ) 
4 52 54 (188 410 -64 ) (188 376 -64 ) (188 376 -16 ) (188 414 -16 ) 
4 53 58 (194 376 -64 ) (224 376 -64 ) (224 376 -16 ) (190 376 -16 ) 
4 54 84 (0 1024 -16 ) (0 1024 -64 ) (0 376 -64 ) (0 376 -16 ) 
4 54 68 (188 436 -64 ) (188 432 -64 ) (184 428.875000 -64 ) (184 432.874512 -64 ) 
4 54 66 (188 432 -64 ) (188 419.912964 -64 ) (184 419.201996 -64 ) (184 428.875000 -64 ) 
4 54 64 (188 493.500000 -64 ) (188 436 -64 ) (184 432.874512 -64 ) (184 495 -64 ) 
4 54 63 (188 560.666687 -64 ) (188 493.500000 -64 ) (184 495 -64 ) (184 564.333313 -64 ) 
4 54 62 (184 1024 -64 ) (188 1024 -64 ) (188 560.666687 -64 ) (184 564.333313 -64 ) 
4 54 70 (0 376 -64 ) (0 1024 -64 ) (184 1024 -64 ) (184 376 -64 ) 
4 54 55 (0 376 -64 ) (188 376 -64 ) (188 376 -16 ) (0 376 -16 ) 
3 55 92 (188 0 -16 ) (174.286896 0 -64 ) (192 0 -64 ) 
4 55 91 (188 0 -16 ) (0 0 -16 ) (0 0 -64 ) (174.286896 0 -64 ) 
4 55 84 (0 376 -64 ) (0 0 -64 ) (0 0 -16 ) (0 376 -16 ) 
4 55 81 (184 0 -64 ) (176 0 -64 ) (176 32 -64 ) (184 32 -64 ) 
4 55 79 (176 32 -64 ) (176 40 -64 ) (184 40 -64 ) (184 32 -64 ) 
4 55 78 (176 40 -64 ) (176 152 -64 ) (192 152 -64 ) (192 40 -64 ) 
4 55 77 (176 152 -64 ) (176 160 -64 ) (184 160 -64 ) (184 152 -64 ) 
4 55 76 (176 160 -64 ) (176 320 -64 ) (184 320 -64 ) (184 160 -64 ) 
4 55 82 (176 0 -64 ) (0 0 -64 ) (0 320 -64 ) (176 320 -64 ) 
4 55 70 (0 320 -64 ) (0 376 -64 ) (184 376 -64 ) (184 320 -64 ) 
4 55 56 (192 32 -64 ) (192 160 -64 ) (188 160 -16 ) (188 32 -16 ) 
4 56 60 (194 32 -64 ) (194 160 -64 ) (190 160 -16 ) (190 32 -16 ) 
3 57 90 (324 0 -16 ) (320 0 -64 ) (337.714111 0 -64 ) 
4 57 88 (1024 0 -64 ) (1024 0 -16 ) (324 0 -16 ) (337.714111 0 -64 ) 
4 57 71 (1024 0 -64 ) (328 0 -64 ) (328 320 -64 ) (1024 320 -64 ) 
4 57 61 (328 376 -64 ) (1024 376 -64 ) (1024 320 -64 ) (328 320 -64 ) 
4 58 59 (228 320 -64 ) (284 320 -64 ) (284 320 -16 ) (228 320 -16 ) 
4 59 60 (228 318 -64 ) (284 318 -64 ) (284 318 -16 ) (228 318 -16 ) 
4 60 94 (322 0 -16 ) (190 0 -16 ) (194 0 -64 ) (318 0 -64 ) 
4 61 72 (328 320 -128 ) (1024 320 -128 ) (1024 320 -80 ) (328 320 -80 ) 
4 61 71 (1024 320 -80 ) (1024 320 -64 ) (328 320 -64 ) (328 320 -80 ) 
4 61 69 (328 464.333313 -128 ) (328 460.333344 -128 ) (328 428.333374 -64 ) (328 432.333313 -64 ) 
4 61 67 (328 460.333344 -128 ) (328 451.200989 -128 ) (328 419.199005 -64 ) (328 428.333374 -64 ) 
4 61 62 (328 1024 -128 ) (328 464.333313 -128 ) (328 432.333313 -64 ) (328 1024 -64 ) 
4 62 69 (324 467.998688 -128 ) (328 464.332031 -128 ) (328 432.332031 -64 ) (324 435.998688 -64 ) 
4 62 63 (184 564.332031 -64 ) (184 596.332031 -128 ) (311.997650 479 -128 ) (311.997650 447 -64 ) 
4 62 70 (184 1024 -128 ) (184 596.333374 -128 ) (184 564.333313 -64 ) (184 1024 -64 ) 
4 63 65 (237.727661 506.853973 -128 ) (256.002411 500 -128 ) (256.002350 468 -64 ) (237.725891 474.854645 -64 ) 
4 63 64 (184 495.001953 -64 ) (184 527.001953 -128 ) (237.727661 506.853973 -128 ) (237.725891 474.854645 -64 ) 
4 63 70 (184 596.333374 -128 ) (184 527 -128 ) (184 495 -64 ) (184 564.333313 -64 ) 
4 64 68 (184 432.869873 -64 ) (184 464.867859 -128 ) (188 467.993317 -128 ) (188 435.995331 -64 ) 
4 64 65 (204.012115 480.504578 -128 ) (237.728958 506.849609 -128 ) (237.727219 474.850281 -64 ) (204.007172 448.502716 -64 ) 
4 64 70 (184 527 -128 ) (184 464.872498 -128 ) (184 432.874512 -64 ) (184 495 -64 ) 
4 66 68 (188 464.003448 -128 ) (184 460.878906 -128 ) (184 428.878906 -64 ) (188 432.003448 -64 ) 
4 66 67 (256.004822 464.001129 -128 ) (312.955597 474.125000 -128 ) (312.955597 442.125000 -64 ) (256 432 -64 ) 
4 66 70 (184 460.875000 -128 ) (184 451.201996 -128 ) (184 419.201996 -64 ) (184 428.875000 -64 ) 
4 67 69 (328 428.332031 -64 ) (328 460.332031 -128 ) (324 463.998169 -128 ) (324 431.998169 -64 ) 
4 68 70 (184 464.872498 -128 ) (184 460.875000 -128 ) (184 428.875000 -64 ) (184 432.874512 -64 ) 
4 70 84 (0 1024 -64 ) (0 1024 -128 ) (0 320 -128 ) (0 320 -64 ) 
4 70 76 (184 320 -104 ) (184 320 -64 ) (176 320 -64 ) (176 320 -104 ) 
4 70 82 (176 320 -64 ) (0 320 -64 ) (0 320 -104 ) (176 320 -104 ) 
4 70 83 (0 320 -128 ) (184 320 -128 ) (184 320 -104 ) (0 320 -104 ) 
4 71 96 (1024 0 -80 ) (1024 0 -64 ) (328 0 -64 ) (328 0 -80 ) 
4 71 72 (1024 0 -80 ) (328 0 -80 ) (328 320 -80 ) (1024 320 -80 ) 
5 72 98 (1024 0 -128 ) (1024 0 -80 ) (320.006897 0 -80 ) (320 0 -80.013794 ) (320 0 -128 ) 
4 72 73 (320 63.984379 -80.015625 ) (320 256.020844 -80.015625 ) (320 320 -128 ) (320 16 -128 ) 
4 74 78 (192 42 -102 ) (192 64 -80 ) (192 152 -80 ) (192 152 -102 ) 
4 74 75 (192 160 -80 ) (192 256 -80 ) (192 288.007019 -104 ) (192 160 -104 ) 
5 74 83 (192 320 -127.989471 ) (192 320 -128 ) (192 16 -128 ) (192 40 -104 ) (192 288.007019 -104 ) 
4 75 76 (184 320 -80 ) (184 320 -104 ) (184 160 -104 ) (184 160 -80 ) 
4 75 83 (184 320 -104 ) (192 320 -104 ) (192 160 -104 ) (184 160 -104 ) 
3 76 77 (176 160 -64 ) (176 160 -104 ) (184 160 -64 ) 
4 76 82 (176 320 -64 ) (176 320 -104 ) (176 160 -104 ) (176 160 -64 ) 
4 76 83 (176 320 -104 ) (184 320 -104 ) (184 160 -104 ) (176 160 -104 ) 
4 77 78 (176 152 -64 ) (176 152 -102 ) (176.399994 152 -102 ) (184 152 -64 ) 
4 77 82 (176 160 -104 ) (176 152 -104 ) (176 152 -64 ) (176 160 -64 ) 
4 78 79 (176 40 -64 ) (176 40 -102 ) (176.399994 40 -102 ) (184 40 -64 ) 
4 78 82 (176 40 -102 ) (176 40 -64 ) (176 152 -64 ) (176 152 -102 ) 
3 79 81 (176 32 -64 ) (176 32 -104 ) (184 32 -64 ) 
4 79 82 (176 40 -104 ) (176 32 -104 ) (176 32 -64 ) (176 40 -64 ) 
4 80 99 (184 0 -80 ) (184 0 -104 ) (192 0 -104 ) (192 0 -80 ) 
4 80 81 (184 32 -80 ) (184 32 -104 ) (184 0 -104 ) (184 0 -80 ) 
4 80 83 (192 32 -104 ) (192 0 -104 ) (184 0 -104 ) (184 32 -104 ) 
4 81 99 (176 0 -80 ) (176 0 -104 ) (184 0 -104 ) (184 0 -80 ) 
4 81 97 (184 0 -64 ) (176 0 -64 ) (176 0 -80 ) (184 0 -80 ) 
4 81 83 (184 0 -104 ) (176 0 -104 ) (176 32 -104 ) (184 32 -104 ) 
4 81 82 (176 32 -104 ) (176 0 -104 ) (176 0 -64 ) (176 32 -64 ) 
4 82 99 (0 0 -80 ) (0 0 -104 ) (176 0 -104 ) (176 0 -80 ) 
4 82 97 (176 0 -64 ) (0 0 -64 ) (0 0 -80 ) (176 0 -80 ) 
4 82 84 (0 0 -104 ) (0 0 -64 ) (0 320 -64 ) (0 320 -104 ) 
4 82 83 (0 320 -104 ) (176 320 -104 ) (176 0 -104 ) (0 0 -104 ) 
4 83 99 (0 0 -104 ) (0 0 -128 ) (192 0 -128 ) (192 0 -104 ) 
4 83 84 (0 320 -128 ) (0 0 -128 ) (0 0 -104 ) (0 320 -104 ) 
4 84 101 (0 0 -128 ) (0 0 352 ) (-480 0 352 ) (-480 0 -128 ) 
4 85 101 (0 0 352 ) (0 0 88 ) (0 -128 88 ) (0 -128 352 ) 
4 85 100 (0 -128 352 ) (0 -128 88 ) (1024 -128 88 ) (1024 -128 352 ) 
4 85 87 (1024 -128 88 ) (286 -128 88 ) (286 0 88 ) (1024 0 88 ) 
4 85 86 (226 -128 88 ) (0 -128 88 ) (0 0 88 ) (226 0 88 ) 
4 86 101 (0 0 88 ) (0 0 86 ) (0 -128 86 ) (0 -128 88 ) 
4 86 100 (0 -128 88 ) (0 -128 86 ) (222.662994 -128 86 ) (226 -128 88 ) 
4 86 93 (222.663025 -128 86 ) (217.142807 -128 86 ) (217.142807 0 86 ) (222.662994 0 86 ) 
4 86 91 (217.142807 -128 86 ) (0 -128 86 ) (0 0 86 ) (217.142807 0 86 ) 
4 87 100 (289.335968 -128 86 ) (1024 -128 86 ) (1024 -128 88 ) (286 -128 88 ) 
4 87 89 (294.857544 -128 86 ) (289.335999 -128 86 ) (289.335968 0 86 ) (294.857483 0 86 ) 
4 87 88 (1024 -128 86 ) (294.857544 -128 86 ) (294.857483 0 86 ) (1024 0 86 ) 
4 88 100 (337.714142 -128 -64 ) (1024 -128 -64 ) (1024 -128 86 ) (294.857483 -128 86 ) 
4 88 96 (1024 -128 -64 ) (337.714111 -128 -64 ) (337.714142 0 -64 ) (1024 0 -64 ) 
4 88 90 (337.715454 0 -64 ) (337.715454 -128 -64 ) (324 -128 -15.996819 ) (324 0 -15.996817 ) 
4 88 89 (296.002777 -128 81.994728 ) (294.858398 -128 86 ) (294.858398 0 86 ) (296.002411 0 81.995941 ) 
3 89 100 (296.001648 -128 81.995399 ) (294.857483 -128 86 ) (289.329987 -128 86 ) 
3 90 100 (320 -128 -64 ) (337.714142 -128 -64 ) (324 -128 -16 ) 
4 90 96 (337.714111 -128 -64 ) (328 -128 -64 ) (328 0 -64 ) (337.714142 0 -64 ) 
4 91 101 (0 0 86 ) (0 0 -64 ) (0 -128 -64 ) (0 -128 86 ) 
4 91 100 (0 -128 86 ) (0 -128 -64 ) (174.286911 -128 -64 ) (217.142792 -128 86 ) 
4 91 97 (174.286911 -128 -64 ) (0 -128 -64 ) (0 0 -64 ) (174.286911 0 -64 ) 
4 91 93 (216 0 82 ) (217.142380 0 86 ) (217.142380 -128 86 ) (216 -128 82 ) 
4 91 92 (174.286697 -128 -64 ) (174.286697 0 -64 ) (188 0 -16.001328 ) (188 -128 -16.001328 ) 
3 92 100 (174.286911 -128 -64 ) (192 -128 -64 ) (188 -128 -16.002087 ) 
4 92 97 (184 -128 -64 ) (174.286911 -128 -64 ) (174.286911 0 -64 ) (184 0 -64 ) 
3 93 100 (222.660995 -128 86 ) (217.142792 -128 86 ) (216 -128 82 ) 
8 95 100 (194 -128 -64 ) (318 -128 -64 ) (322 -128 -16 ) (294 -128 82 ) (286 -128 86 ) (226 -128 86 ) (218 -128 82 ) (190 -128 -16 ) 
4 96 100 (328 -128 -80 ) (1024 -128 -80 ) (1024 -128 -64 ) (328 -128 -64 ) 
4 96 98 (1024 -128 -80 ) (328 -128 -80 ) (328 0 -80 ) (1024 0 -80 ) 
4 97 101 (0 0 -64 ) (0 0 -80 ) (0 -128 -80 ) (0 -128 -64 ) 
4 97 100 (0 -128 -64 ) (0 -128 -80 ) (184 -128 -80 ) (184 -128 -64 ) 
4 97 99 (184 -128 -80 ) (0 -128 -80 ) (0 0 -80 ) (184 0 -80 ) 
5 98 100 (320 -128 -128 ) (1024 -128 -128 ) (1024 -128 -80 ) (320.006897 -128 -80 ) (320 -128 -80.013794 ) 
4 99 101 (0 0 -80 ) (0 0 -128 ) (0 -128 -128 ) (0 -128 -80 ) 
4 99 100 (0 -128 -80 ) (0 -128 -128 ) (192 -128 -128 ) (192 -128 -80 ) 
4 100 101 (0 -768 -128 ) (0 -768 352 ) (0 -128 352 ) (0 -128 -128 ) 
