PRT1
69
179
4 0 2 (384 2048 -64 ) (384 2048 4096 ) (0 2048 4096 ) (0 2048 -64 ) 
4 0 1 (0 2048 -64 ) (0 2048 4096 ) (0 3072 4096 ) (0 3072 -64 ) 
4 1 15 (-1024 2048 -64 ) (-1024 2048 0 ) (-1024 3072 0 ) (-1024 3072 -64 ) 
4 1 11 (-1024 2048 0 ) (-1024 2048 4096 ) (-1024 3072 4096 ) (-1024 3072 0 ) 
4 1 9 (-192 2048 384 ) (-1024 2048 384 ) (-1024 2048 -64 ) (-192 2048 -64 ) 
4 1 8 (0 2048 -64 ) (0 2048 384 ) (-192 2048 384 ) (-192 2048 -64 ) 
4 1 6 (0 2048 384 ) (0 2048 448 ) (-1024 2048 448 ) (-1024 2048 384 ) 
4 1 5 (0 2048 448 ) (0 2048 576 ) (-1024 2048 576 ) (-1024 2048 448 ) 
4 1 4 (0 2048 576 ) (0 2048 4096 ) (-1024 2048 4096 ) (-1024 2048 576 ) 
4 2 8 (0 2048 384 ) (0 2048 -64 ) (0 1056 -64 ) (0 1056 384 ) 
4 2 7 (0 1088 384 ) (0 1056 384 ) (0 1056 448 ) (0 1088 448 ) 
4 2 6 (0 2048 448 ) (0 2048 384 ) (0 1088 384 ) (0 1088 448 ) 
4 2 5 (0 2048 576 ) (0 2048 448 ) (0 1056 448 ) (0 1056 576 ) 
4 2 4 (0 2048 4096 ) (0 2048 576 ) (0 1056 576 ) (0 1056 4096 ) 
4 2 3 (384 1056 576 ) (384 1056 4096 ) (0 1056 4096 ) (0 1056 576 ) 
4 3 54 (384 1024 576 ) (384 1024 4096 ) (0 1024 4096 ) (0 1024 576 ) 
4 3 4 (0 1024 576 ) (0 1024 4096 ) (0 1056 4096 ) (0 1056 576 ) 
4 4 55 (0 1024 576 ) (0 1024 4096 ) (-1024 1024 4096 ) (-1024 1024 576 ) 
4 4 17 (-1024 1024 576 ) (-1024 1024 4096 ) (-1024 1056 4096 ) (-1024 1056 576 ) 
4 4 16 (-1024 1056 4096 ) (-1024 2048 4096 ) (-1024 2048 576 ) (-1024 1056 576 ) 
4 4 5 (0 2048 576 ) (0 1056 576 ) (-1024 1056 576 ) (-1024 2048 576 ) 
4 5 16 (-1024 1056 576 ) (-1024 2048 576 ) (-1024 2048 448 ) (-1024 1056 448 ) 
4 5 7 (-256 1088 448 ) (0 1088 448 ) (0 1056 448 ) (-256 1056 448 ) 
4 5 6 (-1024 1088 448 ) (-1024 2048 448 ) (0 2048 448 ) (0 1088 448 ) 
4 6 18 (-1024 1088 448 ) (-1024 2048 448 ) (-1024 2048 384 ) (-1024 1088 384 ) 
4 6 9 (-192 1088 384 ) (-1024 1088 384 ) (-1024 2048 384 ) (-192 2048 384 ) 
4 6 8 (0 2048 384 ) (0 1088 384 ) (-192 1088 384 ) (-192 2048 384 ) 
4 6 7 (-192 1088 384 ) (0 1088 384 ) (0 1088 448 ) (-256 1088 448 ) 
4 7 8 (0 1088 384 ) (0 1056 384 ) (-192 1056 384 ) (-192 1088 384 ) 
4 8 9 (-192 1088 384 ) (-192 2048 384 ) (-192 2048 -64 ) (-192 1088 -64 ) 
4 9 19 (-1024 1088 384 ) (-1024 2048 384 ) (-1024 2048 -64 ) (-1024 1088 -64 ) 
6 9 10 (-1024 1088 -64 ) (-256 1088 -64 ) (-256 1088 320 ) (-320 1088 384 ) (-960 1088 384 ) (-1024 1088 320 ) 
6 10 58 (-320 1024 384 ) (-960 1024 384 ) (-1024 1024 320 ) (-1024 1024 -64 ) (-256 1024 -64 ) (-256 1024 320 ) 
4 11 20 (-1088 2048 384 ) (-1200 2048 384 ) (-1200 2048 0 ) (-1088 2048 0 ) 
4 11 19 (-1024 2048 0 ) (-1024 2048 384 ) (-1088 2048 384 ) (-1088 2048 0 ) 
3 11 18 (-1024 2048 384 ) (-1024 2048 448 ) (-1088 2048 384 ) 
5 11 16 (-1024 2048 448 ) (-1024 2048 4096 ) (-1200 2048 4096 ) (-1200 2048 384 ) (-1088 2048 384 ) 
4 11 15 (-1200 3072 0 ) (-1024 3072 0 ) (-1024 2048 0 ) (-1200 2048 0 ) 
4 11 13 (-1200 2048 32 ) (-1200 2048 4096 ) (-1200 2848 4096 ) (-1200 2848 32 ) 
4 11 12 (-1200 3072 0 ) (-1200 2848 0 ) (-1200 2848 4096 ) (-1200 3072 4096 ) 
4 12 15 (-1216 3072 0 ) (-1200 3072 0 ) (-1200 2848 0 ) (-1216 2848 0 ) 
4 12 13 (-1216 2848 4096 ) (-1216 2848 32 ) (-1200 2848 32 ) (-1200 2848 4096 ) 
4 12 14 (-1216 3072 0 ) (-1216 2848 0 ) (-1216 2848 4096 ) (-1216 3072 4096 ) 
4 13 21 (-1216 2048 384 ) (-1216 2048 32 ) (-1200 2048 32 ) (-1200 2048 384 ) 
4 13 16 (-1200 2048 4096 ) (-1216 2048 4096 ) (-1216 2048 384 ) (-1200 2048 384 ) 
4 13 14 (-1216 2048 32 ) (-1216 2048 4096 ) (-1216 2848 4096 ) (-1216 2848 32 ) 
4 14 33 (-2048 2048 0 ) (-2048 2048 32 ) (-2048 3072 32 ) (-2048 3072 0 ) 
4 14 32 (-2048 2048 32 ) (-2048 2048 1312 ) (-2048 2080 1312 ) (-2048 2080 32 ) 
4 14 29 (-2048 2080 1312 ) (-2048 2592 1312 ) (-2048 2592 32 ) (-2048 2080 32 ) 
4 14 27 (-2048 2592 1312 ) (-2048 3072 1312 ) (-2048 3072 32 ) (-2048 2592 32 ) 
4 14 25 (-2048 2048 1312 ) (-2048 2048 1440 ) (-2048 3072 1440 ) (-2048 3072 1312 ) 
4 14 24 (-2048 2048 1440 ) (-2048 2048 4096 ) (-2048 3072 4096 ) (-2048 3072 1440 ) 
4 14 23 (-2048 2048 384 ) (-2048 2048 0 ) (-1216 2048 0 ) (-1216 2048 384 ) 
4 14 16 (-1216 2048 4096 ) (-2048 2048 4096 ) (-2048 2048 384 ) (-1216 2048 384 ) 
4 14 15 (-2048 2048 0 ) (-2048 3072 0 ) (-1216 3072 0 ) (-1216 2048 0 ) 
4 15 33 (-2048 2048 -64 ) (-2048 2048 0 ) (-2048 3072 0 ) (-2048 3072 -64 ) 
4 15 22 (-1200 2048 0 ) (-1216 2048 0 ) (-1216 2048 -64 ) (-1200 2048 -64 ) 
4 15 20 (-1088 2048 0 ) (-1200 2048 0 ) (-1200 2048 -64 ) (-1088 2048 -64 ) 
4 15 23 (-1216 2048 0 ) (-2048 2048 0 ) (-2048 2048 -64 ) (-1216 2048 -64 ) 
4 15 19 (-1024 2048 -64 ) (-1024 2048 0 ) (-1088 2048 0 ) (-1088 2048 -64 ) 
4 16 50 (-2048 1312 384 ) (-2048 1056 384 ) (-2048 1056 1312 ) (-2048 1312 1312 ) 
4 16 45 (-2048 1824 384 ) (-2048 1312 384 ) (-2048 1312 1312 ) (-2048 1824 1312 ) 
4 16 42 (-2048 2048 1312 ) (-2048 2048 384 ) (-2048 1824 384 ) (-2048 1824 1312 ) 
4 16 38 (-2048 2048 4096 ) (-2048 2048 1312 ) (-2048 1056 1312 ) (-2048 1056 4096 ) 
4 16 21 (-1216 2048 384 ) (-1200 2048 384 ) (-1200 1056 384 ) (-1216 1056 384 ) 
4 16 20 (-1200 2048 384 ) (-1088 2048 384 ) (-1088 1056 384 ) (-1200 1056 384 ) 
4 16 23 (-2048 1056 384 ) (-2048 2048 384 ) (-1216 2048 384 ) (-1216 1056 384 ) 
4 16 18 (-1088 1088 384 ) (-1088 2048 384 ) (-1024 2048 448 ) (-1024 1088 448 ) 
4 16 17 (-2048 1056 4096 ) (-2048 1056 576 ) (-1024 1056 576 ) (-1024 1056 4096 ) 
4 17 64 (-1024 1024 576 ) (-1024 1024 4096 ) (-2048 1024 4096 ) (-2048 1024 576 ) 
4 17 53 (-2048 1024 576 ) (-2048 1024 1312 ) (-2048 1056 1312 ) (-2048 1056 576 ) 
4 17 38 (-2048 1024 1312 ) (-2048 1024 4096 ) (-2048 1056 4096 ) (-2048 1056 1312 ) 
4 18 19 (-1088 1088 384 ) (-1088 2048 384 ) (-1024 2048 384 ) (-1024 1088 384 ) 
4 19 20 (-1088 1088 384 ) (-1088 2048 384 ) (-1088 2048 -64 ) (-1088 1088 -64 ) 
4 20 21 (-1200 1056 32 ) (-1200 1056 384 ) (-1200 2048 384 ) (-1200 2048 32 ) 
4 20 22 (-1200 2048 -64 ) (-1200 1056 -64 ) (-1200 1056 0 ) (-1200 2048 0 ) 
4 21 23 (-1216 1056 32 ) (-1216 1056 384 ) (-1216 2048 384 ) (-1216 2048 32 ) 
4 22 23 (-1216 2048 -64 ) (-1216 1056 -64 ) (-1216 1056 0 ) (-1216 2048 0 ) 
4 23 50 (-2048 1056 -64 ) (-2048 1056 384 ) (-2048 1312 384 ) (-2048 1312 -64 ) 
4 23 45 (-2048 1312 384 ) (-2048 1824 384 ) (-2048 1824 -64 ) (-2048 1312 -64 ) 
4 23 42 (-2048 1824 384 ) (-2048 2048 384 ) (-2048 2048 -64 ) (-2048 1824 -64 ) 
4 24 39 (-2464 2048 4096 ) (-2688 2048 4096 ) (-2688 2048 1440 ) (-2464 2048 1440 ) 
4 24 38 (-2048 2048 1440 ) (-2048 2048 4096 ) (-2464 2048 4096 ) (-2464 2048 1440 ) 
4 24 34 (-2688 3072 4096 ) (-2688 3072 1440 ) (-2688 2048 1440 ) (-2688 2048 4096 ) 
4 24 26 (-2688 2848 1440 ) (-2688 3072 1440 ) (-2464 3072 1440 ) (-2464 2848 1440 ) 
4 24 25 (-2464 3072 1440 ) (-2048 3072 1440 ) (-2048 2048 1440 ) (-2464 2048 1440 ) 
4 25 38 (-2048 2048 1312 ) (-2048 2048 1440 ) (-2464 2048 1440 ) (-2464 2048 1312 ) 
4 25 32 (-2048 2048 1312 ) (-2464 2048 1312 ) (-2464 2080 1312 ) (-2048 2080 1312 ) 
4 25 29 (-2464 2080 1312 ) (-2464 2592 1312 ) (-2048 2592 1312 ) (-2048 2080 1312 ) 
4 25 27 (-2464 2592 1312 ) (-2464 3072 1312 ) (-2048 3072 1312 ) (-2048 2592 1312 ) 
4 25 26 (-2464 3072 1312 ) (-2464 2848 1312 ) (-2464 2848 1440 ) (-2464 3072 1440 ) 
4 26 35 (-2688 3072 1440 ) (-2688 3072 1312 ) (-2688 2848 1312 ) (-2688 2848 1440 ) 
4 26 28 (-2688 2848 1312 ) (-2688 3072 1312 ) (-2464 3072 1312 ) (-2464 2848 1312 ) 
4 27 33 (-2464 3072 32 ) (-2048 3072 32 ) (-2048 2592 32 ) (-2464 2592 32 ) 
4 27 29 (-2464 2592 32 ) (-2048 2592 32 ) (-2048 2592 1312 ) (-2464 2592 1312 ) 
4 27 28 (-2464 3072 32 ) (-2464 2848 32 ) (-2464 2848 1312 ) (-2464 3072 1312 ) 
4 28 35 (-2688 3072 1312 ) (-2688 3072 32 ) (-2688 2848 32 ) (-2688 2848 1312 ) 
4 28 33 (-2688 2848 32 ) (-2688 3072 32 ) (-2464 3072 32 ) (-2464 2848 32 ) 
4 29 33 (-2496 2592 32 ) (-2048 2592 32 ) (-2048 2080 32 ) (-2496 2080 32 ) 
4 29 32 (-2464 2080 32 ) (-2048 2080 32 ) (-2048 2080 1312 ) (-2464 2080 1312 ) 
4 29 30 (-2496 2592 1056 ) (-2496 2592 32 ) (-2496 2080 32 ) (-2496 2080 1056 ) 
4 30 33 (-2624 2592 32 ) (-2496 2592 32 ) (-2496 2080 32 ) (-2624 2080 32 ) 
4 30 31 (-2624 2592 320 ) (-2624 2592 32 ) (-2624 2080 32 ) (-2624 2080 320 ) 
4 31 33 (-2656 2592 32 ) (-2624 2592 32 ) (-2624 2080 32 ) (-2656 2080 32 ) 
4 32 42 (-2048 2048 32 ) (-2048 2048 1312 ) (-2464 2048 1312 ) (-2464 2048 32 ) 
4 32 33 (-2464 2080 32 ) (-2048 2080 32 ) (-2048 2048 32 ) (-2464 2048 32 ) 
4 33 43 (-2464 2048 32 ) (-2688 2048 32 ) (-2688 2048 -64 ) (-2464 2048 -64 ) 
4 33 42 (-2048 2048 -64 ) (-2048 2048 32 ) (-2464 2048 32 ) (-2464 2048 -64 ) 
4 33 36 (-2688 2848 -64 ) (-2688 2048 -64 ) (-2688 2048 32 ) (-2688 2848 32 ) 
4 33 35 (-2688 3072 32 ) (-2688 3072 -64 ) (-2688 2848 -64 ) (-2688 2848 32 ) 
4 34 39 (-2688 2048 1440 ) (-2688 2048 4096 ) (-2696 2048 4096 ) (-2696 2048 1440 ) 
4 34 41 (-2696 2048 4096 ) (-2752 2048 4096 ) (-2752 2048 1440 ) (-2696 2048 1440 ) 
4 34 35 (-2696 3072 1440 ) (-2688 3072 1440 ) (-2688 2848 1440 ) (-2696 2848 1440 ) 
4 34 37 (-2752 2048 1440 ) (-2752 3072 1440 ) (-2696 3072 1440 ) (-2696 2048 1440 ) 
4 35 36 (-2696 2848 1312 ) (-2696 2848 -64 ) (-2688 2848 -64 ) (-2688 2848 1312 ) 
4 35 37 (-2696 3072 -64 ) (-2696 2848 -64 ) (-2696 2848 1440 ) (-2696 3072 1440 ) 
4 36 44 (-2688 2048 -64 ) (-2688 2048 1312 ) (-2696 2048 1312 ) (-2696 2048 -64 ) 
4 36 37 (-2696 2848 -64 ) (-2696 2048 -64 ) (-2696 2048 1312 ) (-2696 2848 1312 ) 
4 37 44 (-2752 2048 1312 ) (-2752 2048 -64 ) (-2696 2048 -64 ) (-2696 2048 1312 ) 
4 37 41 (-2696 2048 1440 ) (-2752 2048 1440 ) (-2752 2048 1312 ) (-2696 2048 1312 ) 
4 38 67 (-2048 1024 1312 ) (-2048 1024 4096 ) (-2464 1024 4096 ) (-2464 1024 1312 ) 
4 38 53 (-2048 1024 1312 ) (-2464 1024 1312 ) (-2464 1056 1312 ) (-2048 1056 1312 ) 
4 38 50 (-2464 1056 1312 ) (-2464 1312 1312 ) (-2048 1312 1312 ) (-2048 1056 1312 ) 
4 38 45 (-2464 1312 1312 ) (-2464 1824 1312 ) (-2048 1824 1312 ) (-2048 1312 1312 ) 
4 38 42 (-2464 1824 1312 ) (-2464 2048 1312 ) (-2048 2048 1312 ) (-2048 1824 1312 ) 
4 38 39 (-2464 1056 1440 ) (-2464 1056 4096 ) (-2464 2048 4096 ) (-2464 2048 1440 ) 
4 38 40 (-2464 1056 1312 ) (-2464 1024 1312 ) (-2464 1024 4096 ) (-2464 1056 4096 ) 
4 39 40 (-2696 1056 4096 ) (-2696 1056 1440 ) (-2464 1056 1440 ) (-2464 1056 4096 ) 
4 39 41 (-2696 1056 1440 ) (-2696 1056 4096 ) (-2696 2048 4096 ) (-2696 2048 1440 ) 
4 40 67 (-2464 1024 4096 ) (-2696 1024 4096 ) (-2696 1024 1312 ) (-2464 1024 1312 ) 
4 40 53 (-2464 1024 1312 ) (-2696 1024 1312 ) (-2696 1056 1312 ) (-2464 1056 1312 ) 
4 40 41 (-2696 1056 1312 ) (-2696 1024 1312 ) (-2696 1024 4096 ) (-2696 1056 4096 ) 
4 41 67 (-2696 1024 4096 ) (-2752 1024 4096 ) (-2752 1024 1312 ) (-2696 1024 1312 ) 
4 41 53 (-2696 1024 1312 ) (-2752 1024 1312 ) (-2752 1056 1312 ) (-2696 1056 1312 ) 
4 41 52 (-2752 1056 1312 ) (-2752 1312 1312 ) (-2696 1312 1312 ) (-2696 1056 1312 ) 
4 41 49 (-2752 1312 1312 ) (-2752 1824 1312 ) (-2696 1824 1312 ) (-2696 1312 1312 ) 
4 41 44 (-2752 1824 1312 ) (-2752 2048 1312 ) (-2696 2048 1312 ) (-2696 1824 1312 ) 
4 42 45 (-2048 1824 1312 ) (-2464 1824 1312 ) (-2464 1824 -64 ) (-2048 1824 -64 ) 
4 42 43 (-2464 2048 -64 ) (-2464 1824 -64 ) (-2464 1824 32 ) (-2464 2048 32 ) 
4 43 48 (-2688 1824 32 ) (-2688 1824 -64 ) (-2624 1824 -64 ) (-2624 1824 32 ) 
4 43 46 (-2624 1824 -64 ) (-2496 1824 -64 ) (-2496 1824 32 ) (-2624 1824 32 ) 
4 43 45 (-2496 1824 -64 ) (-2464 1824 -64 ) (-2464 1824 32 ) (-2496 1824 32 ) 
4 43 44 (-2688 2048 -64 ) (-2688 1824 -64 ) (-2688 1824 32 ) (-2688 2048 32 ) 
4 44 49 (-2688 1824 1312 ) (-2752 1824 1312 ) (-2752 1824 -64 ) (-2688 1824 -64 ) 
4 45 51 (-2496 1312 32 ) (-2496 1312 -64 ) (-2464 1312 -64 ) (-2464 1312 32 ) 
4 45 50 (-2048 1312 -64 ) (-2048 1312 1312 ) (-2464 1312 1312 ) (-2464 1312 -64 ) 
4 45 46 (-2496 1824 1056 ) (-2496 1824 -64 ) (-2496 1312 -64 ) (-2496 1312 1056 ) 
4 46 51 (-2624 1312 32 ) (-2624 1312 -64 ) (-2496 1312 -64 ) (-2496 1312 32 ) 
4 46 48 (-2624 1824 32 ) (-2624 1824 -64 ) (-2624 1312 -64 ) (-2624 1312 32 ) 
4 46 47 (-2624 1824 320 ) (-2624 1824 32 ) (-2624 1312 32 ) (-2624 1312 320 ) 
4 47 48 (-2656 1824 32 ) (-2624 1824 32 ) (-2624 1312 32 ) (-2656 1312 32 ) 
4 48 51 (-2688 1312 32 ) (-2688 1312 -64 ) (-2624 1312 -64 ) (-2624 1312 32 ) 
4 48 49 (-2688 1824 32 ) (-2688 1824 -64 ) (-2688 1312 -64 ) (-2688 1312 32 ) 
4 49 52 (-2688 1312 1312 ) (-2752 1312 1312 ) (-2752 1312 -64 ) (-2688 1312 -64 ) 
4 50 53 (-2048 1056 1312 ) (-2464 1056 1312 ) (-2464 1056 576 ) (-2048 1056 576 ) 
4 50 51 (-2464 1312 32 ) (-2464 1312 -64 ) (-2464 1056 -64 ) (-2464 1056 32 ) 
4 51 52 (-2688 1312 32 ) (-2688 1312 -64 ) (-2688 1056 -64 ) (-2688 1056 32 ) 
4 52 53 (-2688 1056 1312 ) (-2752 1056 1312 ) (-2752 1056 576 ) (-2688 1056 576 ) 
4 53 67 (-2048 1024 576 ) (-2048 1024 1312 ) (-2752 1024 1312 ) (-2752 1024 576 ) 
4 54 59 (384 0 576 ) (384 0 4096 ) (0 0 4096 ) (0 0 576 ) 
4 54 55 (0 1024 4096 ) (0 1024 576 ) (0 0 576 ) (0 0 4096 ) 
4 55 64 (-1024 1024 4096 ) (-1024 1024 576 ) (-1024 0 576 ) (-1024 0 4096 ) 
4 55 60 (0 0 576 ) (0 0 4096 ) (-1024 0 4096 ) (-1024 0 576 ) 
4 56 58 (-672 1024 384 ) (-608 1024 384 ) (-608 992 384 ) (-672 992 384 ) 
4 56 57 (-672 992 384 ) (-608 992 384 ) (-608 992 448 ) (-672 992 448 ) 
4 57 62 (-320 0 448 ) (-960 0 448 ) (-960 0 384 ) (-320 0 384 ) 
4 57 58 (-320 992 384 ) (-320 0 384 ) (-960 0 384 ) (-960 992 384 ) 
4 58 65 (-1024 0 16 ) (-1024 0 320 ) (-1024 704 320 ) (-1024 704 16 ) 
4 58 63 (-960 0 384 ) (-1024 0 320 ) (-1024 0 -64 ) (-960 0 -64 ) 
4 58 62 (-320 0 384 ) (-960 0 384 ) (-960 0 -64 ) (-320 0 -64 ) 
4 58 61 (-256 0 -64 ) (-256 0 320 ) (-320 0 384 ) (-320 0 -64 ) 
4 59 60 (0 0 4096 ) (0 0 576 ) (0 -1024 576 ) (0 -1024 4096 ) 
4 60 66 (-1024 -1024 576 ) (-1024 -1024 4096 ) (-1024 0 4096 ) (-1024 0 576 ) 
4 61 62 (-320 0 -64 ) (-320 -1024 -64 ) (-320 -1024 384 ) (-320 0 384 ) 
4 62 63 (-960 0 -64 ) (-960 -1024 -64 ) (-960 -1024 384 ) (-960 0 384 ) 
4 64 67 (-2048 1024 4096 ) (-2048 1024 576 ) (-2048 0 576 ) (-2048 0 4096 ) 
4 64 66 (-1024 0 576 ) (-1024 0 4096 ) (-2048 0 4096 ) (-2048 0 576 ) 
4 66 68 (-2048 -1024 576 ) (-2048 -1024 4096 ) (-2048 0 4096 ) (-2048 0 576 ) 
4 67 68 (-2048 0 576 ) (-2048 0 4096 ) (-2752 0 4096 ) (-2752 0 576 ) 
