PRT1
64
182
4 0 2 (3040 3072 844 ) (2048 3072 844 ) (2048 3072 -372 ) (3040 3072 -372 ) 
4 0 1 (2048 3072 -372 ) (2048 3072 844 ) (2048 3552 844 ) (2048 3552 -372 ) 
4 1 12 (1024 3072 -372 ) (1024 3072 844 ) (1024 3552 844 ) (1024 3552 -372 ) 
4 1 3 (1024 3072 844 ) (1024 3072 -372 ) (2048 3072 -372 ) (2048 3072 844 ) 
4 2 4 (3040 2048 844 ) (2048 2048 844 ) (2048 2048 -372 ) (3040 2048 -372 ) 
4 2 3 (2048 3072 844 ) (2048 3072 -372 ) (2048 2048 -372 ) (2048 2048 844 ) 
4 3 14 (1024 2048 -372 ) (1024 2048 844 ) (1024 3072 844 ) (1024 3072 -372 ) 
4 3 5 (1024 2048 844 ) (1024 2048 -372 ) (2048 2048 -372 ) (2048 2048 844 ) 
4 4 6 (3040 1024 844 ) (2048 1024 844 ) (2048 1024 -372 ) (3040 1024 -372 ) 
4 4 5 (2048 2048 844 ) (2048 2048 -372 ) (2048 1024 -372 ) (2048 1024 844 ) 
4 5 22 (1024 1024 -372 ) (1024 1024 64 ) (1024 2048 64 ) (1024 2048 -372 ) 
4 5 19 (1024 1024 64 ) (1024 1024 68 ) (1024 1120 68 ) (1024 1120 64 ) 
4 5 17 (1024 1120 68 ) (1024 2048 68 ) (1024 2048 64 ) (1024 1120 64 ) 
4 5 16 (1024 1024 68 ) (1024 1024 844 ) (1024 2048 844 ) (1024 2048 68 ) 
4 5 7 (2048 1024 -372 ) (2048 1024 844 ) (1024 1024 844 ) (1024 1024 -372 ) 
4 6 8 (3040 0 844 ) (2048 0 844 ) (2048 0 -372 ) (3040 0 -372 ) 
4 6 7 (2048 0 -372 ) (2048 0 844 ) (2048 1024 844 ) (2048 1024 -372 ) 
4 7 44 (1024 0 -372 ) (1024 0 64 ) (1024 1024 64 ) (1024 1024 -372 ) 
4 7 39 (1024 0 64 ) (1024 0 68 ) (1024 1024 68 ) (1024 1024 64 ) 
4 7 38 (1024 0 68 ) (1024 0 844 ) (1024 1024 844 ) (1024 1024 68 ) 
4 7 9 (1024 0 844 ) (1024 0 -372 ) (2048 0 -372 ) (2048 0 844 ) 
4 8 10 (3040 -1024 844 ) (2048 -1024 844 ) (2048 -1024 -372 ) (3040 -1024 -372 ) 
4 8 9 (2048 0 844 ) (2048 0 -372 ) (2048 -1024 -372 ) (2048 -1024 844 ) 
4 9 54 (1024 -1024 -372 ) (1024 -1024 844 ) (1024 0 844 ) (1024 0 -372 ) 
4 9 11 (1024 -1024 844 ) (1024 -1024 -372 ) (2048 -1024 -372 ) (2048 -1024 844 ) 
4 10 11 (2048 -1024 844 ) (2048 -1024 -372 ) (2048 -1248 -372 ) (2048 -1248 844 ) 
4 11 56 (1024 -1248 844 ) (1024 -1024 844 ) (1024 -1024 -372 ) (1024 -1248 -372 ) 
4 12 14 (1024 3072 -372 ) (1024 3072 844 ) (0 3072 844 ) (0 3072 -372 ) 
4 12 13 (0 3072 -372 ) (0 3072 844 ) (0 3552 844 ) (0 3552 -372 ) 
4 13 32 (-1024 3072 -372 ) (-1024 3072 844 ) (-1024 3552 844 ) (-1024 3552 -372 ) 
4 13 15 (0 3072 -372 ) (0 3072 844 ) (-1024 3072 844 ) (-1024 3072 -372 ) 
4 14 22 (1024 2048 -372 ) (1024 2048 64 ) (0 2048 64 ) (0 2048 -372 ) 
4 14 18 (320 2048 68 ) (0 2048 68 ) (0 2048 64 ) (320 2048 64 ) 
4 14 17 (1024 2048 64 ) (1024 2048 68 ) (320 2048 68 ) (320 2048 64 ) 
4 14 16 (1024 2048 68 ) (1024 2048 844 ) (0 2048 844 ) (0 2048 68 ) 
4 14 15 (0 2048 -372 ) (0 2048 844 ) (0 3072 844 ) (0 3072 -372 ) 
4 15 34 (-1024 2048 -372 ) (-1024 2048 844 ) (-1024 3072 844 ) (-1024 3072 -372 ) 
4 15 31 (-1024 2048 64 ) (-1024 2048 -372 ) (0 2048 -372 ) (0 2048 64 ) 
4 15 28 (-448 2048 64 ) (0 2048 64 ) (0 2048 68 ) (-448 2048 68 ) 
4 15 30 (-1024 2048 68 ) (-1024 2048 64 ) (-448 2048 64 ) (-448 2048 68 ) 
4 15 25 (-936 2048 68 ) (-808 2048 68 ) (-808 2048 312 ) (-936 2048 312 ) 
4 15 24 (-808 2048 68 ) (0 2048 68 ) (0 2048 312 ) (-808 2048 312 ) 
4 15 27 (-1024 2048 312 ) (-1024 2048 68 ) (-936 2048 68 ) (-936 2048 312 ) 
4 15 23 (-1024 2048 844 ) (-1024 2048 312 ) (0 2048 312 ) (0 2048 844 ) 
4 16 38 (1024 1024 68 ) (1024 1024 844 ) (0 1024 844 ) (0 1024 68 ) 
4 16 24 (0 2048 312 ) (0 2048 68 ) (0 1024 68 ) (0 1024 312 ) 
4 16 23 (0 2048 844 ) (0 2048 312 ) (0 1024 312 ) (0 1024 844 ) 
4 16 20 (344 1024 68 ) (324 1024 68 ) (324 1064 68 ) (344 1064 68 ) 
4 16 19 (1024 1024 68 ) (344 1024 68 ) (344 1120 68 ) (1024 1120 68 ) 
4 16 21 (324 1024 68 ) (0 1024 68 ) (0 1120 68 ) (324 1120 68 ) 
4 16 18 (0 1248 68 ) (0 2048 68 ) (320 2048 68 ) (320 1248 68 ) 
4 16 17 (320 2048 68 ) (1024 2048 68 ) (1024 1120 68 ) (320 1120 68 ) 
4 17 22 (320 2048 64 ) (1024 2048 64 ) (1024 1120 64 ) (320 1120 64 ) 
4 17 19 (344 1120 64 ) (1024 1120 64 ) (1024 1120 68 ) (344 1120 68 ) 
4 17 21 (320 1120 64 ) (324 1120 64 ) (324 1120 68 ) (320 1120 68 ) 
4 17 18 (320 2048 64 ) (320 1248 64 ) (320 1248 68 ) (320 2048 68 ) 
4 18 28 (0 2048 68 ) (0 2048 64 ) (0 1248 64 ) (0 1248 68 ) 
4 18 22 (0 2048 64 ) (320 2048 64 ) (320 1248 64 ) (0 1248 64 ) 
4 19 39 (1024 1024 64 ) (1024 1024 68 ) (344 1024 68 ) (344 1024 64 ) 
4 19 22 (1024 1120 64 ) (1024 1024 64 ) (344 1024 64 ) (344 1120 64 ) 
4 19 20 (344 1064 64 ) (344 1024 64 ) (344 1024 68 ) (344 1064 68 ) 
4 20 40 (344 1024 68 ) (324 1024 68 ) (324 1024 64 ) (344 1024 64 ) 
4 20 22 (344 1024 64 ) (324 1024 64 ) (324 1064 64 ) (344 1064 64 ) 
4 20 21 (324 1064 64 ) (324 1024 64 ) (324 1024 68 ) (324 1064 68 ) 
4 21 42 (324 1024 68 ) (0 1024 68 ) (0 1024 64 ) (324 1024 64 ) 
4 21 29 (0 1120 64 ) (0 1024 64 ) (0 1024 68 ) (0 1120 68 ) 
4 21 22 (324 1024 64 ) (0 1024 64 ) (0 1120 64 ) (324 1120 64 ) 
4 22 44 (1024 1024 -372 ) (1024 1024 64 ) (0 1024 64 ) (0 1024 -372 ) 
4 22 31 (0 2048 64 ) (0 2048 -372 ) (0 1024 -372 ) (0 1024 64 ) 
4 23 45 (0 1024 312 ) (0 1024 844 ) (-1024 1024 844 ) (-1024 1024 312 ) 
4 23 35 (-1024 1024 312 ) (-1024 1024 844 ) (-1024 2048 844 ) (-1024 2048 312 ) 
4 23 25 (-936 1248 312 ) (-936 2048 312 ) (-808 2048 312 ) (-808 1248 312 ) 
4 23 24 (0 1024 312 ) (-808 1024 312 ) (-808 2048 312 ) (0 2048 312 ) 
4 23 27 (-936 1024 312 ) (-1024 1024 312 ) (-1024 2048 312 ) (-936 2048 312 ) 
4 24 49 (0 1024 68 ) (0 1024 308 ) (-444 1024 308 ) (-444 1024 68 ) 
4 24 52 (-444 1024 308 ) (-808 1024 308 ) (-808 1024 68 ) (-444 1024 68 ) 
4 24 46 (0 1024 308 ) (0 1024 312 ) (-808 1024 312 ) (-808 1024 308 ) 
4 24 28 (-448 2048 68 ) (0 2048 68 ) (0 1248 68 ) (-448 1248 68 ) 
4 24 29 (0 1120 68 ) (0 1024 68 ) (-448 1024 68 ) (-448 1120 68 ) 
4 24 30 (-808 2048 68 ) (-448 2048 68 ) (-448 1024 68 ) (-808 1024 68 ) 
4 24 26 (-808 1248 68 ) (-808 1024 68 ) (-808 1024 308 ) (-808 1248 308 ) 
4 24 25 (-808 2048 68 ) (-808 1248 68 ) (-808 1248 312 ) (-808 2048 312 ) 
4 25 30 (-936 2048 68 ) (-808 2048 68 ) (-808 1248 68 ) (-936 1248 68 ) 
4 25 26 (-936 1248 308 ) (-936 1248 68 ) (-808 1248 68 ) (-808 1248 308 ) 
4 25 27 (-936 2048 68 ) (-936 1248 68 ) (-936 1248 312 ) (-936 2048 312 ) 
4 26 52 (-936 1024 308 ) (-936 1024 68 ) (-808 1024 68 ) (-808 1024 308 ) 
4 26 30 (-808 1248 68 ) (-808 1024 68 ) (-936 1024 68 ) (-936 1248 68 ) 
4 26 27 (-936 1248 68 ) (-936 1024 68 ) (-936 1024 308 ) (-936 1248 308 ) 
4 27 52 (-1024 1024 308 ) (-1024 1024 68 ) (-936 1024 68 ) (-936 1024 308 ) 
4 27 48 (-936 1024 312 ) (-1024 1024 312 ) (-1024 1024 308 ) (-936 1024 308 ) 
4 27 35 (-1024 1024 68 ) (-1024 1024 312 ) (-1024 2048 312 ) (-1024 2048 68 ) 
4 27 30 (-1024 1024 68 ) (-1024 2048 68 ) (-936 2048 68 ) (-936 1024 68 ) 
4 28 31 (-448 1248 64 ) (-448 2048 64 ) (0 2048 64 ) (0 1248 64 ) 
4 28 30 (-448 2048 64 ) (-448 1248 64 ) (-448 1248 68 ) (-448 2048 68 ) 
4 29 49 (0 1024 64 ) (0 1024 68 ) (-444 1024 68 ) (-444 1024 64 ) 
4 29 52 (-444 1024 68 ) (-448 1024 68 ) (-448 1024 64 ) (-444 1024 64 ) 
4 29 31 (0 1024 64 ) (-448 1024 64 ) (-448 1120 64 ) (0 1120 64 ) 
4 29 30 (-448 1120 64 ) (-448 1024 64 ) (-448 1024 68 ) (-448 1120 68 ) 
4 30 52 (-448 1024 68 ) (-1024 1024 68 ) (-1024 1024 64 ) (-448 1024 64 ) 
4 30 35 (-1024 1024 64 ) (-1024 1024 68 ) (-1024 2048 68 ) (-1024 2048 64 ) 
4 30 31 (-448 1024 64 ) (-1024 1024 64 ) (-1024 2048 64 ) (-448 2048 64 ) 
4 31 53 (0 1024 -372 ) (0 1024 64 ) (-1024 1024 64 ) (-1024 1024 -372 ) 
4 31 35 (-1024 1024 -372 ) (-1024 1024 64 ) (-1024 2048 64 ) (-1024 2048 -372 ) 
4 32 34 (-1024 3072 -372 ) (-1024 3072 844 ) (-2048 3072 844 ) (-2048 3072 -372 ) 
4 32 33 (-2048 3072 -372 ) (-2048 3072 844 ) (-2048 3552 844 ) (-2048 3552 -372 ) 
4 33 36 (-2048 3072 -372 ) (-2048 3072 844 ) (-2272 3072 844 ) (-2272 3072 -372 ) 
4 34 36 (-2048 3072 844 ) (-2048 3072 -372 ) (-2048 2048 -372 ) (-2048 2048 844 ) 
4 34 35 (-1024 2048 -372 ) (-1024 2048 844 ) (-2048 2048 844 ) (-2048 2048 -372 ) 
4 35 58 (-1024 1024 -372 ) (-1024 1024 844 ) (-2048 1024 844 ) (-2048 1024 -372 ) 
4 35 37 (-2048 1024 -372 ) (-2048 1024 844 ) (-2048 2048 844 ) (-2048 2048 -372 ) 
4 36 37 (-2048 2048 -372 ) (-2048 2048 844 ) (-2272 2048 844 ) (-2272 2048 -372 ) 
4 37 60 (-2048 1024 -372 ) (-2048 1024 844 ) (-2272 1024 844 ) (-2272 1024 -372 ) 
4 38 54 (1024 0 68 ) (1024 0 844 ) (0 0 844 ) (0 0 68 ) 
4 38 50 (0 620 308 ) (0 748 308 ) (0 748 68 ) (0 620 68 ) 
4 38 49 (0 748 308 ) (0 1024 308 ) (0 1024 68 ) (0 748 68 ) 
4 38 51 (0 0 68 ) (0 0 308 ) (0 620 308 ) (0 620 68 ) 
4 38 46 (0 0 308 ) (0 0 312 ) (0 1024 312 ) (0 1024 308 ) 
4 38 45 (0 0 312 ) (0 0 844 ) (0 1024 844 ) (0 1024 312 ) 
4 38 42 (0 748 68 ) (0 1024 68 ) (324 1024 68 ) (324 748 68 ) 
4 38 43 (0 0 68 ) (0 620 68 ) (324 620 68 ) (324 0 68 ) 
4 38 40 (324 1024 68 ) (344 1024 68 ) (344 804 68 ) (324 804 68 ) 
4 38 41 (344 748 68 ) (344 0 68 ) (324 0 68 ) (324 748 68 ) 
4 38 39 (344 1024 68 ) (1024 1024 68 ) (1024 0 68 ) (344 0 68 ) 
4 39 54 (1024 0 64 ) (1024 0 68 ) (344 0 68 ) (344 0 64 ) 
4 39 44 (1024 0 64 ) (344 0 64 ) (344 1024 64 ) (1024 1024 64 ) 
4 39 40 (344 1024 64 ) (344 804 64 ) (344 804 68 ) (344 1024 68 ) 
4 39 41 (344 748 64 ) (344 0 64 ) (344 0 68 ) (344 748 68 ) 
4 40 44 (324 804 64 ) (324 1024 64 ) (344 1024 64 ) (344 804 64 ) 
4 40 42 (324 1024 64 ) (324 804 64 ) (324 804 68 ) (324 1024 68 ) 
4 41 54 (344 0 68 ) (324 0 68 ) (324 0 64 ) (344 0 64 ) 
4 41 44 (344 0 64 ) (324 0 64 ) (324 748 64 ) (344 748 64 ) 
4 41 43 (324 620 64 ) (324 0 64 ) (324 0 68 ) (324 620 68 ) 
4 42 49 (0 748 68 ) (0 1024 68 ) (0 1024 64 ) (0 748 64 ) 
4 42 44 (0 748 64 ) (0 1024 64 ) (324 1024 64 ) (324 748 64 ) 
4 43 54 (324 0 68 ) (0 0 68 ) (0 0 64 ) (324 0 64 ) 
4 43 51 (0 0 64 ) (0 0 68 ) (0 620 68 ) (0 620 64 ) 
4 43 44 (324 0 64 ) (0 0 64 ) (0 620 64 ) (324 620 64 ) 
4 44 54 (1024 0 -372 ) (1024 0 64 ) (0 0 64 ) (0 0 -372 ) 
4 44 53 (0 0 -372 ) (0 0 64 ) (0 1024 64 ) (0 1024 -372 ) 
4 45 58 (-1024 1024 844 ) (-1024 1024 312 ) (-1024 0 312 ) (-1024 0 844 ) 
4 45 55 (-1024 0 844 ) (-1024 0 312 ) (0 0 312 ) (0 0 844 ) 
4 45 47 (-808 0 312 ) (-936 0 312 ) (-936 700 312 ) (-808 700 312 ) 
4 45 46 (0 0 312 ) (-808 0 312 ) (-808 1024 312 ) (0 1024 312 ) 
4 45 48 (-936 0 312 ) (-1024 0 312 ) (-1024 1024 312 ) (-936 1024 312 ) 
4 46 55 (-808 0 308 ) (0 0 308 ) (0 0 312 ) (-808 0 312 ) 
4 46 50 (0 748 308 ) (0 620 308 ) (-444 620 308 ) (-444 748 308 ) 
4 46 49 (0 1024 308 ) (0 748 308 ) (-444 748 308 ) (-444 1024 308 ) 
4 46 51 (0 620 308 ) (0 0 308 ) (-444 0 308 ) (-444 620 308 ) 
4 46 52 (-444 0 308 ) (-808 0 308 ) (-808 1024 308 ) (-444 1024 308 ) 
4 46 47 (-808 700 308 ) (-808 0 308 ) (-808 0 312 ) (-808 700 312 ) 
4 47 55 (-936 0 308 ) (-808 0 308 ) (-808 0 312 ) (-936 0 312 ) 
4 47 52 (-808 0 308 ) (-936 0 308 ) (-936 700 308 ) (-808 700 308 ) 
4 47 48 (-936 700 308 ) (-936 0 308 ) (-936 0 312 ) (-936 700 312 ) 
4 48 58 (-1024 1024 312 ) (-1024 1024 308 ) (-1024 0 308 ) (-1024 0 312 ) 
4 48 55 (-1024 0 312 ) (-1024 0 308 ) (-936 0 308 ) (-936 0 312 ) 
4 48 52 (-936 0 308 ) (-1024 0 308 ) (-1024 1024 308 ) (-936 1024 308 ) 
4 49 53 (-444 748 64 ) (-444 1024 64 ) (0 1024 64 ) (0 748 64 ) 
4 49 50 (-444 748 308 ) (-444 748 68 ) (0 748 68 ) (0 748 308 ) 
4 49 52 (-444 1024 64 ) (-444 748 64 ) (-444 748 308 ) (-444 1024 308 ) 
4 50 52 (-444 620 68 ) (-444 620 308 ) (-444 748 308 ) (-444 748 68 ) 
4 50 51 (-444 620 308 ) (-444 620 68 ) (0 620 68 ) (0 620 308 ) 
4 51 55 (-444 0 64 ) (0 0 64 ) (0 0 308 ) (-444 0 308 ) 
4 51 53 (0 0 64 ) (-444 0 64 ) (-444 620 64 ) (0 620 64 ) 
4 51 52 (-444 620 64 ) (-444 0 64 ) (-444 0 308 ) (-444 620 308 ) 
4 52 58 (-1024 1024 308 ) (-1024 1024 64 ) (-1024 0 64 ) (-1024 0 308 ) 
4 52 55 (-1024 0 308 ) (-1024 0 64 ) (-444 0 64 ) (-444 0 308 ) 
4 52 53 (-444 0 64 ) (-1024 0 64 ) (-1024 1024 64 ) (-444 1024 64 ) 
4 53 58 (-1024 1024 64 ) (-1024 1024 -372 ) (-1024 0 -372 ) (-1024 0 64 ) 
4 53 55 (-1024 0 64 ) (-1024 0 -372 ) (0 0 -372 ) (0 0 64 ) 
4 54 56 (1024 -1024 -372 ) (1024 -1024 844 ) (0 -1024 844 ) (0 -1024 -372 ) 
4 54 55 (0 0 844 ) (0 0 -372 ) (0 -1024 -372 ) (0 -1024 844 ) 
4 55 59 (-1024 -1024 -372 ) (-1024 -1024 844 ) (-1024 0 844 ) (-1024 0 -372 ) 
4 55 57 (0 -1024 -372 ) (0 -1024 844 ) (-1024 -1024 844 ) (-1024 -1024 -372 ) 
4 56 57 (0 -1248 844 ) (0 -1024 844 ) (0 -1024 -372 ) (0 -1248 -372 ) 
4 57 62 (-1024 -1248 844 ) (-1024 -1024 844 ) (-1024 -1024 -372 ) (-1024 -1248 -372 ) 
4 58 60 (-2048 1024 844 ) (-2048 1024 -372 ) (-2048 0 -372 ) (-2048 0 844 ) 
4 58 59 (-1024 0 -372 ) (-1024 0 844 ) (-2048 0 844 ) (-2048 0 -372 ) 
4 59 62 (-1024 -1024 -372 ) (-1024 -1024 844 ) (-2048 -1024 844 ) (-2048 -1024 -372 ) 
4 59 61 (-2048 -1024 -372 ) (-2048 -1024 844 ) (-2048 0 844 ) (-2048 0 -372 ) 
4 60 61 (-2048 0 -372 ) (-2048 0 844 ) (-2272 0 844 ) (-2272 0 -372 ) 
4 61 63 (-2048 -1024 -372 ) (-2048 -1024 844 ) (-2272 -1024 844 ) (-2272 -1024 -372 ) 
4 62 63 (-2048 -1024 844 ) (-2048 -1024 -372 ) (-2048 -1248 -372 ) (-2048 -1248 844 ) 
