PRT1
343
930
4 0 2 (3936 7168 2528 ) (3072 7168 2528 ) (3072 7168 -992 ) (3936 7168 -992 ) 
4 0 1 (3072 7168 -992 ) (3072 7168 2528 ) (3072 7264 2528 ) (3072 7264 -992 ) 
4 1 4 (2048 7168 -992 ) (2048 7168 2528 ) (2048 7264 2528 ) (2048 7264 -992 ) 
4 1 3 (3072 7168 -992 ) (3072 7168 2528 ) (2048 7168 2528 ) (2048 7168 -992 ) 
4 2 10 (3936 6144 2528 ) (3072 6144 2528 ) (3072 6144 -992 ) (3936 6144 -992 ) 
4 2 3 (3072 7168 2528 ) (3072 7168 -992 ) (3072 6144 -992 ) (3072 6144 2528 ) 
4 3 11 (3072 6144 -992 ) (3072 6144 2528 ) (2048 6144 2528 ) (2048 6144 -992 ) 
4 3 5 (2048 6144 -992 ) (2048 6144 2528 ) (2048 7168 2528 ) (2048 7168 -992 ) 
4 4 6 (1024 7168 -992 ) (1024 7168 2528 ) (1024 7264 2528 ) (1024 7264 -992 ) 
4 4 5 (2048 7168 -992 ) (2048 7168 2528 ) (1024 7168 2528 ) (1024 7168 -992 ) 
4 5 18 (2048 6144 -992 ) (2048 6144 2528 ) (1024 6144 2528 ) (1024 6144 -992 ) 
4 5 8 (1024 6144 -992 ) (1024 6144 2528 ) (1024 7168 2528 ) (1024 7168 -992 ) 
4 6 8 (1024 7168 -992 ) (1024 7168 2528 ) (0 7168 2528 ) (0 7168 -992 ) 
4 6 7 (0 7168 -992 ) (0 7168 2528 ) (0 7264 2528 ) (0 7264 -992 ) 
4 7 30 (-1024 7168 -992 ) (-1024 7168 2528 ) (-1024 7264 2528 ) (-1024 7264 -992 ) 
4 7 9 (0 7168 -992 ) (0 7168 2528 ) (-1024 7168 2528 ) (-1024 7168 -992 ) 
4 8 20 (1024 6144 -992 ) (1024 6144 2528 ) (0 6144 2528 ) (0 6144 -992 ) 
4 8 9 (0 7168 2528 ) (0 7168 -992 ) (0 6144 -992 ) (0 6144 2528 ) 
4 9 31 (-1024 6144 -992 ) (-1024 6144 2528 ) (-1024 7168 2528 ) (-1024 7168 -992 ) 
4 9 21 (0 6144 -992 ) (0 6144 2528 ) (-1024 6144 2528 ) (-1024 6144 -992 ) 
4 10 12 (3936 5120 2528 ) (3072 5120 2528 ) (3072 5120 -992 ) (3936 5120 -992 ) 
4 10 11 (3072 6144 2528 ) (3072 6144 -992 ) (3072 5120 -992 ) (3072 5120 2528 ) 
4 11 18 (2048 6144 2528 ) (2048 6144 -992 ) (2048 5120 -992 ) (2048 5120 2528 ) 
4 11 13 (3072 5120 -992 ) (3072 5120 2528 ) (2048 5120 2528 ) (2048 5120 -992 ) 
4 12 14 (3936 4096 2528 ) (3072 4096 2528 ) (3072 4096 -992 ) (3936 4096 -992 ) 
4 12 13 (3072 5120 2528 ) (3072 5120 -992 ) (3072 4096 -992 ) (3072 4096 2528 ) 
4 13 19 (2048 4096 -992 ) (2048 4096 2528 ) (2048 5120 2528 ) (2048 5120 -992 ) 
4 13 15 (3072 4096 -992 ) (3072 4096 2528 ) (2048 4096 2528 ) (2048 4096 -992 ) 
4 14 16 (3936 3072 2528 ) (3072 3072 2528 ) (3072 3072 -992 ) (3936 3072 -992 ) 
4 14 15 (3072 4096 2528 ) (3072 4096 -992 ) (3072 3072 -992 ) (3072 3072 2528 ) 
4 15 24 (2048 3072 -992 ) (2048 3072 2528 ) (2048 4096 2528 ) (2048 4096 -992 ) 
4 15 17 (3072 3072 -992 ) (3072 3072 2528 ) (2048 3072 2528 ) (2048 3072 -992 ) 
4 16 72 (3936 2048 2528 ) (3072 2048 2528 ) (3072 2048 -992 ) (3936 2048 -992 ) 
4 16 17 (3072 3072 2528 ) (3072 3072 -992 ) (3072 2048 -992 ) (3072 2048 2528 ) 
4 17 73 (3072 2048 -992 ) (3072 2048 2528 ) (2048 2048 2528 ) (2048 2048 -992 ) 
4 17 25 (2048 2048 -992 ) (2048 2048 2528 ) (2048 3072 2528 ) (2048 3072 -992 ) 
4 18 20 (1024 6144 2528 ) (1024 6144 -992 ) (1024 5120 -992 ) (1024 5120 2528 ) 
4 18 19 (2048 5120 -992 ) (2048 5120 2528 ) (1024 5120 2528 ) (1024 5120 -992 ) 
4 19 24 (2048 4096 -992 ) (2048 4096 2528 ) (1024 4096 2528 ) (1024 4096 -992 ) 
4 19 22 (1024 4096 -992 ) (1024 4096 2528 ) (1024 5120 2528 ) (1024 5120 -992 ) 
4 20 22 (1024 5120 -992 ) (1024 5120 2528 ) (0 5120 2528 ) (0 5120 -992 ) 
4 20 21 (0 6144 2528 ) (0 6144 -992 ) (0 5120 -992 ) (0 5120 2528 ) 
4 21 42 (-1024 5120 -992 ) (-1024 5120 2528 ) (-1024 6144 2528 ) (-1024 6144 -992 ) 
4 21 23 (0 5120 -992 ) (0 5120 2528 ) (-1024 5120 2528 ) (-1024 5120 -992 ) 
4 22 26 (1024 4096 -992 ) (1024 4096 2528 ) (0 4096 2528 ) (0 4096 -992 ) 
4 22 23 (0 5120 2528 ) (0 5120 -992 ) (0 4096 -992 ) (0 4096 2528 ) 
4 23 43 (-1024 4096 -992 ) (-1024 4096 2528 ) (-1024 5120 2528 ) (-1024 5120 -992 ) 
4 23 27 (0 4096 -992 ) (0 4096 2528 ) (-1024 4096 2528 ) (-1024 4096 -992 ) 
4 24 26 (1024 4096 2528 ) (1024 4096 -992 ) (1024 3072 -992 ) (1024 3072 2528 ) 
4 24 25 (2048 3072 -992 ) (2048 3072 2528 ) (1024 3072 2528 ) (1024 3072 -992 ) 
4 25 78 (2048 2048 -992 ) (2048 2048 2528 ) (1024 2048 2528 ) (1024 2048 -992 ) 
4 25 28 (1024 2048 -992 ) (1024 2048 2528 ) (1024 3072 2528 ) (1024 3072 -992 ) 
4 26 28 (1024 3072 -992 ) (1024 3072 2528 ) (0 3072 2528 ) (0 3072 -992 ) 
4 26 27 (0 4096 2528 ) (0 4096 -992 ) (0 3072 -992 ) (0 3072 2528 ) 
4 27 48 (-1024 3072 -992 ) (-1024 3072 2528 ) (-1024 4096 2528 ) (-1024 4096 -992 ) 
4 27 29 (0 3072 -992 ) (0 3072 2528 ) (-1024 3072 2528 ) (-1024 3072 -992 ) 
4 28 79 (1024 2048 -992 ) (1024 2048 2528 ) (0 2048 2528 ) (0 2048 -992 ) 
4 28 29 (0 3072 2528 ) (0 3072 -992 ) (0 2048 -992 ) (0 2048 2528 ) 
4 29 84 (-512 2048 192 ) (-1024 2048 192 ) (-1024 2048 -992 ) (-512 2048 -992 ) 
4 29 83 (0 2048 -992 ) (0 2048 192 ) (-512 2048 192 ) (-512 2048 -992 ) 
4 29 80 (0 2048 192 ) (0 2048 2528 ) (-512 2048 2528 ) (-512 2048 192 ) 
4 29 82 (-512 2048 2528 ) (-1024 2048 2528 ) (-1024 2048 192 ) (-512 2048 192 ) 
4 29 52 (-1024 2048 -992 ) (-1024 2048 -128 ) (-1024 3072 -128 ) (-1024 3072 -992 ) 
4 29 49 (-1024 2048 -128 ) (-1024 2048 2528 ) (-1024 3072 2528 ) (-1024 3072 -128 ) 
4 30 32 (-2048 7168 -992 ) (-2048 7168 2528 ) (-2048 7264 2528 ) (-2048 7264 -992 ) 
4 30 31 (-1024 7168 -992 ) (-1024 7168 2528 ) (-2048 7168 2528 ) (-2048 7168 -992 ) 
4 31 42 (-1024 6144 -992 ) (-1024 6144 2528 ) (-2048 6144 2528 ) (-2048 6144 -992 ) 
4 31 34 (-2048 6144 -992 ) (-2048 6144 2528 ) (-2048 7168 2528 ) (-2048 7168 -992 ) 
4 32 34 (-2048 7168 -992 ) (-2048 7168 2528 ) (-3072 7168 2528 ) (-3072 7168 -992 ) 
4 32 33 (-3072 7168 -992 ) (-3072 7168 2528 ) (-3072 7264 2528 ) (-3072 7264 -992 ) 
4 33 36 (-4096 7168 -992 ) (-4096 7168 2528 ) (-4096 7264 2528 ) (-4096 7264 -992 ) 
4 33 35 (-3072 7168 -992 ) (-3072 7168 2528 ) (-4096 7168 2528 ) (-4096 7168 -992 ) 
4 34 44 (-2048 6144 -992 ) (-2048 6144 2528 ) (-3072 6144 2528 ) (-3072 6144 -992 ) 
4 34 35 (-3072 7168 2528 ) (-3072 7168 -992 ) (-3072 6144 -992 ) (-3072 6144 2528 ) 
4 35 45 (-3072 6144 -992 ) (-3072 6144 2528 ) (-4096 6144 2528 ) (-4096 6144 -992 ) 
4 35 38 (-4096 6144 -992 ) (-4096 6144 2528 ) (-4096 7168 2528 ) (-4096 7168 -992 ) 
4 36 38 (-4096 7168 -992 ) (-4096 7168 2528 ) (-5120 7168 2528 ) (-5120 7168 -992 ) 
4 36 37 (-5120 7264 -992 ) (-5120 7168 -992 ) (-5120 7168 2528 ) (-5120 7264 2528 ) 
4 37 40 (-6144 7168 -992 ) (-6144 7168 2528 ) (-6144 7264 2528 ) (-6144 7264 -992 ) 
4 37 39 (-6144 7168 2528 ) (-6144 7168 -992 ) (-5120 7168 -992 ) (-5120 7168 2528 ) 
4 38 60 (-4096 6144 -992 ) (-4096 6144 2528 ) (-5120 6144 2528 ) (-5120 6144 -992 ) 
4 38 39 (-5120 7168 2528 ) (-5120 7168 -992 ) (-5120 6144 -992 ) (-5120 6144 2528 ) 
4 39 61 (-5120 6144 -992 ) (-5120 6144 2528 ) (-6144 6144 2528 ) (-6144 6144 -992 ) 
4 39 41 (-6144 6144 -992 ) (-6144 6144 2528 ) (-6144 7168 2528 ) (-6144 7168 -992 ) 
4 40 41 (-6144 7168 -992 ) (-6144 7168 2528 ) (-6752 7168 2528 ) (-6752 7168 -992 ) 
4 41 64 (-6144 6144 -992 ) (-6144 6144 2528 ) (-6752 6144 2528 ) (-6752 6144 -992 ) 
4 42 44 (-2048 6144 2528 ) (-2048 6144 -992 ) (-2048 5120 -992 ) (-2048 5120 2528 ) 
4 42 43 (-1024 5120 -992 ) (-1024 5120 2528 ) (-2048 5120 2528 ) (-2048 5120 -992 ) 
4 43 48 (-1024 4096 -992 ) (-1024 4096 2528 ) (-2048 4096 2528 ) (-2048 4096 -992 ) 
4 43 46 (-2048 4096 -992 ) (-2048 4096 2528 ) (-2048 5120 2528 ) (-2048 5120 -992 ) 
4 44 46 (-2048 5120 -992 ) (-2048 5120 2528 ) (-3072 5120 2528 ) (-3072 5120 -992 ) 
4 44 45 (-3072 6144 2528 ) (-3072 6144 -992 ) (-3072 5120 -992 ) (-3072 5120 2528 ) 
4 45 60 (-4096 6144 2528 ) (-4096 6144 -992 ) (-4096 5120 -992 ) (-4096 5120 2528 ) 
4 45 47 (-3072 5120 -992 ) (-3072 5120 2528 ) (-4096 5120 2528 ) (-4096 5120 -992 ) 
4 46 53 (-2048 4096 -992 ) (-2048 4096 2528 ) (-3072 4096 2528 ) (-3072 4096 -992 ) 
4 46 47 (-3072 5120 2528 ) (-3072 5120 -992 ) (-3072 4096 -992 ) (-3072 4096 2528 ) 
4 47 62 (-4096 4096 -992 ) (-4096 4096 2528 ) (-4096 5120 2528 ) (-4096 5120 -992 ) 
4 47 54 (-3072 4096 -992 ) (-3072 4096 2528 ) (-4096 4096 2528 ) (-4096 4096 -992 ) 
4 48 53 (-2048 4096 2528 ) (-2048 4096 -992 ) (-2048 3072 -992 ) (-2048 3072 2528 ) 
4 48 52 (-1024 3072 -992 ) (-1024 3072 -128 ) (-2048 3072 -128 ) (-2048 3072 -992 ) 
4 48 50 (-1472 3072 2528 ) (-2048 3072 2528 ) (-2048 3072 -128 ) (-1472 3072 -128 ) 
4 48 49 (-1024 3072 -128 ) (-1024 3072 2528 ) (-1472 3072 2528 ) (-1472 3072 -128 ) 
4 49 133 (-1024 2048 -128 ) (-1024 2048 -64 ) (-1472 2048 -64 ) (-1472 2048 -128 ) 
4 49 130 (-1024 2048 -64 ) (-1024 2048 2528 ) (-1472 2048 2528 ) (-1472 2048 -64 ) 
4 49 52 (-1024 2048 -128 ) (-1472 2048 -128 ) (-1472 3072 -128 ) (-1024 3072 -128 ) 
4 49 51 (-1472 2048 -64 ) (-1472 2048 2528 ) (-1472 2304 2528 ) (-1472 2304 -64 ) 
4 49 50 (-1472 3072 -128 ) (-1472 2304 -128 ) (-1472 2304 2528 ) (-1472 3072 2528 ) 
4 50 55 (-2048 2304 2528 ) (-2048 3072 2528 ) (-2048 3072 -128 ) (-2048 2304 -128 ) 
4 50 52 (-2048 2304 -128 ) (-2048 3072 -128 ) (-1472 3072 -128 ) (-1472 2304 -128 ) 
4 50 51 (-1472 2304 -64 ) (-1472 2304 2528 ) (-2048 2304 2528 ) (-2048 2304 -64 ) 
4 51 132 (-1472 2048 2528 ) (-2048 2048 2528 ) (-2048 2048 -64 ) (-1472 2048 -64 ) 
4 51 56 (-2048 2048 -64 ) (-2048 2048 2528 ) (-2048 2304 2528 ) (-2048 2304 -64 ) 
4 52 134 (-1472 2048 -128 ) (-2048 2048 -128 ) (-2048 2048 -992 ) (-1472 2048 -992 ) 
4 52 133 (-1024 2048 -992 ) (-1024 2048 -128 ) (-1472 2048 -128 ) (-1472 2048 -992 ) 
4 52 58 (-2048 2048 -992 ) (-2048 2048 -128 ) (-2048 3072 -128 ) (-2048 3072 -992 ) 
4 53 58 (-2048 3072 -992 ) (-2048 3072 -128 ) (-3072 3072 -128 ) (-3072 3072 -992 ) 
4 53 55 (-2048 3072 -128 ) (-2048 3072 2528 ) (-2496 3072 2528 ) (-2496 3072 -128 ) 
4 53 57 (-2496 3072 2528 ) (-3072 3072 2528 ) (-3072 3072 -128 ) (-2496 3072 -128 ) 
4 53 54 (-3072 4096 2528 ) (-3072 4096 -992 ) (-3072 3072 -992 ) (-3072 3072 2528 ) 
4 54 66 (-4096 3072 -992 ) (-4096 3072 2528 ) (-4096 4096 2528 ) (-4096 4096 -992 ) 
4 54 59 (-3072 3072 -992 ) (-3072 3072 2528 ) (-4096 3072 2528 ) (-4096 3072 -992 ) 
4 55 58 (-2496 3072 -128 ) (-2048 3072 -128 ) (-2048 2304 -128 ) (-2496 2304 -128 ) 
4 55 56 (-2496 2304 2528 ) (-2496 2304 -64 ) (-2048 2304 -64 ) (-2048 2304 2528 ) 
4 55 57 (-2496 3072 -128 ) (-2496 2304 -128 ) (-2496 2304 2528 ) (-2496 3072 2528 ) 
4 56 135 (-2048 2048 -64 ) (-2048 2048 2528 ) (-2496 2048 2528 ) (-2496 2048 -64 ) 
4 56 57 (-2496 2048 -64 ) (-2496 2048 2528 ) (-2496 2304 2528 ) (-2496 2304 -64 ) 
4 57 136 (-2496 2048 2528 ) (-3072 2048 2528 ) (-3072 2048 -128 ) (-2496 2048 -128 ) 
4 57 59 (-3072 3072 2528 ) (-3072 3072 -128 ) (-3072 2048 -128 ) (-3072 2048 2528 ) 
4 57 58 (-3072 3072 -128 ) (-2496 3072 -128 ) (-2496 2048 -128 ) (-3072 2048 -128 ) 
4 58 137 (-2048 2048 -992 ) (-2048 2048 -128 ) (-3072 2048 -128 ) (-3072 2048 -992 ) 
4 58 59 (-3072 3072 -128 ) (-3072 3072 -992 ) (-3072 2048 -992 ) (-3072 2048 -128 ) 
4 59 138 (-3072 2048 -992 ) (-3072 2048 2528 ) (-4096 2048 2528 ) (-4096 2048 -992 ) 
4 59 68 (-4096 2048 -992 ) (-4096 2048 2528 ) (-4096 3072 2528 ) (-4096 3072 -992 ) 
4 60 62 (-4096 5120 -992 ) (-4096 5120 2528 ) (-5120 5120 2528 ) (-5120 5120 -992 ) 
4 60 61 (-5120 6144 2528 ) (-5120 6144 -992 ) (-5120 5120 -992 ) (-5120 5120 2528 ) 
4 61 64 (-6144 6144 2528 ) (-6144 6144 -992 ) (-6144 5120 -992 ) (-6144 5120 2528 ) 
4 61 63 (-5120 5120 -992 ) (-5120 5120 2528 ) (-6144 5120 2528 ) (-6144 5120 -992 ) 
4 62 66 (-4096 4096 -992 ) (-4096 4096 2528 ) (-5120 4096 2528 ) (-5120 4096 -992 ) 
4 62 63 (-5120 5120 2528 ) (-5120 5120 -992 ) (-5120 4096 -992 ) (-5120 4096 2528 ) 
4 63 67 (-5120 4096 -992 ) (-5120 4096 2528 ) (-6144 4096 2528 ) (-6144 4096 -992 ) 
4 63 65 (-6144 4096 -992 ) (-6144 4096 2528 ) (-6144 5120 2528 ) (-6144 5120 -992 ) 
4 64 65 (-6144 5120 -992 ) (-6144 5120 2528 ) (-6752 5120 2528 ) (-6752 5120 -992 ) 
4 65 70 (-6144 4096 -992 ) (-6144 4096 2528 ) (-6752 4096 2528 ) (-6752 4096 -992 ) 
4 66 68 (-4096 3072 -992 ) (-4096 3072 2528 ) (-5120 3072 2528 ) (-5120 3072 -992 ) 
4 66 67 (-5120 4096 2528 ) (-5120 4096 -992 ) (-5120 3072 -992 ) (-5120 3072 2528 ) 
4 67 70 (-6144 4096 2528 ) (-6144 4096 -992 ) (-6144 3072 -992 ) (-6144 3072 2528 ) 
4 67 69 (-5120 3072 -992 ) (-5120 3072 2528 ) (-6144 3072 2528 ) (-6144 3072 -992 ) 
4 68 234 (-4096 2048 -992 ) (-4096 2048 2528 ) (-5120 2048 2528 ) (-5120 2048 -992 ) 
4 68 69 (-5120 3072 2528 ) (-5120 3072 -992 ) (-5120 2048 -992 ) (-5120 2048 2528 ) 
4 69 235 (-5120 2048 -992 ) (-5120 2048 2528 ) (-6144 2048 2528 ) (-6144 2048 -992 ) 
4 69 71 (-6144 2048 -992 ) (-6144 2048 2528 ) (-6144 3072 2528 ) (-6144 3072 -992 ) 
4 70 71 (-6144 3072 -992 ) (-6144 3072 2528 ) (-6752 3072 2528 ) (-6752 3072 -992 ) 
4 71 240 (-6144 2048 -992 ) (-6144 2048 2528 ) (-6752 2048 2528 ) (-6752 2048 -992 ) 
4 72 74 (3936 1024 2528 ) (3072 1024 2528 ) (3072 1024 -992 ) (3936 1024 -992 ) 
4 72 73 (3072 1024 -992 ) (3072 1024 2528 ) (3072 2048 2528 ) (3072 2048 -992 ) 
4 73 78 (2048 2048 2528 ) (2048 2048 -992 ) (2048 1024 -992 ) (2048 1024 2528 ) 
4 73 75 (3072 1024 -992 ) (3072 1024 2528 ) (2048 1024 2528 ) (2048 1024 -992 ) 
4 74 76 (3936 0 2528 ) (3072 0 2528 ) (3072 0 -992 ) (3936 0 -992 ) 
4 74 75 (3072 1024 2528 ) (3072 1024 -992 ) (3072 0 -992 ) (3072 0 2528 ) 
4 75 87 (2048 0 -992 ) (2048 0 2528 ) (2048 1024 2528 ) (2048 1024 -992 ) 
4 75 77 (3072 0 -992 ) (3072 0 2528 ) (2048 0 2528 ) (2048 0 -992 ) 
4 76 103 (3936 -1024 2528 ) (3072 -1024 2528 ) (3072 -1024 -992 ) (3936 -1024 -992 ) 
4 76 77 (3072 0 2528 ) (3072 0 -992 ) (3072 -1024 -992 ) (3072 -1024 2528 ) 
4 77 104 (3072 -1024 -992 ) (3072 -1024 2528 ) (2048 -1024 2528 ) (2048 -1024 -992 ) 
4 77 88 (2048 -1024 -992 ) (2048 -1024 2528 ) (2048 0 2528 ) (2048 0 -992 ) 
4 78 87 (2048 1024 -992 ) (2048 1024 2528 ) (1024 1024 2528 ) (1024 1024 -992 ) 
4 78 79 (1024 2048 2528 ) (1024 2048 -992 ) (1024 1024 -992 ) (1024 1024 2528 ) 
4 79 89 (1024 1024 -992 ) (1024 1024 2528 ) (0 1024 2528 ) (0 1024 -992 ) 
4 79 83 (0 1024 -992 ) (0 1024 192 ) (0 2048 192 ) (0 2048 -992 ) 
4 79 81 (0 1024 576 ) (0 1024 2528 ) (0 1632 2528 ) (0 1632 576 ) 
4 79 80 (0 1632 2528 ) (0 2048 2528 ) (0 2048 192 ) (0 1632 192 ) 
4 80 83 (-512 2048 192 ) (0 2048 192 ) (0 1632 192 ) (-512 1632 192 ) 
4 80 81 (-512 1632 2528 ) (-512 1632 576 ) (0 1632 576 ) (0 1632 2528 ) 
4 80 82 (-512 2048 192 ) (-512 1632 192 ) (-512 1632 2528 ) (-512 2048 2528 ) 
4 81 90 (0 1024 576 ) (0 1024 2528 ) (-512 1024 2528 ) (-512 1024 576 ) 
4 81 82 (-512 1024 576 ) (-512 1024 2528 ) (-512 1632 2528 ) (-512 1632 576 ) 
4 82 131 (-1024 1632 192 ) (-1024 1024 192 ) (-1024 1024 2528 ) (-1024 1632 2528 ) 
4 82 130 (-1024 2048 2528 ) (-1024 2048 192 ) (-1024 1632 192 ) (-1024 1632 2528 ) 
4 82 91 (-512 1024 2528 ) (-1024 1024 2528 ) (-1024 1024 192 ) (-512 1024 192 ) 
4 82 85 (-1024 1024 192 ) (-1024 1632 192 ) (-512 1632 192 ) (-512 1024 192 ) 
4 82 84 (-1024 1632 192 ) (-1024 2048 192 ) (-512 2048 192 ) (-512 1632 192 ) 
4 83 92 (0 1024 -992 ) (0 1024 192 ) (-512 1024 192 ) (-512 1024 -992 ) 
4 83 85 (-512 1024 64 ) (-512 1024 192 ) (-512 1632 192 ) (-512 1632 64 ) 
4 83 86 (-512 1632 -992 ) (-512 1024 -992 ) (-512 1024 -64 ) (-512 1632 -64 ) 
4 83 84 (-512 2048 -992 ) (-512 1632 -992 ) (-512 1632 192 ) (-512 2048 192 ) 
4 84 133 (-1024 2048 -64 ) (-1024 2048 -992 ) (-1024 1632 -992 ) (-1024 1632 -64 ) 
4 84 130 (-1024 2048 192 ) (-1024 2048 -64 ) (-1024 1632 -64 ) (-1024 1632 192 ) 
4 84 85 (-512 1632 64 ) (-512 1632 192 ) (-1024 1632 192 ) (-1024 1632 64 ) 
4 84 86 (-1024 1632 -992 ) (-512 1632 -992 ) (-512 1632 -64 ) (-1024 1632 -64 ) 
4 85 131 (-1024 1024 64 ) (-1024 1024 192 ) (-1024 1632 192 ) (-1024 1632 64 ) 
4 85 93 (-512 1024 192 ) (-1024 1024 192 ) (-1024 1024 64 ) (-512 1024 64 ) 
4 86 133 (-1024 1632 -992 ) (-1024 1024 -992 ) (-1024 1024 -64 ) (-1024 1632 -64 ) 
4 86 94 (-1024 1024 -64 ) (-1024 1024 -992 ) (-512 1024 -992 ) (-512 1024 -64 ) 
4 87 89 (1024 1024 2528 ) (1024 1024 -992 ) (1024 0 -992 ) (1024 0 2528 ) 
4 87 88 (2048 0 -992 ) (2048 0 2528 ) (1024 0 2528 ) (1024 0 -992 ) 
4 88 109 (2048 -1024 -992 ) (2048 -1024 2528 ) (1024 -1024 2528 ) (1024 -1024 -992 ) 
4 88 95 (1024 -1024 -992 ) (1024 -1024 2528 ) (1024 0 2528 ) (1024 0 -992 ) 
4 89 95 (1024 0 -992 ) (1024 0 2528 ) (0 0 2528 ) (0 0 -992 ) 
4 89 92 (0 1024 192 ) (0 1024 -992 ) (0 0 -992 ) (0 0 192 ) 
4 89 90 (0 1024 2528 ) (0 1024 576 ) (0 0 576 ) (0 0 2528 ) 
4 90 96 (0 0 576 ) (0 0 2528 ) (-512 0 2528 ) (-512 0 576 ) 
4 90 91 (-512 0 576 ) (-512 0 2528 ) (-512 1024 2528 ) (-512 1024 576 ) 
4 91 139 (-1024 0 192 ) (-1024 0 2528 ) (-1024 1024 2528 ) (-1024 1024 192 ) 
4 91 96 (-512 0 2528 ) (-1024 0 2528 ) (-1024 0 576 ) (-512 0 576 ) 
4 91 93 (-512 0 192 ) (-1024 0 192 ) (-1024 1024 192 ) (-512 1024 192 ) 
4 92 102 (0 0 -992 ) (0 0 -64 ) (-512 0 -64 ) (-512 0 -992 ) 
4 92 98 (0 0 -64 ) (0 0 192 ) (-512 0 192 ) (-512 0 -64 ) 
4 92 93 (-512 0 64 ) (-512 0 192 ) (-512 1024 192 ) (-512 1024 64 ) 
4 92 94 (-512 1024 -992 ) (-512 0 -992 ) (-512 0 -64 ) (-512 1024 -64 ) 
4 93 139 (-1024 0 64 ) (-1024 0 192 ) (-1024 1024 192 ) (-1024 1024 64 ) 
4 94 141 (-1024 0 -992 ) (-1024 0 -64 ) (-1024 1024 -64 ) (-1024 1024 -992 ) 
4 94 102 (-1024 0 -64 ) (-1024 0 -992 ) (-512 0 -992 ) (-512 0 -64 ) 
4 95 111 (1024 -1024 -992 ) (1024 -1024 2528 ) (0 -1024 2528 ) (0 -1024 -992 ) 
4 95 102 (0 0 -64 ) (0 0 -992 ) (0 -1024 -992 ) (0 -1024 -64 ) 
4 95 98 (0 0 192 ) (0 0 -64 ) (0 -576 -64 ) (0 -576 192 ) 
4 95 96 (0 0 2528 ) (0 0 576 ) (0 -1024 576 ) (0 -1024 2528 ) 
4 96 143 (-1024 -1024 576 ) (-1024 -1024 2528 ) (-1024 0 2528 ) (-1024 0 576 ) 
4 96 113 (0 -1024 576 ) (0 -1024 704 ) (-1024 -1024 704 ) (-1024 -1024 576 ) 
4 96 112 (0 -1024 704 ) (0 -1024 2528 ) (-1024 -1024 2528 ) (-1024 -1024 704 ) 
4 96 97 (-512 -1024 576 ) (-1024 -1024 576 ) (-1024 -576 576 ) (-512 -576 576 ) 
4 97 144 (-1024 -1024 544 ) (-1024 -1024 576 ) (-1024 -576 576 ) (-1024 -576 544 ) 
4 97 115 (-512 -1024 576 ) (-1024 -1024 576 ) (-1024 -1024 544 ) (-512 -1024 544 ) 
4 97 100 (-512 -1024 544 ) (-1024 -1024 544 ) (-1024 -576 544 ) (-512 -576 544 ) 
4 98 102 (-512 -576 -64 ) (-512 0 -64 ) (0 0 -64 ) (0 -576 -64 ) 
4 98 99 (-512 -512 192 ) (-512 -64 192 ) (-512 -64 64 ) (-512 -512 64 ) 
4 99 156 (-1024 -64 384 ) (-1024 -64 64 ) (-1024 -512 64 ) (-1024 -512 384 ) 
4 99 147 (-1024 -512 544 ) (-1024 -64 544 ) (-1024 -64 384 ) (-1024 -512 384 ) 
4 100 160 (-1024 -1024 192 ) (-1024 -1024 544 ) (-1024 -576 544 ) (-1024 -576 192 ) 
4 100 115 (-512 -1024 544 ) (-1024 -1024 544 ) (-1024 -1024 192 ) (-512 -1024 192 ) 
4 100 101 (-1024 -576 192 ) (-544 -576 192 ) (-544 -1024 192 ) (-1024 -1024 192 ) 
4 101 160 (-1024 -1024 64 ) (-1024 -1024 192 ) (-1024 -576 192 ) (-1024 -576 64 ) 
4 101 116 (-1024 -1024 192 ) (-1024 -1024 64 ) (-544 -1024 64 ) (-544 -1024 192 ) 
4 102 165 (-1024 -1024 -992 ) (-1024 -1024 -128 ) (-1024 0 -128 ) (-1024 0 -992 ) 
4 102 164 (-1024 -1024 -128 ) (-1024 -1024 -64 ) (-1024 0 -64 ) (-1024 0 -128 ) 
4 102 118 (0 -1024 -992 ) (0 -1024 -64 ) (-1024 -1024 -64 ) (-1024 -1024 -992 ) 
4 103 105 (3936 -2048 2528 ) (3072 -2048 2528 ) (3072 -2048 -992 ) (3936 -2048 -992 ) 
4 103 104 (3072 -1024 2528 ) (3072 -1024 -992 ) (3072 -2048 -992 ) (3072 -2048 2528 ) 
4 104 109 (2048 -1024 2528 ) (2048 -1024 -992 ) (2048 -2048 -992 ) (2048 -2048 2528 ) 
4 104 106 (3072 -2048 -992 ) (3072 -2048 2528 ) (2048 -2048 2528 ) (2048 -2048 -992 ) 
4 105 107 (3936 -3072 2528 ) (3072 -3072 2528 ) (3072 -3072 -992 ) (3936 -3072 -992 ) 
4 105 106 (3072 -2048 2528 ) (3072 -2048 -992 ) (3072 -3072 -992 ) (3072 -3072 2528 ) 
4 106 110 (2048 -3072 -992 ) (2048 -3072 2528 ) (2048 -2048 2528 ) (2048 -2048 -992 ) 
4 106 108 (3072 -3072 -992 ) (3072 -3072 2528 ) (2048 -3072 2528 ) (2048 -3072 -992 ) 
4 107 108 (3072 -3072 2528 ) (3072 -3072 -992 ) (3072 -3424 -992 ) (3072 -3424 2528 ) 
4 108 127 (2048 -3424 2528 ) (2048 -3072 2528 ) (2048 -3072 -992 ) (2048 -3424 -992 ) 
4 109 111 (1024 -1024 2528 ) (1024 -1024 -992 ) (1024 -2048 -992 ) (1024 -2048 2528 ) 
4 109 110 (2048 -2048 -992 ) (2048 -2048 2528 ) (1024 -2048 2528 ) (1024 -2048 -992 ) 
4 110 127 (2048 -3072 -992 ) (2048 -3072 2528 ) (1024 -3072 2528 ) (1024 -3072 -992 ) 
4 110 119 (1024 -3072 -992 ) (1024 -3072 2528 ) (1024 -2048 2528 ) (1024 -2048 -992 ) 
4 111 119 (1024 -2048 -992 ) (1024 -2048 2528 ) (0 -2048 2528 ) (0 -2048 -992 ) 
4 111 118 (0 -1024 -64 ) (0 -1024 -992 ) (0 -2048 -992 ) (0 -2048 -64 ) 
4 111 117 (0 -1600 -64 ) (0 -2048 -64 ) (0 -2048 192 ) (0 -1600 192 ) 
4 111 114 (0 -1632 192 ) (0 -2048 192 ) (0 -2048 576 ) (0 -1632 576 ) 
4 111 113 (0 -1024 704 ) (0 -1024 576 ) (0 -1536 576 ) (0 -1536 704 ) 
4 111 112 (0 -1024 2528 ) (0 -1024 704 ) (0 -2048 704 ) (0 -2048 2528 ) 
4 112 243 (-1024 -2048 704 ) (-1024 -2048 2528 ) (-1024 -1024 2528 ) (-1024 -1024 704 ) 
4 112 120 (0 -2048 704 ) (0 -2048 2528 ) (-1024 -2048 2528 ) (-1024 -2048 704 ) 
4 112 113 (0 -1024 704 ) (0 -1536 704 ) (-1024 -1536 704 ) (-1024 -1024 704 ) 
4 113 244 (-1024 -1536 704 ) (-1024 -1024 704 ) (-1024 -1024 576 ) (-1024 -1536 576 ) 
4 113 115 (-1024 -1536 576 ) (-1024 -1024 576 ) (-512 -1024 576 ) (-512 -1536 576 ) 
4 114 122 (0 -2048 192 ) (0 -2048 576 ) (-512 -2048 576 ) (-512 -2048 192 ) 
4 114 117 (0 -1632 192 ) (0 -2048 192 ) (-512 -2048 192 ) (-512 -1632 192 ) 
4 115 247 (-1024 -1632 576 ) (-1024 -1600 576 ) (-1024 -1600 192 ) (-1024 -1632 192 ) 
4 115 245 (-1024 -1600 576 ) (-1024 -1024 576 ) (-1024 -1024 192 ) (-1024 -1600 192 ) 
4 115 116 (-1024 -1600 192 ) (-1024 -1024 192 ) (-544 -1024 192 ) (-544 -1600 192 ) 
4 116 245 (-1024 -1600 192 ) (-1024 -1024 192 ) (-1024 -1024 64 ) (-1024 -1600 64 ) 
4 117 124 (0 -2048 -64 ) (0 -2048 192 ) (-512 -2048 192 ) (-512 -2048 -64 ) 
4 117 118 (0 -2048 -64 ) (-512 -2048 -64 ) (-512 -1600 -64 ) (0 -1600 -64 ) 
4 118 250 (-1024 -2048 -992 ) (-1024 -2048 -64 ) (-1024 -1024 -64 ) (-1024 -1024 -992 ) 
4 118 125 (-512 -2048 -64 ) (-1024 -2048 -64 ) (-1024 -2048 -992 ) (-512 -2048 -992 ) 
4 118 124 (0 -2048 -992 ) (0 -2048 -64 ) (-512 -2048 -64 ) (-512 -2048 -992 ) 
4 119 128 (1024 -3072 -992 ) (1024 -3072 2528 ) (0 -3072 2528 ) (0 -3072 -992 ) 
4 119 124 (0 -2048 192 ) (0 -2048 -992 ) (0 -3072 -992 ) (0 -3072 192 ) 
4 119 122 (0 -2048 576 ) (0 -2048 192 ) (0 -3072 192 ) (0 -3072 576 ) 
4 119 121 (0 -2112 576 ) (0 -3072 576 ) (0 -3072 704 ) (0 -2112 704 ) 
4 119 120 (0 -2048 2528 ) (0 -2048 704 ) (0 -3072 704 ) (0 -3072 2528 ) 
4 120 252 (-1024 -2112 2528 ) (-1024 -2048 2528 ) (-1024 -2048 704 ) (-1024 -2112 704 ) 
4 120 253 (-1024 -3072 704 ) (-1024 -3072 2528 ) (-1024 -2112 2528 ) (-1024 -2112 704 ) 
4 120 129 (0 -3072 704 ) (0 -3072 2528 ) (-1024 -3072 2528 ) (-1024 -3072 704 ) 
4 120 121 (0 -2112 704 ) (0 -3072 704 ) (-1024 -3072 704 ) (-1024 -2112 704 ) 
4 121 253 (-1024 -3072 576 ) (-1024 -3072 704 ) (-1024 -2112 704 ) (-1024 -2112 576 ) 
4 121 129 (0 -3072 576 ) (0 -3072 704 ) (-1024 -3072 704 ) (-1024 -3072 576 ) 
4 121 123 (-512 -3072 576 ) (-1024 -3072 576 ) (-1024 -2112 576 ) (-512 -2112 576 ) 
4 121 122 (0 -3072 576 ) (-512 -3072 576 ) (-512 -2112 576 ) (0 -2112 576 ) 
4 122 129 (0 -3072 192 ) (0 -3072 576 ) (-512 -3072 576 ) (-512 -3072 192 ) 
4 122 124 (0 -2048 192 ) (0 -3072 192 ) (-512 -3072 192 ) (-512 -2048 192 ) 
4 122 123 (-512 -2080 192 ) (-512 -3072 192 ) (-512 -3072 576 ) (-512 -2080 576 ) 
4 123 256 (-1024 -3072 192 ) (-1024 -3072 576 ) (-1024 -2112 576 ) (-1024 -2112 192 ) 
4 123 254 (-1024 -2112 576 ) (-1024 -2080 576 ) (-1024 -2080 192 ) (-1024 -2112 192 ) 
4 123 129 (-512 -3072 576 ) (-1024 -3072 576 ) (-1024 -3072 192 ) (-512 -3072 192 ) 
4 123 126 (-512 -3072 192 ) (-1024 -3072 192 ) (-1024 -2080 192 ) (-512 -2080 192 ) 
4 124 129 (0 -3072 -992 ) (0 -3072 192 ) (-512 -3072 192 ) (-512 -3072 -992 ) 
4 124 125 (-512 -2048 -992 ) (-512 -2080 -992 ) (-512 -2080 -64 ) (-512 -2048 -64 ) 
4 124 126 (-512 -2080 -992 ) (-512 -3072 -992 ) (-512 -3072 192 ) (-512 -2080 192 ) 
4 125 265 (-1024 -2048 -64 ) (-1024 -2048 -992 ) (-1024 -2080 -992 ) (-1024 -2080 -64 ) 
4 125 126 (-1024 -2080 -992 ) (-512 -2080 -992 ) (-512 -2080 -64 ) (-1024 -2080 -64 ) 
4 126 265 (-1024 -3072 -992 ) (-1024 -3072 -64 ) (-1024 -2080 -64 ) (-1024 -2080 -992 ) 
4 126 263 (-1024 -3072 -64 ) (-1024 -3072 192 ) (-1024 -2176 192 ) (-1024 -2176 -64 ) 
4 126 260 (-1024 -2176 192 ) (-1024 -2080 192 ) (-1024 -2080 -64 ) (-1024 -2176 -64 ) 
4 126 129 (-512 -3072 192 ) (-1024 -3072 192 ) (-1024 -3072 -992 ) (-512 -3072 -992 ) 
4 127 128 (1024 -3072 2528 ) (1024 -3072 -992 ) (1024 -3424 -992 ) (1024 -3424 2528 ) 
4 128 129 (0 -3072 2528 ) (0 -3072 -992 ) (0 -3424 -992 ) (0 -3424 2528 ) 
4 129 321 (-1024 -3424 2528 ) (-1024 -3136 2528 ) (-1024 -3136 -992 ) (-1024 -3424 -992 ) 
4 129 320 (-1024 -3072 -128 ) (-1024 -3072 -992 ) (-1024 -3136 -992 ) (-1024 -3136 -128 ) 
4 129 319 (-1024 -3072 -64 ) (-1024 -3072 -128 ) (-1024 -3136 -128 ) (-1024 -3136 -64 ) 
4 129 317 (-1024 -3072 192 ) (-1024 -3072 -64 ) (-1024 -3136 -64 ) (-1024 -3136 192 ) 
4 129 315 (-1024 -3072 576 ) (-1024 -3072 192 ) (-1024 -3136 192 ) (-1024 -3136 576 ) 
4 129 314 (-1024 -3136 2528 ) (-1024 -3072 2528 ) (-1024 -3072 576 ) (-1024 -3136 576 ) 
4 130 133 (-1472 1632 -64 ) (-1472 2048 -64 ) (-1024 2048 -64 ) (-1024 1632 -64 ) 
4 130 131 (-1472 1632 2528 ) (-1472 1632 64 ) (-1024 1632 64 ) (-1024 1632 2528 ) 
4 130 132 (-1472 2048 -64 ) (-1472 1632 -64 ) (-1472 1632 2528 ) (-1472 2048 2528 ) 
4 131 139 (-1024 1024 64 ) (-1024 1024 2528 ) (-1472 1024 2528 ) (-1472 1024 64 ) 
4 131 132 (-1472 1024 64 ) (-1472 1024 2528 ) (-1472 1632 2528 ) (-1472 1632 64 ) 
4 132 140 (-1472 1024 2528 ) (-2048 1024 2528 ) (-2048 1024 -64 ) (-1472 1024 -64 ) 
4 132 135 (-2048 2048 2528 ) (-2048 2048 -64 ) (-2048 1024 -64 ) (-2048 1024 2528 ) 
4 133 141 (-1024 1024 -992 ) (-1024 1024 -64 ) (-1472 1024 -64 ) (-1472 1024 -992 ) 
4 133 134 (-1472 2048 -992 ) (-1472 1024 -992 ) (-1472 1024 -128 ) (-1472 2048 -128 ) 
4 134 142 (-2048 1024 -128 ) (-2048 1024 -992 ) (-1472 1024 -992 ) (-1472 1024 -128 ) 
4 134 137 (-2048 2048 -128 ) (-2048 2048 -992 ) (-2048 1024 -992 ) (-2048 1024 -128 ) 
4 135 167 (-2472 1024 2528 ) (-2496 1024 2528 ) (-2496 1024 -64 ) (-2472 1024 -64 ) 
4 135 166 (-2048 1024 -64 ) (-2048 1024 2528 ) (-2472 1024 2528 ) (-2472 1024 -64 ) 
4 135 136 (-2496 1024 -64 ) (-2496 1024 2528 ) (-2496 2048 2528 ) (-2496 2048 -64 ) 
4 136 197 (-3072 1024 -64 ) (-3072 1024 -128 ) (-2496 1024 -128 ) (-2496 1024 -64 ) 
4 136 193 (-2816 1024 2528 ) (-3072 1024 2528 ) (-3072 1024 -64 ) (-2816 1024 -64 ) 
4 136 188 (-2768 1024 2528 ) (-2816 1024 2528 ) (-2816 1024 -64 ) (-2768 1024 -64 ) 
4 136 185 (-2536 1024 2528 ) (-2768 1024 2528 ) (-2768 1024 -64 ) (-2536 1024 -64 ) 
4 136 167 (-2496 1024 2528 ) (-2536 1024 2528 ) (-2536 1024 -64 ) (-2496 1024 -64 ) 
4 136 138 (-3072 1024 -128 ) (-3072 1024 2528 ) (-3072 2048 2528 ) (-3072 2048 -128 ) 
4 136 137 (-2496 1024 -128 ) (-3072 1024 -128 ) (-3072 2048 -128 ) (-2496 2048 -128 ) 
4 137 196 (-2048 1024 -992 ) (-2048 1024 -128 ) (-2496 1024 -128 ) (-2496 1024 -992 ) 
4 137 197 (-2496 1024 -128 ) (-3072 1024 -128 ) (-3072 1024 -992 ) (-2496 1024 -992 ) 
4 137 138 (-3072 1024 -992 ) (-3072 1024 -128 ) (-3072 2048 -128 ) (-3072 2048 -992 ) 
4 138 234 (-4096 2048 2528 ) (-4096 2048 -992 ) (-4096 1024 -992 ) (-4096 1024 2528 ) 
4 138 210 (-3072 1024 -992 ) (-3072 1024 -64 ) (-4096 1024 -64 ) (-4096 1024 -992 ) 
4 138 206 (-3168 1024 2528 ) (-3424 1024 2528 ) (-3424 1024 -64 ) (-3168 1024 -64 ) 
4 138 209 (-3424 1024 2528 ) (-4096 1024 2528 ) (-4096 1024 -64 ) (-3424 1024 -64 ) 
4 138 202 (-3168 1024 224 ) (-3168 1024 -64 ) (-3120 1024 -64 ) (-3120 1024 224 ) 
4 138 201 (-3120 1024 2528 ) (-3168 1024 2528 ) (-3168 1024 224 ) (-3120 1024 224 ) 
4 138 199 (-3072 1024 -64 ) (-3072 1024 -24 ) (-3120 1024 -24 ) (-3120 1024 -64 ) 
4 138 198 (-3072 1024 -24 ) (-3072 1024 2528 ) (-3120 1024 2528 ) (-3120 1024 -24 ) 
5 139 146 (-1216.009521 0 544 ) (-1472 0 544 ) (-1472 0 64 ) (-1152 0 64 ) (-1152 0 383.976227 ) 
4 139 145 (-1216 0 576 ) (-1472 0 576 ) (-1472 0 544 ) (-1216 0 544 ) 
4 139 143 (-1024 0 576 ) (-1024 0 2528 ) (-1472 0 2528 ) (-1472 0 576 ) 
4 139 140 (-1472 0 64 ) (-1472 0 2528 ) (-1472 1024 2528 ) (-1472 1024 64 ) 
4 140 174 (-2048 928 -64 ) (-2048 0 -64 ) (-2048 0 224 ) (-2048 928 224 ) 
4 140 173 (-2048 0 224 ) (-2048 0 2528 ) (-2048 928 2528 ) (-2048 928 224 ) 
4 140 166 (-2048 1024 2528 ) (-2048 1024 -64 ) (-2048 928 -64 ) (-2048 928 2528 ) 
4 140 163 (-2048 0 64 ) (-2048 0 -64 ) (-1472 0 -64 ) (-1472 0 64 ) 
4 140 146 (-2048 0 544 ) (-2048 0 64 ) (-1472 0 64 ) (-1472 0 544 ) 
4 140 145 (-2048 0 576 ) (-2048 0 544 ) (-1472 0 544 ) (-1472 0 576 ) 
4 140 143 (-1472 0 2528 ) (-2048 0 2528 ) (-2048 0 576 ) (-1472 0 576 ) 
4 141 165 (-1024 0 -992 ) (-1024 0 -128 ) (-1472 0 -128 ) (-1472 0 -992 ) 
4 141 164 (-1024 0 -128 ) (-1024 0 -64 ) (-1472 0 -64 ) (-1472 0 -128 ) 
4 141 142 (-1472 1024 -992 ) (-1472 0 -992 ) (-1472 0 -128 ) (-1472 1024 -128 ) 
4 142 196 (-2048 1024 -128 ) (-2048 1024 -992 ) (-2048 0 -992 ) (-2048 0 -128 ) 
4 142 165 (-2048 0 -128 ) (-2048 0 -992 ) (-1472 0 -992 ) (-1472 0 -128 ) 
4 143 244 (-1024 -1024 576 ) (-1024 -1024 704 ) (-2048 -1024 704 ) (-2048 -1024 576 ) 
4 143 243 (-1024 -1024 704 ) (-1024 -1024 2528 ) (-2048 -1024 2528 ) (-2048 -1024 704 ) 
4 143 211 (-2048 -1024 576 ) (-2048 -1024 2528 ) (-2048 0 2528 ) (-2048 0 576 ) 
4 143 144 (-1024 -576 576 ) (-1024 -1024 576 ) (-1216 -1024 576 ) (-1216 -576 576 ) 
4 143 145 (-2048 -1024 576 ) (-2048 0 576 ) (-1216 0 576 ) (-1216 -1024 576 ) 
4 144 245 (-1024 -1024 544 ) (-1024 -1024 576 ) (-1216 -1024 576 ) (-1216 -1024 544 ) 
4 144 162 (-1152 -1024 544 ) (-1216 -1024 544 ) (-1216 -576 544 ) (-1152 -576 544 ) 
4 144 160 (-1024 -1024 544 ) (-1152 -1024 544 ) (-1152 -576 544 ) (-1024 -576 544 ) 
4 144 145 (-1216 -576 544 ) (-1216 -1024 544 ) (-1216 -1024 576 ) (-1216 -576 576 ) 
4 145 245 (-1216 -1024 576 ) (-1472 -1024 576 ) (-1472 -1024 544 ) (-1216 -1024 544 ) 
4 145 246 (-1472 -1024 576 ) (-2048 -1024 576 ) (-2048 -1024 544 ) (-1472 -1024 544 ) 
4 145 211 (-2048 -1024 544 ) (-2048 -1024 576 ) (-2048 0 576 ) (-2048 0 544 ) 
4 145 161 (-2048 -576 544 ) (-2048 -512 544 ) (-1216 -512 544 ) (-1216 -576 544 ) 
4 145 162 (-1216 -1024 544 ) (-2048 -1024 544 ) (-2048 -576 544 ) (-1216 -576 544 ) 
4 145 153 (-2048 -512 544 ) (-2048 -320 544 ) (-1216 -320 544 ) (-1216 -512 544 ) 
4 145 152 (-2048 -320 544 ) (-2048 -256 544 ) (-1216 -256 544 ) (-1216 -320 544 ) 
4 145 148 (-2048 -256 544 ) (-2048 -64 544 ) (-1216 -64 544 ) (-1216 -256 544 ) 
4 145 146 (-2048 -64 544 ) (-2048 0 544 ) (-1216 0 544 ) (-1216 -64 544 ) 
4 146 212 (-2048 0 224 ) (-2048 0 64 ) (-2048 -64 64 ) (-2048 -64 224 ) 
4 146 211 (-2048 -64 544 ) (-2048 0 544 ) (-2048 0 224 ) (-2048 -64 224 ) 
4 146 163 (-2048 -64 64 ) (-2048 0 64 ) (-1472 0 64 ) (-1472 -64 64 ) 
5 146 159 (-2048 -64 64 ) (-1152 -64 64 ) (-1152 -64 383.976227 ) (-1152.009521 -64 384 ) (-2048 -64 384 ) 
4 146 150 (-1152.009521 -64 384 ) (-1164.809570 -64 416 ) (-2048 -64 416 ) (-2048 -64 384 ) 
4 146 148 (-1164.809570 -64 416 ) (-1216.009521 -64 544 ) (-2048 -64 544 ) (-2048 -64 416 ) 
4 147 156 (-1024 -512 384 ) (-1080 -512 384 ) (-1080 -64 384 ) (-1024 -64 384 ) 
4 147 154 (-1080 -320 384 ) (-1080 -512 384 ) (-1080 -512 416 ) (-1080 -320 416 ) 
4 147 151 (-1080 -256 384 ) (-1080 -320 384 ) (-1080 -320 544 ) (-1080 -256 544 ) 
4 147 149 (-1080 -64 416 ) (-1080 -64 384 ) (-1080 -256 384 ) (-1080 -256 416 ) 
4 148 211 (-2048 -256 544 ) (-2048 -64 544 ) (-2048 -64 416 ) (-2048 -256 416 ) 
4 148 152 (-1216.009521 -256 544 ) (-2048 -256 544 ) (-2048 -256 416 ) (-1164.809448 -256 416 ) 
4 148 150 (-1152 -256 416 ) (-2048 -256 416 ) (-2048 -64 416 ) (-1152 -64 416 ) 
4 149 156 (-1088 -64 384 ) (-1080 -64 384 ) (-1080 -256 384 ) (-1088 -256 384 ) 
4 149 151 (-1088 -256 384 ) (-1080 -256 384 ) (-1080 -256 416 ) (-1088 -256 416 ) 
4 150 211 (-2048 -64 416 ) (-2048 -64 384 ) (-2048 -256 384 ) (-2048 -256 416 ) 
4 150 159 (-2048 -256 384 ) (-2048 -64 384 ) (-1152 -64 384 ) (-1152 -256 384 ) 
4 150 152 (-2048 -256 384 ) (-1152.009521 -256 384 ) (-1164.809448 -256 416 ) (-2048 -256 416 ) 
4 151 156 (-1088 -256 384 ) (-1080 -256 384 ) (-1080 -320 384 ) (-1088 -320 384 ) 
4 151 154 (-1088 -320 384 ) (-1080 -320 384 ) (-1080 -320 416 ) (-1088 -320 416 ) 
4 152 211 (-2048 -320 544 ) (-2048 -256 544 ) (-2048 -256 384 ) (-2048 -320 384 ) 
4 152 159 (-2048 -320 384 ) (-2048 -256 384 ) (-1152 -256 384 ) (-1152 -320 384 ) 
4 152 155 (-2048 -320 384 ) (-1152.009521 -320 384 ) (-1164.809570 -320 416 ) (-2048 -320 416 ) 
4 152 153 (-1164.809570 -320 416 ) (-1216.009521 -320 544 ) (-2048 -320 544 ) (-2048 -320 416 ) 
4 153 211 (-2048 -512 544 ) (-2048 -320 544 ) (-2048 -320 416 ) (-2048 -512 416 ) 
4 153 161 (-1216.009521 -512 544 ) (-2048 -512 544 ) (-2048 -512 416 ) (-1164.809448 -512 416 ) 
4 153 155 (-2048 -320 416 ) (-1152 -320 416 ) (-1152 -512 416 ) (-2048 -512 416 ) 
4 154 156 (-1080 -512 384 ) (-1088 -512 384 ) (-1088 -320 384 ) (-1080 -320 384 ) 
4 155 211 (-2048 -320 416 ) (-2048 -320 384 ) (-2048 -512 384 ) (-2048 -512 416 ) 
4 155 161 (-2048 -512 416 ) (-2048 -512 384 ) (-1152.009521 -512 384 ) (-1164.809448 -512 416 ) 
4 155 159 (-1152 -512 384 ) (-2048 -512 384 ) (-2048 -320 384 ) (-1152 -320 384 ) 
4 157 159 (-1152 -256 384 ) (-1152 -64 384 ) (-1152 -64 64 ) (-1152 -256 64 ) 
4 158 159 (-1152 -512 64 ) (-1152 -512 384 ) (-1152 -320 384 ) (-1152 -320 64 ) 
4 159 212 (-2048 -64 224 ) (-2048 -64 64 ) (-2048 -512 64 ) (-2048 -512 224 ) 
4 159 211 (-2048 -64 384 ) (-2048 -64 224 ) (-2048 -512 224 ) (-2048 -512 384 ) 
4 159 163 (-2048 -512 64 ) (-2048 -64 64 ) (-1472 -64 64 ) (-1472 -512 64 ) 
4 159 161 (-2048 -512 64 ) (-1152 -512 64 ) (-1152 -512 384 ) (-2048 -512 384 ) 
4 160 245 (-1024 -1024 64 ) (-1024 -1024 544 ) (-1152 -1024 544 ) (-1152 -1024 64 ) 
4 160 162 (-1152 -576 64 ) (-1152 -1024 64 ) (-1152 -1024 544 ) (-1152 -576 544 ) 
4 161 212 (-2048 -512 224 ) (-2048 -512 64 ) (-2048 -576 64 ) (-2048 -576 224 ) 
4 161 211 (-2048 -576 544 ) (-2048 -512 544 ) (-2048 -512 224 ) (-2048 -576 224 ) 
4 161 163 (-2048 -576 64 ) (-2048 -512 64 ) (-1472 -512 64 ) (-1472 -576 64 ) 
5 161 162 (-2048 -576 64 ) (-1152 -576 64 ) (-1152 -576 383.976227 ) (-1216.009521 -576 544 ) (-2048 -576 544 ) 
4 162 245 (-1152 -1024 544 ) (-1472 -1024 544 ) (-1472 -1024 64 ) (-1152 -1024 64 ) 
4 162 246 (-1472 -1024 544 ) (-2048 -1024 544 ) (-2048 -1024 64 ) (-1472 -1024 64 ) 
4 162 212 (-2048 -1024 64 ) (-2048 -1024 224 ) (-2048 -576 224 ) (-2048 -576 64 ) 
4 162 211 (-2048 -1024 224 ) (-2048 -1024 544 ) (-2048 -576 544 ) (-2048 -576 224 ) 
4 162 163 (-2048 -1024 64 ) (-2048 -576 64 ) (-1472 -576 64 ) (-1472 -1024 64 ) 
4 163 246 (-1472 -1024 64 ) (-2048 -1024 64 ) (-2048 -1024 -64 ) (-1472 -1024 -64 ) 
4 163 212 (-2048 -1024 -64 ) (-2048 -1024 64 ) (-2048 0 64 ) (-2048 0 -64 ) 
4 164 250 (-1024 -1024 -128 ) (-1024 -1024 -64 ) (-1472 -1024 -64 ) (-1472 -1024 -128 ) 
4 164 165 (-1472 0 -128 ) (-1024 0 -128 ) (-1024 -1024 -128 ) (-1472 -1024 -128 ) 
4 165 251 (-1472 -1024 -128 ) (-2048 -1024 -128 ) (-2048 -1024 -992 ) (-1472 -1024 -992 ) 
4 165 250 (-1024 -1024 -992 ) (-1024 -1024 -128 ) (-1472 -1024 -128 ) (-1472 -1024 -992 ) 
4 165 231 (-2048 -1024 -992 ) (-2048 -1024 -128 ) (-2048 0 -128 ) (-2048 0 -992 ) 
4 166 174 (-2472 928 -64 ) (-2048 928 -64 ) (-2048 928 224 ) (-2472 928 224 ) 
4 166 173 (-2048 928 224 ) (-2048 928 2528 ) (-2472 928 2528 ) (-2472 928 224 ) 
4 166 170 (-2472 944 -64 ) (-2472 928 -64 ) (-2472 928 224 ) (-2472 944 224 ) 
4 166 169 (-2472 992 -64 ) (-2472 976 -64 ) (-2472 976 224 ) (-2472 992 224 ) 
4 166 168 (-2472 928 224 ) (-2472 928 2528 ) (-2472 992 2528 ) (-2472 992 224 ) 
4 166 167 (-2472 1024 -64 ) (-2472 992 -64 ) (-2472 992 2528 ) (-2472 1024 2528 ) 
4 167 197 (-2536 992 -64 ) (-2536 1024 -64 ) (-2496 1024 -64 ) (-2496 992 -64 ) 
4 167 185 (-2536 1024 2528 ) (-2536 1024 -64 ) (-2536 992 -64 ) (-2536 992 2528 ) 
4 167 171 (-2520 992 224 ) (-2536 992 224 ) (-2536 992 -64 ) (-2520 992 -64 ) 
4 167 169 (-2472 992 -64 ) (-2472 992 224 ) (-2488 992 224 ) (-2488 992 -64 ) 
4 167 168 (-2472 992 224 ) (-2472 992 2528 ) (-2536 992 2528 ) (-2536 992 224 ) 
4 168 186 (-2536 952 2528 ) (-2536 968 2528 ) (-2536 968 224 ) (-2536 952 224 ) 
4 168 185 (-2536 968 2528 ) (-2536 992 2528 ) (-2536 992 224 ) (-2536 968 224 ) 
4 168 187 (-2536 928 224 ) (-2536 928 2528 ) (-2536 952 2528 ) (-2536 952 224 ) 
4 168 173 (-2536 928 2528 ) (-2536 928 224 ) (-2472 928 224 ) (-2472 928 2528 ) 
3 168 172 (-2520 928 224 ) (-2536 928 224 ) (-2536 944 224 ) 
3 168 171 (-2536 992 224 ) (-2520 992 224 ) (-2536 976 224 ) 
3 168 170 (-2472 944 224 ) (-2472 928 224 ) (-2488 928 224 ) 
3 168 169 (-2488 992 224 ) (-2472 992 224 ) (-2472 976 224 ) 
4 170 175 (-2488 928 -64 ) (-2472 928 -64 ) (-2472 928 224 ) (-2488 928 224 ) 
3 171 197 (-2536 976 -64 ) (-2536 992 -64 ) (-2520 992 -64 ) 
4 171 185 (-2536 992 -64 ) (-2536 976 -64 ) (-2536 976 224 ) (-2536 992 224 ) 
3 172 197 (-2536 928 -64 ) (-2536 944 -64 ) (-2520 928 -64 ) 
4 172 187 (-2536 944 -64 ) (-2536 928 -64 ) (-2536 928 224 ) (-2536 944 224 ) 
4 172 181 (-2536 928 224 ) (-2536 928 -64 ) (-2520 928 -64 ) (-2520 928 224 ) 
4 173 211 (-2048 0 224 ) (-2048 0 2528 ) (-2536 0 2528 ) (-2536 0 224 ) 
4 173 187 (-2536 0 224 ) (-2536 0 2528 ) (-2536 928 2528 ) (-2536 928 224 ) 
3 173 183 (-2536 416 224 ) (-2536 432 224 ) (-2520 416 224 ) 
3 173 182 (-2536 464 224 ) (-2536 480 224 ) (-2520 480 224 ) 
4 173 181 (-2536 480 224 ) (-2536 928 224 ) (-2512 928 224 ) (-2512 480 224 ) 
4 173 184 (-2536 0 224 ) (-2536 416 224 ) (-2512 416 224 ) (-2512 0 224 ) 
4 173 180 (-2496 416 224 ) (-2496 0 224 ) (-2512 0 224 ) (-2512 416 224 ) 
4 173 179 (-2512 928 224 ) (-2496 928 224 ) (-2496 480 224 ) (-2512 480 224 ) 
3 173 177 (-2472 432 224 ) (-2472 416 224 ) (-2488 416 224 ) 
3 173 176 (-2472 480 224 ) (-2472 464 224 ) (-2488 480 224 ) 
4 173 175 (-2496 928 224 ) (-2472 928 224 ) (-2472 480 224 ) (-2496 480 224 ) 
4 173 178 (-2472 416 224 ) (-2472 0 224 ) (-2496 0 224 ) (-2496 416 224 ) 
4 173 174 (-2472 928 224 ) (-2048 928 224 ) (-2048 0 224 ) (-2472 0 224 ) 
4 174 212 (-2048 0 -64 ) (-2048 0 224 ) (-2472 0 224 ) (-2472 0 -64 ) 
4 174 177 (-2472 416 224 ) (-2472 432 224 ) (-2472 432 -64 ) (-2472 416 -64 ) 
4 174 176 (-2472 464 224 ) (-2472 480 224 ) (-2472 480 -64 ) (-2472 464 -64 ) 
4 174 175 (-2472 480 224 ) (-2472 928 224 ) (-2472 928 -64 ) (-2472 480 -64 ) 
4 174 178 (-2472 0 224 ) (-2472 416 224 ) (-2472 416 -64 ) (-2472 0 -64 ) 
4 175 179 (-2496 480 224 ) (-2496 928 224 ) (-2496 928 192 ) (-2496 480 192 ) 
4 175 176 (-2488 480 -64 ) (-2472 480 -64 ) (-2472 480 224 ) (-2488 480 224 ) 
4 177 178 (-2488 416 -64 ) (-2472 416 -64 ) (-2472 416 224 ) (-2488 416 224 ) 
4 178 213 (-2472 0 224 ) (-2496 0 224 ) (-2496 0 -64 ) (-2472 0 -64 ) 
4 178 180 (-2496 0 224 ) (-2496 416 224 ) (-2496 416 192 ) (-2496 0 192 ) 
4 179 181 (-2512 480 224 ) (-2512 928 224 ) (-2512 928 192 ) (-2512 480 192 ) 
4 180 217 (-2496 0 224 ) (-2512 0 224 ) (-2512 0 192 ) (-2496 0 192 ) 
4 180 184 (-2512 0 224 ) (-2512 416 224 ) (-2512 416 192 ) (-2512 0 192 ) 
4 181 197 (-2536 480 -64 ) (-2536 928 -64 ) (-2512 928 -64 ) (-2512 480 -64 ) 
4 181 187 (-2536 928 -64 ) (-2536 480 -64 ) (-2536 480 224 ) (-2536 928 224 ) 
4 181 182 (-2520 480 224 ) (-2536 480 224 ) (-2536 480 -64 ) (-2520 480 -64 ) 
3 182 197 (-2536 464 -64 ) (-2536 480 -64 ) (-2520 480 -64 ) 
4 182 187 (-2536 480 -64 ) (-2536 464 -64 ) (-2536 464 224 ) (-2536 480 224 ) 
3 183 197 (-2536 416 -64 ) (-2536 432 -64 ) (-2520 416 -64 ) 
4 183 187 (-2536 432 -64 ) (-2536 416 -64 ) (-2536 416 224 ) (-2536 432 224 ) 
4 183 184 (-2520 416 224 ) (-2536 416 224 ) (-2536 416 -64 ) (-2520 416 -64 ) 
4 184 223 (-2512 0 224 ) (-2536 0 224 ) (-2536 0 -64 ) (-2512 0 -64 ) 
4 184 197 (-2512 0 -64 ) (-2536 0 -64 ) (-2536 416 -64 ) (-2512 416 -64 ) 
4 184 187 (-2536 416 -64 ) (-2536 0 -64 ) (-2536 0 224 ) (-2536 416 224 ) 
4 185 197 (-2768 968 -64 ) (-2768 1024 -64 ) (-2536 1024 -64 ) (-2536 968 -64 ) 
4 185 189 (-2768 968 224 ) (-2768 968 2528 ) (-2768 992 2528 ) (-2768 992 224 ) 
4 185 188 (-2768 1024 -64 ) (-2768 992 -64 ) (-2768 992 2528 ) (-2768 1024 2528 ) 
4 185 186 (-2536 968 192 ) (-2536 968 2528 ) (-2768 968 2528 ) (-2768 968 192 ) 
4 186 189 (-2768 952 224 ) (-2768 952 2528 ) (-2768 968 2528 ) (-2768 968 224 ) 
4 186 187 (-2536 952 192 ) (-2536 952 2528 ) (-2768 952 2528 ) (-2768 952 192 ) 
4 187 230 (-2768 0 224 ) (-2768 0 -64 ) (-2536 0 -64 ) (-2536 0 224 ) 
4 187 211 (-2768 0 2528 ) (-2768 0 224 ) (-2536 0 224 ) (-2536 0 2528 ) 
4 187 197 (-2536 0 -64 ) (-2768 0 -64 ) (-2768 952 -64 ) (-2536 952 -64 ) 
4 187 189 (-2768 928 224 ) (-2768 928 2528 ) (-2768 952 2528 ) (-2768 952 224 ) 
4 187 192 (-2768 928 -64 ) (-2768 0 -64 ) (-2768 0 2528 ) (-2768 928 2528 ) 
4 188 197 (-2816 992 -64 ) (-2816 1024 -64 ) (-2768 1024 -64 ) (-2768 992 -64 ) 
4 188 193 (-2816 1024 2528 ) (-2816 1024 -64 ) (-2816 992 -64 ) (-2816 992 2528 ) 
4 188 190 (-2800 992 224 ) (-2816 992 224 ) (-2816 992 -64 ) (-2800 992 -64 ) 
4 188 189 (-2768 992 224 ) (-2768 992 2528 ) (-2816 992 2528 ) (-2816 992 224 ) 
4 189 194 (-2816 952 2528 ) (-2816 968 2528 ) (-2816 968 224 ) (-2816 952 224 ) 
4 189 193 (-2816 968 2528 ) (-2816 992 2528 ) (-2816 992 224 ) (-2816 968 224 ) 
4 189 195 (-2816 928 224 ) (-2816 928 2528 ) (-2816 952 2528 ) (-2816 952 224 ) 
3 189 191 (-2800 928 224 ) (-2816 928 224 ) (-2816 944 224 ) 
3 189 190 (-2816 976 224 ) (-2816 992 224 ) (-2800 992 224 ) 
4 189 192 (-2768 928 224 ) (-2768 928 2528 ) (-2816 928 2528 ) (-2816 928 224 ) 
3 190 197 (-2816 976 -64 ) (-2816 992 -64 ) (-2800 992 -64 ) 
4 190 193 (-2816 992 -64 ) (-2816 976 -64 ) (-2816 976 224 ) (-2816 992 224 ) 
3 191 197 (-2816 928 -64 ) (-2816 944 -64 ) (-2800 928 -64 ) 
4 191 195 (-2816 944 -64 ) (-2816 928 -64 ) (-2816 928 224 ) (-2816 944 224 ) 
4 191 192 (-2800 928 224 ) (-2816 928 224 ) (-2816 928 -64 ) (-2800 928 -64 ) 
4 192 230 (-2816 0 224 ) (-2816 0 -64 ) (-2768 0 -64 ) (-2768 0 224 ) 
4 192 211 (-2816 0 2528 ) (-2816 0 224 ) (-2768 0 224 ) (-2768 0 2528 ) 
4 192 197 (-2768 0 -64 ) (-2816 0 -64 ) (-2816 928 -64 ) (-2768 928 -64 ) 
4 192 195 (-2816 928 -64 ) (-2816 0 -64 ) (-2816 0 2528 ) (-2816 928 2528 ) 
4 193 199 (-3072 1024 -24 ) (-3072 1024 -64 ) (-3072 968 -64 ) (-3072 968 -24 ) 
4 193 198 (-3072 1024 2528 ) (-3072 1024 -24 ) (-3072 968 -24 ) (-3072 968 2528 ) 
4 193 197 (-3072 968 -64 ) (-3072 1024 -64 ) (-2816 1024 -64 ) (-2816 968 -64 ) 
4 193 194 (-2816 968 -24 ) (-2816 968 2528 ) (-3072 968 2528 ) (-3072 968 -24 ) 
4 194 198 (-3072 952 -24 ) (-3072 952 2528 ) (-3072 968 2528 ) (-3072 968 -24 ) 
4 194 195 (-2816 952 -24 ) (-2816 952 2528 ) (-3072 952 2528 ) (-3072 952 -24 ) 
4 195 230 (-3072 0 224 ) (-3072 0 -64 ) (-2816 0 -64 ) (-2816 0 224 ) 
4 195 211 (-3072 0 2528 ) (-3072 0 224 ) (-2816 0 224 ) (-2816 0 2528 ) 
4 195 200 (-3072 952 -64 ) (-3072 0 -64 ) (-3072 0 -24 ) (-3072 952 -24 ) 
4 195 198 (-3072 0 -24 ) (-3072 0 2528 ) (-3072 952 2528 ) (-3072 952 -24 ) 
4 195 197 (-2816 0 -64 ) (-3072 0 -64 ) (-3072 952 -64 ) (-2816 952 -64 ) 
4 196 231 (-2048 0 -992 ) (-2048 0 -128 ) (-2496 0 -128 ) (-2496 0 -992 ) 
4 196 197 (-2496 1024 -992 ) (-2496 0 -992 ) (-2496 0 -128 ) (-2496 1024 -128 ) 
4 197 232 (-2496 0 -64 ) (-3072 0 -64 ) (-3072 0 -992 ) (-2496 0 -992 ) 
4 197 210 (-3072 1024 -64 ) (-3072 1024 -992 ) (-3072 0 -992 ) (-3072 0 -64 ) 
4 198 233 (-3072 0 -24 ) (-3072 0 2528 ) (-3120 0 2528 ) (-3120 0 -24 ) 
4 198 204 (-3120 976 224 ) (-3120 992 224 ) (-3120 992 -24 ) (-3120 976 -24 ) 
4 198 203 (-3120 928 224 ) (-3120 944 224 ) (-3120 944 -24 ) (-3120 928 -24 ) 
4 198 202 (-3120 992 224 ) (-3120 1024 224 ) (-3120 1024 -24 ) (-3120 992 -24 ) 
4 198 205 (-3120 0 -24 ) (-3120 0 224 ) (-3120 928 224 ) (-3120 928 -24 ) 
4 198 201 (-3120 0 224 ) (-3120 0 2528 ) (-3120 1024 2528 ) (-3120 1024 224 ) 
4 198 199 (-3120 968 -24 ) (-3120 1024 -24 ) (-3072 1024 -24 ) (-3072 968 -24 ) 
4 198 200 (-3072 0 -24 ) (-3120 0 -24 ) (-3120 952 -24 ) (-3072 952 -24 ) 
4 199 210 (-3072 1024 -64 ) (-3072 968 -64 ) (-3120 968 -64 ) (-3120 1024 -64 ) 
4 199 204 (-3120 992 -64 ) (-3120 976 -64 ) (-3120 976 -24 ) (-3120 992 -24 ) 
4 199 202 (-3120 1024 -64 ) (-3120 992 -64 ) (-3120 992 -24 ) (-3120 1024 -24 ) 
4 200 233 (-3072 0 -64 ) (-3072 0 -24 ) (-3120 0 -24 ) (-3120 0 -64 ) 
4 200 210 (-3072 952 -64 ) (-3072 0 -64 ) (-3120 0 -64 ) (-3120 952 -64 ) 
4 200 203 (-3120 944 -64 ) (-3120 928 -64 ) (-3120 928 -24 ) (-3120 944 -24 ) 
4 200 205 (-3120 928 -64 ) (-3120 0 -64 ) (-3120 0 -24 ) (-3120 928 -24 ) 
4 201 233 (-3168 0 2528 ) (-3168 0 224 ) (-3120 0 224 ) (-3120 0 2528 ) 
4 201 207 (-3168 968 224 ) (-3168 952 224 ) (-3168 952 2528 ) (-3168 968 2528 ) 
4 201 206 (-3168 1024 2528 ) (-3168 1024 224 ) (-3168 968 224 ) (-3168 968 2528 ) 
4 201 208 (-3168 952 224 ) (-3168 0 224 ) (-3168 0 2528 ) (-3168 952 2528 ) 
3 201 204 (-3136 992 224 ) (-3120 992 224 ) (-3120 976 224 ) 
3 201 203 (-3120 944 224 ) (-3120 928 224 ) (-3136 928 224 ) 
4 201 202 (-3168 992 224 ) (-3168 1024 224 ) (-3120 1024 224 ) (-3120 992 224 ) 
4 201 205 (-3168 0 224 ) (-3168 928 224 ) (-3120 928 224 ) (-3120 0 224 ) 
4 202 210 (-3168 992 -64 ) (-3168 1024 -64 ) (-3120 1024 -64 ) (-3120 992 -64 ) 
4 202 206 (-3168 1024 224 ) (-3168 1024 -64 ) (-3168 992 -64 ) (-3168 992 224 ) 
4 202 204 (-3120 992 -64 ) (-3120 992 224 ) (-3136 992 224 ) (-3136 992 -64 ) 
3 203 210 (-3120 944 -64 ) (-3120 928 -64 ) (-3136 928 -64 ) 
4 203 205 (-3120 928 -64 ) (-3120 928 224 ) (-3136 928 224 ) (-3136 928 -64 ) 
3 204 210 (-3136 992 -64 ) (-3120 992 -64 ) (-3120 976 -64 ) 
4 205 233 (-3168 0 224 ) (-3168 0 -64 ) (-3120 0 -64 ) (-3120 0 224 ) 
4 205 210 (-3120 0 -64 ) (-3168 0 -64 ) (-3168 928 -64 ) (-3120 928 -64 ) 
4 205 208 (-3168 928 -64 ) (-3168 0 -64 ) (-3168 0 224 ) (-3168 928 224 ) 
4 206 210 (-3424 968 -64 ) (-3424 1024 -64 ) (-3168 1024 -64 ) (-3168 968 -64 ) 
4 206 207 (-3424 968 2528 ) (-3424 968 192 ) (-3168 968 192 ) (-3168 968 2528 ) 
4 206 209 (-3424 1024 -64 ) (-3424 968 -64 ) (-3424 968 2528 ) (-3424 1024 2528 ) 
4 207 209 (-3424 952 192 ) (-3424 952 2528 ) (-3424 968 2528 ) (-3424 968 192 ) 
4 207 208 (-3424 952 2528 ) (-3424 952 192 ) (-3168 952 192 ) (-3168 952 2528 ) 
4 208 233 (-3424 0 -64 ) (-3168 0 -64 ) (-3168 0 2528 ) (-3424 0 2528 ) 
4 208 210 (-3168 0 -64 ) (-3424 0 -64 ) (-3424 952 -64 ) (-3168 952 -64 ) 
4 208 209 (-3424 952 -64 ) (-3424 0 -64 ) (-3424 0 2528 ) (-3424 952 2528 ) 
4 209 236 (-4096 0 -64 ) (-4096 0 2528 ) (-4096 1024 2528 ) (-4096 1024 -64 ) 
4 209 233 (-4096 0 2528 ) (-4096 0 -64 ) (-3424 0 -64 ) (-3424 0 2528 ) 
4 209 210 (-3424 0 -64 ) (-4096 0 -64 ) (-4096 1024 -64 ) (-3424 1024 -64 ) 
4 210 236 (-4096 0 -992 ) (-4096 0 -64 ) (-4096 1024 -64 ) (-4096 1024 -992 ) 
4 210 233 (-3072 0 -992 ) (-3072 0 -64 ) (-4096 0 -64 ) (-4096 0 -992 ) 
4 211 270 (-2472 -1024 576 ) (-2536 -1024 576 ) (-2536 -1024 224 ) (-2472 -1024 224 ) 
4 211 269 (-2048 -1024 224 ) (-2048 -1024 576 ) (-2472 -1024 576 ) (-2472 -1024 224 ) 
4 211 281 (-2536 -1024 576 ) (-3072 -1024 576 ) (-3072 -1024 224 ) (-2536 -1024 224 ) 
4 211 268 (-2048 -1024 576 ) (-2048 -1024 704 ) (-3072 -1024 704 ) (-3072 -1024 576 ) 
4 211 267 (-2048 -1024 704 ) (-2048 -1024 2528 ) (-3072 -1024 2528 ) (-3072 -1024 704 ) 
4 211 233 (-3072 0 2528 ) (-3072 0 224 ) (-3072 -1024 224 ) (-3072 -1024 2528 ) 
3 211 228 (-2536 -608 224 ) (-2536 -592 224 ) (-2520 -608 224 ) 
3 211 227 (-2536 -560 224 ) (-2536 -544 224 ) (-2520 -544 224 ) 
4 211 229 (-2512 -1024 224 ) (-2536 -1024 224 ) (-2536 -608 224 ) (-2512 -608 224 ) 
3 211 225 (-2536 -96 224 ) (-2536 -80 224 ) (-2520 -96 224 ) 
3 211 224 (-2536 -48 224 ) (-2536 -32 224 ) (-2520 -32 224 ) 
4 211 223 (-2536 -32 224 ) (-2536 0 224 ) (-2512 0 224 ) (-2512 -32 224 ) 
4 211 226 (-2536 -544 224 ) (-2536 -96 224 ) (-2512 -96 224 ) (-2512 -544 224 ) 
4 211 222 (-2496 -1024 224 ) (-2512 -1024 224 ) (-2512 -608 224 ) (-2496 -608 224 ) 
3 211 220 (-2472 -592 224 ) (-2472 -608 224 ) (-2488 -608 224 ) 
3 211 219 (-2488 -544 224 ) (-2472 -544 224 ) (-2472 -560 224 ) 
4 211 221 (-2472 -1024 224 ) (-2496 -1024 224 ) (-2496 -608 224 ) (-2472 -608 224 ) 
4 211 218 (-2512 -544 224 ) (-2512 -96 224 ) (-2496 -96 224 ) (-2496 -544 224 ) 
4 211 217 (-2512 -32 224 ) (-2512 0 224 ) (-2496 0 224 ) (-2496 -32 224 ) 
3 211 215 (-2472 -80 224 ) (-2472 -96 224 ) (-2488 -96 224 ) 
3 211 214 (-2472 -32 224 ) (-2472 -48 224 ) (-2488 -32 224 ) 
4 211 213 (-2496 0 224 ) (-2472 0 224 ) (-2472 -32 224 ) (-2496 -32 224 ) 
4 211 216 (-2472 -96 224 ) (-2472 -544 224 ) (-2496 -544 224 ) (-2496 -96 224 ) 
4 211 212 (-2048 -1024 224 ) (-2472 -1024 224 ) (-2472 0 224 ) (-2048 0 224 ) 
4 211 230 (-2536 -1024 224 ) (-3072 -1024 224 ) (-3072 0 224 ) (-2536 0 224 ) 
4 212 269 (-2048 -1024 -64 ) (-2048 -1024 224 ) (-2472 -1024 224 ) (-2472 -1024 -64 ) 
4 212 220 (-2472 -592 -64 ) (-2472 -608 -64 ) (-2472 -608 224 ) (-2472 -592 224 ) 
4 212 219 (-2472 -544 -64 ) (-2472 -560 -64 ) (-2472 -560 224 ) (-2472 -544 224 ) 
4 212 221 (-2472 -608 -64 ) (-2472 -1024 -64 ) (-2472 -1024 224 ) (-2472 -608 224 ) 
4 212 215 (-2472 -80 -64 ) (-2472 -96 -64 ) (-2472 -96 224 ) (-2472 -80 224 ) 
4 212 214 (-2472 -32 -64 ) (-2472 -48 -64 ) (-2472 -48 224 ) (-2472 -32 224 ) 
4 212 213 (-2472 0 -64 ) (-2472 -32 -64 ) (-2472 -32 224 ) (-2472 0 224 ) 
4 212 216 (-2472 -96 -64 ) (-2472 -544 -64 ) (-2472 -544 224 ) (-2472 -96 224 ) 
4 213 217 (-2496 -32 192 ) (-2496 -32 224 ) (-2496 0 224 ) (-2496 0 192 ) 
4 213 214 (-2488 -32 -64 ) (-2472 -32 -64 ) (-2472 -32 224 ) (-2488 -32 224 ) 
4 215 216 (-2488 -96 -64 ) (-2472 -96 -64 ) (-2472 -96 224 ) (-2488 -96 224 ) 
4 216 219 (-2488 -544 -64 ) (-2472 -544 -64 ) (-2472 -544 224 ) (-2488 -544 224 ) 
4 216 218 (-2496 -544 192 ) (-2496 -544 224 ) (-2496 -96 224 ) (-2496 -96 192 ) 
4 217 223 (-2512 -32 192 ) (-2512 -32 224 ) (-2512 0 224 ) (-2512 0 192 ) 
4 218 226 (-2512 -544 192 ) (-2512 -544 224 ) (-2512 -96 224 ) (-2512 -96 192 ) 
4 220 221 (-2488 -608 -64 ) (-2472 -608 -64 ) (-2472 -608 224 ) (-2488 -608 224 ) 
4 221 271 (-2472 -1024 224 ) (-2496 -1024 224 ) (-2496 -1024 -64 ) (-2472 -1024 -64 ) 
4 221 222 (-2496 -1024 192 ) (-2496 -1024 224 ) (-2496 -608 224 ) (-2496 -608 192 ) 
4 222 275 (-2496 -1024 224 ) (-2512 -1024 224 ) (-2512 -1024 192 ) (-2496 -1024 192 ) 
4 222 229 (-2512 -1024 192 ) (-2512 -1024 224 ) (-2512 -608 224 ) (-2512 -608 192 ) 
4 223 232 (-2536 0 -64 ) (-2512 0 -64 ) (-2512 -32 -64 ) (-2536 -32 -64 ) 
4 223 224 (-2536 -32 224 ) (-2536 -32 -64 ) (-2520 -32 -64 ) (-2520 -32 224 ) 
4 223 230 (-2536 0 -64 ) (-2536 -32 -64 ) (-2536 -32 224 ) (-2536 0 224 ) 
3 224 232 (-2536 -48 -64 ) (-2536 -32 -64 ) (-2520 -32 -64 ) 
4 224 230 (-2536 -32 -64 ) (-2536 -48 -64 ) (-2536 -48 224 ) (-2536 -32 224 ) 
3 225 232 (-2520 -96 -64 ) (-2536 -96 -64 ) (-2536 -80 -64 ) 
4 225 226 (-2536 -96 224 ) (-2536 -96 -64 ) (-2520 -96 -64 ) (-2520 -96 224 ) 
4 225 230 (-2536 -80 -64 ) (-2536 -96 -64 ) (-2536 -96 224 ) (-2536 -80 224 ) 
4 226 232 (-2512 -96 -64 ) (-2512 -544 -64 ) (-2536 -544 -64 ) (-2536 -96 -64 ) 
4 226 227 (-2536 -544 224 ) (-2536 -544 -64 ) (-2520 -544 -64 ) (-2520 -544 224 ) 
4 226 230 (-2536 -96 -64 ) (-2536 -544 -64 ) (-2536 -544 224 ) (-2536 -96 224 ) 
3 227 232 (-2536 -560 -64 ) (-2536 -544 -64 ) (-2520 -544 -64 ) 
4 227 230 (-2536 -544 -64 ) (-2536 -560 -64 ) (-2536 -560 224 ) (-2536 -544 224 ) 
3 228 232 (-2520 -608 -64 ) (-2536 -608 -64 ) (-2536 -592 -64 ) 
4 228 230 (-2536 -592 -64 ) (-2536 -608 -64 ) (-2536 -608 224 ) (-2536 -592 224 ) 
4 228 229 (-2536 -608 224 ) (-2536 -608 -64 ) (-2520 -608 -64 ) (-2520 -608 224 ) 
4 229 277 (-2512 -1024 224 ) (-2536 -1024 224 ) (-2536 -1024 -64 ) (-2512 -1024 -64 ) 
4 229 232 (-2512 -608 -64 ) (-2512 -1024 -64 ) (-2536 -1024 -64 ) (-2536 -608 -64 ) 
4 229 230 (-2536 -608 -64 ) (-2536 -1024 -64 ) (-2536 -1024 224 ) (-2536 -608 224 ) 
4 230 281 (-2536 -1024 224 ) (-3072 -1024 224 ) (-3072 -1024 -64 ) (-2536 -1024 -64 ) 
4 230 233 (-3072 0 224 ) (-3072 0 -64 ) (-3072 -1024 -64 ) (-3072 -1024 224 ) 
4 230 232 (-3072 0 -64 ) (-2536 0 -64 ) (-2536 -1024 -64 ) (-3072 -1024 -64 ) 
4 231 285 (-2048 -1024 -992 ) (-2048 -1024 -128 ) (-2496 -1024 -128 ) (-2496 -1024 -992 ) 
4 231 232 (-2496 0 -992 ) (-2496 -1024 -992 ) (-2496 -1024 -128 ) (-2496 0 -128 ) 
4 232 286 (-2496 -1024 -64 ) (-3072 -1024 -64 ) (-3072 -1024 -992 ) (-2496 -1024 -992 ) 
4 232 233 (-3072 0 -64 ) (-3072 0 -992 ) (-3072 -1024 -992 ) (-3072 -1024 -64 ) 
4 233 293 (-3072 -1024 -992 ) (-3072 -1024 -64 ) (-4096 -1024 -64 ) (-4096 -1024 -992 ) 
4 233 291 (-3456 -1024 192 ) (-3472 -1024 192 ) (-3472 -1024 -64 ) (-3456 -1024 -64 ) 
4 233 290 (-3072 -1024 -64 ) (-3072 -1024 192 ) (-3456 -1024 192 ) (-3456 -1024 -64 ) 
4 233 292 (-3472 -1024 192 ) (-4096 -1024 192 ) (-4096 -1024 -64 ) (-3472 -1024 -64 ) 
4 233 289 (-3072 -1024 192 ) (-3072 -1024 576 ) (-4096 -1024 576 ) (-4096 -1024 192 ) 
4 233 288 (-3072 -1024 576 ) (-3072 -1024 704 ) (-4096 -1024 704 ) (-4096 -1024 576 ) 
4 233 287 (-3072 -1024 704 ) (-3072 -1024 2528 ) (-4096 -1024 2528 ) (-4096 -1024 704 ) 
4 233 238 (-4096 -1024 -992 ) (-4096 -1024 2528 ) (-4096 0 2528 ) (-4096 0 -992 ) 
4 234 236 (-4096 1024 -992 ) (-4096 1024 2528 ) (-5120 1024 2528 ) (-5120 1024 -992 ) 
4 234 235 (-5120 1024 -992 ) (-5120 1024 2528 ) (-5120 2048 2528 ) (-5120 2048 -992 ) 
4 235 240 (-6144 1024 -992 ) (-6144 1024 2528 ) (-6144 2048 2528 ) (-6144 2048 -992 ) 
4 235 237 (-5120 1024 -992 ) (-5120 1024 2528 ) (-6144 1024 2528 ) (-6144 1024 -992 ) 
4 236 238 (-4096 0 -992 ) (-4096 0 2528 ) (-5120 0 2528 ) (-5120 0 -992 ) 
4 236 237 (-5120 0 -992 ) (-5120 0 2528 ) (-5120 1024 2528 ) (-5120 1024 -992 ) 
4 237 241 (-6144 0 -992 ) (-6144 0 2528 ) (-6144 1024 2528 ) (-6144 1024 -992 ) 
4 237 239 (-6144 0 2528 ) (-6144 0 -992 ) (-5120 0 -992 ) (-5120 0 2528 ) 
4 238 332 (-4096 -1024 -992 ) (-4096 -1024 704 ) (-4160 -1024 704 ) (-4160 -1024 -992 ) 
4 238 334 (-4160 -1024 704 ) (-5120 -1024 704 ) (-5120 -1024 -992 ) (-4160 -1024 -992 ) 
4 238 331 (-4096 -1024 704 ) (-4096 -1024 2528 ) (-5120 -1024 2528 ) (-5120 -1024 704 ) 
4 238 239 (-5120 0 2528 ) (-5120 0 -992 ) (-5120 -1024 -992 ) (-5120 -1024 2528 ) 
4 239 335 (-5120 -1024 -992 ) (-5120 -1024 2528 ) (-6144 -1024 2528 ) (-6144 -1024 -992 ) 
4 239 242 (-6144 -1024 -992 ) (-6144 -1024 2528 ) (-6144 0 2528 ) (-6144 0 -992 ) 
4 240 241 (-6144 1024 -992 ) (-6144 1024 2528 ) (-6752 1024 2528 ) (-6752 1024 -992 ) 
4 241 242 (-6144 0 -992 ) (-6144 0 2528 ) (-6752 0 2528 ) (-6752 0 -992 ) 
4 242 338 (-6144 -1024 -992 ) (-6144 -1024 2528 ) (-6752 -1024 2528 ) (-6752 -1024 -992 ) 
4 243 267 (-2048 -1024 2528 ) (-2048 -1024 704 ) (-2048 -2048 704 ) (-2048 -2048 2528 ) 
4 243 252 (-1024 -2048 704 ) (-1024 -2048 2528 ) (-2048 -2048 2528 ) (-2048 -2048 704 ) 
4 243 244 (-2048 -1536 704 ) (-2048 -1024 704 ) (-1024 -1024 704 ) (-1024 -1536 704 ) 
4 244 268 (-2048 -1024 704 ) (-2048 -1024 576 ) (-2048 -1536 576 ) (-2048 -1536 704 ) 
4 244 245 (-1472 -1024 576 ) (-1024 -1024 576 ) (-1024 -1536 576 ) (-1472 -1536 576 ) 
4 244 246 (-2048 -1536 576 ) (-2048 -1024 576 ) (-1472 -1024 576 ) (-1472 -1536 576 ) 
4 245 247 (-1024 -1600 192 ) (-1024 -1600 576 ) (-1472 -1600 576 ) (-1472 -1600 192 ) 
4 245 246 (-1472 -1600 64 ) (-1472 -1600 576 ) (-1472 -1024 576 ) (-1472 -1024 64 ) 
4 246 269 (-2048 -1024 576 ) (-2048 -1024 -64 ) (-2048 -1600 -64 ) (-2048 -1600 576 ) 
4 246 249 (-2048 -1600 -64 ) (-1600 -1600 -64 ) (-1600 -1600 192 ) (-2048 -1600 192 ) 
4 246 247 (-1472 -1600 192 ) (-1472 -1600 576 ) (-1568 -1600 576 ) (-1568 -1600 192 ) 
4 246 248 (-1568 -1600 576 ) (-2048 -1600 576 ) (-2048 -1600 192 ) (-1568 -1600 192 ) 
4 247 248 (-1568 -1600 576 ) (-1568 -1600 192 ) (-1568 -1632 192 ) (-1568 -1632 576 ) 
4 248 282 (-2048 -2048 192 ) (-2048 -2048 576 ) (-2048 -1600 576 ) (-2048 -1600 192 ) 
4 248 255 (-1568 -2048 576 ) (-2048 -2048 576 ) (-2048 -2048 192 ) (-1568 -2048 192 ) 
4 248 249 (-1600 -2048 192 ) (-2048 -2048 192 ) (-2048 -1600 192 ) (-1600 -1600 192 ) 
4 249 284 (-2048 -1600 -64 ) (-2048 -2048 -64 ) (-2048 -2048 192 ) (-2048 -1600 192 ) 
4 249 259 (-1600 -2048 192 ) (-2048 -2048 192 ) (-2048 -2048 -64 ) (-1600 -2048 -64 ) 
4 250 265 (-1024 -2048 -992 ) (-1024 -2048 -64 ) (-1472 -2048 -64 ) (-1472 -2048 -992 ) 
4 250 251 (-1472 -1024 -992 ) (-1472 -2048 -992 ) (-1472 -2048 -128 ) (-1472 -1024 -128 ) 
4 251 285 (-2048 -1024 -128 ) (-2048 -1024 -992 ) (-2048 -2048 -992 ) (-2048 -2048 -128 ) 
4 251 266 (-2048 -2048 -128 ) (-2048 -2048 -992 ) (-1472 -2048 -992 ) (-1472 -2048 -128 ) 
4 252 294 (-2048 -2112 2528 ) (-2048 -2048 2528 ) (-2048 -2048 704 ) (-2048 -2112 704 ) 
4 252 253 (-1024 -2112 704 ) (-1024 -2112 2528 ) (-2048 -2112 2528 ) (-2048 -2112 704 ) 
4 253 314 (-1024 -3072 576 ) (-1024 -3072 2528 ) (-2048 -3072 2528 ) (-2048 -3072 576 ) 
4 253 295 (-2048 -3072 576 ) (-2048 -3072 704 ) (-2048 -2112 704 ) (-2048 -2112 576 ) 
4 253 294 (-2048 -3072 704 ) (-2048 -3072 2528 ) (-2048 -2112 2528 ) (-2048 -2112 704 ) 
4 253 257 (-1568 -3072 576 ) (-1600 -3072 576 ) (-1600 -2176 576 ) (-1568 -2176 576 ) 
4 253 256 (-1024 -3072 576 ) (-1568 -3072 576 ) (-1568 -2112 576 ) (-1024 -2112 576 ) 
4 254 260 (-1024 -2080 192 ) (-1024 -2112 192 ) (-1568 -2112 192 ) (-1568 -2080 192 ) 
4 254 256 (-1568 -2112 192 ) (-1024 -2112 192 ) (-1024 -2112 576 ) (-1568 -2112 576 ) 
4 255 296 (-2048 -2112 576 ) (-2048 -2048 576 ) (-2048 -2048 192 ) (-2048 -2112 192 ) 
3 255 261 (-1696 -2080 192 ) (-1664 -2080 192 ) (-1696 -2112 192 ) 
4 255 262 (-2048 -2112 192 ) (-2048 -2080 192 ) (-1696 -2080 192 ) (-1696 -2112 192 ) 
4 255 259 (-2048 -2080 192 ) (-2048 -2048 192 ) (-1600 -2048 192 ) (-1632 -2080 192 ) 
7 255 258 (-2048 -2112 192 ) (-1644.800049 -2112 192 ) (-1659 -2112 263 ) (-1735 -2112 377 ) (-1849 -2112 453 ) (-1984 -2112 480 ) (-2048 -2112 467.199982 ) 
4 256 315 (-1024 -3072 192 ) (-1024 -3072 576 ) (-1568 -3072 576 ) (-1568 -3072 192 ) 
4 256 263 (-1024 -2176 192 ) (-1024 -3072 192 ) (-1568 -3072 192 ) (-1568 -2176 192 ) 
4 256 260 (-1568 -2112 192 ) (-1024 -2112 192 ) (-1024 -2176 192 ) (-1568 -2176 192 ) 
4 256 257 (-1568 -2176 192 ) (-1568 -3072 192 ) (-1568 -3072 576 ) (-1568 -2176 576 ) 
4 257 315 (-1568 -3072 576 ) (-1600 -3072 576 ) (-1600 -3072 192 ) (-1568 -3072 192 ) 
4 257 263 (-1568 -2176 192 ) (-1568 -3072 192 ) (-1600 -3072 192 ) (-1600 -2176 192 ) 
7 258 316 (-2048 -3072 467.199982 ) (-2048 -3072 192 ) (-1644.800049 -3072 192 ) (-1659 -3072 263 ) (-1735 -3072 377 ) (-1849 -3072 453 ) (-1984 -3072 480 ) 
4 258 298 (-2048 -3072 192 ) (-2048 -3072 467.199982 ) (-2048 -2112 467.199982 ) (-2048 -2112 192 ) 
4 258 264 (-2048 -3072 192 ) (-2048 -2176 192 ) (-1696 -2176 192 ) (-1696 -3072 192 ) 
4 258 262 (-2048 -2176 192 ) (-2048 -2112 192 ) (-1696 -2112 192 ) (-1696 -2176 192 ) 
4 259 301 (-2048 -2080 192 ) (-2048 -2048 192 ) (-2048 -2048 -64 ) (-2048 -2080 -64 ) 
4 259 261 (-1696 -2080 -64 ) (-1664 -2080 -64 ) (-1664 -2080 192 ) (-1696 -2080 192 ) 
4 259 262 (-2048 -2080 -64 ) (-1696 -2080 -64 ) (-1696 -2080 192 ) (-2048 -2080 192 ) 
4 260 265 (-1472 -2080 -64 ) (-1024 -2080 -64 ) (-1024 -2176 -64 ) (-1472 -2176 -64 ) 
4 260 263 (-1568 -2176 -64 ) (-1024 -2176 -64 ) (-1024 -2176 192 ) (-1568 -2176 192 ) 
4 261 262 (-1696 -2080 192 ) (-1696 -2080 -64 ) (-1696 -2112 -64 ) (-1696 -2112 192 ) 
4 262 302 (-2048 -2176 192 ) (-2048 -2080 192 ) (-2048 -2080 -64 ) (-2048 -2176 -64 ) 
4 262 264 (-2048 -2176 -64 ) (-1696 -2176 -64 ) (-1696 -2176 192 ) (-2048 -2176 192 ) 
4 263 317 (-1024 -3072 -64 ) (-1024 -3072 192 ) (-1600 -3072 192 ) (-1600 -3072 -64 ) 
4 263 265 (-1024 -3072 -64 ) (-1472 -3072 -64 ) (-1472 -2176 -64 ) (-1024 -2176 -64 ) 
4 264 318 (-1696 -3072 192 ) (-2048 -3072 192 ) (-2048 -3072 -64 ) (-1696 -3072 -64 ) 
4 264 305 (-2048 -3072 -64 ) (-2048 -3072 192 ) (-2048 -2176 192 ) (-2048 -2176 -64 ) 
4 265 320 (-1024 -3072 -992 ) (-1024 -3072 -128 ) (-1472 -3072 -128 ) (-1472 -3072 -992 ) 
4 265 319 (-1024 -3072 -128 ) (-1024 -3072 -64 ) (-1472 -3072 -64 ) (-1472 -3072 -128 ) 
4 265 266 (-1472 -2048 -992 ) (-1472 -3072 -992 ) (-1472 -3072 -128 ) (-1472 -2048 -128 ) 
4 266 320 (-2048 -3072 -128 ) (-2048 -3072 -992 ) (-1472 -3072 -992 ) (-1472 -3072 -128 ) 
4 266 308 (-2048 -3072 -992 ) (-2048 -3072 -128 ) (-2048 -2048 -128 ) (-2048 -2048 -992 ) 
4 267 294 (-2048 -2048 704 ) (-2048 -2048 2528 ) (-3072 -2048 2528 ) (-3072 -2048 704 ) 
4 267 287 (-3072 -1024 2528 ) (-3072 -1024 704 ) (-3072 -2048 704 ) (-3072 -2048 2528 ) 
4 267 268 (-3072 -1536 704 ) (-3072 -1024 704 ) (-2048 -1024 704 ) (-2048 -1536 704 ) 
4 268 288 (-3072 -1024 704 ) (-3072 -1024 576 ) (-3072 -1536 576 ) (-3072 -1536 704 ) 
4 268 270 (-2536 -1024 576 ) (-2472 -1024 576 ) (-2472 -1536 576 ) (-2536 -1536 576 ) 
4 268 269 (-2472 -1024 576 ) (-2048 -1024 576 ) (-2048 -1536 576 ) (-2472 -1536 576 ) 
4 268 281 (-3072 -1536 576 ) (-3072 -1024 576 ) (-2536 -1024 576 ) (-2536 -1536 576 ) 
4 269 284 (-2368 -1600 -64 ) (-2048 -1600 -64 ) (-2048 -1600 192 ) (-2368 -1600 192 ) 
4 269 283 (-2400 -1600 576 ) (-2472 -1600 576 ) (-2472 -1600 192 ) (-2400 -1600 192 ) 
4 269 282 (-2048 -1600 192 ) (-2048 -1600 576 ) (-2400 -1600 576 ) (-2400 -1600 192 ) 
4 269 273 (-2472 -1104 -64 ) (-2472 -1120 -64 ) (-2472 -1120 224 ) (-2472 -1104 224 ) 
4 269 272 (-2472 -1056 -64 ) (-2472 -1072 -64 ) (-2472 -1072 224 ) (-2472 -1056 224 ) 
4 269 271 (-2472 -1024 -64 ) (-2472 -1056 -64 ) (-2472 -1056 224 ) (-2472 -1024 224 ) 
4 269 274 (-2472 -1120 -64 ) (-2472 -1600 -64 ) (-2472 -1600 224 ) (-2472 -1120 224 ) 
4 269 270 (-2472 -1600 224 ) (-2472 -1600 576 ) (-2472 -1024 576 ) (-2472 -1024 224 ) 
4 270 283 (-2472 -1600 224 ) (-2472 -1600 576 ) (-2536 -1600 576 ) (-2536 -1600 224 ) 
3 270 279 (-2536 -1120 224 ) (-2536 -1104 224 ) (-2520 -1120 224 ) 
3 270 278 (-2536 -1072 224 ) (-2536 -1056 224 ) (-2520 -1056 224 ) 
4 270 277 (-2536 -1056 224 ) (-2536 -1024 224 ) (-2512 -1024 224 ) (-2512 -1056 224 ) 
4 270 280 (-2536 -1600 224 ) (-2536 -1120 224 ) (-2512 -1120 224 ) (-2512 -1600 224 ) 
4 270 276 (-2496 -1120 224 ) (-2496 -1600 224 ) (-2512 -1600 224 ) (-2512 -1120 224 ) 
4 270 275 (-2512 -1024 224 ) (-2496 -1024 224 ) (-2496 -1056 224 ) (-2512 -1056 224 ) 
3 270 273 (-2472 -1104 224 ) (-2472 -1120 224 ) (-2488 -1120 224 ) 
3 270 272 (-2472 -1056 224 ) (-2472 -1072 224 ) (-2488 -1056 224 ) 
4 270 271 (-2496 -1024 224 ) (-2472 -1024 224 ) (-2472 -1056 224 ) (-2496 -1056 224 ) 
4 270 274 (-2472 -1120 224 ) (-2472 -1600 224 ) (-2496 -1600 224 ) (-2496 -1120 224 ) 
4 270 281 (-2536 -1600 224 ) (-2536 -1600 576 ) (-2536 -1024 576 ) (-2536 -1024 224 ) 
4 271 275 (-2496 -1056 192 ) (-2496 -1056 224 ) (-2496 -1024 224 ) (-2496 -1024 192 ) 
4 271 272 (-2488 -1056 -64 ) (-2472 -1056 -64 ) (-2472 -1056 224 ) (-2488 -1056 224 ) 
4 273 274 (-2488 -1120 -64 ) (-2472 -1120 -64 ) (-2472 -1120 224 ) (-2488 -1120 224 ) 
4 274 283 (-2472 -1600 192 ) (-2472 -1600 224 ) (-2496 -1600 224 ) (-2496 -1600 192 ) 
4 274 276 (-2496 -1600 192 ) (-2496 -1600 224 ) (-2496 -1120 224 ) (-2496 -1120 192 ) 
4 275 277 (-2512 -1056 192 ) (-2512 -1056 224 ) (-2512 -1024 224 ) (-2512 -1024 192 ) 
4 276 283 (-2496 -1600 192 ) (-2496 -1600 224 ) (-2512 -1600 224 ) (-2512 -1600 192 ) 
4 276 280 (-2512 -1600 192 ) (-2512 -1600 224 ) (-2512 -1120 224 ) (-2512 -1120 192 ) 
4 277 286 (-2536 -1024 -64 ) (-2512 -1024 -64 ) (-2512 -1056 -64 ) (-2536 -1056 -64 ) 
4 277 278 (-2520 -1056 224 ) (-2536 -1056 224 ) (-2536 -1056 -64 ) (-2520 -1056 -64 ) 
4 277 281 (-2536 -1024 -64 ) (-2536 -1056 -64 ) (-2536 -1056 224 ) (-2536 -1024 224 ) 
3 278 286 (-2536 -1072 -64 ) (-2536 -1056 -64 ) (-2520 -1056 -64 ) 
4 278 281 (-2536 -1056 -64 ) (-2536 -1072 -64 ) (-2536 -1072 224 ) (-2536 -1056 224 ) 
3 279 286 (-2520 -1120 -64 ) (-2536 -1120 -64 ) (-2536 -1104 -64 ) 
4 279 280 (-2520 -1120 224 ) (-2536 -1120 224 ) (-2536 -1120 -64 ) (-2520 -1120 -64 ) 
4 279 281 (-2536 -1104 -64 ) (-2536 -1120 -64 ) (-2536 -1120 224 ) (-2536 -1104 224 ) 
4 280 286 (-2512 -1120 -64 ) (-2512 -1600 -64 ) (-2536 -1600 -64 ) (-2536 -1120 -64 ) 
4 280 283 (-2512 -1600 192 ) (-2512 -1600 224 ) (-2536 -1600 224 ) (-2536 -1600 192 ) 
4 280 281 (-2536 -1120 -64 ) (-2536 -1600 -64 ) (-2536 -1600 224 ) (-2536 -1120 224 ) 
4 281 290 (-3072 -1024 192 ) (-3072 -1024 -64 ) (-3072 -1600 -64 ) (-3072 -1600 192 ) 
4 281 289 (-3072 -1024 576 ) (-3072 -1024 192 ) (-3072 -1600 192 ) (-3072 -1600 576 ) 
4 281 286 (-3072 -1600 -64 ) (-3072 -1024 -64 ) (-2536 -1024 -64 ) (-2536 -1600 -64 ) 
4 281 283 (-2536 -1600 192 ) (-2536 -1600 576 ) (-3072 -1600 576 ) (-3072 -1600 192 ) 
4 282 296 (-2048 -2048 192 ) (-2048 -2048 576 ) (-2400 -2048 576 ) (-2400 -2048 192 ) 
4 282 284 (-2368 -1600 192 ) (-2048 -1600 192 ) (-2048 -2048 192 ) (-2368 -2048 192 ) 
4 282 283 (-2400 -1600 576 ) (-2400 -1600 192 ) (-2400 -1632 192 ) (-2400 -1632 576 ) 
4 283 289 (-3072 -1632 576 ) (-3072 -1600 576 ) (-3072 -1600 192 ) (-3072 -1632 192 ) 
4 284 301 (-2048 -2048 -64 ) (-2048 -2048 192 ) (-2368 -2048 192 ) (-2368 -2048 -64 ) 
4 285 308 (-2048 -2048 -992 ) (-2048 -2048 -128 ) (-2496 -2048 -128 ) (-2496 -2048 -992 ) 
4 285 286 (-2496 -1024 -992 ) (-2496 -2048 -992 ) (-2496 -2048 -128 ) (-2496 -1024 -128 ) 
4 286 308 (-3072 -2048 -128 ) (-3072 -2048 -992 ) (-2496 -2048 -992 ) (-2496 -2048 -128 ) 
4 286 307 (-2496 -2048 -64 ) (-3072 -2048 -64 ) (-3072 -2048 -128 ) (-2496 -2048 -128 ) 
4 286 293 (-3072 -1024 -64 ) (-3072 -1024 -992 ) (-3072 -2048 -992 ) (-3072 -2048 -64 ) 
4 287 331 (-4096 -1024 2528 ) (-4096 -1024 704 ) (-4096 -2048 704 ) (-4096 -2048 2528 ) 
4 287 309 (-3072 -2048 704 ) (-3072 -2048 2528 ) (-4096 -2048 2528 ) (-4096 -2048 704 ) 
4 287 288 (-4096 -1024 704 ) (-3072 -1024 704 ) (-3072 -1536 704 ) (-4096 -1536 704 ) 
4 288 332 (-4096 -1024 704 ) (-4096 -1024 576 ) (-4096 -1280 576 ) (-4096 -1280 704 ) 
4 288 289 (-4096 -1536 576 ) (-4096 -1024 576 ) (-3072 -1024 576 ) (-3072 -1536 576 ) 
4 289 333 (-4096 -1280 192 ) (-4096 -1632 192 ) (-4096 -1632 320 ) (-4096 -1280 320 ) 
4 289 332 (-4096 -1024 576 ) (-4096 -1024 192 ) (-4096 -1280 192 ) (-4096 -1280 576 ) 
4 289 291 (-3472 -1024 192 ) (-3456 -1024 192 ) (-3456 -1280 192 ) (-3472 -1280 192 ) 
4 289 290 (-3456 -1024 192 ) (-3072 -1024 192 ) (-3072 -1600 192 ) (-3456 -1600 192 ) 
4 289 292 (-4096 -1024 192 ) (-3472 -1024 192 ) (-3472 -1600 192 ) (-4096 -1600 192 ) 
4 290 293 (-3456 -1024 -64 ) (-3072 -1024 -64 ) (-3072 -1600 -64 ) (-3456 -1600 -64 ) 
4 290 291 (-3456 -1024 -64 ) (-3456 -1280 -64 ) (-3456 -1280 192 ) (-3456 -1024 192 ) 
4 291 293 (-3472 -1024 -64 ) (-3456 -1024 -64 ) (-3456 -1280 -64 ) (-3472 -1280 -64 ) 
4 291 292 (-3472 -1024 -64 ) (-3472 -1280 -64 ) (-3472 -1280 192 ) (-3472 -1024 192 ) 
4 292 333 (-4096 -1280 -64 ) (-4096 -1600 -64 ) (-4096 -1600 192 ) (-4096 -1280 192 ) 
4 292 332 (-4096 -1024 192 ) (-4096 -1024 -64 ) (-4096 -1280 -64 ) (-4096 -1280 192 ) 
4 292 293 (-4096 -1600 -64 ) (-4096 -1024 -64 ) (-3472 -1024 -64 ) (-3472 -1600 -64 ) 
4 293 333 (-4096 -1280 -992 ) (-4096 -2048 -992 ) (-4096 -2048 -64 ) (-4096 -1280 -64 ) 
4 293 332 (-4096 -1024 -64 ) (-4096 -1024 -992 ) (-4096 -1280 -992 ) (-4096 -1280 -64 ) 
4 293 313 (-3072 -2048 -992 ) (-3072 -2048 -64 ) (-4096 -2048 -64 ) (-4096 -2048 -992 ) 
4 294 322 (-2048 -3072 704 ) (-2048 -3072 2528 ) (-3072 -3072 2528 ) (-3072 -3072 704 ) 
4 294 309 (-3072 -2048 2528 ) (-3072 -2048 704 ) (-3072 -2112 704 ) (-3072 -2112 2528 ) 
4 294 310 (-3072 -2112 704 ) (-3072 -3072 704 ) (-3072 -3072 2528 ) (-3072 -2112 2528 ) 
4 294 295 (-2048 -2112 704 ) (-2048 -3072 704 ) (-3072 -3072 704 ) (-3072 -2112 704 ) 
4 295 322 (-2048 -3072 576 ) (-2048 -3072 704 ) (-3072 -3072 704 ) (-3072 -3072 576 ) 
4 295 310 (-3072 -2112 576 ) (-3072 -3072 576 ) (-3072 -3072 704 ) (-3072 -2112 704 ) 
4 295 299 (-2368 -3072 576 ) (-2400 -3072 576 ) (-2400 -2176 576 ) (-2368 -2176 576 ) 
4 295 300 (-2400 -3072 576 ) (-3072 -3072 576 ) (-3072 -2112 576 ) (-2400 -2112 576 ) 
3 296 303 (-2272 -2112 192 ) (-2304 -2080 192 ) (-2272 -2080 192 ) 
4 296 302 (-2048 -2080 192 ) (-2048 -2112 192 ) (-2272 -2112 192 ) (-2272 -2080 192 ) 
4 296 301 (-2368 -2048 192 ) (-2048 -2048 192 ) (-2048 -2080 192 ) (-2336 -2080 192 ) 
6 296 298 (-2323.200195 -2112 192 ) (-2048 -2112 192 ) (-2048 -2112 467.199982 ) (-2119 -2112 453 ) (-2233 -2112 377 ) (-2309 -2112 263 ) 
4 297 311 (-3072 -2080 192 ) (-3072 -2112 192 ) (-3072 -2112 576 ) (-3072 -2080 576 ) 
4 297 304 (-2400 -2080 192 ) (-2400 -2112 192 ) (-3072 -2112 192 ) (-3072 -2080 192 ) 
4 297 300 (-3072 -2112 192 ) (-2400 -2112 192 ) (-2400 -2112 576 ) (-3072 -2112 576 ) 
6 298 323 (-2048 -3072 192 ) (-2048 -3072 467.199982 ) (-2119 -3072 453 ) (-2233 -3072 377 ) (-2309 -3072 263 ) (-2323.200195 -3072 192 ) 
4 298 305 (-2048 -2176 192 ) (-2048 -3072 192 ) (-2272 -3072 192 ) (-2272 -2176 192 ) 
4 298 302 (-2048 -2112 192 ) (-2048 -2176 192 ) (-2272 -2176 192 ) (-2272 -2112 192 ) 
4 299 324 (-2368 -3072 576 ) (-2400 -3072 576 ) (-2400 -3072 192 ) (-2368 -3072 192 ) 
4 299 306 (-2368 -3072 192 ) (-2400 -3072 192 ) (-2400 -2176 192 ) (-2368 -2176 192 ) 
4 299 300 (-2400 -2176 192 ) (-2400 -3072 192 ) (-2400 -3072 576 ) (-2400 -2176 576 ) 
4 300 324 (-2400 -3072 576 ) (-3072 -3072 576 ) (-3072 -3072 192 ) (-2400 -3072 192 ) 
4 300 311 (-3072 -2112 192 ) (-3072 -3072 192 ) (-3072 -3072 576 ) (-3072 -2112 576 ) 
4 300 306 (-2400 -3072 192 ) (-3072 -3072 192 ) (-3072 -2176 192 ) (-2400 -2176 192 ) 
4 300 304 (-3072 -2176 192 ) (-3072 -2112 192 ) (-2400 -2112 192 ) (-2400 -2176 192 ) 
4 301 303 (-2304 -2080 -64 ) (-2272 -2080 -64 ) (-2272 -2080 192 ) (-2304 -2080 192 ) 
4 301 302 (-2272 -2080 -64 ) (-2048 -2080 -64 ) (-2048 -2080 192 ) (-2272 -2080 192 ) 
4 302 305 (-2272 -2176 -64 ) (-2048 -2176 -64 ) (-2048 -2176 192 ) (-2272 -2176 192 ) 
4 302 303 (-2272 -2080 192 ) (-2272 -2080 -64 ) (-2272 -2112 -64 ) (-2272 -2112 192 ) 
4 304 312 (-3072 -2080 -64 ) (-3072 -2176 -64 ) (-3072 -2176 192 ) (-3072 -2080 192 ) 
4 304 307 (-3072 -2176 -64 ) (-3072 -2080 -64 ) (-2496 -2080 -64 ) (-2496 -2176 -64 ) 
4 304 306 (-3072 -2176 -64 ) (-2400 -2176 -64 ) (-2400 -2176 192 ) (-3072 -2176 192 ) 
4 305 325 (-2048 -3072 -64 ) (-2048 -3072 192 ) (-2272 -3072 192 ) (-2272 -3072 -64 ) 
4 306 326 (-2368 -3072 192 ) (-3072 -3072 192 ) (-3072 -3072 -64 ) (-2368 -3072 -64 ) 
4 306 312 (-3072 -2176 -64 ) (-3072 -3072 -64 ) (-3072 -3072 192 ) (-3072 -2176 192 ) 
4 306 307 (-2496 -3072 -64 ) (-3072 -3072 -64 ) (-3072 -2176 -64 ) (-2496 -2176 -64 ) 
4 307 328 (-2496 -3072 -64 ) (-3072 -3072 -64 ) (-3072 -3072 -128 ) (-2496 -3072 -128 ) 
4 307 313 (-3072 -2048 -64 ) (-3072 -2048 -128 ) (-3072 -3072 -128 ) (-3072 -3072 -64 ) 
4 307 308 (-3072 -2048 -128 ) (-2496 -2048 -128 ) (-2496 -3072 -128 ) (-3072 -3072 -128 ) 
4 308 327 (-2048 -3072 -992 ) (-2048 -3072 -128 ) (-2496 -3072 -128 ) (-2496 -3072 -992 ) 
4 308 328 (-2496 -3072 -128 ) (-3072 -3072 -128 ) (-3072 -3072 -992 ) (-2496 -3072 -992 ) 
4 308 313 (-3072 -2048 -128 ) (-3072 -2048 -992 ) (-3072 -3072 -992 ) (-3072 -3072 -128 ) 
4 309 336 (-4096 -2112 2528 ) (-4096 -2048 2528 ) (-4096 -2048 704 ) (-4096 -2112 704 ) 
4 309 310 (-3072 -2112 704 ) (-3072 -2112 2528 ) (-4096 -2112 2528 ) (-4096 -2112 704 ) 
4 310 336 (-4096 -3072 576 ) (-4096 -3072 2528 ) (-4096 -2112 2528 ) (-4096 -2112 576 ) 
4 310 330 (-3072 -3072 576 ) (-3072 -3072 2528 ) (-4096 -3072 2528 ) (-4096 -3072 576 ) 
4 310 311 (-3072 -2112 576 ) (-3072 -3072 576 ) (-4096 -3072 576 ) (-4096 -2112 576 ) 
4 311 336 (-4096 -3072 192 ) (-4096 -3072 576 ) (-4096 -2080 576 ) (-4096 -2080 192 ) 
4 311 330 (-3072 -3072 192 ) (-3072 -3072 576 ) (-4096 -3072 576 ) (-4096 -3072 192 ) 
4 311 312 (-3072 -3072 192 ) (-4096 -3072 192 ) (-4096 -2080 192 ) (-3072 -2080 192 ) 
4 312 336 (-4096 -3072 -64 ) (-4096 -3072 192 ) (-4096 -2080 192 ) (-4096 -2080 -64 ) 
4 312 330 (-3072 -3072 -64 ) (-3072 -3072 192 ) (-4096 -3072 192 ) (-4096 -3072 -64 ) 
4 312 313 (-3072 -2080 -64 ) (-3072 -3072 -64 ) (-4096 -3072 -64 ) (-4096 -2080 -64 ) 
4 313 336 (-4096 -3072 -992 ) (-4096 -3072 -64 ) (-4096 -2048 -64 ) (-4096 -2048 -992 ) 
4 313 330 (-3072 -3072 -992 ) (-3072 -3072 -64 ) (-4096 -3072 -64 ) (-4096 -3072 -992 ) 
4 314 322 (-2048 -3072 2528 ) (-2048 -3072 576 ) (-2048 -3136 576 ) (-2048 -3136 2528 ) 
4 314 321 (-2048 -3136 2528 ) (-2048 -3136 576 ) (-1024 -3136 576 ) (-1024 -3136 2528 ) 
4 314 315 (-1024 -3136 576 ) (-1600 -3136 576 ) (-1600 -3072 576 ) (-1024 -3072 576 ) 
4 315 321 (-1600 -3136 192 ) (-1024 -3136 192 ) (-1024 -3136 576 ) (-1600 -3136 576 ) 
4 315 317 (-1024 -3136 192 ) (-1600 -3136 192 ) (-1600 -3072 192 ) (-1024 -3072 192 ) 
4 316 323 (-2048 -3072 467.199982 ) (-2048 -3072 192 ) (-2048 -3136 192 ) (-2048 -3136 467.199982 ) 
7 316 321 (-2048 -3136 467.199982 ) (-2048 -3136 192 ) (-1644.800049 -3136 192 ) (-1659 -3136 263 ) (-1735 -3136 377 ) (-1849 -3136 453 ) (-1984 -3136 480 ) 
4 316 318 (-1696 -3136 192 ) (-2048 -3136 192 ) (-2048 -3072 192 ) (-1696 -3072 192 ) 
4 317 321 (-1600 -3136 -64 ) (-1024 -3136 -64 ) (-1024 -3136 192 ) (-1600 -3136 192 ) 
4 317 319 (-1024 -3136 -64 ) (-1472 -3136 -64 ) (-1472 -3072 -64 ) (-1024 -3072 -64 ) 
4 318 325 (-2048 -3072 192 ) (-2048 -3072 -64 ) (-2048 -3136 -64 ) (-2048 -3136 192 ) 
4 318 321 (-2048 -3136 192 ) (-2048 -3136 -64 ) (-1696 -3136 -64 ) (-1696 -3136 192 ) 
4 319 321 (-1472 -3136 -128 ) (-1024 -3136 -128 ) (-1024 -3136 -64 ) (-1472 -3136 -64 ) 
4 319 320 (-1024 -3136 -128 ) (-1472 -3136 -128 ) (-1472 -3072 -128 ) (-1024 -3072 -128 ) 
4 320 327 (-2048 -3072 -128 ) (-2048 -3072 -992 ) (-2048 -3136 -992 ) (-2048 -3136 -128 ) 
4 320 321 (-2048 -3136 -128 ) (-2048 -3136 -992 ) (-1024 -3136 -992 ) (-1024 -3136 -128 ) 
4 321 329 (-2048 -3424 2528 ) (-2048 -3136 2528 ) (-2048 -3136 -992 ) (-2048 -3424 -992 ) 
4 322 330 (-3072 -3072 2528 ) (-3072 -3072 576 ) (-3072 -3136 576 ) (-3072 -3136 2528 ) 
4 322 329 (-2048 -3136 576 ) (-2048 -3136 2528 ) (-3072 -3136 2528 ) (-3072 -3136 576 ) 
4 322 324 (-2368 -3136 576 ) (-3072 -3136 576 ) (-3072 -3072 576 ) (-2368 -3072 576 ) 
6 323 329 (-2048 -3136 192 ) (-2048 -3136 467.199982 ) (-2119 -3136 453 ) (-2233 -3136 377 ) (-2309 -3136 263 ) (-2323.200195 -3136 192 ) 
4 323 325 (-2048 -3136 192 ) (-2272 -3136 192 ) (-2272 -3072 192 ) (-2048 -3072 192 ) 
4 324 330 (-3072 -3072 576 ) (-3072 -3072 192 ) (-3072 -3136 192 ) (-3072 -3136 576 ) 
4 324 329 (-2368 -3136 576 ) (-3072 -3136 576 ) (-3072 -3136 192 ) (-2368 -3136 192 ) 
4 324 326 (-2368 -3136 192 ) (-3072 -3136 192 ) (-3072 -3072 192 ) (-2368 -3072 192 ) 
4 325 329 (-2048 -3136 -64 ) (-2048 -3136 192 ) (-2272 -3136 192 ) (-2272 -3136 -64 ) 
4 326 330 (-3072 -3072 192 ) (-3072 -3072 -64 ) (-3072 -3136 -64 ) (-3072 -3136 192 ) 
4 326 329 (-2368 -3136 192 ) (-3072 -3136 192 ) (-3072 -3136 -64 ) (-2368 -3136 -64 ) 
4 326 328 (-2496 -3136 -64 ) (-3072 -3136 -64 ) (-3072 -3072 -64 ) (-2496 -3072 -64 ) 
4 327 329 (-2048 -3136 -992 ) (-2048 -3136 -128 ) (-2496 -3136 -128 ) (-2496 -3136 -992 ) 
4 327 328 (-2496 -3072 -992 ) (-2496 -3136 -992 ) (-2496 -3136 -128 ) (-2496 -3072 -128 ) 
4 328 330 (-3072 -3072 -64 ) (-3072 -3072 -992 ) (-3072 -3136 -992 ) (-3072 -3136 -64 ) 
4 328 329 (-2496 -3136 -64 ) (-3072 -3136 -64 ) (-3072 -3136 -992 ) (-2496 -3136 -992 ) 
4 329 330 (-3072 -3424 2528 ) (-3072 -3136 2528 ) (-3072 -3136 -992 ) (-3072 -3424 -992 ) 
4 330 340 (-4096 -3424 2528 ) (-4096 -3072 2528 ) (-4096 -3072 -992 ) (-4096 -3424 -992 ) 
4 331 336 (-4096 -2048 704 ) (-4096 -2048 2528 ) (-5120 -2048 2528 ) (-5120 -2048 704 ) 
4 331 335 (-5120 -1024 2528 ) (-5120 -1024 704 ) (-5120 -2048 704 ) (-5120 -2048 2528 ) 
4 331 332 (-4160 -1280 704 ) (-4160 -1024 704 ) (-4096 -1024 704 ) (-4096 -1280 704 ) 
4 331 334 (-4160 -2048 704 ) (-5120 -2048 704 ) (-5120 -1024 704 ) (-4160 -1024 704 ) 
4 332 333 (-4160 -1280 320 ) (-4160 -1280 -992 ) (-4096 -1280 -992 ) (-4096 -1280 320 ) 
4 332 334 (-4160 -1024 -992 ) (-4160 -1280 -992 ) (-4160 -1280 704 ) (-4160 -1024 704 ) 
4 333 336 (-4096 -2048 -992 ) (-4096 -2048 320 ) (-4160 -2048 320 ) (-4160 -2048 -992 ) 
4 333 334 (-4160 -1280 -992 ) (-4160 -2048 -992 ) (-4160 -2048 320 ) (-4160 -1280 320 ) 
4 334 336 (-4160 -2048 704 ) (-5120 -2048 704 ) (-5120 -2048 -992 ) (-4160 -2048 -992 ) 
4 334 335 (-5120 -1024 704 ) (-5120 -1024 -992 ) (-5120 -2048 -992 ) (-5120 -2048 704 ) 
4 335 338 (-6144 -1024 2528 ) (-6144 -1024 -992 ) (-6144 -2048 -992 ) (-6144 -2048 2528 ) 
4 335 337 (-5120 -2048 -992 ) (-5120 -2048 2528 ) (-6144 -2048 2528 ) (-6144 -2048 -992 ) 
4 336 340 (-4096 -3072 -992 ) (-4096 -3072 2528 ) (-5120 -3072 2528 ) (-5120 -3072 -992 ) 
4 336 337 (-5120 -2048 2528 ) (-5120 -2048 -992 ) (-5120 -3072 -992 ) (-5120 -3072 2528 ) 
4 337 341 (-5120 -3072 -992 ) (-5120 -3072 2528 ) (-6144 -3072 2528 ) (-6144 -3072 -992 ) 
4 337 339 (-6144 -3072 -992 ) (-6144 -3072 2528 ) (-6144 -2048 2528 ) (-6144 -2048 -992 ) 
4 338 339 (-6144 -2048 -992 ) (-6144 -2048 2528 ) (-6752 -2048 2528 ) (-6752 -2048 -992 ) 
4 339 342 (-6144 -3072 -992 ) (-6144 -3072 2528 ) (-6752 -3072 2528 ) (-6752 -3072 -992 ) 
4 340 341 (-5120 -3072 2528 ) (-5120 -3072 -992 ) (-5120 -3424 -992 ) (-5120 -3424 2528 ) 
4 341 342 (-6144 -3072 2528 ) (-6144 -3072 -992 ) (-6144 -3424 -992 ) (-6144 -3424 2528 ) 
