


materialPath: D:\steam\steamapps\sourcemods\entropyzero2-addonworkspace\materials
Loading d:\steam\steamapps\sourcemods\entropyzero2-addonworkspace\mapsrc\subway01_indust.vmf
ConVarRef mat_reduceparticles doesn't point to an existing ConVar
fixing up env_cubemap materials on brush sides...
0...1...2...3...4...5...6...7...8...9...100...1...2...3...4...5...6...7...8...9...10Processing areas...done (0)
Building Faces...done (0)
Chop Details...done (0)
Find Visible Detail Sides...
Merged 138 detail faces...done (0)
Merging details...done (0)
FixTjuncs...
PruneNodes...
WriteBSP...
NODRAW on terrain surface!
NODRAW on terrain surface!
NODRAW on terrain surface!
NODRAW on terrain surface!
done (0)
writing d:\steam\steamapps\sourcemods\entropyzero2-addonworkspace\mapsrc\subway01_indust.prt...Building visibility clusters...
done (0)
Finding displacement neighbors...
Finding lightmap sample positions...
Displacement Alpha : 0...1...2...3...4...5...6...7...8...9...10
Building Physics collision data...
done (0) (81103 bytes)
Placing static props...
Error! To use model "models/props_lab/scrapyarddumpster.mdl"
      with prop_static, it must be compiled with $staticprop!
Error loading studio model "models/props_lab/scrapyarddumpster.mdl"!
Placing detail props : 0...1...2...3...4...5...6...7...8...9...10
Compacting texture/material tables...
Reduced 362 texinfos to 225
Reduced 54 texdatas to 53 (1247 bytes to 1221)
Writing d:\steam\steamapps\sourcemods\entropyzero2-addonworkspace\mapsrc\subway01_indust.bsp
0 seconds elapsed



12 threads
reading d:\steam\steamapps\sourcemods\entropyzero2-addonworkspace\mapsrc\subway01_indust.bsp
reading d:\steam\steamapps\sourcemods\entropyzero2-addonworkspace\mapsrc\subway01_indust.prt
 249 portalclusters
 659 numportals
0...1...2...3...4...5...6...7...8...9...10Optimized: 509 visible clusters (0.86%)
Total clusters visible: 59154
Average clusters visible: 237
Building PAS...
Average clusters audible: 249
visdatasize:17965  compressed from 15936
writing d:\steam\steamapps\sourcemods\entropyzero2-addonworkspace\mapsrc\subway01_indust.bsp
0 seconds elapsed



[Reading texlights from 'lights.rad']
[48 texlights parsed from 'lights.rad']

Loading d:\steam\steamapps\sourcemods\entropyzero2-addonworkspace\mapsrc\subway01_indust.bsp
1274 faces
2958289 square feet [425993600.00 square inches]
7 Displacements
12315 Square Feet [1773445.88 Square Inches]
1274 patches before subdivision
51182 patches after subdivision
2 direct lights
0...1...2...3...4...5...6...7...8...9...100...1...2...3...4...5...6...7...8...9...10transfers 2750195, max 436
transfer lists:  21.0 megs
0...1...2...3...4...5...6...7...8...9...10	Bounce #1 added RGB(25242, 24405, 22351)
0...1...2...3...4...5...6...7...8...9...10	Bounce #2 added RGB(3049, 2880, 2427)
Build Patch/Sample Hash Table(s).....Done<0.0082 sec>
0...1...2...3...4...5...6...7...8...9...10FinalLightFace Done
Computing detail prop lighting : 0...1...2...3...4...5...6...7...8...9...10
0 of 0 (0% of) surface lights went in leaf ambient cubes.
0...1...2...3...4...5...6...7...8...9...10Writing leaf ambient...done
Ready to Finish

Object names       Objects/Maxobjs  Memory / Maxmem  Fullness 
------------       ---------------  ---------------  -------- 
models                   3/1024          144/49152    ( 0.3%) 
brushes                228/8192         2736/98304    ( 2.8%) 
brushsides            1385/65536       11080/524288   ( 2.1%) 
planes                 446/65536        8920/1310720  ( 0.7%) 
vertexes              1924/65536       23088/786432   ( 2.9%) 
nodes                  690/65536       22080/2097152  ( 1.1%) 
texinfos               225/12288       16200/884736   ( 1.8%) 
texdata                 53/2048         1696/65536    ( 2.6%) 
dispinfos                7/0            1232/0        ( 0.0%) 
disp_verts             567/0           11340/0        ( 0.0%) 
disp_tris              896/0            1792/0        ( 0.0%) 
disp_lmsamples       30560/0           30560/0        ( 0.0%) 
faces                 1274/65536       71344/3670016  ( 1.9%) 
hdr faces                0/65536           0/3670016  ( 0.0%) 
origfaces              591/65536       33096/3670016  ( 0.9%) 
leaves                 694/65536       22208/2097152  ( 1.1%) 
leaffaces             1504/65536        3008/131072   ( 2.3%) 
leafbrushes            690/65536        1380/131072   ( 1.1%) 
areas                    2/256            16/2048     ( 0.8%) 
surfedges             8398/512000      33592/2048000  ( 1.6%) 
edges                 5103/256000      20412/1024000  ( 2.0%) 
LDR worldlights          2/65536         176/5767168  ( 0.0%) 
HDR worldlights          0/65536           0/5767168  ( 0.0%) 
leafwaterdata            0/32768           0/393216   ( 0.0%) 
waterstrips            140/32768        1400/327680   ( 0.4%) 
waterverts               0/65536           0/786432   ( 0.0%) 
waterindices          2472/65536        4944/131072   ( 3.8%) 
cubemapsamples           0/1024            0/16384    ( 0.0%) 
overlays                 7/8192         2464/2883584  ( 0.1%) 
LDR lightdata         [variable]      953804/0        ( 0.0%) 
HDR lightdata         [variable]           0/0        ( 0.0%) 
visdata               [variable]       17965/16777216 ( 0.1%) 
entdata               [variable]        4328/393216   ( 1.1%) 
LDR ambient table      694/65536        2776/262144   ( 1.1%) 
HDR ambient table      694/65536        2776/262144   ( 1.1%) 
LDR leaf ambient      1941/65536       54348/1835008  ( 3.0%) 
HDR leaf ambient       694/65536       19432/1835008  ( 1.1%) 
occluders                0/0               0/0        ( 0.0%) 
occluder polygons        0/0               0/0        ( 0.0%) 
occluder vert ind        0/0               0/0        ( 0.0%) 
detail props          [variable]           1/15576    ( 0.0%) 
dtl prp lght          [variable]           1/4        (25.0%) 
HDR dtl prp lght      [variable]           1/4        (25.0%) 
static props          [variable]           1/1896     ( 0.1%) 
pakfile               [variable]          54/0        ( 0.0%) 
physics               [variable]       81103/4194304  ( 1.9%) 
physics terrain       [variable]        1829/1048576  ( 0.2%) 

Level flags = 0

Total triangle count: 3474
Writing d:\steam\steamapps\sourcemods\entropyzero2-addonworkspace\mapsrc\subway01_indust.bsp
4 seconds elapsed



materialPath: D:\steam\steamapps\sourcemods\entropyzero2-addonworkspace\materials
Loading d:\steam\steamapps\sourcemods\entropyzero2-addonworkspace\mapsrc\subway01_indust.vmf
ConVarRef mat_reduceparticles doesn't point to an existing ConVar
Patching WVT material: maps/subway01_indust/concrete/blendbunk_conc01_wvt_patch
fixing up env_cubemap materials on brush sides...
0...1...2...3...4...5...6...7...8...9...100...1...2...3...4...5...6...7...8...9...10Processing areas...done (0)
Building Faces...done (0)
Chop Details...done (0)
Find Visible Detail Sides...
Merged 164 detail faces...done (0)
Merging details...done (0)
FixTjuncs...
PruneNodes...
WriteBSP...
done (0)
writing d:\steam\steamapps\sourcemods\entropyzero2-addonworkspace\mapsrc\subway01_indust.prt...Building visibility clusters...
done (0)
Finding displacement neighbors...
Finding lightmap sample positions...
Displacement Alpha : 0...1...2...3...4...5...6...7...8...9...10
Building Physics collision data...
done (0) (85352 bytes)
Placing static props...
Error! To use model "models/props_c17/slidinggate001.mdl"
      with prop_static, it must be compiled with $staticprop!
Error loading studio model "models/props_c17/slidinggate001.mdl"!
Placing detail props : 0...1...2...3...4...5...6...7...8...9...10
Compacting texture/material tables...
Reduced 393 texinfos to 263
Reduced 63 texdatas to 61 (1506 bytes to 1423)
Writing d:\steam\steamapps\sourcemods\entropyzero2-addonworkspace\mapsrc\subway01_indust.bsp
0 seconds elapsed



12 threads
reading d:\steam\steamapps\sourcemods\entropyzero2-addonworkspace\mapsrc\subway01_indust.bsp
reading d:\steam\steamapps\sourcemods\entropyzero2-addonworkspace\mapsrc\subway01_indust.prt
 343 portalclusters
 930 numportals
0...1...2...3...4...5...6...7...8...9...10Optimized: 1462 visible clusters (1.40%)
Total clusters visible: 104499
Average clusters visible: 304
Building PAS...
Average clusters audible: 342
visdatasize:32242  compressed from 32928
writing d:\steam\steamapps\sourcemods\entropyzero2-addonworkspace\mapsrc\subway01_indust.bsp
0 seconds elapsed



[Reading texlights from 'lights.rad']
[48 texlights parsed from 'lights.rad']

Loading d:\steam\steamapps\sourcemods\entropyzero2-addonworkspace\mapsrc\subway01_indust.bsp
1467 faces
3004420 square feet [432636576.00 square inches]
6 Displacements
27307 Square Feet [3932242.00 Square Inches]
1467 patches before subdivision
58351 patches after subdivision
2 direct lights
0...1...2...3...4...5...6...7...8...9...100...1...2...3...4...5...6...7...8...9...10transfers 3727878, max 478
transfer lists:  28.4 megs
0...1...2...3...4...5...6...7...8...9...10	Bounce #1 added RGB(30448, 29239, 26613)
0...1...2...3...4...5...6...7...8...9...10	Bounce #2 added RGB(3874, 3678, 3094)
Build Patch/Sample Hash Table(s).....Done<0.0096 sec>
0...1...2...3...4...5...6...7...8...9...10FinalLightFace Done
Computing detail prop lighting : 0...1...2...3...4...5...6...7...8...9...10
0 of 0 (0% of) surface lights went in leaf ambient cubes.
0...1...2...3...4...5...6...7...8...9...10Writing leaf ambient...done
Ready to Finish

Object names       Objects/Maxobjs  Memory / Maxmem  Fullness 
------------       ---------------  ---------------  -------- 
models                   1/1024           48/49152    ( 0.1%) 
brushes                238/8192         2856/98304    ( 2.9%) 
brushsides            1491/65536       11928/524288   ( 2.3%) 
planes                 568/65536       11360/1310720  ( 0.9%) 
vertexes              2279/65536       27348/786432   ( 3.5%) 
nodes                  824/65536       26368/2097152  ( 1.3%) 
texinfos               263/12288       18936/884736   ( 2.1%) 
texdata                 61/2048         1952/65536    ( 3.0%) 
dispinfos                6/0            1056/0        ( 0.0%) 
disp_verts             486/0            9720/0        ( 0.0%) 
disp_tris              768/0            1536/0        ( 0.0%) 
disp_lmsamples       66400/0           66400/0        ( 0.0%) 
faces                 1467/65536       82152/3670016  ( 2.2%) 
hdr faces                0/65536           0/3670016  ( 0.0%) 
origfaces              649/65536       36344/3670016  ( 1.0%) 
leaves                 826/65536       26432/2097152  ( 1.3%) 
leaffaces             1815/65536        3630/131072   ( 2.8%) 
leafbrushes            852/65536        1704/131072   ( 1.3%) 
areas                    2/256            16/2048     ( 0.8%) 
surfedges             9540/512000      38160/2048000  ( 1.9%) 
edges                 5772/256000      23088/1024000  ( 2.3%) 
LDR worldlights          2/65536         176/5767168  ( 0.0%) 
HDR worldlights          0/65536           0/5767168  ( 0.0%) 
leafwaterdata            0/32768           0/393216   ( 0.0%) 
waterstrips            147/32768        1470/327680   ( 0.4%) 
waterverts               0/65536           0/786432   ( 0.0%) 
waterindices          2526/65536        5052/131072   ( 3.9%) 
cubemapsamples           0/1024            0/16384    ( 0.0%) 
overlays                12/8192         4224/2883584  ( 0.1%) 
LDR lightdata         [variable]     1133916/0        ( 0.0%) 
HDR lightdata         [variable]           0/0        ( 0.0%) 
visdata               [variable]       32242/16777216 ( 0.2%) 
entdata               [variable]        4894/393216   ( 1.2%) 
LDR ambient table      826/65536        3304/262144   ( 1.3%) 
HDR ambient table      826/65536        3304/262144   ( 1.3%) 
LDR leaf ambient      2609/65536       73052/1835008  ( 4.0%) 
HDR leaf ambient       826/65536       23128/1835008  ( 1.3%) 
occluders                0/0               0/0        ( 0.0%) 
occluder polygons        0/0               0/0        ( 0.0%) 
occluder vert ind        0/0               0/0        ( 0.0%) 
detail props          [variable]           1/18716    ( 0.0%) 
dtl prp lght          [variable]           1/4        (25.0%) 
HDR dtl prp lght      [variable]           1/4        (25.0%) 
static props          [variable]           1/3488     ( 0.0%) 
pakfile               [variable]         431/0        ( 0.0%) 
physics               [variable]       85352/4194304  ( 2.0%) 
physics terrain       [variable]        1300/1048576  ( 0.1%) 

Level flags = 0

Total triangle count: 3966
Writing d:\steam\steamapps\sourcemods\entropyzero2-addonworkspace\mapsrc\subway01_indust.bsp
5 seconds elapsed
