PRT1
208
509
4 0 42 (-1216 3072 320 ) (-1216 3072 640 ) (-1472 3072 640 ) (-1472 3072 320 ) 
4 1 43 (-1024 2976 544 ) (-1024 2976 480 ) (-1024 2784 480 ) (-1024 2784 544 ) 
4 1 2 (-1024 2784 480 ) (-1024 2976 480 ) (-752 2976 480 ) (-752 2784 480 ) 
4 2 46 (-1024 2752 320 ) (-1024 2752 480 ) (-1024 3008 480 ) (-1024 3008 320 ) 
4 2 4 (-720 2752 480 ) (-1024 2752 480 ) (-1024 2752 320 ) (-720 2752 320 ) 
4 3 48 (-1024 2048 512 ) (-1024 2048 640 ) (-1024 2720 640 ) (-1024 2720 512 ) 
4 3 5 (-704 2048 512 ) (-704 2048 640 ) (-1024 2048 640 ) (-1024 2048 512 ) 
4 3 4 (-1024 2048 512 ) (-1024 2720 512 ) (-704 2720 512 ) (-704 2048 512 ) 
4 4 48 (-1024 2048 320 ) (-1024 2048 512 ) (-1024 2720 512 ) (-1024 2720 320 ) 
4 4 47 (-1024 2720 512 ) (-1024 2752 512 ) (-1024 2752 320 ) (-1024 2720 320 ) 
4 4 35 (-1024 2048 368 ) (-1024 2048 320 ) (-864 2048 320 ) (-864 2048 368 ) 
4 4 34 (-872 2048 448 ) (-1024 2048 448 ) (-1024 2048 368 ) (-872 2048 368 ) 
4 4 33 (-864 2048 448 ) (-872 2048 448 ) (-872 2048 368 ) (-864 2048 368 ) 
4 4 32 (-720 2048 448 ) (-864 2048 448 ) (-864 2048 320 ) (-720 2048 320 ) 
4 4 25 (-704 2048 320 ) (-704 2048 448 ) (-720 2048 448 ) (-720 2048 320 ) 
4 4 22 (-872 2048 512 ) (-1024 2048 512 ) (-1024 2048 448 ) (-872 2048 448 ) 
4 4 21 (-864 2048 512 ) (-872 2048 512 ) (-872 2048 448 ) (-864 2048 448 ) 
4 4 19 (-720 2048 512 ) (-864 2048 512 ) (-864 2048 448 ) (-720 2048 448 ) 
4 4 11 (-704 2048 448 ) (-704 2048 512 ) (-720 2048 512 ) (-720 2048 448 ) 
4 5 49 (-1024 1920 640 ) (-1024 2048 640 ) (-1024 2048 512 ) (-1024 1920 512 ) 
4 5 22 (-1024 1920 512 ) (-1024 2048 512 ) (-872 2048 512 ) (-872 1920 512 ) 
4 5 21 (-872 2048 512 ) (-864 2048 512 ) (-864 1920 512 ) (-872 1920 512 ) 
4 5 19 (-864 2048 512 ) (-720 2048 512 ) (-720 1920 512 ) (-864 1920 512 ) 
4 5 11 (-720 2048 512 ) (-704 2048 512 ) (-704 1920 512 ) (-720 1920 512 ) 
4 6 19 (-864 1888 512 ) (-720 1888 512 ) (-720 1120 512 ) (-864 1120 512 ) 
4 7 87 (-720 1024 640 ) (-1024 1024 640 ) (-1024 1024 512 ) (-720 1024 512 ) 
4 7 51 (-1024 1024 512 ) (-1024 1024 640 ) (-1024 1088 640 ) (-1024 1088 512 ) 
4 7 24 (-872 1024 512 ) (-1024 1024 512 ) (-1024 1088 512 ) (-872 1088 512 ) 
4 7 20 (-864 1024 512 ) (-872 1024 512 ) (-872 1088 512 ) (-864 1088 512 ) 
4 7 19 (-720 1024 512 ) (-864 1024 512 ) (-864 1088 512 ) (-720 1088 512 ) 
4 8 93 (-656 1024 448 ) (-656 1024 320 ) (-464 1024 320 ) (-464 1024 448 ) 
4 8 89 (-640 1024 512 ) (-656 1024 512 ) (-656 1024 448 ) (-640 1024 448 ) 
4 8 88 (-464 1024 512 ) (-640 1024 512 ) (-640 1024 448 ) (-464 1024 448 ) 
4 8 9 (-656 1344 320 ) (-656 1152 320 ) (-656 1152 480 ) (-656 1344 480 ) 
4 9 28 (-688 1344 320 ) (-688 1152 320 ) (-688 1152 448 ) (-688 1344 448 ) 
4 9 15 (-688 1152 448 ) (-688 1152 480 ) (-688 1344 480 ) (-688 1344 448 ) 
4 10 95 (-688 1024 448 ) (-688 1024 320 ) (-672 1024 320 ) (-672 1024 448 ) 
4 10 90 (-672 1024 512 ) (-688 1024 512 ) (-688 1024 448 ) (-672 1024 448 ) 
4 10 29 (-688 1056 320 ) (-688 1024 320 ) (-688 1024 448 ) (-688 1056 448 ) 
4 10 16 (-688 1024 448 ) (-688 1024 512 ) (-688 1056 512 ) (-688 1056 448 ) 
4 11 25 (-720 2048 448 ) (-704 2048 448 ) (-704 1920 448 ) (-720 1920 448 ) 
4 11 19 (-720 2048 448 ) (-720 1920 448 ) (-720 1920 512 ) (-720 2048 512 ) 
4 11 12 (-720 1920 480 ) (-720 1920 448 ) (-704 1920 448 ) (-704 1920 480 ) 
4 12 25 (-704 1920 448 ) (-704 1888 448 ) (-720 1888 448 ) (-720 1920 448 ) 
4 12 19 (-720 1920 448 ) (-720 1888 448 ) (-720 1888 480 ) (-720 1920 480 ) 
4 13 26 (-688 1856 448 ) (-688 1664 448 ) (-720 1664 448 ) (-720 1856 448 ) 
4 13 19 (-720 1856 448 ) (-720 1664 448 ) (-720 1664 480 ) (-720 1856 480 ) 
4 14 27 (-688 1600 448 ) (-688 1408 448 ) (-720 1408 448 ) (-720 1600 448 ) 
4 14 19 (-720 1600 448 ) (-720 1408 448 ) (-720 1408 480 ) (-720 1600 480 ) 
4 15 28 (-688 1344 448 ) (-688 1152 448 ) (-720 1152 448 ) (-720 1344 448 ) 
4 15 19 (-720 1344 448 ) (-720 1152 448 ) (-720 1152 480 ) (-720 1344 480 ) 
4 16 90 (-688 1024 512 ) (-704 1024 512 ) (-704 1024 448 ) (-688 1024 448 ) 
4 16 29 (-688 1088 448 ) (-688 1024 448 ) (-704 1024 448 ) (-704 1088 448 ) 
4 16 17 (-704 1040 448 ) (-704 1024 448 ) (-704 1024 512 ) (-704 1040 512 ) 
4 17 90 (-704 1024 512 ) (-719 1024 512 ) (-719 1024 448 ) (-704 1024 448 ) 
4 17 30 (-704 1024 448 ) (-719 1024 448 ) (-719 1040 448 ) (-704 1040 448 ) 
4 17 18 (-719 1040 448 ) (-719 1024 448 ) (-719 1024 512 ) (-719 1040 512 ) 
4 18 90 (-719 1024 512 ) (-720 1024 512 ) (-720 1024 448 ) (-719 1024 448 ) 
4 18 31 (-719 1024 448 ) (-720 1024 448 ) (-720 1088 448 ) (-719 1088 448 ) 
4 18 19 (-720 1088 448 ) (-720 1024 448 ) (-720 1024 512 ) (-720 1088 512 ) 
4 19 90 (-720 1024 512 ) (-864 1024 512 ) (-864 1024 448 ) (-720 1024 448 ) 
4 19 38 (-720 1360 448 ) (-720 1352 448 ) (-864 1352 448 ) (-864 1360 448 ) 
4 19 41 (-720 1352 448 ) (-720 1024 448 ) (-864 1024 448 ) (-864 1352 448 ) 
4 19 32 (-864 2048 448 ) (-720 2048 448 ) (-720 1360 448 ) (-864 1360 448 ) 
4 19 21 (-864 2048 448 ) (-864 1536 448 ) (-864 1536 512 ) (-864 2048 512 ) 
4 19 20 (-864 1360 448 ) (-864 1024 448 ) (-864 1024 512 ) (-864 1360 512 ) 
4 20 90 (-864 1024 512 ) (-872 1024 512 ) (-872 1024 448 ) (-864 1024 448 ) 
3 20 38 (-864 1360 448 ) (-864 1352 448 ) (-872 1352 448 ) 
4 20 41 (-864 1352 448 ) (-864 1024 448 ) (-872 1024 448 ) (-872 1352 448 ) 
4 20 24 (-872 1352 448 ) (-872 1024 448 ) (-872 1024 512 ) (-872 1352 512 ) 
4 21 33 (-872 2048 448 ) (-864 2048 448 ) (-864 1536 448 ) (-872 1544 448 ) 
4 21 22 (-872 2048 448 ) (-872 1544 448 ) (-872 1544 512 ) (-872 2048 512 ) 
4 22 53 (-1024 1544 512 ) (-1024 2048 512 ) (-1024 2048 448 ) (-1024 1544 448 ) 
4 22 34 (-1024 1544 448 ) (-1024 2048 448 ) (-872 2048 448 ) (-872 1544 448 ) 
4 23 54 (-1024 1536 504 ) (-1024 1536 448 ) (-1024 1360 448 ) (-1024 1360 504 ) 
6 23 34 (-1024 1360 448 ) (-1024 1536 448 ) (-880 1536 448 ) (-872 1528 448 ) (-872 1368 448 ) (-880 1360 448 ) 
4 24 101 (-880 1024 512 ) (-1024 1024 512 ) (-1024 1024 448 ) (-880 1024 448 ) 
4 24 90 (-872 1024 512 ) (-880 1024 512 ) (-880 1024 448 ) (-872 1024 448 ) 
4 24 55 (-1024 1024 448 ) (-1024 1024 512 ) (-1024 1352 512 ) (-1024 1352 448 ) 
4 24 41 (-1024 1024 448 ) (-1024 1352 448 ) (-872 1352 448 ) (-872 1024 448 ) 
4 25 32 (-720 2048 320 ) (-720 1888 320 ) (-720 1888 448 ) (-720 2048 448 ) 
4 26 32 (-720 1856 320 ) (-720 1664 320 ) (-720 1664 448 ) (-720 1856 448 ) 
4 27 32 (-720 1600 320 ) (-720 1408 320 ) (-720 1408 448 ) (-720 1600 448 ) 
4 28 41 (-720 1344 320 ) (-720 1152 320 ) (-720 1152 448 ) (-720 1344 448 ) 
4 29 95 (-704 1024 320 ) (-688 1024 320 ) (-688 1024 448 ) (-704 1024 448 ) 
4 29 30 (-704 1040 320 ) (-704 1024 320 ) (-704 1024 448 ) (-704 1040 448 ) 
4 30 95 (-719 1024 320 ) (-704 1024 320 ) (-704 1024 448 ) (-719 1024 448 ) 
4 30 31 (-719 1040 320 ) (-719 1024 320 ) (-719 1024 448 ) (-719 1040 448 ) 
4 31 95 (-720 1024 320 ) (-719 1024 320 ) (-719 1024 448 ) (-720 1024 448 ) 
4 31 41 (-720 1088 320 ) (-720 1024 320 ) (-720 1024 448 ) (-720 1088 448 ) 
4 32 39 (-864 1360 320 ) (-720 1360 320 ) (-720 1360 432 ) (-864 1360 432 ) 
4 32 38 (-720 1360 432 ) (-720 1360 448 ) (-864 1360 448 ) (-864 1360 432 ) 
4 32 36 (-864 1544 320 ) (-864 1536 320 ) (-864 1536 368 ) (-864 1544 368 ) 
4 32 35 (-864 2048 320 ) (-864 1544 320 ) (-864 1544 368 ) (-864 2048 368 ) 
4 32 33 (-864 1464 448 ) (-864 2048 448 ) (-864 2048 368 ) (-864 1464 368 ) 
3 33 36 (-864 1544 368 ) (-864 1536 368 ) (-872 1544 368 ) 
4 33 35 (-872 2048 368 ) (-864 2048 368 ) (-864 1544 368 ) (-872 1544 368 ) 
4 33 34 (-872 2048 368 ) (-872 1464 368 ) (-872 1464 448 ) (-872 2048 448 ) 
4 34 70 (-1024 1360 448 ) (-1024 2048 448 ) (-1024 2048 368 ) (-1024 1360 368 ) 
4 34 40 (-988 1360 368 ) (-932 1360 368 ) (-932 1360 432 ) (-988 1360 432 ) 
6 34 37 (-872 1528 368 ) (-872 1368 368 ) (-880 1360 368 ) (-1024 1360 368 ) (-1024 1536 368 ) (-880 1536 368 ) 
4 34 35 (-1024 2048 368 ) (-872 2048 368 ) (-872 1544 368 ) (-1024 1544 368 ) 
4 35 72 (-1024 2048 368 ) (-1024 2048 320 ) (-1024 1544 320 ) (-1024 1544 368 ) 
4 35 36 (-872 1544 320 ) (-864 1544 320 ) (-864 1544 368 ) (-872 1544 368 ) 
4 37 73 (-1024 1536 320 ) (-1024 1360 320 ) (-1024 1360 368 ) (-1024 1536 368 ) 
4 37 40 (-988 1360 320 ) (-932 1360 320 ) (-932 1360 368 ) (-988 1360 368 ) 
4 38 39 (-720 1352 432 ) (-872 1352 432 ) (-864 1360 432 ) (-720 1360 432 ) 
4 38 41 (-720 1352 432 ) (-720 1352 448 ) (-872 1352 448 ) (-872 1352 432 ) 
4 39 41 (-872 1352 320 ) (-720 1352 320 ) (-720 1352 432 ) (-872 1352 432 ) 
4 40 41 (-988 1352 320 ) (-932 1352 320 ) (-932 1352 432 ) (-988 1352 432 ) 
4 41 101 (-1024 1024 448 ) (-1024 1024 320 ) (-880 1024 320 ) (-880 1024 448 ) 
4 41 95 (-880 1024 320 ) (-720 1024 320 ) (-720 1024 448 ) (-880 1024 448 ) 
4 41 77 (-1024 1024 320 ) (-1024 1024 448 ) (-1024 1352 448 ) (-1024 1352 320 ) 
4 42 46 (-1216 3008 320 ) (-1216 3008 480 ) (-1472 3008 480 ) (-1472 3008 320 ) 
4 43 46 (-1172 2976 480 ) (-1024 2976 480 ) (-1024 2784 480 ) (-1172 2784 480 ) 
4 44 46 (-1460 2976 480 ) (-1228 2976 480 ) (-1228 2784 480 ) (-1460 2784 480 ) 
4 45 46 (-1664 2976 480 ) (-1516 2976 480 ) (-1516 2784 480 ) (-1664 2784 480 ) 
4 46 47 (-1024 2752 320 ) (-1024 2752 480 ) (-1216 2752 480 ) (-1216 2752 320 ) 
4 47 48 (-1216 2720 512 ) (-1216 2720 320 ) (-1024 2720 320 ) (-1024 2720 512 ) 
4 48 78 (-1056 2048 448 ) (-1216 2048 448 ) (-1216 2048 320 ) (-1056 2048 320 ) 
4 48 72 (-1024 2048 320 ) (-1024 2048 368 ) (-1056 2048 368 ) (-1056 2048 320 ) 
4 48 71 (-1048 2048 448 ) (-1056 2048 448 ) (-1056 2048 368 ) (-1048 2048 368 ) 
4 48 70 (-1024 2048 368 ) (-1024 2048 448 ) (-1048 2048 448 ) (-1048 2048 368 ) 
4 48 64 (-1216 2048 480 ) (-1216 2048 448 ) (-1200 2048 448 ) (-1200 2048 480 ) 
4 48 60 (-1200 2048 512 ) (-1216 2048 512 ) (-1216 2048 480 ) (-1200 2048 480 ) 
4 48 56 (-1048 2048 512 ) (-1056 2048 512 ) (-1056 2048 448 ) (-1048 2048 448 ) 
4 48 53 (-1024 2048 448 ) (-1024 2048 512 ) (-1048 2048 512 ) (-1048 2048 448 ) 
4 48 59 (-1056 2048 512 ) (-1200 2048 512 ) (-1200 2048 448 ) (-1056 2048 448 ) 
4 48 49 (-1024 2048 512 ) (-1024 2048 640 ) (-1216 2048 640 ) (-1216 2048 512 ) 
4 49 60 (-1216 2048 512 ) (-1200 2048 512 ) (-1200 1920 512 ) (-1216 1920 512 ) 
4 49 56 (-1056 2048 512 ) (-1048 2048 512 ) (-1048 1920 512 ) (-1056 1920 512 ) 
4 49 53 (-1048 2048 512 ) (-1024 2048 512 ) (-1024 1920 512 ) (-1048 1920 512 ) 
4 49 59 (-1200 2048 512 ) (-1056 2048 512 ) (-1056 1920 512 ) (-1200 1920 512 ) 
4 50 59 (-1200 1888 512 ) (-1056 1888 512 ) (-1056 1120 512 ) (-1200 1120 512 ) 
4 51 153 (-1024 1024 512 ) (-1024 1024 640 ) (-1200 1024 640 ) (-1200 1024 512 ) 
4 51 58 (-1048 1024 512 ) (-1056 1024 512 ) (-1056 1088 512 ) (-1048 1088 512 ) 
4 51 55 (-1024 1024 512 ) (-1048 1024 512 ) (-1048 1088 512 ) (-1024 1088 512 ) 
4 51 59 (-1056 1024 512 ) (-1200 1024 512 ) (-1200 1088 512 ) (-1056 1088 512 ) 
4 52 154 (-1232 1024 640 ) (-1472 1024 640 ) (-1472 1024 512 ) (-1232 1024 512 ) 
4 52 63 (-1232 1024 512 ) (-1472 1024 512 ) (-1472 1088 512 ) (-1232 1088 512 ) 
4 53 70 (-1048 2048 448 ) (-1024 2048 448 ) (-1024 1544 448 ) (-1048 1544 448 ) 
4 53 56 (-1048 2048 448 ) (-1048 1544 448 ) (-1048 1544 512 ) (-1048 2048 512 ) 
6 54 70 (-1024 1536 448 ) (-1024 1360 448 ) (-1040 1360 448 ) (-1048 1368 448 ) (-1048 1528 448 ) (-1040 1536 448 ) 
4 55 155 (-1024 1024 448 ) (-1024 1024 512 ) (-1048 1024 512 ) (-1048 1024 448 ) 
4 55 77 (-1024 1352 448 ) (-1024 1024 448 ) (-1048 1024 448 ) (-1048 1352 448 ) 
4 55 58 (-1048 1352 448 ) (-1048 1024 448 ) (-1048 1024 512 ) (-1048 1352 512 ) 
4 56 71 (-1056 2048 448 ) (-1048 2048 448 ) (-1048 1544 448 ) (-1056 1544 448 ) 
4 56 57 (-1056 1544 512 ) (-1056 1544 448 ) (-1048 1544 448 ) (-1048 1544 512 ) 
4 56 59 (-1056 2048 448 ) (-1056 1544 448 ) (-1056 1544 512 ) (-1056 2048 512 ) 
3 57 71 (-1048 1544 448 ) (-1056 1536 448 ) (-1056 1544 448 ) 
4 57 59 (-1056 1544 448 ) (-1056 1536 448 ) (-1056 1536 512 ) (-1056 1544 512 ) 
4 58 155 (-1048 1024 512 ) (-1056 1024 512 ) (-1056 1024 448 ) (-1048 1024 448 ) 
3 58 75 (-1048 1352 448 ) (-1056 1352 448 ) (-1056 1360 448 ) 
4 58 77 (-1048 1352 448 ) (-1048 1024 448 ) (-1056 1024 448 ) (-1056 1352 448 ) 
4 58 59 (-1056 1360 448 ) (-1056 1024 448 ) (-1056 1024 512 ) (-1056 1360 512 ) 
4 59 159 (-1072 1024 512 ) (-1200 1024 512 ) (-1200 1024 448 ) (-1072 1024 448 ) 
4 59 155 (-1056 1024 512 ) (-1072 1024 512 ) (-1072 1024 448 ) (-1056 1024 448 ) 
4 59 79 (-1056 1888 448 ) (-1056 1024 448 ) (-1200 1024 448 ) (-1200 1888 448 ) 
4 59 78 (-1200 2048 448 ) (-1056 2048 448 ) (-1056 1888 448 ) (-1200 1888 448 ) 
4 59 69 (-1200 1120 448 ) (-1200 1024 448 ) (-1200 1024 480 ) (-1200 1120 480 ) 
4 59 68 (-1200 1128 448 ) (-1200 1120 448 ) (-1200 1120 480 ) (-1200 1128 480 ) 
4 59 67 (-1200 1344 448 ) (-1200 1152 448 ) (-1200 1152 480 ) (-1200 1344 480 ) 
4 59 66 (-1200 1600 448 ) (-1200 1408 448 ) (-1200 1408 480 ) (-1200 1600 480 ) 
4 59 65 (-1200 1856 448 ) (-1200 1664 448 ) (-1200 1664 480 ) (-1200 1856 480 ) 
4 59 64 (-1200 2048 448 ) (-1200 1888 448 ) (-1200 1888 480 ) (-1200 2048 480 ) 
4 59 61 (-1200 1120 512 ) (-1200 1128 512 ) (-1200 1128 480 ) (-1200 1120 480 ) 
4 59 62 (-1200 1024 480 ) (-1200 1024 512 ) (-1200 1120 512 ) (-1200 1120 480 ) 
4 59 60 (-1200 1920 512 ) (-1200 2048 512 ) (-1200 2048 480 ) (-1200 1920 480 ) 
4 60 64 (-1216 2048 480 ) (-1200 2048 480 ) (-1200 1920 480 ) (-1216 1920 480 ) 
3 61 68 (-1200 1128 480 ) (-1200 1120 480 ) (-1208 1120 480 ) 
4 61 62 (-1208 1120 480 ) (-1200 1120 480 ) (-1200 1120 512 ) (-1208 1120 512 ) 
4 62 159 (-1200 1024 512 ) (-1216 1024 512 ) (-1216 1024 480 ) (-1200 1024 480 ) 
4 62 69 (-1200 1120 480 ) (-1200 1024 480 ) (-1216 1024 480 ) (-1216 1120 480 ) 
4 62 63 (-1216 1120 480 ) (-1216 1024 480 ) (-1216 1024 512 ) (-1216 1120 512 ) 
4 63 159 (-1216 1024 512 ) (-1472 1024 512 ) (-1472 1024 480 ) (-1216 1024 480 ) 
4 63 69 (-1216 1120 480 ) (-1216 1024 480 ) (-1472 1024 480 ) (-1472 1120 480 ) 
4 64 78 (-1216 2048 448 ) (-1200 2048 448 ) (-1200 1888 448 ) (-1216 1888 448 ) 
4 65 80 (-1200 1856 448 ) (-1200 1664 448 ) (-1232 1664 448 ) (-1232 1856 448 ) 
4 66 81 (-1200 1600 448 ) (-1200 1408 448 ) (-1232 1408 448 ) (-1232 1600 448 ) 
4 67 82 (-1200 1344 448 ) (-1200 1152 448 ) (-1232 1152 448 ) (-1232 1344 448 ) 
3 68 83 (-1200 1128 448 ) (-1200 1120 448 ) (-1208 1120 448 ) 
4 68 69 (-1208 1120 448 ) (-1200 1120 448 ) (-1200 1120 480 ) (-1208 1120 480 ) 
4 69 159 (-1472 1024 448 ) (-1200 1024 448 ) (-1200 1024 480 ) (-1472 1024 480 ) 
4 69 85 (-1232 1024 448 ) (-1472 1024 448 ) (-1472 1120 448 ) (-1232 1120 448 ) 
4 69 84 (-1200 1120 448 ) (-1200 1024 448 ) (-1232 1024 448 ) (-1232 1120 448 ) 
6 70 73 (-1024 1360 368 ) (-1040 1360 368 ) (-1048 1368 368 ) (-1048 1528 368 ) (-1040 1536 368 ) (-1024 1536 368 ) 
4 70 72 (-1048 1544 368 ) (-1048 2048 368 ) (-1024 2048 368 ) (-1024 1544 368 ) 
4 70 71 (-1048 2048 368 ) (-1048 1464 368 ) (-1048 1464 448 ) (-1048 2048 448 ) 
4 71 79 (-1056 1464 448 ) (-1056 1888 448 ) (-1056 1888 368 ) (-1056 1464 368 ) 
4 71 78 (-1056 1888 448 ) (-1056 2048 448 ) (-1056 2048 368 ) (-1056 1888 368 ) 
3 71 74 (-1056 1536 368 ) (-1056 1544 368 ) (-1048 1544 368 ) 
4 71 72 (-1056 1544 368 ) (-1056 2048 368 ) (-1048 2048 368 ) (-1048 1544 368 ) 
4 72 79 (-1056 1888 320 ) (-1056 1544 320 ) (-1056 1544 368 ) (-1056 1888 368 ) 
4 72 78 (-1056 2048 320 ) (-1056 1888 320 ) (-1056 1888 368 ) (-1056 2048 368 ) 
4 72 74 (-1048 1544 368 ) (-1056 1544 368 ) (-1056 1544 320 ) (-1048 1544 320 ) 
4 74 79 (-1056 1544 320 ) (-1056 1536 320 ) (-1056 1536 368 ) (-1056 1544 368 ) 
4 75 79 (-1056 1352 432 ) (-1056 1352 448 ) (-1056 1360 448 ) (-1056 1360 432 ) 
3 75 76 (-1048 1352 432 ) (-1056 1352 432 ) (-1056 1360 432 ) 
4 75 77 (-1056 1352 448 ) (-1056 1352 432 ) (-1048 1352 432 ) (-1048 1352 448 ) 
4 76 79 (-1056 1360 320 ) (-1056 1352 320 ) (-1056 1352 432 ) (-1056 1360 432 ) 
4 76 77 (-1056 1352 432 ) (-1056 1352 320 ) (-1048 1352 320 ) (-1048 1352 432 ) 
4 77 155 (-1024 1024 320 ) (-1024 1024 448 ) (-1056 1024 448 ) (-1056 1024 320 ) 
4 77 79 (-1056 1352 320 ) (-1056 1024 320 ) (-1056 1024 448 ) (-1056 1352 448 ) 
4 78 79 (-1200 1888 320 ) (-1056 1888 320 ) (-1056 1888 448 ) (-1200 1888 448 ) 
4 79 160 (-1200 1024 432 ) (-1200 1024 320 ) (-1072 1024 320 ) (-1072 1024 432 ) 
4 79 159 (-1072 1024 448 ) (-1200 1024 448 ) (-1200 1024 432 ) (-1072 1024 432 ) 
4 79 155 (-1056 1024 448 ) (-1072 1024 448 ) (-1072 1024 320 ) (-1056 1024 320 ) 
4 79 83 (-1200 1128 320 ) (-1200 1120 320 ) (-1200 1120 448 ) (-1200 1128 448 ) 
4 79 84 (-1200 1120 320 ) (-1200 1024 320 ) (-1200 1024 448 ) (-1200 1120 448 ) 
4 79 81 (-1200 1600 320 ) (-1200 1408 320 ) (-1200 1408 448 ) (-1200 1600 448 ) 
4 79 82 (-1200 1344 320 ) (-1200 1152 320 ) (-1200 1152 448 ) (-1200 1344 448 ) 
4 79 80 (-1200 1856 320 ) (-1200 1664 320 ) (-1200 1664 448 ) (-1200 1856 448 ) 
4 83 84 (-1208 1120 320 ) (-1200 1120 320 ) (-1200 1120 448 ) (-1208 1120 448 ) 
4 84 160 (-1232 1024 432 ) (-1232 1024 320 ) (-1200 1024 320 ) (-1200 1024 432 ) 
4 84 159 (-1200 1024 448 ) (-1232 1024 448 ) (-1232 1024 432 ) (-1200 1024 432 ) 
4 84 86 (-1232 1120 320 ) (-1232 1024 320 ) (-1232 1024 432 ) (-1232 1120 432 ) 
4 84 85 (-1232 1024 432 ) (-1232 1024 448 ) (-1232 1120 448 ) (-1232 1120 432 ) 
4 85 159 (-1232 1024 448 ) (-1472 1024 448 ) (-1472 1024 432 ) (-1232 1024 432 ) 
4 85 86 (-1472 1120 432 ) (-1232 1120 432 ) (-1232 1024 432 ) (-1472 1024 432 ) 
4 86 160 (-1472 1024 320 ) (-1232 1024 320 ) (-1232 1024 432 ) (-1472 1024 432 ) 
4 87 153 (-1024 896 640 ) (-1024 1024 640 ) (-1024 1024 512 ) (-1024 896 512 ) 
4 87 101 (-1024 896 512 ) (-1024 1024 512 ) (-880 1024 512 ) (-880 896 512 ) 
4 87 90 (-880 1024 512 ) (-720 1024 512 ) (-720 896 512 ) (-880 896 512 ) 
4 88 93 (-640 624 448 ) (-640 1024 448 ) (-464 1024 448 ) (-464 624 448 ) 
4 88 92 (-640 816 448 ) (-640 624 448 ) (-640 624 512 ) (-640 816 512 ) 
4 88 91 (-640 832 448 ) (-640 816 448 ) (-640 816 512 ) (-640 832 512 ) 
4 88 89 (-640 1024 448 ) (-640 832 448 ) (-640 832 512 ) (-640 1024 512 ) 
4 89 93 (-656 1024 448 ) (-640 1024 448 ) (-640 832 448 ) (-656 832 448 ) 
4 89 91 (-656 832 448 ) (-640 832 448 ) (-640 832 512 ) (-656 832 512 ) 
4 90 101 (-880 832 512 ) (-880 1024 512 ) (-880 1024 448 ) (-880 832 448 ) 
4 90 95 (-880 832 448 ) (-880 1024 448 ) (-672 1024 448 ) (-672 832 448 ) 
4 91 93 (-656 832 448 ) (-640 832 448 ) (-640 816 448 ) (-656 816 448 ) 
4 91 92 (-656 816 448 ) (-640 816 448 ) (-640 816 512 ) (-656 816 512 ) 
4 92 96 (-832 176 448 ) (-832 816 448 ) (-656 816 448 ) (-656 176 448 ) 
4 92 94 (-640 624 448 ) (-640 176 448 ) (-656 176 448 ) (-656 624 448 ) 
4 92 93 (-656 816 448 ) (-640 816 448 ) (-640 624 448 ) (-656 624 448 ) 
4 93 96 (-656 816 320 ) (-656 624 320 ) (-656 624 448 ) (-656 816 448 ) 
4 93 94 (-656 624 448 ) (-656 624 320 ) (-640 624 320 ) (-640 624 448 ) 
4 94 96 (-656 624 320 ) (-656 176 320 ) (-656 176 448 ) (-656 624 448 ) 
4 95 101 (-880 832 448 ) (-880 1024 448 ) (-880 1024 320 ) (-880 832 320 ) 
4 96 97 (-800 176 320 ) (-672 176 320 ) (-672 176 448 ) (-800 176 448 ) 
4 97 105 (-672 64 448 ) (-800 64 448 ) (-800 64 320 ) (-672 64 320 ) 
4 97 98 (-672 64 320 ) (-800 64 320 ) (-800 176 320 ) (-672 176 320 ) 
4 98 107 (-800 64 160 ) (-800 64 152 ) (-672 64 152 ) (-672 64 160 ) 
4 98 105 (-672 64 320 ) (-800 64 320 ) (-800 64 160 ) (-672 64 160 ) 
4 98 100 (-800 176 152 ) (-672 176 152 ) (-672 64 152 ) (-800 64 152 ) 
4 99 115 (-880 64 64 ) (-880 64 -64 ) (-872 64 -64 ) (-872 64 64 ) 
4 99 111 (-880 64 152 ) (-880 64 64 ) (-872 64 64 ) (-872 64 152 ) 
4 99 104 (-880 64 -64 ) (-880 64 152 ) (-880 72 152 ) (-880 72 -64 ) 
4 100 114 (-800 64 -64 ) (-672 64 -64 ) (-672 64 64 ) (-800 64 64 ) 
4 100 107 (-672 64 64 ) (-672 64 152 ) (-800 64 152 ) (-800 64 64 ) 
4 101 155 (-1024 768 512 ) (-1024 1024 512 ) (-1024 1024 320 ) (-1024 480 320 ) 
4 101 102 (-1024 480 320 ) (-1024 768 320 ) (-880 768 320 ) (-880 480 320 ) 
5 102 156 (-1024 192 -64 ) (-1024 72 -64 ) (-1024 72 48 ) (-1024 480 320 ) (-1024 768 320 ) 
4 102 104 (-1024 72 -64 ) (-880 72 -64 ) (-880 72 48 ) (-1024 72 48 ) 
4 102 103 (-1024 192.002563 128 ) (-1024 72 47.998093 ) (-880 72 47.998089 ) (-880 192.002594 128 ) 
3 103 157 (-1024 72 48 ) (-1024 72 128 ) (-1024 192 128 ) 
4 103 104 (-880 72 48 ) (-880 72 128 ) (-1024 72 128 ) (-1024 72 48 ) 
4 104 158 (-1024 64 -64 ) (-1024 64 152 ) (-1024 72 152 ) (-1024 72 -64 ) 
4 104 115 (-880 64 -64 ) (-880 64 64 ) (-1024 64 64 ) (-1024 64 -64 ) 
4 104 111 (-880 64 64 ) (-880 64 152 ) (-1024 64 152 ) (-1024 64 64 ) 
4 105 107 (-800 64 160 ) (-672 64 160 ) (-672 48 160 ) (-800 48 160 ) 
9 106 118 (-592 32 64 ) (-416 32 64 ) (-422.997375 32 97.987480 ) (-442.010895 32 126.007401 ) (-470 32 145 ) (-504 32 152 ) (-538 32 145 ) (-566 32 126 ) (-585 32 98 ) 
4 106 112 (-416 32 64 ) (-592 32 64 ) (-592 64 64 ) (-416 64 64 ) 
4 107 114 (-800 64 64 ) (-672 64 64 ) (-672 48 64 ) (-800 48 64 ) 
4 108 124 (-624 32 160 ) (-696 32 160 ) (-696 32 152 ) (-624 32 152 ) 
4 108 110 (-696 40 152 ) (-632 40 152 ) (-624 32 152 ) (-696 32 152 ) 
4 109 125 (-728 32 160 ) (-816 32 160 ) (-816 32 152 ) (-728 32 152 ) 
4 109 110 (-816 40 152 ) (-728 40 152 ) (-728 32 152 ) (-816 32 152 ) 
4 110 129 (-848 32 64 ) (-624 32 64 ) (-624 32 152 ) (-848 32 152 ) 
4 110 116 (-800 32 64 ) (-848 32 64 ) (-848 40 64 ) (-800 40 64 ) 
4 110 113 (-624 32 64 ) (-672 32 64 ) (-672 40 64 ) (-632 40 64 ) 
4 110 114 (-672 32 64 ) (-800 32 64 ) (-800 40 64 ) (-672 40 64 ) 
4 110 111 (-848 40 64 ) (-848 32 64 ) (-848 32 152 ) (-848 40 152 ) 
4 111 164 (-1024 32 64 ) (-1024 32 152 ) (-1024 64 152 ) (-1024 64 64 ) 
4 111 129 (-1024 32 152 ) (-1024 32 64 ) (-848 32 64 ) (-848 32 152 ) 
4 111 115 (-1024 40 64 ) (-1024 64 64 ) (-872 64 64 ) (-848 40 64 ) 
4 111 116 (-848 32 64 ) (-1024 32 64 ) (-1024 40 64 ) (-848 40 64 ) 
4 112 121 (-592 32 -64 ) (-576 32 -64 ) (-576 32 52 ) (-592 32 52 ) 
4 112 120 (-576 32 -64 ) (-416 32 -64 ) (-416 32 52 ) (-576 32 52 ) 
4 112 119 (-416 32 52 ) (-416 32 64 ) (-592 32 64 ) (-592 32 52 ) 
4 112 117 (-416 32 -64 ) (-592 32 -64 ) (-592 64 -64 ) (-416 64 -64 ) 
4 113 129 (-672 32 -64 ) (-624 32 -64 ) (-624 32 64 ) (-672 32 64 ) 
4 113 114 (-672 40 -64 ) (-672 32 -64 ) (-672 32 64 ) (-672 40 64 ) 
4 114 129 (-800 32 -64 ) (-672 32 -64 ) (-672 32 64 ) (-800 32 64 ) 
4 114 116 (-800 40 -64 ) (-800 32 -64 ) (-800 32 64 ) (-800 40 64 ) 
4 115 174 (-1024 40 64 ) (-1024 64 64 ) (-1024 64 -64 ) (-1024 40 -64 ) 
4 115 116 (-1024 40 -64 ) (-848 40 -64 ) (-848 40 64 ) (-1024 40 64 ) 
4 116 175 (-1024 32 -64 ) (-1024 32 64 ) (-1024 40 64 ) (-1024 40 -64 ) 
4 116 129 (-1024 32 64 ) (-1024 32 -64 ) (-800 32 -64 ) (-800 32 64 ) 
3 117 122 (-576 32 -68 ) (-576 32 -64 ) (-580 32 -64 ) 
4 117 123 (-592 32 -128 ) (-576 32 -128 ) (-576 32 -80 ) (-592 32 -80 ) 
4 117 120 (-576 32 -128 ) (-416 32 -128 ) (-416 32 -64 ) (-576 32 -64 ) 
6 118 132 (-592 0 152 ) (-592 0 64 ) (-408.008514 0 64 ) (-415.011841 0 101.017456 ) (-436 0 132 ) (-465.523834 0 152 ) 
5 118 130 (-467 0 153 ) (-504 0 160 ) (-592 0 160 ) (-592 0 152 ) (-465.523834 0 152 ) 
4 118 129 (-592 32 152 ) (-592 32 64 ) (-592 0 64 ) (-592 0 152 ) 
4 118 124 (-592 32 160 ) (-592 32 152 ) (-592 0 152 ) (-592 0 160 ) 
4 118 119 (-412 0 64 ) (-592 0 64 ) (-592 32 64 ) (-412 32 64 ) 
4 119 145 (-412 0 64 ) (-592 0 64 ) (-592 0 52 ) (-412 0 52 ) 
4 119 129 (-592 32 64 ) (-592 32 52 ) (-592 0 52 ) (-592 0 64 ) 
4 119 121 (-592 0 52 ) (-592 32 52 ) (-576 32 52 ) (-576 0 52 ) 
4 119 120 (-576 32 52 ) (-412 32 52 ) (-412 0 52 ) (-576 0 52 ) 
4 120 146 (-408 0 52 ) (-576 0 52 ) (-576 0 -128 ) (-408 0 -128 ) 
4 120 122 (-576 0 -68 ) (-576 0 -64 ) (-576 32 -64 ) (-576 32 -68 ) 
4 120 121 (-576 0 -64 ) (-576 0 52 ) (-576 32 52 ) (-576 32 -64 ) 
4 120 123 (-576 32 -128 ) (-576 0 -128 ) (-576 0 -80 ) (-576 32 -80 ) 
4 121 147 (-576 0 52 ) (-592 0 52 ) (-592 0 -64 ) (-576 0 -64 ) 
4 121 129 (-592 32 52 ) (-592 32 -64 ) (-592 0 -64 ) (-592 0 52 ) 
4 121 122 (-580 32 -64 ) (-576 32 -64 ) (-576 0 -64 ) (-580 0 -64 ) 
3 122 148 (-576 0 -68 ) (-576 0 -64 ) (-580 0 -64 ) 
4 123 149 (-592 0 -80 ) (-592 0 -128 ) (-576 0 -128 ) (-576 0 -80 ) 
4 124 130 (-696 0 152 ) (-592 0 152 ) (-592 0 160 ) (-696 0 160 ) 
4 124 129 (-696 32 152 ) (-592 32 152 ) (-592 0 152 ) (-696 0 152 ) 
4 125 131 (-816 0 152 ) (-728 0 152 ) (-728 0 160 ) (-816 0 160 ) 
4 125 129 (-816 32 152 ) (-728 32 152 ) (-728 0 152 ) (-816 0 152 ) 
4 126 169 (-1024 0 232 ) (-1024 0 320 ) (-1024 24 320 ) (-1024 24 232 ) 
4 126 134 (-1024 0 320 ) (-1024 0 232 ) (-848 0 232 ) (-848 0 320 ) 
4 126 127 (-1024 0 232 ) (-1024 24 232 ) (-848 24 232 ) (-848 0 232 ) 
4 127 170 (-1024 0 224 ) (-1024 0 232 ) (-1024 24 232 ) (-1024 24 224 ) 
4 127 135 (-1024 0 232 ) (-1024 0 224 ) (-848 0 224 ) (-848 0 232 ) 
4 127 128 (-1024 24 224 ) (-848 24 224 ) (-848 0 224 ) (-1024 0 224 ) 
4 128 171 (-1024 0 152 ) (-1024 0 224 ) (-1024 24 224 ) (-1024 24 152 ) 
4 128 136 (-1024 0 224 ) (-1024 0 152 ) (-848 0 152 ) (-848 0 224 ) 
4 128 129 (-848 24 152 ) (-848 0 152 ) (-1024 0 152 ) (-1024 24 152 ) 
4 129 181 (-1024 0 -64 ) (-1024 0 64 ) (-1024 32 64 ) (-1024 32 -64 ) 
4 129 171 (-1024 0 64 ) (-1024 0 152 ) (-1024 24 152 ) (-1024 24 64 ) 
4 129 168 (-1024 24 152 ) (-1024 32 152 ) (-1024 32 64 ) (-1024 24 64 ) 
4 129 150 (-1024 0 52 ) (-1024 0 -64 ) (-592 0 -64 ) (-592 0 52 ) 
4 129 145 (-1024 0 64 ) (-1024 0 52 ) (-592 0 52 ) (-592 0 64 ) 
4 129 136 (-1024 0 152 ) (-1024 0 64 ) (-848 0 64 ) (-848 0 152 ) 
4 129 133 (-848 0 64 ) (-816 0 64 ) (-816 0 152 ) (-848 0 152 ) 
4 129 132 (-816 0 64 ) (-592 0 64 ) (-592 0 152 ) (-816 0 152 ) 
4 130 141 (-624 -992 160 ) (-696 -992 160 ) (-696 -992 152 ) (-624 -992 152 ) 
4 130 132 (-465.523804 -992 152 ) (-696 -992 152 ) (-696 0 152 ) (-465.523804 0 152 ) 
4 131 142 (-816 -992 160 ) (-816 -992 152 ) (-728 -992 152 ) (-728 -992 160 ) 
4 131 132 (-728 -992 152 ) (-816 -992 152 ) (-816 0 152 ) (-728 0 152 ) 
4 132 145 (-816 0 64 ) (-412 0 64 ) (-412 -992 64 ) (-816 -992 64 ) 
4 132 144 (-816 -992 64 ) (-624 -992 64 ) (-624 -992 152 ) (-816 -992 152 ) 
9 132 140 (-592 -992 64 ) (-416 -992 64 ) (-422.997437 -992 97.987503 ) (-442.010986 -992 126.007477 ) (-470 -992 145 ) (-504 -992 152 ) (-538 -992 145 ) (-566 -992 126 ) (-585 -992 98 ) 
4 132 133 (-816 0 64 ) (-816 -992 64 ) (-816 -992 152 ) (-816 0 152 ) 
4 133 145 (-848 0 64 ) (-816 0 64 ) (-816 -992 64 ) (-848 -992 64 ) 
4 133 144 (-848 -992 64 ) (-816 -992 64 ) (-816 -992 152 ) (-848 -992 152 ) 
4 133 136 (-848 0 64 ) (-848 -992 64 ) (-848 -992 152 ) (-848 0 152 ) 
4 134 187 (-1024 0 320 ) (-1024 0 232 ) (-1024 -992 232 ) (-1024 -992 320 ) 
4 134 137 (-1024 -992 320 ) (-1024 -992 232 ) (-848 -992 232 ) (-848 -992 320 ) 
4 134 135 (-848 0 232 ) (-848 -992 232 ) (-1024 -992 232 ) (-1024 0 232 ) 
4 135 188 (-1024 0 232 ) (-1024 0 224 ) (-1024 -992 224 ) (-1024 -992 232 ) 
4 135 138 (-1024 -992 232 ) (-1024 -992 224 ) (-848 -992 224 ) (-848 -992 232 ) 
4 135 136 (-1024 0 224 ) (-848 0 224 ) (-848 -992 224 ) (-1024 -992 224 ) 
4 136 189 (-1024 0 224 ) (-1024 0 64 ) (-1024 -992 64 ) (-1024 -992 224 ) 
4 136 145 (-1024 -992 64 ) (-1024 0 64 ) (-848 0 64 ) (-848 -992 64 ) 
4 136 144 (-1024 -992 152 ) (-1024 -992 64 ) (-848 -992 64 ) (-848 -992 152 ) 
4 136 143 (-1024 -992 160 ) (-1024 -992 152 ) (-848 -992 152 ) (-848 -992 160 ) 
4 136 139 (-1024 -992 224 ) (-1024 -992 160 ) (-848 -992 160 ) (-848 -992 224 ) 
4 137 199 (-1024 -992 320 ) (-1024 -992 232 ) (-1024 -1000 232 ) (-1024 -1000 320 ) 
4 137 138 (-1024 -992 232 ) (-848 -992 232 ) (-848 -1000 232 ) (-1024 -1000 232 ) 
4 138 200 (-1024 -992 232 ) (-1024 -992 224 ) (-1024 -1000 224 ) (-1024 -1000 232 ) 
4 138 139 (-1024 -992 224 ) (-848 -992 224 ) (-848 -1000 224 ) (-1024 -1000 224 ) 
4 139 201 (-1024 -992 224 ) (-1024 -992 160 ) (-1024 -1000 160 ) (-1024 -1000 224 ) 
4 139 143 (-1024 -1000 160 ) (-1024 -992 160 ) (-848 -992 160 ) (-848 -1000 160 ) 
9 140 206 (-566 -1024 126 ) (-585 -1024 98 ) (-592 -1024 64 ) (-416 -1024 64 ) (-422.997437 -1024 97.987534 ) (-442.010925 -1024 126.007431 ) (-470 -1024 145 ) (-504 -1024 152 ) (-538 -1024 145 ) 
4 140 151 (-416 -1024 64 ) (-592 -1024 64 ) (-592 -992 64 ) (-416 -992 64 ) 
4 141 144 (-632 -1000 152 ) (-696 -1000 152 ) (-696 -992 152 ) (-624 -992 152 ) 
4 142 144 (-728 -1000 152 ) (-816 -1000 152 ) (-816 -992 152 ) (-728 -992 152 ) 
4 143 202 (-1024 -1000 160 ) (-1024 -992 160 ) (-1024 -992 152 ) (-1024 -1000 152 ) 
4 143 144 (-848 -1000 152 ) (-1024 -1000 152 ) (-1024 -992 152 ) (-848 -992 152 ) 
4 144 202 (-1024 -992 152 ) (-1024 -992 64 ) (-1024 -1000 64 ) (-1024 -1000 152 ) 
4 144 152 (-1024 -1000 64 ) (-1024 -992 64 ) (-624 -992 64 ) (-632 -1000 64 ) 
4 145 192 (-1024 -992 64 ) (-1024 0 64 ) (-1024 0 52 ) (-1024 -992 52 ) 
4 145 152 (-624 -992 64 ) (-1024 -992 64 ) (-1024 -992 52 ) (-624 -992 52 ) 
4 145 151 (-416 -992 64 ) (-592 -992 64 ) (-592 -992 52 ) (-416 -992 52 ) 
4 145 150 (-592 -992 52 ) (-1024 -992 52 ) (-1024 0 52 ) (-592 0 52 ) 
4 145 147 (-576 -992 52 ) (-592 -992 52 ) (-592 0 52 ) (-576 0 52 ) 
4 145 146 (-412 -992 52 ) (-576 -992 52 ) (-576 0 52 ) (-412 0 52 ) 
4 146 151 (-576 -992 -128 ) (-416 -992 -128 ) (-416 -992 52 ) (-576 -992 52 ) 
4 146 148 (-576 -992 -68 ) (-576 -992 -64 ) (-576 0 -64 ) (-576 0 -68 ) 
4 146 147 (-576 -992 -64 ) (-576 -992 52 ) (-576 0 52 ) (-576 0 -64 ) 
4 146 149 (-576 0 -128 ) (-576 -992 -128 ) (-576 -992 -80 ) (-576 0 -80 ) 
4 147 151 (-576 -992 -64 ) (-576 -992 52 ) (-592 -992 52 ) (-592 -992 -64 ) 
4 147 150 (-592 -992 -64 ) (-592 -992 52 ) (-592 0 52 ) (-592 0 -64 ) 
4 147 148 (-580 0 -64 ) (-576 0 -64 ) (-576 -992 -64 ) (-580 -992 -64 ) 
3 148 151 (-576 -992 -68 ) (-576 -992 -64 ) (-580 -992 -64 ) 
4 149 151 (-592 -992 -128 ) (-576 -992 -128 ) (-576 -992 -80 ) (-592 -992 -80 ) 
4 150 193 (-1024 0 52 ) (-1024 0 -64 ) (-1024 -992 -64 ) (-1024 -992 52 ) 
4 150 152 (-624 -992 52 ) (-1024 -992 52 ) (-1024 -992 -64 ) (-624 -992 -64 ) 
4 151 206 (-416 -1024 64 ) (-592 -1024 64 ) (-592 -1024 -128 ) (-416 -1024 -128 ) 
4 152 202 (-1024 -1000 64 ) (-1024 -992 64 ) (-1024 -992 -64 ) (-1024 -1000 -64 ) 
4 153 159 (-1200 896 512 ) (-1200 1024 512 ) (-1072 1024 512 ) (-1072 896 512 ) 
4 153 155 (-1072 1024 512 ) (-1024 1024 512 ) (-1024 896 512 ) (-1072 896 512 ) 
4 154 159 (-1472 896 512 ) (-1472 1024 512 ) (-1232 1024 512 ) (-1232 896 512 ) 
4 155 162 (-1072 832 512 ) (-1072 864 512 ) (-1072 864 320 ) (-1072 832 320 ) 
4 155 161 (-1072 968 320 ) (-1072 864 320 ) (-1072 864 432 ) (-1072 968 432 ) 
4 155 160 (-1072 1024 432 ) (-1072 1024 320 ) (-1072 968 320 ) (-1072 968 432 ) 
4 155 159 (-1072 864 512 ) (-1072 1024 512 ) (-1072 1024 432 ) (-1072 864 432 ) 
4 155 156 (-1072 480 320 ) (-1072 768 320 ) (-1024 768 320 ) (-1024 480 320 ) 
4 156 158 (-1072 72 48 ) (-1072 72 -64 ) (-1024 72 -64 ) (-1024 72 48 ) 
4 156 157 (-1072 192.002563 128 ) (-1072 72 47.998093 ) (-1024 72 47.998093 ) (-1024 192.002594 128 ) 
4 157 158 (-1072 72 128 ) (-1072 72 48 ) (-1024 72 48 ) (-1024 72 128 ) 
4 158 174 (-1024 64 -64 ) (-1024 64 64 ) (-1072 64 64 ) (-1072 64 -64 ) 
4 158 164 (-1024 64 64 ) (-1024 64 152 ) (-1072 64 152 ) (-1072 64 64 ) 
4 158 163 (-1072 64 -64 ) (-1072 64 152 ) (-1072 72 152 ) (-1072 72 -64 ) 
4 159 162 (-1072 864 432 ) (-1072 864 512 ) (-1104 864 512 ) (-1104 864 432 ) 
4 159 161 (-1072 864 432 ) (-1472 864 432 ) (-1472 968 432 ) (-1072 968 432 ) 
4 159 160 (-1472 968 432 ) (-1472 1024 432 ) (-1072 1024 432 ) (-1072 968 432 ) 
4 160 161 (-1472 968 320 ) (-1072 968 320 ) (-1072 968 432 ) (-1472 968 432 ) 
4 161 162 (-1104 864 320 ) (-1072 864 320 ) (-1072 864 432 ) (-1104 864 432 ) 
4 163 174 (-1072 64 -64 ) (-1072 64 64 ) (-1080 64 64 ) (-1080 64 -64 ) 
4 163 164 (-1072 64 64 ) (-1072 64 152 ) (-1080 64 152 ) (-1080 64 64 ) 
4 164 175 (-1024 40 64 ) (-1024 32 64 ) (-1104 32 64 ) (-1104 40 64 ) 
4 164 174 (-1080 64 64 ) (-1024 64 64 ) (-1024 40 64 ) (-1104 40 64 ) 
4 164 168 (-1104 32 64 ) (-1024 32 64 ) (-1024 32 152 ) (-1104 32 152 ) 
4 164 166 (-1104 40 64 ) (-1104 32 64 ) (-1104 32 152 ) (-1104 40 152 ) 
4 165 176 (-1536 64 64 ) (-1360 64 64 ) (-1360 32 64 ) (-1536 32 64 ) 
9 165 173 (-1536 32 64 ) (-1360 32 64 ) (-1367 32 98 ) (-1386 32 126 ) (-1414 32 145 ) (-1448 32 152 ) (-1482 32 145 ) (-1510 32 126 ) (-1529 32 98 ) 
4 166 175 (-1104 40 64 ) (-1104 32 64 ) (-1136 32 64 ) (-1136 40 64 ) 
4 166 172 (-1136 32 64 ) (-1104 32 64 ) (-1104 32 152 ) (-1136 32 152 ) 
4 166 167 (-1136 40 152 ) (-1136 40 64 ) (-1136 32 64 ) (-1136 32 152 ) 
4 167 175 (-1136 32 64 ) (-1328 32 64 ) (-1320 40 64 ) (-1136 40 64 ) 
4 167 173 (-1328 32 64 ) (-1136 32 64 ) (-1136 32 160 ) (-1328 32 160 ) 
4 168 181 (-1104 32 64 ) (-1024 32 64 ) (-1024 24 64 ) (-1104 24 64 ) 
4 168 172 (-1104 32 152 ) (-1104 32 64 ) (-1104 24 64 ) (-1104 24 152 ) 
4 168 171 (-1104 24 152 ) (-1104 24 64 ) (-1024 24 64 ) (-1024 24 152 ) 
4 169 187 (-1024 0 232 ) (-1024 0 320 ) (-1104 0 320 ) (-1104 0 232 ) 
4 169 170 (-1024 0 232 ) (-1104 0 232 ) (-1104 24 232 ) (-1024 24 232 ) 
4 170 188 (-1024 0 224 ) (-1024 0 232 ) (-1104 0 232 ) (-1104 0 224 ) 
4 170 171 (-1104 0 224 ) (-1104 24 224 ) (-1024 24 224 ) (-1024 0 224 ) 
4 171 189 (-1024 0 64 ) (-1024 0 224 ) (-1104 0 224 ) (-1104 0 64 ) 
4 171 181 (-1024 24 64 ) (-1024 0 64 ) (-1104 0 64 ) (-1104 24 64 ) 
4 171 172 (-1104 24 64 ) (-1104 0 64 ) (-1104 0 152 ) (-1104 24 152 ) 
4 172 190 (-1136 0 152 ) (-1136 0 64 ) (-1104 0 64 ) (-1104 0 152 ) 
4 172 181 (-1136 32 64 ) (-1104 32 64 ) (-1104 0 64 ) (-1136 0 64 ) 
4 172 173 (-1136 32 152 ) (-1136 32 64 ) (-1136 0 64 ) (-1136 0 152 ) 
7 173 191 (-1544 0 64 ) (-1136 0 64 ) (-1136 0 160 ) (-1448 0 160 ) (-1485 0 153 ) (-1516 0 132 ) (-1537 0 101 ) 
4 173 182 (-1540 32 64 ) (-1360 32 64 ) (-1360 0 64 ) (-1540 0 64 ) 
4 173 181 (-1360 32 64 ) (-1136 32 64 ) (-1136 0 64 ) (-1360 0 64 ) 
4 174 175 (-1104 40 -64 ) (-1024 40 -64 ) (-1024 40 64 ) (-1104 40 64 ) 
4 175 181 (-1024 32 -64 ) (-1024 32 64 ) (-1328 32 64 ) (-1328 32 -64 ) 
4 176 183 (-1376 32 -64 ) (-1360 32 -64 ) (-1360 32 52 ) (-1376 32 52 ) 
4 176 186 (-1536 32 52 ) (-1536 32 -64 ) (-1376 32 -64 ) (-1376 32 52 ) 
4 176 182 (-1360 32 64 ) (-1536 32 64 ) (-1536 32 52 ) (-1360 32 52 ) 
4 176 178 (-1372 32 -64 ) (-1376 32 -64 ) (-1376 40 -64 ) (-1372 40 -64 ) 
4 176 177 (-1376 40 -64 ) (-1376 64 -64 ) (-1360 64 -64 ) (-1360 40 -64 ) 
4 176 180 (-1376 32 -64 ) (-1536 32 -64 ) (-1536 64 -64 ) (-1376 64 -64 ) 
3 177 178 (-1376 40 -64 ) (-1376 40 -68 ) (-1372 40 -64 ) 
4 177 179 (-1376 40 -80 ) (-1376 40 -128 ) (-1360 40 -128 ) (-1360 40 -80 ) 
4 177 180 (-1376 64 -128 ) (-1376 40 -128 ) (-1376 40 -64 ) (-1376 64 -64 ) 
3 178 184 (-1372 32 -64 ) (-1376 32 -64 ) (-1376 32 -68 ) 
4 178 180 (-1376 32 -68 ) (-1376 32 -64 ) (-1376 40 -64 ) (-1376 40 -68 ) 
4 179 185 (-1376 32 -128 ) (-1360 32 -128 ) (-1360 32 -80 ) (-1376 32 -80 ) 
4 179 180 (-1376 40 -128 ) (-1376 32 -128 ) (-1376 32 -80 ) (-1376 40 -80 ) 
4 180 186 (-1536 32 -128 ) (-1376 32 -128 ) (-1376 32 -64 ) (-1536 32 -64 ) 
4 181 193 (-1024 0 -64 ) (-1024 0 52 ) (-1360 0 52 ) (-1360 0 -64 ) 
4 181 192 (-1024 0 52 ) (-1024 0 64 ) (-1360 0 64 ) (-1360 0 52 ) 
4 181 183 (-1360 32 52 ) (-1360 32 -64 ) (-1360 0 -64 ) (-1360 0 52 ) 
4 181 182 (-1360 32 64 ) (-1360 32 52 ) (-1360 0 52 ) (-1360 0 64 ) 
4 182 192 (-1360 0 64 ) (-1540 0 64 ) (-1540 0 52 ) (-1360 0 52 ) 
4 182 183 (-1376 32 52 ) (-1360 32 52 ) (-1360 0 52 ) (-1376 0 52 ) 
4 182 186 (-1540 32 52 ) (-1376 32 52 ) (-1376 0 52 ) (-1540 0 52 ) 
4 183 194 (-1360 0 -64 ) (-1360 0 52 ) (-1376 0 52 ) (-1376 0 -64 ) 
4 183 184 (-1376 0 -64 ) (-1376 32 -64 ) (-1372 32 -64 ) (-1372 0 -64 ) 
4 183 186 (-1376 0 52 ) (-1376 32 52 ) (-1376 32 -64 ) (-1376 0 -64 ) 
3 184 195 (-1372 0 -64 ) (-1376 0 -64 ) (-1376 0 -68 ) 
4 184 186 (-1376 32 -64 ) (-1376 32 -68 ) (-1376 0 -68 ) (-1376 0 -64 ) 
4 185 196 (-1376 0 -128 ) (-1360 0 -128 ) (-1360 0 -80 ) (-1376 0 -80 ) 
4 185 186 (-1376 32 -80 ) (-1376 32 -128 ) (-1376 0 -128 ) (-1376 0 -80 ) 
4 186 198 (-1544 0 -128 ) (-1376 0 -128 ) (-1376 0 52 ) (-1544 0 52 ) 
4 187 199 (-1024 -992 232 ) (-1024 -992 320 ) (-1104 -992 320 ) (-1104 -992 232 ) 
4 187 188 (-1024 -992 232 ) (-1104 -992 232 ) (-1104 0 232 ) (-1024 0 232 ) 
4 188 200 (-1024 -992 224 ) (-1024 -992 232 ) (-1104 -992 232 ) (-1104 -992 224 ) 
4 188 189 (-1024 -992 224 ) (-1104 -992 224 ) (-1104 0 224 ) (-1024 0 224 ) 
4 189 202 (-1024 -992 64 ) (-1024 -992 160 ) (-1104 -992 160 ) (-1104 -992 64 ) 
4 189 201 (-1024 -992 160 ) (-1024 -992 224 ) (-1104 -992 224 ) (-1104 -992 160 ) 
4 189 192 (-1024 -992 64 ) (-1104 -992 64 ) (-1104 0 64 ) (-1024 0 64 ) 
4 189 190 (-1104 0 64 ) (-1104 -992 64 ) (-1104 -992 152 ) (-1104 0 152 ) 
4 190 203 (-1136 -992 152 ) (-1136 -992 64 ) (-1104 -992 64 ) (-1104 -992 152 ) 
4 190 192 (-1104 -992 64 ) (-1136 -992 64 ) (-1136 0 64 ) (-1104 0 64 ) 
4 190 191 (-1136 0 152 ) (-1136 0 64 ) (-1136 -992 64 ) (-1136 -992 152 ) 
9 191 205 (-1536 -992 64 ) (-1360 -992 64 ) (-1367 -992 98 ) (-1386 -992 126 ) (-1414 -992 145 ) (-1448 -992 152 ) (-1482 -992 145 ) (-1510 -992 126 ) (-1529 -992 98 ) 
4 191 204 (-1328 -992 64 ) (-1136 -992 64 ) (-1136 -992 160 ) (-1328 -992 160 ) 
4 191 192 (-1136 -992 64 ) (-1540 -992 64 ) (-1540 0 64 ) (-1136 0 64 ) 
4 192 205 (-1360 -992 64 ) (-1536 -992 64 ) (-1536 -992 52 ) (-1360 -992 52 ) 
4 192 204 (-1136 -992 64 ) (-1328 -992 64 ) (-1328 -992 52 ) (-1136 -992 52 ) 
4 192 203 (-1104 -992 64 ) (-1136 -992 64 ) (-1136 -992 52 ) (-1104 -992 52 ) 
4 192 202 (-1024 -992 52 ) (-1024 -992 64 ) (-1104 -992 64 ) (-1104 -992 52 ) 
4 192 198 (-1376 -992 52 ) (-1540 -992 52 ) (-1540 0 52 ) (-1376 0 52 ) 
4 192 194 (-1376 -984 52 ) (-1376 0 52 ) (-1360 0 52 ) (-1360 -984 52 ) 
4 192 197 (-1360 -992 52 ) (-1376 -992 52 ) (-1376 -984 52 ) (-1360 -984 52 ) 
4 192 193 (-1024 -992 52 ) (-1360 -992 52 ) (-1360 0 52 ) (-1024 0 52 ) 
4 193 204 (-1136 -992 52 ) (-1328 -992 52 ) (-1328 -992 -64 ) (-1136 -992 -64 ) 
4 193 203 (-1104 -992 52 ) (-1136 -992 52 ) (-1136 -992 -64 ) (-1104 -992 -64 ) 
4 193 202 (-1024 -992 -64 ) (-1024 -992 52 ) (-1104 -992 52 ) (-1104 -992 -64 ) 
4 193 194 (-1360 -984 52 ) (-1360 0 52 ) (-1360 0 -64 ) (-1360 -984 -64 ) 
4 193 197 (-1360 -992 -64 ) (-1360 -992 52 ) (-1360 -984 52 ) (-1360 -984 -64 ) 
4 194 198 (-1376 -984 -64 ) (-1376 -984 52 ) (-1376 0 52 ) (-1376 0 -64 ) 
4 194 195 (-1372 -984 -64 ) (-1376 -984 -64 ) (-1376 0 -64 ) (-1372 0 -64 ) 
4 194 197 (-1376 -984 52 ) (-1376 -984 -64 ) (-1360 -984 -64 ) (-1360 -984 52 ) 
4 195 198 (-1376 -984 -68 ) (-1376 -984 -64 ) (-1376 0 -64 ) (-1376 0 -68 ) 
3 195 197 (-1376 -984 -64 ) (-1376 -984 -68 ) (-1372 -984 -64 ) 
4 196 198 (-1376 0 -128 ) (-1376 -984 -128 ) (-1376 -984 -80 ) (-1376 0 -80 ) 
4 196 197 (-1376 -984 -80 ) (-1376 -984 -128 ) (-1360 -984 -128 ) (-1360 -984 -80 ) 
4 197 205 (-1360 -992 52 ) (-1376 -992 52 ) (-1376 -992 -128 ) (-1360 -992 -128 ) 
4 197 198 (-1376 -984 -128 ) (-1376 -992 -128 ) (-1376 -992 52 ) (-1376 -984 52 ) 
4 198 205 (-1376 -992 52 ) (-1536 -992 52 ) (-1536 -992 -128 ) (-1376 -992 -128 ) 
4 199 200 (-1024 -1000 232 ) (-1104 -1000 232 ) (-1104 -992 232 ) (-1024 -992 232 ) 
4 200 201 (-1024 -1000 224 ) (-1104 -1000 224 ) (-1104 -992 224 ) (-1024 -992 224 ) 
4 201 202 (-1104 -992 160 ) (-1024 -992 160 ) (-1024 -1000 160 ) (-1104 -1000 160 ) 
4 202 203 (-1104 -992 -64 ) (-1104 -1000 -64 ) (-1104 -1000 152 ) (-1104 -992 152 ) 
4 203 204 (-1136 -992 -64 ) (-1136 -1000 -64 ) (-1136 -1000 152 ) (-1136 -992 152 ) 
11 205 207 (-1360 -1024 -128 ) (-1360 -1024 64 ) (-1367 -1024 98 ) (-1386 -1024 126 ) (-1414 -1024 145 ) (-1448 -1024 152 ) (-1482 -1024 145 ) (-1510 -1024 126 ) (-1529 -1024 98 ) (-1536 -1024 64 ) (-1536 -1024 -128 ) 
