


materialPath: D:\steam\steamapps\sourcemods\entropyzero2-addonworkspace\materials
Loading d:\steam\steamapps\sourcemods\entropyzero2-addonworkspace\mapsrc\subway01.vmf
ConVarRef mat_reduceparticles doesn't point to an existing ConVar
fixing up env_cubemap materials on brush sides...
0...1...2...3...4...5...6...7...8...9...10**** leaked ****
Entity prop_dynamic (2576.43 -236.10 1.77) leaked!
--- MAP LEAKED ---



12 threads
reading d:\steam\steamapps\sourcemods\entropyzero2-addonworkspace\mapsrc\subway01.bsp
Error opening d:\steam\steamapps\sourcemods\entropyzero2-addonworkspace\mapsrc\subway01.bsp


materialPath: D:\steam\steamapps\sourcemods\entropyzero2-addonworkspace\materials
Loading d:\steam\steamapps\sourcemods\entropyzero2-addonworkspace\mapsrc\subway01.vmf
ConVarRef mat_reduceparticles doesn't point to an existing ConVar
fixing up env_cubemap materials on brush sides...
0...1...2...3...4...5...6...7...8...9...100...1...2...3...4...5...6...7...8...9...10Processing areas...done (0)
Building Faces...done (0)
Chop Details...done (0)
Find Visible Detail Sides...
Merged 32 detail faces...done (0)
Merging details...done (0)
FixTjuncs...
PruneNodes...
WriteBSP...
done (0)
writing d:\steam\steamapps\sourcemods\entropyzero2-addonworkspace\mapsrc\subway01.prt...Building visibility clusters...
done (0)
Finding displacement neighbors...
Finding lightmap sample positions...
Displacement Alpha : 0...1...2...3...4...5...6...7...8...9...10
Building Physics collision data...
done (0) (28128 bytes)
Placing static props...
Placing detail props : 0...1...2...3...4...5...6...7...8...9...Material NATURE/BLENDGRAVELGRAVEL02B uses unknown detail object type citygrass_light!
10
Compacting texture/material tables...
Reduced 99 texinfos to 61
Reduced 17 texdatas to 13 (421 bytes to 304)
Writing d:\steam\steamapps\sourcemods\entropyzero2-addonworkspace\mapsrc\subway01.bsp
0 seconds elapsed



12 threads
reading d:\steam\steamapps\sourcemods\entropyzero2-addonworkspace\mapsrc\subway01.bsp
reading d:\steam\steamapps\sourcemods\entropyzero2-addonworkspace\mapsrc\subway01.prt
   9 portalclusters
  10 numportals
0...1...2...3...4...5...6...7...8...9...10Optimized: 0 visible clusters (0.00%)
Total clusters visible: 81
Average clusters visible: 9
Building PAS...
Average clusters audible: 9
visdatasize:112  compressed from 144
writing d:\steam\steamapps\sourcemods\entropyzero2-addonworkspace\mapsrc\subway01.bsp
0 seconds elapsed



[Reading texlights from 'lights.rad']
[48 texlights parsed from 'lights.rad']

Loading d:\steam\steamapps\sourcemods\entropyzero2-addonworkspace\mapsrc\subway01.bsp
223 faces
12418 square feet [1788202.25 square inches]
2 Displacements
3703 Square Feet [533257.31 Square Inches]
223 patches before subdivision
2053 patches after subdivision
3 direct lights
0...1...2...3...4...5...6...7...8...9...100...1...2...3...4...5...6...7...8...9...10transfers 155624, max 280
transfer lists:   1.2 megs
0...1...2...3...4...5...6...7...8...9...10	Bounce #1 added RGB(0, 0, 0)
Build Patch/Sample Hash Table(s).....Done<0.0003 sec>
0...1...2...3...4...5...6...7...8...9...10FinalLightFace Done
0 of 0 (0% of) surface lights went in leaf ambient cubes.
0...1...2...3...4...5...6...7...8...9...10Writing leaf ambient...done
Ready to Finish

Object names       Objects/Maxobjs  Memory / Maxmem  Fullness 
------------       ---------------  ---------------  -------- 
models                   1/1024           48/49152    ( 0.1%) 
brushes                 74/8192          888/98304    ( 0.9%) 
brushsides             702/65536        5616/524288   ( 1.1%) 
planes                 620/65536       12400/1310720  ( 0.9%) 
vertexes               382/65536        4584/786432   ( 0.6%) 
nodes                   82/65536        2624/2097152  ( 0.1%) 
texinfos                61/12288        4392/884736   ( 0.5%) 
texdata                 13/2048          416/65536    ( 0.6%) 
dispinfos                2/0             352/0        ( 0.0%) 
disp_verts             162/0            3240/0        ( 0.0%) 
disp_tris              256/0             512/0        ( 0.0%) 
disp_lmsamples        9408/0            9408/0        ( 0.0%) 
faces                  223/65536       12488/3670016  ( 0.3%) 
hdr faces                0/65536           0/3670016  ( 0.0%) 
origfaces              170/65536        9520/3670016  ( 0.3%) 
leaves                  84/65536        2688/2097152  ( 0.1%) 
leaffaces              235/65536         470/131072   ( 0.4%) 
leafbrushes            196/65536         392/131072   ( 0.3%) 
areas                    2/256            16/2048     ( 0.8%) 
surfedges             1757/512000       7028/2048000  ( 0.3%) 
edges                 1064/256000       4256/1024000  ( 0.4%) 
LDR worldlights          3/65536         264/5767168  ( 0.0%) 
HDR worldlights          0/65536           0/5767168  ( 0.0%) 
leafwaterdata            0/32768           0/393216   ( 0.0%) 
waterstrips             31/32768         310/327680   ( 0.1%) 
waterverts               0/65536           0/786432   ( 0.0%) 
waterindices           423/65536         846/131072   ( 0.6%) 
cubemapsamples           0/1024            0/16384    ( 0.0%) 
overlays                 1/8192          352/2883584  ( 0.0%) 
LDR lightdata         [variable]       68576/0        ( 0.0%) 
HDR lightdata         [variable]           0/0        ( 0.0%) 
visdata               [variable]         112/16777216 ( 0.0%) 
entdata               [variable]        1634/393216   ( 0.4%) 
LDR ambient table       84/65536         336/262144   ( 0.1%) 
HDR ambient table       84/65536         336/262144   ( 0.1%) 
LDR leaf ambient         9/65536         252/1835008  ( 0.0%) 
HDR leaf ambient        84/65536        2352/1835008  ( 0.1%) 
occluders                0/0               0/0        ( 0.0%) 
occluder polygons        0/0               0/0        ( 0.0%) 
occluder vert ind        0/0               0/0        ( 0.0%) 
detail props          [variable]           1/12       ( 8.3%) 
static props          [variable]           1/1258     ( 0.1%) 
pakfile               [variable]         380/0        ( 0.0%) 
physics               [variable]       28128/4194304  ( 0.7%) 
physics terrain       [variable]         486/1048576  ( 0.0%) 

Level flags = 0

Total triangle count: 614
Writing d:\steam\steamapps\sourcemods\entropyzero2-addonworkspace\mapsrc\subway01.bsp
0 seconds elapsed



materialPath: D:\steam\steamapps\sourcemods\entropyzero2-addonworkspace\materials
Loading d:\steam\steamapps\sourcemods\entropyzero2-addonworkspace\mapsrc\subway01.vmf
ConVarRef mat_reduceparticles doesn't point to an existing ConVar
fixing up env_cubemap materials on brush sides...
0...1...2...3...4...5...6...7...8...9...100...1...2...3...4...5...6...7...8...9...10Processing areas...done (0)
Building Faces...done (0)
Chop Details...done (0)
Find Visible Detail Sides...
Merged 32 detail faces...done (0)
Merging details...done (0)
FixTjuncs...
PruneNodes...
WriteBSP...
done (0)
writing d:\steam\steamapps\sourcemods\entropyzero2-addonworkspace\mapsrc\subway01.prt...Building visibility clusters...
done (0)
Finding displacement neighbors...
Finding lightmap sample positions...
Displacement Alpha : 0...1...2...3...4...5...6...7...8...9...10
Building Physics collision data...
done (0) (28128 bytes)
Placing static props...
Placing detail props : 0...1...2...3...4...5...6...7...8...9...Material NATURE/BLENDGRAVELGRAVEL02B uses unknown detail object type citygrass_light!
10
Compacting texture/material tables...
Reduced 99 texinfos to 61
Reduced 17 texdatas to 13 (421 bytes to 304)
Writing d:\steam\steamapps\sourcemods\entropyzero2-addonworkspace\mapsrc\subway01.bsp
0 seconds elapsed



12 threads
reading d:\steam\steamapps\sourcemods\entropyzero2-addonworkspace\mapsrc\subway01.bsp
reading d:\steam\steamapps\sourcemods\entropyzero2-addonworkspace\mapsrc\subway01.prt
   9 portalclusters
  10 numportals
0...1...2...3...4...5...6...7...8...9...10Optimized: 0 visible clusters (0.00%)
Total clusters visible: 81
Average clusters visible: 9
Building PAS...
Average clusters audible: 9
visdatasize:112  compressed from 144
writing d:\steam\steamapps\sourcemods\entropyzero2-addonworkspace\mapsrc\subway01.bsp
0 seconds elapsed



[Reading texlights from 'lights.rad']
[48 texlights parsed from 'lights.rad']

Loading d:\steam\steamapps\sourcemods\entropyzero2-addonworkspace\mapsrc\subway01.bsp
223 faces
12418 square feet [1788202.25 square inches]
2 Displacements
3703 Square Feet [533257.31 Square Inches]
223 patches before subdivision
2053 patches after subdivision
3 direct lights
0...1...2...3...4...5...6...7...8...9...100...1...2...3...4...5...6...7...8...9...10transfers 155624, max 280
transfer lists:   1.2 megs
0...1...2...3...4...5...6...7...8...9...10	Bounce #1 added RGB(0, 0, 0)
Build Patch/Sample Hash Table(s).....Done<0.0003 sec>
0...1...2...3...4...5...6...7...8...9...10FinalLightFace Done
0 of 0 (0% of) surface lights went in leaf ambient cubes.
0...1...2...3...4...5...6...7...8...9...10Writing leaf ambient...done
Ready to Finish

Object names       Objects/Maxobjs  Memory / Maxmem  Fullness 
------------       ---------------  ---------------  -------- 
models                   1/1024           48/49152    ( 0.1%) 
brushes                 74/8192          888/98304    ( 0.9%) 
brushsides             702/65536        5616/524288   ( 1.1%) 
planes                 620/65536       12400/1310720  ( 0.9%) 
vertexes               382/65536        4584/786432   ( 0.6%) 
nodes                   82/65536        2624/2097152  ( 0.1%) 
texinfos                61/12288        4392/884736   ( 0.5%) 
texdata                 13/2048          416/65536    ( 0.6%) 
dispinfos                2/0             352/0        ( 0.0%) 
disp_verts             162/0            3240/0        ( 0.0%) 
disp_tris              256/0             512/0        ( 0.0%) 
disp_lmsamples        9408/0            9408/0        ( 0.0%) 
faces                  223/65536       12488/3670016  ( 0.3%) 
hdr faces                0/65536           0/3670016  ( 0.0%) 
origfaces              170/65536        9520/3670016  ( 0.3%) 
leaves                  84/65536        2688/2097152  ( 0.1%) 
leaffaces              235/65536         470/131072   ( 0.4%) 
leafbrushes            196/65536         392/131072   ( 0.3%) 
areas                    2/256            16/2048     ( 0.8%) 
surfedges             1757/512000       7028/2048000  ( 0.3%) 
edges                 1064/256000       4256/1024000  ( 0.4%) 
LDR worldlights          3/65536         264/5767168  ( 0.0%) 
HDR worldlights          0/65536           0/5767168  ( 0.0%) 
leafwaterdata            0/32768           0/393216   ( 0.0%) 
waterstrips             31/32768         310/327680   ( 0.1%) 
waterverts               0/65536           0/786432   ( 0.0%) 
waterindices           423/65536         846/131072   ( 0.6%) 
cubemapsamples           0/1024            0/16384    ( 0.0%) 
overlays                 1/8192          352/2883584  ( 0.0%) 
LDR lightdata         [variable]       68576/0        ( 0.0%) 
HDR lightdata         [variable]           0/0        ( 0.0%) 
visdata               [variable]         112/16777216 ( 0.0%) 
entdata               [variable]        1698/393216   ( 0.4%) 
LDR ambient table       84/65536         336/262144   ( 0.1%) 
HDR ambient table       84/65536         336/262144   ( 0.1%) 
LDR leaf ambient         9/65536         252/1835008  ( 0.0%) 
HDR leaf ambient        84/65536        2352/1835008  ( 0.1%) 
occluders                0/0               0/0        ( 0.0%) 
occluder polygons        0/0               0/0        ( 0.0%) 
occluder vert ind        0/0               0/0        ( 0.0%) 
detail props          [variable]           1/12       ( 8.3%) 
static props          [variable]           1/1258     ( 0.1%) 
pakfile               [variable]         380/0        ( 0.0%) 
physics               [variable]       28128/4194304  ( 0.7%) 
physics terrain       [variable]         486/1048576  ( 0.0%) 

Level flags = 0

Total triangle count: 614
Writing d:\steam\steamapps\sourcemods\entropyzero2-addonworkspace\mapsrc\subway01.bsp
0 seconds elapsed



materialPath: D:\steam\steamapps\sourcemods\entropyzero2-addonworkspace\materials
Loading d:\steam\steamapps\sourcemods\entropyzero2-addonworkspace\mapsrc\subway01.vmf
ConVarRef mat_reduceparticles doesn't point to an existing ConVar
fixing up env_cubemap materials on brush sides...
0...1...2...3...4...5...6...7...8...9...100...1...2...3...4...5...6...7...8...9...10Processing areas...done (0)
Building Faces...done (0)
Chop Details...done (0)
Find Visible Detail Sides...
Merged 32 detail faces...done (0)
Merging details...done (0)
FixTjuncs...
PruneNodes...
WriteBSP...
done (0)
writing d:\steam\steamapps\sourcemods\entropyzero2-addonworkspace\mapsrc\subway01.prt...Building visibility clusters...
done (0)
Finding displacement neighbors...
Finding lightmap sample positions...
Displacement Alpha : 0...1...2...3...4...5...6...7...8...9...10
Building Physics collision data...
done (0) (28128 bytes)
Placing static props...
Placing detail props : 0...1...2...3...4...5...6...7...8...9...Material NATURE/BLENDGRAVELGRAVEL02B uses unknown detail object type citygrass_light!
10
Compacting texture/material tables...
Reduced 99 texinfos to 61
Reduced 17 texdatas to 13 (421 bytes to 304)
Writing d:\steam\steamapps\sourcemods\entropyzero2-addonworkspace\mapsrc\subway01.bsp
0 seconds elapsed



12 threads
reading d:\steam\steamapps\sourcemods\entropyzero2-addonworkspace\mapsrc\subway01.bsp
reading d:\steam\steamapps\sourcemods\entropyzero2-addonworkspace\mapsrc\subway01.prt
   9 portalclusters
  10 numportals
0...1...2...3...4...5...6...7...8...9...10Optimized: 0 visible clusters (0.00%)
Total clusters visible: 81
Average clusters visible: 9
Building PAS...
Average clusters audible: 9
visdatasize:112  compressed from 144
writing d:\steam\steamapps\sourcemods\entropyzero2-addonworkspace\mapsrc\subway01.bsp
0 seconds elapsed



[Reading texlights from 'lights.rad']
[48 texlights parsed from 'lights.rad']

Loading d:\steam\steamapps\sourcemods\entropyzero2-addonworkspace\mapsrc\subway01.bsp
223 faces
12418 square feet [1788202.25 square inches]
2 Displacements
3703 Square Feet [533257.31 Square Inches]
223 patches before subdivision
2053 patches after subdivision
3 direct lights
0...1...2...3...4...5...6...7...8...9...100...1...2...3...4...5...6...7...8...9...10transfers 155624, max 280
transfer lists:   1.2 megs
0...1...2...3...4...5...6...7...8...9...10	Bounce #1 added RGB(0, 0, 0)
Build Patch/Sample Hash Table(s).....Done<0.0003 sec>
0...1...2...3...4...5...6...7...8...9...10FinalLightFace Done
0 of 0 (0% of) surface lights went in leaf ambient cubes.
0...1...2...3...4...5...6...7...8...9...10Writing leaf ambient...done
Ready to Finish

Object names       Objects/Maxobjs  Memory / Maxmem  Fullness 
------------       ---------------  ---------------  -------- 
models                   1/1024           48/49152    ( 0.1%) 
brushes                 74/8192          888/98304    ( 0.9%) 
brushsides             702/65536        5616/524288   ( 1.1%) 
planes                 620/65536       12400/1310720  ( 0.9%) 
vertexes               382/65536        4584/786432   ( 0.6%) 
nodes                   82/65536        2624/2097152  ( 0.1%) 
texinfos                61/12288        4392/884736   ( 0.5%) 
texdata                 13/2048          416/65536    ( 0.6%) 
dispinfos                2/0             352/0        ( 0.0%) 
disp_verts             162/0            3240/0        ( 0.0%) 
disp_tris              256/0             512/0        ( 0.0%) 
disp_lmsamples        9408/0            9408/0        ( 0.0%) 
faces                  223/65536       12488/3670016  ( 0.3%) 
hdr faces                0/65536           0/3670016  ( 0.0%) 
origfaces              170/65536        9520/3670016  ( 0.3%) 
leaves                  84/65536        2688/2097152  ( 0.1%) 
leaffaces              235/65536         470/131072   ( 0.4%) 
leafbrushes            196/65536         392/131072   ( 0.3%) 
areas                    2/256            16/2048     ( 0.8%) 
surfedges             1757/512000       7028/2048000  ( 0.3%) 
edges                 1064/256000       4256/1024000  ( 0.4%) 
LDR worldlights          3/65536         264/5767168  ( 0.0%) 
HDR worldlights          0/65536           0/5767168  ( 0.0%) 
leafwaterdata            0/32768           0/393216   ( 0.0%) 
waterstrips             31/32768         310/327680   ( 0.1%) 
waterverts               0/65536           0/786432   ( 0.0%) 
waterindices           423/65536         846/131072   ( 0.6%) 
cubemapsamples           0/1024            0/16384    ( 0.0%) 
overlays                 1/8192          352/2883584  ( 0.0%) 
LDR lightdata         [variable]       68576/0        ( 0.0%) 
HDR lightdata         [variable]           0/0        ( 0.0%) 
visdata               [variable]         112/16777216 ( 0.0%) 
entdata               [variable]        1698/393216   ( 0.4%) 
LDR ambient table       84/65536         336/262144   ( 0.1%) 
HDR ambient table       84/65536         336/262144   ( 0.1%) 
LDR leaf ambient         9/65536         252/1835008  ( 0.0%) 
HDR leaf ambient        84/65536        2352/1835008  ( 0.1%) 
occluders                0/0               0/0        ( 0.0%) 
occluder polygons        0/0               0/0        ( 0.0%) 
occluder vert ind        0/0               0/0        ( 0.0%) 
detail props          [variable]           1/12       ( 8.3%) 
static props          [variable]           1/1258     ( 0.1%) 
pakfile               [variable]         380/0        ( 0.0%) 
physics               [variable]       28128/4194304  ( 0.7%) 
physics terrain       [variable]         486/1048576  ( 0.0%) 

Level flags = 0

Total triangle count: 614
Writing d:\steam\steamapps\sourcemods\entropyzero2-addonworkspace\mapsrc\subway01.bsp
0 seconds elapsed



materialPath: D:\steam\steamapps\sourcemods\entropyzero2-addonworkspace\materials
Loading d:\steam\steamapps\sourcemods\entropyzero2-addonworkspace\mapsrc\subway01.vmf
ConVarRef mat_reduceparticles doesn't point to an existing ConVar
fixing up env_cubemap materials on brush sides...
0...1...2...3...4...5...6...7...8...9...100...1...2...3...4...5...6...7...8...9...10Processing areas...done (0)
Building Faces...done (0)
Chop Details...done (0)
Find Visible Detail Sides...
Merged 32 detail faces...done (0)
Merging details...done (0)
FixTjuncs...
PruneNodes...
WriteBSP...
done (0)
writing d:\steam\steamapps\sourcemods\entropyzero2-addonworkspace\mapsrc\subway01.prt...Building visibility clusters...
done (0)
Finding displacement neighbors...
Finding lightmap sample positions...
Displacement Alpha : 0...1...2...3...4...5...6...7...8...9...10
Building Physics collision data...
done (0) (28128 bytes)
Placing static props...
Placing detail props : 0...1...2...3...4...5...6...7...8...9...Material NATURE/BLENDGRAVELGRAVEL02B uses unknown detail object type citygrass_light!
10
Compacting texture/material tables...
Reduced 99 texinfos to 61
Reduced 17 texdatas to 13 (421 bytes to 304)
Writing d:\steam\steamapps\sourcemods\entropyzero2-addonworkspace\mapsrc\subway01.bsp
0 seconds elapsed



12 threads
reading d:\steam\steamapps\sourcemods\entropyzero2-addonworkspace\mapsrc\subway01.bsp
reading d:\steam\steamapps\sourcemods\entropyzero2-addonworkspace\mapsrc\subway01.prt
   9 portalclusters
  10 numportals
0...1...2...3...4...5...6...7...8...9...10Optimized: 0 visible clusters (0.00%)
Total clusters visible: 81
Average clusters visible: 9
Building PAS...
Average clusters audible: 9
visdatasize:112  compressed from 144
writing d:\steam\steamapps\sourcemods\entropyzero2-addonworkspace\mapsrc\subway01.bsp
0 seconds elapsed



[Reading texlights from 'lights.rad']
[48 texlights parsed from 'lights.rad']

Loading d:\steam\steamapps\sourcemods\entropyzero2-addonworkspace\mapsrc\subway01.bsp
223 faces
12418 square feet [1788202.25 square inches]
2 Displacements
3703 Square Feet [533257.31 Square Inches]
223 patches before subdivision
2053 patches after subdivision
5 direct lights
0...1...2...3...4...5...6...7...8...9...100...1...2...3...4...5...6...7...8...9...10transfers 155624, max 280
transfer lists:   1.2 megs
0...1...2...3...4...5...6...7...8...9...10	Bounce #1 added RGB(2939, 2632, 1907)
0...1...2...3...4...5...6...7...8...9...10	Bounce #2 added RGB(435, 352, 191)
Build Patch/Sample Hash Table(s).....Done<0.0003 sec>
0...1...2...3...4...5...6...7...8...9...10FinalLightFace Done
0 of 0 (0% of) surface lights went in leaf ambient cubes.
0...1...2...3...4...5...6...7...8...9...10Writing leaf ambient...done
Ready to Finish

Object names       Objects/Maxobjs  Memory / Maxmem  Fullness 
------------       ---------------  ---------------  -------- 
models                   1/1024           48/49152    ( 0.1%) 
brushes                 74/8192          888/98304    ( 0.9%) 
brushsides             702/65536        5616/524288   ( 1.1%) 
planes                 620/65536       12400/1310720  ( 0.9%) 
vertexes               382/65536        4584/786432   ( 0.6%) 
nodes                   82/65536        2624/2097152  ( 0.1%) 
texinfos                61/12288        4392/884736   ( 0.5%) 
texdata                 13/2048          416/65536    ( 0.6%) 
dispinfos                2/0             352/0        ( 0.0%) 
disp_verts             162/0            3240/0        ( 0.0%) 
disp_tris              256/0             512/0        ( 0.0%) 
disp_lmsamples        9408/0            9408/0        ( 0.0%) 
faces                  223/65536       12488/3670016  ( 0.3%) 
hdr faces                0/65536           0/3670016  ( 0.0%) 
origfaces              170/65536        9520/3670016  ( 0.3%) 
leaves                  84/65536        2688/2097152  ( 0.1%) 
leaffaces              235/65536         470/131072   ( 0.4%) 
leafbrushes            196/65536         392/131072   ( 0.3%) 
areas                    2/256            16/2048     ( 0.8%) 
surfedges             1757/512000       7028/2048000  ( 0.3%) 
edges                 1064/256000       4256/1024000  ( 0.4%) 
LDR worldlights          5/65536         440/5767168  ( 0.0%) 
HDR worldlights          0/65536           0/5767168  ( 0.0%) 
leafwaterdata            0/32768           0/393216   ( 0.0%) 
waterstrips             31/32768         310/327680   ( 0.1%) 
waterverts               0/65536           0/786432   ( 0.0%) 
waterindices           423/65536         846/131072   ( 0.6%) 
cubemapsamples           0/1024            0/16384    ( 0.0%) 
overlays                 1/8192          352/2883584  ( 0.0%) 
LDR lightdata         [variable]       68576/0        ( 0.0%) 
HDR lightdata         [variable]           0/0        ( 0.0%) 
visdata               [variable]         112/16777216 ( 0.0%) 
entdata               [variable]        2036/393216   ( 0.5%) 
LDR ambient table       84/65536         336/262144   ( 0.1%) 
HDR ambient table       84/65536         336/262144   ( 0.1%) 
LDR leaf ambient        99/65536        2772/1835008  ( 0.2%) 
HDR leaf ambient        84/65536        2352/1835008  ( 0.1%) 
occluders                0/0               0/0        ( 0.0%) 
occluder polygons        0/0               0/0        ( 0.0%) 
occluder vert ind        0/0               0/0        ( 0.0%) 
detail props          [variable]           1/12       ( 8.3%) 
static props          [variable]           1/1258     ( 0.1%) 
pakfile               [variable]         380/0        ( 0.0%) 
physics               [variable]       28128/4194304  ( 0.7%) 
physics terrain       [variable]         486/1048576  ( 0.0%) 

Level flags = 0

Total triangle count: 614
Writing d:\steam\steamapps\sourcemods\entropyzero2-addonworkspace\mapsrc\subway01.bsp
0 seconds elapsed



materialPath: D:\steam\steamapps\sourcemods\entropyzero2-addonworkspace\materials
Loading d:\steam\steamapps\sourcemods\entropyzero2-addonworkspace\mapsrc\subway01.vmf
ConVarRef mat_reduceparticles doesn't point to an existing ConVar
fixing up env_cubemap materials on brush sides...
0...1...2...3...4...5...6...7...8...9...100...1...2...3...4...5...6...7...8...9...10Processing areas...done (0)
Building Faces...done (0)
Chop Details...done (0)
Find Visible Detail Sides...
Merged 32 detail faces...done (0)
Merging details...done (0)
FixTjuncs...
PruneNodes...
WriteBSP...
done (0)
writing d:\steam\steamapps\sourcemods\entropyzero2-addonworkspace\mapsrc\subway01.prt...Building visibility clusters...
done (0)
Finding displacement neighbors...
Finding lightmap sample positions...
Displacement Alpha : 0...1...2...3...4...5...6...7...8...9...10
Building Physics collision data...
done (0) (28128 bytes)
Placing static props...
Placing detail props : 0...1...2...3...4...5...6...7...8...9...Material NATURE/BLENDGRAVELGRAVEL02B uses unknown detail object type citygrass_light!
10
Compacting texture/material tables...
Reduced 99 texinfos to 61
Reduced 17 texdatas to 13 (421 bytes to 304)
Writing d:\steam\steamapps\sourcemods\entropyzero2-addonworkspace\mapsrc\subway01.bsp
0 seconds elapsed



12 threads
reading d:\steam\steamapps\sourcemods\entropyzero2-addonworkspace\mapsrc\subway01.bsp
reading d:\steam\steamapps\sourcemods\entropyzero2-addonworkspace\mapsrc\subway01.prt
   9 portalclusters
  10 numportals
0...1...2...3...4...5...6...7...8...9...10Optimized: 0 visible clusters (0.00%)
Total clusters visible: 81
Average clusters visible: 9
Building PAS...
Average clusters audible: 9
visdatasize:112  compressed from 144
writing d:\steam\steamapps\sourcemods\entropyzero2-addonworkspace\mapsrc\subway01.bsp
0 seconds elapsed



[Reading texlights from 'lights.rad']
[48 texlights parsed from 'lights.rad']

Loading d:\steam\steamapps\sourcemods\entropyzero2-addonworkspace\mapsrc\subway01.bsp
223 faces
12418 square feet [1788202.25 square inches]
2 Displacements
3703 Square Feet [533257.31 Square Inches]
223 patches before subdivision
2053 patches after subdivision
can't solve quadratic for light 1024.000000 1024.000000
5 direct lights
0...1...2...3...4...5...6...7...8...9...100...1...2...3...4...5...6...7...8...9...10transfers 155624, max 280
transfer lists:   1.2 megs
0...1...2...3...4...5...6...7...8...9...10	Bounce #1 added RGB(2939, 2632, 1907)
0...1...2...3...4...5...6...7...8...9...10	Bounce #2 added RGB(435, 352, 191)
Build Patch/Sample Hash Table(s).....Done<0.0004 sec>
0...1...2...3...4...5...6...7...8...9...10FinalLightFace Done
0 of 0 (0% of) surface lights went in leaf ambient cubes.
0...1...2...3...4...5...6...7...8...9...10Writing leaf ambient...done
Ready to Finish

Object names       Objects/Maxobjs  Memory / Maxmem  Fullness 
------------       ---------------  ---------------  -------- 
models                   1/1024           48/49152    ( 0.1%) 
brushes                 74/8192          888/98304    ( 0.9%) 
brushsides             702/65536        5616/524288   ( 1.1%) 
planes                 620/65536       12400/1310720  ( 0.9%) 
vertexes               382/65536        4584/786432   ( 0.6%) 
nodes                   82/65536        2624/2097152  ( 0.1%) 
texinfos                61/12288        4392/884736   ( 0.5%) 
texdata                 13/2048          416/65536    ( 0.6%) 
dispinfos                2/0             352/0        ( 0.0%) 
disp_verts             162/0            3240/0        ( 0.0%) 
disp_tris              256/0             512/0        ( 0.0%) 
disp_lmsamples        9408/0            9408/0        ( 0.0%) 
faces                  223/65536       12488/3670016  ( 0.3%) 
hdr faces                0/65536           0/3670016  ( 0.0%) 
origfaces              170/65536        9520/3670016  ( 0.3%) 
leaves                  84/65536        2688/2097152  ( 0.1%) 
leaffaces              235/65536         470/131072   ( 0.4%) 
leafbrushes            196/65536         392/131072   ( 0.3%) 
areas                    2/256            16/2048     ( 0.8%) 
surfedges             1757/512000       7028/2048000  ( 0.3%) 
edges                 1064/256000       4256/1024000  ( 0.4%) 
LDR worldlights          5/65536         440/5767168  ( 0.0%) 
HDR worldlights          0/65536           0/5767168  ( 0.0%) 
leafwaterdata            0/32768           0/393216   ( 0.0%) 
waterstrips             31/32768         310/327680   ( 0.1%) 
waterverts               0/65536           0/786432   ( 0.0%) 
waterindices           423/65536         846/131072   ( 0.6%) 
cubemapsamples           0/1024            0/16384    ( 0.0%) 
overlays                 1/8192          352/2883584  ( 0.0%) 
LDR lightdata         [variable]       68576/0        ( 0.0%) 
HDR lightdata         [variable]           0/0        ( 0.0%) 
visdata               [variable]         112/16777216 ( 0.0%) 
entdata               [variable]        2054/393216   ( 0.5%) 
LDR ambient table       84/65536         336/262144   ( 0.1%) 
HDR ambient table       84/65536         336/262144   ( 0.1%) 
LDR leaf ambient        99/65536        2772/1835008  ( 0.2%) 
HDR leaf ambient        84/65536        2352/1835008  ( 0.1%) 
occluders                0/0               0/0        ( 0.0%) 
occluder polygons        0/0               0/0        ( 0.0%) 
occluder vert ind        0/0               0/0        ( 0.0%) 
detail props          [variable]           1/12       ( 8.3%) 
static props          [variable]           1/1258     ( 0.1%) 
pakfile               [variable]         380/0        ( 0.0%) 
physics               [variable]       28128/4194304  ( 0.7%) 
physics terrain       [variable]         486/1048576  ( 0.0%) 

Level flags = 0

Total triangle count: 614
Writing d:\steam\steamapps\sourcemods\entropyzero2-addonworkspace\mapsrc\subway01.bsp
0 seconds elapsed



materialPath: D:\steam\steamapps\sourcemods\entropyzero2-addonworkspace\materials
Loading d:\steam\steamapps\sourcemods\entropyzero2-addonworkspace\mapsrc\subway01.vmf
ConVarRef mat_reduceparticles doesn't point to an existing ConVar
fixing up env_cubemap materials on brush sides...
0...1...2...3...4...5...6...7...8...9...100...1...2...3...4...5...6...7...8...9...10Processing areas...done (0)
Building Faces...done (0)
Chop Details...done (0)
Find Visible Detail Sides...
Merged 32 detail faces...done (0)
Merging details...done (0)
FixTjuncs...
PruneNodes...
WriteBSP...
done (0)
writing d:\steam\steamapps\sourcemods\entropyzero2-addonworkspace\mapsrc\subway01.prt...Building visibility clusters...
done (0)
Finding displacement neighbors...
Finding lightmap sample positions...
Displacement Alpha : 0...1...2...3...4...5...6...7...8...9...10
Building Physics collision data...
done (0) (28128 bytes)
Placing static props...
Placing detail props : 0...1...2...3...4...5...6...7...8...9...Material NATURE/BLENDGRAVELGRAVEL02B uses unknown detail object type citygrass_light!
10
Compacting texture/material tables...
Reduced 99 texinfos to 61
Reduced 17 texdatas to 13 (421 bytes to 304)
Writing d:\steam\steamapps\sourcemods\entropyzero2-addonworkspace\mapsrc\subway01.bsp
0 seconds elapsed



12 threads
reading d:\steam\steamapps\sourcemods\entropyzero2-addonworkspace\mapsrc\subway01.bsp
reading d:\steam\steamapps\sourcemods\entropyzero2-addonworkspace\mapsrc\subway01.prt
   9 portalclusters
  10 numportals
0...1...2...3...4...5...6...7...8...9...10Optimized: 0 visible clusters (0.00%)
Total clusters visible: 81
Average clusters visible: 9
Building PAS...
Average clusters audible: 9
visdatasize:112  compressed from 144
writing d:\steam\steamapps\sourcemods\entropyzero2-addonworkspace\mapsrc\subway01.bsp
0 seconds elapsed



[Reading texlights from 'lights.rad']
[48 texlights parsed from 'lights.rad']

Loading d:\steam\steamapps\sourcemods\entropyzero2-addonworkspace\mapsrc\subway01.bsp
223 faces
12418 square feet [1788202.25 square inches]
2 Displacements
3703 Square Feet [533257.31 Square Inches]
223 patches before subdivision
2053 patches after subdivision
can't solve quadratic for light 1024.000000 1024.000000
5 direct lights
0...1...2...3...4...5...6...7...8...9...100...1...2...3...4...5...6...7...8...9...10transfers 155624, max 280
transfer lists:   1.2 megs
0...1...2...3...4...5...6...7...8...9...10	Bounce #1 added RGB(5116, 5252, 4579)
0...1...2...3...4...5...6...7...8...9...10	Bounce #2 added RGB(583, 521, 332)
Build Patch/Sample Hash Table(s).....Done<0.0004 sec>
0...1...2...3...4...5...6...7...8...9...10FinalLightFace Done
0 of 0 (0% of) surface lights went in leaf ambient cubes.
0...1...2...3...4...5...6...7...8...9...10Writing leaf ambient...done
Ready to Finish

Object names       Objects/Maxobjs  Memory / Maxmem  Fullness 
------------       ---------------  ---------------  -------- 
models                   1/1024           48/49152    ( 0.1%) 
brushes                 74/8192          888/98304    ( 0.9%) 
brushsides             702/65536        5616/524288   ( 1.1%) 
planes                 620/65536       12400/1310720  ( 0.9%) 
vertexes               382/65536        4584/786432   ( 0.6%) 
nodes                   82/65536        2624/2097152  ( 0.1%) 
texinfos                61/12288        4392/884736   ( 0.5%) 
texdata                 13/2048          416/65536    ( 0.6%) 
dispinfos                2/0             352/0        ( 0.0%) 
disp_verts             162/0            3240/0        ( 0.0%) 
disp_tris              256/0             512/0        ( 0.0%) 
disp_lmsamples        9408/0            9408/0        ( 0.0%) 
faces                  223/65536       12488/3670016  ( 0.3%) 
hdr faces                0/65536           0/3670016  ( 0.0%) 
origfaces              170/65536        9520/3670016  ( 0.3%) 
leaves                  84/65536        2688/2097152  ( 0.1%) 
leaffaces              235/65536         470/131072   ( 0.4%) 
leafbrushes            196/65536         392/131072   ( 0.3%) 
areas                    2/256            16/2048     ( 0.8%) 
surfedges             1757/512000       7028/2048000  ( 0.3%) 
edges                 1064/256000       4256/1024000  ( 0.4%) 
LDR worldlights          5/65536         440/5767168  ( 0.0%) 
HDR worldlights          0/65536           0/5767168  ( 0.0%) 
leafwaterdata            0/32768           0/393216   ( 0.0%) 
waterstrips             31/32768         310/327680   ( 0.1%) 
waterverts               0/65536           0/786432   ( 0.0%) 
waterindices           423/65536         846/131072   ( 0.6%) 
cubemapsamples           0/1024            0/16384    ( 0.0%) 
overlays                 1/8192          352/2883584  ( 0.0%) 
LDR lightdata         [variable]       68576/0        ( 0.0%) 
HDR lightdata         [variable]           0/0        ( 0.0%) 
visdata               [variable]         112/16777216 ( 0.0%) 
entdata               [variable]        2054/393216   ( 0.5%) 
LDR ambient table       84/65536         336/262144   ( 0.1%) 
HDR ambient table       84/65536         336/262144   ( 0.1%) 
LDR leaf ambient        98/65536        2744/1835008  ( 0.1%) 
HDR leaf ambient        84/65536        2352/1835008  ( 0.1%) 
occluders                0/0               0/0        ( 0.0%) 
occluder polygons        0/0               0/0        ( 0.0%) 
occluder vert ind        0/0               0/0        ( 0.0%) 
detail props          [variable]           1/12       ( 8.3%) 
static props          [variable]           1/1258     ( 0.1%) 
pakfile               [variable]         380/0        ( 0.0%) 
physics               [variable]       28128/4194304  ( 0.7%) 
physics terrain       [variable]         486/1048576  ( 0.0%) 

Level flags = 0

Total triangle count: 614
Writing d:\steam\steamapps\sourcemods\entropyzero2-addonworkspace\mapsrc\subway01.bsp
0 seconds elapsed



materialPath: D:\steam\steamapps\sourcemods\entropyzero2-addonworkspace\materials
Loading d:\steam\steamapps\sourcemods\entropyzero2-addonworkspace\mapsrc\subway01.vmf
ConVarRef mat_reduceparticles doesn't point to an existing ConVar
fixing up env_cubemap materials on brush sides...
0...1...2...3...4...5...6...7...8...9...100...1...2...3...4...5...6...7...8...9...10Processing areas...done (0)
Building Faces...done (0)
Chop Details...done (0)
Find Visible Detail Sides...
Merged 32 detail faces...done (0)
Merging details...done (0)
FixTjuncs...
PruneNodes...
WriteBSP...
done (0)
writing d:\steam\steamapps\sourcemods\entropyzero2-addonworkspace\mapsrc\subway01.prt...Building visibility clusters...
done (0)
Finding displacement neighbors...
Finding lightmap sample positions...
Displacement Alpha : 0...1...2...3...4...5...6...7...8...9...10
Building Physics collision data...
done (0) (28128 bytes)
Placing static props...
Placing detail props : 0...1...2...3...4...5...6...7...8...9...Material NATURE/BLENDGRAVELGRAVEL02B uses unknown detail object type citygrass_light!
10
Compacting texture/material tables...
Reduced 99 texinfos to 61
Reduced 17 texdatas to 13 (421 bytes to 304)
Writing d:\steam\steamapps\sourcemods\entropyzero2-addonworkspace\mapsrc\subway01.bsp
0 seconds elapsed



12 threads
reading d:\steam\steamapps\sourcemods\entropyzero2-addonworkspace\mapsrc\subway01.bsp
reading d:\steam\steamapps\sourcemods\entropyzero2-addonworkspace\mapsrc\subway01.prt
   9 portalclusters
  10 numportals
0...1...2...3...4...5...6...7...8...9...10Optimized: 0 visible clusters (0.00%)
Total clusters visible: 81
Average clusters visible: 9
Building PAS...
Average clusters audible: 9
visdatasize:112  compressed from 144
writing d:\steam\steamapps\sourcemods\entropyzero2-addonworkspace\mapsrc\subway01.bsp
0 seconds elapsed



[Reading texlights from 'lights.rad']
[48 texlights parsed from 'lights.rad']

Loading d:\steam\steamapps\sourcemods\entropyzero2-addonworkspace\mapsrc\subway01.bsp
223 faces
12418 square feet [1788202.25 square inches]
2 Displacements
3703 Square Feet [533257.31 Square Inches]
223 patches before subdivision
2053 patches after subdivision
can't solve quadratic for light 1024.000000 1024.000000
5 direct lights
0...1...2...3...4...5...6...7...8...9...100...1...2...3...4...5...6...7...8...9...10transfers 155624, max 280
transfer lists:   1.2 megs
0...1...2...3...4...5...6...7...8...9...10	Bounce #1 added RGB(4462, 6082, 3936)
0...1...2...3...4...5...6...7...8...9...10	Bounce #2 added RGB(539, 575, 298)
Build Patch/Sample Hash Table(s).....Done<0.0003 sec>
0...1...2...3...4...5...6...7...8...9...10FinalLightFace Done
0 of 0 (0% of) surface lights went in leaf ambient cubes.
0...1...2...3...4...5...6...7...8...9...10Writing leaf ambient...done
Ready to Finish

Object names       Objects/Maxobjs  Memory / Maxmem  Fullness 
------------       ---------------  ---------------  -------- 
models                   1/1024           48/49152    ( 0.1%) 
brushes                 74/8192          888/98304    ( 0.9%) 
brushsides             702/65536        5616/524288   ( 1.1%) 
planes                 620/65536       12400/1310720  ( 0.9%) 
vertexes               382/65536        4584/786432   ( 0.6%) 
nodes                   82/65536        2624/2097152  ( 0.1%) 
texinfos                61/12288        4392/884736   ( 0.5%) 
texdata                 13/2048          416/65536    ( 0.6%) 
dispinfos                2/0             352/0        ( 0.0%) 
disp_verts             162/0            3240/0        ( 0.0%) 
disp_tris              256/0             512/0        ( 0.0%) 
disp_lmsamples        9408/0            9408/0        ( 0.0%) 
faces                  223/65536       12488/3670016  ( 0.3%) 
hdr faces                0/65536           0/3670016  ( 0.0%) 
origfaces              170/65536        9520/3670016  ( 0.3%) 
leaves                  84/65536        2688/2097152  ( 0.1%) 
leaffaces              235/65536         470/131072   ( 0.4%) 
leafbrushes            196/65536         392/131072   ( 0.3%) 
areas                    2/256            16/2048     ( 0.8%) 
surfedges             1757/512000       7028/2048000  ( 0.3%) 
edges                 1064/256000       4256/1024000  ( 0.4%) 
LDR worldlights          5/65536         440/5767168  ( 0.0%) 
HDR worldlights          0/65536           0/5767168  ( 0.0%) 
leafwaterdata            0/32768           0/393216   ( 0.0%) 
waterstrips             31/32768         310/327680   ( 0.1%) 
waterverts               0/65536           0/786432   ( 0.0%) 
waterindices           423/65536         846/131072   ( 0.6%) 
cubemapsamples           0/1024            0/16384    ( 0.0%) 
overlays                 1/8192          352/2883584  ( 0.0%) 
LDR lightdata         [variable]       68576/0        ( 0.0%) 
HDR lightdata         [variable]           0/0        ( 0.0%) 
visdata               [variable]         112/16777216 ( 0.0%) 
entdata               [variable]        2054/393216   ( 0.5%) 
LDR ambient table       84/65536         336/262144   ( 0.1%) 
HDR ambient table       84/65536         336/262144   ( 0.1%) 
LDR leaf ambient        98/65536        2744/1835008  ( 0.1%) 
HDR leaf ambient        84/65536        2352/1835008  ( 0.1%) 
occluders                0/0               0/0        ( 0.0%) 
occluder polygons        0/0               0/0        ( 0.0%) 
occluder vert ind        0/0               0/0        ( 0.0%) 
detail props          [variable]           1/12       ( 8.3%) 
static props          [variable]           1/1258     ( 0.1%) 
pakfile               [variable]         380/0        ( 0.0%) 
physics               [variable]       28128/4194304  ( 0.7%) 
physics terrain       [variable]         486/1048576  ( 0.0%) 

Level flags = 0

Total triangle count: 614
Writing d:\steam\steamapps\sourcemods\entropyzero2-addonworkspace\mapsrc\subway01.bsp
0 seconds elapsed



materialPath: D:\steam\steamapps\sourcemods\entropyzero2-addonworkspace\materials
Loading d:\steam\steamapps\sourcemods\entropyzero2-addonworkspace\mapsrc\subway01.vmf
ConVarRef mat_reduceparticles doesn't point to an existing ConVar
fixing up env_cubemap materials on brush sides...
0...1...2...3...4...5...6...7...8...9...100...1...2...3...4...5...6...7...8...9...10Processing areas...done (0)
Building Faces...done (0)
Chop Details...done (0)
Find Visible Detail Sides...
Merged 32 detail faces...done (0)
Merging details...done (0)
FixTjuncs...
PruneNodes...
WriteBSP...
done (0)
writing d:\steam\steamapps\sourcemods\entropyzero2-addonworkspace\mapsrc\subway01.prt...Building visibility clusters...
done (0)
Finding displacement neighbors...
Finding lightmap sample positions...
Displacement Alpha : 0...1...2...3...4...5...6...7...8...9...10
Building Physics collision data...
done (0) (28128 bytes)
Placing static props...
Placing detail props : 0...1...2...3...4...5...6...7...8...9...Material NATURE/BLENDGRAVELGRAVEL02B uses unknown detail object type citygrass_light!
10
Compacting texture/material tables...
Reduced 99 texinfos to 61
Reduced 17 texdatas to 13 (421 bytes to 304)
Writing d:\steam\steamapps\sourcemods\entropyzero2-addonworkspace\mapsrc\subway01.bsp
0 seconds elapsed



12 threads
reading d:\steam\steamapps\sourcemods\entropyzero2-addonworkspace\mapsrc\subway01.bsp
reading d:\steam\steamapps\sourcemods\entropyzero2-addonworkspace\mapsrc\subway01.prt
   9 portalclusters
  10 numportals
0...1...2...3...4...5...6...7...8...9...10Optimized: 0 visible clusters (0.00%)
Total clusters visible: 81
Average clusters visible: 9
Building PAS...
Average clusters audible: 9
visdatasize:112  compressed from 144
writing d:\steam\steamapps\sourcemods\entropyzero2-addonworkspace\mapsrc\subway01.bsp
0 seconds elapsed



[Reading texlights from 'lights.rad']
[48 texlights parsed from 'lights.rad']

Loading d:\steam\steamapps\sourcemods\entropyzero2-addonworkspace\mapsrc\subway01.bsp
223 faces
12418 square feet [1788202.25 square inches]
2 Displacements
3703 Square Feet [533257.31 Square Inches]
223 patches before subdivision
2053 patches after subdivision
can't solve quadratic for light 1024.000000 1024.000000
5 direct lights
0...1...2...3...4...5...6...7...8...9...100...1...2...3...4...5...6...7...8...9...10transfers 161153, max 281
transfer lists:   1.2 megs
0...1...2...3...4...5...6...7...8...9...10	Bounce #1 added RGB(5563, 6824, 6929)
0...1...2...3...4...5...6...7...8...9...10	Bounce #2 added RGB(647, 666, 488)
Build Patch/Sample Hash Table(s).....Done<0.0003 sec>
0...1...2...3...4...5...6...7...8...9...10FinalLightFace Done
0 of 0 (0% of) surface lights went in leaf ambient cubes.
0...1...2...3...4...5...6...7...8...9...10Writing leaf ambient...done
Ready to Finish

Object names       Objects/Maxobjs  Memory / Maxmem  Fullness 
------------       ---------------  ---------------  -------- 
models                   1/1024           48/49152    ( 0.1%) 
brushes                 74/8192          888/98304    ( 0.9%) 
brushsides             702/65536        5616/524288   ( 1.1%) 
planes                 620/65536       12400/1310720  ( 0.9%) 
vertexes               382/65536        4584/786432   ( 0.6%) 
nodes                   82/65536        2624/2097152  ( 0.1%) 
texinfos                61/12288        4392/884736   ( 0.5%) 
texdata                 13/2048          416/65536    ( 0.6%) 
dispinfos                2/0             352/0        ( 0.0%) 
disp_verts             162/0            3240/0        ( 0.0%) 
disp_tris              256/0             512/0        ( 0.0%) 
disp_lmsamples        9408/0            9408/0        ( 0.0%) 
faces                  223/65536       12488/3670016  ( 0.3%) 
hdr faces                0/65536           0/3670016  ( 0.0%) 
origfaces              170/65536        9520/3670016  ( 0.3%) 
leaves                  84/65536        2688/2097152  ( 0.1%) 
leaffaces              235/65536         470/131072   ( 0.4%) 
leafbrushes            196/65536         392/131072   ( 0.3%) 
areas                    2/256            16/2048     ( 0.8%) 
surfedges             1757/512000       7028/2048000  ( 0.3%) 
edges                 1064/256000       4256/1024000  ( 0.4%) 
LDR worldlights          5/65536         440/5767168  ( 0.0%) 
HDR worldlights          0/65536           0/5767168  ( 0.0%) 
leafwaterdata            0/32768           0/393216   ( 0.0%) 
waterstrips             31/32768         310/327680   ( 0.1%) 
waterverts               0/65536           0/786432   ( 0.0%) 
waterindices           423/65536         846/131072   ( 0.6%) 
cubemapsamples           0/1024            0/16384    ( 0.0%) 
overlays                 1/8192          352/2883584  ( 0.0%) 
LDR lightdata         [variable]       68576/0        ( 0.0%) 
HDR lightdata         [variable]           0/0        ( 0.0%) 
visdata               [variable]         112/16777216 ( 0.0%) 
entdata               [variable]        2054/393216   ( 0.5%) 
LDR ambient table       84/65536         336/262144   ( 0.1%) 
HDR ambient table       84/65536         336/262144   ( 0.1%) 
LDR leaf ambient        98/65536        2744/1835008  ( 0.1%) 
HDR leaf ambient        84/65536        2352/1835008  ( 0.1%) 
occluders                0/0               0/0        ( 0.0%) 
occluder polygons        0/0               0/0        ( 0.0%) 
occluder vert ind        0/0               0/0        ( 0.0%) 
detail props          [variable]           1/12       ( 8.3%) 
static props          [variable]           1/1258     ( 0.1%) 
pakfile               [variable]         380/0        ( 0.0%) 
physics               [variable]       28128/4194304  ( 0.7%) 
physics terrain       [variable]         486/1048576  ( 0.0%) 

Level flags = 0

Total triangle count: 614
Writing d:\steam\steamapps\sourcemods\entropyzero2-addonworkspace\mapsrc\subway01.bsp
0 seconds elapsed



materialPath: D:\steam\steamapps\sourcemods\entropyzero2-addonworkspace\materials
Loading d:\steam\steamapps\sourcemods\entropyzero2-addonworkspace\mapsrc\subway01.vmf
ConVarRef mat_reduceparticles doesn't point to an existing ConVar
fixing up env_cubemap materials on brush sides...
0...1...2...3...4...5...6...7...8...9...100...1...2...3...4...5...6...7...8...9...10Processing areas...done (0)
Building Faces...done (0)
Chop Details...done (0)
Find Visible Detail Sides...
Merged 32 detail faces...done (0)
Merging details...done (0)
FixTjuncs...
PruneNodes...
WriteBSP...
done (0)
writing d:\steam\steamapps\sourcemods\entropyzero2-addonworkspace\mapsrc\subway01.prt...Building visibility clusters...
done (0)
Finding displacement neighbors...
Finding lightmap sample positions...
Displacement Alpha : 0...1...2...3...4...5...6...7...8...9...10
Building Physics collision data...
done (0) (28128 bytes)
Placing static props...
Placing detail props : 0...1...2...3...4...5...6...7...8...9...Material NATURE/BLENDGRAVELGRAVEL02B uses unknown detail object type citygrass_light!
10
Compacting texture/material tables...
Reduced 99 texinfos to 61
Reduced 17 texdatas to 13 (421 bytes to 304)
Writing d:\steam\steamapps\sourcemods\entropyzero2-addonworkspace\mapsrc\subway01.bsp
0 seconds elapsed



12 threads
reading d:\steam\steamapps\sourcemods\entropyzero2-addonworkspace\mapsrc\subway01.bsp
reading d:\steam\steamapps\sourcemods\entropyzero2-addonworkspace\mapsrc\subway01.prt
   9 portalclusters
  10 numportals
0...1...2...3...4...5...6...7...8...9...10Optimized: 0 visible clusters (0.00%)
Total clusters visible: 81
Average clusters visible: 9
Building PAS...
Average clusters audible: 9
visdatasize:112  compressed from 144
writing d:\steam\steamapps\sourcemods\entropyzero2-addonworkspace\mapsrc\subway01.bsp
0 seconds elapsed



[Reading texlights from 'lights.rad']
[48 texlights parsed from 'lights.rad']

Loading d:\steam\steamapps\sourcemods\entropyzero2-addonworkspace\mapsrc\subway01.bsp
223 faces
12418 square feet [1788202.25 square inches]
2 Displacements
3703 Square Feet [533257.31 Square Inches]
223 patches before subdivision
2053 patches after subdivision
5 direct lights
0...1...2...3...4...5...6...7...8...9...100...1...2...3...4...5...6...7...8...9...10transfers 161153, max 281
transfer lists:   1.2 megs
0...1...2...3...4...5...6...7...8...9...10	Bounce #1 added RGB(3038, 2878, 2111)
0...1...2...3...4...5...6...7...8...9...10	Bounce #2 added RGB(450, 376, 206)
Build Patch/Sample Hash Table(s).....Done<0.0003 sec>
0...1...2...3...4...5...6...7...8...9...10FinalLightFace Done
0 of 0 (0% of) surface lights went in leaf ambient cubes.
0...1...2...3...4...5...6...7...8...9...10Writing leaf ambient...done
Ready to Finish

Object names       Objects/Maxobjs  Memory / Maxmem  Fullness 
------------       ---------------  ---------------  -------- 
models                   1/1024           48/49152    ( 0.1%) 
brushes                 74/8192          888/98304    ( 0.9%) 
brushsides             702/65536        5616/524288   ( 1.1%) 
planes                 620/65536       12400/1310720  ( 0.9%) 
vertexes               382/65536        4584/786432   ( 0.6%) 
nodes                   82/65536        2624/2097152  ( 0.1%) 
texinfos                61/12288        4392/884736   ( 0.5%) 
texdata                 13/2048          416/65536    ( 0.6%) 
dispinfos                2/0             352/0        ( 0.0%) 
disp_verts             162/0            3240/0        ( 0.0%) 
disp_tris              256/0             512/0        ( 0.0%) 
disp_lmsamples        9408/0            9408/0        ( 0.0%) 
faces                  223/65536       12488/3670016  ( 0.3%) 
hdr faces                0/65536           0/3670016  ( 0.0%) 
origfaces              170/65536        9520/3670016  ( 0.3%) 
leaves                  84/65536        2688/2097152  ( 0.1%) 
leaffaces              235/65536         470/131072   ( 0.4%) 
leafbrushes            196/65536         392/131072   ( 0.3%) 
areas                    2/256            16/2048     ( 0.8%) 
surfedges             1757/512000       7028/2048000  ( 0.3%) 
edges                 1064/256000       4256/1024000  ( 0.4%) 
LDR worldlights          5/65536         440/5767168  ( 0.0%) 
HDR worldlights          0/65536           0/5767168  ( 0.0%) 
leafwaterdata            0/32768           0/393216   ( 0.0%) 
waterstrips             31/32768         310/327680   ( 0.1%) 
waterverts               0/65536           0/786432   ( 0.0%) 
waterindices           423/65536         846/131072   ( 0.6%) 
cubemapsamples           0/1024            0/16384    ( 0.0%) 
overlays                 1/8192          352/2883584  ( 0.0%) 
LDR lightdata         [variable]       68576/0        ( 0.0%) 
HDR lightdata         [variable]           0/0        ( 0.0%) 
visdata               [variable]         112/16777216 ( 0.0%) 
entdata               [variable]        2051/393216   ( 0.5%) 
LDR ambient table       84/65536         336/262144   ( 0.1%) 
HDR ambient table       84/65536         336/262144   ( 0.1%) 
LDR leaf ambient        97/65536        2716/1835008  ( 0.1%) 
HDR leaf ambient        84/65536        2352/1835008  ( 0.1%) 
occluders                0/0               0/0        ( 0.0%) 
occluder polygons        0/0               0/0        ( 0.0%) 
occluder vert ind        0/0               0/0        ( 0.0%) 
detail props          [variable]           1/12       ( 8.3%) 
static props          [variable]           1/1258     ( 0.1%) 
pakfile               [variable]         380/0        ( 0.0%) 
physics               [variable]       28128/4194304  ( 0.7%) 
physics terrain       [variable]         486/1048576  ( 0.0%) 

Level flags = 0

Total triangle count: 614
Writing d:\steam\steamapps\sourcemods\entropyzero2-addonworkspace\mapsrc\subway01.bsp
0 seconds elapsed



materialPath: D:\steam\steamapps\sourcemods\entropyzero2-addonworkspace\materials
Loading d:\steam\steamapps\sourcemods\entropyzero2-addonworkspace\mapsrc\subway01.vmf
ConVarRef mat_reduceparticles doesn't point to an existing ConVar
fixing up env_cubemap materials on brush sides...
0...1...2...3...4...5...6...7...8...9...100...1...2...3...4...5...6...7...8...9...10Processing areas...done (0)
Building Faces...done (0)
Chop Details...done (0)
Find Visible Detail Sides...
Merged 32 detail faces...done (0)
Merging details...done (0)
FixTjuncs...
PruneNodes...
WriteBSP...
done (0)
writing d:\steam\steamapps\sourcemods\entropyzero2-addonworkspace\mapsrc\subway01.prt...Building visibility clusters...
done (0)
Finding displacement neighbors...
Finding lightmap sample positions...
Displacement Alpha : 0...1...2...3...4...5...6...7...8...9...10
Building Physics collision data...
done (0) (28128 bytes)
Placing static props...
Placing detail props : 0...1...2...3...4...5...6...7...8...9...Material NATURE/BLENDGRAVELGRAVEL02B uses unknown detail object type citygrass_light!
10
Compacting texture/material tables...
Reduced 99 texinfos to 61
Reduced 18 texdatas to 14 (447 bytes to 330)
Writing d:\steam\steamapps\sourcemods\entropyzero2-addonworkspace\mapsrc\subway01.bsp
0 seconds elapsed



12 threads
reading d:\steam\steamapps\sourcemods\entropyzero2-addonworkspace\mapsrc\subway01.bsp
reading d:\steam\steamapps\sourcemods\entropyzero2-addonworkspace\mapsrc\subway01.prt
   9 portalclusters
  10 numportals
0...1...2...3...4...5...6...7...8...9...10Optimized: 0 visible clusters (0.00%)
Total clusters visible: 81
Average clusters visible: 9
Building PAS...
Average clusters audible: 9
visdatasize:112  compressed from 144
writing d:\steam\steamapps\sourcemods\entropyzero2-addonworkspace\mapsrc\subway01.bsp
0 seconds elapsed



[Reading texlights from 'lights.rad']
[48 texlights parsed from 'lights.rad']

Loading d:\steam\steamapps\sourcemods\entropyzero2-addonworkspace\mapsrc\subway01.bsp
223 faces
12418 square feet [1788202.25 square inches]
2 Displacements
3703 Square Feet [533257.31 Square Inches]
223 patches before subdivision
2053 patches after subdivision
5 direct lights
0...1...2...3...4...5...6...7...8...9...100...1...2...3...4...5...6...7...8...9...10transfers 161085, max 281
transfer lists:   1.2 megs
0...1...2...3...4...5...6...7...8...9...10	Bounce #1 added RGB(1780, 1890, 1301)
0...1...2...3...4...5...6...7...8...9...10	Bounce #2 added RGB(257, 249, 127)
Build Patch/Sample Hash Table(s).....Done<0.0005 sec>
0...1...2...3...4...5...6...7...8...9...10FinalLightFace Done
0 of 0 (0% of) surface lights went in leaf ambient cubes.
0...1...2...3...4...5...6...7...8...9...10Writing leaf ambient...done
Ready to Finish

Object names       Objects/Maxobjs  Memory / Maxmem  Fullness 
------------       ---------------  ---------------  -------- 
models                   1/1024           48/49152    ( 0.1%) 
brushes                 74/8192          888/98304    ( 0.9%) 
brushsides             702/65536        5616/524288   ( 1.1%) 
planes                 620/65536       12400/1310720  ( 0.9%) 
vertexes               382/65536        4584/786432   ( 0.6%) 
nodes                   82/65536        2624/2097152  ( 0.1%) 
texinfos                61/12288        4392/884736   ( 0.5%) 
texdata                 14/2048          448/65536    ( 0.7%) 
dispinfos                2/0             352/0        ( 0.0%) 
disp_verts             162/0            3240/0        ( 0.0%) 
disp_tris              256/0             512/0        ( 0.0%) 
disp_lmsamples        9408/0            9408/0        ( 0.0%) 
faces                  223/65536       12488/3670016  ( 0.3%) 
hdr faces                0/65536           0/3670016  ( 0.0%) 
origfaces              170/65536        9520/3670016  ( 0.3%) 
leaves                  84/65536        2688/2097152  ( 0.1%) 
leaffaces              235/65536         470/131072   ( 0.4%) 
leafbrushes            196/65536         392/131072   ( 0.3%) 
areas                    2/256            16/2048     ( 0.8%) 
surfedges             1757/512000       7028/2048000  ( 0.3%) 
edges                 1064/256000       4256/1024000  ( 0.4%) 
LDR worldlights          5/65536         440/5767168  ( 0.0%) 
HDR worldlights          0/65536           0/5767168  ( 0.0%) 
leafwaterdata            0/32768           0/393216   ( 0.0%) 
waterstrips             31/32768         310/327680   ( 0.1%) 
waterverts               0/65536           0/786432   ( 0.0%) 
waterindices           423/65536         846/131072   ( 0.6%) 
cubemapsamples           0/1024            0/16384    ( 0.0%) 
overlays                 1/8192          352/2883584  ( 0.0%) 
LDR lightdata         [variable]       68576/0        ( 0.0%) 
HDR lightdata         [variable]           0/0        ( 0.0%) 
visdata               [variable]         112/16777216 ( 0.0%) 
entdata               [variable]        3006/393216   ( 0.8%) 
LDR ambient table       84/65536         336/262144   ( 0.1%) 
HDR ambient table       84/65536         336/262144   ( 0.1%) 
LDR leaf ambient        96/65536        2688/1835008  ( 0.1%) 
HDR leaf ambient        84/65536        2352/1835008  ( 0.1%) 
occluders                0/0               0/0        ( 0.0%) 
occluder polygons        0/0               0/0        ( 0.0%) 
occluder vert ind        0/0               0/0        ( 0.0%) 
detail props          [variable]           1/12       ( 8.3%) 
static props          [variable]           1/1452     ( 0.1%) 
pakfile               [variable]         380/0        ( 0.0%) 
physics               [variable]       28128/4194304  ( 0.7%) 
physics terrain       [variable]         486/1048576  ( 0.0%) 

Level flags = 0

Total triangle count: 614
Writing d:\steam\steamapps\sourcemods\entropyzero2-addonworkspace\mapsrc\subway01.bsp
0 seconds elapsed



materialPath: D:\steam\steamapps\sourcemods\entropyzero2-addonworkspace\materials
Loading d:\steam\steamapps\sourcemods\entropyzero2-addonworkspace\mapsrc\subway01.vmf
ConVarRef mat_reduceparticles doesn't point to an existing ConVar
fixing up env_cubemap materials on brush sides...
0...1...2...3...4...5...6...7...8...9...100...1...2...3...4...5...6...7...8...9...10Processing areas...done (0)
Building Faces...done (0)
Chop Details...done (0)
Find Visible Detail Sides...
Merged 32 detail faces...done (0)
Merging details...done (0)
FixTjuncs...
PruneNodes...
WriteBSP...
done (0)
writing d:\steam\steamapps\sourcemods\entropyzero2-addonworkspace\mapsrc\subway01.prt...Building visibility clusters...
done (0)
Finding displacement neighbors...
Finding lightmap sample positions...
Displacement Alpha : 0...1...2...3...4...5...6...7...8...9...10
Building Physics collision data...
done (0) (28520 bytes)
Placing static props...
Placing detail props : 0...1...2...3...4...5...6...7...8...9...Material NATURE/BLENDGRAVELGRAVEL02B uses unknown detail object type citygrass_light!
10
Compacting texture/material tables...
Reduced 106 texinfos to 65
Reduced 22 texdatas to 18 (550 bytes to 433)
Writing d:\steam\steamapps\sourcemods\entropyzero2-addonworkspace\mapsrc\subway01.bsp
0 seconds elapsed



12 threads
reading d:\steam\steamapps\sourcemods\entropyzero2-addonworkspace\mapsrc\subway01.bsp
reading d:\steam\steamapps\sourcemods\entropyzero2-addonworkspace\mapsrc\subway01.prt
   9 portalclusters
  10 numportals
0...1...2...3...4...5...6...7...8...9...10Optimized: 0 visible clusters (0.00%)
Total clusters visible: 81
Average clusters visible: 9
Building PAS...
Average clusters audible: 9
visdatasize:112  compressed from 144
writing d:\steam\steamapps\sourcemods\entropyzero2-addonworkspace\mapsrc\subway01.bsp
0 seconds elapsed



[Reading texlights from 'lights.rad']
[48 texlights parsed from 'lights.rad']

Loading d:\steam\steamapps\sourcemods\entropyzero2-addonworkspace\mapsrc\subway01.bsp
224 faces
12423 square feet [1788970.25 square inches]
2 Displacements
3703 Square Feet [533257.31 Square Inches]
224 patches before subdivision
2054 patches after subdivision
6 direct lights
0...1...2...3...4...5...6...7...8...9...100...1...2...3...4...5...6...7...8...9...10transfers 159170, max 282
transfer lists:   1.2 megs
0...1...2...3...4...5...6...7...8...9...10	Bounce #1 added RGB(2063, 2381, 1734)
0...1...2...3...4...5...6...7...8...9...10	Bounce #2 added RGB(404, 477, 305)
Build Patch/Sample Hash Table(s).....Done<0.0004 sec>
0...1...2...3...4...5...6...7...8...9...10FinalLightFace Done
0 of 0 (0% of) surface lights went in leaf ambient cubes.
0...1...2...3...4...5...6...7...8...9...10Writing leaf ambient...done
Ready to Finish

Object names       Objects/Maxobjs  Memory / Maxmem  Fullness 
------------       ---------------  ---------------  -------- 
models                   1/1024           48/49152    ( 0.1%) 
brushes                 75/8192          900/98304    ( 0.9%) 
brushsides             708/65536        5664/524288   ( 1.1%) 
planes                 630/65536       12600/1310720  ( 1.0%) 
vertexes               392/65536        4704/786432   ( 0.6%) 
nodes                   82/65536        2624/2097152  ( 0.1%) 
texinfos                65/12288        4680/884736   ( 0.5%) 
texdata                 18/2048          576/65536    ( 0.9%) 
dispinfos                2/0             352/0        ( 0.0%) 
disp_verts             162/0            3240/0        ( 0.0%) 
disp_tris              256/0             512/0        ( 0.0%) 
disp_lmsamples        9408/0            9408/0        ( 0.0%) 
faces                  224/65536       12544/3670016  ( 0.3%) 
hdr faces                0/65536           0/3670016  ( 0.0%) 
origfaces              171/65536        9576/3670016  ( 0.3%) 
leaves                  84/65536        2688/2097152  ( 0.1%) 
leaffaces              236/65536         472/131072   ( 0.4%) 
leafbrushes            197/65536         394/131072   ( 0.3%) 
areas                    2/256            16/2048     ( 0.8%) 
surfedges             1769/512000       7076/2048000  ( 0.3%) 
edges                 1074/256000       4296/1024000  ( 0.4%) 
LDR worldlights          6/65536         528/5767168  ( 0.0%) 
HDR worldlights          0/65536           0/5767168  ( 0.0%) 
leafwaterdata            0/32768           0/393216   ( 0.0%) 
waterstrips             33/32768         330/327680   ( 0.1%) 
waterverts               0/65536           0/786432   ( 0.0%) 
waterindices           447/65536         894/131072   ( 0.7%) 
cubemapsamples           0/1024            0/16384    ( 0.0%) 
overlays                 3/8192         1056/2883584  ( 0.0%) 
LDR lightdata         [variable]       68628/0        ( 0.0%) 
HDR lightdata         [variable]           0/0        ( 0.0%) 
visdata               [variable]         112/16777216 ( 0.0%) 
entdata               [variable]        3076/393216   ( 0.8%) 
LDR ambient table       84/65536         336/262144   ( 0.1%) 
HDR ambient table       84/65536         336/262144   ( 0.1%) 
LDR leaf ambient        94/65536        2632/1835008  ( 0.1%) 
HDR leaf ambient        84/65536        2352/1835008  ( 0.1%) 
occluders                0/0               0/0        ( 0.0%) 
occluder polygons        0/0               0/0        ( 0.0%) 
occluder vert ind        0/0               0/0        ( 0.0%) 
detail props          [variable]           1/12       ( 8.3%) 
static props          [variable]           1/1646     ( 0.1%) 
pakfile               [variable]         380/0        ( 0.0%) 
physics               [variable]       28520/4194304  ( 0.7%) 
physics terrain       [variable]         486/1048576  ( 0.0%) 

Level flags = 0

Total triangle count: 620
Writing d:\steam\steamapps\sourcemods\entropyzero2-addonworkspace\mapsrc\subway01.bsp
0 seconds elapsed



materialPath: D:\steam\steamapps\sourcemods\entropyzero2-addonworkspace\materials
Loading d:\steam\steamapps\sourcemods\entropyzero2-addonworkspace\mapsrc\subway01.vmf
ConVarRef mat_reduceparticles doesn't point to an existing ConVar
fixing up env_cubemap materials on brush sides...
0...1...2...3...4...5...6...7...8...9...100...1...2...3...4...5...6...7...8...9...10Processing areas...done (0)
Building Faces...done (0)
Chop Details...done (0)
Find Visible Detail Sides...
Merged 32 detail faces...done (0)
Merging details...done (0)
FixTjuncs...
PruneNodes...
WriteBSP...
done (0)
writing d:\steam\steamapps\sourcemods\entropyzero2-addonworkspace\mapsrc\subway01.prt...Building visibility clusters...
done (0)
Finding displacement neighbors...
Finding lightmap sample positions...
Displacement Alpha : 0...1...2...3...4...5...6...7...8...9...10
Building Physics collision data...
done (0) (28520 bytes)
Placing static props...
Placing detail props : 0...1...2...3...4...5...6...7...8...9...Material NATURE/BLENDGRAVELGRAVEL02B uses unknown detail object type citygrass_light!
10
Compacting texture/material tables...
Reduced 106 texinfos to 65
Reduced 22 texdatas to 18 (550 bytes to 433)
Writing d:\steam\steamapps\sourcemods\entropyzero2-addonworkspace\mapsrc\subway01.bsp
0 seconds elapsed



12 threads
reading d:\steam\steamapps\sourcemods\entropyzero2-addonworkspace\mapsrc\subway01.bsp
reading d:\steam\steamapps\sourcemods\entropyzero2-addonworkspace\mapsrc\subway01.prt
   9 portalclusters
  10 numportals
0...1...2...3...4...5...6...7...8...9...10Optimized: 0 visible clusters (0.00%)
Total clusters visible: 81
Average clusters visible: 9
Building PAS...
Average clusters audible: 9
visdatasize:112  compressed from 144
writing d:\steam\steamapps\sourcemods\entropyzero2-addonworkspace\mapsrc\subway01.bsp
0 seconds elapsed



[Reading texlights from 'lights.rad']
[48 texlights parsed from 'lights.rad']

Loading d:\steam\steamapps\sourcemods\entropyzero2-addonworkspace\mapsrc\subway01.bsp
224 faces
12423 square feet [1788970.25 square inches]
2 Displacements
3703 Square Feet [533257.31 Square Inches]
224 patches before subdivision
2054 patches after subdivision
6 direct lights
0...1...2...3...4...5...6...7...8...9...100...1...2...3...4...5...6...7...8...9...10transfers 160038, max 283
transfer lists:   1.2 megs
0...1...2...3...4...5...6...7...8...9...10	Bounce #1 added RGB(2107, 2480, 1806)
0...1...2...3...4...5...6...7...8...9...10	Bounce #2 added RGB(413, 490, 312)
Build Patch/Sample Hash Table(s).....Done<0.0003 sec>
0...1...2...3...4...5...6...7...8...9...10FinalLightFace Done
0 of 0 (0% of) surface lights went in leaf ambient cubes.
0...1...2...3...4...5...6...7...8...9...10Writing leaf ambient...done
Ready to Finish

Object names       Objects/Maxobjs  Memory / Maxmem  Fullness 
------------       ---------------  ---------------  -------- 
models                   1/1024           48/49152    ( 0.1%) 
brushes                 75/8192          900/98304    ( 0.9%) 
brushsides             708/65536        5664/524288   ( 1.1%) 
planes                 630/65536       12600/1310720  ( 1.0%) 
vertexes               392/65536        4704/786432   ( 0.6%) 
nodes                   82/65536        2624/2097152  ( 0.1%) 
texinfos                65/12288        4680/884736   ( 0.5%) 
texdata                 18/2048          576/65536    ( 0.9%) 
dispinfos                2/0             352/0        ( 0.0%) 
disp_verts             162/0            3240/0        ( 0.0%) 
disp_tris              256/0             512/0        ( 0.0%) 
disp_lmsamples        9408/0            9408/0        ( 0.0%) 
faces                  224/65536       12544/3670016  ( 0.3%) 
hdr faces                0/65536           0/3670016  ( 0.0%) 
origfaces              171/65536        9576/3670016  ( 0.3%) 
leaves                  84/65536        2688/2097152  ( 0.1%) 
leaffaces              236/65536         472/131072   ( 0.4%) 
leafbrushes            197/65536         394/131072   ( 0.3%) 
areas                    2/256            16/2048     ( 0.8%) 
surfedges             1769/512000       7076/2048000  ( 0.3%) 
edges                 1074/256000       4296/1024000  ( 0.4%) 
LDR worldlights          6/65536         528/5767168  ( 0.0%) 
HDR worldlights          0/65536           0/5767168  ( 0.0%) 
leafwaterdata            0/32768           0/393216   ( 0.0%) 
waterstrips             33/32768         330/327680   ( 0.1%) 
waterverts               0/65536           0/786432   ( 0.0%) 
waterindices           447/65536         894/131072   ( 0.7%) 
cubemapsamples           0/1024            0/16384    ( 0.0%) 
overlays                 3/8192         1056/2883584  ( 0.0%) 
LDR lightdata         [variable]       68628/0        ( 0.0%) 
HDR lightdata         [variable]           0/0        ( 0.0%) 
visdata               [variable]         112/16777216 ( 0.0%) 
entdata               [variable]        3861/393216   ( 1.0%) 
LDR ambient table       84/65536         336/262144   ( 0.1%) 
HDR ambient table       84/65536         336/262144   ( 0.1%) 
LDR leaf ambient        92/65536        2576/1835008  ( 0.1%) 
HDR leaf ambient        84/65536        2352/1835008  ( 0.1%) 
occluders                0/0               0/0        ( 0.0%) 
occluder polygons        0/0               0/0        ( 0.0%) 
occluder vert ind        0/0               0/0        ( 0.0%) 
detail props          [variable]           1/12       ( 8.3%) 
static props          [variable]           1/1646     ( 0.1%) 
pakfile               [variable]         380/0        ( 0.0%) 
physics               [variable]       28520/4194304  ( 0.7%) 
physics terrain       [variable]         486/1048576  ( 0.0%) 

Level flags = 0

Total triangle count: 620
Writing d:\steam\steamapps\sourcemods\entropyzero2-addonworkspace\mapsrc\subway01.bsp
0 seconds elapsed



materialPath: D:\steam\steamapps\sourcemods\entropyzero2-addonworkspace\materials
Loading d:\steam\steamapps\sourcemods\entropyzero2-addonworkspace\mapsrc\subway01.vmf
ConVarRef mat_reduceparticles doesn't point to an existing ConVar
fixing up env_cubemap materials on brush sides...
0...1...2...3...4...5...6...7...8...9...100...1...2...3...4...5...6...7...8...9...10Processing areas...done (0)
Building Faces...done (0)
Chop Details...done (0)
Find Visible Detail Sides...
Merged 32 detail faces...done (0)
Merging details...done (0)
FixTjuncs...
PruneNodes...
WriteBSP...
done (0)
writing d:\steam\steamapps\sourcemods\entropyzero2-addonworkspace\mapsrc\subway01.prt...Building visibility clusters...
done (0)
Finding displacement neighbors...
Finding lightmap sample positions...
Displacement Alpha : 0...1...2...3...4...5...6...7...8...9...10
Building Physics collision data...
done (0) (28520 bytes)
Placing static props...
Placing detail props : 0...1...2...3...4...5...6...7...8...9...Material NATURE/BLENDGRAVELGRAVEL02B uses unknown detail object type citygrass_light!
10
Compacting texture/material tables...
Reduced 106 texinfos to 65
Reduced 22 texdatas to 18 (550 bytes to 433)
Writing d:\steam\steamapps\sourcemods\entropyzero2-addonworkspace\mapsrc\subway01.bsp
0 seconds elapsed



12 threads
reading d:\steam\steamapps\sourcemods\entropyzero2-addonworkspace\mapsrc\subway01.bsp
reading d:\steam\steamapps\sourcemods\entropyzero2-addonworkspace\mapsrc\subway01.prt
   9 portalclusters
  10 numportals
0...1...2...3...4...5...6...7...8...9...10Optimized: 0 visible clusters (0.00%)
Total clusters visible: 81
Average clusters visible: 9
Building PAS...
Average clusters audible: 9
visdatasize:112  compressed from 144
writing d:\steam\steamapps\sourcemods\entropyzero2-addonworkspace\mapsrc\subway01.bsp
0 seconds elapsed



[Reading texlights from 'lights.rad']
[48 texlights parsed from 'lights.rad']

Loading d:\steam\steamapps\sourcemods\entropyzero2-addonworkspace\mapsrc\subway01.bsp
224 faces
12423 square feet [1788970.25 square inches]
2 Displacements
3703 Square Feet [533257.31 Square Inches]
224 patches before subdivision
2054 patches after subdivision
5 direct lights
0...1...2...3...4...5...6...7...8...9...100...1...2...3...4...5...6...7...8...9...10transfers 160038, max 283
transfer lists:   1.2 megs
0...1...2...3...4...5...6...7...8...9...10	Bounce #1 added RGB(965, 1460, 1065)
0...1...2...3...4...5...6...7...8...9...10	Bounce #2 added RGB(250, 357, 236)
Build Patch/Sample Hash Table(s).....Done<0.0003 sec>
0...1...2...3...4...5...6...7...8...9...10FinalLightFace Done
0 of 0 (0% of) surface lights went in leaf ambient cubes.
0...1...2...3...4...5...6...7...8...9...10Writing leaf ambient...done
Ready to Finish

Object names       Objects/Maxobjs  Memory / Maxmem  Fullness 
------------       ---------------  ---------------  -------- 
models                   1/1024           48/49152    ( 0.1%) 
brushes                 75/8192          900/98304    ( 0.9%) 
brushsides             708/65536        5664/524288   ( 1.1%) 
planes                 630/65536       12600/1310720  ( 1.0%) 
vertexes               392/65536        4704/786432   ( 0.6%) 
nodes                   82/65536        2624/2097152  ( 0.1%) 
texinfos                65/12288        4680/884736   ( 0.5%) 
texdata                 18/2048          576/65536    ( 0.9%) 
dispinfos                2/0             352/0        ( 0.0%) 
disp_verts             162/0            3240/0        ( 0.0%) 
disp_tris              256/0             512/0        ( 0.0%) 
disp_lmsamples        9408/0            9408/0        ( 0.0%) 
faces                  224/65536       12544/3670016  ( 0.3%) 
hdr faces                0/65536           0/3670016  ( 0.0%) 
origfaces              171/65536        9576/3670016  ( 0.3%) 
leaves                  84/65536        2688/2097152  ( 0.1%) 
leaffaces              236/65536         472/131072   ( 0.4%) 
leafbrushes            197/65536         394/131072   ( 0.3%) 
areas                    2/256            16/2048     ( 0.8%) 
surfedges             1769/512000       7076/2048000  ( 0.3%) 
edges                 1074/256000       4296/1024000  ( 0.4%) 
LDR worldlights          5/65536         440/5767168  ( 0.0%) 
HDR worldlights          0/65536           0/5767168  ( 0.0%) 
leafwaterdata            0/32768           0/393216   ( 0.0%) 
waterstrips             33/32768         330/327680   ( 0.1%) 
waterverts               0/65536           0/786432   ( 0.0%) 
waterindices           447/65536         894/131072   ( 0.7%) 
cubemapsamples           0/1024            0/16384    ( 0.0%) 
overlays                 3/8192         1056/2883584  ( 0.0%) 
LDR lightdata         [variable]       68628/0        ( 0.0%) 
HDR lightdata         [variable]           0/0        ( 0.0%) 
visdata               [variable]         112/16777216 ( 0.0%) 
entdata               [variable]        3691/393216   ( 0.9%) 
LDR ambient table       84/65536         336/262144   ( 0.1%) 
HDR ambient table       84/65536         336/262144   ( 0.1%) 
LDR leaf ambient        72/65536        2016/1835008  ( 0.1%) 
HDR leaf ambient        84/65536        2352/1835008  ( 0.1%) 
occluders                0/0               0/0        ( 0.0%) 
occluder polygons        0/0               0/0        ( 0.0%) 
occluder vert ind        0/0               0/0        ( 0.0%) 
detail props          [variable]           1/12       ( 8.3%) 
static props          [variable]           1/1646     ( 0.1%) 
pakfile               [variable]         380/0        ( 0.0%) 
physics               [variable]       28520/4194304  ( 0.7%) 
physics terrain       [variable]         486/1048576  ( 0.0%) 

Level flags = 0

Total triangle count: 620
Writing d:\steam\steamapps\sourcemods\entropyzero2-addonworkspace\mapsrc\subway01.bsp
0 seconds elapsed
