PRT1
344
1033
4 0 2 (3072 1024 576 ) (3072 1024 3072 ) (3072 2048 3072 ) (3072 2048 576 ) 
4 0 1 (3072 1024 3072 ) (3072 1024 576 ) (3520 1024 576 ) (3520 1024 3072 ) 
4 1 21 (3520 0 576 ) (3520 0 3072 ) (3072 0 3072 ) (3072 0 576 ) 
4 1 5 (3072 0 576 ) (3072 0 3072 ) (3072 576 3072 ) (3072 576 576 ) 
4 1 3 (3072 576 3072 ) (3072 1024 3072 ) (3072 1024 576 ) (3072 576 576 ) 
4 2 7 (2048 1024 576 ) (2048 1024 3072 ) (2048 2048 3072 ) (2048 2048 576 ) 
4 2 3 (3072 1024 576 ) (3072 1024 3072 ) (2048 1024 3072 ) (2048 1024 576 ) 
4 3 9 (2048 576 576 ) (2048 576 3072 ) (2048 1024 3072 ) (2048 1024 576 ) 
4 3 5 (2048 576 3072 ) (2048 576 576 ) (3072 576 576 ) (3072 576 3072 ) 
4 4 6 (2532 576 0 ) (2588 576 0 ) (2588 576 112 ) (2532 576 112 ) 
4 5 26 (2816 0 3072 ) (2048 0 3072 ) (2048 0 576 ) (2816 0 576 ) 
4 5 24 (3072 0 576 ) (3072 0 3072 ) (2816 0 3072 ) (2816 0 576 ) 
4 5 10 (2048 0 576 ) (2048 0 3072 ) (2048 448 3072 ) (2048 448 576 ) 
4 5 9 (2048 448 3072 ) (2048 576 3072 ) (2048 576 576 ) (2048 448 576 ) 
11 6 25 (2584 0 187 ) (2560 0 192 ) (2536 0 187 ) (2515 0 173 ) (2501 0 152 ) (2496 0 128 ) (2496 0 0 ) (2624 0 0 ) (2624 0 128 ) (2619 0 152 ) (2605 0 173 ) 
4 7 9 (2048 1024 576 ) (2048 1024 3072 ) (1024 1024 3072 ) (1024 1024 576 ) 
4 7 8 (1024 1024 576 ) (1024 1024 3072 ) (1024 2048 3072 ) (1024 2048 576 ) 
4 8 88 (0 1024 576 ) (0 1024 3072 ) (0 2048 3072 ) (0 2048 576 ) 
4 8 17 (0 1024 3072 ) (0 1024 576 ) (1024 1024 576 ) (1024 1024 3072 ) 
4 9 17 (1024 1024 3072 ) (1024 1024 576 ) (1024 448 576 ) (1024 448 3072 ) 
4 9 13 (1552 448 3072 ) (1024 448 3072 ) (1024 448 576 ) (1552 448 576 ) 
4 9 11 (1792 448 3072 ) (1552 448 3072 ) (1552 448 576 ) (1792 448 576 ) 
4 9 10 (2048 448 576 ) (2048 448 3072 ) (1792 448 3072 ) (1792 448 576 ) 
4 10 40 (1808 0 3072 ) (1792 0 3072 ) (1792 0 576 ) (1808 0 576 ) 
4 10 37 (2048 0 576 ) (2048 0 3072 ) (1808 0 3072 ) (1808 0 576 ) 
4 10 14 (1792 192 576 ) (1792 0 576 ) (1792 0 3072 ) (1792 192 3072 ) 
4 10 12 (1792 320 576 ) (1792 192 576 ) (1792 192 3072 ) (1792 320 3072 ) 
4 10 11 (1792 448 3072 ) (1792 448 576 ) (1792 320 576 ) (1792 320 3072 ) 
4 11 13 (1552 448 3072 ) (1552 448 384 ) (1552 320 384 ) (1552 320 3072 ) 
4 11 12 (1552 320 3072 ) (1552 320 384 ) (1792 320 384 ) (1792 320 3072 ) 
4 12 14 (1792 192 -16 ) (1792 192 3072 ) (1552 192 3072 ) (1552 192 -16 ) 
4 12 13 (1552 192 384 ) (1552 192 3072 ) (1552 320 3072 ) (1552 320 384 ) 
4 13 18 (1024 192 384 ) (1024 192 3072 ) (1024 448 3072 ) (1024 448 384 ) 
4 13 15 (1552 192 384 ) (1552 192 3072 ) (1024 192 3072 ) (1024 192 384 ) 
4 14 49 (1792 0 -16 ) (1792 0 0 ) (1776 0 0 ) (1776 0 -16 ) 
4 14 51 (1776 0 0 ) (1552 0 0 ) (1552 0 -16 ) (1776 0 -16 ) 
4 14 43 (1792 0 0 ) (1792 0 384 ) (1552 0 384 ) (1552 0 0 ) 
4 14 42 (1792 0 384 ) (1792 0 3072 ) (1552 0 3072 ) (1552 0 384 ) 
4 14 16 (1552 64 -16 ) (1552 0 -16 ) (1552 0 3072 ) (1552 64 3072 ) 
4 14 15 (1552 192 3072 ) (1552 192 384 ) (1552 64 384 ) (1552 64 3072 ) 
4 15 19 (1024 192 3072 ) (1024 192 384 ) (1024 64 384 ) (1024 64 3072 ) 
4 15 16 (1024 64 3072 ) (1024 64 384 ) (1552 64 384 ) (1552 64 3072 ) 
4 16 51 (1024 0 0 ) (1024 0 -16 ) (1552 0 -16 ) (1552 0 0 ) 
4 16 44 (1264 0 0 ) (1296 0 0 ) (1296 0 384 ) (1264 0 384 ) 
4 16 43 (1296 0 0 ) (1552 0 0 ) (1552 0 384 ) (1296 0 384 ) 
4 16 48 (1024 0 384 ) (1024 0 0 ) (1264 0 0 ) (1264 0 384 ) 
4 16 42 (1024 0 3072 ) (1024 0 384 ) (1552 0 384 ) (1552 0 3072 ) 
4 16 20 (1024 0 -16 ) (1024 0 3072 ) (1024 64 3072 ) (1024 64 -16 ) 
4 17 90 (0 448 576 ) (0 448 3072 ) (0 1024 3072 ) (0 1024 576 ) 
4 17 18 (1024 448 576 ) (1024 448 3072 ) (0 448 3072 ) (0 448 576 ) 
4 18 91 (0 192 384 ) (0 192 3072 ) (0 448 3072 ) (0 448 384 ) 
4 18 19 (0 192 3072 ) (0 192 384 ) (1024 192 384 ) (1024 192 3072 ) 
4 19 92 (0 192 3072 ) (0 192 384 ) (0 64 384 ) (0 64 3072 ) 
4 19 20 (0 64 3072 ) (0 64 384 ) (1024 64 384 ) (1024 64 3072 ) 
4 20 93 (0 0 -16 ) (0 0 3072 ) (0 64 3072 ) (0 64 -16 ) 
4 20 59 (0 0 352 ) (0 0 -16 ) (1024 0 -16 ) (1024 0 352 ) 
4 20 54 (240 0 352 ) (272 0 352 ) (272 0 3072 ) (240 0 3072 ) 
4 20 53 (272 0 352 ) (1024 0 352 ) (1024 0 3072 ) (272 0 3072 ) 
4 20 58 (0 0 3072 ) (0 0 352 ) (240 0 352 ) (240 0 3072 ) 
4 21 27 (3072 -80 576 ) (3072 -1024 576 ) (3072 -1024 3072 ) (3072 -80 3072 ) 
4 21 24 (3072 0 3072 ) (3072 0 576 ) (3072 -80 576 ) (3072 -80 3072 ) 
4 21 22 (3072 -1024 3072 ) (3072 -1024 576 ) (3520 -1024 576 ) (3520 -1024 3072 ) 
4 22 35 (3072 -2048 576 ) (3072 -2048 3072 ) (3072 -1024 3072 ) (3072 -1024 576 ) 
4 22 23 (3520 -2048 576 ) (3520 -2048 3072 ) (3072 -2048 3072 ) (3072 -2048 576 ) 
4 23 81 (3072 -2112 576 ) (3072 -2112 3072 ) (3072 -2048 3072 ) (3072 -2048 576 ) 
4 24 27 (3072 -80 576 ) (3072 -80 3072 ) (2816 -80 3072 ) (2816 -80 576 ) 
4 24 26 (2816 0 3072 ) (2816 0 576 ) (2816 -80 576 ) (2816 -80 3072 ) 
11 25 29 (2496 -80 0 ) (2624 -80 0 ) (2624 -80 128 ) (2619 -80 152 ) (2605 -80 173 ) (2584 -80 187 ) (2560 -80 192 ) (2536 -80 187 ) (2515 -80 173 ) (2501 -80 152 ) (2496 -80 128 ) 
4 26 37 (2048 0 3072 ) (2048 0 576 ) (2048 -80 576 ) (2048 -80 3072 ) 
4 26 33 (2048 -80 3072 ) (2048 -80 576 ) (2816 -80 576 ) (2816 -80 3072 ) 
4 27 35 (3072 -1024 576 ) (3072 -1024 3072 ) (2816 -1024 3072 ) (2816 -1024 576 ) 
4 27 33 (2816 -80 3072 ) (2816 -80 576 ) (2816 -1024 576 ) (2816 -1024 3072 ) 
7 28 36 (2048 -256 368 ) (2048 -189 355 ) (2048 -132 316 ) (2048 -103.947372 275 ) (2048 -408.049622 275 ) (2048 -379.995056 316.003418 ) (2048 -323 355 ) 
4 28 30 (2304 -103.947197 275 ) (2320 -103.947197 275 ) (2320 -406.142975 275 ) (2304 -406.145020 275 ) 
4 28 29 (2320 -103.947197 275 ) (2816 -103.947182 275 ) (2816 -408.049561 275 ) (2320 -408.049561 275 ) 
4 28 32 (2048 -408.049561 275 ) (2048 -103.947205 275 ) (2304 -103.947197 275 ) (2304 -408.049561 275 ) 
4 29 34 (2320 -80 0 ) (2816 -80 0 ) (2816 -432 0 ) (2320 -432 0 ) 
4 29 30 (2320 -406.143005 275 ) (2320 -103.947388 275 ) (2320 -97.105286 265 ) (2320 -412.928986 265 ) 
8 29 31 (2320 -432 0 ) (2320 -432 192 ) (2320 -419 258.997955 ) (2320 -414.893402 265 ) (2320 -97.105286 265 ) (2320 -93 259 ) (2320 -80 192 ) (2320 -80 0 ) 
4 30 31 (2304 -412.931000 265 ) (2304 -97.105255 265 ) (2320 -97.109375 265 ) (2320 -412.929016 265 ) 
4 30 32 (2304 -406.144989 275 ) (2304 -103.947388 275 ) (2304 -97.105286 265 ) (2304 -412.931061 265 ) 
4 31 34 (2304 -80 0 ) (2320 -80 0 ) (2320 -432 0 ) (2304 -432 0 ) 
8 31 32 (2304 -432 0 ) (2304 -432 192 ) (2304 -419 258.997955 ) (2304 -414.893402 265 ) (2304 -97.105286 265 ) (2304 -93 259 ) (2304 -80 192 ) (2304 -80 0 ) 
8 32 36 (2048 -103.947372 275 ) (2048 -93 259 ) (2048 -80 192 ) (2048 -80 0 ) (2048 -432 0 ) (2048 -432 192 ) (2048 -419.001282 258.993469 ) (2048 -408.049591 275 ) 
4 32 34 (2048 -432 0 ) (2048 -80 0 ) (2304 -80 0 ) (2304 -432 0 ) 
4 33 37 (2048 -1024 576 ) (2048 -1024 3072 ) (2048 -80 3072 ) (2048 -80 576 ) 
4 33 35 (2816 -1024 576 ) (2816 -1024 3072 ) (2048 -1024 3072 ) (2048 -1024 576 ) 
4 34 38 (2048 -432 0 ) (2048 -80 0 ) (2048 -80 -16 ) (2048 -432 -16 ) 
4 35 81 (3072 -2048 576 ) (3072 -2048 3072 ) (2048 -2048 3072 ) (2048 -2048 576 ) 
4 35 62 (2048 -2048 576 ) (2048 -2048 3072 ) (2048 -1024 3072 ) (2048 -1024 576 ) 
11 36 39 (1808 -80 0 ) (1808 -432 0 ) (1808 -432 192 ) (1808 -419.001251 258.993500 ) (1808 -379.995026 316.003418 ) (1808 -323 355 ) (1808 -256 368 ) (1808 -189 355 ) (1808 -132 316 ) (1808 -93 259 ) (1808 -80 192 ) 
4 36 38 (1808 -432 0 ) (1808 -80 0 ) (2048 -80 0 ) (2048 -432 0 ) 
4 37 62 (2048 -1024 576 ) (2048 -1024 3072 ) (1808 -1024 3072 ) (1808 -1024 576 ) 
4 37 40 (1808 0 3072 ) (1808 0 576 ) (1808 -1024 576 ) (1808 -1024 3072 ) 
4 38 41 (1808 -80 -16 ) (1808 -432 -16 ) (1808 -432 0 ) (1808 -80 0 ) 
11 39 43 (1792 -329 369 ) (1792 -256 384 ) (1792 -183 369 ) (1792 -120 328 ) (1792 -79 265 ) (1792 -64 192 ) (1792 -64 0 ) (1792 -448 0 ) (1792 -448 192 ) (1792 -433 265 ) (1792 -392 328 ) 
4 39 41 (1792 -432 0 ) (1792 -80 0 ) (1808 -80 0 ) (1808 -432 0 ) 
4 40 62 (1808 -1024 576 ) (1808 -1024 3072 ) (1792 -1024 3072 ) (1792 -1024 576 ) 
4 40 42 (1792 -1024 576 ) (1792 -1024 3072 ) (1792 0 3072 ) (1792 0 576 ) 
4 41 50 (1792 -432 0 ) (1792 -80 0 ) (1792 -80 -16 ) (1792 -432 -16 ) 
4 42 75 (1792 -1024 384 ) (1792 -1024 448 ) (1216 -1024 448 ) (1216 -1024 384 ) 
4 42 76 (1216 -1024 448 ) (1024 -1024 448 ) (1024 -1024 384 ) (1216 -1024 384 ) 
4 42 74 (1792 -1024 448 ) (1792 -1024 576 ) (1024 -1024 576 ) (1024 -1024 448 ) 
4 42 73 (1792 -1024 576 ) (1792 -1024 3072 ) (1024 -1024 3072 ) (1024 -1024 576 ) 
4 42 53 (1024 0 3072 ) (1024 0 384 ) (1024 -1024 384 ) (1024 -1024 3072 ) 
4 42 45 (1296 -64 384 ) (1296 -448 384 ) (1264 -448 384 ) (1264 -64 384 ) 
4 42 44 (1264 0 384 ) (1296 0 384 ) (1296 -64 384 ) (1264 -64 384 ) 
4 42 47 (1296 -448 384 ) (1296 -1024 384 ) (1264 -1024 384 ) (1264 -448 384 ) 
4 42 43 (1296 0 384 ) (1792 0 384 ) (1792 -1024 384 ) (1296 -1024 384 ) 
4 42 48 (1024 -1024 384 ) (1024 0 384 ) (1264 0 384 ) (1264 -1024 384 ) 
4 43 75 (1792 -1024 0 ) (1792 -1024 384 ) (1296 -1024 384 ) (1296 -1024 0 ) 
4 43 52 (1792 -608 0 ) (1792 -1024 0 ) (1296 -1024 0 ) (1296 -608 0 ) 
4 43 49 (1776 0 0 ) (1792 0 0 ) (1792 -64 0 ) (1776 -64 0 ) 
4 43 50 (1792 -80 0 ) (1792 -576 0 ) (1776 -576 0 ) (1776 -80 0 ) 
4 43 51 (1296 0 0 ) (1776 0 0 ) (1776 -576 0 ) (1296 -576 0 ) 
4 43 46 (1296 -64 0 ) (1296 -448 0 ) (1296 -448 352 ) (1296 -64 352 ) 
4 43 45 (1296 -448 352 ) (1296 -448 384 ) (1296 -64 384 ) (1296 -64 352 ) 
4 43 44 (1296 0 0 ) (1296 -64 0 ) (1296 -64 384 ) (1296 0 384 ) 
4 43 47 (1296 -448 0 ) (1296 -1024 0 ) (1296 -1024 384 ) (1296 -448 384 ) 
4 44 51 (1264 0 0 ) (1296 0 0 ) (1296 -64 0 ) (1264 -64 0 ) 
4 44 46 (1264 -64 352 ) (1264 -64 0 ) (1296 -64 0 ) (1296 -64 352 ) 
4 44 45 (1264 -64 384 ) (1264 -64 352 ) (1296 -64 352 ) (1296 -64 384 ) 
4 44 48 (1264 0 0 ) (1264 -64 0 ) (1264 -64 384 ) (1264 0 384 ) 
4 45 48 (1264 -448 352 ) (1264 -448 384 ) (1264 -64 384 ) (1264 -64 352 ) 
4 45 47 (1264 -448 384 ) (1264 -448 352 ) (1296 -448 352 ) (1296 -448 384 ) 
4 45 46 (1296 -448 352 ) (1264 -448 352 ) (1264 -64 352 ) (1296 -64 352 ) 
4 46 51 (1296 -64 0 ) (1296 -448 0 ) (1264 -448 0 ) (1264 -64 0 ) 
4 46 48 (1264 -64 0 ) (1264 -448 0 ) (1264 -448 352 ) (1264 -64 352 ) 
4 46 47 (1264 -448 352 ) (1264 -448 0 ) (1296 -448 0 ) (1296 -448 352 ) 
4 47 75 (1296 -1024 384 ) (1264 -1024 384 ) (1264 -1024 0 ) (1296 -1024 0 ) 
4 47 52 (1296 -608 0 ) (1296 -1024 0 ) (1264 -1024 0 ) (1264 -608 0 ) 
4 47 51 (1296 -448 0 ) (1296 -576 0 ) (1264 -576 0 ) (1264 -448 0 ) 
4 47 48 (1264 -448 0 ) (1264 -1024 0 ) (1264 -1024 384 ) (1264 -448 384 ) 
4 48 75 (1264 -1024 384 ) (1216 -1024 384 ) (1216 -1024 0 ) (1264 -1024 0 ) 
4 48 76 (1216 -1024 384 ) (1024 -1024 384 ) (1024 -1024 0 ) (1216 -1024 0 ) 
4 48 60 (1024 -576 0 ) (1024 -608 0 ) (1024 -608 352 ) (1024 -576 352 ) 
4 48 61 (1024 -608 0 ) (1024 -1024 0 ) (1024 -1024 352 ) (1024 -608 352 ) 
4 48 59 (1024 0 352 ) (1024 0 0 ) (1024 -576 0 ) (1024 -576 352 ) 
4 48 53 (1024 0 384 ) (1024 0 352 ) (1024 -1024 352 ) (1024 -1024 384 ) 
4 48 52 (1264 -608 0 ) (1264 -1024 0 ) (1024 -1024 0 ) (1024 -608 0 ) 
4 48 51 (1024 0 0 ) (1264 0 0 ) (1264 -576 0 ) (1024 -576 0 ) 
4 49 51 (1776 0 -16 ) (1776 -64 -16 ) (1776 -64 0 ) (1776 0 0 ) 
4 50 51 (1776 -80 -16 ) (1776 -576 -16 ) (1776 -576 0 ) (1776 -80 0 ) 
4 51 59 (1024 0 0 ) (1024 0 -16 ) (1024 -576 -16 ) (1024 -576 0 ) 
4 52 75 (1792 -1024 -32 ) (1792 -1024 0 ) (1216 -1024 0 ) (1216 -1024 -32 ) 
4 52 76 (1216 -1024 0 ) (1024 -1024 0 ) (1024 -1024 -32 ) (1216 -1024 -32 ) 
4 52 61 (1024 -608 -32 ) (1024 -1024 -32 ) (1024 -1024 0 ) (1024 -608 0 ) 
4 53 80 (272 -1024 352 ) (1024 -1024 352 ) (1024 -1024 448 ) (272 -1024 448 ) 
4 53 77 (1024 -1024 448 ) (1024 -1024 3072 ) (768 -1024 3072 ) (768 -1024 448 ) 
4 53 79 (768 -1024 3072 ) (272 -1024 3072 ) (272 -1024 448 ) (768 -1024 448 ) 
4 53 60 (272 -608 352 ) (272 -576 352 ) (1024 -576 352 ) (1024 -608 352 ) 
4 53 61 (1024 -1024 352 ) (272 -1024 352 ) (272 -608 352 ) (1024 -608 352 ) 
4 53 59 (272 -576 352 ) (272 0 352 ) (1024 0 352 ) (1024 -576 352 ) 
4 53 56 (272 -64 352 ) (272 -448 352 ) (272 -448 384 ) (272 -64 384 ) 
4 53 55 (272 -448 384 ) (272 -448 3072 ) (272 -64 3072 ) (272 -64 384 ) 
4 53 54 (272 0 352 ) (272 -64 352 ) (272 -64 3072 ) (272 0 3072 ) 
4 53 57 (272 -448 352 ) (272 -1024 352 ) (272 -1024 3072 ) (272 -448 3072 ) 
4 54 59 (240 -64 352 ) (240 0 352 ) (272 0 352 ) (272 -64 352 ) 
4 54 56 (240 -64 384 ) (240 -64 352 ) (272 -64 352 ) (272 -64 384 ) 
4 54 55 (240 -64 3072 ) (240 -64 384 ) (272 -64 384 ) (272 -64 3072 ) 
4 54 58 (240 0 352 ) (240 -64 352 ) (240 -64 3072 ) (240 0 3072 ) 
4 55 58 (240 -448 384 ) (240 -448 3072 ) (240 -64 3072 ) (240 -64 384 ) 
4 55 57 (240 -448 3072 ) (240 -448 384 ) (272 -448 384 ) (272 -448 3072 ) 
4 55 56 (272 -448 384 ) (240 -448 384 ) (240 -64 384 ) (272 -64 384 ) 
4 56 59 (240 -448 352 ) (240 -64 352 ) (272 -64 352 ) (272 -448 352 ) 
4 56 58 (240 -64 352 ) (240 -448 352 ) (240 -448 384 ) (240 -64 384 ) 
4 56 57 (240 -448 384 ) (240 -448 352 ) (272 -448 352 ) (272 -448 384 ) 
4 57 80 (240 -1024 352 ) (272 -1024 352 ) (272 -1024 448 ) (240 -1024 448 ) 
4 57 79 (272 -1024 448 ) (272 -1024 3072 ) (240 -1024 3072 ) (240 -1024 448 ) 
4 57 60 (240 -608 352 ) (240 -576 352 ) (272 -576 352 ) (272 -608 352 ) 
4 57 61 (272 -1024 352 ) (240 -1024 352 ) (240 -608 352 ) (272 -608 352 ) 
4 57 59 (240 -576 352 ) (240 -448 352 ) (272 -448 352 ) (272 -576 352 ) 
4 57 58 (240 -448 352 ) (240 -1024 352 ) (240 -1024 3072 ) (240 -448 3072 ) 
4 58 106 (0 -1024 352 ) (0 -1024 3072 ) (0 0 3072 ) (0 0 352 ) 
4 58 80 (0 -1024 448 ) (0 -1024 352 ) (240 -1024 352 ) (240 -1024 448 ) 
4 58 79 (0 -1024 3072 ) (0 -1024 448 ) (240 -1024 448 ) (240 -1024 3072 ) 
4 58 60 (0 -608 352 ) (0 -576 352 ) (240 -576 352 ) (240 -608 352 ) 
4 58 61 (240 -1024 352 ) (0 -1024 352 ) (0 -608 352 ) (240 -608 352 ) 
4 58 59 (0 -576 352 ) (0 0 352 ) (240 0 352 ) (240 -576 352 ) 
4 59 112 (0 -576 352 ) (0 0 352 ) (0 0 -16 ) (0 -576 -16 ) 
4 59 60 (1024 -576 0 ) (1024 -576 352 ) (0 -576 352 ) (0 -576 0 ) 
4 60 113 (0 -608 352 ) (0 -576 352 ) (0 -576 0 ) (0 -608 0 ) 
4 60 61 (1024 -608 0 ) (1024 -608 352 ) (0 -608 352 ) (0 -608 0 ) 
4 61 114 (0 -1024 -32 ) (0 -1024 352 ) (0 -608 352 ) (0 -608 -32 ) 
4 61 80 (0 -1024 352 ) (0 -1024 -32 ) (1024 -1024 -32 ) (1024 -1024 352 ) 
4 62 82 (2048 -2048 576 ) (2048 -2048 3072 ) (1792 -2048 3072 ) (1792 -2048 576 ) 
4 62 73 (1792 -2048 576 ) (1792 -2048 3072 ) (1792 -1024 3072 ) (1792 -1024 576 ) 
4 63 75 (1792 -1600 448 ) (1792 -1396 448 ) (1792 -1396 384 ) (1792 -1600 384 ) 
4 63 64 (1812 -1396 384 ) (1824 -1396 384 ) (1824 -1600 384 ) (1812 -1600 384 ) 
4 63 66 (1792 -1600 384 ) (1792 -1396 384 ) (1804 -1396 384 ) (1804 -1600 384 ) 
4 64 70 (1824 -1584 328 ) (1824 -1728 328 ) (1812 -1728 328 ) (1812 -1584 328 ) 
4 64 67 (1812 -1216 328 ) (1824 -1216 328 ) (1824 -1360 328 ) (1812 -1360 328 ) 
4 64 65 (1812 -1648 328 ) (1812 -1728 328 ) (1812 -1728 384 ) (1812 -1648 384 ) 
4 65 71 (1812 -1656 328 ) (1812 -1728 328 ) (1804 -1728 328 ) (1804 -1656 328 ) 
4 65 66 (1804 -1648 328 ) (1804 -1728 328 ) (1804 -1728 384 ) (1804 -1648 384 ) 
4 66 75 (1792 -1728 384 ) (1792 -1216 384 ) (1792 -1216 328 ) (1792 -1728 328 ) 
4 66 72 (1792 -1728 328 ) (1792 -1584 328 ) (1804 -1584 328 ) (1804 -1728 328 ) 
4 66 68 (1792 -1360 328 ) (1792 -1216 328 ) (1804 -1216 328 ) (1804 -1360 328 ) 
4 68 75 (1792 -1360 328 ) (1792 -1216 328 ) (1792 -1216 0 ) (1792 -1360 0 ) 
6 69 75 (1792 -1368 0 ) (1792 -1576 0 ) (1792 -1576 304 ) (1792 -1560 320 ) (1792 -1384 320 ) (1792 -1368 304 ) 
4 70 71 (1812 -1656 0 ) (1812 -1728 0 ) (1812 -1728 328 ) (1812 -1656 328 ) 
4 71 72 (1804 -1656 0 ) (1804 -1728 0 ) (1804 -1728 328 ) (1804 -1656 328 ) 
4 72 75 (1792 -1728 328 ) (1792 -1584 328 ) (1792 -1584 0 ) (1792 -1728 0 ) 
4 73 83 (1792 -2048 576 ) (1792 -2048 3072 ) (1024 -2048 3072 ) (1024 -2048 576 ) 
4 73 78 (1024 -1808 576 ) (1024 -2048 576 ) (1024 -2048 3072 ) (1024 -1808 3072 ) 
4 73 77 (1024 -1024 3072 ) (1024 -1024 576 ) (1024 -1808 576 ) (1024 -1808 3072 ) 
4 73 74 (1024 -1024 576 ) (1792 -1024 576 ) (1792 -1808 576 ) (1024 -1808 576 ) 
4 74 77 (1024 -1024 576 ) (1024 -1024 448 ) (1024 -1808 448 ) (1024 -1808 576 ) 
4 74 75 (1216 -1024 448 ) (1792 -1024 448 ) (1792 -1792 448 ) (1216 -1792 448 ) 
4 74 76 (1024 -1808 448 ) (1024 -1024 448 ) (1216 -1024 448 ) (1216 -1808 448 ) 
4 75 76 (1216 -1024 -32 ) (1216 -1792 -32 ) (1216 -1792 448 ) (1216 -1024 448 ) 
4 76 84 (1216 -2048 448 ) (1024 -2048 448 ) (1024 -2048 -32 ) (1216 -2048 -32 ) 
4 76 80 (1024 -1024 448 ) (1024 -1024 -32 ) (1024 -2048 -32 ) (1024 -2048 448 ) 
4 77 80 (1024 -1024 448 ) (1024 -1808 448 ) (768 -1808 448 ) (768 -1024 448 ) 
4 77 78 (768 -1808 3072 ) (768 -1808 576 ) (1024 -1808 576 ) (1024 -1808 3072 ) 
4 77 79 (768 -1024 448 ) (768 -1808 448 ) (768 -1808 3072 ) (768 -1024 3072 ) 
4 78 85 (1024 -2048 576 ) (1024 -2048 3072 ) (768 -2048 3072 ) (768 -2048 576 ) 
4 78 79 (768 -2048 576 ) (768 -2048 3072 ) (768 -1808 3072 ) (768 -1808 576 ) 
4 79 134 (0 -2048 448 ) (0 -2048 3072 ) (0 -1024 3072 ) (0 -1024 448 ) 
4 79 86 (0 -2048 576 ) (0 -2048 448 ) (768 -2048 448 ) (768 -2048 576 ) 
4 79 85 (0 -2048 3072 ) (0 -2048 576 ) (768 -2048 576 ) (768 -2048 3072 ) 
5 79 80 (768 -2048 448 ) (645.120483 -2048 448 ) (0 -1880 448 ) (0 -1024 448 ) (768 -1024 448 ) 
4 80 135 (0 -1880 448 ) (0 -1024 448 ) (0 -1024 -32 ) (0 -1880 -32 ) 
4 80 87 (645.120300 -2048 -32 ) (1024 -2048 -32 ) (1024 -2048 448 ) (645.120300 -2048 448 ) 
4 81 82 (2048 -2048 3072 ) (2048 -2048 576 ) (2048 -2112 576 ) (2048 -2112 3072 ) 
4 82 83 (1792 -2048 3072 ) (1792 -2048 576 ) (1792 -2112 576 ) (1792 -2112 3072 ) 
4 83 85 (1024 -2048 3072 ) (1024 -2048 576 ) (1024 -2112 576 ) (1024 -2112 3072 ) 
4 84 87 (1024 -2048 448 ) (1024 -2048 -32 ) (1024 -2080 -32 ) (1024 -2080 448 ) 
4 85 178 (0 -2112 576 ) (0 -2112 3072 ) (0 -2048 3072 ) (0 -2048 576 ) 
4 85 86 (768 -2112 576 ) (0 -2112 576 ) (0 -2048 576 ) (768 -2048 576 ) 
4 86 178 (0 -2112 448 ) (0 -2112 576 ) (0 -2048 576 ) (0 -2048 448 ) 
3 86 87 (645.120483 -2048 448 ) (768 -2048 448 ) (768 -2080 448 ) 
4 88 90 (0 1024 576 ) (0 1024 3072 ) (-1024 1024 3072 ) (-1024 1024 576 ) 
4 88 89 (-1024 1024 576 ) (-1024 1024 3072 ) (-1024 2048 3072 ) (-1024 2048 576 ) 
4 89 99 (-2048 1024 576 ) (-2048 1024 3072 ) (-2048 2048 3072 ) (-2048 2048 576 ) 
4 89 94 (-1024 1024 576 ) (-1024 1024 3072 ) (-2048 1024 3072 ) (-2048 1024 576 ) 
4 90 94 (-1024 1024 3072 ) (-1024 1024 576 ) (-1024 448 576 ) (-1024 448 3072 ) 
4 90 91 (-1024 448 3072 ) (-1024 448 576 ) (0 448 576 ) (0 448 3072 ) 
4 91 95 (-1024 192 384 ) (-1024 192 3072 ) (-1024 448 3072 ) (-1024 448 384 ) 
4 91 92 (0 192 384 ) (0 192 3072 ) (-1024 192 3072 ) (-1024 192 384 ) 
4 92 96 (-1024 192 3072 ) (-1024 192 384 ) (-1024 64 384 ) (-1024 64 3072 ) 
4 92 93 (0 64 384 ) (0 64 3072 ) (-1024 64 3072 ) (-1024 64 384 ) 
4 93 112 (0 0 -16 ) (0 0 352 ) (-1024 0 352 ) (-1024 0 -16 ) 
4 93 107 (-752 0 3072 ) (-784 0 3072 ) (-784 0 352 ) (-752 0 352 ) 
4 93 106 (0 0 352 ) (0 0 3072 ) (-752 0 3072 ) (-752 0 352 ) 
4 93 111 (-784 0 3072 ) (-1024 0 3072 ) (-1024 0 352 ) (-784 0 352 ) 
4 93 97 (-1024 0 -16 ) (-1024 0 3072 ) (-1024 64 3072 ) (-1024 64 -16 ) 
4 94 101 (-2048 448 576 ) (-2048 448 3072 ) (-2048 1024 3072 ) (-2048 1024 576 ) 
4 94 95 (-2048 448 3072 ) (-2048 448 576 ) (-1024 448 576 ) (-1024 448 3072 ) 
4 95 102 (-2048 192 384 ) (-2048 192 3072 ) (-2048 448 3072 ) (-2048 448 384 ) 
4 95 98 (-1792 192 3072 ) (-2048 192 3072 ) (-2048 192 384 ) (-1792 192 384 ) 
4 95 96 (-1024 192 384 ) (-1024 192 3072 ) (-1792 192 3072 ) (-1792 192 384 ) 
4 96 98 (-1792 192 3072 ) (-1792 192 384 ) (-1792 64 384 ) (-1792 64 3072 ) 
4 96 97 (-1792 64 3072 ) (-1792 64 384 ) (-1024 64 384 ) (-1024 64 3072 ) 
4 97 128 (-1024 0 -16 ) (-1024 0 2 ) (-1792 0 2 ) (-1792 0 -16 ) 
4 97 122 (-1024 0 2 ) (-1024 0 10 ) (-1792 0 10 ) (-1792 0 2 ) 
4 97 116 (-1776 0 3072 ) (-1792 0 3072 ) (-1792 0 10 ) (-1776 0 10 ) 
4 97 115 (-1024 0 10 ) (-1024 0 3072 ) (-1776 0 3072 ) (-1776 0 10 ) 
4 97 98 (-1792 64 -16 ) (-1792 0 -16 ) (-1792 0 3072 ) (-1792 64 3072 ) 
4 98 129 (-2048 0 2 ) (-2048 0 -16 ) (-1980 0 -16 ) (-1980 0 2 ) 
4 98 128 (-1980 0 -16 ) (-1792 0 -16 ) (-1792 0 2 ) (-1980 0 2 ) 
4 98 123 (-2048 0 10 ) (-2048 0 2 ) (-1980 0 2 ) (-1980 0 10 ) 
4 98 122 (-1980 0 2 ) (-1792 0 2 ) (-1792 0 10 ) (-1980 0 10 ) 
4 98 116 (-1808 0 10 ) (-1792 0 10 ) (-1792 0 3072 ) (-1808 0 3072 ) 
4 98 121 (-2048 0 3072 ) (-2048 0 10 ) (-1808 0 10 ) (-1808 0 3072 ) 
4 98 103 (-2048 0 -16 ) (-2048 0 3072 ) (-2048 192 3072 ) (-2048 192 -16 ) 
4 99 101 (-2048 1024 576 ) (-2048 1024 3072 ) (-3072 1024 3072 ) (-3072 1024 576 ) 
4 99 100 (-3072 1024 576 ) (-3072 1024 3072 ) (-3072 2048 3072 ) (-3072 2048 576 ) 
4 100 183 (-4096 1024 576 ) (-4096 1024 3072 ) (-4096 2048 3072 ) (-4096 2048 576 ) 
4 100 105 (-4096 1024 3072 ) (-4096 1024 576 ) (-3072 1024 576 ) (-3072 1024 3072 ) 
4 101 105 (-3072 1024 3072 ) (-3072 1024 576 ) (-3072 448 576 ) (-3072 448 3072 ) 
4 101 104 (-2304 448 3072 ) (-3072 448 3072 ) (-3072 448 576 ) (-2304 448 576 ) 
4 101 102 (-2048 448 576 ) (-2048 448 3072 ) (-2304 448 3072 ) (-2304 448 576 ) 
4 102 104 (-2304 448 3072 ) (-2304 448 576 ) (-2304 192 576 ) (-2304 192 3072 ) 
4 102 103 (-2304 192 3072 ) (-2304 192 384 ) (-2048 192 384 ) (-2048 192 3072 ) 
4 103 140 (-2048 0 -16 ) (-2048 0 448 ) (-2304 0 448 ) (-2304 0 -16 ) 
4 103 139 (-2048 0 448 ) (-2048 0 576 ) (-2304 0 576 ) (-2304 0 448 ) 
4 103 138 (-2048 0 576 ) (-2048 0 3072 ) (-2304 0 3072 ) (-2304 0 576 ) 
4 103 104 (-2304 0 576 ) (-2304 0 3072 ) (-2304 192 3072 ) (-2304 192 576 ) 
4 104 138 (-2304 0 576 ) (-2304 0 3072 ) (-3072 0 3072 ) (-3072 0 576 ) 
4 104 105 (-3072 0 576 ) (-3072 0 3072 ) (-3072 448 3072 ) (-3072 448 576 ) 
4 105 184 (-4096 0 576 ) (-4096 0 3072 ) (-4096 1024 3072 ) (-4096 1024 576 ) 
4 105 160 (-3072 0 576 ) (-3072 0 3072 ) (-4096 0 3072 ) (-4096 0 576 ) 
4 106 135 (0 -1024 352 ) (0 -1024 448 ) (-752 -1024 448 ) (-752 -1024 352 ) 
4 106 134 (0 -1024 448 ) (0 -1024 3072 ) (-752 -1024 3072 ) (-752 -1024 448 ) 
4 106 113 (0 -576 352 ) (0 -608 352 ) (-752 -608 352 ) (-752 -576 352 ) 
4 106 114 (0 -608 352 ) (0 -1024 352 ) (-752 -1024 352 ) (-752 -608 352 ) 
4 106 112 (-752 0 352 ) (0 0 352 ) (0 -576 352 ) (-752 -576 352 ) 
4 106 109 (-752 -64 352 ) (-752 -448 352 ) (-752 -448 384 ) (-752 -64 384 ) 
4 106 108 (-752 -448 384 ) (-752 -448 3072 ) (-752 -64 3072 ) (-752 -64 384 ) 
4 106 107 (-752 0 352 ) (-752 -64 352 ) (-752 -64 3072 ) (-752 0 3072 ) 
4 106 110 (-752 -448 352 ) (-752 -1024 352 ) (-752 -1024 3072 ) (-752 -448 3072 ) 
4 107 112 (-784 0 352 ) (-752 0 352 ) (-752 -64 352 ) (-784 -64 352 ) 
4 107 109 (-784 -64 384 ) (-784 -64 352 ) (-752 -64 352 ) (-752 -64 384 ) 
4 107 108 (-784 -64 3072 ) (-784 -64 384 ) (-752 -64 384 ) (-752 -64 3072 ) 
4 107 111 (-784 0 352 ) (-784 -64 352 ) (-784 -64 3072 ) (-784 0 3072 ) 
4 108 111 (-784 -448 384 ) (-784 -448 3072 ) (-784 -64 3072 ) (-784 -64 384 ) 
4 108 110 (-784 -448 3072 ) (-784 -448 384 ) (-752 -448 384 ) (-752 -448 3072 ) 
4 108 109 (-752 -448 384 ) (-784 -448 384 ) (-784 -64 384 ) (-752 -64 384 ) 
4 109 112 (-752 -64 352 ) (-752 -448 352 ) (-784 -448 352 ) (-784 -64 352 ) 
4 109 111 (-784 -64 352 ) (-784 -448 352 ) (-784 -448 384 ) (-784 -64 384 ) 
4 109 110 (-784 -448 384 ) (-784 -448 352 ) (-752 -448 352 ) (-752 -448 384 ) 
4 110 135 (-784 -1024 448 ) (-784 -1024 352 ) (-752 -1024 352 ) (-752 -1024 448 ) 
4 110 134 (-752 -1024 3072 ) (-784 -1024 3072 ) (-784 -1024 448 ) (-752 -1024 448 ) 
4 110 113 (-752 -576 352 ) (-752 -608 352 ) (-784 -608 352 ) (-784 -576 352 ) 
4 110 114 (-752 -608 352 ) (-752 -1024 352 ) (-784 -1024 352 ) (-784 -608 352 ) 
4 110 112 (-752 -448 352 ) (-752 -576 352 ) (-784 -576 352 ) (-784 -448 352 ) 
4 110 111 (-784 -448 352 ) (-784 -1024 352 ) (-784 -1024 3072 ) (-784 -448 3072 ) 
4 111 135 (-1024 -1024 448 ) (-1024 -1024 352 ) (-784 -1024 352 ) (-784 -1024 448 ) 
4 111 134 (-784 -1024 3072 ) (-1024 -1024 3072 ) (-1024 -1024 448 ) (-784 -1024 448 ) 
4 111 115 (-1024 -1024 352 ) (-1024 -1024 3072 ) (-1024 0 3072 ) (-1024 0 352 ) 
4 111 113 (-1024 -608 352 ) (-1024 -576 352 ) (-784 -576 352 ) (-784 -608 352 ) 
4 111 114 (-1024 -1024 352 ) (-1024 -608 352 ) (-784 -608 352 ) (-784 -1024 352 ) 
4 111 112 (-1024 -576 352 ) (-1024 0 352 ) (-784 0 352 ) (-784 -576 352 ) 
4 112 128 (-1024 0 2 ) (-1024 0 -16 ) (-1024 -576 -16 ) (-1024 -576 2 ) 
4 112 122 (-1024 0 10 ) (-1024 0 2 ) (-1024 -576 2 ) (-1024 -576 10 ) 
4 112 115 (-1024 -576 352 ) (-1024 0 352 ) (-1024 0 10 ) (-1024 -576 10 ) 
4 112 113 (0 -576 0 ) (0 -576 352 ) (-1024 -576 352 ) (-1024 -576 0 ) 
4 113 132 (-1024 -576 2 ) (-1024 -576 0 ) (-1024 -608 0 ) (-1024 -608 2 ) 
4 113 122 (-1024 -576 10 ) (-1024 -576 2 ) (-1024 -608 2 ) (-1024 -608 10 ) 
4 113 115 (-1024 -608 352 ) (-1024 -576 352 ) (-1024 -576 10 ) (-1024 -608 10 ) 
4 113 114 (0 -608 0 ) (0 -608 352 ) (-1024 -608 352 ) (-1024 -608 0 ) 
4 114 135 (0 -1024 -32 ) (0 -1024 352 ) (-1024 -1024 352 ) (-1024 -1024 -32 ) 
4 114 133 (-1024 -1024 -32 ) (-1024 -1024 2 ) (-1024 -608 2 ) (-1024 -608 -32 ) 
4 114 122 (-1024 -1024 2 ) (-1024 -1024 10 ) (-1024 -608 10 ) (-1024 -608 2 ) 
4 114 115 (-1024 -1024 10 ) (-1024 -1024 352 ) (-1024 -608 352 ) (-1024 -608 10 ) 
4 115 137 (-1024 -1024 10 ) (-1024 -1024 448 ) (-1776 -1024 448 ) (-1776 -1024 10 ) 
4 115 136 (-1024 -1024 448 ) (-1024 -1024 3072 ) (-1776 -1024 3072 ) (-1776 -1024 448 ) 
4 115 122 (-1024 -1024 10 ) (-1776 -1024 10 ) (-1776 0 10 ) (-1024 0 10 ) 
4 115 118 (-1776 -448 352 ) (-1776 -448 384 ) (-1776 -64 384 ) (-1776 -64 352 ) 
4 115 117 (-1776 -448 384 ) (-1776 -448 3072 ) (-1776 -64 3072 ) (-1776 -64 384 ) 
4 115 119 (-1776 -64 10 ) (-1776 -448 10 ) (-1776 -448 352 ) (-1776 -64 352 ) 
4 115 116 (-1776 0 10 ) (-1776 -64 10 ) (-1776 -64 3072 ) (-1776 0 3072 ) 
4 115 120 (-1776 -448 10 ) (-1776 -1024 10 ) (-1776 -1024 3072 ) (-1776 -448 3072 ) 
4 116 122 (-1808 -64 10 ) (-1808 0 10 ) (-1776 0 10 ) (-1776 -64 10 ) 
4 116 118 (-1808 -64 384 ) (-1808 -64 352 ) (-1776 -64 352 ) (-1776 -64 384 ) 
4 116 117 (-1808 -64 3072 ) (-1808 -64 384 ) (-1776 -64 384 ) (-1776 -64 3072 ) 
4 116 119 (-1808 -64 352 ) (-1808 -64 10 ) (-1776 -64 10 ) (-1776 -64 352 ) 
4 116 121 (-1808 0 10 ) (-1808 -64 10 ) (-1808 -64 3072 ) (-1808 0 3072 ) 
4 117 120 (-1808 -448 3072 ) (-1808 -448 384 ) (-1776 -448 384 ) (-1776 -448 3072 ) 
4 117 121 (-1808 -448 384 ) (-1808 -448 3072 ) (-1808 -64 3072 ) (-1808 -64 384 ) 
4 117 118 (-1776 -448 384 ) (-1808 -448 384 ) (-1808 -64 384 ) (-1776 -64 384 ) 
4 118 119 (-1776 -448 352 ) (-1808 -448 352 ) (-1808 -64 352 ) (-1776 -64 352 ) 
4 118 120 (-1808 -448 384 ) (-1808 -448 352 ) (-1776 -448 352 ) (-1776 -448 384 ) 
4 118 121 (-1808 -448 352 ) (-1808 -448 384 ) (-1808 -64 384 ) (-1808 -64 352 ) 
4 119 122 (-1808 -448 10 ) (-1808 -64 10 ) (-1776 -64 10 ) (-1776 -448 10 ) 
4 119 121 (-1808 -64 10 ) (-1808 -448 10 ) (-1808 -448 352 ) (-1808 -64 352 ) 
4 119 120 (-1808 -448 352 ) (-1808 -448 10 ) (-1776 -448 10 ) (-1776 -448 352 ) 
4 120 137 (-1808 -1024 448 ) (-1808 -1024 10 ) (-1776 -1024 10 ) (-1776 -1024 448 ) 
4 120 136 (-1776 -1024 3072 ) (-1808 -1024 3072 ) (-1808 -1024 448 ) (-1776 -1024 448 ) 
4 120 122 (-1776 -1024 10 ) (-1808 -1024 10 ) (-1808 -448 10 ) (-1776 -448 10 ) 
4 120 121 (-1808 -448 10 ) (-1808 -1024 10 ) (-1808 -1024 3072 ) (-1808 -448 3072 ) 
4 121 158 (-2048 -608 448 ) (-2048 -576 448 ) (-2048 -576 10 ) (-2048 -608 10 ) 
4 121 159 (-2048 -1024 10 ) (-2048 -1024 448 ) (-2048 -608 448 ) (-2048 -608 10 ) 
4 121 157 (-2048 -576 448 ) (-2048 -448 448 ) (-2048 -448 10 ) (-2048 -576 10 ) 
4 121 151 (-2048 -448 448 ) (-2048 -384 448 ) (-2048 -384 10 ) (-2048 -448 10 ) 
4 121 143 (-2048 -384 448 ) (-2048 -128 448 ) (-2048 -128 10 ) (-2048 -384 10 ) 
4 121 142 (-2048 -128 448 ) (-2048 -64 448 ) (-2048 -64 10 ) (-2048 -128 10 ) 
4 121 140 (-2048 -64 448 ) (-2048 0 448 ) (-2048 0 10 ) (-2048 -64 10 ) 
4 121 139 (-2048 -1024 448 ) (-2048 -1024 576 ) (-2048 0 576 ) (-2048 0 448 ) 
4 121 138 (-2048 -1024 576 ) (-2048 -1024 3072 ) (-2048 0 3072 ) (-2048 0 576 ) 
4 121 137 (-2048 -1024 448 ) (-2048 -1024 10 ) (-1808 -1024 10 ) (-1808 -1024 448 ) 
4 121 136 (-1808 -1024 3072 ) (-2048 -1024 3072 ) (-2048 -1024 448 ) (-1808 -1024 448 ) 
4 121 127 (-1980 -1024 10 ) (-2048 -1024 10 ) (-2048 -292 10 ) (-1980 -292 10 ) 
4 121 125 (-2048 -220 10 ) (-2048 -206 10 ) (-1980 -206 10 ) (-1980 -220 10 ) 
4 121 126 (-2048 -288 10 ) (-2048 -224 10 ) (-1980 -224 10 ) (-1980 -288 10 ) 
4 121 123 (-2048 -198 10 ) (-2048 0 10 ) (-1980 0 10 ) (-1980 -198 10 ) 
4 121 122 (-1808 -1024 10 ) (-1980 -1024 10 ) (-1980 0 10 ) (-1808 0 10 ) 
4 122 137 (-1024 -1024 2 ) (-1024 -1024 10 ) (-1980 -1024 10 ) (-1980 -1024 2 ) 
4 122 132 (-1024 -576 2 ) (-1024 -608 2 ) (-1980 -608 2 ) (-1980 -576 2 ) 
4 122 133 (-1024 -608 2 ) (-1024 -1024 2 ) (-1980 -1024 2 ) (-1980 -608 2 ) 
4 122 128 (-1980 0 2 ) (-1024 0 2 ) (-1024 -576 2 ) (-1980 -576 2 ) 
4 122 127 (-1980 -292 2 ) (-1980 -1024 2 ) (-1980 -1024 10 ) (-1980 -292 10 ) 
4 122 125 (-1980 -206 2 ) (-1980 -220 2 ) (-1980 -220 10 ) (-1980 -206 10 ) 
4 122 126 (-1980 -224 2 ) (-1980 -288 2 ) (-1980 -288 10 ) (-1980 -224 10 ) 
4 122 124 (-1980 -198 2 ) (-1980 -206 2 ) (-1980 -206 6 ) (-1980 -198 6 ) 
4 122 123 (-1980 0 2 ) (-1980 -198 2 ) (-1980 -198 10 ) (-1980 0 10 ) 
4 123 144 (-2048 -198 10 ) (-2048 -128 10 ) (-2048 -128 2 ) (-2048 -198 2 ) 
4 123 142 (-2048 -128 10 ) (-2048 -64 10 ) (-2048 -64 2 ) (-2048 -128 2 ) 
4 123 140 (-2048 -64 10 ) (-2048 0 10 ) (-2048 0 2 ) (-2048 -64 2 ) 
4 123 129 (-2048 0 2 ) (-1980 0 2 ) (-1980 -190 2 ) (-2048 -190 2 ) 
4 123 124 (-2048 -198 2 ) (-1980 -198 2 ) (-1980 -198 6 ) (-2048 -198 6 ) 
4 124 145 (-2048 -198 6 ) (-2048 -198 2 ) (-2048 -206 2 ) (-2048 -206 6 ) 
4 124 125 (-2048 -206 2 ) (-1980 -206 2 ) (-1980 -206 6 ) (-2048 -206 6 ) 
4 125 146 (-2048 -220 10 ) (-2048 -206 10 ) (-2048 -206 2 ) (-2048 -220 2 ) 
4 126 147 (-2048 -288 10 ) (-2048 -224 10 ) (-2048 -224 2 ) (-2048 -288 2 ) 
4 127 158 (-2048 -608 10 ) (-2048 -576 10 ) (-2048 -576 2 ) (-2048 -608 2 ) 
4 127 159 (-2048 -1024 2 ) (-2048 -1024 10 ) (-2048 -608 10 ) (-2048 -608 2 ) 
4 127 157 (-2048 -576 10 ) (-2048 -448 10 ) (-2048 -448 2 ) (-2048 -576 2 ) 
4 127 151 (-2048 -448 10 ) (-2048 -384 10 ) (-2048 -384 2 ) (-2048 -448 2 ) 
4 127 148 (-2048 -384 10 ) (-2048 -292 10 ) (-2048 -292 2 ) (-2048 -384 2 ) 
4 127 137 (-1980 -1024 10 ) (-2048 -1024 10 ) (-2048 -1024 2 ) (-1980 -1024 2 ) 
4 127 132 (-1980 -576 2 ) (-1980 -608 2 ) (-2048 -608 2 ) (-2048 -576 2 ) 
4 127 133 (-1980 -608 2 ) (-1980 -1024 2 ) (-2048 -1024 2 ) (-2048 -608 2 ) 
4 127 131 (-1980 -318 2 ) (-1980 -576 2 ) (-2048 -576 2 ) (-2048 -318 2 ) 
4 128 132 (-1024 -576 2 ) (-1980 -576 2 ) (-1980 -576 0 ) (-1024 -576 0 ) 
4 128 130 (-1980 -190 -16 ) (-1980 -318 -16 ) (-1980 -318 -2 ) (-1980 -190 -2 ) 
4 128 129 (-1980 0 -16 ) (-1980 -190 -16 ) (-1980 -190 2 ) (-1980 0 2 ) 
4 128 131 (-1980 -318 -16 ) (-1980 -576 -16 ) (-1980 -576 2 ) (-1980 -318 2 ) 
4 129 155 (-2048 -64 -2 ) (-2048 -64 -16 ) (-2048 -190 -16 ) (-2048 -190 -2 ) 
4 129 153 (-2048 -64 0 ) (-2048 -64 -2 ) (-2048 -190 -2 ) (-2048 -190 0 ) 
4 129 149 (-2048 -190 2 ) (-2048 -128 2 ) (-2048 -128 0 ) (-2048 -190 0 ) 
4 129 142 (-2048 -128 2 ) (-2048 -64 2 ) (-2048 -64 0 ) (-2048 -128 0 ) 
4 129 140 (-2048 -64 2 ) (-2048 0 2 ) (-2048 0 -16 ) (-2048 -64 -16 ) 
4 129 130 (-2048 -190 -16 ) (-1980 -190 -16 ) (-1980 -190 -2 ) (-2048 -190 -2 ) 
4 130 155 (-2048 -190 -2 ) (-2048 -190 -16 ) (-2048 -318 -16 ) (-2048 -318 -2 ) 
4 130 131 (-2048 -318 -16 ) (-1980 -318 -16 ) (-1980 -318 -2 ) (-2048 -318 -2 ) 
4 131 157 (-2048 -576 -16 ) (-2048 -576 2 ) (-2048 -448 2 ) (-2048 -448 -16 ) 
4 131 156 (-2048 -384 -16 ) (-2048 -448 -16 ) (-2048 -448 0 ) (-2048 -384 0 ) 
4 131 155 (-2048 -318 -2 ) (-2048 -318 -16 ) (-2048 -384 -16 ) (-2048 -384 -2 ) 
4 131 154 (-2048 -318 0 ) (-2048 -318 -2 ) (-2048 -384 -2 ) (-2048 -384 0 ) 
4 131 151 (-2048 -448 2 ) (-2048 -384 2 ) (-2048 -384 0 ) (-2048 -448 0 ) 
4 131 150 (-2048 -384 2 ) (-2048 -318 2 ) (-2048 -318 0 ) (-2048 -384 0 ) 
4 131 132 (-1980 -576 2 ) (-2048 -576 2 ) (-2048 -576 0 ) (-1980 -576 0 ) 
4 132 158 (-2048 -608 2 ) (-2048 -576 2 ) (-2048 -576 0 ) (-2048 -608 0 ) 
4 132 133 (-1024 -608 0 ) (-1024 -608 2 ) (-2048 -608 2 ) (-2048 -608 0 ) 
4 133 159 (-2048 -1024 -32 ) (-2048 -1024 2 ) (-2048 -608 2 ) (-2048 -608 -32 ) 
4 133 137 (-1024 -1024 -32 ) (-1024 -1024 2 ) (-2048 -1024 2 ) (-2048 -1024 -32 ) 
4 134 178 (0 -2048 448 ) (0 -2048 3072 ) (-1024 -2048 3072 ) (-1024 -2048 448 ) 
4 134 136 (-1024 -1024 3072 ) (-1024 -1024 448 ) (-1024 -2048 448 ) (-1024 -2048 3072 ) 
4 134 135 (-1024 -1613.333252 448 ) (-1024 -1024 448 ) (0 -1024 448 ) (0 -1880 448 ) 
4 135 137 (-1024 -1024 448 ) (-1024 -1024 -32 ) (-1024 -1613.333252 -32 ) (-1024 -1613.333252 448 ) 
4 136 179 (-1024 -2048 448 ) (-1024 -2048 3072 ) (-2048 -2048 3072 ) (-2048 -2048 448 ) 
4 136 175 (-2048 -2048 448 ) (-2048 -2048 576 ) (-2048 -1024 576 ) (-2048 -1024 448 ) 
4 136 174 (-2048 -2048 576 ) (-2048 -2048 3072 ) (-2048 -1024 3072 ) (-2048 -1024 576 ) 
4 136 137 (-1024 -1024 448 ) (-1024 -1613.333252 448 ) (-2048 -1346.666504 448 ) (-2048 -1024 448 ) 
4 137 176 (-2048 -1346.666504 448 ) (-2048 -1024 448 ) (-2048 -1024 -32 ) (-2048 -1346.666504 -32 ) 
4 138 174 (-2048 -1024 576 ) (-2048 -1024 3072 ) (-3072 -1024 3072 ) (-3072 -1024 576 ) 
4 138 160 (-3072 -1024 576 ) (-3072 -1024 3072 ) (-3072 0 3072 ) (-3072 0 576 ) 
4 138 139 (-2304 0 576 ) (-2048 0 576 ) (-2048 -1024 576 ) (-2304 -1024 576 ) 
4 139 175 (-2048 -1024 448 ) (-2048 -1024 576 ) (-2304 -1024 576 ) (-2304 -1024 448 ) 
4 139 158 (-2304 -608 448 ) (-2304 -576 448 ) (-2048 -576 448 ) (-2048 -608 448 ) 
4 139 159 (-2048 -1024 448 ) (-2304 -1024 448 ) (-2304 -608 448 ) (-2048 -608 448 ) 
4 139 157 (-2304 -576 448 ) (-2304 -448 448 ) (-2048 -448 448 ) (-2048 -576 448 ) 
4 139 151 (-2304 -448 448 ) (-2304 -384 448 ) (-2048 -384 448 ) (-2048 -448 448 ) 
4 139 143 (-2304 -384 448 ) (-2304 -128 448 ) (-2048 -128 448 ) (-2048 -384 448 ) 
4 139 142 (-2304 -128 448 ) (-2304 -64 448 ) (-2048 -64 448 ) (-2048 -128 448 ) 
4 139 140 (-2304 -64 448 ) (-2304 0 448 ) (-2048 0 448 ) (-2048 -64 448 ) 
4 140 155 (-2048 -64 -16 ) (-2048 -64 -2 ) (-2304 -64 -2 ) (-2304 -64 -16 ) 
4 140 153 (-2048 -64 -2 ) (-2048 -64 0 ) (-2304 -64 0 ) (-2304 -64 -2 ) 
4 140 142 (-2048 -64 0 ) (-2048 -64 448 ) (-2304 -64 448 ) (-2304 -64 0 ) 
4 141 170 (-3072 -64 2 ) (-3072 -64 0 ) (-3072 -128 0 ) (-3072 -128 2 ) 
4 141 161 (-3072 -128 448 ) (-3072 -64 448 ) (-3072 -64 2 ) (-3072 -128 2 ) 
4 141 149 (-3072 -128 0 ) (-2752 -128 0 ) (-2752 -128 2 ) (-3072 -128 2 ) 
4 141 144 (-2752 -128 2 ) (-2752 -128 10 ) (-3072 -128 10 ) (-3072 -128 2 ) 
4 141 143 (-2752 -128 10 ) (-2752 -128 448 ) (-3072 -128 448 ) (-3072 -128 10 ) 
4 142 153 (-2304 -64 0 ) (-2048 -64 0 ) (-2048 -128 0 ) (-2304 -128 0 ) 
4 142 149 (-2368 -128 0 ) (-2048 -128 0 ) (-2048 -128 2 ) (-2368 -128 2 ) 
4 142 144 (-2048 -128 2 ) (-2048 -128 10 ) (-2368 -128 10 ) (-2368 -128 2 ) 
4 142 143 (-2048 -128 10 ) (-2048 -128 448 ) (-2368 -128 448 ) (-2368 -128 10 ) 
4 143 167 (-3072 -292 448 ) (-3072 -288 448 ) (-3072 -288 10 ) (-3072 -292 10 ) 
4 143 168 (-3072 -384 448 ) (-3072 -292 448 ) (-3072 -292 10 ) (-3072 -384 10 ) 
4 143 162 (-3072 -288 448 ) (-3072 -128 448 ) (-3072 -128 10 ) (-3072 -288 10 ) 
4 143 152 (-2752 -384 448 ) (-3072 -384 448 ) (-3072 -384 10 ) (-2752 -384 10 ) 
4 143 151 (-2048 -384 10 ) (-2048 -384 448 ) (-2368 -384 448 ) (-2368 -384 10 ) 
4 143 148 (-2048 -384 10 ) (-3072 -384 10 ) (-3072 -292 10 ) (-2048 -292 10 ) 
4 143 146 (-3072 -220 10 ) (-3072 -206 10 ) (-2048 -206 10 ) (-2048 -220 10 ) 
4 143 147 (-3072 -288 10 ) (-3072 -224 10 ) (-2048 -224 10 ) (-2048 -288 10 ) 
4 143 144 (-3072 -198 10 ) (-3072 -128 10 ) (-2048 -128 10 ) (-2048 -198 10 ) 
4 144 163 (-3072 -128 10 ) (-3072 -128 2 ) (-3072 -198 2 ) (-3072 -198 10 ) 
4 144 149 (-3072 -190 2 ) (-3072 -128 2 ) (-2048 -128 2 ) (-2048 -190 2 ) 
4 144 145 (-3072 -198 2 ) (-2048 -198 2 ) (-2048 -198 6 ) (-3072 -198 6 ) 
4 145 164 (-3072 -198 2 ) (-3072 -206 2 ) (-3072 -206 6 ) (-3072 -198 6 ) 
4 145 146 (-3072 -206 2 ) (-2048 -206 2 ) (-2048 -206 6 ) (-3072 -206 6 ) 
4 146 165 (-3072 -206 2 ) (-3072 -220 2 ) (-3072 -220 10 ) (-3072 -206 10 ) 
4 147 166 (-3072 -224 2 ) (-3072 -288 2 ) (-3072 -288 10 ) (-3072 -224 10 ) 
4 148 168 (-3072 -292 2 ) (-3072 -384 2 ) (-3072 -384 10 ) (-3072 -292 10 ) 
4 148 152 (-2752 -384 10 ) (-3072 -384 10 ) (-3072 -384 2 ) (-2752 -384 2 ) 
4 148 151 (-2048 -384 2 ) (-2048 -384 10 ) (-2368 -384 10 ) (-2368 -384 2 ) 
4 148 150 (-2048 -384 2 ) (-3072 -384 2 ) (-3072 -318 2 ) (-2048 -318 2 ) 
4 149 171 (-3072 -128 2 ) (-3072 -128 0 ) (-3072 -190 0 ) (-3072 -190 2 ) 
4 149 153 (-2304 -128 0 ) (-2048 -128 0 ) (-2048 -190 0 ) (-2304 -190 0 ) 
4 150 172 (-3072 -318 0 ) (-3072 -384 0 ) (-3072 -384 2 ) (-3072 -318 2 ) 
4 150 154 (-2304 -318 0 ) (-2048 -318 0 ) (-2048 -384 0 ) (-2304 -384 0 ) 
4 150 152 (-3072 -384 0 ) (-2752 -384 0 ) (-2752 -384 2 ) (-3072 -384 2 ) 
4 150 151 (-2368 -384 0 ) (-2048 -384 0 ) (-2048 -384 2 ) (-2368 -384 2 ) 
4 151 157 (-2048 -448 448 ) (-2304 -448 448 ) (-2304 -448 0 ) (-2048 -448 0 ) 
4 151 156 (-2048 -448 0 ) (-2304 -448 0 ) (-2304 -384 0 ) (-2048 -384 0 ) 
4 152 173 (-3072 -448 0 ) (-3072 -448 2 ) (-3072 -384 2 ) (-3072 -384 0 ) 
4 152 169 (-3072 -448 2 ) (-3072 -448 448 ) (-3072 -384 448 ) (-3072 -384 2 ) 
4 153 155 (-2304 -64 -2 ) (-2048 -64 -2 ) (-2048 -190 -2 ) (-2304 -190 -2 ) 
4 154 156 (-2048 -384 -2 ) (-2048 -384 0 ) (-2304 -384 0 ) (-2304 -384 -2 ) 
4 154 155 (-2048 -384 -2 ) (-2304 -384 -2 ) (-2304 -318 -2 ) (-2048 -318 -2 ) 
4 155 156 (-2048 -384 -16 ) (-2048 -384 -2 ) (-2304 -384 -2 ) (-2304 -384 -16 ) 
4 156 157 (-2048 -448 -16 ) (-2048 -448 0 ) (-2304 -448 0 ) (-2304 -448 -16 ) 
4 157 158 (-2304 -576 448 ) (-2304 -576 0 ) (-2048 -576 0 ) (-2048 -576 448 ) 
4 158 159 (-2304 -608 448 ) (-2304 -608 0 ) (-2048 -608 0 ) (-2048 -608 448 ) 
4 159 176 (-2048 -1024 -32 ) (-2048 -1024 448 ) (-2304 -1024 448 ) (-2304 -1024 -32 ) 
4 160 185 (-4096 -1024 576 ) (-4096 -1024 3072 ) (-4096 0 3072 ) (-4096 0 576 ) 
4 160 177 (-4096 -1024 3072 ) (-4096 -1024 576 ) (-3072 -1024 576 ) (-3072 -1024 3072 ) 
4 161 170 (-3840 -64 2 ) (-3072 -64 2 ) (-3072 -128 2 ) (-3904 -128 2 ) 
4 161 163 (-3904 -128 2 ) (-3072 -128 2 ) (-3072 -128 10 ) (-3904 -128 10 ) 
4 161 162 (-3072 -128 10 ) (-3072 -128 448 ) (-3904 -128 448 ) (-3904 -128 10 ) 
4 162 187 (-4096 -288 448 ) (-4096 -128 448 ) (-4096 -128 10 ) (-4096 -288 10 ) 
4 162 167 (-3072 -288 10 ) (-3072 -288 448 ) (-4096 -288 448 ) (-4096 -288 10 ) 
4 162 165 (-4096 -220 10 ) (-4096 -206 10 ) (-3072 -206 10 ) (-3072 -220 10 ) 
4 162 166 (-3072 -288 10 ) (-4096 -288 10 ) (-4096 -224 10 ) (-3072 -224 10 ) 
4 162 163 (-4096 -198 10 ) (-4096 -128 10 ) (-3072 -128 10 ) (-3072 -198 10 ) 
4 163 188 (-4096 -128 10 ) (-4096 -128 2 ) (-4096 -198 2 ) (-4096 -198 10 ) 
4 163 171 (-4096 -190 2 ) (-4096 -128 2 ) (-3072 -128 2 ) (-3072 -190 2 ) 
4 163 164 (-4096 -198 2 ) (-3072 -198 2 ) (-3072 -198 6 ) (-4096 -198 6 ) 
4 164 189 (-4096 -198 2 ) (-4096 -206 2 ) (-4096 -206 6 ) (-4096 -198 6 ) 
4 164 165 (-4096 -206 2 ) (-3072 -206 2 ) (-3072 -206 6 ) (-4096 -206 6 ) 
4 165 190 (-4096 -206 2 ) (-4096 -220 2 ) (-4096 -220 10 ) (-4096 -206 10 ) 
4 166 191 (-4096 -224 2 ) (-4096 -288 2 ) (-4096 -288 10 ) (-4096 -224 10 ) 
4 167 187 (-4096 -292 448 ) (-4096 -288 448 ) (-4096 -288 10 ) (-4096 -292 10 ) 
4 167 168 (-3072 -292 10 ) (-3072 -292 448 ) (-4096 -292 448 ) (-4096 -292 10 ) 
4 168 192 (-4096 -292 10 ) (-4096 -292 2 ) (-4096 -384 2 ) (-4096 -384 10 ) 
4 168 187 (-4096 -384 448 ) (-4096 -292 448 ) (-4096 -292 10 ) (-4096 -384 10 ) 
4 168 172 (-4096 -384 2 ) (-4096 -318 2 ) (-3072 -318 2 ) (-3072 -384 2 ) 
4 168 169 (-3904 -384 2 ) (-3072 -384 2 ) (-3072 -384 448 ) (-3904 -384 448 ) 
4 169 173 (-3072 -448 2 ) (-3840 -448 2 ) (-3904 -384 2 ) (-3072 -384 2 ) 
4 170 171 (-3904 -128 0 ) (-3072 -128 0 ) (-3072 -128 2 ) (-3904 -128 2 ) 
4 171 193 (-4096 -190 2 ) (-4096 -128 2 ) (-4096 -128 0 ) (-4096 -190 0 ) 
4 172 194 (-4096 -384 2 ) (-4096 -318 2 ) (-4096 -318 0 ) (-4096 -384 0 ) 
4 172 173 (-3904 -384 0 ) (-3072 -384 0 ) (-3072 -384 2 ) (-3904 -384 2 ) 
4 174 180 (-2048 -2048 576 ) (-2048 -2048 3072 ) (-3072 -2048 3072 ) (-3072 -2048 576 ) 
4 174 177 (-3072 -1024 3072 ) (-3072 -1024 576 ) (-3072 -2048 576 ) (-3072 -2048 3072 ) 
4 174 175 (-2048 -2048 576 ) (-2304 -2048 576 ) (-2304 -1024 576 ) (-2048 -1024 576 ) 
4 175 181 (-2048 -2048 448 ) (-2048 -2048 576 ) (-2304 -2048 576 ) (-2304 -2048 448 ) 
4 175 176 (-2304 -1024 448 ) (-2048 -1024 448 ) (-2048 -1346.666504 448 ) (-2304 -1280 448 ) 
4 177 212 (-4096 -2048 576 ) (-4096 -2048 3072 ) (-4096 -1024 3072 ) (-4096 -1024 576 ) 
4 177 182 (-4096 -2048 3072 ) (-4096 -2048 576 ) (-3072 -2048 576 ) (-3072 -2048 3072 ) 
4 178 179 (-1024 -2048 3072 ) (-1024 -2048 448 ) (-1024 -2112 448 ) (-1024 -2112 3072 ) 
4 179 181 (-2048 -2048 576 ) (-2048 -2048 448 ) (-2048 -2112 448 ) (-2048 -2112 576 ) 
4 179 180 (-2048 -2048 3072 ) (-2048 -2048 576 ) (-2048 -2112 576 ) (-2048 -2112 3072 ) 
4 180 182 (-3072 -2048 3072 ) (-3072 -2048 576 ) (-3072 -2112 576 ) (-3072 -2112 3072 ) 
4 180 181 (-2048 -2112 576 ) (-2304 -2112 576 ) (-2304 -2048 576 ) (-2048 -2048 576 ) 
4 182 213 (-4096 -2112 576 ) (-4096 -2112 3072 ) (-4096 -2048 3072 ) (-4096 -2048 576 ) 
4 183 184 (-4096 1024 576 ) (-4096 1024 3072 ) (-5120 1024 3072 ) (-5120 1024 576 ) 
4 184 185 (-4096 0 576 ) (-4096 0 3072 ) (-5120 0 3072 ) (-5120 0 576 ) 
4 185 212 (-4096 -1024 576 ) (-4096 -1024 3072 ) (-5120 -1024 3072 ) (-5120 -1024 576 ) 
4 186 207 (-5120 -64 2 ) (-5120 -64 0 ) (-5120 -128 0 ) (-5120 -128 2 ) 
4 186 200 (-5120 -64 10 ) (-5120 -64 2 ) (-5120 -128 2 ) (-5120 -128 10 ) 
4 186 197 (-5120 -128 448 ) (-5120 -64 448 ) (-5120 -64 10 ) (-5120 -128 10 ) 
4 186 193 (-5120 -128 0 ) (-4288 -128 0 ) (-4288 -128 2 ) (-5120 -128 2 ) 
4 186 188 (-4288 -128 2 ) (-4288 -128 10 ) (-5120 -128 10 ) (-5120 -128 2 ) 
4 186 187 (-4288 -128 10 ) (-4288 -128 448 ) (-5120 -128 448 ) (-5120 -128 10 ) 
4 187 198 (-5120 -384 10 ) (-5120 -384 448 ) (-5120 -128 448 ) (-5120 -128 10 ) 
4 187 195 (-4288 -384 448 ) (-5120 -384 448 ) (-5120 -384 10 ) (-4288 -384 10 ) 
4 187 192 (-4096 -384 10 ) (-5120 -384 10 ) (-5120 -292 10 ) (-4096 -292 10 ) 
4 187 190 (-5120 -220 10 ) (-5120 -206 10 ) (-4096 -206 10 ) (-4096 -220 10 ) 
4 187 191 (-5120 -288 10 ) (-5120 -224 10 ) (-4096 -224 10 ) (-4096 -288 10 ) 
4 187 188 (-5120 -198 10 ) (-5120 -128 10 ) (-4096 -128 10 ) (-4096 -198 10 ) 
4 188 201 (-5120 -198 10 ) (-5120 -128 10 ) (-5120 -128 2 ) (-5120 -198 2 ) 
4 188 193 (-5120 -190 2 ) (-5120 -128 2 ) (-4096 -128 2 ) (-4096 -190 2 ) 
4 188 189 (-5120 -198 2 ) (-4096 -198 2 ) (-4096 -198 6 ) (-5120 -198 6 ) 
4 189 202 (-5120 -198 6 ) (-5120 -198 2 ) (-5120 -206 2 ) (-5120 -206 6 ) 
4 189 190 (-5120 -206 2 ) (-4096 -206 2 ) (-4096 -206 6 ) (-5120 -206 6 ) 
4 190 203 (-5120 -220 10 ) (-5120 -206 10 ) (-5120 -206 2 ) (-5120 -220 2 ) 
4 191 204 (-5120 -288 10 ) (-5120 -224 10 ) (-5120 -224 2 ) (-5120 -288 2 ) 
4 192 205 (-5120 -384 2 ) (-5120 -384 10 ) (-5120 -292 10 ) (-5120 -292 2 ) 
4 192 195 (-4288 -384 10 ) (-5120 -384 10 ) (-5120 -384 2 ) (-4288 -384 2 ) 
4 192 194 (-4096 -384 2 ) (-5120 -384 2 ) (-5120 -318 2 ) (-4096 -318 2 ) 
4 193 208 (-5120 -190 2 ) (-5120 -128 2 ) (-5120 -128 0 ) (-5120 -190 0 ) 
4 194 209 (-5120 -384 0 ) (-5120 -384 2 ) (-5120 -318 2 ) (-5120 -318 0 ) 
4 194 195 (-4288 -384 2 ) (-5120 -384 2 ) (-5120 -384 0 ) (-4288 -384 0 ) 
4 195 211 (-5120 -448 0 ) (-5120 -448 448 ) (-5120 -384 448 ) (-5120 -384 0 ) 
4 196 214 (-6144 -128 448 ) (-6144 -64 448 ) (-6144 -64 10 ) (-6144 -128 10 ) 
4 196 199 (-6144 -128 10 ) (-6144 -64 10 ) (-5888 -64 10 ) (-5824 -128 10 ) 
4 196 198 (-6144 -128 10 ) (-5824 -128 10 ) (-5824 -128 448 ) (-6144 -128 448 ) 
4 197 200 (-5376 -64 10 ) (-5120 -64 10 ) (-5120 -128 10 ) (-5440 -128 10 ) 
4 197 198 (-5440 -128 10 ) (-5120 -128 10 ) (-5120 -128 448 ) (-5440 -128 448 ) 
4 198 214 (-6144 -384 10 ) (-6144 -384 448 ) (-6144 -128 448 ) (-6144 -128 10 ) 
4 198 211 (-5120 -384 10 ) (-5120 -384 448 ) (-5440 -384 448 ) (-5440 -384 10 ) 
4 198 210 (-5824 -384 448 ) (-6144 -384 448 ) (-6144 -384 10 ) (-5824 -384 10 ) 
4 198 205 (-5120 -384 10 ) (-6144 -384 10 ) (-6144 -292 10 ) (-5120 -292 10 ) 
4 198 203 (-6144 -220 10 ) (-6144 -206 10 ) (-5120 -206 10 ) (-5120 -220 10 ) 
4 198 204 (-6144 -288 10 ) (-6144 -224 10 ) (-5120 -224 10 ) (-5120 -288 10 ) 
4 198 201 (-6144 -198 10 ) (-6144 -128 10 ) (-5120 -128 10 ) (-5120 -198 10 ) 
4 199 215 (-6144 -128 10 ) (-6144 -64 10 ) (-6144 -64 2 ) (-6144 -128 2 ) 
4 199 206 (-6144 -128 2 ) (-6144 -64 2 ) (-5888 -64 2 ) (-5824 -128 2 ) 
4 199 201 (-6144 -128 2 ) (-5824 -128 2 ) (-5824 -128 10 ) (-6144 -128 10 ) 
4 200 207 (-5376 -64 2 ) (-5120 -64 2 ) (-5120 -128 2 ) (-5440 -128 2 ) 
4 200 201 (-5440 -128 2 ) (-5120 -128 2 ) (-5120 -128 10 ) (-5440 -128 10 ) 
4 201 215 (-6144 -198 10 ) (-6144 -128 10 ) (-6144 -128 2 ) (-6144 -198 2 ) 
4 201 208 (-6144 -190 2 ) (-6144 -128 2 ) (-5120 -128 2 ) (-5120 -190 2 ) 
4 201 202 (-6144 -198 2 ) (-5120 -198 2 ) (-5120 -198 6 ) (-6144 -198 6 ) 
4 202 216 (-6144 -198 6 ) (-6144 -198 2 ) (-6144 -206 2 ) (-6144 -206 6 ) 
4 202 203 (-6144 -206 2 ) (-5120 -206 2 ) (-5120 -206 6 ) (-6144 -206 6 ) 
4 203 217 (-6144 -220 10 ) (-6144 -206 10 ) (-6144 -206 2 ) (-6144 -220 2 ) 
4 204 218 (-6144 -288 10 ) (-6144 -224 10 ) (-6144 -224 2 ) (-6144 -288 2 ) 
4 205 219 (-6144 -384 2 ) (-6144 -384 10 ) (-6144 -292 10 ) (-6144 -292 2 ) 
4 205 211 (-5120 -384 2 ) (-5120 -384 10 ) (-5440 -384 10 ) (-5440 -384 2 ) 
4 205 210 (-5824 -384 10 ) (-6144 -384 10 ) (-6144 -384 2 ) (-5824 -384 2 ) 
4 205 209 (-5120 -384 2 ) (-6144 -384 2 ) (-6144 -318 2 ) (-5120 -318 2 ) 
4 206 220 (-6144 -128 2 ) (-6144 -64 2 ) (-6144 -64 0 ) (-6144 -128 0 ) 
4 206 208 (-6144 -128 0 ) (-5824 -128 0 ) (-5824 -128 2 ) (-6144 -128 2 ) 
4 207 208 (-5440 -128 0 ) (-5120 -128 0 ) (-5120 -128 2 ) (-5440 -128 2 ) 
4 208 220 (-6144 -190 2 ) (-6144 -128 2 ) (-6144 -128 0 ) (-6144 -190 0 ) 
4 209 221 (-6144 -384 0 ) (-6144 -384 2 ) (-6144 -318 2 ) (-6144 -318 0 ) 
4 209 211 (-5120 -384 0 ) (-5120 -384 2 ) (-5440 -384 2 ) (-5440 -384 0 ) 
4 209 210 (-5824 -384 2 ) (-6144 -384 2 ) (-6144 -384 0 ) (-5824 -384 0 ) 
4 210 221 (-6144 -448 0 ) (-6144 -448 2 ) (-6144 -384 2 ) (-6144 -384 0 ) 
4 210 219 (-6144 -448 2 ) (-6144 -448 10 ) (-6144 -384 10 ) (-6144 -384 2 ) 
4 210 214 (-6144 -448 10 ) (-6144 -448 448 ) (-6144 -384 448 ) (-6144 -384 10 ) 
4 212 213 (-4096 -2048 576 ) (-4096 -2048 3072 ) (-5120 -2048 3072 ) (-5120 -2048 576 ) 
4 214 334 (-7168 -448 10 ) (-7168 -448 42 ) (-7168 -328 42 ) (-7168 -328 10 ) 
4 214 330 (-7168 -328 42 ) (-7168 -320 42 ) (-7168 -320 14 ) (-7168 -328 14 ) 
4 214 332 (-7168 -320 14 ) (-7168 -320 10 ) (-7168 -328 10 ) (-7168 -328 14 ) 
4 214 328 (-7168 -192 14 ) (-7168 -192 10 ) (-7168 -320 10 ) (-7168 -320 14 ) 
4 214 324 (-7168 -320 42 ) (-7168 -192 42 ) (-7168 -192 14 ) (-7168 -320 14 ) 
4 214 313 (-7168 -192 42 ) (-7168 -184 42 ) (-7168 -184 14 ) (-7168 -192 14 ) 
4 214 314 (-7168 -184 14 ) (-7168 -184 10 ) (-7168 -192 10 ) (-7168 -192 14 ) 
4 214 311 (-7168 -184 42 ) (-7168 -64 42 ) (-7168 -64 10 ) (-7168 -184 10 ) 
4 214 293 (-7168 -304 62 ) (-7168 -304 42 ) (-7168 -328 42 ) (-7168 -328 62 ) 
4 214 292 (-7168 -328 90 ) (-7168 -304 90 ) (-7168 -304 62 ) (-7168 -328 62 ) 
4 214 295 (-7168 -448 42 ) (-7168 -448 90 ) (-7168 -328 90 ) (-7168 -328 42 ) 
4 214 291 (-7168 -302 62 ) (-7168 -302 42 ) (-7168 -304 42 ) (-7168 -304 62 ) 
4 214 289 (-7168 -304 90 ) (-7168 -302 90 ) (-7168 -302 62 ) (-7168 -304 62 ) 
4 214 281 (-7168 -210 62 ) (-7168 -210 42 ) (-7168 -302 42 ) (-7168 -302 62 ) 
4 214 277 (-7168 -302 90 ) (-7168 -210 90 ) (-7168 -210 62 ) (-7168 -302 62 ) 
4 214 275 (-7168 -208 62 ) (-7168 -208 42 ) (-7168 -210 42 ) (-7168 -210 62 ) 
4 214 274 (-7168 -210 90 ) (-7168 -208 90 ) (-7168 -208 62 ) (-7168 -210 62 ) 
4 214 273 (-7168 -184 62 ) (-7168 -184 42 ) (-7168 -208 42 ) (-7168 -208 62 ) 
4 214 271 (-7168 -208 90 ) (-7168 -184 90 ) (-7168 -184 62 ) (-7168 -208 62 ) 
4 214 270 (-7168 -184 90 ) (-7168 -64 90 ) (-7168 -64 42 ) (-7168 -184 42 ) 
4 214 238 (-7168 -448 90 ) (-7168 -448 122 ) (-7168 -294 122 ) (-7168 -294 90 ) 
4 214 231 (-7168 -294 122 ) (-7168 -218 122 ) (-7168 -218 90 ) (-7168 -294 90 ) 
4 214 230 (-7168 -218 122 ) (-7168 -64 122 ) (-7168 -64 90 ) (-7168 -218 90 ) 
4 214 224 (-7168 -208 126 ) (-7168 -208 122 ) (-7168 -304 122 ) (-7168 -304 126 ) 
4 214 223 (-7168 -304 448 ) (-7168 -208 448 ) (-7168 -208 126 ) (-7168 -304 126 ) 
4 214 222 (-7168 -208 448 ) (-7168 -64 448 ) (-7168 -64 122 ) (-7168 -208 122 ) 
4 214 228 (-7168 -448 122 ) (-7168 -448 448 ) (-7168 -304 448 ) (-7168 -304 122 ) 
4 214 219 (-6144 -448 10 ) (-7168 -448 10 ) (-7168 -292 10 ) (-6144 -292 10 ) 
4 214 217 (-7168 -220 10 ) (-7168 -206 10 ) (-6144 -206 10 ) (-6144 -220 10 ) 
4 214 218 (-7168 -288 10 ) (-7168 -224 10 ) (-6144 -224 10 ) (-6144 -288 10 ) 
4 214 215 (-7168 -198 10 ) (-7168 -64 10 ) (-6144 -64 10 ) (-6144 -198 10 ) 
4 215 335 (-7168 -198 10 ) (-7168 -64 10 ) (-7168 -64 2 ) (-7168 -198 2 ) 
4 215 220 (-7168 -190 2 ) (-7168 -64 2 ) (-6144 -64 2 ) (-6144 -190 2 ) 
4 215 216 (-7168 -198 2 ) (-6144 -198 2 ) (-6144 -198 6 ) (-7168 -198 6 ) 
4 216 336 (-7168 -198 6 ) (-7168 -198 2 ) (-7168 -206 2 ) (-7168 -206 6 ) 
4 216 217 (-7168 -206 2 ) (-6144 -206 2 ) (-6144 -206 6 ) (-7168 -206 6 ) 
4 217 337 (-7168 -220 10 ) (-7168 -206 10 ) (-7168 -206 2 ) (-7168 -220 2 ) 
4 218 338 (-7168 -288 10 ) (-7168 -224 10 ) (-7168 -224 2 ) (-7168 -288 2 ) 
4 219 339 (-7168 -448 2 ) (-7168 -448 10 ) (-7168 -292 10 ) (-7168 -292 2 ) 
4 219 221 (-6144 -448 2 ) (-7168 -448 2 ) (-7168 -318 2 ) (-6144 -318 2 ) 
4 220 341 (-7168 -190 2 ) (-7168 -64 2 ) (-7168 -64 0 ) (-7168 -190 0 ) 
4 221 342 (-7168 -448 0 ) (-7168 -448 2 ) (-7168 -318 2 ) (-7168 -318 0 ) 
4 222 257 (-7840 -160 122 ) (-7840 -174.500015 122 ) (-7840 -208 148.799988 ) (-7840 -208 154 ) 
3 222 254 (-7840 -206.800003 122 ) (-7840 -208 122 ) (-7840 -208 125 ) 
4 222 253 (-7840 -174.500015 122 ) (-7840 -204.444458 122 ) (-7840 -208 131.142838 ) (-7840 -208 148.799988 ) 
5 222 252 (-7840 -64 168 ) (-7840 -64 122 ) (-7840 -160 122 ) (-7840 -208 154 ) (-7840 -208 168 ) 
4 222 251 (-7840 -64 170 ) (-7840 -64 168 ) (-7840 -208 168 ) (-7840 -208 170 ) 
4 222 248 (-7840 -64 448 ) (-7840 -64 170 ) (-7840 -208 170 ) (-7840 -208 448 ) 
4 222 243 (-7750 -64 122 ) (-7706 -64 122 ) (-7706 -208 122 ) (-7750 -208 122 ) 
4 222 239 (-7794 -64 122 ) (-7750 -64 122 ) (-7750 -208 122 ) (-7794 -208 122 ) 
4 222 242 (-7840 -208 122 ) (-7840 -64 122 ) (-7794 -64 122 ) (-7794 -208 122 ) 
4 222 230 (-7706 -64 122 ) (-7168 -64 122 ) (-7168 -208 122 ) (-7706 -208 122 ) 
4 222 226 (-7706 -208 122 ) (-7697.578613 -208 122 ) (-7697.578613 -208 126 ) (-7706 -208 126 ) 
4 222 225 (-7697.578613 -208 122 ) (-7682.420898 -208 122 ) (-7682.420898 -208 126 ) (-7697.578613 -208 126 ) 
4 222 224 (-7682.420898 -208 122 ) (-7168 -208 122 ) (-7168 -208 126 ) (-7682.420898 -208 126 ) 
4 222 223 (-7840 -208 448 ) (-7840 -208 126 ) (-7168 -208 126 ) (-7168 -208 448 ) 
3 223 268 (-7840 -292 162 ) (-7840 -289.666656 168 ) (-7840 -283 168 ) 
4 223 257 (-7840 -220 162 ) (-7840 -208 154 ) (-7840 -208 148.799988 ) (-7840 -217.967758 156.774200 ) 
6 223 255 (-7840 -290 160 ) (-7840 -280 168 ) (-7840 -232 168 ) (-7840 -222 160 ) (-7840 -208.400009 126 ) (-7840 -303.599976 126 ) 
3 223 253 (-7840 -217.967743 156.774185 ) (-7840 -208 148.799988 ) (-7840 -208 131.142822 ) 
3 223 252 (-7840 -229 168 ) (-7840 -208 168 ) (-7840 -208 154 ) 
4 223 251 (-7840 -232 170 ) (-7840 -208 170 ) (-7840 -208 168 ) (-7840 -229 168 ) 
4 223 250 (-7840 -289.666656 168 ) (-7840 -288.888885 170 ) (-7840 -280 170 ) (-7840 -283 168 ) 
3 223 249 (-7840 -304 131.142868 ) (-7840 -304 170 ) (-7840 -288.888885 170 ) 
4 223 248 (-7840 -304 170 ) (-7840 -304 448 ) (-7840 -208 448 ) (-7840 -208 170 ) 
3 223 227 (-7697.578613 -304 126 ) (-7705.994629 -304 126 ) (-7696 -294.005737 126 ) 
3 223 226 (-7706 -208 126 ) (-7697.578613 -208 126 ) (-7696 -218 126 ) 
3 223 225 (-7697.578613 -208 126 ) (-7682.420898 -208 126 ) (-7690 -256 126 ) 
4 223 224 (-7168 -304 126 ) (-7697.578613 -304 126 ) (-7682.420898 -208 126 ) (-7168 -208 126 ) 
4 223 228 (-7840 -304 448 ) (-7840 -304 126 ) (-7168 -304 126 ) (-7168 -304 448 ) 
4 224 238 (-7168 -294 122 ) (-7168 -304 122 ) (-7697.578613 -304 122 ) (-7696 -294 122 ) 
4 224 231 (-7168 -218 122 ) (-7168 -294 122 ) (-7696 -294 122 ) (-7684 -218 122 ) 
4 224 230 (-7682.420898 -208 122 ) (-7168 -208 122 ) (-7168 -218 122 ) (-7684 -218 122 ) 
4 224 227 (-7697.580078 -304 122 ) (-7697.580078 -304 126 ) (-7696.002441 -294.008057 126 ) (-7696.002441 -294.008057 122 ) 
4 224 225 (-7690 -255.996094 126 ) (-7682.421875 -208 126 ) (-7682.421875 -208 122 ) (-7690 -255.996094 122 ) 
4 224 228 (-7697.578613 -304 122 ) (-7168 -304 122 ) (-7168 -304 126 ) (-7697.578613 -304 126 ) 
3 225 234 (-7684 -218 122 ) (-7690 -256 122 ) (-7696 -218 122 ) 
4 225 230 (-7697.578613 -208 122 ) (-7682.420898 -208 122 ) (-7684 -218 122 ) (-7696 -218 122 ) 
4 225 226 (-7696 -218 126 ) (-7697.579102 -208 126 ) (-7697.579102 -208 122 ) (-7696 -218 122 ) 
3 226 230 (-7706 -208 122 ) (-7697.578613 -208 122 ) (-7696 -218 122 ) 
3 227 238 (-7696 -294.005737 122 ) (-7697.578613 -304 122 ) (-7705.994629 -304 122 ) 
4 227 228 (-7705.994629 -304 122 ) (-7697.578613 -304 122 ) (-7697.578613 -304 126 ) (-7705.994629 -304 126 ) 
3 228 258 (-7840 -304 122 ) (-7840 -305.199982 122 ) (-7840 -304 125 ) 
5 228 249 (-7840 -307.555573 122 ) (-7840 -448 122 ) (-7840 -448 170 ) (-7840 -304 170 ) (-7840 -304 131.142899 ) 
4 228 248 (-7840 -448 170 ) (-7840 -448 448 ) (-7840 -304 448 ) (-7840 -304 170 ) 
4 228 247 (-7706 -448 122 ) (-7750 -448 122 ) (-7750 -304 122 ) (-7706 -304 122 ) 
4 228 241 (-7750 -448 122 ) (-7794 -448 122 ) (-7794 -304 122 ) (-7750 -304 122 ) 
4 228 242 (-7794 -448 122 ) (-7840 -448 122 ) (-7840 -304 122 ) (-7794 -304 122 ) 
4 228 238 (-7168 -448 122 ) (-7706 -448 122 ) (-7706 -304 122 ) (-7168 -304 122 ) 
3 229 287 (-7698 -218 90 ) (-7706 -218 90 ) (-7706 -210 90 ) 
4 229 245 (-7706 -218 122 ) (-7706 -210 122 ) (-7706 -210 90 ) (-7706 -218 90 ) 
4 229 232 (-7706 -218 122 ) (-7706 -218 90 ) (-7698 -218 90 ) (-7698 -218 122 ) 
3 230 288 (-7696 -218 90 ) (-7704 -210 90 ) (-7697.263184 -210 90 ) 
4 230 277 (-7168 -210 90 ) (-7168 -218 90 ) (-7696 -218 90 ) (-7697.263184 -210 90 ) 
4 230 274 (-7168 -208 90 ) (-7168 -210 90 ) (-7704 -210 90 ) (-7706 -208 90 ) 
4 230 271 (-7168 -184 90 ) (-7168 -208 90 ) (-7706 -208 90 ) (-7706 -184 90 ) 
4 230 270 (-7706 -64 90 ) (-7168 -64 90 ) (-7168 -184 90 ) (-7706 -184 90 ) 
4 230 243 (-7706 -208 122 ) (-7706 -64 122 ) (-7706 -64 90 ) (-7706 -208 90 ) 
4 230 234 (-7696 -218 90 ) (-7684 -218 90 ) (-7684 -218 122 ) (-7696 -218 122 ) 
4 230 231 (-7684 -218 90 ) (-7168 -218 90 ) (-7168 -218 122 ) (-7684 -218 122 ) 
4 231 286 (-7695.994141 -294 90 ) (-7696 -294 90 ) (-7690 -256 90 ) (-7685.635742 -283.640961 90 ) 
3 231 283 (-7684 -294 90 ) (-7695.994141 -294 90 ) (-7685.635742 -283.640961 90 ) 
5 231 277 (-7168 -218 90 ) (-7168 -294 90 ) (-7684 -294 90 ) (-7690 -256 90 ) (-7684 -218 90 ) 
4 231 238 (-7696 -294 90 ) (-7168 -294 90 ) (-7168 -294 122 ) (-7696 -294 122 ) 
4 231 236 (-7690 -255.996887 90 ) (-7691 -262.330475 90 ) (-7691 -262.330475 122 ) (-7690 -255.996872 122 ) 
4 231 234 (-7684 -218 122 ) (-7684 -218 90 ) (-7690 -255.996887 90 ) (-7690 -255.996872 122 ) 
4 231 233 (-7691 -262.330475 90 ) (-7696 -294 90 ) (-7696 -294 122 ) (-7691 -262.330475 122 ) 
5 232 287 (-7698 -294 90 ) (-7706 -294 90 ) (-7706 -218 90 ) (-7698 -218 90 ) (-7692 -256 90 ) 
4 232 245 (-7706 -294 122 ) (-7706 -218 122 ) (-7706 -218 90 ) (-7706 -294 90 ) 
4 232 237 (-7706 -294 122 ) (-7706 -294 90 ) (-7698 -294 90 ) (-7698 -294 122 ) 
4 232 235 (-7692 -255.997528 90 ) (-7698 -218 90 ) (-7698 -218 122 ) (-7692 -255.997528 122 ) 
4 232 233 (-7698 -294 122 ) (-7698 -294 90 ) (-7692 -256 90 ) (-7692 -256 122 ) 
4 233 236 (-7691 -262.335938 122 ) (-7691 -262.335938 90 ) (-7692 -255.997528 90 ) (-7692 -255.997528 122 ) 
3 234 277 (-7696 -218 90 ) (-7684 -218 90 ) (-7690 -256 90 ) 
4 234 235 (-7696 -218 122 ) (-7696 -218 90 ) (-7690 -255.996094 90 ) (-7690 -255.996094 122 ) 
4 235 236 (-7692.001953 -256 122 ) (-7692.001953 -256 90 ) (-7690 -256 90 ) (-7690 -256 122 ) 
3 237 287 (-7706 -302 90 ) (-7706 -294 90 ) (-7698 -294 90 ) 
4 237 245 (-7706 -302 122 ) (-7706 -294 122 ) (-7706 -294 90 ) (-7706 -302 90 ) 
5 238 292 (-7168 -304 90 ) (-7168 -328 90 ) (-7706 -328 90 ) (-7706 -304.005798 90 ) (-7705.994141 -304 90 ) 
4 238 295 (-7168 -328 90 ) (-7168 -448 90 ) (-7706 -448 90 ) (-7706 -328 90 ) 
4 238 289 (-7168 -302 90 ) (-7168 -304 90 ) (-7705.994141 -304 90 ) (-7703.994141 -302 90 ) 
4 238 283 (-7682.736816 -302 90 ) (-7703.994141 -302 90 ) (-7695.994141 -294 90 ) (-7684 -294 90 ) 
4 238 277 (-7168 -294 90 ) (-7168 -302 90 ) (-7682.736816 -302 90 ) (-7684 -294 90 ) 
4 238 247 (-7706 -448 90 ) (-7706 -448 122 ) (-7706 -304.005798 122 ) (-7706 -304.005829 90 ) 
4 239 271 (-7744 -184 90 ) (-7744 -208 90 ) (-7794 -208 90 ) (-7794 -184 90 ) 
4 239 270 (-7794 -64 90 ) (-7744 -64 90 ) (-7744 -184 90 ) (-7794 -184 90 ) 
4 239 243 (-7744 -64 90 ) (-7750 -64 122 ) (-7750 -208 122 ) (-7744 -208 90 ) 
4 239 242 (-7794 -208 122 ) (-7794 -64 122 ) (-7794 -64 90 ) (-7794 -208 90 ) 
4 240 287 (-7744 -210 90 ) (-7744 -302 90 ) (-7794 -302 90 ) (-7794 -210 90 ) 
4 240 245 (-7750 -210 122 ) (-7750 -302 122 ) (-7744 -302 90 ) (-7744 -210 90 ) 
4 240 242 (-7794 -302 122 ) (-7794 -210 122 ) (-7794 -210 90 ) (-7794 -302 90 ) 
4 241 292 (-7744 -304 90 ) (-7744 -328 90 ) (-7794 -328 90 ) (-7794 -304 90 ) 
4 241 295 (-7744 -328 90 ) (-7744 -448 90 ) (-7794 -448 90 ) (-7794 -328 90 ) 
4 241 247 (-7750 -304 122 ) (-7750 -448 122 ) (-7744 -448 90 ) (-7744 -304 90 ) 
4 241 242 (-7794 -448 90 ) (-7794 -448 122 ) (-7794 -304 122 ) (-7794 -304 90 ) 
4 242 308 (-7794 -318 90 ) (-7794 -320 90 ) (-7840 -320 90 ) (-7840 -318 90 ) 
4 242 307 (-7794 -320 90 ) (-7794 -448 90 ) (-7840 -448 90 ) (-7840 -320 90 ) 
4 242 305 (-7794 -272 90 ) (-7794 -318 90 ) (-7840 -318 90 ) (-7840 -272 90 ) 
4 242 303 (-7794 -240 90 ) (-7794 -272 90 ) (-7840 -272 90 ) (-7840 -240 90 ) 
4 242 298 (-7840 -64 90 ) (-7794 -64 90 ) (-7794 -194 90 ) (-7840 -194 90 ) 
4 242 296 (-7794 -194 90 ) (-7794 -240 90 ) (-7840 -240 90 ) (-7840 -194 90 ) 
4 242 258 (-7840 -304 90 ) (-7840 -318 90 ) (-7840 -305.199982 122 ) (-7840 -304 122 ) 
4 242 257 (-7840 -112 90 ) (-7840 -134.500015 90 ) (-7840 -174.500015 122 ) (-7840 -160 122 ) 
4 242 256 (-7840 -208 90 ) (-7840 -304 90 ) (-7840 -304 122 ) (-7840 -208 122 ) 
4 242 254 (-7840 -194 90 ) (-7840 -208 90 ) (-7840 -208 122 ) (-7840 -206.800003 122 ) 
4 242 253 (-7840 -134.500015 90 ) (-7840 -192 90 ) (-7840 -204.444458 122 ) (-7840 -174.500015 122 ) 
4 242 252 (-7840 -64 122 ) (-7840 -64 90 ) (-7840 -112 90 ) (-7840 -160 122 ) 
4 242 249 (-7840 -320 90 ) (-7840 -448 90 ) (-7840 -448 122 ) (-7840 -307.555542 122 ) 
4 243 271 (-7706 -184 90 ) (-7706 -208 90 ) (-7744 -208 90 ) (-7744 -184 90 ) 
4 243 270 (-7744 -64 90 ) (-7706 -64 90 ) (-7706 -184 90 ) (-7744 -184 90 ) 
4 243 244 (-7750.003906 -208 122 ) (-7744.003906 -208 90 ) (-7706 -208 90 ) (-7706 -208 122 ) 
4 244 245 (-7750.003906 -210 122 ) (-7744.003906 -210 90 ) (-7706 -210 90 ) (-7706 -210 122 ) 
4 245 287 (-7706 -210 90 ) (-7706 -302 90 ) (-7744 -302 90 ) (-7744 -210 90 ) 
4 245 246 (-7750.003906 -302 122 ) (-7744.003906 -302 90 ) (-7706 -302 90 ) (-7706 -302 122 ) 
4 246 247 (-7750.003906 -304 122 ) (-7744.003906 -304 90 ) (-7706 -304 90 ) (-7706 -304 122 ) 
4 247 292 (-7706 -304 90 ) (-7706 -328 90 ) (-7744 -328 90 ) (-7744 -304 90 ) 
4 247 295 (-7706 -328 90 ) (-7706 -448 90 ) (-7744 -448 90 ) (-7744 -328 90 ) 
4 248 269 (-8032 -64 448 ) (-8032 -64 170 ) (-8032 -448 170 ) (-8032 -448 448 ) 
4 248 251 (-7840 -64 170 ) (-7840 -232 170 ) (-8032 -232 170 ) (-8032 -64 170 ) 
4 248 250 (-7840 -280 170 ) (-7840 -288.888885 170 ) (-8032 -288.888885 170 ) (-8032 -280 170 ) 
4 248 249 (-7840 -288.888885 170 ) (-7840 -448 170 ) (-8032 -448 170 ) (-8032 -288.888885 170 ) 
4 249 307 (-8032 -448 90 ) (-8032 -320 90 ) (-7840 -320 90 ) (-7840 -448 90 ) 
4 249 269 (-8032 -320 90 ) (-8032 -448 90 ) (-8032 -448 170 ) (-8032 -288.888885 170 ) 
4 249 268 (-7840 -289.666443 168 ) (-7840 -292 162 ) (-8032 -292 162 ) (-8032 -289.666443 168 ) 
4 249 267 (-7904 -294.031921 156.774460 ) (-7968 -294.031921 156.774460 ) (-7968 -292 162 ) (-7904 -292 162 ) 
4 249 266 (-7904 -320 90 ) (-7968 -320 90 ) (-7968 -294.031921 156.774460 ) (-7904 -294.031921 156.774460 ) 
4 249 250 (-8032 -288.888672 170 ) (-7840 -288.888672 170 ) (-7840 -289.666443 168 ) (-8032 -289.666443 168 ) 
4 250 269 (-8032 -283 168 ) (-8032 -289.666656 168 ) (-8032 -288.888885 170 ) (-8032 -280 170 ) 
4 250 268 (-7840 -289.669678 168 ) (-8032 -289.669678 168 ) (-8032 -283 168 ) (-7840 -283 168 ) 
4 251 269 (-8032 -64 170 ) (-8032 -64 168 ) (-8032 -229 168 ) (-8032 -232 170 ) 
4 251 252 (-8032 -229 168 ) (-8032 -64 168 ) (-7840 -64 168 ) (-7840 -229 168 ) 
4 252 301 (-8032 -112 90 ) (-8032 -64 90 ) (-7968 -64 90 ) (-7968 -112 90 ) 
4 252 299 (-7904 -64 90 ) (-7840 -64 90 ) (-7840 -112 90 ) (-7904 -112 90 ) 
4 252 300 (-7968 -64 90 ) (-7904 -64 90 ) (-7904 -112 90 ) (-7968 -112 90 ) 
4 252 269 (-8032 -64 168 ) (-8032 -64 90 ) (-8032 -112 90 ) (-8032 -229 168 ) 
4 252 263 (-8032 -219.998459 162.001572 ) (-8032 -111.996094 90 ) (-8024 -111.996033 90 ) (-8024 -219.998444 162.001587 ) 
4 252 262 (-8024 -219.998459 162.001587 ) (-8024 -111.996033 90 ) (-7968 -111.995628 90 ) (-7968 -219.998444 162.001587 ) 
4 252 261 (-7968 -111.995628 90 ) (-7904 -111.995171 90 ) (-7904 -219.998428 162.001602 ) (-7968 -219.998444 162.001587 ) 
4 252 260 (-7904 -111.995171 90 ) (-7848 -111.994766 90 ) (-7848 -219.998413 162.001617 ) (-7904 -219.998428 162.001602 ) 
4 252 257 (-7848 -219.998413 162.001617 ) (-7848 -111.994766 90 ) (-7840 -111.994705 90 ) (-7840 -219.998413 162.001617 ) 
4 253 299 (-7840 -134.500015 90 ) (-7840 -192 90 ) (-7848 -192 90 ) (-7848 -134.500015 90 ) 
3 253 260 (-7848 -217.967743 156.774185 ) (-7848 -134.500031 90 ) (-7848 -192 90 ) 
4 253 257 (-7848 -134.507812 90 ) (-7848 -217.964233 156.765137 ) (-7840 -217.964233 156.765137 ) (-7840 -134.507812 90 ) 
4 254 296 (-7840 -194 90 ) (-7840 -208 90 ) (-7848 -208 90 ) (-7848 -194 90 ) 
4 254 256 (-7840 -208 90 ) (-7840 -208 122 ) (-7848 -208 122 ) (-7848 -208 90 ) 
4 256 305 (-7840 -272 90 ) (-7840 -304 90 ) (-7848 -304 90 ) (-7848 -272 90 ) 
4 256 303 (-7840 -240 90 ) (-7840 -272 90 ) (-7848 -272 90 ) (-7848 -240 90 ) 
4 256 296 (-7840 -208 90 ) (-7840 -240 90 ) (-7848 -240 90 ) (-7848 -208 90 ) 
4 256 259 (-7848 -240 90 ) (-7848 -272 90 ) (-7848 -272 106 ) (-7848 -240 106 ) 
4 256 258 (-7848 -304 122 ) (-7848 -304 90 ) (-7840 -304 90 ) (-7840 -304 122 ) 
4 257 299 (-7848 -112 90 ) (-7840 -112 90 ) (-7840 -134.500015 90 ) (-7848 -134.500015 90 ) 
4 257 260 (-7848 -219.997971 161.994736 ) (-7848 -112.005836 90 ) (-7848 -134.500031 90 ) (-7848 -217.967758 156.774170 ) 
4 258 305 (-7840 -304 90 ) (-7840 -318 90 ) (-7848 -318 90 ) (-7848 -304 90 ) 
4 259 303 (-7848 -240 90 ) (-7848 -272 90 ) (-7850 -272 90 ) (-7850 -240 90 ) 
4 260 299 (-7904 -112 90 ) (-7848 -112 90 ) (-7848 -192 90 ) (-7904 -192 90 ) 
3 260 261 (-7904 -220 162 ) (-7904 -112 90 ) (-7904 -192 90 ) 
4 261 300 (-7968 -112 90 ) (-7904 -112 90 ) (-7904 -194 90 ) (-7968 -194 90 ) 
3 261 262 (-7968 -220 162 ) (-7968 -112 90 ) (-7968 -192 90 ) 
4 262 301 (-8024 -112 90 ) (-7968 -112 90 ) (-7968 -192 90 ) (-8024 -192 90 ) 
3 262 263 (-8024 -220 162 ) (-8024 -112 90 ) (-8024 -192 90 ) 
4 263 301 (-8032 -192 90 ) (-8032 -112 90 ) (-8024 -112 90 ) (-8024 -192 90 ) 
3 263 269 (-8032 -112 90 ) (-8032 -192 90 ) (-8032 -220 162 ) 
4 264 306 (-8032 -292 90 ) (-8032 -272 90 ) (-8024 -272 90 ) (-8024 -292 90 ) 
4 264 304 (-8032 -272 90 ) (-8032 -240 90 ) (-8024 -240 90 ) (-8024 -272 90 ) 
4 264 297 (-8032 -240 90 ) (-8032 -194 90 ) (-8024 -194 90 ) (-8024 -240 90 ) 
3 264 269 (-8032 -194 90 ) (-8032 -292 90 ) (-8032 -222 160 ) 
4 264 265 (-8024 -292 90 ) (-8024 -222 160 ) (-8032 -222 160 ) (-8032 -292 90 ) 
4 265 306 (-8032 -318 90 ) (-8032 -292 90 ) (-8024 -292 90 ) (-8024 -318 90 ) 
6 265 269 (-8032 -292 90 ) (-8032 -318 90 ) (-8032 -290 160 ) (-8032 -280 168 ) (-8032 -232 168 ) (-8032 -222 160 ) 
4 266 309 (-7968 -318 90 ) (-7904 -318 90 ) (-7904 -320 90 ) (-7968 -320 90 ) 
4 266 267 (-7968 -294.034790 156.768951 ) (-7904 -294.034790 156.768951 ) (-7904 -290.001953 159.995132 ) (-7968 -290.001953 159.995132 ) 
3 268 269 (-8032 -292 162 ) (-8032 -289.666656 168 ) (-8032 -283 168 ) 
4 269 310 (-8128 -320 90 ) (-8128 -318 90 ) (-8032 -318 90 ) (-8032 -320 90 ) 
4 269 307 (-8128 -448 90 ) (-8128 -320 90 ) (-8032 -320 90 ) (-8032 -448 90 ) 
4 269 306 (-8128 -318 90 ) (-8128 -272 90 ) (-8032 -272 90 ) (-8032 -318 90 ) 
4 269 304 (-8128 -272 90 ) (-8128 -240 90 ) (-8032 -240 90 ) (-8032 -272 90 ) 
4 269 302 (-8128 -194 90 ) (-8128 -64 90 ) (-8032 -64 90 ) (-8032 -194 90 ) 
4 269 297 (-8128 -240 90 ) (-8128 -194 90 ) (-8032 -194 90 ) (-8032 -240 90 ) 
4 270 311 (-7168 -64 42 ) (-7168 -184 42 ) (-7794 -184 42 ) (-7794 -64 42 ) 
4 270 298 (-7794 -64 42 ) (-7794 -184 42 ) (-7794 -184 90 ) (-7794 -64 90 ) 
4 270 273 (-7698.665527 -184 42 ) (-7168 -184 42 ) (-7168 -184 62 ) (-7712 -184 62 ) 
4 270 272 (-7794 -184 62 ) (-7794 -184 42 ) (-7702.665039 -184 42 ) (-7716 -184 62 ) 
4 270 271 (-7794 -184 90 ) (-7794 -184 62 ) (-7168 -184 62 ) (-7168 -184 90 ) 
4 271 298 (-7794 -194 90 ) (-7794 -184 90 ) (-7794 -184 62 ) (-7794 -197.499985 62 ) 
4 271 296 (-7794 -208 62 ) (-7794 -208 90 ) (-7794 -194 90 ) (-7794 -197.499985 62 ) 
4 271 274 (-7706 -208 62 ) (-7168 -208 62 ) (-7168 -208 90 ) (-7706 -208 90 ) 
4 271 273 (-7168 -208 62 ) (-7688 -208 62 ) (-7712 -184 62 ) (-7168 -184 62 ) 
4 271 272 (-7692 -208 62 ) (-7794 -208 62 ) (-7794 -184 62 ) (-7716 -184 62 ) 
3 272 318 (-7678.665527 -208 42 ) (-7691.997070 -208 42 ) (-7693.208008 -193.456955 42 ) 
4 272 312 (-7794 -192 42 ) (-7794 -184 42 ) (-7702.665039 -184 42 ) (-7694.665039 -192 42 ) 
4 272 298 (-7794 -184 42 ) (-7794 -200 42 ) (-7794 -197.499985 62 ) (-7794 -184 62 ) 
4 272 296 (-7794 -200 42 ) (-7794 -208 42 ) (-7794 -208 62 ) (-7794 -197.499985 62 ) 
4 272 276 (-7706 -208 42 ) (-7678.665527 -208 42 ) (-7692 -208 62 ) (-7706 -208 62 ) 
4 273 325 (-7626.666992 -208 42 ) (-7630.666992 -208 42 ) (-7622.666504 -192 42 ) (-7618.666504 -192 42 ) 
4 273 324 (-7168 -192 42 ) (-7168 -208 42 ) (-7626.666992 -208 42 ) (-7618.666504 -192 42 ) 
3 273 316 (-7674.666992 -208 42 ) (-7690.666016 -192 42 ) (-7682.667480 -192 42 ) 
4 273 315 (-7630.666992 -208 42 ) (-7674.666992 -208 42 ) (-7682.667480 -192 42 ) (-7622.666504 -192 42 ) 
4 273 313 (-7168 -184 42 ) (-7168 -192 42 ) (-7690.666016 -192 42 ) (-7698.665527 -184 42 ) 
4 273 275 (-7674.666992 -208 42 ) (-7168 -208 42 ) (-7168 -208 62 ) (-7688 -208 62 ) 
4 274 288 (-7697.263184 -210 90 ) (-7704 -210 90 ) (-7704 -210 62 ) (-7697.263184 -210 62 ) 
4 274 277 (-7168 -210 62 ) (-7168 -210 90 ) (-7697.263184 -210 90 ) (-7697.263184 -210 62 ) 
4 274 276 (-7691 -210 62 ) (-7703.996094 -210 62 ) (-7705.996094 -208 62 ) (-7692 -208 62 ) 
4 274 275 (-7168 -210 62 ) (-7687 -210 62 ) (-7688 -208 62 ) (-7168 -208 62 ) 
4 275 325 (-7627.666992 -210 42 ) (-7631.666992 -210 42 ) (-7630.666992 -208 42 ) (-7626.666992 -208 42 ) 
4 275 324 (-7168 -208 42 ) (-7168 -210 42 ) (-7627.666992 -210 42 ) (-7626.666992 -208 42 ) 
4 275 315 (-7631.666992 -210 42 ) (-7673.667969 -210 42 ) (-7674.667480 -208 42 ) (-7630.666992 -208 42 ) 
4 275 282 (-7631.666992 -210 42 ) (-7627.666992 -210 42 ) (-7641 -210 62 ) (-7645 -210 62 ) 
4 275 281 (-7627.666992 -210 42 ) (-7168 -210 42 ) (-7168 -210 62 ) (-7641 -210 62 ) 
4 275 278 (-7673.667969 -210 42 ) (-7631.666992 -210 42 ) (-7645 -210 62 ) (-7687 -210 62 ) 
4 276 318 (-7677.666992 -210 42 ) (-7691.830566 -210 42 ) (-7691.997070 -208 42 ) (-7678.666504 -208 42 ) 
4 276 288 (-7704 -210 42 ) (-7697.263184 -210 42 ) (-7697.263184 -210 62 ) (-7704 -210 62 ) 
4 276 279 (-7697.263184 -210 42 ) (-7677.666992 -210 42 ) (-7691 -210 62 ) (-7697.263184 -210 62 ) 
4 277 289 (-7168 -302 62 ) (-7168 -302 90 ) (-7682.737305 -302 90 ) (-7682.737305 -302 62 ) 
4 277 288 (-7697.263184 -210 90 ) (-7697.263184 -210 62 ) (-7696 -218 62 ) (-7696 -218 90 ) 
4 277 286 (-7690 -256.001099 62 ) (-7685.635742 -283.640900 62 ) (-7685.635742 -283.640900 90 ) (-7690 -256.001099 90 ) 
4 277 283 (-7685.635742 -283.640900 62 ) (-7682.736816 -302 62 ) (-7682.736816 -302 90 ) (-7685.635742 -283.640900 90 ) 
4 277 282 (-7666 -252.001236 62 ) (-7645 -210 62 ) (-7641 -210 62 ) (-7664 -256.001160 62 ) 
5 277 281 (-7168 -302 62 ) (-7645 -302 62 ) (-7666 -260 62 ) (-7641 -210 62 ) (-7168 -210 62 ) 
4 277 280 (-7645 -302 62 ) (-7682.735352 -302 62 ) (-7683.758789 -295.517456 62 ) (-7666 -260 62 ) 
4 277 279 (-7684.718750 -289.437775 62 ) (-7697.261719 -210 62 ) (-7691 -210 62 ) (-7668 -256 62 ) 
3 277 278 (-7687 -210 62 ) (-7645 -210 62 ) (-7666 -252 62 ) 
3 278 315 (-7673.667480 -210 42 ) (-7631.666504 -210 42 ) (-7652.666992 -252 42 ) 
4 278 282 (-7631.664062 -210 42 ) (-7644.998047 -210 62 ) (-7666 -252.002533 62 ) (-7652.666016 -252.003372 42 ) 
3 279 319 (-7685.765625 -282.819489 42 ) (-7688.690430 -264.294586 42 ) (-7688 -255.996475 42 ) 
6 279 318 (-7677.666992 -302 42 ) (-7682.737305 -302 42 ) (-7685.765625 -282.819489 42 ) (-7691.830566 -210 42 ) (-7677.666504 -210 42 ) (-7654.666504 -256 42 ) 
3 279 290 (-7682.737305 -302 42 ) (-7677.666992 -302 42 ) (-7682.737305 -302 49.605473 ) 
4 279 288 (-7697.263184 -210 62 ) (-7697.263184 -210 42 ) (-7696 -218 42 ) (-7696 -218 62 ) 
4 279 286 (-7690 -256.001099 42 ) (-7685.635742 -283.640900 42 ) (-7685.635254 -283.640900 62 ) (-7690 -256 62 ) 
5 279 284 (-7685.635742 -283.640900 42 ) (-7682.736816 -302 42 ) (-7682.736816 -302 49.605473 ) (-7684.719727 -289.440552 62 ) (-7685.635254 -283.640900 62 ) 
3 280 322 (-7631.666992 -302 42 ) (-7673.666992 -302 42 ) (-7652.666992 -260 42 ) 
5 280 291 (-7673.666992 -302 42 ) (-7631.666504 -302 42 ) (-7645 -302 62 ) (-7682.737305 -302 62 ) (-7682.737305 -302 55.605377 ) 
3 280 285 (-7682.736816 -302 55.605377 ) (-7682.736816 -302 62 ) (-7683.759766 -295.519806 62 ) 
4 280 281 (-7665.998535 -259.997314 62 ) (-7644.997070 -302 62 ) (-7631.663574 -302 42 ) (-7652.666016 -259.997833 42 ) 
5 281 324 (-7168 -210 42 ) (-7168 -302 42 ) (-7631.666992 -302 42 ) (-7652.666992 -260 42 ) (-7627.666504 -210 42 ) 
4 281 291 (-7631.666504 -302 42 ) (-7168 -302 42 ) (-7168 -302 62 ) (-7645 -302 62 ) 
4 281 282 (-7664 -256 62 ) (-7641 -210 62 ) (-7627.666504 -210 42 ) (-7650.667480 -256 42 ) 
4 282 325 (-7652.666992 -252 42 ) (-7631.666504 -210 42 ) (-7627.666504 -210 42 ) (-7650.667480 -256 42 ) 
4 283 289 (-7682.737305 -302 62 ) (-7682.737305 -302 90 ) (-7703.994629 -302 90 ) (-7703.994629 -302 62 ) 
4 283 286 (-7685.636719 -283.644531 90 ) (-7685.636719 -283.644531 62 ) (-7696 -294.008911 62 ) (-7696 -294.008911 90 ) 
3 283 285 (-7683.754395 -295.508911 62 ) (-7682.729492 -302 62 ) (-7687 -302 62 ) 
4 283 284 (-7703.992188 -302 62 ) (-7685.628906 -283.636719 62 ) (-7684.714355 -289.429352 62 ) (-7691 -302 62 ) 
4 284 319 (-7684.168457 -302 42 ) (-7691.831055 -302 42 ) (-7690.725586 -288.730743 42 ) (-7685.692871 -283.698090 42 ) 
4 284 318 (-7682.737305 -302 42 ) (-7684.168457 -302 42 ) (-7685.692871 -283.698090 42 ) (-7685.636230 -283.641388 42 ) 
5 284 290 (-7703.994629 -302 42 ) (-7682.737305 -302 42 ) (-7682.737305 -302 49.605473 ) (-7691 -302 62 ) (-7703.994629 -302 62 ) 
4 284 286 (-7685.636719 -283.644531 62 ) (-7685.636719 -283.644531 42 ) (-7696 -294.008911 42 ) (-7696 -294.008911 62 ) 
3 285 291 (-7682.737305 -302 55.605377 ) (-7682.737305 -302 62 ) (-7687 -302 62 ) 
3 286 319 (-7688.690430 -264.295929 42 ) (-7685.636230 -283.641388 42 ) (-7690.725586 -288.730988 42 ) 
4 287 305 (-7794 -272 42 ) (-7794 -302 42 ) (-7794 -302 90 ) (-7794 -272 90 ) 
4 287 303 (-7794 -240 42 ) (-7794 -272 42 ) (-7794 -272 90 ) (-7794 -240 90 ) 
4 287 296 (-7794 -210 42 ) (-7794 -240 42 ) (-7794 -240 90 ) (-7794 -210 90 ) 
4 289 292 (-7705.994629 -304 62 ) (-7168 -304 62 ) (-7168 -304 90 ) (-7705.994629 -304 90 ) 
4 289 291 (-7168 -304 62 ) (-7688 -304 62 ) (-7687 -302 62 ) (-7168 -302 62 ) 
4 289 290 (-7692 -304 62 ) (-7705.994629 -304 62 ) (-7703.995117 -302 62 ) (-7691 -302 62 ) 
4 290 319 (-7684.001953 -304 42 ) (-7691.997070 -304 42 ) (-7691.831055 -302 42 ) (-7684.168457 -302 42 ) 
4 290 318 (-7678.666992 -304 42 ) (-7684.001953 -304 42 ) (-7684.168457 -302 42 ) (-7677.666504 -302 42 ) 
4 290 294 (-7705.994629 -304 42 ) (-7678.666992 -304 42 ) (-7692 -304 62 ) (-7705.994629 -304 62 ) 
4 291 324 (-7168 -302 42 ) (-7168 -304 42 ) (-7630.666992 -304 42 ) (-7631.666504 -302 42 ) 
4 291 322 (-7630.666992 -304 42 ) (-7674.666992 -304 42 ) (-7673.667480 -302 42 ) (-7631.666504 -302 42 ) 
4 291 293 (-7674.666992 -304 42 ) (-7168 -304 42 ) (-7168 -304 62 ) (-7688 -304 62 ) 
4 292 308 (-7794 -320 90 ) (-7794 -318 90 ) (-7794 -314.500000 62 ) (-7794 -316.500000 62 ) 
4 292 307 (-7794 -328 62 ) (-7794 -328 90 ) (-7794 -320 90 ) (-7794 -316.500000 62 ) 
4 292 305 (-7794 -318 90 ) (-7794 -304 90 ) (-7794 -304 62 ) (-7794 -314.500000 62 ) 
4 292 294 (-7716 -328 62 ) (-7794 -328 62 ) (-7794 -304 62 ) (-7692 -304 62 ) 
4 292 293 (-7168 -328 62 ) (-7712 -328 62 ) (-7688 -304 62 ) (-7168 -304 62 ) 
4 292 295 (-7794 -328 90 ) (-7794 -328 62 ) (-7168 -328 62 ) (-7168 -328 90 ) 
4 293 330 (-7168 -320 42 ) (-7168 -328 42 ) (-7698.666504 -328 42 ) (-7690.666504 -320 42 ) 
4 293 324 (-7168 -304 42 ) (-7168 -320 42 ) (-7622.666504 -320 42 ) (-7630.666504 -304 42 ) 
4 293 323 (-7682.666992 -320 42 ) (-7686.667480 -320 42 ) (-7682.667480 -312.001282 42 ) (-7674.666016 -304 42 ) 
4 293 322 (-7622.666504 -320 42 ) (-7682.666992 -320 42 ) (-7674.666016 -304 42 ) (-7630.666504 -304 42 ) 
3 293 317 (-7686.667480 -320 42 ) (-7690.666504 -320 42 ) (-7682.667480 -312.001282 42 ) 
4 293 295 (-7698.666504 -328 42 ) (-7168 -328 42 ) (-7168 -328 62 ) (-7712 -328 62 ) 
4 294 331 (-7702.666016 -328 42 ) (-7794 -328 42 ) (-7794 -320 42 ) (-7694.666016 -320 42 ) 
4 294 319 (-7691.997559 -304 42 ) (-7684.001953 -304 42 ) (-7683.591797 -308.925537 42 ) (-7693.208008 -318.541992 42 ) 
3 294 318 (-7684.001953 -304 42 ) (-7678.666504 -304 42 ) (-7683.591797 -308.925537 42 ) 
4 294 308 (-7794 -312 42 ) (-7794 -314 42 ) (-7794 -316.500000 62 ) (-7794 -314.500000 62 ) 
4 294 307 (-7794 -314 42 ) (-7794 -328 42 ) (-7794 -328 62 ) (-7794 -316.500000 62 ) 
4 294 305 (-7794 -304 42 ) (-7794 -312 42 ) (-7794 -314.500000 62 ) (-7794 -304 62 ) 
4 294 295 (-7794 -328 62 ) (-7794 -328 42 ) (-7702.666016 -328 42 ) (-7716 -328 62 ) 
4 295 334 (-7168 -328 42 ) (-7168 -448 42 ) (-7794 -448 42 ) (-7794 -328 42 ) 
4 295 307 (-7794 -328 42 ) (-7794 -448 42 ) (-7794 -448 90 ) (-7794 -328 90 ) 
4 296 303 (-7848 -240 42 ) (-7794 -240 42 ) (-7794 -240 90 ) (-7848 -240 90 ) 
4 296 298 (-7794 -194 90 ) (-7794 -200 42 ) (-7840 -200 42 ) (-7840 -194 90 ) 
4 297 333 (-8032 -240 42 ) (-8128 -240 42 ) (-8128 -200 42 ) (-8032 -200 42 ) 
4 297 304 (-8128 -240 90 ) (-8128 -240 42 ) (-8024 -240 42 ) (-8024 -240 90 ) 
4 297 302 (-8032 -200 42 ) (-8128 -200 42 ) (-8128 -194 90 ) (-8032 -194 90 ) 
4 298 312 (-7794 -184 42 ) (-7794 -192 42 ) (-7840 -192 42 ) (-7840 -184 42 ) 
4 298 311 (-7794 -64 42 ) (-7794 -184 42 ) (-7840 -184 42 ) (-7840 -64 42 ) 
4 298 299 (-7840 -64 90 ) (-7840 -64 42 ) (-7840 -198 42 ) (-7840 -192 90 ) 
4 299 312 (-7904 -192 42 ) (-7904 -184 42 ) (-7840 -184 42 ) (-7840 -192 42 ) 
4 299 311 (-7904 -184 42 ) (-7904 -64 42 ) (-7840 -64 42 ) (-7840 -184 42 ) 
4 299 300 (-7904 -64 90 ) (-7904 -64 42 ) (-7904 -198 42 ) (-7904 -192 90 ) 
4 300 312 (-7968 -192 42 ) (-7968 -184 42 ) (-7904 -184 42 ) (-7904 -192 42 ) 
4 300 311 (-7968 -184 42 ) (-7968 -64 42 ) (-7904 -64 42 ) (-7904 -184 42 ) 
4 300 301 (-7968 -64 90 ) (-7968 -64 42 ) (-7968 -198 42 ) (-7968 -192 90 ) 
4 301 312 (-8032 -192 42 ) (-8032 -184 42 ) (-7968 -184 42 ) (-7968 -192 42 ) 
4 301 311 (-8032 -184 42 ) (-8032 -64 42 ) (-7968 -64 42 ) (-7968 -184 42 ) 
4 301 302 (-8032 -64 90 ) (-8032 -64 42 ) (-8032 -198 42 ) (-8032 -192 90 ) 
4 302 333 (-8032 -200 42 ) (-8128 -200 42 ) (-8128 -64 42 ) (-8032 -64 42 ) 
4 303 305 (-7848 -272 42 ) (-7794 -272 42 ) (-7794 -272 90 ) (-7848 -272 90 ) 
4 304 333 (-8032 -272 42 ) (-8128 -272 42 ) (-8128 -240 42 ) (-8032 -240 42 ) 
4 304 306 (-8128 -272 90 ) (-8128 -272 42 ) (-8024 -272 42 ) (-8024 -272 90 ) 
4 305 308 (-7840 -312 42 ) (-7794 -312 42 ) (-7794 -318 90 ) (-7840 -318 90 ) 
4 306 333 (-8032 -312 42 ) (-8128 -312 42 ) (-8128 -272 42 ) (-8032 -272 42 ) 
4 306 310 (-8128 -318 90 ) (-8128 -312 42 ) (-8032 -312 42 ) (-8032 -318 90 ) 
4 307 334 (-7794 -328 42 ) (-7794 -448 42 ) (-8128 -448 42 ) (-8128 -328 42 ) 
4 307 331 (-7794 -320 42 ) (-7794 -328 42 ) (-8032 -328 42 ) (-8032 -320 42 ) 
4 307 333 (-8032 -328 42 ) (-8128 -328 42 ) (-8128 -314 42 ) (-8032 -314 42 ) 
4 307 309 (-7904 -314 42 ) (-7968 -314 42 ) (-7968 -320 90 ) (-7904 -320 90 ) 
4 307 310 (-8032 -314 42 ) (-8128 -314 42 ) (-8128 -320 90 ) (-8032 -320 90 ) 
4 307 308 (-7794 -320 90 ) (-7794 -314 42 ) (-7840 -314 42 ) (-7840 -320 90 ) 
4 310 333 (-8032 -314 42 ) (-8128 -314 42 ) (-8128 -312 42 ) (-8032 -312 42 ) 
4 311 335 (-8032 -64 10 ) (-7168 -64 10 ) (-7168 -184 10 ) (-8032 -184 10 ) 
4 311 313 (-7680 -184 14 ) (-7168 -184 14 ) (-7168 -184 42 ) (-7698.666016 -184 42 ) 
4 311 312 (-8032 -184 42 ) (-8032 -184 14 ) (-7684 -184 14 ) (-7702.665527 -184 42 ) 
4 311 314 (-8032 -184 14 ) (-8032 -184 10 ) (-7168 -184 10 ) (-7168 -184 14 ) 
4 311 333 (-8032 -64 42 ) (-8032 -64 10 ) (-8032 -184 10 ) (-8032 -184 42 ) 
4 312 320 (-7911.998047 -192 14 ) (-7800.997559 -192 14 ) (-7789.335449 -192 34 ) (-7925.334961 -192 34 ) 
3 312 318 (-7684.001953 -192 14 ) (-7676 -192 14 ) (-7691.995117 -192 37.994026 ) 
4 312 314 (-7676 -192 14 ) (-8032 -192 14 ) (-8032 -184 14 ) (-7684 -184 14 ) 
4 312 333 (-8032 -192 14 ) (-8032 -192 42 ) (-8032 -184 42 ) (-8032 -184 14 ) 
4 313 325 (-7604 -192 14 ) (-7600 -192 14 ) (-7618.666504 -192 42 ) (-7622.666504 -192 42 ) 
4 313 324 (-7600 -192 14 ) (-7168 -192 14 ) (-7168 -192 42 ) (-7618.666504 -192 42 ) 
4 313 316 (-7672 -192 14 ) (-7664 -192 14 ) (-7682.667480 -192 42 ) (-7690.666016 -192 42 ) 
4 313 315 (-7664 -192 14 ) (-7604 -192 14 ) (-7622.666504 -192 42 ) (-7682.667480 -192 42 ) 
4 313 314 (-7168 -192 14 ) (-7672 -192 14 ) (-7680 -184 14 ) (-7168 -184 14 ) 
4 314 335 (-7168 -184 10 ) (-7168 -192 10 ) (-8032 -192 10 ) (-8032 -184 10 ) 
4 314 329 (-7682.669434 -192 10 ) (-7672.010254 -192 10 ) (-7673.342285 -192 14 ) (-7684.001953 -192 14 ) 
4 314 328 (-7672.010254 -192 10 ) (-7168 -192 10 ) (-7168 -192 14 ) (-7673.342285 -192 14 ) 
4 314 326 (-7909.330078 -192 10 ) (-7803.329590 -192 10 ) (-7800.997559 -192 14 ) (-7911.998047 -192 14 ) 
4 314 333 (-8032 -184 10 ) (-8032 -192 10 ) (-8032 -192 14 ) (-8032 -184 14 ) 
3 315 328 (-7664 -192 14 ) (-7604 -192 14 ) (-7634 -252 14 ) 
4 315 325 (-7634.002441 -251.996674 14 ) (-7604.003906 -192 14 ) (-7622.670410 -192 42 ) (-7652.668945 -251.997314 42 ) 
4 315 316 (-7682.662598 -192 42 ) (-7663.996094 -192 14 ) (-7655.992188 -208.007324 14 ) (-7674.658691 -208.007324 42 ) 
3 316 328 (-7672 -192 14 ) (-7664 -192 14 ) (-7656.001465 -207.998291 14 ) 
4 317 330 (-7672 -320 14 ) (-7668 -320 14 ) (-7686.666992 -320 42 ) (-7690.666504 -320 42 ) 
3 317 328 (-7668 -320 14 ) (-7672 -320 14 ) (-7664 -312 14 ) 
4 317 323 (-7686.670410 -320 42 ) (-7668.003906 -320 14 ) (-7664.007324 -312.007050 14 ) (-7682.673828 -312.006958 42 ) 
4 318 329 (-7678.672363 -255.996185 14 ) (-7684.001953 -192 14 ) (-7676 -192 14 ) (-7673.546387 -194.452469 14 ) 
6 318 328 (-7673.546387 -317.546844 14 ) (-7678.672363 -255.996185 14 ) (-7673.546387 -194.452469 14 ) (-7660 -207.998718 14 ) (-7636 -256 14 ) (-7660 -303.998871 14 ) 
4 318 319 (-7683.593262 -308.927246 42 ) (-7688 -256.009247 42 ) (-7678.673340 -256.009308 14 ) (-7673.548340 -317.548279 14 ) 
3 319 331 (-7684.001953 -320 14 ) (-7676 -320 14 ) (-7691.994629 -320 37.992153 ) 
4 319 328 (-7676 -320 14 ) (-7684.001953 -320 14 ) (-7678.672363 -255.998444 14 ) (-7673.546387 -317.546814 14 ) 
4 320 326 (-7911.998047 -192 14 ) (-7800.997559 -192 14 ) (-7800.997559 -224 14 ) (-7911.998047 -224 14 ) 
4 321 331 (-7911.998047 -320 14 ) (-7800.997559 -320 14 ) (-7789.334961 -320 34 ) (-7925.334961 -320 34 ) 
4 321 327 (-7800.997559 -320 14 ) (-7911.998047 -320 14 ) (-7911.998047 -288 14 ) (-7800.997559 -288 14 ) 
4 322 330 (-7664 -320 14 ) (-7604 -320 14 ) (-7622.666504 -320 42 ) (-7682.666992 -320 42 ) 
3 322 328 (-7604 -320 14 ) (-7664 -320 14 ) (-7634 -260 14 ) 
4 322 324 (-7622.665039 -320 42 ) (-7603.998047 -320 14 ) (-7633.998535 -259.997345 14 ) (-7652.665527 -259.996796 42 ) 
4 322 323 (-7656 -304 14 ) (-7664 -320 14 ) (-7682.666504 -320 42 ) (-7674.666016 -304 42 ) 
4 323 330 (-7668 -320 14 ) (-7664 -320 14 ) (-7682.666992 -320 42 ) (-7686.666992 -320 42 ) 
4 323 328 (-7664 -320 14 ) (-7668 -320 14 ) (-7664 -312 14 ) (-7656 -304 14 ) 
4 324 330 (-7604 -320 14 ) (-7168 -320 14 ) (-7168 -320 42 ) (-7622.666504 -320 42 ) 
5 324 328 (-7168 -320 14 ) (-7604 -320 14 ) (-7634 -260 14 ) (-7600 -192 14 ) (-7168 -192 14 ) 
4 324 325 (-7618.666504 -192 42 ) (-7600 -192 14 ) (-7632 -256 14 ) (-7650.666992 -256.001434 42 ) 
4 325 328 (-7634 -252 14 ) (-7604 -192 14 ) (-7600 -192 14 ) (-7632 -256 14 ) 
4 326 337 (-7803.329590 -206 10 ) (-7803.329590 -220 10 ) (-7909.330078 -220 10 ) (-7909.330078 -206 10 ) 
4 326 335 (-7909.330078 -192 10 ) (-7803.329590 -192 10 ) (-7803.329590 -198 10 ) (-7909.330078 -198 10 ) 
4 327 339 (-7803.329590 -320 10 ) (-7909.330078 -320 10 ) (-7909.330078 -292 10 ) (-7803.329590 -292 10 ) 
4 327 332 (-7909.330078 -320 10 ) (-7803.329590 -320 10 ) (-7800.997559 -320 14 ) (-7911.998047 -320 14 ) 
4 328 339 (-7168 -292 10 ) (-7168 -320 10 ) (-7682.669922 -320 10 ) (-7680.337891 -292 10 ) 
4 328 337 (-7168 -206 10 ) (-7168 -220 10 ) (-7674.342285 -220 10 ) (-7673.176270 -206 10 ) 
4 328 338 (-7168 -224 10 ) (-7168 -288 10 ) (-7680.004883 -288 10 ) (-7674.675293 -224 10 ) 
4 328 335 (-7168 -192 10 ) (-7168 -198 10 ) (-7672.509766 -198 10 ) (-7672.010254 -192 10 ) 
4 328 332 (-7682.669922 -320 10 ) (-7168 -320 10 ) (-7168 -320 14 ) (-7684.002441 -320 14 ) 
4 328 329 (-7678.672363 -255.996902 14 ) (-7673.342773 -192 14 ) (-7672.010254 -192 10 ) (-7677.339844 -255.998444 10 ) 
4 329 337 (-7673.176270 -206 10 ) (-7674.342285 -220 10 ) (-7680.337402 -220 10 ) (-7681.503418 -206 10 ) 
3 329 338 (-7674.675293 -224 10 ) (-7677.339844 -255.998444 10 ) (-7680.004395 -224 10 ) 
4 329 335 (-7682.669434 -192 10 ) (-7672.010254 -192 10 ) (-7672.509766 -198 10 ) (-7682.169922 -198 10 ) 
4 330 334 (-7168 -328 14 ) (-7168 -328 42 ) (-7698.666504 -328 42 ) (-7680 -328 14 ) 
4 330 332 (-7168 -328 14 ) (-7680 -328 14 ) (-7672 -320 14 ) (-7168 -320 14 ) 
4 331 334 (-7702.666016 -328 42 ) (-8032 -328 42 ) (-8032 -328 14 ) (-7684 -328 14 ) 
4 331 333 (-8032 -328 14 ) (-8032 -328 42 ) (-8032 -320 42 ) (-8032 -320 14 ) 
4 331 332 (-7684 -328 14 ) (-8032 -328 14 ) (-8032 -320 14 ) (-7676 -320 14 ) 
4 332 339 (-7168 -320 10 ) (-7168 -328 10 ) (-8032 -328 10 ) (-8032 -320 10 ) 
4 332 334 (-8032 -328 10 ) (-7168 -328 10 ) (-7168 -328 14 ) (-8032 -328 14 ) 
4 332 333 (-8032 -320 10 ) (-8032 -328 10 ) (-8032 -328 14 ) (-8032 -320 14 ) 
4 333 340 (-8128 -328 10 ) (-8128 -64 10 ) (-8100 -64 10 ) (-8100 -328 10 ) 
4 333 339 (-8032 -292 10 ) (-8032 -328 10 ) (-8100 -328 10 ) (-8100 -292 10 ) 
4 333 337 (-8032 -206 10 ) (-8032 -220 10 ) (-8100 -220 10 ) (-8100 -206 10 ) 
4 333 338 (-8032 -224 10 ) (-8032 -288 10 ) (-8100 -288 10 ) (-8100 -224 10 ) 
4 333 335 (-8100 -64 10 ) (-8032 -64 10 ) (-8032 -198 10 ) (-8100 -198 10 ) 
4 333 334 (-8128 -328 42 ) (-8128 -328 10 ) (-8032 -328 10 ) (-8032 -328 42 ) 
4 334 340 (-8128 -448 10 ) (-8128 -328 10 ) (-8100 -328 10 ) (-8100 -448 10 ) 
4 334 339 (-8100 -328 10 ) (-7168 -328 10 ) (-7168 -448 10 ) (-8100 -448 10 ) 
4 335 341 (-8100 -190 2 ) (-8100 -64 2 ) (-7168 -64 2 ) (-7168 -190 2 ) 
4 335 340 (-8100 -64 2 ) (-8100 -198 2 ) (-8100 -198 10 ) (-8100 -64 10 ) 
4 335 336 (-8100 -198 6 ) (-8100 -198 2 ) (-7168 -198 2 ) (-7168 -198 6 ) 
4 336 340 (-8100 -198 2 ) (-8100 -206 2 ) (-8100 -206 6 ) (-8100 -198 6 ) 
4 336 337 (-8100 -206 6 ) (-8100 -206 2 ) (-7168 -206 2 ) (-7168 -206 6 ) 
4 337 340 (-8100 -206 2 ) (-8100 -220 2 ) (-8100 -220 10 ) (-8100 -206 10 ) 
4 338 340 (-8100 -224 2 ) (-8100 -288 2 ) (-8100 -288 10 ) (-8100 -224 10 ) 
4 339 342 (-7168 -448 2 ) (-8100 -448 2 ) (-8100 -318 2 ) (-7168 -318 2 ) 
4 339 340 (-8100 -292 2 ) (-8100 -448 2 ) (-8100 -448 10 ) (-8100 -292 10 ) 
4 340 343 (-8100 -448 2 ) (-8128 -448 2 ) (-8128 -64 2 ) (-8100 -64 2 ) 
4 341 343 (-8100 -64 2 ) (-8100 -64 0 ) (-8100 -190 0 ) (-8100 -190 2 ) 
4 342 343 (-8100 -318 0 ) (-8100 -448 0 ) (-8100 -448 2 ) (-8100 -318 2 ) 
