


materialPath: D:\steam\steamapps\sourcemods\entropyzero2-addonworkspace\materials
Loading d:\steam\steamapps\sourcemods\entropyzero2-addonworkspace\mapsrc\subway01_entrance.vmf
ConVarRef mat_reduceparticles doesn't point to an existing ConVar
Patching WVT material: maps/subway01_entrance/nature/rocks_red_grass_wvt_patch
fixing up env_cubemap materials on brush sides...
0...1...2...3...4...5...6...7...8...9...100...1...2...3...4...5...6...7...8...9...10Processing areas...done (0)
Building Faces...done (0)
Chop Details...done (0)
Find Visible Detail Sides...
Merged 228 detail faces...done (0)
Merging details...done (0)
FixTjuncs...
PruneNodes...
WriteBSP...
done (0)
writing d:\steam\steamapps\sourcemods\entropyzero2-addonworkspace\mapsrc\subway01_entrance.prt...Building visibility clusters...
done (0)
Finding displacement neighbors...
Finding lightmap sample positions...
Displacement Alpha : 0...1...2...3...4...5...6...7...8...9...10
Building Physics collision data...
done (0) (218891 bytes)
Placing static props...
Placing detail props : 0...1...2...3...4...5...6...7...8...9...10
Compacting texture/material tables...
Reduced 582 texinfos to 331
Reduced 40 texdatas to 36 (1037 bytes to 861)
Writing d:\steam\steamapps\sourcemods\entropyzero2-addonworkspace\mapsrc\subway01_entrance.bsp
0 seconds elapsed



12 threads
reading d:\steam\steamapps\sourcemods\entropyzero2-addonworkspace\mapsrc\subway01_entrance.bsp
reading d:\steam\steamapps\sourcemods\entropyzero2-addonworkspace\mapsrc\subway01_entrance.prt
 324 portalclusters
 940 numportals
0...1...2...3...4...5...6...7...8...9...10Optimized: 504 visible clusters (0.50%)
Total clusters visible: 101302
Average clusters visible: 312
Building PAS...
Average clusters audible: 324
visdatasize:29163  compressed from 31104
writing d:\steam\steamapps\sourcemods\entropyzero2-addonworkspace\mapsrc\subway01_entrance.bsp
0 seconds elapsed



[Reading texlights from 'lights.rad']
[48 texlights parsed from 'lights.rad']

Loading d:\steam\steamapps\sourcemods\entropyzero2-addonworkspace\mapsrc\subway01_entrance.bsp
1851 faces
1306870 square feet [188189280.00 square inches]
0 Displacements
0 Square Feet [0.00 Square Inches]
1851 patches before subdivision
10899 patches after subdivision
10 direct lights
0...1...2...3...4...5...6...7...8...9...100...1...2...3...4...5...6...7...8...9...10transfers 1510302, max 701
transfer lists:  11.5 megs
0...1...2...3...4...5...6...7...8...9...10	Bounce #1 added RGB(7992, 15016, 14670)
0...1...2...3...4...5...6...7...8...9...10	Bounce #2 added RGB(1894, 3346, 2806)
Build Patch/Sample Hash Table(s).....Done<0.0016 sec>
0...1...2...3...4...5...6...7...8...9...10FinalLightFace Done
0 of 0 (0% of) surface lights went in leaf ambient cubes.
0...1...2...3...4...5...6...7...8...9...10Writing leaf ambient...done
Ready to Finish

Object names       Objects/Maxobjs  Memory / Maxmem  Fullness 
------------       ---------------  ---------------  -------- 
models                   7/1024          336/49152    ( 0.7%) 
brushes                621/8192         7452/98304    ( 7.6%) 
brushsides            4892/65536       39136/524288   ( 7.5%) 
planes                2098/65536       41960/1310720  ( 3.2%) 
vertexes              3065/65536       36780/786432   ( 4.7%) 
nodes                  785/65536       25120/2097152  ( 1.2%) 
texinfos               331/12288       23832/884736   ( 2.7%) 
texdata                 36/2048         1152/65536    ( 1.8%) 
dispinfos                0/0               0/0        ( 0.0%) 
disp_verts               0/0               0/0        ( 0.0%) 
disp_tris                0/0               0/0        ( 0.0%) 
disp_lmsamples           0/0               0/0        ( 0.0%) 
faces                 1851/65536      103656/3670016  ( 2.8%) 
hdr faces                0/65536           0/3670016  ( 0.0%) 
origfaces             1360/65536       76160/3670016  ( 2.1%) 
leaves                 793/65536       25376/2097152  ( 1.2%) 
leaffaces             2254/65536        4508/131072   ( 3.4%) 
leafbrushes           1124/65536        2248/131072   ( 1.7%) 
areas                    2/256            16/2048     ( 0.8%) 
surfedges            14643/512000      58572/2048000  ( 2.9%) 
edges                 8943/256000      35772/1024000  ( 3.5%) 
LDR worldlights         10/65536         880/5767168  ( 0.0%) 
HDR worldlights          0/65536           0/5767168  ( 0.0%) 
leafwaterdata            0/32768           0/393216   ( 0.0%) 
waterstrips            268/32768        2680/327680   ( 0.8%) 
waterverts               0/65536           0/786432   ( 0.0%) 
waterindices          5412/65536       10824/131072   ( 8.3%) 
cubemapsamples           0/1024            0/16384    ( 0.0%) 
overlays                 4/8192         1408/2883584  ( 0.0%) 
LDR lightdata         [variable]      412868/0        ( 0.0%) 
HDR lightdata         [variable]           0/0        ( 0.0%) 
visdata               [variable]       29163/16777216 ( 0.2%) 
entdata               [variable]       10086/393216   ( 2.6%) 
LDR ambient table      793/65536        3172/262144   ( 1.2%) 
HDR ambient table      793/65536        3172/262144   ( 1.2%) 
LDR leaf ambient      2414/65536       67592/1835008  ( 3.7%) 
HDR leaf ambient       793/65536       22204/1835008  ( 1.2%) 
occluders                0/0               0/0        ( 0.0%) 
occluder polygons        0/0               0/0        ( 0.0%) 
occluder vert ind        0/0               0/0        ( 0.0%) 
detail props          [variable]           1/12       ( 8.3%) 
static props          [variable]           1/7070     ( 0.0%) 
pakfile               [variable]        1545/0        ( 0.0%) 
physics               [variable]      218891/4194304  ( 5.2%) 
physics terrain       [variable]           2/1048576  ( 0.0%) 

Level flags = 0

Total triangle count: 5502
Writing d:\steam\steamapps\sourcemods\entropyzero2-addonworkspace\mapsrc\subway01_entrance.bsp
1 second elapsed



materialPath: D:\steam\steamapps\sourcemods\entropyzero2-addonworkspace\materials
Loading d:\steam\steamapps\sourcemods\entropyzero2-addonworkspace\mapsrc\subway01_entrance.vmf
ConVarRef mat_reduceparticles doesn't point to an existing ConVar
Patching WVT material: maps/subway01_entrance/nature/rocks_red_grass_wvt_patch
fixing up env_cubemap materials on brush sides...
0...1...2...3...4...5...6...7...8...9...100...1...2...3...4...5...6...7...8...9...10Processing areas...done (0)
Building Faces...done (0)
Chop Details...done (0)
Find Visible Detail Sides...
Merged 274 detail faces...done (0)
Merging details...done (0)
FixTjuncs...
PruneNodes...
WriteBSP...
done (0)
writing d:\steam\steamapps\sourcemods\entropyzero2-addonworkspace\mapsrc\subway01_entrance.prt...Building visibility clusters...
done (0)
Finding displacement neighbors...
Finding lightmap sample positions...
Displacement Alpha : 0...1...2...3...4...5...6...7...8...9...10
Building Physics collision data...
done (0) (470253 bytes)
Placing static props...
Error! To use model "models/props_trainstation/passengercar001.mdl"
      with prop_static, it must be compiled with $staticprop!
Error loading studio model "models/props_trainstation/passengercar001.mdl"!
Placing detail props : 0...1...2...3...4...5...6...7...8...9...10
Compacting texture/material tables...
Reduced 817 texinfos to 518
Reduced 57 texdatas to 53 (1447 bytes to 1271)
Writing d:\steam\steamapps\sourcemods\entropyzero2-addonworkspace\mapsrc\subway01_entrance.bsp
0 seconds elapsed



12 threads
reading d:\steam\steamapps\sourcemods\entropyzero2-addonworkspace\mapsrc\subway01_entrance.bsp
reading d:\steam\steamapps\sourcemods\entropyzero2-addonworkspace\mapsrc\subway01_entrance.prt
 708 portalclusters
2208 numportals
0...1...2...3...4...5...6...7...8...9...10Optimized: 11121 visible clusters (2.66%)
Total clusters visible: 418523
Average clusters visible: 591
Building PAS...
Average clusters audible: 702
visdatasize:131461  compressed from 135936
writing d:\steam\steamapps\sourcemods\entropyzero2-addonworkspace\mapsrc\subway01_entrance.bsp
0 seconds elapsed



[Reading texlights from 'lights.rad']
[48 texlights parsed from 'lights.rad']

Loading d:\steam\steamapps\sourcemods\entropyzero2-addonworkspace\mapsrc\subway01_entrance.bsp
4299 faces
1 degenerate faces
1419133 square feet [204355280.00 square inches]
0 Displacements
0 Square Feet [0.00 Square Inches]
4298 patches before subdivision
28494 patches after subdivision
16 direct lights
0...1...2...3...4...5...6...7...8...9...100...1...2...3...4...5...6...7...8...9...10transfers 5031946, max 838
transfer lists:  38.4 megs
0...1...2...3...4...5...6...7...8...9...10	Bounce #1 added RGB(21815, 21659, 18249)
0...1...2...3...4...5...6...7...8...9...10	Bounce #2 added RGB(5390, 4991, 3605)
Build Patch/Sample Hash Table(s).....Done<0.0063 sec>
0...1...2...3...4...5...6...7...8...9...10FinalLightFace Done
0 of 0 (0% of) surface lights went in leaf ambient cubes.
0...1...2...3...4...5...6...7...8...9...10Writing leaf ambient...done
Ready to Finish

Object names       Objects/Maxobjs  Memory / Maxmem  Fullness 
------------       ---------------  ---------------  -------- 
models                   7/1024          336/49152    ( 0.7%) 
brushes               1325/8192        15900/98304    (16.2%) 
brushsides           10842/65536       86736/524288   (16.5%) 
planes                2854/65536       57080/1310720  ( 4.4%) 
vertexes              6766/65536       81192/786432   (10.3%) 
nodes                 1558/65536       49856/2097152  ( 2.4%) 
texinfos               518/12288       37296/884736   ( 4.2%) 
texdata                 53/2048         1696/65536    ( 2.6%) 
dispinfos                0/0               0/0        ( 0.0%) 
disp_verts               0/0               0/0        ( 0.0%) 
disp_tris                0/0               0/0        ( 0.0%) 
disp_lmsamples           0/0               0/0        ( 0.0%) 
faces                 4299/65536      240744/3670016  ( 6.6%) 
hdr faces                0/65536           0/3670016  ( 0.0%) 
origfaces             3162/65536      177072/3670016  ( 4.8%) 
leaves                1566/65536       50112/2097152  ( 2.4%) 
leaffaces             5007/65536       10014/131072   ( 7.6%) 
leafbrushes           2381/65536        4762/131072   ( 3.6%) 
areas                    2/256            16/2048     ( 0.8%) 
surfedges            34046/512000     136184/2048000  ( 6.6%) 
edges                20431/256000      81724/1024000  ( 8.0%) 
LDR worldlights         16/65536        1408/5767168  ( 0.0%) 
HDR worldlights          0/65536           0/5767168  ( 0.0%) 
leafwaterdata            0/32768           0/393216   ( 0.0%) 
waterstrips            607/32768        6070/327680   ( 1.9%) 
waterverts               0/65536           0/786432   ( 0.0%) 
waterindices         12759/65536       25518/131072   (19.5%) 
cubemapsamples           0/1024            0/16384    ( 0.0%) 
overlays                 7/8192         2464/2883584  ( 0.1%) 
LDR lightdata         [variable]     1003960/0        ( 0.0%) 
HDR lightdata         [variable]           0/0        ( 0.0%) 
visdata               [variable]      131461/16777216 ( 0.8%) 
entdata               [variable]       12460/393216   ( 3.2%) 
LDR ambient table     1566/65536        6264/262144   ( 2.4%) 
HDR ambient table     1566/65536        6264/262144   ( 2.4%) 
LDR leaf ambient      4705/65536      131740/1835008  ( 7.2%) 
HDR leaf ambient      1566/65536       43848/1835008  ( 2.4%) 
occluders                0/0               0/0        ( 0.0%) 
occluder polygons        0/0               0/0        ( 0.0%) 
occluder vert ind        0/0               0/0        ( 0.0%) 
detail props          [variable]           1/12       ( 8.3%) 
static props          [variable]           1/8246     ( 0.0%) 
pakfile               [variable]        1545/0        ( 0.0%) 
physics               [variable]      470253/4194304  (11.2%) 
physics terrain       [variable]           2/1048576  ( 0.0%) 

Level flags = 0

Total triangle count: 12793
Writing d:\steam\steamapps\sourcemods\entropyzero2-addonworkspace\mapsrc\subway01_entrance.bsp
4 seconds elapsed



materialPath: D:\steam\steamapps\sourcemods\entropyzero2-addonworkspace\materials
Loading d:\steam\steamapps\sourcemods\entropyzero2-addonworkspace\mapsrc\subway01_entrance.vmf
ConVarRef mat_reduceparticles doesn't point to an existing ConVar
Patching WVT material: maps/subway01_entrance/nature/rocks_red_grass_wvt_patch
fixing up env_cubemap materials on brush sides...
0...1...2...3...4...5...6...7...8...9...100...1...2...3...4...5...6...7...8...9...10Processing areas...done (0)
Building Faces...done (0)
Chop Details...done (0)
Find Visible Detail Sides...
Merged 278 detail faces...done (0)
Merging details...done (0)
FixTjuncs...
PruneNodes...
WriteBSP...
done (0)
writing d:\steam\steamapps\sourcemods\entropyzero2-addonworkspace\mapsrc\subway01_entrance.prt...Building visibility clusters...
done (0)
Finding displacement neighbors...
Finding lightmap sample positions...
Displacement Alpha : 0...1...2...3...4...5...6...7...8...9...10
Building Physics collision data...
done (0) (467917 bytes)
Placing static props...
Error! To use model "models/props_trainstation/passengercar001.mdl"
      with prop_static, it must be compiled with $staticprop!
Error loading studio model "models/props_trainstation/passengercar001.mdl"!
Placing detail props : 0...1...2...3...4...5...6...7...8...9...10
Compacting texture/material tables...
Reduced 815 texinfos to 515
Reduced 57 texdatas to 52 (1447 bytes to 1252)
Writing d:\steam\steamapps\sourcemods\entropyzero2-addonworkspace\mapsrc\subway01_entrance.bsp
1 second elapsed



12 threads
reading d:\steam\steamapps\sourcemods\entropyzero2-addonworkspace\mapsrc\subway01_entrance.bsp
reading d:\steam\steamapps\sourcemods\entropyzero2-addonworkspace\mapsrc\subway01_entrance.prt
 721 portalclusters
2292 numportals
0...1...2...3...4...5...6...7...8...9...10Optimized: 12177 visible clusters (2.81%)
Total clusters visible: 434022
Average clusters visible: 601
Building PAS...
Average clusters audible: 715
visdatasize:137199  compressed from 138432
writing d:\steam\steamapps\sourcemods\entropyzero2-addonworkspace\mapsrc\subway01_entrance.bsp
0 seconds elapsed



[Reading texlights from 'lights.rad']
[48 texlights parsed from 'lights.rad']

Loading d:\steam\steamapps\sourcemods\entropyzero2-addonworkspace\mapsrc\subway01_entrance.bsp
4334 faces
1418907 square feet [204322640.00 square inches]
0 Displacements
0 Square Feet [0.00 Square Inches]
4334 patches before subdivision
28764 patches after subdivision
16 direct lights
0...1...2...3...4...5...6...7...8...9...100...1...2...3...4...5...6...7...8...9...10transfers 5106641, max 864
transfer lists:  39.0 megs
0...1...2...3...4...5...6...7...8...9...10	Bounce #1 added RGB(22280, 22223, 18633)
0...1...2...3...4...5...6...7...8...9...10	Bounce #2 added RGB(5866, 5499, 3950)
Build Patch/Sample Hash Table(s).....Done<0.0048 sec>
0...1...2...3...4...5...6...7...8...9...10FinalLightFace Done
0 of 0 (0% of) surface lights went in leaf ambient cubes.
0...1...2...3...4...5...6...7...8...9...10Writing leaf ambient...done
Ready to Finish

Object names       Objects/Maxobjs  Memory / Maxmem  Fullness 
------------       ---------------  ---------------  -------- 
models                   7/1024          336/49152    ( 0.7%) 
brushes               1325/8192        15900/98304    (16.2%) 
brushsides           10617/65536       84936/524288   (16.2%) 
planes                2736/65536       54720/1310720  ( 4.2%) 
vertexes              6892/65536       82704/786432   (10.5%) 
nodes                 1590/65536       50880/2097152  ( 2.4%) 
texinfos               515/12288       37080/884736   ( 4.2%) 
texdata                 52/2048         1664/65536    ( 2.5%) 
dispinfos                0/0               0/0        ( 0.0%) 
disp_verts               0/0               0/0        ( 0.0%) 
disp_tris                0/0               0/0        ( 0.0%) 
disp_lmsamples           0/0               0/0        ( 0.0%) 
faces                 4334/65536      242704/3670016  ( 6.6%) 
hdr faces                0/65536           0/3670016  ( 0.0%) 
origfaces             3172/65536      177632/3670016  ( 4.8%) 
leaves                1598/65536       51136/2097152  ( 2.4%) 
leaffaces             5000/65536       10000/131072   ( 7.6%) 
leafbrushes           2478/65536        4956/131072   ( 3.8%) 
areas                    2/256            16/2048     ( 0.8%) 
surfedges            34411/512000     137644/2048000  ( 6.7%) 
edges                20576/256000      82304/1024000  ( 8.0%) 
LDR worldlights         16/65536        1408/5767168  ( 0.0%) 
HDR worldlights          0/65536           0/5767168  ( 0.0%) 
leafwaterdata            0/32768           0/393216   ( 0.0%) 
waterstrips            639/32768        6390/327680   ( 2.0%) 
waterverts               0/65536           0/786432   ( 0.0%) 
waterindices         13473/65536       26946/131072   (20.6%) 
cubemapsamples           0/1024            0/16384    ( 0.0%) 
overlays                 7/8192         2464/2883584  ( 0.1%) 
LDR lightdata         [variable]     1004256/0        ( 0.0%) 
HDR lightdata         [variable]           0/0        ( 0.0%) 
visdata               [variable]      137199/16777216 ( 0.8%) 
entdata               [variable]       12424/393216   ( 3.2%) 
LDR ambient table     1598/65536        6392/262144   ( 2.4%) 
HDR ambient table     1598/65536        6392/262144   ( 2.4%) 
LDR leaf ambient      5177/65536      144956/1835008  ( 7.9%) 
HDR leaf ambient      1598/65536       44744/1835008  ( 2.4%) 
occluders                0/0               0/0        ( 0.0%) 
occluder polygons        0/0               0/0        ( 0.0%) 
occluder vert ind        0/0               0/0        ( 0.0%) 
detail props          [variable]           1/12       ( 8.3%) 
static props          [variable]           1/8276     ( 0.0%) 
pakfile               [variable]        1545/0        ( 0.0%) 
physics               [variable]      467917/4194304  (11.2%) 
physics terrain       [variable]           2/1048576  ( 0.0%) 

Level flags = 0

Total triangle count: 13048
Writing d:\steam\steamapps\sourcemods\entropyzero2-addonworkspace\mapsrc\subway01_entrance.bsp
4 seconds elapsed
