


materialPath: D:\steam\steamapps\sourcemods\entropyzero2-addonworkspace\materials
Loading d:\steam\steamapps\sourcemods\entropyzero2-addonworkspace\mapsrc\subway01_new.vmf
ConVarRef mat_reduceparticles doesn't point to an existing ConVar
fixing up env_cubemap materials on brush sides...
0...1...2...3...4...5...6...7...8...9...100...1...2...3...4...5...6...7...8...9...10Processing areas...done (0)
Building Faces...done (0)
Chop Details...done (0)
Find Visible Detail Sides...
Merged 4 detail faces...done (0)
Merging details...done (0)
FixTjuncs...
PruneNodes...
WriteBSP...
done (0)
writing d:\steam\steamapps\sourcemods\entropyzero2-addonworkspace\mapsrc\subway01_new.prt...Building visibility clusters...
done (0)
Finding displacement neighbors...
Finding lightmap sample positions...
Displacement Alpha : 0...1...2...3...4...5...6...7...8...9...10
Building Physics collision data...
done (0) (11589 bytes)
Placing static props...
Placing detail props : 0...1...2...3...4...5...6...7...8...9...10
Compacting texture/material tables...
Reduced 42 texinfos to 29
Reduced 11 texdatas to 11 (239 bytes to 239)
Writing d:\steam\steamapps\sourcemods\entropyzero2-addonworkspace\mapsrc\subway01_new.bsp
0 seconds elapsed



12 threads
reading d:\steam\steamapps\sourcemods\entropyzero2-addonworkspace\mapsrc\subway01_new.bsp
reading d:\steam\steamapps\sourcemods\entropyzero2-addonworkspace\mapsrc\subway01_new.prt
  75 portalclusters
 198 numportals
0...1...2...3...4...5...6...7...8...9...10Optimized: 18 visible clusters (0.34%)
Total clusters visible: 5241
Average clusters visible: 69
Building PAS...
Average clusters audible: 75
visdatasize:2105  compressed from 2400
writing d:\steam\steamapps\sourcemods\entropyzero2-addonworkspace\mapsrc\subway01_new.bsp
0 seconds elapsed



[Reading texlights from 'lights.rad']
[48 texlights parsed from 'lights.rad']

Loading d:\steam\steamapps\sourcemods\entropyzero2-addonworkspace\mapsrc\subway01_new.bsp
208 faces
528435 square feet [76094680.00 square inches]
0 Displacements
0 Square Feet [0.00 Square Inches]
208 patches before subdivision
808 patches after subdivision
1 direct lights
0...1...2...3...4...5...6...7...8...9...100...1...2...3...4...5...6...7...8...9...10transfers 32586, max 128
transfer lists:   0.2 megs
0...1...2...3...4...5...6...7...8...9...10	Bounce #1 added RGB(1262, 860, 393)
0...1...2...3...4...5...6...7...8...9...10	Bounce #2 added RGB(341, 208, 75)
Build Patch/Sample Hash Table(s).....Done<0.0001 sec>
0...1...2...3...4...5...6...7...8...9...10FinalLightFace Done
0 of 0 (0% of) surface lights went in leaf ambient cubes.
0...1...2...3...4...5...6...7...8...9...10Writing leaf ambient...done
Ready to Finish

Object names       Objects/Maxobjs  Memory / Maxmem  Fullness 
------------       ---------------  ---------------  -------- 
models                   1/1024           48/49152    ( 0.1%) 
brushes                 31/8192          372/98304    ( 0.4%) 
brushsides             261/65536        2088/524288   ( 0.4%) 
planes                 272/65536        5440/1310720  ( 0.4%) 
vertexes               268/65536        3216/786432   ( 0.4%) 
nodes                  206/65536        6592/2097152  ( 0.3%) 
texinfos                29/12288        2088/884736   ( 0.2%) 
texdata                 11/2048          352/65536    ( 0.5%) 
dispinfos                0/0               0/0        ( 0.0%) 
disp_verts               0/0               0/0        ( 0.0%) 
disp_tris                0/0               0/0        ( 0.0%) 
disp_lmsamples           0/0               0/0        ( 0.0%) 
faces                  208/65536       11648/3670016  ( 0.3%) 
hdr faces                0/65536           0/3670016  ( 0.0%) 
origfaces               89/65536        4984/3670016  ( 0.1%) 
leaves                 208/65536        6656/2097152  ( 0.3%) 
leaffaces              253/65536         506/131072   ( 0.4%) 
leafbrushes            147/65536         294/131072   ( 0.2%) 
areas                    2/256            16/2048     ( 0.8%) 
surfedges             1257/512000       5028/2048000  ( 0.2%) 
edges                  708/256000       2832/1024000  ( 0.3%) 
LDR worldlights          1/65536          88/5767168  ( 0.0%) 
HDR worldlights          0/65536           0/5767168  ( 0.0%) 
leafwaterdata            0/32768           0/393216   ( 0.0%) 
waterstrips              6/32768          60/327680   ( 0.0%) 
waterverts               0/65536           0/786432   ( 0.0%) 
waterindices            81/65536         162/131072   ( 0.1%) 
cubemapsamples           0/1024            0/16384    ( 0.0%) 
overlays                 0/8192            0/2883584  ( 0.0%) 
LDR lightdata         [variable]       32060/0        ( 0.0%) 
HDR lightdata         [variable]           0/0        ( 0.0%) 
visdata               [variable]        2105/16777216 ( 0.0%) 
entdata               [variable]        2082/393216   ( 0.5%) 
LDR ambient table      208/65536         832/262144   ( 0.3%) 
HDR ambient table      208/65536         832/262144   ( 0.3%) 
LDR leaf ambient       257/65536        7196/1835008  ( 0.4%) 
HDR leaf ambient       208/65536        5824/1835008  ( 0.3%) 
occluders                0/0               0/0        ( 0.0%) 
occluder polygons        0/0               0/0        ( 0.0%) 
occluder vert ind        0/0               0/0        ( 0.0%) 
detail props          [variable]           1/12       ( 8.3%) 
static props          [variable]           1/610      ( 0.2%) 
pakfile               [variable]          54/0        ( 0.0%) 
physics               [variable]       11589/4194304  ( 0.3%) 
physics terrain       [variable]           2/1048576  ( 0.0%) 

Level flags = 0

Total triangle count: 479
Writing d:\steam\steamapps\sourcemods\entropyzero2-addonworkspace\mapsrc\subway01_new.bsp
0 seconds elapsed



materialPath: D:\steam\steamapps\sourcemods\entropyzero2-addonworkspace\materials
Loading d:\steam\steamapps\sourcemods\entropyzero2-addonworkspace\mapsrc\subway01_new.vmf
ConVarRef mat_reduceparticles doesn't point to an existing ConVar
fixing up env_cubemap materials on brush sides...
0...1...2...3...4...5...6...7...8...9...100...1...2...3...4...5...6...7...8...9...10Processing areas...done (0)
Building Faces...done (0)
Chop Details...done (0)
Find Visible Detail Sides...done (0)
Merging details...done (0)
FixTjuncs...
PruneNodes...
WriteBSP...
done (0)
writing d:\steam\steamapps\sourcemods\entropyzero2-addonworkspace\mapsrc\subway01_new.prt...Building visibility clusters...
done (0)
Finding displacement neighbors...
Finding lightmap sample positions...
Displacement Alpha : 0...1...2...3...4...5...6...7...8...9...10
Building Physics collision data...
done (0) (18317 bytes)
Placing static props...
Unable to load vertex data "models/props\razortest1.vvd"



materialPath: D:\steam\steamapps\sourcemods\entropyzero2-addonworkspace\materials
Loading d:\steam\steamapps\sourcemods\entropyzero2-addonworkspace\mapsrc\subway01_new.vmf
ConVarRef mat_reduceparticles doesn't point to an existing ConVar
fixing up env_cubemap materials on brush sides...
0...1...2...3...4...5...6...7...8...9...100...1...2...3...4...5...6...7...8...9...10Processing areas...done (0)
Building Faces...done (0)
Chop Details...done (0)
Find Visible Detail Sides...done (0)
Merging details...done (0)
FixTjuncs...
PruneNodes...
WriteBSP...
done (0)
writing d:\steam\steamapps\sourcemods\entropyzero2-addonworkspace\mapsrc\subway01_new.prt...Building visibility clusters...
done (0)
Finding displacement neighbors...
Finding lightmap sample positions...
Displacement Alpha : 0...1...2...3...4...5...6...7...8...9...10
Building Physics collision data...
done (0) (18317 bytes)
Placing static props...
Placing detail props : 0...1...2...3...4...5...6...7...8...9...10
Compacting texture/material tables...
Reduced 112 texinfos to 106
Reduced 6 texdatas to 6 (124 bytes to 124)
Writing d:\steam\steamapps\sourcemods\entropyzero2-addonworkspace\mapsrc\subway01_new.bsp
0 seconds elapsed



12 threads
reading d:\steam\steamapps\sourcemods\entropyzero2-addonworkspace\mapsrc\subway01_new.bsp
reading d:\steam\steamapps\sourcemods\entropyzero2-addonworkspace\mapsrc\subway01_new.prt
  64 portalclusters
 182 numportals
0...1...2...3...4...5...6...7...8...9...10Optimized: 0 visible clusters (0.00%)
Total clusters visible: 4068
Average clusters visible: 63
Building PAS...
Average clusters audible: 64
visdatasize:1540  compressed from 1024
writing d:\steam\steamapps\sourcemods\entropyzero2-addonworkspace\mapsrc\subway01_new.bsp
0 seconds elapsed



[Reading texlights from 'lights.rad']
[48 texlights parsed from 'lights.rad']

Loading d:\steam\steamapps\sourcemods\entropyzero2-addonworkspace\mapsrc\subway01_new.bsp
582 faces
538522 square feet [77547168.00 square inches]
0 Displacements
0 Square Feet [0.00 Square Inches]
582 patches before subdivision
5866 patches after subdivision
0 direct lights
0...1...2...3...4...5...6...7...8...9...100...1...2...3...4...5...6...7...8...9...10transfers 370324, max 315
transfer lists:   2.8 megs
0...1...2...3...4...5...6...7...8...9...10	Bounce #1 added RGB(0, 0, 0)
Build Patch/Sample Hash Table(s).....Done<0.0006 sec>
0...1...2...3...4...5...6...7...8...9...10FinalLightFace Done
0 of 0 (0% of) surface lights went in leaf ambient cubes.
0...1...2...3...4...5...6...7...8...9...10Writing leaf ambient...done
Ready to Finish

Object names       Objects/Maxobjs  Memory / Maxmem  Fullness 
------------       ---------------  ---------------  -------- 
models                   1/1024           48/49152    ( 0.1%) 
brushes                 47/8192          564/98304    ( 0.6%) 
brushsides             282/65536        2256/524288   ( 0.4%) 
planes                 296/65536        5920/1310720  ( 0.5%) 
vertexes               692/65536        8304/786432   ( 1.1%) 
nodes                  185/65536        5920/2097152  ( 0.3%) 
texinfos               106/12288        7632/884736   ( 0.9%) 
texdata                  6/2048          192/65536    ( 0.3%) 
dispinfos                0/0               0/0        ( 0.0%) 
disp_verts               0/0               0/0        ( 0.0%) 
disp_tris                0/0               0/0        ( 0.0%) 
disp_lmsamples           0/0               0/0        ( 0.0%) 
faces                  582/65536       32592/3670016  ( 0.9%) 
hdr faces                0/65536           0/3670016  ( 0.0%) 
origfaces              240/65536       13440/3670016  ( 0.4%) 
leaves                 187/65536        5984/2097152  ( 0.3%) 
leaffaces              702/65536        1404/131072   ( 1.1%) 
leafbrushes            170/65536         340/131072   ( 0.3%) 
areas                    2/256            16/2048     ( 0.8%) 
surfedges             3290/512000      13160/2048000  ( 0.6%) 
edges                 1706/256000       6824/1024000  ( 0.7%) 
LDR worldlights          0/65536           0/5767168  ( 0.0%) 
HDR worldlights          0/65536           0/5767168  ( 0.0%) 
leafwaterdata            0/32768           0/393216   ( 0.0%) 
waterstrips              0/32768           0/327680   ( 0.0%) 
waterverts               0/65536           0/786432   ( 0.0%) 
waterindices             0/65536           0/131072   ( 0.0%) 
cubemapsamples           0/1024            0/16384    ( 0.0%) 
overlays                 0/8192            0/2883584  ( 0.0%) 
LDR lightdata         [variable]      140272/0        ( 0.0%) 
HDR lightdata         [variable]           0/0        ( 0.0%) 
visdata               [variable]        1540/16777216 ( 0.0%) 
entdata               [variable]        1093/393216   ( 0.3%) 
LDR ambient table      187/65536         748/262144   ( 0.3%) 
HDR ambient table      187/65536         748/262144   ( 0.3%) 
LDR leaf ambient        64/65536        1792/1835008  ( 0.1%) 
HDR leaf ambient       187/65536        5236/1835008  ( 0.3%) 
occluders                0/0               0/0        ( 0.0%) 
occluder polygons        0/0               0/0        ( 0.0%) 
occluder vert ind        0/0               0/0        ( 0.0%) 
detail props          [variable]           1/12       ( 8.3%) 
static props          [variable]           1/350      ( 0.3%) 
pakfile               [variable]          54/0        ( 0.0%) 
physics               [variable]       18317/4194304  ( 0.4%) 
physics terrain       [variable]           2/1048576  ( 0.0%) 

Level flags = 0

Total triangle count: 1166
Writing d:\steam\steamapps\sourcemods\entropyzero2-addonworkspace\mapsrc\subway01_new.bsp
0 seconds elapsed



materialPath: D:\steam\steamapps\sourcemods\entropyzero2-addonworkspace\materials
Loading d:\steam\steamapps\sourcemods\entropyzero2-addonworkspace\mapsrc\subway01_new.vmf
ConVarRef mat_reduceparticles doesn't point to an existing ConVar
fixing up env_cubemap materials on brush sides...
0...1...2...3...4...5...6...7...8...9...100...1...2...3...4...5...6...7...8...9...10Processing areas...done (0)
Building Faces...done (0)
Chop Details...done (0)
Find Visible Detail Sides...done (0)
Merging details...done (0)
FixTjuncs...
PruneNodes...
WriteBSP...
done (0)
writing d:\steam\steamapps\sourcemods\entropyzero2-addonworkspace\mapsrc\subway01_new.prt...Building visibility clusters...
done (0)
Finding displacement neighbors...
Finding lightmap sample positions...
Displacement Alpha : 0...1...2...3...4...5...6...7...8...9...10
Building Physics collision data...
done (0) (18317 bytes)
Placing static props...
Placing detail props : 0...1...2...3...4...5...6...7...8...9...10
Compacting texture/material tables...
Reduced 112 texinfos to 106
Reduced 6 texdatas to 6 (124 bytes to 124)
Writing d:\steam\steamapps\sourcemods\entropyzero2-addonworkspace\mapsrc\subway01_new.bsp
0 seconds elapsed



12 threads
reading d:\steam\steamapps\sourcemods\entropyzero2-addonworkspace\mapsrc\subway01_new.bsp
reading d:\steam\steamapps\sourcemods\entropyzero2-addonworkspace\mapsrc\subway01_new.prt
  64 portalclusters
 182 numportals
0...1...2...3...4...5...6...7...8...9...10Optimized: 0 visible clusters (0.00%)
Total clusters visible: 4068
Average clusters visible: 63
Building PAS...
Average clusters audible: 64
visdatasize:1540  compressed from 1024
writing d:\steam\steamapps\sourcemods\entropyzero2-addonworkspace\mapsrc\subway01_new.bsp
0 seconds elapsed



[Reading texlights from 'lights.rad']
[48 texlights parsed from 'lights.rad']

Loading d:\steam\steamapps\sourcemods\entropyzero2-addonworkspace\mapsrc\subway01_new.bsp
582 faces
538522 square feet [77547168.00 square inches]
0 Displacements
0 Square Feet [0.00 Square Inches]
582 patches before subdivision
5866 patches after subdivision
1 direct lights
0...1...2...3...4...5...6...7...8...9...100...1...2...3...4...5...6...7...8...9...10transfers 370324, max 315
transfer lists:   2.8 megs
0...1...2...3...4...5...6...7...8...9...10	Bounce #1 added RGB(1, 11, 7)
0...1...2...3...4...5...6...7...8...9...10	Bounce #2 added RGB(0, 0, 0)
Build Patch/Sample Hash Table(s).....Done<0.0004 sec>
0...1...2...3...4...5...6...7...8...9...10FinalLightFace Done
0 of 0 (0% of) surface lights went in leaf ambient cubes.
0...1...2...3...4...5...6...7...8...9...10Writing leaf ambient...done
Ready to Finish

Object names       Objects/Maxobjs  Memory / Maxmem  Fullness 
------------       ---------------  ---------------  -------- 
models                   1/1024           48/49152    ( 0.1%) 
brushes                 47/8192          564/98304    ( 0.6%) 
brushsides             282/65536        2256/524288   ( 0.4%) 
planes                 296/65536        5920/1310720  ( 0.5%) 
vertexes               692/65536        8304/786432   ( 1.1%) 
nodes                  185/65536        5920/2097152  ( 0.3%) 
texinfos               106/12288        7632/884736   ( 0.9%) 
texdata                  6/2048          192/65536    ( 0.3%) 
dispinfos                0/0               0/0        ( 0.0%) 
disp_verts               0/0               0/0        ( 0.0%) 
disp_tris                0/0               0/0        ( 0.0%) 
disp_lmsamples           0/0               0/0        ( 0.0%) 
faces                  582/65536       32592/3670016  ( 0.9%) 
hdr faces                0/65536           0/3670016  ( 0.0%) 
origfaces              240/65536       13440/3670016  ( 0.4%) 
leaves                 187/65536        5984/2097152  ( 0.3%) 
leaffaces              702/65536        1404/131072   ( 1.1%) 
leafbrushes            170/65536         340/131072   ( 0.3%) 
areas                    2/256            16/2048     ( 0.8%) 
surfedges             3290/512000      13160/2048000  ( 0.6%) 
edges                 1706/256000       6824/1024000  ( 0.7%) 
LDR worldlights          1/65536          88/5767168  ( 0.0%) 
HDR worldlights          0/65536           0/5767168  ( 0.0%) 
leafwaterdata            0/32768           0/393216   ( 0.0%) 
waterstrips              0/32768           0/327680   ( 0.0%) 
waterverts               0/65536           0/786432   ( 0.0%) 
waterindices             0/65536           0/131072   ( 0.0%) 
cubemapsamples           0/1024            0/16384    ( 0.0%) 
overlays                 0/8192            0/2883584  ( 0.0%) 
LDR lightdata         [variable]      140272/0        ( 0.0%) 
HDR lightdata         [variable]           0/0        ( 0.0%) 
visdata               [variable]        1540/16777216 ( 0.0%) 
entdata               [variable]        1253/393216   ( 0.3%) 
LDR ambient table      187/65536         748/262144   ( 0.3%) 
HDR ambient table      187/65536         748/262144   ( 0.3%) 
LDR leaf ambient        73/65536        2044/1835008  ( 0.1%) 
HDR leaf ambient       187/65536        5236/1835008  ( 0.3%) 
occluders                0/0               0/0        ( 0.0%) 
occluder polygons        0/0               0/0        ( 0.0%) 
occluder vert ind        0/0               0/0        ( 0.0%) 
detail props          [variable]           1/12       ( 8.3%) 
static props          [variable]           1/350      ( 0.3%) 
pakfile               [variable]          54/0        ( 0.0%) 
physics               [variable]       18317/4194304  ( 0.4%) 
physics terrain       [variable]           2/1048576  ( 0.0%) 

Level flags = 0

Total triangle count: 1166
Writing d:\steam\steamapps\sourcemods\entropyzero2-addonworkspace\mapsrc\subway01_new.bsp
0 seconds elapsed
