PRT1
121
395
4 0 109 (-224 0 192 ) (-496 0 192 ) (-496 0 32 ) (-224 0 32 ) 
4 0 83 (-224 0 32 ) (-496 0 32 ) (-496 128 32 ) (-224 128 32 ) 
4 0 76 (-496 128 32 ) (-496 136 32 ) (-224 136 32 ) (-224 128 32 ) 
4 0 75 (-496 136 32 ) (-496 480 32 ) (-224 480 32 ) (-224 136 32 ) 
4 0 10 (-496 0 48 ) (-496 0 52 ) (-496 32 52 ) (-496 32 48 ) 
4 0 9 (-496 96 52 ) (-496 480 52 ) (-496 480 48 ) (-496 96 48 ) 
4 0 8 (-496 480 32 ) (-496 0 32 ) (-496 0 48 ) (-496 480 48 ) 
4 0 7 (-496 0 52 ) (-496 0 108 ) (-496 32 108 ) (-496 32 52 ) 
4 0 5 (-496 36 108 ) (-496 92 108 ) (-496 92 52 ) (-496 36 52 ) 
4 0 4 (-496 96 108 ) (-496 480 108 ) (-496 480 52 ) (-496 96 52 ) 
4 0 3 (-496 0 108 ) (-496 0 112 ) (-496 32 112 ) (-496 32 108 ) 
4 0 2 (-496 96 112 ) (-496 480 112 ) (-496 480 108 ) (-496 96 108 ) 
4 0 1 (-496 0 112 ) (-496 0 192 ) (-496 480 192 ) (-496 480 112 ) 
4 1 109 (-496 0 192 ) (-512 0 192 ) (-512 0 128 ) (-496 0 112 ) 
4 1 19 (-512 0 128 ) (-512 0 140 ) (-512 128 140 ) (-512 128 128 ) 
4 1 16 (-512 0 140 ) (-512 0 144 ) (-512 128 144 ) (-512 128 140 ) 
4 1 15 (-512 0 144 ) (-512 0 192 ) (-512 128 192 ) (-512 128 144 ) 
4 1 11 (-512 128 192 ) (-512 480 192 ) (-512 480 128 ) (-512 128 128 ) 
4 1 3 (-496 32 112 ) (-496 0 112 ) (-512 0 128 ) (-512 16 128 ) 
4 1 2 (-512 480 128 ) (-496 480 112 ) (-496 96 112 ) (-512 112 128 ) 
4 2 20 (-512 112 128 ) (-512 128 128 ) (-512 128 108 ) (-512 112 108 ) 
4 2 11 (-512 128 128 ) (-512 480 128 ) (-512 480 108 ) (-512 128 108 ) 
4 2 4 (-512 112 108 ) (-512 480 108 ) (-496 480 108 ) (-496 96 108 ) 
4 3 109 (-512 0 128 ) (-512 0 108 ) (-496 0 108 ) (-496 0 112 ) 
4 3 21 (-512 0 108 ) (-512 0 128 ) (-512 16 128 ) (-512 16 108 ) 
4 3 7 (-512 0 108 ) (-512 16 108 ) (-496 32 108 ) (-496 0 108 ) 
4 4 20 (-512 112 108 ) (-512 128 108 ) (-512 128 52 ) (-512 112 52 ) 
4 4 11 (-512 128 108 ) (-512 480 108 ) (-512 480 52 ) (-512 128 52 ) 
4 4 9 (-512 112 52 ) (-512 480 52 ) (-496 480 52 ) (-496 96 52 ) 
4 5 6 (-500 92 108 ) (-500 92 52 ) (-500 36 52 ) (-500 36 108 ) 
4 7 109 (-512 0 108 ) (-512 0 52 ) (-496 0 52 ) (-496 0 108 ) 
4 7 21 (-512 0 52 ) (-512 0 108 ) (-512 16 108 ) (-512 16 52 ) 
4 7 10 (-512 0 52 ) (-512 16 52 ) (-496 32 52 ) (-496 0 52 ) 
3 8 109 (-512 0 32 ) (-496 0 32 ) (-496 0 48 ) 
4 8 83 (-496 0 32 ) (-512 0 32 ) (-512 128 32 ) (-496 128 32 ) 
4 8 76 (-512 128 32 ) (-512 136 32 ) (-496 136 32 ) (-496 128 32 ) 
4 8 75 (-512 136 32 ) (-512 480 32 ) (-496 480 32 ) (-496 136 32 ) 
4 8 10 (-512 16 32 ) (-512 0 32 ) (-496 0 48 ) (-496 32 48 ) 
4 8 9 (-496 480 48 ) (-512 480 32 ) (-512 112 32 ) (-496 96 48 ) 
4 9 20 (-512 128 32 ) (-512 112 32 ) (-512 112 52 ) (-512 128 52 ) 
4 9 11 (-512 480 32 ) (-512 128 32 ) (-512 128 52 ) (-512 480 52 ) 
4 10 109 (-512 0 52 ) (-512 0 32 ) (-496 0 48 ) (-496 0 52 ) 
4 10 21 (-512 16 32 ) (-512 0 32 ) (-512 0 52 ) (-512 16 52 ) 
4 11 76 (-512 136 32 ) (-512 128 32 ) (-604 128 32 ) (-604 136 32 ) 
4 11 75 (-604 480 32 ) (-512 480 32 ) (-512 136 32 ) (-604 136 32 ) 
4 11 22 (-604 128 32 ) (-540 128 32 ) (-540 128 140 ) (-604 128 140 ) 
5 11 20 (-528 128 32 ) (-512 128 32 ) (-512 128 128 ) (-524 128 140 ) (-528 128 140 ) 
3 11 19 (-512 128 128 ) (-512 128 140 ) (-524 128 140 ) 
3 11 17 (-528 128 144 ) (-528 128 140 ) (-524 128 140 ) 
4 11 16 (-512 128 140 ) (-512 128 144 ) (-528 128 144 ) (-524 128 140 ) 
4 11 15 (-512 128 144 ) (-512 128 192 ) (-604 128 192 ) (-604 128 144 ) 
4 11 13 (-604 128 144 ) (-604 128 192 ) (-604 136 192 ) (-604 136 136 ) 
4 11 12 (-604 480 192 ) (-604 480 32 ) (-604 136 32 ) (-604 136 192 ) 
4 12 75 (-608 480 32 ) (-604 480 32 ) (-604 136 32 ) (-608 136 32 ) 
4 12 13 (-608 136 192 ) (-608 136 136 ) (-604 136 136 ) (-604 136 192 ) 
4 12 14 (-608 480 192 ) (-608 480 32 ) (-608 136 32 ) (-608 136 192 ) 
4 13 15 (-604 128 144 ) (-604 128 192 ) (-608 128 192 ) (-608 128 144 ) 
4 13 14 (-608 128 144 ) (-608 128 192 ) (-608 136 192 ) (-608 136 136 ) 
4 14 78 (-724 128 32 ) (-724 136 32 ) (-608 136 32 ) (-608 128 32 ) 
4 14 75 (-724 136 32 ) (-724 480 32 ) (-608 480 32 ) (-608 136 32 ) 
4 14 30 (-724 480 32 ) (-724 128 32 ) (-724 128 128 ) (-724 480 128 ) 
4 14 26 (-724 128 128 ) (-724 128 192 ) (-724 480 192 ) (-724 480 128 ) 
4 14 24 (-724 128 140 ) (-724 128 32 ) (-608 128 32 ) (-608 128 140 ) 
4 14 15 (-724 128 192 ) (-724 128 144 ) (-608 128 144 ) (-608 128 192 ) 
4 15 112 (-724 0 192 ) (-724 0 144 ) (-608 0 144 ) (-608 0 192 ) 
4 15 111 (-608 0 144 ) (-604 0 144 ) (-604 0 192 ) (-608 0 192 ) 
4 15 109 (-604 0 144 ) (-512 0 144 ) (-512 0 192 ) (-604 0 192 ) 
4 15 29 (-724 0 144 ) (-724 0 192 ) (-724 128 192 ) (-724 128 144 ) 
4 15 16 (-528 128 144 ) (-512 128 144 ) (-512 0 144 ) (-528 0 144 ) 
4 16 109 (-524 0 140 ) (-512 0 140 ) (-512 0 144 ) (-528 0 144 ) 
4 16 19 (-524 128 140 ) (-512 128 140 ) (-512 0 140 ) (-524 0 140 ) 
3 16 18 (-524 4 140 ) (-524 0 140 ) (-528 0 144 ) 
3 16 17 (-524 128 140 ) (-524 124 140 ) (-528 128 144 ) 
3 17 20 (-528 128 140 ) (-524 128 140 ) (-524 124 140 ) 
3 18 109 (-528 0 140 ) (-524 0 140 ) (-528 0 144 ) 
3 18 21 (-524 4 140 ) (-524 0 140 ) (-528 0 140 ) 
3 19 109 (-512 0 128 ) (-512 0 140 ) (-524 0 140 ) 
4 19 21 (-524 0 140 ) (-524 4 140 ) (-512 16 128 ) (-512 0 128 ) 
4 19 20 (-524 124 140 ) (-524 128 140 ) (-512 128 128 ) (-512 112 128 ) 
3 20 84 (-528 128 32 ) (-512 128 32 ) (-512 112 32 ) 
5 21 109 (-528 0 32 ) (-512 0 32 ) (-512 0 128 ) (-524 0 140 ) (-528 0 140 ) 
3 21 85 (-512 0 32 ) (-528 0 32 ) (-512 16 32 ) 
4 23 109 (-604 0 32 ) (-540 0 32 ) (-540 0 140 ) (-604 0 140 ) 
4 25 112 (-724 0 140 ) (-724 0 32 ) (-608 0 32 ) (-608 0 140 ) 
4 26 30 (-732 480 128 ) (-724 480 128 ) (-724 128 128 ) (-732 128 128 ) 
4 26 29 (-724 128 144 ) (-724 128 192 ) (-732 128 192 ) (-732 128 144 ) 
4 26 28 (-732 128 144 ) (-732 128 192 ) (-732 136 192 ) (-732 136 136 ) 
4 26 27 (-732 480 192 ) (-732 480 128 ) (-732 136 128 ) (-732 136 192 ) 
4 27 33 (-736 480 128 ) (-736 136 128 ) (-736 136 192 ) (-736 480 192 ) 
4 27 31 (-736 136 128 ) (-736 480 128 ) (-732 480 128 ) (-732 136 128 ) 
4 27 28 (-732 136 136 ) (-732 136 192 ) (-736 136 192 ) (-736 136 136 ) 
4 28 33 (-736 128 144 ) (-736 128 192 ) (-736 136 192 ) (-736 136 136 ) 
4 28 29 (-736 128 192 ) (-736 128 144 ) (-732 128 144 ) (-732 128 192 ) 
4 29 114 (-736 0 192 ) (-736 0 144 ) (-732 0 144 ) (-732 0 192 ) 
4 29 112 (-732 0 144 ) (-724 0 144 ) (-724 0 192 ) (-732 0 192 ) 
4 29 37 (-736 0 144 ) (-736 0 192 ) (-736 128 192 ) (-736 128 144 ) 
4 30 78 (-724 136 32 ) (-724 128 32 ) (-732 128 32 ) (-732 136 32 ) 
4 30 75 (-732 480 32 ) (-724 480 32 ) (-724 136 32 ) (-732 136 32 ) 
4 30 31 (-732 480 128 ) (-732 480 32 ) (-732 136 32 ) (-732 136 128 ) 
4 31 75 (-736 136 32 ) (-736 480 32 ) (-732 480 32 ) (-732 136 32 ) 
4 31 33 (-736 480 32 ) (-736 136 32 ) (-736 136 128 ) (-736 480 128 ) 
4 32 58 (-736 78 32 ) (-736 36 32 ) (-736 36 64 ) (-736 78 64 ) 
4 32 53 (-736 50 80 ) (-736 78 80 ) (-736 78 64 ) (-736 50 64 ) 
4 32 57 (-736 36 64 ) (-736 36 80 ) (-736 50 80 ) (-736 50 64 ) 
4 32 52 (-736 92 32 ) (-736 78 32 ) (-736 78 80 ) (-736 92 80 ) 
4 32 46 (-736 78 90 ) (-736 78 80 ) (-736 50 80 ) (-736 50 90 ) 
6 32 44 (-736 50 126 ) (-736 52 128 ) (-736 76 128 ) (-736 78 126 ) (-736 78 90 ) (-736 50 90 ) 
4 32 43 (-736 78 126 ) (-736 92 112 ) (-736 92 80 ) (-736 78 80 ) 
4 32 47 (-736 36 80 ) (-736 36 112 ) (-736 50 126 ) (-736 50 80 ) 
4 33 80 (-736 136 32 ) (-736 128 32 ) (-800 128 32 ) (-800 136 32 ) 
4 33 75 (-800 480 32 ) (-736 480 32 ) (-736 136 32 ) (-800 136 32 ) 
4 33 37 (-736 128 144 ) (-736 128 192 ) (-800 128 192 ) (-800 128 144 ) 
4 33 35 (-800 128 144 ) (-800 128 192 ) (-800 136 192 ) (-800 136 136 ) 
4 33 34 (-800 480 192 ) (-800 480 32 ) (-800 136 32 ) (-800 136 192 ) 
4 34 75 (-804 480 32 ) (-800 480 32 ) (-800 136 32 ) (-804 136 32 ) 
4 34 35 (-804 136 192 ) (-804 136 136 ) (-800 136 136 ) (-800 136 192 ) 
4 34 36 (-804 480 192 ) (-804 480 32 ) (-804 136 32 ) (-804 136 192 ) 
4 35 37 (-800 128 144 ) (-800 128 192 ) (-804 128 192 ) (-804 128 144 ) 
4 35 36 (-804 128 144 ) (-804 128 192 ) (-804 136 192 ) (-804 136 136 ) 
4 36 108 (-1024 480 32 ) (-1024 128 32 ) (-1024 128 192 ) (-1024 480 192 ) 
4 36 82 (-1024 128 32 ) (-1024 136 32 ) (-804 136 32 ) (-804 128 32 ) 
4 36 75 (-1024 136 32 ) (-1024 480 32 ) (-804 480 32 ) (-804 136 32 ) 
4 36 66 (-1024 128 32 ) (-1008 128 32 ) (-1008 128 80 ) (-1024 128 80 ) 
4 36 41 (-1000 128 80 ) (-900 128 80 ) (-900 128 140 ) (-947.500000 128 140 ) 
4 36 40 (-952 128 144 ) (-968 128 144 ) (-1024 128 80 ) (-1008 128 80 ) 
3 36 38 (-968 128 144 ) (-1024 128 144 ) (-1024 128 80 ) 
4 36 37 (-804 128 144 ) (-804 128 192 ) (-1024 128 192 ) (-1024 128 144 ) 
4 37 117 (-804 0 144 ) (-800 0 144 ) (-800 0 192 ) (-804 0 192 ) 
4 37 118 (-1024 0 192 ) (-1024 0 144 ) (-804 0 144 ) (-804 0 192 ) 
4 37 115 (-800 0 144 ) (-736 0 144 ) (-736 0 192 ) (-800 0 192 ) 
4 37 108 (-1024 0 144 ) (-1024 0 192 ) (-1024 128 192 ) (-1024 128 144 ) 
3 37 50 (-952 0 144 ) (-968 0 144 ) (-968 16 144 ) 
3 37 40 (-968 128 144 ) (-952 128 144 ) (-968 112 144 ) 
4 37 38 (-1024 128 144 ) (-968 128 144 ) (-968 0 144 ) (-1024 0 144 ) 
3 38 118 (-1024 0 144 ) (-1024 0 80 ) (-968 0 144 ) 
4 38 108 (-1024 0 80 ) (-1024 0 144 ) (-1024 128 144 ) (-1024 128 80 ) 
4 38 50 (-1024 0 80 ) (-1024 16 80 ) (-968 16 144 ) (-968 0 144 ) 
4 38 45 (-1024 50 80 ) (-1024 78 80 ) (-1015.250000 78 90 ) (-1015.250000 50 90 ) 
4 38 44 (-1015.250000 78 90 ) (-975 78 136 ) (-975 50 136 ) (-1015.250000 50 90 ) 
4 38 43 (-1024 78 80 ) (-1024 104 80 ) (-975 104 136 ) (-975 78 136 ) 
4 38 47 (-1024 24 80 ) (-1024 50 80 ) (-975 50 136 ) (-975 24 136 ) 
4 38 40 (-1024 112 80 ) (-1024 128 80 ) (-968 128 144 ) (-968 112 144 ) 
4 39 52 (-736 124 80 ) (-736 104 80 ) (-900 104 80 ) (-900 124 80 ) 
4 39 43 (-900 104 80 ) (-736 104 80 ) (-736 104 136 ) (-900 104 136 ) 
4 39 42 (-736 104 136 ) (-736 104 140 ) (-900 104 140 ) (-900 104 136 ) 
4 39 41 (-900 124 80 ) (-900 104 80 ) (-900 104 140 ) (-900 124 140 ) 
4 40 71 (-1024 112 80 ) (-1024 124 80 ) (-1016 124 80 ) (-1016 120 80 ) 
3 40 70 (-1016 124 80 ) (-1012 124 80 ) (-1016 120 80 ) 
4 40 66 (-1024 124 80 ) (-1024 128 80 ) (-1008 128 80 ) (-1012 124 80 ) 
4 41 69 (-976 104 80 ) (-1004 104 80 ) (-1004 124 80 ) (-976 124 80 ) 
4 41 67 (-960 124 80 ) (-960 104 80 ) (-976 104 80 ) (-976 124 80 ) 
4 41 52 (-900 124 80 ) (-900 104 80 ) (-960 104 80 ) (-960 124 80 ) 
4 41 43 (-1016 104 80 ) (-900 104 80 ) (-900 104 136 ) (-967 104 136 ) 
4 41 42 (-900 104 136 ) (-900 104 140 ) (-963.499878 104 140 ) (-967 104 136 ) 
4 42 51 (-967 24 136 ) (-900 24 136 ) (-900 24 140 ) (-963.499878 24 140 ) 
4 42 48 (-900 24 136 ) (-736 24 136 ) (-736 24 140 ) (-900 24 140 ) 
4 42 44 (-967 50 136 ) (-967 78 136 ) (-736 78 136 ) (-736 50 136 ) 
4 42 43 (-967 78 136 ) (-967 104 136 ) (-736 104 136 ) (-736 78 136 ) 
4 42 47 (-736 24 136 ) (-967 24 136 ) (-967 50 136 ) (-736 50 136 ) 
4 43 69 (-1004 104 80 ) (-976 104 80 ) (-976 78 80 ) (-1004 78 80 ) 
4 43 67 (-976 104 80 ) (-960 104 80 ) (-960 78 80 ) (-976 78 80 ) 
4 43 52 (-960 104 80 ) (-736 104 80 ) (-736 78 80 ) (-960 78 80 ) 
4 43 46 (-926.222229 78 80 ) (-736 78 80 ) (-736 78 90 ) (-924 78 90 ) 
4 43 45 (-1015.257812 78 90 ) (-1024.007812 78 80 ) (-929.333374 78 80 ) (-926 78 90 ) 
4 43 44 (-736 78 136 ) (-975.007812 78 136 ) (-1015.257812 78 90 ) (-736 78 90 ) 
4 44 46 (-736 50 90 ) (-924 50 90 ) (-924 78 90 ) (-736 78 90 ) 
4 44 45 (-926 50 90 ) (-1015.250000 50 90 ) (-1015.250000 78 90 ) (-926 78 90 ) 
4 44 47 (-736 50 136 ) (-975.007812 50 136 ) (-1015.257812 50 90 ) (-736 50 90 ) 
4 45 69 (-1004 78 80 ) (-976 78 80 ) (-976 50 80 ) (-1004 50 80 ) 
4 45 67 (-976 78 80 ) (-960 78 80 ) (-960 50 80 ) (-976 50 80 ) 
4 45 55 (-948 78 80 ) (-929.333374 78 80 ) (-929.333374 50 80 ) (-948 50 80 ) 
4 45 54 (-960 78 80 ) (-948 78 80 ) (-948 50 80 ) (-960 50 80 ) 
4 45 47 (-1015.257812 50 90 ) (-1024.007812 50 80 ) (-929.333374 50 80 ) (-926 50 90 ) 
4 46 53 (-926.222229 78 80 ) (-736 78 80 ) (-736 50 80 ) (-926.222229 50 80 ) 
4 46 47 (-926.222229 50 80 ) (-736 50 80 ) (-736 50 90 ) (-924 50 90 ) 
4 47 69 (-1004 50 80 ) (-976 50 80 ) (-976 24 80 ) (-1004 24 80 ) 
4 47 67 (-976 50 80 ) (-960 50 80 ) (-960 24 80 ) (-976 24 80 ) 
4 47 57 (-960 50 80 ) (-736 50 80 ) (-736 24 80 ) (-960 24 80 ) 
4 47 51 (-1016 24 80 ) (-900 24 80 ) (-900 24 136 ) (-967 24 136 ) 
4 47 48 (-900 24 80 ) (-736 24 80 ) (-736 24 136 ) (-900 24 136 ) 
4 48 57 (-900 24 80 ) (-736 24 80 ) (-736 4 80 ) (-900 4 80 ) 
4 48 51 (-900 24 140 ) (-900 24 80 ) (-900 4 80 ) (-900 4 140 ) 
4 48 49 (-736 4 140 ) (-800 4 140 ) (-800 4 80 ) (-736 4 80 ) 
4 49 115 (-800 0 80 ) (-736 0 80 ) (-736 0 140 ) (-800 0 140 ) 
4 49 73 (-736 4 80 ) (-736 0 80 ) (-800 0 80 ) (-800 4 80 ) 
4 50 118 (-1024 0 80 ) (-1008 0 80 ) (-952 0 144 ) (-968 0 144 ) 
4 50 74 (-1024 0 80 ) (-1024 4 80 ) (-1012 4 80 ) (-1008 0 80 ) 
4 50 72 (-1024 4 80 ) (-1024 16 80 ) (-1016 8 80 ) (-1016 4 80 ) 
3 50 68 (-1016 8 80 ) (-1012 4 80 ) (-1016 4 80 ) 
4 51 118 (-1000 0 80 ) (-900 0 80 ) (-900 0 140 ) (-947.500000 0 140 ) 
4 51 69 (-1004 24 80 ) (-976 24 80 ) (-976 4 80 ) (-1004 4 80 ) 
4 51 67 (-976 24 80 ) (-960 24 80 ) (-960 4 80 ) (-976 4 80 ) 
4 51 57 (-960 24 80 ) (-900 24 80 ) (-900 4 80 ) (-960 4 80 ) 
4 52 67 (-960 78 80 ) (-960 124 80 ) (-960 124 32 ) (-960 78 32 ) 
4 52 59 (-956 78 32 ) (-932 78 32 ) (-932 78 64 ) (-956 78 64 ) 
4 52 58 (-932 78 32 ) (-736 78 32 ) (-736 78 64 ) (-932 78 64 ) 
4 52 65 (-960 78 64 ) (-960 78 32 ) (-956 78 32 ) (-956 78 64 ) 
4 52 55 (-932 78 72 ) (-929.333374 78 80 ) (-948 78 80 ) (-956 78 72 ) 
3 52 54 (-960 78 80 ) (-960 78 68 ) (-948 78 80 ) 
5 52 53 (-928 78 64 ) (-736 78 64 ) (-736 78 80 ) (-926.222168 78 80 ) (-928 78 72 ) 
4 53 58 (-928 78 64 ) (-736 78 64 ) (-736 50 64 ) (-928 50 64 ) 
5 53 57 (-928 50 64 ) (-736 50 64 ) (-736 50 80 ) (-926.222168 50 80 ) (-928 50 72 ) 
4 54 67 (-960 50 80 ) (-960 78 80 ) (-960 78 68 ) (-960 50 68 ) 
6 54 55 (-956.001953 78 72 ) (-948.001953 78 80 ) (-948.001953 50 80 ) (-956.001953 50 72 ) (-960 53.998043 68.001953 ) (-960 74.001953 68.001953 ) 
3 54 57 (-960 50 80 ) (-960 50 68 ) (-948 50 80 ) 
4 55 56 (-956 54 68 ) (-960 54 68 ) (-960 74 68 ) (-956 74 68 ) 
4 55 57 (-932 50 72 ) (-929.333374 50 80 ) (-948 50 80 ) (-956 50 72 ) 
4 56 67 (-960 74 64 ) (-960 54 64 ) (-960 54 68 ) (-960 74 68 ) 
4 57 73 (-736 4 64 ) (-736 4 80 ) (-800 4 80 ) (-800 4 64 ) 
4 57 67 (-960 4 64 ) (-960 4 80 ) (-960 50 80 ) (-960 50 64 ) 
4 57 64 (-932 4 64 ) (-956 4 64 ) (-956 50 64 ) (-932 50 64 ) 
4 57 58 (-736 4 64 ) (-932 4 64 ) (-932 50 64 ) (-736 50 64 ) 
4 57 65 (-956 4 64 ) (-960 4 64 ) (-960 50 64 ) (-956 50 64 ) 
4 58 100 (-798 4 32 ) (-800 4 32 ) (-800 9 32 ) (-798 9 32 ) 
4 58 94 (-738 4 32 ) (-798 4 32 ) (-798 9 32 ) (-738 9 32 ) 
4 58 92 (-736 9 32 ) (-736 4 32 ) (-738 4 32 ) (-738 9 32 ) 
4 58 73 (-800 4 32 ) (-736 4 32 ) (-736 4 64 ) (-800 4 64 ) 
4 58 61 (-932 54 64 ) (-932 58 64 ) (-932 58 32 ) (-932 54 32 ) 
4 58 60 (-932 70 64 ) (-932 74 64 ) (-932 74 32 ) (-932 70 32 ) 
4 58 59 (-932 74 64 ) (-932 78 64 ) (-932 78 32 ) (-932 74 32 ) 
4 58 64 (-932 4 32 ) (-932 4 64 ) (-932 54 64 ) (-932 54 32 ) 
4 59 63 (-956 74 64 ) (-956 74 32 ) (-952 74 32 ) (-952 74 64 ) 
4 59 60 (-936 74 32 ) (-932 74 32 ) (-932 74 64 ) (-936 74 64 ) 
4 59 65 (-956 74 64 ) (-956 78 64 ) (-956 78 32 ) (-956 74 32 ) 
4 61 64 (-936 54 32 ) (-932 54 32 ) (-932 54 64 ) (-936 54 64 ) 
4 62 65 (-956 54 64 ) (-956 58 64 ) (-956 58 32 ) (-956 54 32 ) 
4 62 64 (-956 54 64 ) (-956 54 32 ) (-952 54 32 ) (-952 54 64 ) 
4 63 65 (-956 70 64 ) (-956 74 64 ) (-956 74 32 ) (-956 70 32 ) 
4 64 65 (-956 4 32 ) (-956 4 64 ) (-956 54 64 ) (-956 54 32 ) 
4 65 67 (-960 4 32 ) (-960 4 64 ) (-960 78 64 ) (-960 78 32 ) 
4 66 108 (-1024 124 80 ) (-1024 128 80 ) (-1024 128 32 ) (-1024 124 32 ) 
4 66 102 (-1024 124 32 ) (-1024 128 32 ) (-1008 128 32 ) (-1012 124 32 ) 
4 66 71 (-1024 124 32 ) (-1016 124 32 ) (-1016 124 80 ) (-1024 124 80 ) 
4 66 70 (-1012 124 68 ) (-1012 124 80 ) (-1016 124 80 ) (-1016 124 68 ) 
4 67 69 (-976 124 80 ) (-976 124 72 ) (-976 4 72 ) (-976 4 80 ) 
4 68 74 (-1012 4 80 ) (-1016 4 80 ) (-1016 4 68 ) (-1012 4 68 ) 
4 68 72 (-1016 8 68 ) (-1016 4 68 ) (-1016 4 80 ) (-1016 8 80 ) 
4 70 71 (-1016 124 80 ) (-1016 124 68 ) (-1016 120 68 ) (-1016 120 80 ) 
4 71 108 (-1024 112 80 ) (-1024 124 80 ) (-1024 124 32 ) (-1024 112 32 ) 
4 71 102 (-1024 112 32 ) (-1024 124 32 ) (-1016 124 32 ) (-1016 120 32 ) 
4 72 108 (-1024 4 80 ) (-1024 16 80 ) (-1024 16 32 ) (-1024 4 32 ) 
4 72 103 (-1024 4 32 ) (-1024 16 32 ) (-1016 8 32 ) (-1016 4 32 ) 
4 72 74 (-1024 4 32 ) (-1016 4 32 ) (-1016 4 80 ) (-1024 4 80 ) 
4 73 115 (-800 0 32 ) (-736 0 32 ) (-736 0 80 ) (-800 0 80 ) 
4 73 100 (-798 0 32 ) (-800 0 32 ) (-800 4 32 ) (-798 4 32 ) 
4 73 94 (-738 0 32 ) (-798 0 32 ) (-798 4 32 ) (-738 4 32 ) 
4 73 92 (-736 0 32 ) (-738 0 32 ) (-738 4 32 ) (-736 4 32 ) 
4 74 118 (-1024 0 80 ) (-1024 0 32 ) (-1008 0 32 ) (-1008 0 80 ) 
4 74 108 (-1024 0 32 ) (-1024 0 80 ) (-1024 4 80 ) (-1024 4 32 ) 
4 74 103 (-1008 0 32 ) (-1024 0 32 ) (-1024 4 32 ) (-1012 4 32 ) 
4 75 108 (-1024 136 32 ) (-1024 480 32 ) (-1024 480 -32 ) (-1024 136 -32 ) 
4 75 81 (-804 136 -32 ) (-800 136 -32 ) (-800 136 24 ) (-804 136 24 ) 
4 75 80 (-800 136 -32 ) (-736 136 -32 ) (-736 136 32 ) (-800 136 32 ) 
4 75 82 (-1024 136 -32 ) (-804 136 -32 ) (-804 136 32 ) (-1024 136 32 ) 
4 75 79 (-736 136 -32 ) (-732 136 -32 ) (-732 136 24 ) (-736 136 24 ) 
4 75 77 (-608 136 -32 ) (-604 136 -32 ) (-604 136 24 ) (-608 136 24 ) 
4 75 78 (-732 136 -32 ) (-608 136 -32 ) (-608 136 32 ) (-732 136 32 ) 
4 75 76 (-604 136 -32 ) (-224 136 -32 ) (-224 136 32 ) (-604 136 32 ) 
4 76 87 (-604 128 16 ) (-604 128 0 ) (-528 128 0 ) (-528 128 16 ) 
4 76 84 (-512 128 32 ) (-528 128 32 ) (-528 128 0 ) (-512 128 0 ) 
4 76 89 (-604 128 0 ) (-604 128 -32 ) (-512 128 -32 ) (-512 128 0 ) 
4 76 83 (-224 128 32 ) (-512 128 32 ) (-512 128 -32 ) (-224 128 -32 ) 
4 76 77 (-604 136 24 ) (-604 136 -32 ) (-604 128 -32 ) (-604 128 16 ) 
4 77 87 (-608 128 16 ) (-608 128 0 ) (-604 128 0 ) (-604 128 16 ) 
4 77 89 (-608 128 0 ) (-608 128 -32 ) (-604 128 -32 ) (-604 128 0 ) 
4 77 78 (-608 136 24 ) (-608 136 -32 ) (-608 128 -32 ) (-608 128 16 ) 
4 78 87 (-732 128 16 ) (-732 128 0 ) (-608 128 0 ) (-608 128 16 ) 
4 78 89 (-732 128 0 ) (-732 128 -32 ) (-608 128 -32 ) (-608 128 0 ) 
4 78 79 (-732 136 24 ) (-732 136 -32 ) (-732 128 -32 ) (-732 128 16 ) 
4 79 87 (-736 128 16 ) (-736 128 0 ) (-732 128 0 ) (-732 128 16 ) 
4 79 89 (-736 128 0 ) (-736 128 -32 ) (-732 128 -32 ) (-732 128 0 ) 
4 79 80 (-736 136 24 ) (-736 136 -32 ) (-736 128 -32 ) (-736 128 16 ) 
4 80 91 (-800 128 0 ) (-800 128 -32 ) (-736 128 -32 ) (-736 128 0 ) 
4 80 90 (-800 128 16 ) (-800 128 0 ) (-736 128 0 ) (-736 128 16 ) 
4 80 81 (-800 136 24 ) (-800 136 -32 ) (-800 128 -32 ) (-800 128 16 ) 
4 81 105 (-804 128 16 ) (-804 128 0 ) (-800 128 0 ) (-800 128 16 ) 
4 81 107 (-804 128 0 ) (-804 128 -32 ) (-800 128 -32 ) (-800 128 0 ) 
4 81 82 (-804 136 24 ) (-804 136 -32 ) (-804 128 -32 ) (-804 128 16 ) 
4 82 108 (-1024 128 -32 ) (-1024 128 32 ) (-1024 136 32 ) (-1024 136 -32 ) 
4 82 105 (-1008 128 16 ) (-1008 128 0 ) (-804 128 0 ) (-804 128 16 ) 
4 82 102 (-1008 128 32 ) (-1024 128 32 ) (-1024 128 0 ) (-1008 128 0 ) 
4 82 107 (-1024 128 0 ) (-1024 128 -32 ) (-804 128 -32 ) (-804 128 0 ) 
4 83 109 (-224 0 32 ) (-512 0 32 ) (-512 0 -32 ) (-224 0 -32 ) 
4 83 88 (-512 112 0 ) (-512 16 0 ) (-512 16 16 ) (-512 112 16 ) 
4 83 85 (-512 16 0 ) (-512 0 0 ) (-512 0 32 ) (-512 16 32 ) 
4 83 84 (-512 128 32 ) (-512 128 0 ) (-512 112 0 ) (-512 112 32 ) 
4 83 89 (-512 128 0 ) (-512 128 -32 ) (-512 0 -32 ) (-512 0 0 ) 
3 84 88 (-520 120 8 ) (-512 112 0 ) (-512 112 16 ) 
3 84 87 (-528 128 16 ) (-528 128 0 ) (-512 112 0 ) 
3 84 89 (-528 128 0 ) (-512 128 0 ) (-512 112 0 ) 
4 85 109 (-512 0 32 ) (-528 0 32 ) (-528 0 0 ) (-512 0 0 ) 
3 85 88 (-512 16 16 ) (-512 16 0 ) (-520 8 8 ) 
3 85 86 (-512 16 0 ) (-528 0 0 ) (-528 0 16 ) 
3 85 89 (-512 16 0 ) (-512 0 0 ) (-528 0 0 ) 
4 86 113 (-736 0 16 ) (-736 0 0 ) (-732 0 0 ) (-732 0 16 ) 
4 86 112 (-732 0 0 ) (-608 0 0 ) (-608 0 16 ) (-732 0 16 ) 
4 86 110 (-608 0 0 ) (-604 0 0 ) (-604 0 16 ) (-608 0 16 ) 
4 86 109 (-604 0 0 ) (-528 0 0 ) (-528 0 16 ) (-604 0 16 ) 
4 86 92 (-736 5.121211 0 ) (-736 0 0 ) (-736 0 16 ) (-736 6.297297 9.702700 ) 
3 86 88 (-520 8 8 ) (-512 16 0 ) (-528 16 0 ) 
4 86 89 (-736 0 0 ) (-736 16 0 ) (-512 16 0 ) (-528 0 0 ) 
3 87 90 (-736 128 16 ) (-736 128 0 ) (-736 112 0 ) 
3 87 88 (-528 112 0 ) (-512 112 0 ) (-520 120 8 ) 
4 87 89 (-736 112 0 ) (-736 128 0 ) (-528 128 0 ) (-512 112 0 ) 
4 88 89 (-528 112 0 ) (-512 112 0 ) (-512 16 0 ) (-528 16 0 ) 
4 89 113 (-736 0 0 ) (-736 0 -32 ) (-732 0 -32 ) (-732 0 0 ) 
4 89 112 (-732 0 -32 ) (-608 0 -32 ) (-608 0 0 ) (-732 0 0 ) 
4 89 110 (-608 0 -32 ) (-604 0 -32 ) (-604 0 0 ) (-608 0 0 ) 
4 89 109 (-604 0 -32 ) (-512 0 -32 ) (-512 0 0 ) (-604 0 0 ) 
4 89 92 (-736 0 -1 ) (-736 0 0 ) (-736 5.121212 0 ) (-736 5 -1 ) 
4 89 93 (-736 16 -32 ) (-736 0 -32 ) (-736 0 -1 ) (-736 16 -1 ) 
4 89 91 (-736 128 0 ) (-736 128 -32 ) (-736 16 -32 ) (-736 16 0 ) 
3 90 105 (-800 128 16 ) (-800 128 0 ) (-800 112 0 ) 
4 90 91 (-800 112 0 ) (-800 128 0 ) (-736 128 0 ) (-736 112 0 ) 
4 91 107 (-800 128 0 ) (-800 128 -32 ) (-800 16 -32 ) (-800 16 0 ) 
4 91 101 (-800 16 -1 ) (-800 16 -32 ) (-798 16 -32 ) (-798 16 -1 ) 
4 91 99 (-798 16 -32 ) (-738 16 -32 ) (-738 16 -1 ) (-798 16 -1 ) 
4 91 93 (-738 16 -32 ) (-736 16 -32 ) (-736 16 -1 ) (-738 16 -1 ) 
4 92 115 (-736 0 -1 ) (-736 0 32 ) (-738 0 32 ) (-738 0 -1 ) 
4 92 98 (-738 5 -1 ) (-738 0 -1 ) (-738 0 0 ) (-738 5.121212 0 ) 
4 92 97 (-738 0 0 ) (-738 0 15 ) (-738 6.939394 15 ) (-738 5.121212 0 ) 
4 92 96 (-738 0 15 ) (-738 0 16 ) (-738 7.060606 16 ) (-738 6.939394 15 ) 
4 92 95 (-738 0 16 ) (-738 0 31 ) (-738 8.878788 31 ) (-738 7.060606 16 ) 
4 92 94 (-738 0 31 ) (-738 0 32 ) (-738 9 32 ) (-738 8.878788 31 ) 
4 92 93 (-738 0 -1 ) (-738 5 -1 ) (-736 5 -1 ) (-736 0 -1 ) 
4 93 115 (-736 0 -32 ) (-736 0 -1 ) (-738 0 -1 ) (-738 0 -32 ) 
4 93 99 (-738 16 -1 ) (-738 16 -32 ) (-738 0 -32 ) (-738 0 -1 ) 
4 94 115 (-738 0 31 ) (-738 0 32 ) (-798 0 32 ) (-798 0 31 ) 
4 94 100 (-798 8.878880 31 ) (-798 0 31 ) (-798 0 32 ) (-798 9 32 ) 
4 94 95 (-798 0 31 ) (-798 8.878880 31 ) (-738 8.878880 31 ) (-738 0 31 ) 
4 95 115 (-738 0 16 ) (-738 0 31 ) (-798 0 31 ) (-798 0 16 ) 
4 95 100 (-798 7.060606 16 ) (-798 0 16 ) (-798 0 31 ) (-798 8.878788 31 ) 
4 95 96 (-798 0 16 ) (-798 7.060771 16 ) (-738 7.060771 16 ) (-738 0 16 ) 
4 96 115 (-738 0 15 ) (-738 0 16 ) (-798 0 16 ) (-798 0 15 ) 
4 96 100 (-798 6.939411 15 ) (-798 0 15 ) (-798 0 16 ) (-798 7.060771 16 ) 
4 96 97 (-798 0 15 ) (-798 6.939410 15 ) (-738 6.939411 15 ) (-738 0 15 ) 
4 97 115 (-738 0 0 ) (-738 0 15 ) (-798 0 15 ) (-798 0 0 ) 
4 97 100 (-798 5.121212 0 ) (-798 0 0 ) (-798 0 15 ) (-798 6.939394 15 ) 
4 97 98 (-798 0 0 ) (-798 5.121040 0 ) (-738 5.121040 0 ) (-738 0 0 ) 
4 98 115 (-738 0 -1 ) (-738 0 0 ) (-798 0 0 ) (-798 0 -1 ) 
4 98 100 (-798 5 -1 ) (-798 0 -1 ) (-798 0 0 ) (-798 5.121040 0 ) 
4 98 99 (-798 0 -1 ) (-798 5 -1 ) (-738 5 -1 ) (-738 0 -1 ) 
4 99 115 (-738 0 -32 ) (-738 0 -1 ) (-798 0 -1 ) (-798 0 -32 ) 
4 99 101 (-798 16 -1 ) (-798 16 -32 ) (-798 0 -32 ) (-798 0 -1 ) 
4 100 115 (-798 0 -1 ) (-798 0 32 ) (-800 0 32 ) (-800 0 -1 ) 
4 100 104 (-800 0 0 ) (-800 0 16 ) (-800 6.297297 9.702703 ) (-800 5.121212 0 ) 
4 100 107 (-800 0 -1 ) (-800 0 0 ) (-800 5.121212 0 ) (-800 5 -1 ) 
4 100 101 (-800 0 -1 ) (-800 5 -1 ) (-798 5 -1 ) (-798 0 -1 ) 
4 101 115 (-798 0 -32 ) (-798 0 -1 ) (-800 0 -1 ) (-800 0 -32 ) 
4 101 107 (-800 0 -32 ) (-800 0 -1 ) (-800 16 -1 ) (-800 16 -32 ) 
4 102 108 (-1024 112 32 ) (-1024 128 32 ) (-1024 128 0 ) (-1024 112 0 ) 
3 102 106 (-1024 112 0 ) (-1016 120 8 ) (-1024 112 16 ) 
3 102 105 (-1024 112 0 ) (-1008 128 0 ) (-1008 128 16 ) 
3 102 107 (-1024 112 0 ) (-1024 128 0 ) (-1008 128 0 ) 
4 103 118 (-1008 0 32 ) (-1024 0 32 ) (-1024 0 0 ) (-1008 0 0 ) 
4 103 108 (-1024 0 0 ) (-1024 0 32 ) (-1024 16 32 ) (-1024 16 0 ) 
3 103 106 (-1024 16 0 ) (-1024 16 16 ) (-1016 8 8 ) 
3 103 104 (-1008 0 0 ) (-1024 16 0 ) (-1008 0 16 ) 
3 103 107 (-1024 0 0 ) (-1024 16 0 ) (-1008 0 0 ) 
4 104 116 (-800 0 0 ) (-800 0 16 ) (-804 0 16 ) (-804 0 0 ) 
4 104 118 (-804 0 16 ) (-1008 0 16 ) (-1008 0 0 ) (-804 0 0 ) 
3 104 106 (-1008 16 0 ) (-1024.003906 16 0 ) (-1016.001953 7.998055 8.001937 ) 
4 104 107 (-1024 16 0 ) (-800 16 0 ) (-800 0 0 ) (-1008 0 0 ) 
3 105 106 (-1016.001953 120.001945 8.001942 ) (-1024.003906 112 0 ) (-1008 112 0 ) 
4 105 107 (-1024 112 0 ) (-1008 128 0 ) (-800 128 0 ) (-800 112 0 ) 
4 106 108 (-1024 112 16 ) (-1024 112 0 ) (-1024 16 0 ) (-1024 16 16 ) 
4 106 107 (-1024 16 0 ) (-1024 112 0 ) (-1008 112 0 ) (-1008 16 0 ) 
4 107 116 (-800 0 -32 ) (-800 0 0 ) (-804 0 0 ) (-804 0 -32 ) 
4 107 118 (-804 0 0 ) (-1024 0 0 ) (-1024 0 -32 ) (-804 0 -32 ) 
4 107 108 (-1024 0 -32 ) (-1024 0 0 ) (-1024 128 0 ) (-1024 128 -32 ) 
4 108 120 (-1024 0 -32 ) (-1024 0 192 ) (-1312 0 192 ) (-1312 0 -32 ) 
4 109 119 (-604 -8 -32 ) (-224 -8 -32 ) (-224 -8 192 ) (-604 -8 192 ) 
4 109 111 (-604 -8 136 ) (-604 -8 192 ) (-604 0 192 ) (-604 0 144 ) 
4 109 110 (-604 0 -32 ) (-604 -8 -32 ) (-604 -8 24 ) (-604 0 16 ) 
4 110 119 (-608 -8 -32 ) (-604 -8 -32 ) (-604 -8 24 ) (-608 -8 24 ) 
4 110 112 (-608 0 -32 ) (-608 -8 -32 ) (-608 -8 24 ) (-608 0 16 ) 
4 111 119 (-604 -8 136 ) (-604 -8 192 ) (-608 -8 192 ) (-608 -8 136 ) 
4 111 112 (-608 -8 136 ) (-608 -8 192 ) (-608 0 192 ) (-608 0 144 ) 
4 112 119 (-732 -8 -32 ) (-608 -8 -32 ) (-608 -8 192 ) (-732 -8 192 ) 
4 112 114 (-732 -8 136 ) (-732 -8 192 ) (-732 0 192 ) (-732 0 144 ) 
4 112 113 (-732 0 -32 ) (-732 -8 -32 ) (-732 -8 24 ) (-732 0 16 ) 
4 113 119 (-736 -8 -32 ) (-732 -8 -32 ) (-732 -8 24 ) (-736 -8 24 ) 
4 113 115 (-736 0 -32 ) (-736 -8 -32 ) (-736 -8 24 ) (-736 0 16 ) 
4 114 119 (-732 -8 136 ) (-732 -8 192 ) (-736 -8 192 ) (-736 -8 136 ) 
4 114 115 (-736 -8 136 ) (-736 -8 192 ) (-736 0 192 ) (-736 0 144 ) 
4 115 119 (-800 -8 -32 ) (-736 -8 -32 ) (-736 -8 192 ) (-800 -8 192 ) 
4 115 117 (-800 -8 136 ) (-800 -8 192 ) (-800 0 192 ) (-800 0 144 ) 
4 115 116 (-800 0 -32 ) (-800 -8 -32 ) (-800 -8 24 ) (-800 0 16 ) 
4 116 119 (-804 -8 -32 ) (-800 -8 -32 ) (-800 -8 24 ) (-804 -8 24 ) 
4 116 118 (-804 0 -32 ) (-804 -8 -32 ) (-804 -8 24 ) (-804 0 16 ) 
4 117 119 (-800 -8 136 ) (-800 -8 192 ) (-804 -8 192 ) (-804 -8 136 ) 
4 117 118 (-804 -8 136 ) (-804 -8 192 ) (-804 0 192 ) (-804 0 144 ) 
4 118 120 (-1024 0 192 ) (-1024 0 -32 ) (-1024 -8 -32 ) (-1024 -8 192 ) 
4 118 119 (-1024 -8 -32 ) (-804 -8 -32 ) (-804 -8 192 ) (-1024 -8 192 ) 
4 119 120 (-1024 -8 -32 ) (-1024 -352 -32 ) (-1024 -352 192 ) (-1024 -8 192 ) 
