PRT1
17
18
4 0 3 (-16 1258 34 ) (-16 1258 110 ) (-16 1302 110 ) (-16 1302 34 ) 
4 1 3 (-16 1130 34 ) (-16 1130 110 ) (-16 1174 110 ) (-16 1174 34 ) 
4 2 10 (-732 1408 0 ) (-676 1408 0 ) (-676 1408 112 ) (-732 1408 112 ) 
4 3 4 (-384 1100 0 ) (-384 1044 0 ) (-384 1044 112 ) (-384 1100 112 ) 
4 4 5 (-392 1100 0 ) (-392 1044 0 ) (-392 1044 112 ) (-392 1100 112 ) 
4 5 16 (-392 1024 128 ) (-512 1024 128 ) (-512 1024 0 ) (-392 1024 0 ) 
4 5 7 (-512 1032 0 ) (-512 1024 0 ) (-512 1024 128 ) (-512 1032 128 ) 
4 6 8 (-604 1032 0 ) (-548 1032 0 ) (-548 1032 112 ) (-604 1032 112 ) 
4 7 16 (-512 1024 128 ) (-520 1024 128 ) (-520 1024 0 ) (-512 1024 0 ) 
4 8 16 (-604 1024 0 ) (-548 1024 0 ) (-548 1024 112 ) (-604 1024 112 ) 
4 9 16 (-632 1024 128 ) (-640 1024 128 ) (-640 1024 0 ) (-632 1024 0 ) 
4 9 10 (-640 1032 0 ) (-640 1024 0 ) (-640 1024 128 ) (-640 1032 128 ) 
4 10 16 (-640 1024 128 ) (-768 1024 128 ) (-768 1024 0 ) (-640 1024 0 ) 
4 11 14 (-16 874 34 ) (-16 874 110 ) (-16 918 110 ) (-16 918 34 ) 
4 12 14 (-16 746 34 ) (-16 746 110 ) (-16 790 110 ) (-16 790 34 ) 
4 13 14 (-16 618 34 ) (-16 618 110 ) (-16 662 110 ) (-16 662 34 ) 
4 14 15 (-384 604 0 ) (-384 548 0 ) (-384 548 112 ) (-384 604 112 ) 
4 15 16 (-392 604 0 ) (-392 548 0 ) (-392 548 112 ) (-392 604 112 ) 
