PRT1
206
432
4 0 4 (-704 1048 -272 ) (-576 1048 -272 ) (-576 1048 -64 ) (-704 1048 -64 ) 
4 0 2 (-576 1048 -272 ) (-704 1048 -272 ) (-704 1184 -272 ) (-576 1184 -272 ) 
8 0 1 (-704 1184 -272 ) (-704 1056 -272 ) (-704 1056 -128 ) (-704 1072 -96 ) (-704 1104 -64 ) (-704 1136 -64 ) (-704 1168 -96 ) (-704 1184 -128 ) 
8 1 128 (-1024 1104 -64 ) (-1024 1136 -64 ) (-1024 1168 -96 ) (-1024 1184 -128 ) (-1024 1184 -272 ) (-1024 1056 -272 ) (-1024 1056 -128 ) (-1024 1072 -96 ) 
4 1 3 (-1024 1056 -272 ) (-1024 1184 -272 ) (-704 1184 -272 ) (-704 1056 -272 ) 
4 2 4 (-704 1048 -320 ) (-576 1048 -320 ) (-576 1048 -272 ) (-704 1048 -272 ) 
4 2 3 (-704 1184 -320 ) (-704 1056 -320 ) (-704 1056 -272 ) (-704 1184 -272 ) 
4 3 128 (-1024 1056 -272 ) (-1024 1184 -272 ) (-1024 1184 -320 ) (-1024 1056 -320 ) 
4 4 60 (-576 1024 -320 ) (-576 1024 -192 ) (-704 1024 -192 ) (-704 1024 -320 ) 
4 4 37 (-576 1024 -192 ) (-576 1024 -64 ) (-704 1024 -64 ) (-704 1024 -192 ) 
4 5 9 (1024 93 -482 ) (1024 125 -482 ) (1024 125 -674 ) (1024 93 -674 ) 
4 5 6 (1024 93 -674 ) (1075 93 -674 ) (1075 93 -482 ) (1024 93 -482 ) 
4 6 10 (1024 0 -674 ) (1024 0 -482 ) (1024 93 -482 ) (1024 93 -674 ) 
4 6 7 (1075 0 -674 ) (1075 0 -482 ) (1024 0 -482 ) (1024 0 -674 ) 
4 7 61 (1024 0 -482 ) (1024 0 -674 ) (1024 -387 -674 ) (1024 -387 -482 ) 
4 9 10 (563 93 -674 ) (1024 93 -674 ) (1024 93 -482 ) (563 93 -482 ) 
4 10 61 (1024 0 -674 ) (1024 0 -482 ) (563 0 -482 ) (563 0 -674 ) 
4 11 63 (80 0 56 ) (80 0 -72 ) (208 0 -72 ) (208 0 56 ) 
4 11 62 (208 0 -72 ) (216 0 -72 ) (216 0 56 ) (208 0 56 ) 
4 11 12 (80 0 -72 ) (80 864 -72 ) (208 864 -72 ) (208 0 -72 ) 
4 12 63 (208 0 -192 ) (208 0 -72 ) (80 0 -72 ) (80 0 -192 ) 
4 12 13 (80 724 -80 ) (80 724 -192 ) (80 620 -192 ) (80 620 -80 ) 
4 13 15 (64 724 -80 ) (64 724 -192 ) (64 620 -192 ) (64 620 -80 ) 
4 14 33 (0 730.181824 128 ) (0 601.716797 128 ) (0 601.770203 148.222366 ) (0 730.170166 136.386841 ) 
3 14 31 (0 821.156311 128 ) (0 730.181824 128 ) (0 730.170166 136.386841 ) 
4 14 30 (0 601.716797 128 ) (0 480 128 ) (0 480 159.446777 ) (0 601.770203 148.222366 ) 
5 14 28 (0 864 128 ) (0 821.156311 128 ) (0 480 159.446777 ) (0 480 192 ) (0 864 192 ) 
4 14 15 (64 864 128 ) (64 480 128 ) (0 480 128 ) (0 864 128 ) 
4 15 48 (0 480 -192 ) (0 304 -192 ) (0 304 -184 ) (0 480 -184 ) 
4 15 47 (0 304 -184 ) (0 304 128 ) (0 480 128 ) (0 480 -184 ) 
4 15 38 (0 864 -192 ) (0 480 -192 ) (0 480 -64 ) (0 864 -64 ) 
4 15 33 (0 601.716797 128 ) (0 730.181824 128 ) (0 730.429138 -50.844769 ) (0 601.275757 -38.907127 ) 
5 15 31 (0 730.181824 128 ) (0 821.156311 128 ) (0 864 124.050797 ) (0 864 -63.190720 ) (0 730.429138 -50.844769 ) 
4 15 30 (0 480 -27.697609 ) (0 480 128 ) (0 601.716797 128 ) (0 601.275757 -38.907127 ) 
4 15 29 (0 480 -64 ) (0 480 -27.697609 ) (0 864 -63.190720 ) (0 864 -64 ) 
3 15 28 (0 821.156311 128 ) (0 864 128 ) (0 864 124.050797 ) 
4 15 16 (64 304 -184 ) (64 304 128 ) (0 304 128 ) (0 304 -184 ) 
4 16 47 (0 288 -184 ) (0 288 128 ) (0 304 128 ) (0 304 -184 ) 
4 16 17 (64 288 -176 ) (64 288 128 ) (0 288 128 ) (0 288 -176 ) 
4 17 49 (0 272 -176 ) (0 272 128 ) (0 288 128 ) (0 288 -176 ) 
4 17 18 (64 272 -168 ) (64 272 128 ) (0 272 128 ) (0 272 -168 ) 
4 18 50 (0 256 -168 ) (0 256 128 ) (0 272 128 ) (0 272 -168 ) 
4 18 19 (64 256 -160 ) (64 256 128 ) (0 256 128 ) (0 256 -160 ) 
4 19 51 (0 240 -160 ) (0 240 128 ) (0 256 128 ) (0 256 -160 ) 
4 19 20 (64 240 -152 ) (64 240 128 ) (0 240 128 ) (0 240 -152 ) 
4 20 52 (0 224 -152 ) (0 224 128 ) (0 240 128 ) (0 240 -152 ) 
4 20 21 (64 224 -144 ) (64 224 128 ) (0 224 128 ) (0 224 -144 ) 
4 21 53 (0 208 -144 ) (0 208 128 ) (0 224 128 ) (0 224 -144 ) 
4 21 22 (64 208 -136 ) (64 208 128 ) (0 208 128 ) (0 208 -136 ) 
4 22 54 (0 192 -136 ) (0 192 128 ) (0 208 128 ) (0 208 -136 ) 
4 22 23 (64 192 -128 ) (64 192 128 ) (0 192 128 ) (0 192 -128 ) 
4 23 65 (64 0 -128 ) (64 0 128 ) (0 0 128 ) (0 0 -128 ) 
4 23 55 (0 0 -128 ) (0 0 128 ) (0 192 128 ) (0 192 -128 ) 
4 24 25 (-16 512 216 ) (-144 512 216 ) (-144 832 216 ) (-16 832 216 ) 
4 25 28 (-16 832 192 ) (-16 512 192 ) (-144 512 192 ) (-144 832 192 ) 
4 26 27 (-176 512 216 ) (-304 512 216 ) (-304 832 216 ) (-176 832 216 ) 
4 27 32 (-222.445282 512 192 ) (-304 512 192 ) (-304 551.360352 192 ) (-260.088074 577.177795 192 ) 
3 27 31 (-304 551.360352 192 ) (-304 653.210449 192 ) (-260.088074 577.177795 192 ) 
5 27 28 (-176 832 192 ) (-176 512 192 ) (-222.445282 512 192 ) (-304 653.210449 192 ) (-304 832 192 ) 
4 28 34 (-103.198456 544.100830 170.009537 ) (-106.599899 542.200012 170.727631 ) (-160.599899 635.700012 170.727615 ) (-157.241592 637.675476 170.009521 ) 
4 28 33 (0 730.170166 136.387451 ) (0 601.770142 148.222992 ) (-103.198456 544.100830 170.009537 ) (-157.241592 637.675476 170.009521 ) 
4 28 32 (-106.599899 542.200012 170.727631 ) (-207.362808 485.891754 192 ) (-260.085205 577.179504 192 ) (-160.599899 635.700012 170.727615 ) 
5 28 31 (-384 791.735474 192 ) (-384 864 185.338867 ) (0 864 124.051407 ) (0 730.170166 136.387451 ) (-260.085205 577.179504 192 ) 
4 28 30 (0 601.770142 148.222992 ) (0 480 159.447403 ) (-203.960083 480 192 ) (-207.362808 485.891754 192 ) 
4 29 47 (-96 480 -64 ) (0 480 -64 ) (0 480 -27.697609 ) (-96 480 -12.333696 ) 
4 29 38 (0 480 -64 ) (-384 480 -64 ) (-384 864 -64 ) (0 864 -64 ) 
4 29 36 (-384 624 -64 ) (-384 480 -64 ) (-384 480 0 ) (-384 624 0 ) 
4 29 35 (-384 864 -64 ) (-384 624 -64 ) (-384 624 20.448139 ) (-384 864 -1.735046 ) 
4 29 34 (-135.643707 525.475586 -10.192596 ) (-132.200027 527.399963 -10.921597 ) (-186.200027 620.899963 -10.921669 ) (-189.600067 618.899963 -10.192661 ) 
4 29 33 (-132.200027 527.399963 -10.921597 ) (0 601.275757 -38.907310 ) (0 730.429138 -50.845020 ) (-186.200027 620.899963 -10.921669 ) 
5 29 32 (-384 504.547363 31.488846 ) (-384 480 33.757759 ) (-217.021851 480 7.034521 ) (-135.643707 525.475586 -10.192596 ) (-189.600067 618.899963 -10.192661 ) 
4 29 31 (0 864 -63.191044 ) (-384 864 -1.735352 ) (-384 504.547363 31.488846 ) (0 730.429138 -50.845020 ) 
3 29 30 (-217.021851 480 7.034521 ) (0 480 -27.697727 ) (0 601.275757 -38.907310 ) 
4 30 47 (-96 480 -12.333696 ) (0 480 -27.697609 ) (0 480 128 ) (-96 480 128 ) 
4 30 34 (-132.200958 527.400513 -10.924456 ) (-135.644638 525.476135 -10.195456 ) (-106.601540 542.201050 170.722778 ) (-103.200081 544.101868 170.004684 ) 
4 30 33 (0 601.276855 -38.910385 ) (-132.200958 527.400513 -10.924456 ) (-103.200081 544.101868 170.004684 ) (0 601.772034 148.217834 ) 
5 30 32 (-135.644638 525.476135 -10.195456 ) (-217.023804 480 7.031891 ) (-217.899109 480 192 ) (-207.387543 485.879944 192 ) (-106.601540 542.201050 170.722778 ) 
4 31 35 (-384 864 128 ) (-384 864 -1.735046 ) (-384 624 20.448137 ) (-384 624 128 ) 
4 31 34 (-189.600830 618.899719 -10.196930 ) (-186.200806 620.899719 -10.925935 ) (-157.241684 637.675415 170.008911 ) (-160.599991 635.699951 170.727005 ) 
4 31 33 (-186.200806 620.899719 -10.925935 ) (0 730.429321 -50.849480 ) (0 730.170166 136.386810 ) (-157.241684 637.675415 170.008911 ) 
5 31 32 (-384 504.547607 31.484436 ) (-189.600830 618.899719 -10.196930 ) (-160.599991 635.699951 170.727005 ) (-260.088196 577.177734 192 ) (-384 504.325409 192 ) 
4 32 34 (-106.597656 542.199219 170.726562 ) (-135.641602 525.475098 -10.191406 ) (-189.597656 618.900879 -10.187500 ) (-160.598480 635.700378 170.726730 ) 
4 33 34 (-132.195312 527.397461 -10.917969 ) (-103.194473 544.097900 170.008545 ) (-157.239014 637.675171 170.008789 ) (-186.197266 620.899658 -10.921875 ) 
4 35 39 (-416 864 -64 ) (-392 864 -64 ) (-392 624 -64 ) (-416 624 -64 ) 
4 35 38 (-392 864 -64 ) (-384 864 -64 ) (-384 624 -64 ) (-392 624 -64 ) 
4 35 42 (-576 624 -64 ) (-576 864 -64 ) (-416 864 -64 ) (-416 624 -64 ) 
3 35 36 (-384 624 -64 ) (-384 624 0 ) (-448 624 -64 ) 
4 36 39 (-416 616 -64 ) (-416 624 -64 ) (-392 624 -64 ) (-392 616 -64 ) 
4 36 41 (-392 480 -64 ) (-416 480 -64 ) (-416 616 -64 ) (-392 616 -64 ) 
4 36 38 (-384 480 -64 ) (-392 480 -64 ) (-392 624 -64 ) (-384 624 -64 ) 
4 36 42 (-416 480 -64 ) (-448 480 -64 ) (-448 624 -64 ) (-416 624 -64 ) 
4 37 60 (-576 864 -192 ) (-704 864 -192 ) (-704 1024 -192 ) (-576 1024 -192 ) 
4 37 44 (-700 864 -68 ) (-700 864 -192 ) (-580 864 -192 ) (-580 864 -68 ) 
4 38 48 (-96 480 -192 ) (0 480 -192 ) (0 480 -184 ) (-96 480 -184 ) 
4 38 47 (0 480 -184 ) (0 480 -64 ) (-96 480 -64 ) (-96 480 -184 ) 
4 38 39 (-392 864 -64 ) (-392 864 -152 ) (-392 616 -152 ) (-392 616 -64 ) 
4 38 40 (-392 864 -156 ) (-392 864 -192 ) (-392 616 -192 ) (-392 616 -156 ) 
4 38 41 (-392 616 -192 ) (-392 480 -192 ) (-392 480 -64 ) (-392 616 -64 ) 
4 39 42 (-416 864 -64 ) (-416 864 -152 ) (-416 616 -152 ) (-416 616 -64 ) 
4 39 41 (-416 616 -64 ) (-416 616 -152 ) (-392 616 -152 ) (-392 616 -64 ) 
4 40 41 (-416 616 -156 ) (-416 616 -192 ) (-392 616 -192 ) (-392 616 -156 ) 
4 40 42 (-416 864 -156 ) (-416 864 -192 ) (-416 616 -192 ) (-416 616 -156 ) 
4 41 42 (-416 616 -192 ) (-416 480 -192 ) (-416 480 -64 ) (-416 616 -64 ) 
4 42 43 (-576 856 -192 ) (-576 480 -192 ) (-576 480 -64 ) (-576 856 -64 ) 
4 43 45 (-580 856 -192 ) (-580 480 -192 ) (-580 480 -64 ) (-580 856 -64 ) 
4 44 45 (-700 856 -68 ) (-700 856 -192 ) (-580 856 -192 ) (-580 856 -68 ) 
4 45 46 (-700 856 -192 ) (-700 480 -192 ) (-700 480 -64 ) (-700 856 -64 ) 
4 47 49 (-96 288 128 ) (-96 288 -176 ) (0 288 -176 ) (0 288 128 ) 
4 47 48 (-96 304 -184 ) (-96 480 -184 ) (0 480 -184 ) (0 304 -184 ) 
4 49 50 (-96 272 128 ) (-96 272 -168 ) (0 272 -168 ) (0 272 128 ) 
4 50 51 (-96 256 128 ) (-96 256 -160 ) (0 256 -160 ) (0 256 128 ) 
4 51 52 (-96 240 128 ) (-96 240 -152 ) (0 240 -152 ) (0 240 128 ) 
4 52 53 (-96 224 128 ) (-96 224 -144 ) (0 224 -144 ) (0 224 128 ) 
4 53 54 (-96 208 128 ) (-96 208 -136 ) (0 208 -136 ) (0 208 128 ) 
4 54 55 (-96 192 128 ) (-96 192 -128 ) (0 192 -128 ) (0 192 128 ) 
4 55 95 (0 0 -128 ) (0 0 0 ) (-96 0 0 ) (-96 0 -128 ) 
4 55 72 (0 0 0 ) (0 0 128 ) (-96 0 128 ) (-96 0 0 ) 
4 56 57 (-544 280 0 ) (-544 280 -128 ) (-544 168 -128 ) (-544 168 0 ) 
4 57 58 (-704 160 -128 ) (-544 160 -128 ) (-544 160 0 ) (-704 160 0 ) 
4 58 96 (-704 0 0 ) (-704 0 -128 ) (-392 0 -128 ) (-392 0 0 ) 
4 59 97 (-1024 0 0 ) (-1024 0 -128 ) (-712 0 -128 ) (-712 0 0 ) 
4 59 73 (-1024 0 128 ) (-1024 0 0 ) (-712 0 0 ) (-712 0 128 ) 
4 62 64 (208 -304 -72 ) (208 -304 56 ) (208 -296 56 ) (208 -296 -72 ) 
4 62 63 (208 -296 56 ) (208 0 56 ) (208 0 -72 ) (208 -296 -72 ) 
4 63 64 (208 -296 -72 ) (208 -296 56 ) (80 -296 56 ) (80 -296 -72 ) 
4 65 117 (0 -160 -128 ) (0 -288 -128 ) (0 -288 0 ) (0 -160 0 ) 
4 65 115 (0 -126 -128 ) (0 -160 -128 ) (0 -160 -16 ) (0 -126 -16 ) 
4 65 112 (0 -70 -128 ) (0 -126 -128 ) (0 -126 -20 ) (0 -70 -20 ) 
4 65 110 (0 -126 -20 ) (0 -126 -16 ) (0 -70 -16 ) (0 -70 -20 ) 
4 65 103 (0 -32 -128 ) (0 -70 -128 ) (0 -70 -16 ) (0 -32 -16 ) 
4 65 101 (0 -160 -16 ) (0 -160 0 ) (0 -32 0 ) (0 -32 -16 ) 
4 65 98 (0 -16 -128 ) (0 -32 -128 ) (0 -32 0 ) (0 -16 0 ) 
4 65 95 (0 0 0 ) (0 0 -128 ) (0 -16 -128 ) (0 -16 0 ) 
4 65 81 (0 -288 128 ) (0 -160 128 ) (0 -160 0 ) (0 -288 0 ) 
4 65 77 (0 -160 128 ) (0 -32 128 ) (0 -32 0 ) (0 -160 0 ) 
4 65 74 (0 -32 128 ) (0 -16 128 ) (0 -16 0 ) (0 -32 0 ) 
4 65 72 (0 -16 128 ) (0 0 128 ) (0 0 0 ) (0 -16 0 ) 
4 66 67 (-768 -288 136 ) (-960 -288 136 ) (-960 -96 136 ) (-768 -96 136 ) 
4 67 68 (-768 -288 132 ) (-960 -288 132 ) (-960 -96 132 ) (-768 -96 132 ) 
4 68 82 (-960 -288 128 ) (-960 -160 128 ) (-768 -160 128 ) (-768 -288 128 ) 
4 68 80 (-960 -160 128 ) (-960 -96 128 ) (-768 -96 128 ) (-768 -160 128 ) 
4 69 70 (-768 -608 136 ) (-960 -608 136 ) (-960 -416 136 ) (-768 -416 136 ) 
4 70 71 (-768 -608 132 ) (-960 -608 132 ) (-960 -416 132 ) (-768 -416 132 ) 
4 71 91 (-960 -608 128 ) (-960 -416 128 ) (-768 -416 128 ) (-768 -608 128 ) 
4 72 95 (-96 0 0 ) (0 0 0 ) (0 -16 0 ) (-96 -16 0 ) 
4 72 74 (-96 -16 0 ) (0 -16 0 ) (0 -16 128 ) (-96 -16 128 ) 
4 73 97 (-1024 0 0 ) (-712 0 0 ) (-712 -16 0 ) (-1024 -16 0 ) 
4 73 76 (-1024 -16 0 ) (-712 -16 0 ) (-712 -16 128 ) (-1024 -16 128 ) 
4 74 98 (0 -16 0 ) (0 -32 0 ) (-112 -32 0 ) (-96 -16 0 ) 
4 74 77 (-112 -32 0 ) (0 -32 0 ) (0 -32 128 ) (-112 -32 128 ) 
4 75 99 (-416 -32 0 ) (-608 -32 0 ) (-608 -16 0 ) (-416 -16 0 ) 
4 75 78 (-450 -32 0 ) (-416 -32 0 ) (-416 -32 128 ) (-450 -32 128 ) 
4 75 80 (-608 -32 0 ) (-450 -32 0 ) (-450 -32 128 ) (-608 -32 128 ) 
4 76 100 (-712 -32 0 ) (-1024 -32 0 ) (-1024 -16 0 ) (-712 -16 0 ) 
4 76 80 (-1024 -32 0 ) (-712 -32 0 ) (-712 -32 128 ) (-1024 -32 128 ) 
4 77 101 (0 -32 0 ) (0 -160 0 ) (-402 -160 0 ) (-402 -32 0 ) 
4 77 87 (-336 -160 0 ) (-320 -160 0 ) (-320 -160 128 ) (-336 -160 128 ) 
4 77 81 (-320 -160 0 ) (0 -160 0 ) (0 -160 128 ) (-320 -160 128 ) 
4 78 102 (-450 -34 0 ) (-450 -32 0 ) (-416 -32 0 ) (-416 -34 0 ) 
4 78 79 (-450 -34 120 ) (-450 -34 0 ) (-414 -34 0 ) (-414 -34 120 ) 
4 78 80 (-450 -32 128 ) (-450 -32 0 ) (-450 -34 0 ) (-450 -34 128 ) 
4 79 102 (-416 -160 0 ) (-450 -160 0 ) (-450 -34 0 ) (-416 -34 0 ) 
4 79 80 (-450 -34 0 ) (-450 -160 0 ) (-450 -160 120 ) (-450 -34 120 ) 
4 80 102 (-450 -160 0 ) (-1024 -160 0 ) (-1024 -32 0 ) (-450 -32 0 ) 
4 80 84 (-662 -160 0 ) (-584 -160 0 ) (-584 -160 128 ) (-662 -160 128 ) 
4 80 83 (-675.333313 -160 0 ) (-662 -160 0 ) (-662 -160 128 ) (-675.333313 -160 128 ) 
4 80 82 (-1024 -160 0 ) (-675.333313 -160 0 ) (-675.333313 -160 128 ) (-1024 -160 128 ) 
4 81 117 (0 -160 0 ) (0 -288 0 ) (-320 -288 0 ) (-320 -160 0 ) 
4 81 87 (-320 -160 128 ) (-320 -160 0 ) (-320 -176 0 ) (-320 -176 128 ) 
3 82 119 (-718 -288 0 ) (-986 -288 0 ) (-684.500000 -187.499969 0 ) 
5 82 118 (-986 -288 0 ) (-1024 -288 0 ) (-1024 -160 0 ) (-675.333313 -160 0 ) (-684.500000 -187.499969 0 ) 
4 82 91 (-1024 -288 0 ) (-718 -288 0 ) (-718 -288 128 ) (-1024 -288 128 ) 
4 82 86 (-718.001587 -288 128 ) (-718.001587 -288 0 ) (-710 -263.993469 0 ) (-710 -263.993439 128 ) 
4 82 83 (-702.005005 -240.009933 0 ) (-675.335266 -160 0 ) (-675.335266 -160 128 ) (-702.005005 -240.009918 128 ) 
3 83 121 (-702 -240 0 ) (-688 -198 0 ) (-678.666687 -193.333374 0 ) 
4 83 120 (-688 -198 0 ) (-684.500000 -187.499985 0 ) (-674 -184 0 ) (-678.666687 -193.333374 0 ) 
4 83 118 (-684.500000 -187.499985 0 ) (-675.333313 -160 0 ) (-662 -160 0 ) (-674 -184 0 ) 
4 83 88 (-690 -216 0 ) (-674 -184 0 ) (-674 -184 128 ) (-690 -216 128 ) 
4 83 85 (-674 -184 0 ) (-665.391296 -166.782593 0 ) (-665.391296 -166.782593 128 ) (-674 -184 128 ) 
4 83 84 (-665.391296 -166.782593 0 ) (-662 -160 0 ) (-662 -160 128 ) (-665.391296 -166.782593 128 ) 
3 84 124 (-602 -160 0 ) (-584 -160 0 ) (-608 -162 0 ) 
4 84 118 (-665.391296 -166.782593 0 ) (-662 -160 0 ) (-602 -160 0 ) (-608 -162 0 ) 
4 84 85 (-665.386719 -166.782227 128 ) (-665.386719 -166.782227 0 ) (-608 -162 0 ) (-608 -162 128 ) 
3 85 118 (-674 -184 0 ) (-665.391296 -166.782593 0 ) (-608 -162 0 ) 
4 85 89 (-656.316589 -178.106186 0 ) (-632.003723 -170.001907 0 ) (-632.003723 -170.001907 128 ) (-656.316589 -178.106186 128 ) 
4 85 88 (-674.002136 -184.001358 128 ) (-674.002136 -184.001358 0 ) (-656.316589 -178.106186 0 ) (-656.316589 -178.106186 128 ) 
3 86 125 (-712 -288 0 ) (-718 -288 0 ) (-710 -264 0 ) 
4 86 91 (-718 -288 0 ) (-712 -288 0 ) (-712 -288 128 ) (-718 -288 128 ) 
3 87 126 (-336 -160 0 ) (-320 -160 0 ) (-320 -176 0 ) 
3 88 122 (-690 -216 0 ) (-678.666687 -193.333374 0 ) (-662.800049 -185.400024 0 ) 
4 88 120 (-678.666687 -193.333374 0 ) (-674 -184 0 ) (-656.315796 -178.105255 0 ) (-662.800049 -185.400024 0 ) 
4 88 90 (-673.982300 -197.984329 0 ) (-662.793274 -185.396683 0 ) (-662.793274 -185.396683 128 ) (-673.982300 -197.984329 128 ) 
4 88 89 (-662.793274 -185.396683 0 ) (-656.310425 -178.103470 0 ) (-656.310425 -178.103470 128 ) (-662.793274 -185.396683 128 ) 
3 89 120 (-662.800049 -185.400024 0 ) (-656.315796 -178.105255 0 ) (-632 -170 0 ) 
4 89 90 (-662.798828 -185.399414 128 ) (-662.798828 -185.399414 0 ) (-656 -182 0 ) (-656 -182 128 ) 
3 90 123 (-674 -198 0 ) (-662.800049 -185.400024 0 ) (-656 -182 0 ) 
4 91 127 (-712 -672 0 ) (-1024 -672 0 ) (-1024 -288 0 ) (-712 -288 0 ) 
4 91 93 (-824 -672 8.263350 ) (-824 -672 128 ) (-1024 -672 128 ) (-1024 -672 8.263350 ) 
4 91 92 (-824 -672 0 ) (-712 -672 0 ) (-712 -672 128 ) (-824 -672 128 ) 
4 92 94 (-824 -680 0 ) (-824 -909.391357 0 ) (-824 -909.391357 128 ) (-824 -680 128 ) 
4 92 93 (-824 -672 128 ) (-824 -672 8.263350 ) (-824 -680 8.263350 ) (-824 -680 128 ) 
4 93 94 (-824 -680 8.263350 ) (-824 -680 128 ) (-1024 -680 128 ) (-1024 -680 8.263350 ) 
4 94 195 (-1024 -872 0 ) (-1024 -984 0 ) (-1024 -984 112 ) (-1024 -872 112 ) 
4 94 191 (-1024 -864 112 ) (-1024 -864 0 ) (-1024 -872 0 ) (-1024 -872 112 ) 
4 94 190 (-1024 -984 128 ) (-1024 -872 128 ) (-1024 -872 112 ) (-1024 -984 112 ) 
4 94 189 (-1024 -872 128 ) (-1024 -864 128 ) (-1024 -864 112 ) (-1024 -872 112 ) 
4 95 98 (-96 -16 -128 ) (0 -16 -128 ) (0 -16 0 ) (-96 -16 0 ) 
4 96 99 (-608 -16 -128 ) (-416 -16 -128 ) (-416 -16 0 ) (-608 -16 0 ) 
4 97 100 (-1024 -16 -128 ) (-712 -16 -128 ) (-712 -16 0 ) (-1024 -16 0 ) 
4 98 103 (-112 -32 -128 ) (0 -32 -128 ) (0 -32 -16 ) (-112 -32 -16 ) 
4 98 101 (0 -32 -16 ) (0 -32 0 ) (-112 -32 0 ) (-112 -32 -16 ) 
4 99 104 (-608 -32 -128 ) (-416 -32 -128 ) (-416 -32 -16 ) (-608 -32 -16 ) 
4 99 102 (-416 -32 -16 ) (-416 -32 0 ) (-608 -32 0 ) (-608 -32 -16 ) 
4 100 109 (-1024 -32 -128 ) (-712 -32 -128 ) (-712 -32 -16 ) (-1024 -32 -16 ) 
4 100 102 (-712 -32 -16 ) (-712 -32 0 ) (-1024 -32 0 ) (-1024 -32 -16 ) 
4 101 126 (-320 -160 0 ) (-336 -160 0 ) (-336 -160 -16 ) (-320 -160 -16 ) 
4 101 117 (0 -160 -16 ) (0 -160 0 ) (-320 -160 0 ) (-320 -160 -16 ) 
4 101 115 (0 -160 -16 ) (-402 -160 -16 ) (-402 -126 -16 ) (0 -126 -16 ) 
4 101 110 (-402 -126 -16 ) (-402 -70 -16 ) (0 -70 -16 ) (0 -126 -16 ) 
4 101 103 (-402 -70 -16 ) (-402 -32 -16 ) (0 -32 -16 ) (0 -70 -16 ) 
4 102 200 (-1024 -160 0 ) (-1024 -32 0 ) (-1024 -32 -16 ) (-1024 -160 -16 ) 
4 102 124 (-584 -160 0 ) (-602 -160 0 ) (-602 -160 -16 ) (-584 -160 -16 ) 
4 102 118 (-602 -160 0 ) (-1024 -160 0 ) (-1024 -160 -16 ) (-602 -160 -16 ) 
4 102 116 (-416 -160 -16 ) (-1024 -160 -16 ) (-1024 -126 -16 ) (-416 -126 -16 ) 
4 102 111 (-1024 -126 -16 ) (-1024 -70 -16 ) (-416 -70 -16 ) (-416 -126 -16 ) 
4 102 106 (-636 -34 -16 ) (-636 -46 -16 ) (-684 -46 -16 ) (-684 -34 -16 ) 
4 102 105 (-684 -32 -16 ) (-636 -32 -16 ) (-636 -34 -16 ) (-684 -34 -16 ) 
4 102 108 (-636 -46 -16 ) (-636 -70 -16 ) (-684 -70 -16 ) (-684 -46 -16 ) 
4 102 104 (-636 -32 -16 ) (-416 -32 -16 ) (-416 -70 -16 ) (-636 -70 -16 ) 
4 102 109 (-1024 -70 -16 ) (-1024 -32 -16 ) (-684 -32 -16 ) (-684 -70 -16 ) 
4 103 112 (-402 -70 -128 ) (0 -70 -128 ) (0 -70 -20 ) (-402 -70 -20 ) 
4 103 110 (0 -70 -20 ) (0 -70 -16 ) (-402 -70 -16 ) (-402 -70 -20 ) 
4 104 114 (-636 -70 -128 ) (-416 -70 -128 ) (-416 -70 -20 ) (-636 -70 -20 ) 
4 104 111 (-416 -70 -20 ) (-416 -70 -16 ) (-636 -70 -16 ) (-636 -70 -20 ) 
4 104 106 (-636 -46 -16 ) (-636 -34 -16 ) (-636 -34 -88 ) (-636 -46 -88 ) 
4 104 107 (-636 -34 -90 ) (-636 -34 -128 ) (-636 -46 -128 ) (-636 -46 -90 ) 
4 104 105 (-636 -34 -16 ) (-636 -32 -16 ) (-636 -32 -128 ) (-636 -34 -128 ) 
4 104 108 (-636 -70 -128 ) (-636 -70 -16 ) (-636 -46 -16 ) (-636 -46 -128 ) 
4 105 106 (-684 -34 -16 ) (-684 -34 -88 ) (-636 -34 -88 ) (-636 -34 -16 ) 
4 105 107 (-684 -34 -90 ) (-684 -34 -128 ) (-636 -34 -128 ) (-636 -34 -90 ) 
4 105 109 (-684 -34 -16 ) (-684 -32 -16 ) (-684 -32 -128 ) (-684 -34 -128 ) 
4 106 108 (-684 -46 -16 ) (-684 -46 -88 ) (-636 -46 -88 ) (-636 -46 -16 ) 
4 106 109 (-684 -46 -16 ) (-684 -34 -16 ) (-684 -34 -88 ) (-684 -46 -88 ) 
4 107 109 (-684 -34 -90 ) (-684 -34 -128 ) (-684 -46 -128 ) (-684 -46 -90 ) 
4 107 108 (-684 -46 -90 ) (-684 -46 -128 ) (-636 -46 -128 ) (-636 -46 -90 ) 
4 108 114 (-684 -70 -128 ) (-636 -70 -128 ) (-636 -70 -20 ) (-684 -70 -20 ) 
4 108 111 (-636 -70 -20 ) (-636 -70 -16 ) (-684 -70 -16 ) (-684 -70 -20 ) 
4 108 109 (-684 -70 -128 ) (-684 -70 -16 ) (-684 -46 -16 ) (-684 -46 -128 ) 
4 109 200 (-1024 -32 -16 ) (-1024 -32 -128 ) (-1024 -70 -128 ) (-1024 -70 -16 ) 
4 109 114 (-1024 -70 -128 ) (-684 -70 -128 ) (-684 -70 -20 ) (-1024 -70 -20 ) 
4 109 111 (-684 -70 -20 ) (-684 -70 -16 ) (-1024 -70 -16 ) (-1024 -70 -20 ) 
4 110 115 (0 -126 -20 ) (0 -126 -16 ) (-402 -126 -16 ) (-402 -126 -20 ) 
4 110 112 (0 -126 -20 ) (-406 -126 -20 ) (-406 -70 -20 ) (0 -70 -20 ) 
4 111 200 (-1024 -126 -20 ) (-1024 -126 -16 ) (-1024 -70 -16 ) (-1024 -70 -20 ) 
4 111 116 (-416 -126 -16 ) (-1024 -126 -16 ) (-1024 -126 -20 ) (-416 -126 -20 ) 
4 111 114 (-410 -126 -20 ) (-1024 -126 -20 ) (-1024 -70 -20 ) (-410 -70 -20 ) 
4 112 115 (-402 -126 -128 ) (0 -126 -128 ) (0 -126 -20 ) (-402 -126 -20 ) 
4 112 113 (-406 -122 -20 ) (-406 -74 -20 ) (-406 -74 -128 ) (-406 -122 -128 ) 
4 113 114 (-410 -122 -20 ) (-410 -74 -20 ) (-410 -74 -128 ) (-410 -122 -128 ) 
4 114 200 (-1024 -70 -128 ) (-1024 -126 -128 ) (-1024 -126 -20 ) (-1024 -70 -20 ) 
4 114 116 (-1024 -126 -128 ) (-416 -126 -128 ) (-416 -126 -20 ) (-1024 -126 -20 ) 
4 115 126 (-336 -160 -128 ) (-320 -160 -128 ) (-320 -160 -16 ) (-336 -160 -16 ) 
4 115 117 (-320 -160 -128 ) (0 -160 -128 ) (0 -160 -16 ) (-320 -160 -16 ) 
4 116 200 (-1024 -126 -128 ) (-1024 -160 -128 ) (-1024 -160 -16 ) (-1024 -126 -16 ) 
4 116 124 (-602 -160 -128 ) (-584 -160 -128 ) (-584 -160 -16 ) (-602 -160 -16 ) 
4 116 118 (-1024 -160 -128 ) (-602 -160 -128 ) (-602 -160 -16 ) (-1024 -160 -16 ) 
4 117 126 (-320 -160 0 ) (-320 -160 -128 ) (-320 -176 -128 ) (-320 -176 0 ) 
4 118 200 (-1024 -288 0 ) (-1024 -160 0 ) (-1024 -160 -128 ) (-1024 -288 -128 ) 
4 118 127 (-1024 -288 -128 ) (-986 -288 -128 ) (-986 -288 0 ) (-1024 -288 0 ) 
4 118 124 (-607.996094 -162 -128 ) (-601.997070 -160 -128 ) (-601.997070 -160 0 ) (-607.996094 -162 0 ) 
4 118 120 (-684.500366 -187.501099 -128 ) (-632.005737 -170.002884 -128 ) (-632.005737 -170.002884 0 ) (-684.500366 -187.501099 0 ) 
4 118 119 (-985.997070 -288 0 ) (-985.997070 -288 -128 ) (-684.500366 -187.501099 -128 ) (-684.500366 -187.501099 0 ) 
4 119 127 (-986 -288 -128 ) (-718 -288 -128 ) (-718 -288 0 ) (-986 -288 0 ) 
4 119 125 (-718.001282 -288 0 ) (-718.001282 -288 -128 ) (-710 -263.994476 -128 ) (-710 -263.994507 0 ) 
4 119 121 (-702.004395 -240.008820 -128 ) (-688.001953 -198 -128 ) (-688.001892 -198 0 ) (-702.004211 -240.008392 0 ) 
4 119 120 (-688.001953 -198 -128 ) (-684.502930 -187.503906 -128 ) (-684.502930 -187.503906 0 ) (-688.001892 -198 0 ) 
4 120 123 (-662.799988 -185.399994 -128 ) (-656 -182 -128 ) (-656 -182 0 ) (-662.799988 -185.399994 0 ) 
4 120 122 (-678.666626 -193.333313 -128 ) (-662.799988 -185.399994 -128 ) (-662.799988 -185.399994 0 ) (-678.666626 -193.333313 0 ) 
4 120 121 (-688.001953 -198 0 ) (-688.001953 -198 -128 ) (-678.666626 -193.333313 -128 ) (-678.666626 -193.333313 0 ) 
4 121 122 (-690 -216 -128 ) (-678.666992 -193.333984 -128 ) (-678.666992 -193.333984 0 ) (-690 -216 0 ) 
4 122 123 (-673.986816 -197.988281 -128 ) (-662.793762 -185.395920 -128 ) (-662.793762 -185.395920 0 ) (-673.986816 -197.988281 0 ) 
4 125 127 (-718 -288 -128 ) (-712 -288 -128 ) (-712 -288 0 ) (-718 -288 0 ) 
4 128 130 (-1856 1056 -320 ) (-1856 1184 -320 ) (-1216 1184 -320 ) (-1216 1056 -320 ) 
4 128 129 (-1464 1056 -320 ) (-1352 1056 -320 ) (-1352 1056 -272 ) (-1464 1056 -272 ) 
4 129 136 (-1408 1048 -272 ) (-1464 1048 -272 ) (-1464 1048 -320 ) (-1408 1048 -320 ) 
4 129 135 (-1352 1048 -272 ) (-1408 1048 -272 ) (-1408 1048 -320 ) (-1352 1048 -320 ) 
4 129 131 (-1352 1048 -320 ) (-1464 1048 -320 ) (-1464 1056 -320 ) (-1352 1056 -320 ) 
4 130 131 (-1464 1056 -384 ) (-1352 1056 -384 ) (-1352 1056 -320 ) (-1464 1056 -320 ) 
4 131 136 (-1408 1048 -320 ) (-1464 1048 -320 ) (-1464 1048 -384 ) (-1408 1048 -384 ) 
4 131 135 (-1352 1048 -320 ) (-1408 1048 -320 ) (-1408 1048 -384 ) (-1352 1048 -384 ) 
4 132 139 (-1280 1024 -256 ) (-1280 1024 -384 ) (-1224 1024 -384 ) (-1224 1024 -256 ) 
4 132 135 (-1280 1048 -384 ) (-1280 1024 -384 ) (-1280 1024 -256 ) (-1280 1048 -256 ) 
4 133 140 (-1280 1024 -192 ) (-1408 1024 -192 ) (-1408 1024 -240 ) (-1280 1024 -240 ) 
4 133 134 (-1408 1024 -240 ) (-1408 1048 -240 ) (-1280 1048 -240 ) (-1280 1024 -240 ) 
4 134 141 (-1408 1024 -240 ) (-1408 1024 -248 ) (-1280 1024 -248 ) (-1280 1024 -240 ) 
4 134 135 (-1408 1024 -248 ) (-1408 1048 -248 ) (-1280 1048 -248 ) (-1280 1024 -248 ) 
4 135 142 (-1408 1024 -248 ) (-1408 1024 -384 ) (-1280 1024 -384 ) (-1280 1024 -248 ) 
4 135 136 (-1408 1048 -384 ) (-1408 1024 -384 ) (-1408 1024 -256 ) (-1408 1048 -256 ) 
4 136 150 (-1592 1024 -384 ) (-1416 1024 -384 ) (-1416 1024 -256 ) (-1592 1024 -256 ) 
4 136 145 (-1416 1024 -384 ) (-1408 1024 -384 ) (-1408 1024 -272 ) (-1416 1024 -272 ) 
4 136 143 (-1408 1024 -272 ) (-1408 1024 -256 ) (-1416 1024 -256 ) (-1416 1024 -272 ) 
4 137 184 (-2184 1024 -1024 ) (-2184 1024 -480 ) (-3072 1024 -480 ) (-3072 1024 -1024 ) 
4 137 181 (-2536 1024 -392 ) (-2568 1024 -392 ) (-2568 1024 -480 ) (-2536 1024 -480 ) 
4 137 180 (-2184 1024 -480 ) (-2184 1024 -392 ) (-2536 1024 -392 ) (-2536 1024 -480 ) 
4 137 183 (-2568 1024 -392 ) (-3072 1024 -392 ) (-3072 1024 -480 ) (-2568 1024 -480 ) 
4 137 169 (-2536 1024 -248 ) (-2568 1024 -248 ) (-2568 1024 -392 ) (-2536 1024 -392 ) 
4 137 168 (-2184 1024 -392 ) (-2184 1024 -248 ) (-2536 1024 -248 ) (-2536 1024 -392 ) 
4 137 170 (-2568 1024 -248 ) (-3072 1024 -248 ) (-3072 1024 -392 ) (-2568 1024 -392 ) 
4 137 164 (-2536 1024 88 ) (-2568 1024 88 ) (-2568 1024 -248 ) (-2536 1024 -248 ) 
4 137 163 (-2184 1024 -248 ) (-2184 1024 88 ) (-2536 1024 88 ) (-2536 1024 -248 ) 
4 137 167 (-2568 1024 88 ) (-3072 1024 88 ) (-3072 1024 -248 ) (-2568 1024 -248 ) 
4 137 138 (-3072 1024 -1024 ) (-3072 1024 88 ) (-3072 1248 88 ) (-3072 1248 -1024 ) 
4 138 204 (-3072 1024 -1024 ) (-3072 1024 88 ) (-4088 1024 88 ) (-4088 1024 -1024 ) 
4 139 142 (-1280 1024 -384 ) (-1280 160 -384 ) (-1280 160 -256 ) (-1280 1024 -256 ) 
4 140 141 (-1280 1024 -240 ) (-1280 160 -240 ) (-1408 160 -240 ) (-1408 1024 -240 ) 
4 141 142 (-1280 1024 -248 ) (-1280 160 -248 ) (-1408 160 -248 ) (-1408 1024 -248 ) 
4 142 148 (-1408 412 -384 ) (-1408 356 -384 ) (-1408 356 -272 ) (-1408 412 -272 ) 
4 142 149 (-1408 280 -384 ) (-1408 160 -384 ) (-1408 160 -272 ) (-1408 280 -272 ) 
4 142 147 (-1408 604 -384 ) (-1408 548 -384 ) (-1408 548 -272 ) (-1408 604 -272 ) 
4 142 146 (-1408 796 -384 ) (-1408 740 -384 ) (-1408 740 -272 ) (-1408 796 -272 ) 
4 142 145 (-1408 1024 -384 ) (-1408 864 -384 ) (-1408 864 -272 ) (-1408 1024 -272 ) 
4 142 143 (-1408 864 -256 ) (-1408 1024 -256 ) (-1408 1024 -272 ) (-1408 864 -272 ) 
4 142 144 (-1408 160 -272 ) (-1408 160 -256 ) (-1408 280 -256 ) (-1408 280 -272 ) 
4 143 150 (-1416 1024 -256 ) (-1416 1024 -272 ) (-1416 864 -272 ) (-1416 864 -256 ) 
4 143 145 (-1416 864 -272 ) (-1416 1024 -272 ) (-1408 1024 -272 ) (-1408 864 -272 ) 
4 144 154 (-1416 280 -272 ) (-1416 160 -272 ) (-1416 160 -256 ) (-1416 280 -256 ) 
4 144 149 (-1416 160 -272 ) (-1416 280 -272 ) (-1408 280 -272 ) (-1408 160 -272 ) 
4 145 150 (-1416 1024 -272 ) (-1416 1024 -384 ) (-1416 864 -384 ) (-1416 864 -272 ) 
4 146 151 (-1416 796 -384 ) (-1416 740 -384 ) (-1416 740 -272 ) (-1416 796 -272 ) 
4 147 152 (-1416 604 -384 ) (-1416 548 -384 ) (-1416 548 -272 ) (-1416 604 -272 ) 
4 148 153 (-1416 412 -384 ) (-1416 356 -384 ) (-1416 356 -272 ) (-1416 412 -272 ) 
4 149 154 (-1416 280 -384 ) (-1416 160 -384 ) (-1416 160 -272 ) (-1416 280 -272 ) 
4 154 159 (-1600 280 -384 ) (-1600 160 -384 ) (-1600 160 -256 ) (-1600 280 -256 ) 
4 155 160 (-2048 352 -200 ) (-2048 96 -200 ) (-2048 160 -104 ) (-2048 288 -104 ) 
4 155 159 (-1600 352 -200 ) (-1600 96 -200 ) (-2048 96 -200 ) (-2048 352 -200 ) 
4 156 159 (-1784 384 -384 ) (-1600 384 -384 ) (-1600 384 -200 ) (-1784 384 -200 ) 
4 157 159 (-1976 384 -384 ) (-1800 384 -384 ) (-1800 384 -200 ) (-1976 384 -200 ) 
4 158 161 (-2048 544 -384 ) (-2048 384 -384 ) (-2048 384 -200 ) (-2048 544 -200 ) 
4 158 159 (-2048 384 -384 ) (-1992 384 -384 ) (-1992 384 -200 ) (-2048 384 -200 ) 
4 159 201 (-2048 0 -200 ) (-2048 0 -384 ) (-1600 0 -384 ) (-1600 0 -200 ) 
4 159 161 (-2048 384 -384 ) (-2048 0 -384 ) (-2048 0 -200 ) (-2048 384 -200 ) 
4 160 161 (-2176 96 -200 ) (-2176 352 -200 ) (-2048 352 -200 ) (-2048 96 -200 ) 
4 161 202 (-2048 0 -384 ) (-2048 0 -200 ) (-2176 0 -200 ) (-2176 0 -384 ) 
4 161 162 (-2176 196 -272 ) (-2176 252 -272 ) (-2176 252 -384 ) (-2176 196 -384 ) 
4 162 174 (-2184 196 -272 ) (-2184 252 -272 ) (-2184 252 -384 ) (-2184 196 -384 ) 
4 163 203 (-2184 0 -248 ) (-2184 0 88 ) (-2536 0 88 ) (-2536 0 -248 ) 
4 163 177 (-2184 128 -248 ) (-2184 0 -248 ) (-2536 0 -248 ) (-2536 128 -248 ) 
4 163 168 (-2536 1024 -248 ) (-2184 1024 -248 ) (-2184 320 -248 ) (-2536 320 -248 ) 
4 163 165 (-2536 64 -160 ) (-2536 64 88 ) (-2536 384 88 ) (-2536 384 -160 ) 
4 163 164 (-2536 1024 -248 ) (-2536 384 -248 ) (-2536 384 88 ) (-2536 1024 88 ) 
4 163 166 (-2536 64 -248 ) (-2536 0 -248 ) (-2536 0 88 ) (-2536 64 88 ) 
4 164 169 (-2568 1024 -248 ) (-2536 1024 -248 ) (-2536 384 -248 ) (-2568 384 -248 ) 
4 164 165 (-2568 384 88 ) (-2568 384 -160 ) (-2536 384 -160 ) (-2536 384 88 ) 
4 164 167 (-2568 1024 -248 ) (-2568 384 -248 ) (-2568 384 88 ) (-2568 1024 88 ) 
4 165 167 (-2568 64 -160 ) (-2568 64 88 ) (-2568 384 88 ) (-2568 384 -160 ) 
4 165 166 (-2568 64 88 ) (-2568 64 -160 ) (-2536 64 -160 ) (-2536 64 88 ) 
4 166 203 (-2536 0 88 ) (-2568 0 88 ) (-2568 0 -248 ) (-2536 0 -248 ) 
4 166 178 (-2536 64 -248 ) (-2536 0 -248 ) (-2568 0 -248 ) (-2568 64 -248 ) 
4 166 167 (-2568 64 -248 ) (-2568 0 -248 ) (-2568 0 88 ) (-2568 64 88 ) 
4 167 204 (-3072 1024 88 ) (-3072 1024 -248 ) (-3072 0 -248 ) (-3072 0 88 ) 
4 167 203 (-2568 0 88 ) (-3072 0 88 ) (-3072 0 -248 ) (-2568 0 -248 ) 
4 167 179 (-3072 0 -248 ) (-3072 128 -248 ) (-2568 128 -248 ) (-2568 0 -248 ) 
3 167 172 (-2568 239 -248 ) (-2568 229.332916 -248 ) (-2576 252 -248 ) 
6 167 171 (-3072 128 -248 ) (-3072 320 -248 ) (-2600 320 -248 ) (-2568 229.332916 -248 ) (-2568 169.142868 -248 ) (-2600 128 -248 ) 
4 167 170 (-3072 320 -248 ) (-3072 1024 -248 ) (-2568 1024 -248 ) (-2568 320 -248 ) 
4 168 180 (-2536 1024 -392 ) (-2184 1024 -392 ) (-2184 320 -392 ) (-2536 320 -392 ) 
4 168 169 (-2536 1024 -392 ) (-2536 384 -392 ) (-2536 384 -248 ) (-2536 1024 -248 ) 
4 169 181 (-2568 1024 -392 ) (-2536 1024 -392 ) (-2536 384 -392 ) (-2568 384 -392 ) 
4 169 170 (-2568 1024 -392 ) (-2568 384 -392 ) (-2568 384 -248 ) (-2568 1024 -248 ) 
4 170 204 (-3072 1024 -248 ) (-3072 1024 -392 ) (-3072 320 -392 ) (-3072 320 -248 ) 
4 170 183 (-3072 1024 -392 ) (-2568 1024 -392 ) (-2568 320 -392 ) (-3072 320 -392 ) 
4 170 176 (-3072 320 -392 ) (-2712 320 -392 ) (-2712 320 -384 ) (-3072 320 -384 ) 
4 170 173 (-2600 320 -256 ) (-3072 320 -256 ) (-3072 320 -384 ) (-2600 320 -384 ) 
4 170 171 (-2600 320 -248 ) (-3072 320 -248 ) (-3072 320 -256 ) (-2600 320 -256 ) 
4 171 204 (-3072 128 -256 ) (-3072 128 -248 ) (-3072 320 -248 ) (-3072 320 -256 ) 
4 171 179 (-2600 128 -248 ) (-3072 128 -248 ) (-3072 128 -256 ) (-2600 128 -256 ) 
5 171 174 (-2600 144 -256 ) (-2600 304 -256 ) (-2594.353027 304 -256 ) (-2553.387451 187.930695 -256 ) (-2587.555664 144 -256 ) 
4 171 175 (-2600 128 -256 ) (-3072 128 -256 ) (-3072 304 -256 ) (-2600 304 -256 ) 
4 171 173 (-3072 304 -256 ) (-3072 320 -256 ) (-2600 320 -256 ) (-2600 304 -256 ) 
4 171 172 (-2553.389404 187.928223 -256 ) (-2576.007080 252.011658 -256 ) (-2576.007080 252.011658 -248 ) (-2553.389404 187.928238 -248 ) 
3 172 174 (-2553.387451 187.930618 -256 ) (-2576 252 -256 ) (-2544 200 -256 ) 
4 173 204 (-3072 304 -256 ) (-3072 320 -256 ) (-3072 320 -384 ) (-3072 304 -384 ) 
4 173 176 (-3072 304 -384 ) (-3072 320 -384 ) (-2712 320 -384 ) (-2712 304 -384 ) 
4 173 175 (-3072 304 -384 ) (-2600 304 -384 ) (-2600 304 -256 ) (-3072 304 -256 ) 
4 174 175 (-2600 304 -256 ) (-2600 304 -384 ) (-2600 144 -384 ) (-2600 144 -256 ) 
4 175 204 (-3072 128 -384 ) (-3072 128 -256 ) (-3072 304 -256 ) (-3072 304 -384 ) 
4 175 179 (-2600 128 -256 ) (-3072 128 -256 ) (-3072 128 -384 ) (-2600 128 -384 ) 
4 175 176 (-2712 128 -384 ) (-3072 128 -384 ) (-3072 304 -384 ) (-2712 304 -384 ) 
4 176 204 (-3072 320 -392 ) (-3072 128 -392 ) (-3072 128 -384 ) (-3072 320 -384 ) 
4 176 183 (-2712 128 -392 ) (-3072 128 -392 ) (-3072 320 -392 ) (-2712 320 -392 ) 
4 176 179 (-3072 128 -392 ) (-2712 128 -392 ) (-2712 128 -384 ) (-3072 128 -384 ) 
4 177 203 (-2184 0 -392 ) (-2184 0 -248 ) (-2536 0 -248 ) (-2536 0 -392 ) 
4 177 180 (-2184 128 -392 ) (-2184 0 -392 ) (-2536 0 -392 ) (-2536 128 -392 ) 
4 177 178 (-2536 64 -392 ) (-2536 0 -392 ) (-2536 0 -248 ) (-2536 64 -248 ) 
4 178 203 (-2536 0 -248 ) (-2568 0 -248 ) (-2568 0 -392 ) (-2536 0 -392 ) 
4 178 182 (-2536 0 -392 ) (-2568 0 -392 ) (-2568 64 -392 ) (-2536 64 -392 ) 
4 178 179 (-2568 64 -392 ) (-2568 0 -392 ) (-2568 0 -248 ) (-2568 64 -248 ) 
4 179 204 (-3072 128 -392 ) (-3072 0 -392 ) (-3072 0 -248 ) (-3072 128 -248 ) 
4 179 203 (-2568 0 -248 ) (-3072 0 -248 ) (-3072 0 -392 ) (-2568 0 -392 ) 
4 179 183 (-2568 0 -392 ) (-3072 0 -392 ) (-3072 128 -392 ) (-2568 128 -392 ) 
4 180 203 (-2184 0 -480 ) (-2184 0 -392 ) (-2536 0 -392 ) (-2536 0 -480 ) 
4 180 184 (-2536 1024 -480 ) (-2184 1024 -480 ) (-2184 0 -480 ) (-2536 0 -480 ) 
4 180 181 (-2536 1024 -480 ) (-2536 384 -480 ) (-2536 384 -392 ) (-2536 1024 -392 ) 
4 180 182 (-2536 64 -480 ) (-2536 0 -480 ) (-2536 0 -392 ) (-2536 64 -392 ) 
4 181 184 (-2568 1024 -480 ) (-2536 1024 -480 ) (-2536 384 -480 ) (-2568 384 -480 ) 
4 181 183 (-2568 1024 -480 ) (-2568 384 -480 ) (-2568 384 -392 ) (-2568 1024 -392 ) 
4 182 203 (-2536 0 -392 ) (-2568 0 -392 ) (-2568 0 -480 ) (-2536 0 -480 ) 
4 182 184 (-2536 64 -480 ) (-2536 0 -480 ) (-2568 0 -480 ) (-2568 64 -480 ) 
4 182 183 (-2568 64 -480 ) (-2568 0 -480 ) (-2568 0 -392 ) (-2568 64 -392 ) 
4 183 204 (-3072 1024 -392 ) (-3072 1024 -480 ) (-3072 0 -480 ) (-3072 0 -392 ) 
4 183 203 (-2568 0 -392 ) (-3072 0 -392 ) (-3072 0 -480 ) (-2568 0 -480 ) 
4 183 184 (-3072 0 -480 ) (-3072 1024 -480 ) (-2568 1024 -480 ) (-2568 0 -480 ) 
4 184 204 (-3072 1024 -480 ) (-3072 1024 -1024 ) (-3072 0 -1024 ) (-3072 0 -480 ) 
4 184 203 (-2184 0 -1024 ) (-2184 0 -480 ) (-3072 0 -480 ) (-3072 0 -1024 ) 
4 185 187 (-1184 -672 32 ) (-1152 -672 32 ) (-1152 -672 88 ) (-1184 -672 88 ) 
4 186 188 (-1584 -672 32 ) (-1552 -672 32 ) (-1552 -672 88 ) (-1584 -672 88 ) 
4 187 192 (-1196 -864 0 ) (-1140 -864 0 ) (-1140 -864 112 ) (-1196 -864 112 ) 
4 188 194 (-1596 -864 0 ) (-1540 -864 0 ) (-1540 -864 112 ) (-1596 -864 112 ) 
3 189 191 (-1024 -864 112 ) (-1024 -872 112 ) (-1031.400024 -872 112 ) 
4 189 190 (-1031.400024 -872 112 ) (-1024 -872 112 ) (-1024 -872 128 ) (-1031.400024 -872 128 ) 
4 190 195 (-1664 -984 112 ) (-1664 -872 112 ) (-1024 -872 112 ) (-1024 -984 112 ) 
4 191 195 (-1024 -872 112 ) (-1032 -872 112 ) (-1032 -872 0 ) (-1024 -872 0 ) 
4 192 195 (-1140 -872 112 ) (-1196 -872 112 ) (-1196 -872 0 ) (-1140 -872 0 ) 
4 193 195 (-1340 -872 112 ) (-1396 -872 112 ) (-1396 -872 0 ) (-1340 -872 0 ) 
4 194 195 (-1540 -872 112 ) (-1596 -872 112 ) (-1596 -872 0 ) (-1540 -872 0 ) 
4 195 199 (-1664 -944 88 ) (-1664 -912 88 ) (-1664 -912 32 ) (-1664 -944 32 ) 
4 195 198 (-1540 -984 112 ) (-1596 -984 112 ) (-1596 -984 0 ) (-1540 -984 0 ) 
4 195 197 (-1340 -984 112 ) (-1396 -984 112 ) (-1396 -984 0 ) (-1340 -984 0 ) 
4 195 196 (-1140 -984 112 ) (-1196 -984 112 ) (-1196 -984 0 ) (-1140 -984 0 ) 
4 201 202 (-2048 -96 -384 ) (-2048 -96 -200 ) (-2048 0 -200 ) (-2048 0 -384 ) 
4 203 205 (-3072 -800 -1024 ) (-3072 -800 88 ) (-3072 0 88 ) (-3072 0 -1024 ) 
4 204 205 (-3072 0 -1024 ) (-3072 0 88 ) (-4088 0 88 ) (-4088 0 -1024 ) 
