


materialPath: D:\steam\steamapps\sourcemods\entropyzero2-addonworkspace\materials
Loading d:\steam\steamapps\sourcemods\entropyzero2-addonworkspace\mapsrc\old\dream.vmf
ConVarRef mat_reduceparticles doesn't point to an existing ConVar
fixing up env_cubemap materials on brush sides...
0...1...2...3...4...5...6...7...8...9...100...1...2...3...4...5...6...7...8...9...10Processing areas...done (0)
Building Faces...done (0)
Chop Details...done (0)
Find Visible Detail Sides...
Merged 54 detail faces...done (0)
Merging details...done (0)
FixTjuncs...
PruneNodes...
WriteBSP...
done (0)
writing d:\steam\steamapps\sourcemods\entropyzero2-addonworkspace\mapsrc\old\dream.prt...Building visibility clusters...
done (0)
Finding displacement neighbors...
Finding lightmap sample positions...
Displacement Alpha : 0...1...2...3...4...5...6...7...8...9...10
Building Physics collision data...
done (0) (63769 bytes)
Placing static props...
Placing detail props : 0...1...2...3...4...5...6...7...8...9...10
Compacting texture/material tables...
Reduced 245 texinfos to 160
Reduced 54 texdatas to 51 (1258 bytes to 1133)
Writing d:\steam\steamapps\sourcemods\entropyzero2-addonworkspace\mapsrc\old\dream.bsp
0 seconds elapsed



12 threads
reading d:\steam\steamapps\sourcemods\entropyzero2-addonworkspace\mapsrc\old\dream.bsp
reading d:\steam\steamapps\sourcemods\entropyzero2-addonworkspace\mapsrc\old\dream.prt
  36 portalclusters
  45 numportals
0...1...2...3...4...5...6...7...8...9...10Optimized: 0 visible clusters (0.00%)
Total clusters visible: 674
Average clusters visible: 18
Building PAS...
Average clusters audible: 26
visdatasize:663  compressed from 576
writing d:\steam\steamapps\sourcemods\entropyzero2-addonworkspace\mapsrc\old\dream.bsp
0 seconds elapsed



[Reading texlights from 'lights.rad']
[48 texlights parsed from 'lights.rad']

Loading d:\steam\steamapps\sourcemods\entropyzero2-addonworkspace\mapsrc\old\dream.bsp
405 faces
16049 square feet [2311065.25 square inches]
0 Displacements
0 Square Feet [0.00 Square Inches]
405 patches before subdivision
2937 patches after subdivision
13 direct lights
0...1...2...3...4...5...6...7...8...9...100...1...2...3...4...5...6...7...8...9...10transfers 169934, max 197
transfer lists:   1.3 megs
0...1...2...3...4...5...6...7...8...9...10	Bounce #1 added RGB(3368, 10186, 13610)
0...1...2...3...4...5...6...7...8...9...10	Bounce #2 added RGB(706, 1948, 1803)
Build Patch/Sample Hash Table(s).....Done<0.0004 sec>
0...1...2...3...4...5...6...7...8...9...10FinalLightFace Done
0 of 4 (0% of) surface lights went in leaf ambient cubes.
0...1...2...3...4...5...6...7...8...9...10Writing leaf ambient...done
Ready to Finish

Object names       Objects/Maxobjs  Memory / Maxmem  Fullness 
------------       ---------------  ---------------  -------- 
models                  10/1024          480/49152    ( 1.0%) 
brushes                174/8192         2088/98304    ( 2.1%) 
brushsides            1154/65536        9232/524288   ( 1.8%) 
planes                 654/65536       13080/1310720  ( 1.0%) 
vertexes               837/65536       10044/786432   ( 1.3%) 
nodes                  173/65536        5536/2097152  ( 0.3%) 
texinfos               160/12288       11520/884736   ( 1.3%) 
texdata                 51/2048         1632/65536    ( 2.5%) 
dispinfos                0/0               0/0        ( 0.0%) 
disp_verts               0/0               0/0        ( 0.0%) 
disp_tris                0/0               0/0        ( 0.0%) 
disp_lmsamples           0/0               0/0        ( 0.0%) 
faces                  405/65536       22680/3670016  ( 0.6%) 
hdr faces                0/65536           0/3670016  ( 0.0%) 
origfaces              369/65536       20664/3670016  ( 0.6%) 
leaves                 184/65536        5888/2097152  ( 0.3%) 
leaffaces              444/65536         888/131072   ( 0.7%) 
leafbrushes            204/65536         408/131072   ( 0.3%) 
areas                    4/256            32/2048     ( 1.6%) 
surfedges             3461/512000      13844/2048000  ( 0.7%) 
edges                 2326/256000       9304/1024000  ( 0.9%) 
LDR worldlights         13/65536        1144/5767168  ( 0.0%) 
HDR worldlights          0/65536           0/5767168  ( 0.0%) 
leafwaterdata            0/32768           0/393216   ( 0.0%) 
waterstrips             38/32768         380/327680   ( 0.1%) 
waterverts               0/65536           0/786432   ( 0.0%) 
waterindices           693/65536        1386/131072   ( 1.1%) 
cubemapsamples           0/1024            0/16384    ( 0.0%) 
overlays                24/8192         8448/2883584  ( 0.3%) 
LDR lightdata         [variable]      147572/0        ( 0.0%) 
HDR lightdata         [variable]           0/0        ( 0.0%) 
visdata               [variable]         663/16777216 ( 0.0%) 
entdata               [variable]       29328/393216   ( 7.5%) 
LDR ambient table      184/65536         736/262144   ( 0.3%) 
HDR ambient table      184/65536         736/262144   ( 0.3%) 
LDR leaf ambient       468/65536       13104/1835008  ( 0.7%) 
HDR leaf ambient       184/65536        5152/1835008  ( 0.3%) 
occluders                0/0               0/0        ( 0.0%) 
occluder polygons        0/0               0/0        ( 0.0%) 
occluder vert ind        0/0               0/0        ( 0.0%) 
detail props          [variable]           1/12       ( 8.3%) 
static props          [variable]           1/5868     ( 0.0%) 
pakfile               [variable]         975/0        ( 0.0%) 
physics               [variable]       63769/4194304  ( 1.5%) 
physics terrain       [variable]           2/1048576  ( 0.0%) 

Level flags = 0

Total triangle count: 1181
Writing d:\steam\steamapps\sourcemods\entropyzero2-addonworkspace\mapsrc\old\dream.bsp
0 seconds elapsed
