PRT1
214
573
4 0 2 (1024 3072 -240 ) (1024 3072 624 ) (1024 3568 624 ) (1024 3568 -240 ) 
4 0 1 (1024 3072 624 ) (1024 3072 -240 ) (1392 3072 -240 ) (1392 3072 624 ) 
4 1 26 (1392 2048 624 ) (1024 2048 624 ) (1024 2048 -240 ) (1392 2048 -240 ) 
4 1 8 (1024 2048 -240 ) (1024 2048 624 ) (1024 3072 624 ) (1024 3072 -240 ) 
4 2 8 (1024 3072 -240 ) (1024 3072 624 ) (0 3072 624 ) (0 3072 -240 ) 
4 2 4 (0 3104 -240 ) (0 3072 -240 ) (0 3072 624 ) (0 3104 624 ) 
4 2 3 (0 3568 -240 ) (0 3104 -240 ) (0 3104 624 ) (0 3568 624 ) 
4 3 71 (-1024 3104 624 ) (-1024 3568 624 ) (-1024 3568 -240 ) (-1024 3104 -240 ) 
4 3 5 (-160 3104 368 ) (-160 3104 624 ) (-608 3104 624 ) (-608 3104 368 ) 
4 3 6 (-608 3104 -240 ) (-160 3104 -240 ) (-160 3104 0 ) (-608 3104 0 ) 
4 3 4 (-160 3104 -240 ) (0 3104 -240 ) (0 3104 624 ) (-160 3104 624 ) 
4 3 7 (-1024 3104 -240 ) (-608 3104 -240 ) (-608 3104 624 ) (-1024 3104 624 ) 
4 4 25 (-160 3072 -240 ) (0 3072 -240 ) (0 3072 -8 ) (-160 3072 -8 ) 
4 4 23 (0 3072 -8 ) (0 3072 0 ) (-160 3072 0 ) (-160 3072 -8 ) 
3 4 10 (-160 3072 256 ) (-160 3072 0 ) (-71.183670 3072 0 ) 
5 4 9 (0 3072 0 ) (0 3072 624 ) (-160 3072 624 ) (-160 3072 256 ) (-71.183670 3072 0 ) 
4 4 5 (-160 3104 624 ) (-160 3104 368 ) (-160 3072 368 ) (-160 3072 624 ) 
4 4 6 (-160 3104 0 ) (-160 3104 -240 ) (-160 3072 -240 ) (-160 3072 0 ) 
4 5 21 (-592 3072 624 ) (-608 3072 624 ) (-608 3072 368 ) (-592 3072 368 ) 
4 5 19 (-298 3072 374 ) (-338.710114 3072 389.266296 ) (-376.293335 3072 384.896149 ) (-368.885132 3072 382.242462 ) 
4 5 18 (-282 3072 368 ) (-250.500031 3072 368 ) (-282.883972 3072 395.757690 ) (-338.710114 3072 389.266296 ) 
3 5 17 (-368.885101 3072 382.242462 ) (-376.293335 3072 384.896149 ) (-384 3072 384 ) 
4 5 15 (-250.500031 3072 368 ) (-198.857147 3072 368 ) (-211.372253 3072 404.072998 ) (-282.883972 3072 395.757690 ) 
4 5 14 (-198.857147 3072 368 ) (-176 3072 368 ) (-176 3072 408.186035 ) (-211.372253 3072 404.072998 ) 
3 5 13 (-176 3072 408.186035 ) (-176 3072 484.250031 ) (-470 3072 374 ) 
5 5 12 (-176 3072 624 ) (-218.833313 3072 624 ) (-517.500000 3072 368 ) (-486 3072 368 ) (-176 3072 484.250031 ) 
4 5 11 (-218.833313 3072 624 ) (-592 3072 624 ) (-592 3072 368 ) (-517.500000 3072 368 ) 
4 5 9 (-160 3072 368 ) (-160 3072 624 ) (-176 3072 624 ) (-176 3072 368 ) 
4 5 7 (-608 3104 624 ) (-608 3104 368 ) (-608 3072 368 ) (-608 3072 624 ) 
4 6 25 (-608 3072 -240 ) (-160 3072 -240 ) (-160 3072 -8 ) (-608 3072 -8 ) 
4 6 23 (-160 3072 -8 ) (-160 3072 0 ) (-176 3072 0 ) (-176 3072 -8 ) 
4 6 24 (-592 3072 0 ) (-608 3072 0 ) (-608 3072 -8 ) (-592 3072 -8 ) 
4 6 7 (-608 3104 0 ) (-608 3104 -240 ) (-608 3072 -240 ) (-608 3072 0 ) 
4 7 71 (-1024 3072 -240 ) (-1024 3072 624 ) (-1024 3104 624 ) (-1024 3104 -240 ) 
4 7 25 (-1024 3072 -8 ) (-1024 3072 -240 ) (-608 3072 -240 ) (-608 3072 -8 ) 
4 7 24 (-1024 3072 0 ) (-1024 3072 -8 ) (-608 3072 -8 ) (-608 3072 0 ) 
4 7 22 (-1024 3072 624 ) (-1024 3072 0 ) (-608 3072 0 ) (-608 3072 624 ) 
4 8 28 (1024 2048 -240 ) (1024 2048 624 ) (0 2048 624 ) (0 2048 -240 ) 
4 8 25 (0 3072 -8 ) (0 3072 -240 ) (0 2048 -240 ) (0 2048 -8 ) 
4 8 23 (0 3072 0 ) (0 3072 -8 ) (0 2048 -8 ) (0 2048 0 ) 
4 8 9 (0 3072 624 ) (0 3072 0 ) (0 2048 0 ) (0 2048 624 ) 
4 9 30 (-160 2048 624 ) (-176 2048 624 ) (-176 2048 302.117676 ) (-160 2048 256 ) 
5 9 29 (0 2048 0 ) (0 2048 624 ) (-160 2048 624 ) (-160 2048 256 ) (-71.183670 2048 0 ) 
4 9 23 (-71.183670 3072 0 ) (0 3072 0 ) (0 2048 0 ) (-71.183670 2048 0 ) 
4 9 14 (-176 2048 302.117676 ) (-176 2048 408.186035 ) (-176 3072 408.186035 ) (-176 3072 302.117676 ) 
4 9 13 (-176 2048 408.186035 ) (-176 2048 484.250031 ) (-176 3072 484.250031 ) (-176 3072 408.186035 ) 
4 9 12 (-176 2048 484.250031 ) (-176 2048 624 ) (-176 3072 624 ) (-176 3072 484.250031 ) 
4 9 10 (-71.183022 3072 0 ) (-71.183029 2048 0 ) (-160 2048 256.003204 ) (-160 3072 256.003204 ) 
3 10 29 (-160 2048 0 ) (-71.183670 2048 0 ) (-160 2048 256 ) 
4 10 23 (-160 3072 0 ) (-71.183670 3072 0 ) (-71.183670 2048 0 ) (-160 2048 0 ) 
3 11 31 (-218.833313 2048 624 ) (-592 2048 624 ) (-592 2048 304.142792 ) 
4 11 21 (-592 2048 304.142792 ) (-592 2048 624 ) (-592 3072 624 ) (-592 3072 304.142792 ) 
4 11 20 (-592 2048 304.144531 ) (-592 3072 304.144531 ) (-591 3072 305.002380 ) (-591 2048 305.002380 ) 
4 11 12 (-542.003235 3072 346.998810 ) (-218.834747 3072 624 ) (-218.834732 2048 624 ) (-542.003296 2048 346.998779 ) 
4 12 32 (-176 2048 624 ) (-218.833313 2048 624 ) (-542 2048 347 ) (-176 2048 484.250000 ) 
4 12 13 (-469.995056 3072 374 ) (-176 3072 484.248718 ) (-176 2048 484.248749 ) (-469.995239 2048 374 ) 
3 13 33 (-176 2048 408.186035 ) (-176 2048 484.250000 ) (-470 2048 374 ) 
4 13 19 (-376.293335 3072 384.896149 ) (-338.710114 3072 389.266296 ) (-338.710114 2048 389.266296 ) (-376.293335 2048 384.896149 ) 
4 13 18 (-338.710114 3072 389.266296 ) (-282.883972 3072 395.757690 ) (-282.883972 2048 395.757690 ) (-338.710114 2048 389.266296 ) 
4 13 17 (-384 3072 384 ) (-376.293335 3072 384.896149 ) (-376.293335 2048 384.896149 ) (-384 2048 384 ) 
4 13 15 (-282.883972 3072 395.757690 ) (-211.372253 3072 404.072998 ) (-211.372253 2048 404.072998 ) (-282.883972 2048 395.757690 ) 
4 13 14 (-211.372253 3072 404.072998 ) (-176 3072 408.186066 ) (-176 2048 408.186066 ) (-211.372253 2048 404.072998 ) 
3 14 34 (-176 2048 302.117645 ) (-176 2048 408.186035 ) (-211.372253 2048 404.072998 ) 
4 14 15 (-177 2048 305 ) (-211.370087 2048 404.068298 ) (-211.370071 3072 404.068268 ) (-177 3072 305 ) 
3 15 35 (-177 2048 305 ) (-211.372253 2048 404.072998 ) (-282.883972 2048 395.757690 ) 
4 15 18 (-282.883636 2048 395.755707 ) (-282.883636 3072 395.755676 ) (-226.002258 3072 347 ) (-226.002228 2048 347 ) 
11 16 36 (-576 2048 299 ) (-592 2048 256 ) (-592 2048 0 ) (-176 2048 0 ) (-176 2048 256 ) (-192 2048 299 ) (-237 2048 335 ) (-304 2048 359 ) (-384 2048 368 ) (-464 2048 359 ) (-531 2048 335 ) 
3 17 37 (-368.885132 2048 382.242462 ) (-376.293335 2048 384.896149 ) (-384 2048 384 ) 
4 17 19 (-376.293152 3072 384.895355 ) (-376.293152 2048 384.895355 ) (-368.887970 2048 382.242798 ) (-368.887970 3072 382.242798 ) 
3 18 38 (-226 2048 347 ) (-282.883972 2048 395.757690 ) (-338.710114 2048 389.266296 ) 
4 18 19 (-338.710938 2048 389.265900 ) (-338.710938 3072 389.265900 ) (-298.002319 3072 374 ) (-298.002350 2048 374 ) 
4 19 39 (-298 2048 374 ) (-338.710114 2048 389.266296 ) (-376.293335 2048 384.896149 ) (-368.885132 2048 382.242462 ) 
3 20 40 (-591 2048 305 ) (-592 2048 304.142792 ) (-592 2048 302.117554 ) 
4 20 21 (-592 2048 302.117554 ) (-592 2048 304.142792 ) (-592 3072 304.142792 ) (-592 3072 302.117554 ) 
4 21 41 (-592 2048 624 ) (-608 2048 624 ) (-608 2048 256 ) (-592 2048 302.117584 ) 
4 21 22 (-608 2048 256 ) (-608 2048 624 ) (-608 3072 624 ) (-608 3072 256 ) 
4 22 73 (-1024 2048 0 ) (-1024 2048 624 ) (-1024 3072 624 ) (-1024 3072 0 ) 
4 22 42 (-608 2048 624 ) (-1024 2048 624 ) (-1024 2048 0 ) (-608 2048 0 ) 
4 22 24 (-1024 2048 0 ) (-1024 3072 0 ) (-608 3072 0 ) (-608 2048 0 ) 
4 23 43 (0 2048 -8 ) (0 2048 0 ) (-176 2048 0 ) (-176 2048 -8 ) 
4 23 25 (0 2048 -8 ) (-176 2048 -8 ) (-176 3072 -8 ) (0 3072 -8 ) 
4 24 73 (-1024 2048 -8 ) (-1024 2048 0 ) (-1024 3072 0 ) (-1024 3072 -8 ) 
4 24 44 (-592 2048 0 ) (-1024 2048 0 ) (-1024 2048 -8 ) (-592 2048 -8 ) 
4 24 25 (-592 2048 -8 ) (-1024 2048 -8 ) (-1024 3072 -8 ) (-592 3072 -8 ) 
4 25 73 (-1024 2048 -240 ) (-1024 2048 -8 ) (-1024 3072 -8 ) (-1024 3072 -240 ) 
4 25 45 (0 2048 -240 ) (0 2048 -8 ) (-1024 2048 -8 ) (-1024 2048 -240 ) 
4 26 28 (1024 1024 -240 ) (1024 1024 624 ) (1024 2048 624 ) (1024 2048 -240 ) 
4 26 27 (1392 1024 624 ) (1024 1024 624 ) (1024 1024 -240 ) (1392 1024 -240 ) 
4 27 58 (1392 0 624 ) (1024 0 624 ) (1024 0 -240 ) (1392 0 -240 ) 
4 27 46 (1024 0 -240 ) (1024 0 624 ) (1024 1024 624 ) (1024 1024 -240 ) 
4 28 48 (0 1024 0 ) (0 1024 -240 ) (256 1024 -240 ) (256 1024 0 ) 
4 28 47 (256 1024 624 ) (0 1024 624 ) (0 1024 464 ) (256 1024 464 ) 
4 28 46 (1024 1024 -240 ) (1024 1024 624 ) (256 1024 624 ) (256 1024 -240 ) 
4 28 45 (0 1024 -240 ) (0 1024 -8 ) (0 2048 -8 ) (0 2048 -240 ) 
4 28 43 (0 1024 -8 ) (0 1024 0 ) (0 2048 0 ) (0 2048 -8 ) 
4 28 29 (0 1024 0 ) (0 1024 624 ) (0 2048 624 ) (0 2048 0 ) 
4 29 50 (0 1024 464 ) (0 1024 624 ) (-160 1024 624 ) (-160 1024 464 ) 
4 29 43 (-160 2048 0 ) (0 2048 0 ) (0 1024 0 ) (-160 1024 0 ) 
4 29 30 (-160 1024 256 ) (-160 1024 624 ) (-160 2048 624 ) (-160 2048 256 ) 
4 30 52 (-160 1024 256 ) (-160 1024 368 ) (-176 1024 368 ) (-176 1024 302.117676 ) 
4 30 51 (-160 1024 464 ) (-160 1024 624 ) (-176 1024 624 ) (-176 1024 464 ) 
4 30 34 (-176 1024 302.117676 ) (-176 1024 408.186035 ) (-176 2048 408.186035 ) (-176 2048 302.117676 ) 
4 30 33 (-176 1024 408.186035 ) (-176 1024 484.250031 ) (-176 2048 484.250031 ) (-176 2048 408.186035 ) 
4 30 32 (-176 1024 484.250031 ) (-176 1024 624 ) (-176 2048 624 ) (-176 2048 484.250031 ) 
3 31 52 (-592 1024 368 ) (-592 1024 304.142792 ) (-517.499939 1024 368 ) 
4 31 51 (-218.833313 1024 624 ) (-592 1024 624 ) (-592 1024 464 ) (-405.499939 1024 464 ) 
4 31 41 (-592 1024 304.142792 ) (-592 1024 624 ) (-592 2048 624 ) (-592 2048 304.142792 ) 
4 31 40 (-592 1024 304.144531 ) (-592 2048 304.144531 ) (-591 2048 305.002380 ) (-591 1024 305.002380 ) 
4 31 32 (-542.003235 2048 346.998810 ) (-218.834747 2048 624 ) (-218.834732 1024 624 ) (-542.003296 1024 346.998779 ) 
3 32 52 (-517.499939 1024 368 ) (-542 1024 347 ) (-486 1024 368 ) 
5 32 51 (-176 1024 484.250000 ) (-176 1024 624 ) (-218.833313 1024 624 ) (-405.499939 1024 464 ) (-230 1024 464 ) 
4 32 33 (-469.995239 2048 374 ) (-176 2048 484.248749 ) (-176 1024 484.248779 ) (-469.995178 1024 374 ) 
3 33 51 (-176 1024 464 ) (-176 1024 484.250000 ) (-230 1024 464 ) 
4 33 39 (-376.293335 2048 384.896149 ) (-338.710114 2048 389.266296 ) (-338.710114 1024 389.266296 ) (-376.293335 1024 384.896149 ) 
4 33 38 (-338.710114 2048 389.266296 ) (-282.883972 2048 395.757690 ) (-282.883972 1024 395.757690 ) (-338.710114 1024 389.266296 ) 
4 33 37 (-384 2048 384 ) (-376.293335 2048 384.896149 ) (-376.293335 1024 384.896149 ) (-384 1024 384 ) 
4 33 35 (-282.883972 2048 395.757690 ) (-211.372253 2048 404.072998 ) (-211.372253 1024 404.072998 ) (-282.883972 1024 395.757690 ) 
4 33 34 (-211.372253 2048 404.072998 ) (-176 2048 408.186066 ) (-176 1024 408.186066 ) (-211.372253 1024 404.072998 ) 
3 34 52 (-176 1024 302.117645 ) (-176 1024 368 ) (-198.857132 1024 368 ) 
4 34 35 (-177 1024 305 ) (-211.370102 1024 404.068329 ) (-211.370087 2048 404.068298 ) (-177 2048 305 ) 
3 35 52 (-177 1024 305 ) (-198.857132 1024 368 ) (-250.500000 1024 368 ) 
4 35 38 (-282.883636 1024 395.755737 ) (-282.883636 2048 395.755707 ) (-226.002197 2048 347 ) (-226.002213 1024 347 ) 
11 36 52 (-592 1024 0 ) (-176 1024 0 ) (-176 1024 256 ) (-192 1024 299 ) (-237 1024 335 ) (-304 1024 359 ) (-384 1024 368 ) (-464 1024 359 ) (-531 1024 335 ) (-576 1024 299 ) (-592 1024 256 ) 
4 37 39 (-376.293152 2048 384.895325 ) (-376.293152 1024 384.895325 ) (-368.888092 1024 382.242798 ) (-368.888092 2048 382.242798 ) 
3 38 52 (-226 1024 347 ) (-250.500015 1024 368 ) (-282 1024 368 ) 
4 38 39 (-338.710938 1024 389.265900 ) (-338.710938 2048 389.265900 ) (-298.002350 2048 374 ) (-298.002411 1024 374 ) 
3 40 52 (-591 1024 305 ) (-592 1024 304.142792 ) (-592 1024 302.117554 ) 
4 40 41 (-592 1024 302.117554 ) (-592 1024 304.142792 ) (-592 2048 304.142792 ) (-592 2048 302.117554 ) 
4 41 52 (-592 1024 302.117584 ) (-592 1024 368 ) (-608 1024 368 ) (-608 1024 256 ) 
4 41 51 (-592 1024 464 ) (-592 1024 624 ) (-608 1024 624 ) (-608 1024 464 ) 
4 41 42 (-608 1024 256 ) (-608 1024 624 ) (-608 2048 624 ) (-608 2048 256 ) 
4 42 77 (-1024 1024 0 ) (-1024 1024 624 ) (-1024 2048 624 ) (-1024 2048 0 ) 
4 42 53 (-1024 1024 624 ) (-1024 1024 464 ) (-608 1024 464 ) (-608 1024 624 ) 
4 42 44 (-1024 2048 0 ) (-608 2048 0 ) (-608 1024 0 ) (-1024 1024 0 ) 
4 43 55 (-176 1024 -8 ) (0 1024 -8 ) (0 1024 0 ) (-176 1024 0 ) 
4 43 45 (0 1024 -8 ) (-176 1024 -8 ) (-176 2048 -8 ) (0 2048 -8 ) 
4 44 77 (-1024 1024 -8 ) (-1024 1024 0 ) (-1024 2048 0 ) (-1024 2048 -8 ) 
4 44 56 (-1024 1024 0 ) (-1024 1024 -8 ) (-768 1024 -8 ) (-768 1024 0 ) 
4 44 45 (-592 1024 -8 ) (-1024 1024 -8 ) (-1024 2048 -8 ) (-592 2048 -8 ) 
4 45 77 (-1024 1024 -240 ) (-1024 1024 -8 ) (-1024 2048 -8 ) (-1024 2048 -240 ) 
4 45 57 (-1024 1024 -8 ) (-1024 1024 -240 ) (0 1024 -240 ) (0 1024 -8 ) 
4 46 60 (1024 0 -240 ) (1024 0 624 ) (256 0 624 ) (256 0 -240 ) 
4 46 49 (256 0 -240 ) (256 0 624 ) (256 1008 624 ) (256 1008 -240 ) 
4 46 48 (256 1024 0 ) (256 1024 -240 ) (256 1008 -240 ) (256 1008 0 ) 
4 46 47 (256 1008 624 ) (256 1024 624 ) (256 1024 464 ) (256 1008 464 ) 
4 47 50 (0 1024 624 ) (0 1024 464 ) (0 1008 464 ) (0 1008 624 ) 
4 47 49 (256 1008 464 ) (256 1008 624 ) (0 1008 624 ) (0 1008 464 ) 
4 48 57 (0 1024 -8 ) (0 1024 -240 ) (0 1008 -240 ) (0 1008 -8 ) 
4 48 55 (0 1024 0 ) (0 1024 -8 ) (0 1008 -8 ) (0 1008 0 ) 
4 48 49 (0 1008 -240 ) (256 1008 -240 ) (256 1008 0 ) (0 1008 0 ) 
4 49 60 (256 0 -240 ) (256 0 624 ) (0 0 624 ) (0 0 -240 ) 
4 49 57 (0 1008 -240 ) (0 0 -240 ) (0 0 -8 ) (0 1008 -8 ) 
4 49 55 (0 0 -8 ) (0 0 0 ) (0 1008 0 ) (0 1008 -8 ) 
4 49 54 (0 0 0 ) (0 0 624 ) (0 1008 624 ) (0 1008 0 ) 
4 50 54 (0 1008 464 ) (0 1008 624 ) (-160 1008 624 ) (-160 1008 464 ) 
4 50 51 (-160 1024 624 ) (-160 1024 464 ) (-160 1008 464 ) (-160 1008 624 ) 
4 51 54 (-160 1008 464 ) (-160 1008 624 ) (-608 1008 624 ) (-608 1008 464 ) 
4 51 53 (-608 1008 464 ) (-608 1008 624 ) (-608 1024 624 ) (-608 1024 464 ) 
4 52 55 (-160 1008 0 ) (-176 1008 0 ) (-176 1024 0 ) (-160 1024 0 ) 
4 52 54 (-608 1008 0 ) (-160 1008 0 ) (-160 1008 368 ) (-608 1008 368 ) 
4 53 79 (-1024 1024 624 ) (-1024 1024 464 ) (-1024 1008 464 ) (-1024 1008 624 ) 
4 53 54 (-608 1008 464 ) (-608 1008 624 ) (-1024 1008 624 ) (-1024 1008 464 ) 
4 54 80 (-1024 0 384 ) (-1024 0 624 ) (-1024 1008 624 ) (-1024 1008 384 ) 
4 54 61 (-1024 0 624 ) (-1024 0 0 ) (0 0 0 ) (0 0 624 ) 
4 54 56 (-768 0 0 ) (-1024 0 0 ) (-1024 1008 0 ) (-768 1008 0 ) 
4 54 55 (0 1008 0 ) (0 0 0 ) (-176 0 0 ) (-176 1008 0 ) 
4 55 62 (-176 0 -8 ) (0 0 -8 ) (0 0 0 ) (-176 0 0 ) 
4 55 57 (0 0 -8 ) (-176 0 -8 ) (-176 1024 -8 ) (0 1024 -8 ) 
4 56 81 (-1024 0 -8 ) (-1024 0 0 ) (-1024 1008 0 ) (-1024 1008 -8 ) 
4 56 79 (-1024 1008 0 ) (-1024 1024 0 ) (-1024 1024 -8 ) (-1024 1008 -8 ) 
4 56 63 (-1024 0 0 ) (-1024 0 -8 ) (-768 0 -8 ) (-768 0 0 ) 
4 56 57 (-768 0 -8 ) (-1024 0 -8 ) (-1024 1024 -8 ) (-768 1024 -8 ) 
4 57 81 (-1024 0 -240 ) (-1024 0 -8 ) (-1024 1008 -8 ) (-1024 1008 -240 ) 
4 57 79 (-1024 1008 -8 ) (-1024 1024 -8 ) (-1024 1024 -240 ) (-1024 1008 -240 ) 
4 57 64 (-1024 0 -8 ) (-1024 0 -240 ) (0 0 -240 ) (0 0 -8 ) 
4 58 60 (1024 0 624 ) (1024 0 -240 ) (1024 -1024 -240 ) (1024 -1024 624 ) 
4 58 59 (1392 -1024 624 ) (1024 -1024 624 ) (1024 -1024 -240 ) (1392 -1024 -240 ) 
4 59 96 (1392 -2048 624 ) (1024 -2048 624 ) (1024 -2048 -240 ) (1392 -2048 -240 ) 
4 59 65 (1024 -2048 -240 ) (1024 -2048 624 ) (1024 -1024 624 ) (1024 -1024 -240 ) 
4 60 65 (1024 -1024 -240 ) (1024 -1024 624 ) (0 -1024 624 ) (0 -1024 -240 ) 
4 60 64 (0 0 -8 ) (0 0 -240 ) (0 -1024 -240 ) (0 -1024 -8 ) 
4 60 62 (0 0 0 ) (0 0 -8 ) (0 -1024 -8 ) (0 -1024 0 ) 
4 60 61 (0 0 624 ) (0 0 0 ) (0 -1024 0 ) (0 -1024 624 ) 
4 61 86 (-1024 -1024 384 ) (-1024 -1024 624 ) (-1024 0 624 ) (-1024 0 384 ) 
4 61 67 (-1024 -1024 64 ) (-1024 -1024 0 ) (-192 -1024 0 ) (-192 -1024 64 ) 
4 61 66 (-1024 -1024 624 ) (-1024 -1024 64 ) (0 -1024 64 ) (0 -1024 624 ) 
4 61 63 (-768 -1024 0 ) (-1024 -1024 0 ) (-1024 0 0 ) (-768 0 0 ) 
4 61 62 (0 -1024 0 ) (-176 -1024 0 ) (-176 0 0 ) (0 0 0 ) 
4 62 64 (0 0 -8 ) (0 -1024 -8 ) (-176 -1024 -8 ) (-176 0 -8 ) 
4 63 87 (-1024 -1024 -8 ) (-1024 -1024 0 ) (-1024 0 0 ) (-1024 0 -8 ) 
4 63 68 (-1024 -1024 0 ) (-1024 -1024 -8 ) (-768 -1024 -8 ) (-768 -1024 0 ) 
4 63 64 (-768 -1024 -8 ) (-1024 -1024 -8 ) (-1024 0 -8 ) (-768 0 -8 ) 
4 64 87 (-1024 -1024 -240 ) (-1024 -1024 -8 ) (-1024 0 -8 ) (-1024 0 -240 ) 
4 64 69 (-192 -1024 -240 ) (0 -1024 -240 ) (0 -1024 -16 ) (-192 -1024 -16 ) 
4 64 70 (-1024 -1024 -8 ) (-1024 -1024 -240 ) (-192 -1024 -240 ) (-192 -1024 -8 ) 
4 65 99 (1024 -2048 -240 ) (1024 -2048 624 ) (0 -2048 624 ) (0 -2048 -240 ) 
4 65 69 (0 -1024 -16 ) (0 -1024 -240 ) (0 -2048 -240 ) (0 -2048 -16 ) 
4 65 66 (0 -1024 624 ) (0 -1024 64 ) (0 -2048 64 ) (0 -2048 624 ) 
4 66 100 (0 -2048 64 ) (0 -2048 624 ) (-1024 -2048 624 ) (-1024 -2048 64 ) 
4 66 90 (-1024 -2048 384 ) (-1024 -2048 624 ) (-1024 -1024 624 ) (-1024 -1024 384 ) 
4 66 67 (-1024 -2048 64 ) (-1024 -1024 64 ) (-192 -1024 64 ) (-192 -2048 64 ) 
4 67 101 (-192 -2048 64 ) (-1024 -2048 64 ) (-1024 -2048 0 ) (-192 -2048 0 ) 
4 67 68 (-768 -2048 0 ) (-1024 -2048 0 ) (-1024 -1024 0 ) (-768 -1024 0 ) 
4 68 102 (-768 -2048 0 ) (-1024 -2048 0 ) (-1024 -2048 -8 ) (-768 -2048 -8 ) 
4 68 91 (-1024 -2048 -8 ) (-1024 -2048 0 ) (-1024 -1024 0 ) (-1024 -1024 -8 ) 
4 68 70 (-1024 -2048 -8 ) (-1024 -1024 -8 ) (-768 -1024 -8 ) (-768 -2048 -8 ) 
4 69 103 (0 -2048 -240 ) (0 -2048 -16 ) (-192 -2048 -16 ) (-192 -2048 -240 ) 
4 69 70 (-192 -1024 -240 ) (-192 -2048 -240 ) (-192 -2048 -16 ) (-192 -1024 -16 ) 
4 70 104 (-192 -2048 -8 ) (-1024 -2048 -8 ) (-1024 -2048 -240 ) (-192 -2048 -240 ) 
4 70 91 (-1024 -2048 -240 ) (-1024 -2048 -8 ) (-1024 -1024 -8 ) (-1024 -1024 -240 ) 
4 71 73 (-1024 3072 -240 ) (-1024 3072 624 ) (-2048 3072 624 ) (-2048 3072 -240 ) 
4 71 72 (-2048 3568 -240 ) (-2048 3072 -240 ) (-2048 3072 624 ) (-2048 3568 624 ) 
4 72 75 (-3072 3072 -240 ) (-3072 3072 624 ) (-3072 3568 624 ) (-3072 3568 -240 ) 
4 72 74 (-3072 3072 624 ) (-3072 3072 -240 ) (-2048 3072 -240 ) (-2048 3072 624 ) 
4 73 77 (-1024 2048 -240 ) (-1024 2048 624 ) (-2048 2048 624 ) (-2048 2048 -240 ) 
4 73 74 (-2048 3072 624 ) (-2048 3072 -240 ) (-2048 2048 -240 ) (-2048 2048 624 ) 
4 74 78 (-2048 2048 -240 ) (-2048 2048 624 ) (-3072 2048 624 ) (-3072 2048 -240 ) 
4 74 76 (-3072 2048 -240 ) (-3072 2048 624 ) (-3072 3072 624 ) (-3072 3072 -240 ) 
4 75 76 (-3072 3072 -240 ) (-3072 3072 624 ) (-3568 3072 624 ) (-3568 3072 -240 ) 
4 76 84 (-3072 2048 -240 ) (-3072 2048 624 ) (-3568 2048 624 ) (-3568 2048 -240 ) 
4 77 82 (-1040 1024 624 ) (-2048 1024 624 ) (-2048 1024 -240 ) (-1040 1024 -240 ) 
4 77 79 (-1024 1024 -240 ) (-1024 1024 624 ) (-1040 1024 624 ) (-1040 1024 -240 ) 
4 77 78 (-2048 1024 -240 ) (-2048 1024 624 ) (-2048 2048 624 ) (-2048 2048 -240 ) 
4 78 84 (-3072 1024 -240 ) (-3072 1024 624 ) (-3072 2048 624 ) (-3072 2048 -240 ) 
4 78 83 (-2048 1024 -240 ) (-2048 1024 624 ) (-3072 1024 624 ) (-3072 1024 -240 ) 
4 79 82 (-1040 1024 624 ) (-1040 1024 -240 ) (-1040 1008 -240 ) (-1040 1008 624 ) 
4 79 81 (-1040 1008 0 ) (-1040 1008 -240 ) (-1024 1008 -240 ) (-1024 1008 0 ) 
4 79 80 (-1040 1008 624 ) (-1040 1008 384 ) (-1024 1008 384 ) (-1024 1008 624 ) 
4 80 86 (-1024 0 384 ) (-1024 0 624 ) (-1040 0 624 ) (-1040 0 384 ) 
4 80 82 (-1040 0 384 ) (-1040 0 624 ) (-1040 1008 624 ) (-1040 1008 384 ) 
4 81 87 (-1024 0 -240 ) (-1024 0 0 ) (-1040 0 0 ) (-1040 0 -240 ) 
4 81 82 (-1040 0 -240 ) (-1040 0 0 ) (-1040 1008 0 ) (-1040 1008 -240 ) 
4 82 88 (-1040 0 -240 ) (-1040 0 624 ) (-2048 0 624 ) (-2048 0 -240 ) 
4 82 83 (-2048 1024 624 ) (-2048 1024 -240 ) (-2048 0 -240 ) (-2048 0 624 ) 
4 83 89 (-2048 0 -240 ) (-2048 0 624 ) (-3072 0 624 ) (-3072 0 -240 ) 
4 83 85 (-3072 0 -240 ) (-3072 0 624 ) (-3072 1024 624 ) (-3072 1024 -240 ) 
4 84 85 (-3072 1024 -240 ) (-3072 1024 624 ) (-3568 1024 624 ) (-3568 1024 -240 ) 
4 85 94 (-3072 0 -240 ) (-3072 0 624 ) (-3568 0 624 ) (-3568 0 -240 ) 
4 86 90 (-1024 -1024 384 ) (-1024 -1024 624 ) (-1040 -1024 624 ) (-1040 -1024 384 ) 
4 86 88 (-1040 -1024 384 ) (-1040 -1024 624 ) (-1040 0 624 ) (-1040 0 384 ) 
4 87 91 (-1024 -1024 -240 ) (-1024 -1024 0 ) (-1040 -1024 0 ) (-1040 -1024 -240 ) 
4 87 88 (-1040 -1024 -240 ) (-1040 -1024 0 ) (-1040 0 0 ) (-1040 0 -240 ) 
4 88 92 (-1040 -1024 -240 ) (-1040 -1024 624 ) (-2048 -1024 624 ) (-2048 -1024 -240 ) 
4 88 89 (-2048 0 624 ) (-2048 0 -240 ) (-2048 -1024 -240 ) (-2048 -1024 624 ) 
4 89 94 (-3072 0 624 ) (-3072 0 -240 ) (-3072 -1024 -240 ) (-3072 -1024 624 ) 
4 89 93 (-2048 -1024 -240 ) (-2048 -1024 624 ) (-3072 -1024 624 ) (-3072 -1024 -240 ) 
4 90 156 (-1024 -2048 384 ) (-1024 -2048 624 ) (-1040 -2048 624 ) (-1040 -2048 384 ) 
4 90 92 (-1040 -2048 384 ) (-1040 -2048 624 ) (-1040 -1024 624 ) (-1040 -1024 384 ) 
4 91 157 (-1024 -2048 -240 ) (-1024 -2048 0 ) (-1040 -2048 0 ) (-1040 -2048 -240 ) 
4 91 92 (-1040 -2048 -240 ) (-1040 -2048 0 ) (-1040 -1024 0 ) (-1040 -1024 -240 ) 
4 92 158 (-1040 -2048 -240 ) (-1040 -2048 624 ) (-2048 -2048 624 ) (-2048 -2048 -240 ) 
4 92 93 (-2048 -1024 624 ) (-2048 -1024 -240 ) (-2048 -2048 -240 ) (-2048 -2048 624 ) 
4 93 159 (-2048 -2048 -240 ) (-2048 -2048 624 ) (-3072 -2048 624 ) (-3072 -2048 -240 ) 
4 93 95 (-3072 -2048 -240 ) (-3072 -2048 624 ) (-3072 -1024 624 ) (-3072 -1024 -240 ) 
4 94 95 (-3072 -1024 -240 ) (-3072 -1024 624 ) (-3568 -1024 624 ) (-3568 -1024 -240 ) 
4 95 168 (-3072 -2048 -240 ) (-3072 -2048 624 ) (-3568 -2048 624 ) (-3568 -2048 -240 ) 
4 96 99 (1024 -2048 624 ) (1024 -2048 -240 ) (1024 -3072 -240 ) (1024 -3072 624 ) 
4 96 97 (1392 -3072 624 ) (1024 -3072 624 ) (1024 -3072 -240 ) (1392 -3072 -240 ) 
4 97 105 (1024 -4096 -240 ) (1024 -4096 624 ) (1024 -3072 624 ) (1024 -3072 -240 ) 
4 97 98 (1024 -4096 624 ) (1024 -4096 -240 ) (1392 -4096 -240 ) (1392 -4096 624 ) 
4 98 118 (1392 -5120 624 ) (1024 -5120 624 ) (1024 -5120 -240 ) (1392 -5120 -240 ) 
4 98 113 (1024 -5120 -240 ) (1024 -5120 -8 ) (1024 -4096 -8 ) (1024 -4096 -240 ) 
4 98 111 (1024 -5120 -8 ) (1024 -5120 0 ) (1024 -4096 0 ) (1024 -4096 -8 ) 
4 98 110 (1024 -5120 0 ) (1024 -5120 624 ) (1024 -4096 624 ) (1024 -4096 0 ) 
4 99 105 (1024 -3072 -240 ) (1024 -3072 624 ) (0 -3072 624 ) (0 -3072 -240 ) 
4 99 103 (0 -2048 -16 ) (0 -2048 -240 ) (0 -3072 -240 ) (0 -3072 -16 ) 
4 99 100 (0 -2048 624 ) (0 -2048 64 ) (0 -3072 64 ) (0 -3072 624 ) 
4 100 156 (-1024 -2048 624 ) (-1024 -2048 384 ) (-1024 -3072 384 ) (-1024 -3072 624 ) 
4 100 106 (0 -3072 64 ) (0 -3072 624 ) (-1024 -3072 624 ) (-1024 -3072 64 ) 
4 100 101 (-1024 -2048 64 ) (-192 -2048 64 ) (-192 -3072 64 ) (-1024 -3072 64 ) 
4 101 106 (-192 -3072 64 ) (-1024 -3072 64 ) (-1024 -3072 0 ) (-192 -3072 0 ) 
4 101 102 (-768 -3072 0 ) (-1024 -3072 0 ) (-1024 -2048 0 ) (-768 -2048 0 ) 
4 102 157 (-1024 -2048 0 ) (-1024 -2048 -8 ) (-1024 -3072 -8 ) (-1024 -3072 0 ) 
4 102 108 (-768 -3072 0 ) (-1024 -3072 0 ) (-1024 -3072 -8 ) (-768 -3072 -8 ) 
4 102 104 (-1024 -2048 -8 ) (-768 -2048 -8 ) (-768 -3072 -8 ) (-1024 -3072 -8 ) 
4 103 109 (0 -3072 -240 ) (0 -3072 -16 ) (-192 -3072 -16 ) (-192 -3072 -240 ) 
4 103 104 (-192 -2048 -240 ) (-192 -3072 -240 ) (-192 -3072 -16 ) (-192 -2048 -16 ) 
4 104 157 (-1024 -2048 -8 ) (-1024 -2048 -240 ) (-1024 -3072 -240 ) (-1024 -3072 -8 ) 
4 104 109 (-192 -3072 -8 ) (-1024 -3072 -8 ) (-1024 -3072 -240 ) (-192 -3072 -240 ) 
4 105 113 (1024 -4096 -240 ) (1024 -4096 -8 ) (0 -4096 -8 ) (0 -4096 -240 ) 
4 105 112 (704 -4096 0 ) (0 -4096 0 ) (0 -4096 -8 ) (704 -4096 -8 ) 
4 105 111 (1024 -4096 -8 ) (1024 -4096 0 ) (704 -4096 0 ) (704 -4096 -8 ) 
4 105 110 (1024 -4096 0 ) (1024 -4096 624 ) (0 -4096 624 ) (0 -4096 0 ) 
4 105 109 (0 -4096 -240 ) (0 -4096 -8 ) (0 -3072 -8 ) (0 -3072 -240 ) 
4 105 107 (0 -4096 -8 ) (0 -4096 0 ) (0 -3072 0 ) (0 -3072 -8 ) 
4 105 106 (0 -4096 0 ) (0 -4096 624 ) (0 -3072 624 ) (0 -3072 0 ) 
4 106 160 (-1024 -4096 384 ) (-1024 -4096 624 ) (-1024 -3072 624 ) (-1024 -3072 384 ) 
4 106 114 (-1024 -4096 624 ) (-1024 -4096 0 ) (0 -4096 0 ) (0 -4096 624 ) 
4 106 108 (-768 -4096 0 ) (-1024 -4096 0 ) (-1024 -3072 0 ) (-768 -3072 0 ) 
5 106 107 (0 -4096 0 ) (-168.558167 -4096 0 ) (-176 -4016 0 ) (-176 -3072 0 ) (0 -3072 0 ) 
4 107 115 (-168.558151 -4096 -8 ) (0 -4096 -8 ) (0 -4096 0 ) (-168.558167 -4096 0 ) 
5 107 109 (-176 -3072 -8 ) (0 -3072 -8 ) (0 -4096 -8 ) (-168.558167 -4096 -8 ) (-176 -4016 -8 ) 
4 108 161 (-1024 -4096 -8 ) (-1024 -4096 0 ) (-1024 -3072 0 ) (-1024 -3072 -8 ) 
4 108 116 (-1024 -4096 0 ) (-1024 -4096 -8 ) (-768 -4096 -8 ) (-768 -4096 0 ) 
4 108 109 (-1024 -3072 -8 ) (-768 -3072 -8 ) (-768 -4096 -8 ) (-1024 -4096 -8 ) 
4 109 161 (-1024 -4096 -240 ) (-1024 -4096 -8 ) (-1024 -3072 -8 ) (-1024 -3072 -240 ) 
4 109 117 (-1024 -4096 -8 ) (-1024 -4096 -240 ) (0 -4096 -240 ) (0 -4096 -8 ) 
4 110 120 (1024 -5120 0 ) (1024 -5120 624 ) (0 -5120 624 ) (0 -5120 0 ) 
4 110 114 (0 -4096 624 ) (0 -4096 0 ) (0 -5120 0 ) (0 -5120 624 ) 
8 110 112 (0 -4538.109375 0 ) (0 -4096 0 ) (704 -4096 0 ) (704 -4896 0 ) (532.003479 -4880 0 ) (367.997131 -4830 0 ) (216.003052 -4748.001953 0 ) (81.998650 -4637.998535 0 ) 
4 110 111 (704 -4096 0 ) (1024 -4096 0 ) (1024 -5120 0 ) (704 -5120 0 ) 
4 111 121 (1024 -5120 -8 ) (1024 -5120 0 ) (704 -5120 0 ) (704 -5120 -8 ) 
4 111 113 (1024 -5120 -8 ) (704 -5120 -8 ) (704 -4096 -8 ) (1024 -4096 -8 ) 
4 111 112 (704 -4096 -8 ) (704 -4896 -8 ) (704 -4896 0 ) (704 -4096 0 ) 
4 112 115 (0 -4096 0 ) (0 -4096 -8 ) (0 -4538.109375 -8 ) (0 -4538.109375 0 ) 
8 112 113 (81.998650 -4637.998535 -8 ) (0 -4538.109375 -8 ) (0 -4096 -8 ) (704 -4096 -8 ) (704 -4896 -8 ) (532.003479 -4880 -8 ) (367.997131 -4830 -8 ) (216.003052 -4748.001953 -8 ) 
4 113 123 (1024 -5120 -240 ) (1024 -5120 -8 ) (0 -5120 -8 ) (0 -5120 -240 ) 
4 113 117 (0 -4096 -8 ) (0 -4096 -240 ) (0 -5120 -240 ) (0 -5120 -8 ) 
4 114 164 (-1024 -5120 384 ) (-1024 -5120 624 ) (-1024 -4096 624 ) (-1024 -4096 384 ) 
4 114 133 (0 -5120 0 ) (0 -5120 8 ) (-192.700699 -5120 8 ) (-192.700684 -5120 0 ) 
4 114 131 (-192.700699 -5120 8 ) (-371.770935 -5120 8 ) (-371.770935 -5120 0 ) (-192.700684 -5120 0 ) 
4 114 129 (-371.770935 -5120 8 ) (-448 -5120 8 ) (-448 -5120 0 ) (-371.770935 -5120 0 ) 
4 114 128 (-512 -5120 8 ) (-1024 -5120 8 ) (-1024 -5120 0 ) (-512 -5120 0 ) 
4 114 127 (-452 -5120 8 ) (-508 -5120 8 ) (-508 -5120 0 ) (-452 -5120 0 ) 
4 114 124 (0 -5120 8 ) (0 -5120 624 ) (-1024 -5120 624 ) (-1024 -5120 8 ) 
6 114 115 (-160 -4188 0 ) (-168.558228 -4096 0 ) (0 -4096 0 ) (0 -4538.109375 0 ) (-28 -4504 0 ) (-110 -4352 0 ) 
4 114 116 (-768 -5120 0 ) (-1024 -5120 0 ) (-1024 -4096 0 ) (-768 -4096 0 ) 
6 115 117 (-168.558228 -4096 -8 ) (0 -4096 -8 ) (0 -4538.109375 -8 ) (-28 -4504 -8 ) (-110 -4352 -8 ) (-160 -4188 -8 ) 
4 116 165 (-1024 -5120 -8 ) (-1024 -5120 0 ) (-1024 -4096 0 ) (-1024 -4096 -8 ) 
4 116 135 (-768 -5120 0 ) (-1024 -5120 0 ) (-1024 -5120 -8 ) (-768 -5120 -8 ) 
4 116 117 (-1024 -5120 -8 ) (-1024 -4096 -8 ) (-768 -4096 -8 ) (-768 -5120 -8 ) 
4 117 165 (-1024 -5120 -240 ) (-1024 -5120 -8 ) (-1024 -4096 -8 ) (-1024 -4096 -240 ) 
4 117 140 (0 -5120 -240 ) (0 -5120 -8 ) (-1024 -5120 -8 ) (-1024 -5120 -240 ) 
4 118 123 (1024 -6144 -240 ) (1024 -6144 -8 ) (1024 -5120 -8 ) (1024 -5120 -240 ) 
4 118 121 (1024 -5248 0 ) (1024 -5120 0 ) (1024 -5120 -8 ) (1024 -5248 -8 ) 
4 118 122 (1024 -6144 -8 ) (1024 -6144 0 ) (1024 -5248 0 ) (1024 -5248 -8 ) 
4 118 120 (1024 -6144 0 ) (1024 -6144 624 ) (1024 -5120 624 ) (1024 -5120 0 ) 
4 118 119 (1392 -6144 624 ) (1024 -6144 624 ) (1024 -6144 -240 ) (1392 -6144 -240 ) 
4 119 153 (1392 -7168 624 ) (1024 -7168 624 ) (1024 -7168 -240 ) (1392 -7168 -240 ) 
4 119 141 (1024 -7168 -240 ) (1024 -7168 624 ) (1024 -6144 624 ) (1024 -6144 -240 ) 
4 120 141 (1024 -6144 0 ) (1024 -6144 624 ) (0 -6144 624 ) (0 -6144 0 ) 
4 120 133 (0 -6144 0 ) (0 -6144 8 ) (0 -5120 8 ) (0 -5120 0 ) 
4 120 124 (0 -6144 8 ) (0 -6144 624 ) (0 -5120 624 ) (0 -5120 8 ) 
4 120 121 (704 -5120 0 ) (1024 -5120 0 ) (1024 -5248 0 ) (704 -5248 0 ) 
4 120 122 (0 -6144 0 ) (0 -5248 0 ) (1024 -5248 0 ) (1024 -6144 0 ) 
4 121 123 (704 -5120 -8 ) (1024 -5120 -8 ) (1024 -5248 -8 ) (704 -5248 -8 ) 
4 121 122 (704 -5248 -8 ) (1024 -5248 -8 ) (1024 -5248 0 ) (704 -5248 0 ) 
4 122 141 (1024 -6144 -8 ) (1024 -6144 0 ) (0 -6144 0 ) (0 -6144 -8 ) 
4 122 137 (0 -6144 -8 ) (0 -6144 0 ) (0 -5248 0 ) (0 -5248 -8 ) 
4 122 123 (1024 -6144 -8 ) (0 -6144 -8 ) (0 -5248 -8 ) (1024 -5248 -8 ) 
4 123 141 (1024 -6144 -240 ) (1024 -6144 -8 ) (0 -6144 -8 ) (0 -6144 -240 ) 
4 123 140 (0 -6144 -240 ) (0 -6144 -8 ) (0 -5120 -8 ) (0 -5120 -240 ) 
4 124 171 (-1024 -6144 8 ) (-1024 -6144 624 ) (-1024 -5120 624 ) (-1024 -5120 8 ) 
4 124 142 (-1024 -6144 624 ) (-1024 -6144 8 ) (0 -6144 8 ) (0 -6144 624 ) 
3 124 134 (-676.499939 -6144 8 ) (-732.813232 -6144 8 ) (-604 -5904 8 ) 
5 124 133 (0 -6144 8 ) (-676.499939 -6144 8 ) (-597.321838 -5881.893066 8 ) (-192.700684 -5120 8 ) (0 -5120 8 ) 
4 124 132 (-507.224152 -5712.241211 8 ) (-512.524780 -5722.222168 8 ) (-494.295532 -5540.840332 8 ) (-488 -5520 8 ) 
4 124 131 (-371.770935 -5120 8 ) (-192.700684 -5120 8 ) (-507.224152 -5712.241211 8 ) (-485.721649 -5497.216309 8 ) 
3 124 130 (-512.524780 -5722.222168 8 ) (-597.321899 -5881.893066 8 ) (-494.295532 -5540.840332 8 ) 
3 124 129 (-448 -5120 8 ) (-371.770935 -5120 8 ) (-485.721649 -5497.216309 8 ) 
6 124 128 (-804.491394 -6144 8 ) (-1024 -6144 8 ) (-1024 -5120 8 ) (-512 -5120 8 ) (-550.003113 -5508.031738 8 ) (-663.984375 -5879.970703 8 ) 
4 124 127 (-508 -5120 8 ) (-452 -5120 8 ) (-464.152740 -5240.919434 8 ) (-546 -5508 8 ) 
3 124 126 (-740.903076 -6144 8 ) (-801.209473 -6144 8 ) (-660 -5880 8 ) 
5 124 125 (-736.519775 -6144 8 ) (-740.903076 -6144 8 ) (-464.152740 -5240.919434 8 ) (-492 -5518 8 ) (-608 -5902 8 ) 
4 125 145 (-740.903076 -6144 0 ) (-736.519775 -6144 0 ) (-736.519775 -6144 8 ) (-740.903076 -6144 8 ) 
4 125 127 (-464.154297 -5240.923828 8 ) (-464.154297 -5240.923828 0 ) (-546 -5508 0 ) (-546 -5508 8 ) 
4 125 126 (-660 -5880 0 ) (-740.903198 -6144 0 ) (-740.903198 -6144 8 ) (-660 -5880 8 ) 
4 126 145 (-801.209473 -6144 0 ) (-740.903076 -6144 0 ) (-740.903076 -6144 8 ) (-801.209473 -6144 8 ) 
4 128 171 (-1024 -6144 0 ) (-1024 -6144 8 ) (-1024 -5120 8 ) (-1024 -5120 0 ) 
4 128 147 (-1024 -6144 8 ) (-1024 -6144 0 ) (-804.491394 -6144 0 ) (-804.491394 -6144 8 ) 
6 128 136 (-877.481873 -6144 0 ) (-1024 -6144 0 ) (-1024 -5248 0 ) (-588.320984 -5248 0 ) (-612 -5494 0 ) (-722 -5854 0 ) 
4 128 135 (-1024 -5120 0 ) (-768 -5120 0 ) (-768 -5248 0 ) (-1024 -5248 0 ) 
4 129 131 (-485.721405 -5497.213867 0 ) (-371.771423 -5120 0 ) (-371.769531 -5120 8 ) (-485.721832 -5497.218262 8 ) 
4 130 133 (-597.324829 -5881.902832 0 ) (-512.525330 -5722.227051 0 ) (-512.525391 -5722.227051 8 ) (-597.324768 -5881.902344 8 ) 
4 130 132 (-512.524597 -5722.222168 8 ) (-512.524597 -5722.222168 0 ) (-494.295044 -5540.838379 0 ) (-494.295044 -5540.838379 8 ) 
3 131 139 (-396.427002 -5248 0 ) (-337.939423 -5248 0 ) (-424 -5532 0 ) 
3 131 138 (-260.678070 -5248 0 ) (-440.606689 -5586.801758 0 ) (-337.939423 -5248 0 ) 
4 131 133 (-507.224609 -5712.246094 0 ) (-192.698669 -5120 0 ) (-192.698761 -5120 8 ) (-507.224609 -5712.245605 8 ) 
4 131 132 (-488 -5520 0 ) (-507.224182 -5712.239746 0 ) (-507.224182 -5712.239746 8 ) (-488 -5520 8 ) 
4 132 133 (-512.525330 -5722.227051 0 ) (-507.224609 -5712.246094 0 ) (-507.224609 -5712.245605 8 ) (-512.525391 -5722.227051 8 ) 
4 133 143 (-676.499878 -6144 0 ) (0 -6144 0 ) (0 -6144 8 ) (-676.499939 -6144 8 ) 
4 133 138 (-440.606506 -5586.801270 0 ) (-260.678101 -5248 0 ) (-179.846695 -5248 0 ) (-544 -5928 0 ) 
4 133 137 (0 -5248 0 ) (0 -6144 0 ) (-659.672119 -6144 0 ) (-179.846695 -5248 0 ) 
4 133 134 (-604 -5904 0 ) (-676.499756 -6144 0 ) (-676.500000 -6144 8 ) (-604 -5904 8 ) 
4 134 144 (-732.813232 -6144 0 ) (-700.593506 -6144 0 ) (-700.593384 -6144 8 ) (-732.813232 -6144 8 ) 
4 134 143 (-700.593506 -6144 0 ) (-676.499878 -6144 0 ) (-676.499939 -6144 8 ) (-700.593384 -6144 8 ) 
4 135 171 (-1024 -5248 0 ) (-1024 -5120 0 ) (-1024 -5120 -8 ) (-1024 -5248 -8 ) 
4 135 140 (-1024 -5248 -8 ) (-1024 -5120 -8 ) (-768 -5120 -8 ) (-768 -5248 -8 ) 
4 135 136 (-1024 -5248 -8 ) (-768 -5248 -8 ) (-768 -5248 0 ) (-1024 -5248 0 ) 
4 136 171 (-1024 -6144 -8 ) (-1024 -6144 0 ) (-1024 -5248 0 ) (-1024 -5248 -8 ) 
4 136 148 (-1024 -6144 0 ) (-1024 -6144 -8 ) (-877.481873 -6144 -8 ) (-877.481812 -6144 0 ) 
6 136 140 (-877.481812 -6144 -8 ) (-1024 -6144 -8 ) (-1024 -5248 -8 ) (-588.321045 -5248 -8 ) (-612 -5494 -8 ) (-722 -5854 -8 ) 
4 137 149 (-659.672180 -6144 -8 ) (0 -6144 -8 ) (0 -6144 0 ) (-659.672119 -6144 0 ) 
4 137 140 (0 -6144 -8 ) (-659.672119 -6144 -8 ) (-179.846802 -5248 -8 ) (0 -5248 -8 ) 
4 137 138 (-179.847595 -5248 0 ) (-179.847595 -5248 -8 ) (-544 -5927.998047 -8 ) (-544 -5927.997559 0 ) 
3 138 140 (-337.939392 -5248 -8 ) (-179.846802 -5248 -8 ) (-544 -5928 -8 ) 
4 138 139 (-337.938446 -5248 0 ) (-337.938446 -5248 -8 ) (-424 -5532.003418 -8 ) (-424 -5532.003418 0 ) 
3 139 140 (-396.427002 -5248 -8 ) (-337.939392 -5248 -8 ) (-424 -5532 -8 ) 
4 140 171 (-1024 -6144 -240 ) (-1024 -6144 -8 ) (-1024 -5120 -8 ) (-1024 -5120 -240 ) 
4 140 152 (-1024 -6144 -8 ) (-1024 -6144 -240 ) (0 -6144 -240 ) (0 -6144 -8 ) 
4 141 154 (1024 -7168 -240 ) (1024 -7168 624 ) (0 -7168 624 ) (0 -7168 -240 ) 
4 141 152 (0 -6144 -8 ) (0 -6144 -240 ) (0 -7168 -240 ) (0 -7168 -8 ) 
4 141 149 (0 -6144 0 ) (0 -6144 -8 ) (0 -7168 -8 ) (0 -7168 0 ) 
4 141 143 (0 -6144 8 ) (0 -6144 0 ) (0 -7168 0 ) (0 -7168 8 ) 
4 141 142 (0 -6144 624 ) (0 -6144 8 ) (0 -7168 8 ) (0 -7168 624 ) 
4 142 173 (-1024 -7168 8 ) (-1024 -7168 624 ) (-1024 -6144 624 ) (-1024 -6144 8 ) 
4 142 155 (-1024 -7168 624 ) (-1024 -7168 8 ) (0 -7168 8 ) (0 -7168 624 ) 
4 142 147 (-1024 -6437.322266 8 ) (-1024 -6144 8 ) (-804.491455 -6144 8 ) (-846 -6222 8 ) 
4 142 146 (-1024 -6534.267578 8 ) (-1024 -6444.975586 8 ) (-844 -6224 8 ) (-983.552673 -6484.902832 8 ) 
4 142 145 (-801.209290 -6144 8 ) (-736.519958 -6144 8 ) (-796 -6256 8 ) (-983.552673 -6484.902832 8 ) 
3 142 144 (-732.813538 -6144 8 ) (-700.593506 -6144 8 ) (-794 -6258 8 ) 
5 142 143 (0 -7168 8 ) (-1024 -7168 8 ) (-1024 -6538.708496 8 ) (-700.593506 -6144 8 ) (0 -6144 8 ) 
4 143 186 (-1024 -7168 0 ) (-1024 -7168 8 ) (-1024 -6799.562012 8 ) (-1024 -6799.562012 0 ) 
4 143 184 (-1024 -6799.562012 8 ) (-1024 -6641.559082 8 ) (-1024 -6641.559082 0 ) (-1024 -6799.562012 0 ) 
4 143 182 (-1024 -6548.335449 8 ) (-1024 -6544.695801 8 ) (-1024 -6544.695801 0 ) (-1024 -6548.335449 0 ) 
4 143 181 (-1024 -6641.559082 8 ) (-1024 -6548.335449 8 ) (-1024 -6548.335449 0 ) (-1024 -6641.559082 0 ) 
4 143 175 (-1024 -6544.695801 8 ) (-1024 -6538.708496 8 ) (-1024 -6538.708496 0 ) (-1024 -6544.695801 0 ) 
4 143 155 (-1024 -7168 8 ) (-1024 -7168 0 ) (0 -7168 0 ) (0 -7168 8 ) 
3 143 151 (-1024 -6640.870117 0 ) (-1024 -6632.012695 0 ) (-1002 -6614 0 ) 
3 143 150 (-1024 -6824.326660 0 ) (-1024 -6640.870117 0 ) (-740 -6294 0 ) 
5 143 149 (0 -6144 0 ) (0 -7168 0 ) (-1024 -7168 0 ) (-1024 -6824.326660 0 ) (-659.671936 -6144 0 ) 
4 143 144 (-700.593262 -6144 0 ) (-794 -6258 0 ) (-794.006287 -6258.011719 8 ) (-700.590088 -6144 8 ) 
4 145 146 (-844.002808 -6224.003418 0 ) (-983.549316 -6484.898926 0 ) (-983.549011 -6484.898438 8 ) (-843.996338 -6223.995605 8 ) 
4 146 176 (-1024 -6534.267578 8 ) (-1024 -6444.975586 8 ) (-1024 -6444.975586 0 ) (-1024 -6534.267578 0 ) 
4 147 179 (-1024 -6437.322266 8 ) (-1024 -6144 8 ) (-1024 -6144 0 ) (-1024 -6437.322266 0 ) 
4 147 148 (-1024 -6338.134277 0 ) (-1024 -6144 0 ) (-877.482056 -6144 0 ) (-900 -6186 0 ) 
4 148 188 (-1024 -6338.134277 0 ) (-1024 -6144 0 ) (-1024 -6144 -8 ) (-1024 -6338.134277 -8 ) 
4 148 152 (-1024 -6338.134277 -8 ) (-1024 -6144 -8 ) (-877.481995 -6144 -8 ) (-900 -6186 -8 ) 
4 149 190 (-1024 -6870.788086 0 ) (-1024 -6824.327148 0 ) (-1024 -6824.327148 -8 ) (-1024 -6870.788086 -8 ) 
4 149 189 (-1024 -7168 -8 ) (-1024 -7168 0 ) (-1024 -6870.788086 0 ) (-1024 -6870.788086 -8 ) 
4 149 155 (-1024 -7168 0 ) (-1024 -7168 -8 ) (0 -7168 -8 ) (0 -7168 0 ) 
5 149 152 (0 -7168 -8 ) (-1024 -7168 -8 ) (-1024 -6824.327148 -8 ) (-659.671997 -6144 -8 ) (0 -6144 -8 ) 
4 149 150 (-739.998596 -6293.998535 -8 ) (-1024 -6824.327637 -8 ) (-1024 -6824.328125 0 ) (-739.994263 -6293.992676 0 ) 
4 150 190 (-1024 -6824.327148 0 ) (-1024 -6640.870117 0 ) (-1024 -6640.870117 -8 ) (-1024 -6824.327148 -8 ) 
3 150 152 (-1024 -6824.327148 -8 ) (-1024 -6640.870117 -8 ) (-740 -6294 -8 ) 
4 150 151 (-1002.008057 -6614.006836 -8 ) (-1024 -6640.867188 -8 ) (-1024 -6640.867188 0 ) (-1002.008057 -6614.006836 0 ) 
4 151 190 (-1024 -6640.870117 0 ) (-1024 -6632.012695 0 ) (-1024 -6632.012695 -8 ) (-1024 -6640.870117 -8 ) 
3 151 152 (-1024 -6640.870117 -8 ) (-1024 -6632.012695 -8 ) (-1002 -6614 -8 ) 
4 152 192 (-1024 -7168 -240 ) (-1024 -7168 -8 ) (-1024 -6144 -8 ) (-1024 -6144 -240 ) 
4 152 155 (-1024 -7168 -8 ) (-1024 -7168 -240 ) (0 -7168 -240 ) (0 -7168 -8 ) 
4 153 154 (1024 -7168 624 ) (1024 -7168 -240 ) (1024 -8176 -240 ) (1024 -8176 624 ) 
4 154 155 (0 -7168 624 ) (0 -7168 -240 ) (0 -8176 -240 ) (0 -8176 624 ) 
4 155 206 (-1024 -7168 0 ) (-1024 -7168 -8 ) (-1024 -8176 -8 ) (-1024 -8176 0 ) 
4 155 205 (-1024 -8176 624 ) (-1024 -7168 624 ) (-1024 -7168 0 ) (-1024 -8176 0 ) 
4 155 207 (-1024 -7168 -8 ) (-1024 -7168 -240 ) (-1024 -8176 -240 ) (-1024 -8176 -8 ) 
4 156 160 (-1024 -3072 384 ) (-1024 -3072 624 ) (-1040 -3072 624 ) (-1040 -3072 384 ) 
4 156 158 (-1040 -3072 384 ) (-1040 -3072 624 ) (-1040 -2048 624 ) (-1040 -2048 384 ) 
4 157 161 (-1024 -3072 -240 ) (-1024 -3072 0 ) (-1040 -3072 0 ) (-1040 -3072 -240 ) 
4 157 158 (-1040 -3072 -240 ) (-1040 -3072 0 ) (-1040 -2048 0 ) (-1040 -2048 -240 ) 
4 158 162 (-1040 -3072 -240 ) (-1040 -3072 624 ) (-2048 -3072 624 ) (-2048 -3072 -240 ) 
4 158 159 (-2048 -2048 624 ) (-2048 -2048 -240 ) (-2048 -3072 -240 ) (-2048 -3072 624 ) 
4 159 168 (-3072 -2048 624 ) (-3072 -2048 -240 ) (-3072 -3072 -240 ) (-3072 -3072 624 ) 
4 159 163 (-2048 -3072 -240 ) (-2048 -3072 624 ) (-3072 -3072 624 ) (-3072 -3072 -240 ) 
4 160 164 (-1024 -4096 384 ) (-1024 -4096 624 ) (-1040 -4096 624 ) (-1040 -4096 384 ) 
4 160 162 (-1040 -3072 624 ) (-1040 -3072 384 ) (-1040 -4096 384 ) (-1040 -4096 624 ) 
4 161 165 (-1024 -4096 -240 ) (-1024 -4096 0 ) (-1040 -4096 0 ) (-1040 -4096 -240 ) 
4 161 162 (-1040 -3072 0 ) (-1040 -3072 -240 ) (-1040 -4096 -240 ) (-1040 -4096 0 ) 
4 162 166 (-1040 -4096 -240 ) (-1040 -4096 624 ) (-2048 -4096 624 ) (-2048 -4096 -240 ) 
4 162 163 (-2048 -4096 -240 ) (-2048 -4096 624 ) (-2048 -3072 624 ) (-2048 -3072 -240 ) 
4 163 169 (-3072 -4096 -240 ) (-3072 -4096 624 ) (-3072 -3072 624 ) (-3072 -3072 -240 ) 
4 163 167 (-3072 -4096 624 ) (-3072 -4096 -240 ) (-2048 -4096 -240 ) (-2048 -4096 624 ) 
4 164 171 (-1024 -5120 384 ) (-1024 -5120 624 ) (-1040 -5120 624 ) (-1040 -5120 384 ) 
4 164 166 (-1040 -5120 384 ) (-1040 -5120 624 ) (-1040 -4096 624 ) (-1040 -4096 384 ) 
4 165 171 (-1024 -5120 -240 ) (-1024 -5120 0 ) (-1040 -5120 0 ) (-1040 -5120 -240 ) 
4 165 166 (-1040 -5120 -240 ) (-1040 -5120 0 ) (-1040 -4096 0 ) (-1040 -4096 -240 ) 
4 166 171 (-1040 -5120 -240 ) (-1040 -5120 624 ) (-2048 -5120 624 ) (-2048 -5120 -240 ) 
4 166 167 (-2048 -4096 624 ) (-2048 -4096 -240 ) (-2048 -5120 -240 ) (-2048 -5120 624 ) 
4 167 172 (-2048 -5120 -240 ) (-2048 -5120 624 ) (-3072 -5120 624 ) (-3072 -5120 -240 ) 
4 167 170 (-3072 -5120 -240 ) (-3072 -5120 624 ) (-3072 -4096 624 ) (-3072 -4096 -240 ) 
4 168 169 (-3072 -3072 -240 ) (-3072 -3072 624 ) (-3568 -3072 624 ) (-3568 -3072 -240 ) 
4 169 170 (-3072 -4096 -240 ) (-3072 -4096 624 ) (-3568 -4096 624 ) (-3568 -4096 -240 ) 
4 170 203 (-3072 -5120 -240 ) (-3072 -5120 624 ) (-3568 -5120 624 ) (-3568 -5120 -240 ) 
4 171 192 (-1024 -6144 -240 ) (-1024 -6144 -8 ) (-2048 -6144 -8 ) (-2048 -6144 -240 ) 
4 171 188 (-1024 -6144 -8 ) (-1024 -6144 0 ) (-2048 -6144 0 ) (-2048 -6144 -8 ) 
4 171 179 (-1024 -6144 0 ) (-1024 -6144 8 ) (-2048 -6144 8 ) (-2048 -6144 0 ) 
4 171 173 (-1024 -6144 8 ) (-1024 -6144 624 ) (-2048 -6144 624 ) (-2048 -6144 8 ) 
4 171 172 (-2048 -6144 -240 ) (-2048 -6144 624 ) (-2048 -5120 624 ) (-2048 -5120 -240 ) 
4 172 203 (-3072 -6144 -240 ) (-3072 -6144 624 ) (-3072 -5120 624 ) (-3072 -5120 -240 ) 
4 172 202 (-2048 -6144 -240 ) (-2048 -6144 -8 ) (-3072 -6144 -8 ) (-3072 -6144 -240 ) 
4 172 200 (-2048 -6144 -8 ) (-2048 -6144 0 ) (-2496 -6144 0 ) (-2496 -6144 -8 ) 
4 172 201 (-2496 -6144 0 ) (-3072 -6144 0 ) (-3072 -6144 -8 ) (-2496 -6144 -8 ) 
4 172 198 (-2048 -6144 0 ) (-2048 -6144 8 ) (-2496 -6144 8 ) (-2496 -6144 0 ) 
4 172 199 (-2496 -6144 8 ) (-3072 -6144 8 ) (-3072 -6144 0 ) (-2496 -6144 0 ) 
4 172 193 (-2048 -6144 8 ) (-2048 -6144 624 ) (-3072 -6144 624 ) (-3072 -6144 8 ) 
4 173 205 (-1024 -7168 8 ) (-1024 -7168 624 ) (-2048 -7168 624 ) (-2048 -7168 8 ) 
4 173 193 (-2048 -6144 624 ) (-2048 -6144 8 ) (-2048 -7168 8 ) (-2048 -7168 624 ) 
4 173 187 (-2048 -7168 8 ) (-2048 -7113.499512 8 ) (-1711.997437 -7011.998535 8 ) (-2002.652588 -7168 8 ) 
4 173 186 (-1692.374023 -7001.466309 8 ) (-1024 -6799.562012 8 ) (-1024 -7168 8 ) (-2002.652588 -7168 8 ) 
3 173 185 (-1509.675537 -6946.276367 8 ) (-1692.374512 -7001.466309 8 ) (-1358 -6822 8 ) 
4 173 184 (-1024 -6641.559082 8 ) (-1024 -6799.562012 8 ) (-1509.675537 -6946.276367 8 ) (-1347.377197 -6813.296387 8 ) 
4 173 183 (-1718.489380 -6946.633789 8 ) (-1434.677246 -6859.658691 8 ) (-1452.486084 -6869.116699 8 ) (-1736 -6956 8 ) 
4 173 182 (-1024 -6544.695801 8 ) (-1024 -6548.335449 8 ) (-1048 -6568 8 ) (-1038.926758 -6556.926270 8 ) 
4 173 181 (-1024 -6548.335449 8 ) (-1024 -6641.559082 8 ) (-1179.630859 -6724.210449 8 ) (-1059.072876 -6577.072754 8 ) 
3 173 180 (-1179.630859 -6724.210449 8 ) (-1347.376221 -6813.295410 8 ) (-1059.072876 -6577.072754 8 ) 
7 173 179 (-2048 -7047.612793 8 ) (-2048 -6144 8 ) (-1024 -6144 8 ) (-1024 -6437.322266 8 ) (-1094 -6522 8 ) (-1393.997681 -6769.998047 8 ) (-1736 -6952 8 ) 
3 173 178 (-1089.998413 -6525.998047 8 ) (-1211.925415 -6675.681152 8 ) (-1392.001221 -6772 8 ) 
5 173 177 (-1211.925415 -6675.681152 8 ) (-1268.240356 -6744.815918 8 ) (-1360 -6820 8 ) (-1434.677246 -6859.658691 8 ) (-1718.487671 -6946.632812 8 ) 
4 173 176 (-1024 -6444.975586 8 ) (-1024 -6534.267578 8 ) (-1049.998657 -6565.998047 8 ) (-1268.240356 -6744.815918 8 ) 
3 173 175 (-1024 -6538.708496 8 ) (-1024 -6544.695801 8 ) (-1038.926758 -6556.926270 8 ) 
4 173 174 (-2048 -7108.895020 8 ) (-2048 -7051.612793 8 ) (-1452.486084 -6869.116699 8 ) (-1713.996704 -7007.998047 8 ) 
4 174 197 (-2048 -7051.612793 0 ) (-2048 -7064.123535 0 ) (-2048 -7064.123535 8 ) (-2048 -7051.612793 8 ) 
4 174 196 (-2048 -7064.123535 0 ) (-2048 -7108.895020 0 ) (-2048 -7108.895020 8 ) (-2048 -7064.123535 8 ) 
4 174 183 (-1452.490234 -6869.117188 8 ) (-1452.490234 -6869.117188 0 ) (-1735.996338 -6955.998047 0 ) (-1735.996338 -6955.998047 8 ) 
4 175 182 (-1038.920898 -6556.918945 0 ) (-1024 -6544.693359 0 ) (-1024 -6544.695312 8 ) (-1038.924561 -6556.923828 8 ) 
4 176 178 (-1089.991821 -6525.993652 0 ) (-1211.920898 -6675.678711 0 ) (-1211.920898 -6675.678711 8 ) (-1089.991821 -6525.993652 8 ) 
4 176 177 (-1211.920898 -6675.678711 0 ) (-1268.238281 -6744.816406 0 ) (-1268.238281 -6744.816406 8 ) (-1211.920898 -6675.678711 8 ) 
4 177 183 (-1718.486450 -6946.631836 0 ) (-1434.671875 -6859.656738 0 ) (-1434.671875 -6859.656738 8 ) (-1718.487549 -6946.632812 8 ) 
4 177 178 (-1211.927734 -6675.683594 8 ) (-1211.927734 -6675.683594 0 ) (-1392.005859 -6772.004395 0 ) (-1392.005859 -6772.004395 8 ) 
4 179 198 (-2048 -6144 8 ) (-2048 -6144 0 ) (-2048 -7047.613281 0 ) (-2048 -7047.612793 8 ) 
7 179 188 (-2048 -6981.388672 0 ) (-2048 -6144 0 ) (-1024 -6144 0 ) (-1024 -6338.134277 0 ) (-1138 -6478 0 ) (-1430.001221 -6716 0 ) (-1761.998779 -6894 0 ) 
4 180 184 (-1347.367920 -6813.288086 0 ) (-1179.626465 -6724.205078 0 ) (-1179.625366 -6724.203613 8 ) (-1347.362427 -6813.284668 8 ) 
4 180 181 (-1179.622925 -6724.206055 8 ) (-1179.622925 -6724.206055 0 ) (-1059.059204 -6577.061523 0 ) (-1059.059204 -6577.061523 8 ) 
3 181 190 (-1024 -6632.012207 0 ) (-1024 -6641.559082 0 ) (-1057.185547 -6659.183105 0 ) 
4 181 184 (-1179.626465 -6724.205078 0 ) (-1024 -6641.556152 0 ) (-1024 -6641.555176 8 ) (-1179.625366 -6724.203613 8 ) 
4 181 182 (-1024 -6548.335938 0 ) (-1048.004272 -6568.004883 0 ) (-1048.005493 -6568.006348 8 ) (-1024 -6548.337402 8 ) 
3 184 191 (-1348.289795 -6897.524414 0 ) (-1380.184937 -6907.159180 0 ) (-1322.002319 -6876.001465 0 ) 
4 184 190 (-1024 -6641.559082 0 ) (-1024 -6799.562012 0 ) (-1348.289795 -6897.524414 0 ) (-1057.185547 -6659.183105 0 ) 
4 184 186 (-1509.679077 -6946.278809 0 ) (-1024 -6799.563477 0 ) (-1024 -6799.562500 8 ) (-1509.676636 -6946.277344 8 ) 
4 184 185 (-1357.992554 -6821.996582 0 ) (-1509.671875 -6946.274414 0 ) (-1509.671875 -6946.274414 8 ) (-1357.992554 -6821.996582 8 ) 
4 185 186 (-1692.380981 -7001.470215 0 ) (-1509.679077 -6946.278809 0 ) (-1509.676636 -6946.277344 8 ) (-1692.376343 -7001.467773 8 ) 
4 186 205 (-1024 -7168 0 ) (-1024 -7168 8 ) (-2002.652588 -7168 8 ) (-2002.652588 -7168 0 ) 
4 186 191 (-1380.186401 -6907.160156 0 ) (-1348.289307 -6897.524414 0 ) (-1486.994385 -7011.089355 0 ) (-1688 -7072 0 ) 
4 186 190 (-1348.289307 -6897.524414 0 ) (-1024 -6799.562012 0 ) (-1024 -6870.788086 0 ) (-1486.994385 -7011.089355 0 ) 
4 186 189 (-1024 -7168 0 ) (-2002.652588 -7168 0 ) (-1999.868896 -7166.505859 0 ) (-1024 -6870.788086 0 ) 
4 186 187 (-1711.997925 -7011.998535 0 ) (-2002.652832 -7168 0 ) (-2002.651245 -7168 8 ) (-1711.997681 -7011.998535 8 ) 
4 187 205 (-2002.652588 -7168 8 ) (-2048 -7168 8 ) (-2048 -7168 0 ) (-2002.652588 -7168 0 ) 
4 187 194 (-2048 -7113.499512 0 ) (-2048 -7168 0 ) (-2048 -7168 8 ) (-2048 -7113.499512 8 ) 
3 187 189 (-2002.652588 -7168 0 ) (-2004.799316 -7168 0 ) (-1999.868896 -7166.505859 0 ) 
4 188 200 (-2048 -6144 0 ) (-2048 -6144 -8 ) (-2048 -6981.388672 -8 ) (-2048 -6981.388672 0 ) 
7 188 192 (-2048 -6981.388672 -8 ) (-2048 -6144 -8 ) (-1024 -6144 -8 ) (-1024 -6338.134277 -8 ) (-1138 -6478 -8 ) (-1430 -6716 -8 ) (-1762 -6894 -8 ) 
4 189 206 (-1024 -7168 -8 ) (-1024 -7168 0 ) (-2004.799927 -7168 0 ) (-2004.799927 -7168 -8 ) 
3 189 192 (-1024 -6870.788086 -8 ) (-1024 -7168 -8 ) (-2004.799927 -7168 -8 ) 
4 189 191 (-1486.990967 -7011.086426 -8 ) (-1687.991577 -7071.995605 -8 ) (-1687.997803 -7072 0 ) (-1486.993408 -7011.088379 0 ) 
4 189 190 (-1024 -6870.786133 -8 ) (-1486.990967 -7011.086426 -8 ) (-1486.993408 -7011.088379 0 ) (-1024 -6870.787109 0 ) 
3 190 192 (-1024 -6632.012695 -8 ) (-1024 -6870.788086 -8 ) (-1486.994263 -7011.089355 -8 ) 
4 190 191 (-1322.001465 -6876 -8 ) (-1486.998047 -7011.091797 -8 ) (-1486.998047 -7011.091797 0 ) (-1322.001465 -6876 0 ) 
3 191 192 (-1322 -6876 -8 ) (-1486.994263 -7011.089355 -8 ) (-1688 -7072 -8 ) 
4 192 207 (-1024 -7168 -240 ) (-1024 -7168 -8 ) (-2048 -7168 -8 ) (-2048 -7168 -240 ) 
4 192 202 (-2048 -6144 -8 ) (-2048 -6144 -240 ) (-2048 -7168 -240 ) (-2048 -7168 -8 ) 
4 193 208 (-2048 -7168 8 ) (-2048 -7168 624 ) (-3072 -7168 624 ) (-3072 -7168 8 ) 
4 193 204 (-3072 -7168 8 ) (-3072 -7168 624 ) (-3072 -6144 624 ) (-3072 -6144 8 ) 
5 193 198 (-2496 -7104 8 ) (-2496 -6144 8 ) (-2048 -6144 8 ) (-2048 -7047.612305 8 ) (-2108 -7066 8 ) 
3 193 197 (-2048 -7051.613281 8 ) (-2048 -7064.123535 8 ) (-2107.998779 -7070 8 ) 
5 193 196 (-2496 -7164 8 ) (-2496 -7108 8 ) (-2048 -7064.123535 8 ) (-2048 -7108.895508 8 ) (-2098 -7124 8 ) 
3 193 195 (-2228.416016 -7168 8 ) (-2496 -7168 8 ) (-2096.002197 -7128 8 ) 
3 193 194 (-2048 -7168 8 ) (-2228.416016 -7168 8 ) (-2048 -7113.499023 8 ) 
4 193 199 (-2496 -7168 8 ) (-3072 -7168 8 ) (-3072 -6144 8 ) (-2496 -6144 8 ) 
4 194 208 (-2048 -7168 0 ) (-2048 -7168 8 ) (-2228.416016 -7168 8 ) (-2228.416016 -7168 0 ) 
4 194 195 (-2096.004639 -7128 0 ) (-2228.418457 -7168 0 ) (-2228.418457 -7168 8 ) (-2096.004639 -7128 8 ) 
4 195 208 (-2228.416016 -7168 8 ) (-2496 -7168 8 ) (-2496 -7168 0 ) (-2228.416016 -7168 0 ) 
4 196 197 (-2048 -7064.123047 0 ) (-2107.998291 -7070 0 ) (-2107.998291 -7070 8 ) (-2048 -7064.123047 8 ) 
4 196 199 (-2496 -7108 0 ) (-2496 -7164 0 ) (-2496 -7164 8 ) (-2496 -7108 8 ) 
5 198 200 (-2048 -6144 0 ) (-2048 -6981.388672 0 ) (-2122.001221 -7004 0 ) (-2496 -7040 0 ) (-2496 -6144 0 ) 
4 198 199 (-2496 -6144 0 ) (-2496 -7104 0 ) (-2496 -7104 8 ) (-2496 -6144 8 ) 
4 199 208 (-2496 -7168 8 ) (-3072 -7168 8 ) (-3072 -7168 0 ) (-2496 -7168 0 ) 
4 199 204 (-3072 -7168 0 ) (-3072 -7168 8 ) (-3072 -6144 8 ) (-3072 -6144 0 ) 
4 199 201 (-2496 -7168 0 ) (-3072 -7168 0 ) (-3072 -6144 0 ) (-2496 -6144 0 ) 
5 200 202 (-2496 -7040 -8 ) (-2496 -6144 -8 ) (-2048 -6144 -8 ) (-2048 -6981.388672 -8 ) (-2122 -7004 -8 ) 
4 200 201 (-2496 -6144 -8 ) (-2496 -7040 -8 ) (-2496 -7040 0 ) (-2496 -6144 0 ) 
4 201 211 (-2496 -7168 0 ) (-3072 -7168 0 ) (-3072 -7168 -8 ) (-2496 -7168 -8 ) 
4 201 204 (-3072 -7168 -8 ) (-3072 -7168 0 ) (-3072 -6144 0 ) (-3072 -6144 -8 ) 
4 201 202 (-2496 -7168 -8 ) (-3072 -7168 -8 ) (-3072 -6144 -8 ) (-2496 -6144 -8 ) 
4 202 212 (-2048 -7168 -240 ) (-2048 -7168 -8 ) (-3072 -7168 -8 ) (-3072 -7168 -240 ) 
4 202 204 (-3072 -7168 -240 ) (-3072 -7168 -8 ) (-3072 -6144 -8 ) (-3072 -6144 -240 ) 
4 203 204 (-3072 -6144 -240 ) (-3072 -6144 624 ) (-3568 -6144 624 ) (-3568 -6144 -240 ) 
4 204 213 (-3072 -7168 -240 ) (-3072 -7168 624 ) (-3568 -7168 624 ) (-3568 -7168 -240 ) 
4 205 208 (-2048 -7168 624 ) (-2048 -7168 0 ) (-2048 -8176 0 ) (-2048 -8176 624 ) 
5 205 206 (-1024 -8176 0 ) (-2048 -8176 0 ) (-2048 -7181.090820 0 ) (-2004.799927 -7168 0 ) (-1024 -7168 0 ) 
4 206 210 (-2048 -7181.090820 -8 ) (-2048 -7188.504395 -8 ) (-2048 -7188.504395 0 ) (-2048 -7181.090820 0 ) 
4 206 209 (-2048 -7188.504395 -8 ) (-2048 -8176 -8 ) (-2048 -8176 0 ) (-2048 -7188.504395 0 ) 
5 206 207 (-1024 -8176 -8 ) (-2048 -8176 -8 ) (-2048 -7181.090820 -8 ) (-2004.799927 -7168 -8 ) (-1024 -7168 -8 ) 
4 207 212 (-2048 -7168 -8 ) (-2048 -7168 -240 ) (-2048 -8176 -240 ) (-2048 -8176 -8 ) 
4 208 213 (-3072 -7168 624 ) (-3072 -7168 0 ) (-3072 -8176 0 ) (-3072 -8176 624 ) 
3 208 210 (-2048 -7181.090820 0 ) (-2048 -7188.504883 0 ) (-2084.001709 -7192 0 ) 
4 208 209 (-2048 -8176 0 ) (-2496 -8176 0 ) (-2496 -7232 0 ) (-2048 -7188.504883 0 ) 
4 208 211 (-2496 -8176 0 ) (-3072 -8176 0 ) (-3072 -7168 0 ) (-2496 -7168 0 ) 
4 209 210 (-2048 -7188.505859 -8 ) (-2084.006592 -7192.001465 -8 ) (-2084.006592 -7192.001465 0 ) (-2048 -7188.505859 0 ) 
4 209 211 (-2496 -7232 -8 ) (-2496 -8176 -8 ) (-2496 -8176 0 ) (-2496 -7232 0 ) 
4 209 212 (-2048 -8176 -8 ) (-2496 -8176 -8 ) (-2496 -7232 -8 ) (-2048 -7188.504883 -8 ) 
3 210 212 (-2048 -7181.090820 -8 ) (-2048 -7188.504883 -8 ) (-2084.001709 -7192 -8 ) 
4 211 213 (-3072 -7168 0 ) (-3072 -7168 -8 ) (-3072 -8176 -8 ) (-3072 -8176 0 ) 
4 211 212 (-2496 -8176 -8 ) (-3072 -8176 -8 ) (-3072 -7168 -8 ) (-2496 -7168 -8 ) 
4 212 213 (-3072 -7168 -8 ) (-3072 -7168 -240 ) (-3072 -8176 -240 ) (-3072 -8176 -8 ) 
