


materialPath: D:\steam\steamapps\sourcemods\entropyzero2-addonworkspace\materials
Loading d:\steam\steamapps\sourcemods\entropyzero2-addonworkspace\mapsrc\intro.vmf
fixing up env_cubemap materials on brush sides...
0...1...2...3...4...5...6...7...8...9...100...1...2...3...4...5...6...7...8...9...10Processing areas...done (0)
Building Faces...done (0)
Chop Details...done (0)
Find Visible Detail Sides...
Merged 68 detail faces...done (0)
Merging details...done (0)
FixTjuncs...
PruneNodes...
WriteBSP...
done (0)
writing d:\steam\steamapps\sourcemods\entropyzero2-addonworkspace\mapsrc\intro.prt...Building visibility clusters...
done (0)
Finding displacement neighbors...
Finding lightmap sample positions...
Displacement Alpha : 0...1...2...3...4...5...6...7...8...9...10
Building Physics collision data...
done (0) (80966 bytes)
Placing static props...
Error! To use model "models/props_trainstation/passengercar001.mdl"
      with prop_static, it must be compiled with $staticprop!
Error loading studio model "models/props_trainstation/passengercar001.mdl"!
Placing detail props : 0...1...2...3...4...5...6...7...8...9...10
Compacting texture/material tables...
Reduced 93 texinfos to 63
Reduced 9 texdatas to 9 (235 bytes to 235)
Writing d:\steam\steamapps\sourcemods\entropyzero2-addonworkspace\mapsrc\intro.bsp
0 seconds elapsed



12 threads
reading d:\steam\steamapps\sourcemods\entropyzero2-addonworkspace\mapsrc\intro.bsp
reading d:\steam\steamapps\sourcemods\entropyzero2-addonworkspace\mapsrc\intro.prt
  44 portalclusters
  65 numportals
0...1...2...3...4...5...6...7...8...9...10Optimized: 0 visible clusters (0.00%)
Total clusters visible: 1704
Average clusters visible: 38
Building PAS...
Average clusters audible: 44
visdatasize:884  compressed from 704
writing d:\steam\steamapps\sourcemods\entropyzero2-addonworkspace\mapsrc\intro.bsp
0 seconds elapsed



[Reading texlights from 'lights.rad']
[48 texlights parsed from 'lights.rad']

Loading d:\steam\steamapps\sourcemods\entropyzero2-addonworkspace\mapsrc\intro.bsp
784 faces
66631 square feet [9594887.00 square inches]
0 Displacements
0 Square Feet [0.00 Square Inches]
784 patches before subdivision
9806 patches after subdivision
2 direct lights
0...1...2...3...4...5...6...7...8...9...100...1...2...3...4...5...6...7...8...9...10transfers 1642319, max 567
transfer lists:  12.5 megs
0...1...2...3...4...5...6...7...8...9...10	Bounce #1 added RGB(343, 330, 281)
0...1...2...3...4...5...6...7...8...9...10	Bounce #2 added RGB(58, 54, 39)
Build Patch/Sample Hash Table(s).....Done<0.0014 sec>
0...1...2...3...4...5...6...7...8...9...10FinalLightFace Done
0 of 0 (0% of) surface lights went in leaf ambient cubes.
0...1...2...3...4...5...6...7...8...9...10Writing leaf ambient...done
Ready to Finish

Object names       Objects/Maxobjs  Memory / Maxmem  Fullness 
------------       ---------------  ---------------  -------- 
models                   1/1024           48/49152    ( 0.1%) 
brushes                235/8192         2820/98304    ( 2.9%) 
brushsides            1814/65536       14512/524288   ( 2.8%) 
planes                 388/65536        7760/1310720  ( 0.6%) 
vertexes              1107/65536       13284/786432   ( 1.7%) 
nodes                  153/65536        4896/2097152  ( 0.2%) 
texinfos                63/12288        4536/884736   ( 0.5%) 
texdata                  9/2048          288/65536    ( 0.4%) 
dispinfos                0/0               0/0        ( 0.0%) 
disp_verts               0/0               0/0        ( 0.0%) 
disp_tris                0/0               0/0        ( 0.0%) 
disp_lmsamples           0/0               0/0        ( 0.0%) 
faces                  784/65536       43904/3670016  ( 1.2%) 
hdr faces                0/65536           0/3670016  ( 0.0%) 
origfaces              545/65536       30520/3670016  ( 0.8%) 
leaves                 155/65536        4960/2097152  ( 0.2%) 
leaffaces             1038/65536        2076/131072   ( 1.6%) 
leafbrushes            415/65536         830/131072   ( 0.6%) 
areas                    2/256            16/2048     ( 0.8%) 
surfedges             5851/512000      23404/2048000  ( 1.1%) 
edges                 3579/256000      14316/1024000  ( 1.4%) 
LDR worldlights          2/65536         176/5767168  ( 0.0%) 
HDR worldlights          0/65536           0/5767168  ( 0.0%) 
leafwaterdata            0/32768           0/393216   ( 0.0%) 
waterstrips            100/32768        1000/327680   ( 0.3%) 
waterverts               0/65536           0/786432   ( 0.0%) 
waterindices          1842/65536        3684/131072   ( 2.8%) 
cubemapsamples           0/1024            0/16384    ( 0.0%) 
overlays                 0/8192            0/2883584  ( 0.0%) 
LDR lightdata         [variable]      219740/0        ( 0.0%) 
HDR lightdata         [variable]           0/0        ( 0.0%) 
visdata               [variable]         884/16777216 ( 0.0%) 
entdata               [variable]         646/393216   ( 0.2%) 
LDR ambient table      155/65536         620/262144   ( 0.2%) 
HDR ambient table      155/65536         620/262144   ( 0.2%) 
LDR leaf ambient       165/65536        4620/1835008  ( 0.3%) 
HDR leaf ambient       155/65536        4340/1835008  ( 0.2%) 
occluders                0/0               0/0        ( 0.0%) 
occluder polygons        0/0               0/0        ( 0.0%) 
occluder vert ind        0/0               0/0        ( 0.0%) 
detail props          [variable]           1/12       ( 8.3%) 
static props          [variable]           1/206      ( 0.5%) 
pakfile               [variable]          54/0        ( 0.0%) 
physics               [variable]       80966/4194304  ( 1.9%) 
physics terrain       [variable]           2/1048576  ( 0.0%) 

Level flags = 0

Total triangle count: 2133
Writing d:\steam\steamapps\sourcemods\entropyzero2-addonworkspace\mapsrc\intro.bsp
0 seconds elapsed
